The following modules were not unloaded:
  (Use "module --force purge" to unload all):

  1) StdEnv/2018.3     4) gcccore/.7.3.0      7) intel/2018.3
  2) nixpkgs/16.09     5) icc/.2018.3.222     8) openmpi/3.1.2
  3) imkl/2018.3.222   6) ifort/.2018.3.222

Due to MODULEPATH changes, the following have been reloaded:
  1) openmpi/3.1.2

Attention: While Conda works well in a desktop environment, it tends to create more problems than it solves on a cluster. Instead, we recommend that users use virtual environments and the binary packages that we provide through Python wheels as documented on the Python page.
/home/rdali/RL/watch_and_learn/dependency/rl-starter-files/scripts/train_agent_multidem.py --env MiniGrid-LavaCrossingAddictO8S15-v0 --algo ppo --nameDemonstrator LavaCrossing1508Addict1,LavaCrossing1508Addict2,LavaCrossing1508Addict3,LavaCrossing1508Addict4,LavaCrossing1508Addict10,LavaCrossing1508Addict11,LavaCrossing1508Addict12,LavaCrossing1508Addict13 --flat-model 0 --KLweight 0.001 --useKL 1 --meanReward 0.80 --rewardLB 0.70 --seed 8993

Namespace(KLweight=0.001, algo='ppo', batch_size=256, clip_eps=0.2, discount=0.99, entropy_coef=0.01, env='MiniGrid-LavaCrossingAddictO8S15-v0', epochs=4, flat_model=0, frames=10000000, frames_per_proc=None, full_obs=0, gae_lambda=0.95, log_interval=1, lr=0.0007, max_grad_norm=0.5, meanReward=0.8, mem=False, model=None, nameDemonstrator='LavaCrossing1508Addict1,LavaCrossing1508Addict2,LavaCrossing1508Addict3,LavaCrossing1508Addict4,LavaCrossing1508Addict10,LavaCrossing1508Addict11,LavaCrossing1508Addict12,LavaCrossing1508Addict13', optim_alpha=0.99, optim_eps=1e-05, procs=16, recurrence=1, rewardLB=0.7, save_interval=0, seed=8993, tb=False, text=False, useKL=1, value_loss_coef=0.5)

Flat model successfully created

ACModel(
  (image_conv): Sequential(
    (0): Conv2d(3, 32, kernel_size=(2, 2), stride=(1, 1))
    (1): ReLU()
    (2): MaxPool2d(kernel_size=(2, 2), stride=(2, 2), padding=0, dilation=1, ceil_mode=False)
    (3): Conv2d(32, 64, kernel_size=(2, 2), stride=(1, 1))
    (4): ReLU()
    (5): Conv2d(64, 64, kernel_size=(2, 2), stride=(1, 1))
    (6): ReLU()
  )
  (actor): Sequential(
    (0): Linear(in_features=1600, out_features=64, bias=True)
    (1): Tanh()
    (2): Linear(in_features=64, out_features=3, bias=True)
  )
  (critic): Sequential(
    (0): Linear(in_features=1600, out_features=64, bias=True)
    (1): Tanh()
    (2): Linear(in_features=64, out_features=1, bias=True)
  )
)

CUDA available: False

1
True
0.001
Using TensorFlow backend.
OMP: Info #212: KMP_AFFINITY: decoding x2APIC ids.
OMP: Info #210: KMP_AFFINITY: Affinity capable, using global cpuid leaf 11 info
OMP: Info #154: KMP_AFFINITY: Initial OS proc set respected: 9,11,28,30,32
OMP: Info #156: KMP_AFFINITY: 5 available OS procs
OMP: Info #158: KMP_AFFINITY: Nonuniform topology
OMP: Info #179: KMP_AFFINITY: 2 packages x 3 cores/pkg x 1 threads/core (5 total cores)
OMP: Info #214: KMP_AFFINITY: OS proc to physical thread map:
OMP: Info #171: KMP_AFFINITY: OS proc 28 maps to package 0 core 18 
OMP: Info #171: KMP_AFFINITY: OS proc 32 maps to package 0 core 24 
OMP: Info #171: KMP_AFFINITY: OS proc 30 maps to package 0 core 28 
OMP: Info #171: KMP_AFFINITY: OS proc 9 maps to package 1 core 2 
OMP: Info #171: KMP_AFFINITY: OS proc 11 maps to package 1 core 12 
OMP: Info #250: KMP_AFFINITY: pid 46427 tid 46427 thread 0 bound to OS proc set 28
OMP: Info #250: KMP_AFFINITY: pid 46427 tid 46649 thread 1 bound to OS proc set 9
OMP: Info #250: KMP_AFFINITY: pid 46427 tid 46657 thread 3 bound to OS proc set 11
OMP: Info #250: KMP_AFFINITY: pid 46427 tid 46652 thread 2 bound to OS proc set 32
OMP: Info #250: KMP_AFFINITY: pid 46427 tid 46665 thread 4 bound to OS proc set 30
OMP: Info #250: KMP_AFFINITY: pid 46427 tid 47052 thread 5 bound to OS proc set 28
OMP: Info #250: KMP_AFFINITY: pid 46427 tid 47051 thread 6 bound to OS proc set 9
OMP: Info #250: KMP_AFFINITY: pid 46427 tid 47076 thread 7 bound to OS proc set 32
OMP: Info #250: KMP_AFFINITY: pid 46427 tid 47077 thread 8 bound to OS proc set 11
OMP: Info #250: KMP_AFFINITY: pid 46427 tid 47079 thread 10 bound to OS proc set 28
OMP: Info #250: KMP_AFFINITY: pid 46427 tid 47078 thread 9 bound to OS proc set 30
OMP: Info #250: KMP_AFFINITY: pid 46427 tid 47116 thread 11 bound to OS proc set 9
OMP: Info #250: KMP_AFFINITY: pid 46427 tid 47117 thread 12 bound to OS proc set 32
OMP: Info #250: KMP_AFFINITY: pid 46427 tid 47120 thread 15 bound to OS proc set 28
OMP: Info #250: KMP_AFFINITY: pid 46427 tid 47118 thread 13 bound to OS proc set 11
OMP: Info #250: KMP_AFFINITY: pid 46427 tid 47119 thread 14 bound to OS proc set 30
U 1 | F 002048 | FPS 0018 | D 110 | rR:mu sigma m M 0.00 0.00 0.00 0.00 | F:mu sigma m M 17.8 34.2 0.0 120.0 | H 1.097 | V -0.003 | pL -0.002 | vL 0.000 | delta 0.066
U 2 | F 004096 | FPS 0030 | D 179 | rR:mu sigma m M 0.00 0.00 0.00 0.00 | F:mu sigma m M 116.8 60.3 11.0 191.0 | H 1.098 | V 0.006 | pL 0.002 | vL 0.000 | delta 0.008
U 3 | F 006144 | FPS 0030 | D 248 | rR:mu sigma m M 0.00 0.00 0.00 0.00 | F:mu sigma m M 165.0 109.8 26.0 374.0 | H 1.098 | V 0.005 | pL 0.001 | vL 0.000 | delta 0.003
U 4 | F 008192 | FPS 0031 | D 314 | rR:mu sigma m M 0.00 0.00 0.00 0.00 | F:mu sigma m M 116.9 83.5 26.0 312.0 | H 1.098 | V 0.003 | pL 0.001 | vL 0.000 | delta 0.002
U 5 | F 010240 | FPS 0028 | D 388 | rR:mu sigma m M 0.00 0.00 0.00 0.00 | F:mu sigma m M 161.6 136.2 26.0 499.0 | H 1.098 | V 0.002 | pL 0.001 | vL 0.000 | delta 0.003
U 6 | F 012288 | FPS 0026 | D 468 | rR:mu sigma m M 0.00 0.00 0.00 0.00 | F:mu sigma m M 106.1 54.2 40.0 215.0 | H 1.098 | V 0.002 | pL 0.001 | vL 0.000 | delta 0.002
U 7 | F 014336 | FPS 0030 | D 537 | rR:mu sigma m M 0.00 0.00 0.00 0.00 | F:mu sigma m M 119.2 92.3 13.0 377.0 | H 1.099 | V 0.002 | pL 0.001 | vL 0.000 | delta 0.003
U 8 | F 016384 | FPS 0026 | D 617 | rR:mu sigma m M 0.00 0.00 0.00 0.00 | F:mu sigma m M 164.1 113.2 13.0 456.0 | H 1.098 | V 0.002 | pL 0.000 | vL 0.000 | delta 0.002
U 9 | F 018432 | FPS 0030 | D 686 | rR:mu sigma m M 0.00 0.00 0.00 0.00 | F:mu sigma m M 147.8 117.6 34.0 456.0 | H 1.098 | V 0.002 | pL 0.000 | vL 0.000 | delta 0.002
U 10 | F 020480 | FPS 0028 | D 759 | rR:mu sigma m M 0.00 0.00 0.00 0.00 | F:mu sigma m M 171.1 112.6 17.0 393.0 | H 1.099 | V 0.002 | pL 0.000 | vL 0.000 | delta 0.003
U 11 | F 022528 | FPS 0031 | D 825 | rR:mu sigma m M 0.00 0.00 0.00 0.00 | F:mu sigma m M 230.1 211.2 17.0 731.0 | H 1.099 | V 0.001 | pL 0.000 | vL 0.000 | delta 0.003
U 12 | F 024576 | FPS 0029 | D 895 | rR:mu sigma m M 0.00 0.00 0.00 0.00 | F:mu sigma m M 200.8 166.6 31.0 597.0 | H 1.099 | V 0.001 | pL 0.000 | vL 0.000 | delta 0.001
U 13 | F 026624 | FPS 0026 | D 974 | rR:mu sigma m M 0.00 0.00 0.00 0.00 | F:mu sigma m M 150.4 151.4 31.0 568.0 | H 1.099 | V 0.000 | pL 0.000 | vL 0.000 | delta 0.001
U 14 | F 028672 | FPS 0027 | D 1051 | rR:mu sigma m M 0.01 0.06 0.00 0.23 | F:mu sigma m M 179.8 178.1 31.0 770.0 | H 1.097 | V 0.002 | pL -0.002 | vL 0.000 | delta 0.014
U 15 | F 030720 | FPS 0026 | D 1130 | rR:mu sigma m M 0.01 0.06 0.00 0.23 | F:mu sigma m M 175.4 196.5 21.0 770.0 | H 1.099 | V -0.000 | pL -0.000 | vL 0.000 | delta 0.006
U 16 | F 032768 | FPS 0029 | D 1202 | rR:mu sigma m M 0.00 0.00 0.00 0.00 | F:mu sigma m M 193.2 205.1 10.0 673.0 | H 1.099 | V -0.001 | pL -0.000 | vL 0.000 | delta 0.002
U 17 | F 034816 | FPS 0028 | D 1274 | rR:mu sigma m M 0.00 0.00 0.00 0.00 | F:mu sigma m M 151.2 105.7 10.0 340.0 | H 1.099 | V -0.000 | pL -0.000 | vL 0.000 | delta 0.002
U 18 | F 036864 | FPS 0025 | D 1355 | rR:mu sigma m M 0.00 0.00 0.00 0.00 | F:mu sigma m M 159.6 107.3 10.0 362.0 | H 1.099 | V -0.001 | pL -0.000 | vL 0.000 | delta 0.002
U 19 | F 038912 | FPS 0027 | D 1430 | rR:mu sigma m M 0.00 0.00 0.00 0.00 | F:mu sigma m M 126.4 98.8 10.0 410.0 | H 1.099 | V -0.001 | pL -0.000 | vL 0.000 | delta 0.001
U 20 | F 040960 | FPS 0029 | D 1502 | rR:mu sigma m M 0.00 0.00 0.00 0.00 | F:mu sigma m M 164.7 140.7 10.0 436.0 | H 1.099 | V -0.000 | pL -0.000 | vL 0.000 | delta 0.001
U 21 | F 043008 | FPS 0026 | D 1581 | rR:mu sigma m M 0.00 0.00 0.00 0.00 | F:mu sigma m M 142.3 130.5 18.0 567.0 | H 1.099 | V -0.001 | pL -0.000 | vL 0.000 | delta 0.002
U 22 | F 045056 | FPS 0027 | D 1657 | rR:mu sigma m M 0.00 0.00 0.00 0.00 | F:mu sigma m M 121.8 125.4 28.0 466.0 | H 1.099 | V -0.001 | pL -0.000 | vL 0.000 | delta 0.001
U 23 | F 047104 | FPS 0027 | D 1734 | rR:mu sigma m M 0.00 0.00 0.00 0.00 | F:mu sigma m M 156.0 138.3 27.0 438.0 | H 1.099 | V 0.000 | pL 0.000 | vL 0.000 | delta 0.003
U 24 | F 049152 | FPS 0024 | D 1818 | rR:mu sigma m M 0.00 0.00 0.00 0.00 | F:mu sigma m M 182.0 131.6 25.0 414.0 | H 1.099 | V -0.000 | pL -0.000 | vL 0.000 | delta 0.002
U 25 | F 051200 | FPS 0029 | D 1889 | rR:mu sigma m M 0.05 0.18 0.00 0.73 | F:mu sigma m M 185.0 147.2 16.0 463.0 | H 1.096 | V 0.004 | pL -0.005 | vL 0.001 | delta 0.030
U 26 | F 053248 | FPS 0023 | D 1978 | rR:mu sigma m M 0.00 0.00 0.00 0.00 | F:mu sigma m M 226.4 140.1 49.0 484.0 | H 1.098 | V -0.005 | pL -0.001 | vL 0.000 | delta 0.005
U 27 | F 055296 | FPS 0028 | D 2052 | rR:mu sigma m M 0.00 0.00 0.00 0.00 | F:mu sigma m M 122.5 101.8 9.0 387.0 | H 1.098 | V -0.005 | pL -0.001 | vL 0.000 | delta 0.003
U 28 | F 057344 | FPS 0028 | D 2124 | rR:mu sigma m M 0.00 0.00 0.00 0.00 | F:mu sigma m M 150.7 115.3 15.0 437.0 | H 1.099 | V -0.004 | pL -0.001 | vL 0.000 | delta 0.001
U 29 | F 059392 | FPS 0030 | D 2193 | rR:mu sigma m M 0.00 0.00 0.00 0.00 | F:mu sigma m M 199.6 146.1 15.0 567.0 | H 1.099 | V -0.003 | pL -0.001 | vL 0.000 | delta 0.001
U 30 | F 061440 | FPS 0030 | D 2261 | rR:mu sigma m M 0.00 0.00 0.00 0.00 | F:mu sigma m M 146.3 74.3 27.0 336.0 | H 1.099 | V -0.003 | pL -0.001 | vL 0.000 | delta 0.001
U 31 | F 063488 | FPS 0028 | D 2335 | rR:mu sigma m M 0.00 0.00 0.00 0.00 | F:mu sigma m M 165.4 119.5 27.0 540.0 | H 1.099 | V -0.003 | pL -0.001 | vL 0.000 | delta 0.000
U 32 | F 065536 | FPS 0028 | D 2408 | rR:mu sigma m M 0.00 0.00 0.00 0.00 | F:mu sigma m M 219.3 165.1 56.0 610.0 | H 1.099 | V -0.002 | pL -0.000 | vL 0.000 | delta 0.002
U 33 | F 067584 | FPS 0026 | D 2486 | rR:mu sigma m M 0.00 0.00 0.00 0.00 | F:mu sigma m M 228.9 167.5 22.0 610.0 | H 1.099 | V -0.001 | pL -0.000 | vL 0.000 | delta 0.001
U 34 | F 069632 | FPS 0029 | D 2557 | rR:mu sigma m M 0.00 0.00 0.00 0.00 | F:mu sigma m M 161.5 134.9 41.0 508.0 | H 1.098 | V 0.002 | pL -0.002 | vL 0.000 | delta 0.005
U 35 | F 071680 | FPS 0029 | D 2628 | rR:mu sigma m M 0.00 0.00 0.00 0.00 | F:mu sigma m M 203.1 197.9 33.0 732.0 | H 1.098 | V 0.003 | pL 0.002 | vL 0.000 | delta 0.005
U 36 | F 073728 | FPS 0027 | D 2705 | rR:mu sigma m M 0.00 0.00 0.00 0.00 | F:mu sigma m M 235.7 209.7 21.0 732.0 | H 1.099 | V 0.001 | pL 0.000 | vL 0.000 | delta 0.001
U 37 | F 075776 | FPS 0031 | D 2770 | rR:mu sigma m M 0.00 0.00 0.00 0.00 | F:mu sigma m M 182.9 129.3 21.0 419.0 | H 1.099 | V 0.000 | pL 0.000 | vL 0.000 | delta 0.001
U 38 | F 077824 | FPS 0027 | D 2846 | rR:mu sigma m M 0.00 0.00 0.00 0.00 | F:mu sigma m M 189.0 161.7 43.0 728.0 | H 1.099 | V -0.000 | pL -0.000 | vL 0.000 | delta 0.000
U 39 | F 079872 | FPS 0029 | D 2916 | rR:mu sigma m M 0.00 0.00 0.00 0.00 | F:mu sigma m M 190.6 185.9 35.0 802.0 | H 1.099 | V 0.000 | pL -0.000 | vL 0.000 | delta 0.001
U 40 | F 081920 | FPS 0025 | D 2998 | rR:mu sigma m M 0.00 0.00 0.00 0.00 | F:mu sigma m M 203.0 180.3 20.0 857.0 | H 1.099 | V -0.000 | pL -0.000 | vL 0.000 | delta 0.000
U 41 | F 083968 | FPS 0028 | D 3070 | rR:mu sigma m M 0.00 0.00 0.00 0.00 | F:mu sigma m M 147.3 66.3 35.0 255.0 | H 1.099 | V -0.000 | pL -0.000 | vL 0.000 | delta 0.000
U 42 | F 086016 | FPS 0023 | D 3161 | rR:mu sigma m M 0.00 0.00 0.00 0.00 | F:mu sigma m M 159.6 92.3 35.0 323.0 | H 1.099 | V -0.000 | pL -0.000 | vL 0.000 | delta 0.001
U 43 | F 088064 | FPS 0029 | D 3232 | rR:mu sigma m M 0.00 0.00 0.00 0.00 | F:mu sigma m M 189.2 134.8 53.0 519.0 | H 1.099 | V 0.000 | pL -0.000 | vL 0.000 | delta 0.000
U 44 | F 090112 | FPS 0026 | D 3311 | rR:mu sigma m M 0.00 0.00 0.00 0.00 | F:mu sigma m M 185.4 128.7 21.0 528.0 | H 1.099 | V 0.000 | pL 0.000 | vL 0.000 | delta 0.001
U 45 | F 092160 | FPS 0025 | D 3392 | rR:mu sigma m M 0.00 0.00 0.00 0.00 | F:mu sigma m M 158.5 112.3 13.0 336.0 | H 1.099 | V 0.000 | pL 0.000 | vL 0.000 | delta 0.000
U 46 | F 094208 | FPS 0028 | D 3467 | rR:mu sigma m M 0.00 0.00 0.00 0.00 | F:mu sigma m M 160.4 100.7 13.0 309.0 | H 1.099 | V 0.000 | pL 0.000 | vL 0.000 | delta 0.000
U 47 | F 096256 | FPS 0027 | D 3543 | rR:mu sigma m M 0.00 0.00 0.00 0.00 | F:mu sigma m M 181.9 126.1 14.0 451.0 | H 1.099 | V 0.000 | pL 0.000 | vL 0.000 | delta 0.000
U 48 | F 098304 | FPS 0025 | D 3625 | rR:mu sigma m M 0.00 0.00 0.00 0.00 | F:mu sigma m M 176.5 123.4 25.0 486.0 | H 1.099 | V -0.000 | pL -0.000 | vL 0.000 | delta 0.000
U 49 | F 100352 | FPS 0027 | D 3702 | rR:mu sigma m M 0.00 0.00 0.00 0.00 | F:mu sigma m M 185.5 142.5 33.0 544.0 | H 1.099 | V -0.000 | pL -0.000 | vL 0.000 | delta 0.000
U 50 | F 102400 | FPS 0029 | D 3774 | rR:mu sigma m M 0.00 0.00 0.00 0.00 | F:mu sigma m M 157.5 141.2 16.0 544.0 | H 1.099 | V 0.000 | pL 0.000 | vL 0.000 | delta 0.000
U 51 | F 104448 | FPS 0027 | D 3850 | rR:mu sigma m M 0.00 0.00 0.00 0.00 | F:mu sigma m M 173.0 128.2 41.0 540.0 | H 1.099 | V 0.000 | pL 0.000 | vL 0.000 | delta 0.000
U 52 | F 106496 | FPS 0026 | D 3928 | rR:mu sigma m M 0.00 0.00 0.00 0.00 | F:mu sigma m M 161.9 78.6 64.0 312.0 | H 1.099 | V 0.000 | pL 0.000 | vL 0.000 | delta 0.000
U 53 | F 108544 | FPS 0032 | D 3992 | rR:mu sigma m M 0.00 0.00 0.00 0.00 | F:mu sigma m M 167.0 150.6 38.0 572.0 | H 1.099 | V 0.000 | pL 0.000 | vL 0.000 | delta 0.000
U 54 | F 110592 | FPS 0026 | D 4071 | rR:mu sigma m M 0.00 0.00 0.00 0.00 | F:mu sigma m M 179.1 134.8 53.0 572.0 | H 1.099 | V 0.000 | pL 0.000 | vL 0.000 | delta 0.001
U 55 | F 112640 | FPS 0030 | D 4138 | rR:mu sigma m M 0.00 0.00 0.00 0.00 | F:mu sigma m M 176.1 117.4 44.0 473.0 | H 1.099 | V -0.000 | pL -0.000 | vL 0.000 | delta 0.000
U 56 | F 114688 | FPS 0024 | D 4222 | rR:mu sigma m M 0.00 0.00 0.00 0.00 | F:mu sigma m M 165.9 100.5 40.0 401.0 | H 1.099 | V -0.000 | pL -0.000 | vL 0.000 | delta 0.000
U 57 | F 116736 | FPS 0030 | D 4290 | rR:mu sigma m M 0.00 0.00 0.00 0.00 | F:mu sigma m M 155.2 93.0 40.0 310.0 | H 1.099 | V -0.000 | pL -0.000 | vL 0.000 | delta 0.000
U 58 | F 118784 | FPS 0027 | D 4365 | rR:mu sigma m M 0.00 0.00 0.00 0.00 | F:mu sigma m M 167.5 107.3 21.0 340.0 | H 1.099 | V 0.001 | pL 0.000 | vL 0.000 | delta 0.002
U 59 | F 120832 | FPS 0030 | D 4433 | rR:mu sigma m M 0.00 0.00 0.00 0.00 | F:mu sigma m M 227.4 170.4 21.0 649.0 | H 1.098 | V 0.002 | pL 0.000 | vL 0.000 | delta 0.001
U 60 | F 122880 | FPS 0027 | D 4508 | rR:mu sigma m M 0.03 0.10 0.00 0.43 | F:mu sigma m M 235.2 195.5 8.0 649.0 | H 1.096 | V 0.005 | pL -0.003 | vL 0.000 | delta 0.011
U 61 | F 124928 | FPS 0028 | D 4582 | rR:mu sigma m M 0.03 0.10 0.00 0.43 | F:mu sigma m M 233.9 189.0 8.0 649.0 | H 1.098 | V -0.002 | pL -0.000 | vL 0.000 | delta 0.001
U 62 | F 126976 | FPS 0024 | D 4668 | rR:mu sigma m M 0.00 0.00 0.00 0.00 | F:mu sigma m M 256.0 174.7 70.0 666.0 | H 1.099 | V -0.002 | pL -0.001 | vL 0.000 | delta 0.001
U 63 | F 129024 | FPS 0028 | D 4741 | rR:mu sigma m M 0.00 0.00 0.00 0.00 | F:mu sigma m M 191.9 206.4 40.0 844.0 | H 1.099 | V -0.002 | pL -0.001 | vL 0.000 | delta 0.000
U 64 | F 131072 | FPS 0029 | D 4812 | rR:mu sigma m M 0.00 0.00 0.00 0.00 | F:mu sigma m M 178.9 200.6 27.0 830.0 | H 1.099 | V -0.001 | pL -0.000 | vL 0.000 | delta 0.000
U 65 | F 133120 | FPS 0032 | D 4877 | rR:mu sigma m M 0.00 0.00 0.00 0.00 | F:mu sigma m M 178.5 190.8 10.0 830.0 | H 1.099 | V -0.001 | pL -0.000 | vL 0.000 | delta 0.000
U 66 | F 135168 | FPS 0031 | D 4944 | rR:mu sigma m M 0.00 0.00 0.00 0.00 | F:mu sigma m M 184.9 148.3 10.0 542.0 | H 1.099 | V 0.000 | pL -0.000 | vL 0.000 | delta 0.000
U 67 | F 137216 | FPS 0030 | D 5012 | rR:mu sigma m M 0.05 0.20 0.00 0.84 | F:mu sigma m M 107.5 72.1 23.0 269.0 | H 1.093 | V 0.004 | pL -0.007 | vL 0.001 | delta 0.018
U 68 | F 139264 | FPS 0035 | D 5070 | rR:mu sigma m M 0.05 0.21 0.00 0.85 | F:mu sigma m M 159.0 146.1 41.0 682.0 | H 1.096 | V 0.000 | pL -0.003 | vL 0.001 | delta 0.008
U 69 | F 141312 | FPS 0028 | D 5143 | rR:mu sigma m M 0.00 0.00 0.00 0.00 | F:mu sigma m M 155.4 146.6 22.0 590.0 | H 1.099 | V 0.002 | pL 0.001 | vL 0.000 | delta 0.001
U 70 | F 143360 | FPS 0027 | D 5218 | rR:mu sigma m M 0.00 0.00 0.00 0.00 | F:mu sigma m M 121.0 89.4 18.0 339.0 | H 1.099 | V 0.002 | pL 0.001 | vL 0.000 | delta 0.001
U 71 | F 145408 | FPS 0024 | D 5303 | rR:mu sigma m M 0.00 0.00 0.00 0.00 | F:mu sigma m M 122.7 104.5 16.0 337.0 | H 1.099 | V 0.001 | pL 0.000 | vL 0.000 | delta 0.000
U 72 | F 147456 | FPS 0026 | D 5381 | rR:mu sigma m M 0.00 0.00 0.00 0.00 | F:mu sigma m M 118.4 74.6 37.0 319.0 | H 1.099 | V 0.001 | pL 0.000 | vL 0.000 | delta 0.000
U 73 | F 149504 | FPS 0030 | D 5449 | rR:mu sigma m M 0.00 0.00 0.00 0.00 | F:mu sigma m M 180.8 148.0 16.0 567.0 | H 1.099 | V 0.001 | pL -0.000 | vL 0.000 | delta 0.000
U 74 | F 151552 | FPS 0031 | D 5515 | rR:mu sigma m M 0.00 0.00 0.00 0.00 | F:mu sigma m M 196.9 164.6 16.0 567.0 | H 1.098 | V 0.002 | pL 0.001 | vL 0.000 | delta 0.001
U 75 | F 153600 | FPS 0027 | D 5592 | rR:mu sigma m M 0.00 0.00 0.00 0.00 | F:mu sigma m M 211.5 120.1 46.0 462.0 | H 1.098 | V 0.002 | pL -0.000 | vL 0.000 | delta 0.002
U 76 | F 155648 | FPS 0027 | D 5669 | rR:mu sigma m M 0.03 0.13 0.00 0.55 | F:mu sigma m M 132.4 99.8 31.0 451.0 | H 1.098 | V 0.005 | pL -0.004 | vL 0.000 | delta 0.011
U 77 | F 157696 | FPS 0024 | D 5753 | rR:mu sigma m M 0.00 0.00 0.00 0.00 | F:mu sigma m M 142.1 171.5 16.0 761.0 | H 1.098 | V 0.001 | pL 0.000 | vL 0.000 | delta 0.001
U 78 | F 159744 | FPS 0027 | D 5829 | rR:mu sigma m M 0.00 0.00 0.00 0.00 | F:mu sigma m M 171.9 171.8 16.0 761.0 | H 1.099 | V 0.001 | pL 0.000 | vL 0.000 | delta 0.001
U 79 | F 161792 | FPS 0028 | D 5903 | rR:mu sigma m M 0.00 0.00 0.00 0.00 | F:mu sigma m M 188.5 106.7 49.0 398.0 | H 1.099 | V 0.000 | pL 0.000 | vL 0.000 | delta 0.001
U 80 | F 163840 | FPS 0030 | D 5970 | rR:mu sigma m M 0.00 0.00 0.00 0.00 | F:mu sigma m M 171.1 135.5 23.0 523.0 | H 1.099 | V 0.000 | pL 0.000 | vL 0.000 | delta 0.000
U 81 | F 165888 | FPS 0026 | D 6048 | rR:mu sigma m M 0.00 0.00 0.00 0.00 | F:mu sigma m M 167.7 73.6 43.0 286.0 | H 1.099 | V 0.000 | pL -0.000 | vL 0.000 | delta 0.000
U 82 | F 167936 | FPS 0030 | D 6116 | rR:mu sigma m M 0.00 0.00 0.00 0.00 | F:mu sigma m M 150.2 98.4 18.0 443.0 | H 1.099 | V 0.000 | pL 0.000 | vL 0.000 | delta 0.000
U 83 | F 169984 | FPS 0028 | D 6188 | rR:mu sigma m M 0.05 0.20 0.00 0.82 | F:mu sigma m M 162.7 93.5 54.0 443.0 | H 1.093 | V 0.008 | pL -0.007 | vL 0.001 | delta 0.010
U 84 | F 172032 | FPS 0030 | D 6257 | rR:mu sigma m M 0.05 0.20 0.00 0.82 | F:mu sigma m M 191.7 108.9 38.0 503.0 | H 1.098 | V -0.000 | pL -0.000 | vL 0.000 | delta 0.002
U 85 | F 174080 | FPS 0031 | D 6324 | rR:mu sigma m M 0.00 0.00 0.00 0.00 | F:mu sigma m M 168.9 139.8 20.0 503.0 | H 1.099 | V -0.000 | pL -0.000 | vL 0.000 | delta 0.002
U 86 | F 176128 | FPS 0026 | D 6403 | rR:mu sigma m M 0.00 0.00 0.00 0.00 | F:mu sigma m M 133.1 92.9 20.0 385.0 | H 1.099 | V -0.001 | pL -0.000 | vL 0.000 | delta 0.001
U 87 | F 178176 | FPS 0029 | D 6475 | rR:mu sigma m M 0.00 0.00 0.00 0.00 | F:mu sigma m M 183.4 156.7 45.0 672.0 | H 1.098 | V 0.004 | pL -0.005 | vL 0.001 | delta 0.008
U 88 | F 180224 | FPS 0026 | D 6554 | rR:mu sigma m M 0.00 0.00 0.00 0.00 | F:mu sigma m M 207.4 169.4 28.0 559.0 | H 1.097 | V 0.003 | pL 0.002 | vL 0.000 | delta 0.007
U 89 | F 182272 | FPS 0027 | D 6630 | rR:mu sigma m M 0.00 0.00 0.00 0.00 | F:mu sigma m M 116.5 104.1 16.0 387.0 | H 1.099 | V -0.005 | pL -0.001 | vL 0.000 | delta 0.001
U 90 | F 184320 | FPS 0028 | D 6703 | rR:mu sigma m M 0.00 0.00 0.00 0.00 | F:mu sigma m M 135.8 108.9 18.0 458.0 | H 1.099 | V -0.003 | pL -0.001 | vL 0.000 | delta 0.001
U 91 | F 186368 | FPS 0027 | D 6778 | rR:mu sigma m M 0.00 0.00 0.00 0.00 | F:mu sigma m M 168.7 142.6 37.0 496.0 | H 1.097 | V 0.001 | pL -0.000 | vL 0.000 | delta 0.006
U 92 | F 188416 | FPS 0029 | D 6849 | rR:mu sigma m M 0.00 0.00 0.00 0.00 | F:mu sigma m M 175.7 127.8 31.0 496.0 | H 1.098 | V 0.000 | pL 0.000 | vL 0.000 | delta 0.001
U 93 | F 190464 | FPS 0030 | D 6916 | rR:mu sigma m M 0.00 0.00 0.00 0.00 | F:mu sigma m M 130.5 79.9 38.0 382.0 | H 1.099 | V 0.001 | pL 0.000 | vL 0.000 | delta 0.000
U 94 | F 192512 | FPS 0027 | D 6993 | rR:mu sigma m M 0.00 0.00 0.00 0.00 | F:mu sigma m M 148.2 135.2 11.0 484.0 | H 1.099 | V 0.000 | pL 0.000 | vL 0.000 | delta 0.000
U 95 | F 194560 | FPS 0028 | D 7067 | rR:mu sigma m M 0.00 0.00 0.00 0.00 | F:mu sigma m M 179.9 123.2 37.0 484.0 | H 1.099 | V 0.001 | pL 0.000 | vL 0.000 | delta 0.000
U 96 | F 196608 | FPS 0027 | D 7143 | rR:mu sigma m M 0.00 0.00 0.00 0.00 | F:mu sigma m M 176.4 109.2 30.0 428.0 | H 1.099 | V 0.001 | pL 0.000 | vL 0.000 | delta 0.000
U 97 | F 198656 | FPS 0027 | D 7218 | rR:mu sigma m M 0.00 0.00 0.00 0.00 | F:mu sigma m M 164.0 100.0 50.0 372.0 | H 1.099 | V 0.000 | pL 0.000 | vL 0.000 | delta 0.000
U 98 | F 200704 | FPS 0030 | D 7286 | rR:mu sigma m M 0.00 0.00 0.00 0.00 | F:mu sigma m M 121.2 70.7 37.0 299.0 | H 1.098 | V 0.001 | pL 0.000 | vL 0.000 | delta 0.001
U 99 | F 202752 | FPS 0029 | D 7358 | rR:mu sigma m M 0.00 0.00 0.00 0.00 | F:mu sigma m M 164.1 139.0 25.0 632.0 | H 1.099 | V 0.000 | pL 0.000 | vL 0.000 | delta 0.000
U 100 | F 204800 | FPS 0029 | D 7428 | rR:mu sigma m M 0.00 0.00 0.00 0.00 | F:mu sigma m M 163.9 107.1 17.0 374.0 | H 1.099 | V 0.000 | pL 0.000 | vL 0.000 | delta 0.000
U 101 | F 206848 | FPS 0029 | D 7498 | rR:mu sigma m M 0.00 0.00 0.00 0.00 | F:mu sigma m M 189.4 121.9 26.0 486.0 | H 1.099 | V 0.000 | pL -0.000 | vL 0.000 | delta 0.000
U 102 | F 208896 | FPS 0027 | D 7572 | rR:mu sigma m M 0.02 0.06 0.00 0.25 | F:mu sigma m M 192.4 246.1 28.0 900.0 | H 1.098 | V 0.002 | pL -0.001 | vL 0.000 | delta 0.003
U 103 | F 210944 | FPS 0026 | D 7652 | rR:mu sigma m M 0.00 0.00 0.00 0.00 | F:mu sigma m M 155.8 107.9 26.0 423.0 | H 1.099 | V 0.001 | pL 0.000 | vL 0.000 | delta 0.001
U 104 | F 212992 | FPS 0028 | D 7725 | rR:mu sigma m M 0.00 0.00 0.00 0.00 | F:mu sigma m M 176.1 90.6 20.0 390.0 | H 1.098 | V 0.002 | pL 0.001 | vL 0.000 | delta 0.002
U 105 | F 215040 | FPS 0029 | D 7795 | rR:mu sigma m M 0.00 0.00 0.00 0.00 | F:mu sigma m M 189.9 153.0 54.0 696.0 | H 1.099 | V 0.001 | pL 0.000 | vL 0.000 | delta 0.000
U 106 | F 217088 | FPS 0028 | D 7868 | rR:mu sigma m M 0.00 0.00 0.00 0.00 | F:mu sigma m M 166.2 159.5 22.0 696.0 | H 1.099 | V 0.001 | pL 0.000 | vL 0.000 | delta 0.000
U 107 | F 219136 | FPS 0028 | D 7940 | rR:mu sigma m M 0.00 0.00 0.00 0.00 | F:mu sigma m M 199.1 131.9 22.0 462.0 | H 1.099 | V 0.001 | pL 0.000 | vL 0.000 | delta 0.000
U 108 | F 221184 | FPS 0028 | D 8014 | rR:mu sigma m M 0.00 0.00 0.00 0.00 | F:mu sigma m M 238.5 155.6 29.0 545.0 | H 1.098 | V 0.002 | pL 0.001 | vL 0.000 | delta 0.001
U 109 | F 223232 | FPS 0027 | D 8089 | rR:mu sigma m M 0.00 0.00 0.00 0.00 | F:mu sigma m M 175.2 191.4 35.0 830.0 | H 1.099 | V 0.001 | pL 0.000 | vL 0.000 | delta 0.000
U 110 | F 225280 | FPS 0027 | D 8166 | rR:mu sigma m M 0.00 0.00 0.00 0.00 | F:mu sigma m M 201.5 162.2 35.0 639.0 | H 1.099 | V 0.001 | pL 0.000 | vL 0.000 | delta 0.000
U 111 | F 227328 | FPS 0031 | D 8232 | rR:mu sigma m M 0.00 0.00 0.00 0.00 | F:mu sigma m M 163.7 85.9 47.0 345.0 | H 1.099 | V 0.000 | pL 0.000 | vL 0.000 | delta 0.000
U 112 | F 229376 | FPS 0030 | D 8301 | rR:mu sigma m M 0.00 0.00 0.00 0.00 | F:mu sigma m M 104.9 78.9 19.0 345.0 | H 1.099 | V 0.001 | pL 0.000 | vL 0.000 | delta 0.000
U 113 | F 231424 | FPS 0026 | D 8380 | rR:mu sigma m M 0.00 0.00 0.00 0.00 | F:mu sigma m M 193.9 151.0 24.0 570.0 | H 1.099 | V 0.000 | pL 0.000 | vL 0.000 | delta 0.000
U 114 | F 233472 | FPS 0029 | D 8451 | rR:mu sigma m M 0.00 0.00 0.00 0.00 | F:mu sigma m M 196.9 159.6 18.0 570.0 | H 1.099 | V 0.000 | pL 0.000 | vL 0.000 | delta 0.000
U 115 | F 235520 | FPS 0029 | D 8521 | rR:mu sigma m M 0.00 0.00 0.00 0.00 | F:mu sigma m M 192.8 121.2 35.0 457.0 | H 1.099 | V 0.001 | pL 0.000 | vL 0.000 | delta 0.000
U 116 | F 237568 | FPS 0027 | D 8597 | rR:mu sigma m M 0.00 0.00 0.00 0.00 | F:mu sigma m M 163.3 139.3 16.0 622.0 | H 1.099 | V 0.000 | pL 0.000 | vL 0.000 | delta 0.000
U 117 | F 239616 | FPS 0026 | D 8675 | rR:mu sigma m M 0.00 0.00 0.00 0.00 | F:mu sigma m M 180.6 137.3 32.0 478.0 | H 1.099 | V 0.000 | pL 0.000 | vL 0.000 | delta 0.000
U 118 | F 241664 | FPS 0025 | D 8757 | rR:mu sigma m M 0.00 0.00 0.00 0.00 | F:mu sigma m M 200.4 146.5 32.0 478.0 | H 1.099 | V 0.000 | pL 0.000 | vL 0.000 | delta 0.000
U 119 | F 243712 | FPS 0031 | D 8823 | rR:mu sigma m M 0.00 0.00 0.00 0.00 | F:mu sigma m M 189.3 122.6 51.0 412.0 | H 1.099 | V 0.000 | pL 0.000 | vL 0.000 | delta 0.000
U 120 | F 245760 | FPS 0029 | D 8893 | rR:mu sigma m M 0.00 0.00 0.00 0.00 | F:mu sigma m M 226.9 226.2 30.0 900.0 | H 1.099 | V 0.000 | pL 0.000 | vL 0.000 | delta 0.000
U 121 | F 247808 | FPS 0027 | D 8970 | rR:mu sigma m M 0.00 0.00 0.00 0.00 | F:mu sigma m M 212.3 242.1 18.0 900.0 | H 1.099 | V 0.000 | pL 0.000 | vL 0.000 | delta 0.000
U 122 | F 249856 | FPS 0029 | D 9039 | rR:mu sigma m M 0.00 0.00 0.00 0.00 | F:mu sigma m M 156.1 132.0 18.0 505.0 | H 1.099 | V 0.000 | pL 0.000 | vL 0.000 | delta 0.000
U 123 | F 251904 | FPS 0028 | D 9113 | rR:mu sigma m M 0.00 0.00 0.00 0.00 | F:mu sigma m M 192.2 132.2 37.0 429.0 | H 1.099 | V 0.000 | pL 0.000 | vL 0.000 | delta 0.000
U 124 | F 253952 | FPS 0024 | D 9197 | rR:mu sigma m M 0.00 0.00 0.00 0.00 | F:mu sigma m M 223.4 142.3 45.0 509.0 | H 1.099 | V 0.000 | pL 0.000 | vL 0.000 | delta 0.000
U 125 | F 256000 | FPS 0026 | D 9275 | rR:mu sigma m M 0.00 0.00 0.00 0.00 | F:mu sigma m M 151.4 65.8 37.0 252.0 | H 1.099 | V 0.000 | pL 0.000 | vL 0.000 | delta 0.001
U 126 | F 258048 | FPS 0027 | D 9351 | rR:mu sigma m M 0.00 0.00 0.00 0.00 | F:mu sigma m M 166.9 145.1 37.0 607.0 | H 1.099 | V -0.000 | pL -0.000 | vL 0.000 | delta 0.000
U 127 | F 260096 | FPS 0025 | D 9434 | rR:mu sigma m M 0.00 0.00 0.00 0.00 | F:mu sigma m M 191.9 152.5 25.0 607.0 | H 1.099 | V 0.000 | pL 0.000 | vL 0.000 | delta 0.000
U 128 | F 262144 | FPS 0029 | D 9504 | rR:mu sigma m M 0.00 0.00 0.00 0.00 | F:mu sigma m M 218.8 145.8 25.0 525.0 | H 1.099 | V 0.000 | pL 0.000 | vL 0.000 | delta 0.000
U 129 | F 264192 | FPS 0027 | D 9579 | rR:mu sigma m M 0.00 0.00 0.00 0.00 | F:mu sigma m M 154.3 150.3 27.0 505.0 | H 1.099 | V -0.000 | pL 0.000 | vL 0.000 | delta 0.000
U 130 | F 266240 | FPS 0028 | D 9652 | rR:mu sigma m M 0.00 0.00 0.00 0.00 | F:mu sigma m M 141.9 118.4 31.0 505.0 | H 1.099 | V 0.000 | pL 0.000 | vL 0.000 | delta 0.000
U 131 | F 268288 | FPS 0030 | D 9720 | rR:mu sigma m M 0.00 0.00 0.00 0.00 | F:mu sigma m M 135.9 96.1 34.0 330.0 | H 1.099 | V 0.000 | pL 0.000 | vL 0.000 | delta 0.000
U 132 | F 270336 | FPS 0026 | D 9800 | rR:mu sigma m M 0.00 0.00 0.00 0.00 | F:mu sigma m M 157.2 129.9 34.0 502.0 | H 1.099 | V 0.000 | pL 0.000 | vL 0.000 | delta 0.000
U 133 | F 272384 | FPS 0032 | D 9863 | rR:mu sigma m M 0.00 0.00 0.00 0.00 | F:mu sigma m M 188.4 150.4 32.0 568.0 | H 1.099 | V 0.000 | pL 0.000 | vL 0.000 | delta 0.000
U 134 | F 274432 | FPS 0029 | D 9934 | rR:mu sigma m M 0.00 0.00 0.00 0.00 | F:mu sigma m M 180.9 120.2 16.0 384.0 | H 1.099 | V 0.000 | pL 0.000 | vL 0.000 | delta 0.000
U 135 | F 276480 | FPS 0023 | D 10023 | rR:mu sigma m M 0.00 0.00 0.00 0.00 | F:mu sigma m M 87.8 60.6 19.0 239.0 | H 1.099 | V 0.000 | pL -0.000 | vL 0.000 | delta 0.000
U 136 | F 278528 | FPS 0025 | D 10105 | rR:mu sigma m M 0.00 0.00 0.00 0.00 | F:mu sigma m M 127.1 121.5 36.0 440.0 | H 1.099 | V 0.000 | pL 0.000 | vL 0.000 | delta 0.000
U 137 | F 280576 | FPS 0026 | D 10185 | rR:mu sigma m M 0.05 0.18 0.00 0.75 | F:mu sigma m M 194.1 172.9 36.0 641.0 | H 1.080 | V 0.008 | pL -0.006 | vL 0.002 | delta 0.023
U 138 | F 282624 | FPS 0030 | D 10254 | rR:mu sigma m M 0.00 0.00 0.00 0.00 | F:mu sigma m M 190.2 173.3 9.0 641.0 | H 1.097 | V -0.002 | pL -0.001 | vL 0.000 | delta 0.003
U 139 | F 284672 | FPS 0031 | D 10320 | rR:mu sigma m M 0.00 0.00 0.00 0.00 | F:mu sigma m M 189.7 125.9 36.0 438.0 | H 1.099 | V -0.002 | pL -0.000 | vL 0.000 | delta 0.001
U 140 | F 286720 | FPS 0030 | D 10389 | rR:mu sigma m M 0.00 0.00 0.00 0.00 | F:mu sigma m M 188.2 133.1 36.0 438.0 | H 1.099 | V -0.002 | pL -0.000 | vL 0.000 | delta 0.001
U 141 | F 288768 | FPS 0027 | D 10464 | rR:mu sigma m M 0.00 0.00 0.00 0.00 | F:mu sigma m M 161.3 91.8 58.0 368.0 | H 1.098 | V -0.003 | pL -0.000 | vL 0.000 | delta 0.001
U 142 | F 290816 | FPS 0027 | D 10541 | rR:mu sigma m M 0.00 0.00 0.00 0.00 | F:mu sigma m M 171.8 130.3 27.0 440.0 | H 1.099 | V -0.002 | pL -0.000 | vL 0.000 | delta 0.001
U 143 | F 292864 | FPS 0027 | D 10617 | rR:mu sigma m M 0.04 0.16 0.00 0.65 | F:mu sigma m M 196.8 161.6 43.0 676.0 | H 1.098 | V 0.001 | pL -0.003 | vL 0.000 | delta 0.008
U 144 | F 294912 | FPS 0027 | D 10692 | rR:mu sigma m M 0.00 0.00 0.00 0.00 | F:mu sigma m M 130.5 72.9 24.0 247.0 | H 1.098 | V -0.002 | pL -0.001 | vL 0.000 | delta 0.002
U 145 | F 296960 | FPS 0028 | D 10765 | rR:mu sigma m M 0.00 0.00 0.00 0.00 | F:mu sigma m M 162.2 112.5 24.0 404.0 | H 1.099 | V -0.002 | pL -0.000 | vL 0.000 | delta 0.001
U 146 | F 299008 | FPS 0028 | D 10838 | rR:mu sigma m M 0.00 0.00 0.00 0.00 | F:mu sigma m M 204.4 114.3 23.0 487.0 | H 1.099 | V -0.002 | pL -0.001 | vL 0.000 | delta 0.001
U 147 | F 301056 | FPS 0027 | D 10914 | rR:mu sigma m M 0.00 0.00 0.00 0.00 | F:mu sigma m M 127.7 81.4 16.0 297.0 | H 1.098 | V 0.003 | pL -0.002 | vL 0.000 | delta 0.009
U 148 | F 303104 | FPS 0026 | D 10992 | rR:mu sigma m M 0.04 0.15 0.00 0.60 | F:mu sigma m M 170.1 140.4 34.0 525.0 | H 1.098 | V -0.001 | pL -0.001 | vL 0.000 | delta 0.008
U 149 | F 305152 | FPS 0027 | D 11067 | rR:mu sigma m M 0.00 0.00 0.00 0.00 | F:mu sigma m M 117.1 86.5 24.0 393.0 | H 1.099 | V -0.002 | pL -0.001 | vL 0.000 | delta 0.001
U 150 | F 307200 | FPS 0027 | D 11144 | rR:mu sigma m M 0.00 0.00 0.00 0.00 | F:mu sigma m M 214.6 152.6 26.0 480.0 | H 1.098 | V 0.000 | pL -0.001 | vL 0.000 | delta 0.002
U 151 | F 309248 | FPS 0027 | D 11219 | rR:mu sigma m M 0.05 0.19 0.00 0.78 | F:mu sigma m M 176.0 127.9 26.0 418.0 | H 1.098 | V 0.000 | pL -0.003 | vL 0.000 | delta 0.009
U 152 | F 311296 | FPS 0029 | D 11289 | rR:mu sigma m M 0.00 0.00 0.00 0.00 | F:mu sigma m M 128.4 82.5 13.0 314.0 | H 1.099 | V 0.002 | pL 0.000 | vL 0.000 | delta 0.001
U 153 | F 313344 | FPS 0030 | D 11356 | rR:mu sigma m M 0.00 0.00 0.00 0.00 | F:mu sigma m M 197.9 159.3 44.0 608.0 | H 1.097 | V 0.004 | pL 0.001 | vL 0.000 | delta 0.004
U 154 | F 315392 | FPS 0031 | D 11423 | rR:mu sigma m M 0.00 0.00 0.00 0.00 | F:mu sigma m M 210.4 169.4 21.0 556.0 | H 1.099 | V 0.001 | pL 0.000 | vL 0.000 | delta 0.001
U 155 | F 317440 | FPS 0026 | D 11502 | rR:mu sigma m M 0.00 0.00 0.00 0.00 | F:mu sigma m M 173.0 138.9 21.0 501.0 | H 1.099 | V 0.001 | pL 0.000 | vL 0.000 | delta 0.000
U 156 | F 319488 | FPS 0026 | D 11580 | rR:mu sigma m M 0.00 0.00 0.00 0.00 | F:mu sigma m M 190.1 80.9 53.0 326.0 | H 1.099 | V 0.001 | pL 0.000 | vL 0.000 | delta 0.000
U 157 | F 321536 | FPS 0029 | D 11651 | rR:mu sigma m M 0.00 0.00 0.00 0.00 | F:mu sigma m M 122.6 89.1 36.0 330.0 | H 1.099 | V 0.001 | pL 0.000 | vL 0.000 | delta 0.000
U 158 | F 323584 | FPS 0028 | D 11724 | rR:mu sigma m M 0.00 0.00 0.00 0.00 | F:mu sigma m M 170.8 142.0 36.0 508.0 | H 1.098 | V 0.001 | pL 0.001 | vL 0.000 | delta 0.002
U 159 | F 325632 | FPS 0028 | D 11798 | rR:mu sigma m M 0.00 0.00 0.00 0.00 | F:mu sigma m M 230.0 218.7 39.0 789.0 | H 1.099 | V 0.001 | pL 0.000 | vL 0.000 | delta 0.000
U 160 | F 327680 | FPS 0030 | D 11866 | rR:mu sigma m M 0.00 0.00 0.00 0.00 | F:mu sigma m M 148.3 125.1 39.0 555.0 | H 1.099 | V 0.001 | pL 0.000 | vL 0.000 | delta 0.000
U 161 | F 329728 | FPS 0031 | D 11933 | rR:mu sigma m M 0.00 0.00 0.00 0.00 | F:mu sigma m M 135.6 126.6 17.0 517.0 | H 1.099 | V 0.000 | pL 0.000 | vL 0.000 | delta 0.000
U 162 | F 331776 | FPS 0027 | D 12010 | rR:mu sigma m M 0.00 0.00 0.00 0.00 | F:mu sigma m M 106.1 110.4 17.0 500.0 | H 1.099 | V 0.000 | pL 0.000 | vL 0.000 | delta 0.000
U 163 | F 333824 | FPS 0025 | D 12093 | rR:mu sigma m M 0.00 0.00 0.00 0.00 | F:mu sigma m M 220.6 166.4 49.0 500.0 | H 1.098 | V 0.002 | pL 0.000 | vL 0.000 | delta 0.001
U 164 | F 335872 | FPS 0025 | D 12175 | rR:mu sigma m M 0.00 0.00 0.00 0.00 | F:mu sigma m M 230.3 146.7 63.0 496.0 | H 1.099 | V 0.001 | pL 0.000 | vL 0.000 | delta 0.000
U 165 | F 337920 | FPS 0029 | D 12245 | rR:mu sigma m M 0.00 0.00 0.00 0.00 | F:mu sigma m M 248.7 141.7 30.0 492.0 | H 1.099 | V 0.001 | pL 0.000 | vL 0.000 | delta 0.000
U 166 | F 339968 | FPS 0030 | D 12314 | rR:mu sigma m M 0.00 0.00 0.00 0.00 | F:mu sigma m M 210.8 156.6 13.0 489.0 | H 1.099 | V 0.001 | pL 0.000 | vL 0.000 | delta 0.001
U 167 | F 342016 | FPS 0029 | D 12385 | rR:mu sigma m M 0.04 0.16 0.00 0.70 | F:mu sigma m M 177.2 117.9 24.0 476.0 | H 1.098 | V 0.006 | pL -0.005 | vL 0.000 | delta 0.006
U 168 | F 344064 | FPS 0030 | D 12453 | rR:mu sigma m M 0.00 0.00 0.00 0.00 | F:mu sigma m M 123.1 96.3 24.0 341.0 | H 1.098 | V 0.002 | pL 0.001 | vL 0.000 | delta 0.000
U 169 | F 346112 | FPS 0031 | D 12519 | rR:mu sigma m M 0.00 0.00 0.00 0.00 | F:mu sigma m M 155.4 89.2 24.0 340.0 | H 1.099 | V 0.001 | pL 0.000 | vL 0.000 | delta 0.000
U 170 | F 348160 | FPS 0030 | D 12587 | rR:mu sigma m M 0.00 0.00 0.00 0.00 | F:mu sigma m M 143.4 78.0 30.0 340.0 | H 1.099 | V 0.001 | pL 0.000 | vL 0.000 | delta 0.000
U 171 | F 350208 | FPS 0025 | D 12668 | rR:mu sigma m M 0.00 0.00 0.00 0.00 | F:mu sigma m M 145.7 118.4 17.0 436.0 | H 1.099 | V 0.001 | pL 0.000 | vL 0.000 | delta 0.000
U 172 | F 352256 | FPS 0028 | D 12743 | rR:mu sigma m M 0.00 0.00 0.00 0.00 | F:mu sigma m M 157.9 123.1 24.0 436.0 | H 1.099 | V 0.001 | pL -0.000 | vL 0.000 | delta 0.000
U 173 | F 354304 | FPS 0027 | D 12818 | rR:mu sigma m M 0.05 0.20 0.00 0.82 | F:mu sigma m M 153.1 162.8 12.0 641.0 | H 1.097 | V 0.008 | pL -0.005 | vL 0.001 | delta 0.019
U 174 | F 356352 | FPS 0026 | D 12896 | rR:mu sigma m M 0.00 0.00 0.00 0.00 | F:mu sigma m M 185.9 172.4 12.0 581.0 | H 1.099 | V 0.002 | pL 0.000 | vL 0.000 | delta 0.002
U 175 | F 358400 | FPS 0025 | D 12977 | rR:mu sigma m M 0.00 0.00 0.00 0.00 | F:mu sigma m M 170.9 161.2 24.0 581.0 | H 1.099 | V -0.000 | pL -0.000 | vL 0.000 | delta 0.000
U 176 | F 360448 | FPS 0028 | D 13050 | rR:mu sigma m M 0.00 0.00 0.00 0.00 | F:mu sigma m M 125.8 93.0 36.0 350.0 | H 1.099 | V -0.000 | pL -0.000 | vL 0.000 | delta 0.000
U 177 | F 362496 | FPS 0027 | D 13127 | rR:mu sigma m M 0.00 0.00 0.00 0.00 | F:mu sigma m M 206.4 175.8 24.0 635.0 | H 1.098 | V 0.003 | pL 0.001 | vL 0.000 | delta 0.003
U 178 | F 364544 | FPS 0027 | D 13202 | rR:mu sigma m M 0.00 0.00 0.00 0.00 | F:mu sigma m M 194.7 162.7 24.0 635.0 | H 1.098 | V 0.001 | pL 0.000 | vL 0.000 | delta 0.001
U 179 | F 366592 | FPS 0029 | D 13272 | rR:mu sigma m M 0.00 0.00 0.00 0.00 | F:mu sigma m M 261.9 209.0 12.0 687.0 | H 1.099 | V 0.001 | pL 0.000 | vL 0.000 | delta 0.000
U 180 | F 368640 | FPS 0030 | D 13340 | rR:mu sigma m M 0.00 0.00 0.00 0.00 | F:mu sigma m M 152.1 129.7 12.0 502.0 | H 1.098 | V 0.002 | pL 0.001 | vL 0.000 | delta 0.001
U 181 | F 370688 | FPS 0030 | D 13408 | rR:mu sigma m M 0.00 0.00 0.00 0.00 | F:mu sigma m M 184.2 110.8 34.0 417.0 | H 1.099 | V 0.001 | pL 0.000 | vL 0.000 | delta 0.000
U 182 | F 372736 | FPS 0028 | D 13482 | rR:mu sigma m M 0.00 0.00 0.00 0.00 | F:mu sigma m M 207.2 154.8 20.0 604.0 | H 1.099 | V 0.000 | pL 0.000 | vL 0.000 | delta 0.000
U 183 | F 374784 | FPS 0027 | D 13559 | rR:mu sigma m M 0.00 0.00 0.00 0.00 | F:mu sigma m M 234.8 157.5 26.0 604.0 | H 1.099 | V 0.000 | pL 0.000 | vL 0.000 | delta 0.000
U 184 | F 376832 | FPS 0027 | D 13635 | rR:mu sigma m M 0.00 0.00 0.00 0.00 | F:mu sigma m M 124.3 88.4 18.0 309.0 | H 1.099 | V 0.000 | pL 0.000 | vL 0.000 | delta 0.000
U 185 | F 378880 | FPS 0026 | D 13715 | rR:mu sigma m M 0.00 0.00 0.00 0.00 | F:mu sigma m M 116.2 83.3 35.0 334.0 | H 1.099 | V 0.000 | pL 0.000 | vL 0.000 | delta 0.000
U 186 | F 380928 | FPS 0025 | D 13796 | rR:mu sigma m M 0.00 0.00 0.00 0.00 | F:mu sigma m M 124.0 90.1 24.0 334.0 | H 1.099 | V 0.001 | pL 0.000 | vL 0.000 | delta 0.000
U 187 | F 382976 | FPS 0027 | D 13873 | rR:mu sigma m M 0.00 0.00 0.00 0.00 | F:mu sigma m M 179.2 134.7 29.0 485.0 | H 1.098 | V 0.002 | pL 0.000 | vL 0.000 | delta 0.001
U 188 | F 385024 | FPS 0029 | D 13943 | rR:mu sigma m M 0.00 0.00 0.00 0.00 | F:mu sigma m M 216.5 168.7 27.0 668.0 | H 1.099 | V 0.000 | pL 0.000 | vL 0.000 | delta 0.000
U 189 | F 387072 | FPS 0030 | D 14012 | rR:mu sigma m M 0.00 0.00 0.00 0.00 | F:mu sigma m M 153.7 101.9 32.0 387.0 | H 1.099 | V 0.000 | pL 0.000 | vL 0.000 | delta 0.000
U 190 | F 389120 | FPS 0026 | D 14091 | rR:mu sigma m M 0.00 0.00 0.00 0.00 | F:mu sigma m M 205.8 129.1 32.0 512.0 | H 1.099 | V 0.000 | pL 0.000 | vL 0.000 | delta 0.000
U 191 | F 391168 | FPS 0027 | D 14168 | rR:mu sigma m M 0.00 0.00 0.00 0.00 | F:mu sigma m M 213.2 149.8 26.0 512.0 | H 1.099 | V 0.000 | pL 0.000 | vL 0.000 | delta 0.000
U 192 | F 393216 | FPS 0028 | D 14242 | rR:mu sigma m M 0.00 0.00 0.00 0.00 | F:mu sigma m M 154.6 94.4 18.0 381.0 | H 1.099 | V 0.000 | pL 0.000 | vL 0.000 | delta 0.000
U 193 | F 395264 | FPS 0029 | D 14313 | rR:mu sigma m M 0.00 0.00 0.00 0.00 | F:mu sigma m M 160.7 109.4 18.0 385.0 | H 1.099 | V 0.000 | pL 0.000 | vL 0.000 | delta 0.000
U 194 | F 397312 | FPS 0026 | D 14391 | rR:mu sigma m M 0.00 0.00 0.00 0.00 | F:mu sigma m M 185.6 164.5 19.0 626.0 | H 1.099 | V 0.001 | pL -0.000 | vL 0.000 | delta 0.000
U 195 | F 399360 | FPS 0028 | D 14465 | rR:mu sigma m M 0.04 0.17 0.00 0.70 | F:mu sigma m M 148.1 122.0 19.0 394.0 | H 1.098 | V 0.004 | pL -0.003 | vL 0.001 | delta 0.009
U 196 | F 401408 | FPS 0026 | D 14543 | rR:mu sigma m M 0.00 0.00 0.00 0.00 | F:mu sigma m M 214.0 220.5 21.0 876.0 | H 1.098 | V -0.003 | pL -0.002 | vL 0.000 | delta 0.001
U 197 | F 403456 | FPS 0030 | D 14612 | rR:mu sigma m M 0.00 0.00 0.00 0.00 | F:mu sigma m M 197.1 126.7 33.0 522.0 | H 1.099 | V -0.002 | pL -0.000 | vL 0.000 | delta 0.001
U 198 | F 405504 | FPS 0031 | D 14678 | rR:mu sigma m M 0.00 0.00 0.00 0.00 | F:mu sigma m M 166.0 153.0 17.0 644.0 | H 1.099 | V -0.001 | pL -0.001 | vL 0.000 | delta 0.001
U 199 | F 407552 | FPS 0027 | D 14755 | rR:mu sigma m M 0.00 0.00 0.00 0.00 | F:mu sigma m M 121.2 66.1 37.0 265.0 | H 1.098 | V 0.001 | pL 0.000 | vL 0.000 | delta 0.002
U 200 | F 409600 | FPS 0030 | D 14824 | rR:mu sigma m M 0.00 0.00 0.00 0.00 | F:mu sigma m M 175.1 130.5 37.0 510.0 | H 1.098 | V 0.004 | pL 0.001 | vL 0.000 | delta 0.001
U 201 | F 411648 | FPS 0028 | D 14898 | rR:mu sigma m M 0.08 0.22 0.00 0.73 | F:mu sigma m M 202.0 135.5 24.0 461.0 | H 1.097 | V 0.013 | pL -0.010 | vL 0.001 | delta 0.012
U 202 | F 413696 | FPS 0031 | D 14964 | rR:mu sigma m M 0.05 0.20 0.00 0.82 | F:mu sigma m M 180.7 112.6 45.0 461.0 | H 1.095 | V 0.004 | pL -0.001 | vL 0.000 | delta 0.014
U 203 | F 415744 | FPS 0031 | D 15029 | rR:mu sigma m M 0.00 0.00 0.00 0.00 | F:mu sigma m M 158.7 165.2 7.0 656.0 | H 1.098 | V 0.005 | pL 0.001 | vL 0.000 | delta 0.002
U 204 | F 417792 | FPS 0030 | D 15098 | rR:mu sigma m M 0.00 0.00 0.00 0.00 | F:mu sigma m M 136.8 112.5 22.0 412.0 | H 1.098 | V 0.002 | pL 0.001 | vL 0.000 | delta 0.001
U 205 | F 419840 | FPS 0025 | D 15180 | rR:mu sigma m M 0.00 0.00 0.00 0.00 | F:mu sigma m M 126.4 86.5 32.0 295.0 | H 1.099 | V 0.002 | pL 0.000 | vL 0.000 | delta 0.000
U 206 | F 421888 | FPS 0029 | D 15252 | rR:mu sigma m M 0.00 0.00 0.00 0.00 | F:mu sigma m M 230.2 195.0 26.0 803.0 | H 1.099 | V 0.001 | pL 0.000 | vL 0.000 | delta 0.001
U 207 | F 423936 | FPS 0029 | D 15323 | rR:mu sigma m M 0.00 0.00 0.00 0.00 | F:mu sigma m M 173.9 100.2 26.0 408.0 | H 1.098 | V 0.001 | pL 0.000 | vL 0.000 | delta 0.001
U 208 | F 425984 | FPS 0029 | D 15393 | rR:mu sigma m M 0.00 0.00 0.00 0.00 | F:mu sigma m M 154.0 108.3 58.0 408.0 | H 1.097 | V 0.012 | pL -0.004 | vL 0.001 | delta 0.014
U 209 | F 428032 | FPS 0025 | D 15476 | rR:mu sigma m M 0.07 0.20 0.00 0.73 | F:mu sigma m M 163.9 136.4 27.0 546.0 | H 1.097 | V 0.007 | pL -0.004 | vL 0.000 | delta 0.011
U 210 | F 430080 | FPS 0029 | D 15546 | rR:mu sigma m M 0.12 0.26 0.00 0.78 | F:mu sigma m M 146.6 129.4 27.0 546.0 | H 1.096 | V 0.010 | pL -0.005 | vL 0.001 | delta 0.013
U 211 | F 432128 | FPS 0027 | D 15622 | rR:mu sigma m M 0.00 0.00 0.00 0.00 | F:mu sigma m M 230.4 184.3 12.0 744.0 | H 1.098 | V -0.001 | pL -0.000 | vL 0.000 | delta 0.001
U 212 | F 434176 | FPS 0030 | D 15692 | rR:mu sigma m M 0.00 0.00 0.00 0.00 | F:mu sigma m M 141.6 108.1 12.0 410.0 | H 1.097 | V 0.001 | pL -0.001 | vL 0.000 | delta 0.003
U 213 | F 436224 | FPS 0027 | D 15766 | rR:mu sigma m M 0.00 0.00 0.00 0.00 | F:mu sigma m M 209.6 166.9 57.0 678.0 | H 1.097 | V 0.000 | pL 0.001 | vL 0.000 | delta 0.004
U 214 | F 438272 | FPS 0027 | D 15843 | rR:mu sigma m M 0.00 0.00 0.00 0.00 | F:mu sigma m M 188.1 140.0 24.0 407.0 | H 1.098 | V 0.000 | pL -0.001 | vL 0.000 | delta 0.003
U 215 | F 440320 | FPS 0030 | D 15911 | rR:mu sigma m M 0.00 0.00 0.00 0.00 | F:mu sigma m M 148.2 73.0 44.0 328.0 | H 1.098 | V -0.000 | pL 0.000 | vL 0.000 | delta 0.002
U 216 | F 442368 | FPS 0026 | D 15990 | rR:mu sigma m M 0.00 0.00 0.00 0.00 | F:mu sigma m M 123.9 92.2 17.0 369.0 | H 1.098 | V -0.000 | pL -0.000 | vL 0.000 | delta 0.001
U 217 | F 444416 | FPS 0026 | D 16070 | rR:mu sigma m M 0.00 0.00 0.00 0.00 | F:mu sigma m M 197.2 124.2 25.0 443.0 | H 1.098 | V 0.002 | pL 0.000 | vL 0.000 | delta 0.003
U 218 | F 446464 | FPS 0028 | D 16142 | rR:mu sigma m M 0.00 0.00 0.00 0.00 | F:mu sigma m M 141.4 92.6 23.0 326.0 | H 1.098 | V 0.001 | pL -0.000 | vL 0.000 | delta 0.001
U 219 | F 448512 | FPS 0027 | D 16219 | rR:mu sigma m M 0.00 0.00 0.00 0.00 | F:mu sigma m M 114.3 78.1 23.0 339.0 | H 1.098 | V 0.002 | pL 0.000 | vL 0.000 | delta 0.001
U 220 | F 450560 | FPS 0027 | D 16295 | rR:mu sigma m M 0.00 0.00 0.00 0.00 | F:mu sigma m M 140.0 97.8 17.0 373.0 | H 1.098 | V 0.001 | pL 0.001 | vL 0.000 | delta 0.002
U 221 | F 452608 | FPS 0028 | D 16369 | rR:mu sigma m M 0.00 0.00 0.00 0.00 | F:mu sigma m M 157.5 107.0 41.0 373.0 | H 1.099 | V -0.001 | pL -0.000 | vL 0.000 | delta 0.000
U 222 | F 454656 | FPS 0027 | D 16444 | rR:mu sigma m M 0.00 0.00 0.00 0.00 | F:mu sigma m M 164.1 128.4 18.0 467.0 | H 1.099 | V -0.001 | pL -0.000 | vL 0.000 | delta 0.000
U 223 | F 456704 | FPS 0027 | D 16520 | rR:mu sigma m M 0.00 0.00 0.00 0.00 | F:mu sigma m M 142.0 111.1 29.0 467.0 | H 1.099 | V -0.001 | pL -0.000 | vL 0.000 | delta 0.000
U 224 | F 458752 | FPS 0032 | D 16584 | rR:mu sigma m M 0.00 0.00 0.00 0.00 | F:mu sigma m M 196.2 200.7 29.0 900.0 | H 1.098 | V 0.000 | pL -0.000 | vL 0.000 | delta 0.001
U 225 | F 460800 | FPS 0027 | D 16661 | rR:mu sigma m M 0.00 0.00 0.00 0.00 | F:mu sigma m M 127.6 160.1 9.0 660.0 | H 1.098 | V 0.000 | pL 0.000 | vL 0.000 | delta 0.001
U 226 | F 462848 | FPS 0029 | D 16733 | rR:mu sigma m M 0.05 0.20 0.00 0.81 | F:mu sigma m M 165.8 131.7 32.0 484.0 | H 1.098 | V 0.004 | pL -0.006 | vL 0.001 | delta 0.010
U 227 | F 464896 | FPS 0027 | D 16809 | rR:mu sigma m M 0.00 0.00 0.00 0.00 | F:mu sigma m M 170.8 121.4 42.0 484.0 | H 1.099 | V 0.003 | pL 0.000 | vL 0.000 | delta 0.001
U 228 | F 466944 | FPS 0027 | D 16885 | rR:mu sigma m M 0.00 0.00 0.00 0.00 | F:mu sigma m M 184.6 99.4 42.0 358.0 | H 1.099 | V 0.004 | pL 0.001 | vL 0.000 | delta 0.001
U 229 | F 468992 | FPS 0026 | D 16965 | rR:mu sigma m M 0.00 0.00 0.00 0.00 | F:mu sigma m M 204.6 116.4 40.0 390.0 | H 1.099 | V 0.003 | pL 0.001 | vL 0.000 | delta 0.000
U 230 | F 471040 | FPS 0026 | D 17044 | rR:mu sigma m M 0.00 0.00 0.00 0.00 | F:mu sigma m M 168.6 103.6 18.0 389.0 | H 1.099 | V 0.002 | pL 0.001 | vL 0.000 | delta 0.000
U 231 | F 473088 | FPS 0028 | D 17117 | rR:mu sigma m M 0.00 0.00 0.00 0.00 | F:mu sigma m M 159.5 96.3 39.0 328.0 | H 1.099 | V 0.002 | pL 0.000 | vL 0.000 | delta 0.000
U 232 | F 475136 | FPS 0032 | D 17180 | rR:mu sigma m M 0.00 0.00 0.00 0.00 | F:mu sigma m M 144.7 92.3 19.0 320.0 | H 1.099 | V 0.001 | pL 0.000 | vL 0.000 | delta 0.000
U 233 | F 477184 | FPS 0028 | D 17253 | rR:mu sigma m M 0.00 0.00 0.00 0.00 | F:mu sigma m M 147.8 84.8 30.0 303.0 | H 1.099 | V 0.001 | pL 0.000 | vL 0.000 | delta 0.000
U 234 | F 479232 | FPS 0028 | D 17326 | rR:mu sigma m M 0.00 0.00 0.00 0.00 | F:mu sigma m M 150.1 135.1 36.0 537.0 | H 1.099 | V 0.002 | pL -0.000 | vL 0.000 | delta 0.000
U 235 | F 481280 | FPS 0030 | D 17395 | rR:mu sigma m M 0.00 0.00 0.00 0.00 | F:mu sigma m M 89.0 66.1 29.0 279.0 | H 1.099 | V 0.001 | pL 0.001 | vL 0.000 | delta 0.000
U 236 | F 483328 | FPS 0028 | D 17468 | rR:mu sigma m M 0.00 0.00 0.00 0.00 | F:mu sigma m M 161.2 146.2 34.0 584.0 | H 1.099 | V 0.000 | pL 0.000 | vL 0.000 | delta 0.000
U 237 | F 485376 | FPS 0029 | D 17537 | rR:mu sigma m M 0.00 0.00 0.00 0.00 | F:mu sigma m M 165.6 149.4 34.0 566.0 | H 1.099 | V 0.000 | pL 0.000 | vL 0.000 | delta 0.000
U 238 | F 487424 | FPS 0028 | D 17611 | rR:mu sigma m M 0.00 0.00 0.00 0.00 | F:mu sigma m M 191.4 190.0 34.0 625.0 | H 1.098 | V 0.003 | pL -0.000 | vL 0.000 | delta 0.002
U 239 | F 489472 | FPS 0027 | D 17687 | rR:mu sigma m M 0.00 0.00 0.00 0.00 | F:mu sigma m M 252.7 212.0 21.0 757.0 | H 1.099 | V 0.001 | pL 0.001 | vL 0.000 | delta 0.000
U 240 | F 491520 | FPS 0028 | D 17762 | rR:mu sigma m M 0.05 0.18 0.00 0.76 | F:mu sigma m M 307.2 206.8 36.0 757.0 | H 1.097 | V 0.006 | pL -0.006 | vL 0.001 | delta 0.015
U 241 | F 493568 | FPS 0028 | D 17835 | rR:mu sigma m M 0.00 0.00 0.00 0.00 | F:mu sigma m M 192.6 144.4 10.0 621.0 | H 1.099 | V 0.000 | pL -0.000 | vL 0.000 | delta 0.002
U 242 | F 495616 | FPS 0027 | D 17911 | rR:mu sigma m M 0.00 0.00 0.00 0.00 | F:mu sigma m M 190.4 70.3 38.0 292.0 | H 1.098 | V -0.001 | pL -0.000 | vL 0.000 | delta 0.001
U 243 | F 497664 | FPS 0030 | D 17980 | rR:mu sigma m M 0.00 0.00 0.00 0.00 | F:mu sigma m M 193.6 109.5 44.0 487.0 | H 1.099 | V -0.001 | pL -0.000 | vL 0.000 | delta 0.000
U 244 | F 499712 | FPS 0031 | D 18045 | rR:mu sigma m M 0.00 0.00 0.00 0.00 | F:mu sigma m M 180.7 105.2 44.0 487.0 | H 1.099 | V -0.001 | pL -0.000 | vL 0.000 | delta 0.000
U 245 | F 501760 | FPS 0028 | D 18118 | rR:mu sigma m M 0.00 0.00 0.00 0.00 | F:mu sigma m M 145.1 87.1 14.0 344.0 | H 1.099 | V -0.001 | pL -0.000 | vL 0.000 | delta 0.000
U 246 | F 503808 | FPS 0029 | D 18190 | rR:mu sigma m M 0.00 0.00 0.00 0.00 | F:mu sigma m M 157.4 142.2 14.0 432.0 | H 1.099 | V -0.001 | pL -0.000 | vL 0.000 | delta 0.000
U 247 | F 505856 | FPS 0032 | D 18255 | rR:mu sigma m M 0.00 0.00 0.00 0.00 | F:mu sigma m M 207.8 106.9 70.0 432.0 | H 1.099 | V 0.000 | pL -0.000 | vL 0.000 | delta 0.001
U 248 | F 507904 | FPS 0026 | D 18334 | rR:mu sigma m M 0.00 0.00 0.00 0.00 | F:mu sigma m M 182.8 101.3 34.0 324.0 | H 1.099 | V 0.001 | pL 0.000 | vL 0.000 | delta 0.001
U 249 | F 509952 | FPS 0026 | D 18411 | rR:mu sigma m M 0.00 0.00 0.00 0.00 | F:mu sigma m M 196.5 131.1 41.0 508.0 | H 1.099 | V 0.000 | pL -0.000 | vL 0.000 | delta 0.000
U 250 | F 512000 | FPS 0026 | D 18489 | rR:mu sigma m M 0.00 0.00 0.00 0.00 | F:mu sigma m M 156.2 132.9 16.0 508.0 | H 1.099 | V 0.000 | pL 0.000 | vL 0.000 | delta 0.000
U 251 | F 514048 | FPS 0029 | D 18561 | rR:mu sigma m M 0.00 0.00 0.00 0.00 | F:mu sigma m M 142.8 102.9 16.0 365.0 | H 1.099 | V 0.000 | pL 0.000 | vL 0.000 | delta 0.000
U 252 | F 516096 | FPS 0029 | D 18632 | rR:mu sigma m M 0.00 0.00 0.00 0.00 | F:mu sigma m M 181.3 97.5 34.0 372.0 | H 1.099 | V 0.000 | pL 0.000 | vL 0.000 | delta 0.000
U 253 | F 518144 | FPS 0028 | D 18704 | rR:mu sigma m M 0.00 0.00 0.00 0.00 | F:mu sigma m M 222.4 168.7 34.0 708.0 | H 1.098 | V 0.001 | pL -0.001 | vL 0.000 | delta 0.001
U 254 | F 520192 | FPS 0026 | D 18782 | rR:mu sigma m M 0.00 0.00 0.00 0.00 | F:mu sigma m M 254.6 167.6 47.0 708.0 | H 1.098 | V 0.001 | pL 0.000 | vL 0.000 | delta 0.001
U 255 | F 522240 | FPS 0029 | D 18854 | rR:mu sigma m M 0.00 0.00 0.00 0.00 | F:mu sigma m M 202.8 159.5 38.0 572.0 | H 1.099 | V 0.003 | pL 0.001 | vL 0.000 | delta 0.001
U 256 | F 524288 | FPS 0029 | D 18925 | rR:mu sigma m M 0.00 0.00 0.00 0.00 | F:mu sigma m M 181.1 158.5 31.0 618.0 | H 1.099 | V 0.002 | pL 0.000 | vL 0.000 | delta 0.001
U 257 | F 526336 | FPS 0028 | D 18998 | rR:mu sigma m M 0.01 0.04 0.00 0.16 | F:mu sigma m M 213.8 235.3 41.0 841.0 | H 1.098 | V 0.003 | pL -0.001 | vL 0.000 | delta 0.002
U 258 | F 528384 | FPS 0030 | D 19067 | rR:mu sigma m M 0.00 0.00 0.00 0.00 | F:mu sigma m M 160.3 111.6 21.0 410.0 | H 1.099 | V 0.000 | pL 0.000 | vL 0.000 | delta 0.000
U 259 | F 530432 | FPS 0029 | D 19137 | rR:mu sigma m M 0.00 0.00 0.00 0.00 | F:mu sigma m M 196.5 208.1 35.0 900.0 | H 1.099 | V 0.000 | pL -0.000 | vL 0.000 | delta 0.000
U 260 | F 532480 | FPS 0027 | D 19212 | rR:mu sigma m M 0.05 0.20 0.00 0.85 | F:mu sigma m M 203.7 202.3 16.0 900.0 | H 1.096 | V 0.003 | pL -0.004 | vL 0.001 | delta 0.008
U 261 | F 534528 | FPS 0024 | D 19297 | rR:mu sigma m M 0.00 0.00 0.00 0.00 | F:mu sigma m M 181.4 89.5 47.0 321.0 | H 1.098 | V -0.002 | pL -0.000 | vL 0.000 | delta 0.001
U 262 | F 536576 | FPS 0029 | D 19368 | rR:mu sigma m M 0.00 0.00 0.00 0.00 | F:mu sigma m M 175.0 164.1 24.0 679.0 | H 1.099 | V -0.002 | pL -0.001 | vL 0.000 | delta 0.000
U 263 | F 538624 | FPS 0028 | D 19441 | rR:mu sigma m M 0.00 0.00 0.00 0.00 | F:mu sigma m M 174.8 127.1 27.0 477.0 | H 1.099 | V -0.002 | pL -0.000 | vL 0.000 | delta 0.000
U 264 | F 540672 | FPS 0026 | D 19518 | rR:mu sigma m M 0.00 0.00 0.00 0.00 | F:mu sigma m M 164.4 141.5 21.0 477.0 | H 1.099 | V -0.001 | pL -0.000 | vL 0.000 | delta 0.000
U 265 | F 542720 | FPS 0026 | D 19598 | rR:mu sigma m M 0.00 0.00 0.00 0.00 | F:mu sigma m M 176.9 129.7 25.0 506.0 | H 1.099 | V -0.001 | pL -0.000 | vL 0.000 | delta 0.000
U 266 | F 544768 | FPS 0030 | D 19667 | rR:mu sigma m M 0.00 0.00 0.00 0.00 | F:mu sigma m M 179.2 124.4 60.0 478.0 | H 1.099 | V -0.001 | pL -0.000 | vL 0.000 | delta 0.000
U 267 | F 546816 | FPS 0028 | D 19740 | rR:mu sigma m M 0.00 0.00 0.00 0.00 | F:mu sigma m M 121.7 141.5 17.0 598.0 | H 1.099 | V -0.001 | pL -0.000 | vL 0.000 | delta 0.000
U 268 | F 548864 | FPS 0027 | D 19816 | rR:mu sigma m M 0.00 0.00 0.00 0.00 | F:mu sigma m M 186.5 233.1 17.0 900.0 | H 1.098 | V 0.002 | pL 0.000 | vL 0.000 | delta 0.003
U 269 | F 550912 | FPS 0030 | D 19884 | rR:mu sigma m M 0.00 0.00 0.00 0.00 | F:mu sigma m M 236.3 129.1 21.0 435.0 | H 1.098 | V 0.002 | pL 0.000 | vL 0.000 | delta 0.000
U 270 | F 552960 | FPS 0030 | D 19953 | rR:mu sigma m M 0.00 0.00 0.00 0.00 | F:mu sigma m M 181.8 91.3 73.0 417.0 | H 1.098 | V 0.003 | pL 0.001 | vL 0.000 | delta 0.003
U 271 | F 555008 | FPS 0025 | D 20036 | rR:mu sigma m M 0.00 0.00 0.00 0.00 | F:mu sigma m M 180.5 104.0 18.0 417.0 | H 1.098 | V 0.003 | pL 0.001 | vL 0.000 | delta 0.000
U 272 | F 557056 | FPS 0027 | D 20111 | rR:mu sigma m M 0.00 0.00 0.00 0.00 | F:mu sigma m M 210.1 203.2 18.0 900.0 | H 1.099 | V 0.003 | pL 0.001 | vL 0.000 | delta 0.000
U 273 | F 559104 | FPS 0023 | D 20199 | rR:mu sigma m M 0.00 0.00 0.00 0.00 | F:mu sigma m M 186.4 195.0 33.0 900.0 | H 1.099 | V 0.003 | pL 0.000 | vL 0.000 | delta 0.001
U 274 | F 561152 | FPS 0028 | D 20273 | rR:mu sigma m M 0.04 0.17 0.00 0.69 | F:mu sigma m M 171.6 135.7 33.0 600.0 | H 1.096 | V 0.005 | pL -0.003 | vL 0.001 | delta 0.011
U 275 | F 563200 | FPS 0025 | D 20356 | rR:mu sigma m M 0.04 0.17 0.00 0.69 | F:mu sigma m M 185.2 161.9 21.0 600.0 | H 1.098 | V -0.001 | pL 0.000 | vL 0.000 | delta 0.001
U 276 | F 565248 | FPS 0025 | D 20437 | rR:mu sigma m M 0.00 0.00 0.00 0.00 | F:mu sigma m M 274.1 211.4 8.0 751.0 | H 1.099 | V -0.000 | pL -0.000 | vL 0.000 | delta 0.000
U 277 | F 567296 | FPS 0027 | D 20513 | rR:mu sigma m M 0.00 0.00 0.00 0.00 | F:mu sigma m M 190.1 182.5 13.0 698.0 | H 1.099 | V -0.000 | pL -0.000 | vL 0.000 | delta 0.000
U 278 | F 569344 | FPS 0027 | D 20590 | rR:mu sigma m M 0.00 0.00 0.00 0.00 | F:mu sigma m M 123.6 102.9 16.0 359.0 | H 1.099 | V 0.000 | pL 0.000 | vL 0.000 | delta 0.000
U 279 | F 571392 | FPS 0029 | D 20659 | rR:mu sigma m M 0.00 0.00 0.00 0.00 | F:mu sigma m M 102.7 73.4 16.0 235.0 | H 1.099 | V -0.000 | pL 0.000 | vL 0.000 | delta 0.000
U 280 | F 573440 | FPS 0027 | D 20734 | rR:mu sigma m M 0.00 0.00 0.00 0.00 | F:mu sigma m M 155.7 122.4 9.0 449.0 | H 1.099 | V 0.000 | pL -0.000 | vL 0.000 | delta 0.000
U 281 | F 575488 | FPS 0030 | D 20803 | rR:mu sigma m M 0.00 0.00 0.00 0.00 | F:mu sigma m M 207.9 202.7 13.0 763.0 | H 1.099 | V 0.000 | pL 0.000 | vL 0.000 | delta 0.000
U 282 | F 577536 | FPS 0026 | D 20882 | rR:mu sigma m M 0.00 0.00 0.00 0.00 | F:mu sigma m M 146.4 128.3 24.0 488.0 | H 1.099 | V 0.000 | pL 0.000 | vL 0.000 | delta 0.000
U 283 | F 579584 | FPS 0027 | D 20959 | rR:mu sigma m M 0.00 0.00 0.00 0.00 | F:mu sigma m M 162.9 118.6 43.0 470.0 | H 1.099 | V 0.000 | pL 0.000 | vL 0.000 | delta 0.000
U 284 | F 581632 | FPS 0029 | D 21029 | rR:mu sigma m M 0.00 0.00 0.00 0.00 | F:mu sigma m M 182.8 176.7 44.0 786.0 | H 1.099 | V 0.000 | pL 0.000 | vL 0.000 | delta 0.001
U 285 | F 583680 | FPS 0026 | D 21108 | rR:mu sigma m M 0.00 0.00 0.00 0.00 | F:mu sigma m M 145.5 74.7 42.0 279.0 | H 1.099 | V 0.001 | pL 0.000 | vL 0.000 | delta 0.000
U 286 | F 585728 | FPS 0026 | D 21187 | rR:mu sigma m M 0.00 0.00 0.00 0.00 | F:mu sigma m M 173.1 118.5 29.0 429.0 | H 1.099 | V 0.001 | pL 0.000 | vL 0.000 | delta 0.000
U 287 | F 587776 | FPS 0026 | D 21264 | rR:mu sigma m M 0.00 0.00 0.00 0.00 | F:mu sigma m M 177.3 139.5 29.0 429.0 | H 1.099 | V 0.001 | pL 0.000 | vL 0.000 | delta 0.000
U 288 | F 589824 | FPS 0027 | D 21340 | rR:mu sigma m M 0.00 0.00 0.00 0.00 | F:mu sigma m M 200.6 125.8 30.0 429.0 | H 1.099 | V 0.000 | pL 0.000 | vL 0.000 | delta 0.000
U 289 | F 591872 | FPS 0029 | D 21410 | rR:mu sigma m M 0.00 0.00 0.00 0.00 | F:mu sigma m M 112.3 100.8 16.0 452.0 | H 1.099 | V 0.000 | pL 0.000 | vL 0.000 | delta 0.000
U 290 | F 593920 | FPS 0028 | D 21483 | rR:mu sigma m M 0.00 0.00 0.00 0.00 | F:mu sigma m M 199.4 195.5 26.0 803.0 | H 1.098 | V 0.005 | pL -0.003 | vL 0.000 | delta 0.006
U 291 | F 595968 | FPS 0026 | D 21561 | rR:mu sigma m M 0.00 0.00 0.00 0.00 | F:mu sigma m M 248.2 169.0 34.0 803.0 | H 1.096 | V 0.010 | pL 0.005 | vL 0.000 | delta 0.006
U 292 | F 598016 | FPS 0026 | D 21640 | rR:mu sigma m M 0.00 0.00 0.00 0.00 | F:mu sigma m M 187.2 97.5 62.0 439.0 | H 1.099 | V 0.003 | pL 0.001 | vL 0.000 | delta 0.000
U 293 | F 600064 | FPS 0030 | D 21709 | rR:mu sigma m M 0.05 0.18 0.00 0.74 | F:mu sigma m M 175.7 91.0 36.0 439.0 | H 1.095 | V 0.010 | pL -0.005 | vL 0.001 | delta 0.013
U 294 | F 602112 | FPS 0034 | D 21770 | rR:mu sigma m M 0.00 0.00 0.00 0.00 | F:mu sigma m M 138.4 104.1 8.0 432.0 | H 1.098 | V -0.004 | pL -0.002 | vL 0.000 | delta 0.009
U 295 | F 604160 | FPS 0029 | D 21840 | rR:mu sigma m M 0.00 0.00 0.00 0.00 | F:mu sigma m M 168.6 126.2 8.0 531.0 | H 1.099 | V -0.006 | pL -0.002 | vL 0.000 | delta 0.002
U 296 | F 606208 | FPS 0027 | D 21916 | rR:mu sigma m M 0.00 0.00 0.00 0.00 | F:mu sigma m M 195.8 196.6 19.0 609.0 | H 1.098 | V -0.005 | pL -0.002 | vL 0.000 | delta 0.002
U 297 | F 608256 | FPS 0028 | D 21989 | rR:mu sigma m M 0.00 0.00 0.00 0.00 | F:mu sigma m M 158.3 116.8 51.0 471.0 | H 1.098 | V -0.003 | pL -0.001 | vL 0.000 | delta 0.001
U 298 | F 610304 | FPS 0030 | D 22057 | rR:mu sigma m M 0.00 0.00 0.00 0.00 | F:mu sigma m M 123.7 102.2 21.0 471.0 | H 1.098 | V -0.002 | pL -0.001 | vL 0.000 | delta 0.001
U 299 | F 612352 | FPS 0033 | D 22119 | rR:mu sigma m M 0.00 0.00 0.00 0.00 | F:mu sigma m M 171.3 118.4 28.0 537.0 | H 1.099 | V -0.002 | pL -0.001 | vL 0.000 | delta 0.000
U 300 | F 614400 | FPS 0029 | D 22189 | rR:mu sigma m M 0.00 0.00 0.00 0.00 | F:mu sigma m M 168.4 102.8 41.0 422.0 | H 1.099 | V -0.001 | pL -0.000 | vL 0.000 | delta 0.000
U 301 | F 616448 | FPS 0026 | D 22269 | rR:mu sigma m M 0.00 0.00 0.00 0.00 | F:mu sigma m M 169.2 111.2 46.0 521.0 | H 1.099 | V -0.001 | pL -0.000 | vL 0.000 | delta 0.000
U 302 | F 618496 | FPS 0026 | D 22347 | rR:mu sigma m M 0.00 0.00 0.00 0.00 | F:mu sigma m M 153.8 137.3 21.0 521.0 | H 1.099 | V -0.001 | pL -0.000 | vL 0.000 | delta 0.000
U 303 | F 620544 | FPS 0029 | D 22417 | rR:mu sigma m M 0.00 0.00 0.00 0.00 | F:mu sigma m M 169.2 100.9 21.0 352.0 | H 1.099 | V -0.001 | pL -0.000 | vL 0.000 | delta 0.000
U 304 | F 622592 | FPS 0028 | D 22490 | rR:mu sigma m M 0.00 0.00 0.00 0.00 | F:mu sigma m M 193.5 140.5 29.0 630.0 | H 1.099 | V -0.000 | pL -0.000 | vL 0.000 | delta 0.000
U 305 | F 624640 | FPS 0028 | D 22563 | rR:mu sigma m M 0.00 0.00 0.00 0.00 | F:mu sigma m M 176.7 187.5 12.0 758.0 | H 1.099 | V 0.000 | pL 0.000 | vL 0.000 | delta 0.000
U 306 | F 626688 | FPS 0026 | D 22643 | rR:mu sigma m M 0.00 0.00 0.00 0.00 | F:mu sigma m M 168.1 177.6 31.0 758.0 | H 1.099 | V -0.000 | pL -0.000 | vL 0.000 | delta 0.000
U 307 | F 628736 | FPS 0031 | D 22710 | rR:mu sigma m M 0.05 0.19 0.00 0.79 | F:mu sigma m M 247.8 200.9 49.0 874.0 | H 1.096 | V 0.007 | pL -0.007 | vL 0.001 | delta 0.008
U 308 | F 630784 | FPS 0023 | D 22797 | rR:mu sigma m M 0.05 0.19 0.00 0.79 | F:mu sigma m M 220.6 202.1 36.0 874.0 | H 1.098 | V 0.002 | pL 0.001 | vL 0.000 | delta 0.001
U 309 | F 632832 | FPS 0026 | D 22875 | rR:mu sigma m M 0.00 0.00 0.00 0.00 | F:mu sigma m M 190.4 202.5 31.0 813.0 | H 1.098 | V 0.004 | pL 0.001 | vL 0.000 | delta 0.003
U 310 | F 634880 | FPS 0027 | D 22950 | rR:mu sigma m M 0.00 0.00 0.00 0.00 | F:mu sigma m M 227.1 209.8 41.0 813.0 | H 1.099 | V 0.001 | pL 0.000 | vL 0.000 | delta 0.001
U 311 | F 636928 | FPS 0030 | D 23019 | rR:mu sigma m M 0.00 0.00 0.00 0.00 | F:mu sigma m M 142.4 91.4 32.0 414.0 | H 1.099 | V 0.001 | pL 0.000 | vL 0.000 | delta 0.001
U 312 | F 638976 | FPS 0029 | D 23091 | rR:mu sigma m M 0.00 0.00 0.00 0.00 | F:mu sigma m M 224.8 217.3 34.0 876.0 | H 1.097 | V 0.004 | pL 0.001 | vL 0.000 | delta 0.004
U 313 | F 641024 | FPS 0034 | D 23151 | rR:mu sigma m M 0.00 0.00 0.00 0.00 | F:mu sigma m M 136.2 196.6 18.0 876.0 | H 1.099 | V 0.003 | pL 0.001 | vL 0.000 | delta 0.001
U 314 | F 643072 | FPS 0027 | D 23228 | rR:mu sigma m M 0.00 0.00 0.00 0.00 | F:mu sigma m M 160.4 146.8 18.0 589.0 | H 1.098 | V 0.004 | pL 0.001 | vL 0.000 | delta 0.002
U 315 | F 645120 | FPS 0030 | D 23296 | rR:mu sigma m M 0.00 0.00 0.00 0.00 | F:mu sigma m M 191.9 174.5 35.0 589.0 | H 1.099 | V 0.001 | pL 0.000 | vL 0.000 | delta 0.000
U 316 | F 647168 | FPS 0029 | D 23367 | rR:mu sigma m M 0.00 0.00 0.00 0.00 | F:mu sigma m M 173.3 119.9 38.0 493.0 | H 1.099 | V 0.001 | pL 0.000 | vL 0.000 | delta 0.000
U 317 | F 649216 | FPS 0027 | D 23444 | rR:mu sigma m M 0.00 0.00 0.00 0.00 | F:mu sigma m M 226.5 176.5 38.0 585.0 | H 1.099 | V 0.002 | pL 0.001 | vL 0.000 | delta 0.001
U 318 | F 651264 | FPS 0027 | D 23520 | rR:mu sigma m M 0.00 0.00 0.00 0.00 | F:mu sigma m M 220.5 190.1 15.0 585.0 | H 1.099 | V 0.002 | pL 0.000 | vL 0.000 | delta 0.000
U 319 | F 653312 | FPS 0026 | D 23600 | rR:mu sigma m M 0.00 0.00 0.00 0.00 | F:mu sigma m M 268.3 232.4 48.0 865.0 | H 1.099 | V 0.002 | pL -0.000 | vL 0.000 | delta 0.001
U 320 | F 655360 | FPS 0026 | D 23678 | rR:mu sigma m M 0.00 0.00 0.00 0.00 | F:mu sigma m M 233.8 165.5 53.0 586.0 | H 1.098 | V 0.002 | pL 0.001 | vL 0.000 | delta 0.001
U 321 | F 657408 | FPS 0026 | D 23756 | rR:mu sigma m M 0.00 0.00 0.00 0.00 | F:mu sigma m M 175.8 111.5 33.0 420.0 | H 1.099 | V 0.001 | pL 0.000 | vL 0.000 | delta 0.000
U 322 | F 659456 | FPS 0027 | D 23832 | rR:mu sigma m M 0.00 0.00 0.00 0.00 | F:mu sigma m M 187.1 160.2 11.0 576.0 | H 1.099 | V 0.001 | pL 0.000 | vL 0.000 | delta 0.000
U 323 | F 661504 | FPS 0030 | D 23902 | rR:mu sigma m M 0.00 0.00 0.00 0.00 | F:mu sigma m M 189.2 155.6 11.0 512.0 | H 1.099 | V 0.001 | pL 0.000 | vL 0.000 | delta 0.000
U 324 | F 663552 | FPS 0028 | D 23976 | rR:mu sigma m M 0.00 0.00 0.00 0.00 | F:mu sigma m M 194.2 136.6 34.0 478.0 | H 1.099 | V 0.000 | pL 0.000 | vL 0.000 | delta 0.000
U 325 | F 665600 | FPS 0028 | D 24050 | rR:mu sigma m M 0.00 0.00 0.00 0.00 | F:mu sigma m M 117.1 78.3 24.0 333.0 | H 1.099 | V 0.000 | pL 0.000 | vL 0.000 | delta 0.000
U 326 | F 667648 | FPS 0030 | D 24117 | rR:mu sigma m M 0.00 0.00 0.00 0.00 | F:mu sigma m M 165.9 150.8 36.0 560.0 | H 1.099 | V 0.000 | pL 0.000 | vL 0.000 | delta 0.000
U 327 | F 669696 | FPS 0027 | D 24191 | rR:mu sigma m M 0.00 0.00 0.00 0.00 | F:mu sigma m M 188.7 146.8 27.0 670.0 | H 1.099 | V 0.000 | pL 0.000 | vL 0.000 | delta 0.000
U 328 | F 671744 | FPS 0028 | D 24264 | rR:mu sigma m M 0.00 0.00 0.00 0.00 | F:mu sigma m M 200.1 153.8 21.0 670.0 | H 1.099 | V 0.000 | pL 0.000 | vL 0.000 | delta 0.001
U 329 | F 673792 | FPS 0026 | D 24344 | rR:mu sigma m M 0.00 0.00 0.00 0.00 | F:mu sigma m M 156.6 116.3 7.0 450.0 | H 1.099 | V 0.000 | pL -0.000 | vL 0.000 | delta 0.000
U 330 | F 675840 | FPS 0034 | D 24405 | rR:mu sigma m M 0.00 0.00 0.00 0.00 | F:mu sigma m M 170.2 148.6 7.0 558.0 | H 1.099 | V 0.000 | pL -0.000 | vL 0.000 | delta 0.000
U 331 | F 677888 | FPS 0030 | D 24473 | rR:mu sigma m M 0.00 0.00 0.00 0.00 | F:mu sigma m M 219.3 166.6 36.0 549.0 | H 1.099 | V 0.000 | pL 0.000 | vL 0.000 | delta 0.000
U 332 | F 679936 | FPS 0029 | D 24544 | rR:mu sigma m M 0.00 0.00 0.00 0.00 | F:mu sigma m M 117.5 92.8 28.0 358.0 | H 1.099 | V 0.000 | pL 0.000 | vL 0.000 | delta 0.000
U 333 | F 681984 | FPS 0030 | D 24612 | rR:mu sigma m M 0.00 0.00 0.00 0.00 | F:mu sigma m M 217.8 210.4 17.0 857.0 | H 1.099 | V 0.000 | pL 0.000 | vL 0.000 | delta 0.000
U 334 | F 684032 | FPS 0029 | D 24683 | rR:mu sigma m M 0.00 0.00 0.00 0.00 | F:mu sigma m M 187.0 137.2 41.0 606.0 | H 1.099 | V 0.000 | pL 0.000 | vL 0.000 | delta 0.000
U 335 | F 686080 | FPS 0027 | D 24758 | rR:mu sigma m M 0.00 0.00 0.00 0.00 | F:mu sigma m M 217.4 147.5 15.0 482.0 | H 1.099 | V 0.000 | pL 0.000 | vL 0.000 | delta 0.000
U 336 | F 688128 | FPS 0026 | D 24837 | rR:mu sigma m M 0.00 0.00 0.00 0.00 | F:mu sigma m M 216.9 144.9 57.0 482.0 | H 1.099 | V 0.000 | pL 0.000 | vL 0.000 | delta 0.000
U 337 | F 690176 | FPS 0027 | D 24914 | rR:mu sigma m M 0.00 0.00 0.00 0.00 | F:mu sigma m M 174.2 97.2 48.0 409.0 | H 1.099 | V 0.000 | pL 0.000 | vL 0.000 | delta 0.000
U 338 | F 692224 | FPS 0028 | D 24988 | rR:mu sigma m M 0.06 0.22 0.00 0.91 | F:mu sigma m M 177.8 156.6 31.0 563.0 | H 1.090 | V 0.007 | pL -0.006 | vL 0.001 | delta 0.018
U 339 | F 694272 | FPS 0034 | D 25048 | rR:mu sigma m M 0.00 0.00 0.00 0.00 | F:mu sigma m M 143.2 104.8 31.0 368.0 | H 1.098 | V 0.012 | pL 0.003 | vL 0.000 | delta 0.004
U 340 | F 696320 | FPS 0028 | D 25120 | rR:mu sigma m M 0.00 0.00 0.00 0.00 | F:mu sigma m M 142.5 113.5 29.0 460.0 | H 1.098 | V 0.008 | pL 0.002 | vL 0.000 | delta 0.001
U 341 | F 698368 | FPS 0030 | D 25188 | rR:mu sigma m M 0.00 0.00 0.00 0.00 | F:mu sigma m M 172.8 114.6 44.0 526.0 | H 1.098 | V 0.008 | pL 0.001 | vL 0.000 | delta 0.003
U 342 | F 700416 | FPS 0028 | D 25262 | rR:mu sigma m M 0.05 0.19 0.00 0.79 | F:mu sigma m M 196.8 197.6 27.0 808.0 | H 1.097 | V 0.014 | pL -0.004 | vL 0.001 | delta 0.016
U 343 | F 702464 | FPS 0026 | D 25339 | rR:mu sigma m M 0.05 0.19 0.00 0.79 | F:mu sigma m M 183.2 122.5 12.0 508.0 | H 1.098 | V 0.014 | pL 0.004 | vL 0.000 | delta 0.002
U 344 | F 704512 | FPS 0028 | D 25413 | rR:mu sigma m M 0.00 0.00 0.00 0.00 | F:mu sigma m M 178.9 143.9 12.0 628.0 | H 1.098 | V 0.011 | pL 0.002 | vL 0.000 | delta 0.003
U 345 | F 706560 | FPS 0026 | D 25491 | rR:mu sigma m M 0.00 0.00 0.00 0.00 | F:mu sigma m M 188.6 158.9 29.0 628.0 | H 1.098 | V 0.007 | pL 0.002 | vL 0.000 | delta 0.003
U 346 | F 708608 | FPS 0026 | D 25569 | rR:mu sigma m M 0.00 0.00 0.00 0.00 | F:mu sigma m M 204.4 142.6 74.0 589.0 | H 1.099 | V 0.004 | pL 0.001 | vL 0.000 | delta 0.001
U 347 | F 710656 | FPS 0026 | D 25649 | rR:mu sigma m M 0.00 0.00 0.00 0.00 | F:mu sigma m M 191.4 127.6 86.0 589.0 | H 1.099 | V 0.003 | pL 0.001 | vL 0.000 | delta 0.001
U 348 | F 712704 | FPS 0028 | D 25722 | rR:mu sigma m M 0.00 0.00 0.00 0.00 | F:mu sigma m M 196.7 99.3 47.0 363.0 | H 1.099 | V 0.002 | pL 0.001 | vL 0.000 | delta 0.001
U 349 | F 714752 | FPS 0026 | D 25801 | rR:mu sigma m M 0.00 0.00 0.00 0.00 | F:mu sigma m M 203.6 174.2 21.0 726.0 | H 1.098 | V 0.003 | pL 0.001 | vL 0.000 | delta 0.003
U 350 | F 716800 | FPS 0031 | D 25868 | rR:mu sigma m M 0.00 0.00 0.00 0.00 | F:mu sigma m M 155.2 140.4 18.0 590.0 | H 1.095 | V 0.007 | pL 0.000 | vL 0.000 | delta 0.008
U 351 | F 718848 | FPS 0025 | D 25952 | rR:mu sigma m M 0.04 0.14 0.00 0.59 | F:mu sigma m M 177.6 129.0 18.0 461.0 | H 1.097 | V 0.008 | pL -0.003 | vL 0.000 | delta 0.011
U 352 | F 720896 | FPS 0026 | D 26030 | rR:mu sigma m M 0.00 0.00 0.00 0.00 | F:mu sigma m M 162.6 105.3 47.0 461.0 | H 1.098 | V 0.007 | pL 0.002 | vL 0.000 | delta 0.002
U 353 | F 722944 | FPS 0024 | D 26117 | rR:mu sigma m M 0.00 0.00 0.00 0.00 | F:mu sigma m M 155.1 93.8 46.0 366.0 | H 1.096 | V 0.012 | pL 0.001 | vL 0.000 | delta 0.009
U 354 | F 724992 | FPS 0031 | D 26184 | rR:mu sigma m M 0.04 0.17 0.00 0.71 | F:mu sigma m M 165.8 117.2 14.0 373.0 | H 1.094 | V 0.017 | pL -0.000 | vL 0.000 | delta 0.008
U 355 | F 727040 | FPS 0028 | D 26258 | rR:mu sigma m M 0.00 0.00 0.00 0.00 | F:mu sigma m M 204.3 189.3 14.0 706.0 | H 1.099 | V 0.011 | pL 0.003 | vL 0.000 | delta 0.001
U 356 | F 729088 | FPS 0029 | D 26329 | rR:mu sigma m M 0.00 0.00 0.00 0.00 | F:mu sigma m M 225.4 140.8 29.0 557.0 | H 1.098 | V 0.009 | pL 0.002 | vL 0.000 | delta 0.002
U 357 | F 731136 | FPS 0026 | D 26406 | rR:mu sigma m M 0.00 0.00 0.00 0.00 | F:mu sigma m M 131.7 94.4 22.0 384.0 | H 1.098 | V 0.008 | pL 0.002 | vL 0.000 | delta 0.001
U 358 | F 733184 | FPS 0026 | D 26484 | rR:mu sigma m M 0.00 0.00 0.00 0.00 | F:mu sigma m M 160.8 115.4 22.0 394.0 | H 1.099 | V 0.006 | pL 0.002 | vL 0.000 | delta 0.001
U 359 | F 735232 | FPS 0029 | D 26556 | rR:mu sigma m M 0.00 0.00 0.00 0.00 | F:mu sigma m M 208.2 156.4 23.0 486.0 | H 1.099 | V 0.004 | pL 0.001 | vL 0.000 | delta 0.000
U 360 | F 737280 | FPS 0028 | D 26629 | rR:mu sigma m M 0.00 0.00 0.00 0.00 | F:mu sigma m M 159.7 119.2 46.0 485.0 | H 1.099 | V 0.003 | pL 0.001 | vL 0.000 | delta 0.000
U 361 | F 739328 | FPS 0027 | D 26703 | rR:mu sigma m M 0.00 0.00 0.00 0.00 | F:mu sigma m M 159.6 154.1 46.0 704.0 | H 1.099 | V 0.002 | pL 0.001 | vL 0.000 | delta 0.001
U 362 | F 741376 | FPS 0028 | D 26777 | rR:mu sigma m M 0.04 0.15 0.00 0.63 | F:mu sigma m M 253.8 205.9 44.0 704.0 | H 1.095 | V 0.010 | pL -0.004 | vL 0.001 | delta 0.009
U 363 | F 743424 | FPS 0026 | D 26856 | rR:mu sigma m M 0.00 0.00 0.00 0.00 | F:mu sigma m M 115.6 79.2 33.0 288.0 | H 1.098 | V 0.004 | pL 0.001 | vL 0.000 | delta 0.003
U 364 | F 745472 | FPS 0030 | D 26924 | rR:mu sigma m M 0.00 0.00 0.00 0.00 | F:mu sigma m M 141.8 88.6 33.0 301.0 | H 1.098 | V 0.002 | pL 0.001 | vL 0.000 | delta 0.004
U 365 | F 747520 | FPS 0025 | D 27006 | rR:mu sigma m M 0.00 0.00 0.00 0.00 | F:mu sigma m M 178.8 137.5 31.0 591.0 | H 1.098 | V 0.002 | pL 0.001 | vL 0.000 | delta 0.001
U 366 | F 749568 | FPS 0031 | D 27072 | rR:mu sigma m M 0.00 0.00 0.00 0.00 | F:mu sigma m M 140.1 106.7 30.0 477.0 | H 1.098 | V 0.002 | pL 0.001 | vL 0.000 | delta 0.001
U 367 | F 751616 | FPS 0027 | D 27149 | rR:mu sigma m M 0.00 0.00 0.00 0.00 | F:mu sigma m M 201.3 173.4 17.0 685.0 | H 1.097 | V 0.002 | pL 0.001 | vL 0.000 | delta 0.002
U 368 | F 753664 | FPS 0027 | D 27225 | rR:mu sigma m M 0.00 0.00 0.00 0.00 | F:mu sigma m M 176.2 210.6 17.0 900.0 | H 1.098 | V 0.002 | pL 0.000 | vL 0.000 | delta 0.002
U 369 | F 755712 | FPS 0026 | D 27304 | rR:mu sigma m M 0.00 0.00 0.00 0.00 | F:mu sigma m M 141.0 76.8 26.0 271.0 | H 1.099 | V 0.001 | pL 0.000 | vL 0.000 | delta 0.001
U 370 | F 757760 | FPS 0024 | D 27388 | rR:mu sigma m M 0.00 0.00 0.00 0.00 | F:mu sigma m M 178.1 137.2 27.0 481.0 | H 1.099 | V 0.001 | pL 0.000 | vL 0.000 | delta 0.000
U 371 | F 759808 | FPS 0030 | D 27456 | rR:mu sigma m M 0.00 0.00 0.00 0.00 | F:mu sigma m M 118.9 87.4 36.0 404.0 | H 1.096 | V 0.009 | pL -0.002 | vL 0.000 | delta 0.005
U 372 | F 761856 | FPS 0029 | D 27527 | rR:mu sigma m M 0.00 0.00 0.00 0.00 | F:mu sigma m M 146.7 85.4 66.0 320.0 | H 1.098 | V 0.003 | pL 0.002 | vL 0.000 | delta 0.004
U 373 | F 763904 | FPS 0029 | D 27597 | rR:mu sigma m M 0.00 0.00 0.00 0.00 | F:mu sigma m M 227.2 200.1 44.0 900.0 | H 1.098 | V 0.002 | pL 0.000 | vL 0.000 | delta 0.001
U 374 | F 765952 | FPS 0026 | D 27674 | rR:mu sigma m M 0.00 0.00 0.00 0.00 | F:mu sigma m M 187.4 195.0 36.0 900.0 | H 1.099 | V 0.002 | pL 0.001 | vL 0.000 | delta 0.001
U 375 | F 768000 | FPS 0028 | D 27748 | rR:mu sigma m M 0.00 0.00 0.00 0.00 | F:mu sigma m M 119.4 54.0 36.0 248.0 | H 1.099 | V 0.001 | pL 0.000 | vL 0.000 | delta 0.001
U 376 | F 770048 | FPS 0029 | D 27820 | rR:mu sigma m M 0.00 0.00 0.00 0.00 | F:mu sigma m M 185.5 162.1 13.0 516.0 | H 1.099 | V 0.002 | pL 0.000 | vL 0.000 | delta 0.000
U 377 | F 772096 | FPS 0026 | D 27899 | rR:mu sigma m M 0.00 0.00 0.00 0.00 | F:mu sigma m M 199.8 154.5 13.0 443.0 | H 1.099 | V 0.001 | pL 0.000 | vL 0.000 | delta 0.001
U 378 | F 774144 | FPS 0027 | D 27975 | rR:mu sigma m M 0.00 0.00 0.00 0.00 | F:mu sigma m M 157.8 102.9 33.0 443.0 | H 1.099 | V 0.001 | pL 0.000 | vL 0.000 | delta 0.000
U 379 | F 776192 | FPS 0027 | D 28050 | rR:mu sigma m M 0.00 0.00 0.00 0.00 | F:mu sigma m M 214.9 140.6 40.0 526.0 | H 1.099 | V 0.001 | pL 0.000 | vL 0.000 | delta 0.000
U 380 | F 778240 | FPS 0027 | D 28125 | rR:mu sigma m M 0.00 0.00 0.00 0.00 | F:mu sigma m M 190.9 196.0 27.0 754.0 | H 1.099 | V 0.000 | pL 0.000 | vL 0.000 | delta 0.000
U 381 | F 780288 | FPS 0028 | D 28198 | rR:mu sigma m M 0.00 0.00 0.00 0.00 | F:mu sigma m M 149.0 147.8 24.0 471.0 | H 1.099 | V 0.000 | pL 0.000 | vL 0.000 | delta 0.000
U 382 | F 782336 | FPS 0031 | D 28265 | rR:mu sigma m M 0.00 0.00 0.00 0.00 | F:mu sigma m M 172.8 147.6 24.0 471.0 | H 1.099 | V 0.000 | pL 0.000 | vL 0.000 | delta 0.000
U 383 | F 784384 | FPS 0029 | D 28336 | rR:mu sigma m M 0.00 0.00 0.00 0.00 | F:mu sigma m M 135.3 111.8 24.0 368.0 | H 1.099 | V 0.000 | pL 0.000 | vL 0.000 | delta 0.000
U 384 | F 786432 | FPS 0031 | D 28402 | rR:mu sigma m M 0.00 0.00 0.00 0.00 | F:mu sigma m M 150.2 156.7 29.0 551.0 | H 1.099 | V 0.000 | pL 0.000 | vL 0.000 | delta 0.000
U 385 | F 788480 | FPS 0025 | D 28484 | rR:mu sigma m M 0.00 0.00 0.00 0.00 | F:mu sigma m M 201.2 191.2 29.0 757.0 | H 1.099 | V 0.001 | pL 0.000 | vL 0.000 | delta 0.001
U 386 | F 790528 | FPS 0026 | D 28564 | rR:mu sigma m M 0.00 0.00 0.00 0.00 | F:mu sigma m M 166.7 174.7 32.0 757.0 | H 1.099 | V 0.001 | pL 0.000 | vL 0.000 | delta 0.000
U 387 | F 792576 | FPS 0028 | D 28636 | rR:mu sigma m M 0.00 0.00 0.00 0.00 | F:mu sigma m M 157.8 108.0 19.0 387.0 | H 1.099 | V 0.001 | pL 0.000 | vL 0.000 | delta 0.000
U 388 | F 794624 | FPS 0026 | D 28716 | rR:mu sigma m M 0.00 0.00 0.00 0.00 | F:mu sigma m M 187.6 207.9 19.0 900.0 | H 1.099 | V 0.000 | pL 0.000 | vL 0.000 | delta 0.000
U 389 | F 796672 | FPS 0026 | D 28794 | rR:mu sigma m M 0.06 0.22 0.00 0.91 | F:mu sigma m M 202.2 225.5 39.0 900.0 | H 1.096 | V 0.010 | pL -0.007 | vL 0.001 | delta 0.011
U 390 | F 798720 | FPS 0029 | D 28866 | rR:mu sigma m M 0.00 0.00 0.00 0.00 | F:mu sigma m M 242.9 179.0 27.0 574.0 | H 1.098 | V -0.000 | pL 0.000 | vL 0.000 | delta 0.007
U 391 | F 800768 | FPS 0028 | D 28939 | rR:mu sigma m M 0.00 0.00 0.00 0.00 | F:mu sigma m M 188.1 126.4 29.0 465.0 | H 1.097 | V -0.001 | pL 0.000 | vL 0.000 | delta 0.007
U 392 | F 802816 | FPS 0028 | D 29012 | rR:mu sigma m M 0.00 0.00 0.00 0.00 | F:mu sigma m M 164.2 163.2 21.0 591.0 | H 1.099 | V -0.001 | pL -0.000 | vL 0.000 | delta 0.002
U 393 | F 804864 | FPS 0026 | D 29090 | rR:mu sigma m M 0.00 0.00 0.00 0.00 | F:mu sigma m M 179.6 139.5 41.0 591.0 | H 1.099 | V -0.001 | pL -0.000 | vL 0.000 | delta 0.000
U 394 | F 806912 | FPS 0030 | D 29160 | rR:mu sigma m M 0.00 0.00 0.00 0.00 | F:mu sigma m M 190.2 114.0 20.0 456.0 | H 1.098 | V -0.000 | pL -0.001 | vL 0.000 | delta 0.001
U 395 | F 808960 | FPS 0026 | D 29238 | rR:mu sigma m M 0.04 0.17 0.00 0.70 | F:mu sigma m M 190.6 121.2 28.0 456.0 | H 1.094 | V 0.012 | pL -0.005 | vL 0.001 | delta 0.014
U 396 | F 811008 | FPS 0030 | D 29305 | rR:mu sigma m M 0.08 0.22 0.00 0.70 | F:mu sigma m M 228.7 216.2 19.0 900.0 | H 1.092 | V 0.011 | pL -0.003 | vL 0.001 | delta 0.011
U 397 | F 813056 | FPS 0025 | D 29388 | rR:mu sigma m M 0.04 0.14 0.00 0.60 | F:mu sigma m M 238.4 240.0 34.0 900.0 | H 1.098 | V 0.000 | pL 0.000 | vL 0.000 | delta 0.003
U 398 | F 815104 | FPS 0029 | D 29458 | rR:mu sigma m M 0.00 0.00 0.00 0.00 | F:mu sigma m M 183.7 124.7 15.0 375.0 | H 1.098 | V -0.000 | pL -0.000 | vL 0.000 | delta 0.002
U 399 | F 817152 | FPS 0025 | D 29542 | rR:mu sigma m M 0.00 0.00 0.00 0.00 | F:mu sigma m M 163.1 115.7 15.0 395.0 | H 1.098 | V 0.001 | pL 0.000 | vL 0.000 | delta 0.001
U 400 | F 819200 | FPS 0026 | D 29619 | rR:mu sigma m M 0.00 0.00 0.00 0.00 | F:mu sigma m M 163.1 99.7 46.0 328.0 | H 1.098 | V 0.000 | pL 0.000 | vL 0.000 | delta 0.001
U 401 | F 821248 | FPS 0030 | D 29688 | rR:mu sigma m M 0.00 0.00 0.00 0.00 | F:mu sigma m M 175.0 119.1 7.0 452.0 | H 1.099 | V 0.000 | pL 0.000 | vL 0.000 | delta 0.000
U 402 | F 823296 | FPS 0027 | D 29763 | rR:mu sigma m M 0.00 0.00 0.00 0.00 | F:mu sigma m M 134.3 74.2 44.0 302.0 | H 1.098 | V 0.000 | pL 0.000 | vL 0.000 | delta 0.000
U 403 | F 825344 | FPS 0027 | D 29839 | rR:mu sigma m M 0.00 0.00 0.00 0.00 | F:mu sigma m M 160.1 90.5 56.0 334.0 | H 1.099 | V 0.000 | pL 0.000 | vL 0.000 | delta 0.000
U 404 | F 827392 | FPS 0030 | D 29907 | rR:mu sigma m M 0.00 0.00 0.00 0.00 | F:mu sigma m M 173.2 101.9 20.0 378.0 | H 1.099 | V 0.001 | pL 0.000 | vL 0.000 | delta 0.000
U 405 | F 829440 | FPS 0027 | D 29983 | rR:mu sigma m M 0.00 0.00 0.00 0.00 | F:mu sigma m M 232.1 219.5 20.0 900.0 | H 1.099 | V 0.000 | pL 0.000 | vL 0.000 | delta 0.000
U 406 | F 831488 | FPS 0032 | D 30046 | rR:mu sigma m M 0.05 0.18 0.00 0.74 | F:mu sigma m M 253.8 217.3 15.0 900.0 | H 1.093 | V 0.012 | pL -0.005 | vL 0.001 | delta 0.011
U 407 | F 833536 | FPS 0028 | D 30119 | rR:mu sigma m M 0.05 0.18 0.00 0.74 | F:mu sigma m M 237.4 170.4 26.0 605.0 | H 1.098 | V 0.001 | pL 0.000 | vL 0.000 | delta 0.001
U 408 | F 835584 | FPS 0028 | D 30193 | rR:mu sigma m M 0.00 0.00 0.00 0.00 | F:mu sigma m M 228.9 152.8 26.0 503.0 | H 1.098 | V 0.001 | pL 0.000 | vL 0.000 | delta 0.002
U 409 | F 837632 | FPS 0028 | D 30265 | rR:mu sigma m M 0.00 0.00 0.00 0.00 | F:mu sigma m M 128.5 119.3 19.0 445.0 | H 1.098 | V 0.001 | pL 0.000 | vL 0.000 | delta 0.001
U 410 | F 839680 | FPS 0031 | D 30331 | rR:mu sigma m M 0.00 0.00 0.00 0.00 | F:mu sigma m M 113.0 47.1 30.0 212.0 | H 1.098 | V 0.001 | pL 0.000 | vL 0.000 | delta 0.000
U 411 | F 841728 | FPS 0029 | D 30400 | rR:mu sigma m M 0.00 0.00 0.00 0.00 | F:mu sigma m M 114.2 42.8 42.0 196.0 | H 1.098 | V 0.000 | pL 0.000 | vL 0.000 | delta 0.000
U 412 | F 843776 | FPS 0031 | D 30466 | rR:mu sigma m M 0.00 0.00 0.00 0.00 | F:mu sigma m M 205.8 171.1 49.0 733.0 | H 1.098 | V 0.001 | pL 0.000 | vL 0.000 | delta 0.001
U 413 | F 845824 | FPS 0029 | D 30537 | rR:mu sigma m M 0.00 0.00 0.00 0.00 | F:mu sigma m M 206.8 218.6 21.0 823.0 | H 1.099 | V 0.001 | pL 0.000 | vL 0.000 | delta 0.000
U 414 | F 847872 | FPS 0034 | D 30598 | rR:mu sigma m M 0.00 0.00 0.00 0.00 | F:mu sigma m M 126.9 107.1 16.0 486.0 | H 1.096 | V 0.003 | pL -0.000 | vL 0.000 | delta 0.004
U 415 | F 849920 | FPS 0029 | D 30669 | rR:mu sigma m M 0.03 0.12 0.00 0.50 | F:mu sigma m M 170.3 143.8 46.0 513.0 | H 1.096 | V 0.012 | pL -0.002 | vL 0.000 | delta 0.007
U 416 | F 851968 | FPS 0028 | D 30742 | rR:mu sigma m M 0.03 0.12 0.00 0.50 | F:mu sigma m M 161.6 110.4 52.0 497.0 | H 1.098 | V 0.004 | pL 0.001 | vL 0.000 | delta 0.001
U 417 | F 854016 | FPS 0030 | D 30810 | rR:mu sigma m M 0.00 0.00 0.00 0.00 | F:mu sigma m M 184.1 113.1 23.0 396.0 | H 1.098 | V 0.003 | pL 0.001 | vL 0.000 | delta 0.002
U 418 | F 856064 | FPS 0030 | D 30878 | rR:mu sigma m M 0.00 0.00 0.00 0.00 | F:mu sigma m M 157.6 119.1 11.0 396.0 | H 1.099 | V 0.003 | pL 0.001 | vL 0.000 | delta 0.000
U 419 | F 858112 | FPS 0028 | D 30952 | rR:mu sigma m M 0.00 0.00 0.00 0.00 | F:mu sigma m M 160.9 103.7 11.0 343.0 | H 1.099 | V 0.003 | pL -0.000 | vL 0.000 | delta 0.002
U 420 | F 860160 | FPS 0029 | D 31024 | rR:mu sigma m M 0.00 0.00 0.00 0.00 | F:mu sigma m M 201.7 194.4 20.0 688.0 | H 1.098 | V 0.003 | pL 0.001 | vL 0.000 | delta 0.002
U 421 | F 862208 | FPS 0028 | D 31096 | rR:mu sigma m M 0.00 0.00 0.00 0.00 | F:mu sigma m M 176.0 201.9 23.0 688.0 | H 1.099 | V 0.001 | pL 0.000 | vL 0.000 | delta 0.001
U 422 | F 864256 | FPS 0024 | D 31182 | rR:mu sigma m M 0.00 0.00 0.00 0.00 | F:mu sigma m M 145.5 139.6 16.0 571.0 | H 1.099 | V 0.001 | pL 0.000 | vL 0.000 | delta 0.000
U 423 | F 866304 | FPS 0027 | D 31259 | rR:mu sigma m M 0.00 0.00 0.00 0.00 | F:mu sigma m M 254.8 147.8 84.0 567.0 | H 1.099 | V 0.001 | pL 0.000 | vL 0.000 | delta 0.000
U 424 | F 868352 | FPS 0028 | D 31333 | rR:mu sigma m M 0.00 0.00 0.00 0.00 | F:mu sigma m M 168.3 115.6 66.0 490.0 | H 1.099 | V 0.001 | pL -0.000 | vL 0.000 | delta 0.001
U 425 | F 870400 | FPS 0025 | D 31414 | rR:mu sigma m M 0.05 0.19 0.00 0.80 | F:mu sigma m M 161.2 119.7 43.0 525.0 | H 1.092 | V 0.018 | pL -0.002 | vL 0.001 | delta 0.017
U 426 | F 872448 | FPS 0028 | D 31488 | rR:mu sigma m M 0.00 0.00 0.00 0.00 | F:mu sigma m M 146.4 117.7 38.0 390.0 | H 1.098 | V 0.003 | pL 0.001 | vL 0.000 | delta 0.008
U 427 | F 874496 | FPS 0026 | D 31568 | rR:mu sigma m M 0.00 0.00 0.00 0.00 | F:mu sigma m M 144.4 126.4 27.0 464.0 | H 1.098 | V 0.004 | pL 0.001 | vL 0.000 | delta 0.003
U 428 | F 876544 | FPS 0022 | D 31659 | rR:mu sigma m M 0.00 0.00 0.00 0.00 | F:mu sigma m M 134.6 119.9 35.0 464.0 | H 1.098 | V 0.004 | pL 0.001 | vL 0.000 | delta 0.004
U 429 | F 878592 | FPS 0026 | D 31740 | rR:mu sigma m M 0.00 0.00 0.00 0.00 | F:mu sigma m M 172.9 112.6 23.0 412.0 | H 1.098 | V 0.004 | pL 0.001 | vL 0.000 | delta 0.001
U 430 | F 880640 | FPS 0026 | D 31818 | rR:mu sigma m M 0.00 0.00 0.00 0.00 | F:mu sigma m M 188.4 138.4 51.0 556.0 | H 1.099 | V 0.003 | pL 0.001 | vL 0.000 | delta 0.001
U 431 | F 882688 | FPS 0029 | D 31889 | rR:mu sigma m M 0.00 0.00 0.00 0.00 | F:mu sigma m M 176.2 131.5 25.0 562.0 | H 1.098 | V 0.003 | pL 0.001 | vL 0.000 | delta 0.001
U 432 | F 884736 | FPS 0031 | D 31955 | rR:mu sigma m M 0.00 0.00 0.00 0.00 | F:mu sigma m M 168.1 205.2 29.0 900.0 | H 1.099 | V 0.003 | pL 0.001 | vL 0.000 | delta 0.000
U 433 | F 886784 | FPS 0029 | D 32027 | rR:mu sigma m M 0.00 0.00 0.00 0.00 | F:mu sigma m M 135.1 93.9 29.0 382.0 | H 1.099 | V 0.002 | pL 0.001 | vL 0.000 | delta 0.001
U 434 | F 888832 | FPS 0024 | D 32114 | rR:mu sigma m M 0.00 0.00 0.00 0.00 | F:mu sigma m M 195.8 186.8 18.0 766.0 | H 1.099 | V 0.002 | pL 0.000 | vL 0.000 | delta 0.000
U 435 | F 890880 | FPS 0033 | D 32177 | rR:mu sigma m M 0.00 0.00 0.00 0.00 | F:mu sigma m M 188.2 180.6 18.0 766.0 | H 1.099 | V 0.001 | pL 0.000 | vL 0.000 | delta 0.000
U 436 | F 892928 | FPS 0029 | D 32248 | rR:mu sigma m M 0.00 0.00 0.00 0.00 | F:mu sigma m M 166.9 100.1 30.0 317.0 | H 1.099 | V 0.001 | pL 0.000 | vL 0.000 | delta 0.000
U 437 | F 894976 | FPS 0030 | D 32317 | rR:mu sigma m M 0.00 0.00 0.00 0.00 | F:mu sigma m M 215.2 174.5 17.0 707.0 | H 1.099 | V 0.001 | pL 0.000 | vL 0.000 | delta 0.000
U 438 | F 897024 | FPS 0025 | D 32399 | rR:mu sigma m M 0.00 0.00 0.00 0.00 | F:mu sigma m M 160.3 135.2 45.0 486.0 | H 1.099 | V 0.000 | pL 0.000 | vL 0.000 | delta 0.000
U 439 | F 899072 | FPS 0025 | D 32482 | rR:mu sigma m M 0.00 0.00 0.00 0.00 | F:mu sigma m M 210.4 222.8 45.0 900.0 | H 1.099 | V 0.000 | pL 0.000 | vL 0.000 | delta 0.000
U 440 | F 901120 | FPS 0029 | D 32553 | rR:mu sigma m M 0.00 0.00 0.00 0.00 | F:mu sigma m M 266.6 233.2 13.0 900.0 | H 1.099 | V 0.000 | pL 0.000 | vL 0.000 | delta 0.000
U 441 | F 903168 | FPS 0027 | D 32628 | rR:mu sigma m M 0.00 0.00 0.00 0.00 | F:mu sigma m M 221.9 185.9 26.0 642.0 | H 1.099 | V 0.000 | pL 0.000 | vL 0.000 | delta 0.002
U 442 | F 905216 | FPS 0027 | D 32705 | rR:mu sigma m M 0.00 0.00 0.00 0.00 | F:mu sigma m M 110.1 65.1 37.0 264.0 | H 1.098 | V 0.001 | pL 0.000 | vL 0.000 | delta 0.005
U 443 | F 907264 | FPS 0027 | D 32780 | rR:mu sigma m M 0.00 0.00 0.00 0.00 | F:mu sigma m M 132.9 98.6 32.0 336.0 | H 1.099 | V 0.001 | pL 0.000 | vL 0.000 | delta 0.000
U 444 | F 909312 | FPS 0026 | D 32858 | rR:mu sigma m M 0.00 0.00 0.00 0.00 | F:mu sigma m M 191.4 189.7 29.0 834.0 | H 1.099 | V 0.001 | pL 0.000 | vL 0.000 | delta 0.000
U 445 | F 911360 | FPS 0028 | D 32931 | rR:mu sigma m M 0.04 0.14 0.00 0.58 | F:mu sigma m M 170.0 116.2 29.0 425.0 | H 1.095 | V 0.012 | pL -0.003 | vL 0.000 | delta 0.020
U 446 | F 913408 | FPS 0030 | D 33000 | rR:mu sigma m M 0.00 0.00 0.00 0.00 | F:mu sigma m M 164.5 146.7 23.0 574.0 | H 1.098 | V -0.006 | pL -0.002 | vL 0.000 | delta 0.003
U 447 | F 915456 | FPS 0028 | D 33074 | rR:mu sigma m M 0.00 0.00 0.00 0.00 | F:mu sigma m M 156.8 125.8 47.0 574.0 | H 1.092 | V 0.004 | pL -0.005 | vL 0.000 | delta 0.011
U 448 | F 917504 | FPS 0032 | D 33138 | rR:mu sigma m M 0.05 0.20 0.00 0.81 | F:mu sigma m M 148.4 79.2 33.0 338.0 | H 1.097 | V -0.005 | pL -0.002 | vL 0.000 | delta 0.004
U 449 | F 919552 | FPS 0036 | D 33196 | rR:mu sigma m M 0.00 0.00 0.00 0.00 | F:mu sigma m M 125.9 84.4 35.0 330.0 | H 1.098 | V -0.003 | pL -0.001 | vL 0.000 | delta 0.002
U 450 | F 921600 | FPS 0028 | D 33268 | rR:mu sigma m M 0.00 0.00 0.00 0.00 | F:mu sigma m M 200.6 146.7 35.0 540.0 | H 1.097 | V -0.001 | pL -0.001 | vL 0.000 | delta 0.004
U 451 | F 923648 | FPS 0030 | D 33337 | rR:mu sigma m M 0.04 0.15 0.00 0.61 | F:mu sigma m M 224.8 150.2 22.0 540.0 | H 1.096 | V 0.002 | pL -0.004 | vL 0.000 | delta 0.032
U 452 | F 925696 | FPS 0025 | D 33420 | rR:mu sigma m M 0.00 0.00 0.00 0.00 | F:mu sigma m M 142.3 88.8 20.0 369.0 | H 1.098 | V 0.006 | pL 0.002 | vL 0.000 | delta 0.008
U 453 | F 927744 | FPS 0030 | D 33487 | rR:mu sigma m M 0.05 0.21 0.00 0.85 | F:mu sigma m M 209.1 154.5 20.0 617.0 | H 1.093 | V 0.015 | pL -0.005 | vL 0.001 | delta 0.018
U 454 | F 929792 | FPS 0030 | D 33555 | rR:mu sigma m M 0.00 0.00 0.00 0.00 | F:mu sigma m M 108.6 75.7 10.0 272.0 | H 1.096 | V 0.007 | pL 0.002 | vL 0.000 | delta 0.005
U 455 | F 931840 | FPS 0029 | D 33624 | rR:mu sigma m M 0.00 0.00 0.00 0.00 | F:mu sigma m M 105.4 69.1 27.0 282.0 | H 1.088 | V 0.012 | pL -0.000 | vL 0.000 | delta 0.008
U 456 | F 933888 | FPS 0033 | D 33686 | rR:mu sigma m M 0.06 0.21 0.00 0.89 | F:mu sigma m M 114.6 84.3 9.0 353.0 | H 1.083 | V 0.021 | pL -0.002 | vL 0.002 | delta 0.017
U 457 | F 935936 | FPS 0026 | D 33765 | rR:mu sigma m M 0.09 0.25 0.00 0.89 | F:mu sigma m M 164.1 155.2 9.0 591.0 | H 1.079 | V 0.024 | pL -0.001 | vL 0.000 | delta 0.012
U 458 | F 937984 | FPS 0028 | D 33839 | rR:mu sigma m M 0.04 0.14 0.00 0.59 | F:mu sigma m M 220.2 171.7 50.0 755.0 | H 1.098 | V 0.009 | pL 0.003 | vL 0.000 | delta 0.002
U 459 | F 940032 | FPS 0027 | D 33914 | rR:mu sigma m M 0.05 0.21 0.00 0.85 | F:mu sigma m M 174.1 149.8 67.0 665.0 | H 1.092 | V 0.018 | pL -0.005 | vL 0.001 | delta 0.011
U 460 | F 942080 | FPS 0025 | D 33997 | rR:mu sigma m M 0.00 0.00 0.00 0.00 | F:mu sigma m M 168.6 133.6 38.0 582.0 | H 1.095 | V 0.010 | pL -0.001 | vL 0.000 | delta 0.014
U 461 | F 944128 | FPS 0031 | D 34064 | rR:mu sigma m M 0.05 0.19 0.00 0.77 | F:mu sigma m M 139.2 84.4 42.0 342.0 | H 1.091 | V 0.012 | pL 0.001 | vL 0.000 | delta 0.013
U 462 | F 946176 | FPS 0026 | D 34142 | rR:mu sigma m M 0.00 0.00 0.00 0.00 | F:mu sigma m M 180.0 77.1 55.0 342.0 | H 1.094 | V 0.007 | pL 0.002 | vL 0.000 | delta 0.005
U 463 | F 948224 | FPS 0027 | D 34218 | rR:mu sigma m M 0.00 0.00 0.00 0.00 | F:mu sigma m M 176.0 105.1 16.0 392.0 | H 1.097 | V 0.007 | pL 0.002 | vL 0.000 | delta 0.002
U 464 | F 950272 | FPS 0025 | D 34300 | rR:mu sigma m M 0.00 0.00 0.00 0.00 | F:mu sigma m M 155.6 115.2 23.0 392.0 | H 1.098 | V 0.006 | pL 0.002 | vL 0.000 | delta 0.001
U 465 | F 952320 | FPS 0031 | D 34366 | rR:mu sigma m M 0.05 0.20 0.00 0.81 | F:mu sigma m M 159.1 131.7 23.0 561.0 | H 1.088 | V 0.016 | pL -0.007 | vL 0.002 | delta 0.064
U 466 | F 954368 | FPS 0031 | D 34432 | rR:mu sigma m M 0.00 0.00 0.00 0.00 | F:mu sigma m M 160.2 150.8 20.0 595.0 | H 1.095 | V 0.000 | pL -0.001 | vL 0.000 | delta 0.004
U 467 | F 956416 | FPS 0034 | D 34493 | rR:mu sigma m M 0.00 0.00 0.00 0.00 | F:mu sigma m M 166.6 159.9 24.0 636.0 | H 1.098 | V 0.000 | pL -0.001 | vL 0.000 | delta 0.002
U 468 | F 958464 | FPS 0031 | D 34560 | rR:mu sigma m M 0.05 0.19 0.00 0.79 | F:mu sigma m M 111.9 63.5 23.0 231.0 | H 1.084 | V 0.016 | pL -0.005 | vL 0.001 | delta 0.020
U 469 | F 960512 | FPS 0029 | D 34631 | rR:mu sigma m M 0.09 0.25 0.00 0.79 | F:mu sigma m M 156.9 80.6 23.0 287.0 | H 1.088 | V 0.013 | pL -0.004 | vL 0.001 | delta 0.011
U 470 | F 962560 | FPS 0031 | D 34696 | rR:mu sigma m M 0.04 0.17 0.00 0.71 | F:mu sigma m M 143.2 72.9 41.0 287.0 | H 1.095 | V 0.014 | pL -0.001 | vL 0.001 | delta 0.020
U 471 | F 964608 | FPS 0030 | D 34764 | rR:mu sigma m M 0.05 0.18 0.00 0.74 | F:mu sigma m M 140.9 94.8 31.0 303.0 | H 1.092 | V 0.018 | pL 0.003 | vL 0.000 | delta 0.007
U 472 | F 966656 | FPS 0030 | D 34833 | rR:mu sigma m M 0.00 0.00 0.00 0.00 | F:mu sigma m M 171.6 167.9 25.0 713.0 | H 1.092 | V 0.016 | pL 0.004 | vL 0.000 | delta 0.009
U 473 | F 968704 | FPS 0029 | D 34903 | rR:mu sigma m M 0.00 0.00 0.00 0.00 | F:mu sigma m M 171.2 167.0 25.0 681.0 | H 1.093 | V 0.014 | pL 0.002 | vL 0.000 | delta 0.008
U 474 | F 970752 | FPS 0031 | D 34970 | rR:mu sigma m M 0.05 0.21 0.00 0.86 | F:mu sigma m M 170.9 182.4 19.0 681.0 | H 1.092 | V 0.020 | pL -0.002 | vL 0.000 | delta 0.014
U 475 | F 972800 | FPS 0029 | D 35040 | rR:mu sigma m M 0.03 0.13 0.00 0.54 | F:mu sigma m M 153.5 121.4 32.0 464.0 | H 1.092 | V 0.018 | pL -0.001 | vL 0.001 | delta 0.012
U 476 | F 974848 | FPS 0028 | D 35113 | rR:mu sigma m M 0.03 0.13 0.00 0.54 | F:mu sigma m M 180.5 176.6 22.0 627.0 | H 1.097 | V 0.008 | pL 0.003 | vL 0.000 | delta 0.004
U 477 | F 976896 | FPS 0031 | D 35178 | rR:mu sigma m M 0.00 0.00 0.00 0.00 | F:mu sigma m M 245.0 184.5 24.0 627.0 | H 1.097 | V 0.008 | pL 0.002 | vL 0.000 | delta 0.002
U 478 | F 978944 | FPS 0032 | D 35241 | rR:mu sigma m M 0.04 0.18 0.00 0.80 | F:mu sigma m M 185.5 189.1 24.0 815.0 | H 1.088 | V 0.014 | pL -0.004 | vL 0.001 | delta 0.014
U 479 | F 980992 | FPS 0031 | D 35308 | rR:mu sigma m M 0.00 0.00 0.00 0.00 | F:mu sigma m M 113.2 86.3 26.0 309.0 | H 1.097 | V 0.004 | pL 0.001 | vL 0.000 | delta 0.003
U 480 | F 983040 | FPS 0025 | D 35390 | rR:mu sigma m M 0.00 0.00 0.00 0.00 | F:mu sigma m M 138.6 88.9 34.0 299.0 | H 1.095 | V 0.005 | pL 0.000 | vL 0.000 | delta 0.006
U 481 | F 985088 | FPS 0028 | D 35462 | rR:mu sigma m M 0.05 0.19 0.00 0.80 | F:mu sigma m M 146.1 84.0 39.0 299.0 | H 1.076 | V 0.027 | pL -0.004 | vL 0.001 | delta 0.014
U 482 | F 987136 | FPS 0030 | D 35531 | rR:mu sigma m M 0.05 0.19 0.00 0.80 | F:mu sigma m M 130.1 81.2 43.0 298.0 | H 1.094 | V 0.006 | pL 0.001 | vL 0.000 | delta 0.007
U 483 | F 989184 | FPS 0028 | D 35603 | rR:mu sigma m M 0.05 0.18 0.00 0.76 | F:mu sigma m M 221.6 159.3 32.0 605.0 | H 1.075 | V 0.025 | pL -0.000 | vL 0.000 | delta 0.010
U 484 | F 991232 | FPS 0029 | D 35675 | rR:mu sigma m M 0.10 0.28 0.00 0.91 | F:mu sigma m M 152.6 104.4 32.0 407.0 | H 1.089 | V 0.017 | pL -0.006 | vL 0.001 | delta 0.018
U 485 | F 993280 | FPS 0032 | D 35738 | rR:mu sigma m M 0.00 0.00 0.00 0.00 | F:mu sigma m M 127.2 68.3 43.0 264.0 | H 1.094 | V 0.006 | pL 0.002 | vL 0.000 | delta 0.006
U 486 | F 995328 | FPS 0027 | D 35813 | rR:mu sigma m M 0.05 0.21 0.00 0.86 | F:mu sigma m M 140.3 78.6 58.0 301.0 | H 1.084 | V 0.021 | pL -0.004 | vL 0.000 | delta 0.020
U 487 | F 997376 | FPS 0027 | D 35887 | rR:mu sigma m M 0.10 0.27 0.00 0.86 | F:mu sigma m M 158.4 100.4 17.0 344.0 | H 1.070 | V 0.042 | pL -0.005 | vL 0.001 | delta 0.032
U 488 | F 999424 | FPS 0033 | D 35950 | rR:mu sigma m M 0.33 0.38 0.00 0.92 | F:mu sigma m M 205.2 105.7 27.0 368.0 | H 1.040 | V 0.104 | pL -0.010 | vL 0.002 | delta 0.053
U 489 | F 1001472 | FPS 0040 | D 36000 | rR:mu sigma m M 0.08 0.23 0.00 0.84 | F:mu sigma m M 172.7 191.7 13.0 811.0 | H 1.064 | V 0.077 | pL 0.000 | vL 0.002 | delta 0.031
U 490 | F 1003520 | FPS 0035 | D 36060 | rR:mu sigma m M 0.20 0.37 0.00 0.93 | F:mu sigma m M 108.7 53.4 9.0 184.0 | H 1.039 | V 0.114 | pL -0.003 | vL 0.004 | delta 0.048
U 491 | F 1005568 | FPS 0043 | D 36108 | rR:mu sigma m M 0.13 0.30 0.00 0.89 | F:mu sigma m M 122.4 90.4 20.0 441.0 | H 1.019 | V 0.120 | pL -0.001 | vL 0.004 | delta 0.049
U 492 | F 1007616 | FPS 0043 | D 36155 | rR:mu sigma m M 0.25 0.39 0.00 0.91 | F:mu sigma m M 94.1 47.1 21.0 200.0 | H 0.997 | V 0.134 | pL -0.004 | vL 0.004 | delta 0.055
U 493 | F 1009664 | FPS 0042 | D 36204 | rR:mu sigma m M 0.21 0.37 0.00 0.90 | F:mu sigma m M 107.6 108.5 25.0 530.0 | H 0.986 | V 0.160 | pL -0.011 | vL 0.006 | delta 0.054
U 494 | F 1011712 | FPS 0041 | D 36254 | rR:mu sigma m M 0.60 0.42 0.00 0.95 | F:mu sigma m M 105.5 35.6 48.0 177.0 | H 0.946 | V 0.240 | pL -0.043 | vL 0.006 | delta 0.067
U 495 | F 1013760 | FPS 0043 | D 36302 | rR:mu sigma m M 0.64 0.38 0.00 0.93 | F:mu sigma m M 129.3 95.0 33.0 493.0 | H 0.899 | V 0.301 | pL -0.055 | vL 0.008 | delta 0.079
U 496 | F 1015808 | FPS 0050 | D 36342 | rR:mu sigma m M 0.76 0.34 0.00 0.95 | F:mu sigma m M 89.7 30.7 30.0 176.0 | H 0.828 | V 0.446 | pL -0.067 | vL 0.009 | delta 0.100
U 497 | F 1017856 | FPS 0055 | D 36380 | rR:mu sigma m M 0.89 0.18 0.00 0.97 | F:mu sigma m M 71.9 25.4 15.0 115.0 | H 0.767 | V 0.518 | pL -0.074 | vL 0.006 | delta 0.106
U 498 | F 1019904 | FPS 0059 | D 36415 | rR:mu sigma m M 0.86 0.26 0.00 0.97 | F:mu sigma m M 65.4 26.1 30.0 181.0 | H 0.705 | V 0.576 | pL -0.063 | vL 0.006 | delta 0.095
U 499 | F 1021952 | FPS 0061 | D 36448 | rR:mu sigma m M 0.84 0.30 0.00 0.97 | F:mu sigma m M 49.5 16.1 15.0 104.0 | H 0.628 | V 0.642 | pL -0.051 | vL 0.010 | delta 0.224
U 500 | F 1024000 | FPS 0066 | D 36479 | rR:mu sigma m M 0.96 0.01 0.93 0.97 | F:mu sigma m M 44.1 9.7 30.0 71.0 | H 0.547 | V 0.726 | pL -0.064 | vL 0.003 | delta 0.078
agent reach optimality, start collecting trajectories
agent successfully collected 10 trajectories
pickling optimal trajectories
Model successfully saved
/home/rdali/.local/easybuild/software/2017/Core/miniconda3/4.3.27/envs/observe/lib/python3.6/site-packages/torch/nn/functional.py:1906: UserWarning: reduction: 'mean' divides the total loss by both the batch size and the support size.'batchmean' divides only by the batch size, and aligns with the KL div math definition.'mean' will be changed to behave the same as 'batchmean' in the next major release.
  warnings.warn("reduction: 'mean' divides the total loss by both the batch size and the support size."
