The following modules were not unloaded:
  (Use "module --force purge" to unload all):

  1) StdEnv/2018.3     4) gcccore/.7.3.0      7) intel/2018.3
  2) nixpkgs/16.09     5) icc/.2018.3.222     8) openmpi/3.1.2
  3) imkl/2018.3.222   6) ifort/.2018.3.222

Due to MODULEPATH changes, the following have been reloaded:
  1) openmpi/3.1.2

Attention: While Conda works well in a desktop environment, it tends to create more problems than it solves on a cluster. Instead, we recommend that users use virtual environments and the binary packages that we provide through Python wheels as documented on the Python page.
/home/rdali/RL/watch_and_learn/dependency/rl-starter-files/scripts/train_agent_multidem.py --env MiniGrid-LavaCrossingAddictO8S15-v0 --algo ppo --nameDemonstrator LavaCrossing1508Addict1,LavaCrossing1508Addict2,LavaCrossing1508Addict3,LavaCrossing1508Addict4,LavaCrossing1508Addict10,LavaCrossing1508Addict11,LavaCrossing1508Addict12,LavaCrossing1508Addict13 --flat-model 0 --KLweight 0.01 --useKL 1 --meanReward 0.80 --rewardLB 0.70 --seed 2853

Namespace(KLweight=0.01, algo='ppo', batch_size=256, clip_eps=0.2, discount=0.99, entropy_coef=0.01, env='MiniGrid-LavaCrossingAddictO8S15-v0', epochs=4, flat_model=0, frames=10000000, frames_per_proc=None, full_obs=0, gae_lambda=0.95, log_interval=1, lr=0.0007, max_grad_norm=0.5, meanReward=0.8, mem=False, model=None, nameDemonstrator='LavaCrossing1508Addict1,LavaCrossing1508Addict2,LavaCrossing1508Addict3,LavaCrossing1508Addict4,LavaCrossing1508Addict10,LavaCrossing1508Addict11,LavaCrossing1508Addict12,LavaCrossing1508Addict13', optim_alpha=0.99, optim_eps=1e-05, procs=16, recurrence=1, rewardLB=0.7, save_interval=0, seed=2853, tb=False, text=False, useKL=1, value_loss_coef=0.5)

Flat model successfully created

ACModel(
  (image_conv): Sequential(
    (0): Conv2d(3, 32, kernel_size=(2, 2), stride=(1, 1))
    (1): ReLU()
    (2): MaxPool2d(kernel_size=(2, 2), stride=(2, 2), padding=0, dilation=1, ceil_mode=False)
    (3): Conv2d(32, 64, kernel_size=(2, 2), stride=(1, 1))
    (4): ReLU()
    (5): Conv2d(64, 64, kernel_size=(2, 2), stride=(1, 1))
    (6): ReLU()
  )
  (actor): Sequential(
    (0): Linear(in_features=1600, out_features=64, bias=True)
    (1): Tanh()
    (2): Linear(in_features=64, out_features=3, bias=True)
  )
  (critic): Sequential(
    (0): Linear(in_features=1600, out_features=64, bias=True)
    (1): Tanh()
    (2): Linear(in_features=64, out_features=1, bias=True)
  )
)

CUDA available: False

1
True
0.01
Using TensorFlow backend.
OMP: Info #212: KMP_AFFINITY: decoding x2APIC ids.
OMP: Info #210: KMP_AFFINITY: Affinity capable, using global cpuid leaf 11 info
OMP: Info #154: KMP_AFFINITY: Initial OS proc set respected: 1-4,6
OMP: Info #156: KMP_AFFINITY: 5 available OS procs
OMP: Info #158: KMP_AFFINITY: Nonuniform topology
OMP: Info #179: KMP_AFFINITY: 2 packages x 3 cores/pkg x 1 threads/core (5 total cores)
OMP: Info #214: KMP_AFFINITY: OS proc to physical thread map:
OMP: Info #171: KMP_AFFINITY: OS proc 4 maps to package 0 core 1 
OMP: Info #171: KMP_AFFINITY: OS proc 6 maps to package 0 core 3 
OMP: Info #171: KMP_AFFINITY: OS proc 2 maps to package 0 core 4 
OMP: Info #171: KMP_AFFINITY: OS proc 1 maps to package 1 core 0 
OMP: Info #171: KMP_AFFINITY: OS proc 3 maps to package 1 core 4 
OMP: Info #250: KMP_AFFINITY: pid 107039 tid 107039 thread 0 bound to OS proc set 4
OMP: Info #250: KMP_AFFINITY: pid 107039 tid 107189 thread 2 bound to OS proc set 6
OMP: Info #250: KMP_AFFINITY: pid 107039 tid 107188 thread 1 bound to OS proc set 1
OMP: Info #250: KMP_AFFINITY: pid 107039 tid 107190 thread 3 bound to OS proc set 3
OMP: Info #250: KMP_AFFINITY: pid 107039 tid 107191 thread 4 bound to OS proc set 2
OMP: Info #250: KMP_AFFINITY: pid 107039 tid 107400 thread 5 bound to OS proc set 4
OMP: Info #250: KMP_AFFINITY: pid 107039 tid 107399 thread 6 bound to OS proc set 1
OMP: Info #250: KMP_AFFINITY: pid 107039 tid 107425 thread 7 bound to OS proc set 6
OMP: Info #250: KMP_AFFINITY: pid 107039 tid 107427 thread 9 bound to OS proc set 2
OMP: Info #250: KMP_AFFINITY: pid 107039 tid 107426 thread 8 bound to OS proc set 3
OMP: Info #250: KMP_AFFINITY: pid 107039 tid 107428 thread 10 bound to OS proc set 4
OMP: Info #250: KMP_AFFINITY: pid 107039 tid 107574 thread 11 bound to OS proc set 1
OMP: Info #250: KMP_AFFINITY: pid 107039 tid 107576 thread 13 bound to OS proc set 3
OMP: Info #250: KMP_AFFINITY: pid 107039 tid 107575 thread 12 bound to OS proc set 6
OMP: Info #250: KMP_AFFINITY: pid 107039 tid 107578 thread 15 bound to OS proc set 4
OMP: Info #250: KMP_AFFINITY: pid 107039 tid 107577 thread 14 bound to OS proc set 2
U 1 | F 002048 | FPS 0025 | D 81 | rR:mu sigma m M 0.00 0.00 0.00 0.00 | F:mu sigma m M 47.6 41.7 0.0 123.0 | H 1.098 | V -0.008 | pL 0.001 | vL 0.000 | delta 0.058
U 2 | F 004096 | FPS 0033 | D 143 | rR:mu sigma m M 0.00 0.00 0.00 0.00 | F:mu sigma m M 119.4 56.2 36.0 244.0 | H 1.098 | V 0.013 | pL 0.004 | vL 0.000 | delta 0.004
U 3 | F 006144 | FPS 0028 | D 217 | rR:mu sigma m M 0.00 0.00 0.00 0.00 | F:mu sigma m M 163.3 95.5 36.0 349.0 | H 1.099 | V 0.011 | pL 0.003 | vL 0.000 | delta 0.002
U 4 | F 008192 | FPS 0028 | D 290 | rR:mu sigma m M 0.00 0.00 0.00 0.00 | F:mu sigma m M 193.4 122.0 46.0 460.0 | H 1.098 | V 0.009 | pL 0.002 | vL 0.000 | delta 0.001
U 5 | F 010240 | FPS 0027 | D 365 | rR:mu sigma m M 0.00 0.00 0.00 0.00 | F:mu sigma m M 226.0 155.6 58.0 562.0 | H 1.098 | V 0.008 | pL 0.002 | vL 0.000 | delta 0.002
U 6 | F 012288 | FPS 0027 | D 441 | rR:mu sigma m M 0.03 0.12 0.00 0.50 | F:mu sigma m M 214.9 176.5 26.0 562.0 | H 1.096 | V 0.011 | pL -0.002 | vL 0.001 | delta 0.016
U 7 | F 014336 | FPS 0034 | D 502 | rR:mu sigma m M 0.03 0.12 0.00 0.50 | F:mu sigma m M 182.8 142.7 26.0 496.0 | H 1.098 | V 0.004 | pL 0.002 | vL 0.000 | delta 0.003
U 8 | F 016384 | FPS 0028 | D 576 | rR:mu sigma m M 0.00 0.00 0.00 0.00 | F:mu sigma m M 231.8 198.6 31.0 662.0 | H 1.099 | V 0.003 | pL 0.001 | vL 0.000 | delta 0.002
U 9 | F 018432 | FPS 0028 | D 651 | rR:mu sigma m M 0.00 0.00 0.00 0.00 | F:mu sigma m M 157.1 99.7 31.0 459.0 | H 1.098 | V 0.002 | pL 0.001 | vL 0.000 | delta 0.002
U 10 | F 020480 | FPS 0028 | D 725 | rR:mu sigma m M 0.00 0.00 0.00 0.00 | F:mu sigma m M 180.7 108.0 33.0 446.0 | H 1.099 | V 0.002 | pL 0.000 | vL 0.000 | delta 0.001
U 11 | F 022528 | FPS 0026 | D 804 | rR:mu sigma m M 0.00 0.00 0.00 0.00 | F:mu sigma m M 194.8 190.3 16.0 886.0 | H 1.099 | V 0.001 | pL 0.001 | vL 0.000 | delta 0.001
U 12 | F 024576 | FPS 0030 | D 872 | rR:mu sigma m M 0.00 0.00 0.00 0.00 | F:mu sigma m M 103.6 69.1 32.0 265.0 | H 1.099 | V 0.001 | pL 0.000 | vL 0.000 | delta 0.000
U 13 | F 026624 | FPS 0029 | D 944 | rR:mu sigma m M 0.00 0.00 0.00 0.00 | F:mu sigma m M 190.2 147.0 32.0 570.0 | H 1.098 | V 0.002 | pL 0.000 | vL 0.000 | delta 0.001
U 14 | F 028672 | FPS 0028 | D 1017 | rR:mu sigma m M 0.00 0.00 0.00 0.00 | F:mu sigma m M 148.5 100.2 18.0 384.0 | H 1.099 | V 0.001 | pL 0.000 | vL 0.000 | delta 0.001
U 15 | F 030720 | FPS 0029 | D 1088 | rR:mu sigma m M 0.00 0.00 0.00 0.00 | F:mu sigma m M 148.6 126.7 12.0 435.0 | H 1.099 | V 0.001 | pL -0.000 | vL 0.000 | delta 0.001
U 16 | F 032768 | FPS 0030 | D 1156 | rR:mu sigma m M 0.09 0.23 0.00 0.75 | F:mu sigma m M 158.6 115.2 12.0 423.0 | H 1.097 | V 0.012 | pL -0.011 | vL 0.002 | delta 0.018
U 17 | F 034816 | FPS 0031 | D 1222 | rR:mu sigma m M 0.09 0.23 0.00 0.75 | F:mu sigma m M 188.1 119.3 25.0 423.0 | H 1.099 | V 0.000 | pL 0.000 | vL 0.000 | delta 0.002
U 18 | F 036864 | FPS 0031 | D 1288 | rR:mu sigma m M 0.00 0.00 0.00 0.00 | F:mu sigma m M 169.6 141.6 25.0 636.0 | H 1.098 | V 0.000 | pL 0.000 | vL 0.000 | delta 0.003
U 19 | F 038912 | FPS 0029 | D 1359 | rR:mu sigma m M 0.00 0.00 0.00 0.00 | F:mu sigma m M 109.2 91.0 8.0 341.0 | H 1.098 | V 0.006 | pL -0.001 | vL 0.000 | delta 0.003
U 20 | F 040960 | FPS 0028 | D 1431 | rR:mu sigma m M 0.04 0.19 0.00 0.85 | F:mu sigma m M 170.7 156.2 34.0 656.0 | H 1.097 | V 0.007 | pL -0.004 | vL 0.001 | delta 0.015
U 21 | F 043008 | FPS 0023 | D 1521 | rR:mu sigma m M 0.00 0.00 0.00 0.00 | F:mu sigma m M 123.2 79.2 34.0 307.0 | H 1.097 | V 0.008 | pL 0.001 | vL 0.000 | delta 0.009
U 22 | F 045056 | FPS 0027 | D 1595 | rR:mu sigma m M 0.00 0.00 0.00 0.00 | F:mu sigma m M 129.6 72.0 24.0 307.0 | H 1.097 | V 0.002 | pL 0.001 | vL 0.000 | delta 0.003
U 23 | F 047104 | FPS 0028 | D 1669 | rR:mu sigma m M 0.00 0.00 0.00 0.00 | F:mu sigma m M 189.2 143.0 9.0 480.0 | H 1.098 | V 0.001 | pL 0.000 | vL 0.000 | delta 0.001
U 24 | F 049152 | FPS 0029 | D 1741 | rR:mu sigma m M 0.00 0.00 0.00 0.00 | F:mu sigma m M 179.6 129.6 29.0 480.0 | H 1.099 | V 0.000 | pL -0.000 | vL 0.000 | delta 0.001
U 25 | F 051200 | FPS 0029 | D 1810 | rR:mu sigma m M 0.00 0.00 0.00 0.00 | F:mu sigma m M 188.3 108.4 51.0 491.0 | H 1.098 | V -0.000 | pL 0.000 | vL 0.000 | delta 0.001
U 26 | F 053248 | FPS 0029 | D 1881 | rR:mu sigma m M 0.00 0.00 0.00 0.00 | F:mu sigma m M 182.4 185.4 18.0 777.0 | H 1.099 | V -0.000 | pL -0.000 | vL 0.000 | delta 0.001
U 27 | F 055296 | FPS 0031 | D 1946 | rR:mu sigma m M 0.00 0.00 0.00 0.00 | F:mu sigma m M 187.4 180.5 18.0 777.0 | H 1.099 | V 0.000 | pL -0.000 | vL 0.000 | delta 0.001
U 28 | F 057344 | FPS 0030 | D 2015 | rR:mu sigma m M 0.00 0.00 0.00 0.00 | F:mu sigma m M 158.4 170.4 25.0 755.0 | H 1.099 | V 0.000 | pL 0.000 | vL 0.000 | delta 0.000
U 29 | F 059392 | FPS 0029 | D 2087 | rR:mu sigma m M 0.00 0.00 0.00 0.00 | F:mu sigma m M 129.5 90.0 35.0 356.0 | H 1.099 | V 0.000 | pL -0.000 | vL 0.000 | delta 0.000
U 30 | F 061440 | FPS 0028 | D 2161 | rR:mu sigma m M 0.00 0.00 0.00 0.00 | F:mu sigma m M 158.1 151.3 43.0 650.0 | H 1.097 | V 0.008 | pL 0.000 | vL 0.000 | delta 0.004
U 31 | F 063488 | FPS 0030 | D 2230 | rR:mu sigma m M 0.05 0.20 0.00 0.81 | F:mu sigma m M 178.9 162.6 27.0 665.0 | H 1.098 | V 0.003 | pL -0.003 | vL 0.001 | delta 0.023
U 32 | F 065536 | FPS 0031 | D 2296 | rR:mu sigma m M 0.00 0.00 0.00 0.00 | F:mu sigma m M 128.2 70.8 27.0 250.0 | H 1.098 | V 0.006 | pL 0.002 | vL 0.000 | delta 0.005
U 33 | F 067584 | FPS 0026 | D 2374 | rR:mu sigma m M 0.00 0.00 0.00 0.00 | F:mu sigma m M 154.2 61.7 67.0 250.0 | H 1.099 | V 0.003 | pL 0.001 | vL 0.000 | delta 0.001
U 34 | F 069632 | FPS 0030 | D 2443 | rR:mu sigma m M 0.00 0.00 0.00 0.00 | F:mu sigma m M 150.8 90.7 42.0 368.0 | H 1.099 | V 0.002 | pL 0.001 | vL 0.000 | delta 0.001
U 35 | F 071680 | FPS 0029 | D 2515 | rR:mu sigma m M 0.00 0.00 0.00 0.00 | F:mu sigma m M 167.4 92.5 42.0 377.0 | H 1.099 | V 0.001 | pL 0.000 | vL 0.000 | delta 0.001
U 36 | F 073728 | FPS 0029 | D 2585 | rR:mu sigma m M 0.00 0.00 0.00 0.00 | F:mu sigma m M 178.1 207.2 29.0 900.0 | H 1.099 | V 0.001 | pL 0.000 | vL 0.000 | delta 0.001
U 37 | F 075776 | FPS 0027 | D 2662 | rR:mu sigma m M 0.00 0.00 0.00 0.00 | F:mu sigma m M 133.9 111.5 14.0 409.0 | H 1.099 | V 0.001 | pL 0.000 | vL 0.000 | delta 0.000
U 38 | F 077824 | FPS 0029 | D 2732 | rR:mu sigma m M 0.00 0.00 0.00 0.00 | F:mu sigma m M 158.1 106.7 28.0 423.0 | H 1.099 | V 0.000 | pL 0.000 | vL 0.000 | delta 0.000
U 39 | F 079872 | FPS 0028 | D 2806 | rR:mu sigma m M 0.00 0.00 0.00 0.00 | F:mu sigma m M 151.2 85.1 28.0 337.0 | H 1.098 | V 0.001 | pL 0.000 | vL 0.000 | delta 0.002
U 40 | F 081920 | FPS 0026 | D 2884 | rR:mu sigma m M 0.00 0.00 0.00 0.00 | F:mu sigma m M 130.2 78.8 19.0 283.0 | H 1.098 | V 0.002 | pL -0.001 | vL 0.000 | delta 0.003
U 41 | F 083968 | FPS 0030 | D 2953 | rR:mu sigma m M 0.00 0.00 0.00 0.00 | F:mu sigma m M 240.1 204.9 22.0 783.0 | H 1.098 | V 0.006 | pL 0.003 | vL 0.000 | delta 0.004
U 42 | F 086016 | FPS 0029 | D 3023 | rR:mu sigma m M 0.00 0.00 0.00 0.00 | F:mu sigma m M 200.0 190.4 22.0 783.0 | H 1.099 | V 0.004 | pL 0.000 | vL 0.000 | delta 0.002
U 43 | F 088064 | FPS 0027 | D 3099 | rR:mu sigma m M 0.00 0.00 0.00 0.00 | F:mu sigma m M 184.8 103.1 69.0 513.0 | H 1.099 | V 0.003 | pL 0.001 | vL 0.000 | delta 0.002
U 44 | F 090112 | FPS 0026 | D 3178 | rR:mu sigma m M 0.00 0.00 0.00 0.00 | F:mu sigma m M 222.6 150.2 26.0 513.0 | H 1.099 | V 0.002 | pL 0.000 | vL 0.000 | delta 0.000
U 45 | F 092160 | FPS 0027 | D 3255 | rR:mu sigma m M 0.00 0.00 0.00 0.00 | F:mu sigma m M 182.9 136.7 28.0 479.0 | H 1.099 | V 0.002 | pL 0.001 | vL 0.000 | delta 0.001
U 46 | F 094208 | FPS 0028 | D 3328 | rR:mu sigma m M 0.00 0.00 0.00 0.00 | F:mu sigma m M 222.2 182.5 62.0 736.0 | H 1.099 | V 0.001 | pL 0.000 | vL 0.000 | delta 0.000
U 47 | F 096256 | FPS 0026 | D 3407 | rR:mu sigma m M 0.00 0.00 0.00 0.00 | F:mu sigma m M 220.2 160.8 63.0 554.0 | H 1.099 | V 0.001 | pL 0.000 | vL 0.000 | delta 0.000
U 48 | F 098304 | FPS 0030 | D 3475 | rR:mu sigma m M 0.00 0.00 0.00 0.00 | F:mu sigma m M 136.8 97.6 22.0 401.0 | H 1.099 | V 0.001 | pL 0.000 | vL 0.000 | delta 0.000
U 49 | F 100352 | FPS 0028 | D 3548 | rR:mu sigma m M 0.00 0.00 0.00 0.00 | F:mu sigma m M 156.7 132.6 32.0 454.0 | H 1.099 | V 0.001 | pL 0.000 | vL 0.000 | delta 0.000
U 50 | F 102400 | FPS 0029 | D 3619 | rR:mu sigma m M 0.00 0.00 0.00 0.00 | F:mu sigma m M 137.0 99.2 16.0 407.0 | H 1.099 | V 0.001 | pL 0.000 | vL 0.000 | delta 0.000
U 51 | F 104448 | FPS 0028 | D 3694 | rR:mu sigma m M 0.00 0.00 0.00 0.00 | F:mu sigma m M 131.1 126.2 30.0 531.0 | H 1.099 | V 0.001 | pL 0.000 | vL 0.000 | delta 0.000
U 52 | F 106496 | FPS 0034 | D 3754 | rR:mu sigma m M 0.00 0.00 0.00 0.00 | F:mu sigma m M 85.6 61.2 9.0 205.0 | H 1.099 | V 0.000 | pL 0.000 | vL 0.000 | delta 0.000
U 53 | F 108544 | FPS 0028 | D 3828 | rR:mu sigma m M 0.00 0.00 0.00 0.00 | F:mu sigma m M 176.2 222.6 31.0 900.0 | H 1.099 | V 0.000 | pL 0.000 | vL 0.000 | delta 0.000
U 54 | F 110592 | FPS 0028 | D 3901 | rR:mu sigma m M 0.00 0.00 0.00 0.00 | F:mu sigma m M 175.8 134.7 19.0 572.0 | H 1.099 | V 0.000 | pL 0.000 | vL 0.000 | delta 0.000
U 55 | F 112640 | FPS 0029 | D 3972 | rR:mu sigma m M 0.00 0.00 0.00 0.00 | F:mu sigma m M 126.6 118.0 43.0 522.0 | H 1.098 | V 0.001 | pL -0.000 | vL 0.000 | delta 0.001
U 56 | F 114688 | FPS 0027 | D 4049 | rR:mu sigma m M 0.00 0.00 0.00 0.00 | F:mu sigma m M 158.5 116.0 32.0 490.0 | H 1.099 | V -0.000 | pL 0.000 | vL 0.000 | delta 0.001
U 57 | F 116736 | FPS 0032 | D 4114 | rR:mu sigma m M 0.00 0.00 0.00 0.00 | F:mu sigma m M 135.6 128.9 32.0 539.0 | H 1.099 | V 0.001 | pL 0.000 | vL 0.000 | delta 0.000
U 58 | F 118784 | FPS 0028 | D 4186 | rR:mu sigma m M 0.05 0.18 0.00 0.75 | F:mu sigma m M 205.5 147.4 22.0 539.0 | H 1.097 | V 0.004 | pL -0.006 | vL 0.001 | delta 0.027
U 59 | F 120832 | FPS 0031 | D 4253 | rR:mu sigma m M 0.05 0.18 0.00 0.75 | F:mu sigma m M 199.6 121.1 39.0 435.0 | H 1.098 | V 0.010 | pL 0.003 | vL 0.000 | delta 0.003
U 60 | F 122880 | FPS 0032 | D 4317 | rR:mu sigma m M 0.00 0.00 0.00 0.00 | F:mu sigma m M 149.9 108.6 39.0 458.0 | H 1.099 | V 0.008 | pL 0.002 | vL 0.000 | delta 0.002
U 61 | F 124928 | FPS 0028 | D 4391 | rR:mu sigma m M 0.00 0.00 0.00 0.00 | F:mu sigma m M 193.5 165.5 62.0 635.0 | H 1.099 | V 0.004 | pL 0.001 | vL 0.000 | delta 0.000
U 62 | F 126976 | FPS 0033 | D 4453 | rR:mu sigma m M 0.05 0.18 0.00 0.75 | F:mu sigma m M 190.2 163.0 38.0 635.0 | H 1.093 | V 0.008 | pL -0.006 | vL 0.001 | delta 0.010
U 63 | F 129024 | FPS 0032 | D 4517 | rR:mu sigma m M 0.05 0.18 0.00 0.75 | F:mu sigma m M 201.0 229.7 30.0 900.0 | H 1.098 | V 0.007 | pL 0.002 | vL 0.000 | delta 0.003
U 64 | F 131072 | FPS 0028 | D 4589 | rR:mu sigma m M 0.00 0.00 0.00 0.00 | F:mu sigma m M 152.9 158.3 14.0 608.0 | H 1.098 | V 0.004 | pL 0.001 | vL 0.000 | delta 0.001
U 65 | F 133120 | FPS 0030 | D 4658 | rR:mu sigma m M 0.00 0.00 0.00 0.00 | F:mu sigma m M 226.2 224.3 44.0 900.0 | H 1.098 | V 0.005 | pL 0.002 | vL 0.000 | delta 0.003
U 66 | F 135168 | FPS 0029 | D 4729 | rR:mu sigma m M 0.00 0.00 0.00 0.00 | F:mu sigma m M 173.4 114.8 44.0 443.0 | H 1.099 | V 0.002 | pL 0.000 | vL 0.000 | delta 0.000
U 67 | F 137216 | FPS 0029 | D 4800 | rR:mu sigma m M 0.00 0.00 0.00 0.00 | F:mu sigma m M 196.4 130.7 25.0 551.0 | H 1.098 | V 0.003 | pL 0.001 | vL 0.000 | delta 0.001
U 68 | F 139264 | FPS 0025 | D 4882 | rR:mu sigma m M 0.00 0.00 0.00 0.00 | F:mu sigma m M 221.3 173.3 17.0 551.0 | H 1.099 | V 0.001 | pL 0.001 | vL 0.000 | delta 0.000
U 69 | F 141312 | FPS 0028 | D 4956 | rR:mu sigma m M 0.00 0.00 0.00 0.00 | F:mu sigma m M 197.9 134.8 28.0 560.0 | H 1.099 | V 0.001 | pL -0.000 | vL 0.000 | delta 0.000
U 70 | F 143360 | FPS 0027 | D 5031 | rR:mu sigma m M 0.00 0.00 0.00 0.00 | F:mu sigma m M 193.6 94.3 78.0 419.0 | H 1.099 | V 0.001 | pL 0.000 | vL 0.000 | delta 0.000
U 71 | F 145408 | FPS 0025 | D 5112 | rR:mu sigma m M 0.05 0.21 0.00 0.88 | F:mu sigma m M 161.4 86.3 26.0 371.0 | H 1.095 | V 0.001 | pL -0.005 | vL 0.001 | delta 0.022
U 72 | F 147456 | FPS 0029 | D 5182 | rR:mu sigma m M 0.00 0.00 0.00 0.00 | F:mu sigma m M 189.4 134.8 26.0 505.0 | H 1.098 | V 0.009 | pL 0.003 | vL 0.000 | delta 0.002
U 73 | F 149504 | FPS 0030 | D 5250 | rR:mu sigma m M 0.00 0.00 0.00 0.00 | F:mu sigma m M 144.2 117.8 20.0 397.0 | H 1.098 | V 0.006 | pL 0.002 | vL 0.000 | delta 0.002
U 74 | F 151552 | FPS 0027 | D 5326 | rR:mu sigma m M 0.00 0.00 0.00 0.00 | F:mu sigma m M 139.0 107.4 20.0 375.0 | H 1.098 | V 0.005 | pL 0.001 | vL 0.000 | delta 0.001
U 75 | F 153600 | FPS 0030 | D 5395 | rR:mu sigma m M 0.04 0.16 0.00 0.68 | F:mu sigma m M 203.9 101.6 68.0 406.0 | H 1.094 | V 0.020 | pL -0.005 | vL 0.000 | delta 0.014
U 76 | F 155648 | FPS 0033 | D 5457 | rR:mu sigma m M 0.00 0.00 0.00 0.00 | F:mu sigma m M 156.3 122.3 25.0 484.0 | H 1.094 | V 0.011 | pL 0.005 | vL 0.000 | delta 0.004
U 77 | F 157696 | FPS 0029 | D 5529 | rR:mu sigma m M 0.00 0.00 0.00 0.00 | F:mu sigma m M 185.7 150.0 19.0 556.0 | H 1.098 | V 0.010 | pL 0.002 | vL 0.000 | delta 0.002
U 78 | F 159744 | FPS 0028 | D 5602 | rR:mu sigma m M 0.05 0.21 0.00 0.88 | F:mu sigma m M 149.2 156.6 12.0 556.0 | H 1.097 | V 0.020 | pL -0.004 | vL 0.002 | delta 0.014
U 79 | F 161792 | FPS 0027 | D 5676 | rR:mu sigma m M 0.00 0.00 0.00 0.00 | F:mu sigma m M 225.7 185.2 32.0 591.0 | H 1.097 | V 0.007 | pL 0.003 | vL 0.000 | delta 0.003
U 80 | F 163840 | FPS 0030 | D 5745 | rR:mu sigma m M 0.00 0.00 0.00 0.00 | F:mu sigma m M 151.3 119.5 26.0 493.0 | H 1.098 | V 0.006 | pL 0.002 | vL 0.000 | delta 0.001
U 81 | F 165888 | FPS 0027 | D 5821 | rR:mu sigma m M 0.00 0.00 0.00 0.00 | F:mu sigma m M 145.3 148.8 27.0 530.0 | H 1.099 | V 0.004 | pL 0.002 | vL 0.000 | delta 0.001
U 82 | F 167936 | FPS 0025 | D 5903 | rR:mu sigma m M 0.00 0.00 0.00 0.00 | F:mu sigma m M 129.7 124.2 27.0 448.0 | H 1.098 | V 0.004 | pL 0.001 | vL 0.000 | delta 0.001
U 83 | F 169984 | FPS 0029 | D 5973 | rR:mu sigma m M 0.00 0.00 0.00 0.00 | F:mu sigma m M 112.8 94.1 30.0 404.0 | H 1.099 | V 0.003 | pL 0.001 | vL 0.000 | delta 0.000
U 84 | F 172032 | FPS 0030 | D 6042 | rR:mu sigma m M 0.00 0.00 0.00 0.00 | F:mu sigma m M 156.1 114.5 23.0 418.0 | H 1.099 | V 0.003 | pL 0.001 | vL 0.000 | delta 0.000
U 85 | F 174080 | FPS 0029 | D 6112 | rR:mu sigma m M 0.00 0.00 0.00 0.00 | F:mu sigma m M 186.7 113.1 42.0 418.0 | H 1.099 | V 0.002 | pL 0.000 | vL 0.000 | delta 0.000
U 86 | F 176128 | FPS 0029 | D 6182 | rR:mu sigma m M 0.00 0.00 0.00 0.00 | F:mu sigma m M 208.8 150.0 68.0 590.0 | H 1.099 | V 0.002 | pL 0.001 | vL 0.000 | delta 0.000
U 87 | F 178176 | FPS 0028 | D 6257 | rR:mu sigma m M 0.00 0.00 0.00 0.00 | F:mu sigma m M 220.2 215.4 68.0 844.0 | H 1.099 | V 0.001 | pL 0.000 | vL 0.000 | delta 0.000
U 88 | F 180224 | FPS 0030 | D 6324 | rR:mu sigma m M 0.03 0.13 0.00 0.57 | F:mu sigma m M 193.2 152.9 31.0 539.0 | H 1.098 | V 0.005 | pL -0.003 | vL 0.000 | delta 0.007
U 89 | F 182272 | FPS 0027 | D 6401 | rR:mu sigma m M 0.00 0.00 0.00 0.00 | F:mu sigma m M 194.9 131.2 25.0 539.0 | H 1.099 | V 0.000 | pL 0.000 | vL 0.000 | delta 0.001
U 90 | F 184320 | FPS 0031 | D 6468 | rR:mu sigma m M 0.00 0.00 0.00 0.00 | F:mu sigma m M 170.9 106.6 31.0 377.0 | H 1.098 | V 0.002 | pL 0.000 | vL 0.000 | delta 0.001
U 91 | F 186368 | FPS 0031 | D 6534 | rR:mu sigma m M 0.00 0.00 0.00 0.00 | F:mu sigma m M 164.1 114.0 29.0 400.0 | H 1.098 | V 0.001 | pL 0.000 | vL 0.000 | delta 0.001
U 92 | F 188416 | FPS 0029 | D 6604 | rR:mu sigma m M 0.00 0.00 0.00 0.00 | F:mu sigma m M 169.3 140.8 30.0 529.0 | H 1.099 | V 0.000 | pL 0.000 | vL 0.000 | delta 0.000
U 93 | F 190464 | FPS 0029 | D 6676 | rR:mu sigma m M 0.00 0.00 0.00 0.00 | F:mu sigma m M 188.0 164.3 44.0 570.0 | H 1.099 | V 0.000 | pL 0.000 | vL 0.000 | delta 0.000
U 94 | F 192512 | FPS 0029 | D 6747 | rR:mu sigma m M 0.05 0.20 0.00 0.84 | F:mu sigma m M 182.6 160.2 30.0 570.0 | H 1.098 | V 0.007 | pL -0.007 | vL 0.001 | delta 0.009
U 95 | F 194560 | FPS 0030 | D 6815 | rR:mu sigma m M 0.05 0.20 0.00 0.84 | F:mu sigma m M 151.8 133.4 30.0 552.0 | H 1.092 | V 0.013 | pL 0.001 | vL 0.000 | delta 0.009
U 96 | F 196608 | FPS 0031 | D 6881 | rR:mu sigma m M 0.04 0.14 0.00 0.59 | F:mu sigma m M 167.3 157.0 13.0 629.0 | H 1.097 | V 0.013 | pL -0.002 | vL 0.000 | delta 0.006
U 97 | F 198656 | FPS 0028 | D 6955 | rR:mu sigma m M 0.04 0.14 0.00 0.59 | F:mu sigma m M 170.4 109.1 30.0 407.0 | H 1.098 | V 0.005 | pL 0.001 | vL 0.000 | delta 0.003
U 98 | F 200704 | FPS 0026 | D 7033 | rR:mu sigma m M 0.00 0.00 0.00 0.00 | F:mu sigma m M 184.9 161.4 37.0 742.0 | H 1.098 | V 0.007 | pL 0.001 | vL 0.000 | delta 0.003
U 99 | F 202752 | FPS 0029 | D 7104 | rR:mu sigma m M 0.00 0.00 0.00 0.00 | F:mu sigma m M 140.4 72.8 11.0 271.0 | H 1.098 | V 0.007 | pL 0.002 | vL 0.000 | delta 0.001
U 100 | F 204800 | FPS 0027 | D 7180 | rR:mu sigma m M 0.00 0.00 0.00 0.00 | F:mu sigma m M 170.5 83.7 64.0 363.0 | H 1.098 | V 0.006 | pL 0.001 | vL 0.000 | delta 0.001
U 101 | F 206848 | FPS 0032 | D 7243 | rR:mu sigma m M 0.00 0.00 0.00 0.00 | F:mu sigma m M 164.2 85.3 64.0 363.0 | H 1.098 | V 0.007 | pL 0.001 | vL 0.000 | delta 0.001
U 102 | F 208896 | FPS 0028 | D 7317 | rR:mu sigma m M 0.03 0.11 0.00 0.48 | F:mu sigma m M 214.6 176.5 21.0 639.0 | H 1.098 | V 0.007 | pL -0.002 | vL 0.000 | delta 0.005
U 103 | F 210944 | FPS 0028 | D 7391 | rR:mu sigma m M 0.00 0.00 0.00 0.00 | F:mu sigma m M 191.6 169.0 13.0 639.0 | H 1.098 | V 0.002 | pL -0.001 | vL 0.000 | delta 0.003
U 104 | F 212992 | FPS 0028 | D 7465 | rR:mu sigma m M 0.04 0.17 0.00 0.72 | F:mu sigma m M 170.6 79.6 50.0 330.0 | H 1.097 | V 0.015 | pL -0.003 | vL 0.000 | delta 0.016
U 105 | F 215040 | FPS 0024 | D 7550 | rR:mu sigma m M 0.04 0.17 0.00 0.72 | F:mu sigma m M 169.3 90.0 41.0 345.0 | H 1.098 | V 0.008 | pL 0.001 | vL 0.000 | delta 0.002
U 106 | F 217088 | FPS 0029 | D 7620 | rR:mu sigma m M 0.00 0.00 0.00 0.00 | F:mu sigma m M 181.0 101.3 41.0 426.0 | H 1.098 | V 0.008 | pL 0.001 | vL 0.000 | delta 0.003
U 107 | F 219136 | FPS 0029 | D 7691 | rR:mu sigma m M 0.00 0.00 0.00 0.00 | F:mu sigma m M 211.1 134.7 68.0 585.0 | H 1.098 | V 0.008 | pL 0.002 | vL 0.000 | delta 0.005
U 108 | F 221184 | FPS 0028 | D 7764 | rR:mu sigma m M 0.00 0.00 0.00 0.00 | F:mu sigma m M 231.8 140.0 64.0 585.0 | H 1.098 | V 0.004 | pL 0.000 | vL 0.000 | delta 0.001
U 109 | F 223232 | FPS 0030 | D 7833 | rR:mu sigma m M 0.00 0.00 0.00 0.00 | F:mu sigma m M 182.4 126.7 26.0 478.0 | H 1.098 | V 0.002 | pL 0.001 | vL 0.000 | delta 0.001
U 110 | F 225280 | FPS 0030 | D 7901 | rR:mu sigma m M 0.00 0.00 0.00 0.00 | F:mu sigma m M 184.6 150.6 26.0 478.0 | H 1.098 | V 0.003 | pL 0.000 | vL 0.000 | delta 0.001
U 111 | F 227328 | FPS 0027 | D 7975 | rR:mu sigma m M 0.00 0.00 0.00 0.00 | F:mu sigma m M 173.6 110.7 38.0 465.0 | H 1.098 | V 0.003 | pL 0.001 | vL 0.000 | delta 0.002
U 112 | F 229376 | FPS 0030 | D 8044 | rR:mu sigma m M 0.00 0.00 0.00 0.00 | F:mu sigma m M 167.6 171.6 29.0 748.0 | H 1.098 | V 0.002 | pL 0.000 | vL 0.000 | delta 0.000
U 113 | F 231424 | FPS 0031 | D 8111 | rR:mu sigma m M 0.00 0.00 0.00 0.00 | F:mu sigma m M 155.6 117.3 38.0 507.0 | H 1.098 | V 0.002 | pL 0.000 | vL 0.000 | delta 0.001
U 114 | F 233472 | FPS 0029 | D 8182 | rR:mu sigma m M 0.04 0.15 0.00 0.63 | F:mu sigma m M 209.8 239.0 23.0 900.0 | H 1.096 | V 0.007 | pL -0.005 | vL 0.001 | delta 0.013
U 115 | F 235520 | FPS 0031 | D 8247 | rR:mu sigma m M 0.00 0.00 0.00 0.00 | F:mu sigma m M 174.2 210.1 8.0 900.0 | H 1.098 | V 0.001 | pL -0.001 | vL 0.000 | delta 0.009
U 116 | F 237568 | FPS 0030 | D 8315 | rR:mu sigma m M 0.04 0.17 0.00 0.73 | F:mu sigma m M 156.1 102.7 18.0 400.0 | H 1.094 | V 0.002 | pL -0.006 | vL 0.001 | delta 0.011
U 117 | F 239616 | FPS 0030 | D 8383 | rR:mu sigma m M 0.00 0.00 0.00 0.00 | F:mu sigma m M 182.1 142.4 18.0 487.0 | H 1.098 | V -0.007 | pL -0.002 | vL 0.000 | delta 0.002
U 118 | F 241664 | FPS 0029 | D 8454 | rR:mu sigma m M 0.00 0.00 0.00 0.00 | F:mu sigma m M 207.4 120.3 63.0 487.0 | H 1.098 | V -0.003 | pL -0.001 | vL 0.000 | delta 0.002
U 119 | F 243712 | FPS 0032 | D 8519 | rR:mu sigma m M 0.08 0.22 0.00 0.78 | F:mu sigma m M 187.4 120.5 53.0 482.0 | H 1.095 | V 0.013 | pL -0.011 | vL 0.000 | delta 0.013
U 120 | F 245760 | FPS 0026 | D 8598 | rR:mu sigma m M 0.12 0.25 0.00 0.78 | F:mu sigma m M 151.6 125.8 49.0 482.0 | H 1.096 | V 0.020 | pL 0.001 | vL 0.000 | delta 0.006
U 121 | F 247808 | FPS 0029 | D 8670 | rR:mu sigma m M 0.04 0.14 0.00 0.58 | F:mu sigma m M 247.5 163.4 42.0 603.0 | H 1.098 | V 0.007 | pL 0.001 | vL 0.000 | delta 0.003
U 122 | F 249856 | FPS 0026 | D 8748 | rR:mu sigma m M 0.00 0.00 0.00 0.00 | F:mu sigma m M 156.7 116.3 18.0 399.0 | H 1.097 | V 0.015 | pL 0.004 | vL 0.000 | delta 0.008
U 123 | F 251904 | FPS 0031 | D 8815 | rR:mu sigma m M 0.00 0.00 0.00 0.00 | F:mu sigma m M 181.9 148.8 16.0 521.0 | H 1.098 | V 0.007 | pL 0.003 | vL 0.000 | delta 0.003
U 124 | F 253952 | FPS 0029 | D 8887 | rR:mu sigma m M 0.00 0.00 0.00 0.00 | F:mu sigma m M 210.3 207.0 37.0 900.0 | H 1.098 | V 0.004 | pL 0.001 | vL 0.000 | delta 0.001
U 125 | F 256000 | FPS 0028 | D 8960 | rR:mu sigma m M 0.00 0.00 0.00 0.00 | F:mu sigma m M 131.1 85.7 16.0 330.0 | H 1.099 | V 0.003 | pL 0.001 | vL 0.000 | delta 0.000
U 126 | F 258048 | FPS 0030 | D 9028 | rR:mu sigma m M 0.00 0.00 0.00 0.00 | F:mu sigma m M 126.4 89.5 24.0 330.0 | H 1.099 | V 0.002 | pL 0.001 | vL 0.000 | delta 0.000
U 127 | F 260096 | FPS 0028 | D 9101 | rR:mu sigma m M 0.00 0.00 0.00 0.00 | F:mu sigma m M 140.8 102.4 34.0 419.0 | H 1.099 | V 0.002 | pL 0.000 | vL 0.000 | delta 0.000
U 128 | F 262144 | FPS 0030 | D 9169 | rR:mu sigma m M 0.00 0.00 0.00 0.00 | F:mu sigma m M 229.2 143.3 73.0 613.0 | H 1.099 | V 0.002 | pL 0.001 | vL 0.000 | delta 0.001
U 129 | F 264192 | FPS 0027 | D 9245 | rR:mu sigma m M 0.00 0.00 0.00 0.00 | F:mu sigma m M 138.6 96.5 24.0 338.0 | H 1.099 | V 0.001 | pL 0.000 | vL 0.000 | delta 0.000
U 130 | F 266240 | FPS 0027 | D 9320 | rR:mu sigma m M 0.00 0.00 0.00 0.00 | F:mu sigma m M 161.3 154.4 15.0 609.0 | H 1.099 | V 0.001 | pL 0.000 | vL 0.000 | delta 0.000
U 131 | F 268288 | FPS 0030 | D 9389 | rR:mu sigma m M 0.00 0.00 0.00 0.00 | F:mu sigma m M 127.8 105.9 15.0 346.0 | H 1.099 | V 0.001 | pL 0.000 | vL 0.000 | delta 0.000
U 132 | F 270336 | FPS 0026 | D 9469 | rR:mu sigma m M 0.00 0.00 0.00 0.00 | F:mu sigma m M 201.1 151.9 25.0 442.0 | H 1.099 | V 0.000 | pL 0.000 | vL 0.000 | delta 0.000
U 133 | F 272384 | FPS 0028 | D 9541 | rR:mu sigma m M 0.00 0.00 0.00 0.00 | F:mu sigma m M 236.6 143.4 39.0 442.0 | H 1.098 | V 0.001 | pL 0.000 | vL 0.000 | delta 0.002
U 134 | F 274432 | FPS 0029 | D 9611 | rR:mu sigma m M 0.00 0.00 0.00 0.00 | F:mu sigma m M 225.1 165.0 28.0 671.0 | H 1.099 | V -0.001 | pL -0.000 | vL 0.000 | delta 0.001
U 135 | F 276480 | FPS 0029 | D 9681 | rR:mu sigma m M 0.00 0.00 0.00 0.00 | F:mu sigma m M 197.0 168.6 18.0 692.0 | H 1.099 | V -0.001 | pL -0.000 | vL 0.000 | delta 0.000
U 136 | F 278528 | FPS 0026 | D 9760 | rR:mu sigma m M 0.00 0.00 0.00 0.00 | F:mu sigma m M 172.4 101.7 18.0 406.0 | H 1.098 | V -0.001 | pL 0.000 | vL 0.000 | delta 0.001
U 137 | F 280576 | FPS 0030 | D 9828 | rR:mu sigma m M 0.00 0.00 0.00 0.00 | F:mu sigma m M 168.2 64.4 43.0 247.0 | H 1.099 | V -0.001 | pL -0.000 | vL 0.000 | delta 0.000
U 138 | F 282624 | FPS 0028 | D 9901 | rR:mu sigma m M 0.00 0.00 0.00 0.00 | F:mu sigma m M 167.3 75.4 35.0 304.0 | H 1.099 | V -0.000 | pL -0.000 | vL 0.000 | delta 0.000
U 139 | F 284672 | FPS 0030 | D 9970 | rR:mu sigma m M 0.00 0.00 0.00 0.00 | F:mu sigma m M 185.7 126.9 40.0 445.0 | H 1.098 | V 0.001 | pL -0.000 | vL 0.000 | delta 0.001
U 140 | F 286720 | FPS 0030 | D 10038 | rR:mu sigma m M 0.00 0.00 0.00 0.00 | F:mu sigma m M 147.6 149.8 30.0 689.0 | H 1.098 | V 0.001 | pL 0.000 | vL 0.000 | delta 0.001
U 141 | F 288768 | FPS 0028 | D 10111 | rR:mu sigma m M 0.00 0.00 0.00 0.00 | F:mu sigma m M 161.2 154.0 30.0 689.0 | H 1.099 | V -0.000 | pL -0.000 | vL 0.000 | delta 0.000
U 142 | F 290816 | FPS 0027 | D 10186 | rR:mu sigma m M 0.00 0.00 0.00 0.00 | F:mu sigma m M 137.8 88.0 35.0 345.0 | H 1.099 | V -0.000 | pL 0.000 | vL 0.000 | delta 0.000
U 143 | F 292864 | FPS 0029 | D 10257 | rR:mu sigma m M 0.00 0.00 0.00 0.00 | F:mu sigma m M 161.9 127.3 11.0 398.0 | H 1.098 | V 0.002 | pL -0.001 | vL 0.000 | delta 0.002
U 144 | F 294912 | FPS 0027 | D 10333 | rR:mu sigma m M 0.06 0.22 0.00 0.91 | F:mu sigma m M 168.6 174.1 19.0 708.0 | H 1.098 | V -0.001 | pL -0.001 | vL 0.000 | delta 0.003
U 145 | F 296960 | FPS 0031 | D 10399 | rR:mu sigma m M 0.00 0.00 0.00 0.00 | F:mu sigma m M 135.4 84.7 8.0 309.0 | H 1.098 | V -0.001 | pL -0.001 | vL 0.000 | delta 0.001
U 146 | F 299008 | FPS 0028 | D 10471 | rR:mu sigma m M 0.04 0.16 0.00 0.66 | F:mu sigma m M 182.6 113.7 40.0 386.0 | H 1.095 | V 0.009 | pL -0.004 | vL 0.001 | delta 0.011
U 147 | F 301056 | FPS 0031 | D 10537 | rR:mu sigma m M 0.04 0.16 0.00 0.66 | F:mu sigma m M 182.2 100.5 34.0 371.0 | H 1.097 | V 0.004 | pL 0.002 | vL 0.000 | delta 0.003
U 148 | F 303104 | FPS 0028 | D 10609 | rR:mu sigma m M 0.00 0.00 0.00 0.00 | F:mu sigma m M 182.8 148.2 34.0 616.0 | H 1.098 | V 0.001 | pL 0.000 | vL 0.000 | delta 0.000
U 149 | F 305152 | FPS 0027 | D 10686 | rR:mu sigma m M 0.00 0.00 0.00 0.00 | F:mu sigma m M 147.1 136.8 26.0 616.0 | H 1.098 | V 0.002 | pL 0.001 | vL 0.000 | delta 0.003
U 150 | F 307200 | FPS 0026 | D 10764 | rR:mu sigma m M 0.00 0.00 0.00 0.00 | F:mu sigma m M 229.8 163.7 34.0 574.0 | H 1.098 | V -0.000 | pL -0.000 | vL 0.000 | delta 0.001
U 151 | F 309248 | FPS 0030 | D 10832 | rR:mu sigma m M 0.00 0.00 0.00 0.00 | F:mu sigma m M 263.2 176.1 34.0 582.0 | H 1.099 | V -0.001 | pL -0.000 | vL 0.000 | delta 0.001
U 152 | F 311296 | FPS 0030 | D 10901 | rR:mu sigma m M 0.05 0.20 0.00 0.81 | F:mu sigma m M 213.6 226.2 13.0 836.0 | H 1.098 | V 0.004 | pL -0.006 | vL 0.001 | delta 0.015
U 153 | F 313344 | FPS 0029 | D 10972 | rR:mu sigma m M 0.05 0.20 0.00 0.81 | F:mu sigma m M 170.3 137.9 13.0 518.0 | H 1.098 | V 0.007 | pL 0.002 | vL 0.000 | delta 0.002
U 154 | F 315392 | FPS 0029 | D 11042 | rR:mu sigma m M 0.00 0.00 0.00 0.00 | F:mu sigma m M 192.1 183.8 30.0 680.0 | H 1.098 | V 0.005 | pL 0.001 | vL 0.000 | delta 0.001
U 155 | F 317440 | FPS 0029 | D 11113 | rR:mu sigma m M 0.00 0.00 0.00 0.00 | F:mu sigma m M 84.8 62.6 19.0 241.0 | H 1.098 | V 0.004 | pL 0.001 | vL 0.000 | delta 0.001
U 156 | F 319488 | FPS 0027 | D 11188 | rR:mu sigma m M 0.00 0.00 0.00 0.00 | F:mu sigma m M 220.9 182.3 20.0 677.0 | H 1.098 | V 0.003 | pL 0.001 | vL 0.000 | delta 0.000
U 157 | F 321536 | FPS 0027 | D 11264 | rR:mu sigma m M 0.00 0.00 0.00 0.00 | F:mu sigma m M 106.9 75.1 13.0 260.0 | H 1.099 | V 0.002 | pL 0.001 | vL 0.000 | delta 0.000
U 158 | F 323584 | FPS 0027 | D 11339 | rR:mu sigma m M 0.00 0.00 0.00 0.00 | F:mu sigma m M 100.5 70.3 30.0 248.0 | H 1.099 | V 0.002 | pL 0.000 | vL 0.000 | delta 0.000
U 159 | F 325632 | FPS 0028 | D 11412 | rR:mu sigma m M 0.00 0.00 0.00 0.00 | F:mu sigma m M 189.6 173.2 39.0 636.0 | H 1.098 | V 0.002 | pL 0.000 | vL 0.000 | delta 0.001
U 160 | F 327680 | FPS 0027 | D 11488 | rR:mu sigma m M 0.00 0.00 0.00 0.00 | F:mu sigma m M 212.3 191.0 44.0 773.0 | H 1.099 | V 0.002 | pL 0.001 | vL 0.000 | delta 0.000
U 161 | F 329728 | FPS 0030 | D 11556 | rR:mu sigma m M 0.00 0.00 0.00 0.00 | F:mu sigma m M 204.9 141.9 59.0 527.0 | H 1.099 | V 0.001 | pL 0.000 | vL 0.000 | delta 0.000
U 162 | F 331776 | FPS 0029 | D 11627 | rR:mu sigma m M 0.00 0.00 0.00 0.00 | F:mu sigma m M 179.4 186.4 27.0 734.0 | H 1.099 | V 0.001 | pL 0.000 | vL 0.000 | delta 0.000
U 163 | F 333824 | FPS 0029 | D 11698 | rR:mu sigma m M 0.00 0.00 0.00 0.00 | F:mu sigma m M 151.6 105.7 27.0 336.0 | H 1.099 | V 0.001 | pL 0.000 | vL 0.000 | delta 0.000
U 164 | F 335872 | FPS 0027 | D 11772 | rR:mu sigma m M 0.00 0.00 0.00 0.00 | F:mu sigma m M 115.7 89.6 15.0 346.0 | H 1.097 | V 0.004 | pL -0.002 | vL 0.000 | delta 0.004
U 165 | F 337920 | FPS 0027 | D 11848 | rR:mu sigma m M 0.06 0.22 0.00 0.92 | F:mu sigma m M 168.6 126.4 47.0 538.0 | H 1.097 | V 0.008 | pL -0.005 | vL 0.001 | delta 0.015
U 166 | F 339968 | FPS 0028 | D 11922 | rR:mu sigma m M 0.00 0.00 0.00 0.00 | F:mu sigma m M 122.0 130.9 12.0 550.0 | H 1.098 | V -0.002 | pL -0.001 | vL 0.000 | delta 0.003
U 167 | F 342016 | FPS 0029 | D 11993 | rR:mu sigma m M 0.00 0.00 0.00 0.00 | F:mu sigma m M 184.3 165.1 12.0 550.0 | H 1.098 | V -0.002 | pL -0.001 | vL 0.000 | delta 0.003
U 168 | F 344064 | FPS 0027 | D 12070 | rR:mu sigma m M 0.00 0.00 0.00 0.00 | F:mu sigma m M 274.8 156.0 34.0 471.0 | H 1.098 | V -0.004 | pL -0.001 | vL 0.000 | delta 0.001
U 169 | F 346112 | FPS 0028 | D 12144 | rR:mu sigma m M 0.00 0.00 0.00 0.00 | F:mu sigma m M 167.9 99.2 47.0 358.0 | H 1.098 | V -0.002 | pL -0.001 | vL 0.000 | delta 0.001
U 170 | F 348160 | FPS 0031 | D 12210 | rR:mu sigma m M 0.00 0.00 0.00 0.00 | F:mu sigma m M 143.8 144.0 20.0 577.0 | H 1.098 | V -0.002 | pL -0.001 | vL 0.000 | delta 0.000
U 171 | F 350208 | FPS 0029 | D 12282 | rR:mu sigma m M 0.00 0.00 0.00 0.00 | F:mu sigma m M 140.8 131.1 26.0 577.0 | H 1.098 | V -0.001 | pL -0.000 | vL 0.000 | delta 0.002
U 172 | F 352256 | FPS 0028 | D 12356 | rR:mu sigma m M 0.00 0.00 0.00 0.00 | F:mu sigma m M 216.0 148.4 21.0 487.0 | H 1.098 | V -0.001 | pL -0.000 | vL 0.000 | delta 0.001
U 173 | F 354304 | FPS 0030 | D 12425 | rR:mu sigma m M 0.05 0.20 0.00 0.84 | F:mu sigma m M 185.2 139.6 21.0 487.0 | H 1.095 | V 0.014 | pL -0.006 | vL 0.002 | delta 0.015
U 174 | F 356352 | FPS 0030 | D 12493 | rR:mu sigma m M 0.03 0.11 0.00 0.47 | F:mu sigma m M 203.9 174.3 43.0 615.0 | H 1.097 | V 0.002 | pL -0.001 | vL 0.000 | delta 0.003
U 175 | F 358400 | FPS 0026 | D 12571 | rR:mu sigma m M 0.00 0.00 0.00 0.00 | F:mu sigma m M 135.2 94.7 43.0 410.0 | H 1.098 | V -0.002 | pL -0.000 | vL 0.000 | delta 0.000
U 176 | F 360448 | FPS 0028 | D 12644 | rR:mu sigma m M 0.00 0.00 0.00 0.00 | F:mu sigma m M 184.5 134.6 35.0 507.0 | H 1.099 | V -0.001 | pL -0.000 | vL 0.000 | delta 0.000
U 177 | F 362496 | FPS 0029 | D 12713 | rR:mu sigma m M 0.00 0.00 0.00 0.00 | F:mu sigma m M 235.9 167.8 35.0 556.0 | H 1.099 | V -0.001 | pL -0.000 | vL 0.000 | delta 0.000
U 178 | F 364544 | FPS 0027 | D 12789 | rR:mu sigma m M 0.00 0.00 0.00 0.00 | F:mu sigma m M 225.9 152.5 35.0 556.0 | H 1.099 | V -0.001 | pL -0.000 | vL 0.000 | delta 0.000
U 179 | F 366592 | FPS 0028 | D 12862 | rR:mu sigma m M 0.00 0.00 0.00 0.00 | F:mu sigma m M 213.9 199.6 35.0 900.0 | H 1.099 | V -0.001 | pL -0.000 | vL 0.000 | delta 0.000
U 180 | F 368640 | FPS 0029 | D 12932 | rR:mu sigma m M 0.00 0.00 0.00 0.00 | F:mu sigma m M 171.9 159.5 16.0 627.0 | H 1.098 | V 0.000 | pL 0.000 | vL 0.000 | delta 0.001
U 181 | F 370688 | FPS 0031 | D 12997 | rR:mu sigma m M 0.00 0.00 0.00 0.00 | F:mu sigma m M 180.5 181.7 17.0 727.0 | H 1.099 | V 0.000 | pL 0.000 | vL 0.000 | delta 0.000
U 182 | F 372736 | FPS 0032 | D 13061 | rR:mu sigma m M 0.00 0.00 0.00 0.00 | F:mu sigma m M 151.8 102.8 43.0 455.0 | H 1.098 | V 0.001 | pL 0.001 | vL 0.000 | delta 0.002
U 183 | F 374784 | FPS 0032 | D 13124 | rR:mu sigma m M 0.00 0.00 0.00 0.00 | F:mu sigma m M 142.2 90.9 7.0 324.0 | H 1.099 | V -0.001 | pL -0.000 | vL 0.000 | delta 0.000
U 184 | F 376832 | FPS 0029 | D 13196 | rR:mu sigma m M 0.00 0.00 0.00 0.00 | F:mu sigma m M 189.8 131.0 25.0 551.0 | H 1.099 | V -0.000 | pL -0.000 | vL 0.000 | delta 0.000
U 185 | F 378880 | FPS 0028 | D 13268 | rR:mu sigma m M 0.00 0.00 0.00 0.00 | F:mu sigma m M 210.8 180.3 17.0 652.0 | H 1.099 | V -0.000 | pL -0.000 | vL 0.000 | delta 0.000
U 186 | F 380928 | FPS 0027 | D 13344 | rR:mu sigma m M 0.00 0.00 0.00 0.00 | F:mu sigma m M 183.4 141.2 23.0 488.0 | H 1.099 | V -0.000 | pL -0.000 | vL 0.000 | delta 0.000
U 187 | F 382976 | FPS 0027 | D 13419 | rR:mu sigma m M 0.00 0.00 0.00 0.00 | F:mu sigma m M 178.9 102.8 54.0 391.0 | H 1.099 | V 0.000 | pL -0.000 | vL 0.000 | delta 0.000
U 188 | F 385024 | FPS 0029 | D 13489 | rR:mu sigma m M 0.00 0.00 0.00 0.00 | F:mu sigma m M 160.2 83.6 54.0 391.0 | H 1.099 | V 0.000 | pL -0.000 | vL 0.000 | delta 0.000
U 189 | F 387072 | FPS 0027 | D 13565 | rR:mu sigma m M 0.05 0.19 0.00 0.78 | F:mu sigma m M 144.0 96.2 46.0 406.0 | H 1.096 | V 0.007 | pL -0.007 | vL 0.001 | delta 0.022
U 190 | F 389120 | FPS 0026 | D 13645 | rR:mu sigma m M 0.05 0.19 0.00 0.78 | F:mu sigma m M 180.2 152.4 28.0 504.0 | H 1.098 | V 0.012 | pL 0.003 | vL 0.000 | delta 0.005
U 191 | F 391168 | FPS 0028 | D 13717 | rR:mu sigma m M 0.00 0.00 0.00 0.00 | F:mu sigma m M 156.6 129.1 28.0 504.0 | H 1.098 | V 0.013 | pL -0.000 | vL 0.000 | delta 0.007
U 192 | F 393216 | FPS 0029 | D 13786 | rR:mu sigma m M 0.08 0.22 0.00 0.79 | F:mu sigma m M 217.5 143.9 54.0 518.0 | H 1.091 | V 0.019 | pL -0.001 | vL 0.000 | delta 0.012
U 193 | F 395264 | FPS 0030 | D 13855 | rR:mu sigma m M 0.03 0.12 0.00 0.48 | F:mu sigma m M 229.6 132.8 62.0 518.0 | H 1.097 | V 0.013 | pL 0.003 | vL 0.000 | delta 0.002
U 194 | F 397312 | FPS 0027 | D 13930 | rR:mu sigma m M 0.00 0.00 0.00 0.00 | F:mu sigma m M 170.3 103.1 41.0 378.0 | H 1.098 | V 0.010 | pL 0.002 | vL 0.000 | delta 0.002
U 195 | F 399360 | FPS 0028 | D 14004 | rR:mu sigma m M 0.00 0.00 0.00 0.00 | F:mu sigma m M 190.4 130.7 41.0 478.0 | H 1.098 | V 0.012 | pL 0.004 | vL 0.000 | delta 0.004
U 196 | F 401408 | FPS 0027 | D 14079 | rR:mu sigma m M 0.00 0.00 0.00 0.00 | F:mu sigma m M 197.3 141.7 39.0 478.0 | H 1.097 | V 0.011 | pL 0.003 | vL 0.000 | delta 0.003
U 197 | F 403456 | FPS 0031 | D 14146 | rR:mu sigma m M 0.00 0.00 0.00 0.00 | F:mu sigma m M 125.5 102.0 15.0 371.0 | H 1.098 | V 0.008 | pL 0.003 | vL 0.000 | delta 0.001
U 198 | F 405504 | FPS 0028 | D 14219 | rR:mu sigma m M 0.05 0.17 0.00 0.72 | F:mu sigma m M 121.7 79.3 32.0 280.0 | H 1.095 | V 0.014 | pL -0.004 | vL 0.000 | delta 0.009
U 199 | F 407552 | FPS 0032 | D 14284 | rR:mu sigma m M 0.05 0.17 0.00 0.72 | F:mu sigma m M 155.7 139.7 28.0 609.0 | H 1.096 | V 0.016 | pL 0.001 | vL 0.000 | delta 0.006
U 200 | F 409600 | FPS 0028 | D 14358 | rR:mu sigma m M 0.05 0.21 0.00 0.86 | F:mu sigma m M 178.5 150.7 39.0 609.0 | H 1.095 | V 0.018 | pL -0.000 | vL 0.000 | delta 0.017
U 201 | F 411648 | FPS 0032 | D 14422 | rR:mu sigma m M 0.04 0.17 0.00 0.70 | F:mu sigma m M 172.5 114.0 64.0 433.0 | H 1.090 | V 0.016 | pL -0.001 | vL 0.000 | delta 0.016
U 202 | F 413696 | FPS 0031 | D 14488 | rR:mu sigma m M 0.00 0.00 0.00 0.00 | F:mu sigma m M 199.3 146.9 42.0 556.0 | H 1.087 | V 0.019 | pL -0.002 | vL 0.000 | delta 0.013
U 203 | F 415744 | FPS 0027 | D 14563 | rR:mu sigma m M 0.04 0.14 0.00 0.58 | F:mu sigma m M 175.6 159.7 32.0 556.0 | H 1.093 | V 0.016 | pL 0.002 | vL 0.000 | delta 0.005
U 204 | F 417792 | FPS 0027 | D 14639 | rR:mu sigma m M 0.00 0.00 0.00 0.00 | F:mu sigma m M 158.4 125.5 32.0 437.0 | H 1.096 | V 0.006 | pL 0.002 | vL 0.000 | delta 0.002
U 205 | F 419840 | FPS 0027 | D 14714 | rR:mu sigma m M 0.00 0.00 0.00 0.00 | F:mu sigma m M 201.6 126.2 44.0 437.0 | H 1.098 | V 0.004 | pL 0.001 | vL 0.000 | delta 0.001
U 206 | F 421888 | FPS 0027 | D 14790 | rR:mu sigma m M 0.00 0.00 0.00 0.00 | F:mu sigma m M 197.6 161.3 21.0 635.0 | H 1.097 | V 0.004 | pL 0.001 | vL 0.000 | delta 0.002
U 207 | F 423936 | FPS 0026 | D 14868 | rR:mu sigma m M 0.00 0.00 0.00 0.00 | F:mu sigma m M 147.6 106.5 28.0 401.0 | H 1.098 | V 0.002 | pL 0.001 | vL 0.000 | delta 0.001
U 208 | F 425984 | FPS 0027 | D 14942 | rR:mu sigma m M 0.00 0.00 0.00 0.00 | F:mu sigma m M 145.8 129.6 19.0 475.0 | H 1.098 | V 0.005 | pL 0.001 | vL 0.000 | delta 0.003
U 209 | F 428032 | FPS 0027 | D 15019 | rR:mu sigma m M 0.00 0.00 0.00 0.00 | F:mu sigma m M 127.2 111.7 21.0 475.0 | H 1.094 | V 0.012 | pL -0.000 | vL 0.000 | delta 0.006
U 210 | F 430080 | FPS 0027 | D 15094 | rR:mu sigma m M 0.04 0.17 0.00 0.70 | F:mu sigma m M 160.8 105.0 39.0 361.0 | H 1.096 | V 0.005 | pL -0.002 | vL 0.000 | delta 0.003
U 211 | F 432128 | FPS 0028 | D 15167 | rR:mu sigma m M 0.00 0.00 0.00 0.00 | F:mu sigma m M 140.2 99.7 30.0 447.0 | H 1.095 | V 0.004 | pL -0.003 | vL 0.000 | delta 0.010
U 212 | F 434176 | FPS 0033 | D 15228 | rR:mu sigma m M 0.03 0.10 0.00 0.41 | F:mu sigma m M 186.7 147.3 30.0 590.0 | H 1.093 | V 0.008 | pL 0.001 | vL 0.000 | delta 0.004
U 213 | F 436224 | FPS 0028 | D 15300 | rR:mu sigma m M 0.00 0.00 0.00 0.00 | F:mu sigma m M 164.1 104.2 44.0 466.0 | H 1.096 | V 0.002 | pL 0.000 | vL 0.000 | delta 0.002
U 214 | F 438272 | FPS 0027 | D 15375 | rR:mu sigma m M 0.00 0.00 0.00 0.00 | F:mu sigma m M 224.9 206.0 52.0 877.0 | H 1.097 | V 0.001 | pL 0.000 | vL 0.000 | delta 0.001
U 215 | F 440320 | FPS 0031 | D 15440 | rR:mu sigma m M 0.00 0.00 0.00 0.00 | F:mu sigma m M 196.4 241.2 22.0 877.0 | H 1.098 | V 0.001 | pL 0.000 | vL 0.000 | delta 0.000
U 216 | F 442368 | FPS 0027 | D 15515 | rR:mu sigma m M 0.00 0.00 0.00 0.00 | F:mu sigma m M 163.7 172.7 22.0 752.0 | H 1.097 | V 0.002 | pL 0.001 | vL 0.000 | delta 0.002
U 217 | F 444416 | FPS 0028 | D 15587 | rR:mu sigma m M 0.00 0.00 0.00 0.00 | F:mu sigma m M 231.2 158.8 19.0 569.0 | H 1.098 | V 0.001 | pL 0.000 | vL 0.000 | delta 0.000
U 218 | F 446464 | FPS 0029 | D 15658 | rR:mu sigma m M 0.00 0.00 0.00 0.00 | F:mu sigma m M 228.2 132.7 45.0 529.0 | H 1.098 | V 0.002 | pL -0.000 | vL 0.000 | delta 0.001
U 219 | F 448512 | FPS 0029 | D 15729 | rR:mu sigma m M 0.02 0.09 0.00 0.37 | F:mu sigma m M 198.5 151.0 21.0 633.0 | H 1.092 | V 0.013 | pL -0.001 | vL 0.000 | delta 0.008
U 220 | F 450560 | FPS 0035 | D 15788 | rR:mu sigma m M 0.00 0.00 0.00 0.00 | F:mu sigma m M 136.9 96.7 21.0 340.0 | H 1.093 | V 0.005 | pL -0.002 | vL 0.000 | delta 0.006
U 221 | F 452608 | FPS 0031 | D 15855 | rR:mu sigma m M 0.11 0.28 0.00 0.87 | F:mu sigma m M 168.1 215.7 18.0 900.0 | H 1.094 | V 0.006 | pL -0.009 | vL 0.001 | delta 0.015
U 222 | F 454656 | FPS 0027 | D 15931 | rR:mu sigma m M 0.00 0.00 0.00 0.00 | F:mu sigma m M 202.2 213.6 18.0 900.0 | H 1.098 | V 0.000 | pL 0.000 | vL 0.000 | delta 0.001
U 223 | F 456704 | FPS 0029 | D 16002 | rR:mu sigma m M 0.00 0.00 0.00 0.00 | F:mu sigma m M 202.9 175.0 19.0 759.0 | H 1.090 | V 0.014 | pL -0.002 | vL 0.000 | delta 0.011
U 224 | F 458752 | FPS 0028 | D 16075 | rR:mu sigma m M 0.10 0.27 0.00 0.84 | F:mu sigma m M 206.4 184.0 17.0 759.0 | H 1.087 | V 0.026 | pL -0.008 | vL 0.001 | delta 0.015
U 225 | F 460800 | FPS 0032 | D 16139 | rR:mu sigma m M 0.10 0.27 0.00 0.84 | F:mu sigma m M 197.9 162.2 15.0 570.0 | H 1.087 | V 0.014 | pL -0.004 | vL 0.001 | delta 0.019
U 226 | F 462848 | FPS 0036 | D 16197 | rR:mu sigma m M 0.00 0.00 0.00 0.00 | F:mu sigma m M 179.4 148.3 15.0 570.0 | H 1.071 | V 0.020 | pL -0.005 | vL 0.002 | delta 0.021
U 227 | F 464896 | FPS 0037 | D 16252 | rR:mu sigma m M 0.00 0.00 0.00 0.00 | F:mu sigma m M 151.0 99.1 15.0 373.0 | H 1.082 | V 0.017 | pL 0.005 | vL 0.000 | delta 0.012
U 228 | F 466944 | FPS 0036 | D 16309 | rR:mu sigma m M 0.08 0.23 0.00 0.87 | F:mu sigma m M 168.8 154.6 15.0 598.0 | H 1.076 | V 0.030 | pL -0.004 | vL 0.001 | delta 0.014
U 229 | F 468992 | FPS 0035 | D 16368 | rR:mu sigma m M 0.04 0.18 0.00 0.82 | F:mu sigma m M 171.8 140.4 21.0 534.0 | H 1.069 | V 0.027 | pL -0.000 | vL 0.002 | delta 0.016
U 230 | F 471040 | FPS 0037 | D 16423 | rR:mu sigma m M 0.04 0.17 0.00 0.68 | F:mu sigma m M 170.4 115.3 30.0 421.0 | H 1.069 | V 0.025 | pL 0.001 | vL 0.001 | delta 0.018
U 231 | F 473088 | FPS 0038 | D 16477 | rR:mu sigma m M 0.27 0.40 0.00 0.93 | F:mu sigma m M 112.1 76.1 12.0 301.0 | H 1.023 | V 0.082 | pL -0.028 | vL 0.005 | delta 0.065
U 232 | F 475136 | FPS 0043 | D 16524 | rR:mu sigma m M 0.36 0.44 0.00 0.94 | F:mu sigma m M 94.4 47.7 21.0 188.0 | H 1.003 | V 0.092 | pL -0.042 | vL 0.005 | delta 0.071
U 233 | F 477184 | FPS 0048 | D 16567 | rR:mu sigma m M 0.44 0.44 0.00 0.94 | F:mu sigma m M 114.8 73.8 25.0 308.0 | H 0.930 | V 0.162 | pL -0.058 | vL 0.011 | delta 0.082
U 234 | F 479232 | FPS 0050 | D 16608 | rR:mu sigma m M 0.73 0.36 0.00 0.96 | F:mu sigma m M 86.2 53.0 37.0 283.0 | H 0.791 | V 0.342 | pL -0.121 | vL 0.015 | delta 0.161
U 235 | F 481280 | FPS 0063 | D 16641 | rR:mu sigma m M 0.85 0.27 0.00 0.97 | F:mu sigma m M 56.8 21.1 16.0 104.0 | H 0.673 | V 0.463 | pL -0.127 | vL 0.014 | delta 0.127
U 236 | F 483328 | FPS 0067 | D 16671 | rR:mu sigma m M 0.87 0.25 0.00 0.97 | F:mu sigma m M 57.4 27.4 17.0 169.0 | H 0.639 | V 0.545 | pL -0.100 | vL 0.011 | delta 0.107
U 237 | F 485376 | FPS 0070 | D 16700 | rR:mu sigma m M 0.92 0.19 0.00 0.97 | F:mu sigma m M 44.5 21.5 15.0 134.0 | H 0.491 | V 0.667 | pL -0.100 | vL 0.009 | delta 0.107
U 238 | F 487424 | FPS 0073 | D 16729 | rR:mu sigma m M 0.94 0.13 0.00 0.97 | F:mu sigma m M 38.1 9.2 13.0 62.0 | H 0.428 | V 0.752 | pL -0.070 | vL 0.003 | delta 0.089
U 239 | F 489472 | FPS 0075 | D 16756 | rR:mu sigma m M 0.96 0.01 0.93 0.97 | F:mu sigma m M 35.5 9.5 26.0 69.0 | H 0.403 | V 0.786 | pL -0.023 | vL 0.002 | delta 0.038
agent reach optimality, start collecting trajectories
agent successfully collected 10 trajectories
pickling optimal trajectories
Model successfully saved
/home/rdali/.local/easybuild/software/2017/Core/miniconda3/4.3.27/envs/observe/lib/python3.6/site-packages/torch/nn/functional.py:1906: UserWarning: reduction: 'mean' divides the total loss by both the batch size and the support size.'batchmean' divides only by the batch size, and aligns with the KL div math definition.'mean' will be changed to behave the same as 'batchmean' in the next major release.
  warnings.warn("reduction: 'mean' divides the total loss by both the batch size and the support size."
