The following modules were not unloaded:
  (Use "module --force purge" to unload all):

  1) StdEnv/2018.3     4) gcccore/.7.3.0      7) intel/2018.3
  2) nixpkgs/16.09     5) icc/.2018.3.222     8) openmpi/3.1.2
  3) imkl/2018.3.222   6) ifort/.2018.3.222

Due to MODULEPATH changes, the following have been reloaded:
  1) openmpi/3.1.2

Attention: While Conda works well in a desktop environment, it tends to create more problems than it solves on a cluster. Instead, we recommend that users use virtual environments and the binary packages that we provide through Python wheels as documented on the Python page.
/home/rdali/RL/watch_and_learn/dependency/rl-starter-files/scripts/train_agent_multidem.py --env MiniGrid-LavaCrossingAddictO8S15-v0 --algo ppo --nameDemonstrator LavaCrossing1508Addict1,LavaCrossing1508Addict2,LavaCrossing1508Addict3,LavaCrossing1508Addict4,LavaCrossing1508Addict10,LavaCrossing1508Addict11,LavaCrossing1508Addict12,LavaCrossing1508Addict13 --flat-model 0 --KLweight 0.01 --useKL 1 --meanReward 0.80 --rewardLB 0.70 --seed 2505

Namespace(KLweight=0.01, algo='ppo', batch_size=256, clip_eps=0.2, discount=0.99, entropy_coef=0.01, env='MiniGrid-LavaCrossingAddictO8S15-v0', epochs=4, flat_model=0, frames=10000000, frames_per_proc=None, full_obs=0, gae_lambda=0.95, log_interval=1, lr=0.0007, max_grad_norm=0.5, meanReward=0.8, mem=False, model=None, nameDemonstrator='LavaCrossing1508Addict1,LavaCrossing1508Addict2,LavaCrossing1508Addict3,LavaCrossing1508Addict4,LavaCrossing1508Addict10,LavaCrossing1508Addict11,LavaCrossing1508Addict12,LavaCrossing1508Addict13', optim_alpha=0.99, optim_eps=1e-05, procs=16, recurrence=1, rewardLB=0.7, save_interval=0, seed=2505, tb=False, text=False, useKL=1, value_loss_coef=0.5)

Flat model successfully created

ACModel(
  (image_conv): Sequential(
    (0): Conv2d(3, 32, kernel_size=(2, 2), stride=(1, 1))
    (1): ReLU()
    (2): MaxPool2d(kernel_size=(2, 2), stride=(2, 2), padding=0, dilation=1, ceil_mode=False)
    (3): Conv2d(32, 64, kernel_size=(2, 2), stride=(1, 1))
    (4): ReLU()
    (5): Conv2d(64, 64, kernel_size=(2, 2), stride=(1, 1))
    (6): ReLU()
  )
  (actor): Sequential(
    (0): Linear(in_features=1600, out_features=64, bias=True)
    (1): Tanh()
    (2): Linear(in_features=64, out_features=3, bias=True)
  )
  (critic): Sequential(
    (0): Linear(in_features=1600, out_features=64, bias=True)
    (1): Tanh()
    (2): Linear(in_features=64, out_features=1, bias=True)
  )
)

CUDA available: False

1
True
0.01
Using TensorFlow backend.
OMP: Info #212: KMP_AFFINITY: decoding x2APIC ids.
OMP: Info #210: KMP_AFFINITY: Affinity capable, using global cpuid leaf 11 info
OMP: Info #154: KMP_AFFINITY: Initial OS proc set respected: 27,29,31,33,35
OMP: Info #156: KMP_AFFINITY: 5 available OS procs
OMP: Info #157: KMP_AFFINITY: Uniform topology
OMP: Info #179: KMP_AFFINITY: 1 packages x 5 cores/pkg x 1 threads/core (5 total cores)
OMP: Info #214: KMP_AFFINITY: OS proc to physical thread map:
OMP: Info #171: KMP_AFFINITY: OS proc 29 maps to package 1 core 18 
OMP: Info #171: KMP_AFFINITY: OS proc 27 maps to package 1 core 19 
OMP: Info #171: KMP_AFFINITY: OS proc 33 maps to package 1 core 24 
OMP: Info #171: KMP_AFFINITY: OS proc 35 maps to package 1 core 27 
OMP: Info #171: KMP_AFFINITY: OS proc 31 maps to package 1 core 28 
OMP: Info #250: KMP_AFFINITY: pid 415115 tid 415115 thread 0 bound to OS proc set 29
OMP: Info #250: KMP_AFFINITY: pid 415115 tid 415261 thread 2 bound to OS proc set 33
OMP: Info #250: KMP_AFFINITY: pid 415115 tid 415260 thread 1 bound to OS proc set 27
OMP: Info #250: KMP_AFFINITY: pid 415115 tid 415262 thread 3 bound to OS proc set 35
OMP: Info #250: KMP_AFFINITY: pid 415115 tid 415263 thread 4 bound to OS proc set 31
OMP: Info #250: KMP_AFFINITY: pid 415115 tid 415356 thread 5 bound to OS proc set 29
OMP: Info #250: KMP_AFFINITY: pid 415115 tid 415357 thread 6 bound to OS proc set 27
OMP: Info #250: KMP_AFFINITY: pid 415115 tid 415375 thread 7 bound to OS proc set 33
OMP: Info #250: KMP_AFFINITY: pid 415115 tid 415376 thread 8 bound to OS proc set 35
OMP: Info #250: KMP_AFFINITY: pid 415115 tid 415377 thread 9 bound to OS proc set 31
OMP: Info #250: KMP_AFFINITY: pid 415115 tid 415378 thread 10 bound to OS proc set 29
OMP: Info #250: KMP_AFFINITY: pid 415115 tid 415404 thread 11 bound to OS proc set 27
OMP: Info #250: KMP_AFFINITY: pid 415115 tid 415405 thread 12 bound to OS proc set 33
OMP: Info #250: KMP_AFFINITY: pid 415115 tid 415406 thread 13 bound to OS proc set 35
OMP: Info #250: KMP_AFFINITY: pid 415115 tid 415407 thread 14 bound to OS proc set 31
OMP: Info #250: KMP_AFFINITY: pid 415115 tid 415408 thread 15 bound to OS proc set 29
U 1 | F 002048 | FPS 0036 | D 56 | rR:mu sigma m M 0.00 0.00 0.00 0.00 | F:mu sigma m M 42.7 35.9 0.0 116.0 | H 1.081 | V -0.117 | pL -0.034 | vL 0.001 | delta 0.074
U 2 | F 004096 | FPS 0036 | D 113 | rR:mu sigma m M 0.04 0.19 0.00 0.93 | F:mu sigma m M 99.4 53.7 8.0 202.0 | H 1.091 | V -0.086 | pL -0.043 | vL 0.004 | delta 0.028
U 3 | F 006144 | FPS 0038 | D 166 | rR:mu sigma m M 0.00 0.00 0.00 0.00 | F:mu sigma m M 96.6 74.0 11.0 299.0 | H 1.096 | V -0.075 | pL -0.020 | vL 0.000 | delta 0.013
U 4 | F 008192 | FPS 0030 | D 235 | rR:mu sigma m M 0.00 0.00 0.00 0.00 | F:mu sigma m M 121.5 80.6 23.0 264.0 | H 1.096 | V -0.050 | pL -0.018 | vL 0.000 | delta 0.010
U 5 | F 010240 | FPS 0030 | D 304 | rR:mu sigma m M 0.00 0.00 0.00 0.00 | F:mu sigma m M 145.3 97.3 23.0 349.0 | H 1.098 | V -0.037 | pL -0.011 | vL 0.000 | delta 0.004
U 6 | F 012288 | FPS 0026 | D 382 | rR:mu sigma m M 0.00 0.00 0.00 0.00 | F:mu sigma m M 149.8 133.1 28.0 465.0 | H 1.098 | V -0.027 | pL -0.009 | vL 0.000 | delta 0.004
U 7 | F 014336 | FPS 0032 | D 445 | rR:mu sigma m M 0.00 0.00 0.00 0.00 | F:mu sigma m M 156.5 89.2 45.0 368.0 | H 1.097 | V -0.018 | pL -0.007 | vL 0.000 | delta 0.004
U 8 | F 016384 | FPS 0031 | D 511 | rR:mu sigma m M 0.00 0.00 0.00 0.00 | F:mu sigma m M 141.8 145.4 36.0 596.0 | H 1.098 | V -0.015 | pL -0.004 | vL 0.000 | delta 0.002
U 9 | F 018432 | FPS 0028 | D 583 | rR:mu sigma m M 0.00 0.00 0.00 0.00 | F:mu sigma m M 141.2 151.9 7.0 596.0 | H 1.098 | V -0.011 | pL -0.003 | vL 0.000 | delta 0.002
U 10 | F 020480 | FPS 0029 | D 653 | rR:mu sigma m M 0.00 0.00 0.00 0.00 | F:mu sigma m M 168.0 114.3 7.0 412.0 | H 1.098 | V -0.008 | pL -0.003 | vL 0.000 | delta 0.001
U 11 | F 022528 | FPS 0028 | D 727 | rR:mu sigma m M 0.00 0.00 0.00 0.00 | F:mu sigma m M 133.2 129.9 22.0 528.0 | H 1.098 | V -0.006 | pL -0.002 | vL 0.000 | delta 0.001
U 12 | F 024576 | FPS 0030 | D 796 | rR:mu sigma m M 0.00 0.00 0.00 0.00 | F:mu sigma m M 242.4 202.5 18.0 648.0 | H 1.098 | V -0.005 | pL -0.001 | vL 0.000 | delta 0.001
U 13 | F 026624 | FPS 0028 | D 869 | rR:mu sigma m M 0.00 0.00 0.00 0.00 | F:mu sigma m M 216.4 185.5 18.0 648.0 | H 1.099 | V -0.004 | pL -0.001 | vL 0.000 | delta 0.000
U 14 | F 028672 | FPS 0030 | D 938 | rR:mu sigma m M 0.00 0.00 0.00 0.00 | F:mu sigma m M 190.3 129.4 17.0 508.0 | H 1.098 | V -0.003 | pL -0.001 | vL 0.000 | delta 0.000
U 15 | F 030720 | FPS 0028 | D 1010 | rR:mu sigma m M 0.00 0.00 0.00 0.00 | F:mu sigma m M 173.8 170.4 25.0 626.0 | H 1.099 | V -0.002 | pL -0.001 | vL 0.000 | delta 0.001
U 16 | F 032768 | FPS 0028 | D 1084 | rR:mu sigma m M 0.00 0.00 0.00 0.00 | F:mu sigma m M 167.4 141.6 27.0 479.0 | H 1.099 | V -0.002 | pL -0.001 | vL 0.000 | delta 0.001
U 17 | F 034816 | FPS 0028 | D 1156 | rR:mu sigma m M 0.00 0.00 0.00 0.00 | F:mu sigma m M 137.8 92.8 24.0 301.0 | H 1.099 | V -0.002 | pL -0.000 | vL 0.000 | delta 0.000
U 18 | F 036864 | FPS 0025 | D 1237 | rR:mu sigma m M 0.00 0.00 0.00 0.00 | F:mu sigma m M 158.4 95.3 24.0 301.0 | H 1.099 | V -0.002 | pL -0.000 | vL 0.000 | delta 0.000
U 19 | F 038912 | FPS 0025 | D 1318 | rR:mu sigma m M 0.00 0.00 0.00 0.00 | F:mu sigma m M 164.8 79.7 27.0 296.0 | H 1.099 | V -0.001 | pL -0.000 | vL 0.000 | delta 0.001
U 20 | F 040960 | FPS 0028 | D 1391 | rR:mu sigma m M 0.00 0.00 0.00 0.00 | F:mu sigma m M 175.7 176.2 19.0 782.0 | H 1.099 | V -0.000 | pL 0.000 | vL 0.000 | delta 0.001
U 21 | F 043008 | FPS 0030 | D 1460 | rR:mu sigma m M 0.00 0.00 0.00 0.00 | F:mu sigma m M 266.8 278.3 19.0 894.0 | H 1.099 | V -0.001 | pL -0.000 | vL 0.000 | delta 0.000
U 22 | F 045056 | FPS 0028 | D 1534 | rR:mu sigma m M 0.00 0.00 0.00 0.00 | F:mu sigma m M 371.1 259.0 111.0 894.0 | H 1.099 | V -0.000 | pL -0.000 | vL 0.000 | delta 0.000
U 23 | F 047104 | FPS 0028 | D 1608 | rR:mu sigma m M 0.05 0.20 0.00 0.83 | F:mu sigma m M 93.1 61.8 22.0 209.0 | H 1.093 | V 0.008 | pL -0.006 | vL 0.002 | delta 0.031
U 24 | F 049152 | FPS 0031 | D 1673 | rR:mu sigma m M 0.00 0.00 0.00 0.00 | F:mu sigma m M 145.0 159.2 29.0 692.0 | H 1.098 | V -0.020 | pL -0.005 | vL 0.000 | delta 0.008
U 25 | F 051200 | FPS 0029 | D 1743 | rR:mu sigma m M 0.00 0.00 0.00 0.00 | F:mu sigma m M 204.2 171.0 24.0 692.0 | H 1.098 | V -0.016 | pL -0.004 | vL 0.000 | delta 0.001
U 26 | F 053248 | FPS 0028 | D 1817 | rR:mu sigma m M 0.00 0.00 0.00 0.00 | F:mu sigma m M 179.4 101.2 24.0 349.0 | H 1.098 | V -0.013 | pL -0.003 | vL 0.000 | delta 0.002
U 27 | F 055296 | FPS 0031 | D 1883 | rR:mu sigma m M 0.00 0.00 0.00 0.00 | F:mu sigma m M 228.6 133.2 81.0 559.0 | H 1.098 | V -0.010 | pL -0.003 | vL 0.000 | delta 0.002
U 28 | F 057344 | FPS 0026 | D 1963 | rR:mu sigma m M 0.00 0.00 0.00 0.00 | F:mu sigma m M 151.6 140.4 34.0 464.0 | H 1.098 | V -0.008 | pL -0.003 | vL 0.000 | delta 0.001
U 29 | F 059392 | FPS 0028 | D 2037 | rR:mu sigma m M 0.00 0.00 0.00 0.00 | F:mu sigma m M 191.9 142.5 36.0 464.0 | H 1.099 | V -0.006 | pL -0.002 | vL 0.000 | delta 0.001
U 30 | F 061440 | FPS 0026 | D 2114 | rR:mu sigma m M 0.00 0.00 0.00 0.00 | F:mu sigma m M 180.1 119.1 28.0 456.0 | H 1.098 | V -0.004 | pL -0.001 | vL 0.000 | delta 0.002
U 31 | F 063488 | FPS 0026 | D 2194 | rR:mu sigma m M 0.00 0.00 0.00 0.00 | F:mu sigma m M 179.9 176.4 28.0 719.0 | H 1.099 | V -0.004 | pL -0.001 | vL 0.000 | delta 0.000
U 32 | F 065536 | FPS 0029 | D 2265 | rR:mu sigma m M 0.00 0.00 0.00 0.00 | F:mu sigma m M 279.4 206.5 41.0 719.0 | H 1.099 | V -0.003 | pL -0.001 | vL 0.000 | delta 0.000
U 33 | F 067584 | FPS 0027 | D 2341 | rR:mu sigma m M 0.00 0.00 0.00 0.00 | F:mu sigma m M 214.1 166.6 41.0 628.0 | H 1.099 | V -0.003 | pL -0.001 | vL 0.000 | delta 0.001
U 34 | F 069632 | FPS 0026 | D 2421 | rR:mu sigma m M 0.00 0.00 0.00 0.00 | F:mu sigma m M 229.6 187.5 20.0 781.0 | H 1.099 | V -0.002 | pL -0.000 | vL 0.000 | delta 0.000
U 35 | F 071680 | FPS 0028 | D 2494 | rR:mu sigma m M 0.00 0.00 0.00 0.00 | F:mu sigma m M 192.0 162.0 20.0 495.0 | H 1.099 | V -0.001 | pL -0.000 | vL 0.000 | delta 0.000
U 36 | F 073728 | FPS 0030 | D 2562 | rR:mu sigma m M 0.00 0.00 0.00 0.00 | F:mu sigma m M 142.8 85.8 26.0 350.0 | H 1.099 | V -0.001 | pL -0.000 | vL 0.000 | delta 0.000
U 37 | F 075776 | FPS 0026 | D 2641 | rR:mu sigma m M 0.00 0.00 0.00 0.00 | F:mu sigma m M 157.4 140.0 26.0 486.0 | H 1.099 | V -0.001 | pL -0.000 | vL 0.000 | delta 0.000
U 38 | F 077824 | FPS 0028 | D 2714 | rR:mu sigma m M 0.00 0.00 0.00 0.00 | F:mu sigma m M 148.4 125.4 24.0 486.0 | H 1.099 | V -0.001 | pL -0.000 | vL 0.000 | delta 0.001
U 39 | F 079872 | FPS 0028 | D 2787 | rR:mu sigma m M 0.00 0.00 0.00 0.00 | F:mu sigma m M 203.8 170.5 24.0 592.0 | H 1.099 | V -0.000 | pL -0.000 | vL 0.000 | delta 0.000
U 40 | F 081920 | FPS 0028 | D 2861 | rR:mu sigma m M 0.00 0.00 0.00 0.00 | F:mu sigma m M 117.7 86.8 9.0 331.0 | H 1.099 | V -0.000 | pL -0.000 | vL 0.000 | delta 0.000
U 41 | F 083968 | FPS 0028 | D 2933 | rR:mu sigma m M 0.00 0.00 0.00 0.00 | F:mu sigma m M 110.3 74.4 11.0 266.0 | H 1.099 | V -0.000 | pL -0.000 | vL 0.000 | delta 0.000
U 42 | F 086016 | FPS 0027 | D 3008 | rR:mu sigma m M 0.00 0.00 0.00 0.00 | F:mu sigma m M 146.9 114.9 33.0 464.0 | H 1.099 | V -0.000 | pL -0.000 | vL 0.000 | delta 0.000
U 43 | F 088064 | FPS 0030 | D 3077 | rR:mu sigma m M 0.00 0.00 0.00 0.00 | F:mu sigma m M 96.8 58.7 32.0 224.0 | H 1.099 | V 0.000 | pL -0.000 | vL 0.000 | delta 0.001
U 44 | F 090112 | FPS 0028 | D 3150 | rR:mu sigma m M 0.00 0.00 0.00 0.00 | F:mu sigma m M 196.2 169.8 28.0 665.0 | H 1.099 | V -0.000 | pL -0.000 | vL 0.000 | delta 0.000
U 45 | F 092160 | FPS 0028 | D 3224 | rR:mu sigma m M 0.00 0.00 0.00 0.00 | F:mu sigma m M 129.9 95.7 28.0 338.0 | H 1.099 | V -0.000 | pL -0.000 | vL 0.000 | delta 0.001
U 46 | F 094208 | FPS 0027 | D 3299 | rR:mu sigma m M 0.05 0.21 0.00 0.85 | F:mu sigma m M 163.1 148.7 14.0 497.0 | H 1.097 | V 0.004 | pL -0.007 | vL 0.002 | delta 0.027
U 47 | F 096256 | FPS 0029 | D 3369 | rR:mu sigma m M 0.00 0.00 0.00 0.00 | F:mu sigma m M 129.6 113.9 21.0 404.0 | H 1.098 | V -0.007 | pL -0.002 | vL 0.000 | delta 0.002
U 48 | F 098304 | FPS 0027 | D 3443 | rR:mu sigma m M 0.00 0.00 0.00 0.00 | F:mu sigma m M 162.6 109.4 21.0 380.0 | H 1.097 | V -0.003 | pL -0.001 | vL 0.000 | delta 0.004
U 49 | F 100352 | FPS 0027 | D 3519 | rR:mu sigma m M 0.00 0.00 0.00 0.00 | F:mu sigma m M 193.1 112.5 33.0 526.0 | H 1.098 | V -0.003 | pL -0.002 | vL 0.000 | delta 0.003
U 50 | F 102400 | FPS 0029 | D 3590 | rR:mu sigma m M 0.00 0.00 0.00 0.00 | F:mu sigma m M 160.8 110.9 29.0 470.0 | H 1.099 | V -0.003 | pL -0.001 | vL 0.000 | delta 0.001
U 51 | F 104448 | FPS 0028 | D 3664 | rR:mu sigma m M 0.00 0.00 0.00 0.00 | F:mu sigma m M 133.6 78.9 33.0 296.0 | H 1.099 | V -0.002 | pL -0.001 | vL 0.000 | delta 0.001
U 52 | F 106496 | FPS 0025 | D 3747 | rR:mu sigma m M 0.00 0.00 0.00 0.00 | F:mu sigma m M 140.6 82.8 52.0 296.0 | H 1.098 | V 0.001 | pL -0.001 | vL 0.000 | delta 0.003
U 53 | F 108544 | FPS 0032 | D 3811 | rR:mu sigma m M 0.00 0.00 0.00 0.00 | F:mu sigma m M 112.4 100.0 30.0 467.0 | H 1.098 | V 0.004 | pL 0.001 | vL 0.000 | delta 0.004
U 54 | F 110592 | FPS 0027 | D 3887 | rR:mu sigma m M 0.00 0.00 0.00 0.00 | F:mu sigma m M 200.1 176.1 39.0 709.0 | H 1.098 | V 0.001 | pL 0.000 | vL 0.000 | delta 0.002
U 55 | F 112640 | FPS 0030 | D 3955 | rR:mu sigma m M 0.05 0.20 0.00 0.81 | F:mu sigma m M 170.6 206.4 8.0 709.0 | H 1.091 | V 0.007 | pL -0.007 | vL 0.001 | delta 0.014
U 56 | F 114688 | FPS 0033 | D 4018 | rR:mu sigma m M 0.05 0.20 0.00 0.84 | F:mu sigma m M 221.8 153.9 48.0 638.0 | H 1.096 | V 0.013 | pL -0.003 | vL 0.001 | delta 0.016
U 57 | F 116736 | FPS 0032 | D 4082 | rR:mu sigma m M 0.00 0.00 0.00 0.00 | F:mu sigma m M 107.8 100.3 28.0 457.0 | H 1.098 | V -0.003 | pL -0.001 | vL 0.000 | delta 0.003
U 58 | F 118784 | FPS 0028 | D 4154 | rR:mu sigma m M 0.00 0.00 0.00 0.00 | F:mu sigma m M 150.3 105.8 21.0 462.0 | H 1.098 | V -0.002 | pL -0.001 | vL 0.000 | delta 0.001
U 59 | F 120832 | FPS 0032 | D 4219 | rR:mu sigma m M 0.00 0.00 0.00 0.00 | F:mu sigma m M 139.7 95.7 21.0 341.0 | H 1.096 | V 0.005 | pL 0.001 | vL 0.000 | delta 0.008
U 60 | F 122880 | FPS 0033 | D 4281 | rR:mu sigma m M 0.00 0.00 0.00 0.00 | F:mu sigma m M 150.1 82.3 27.0 298.0 | H 1.098 | V -0.000 | pL 0.001 | vL 0.000 | delta 0.002
U 61 | F 124928 | FPS 0026 | D 4359 | rR:mu sigma m M 0.00 0.00 0.00 0.00 | F:mu sigma m M 203.6 136.6 18.0 448.0 | H 1.098 | V 0.000 | pL 0.000 | vL 0.000 | delta 0.001
U 62 | F 126976 | FPS 0029 | D 4429 | rR:mu sigma m M 0.00 0.00 0.00 0.00 | F:mu sigma m M 163.3 162.0 29.0 688.0 | H 1.099 | V 0.001 | pL 0.000 | vL 0.000 | delta 0.000
U 63 | F 129024 | FPS 0030 | D 4496 | rR:mu sigma m M 0.00 0.00 0.00 0.00 | F:mu sigma m M 145.4 97.5 27.0 384.0 | H 1.099 | V 0.000 | pL 0.000 | vL 0.000 | delta 0.000
U 64 | F 131072 | FPS 0031 | D 4562 | rR:mu sigma m M 0.00 0.00 0.00 0.00 | F:mu sigma m M 134.2 82.5 27.0 325.0 | H 1.099 | V 0.000 | pL 0.000 | vL 0.000 | delta 0.000
U 65 | F 133120 | FPS 0029 | D 4633 | rR:mu sigma m M 0.00 0.00 0.00 0.00 | F:mu sigma m M 177.2 110.8 14.0 400.0 | H 1.099 | V 0.000 | pL -0.000 | vL 0.000 | delta 0.000
U 66 | F 135168 | FPS 0029 | D 4703 | rR:mu sigma m M 0.00 0.00 0.00 0.00 | F:mu sigma m M 181.8 134.2 24.0 544.0 | H 1.099 | V 0.000 | pL 0.000 | vL 0.000 | delta 0.000
U 67 | F 137216 | FPS 0032 | D 4767 | rR:mu sigma m M 0.05 0.19 0.00 0.80 | F:mu sigma m M 163.1 140.5 46.0 661.0 | H 1.098 | V 0.009 | pL -0.006 | vL 0.001 | delta 0.009
U 68 | F 139264 | FPS 0029 | D 4838 | rR:mu sigma m M 0.05 0.19 0.00 0.80 | F:mu sigma m M 135.8 88.1 20.0 324.0 | H 1.098 | V -0.002 | pL -0.000 | vL 0.000 | delta 0.001
U 69 | F 141312 | FPS 0026 | D 4918 | rR:mu sigma m M 0.00 0.00 0.00 0.00 | F:mu sigma m M 206.4 145.9 51.0 601.0 | H 1.098 | V -0.002 | pL -0.001 | vL 0.000 | delta 0.001
U 70 | F 143360 | FPS 0031 | D 4984 | rR:mu sigma m M 0.00 0.00 0.00 0.00 | F:mu sigma m M 223.9 164.8 39.0 601.0 | H 1.099 | V -0.001 | pL -0.000 | vL 0.000 | delta 0.001
U 71 | F 145408 | FPS 0028 | D 5058 | rR:mu sigma m M 0.00 0.00 0.00 0.00 | F:mu sigma m M 172.5 141.0 38.0 488.0 | H 1.099 | V -0.001 | pL -0.000 | vL 0.000 | delta 0.001
U 72 | F 147456 | FPS 0031 | D 5124 | rR:mu sigma m M 0.00 0.00 0.00 0.00 | F:mu sigma m M 126.2 86.1 22.0 307.0 | H 1.099 | V -0.001 | pL -0.000 | vL 0.000 | delta 0.001
U 73 | F 149504 | FPS 0031 | D 5190 | rR:mu sigma m M 0.00 0.00 0.00 0.00 | F:mu sigma m M 161.1 149.3 22.0 653.0 | H 1.099 | V -0.001 | pL -0.000 | vL 0.000 | delta 0.001
U 74 | F 151552 | FPS 0030 | D 5257 | rR:mu sigma m M 0.00 0.00 0.00 0.00 | F:mu sigma m M 222.9 180.8 18.0 653.0 | H 1.099 | V -0.000 | pL -0.000 | vL 0.000 | delta 0.000
U 75 | F 153600 | FPS 0027 | D 5333 | rR:mu sigma m M 0.00 0.00 0.00 0.00 | F:mu sigma m M 220.1 172.6 18.0 630.0 | H 1.099 | V -0.000 | pL -0.000 | vL 0.000 | delta 0.000
U 76 | F 155648 | FPS 0028 | D 5407 | rR:mu sigma m M 0.00 0.00 0.00 0.00 | F:mu sigma m M 204.6 178.3 30.0 544.0 | H 1.098 | V 0.002 | pL 0.000 | vL 0.000 | delta 0.002
U 77 | F 157696 | FPS 0029 | D 5478 | rR:mu sigma m M 0.00 0.00 0.00 0.00 | F:mu sigma m M 135.6 113.5 40.0 479.0 | H 1.098 | V 0.001 | pL 0.000 | vL 0.000 | delta 0.001
U 78 | F 159744 | FPS 0024 | D 5563 | rR:mu sigma m M 0.00 0.00 0.00 0.00 | F:mu sigma m M 137.4 88.9 40.0 316.0 | H 1.099 | V 0.001 | pL 0.000 | vL 0.000 | delta 0.000
U 79 | F 161792 | FPS 0027 | D 5640 | rR:mu sigma m M 0.00 0.00 0.00 0.00 | F:mu sigma m M 220.1 187.4 9.0 784.0 | H 1.099 | V 0.001 | pL 0.000 | vL 0.000 | delta 0.000
U 80 | F 163840 | FPS 0029 | D 5710 | rR:mu sigma m M 0.00 0.00 0.00 0.00 | F:mu sigma m M 178.1 181.5 29.0 733.0 | H 1.098 | V 0.005 | pL -0.000 | vL 0.000 | delta 0.005
U 81 | F 165888 | FPS 0029 | D 5781 | rR:mu sigma m M 0.04 0.14 0.00 0.57 | F:mu sigma m M 234.2 185.4 34.0 733.0 | H 1.096 | V 0.019 | pL -0.003 | vL 0.000 | delta 0.007
U 82 | F 167936 | FPS 0027 | D 5856 | rR:mu sigma m M 0.00 0.00 0.00 0.00 | F:mu sigma m M 164.1 112.7 46.0 385.0 | H 1.098 | V 0.001 | pL 0.001 | vL 0.000 | delta 0.003
U 83 | F 169984 | FPS 0028 | D 5929 | rR:mu sigma m M 0.00 0.00 0.00 0.00 | F:mu sigma m M 142.6 96.4 30.0 347.0 | H 1.099 | V 0.001 | pL 0.000 | vL 0.000 | delta 0.001
U 84 | F 172032 | FPS 0025 | D 6011 | rR:mu sigma m M 0.00 0.00 0.00 0.00 | F:mu sigma m M 100.8 72.9 18.0 296.0 | H 1.099 | V 0.002 | pL 0.000 | vL 0.000 | delta 0.000
U 85 | F 174080 | FPS 0030 | D 6080 | rR:mu sigma m M 0.00 0.00 0.00 0.00 | F:mu sigma m M 150.3 117.9 41.0 463.0 | H 1.098 | V 0.001 | pL 0.000 | vL 0.000 | delta 0.001
U 86 | F 176128 | FPS 0027 | D 6155 | rR:mu sigma m M 0.00 0.00 0.00 0.00 | F:mu sigma m M 138.4 150.7 15.0 481.0 | H 1.098 | V 0.001 | pL 0.000 | vL 0.000 | delta 0.001
U 87 | F 178176 | FPS 0026 | D 6233 | rR:mu sigma m M 0.00 0.00 0.00 0.00 | F:mu sigma m M 140.8 121.2 15.0 412.0 | H 1.099 | V 0.001 | pL 0.000 | vL 0.000 | delta 0.000
U 88 | F 180224 | FPS 0029 | D 6302 | rR:mu sigma m M 0.00 0.00 0.00 0.00 | F:mu sigma m M 131.2 96.5 26.0 370.0 | H 1.099 | V 0.002 | pL 0.000 | vL 0.000 | delta 0.001
U 89 | F 182272 | FPS 0028 | D 6376 | rR:mu sigma m M 0.06 0.22 0.00 0.92 | F:mu sigma m M 151.3 113.9 30.0 404.0 | H 1.096 | V 0.014 | pL -0.006 | vL 0.002 | delta 0.021
U 90 | F 184320 | FPS 0032 | D 6440 | rR:mu sigma m M 0.04 0.15 0.00 0.61 | F:mu sigma m M 244.0 203.0 49.0 900.0 | H 1.096 | V 0.005 | pL -0.004 | vL 0.000 | delta 0.013
U 91 | F 186368 | FPS 0027 | D 6515 | rR:mu sigma m M 0.00 0.00 0.00 0.00 | F:mu sigma m M 195.8 222.0 44.0 844.0 | H 1.098 | V 0.011 | pL 0.005 | vL 0.000 | delta 0.006
U 92 | F 188416 | FPS 0028 | D 6588 | rR:mu sigma m M 0.00 0.00 0.00 0.00 | F:mu sigma m M 100.8 58.4 28.0 204.0 | H 1.097 | V 0.005 | pL 0.001 | vL 0.000 | delta 0.003
U 93 | F 190464 | FPS 0025 | D 6670 | rR:mu sigma m M 0.00 0.00 0.00 0.00 | F:mu sigma m M 122.6 64.9 28.0 233.0 | H 1.098 | V 0.002 | pL 0.000 | vL 0.000 | delta 0.001
U 94 | F 192512 | FPS 0029 | D 6742 | rR:mu sigma m M 0.00 0.00 0.00 0.00 | F:mu sigma m M 127.6 86.9 33.0 348.0 | H 1.098 | V 0.001 | pL 0.000 | vL 0.000 | delta 0.001
U 95 | F 194560 | FPS 0031 | D 6808 | rR:mu sigma m M 0.00 0.00 0.00 0.00 | F:mu sigma m M 210.2 196.8 18.0 630.0 | H 1.099 | V 0.001 | pL 0.000 | vL 0.000 | delta 0.000
U 96 | F 196608 | FPS 0028 | D 6880 | rR:mu sigma m M 0.06 0.22 0.00 0.91 | F:mu sigma m M 130.1 111.2 18.0 464.0 | H 1.097 | V 0.010 | pL -0.006 | vL 0.001 | delta 0.019
U 97 | F 198656 | FPS 0030 | D 6947 | rR:mu sigma m M 0.00 0.00 0.00 0.00 | F:mu sigma m M 175.6 166.7 12.0 676.0 | H 1.089 | V -0.000 | pL -0.003 | vL 0.000 | delta 0.009
U 98 | F 200704 | FPS 0032 | D 7011 | rR:mu sigma m M 0.00 0.00 0.00 0.00 | F:mu sigma m M 106.2 56.4 25.0 233.0 | H 1.096 | V -0.002 | pL -0.001 | vL 0.000 | delta 0.006
U 99 | F 202752 | FPS 0028 | D 7084 | rR:mu sigma m M 0.00 0.00 0.00 0.00 | F:mu sigma m M 141.9 109.5 39.0 521.0 | H 1.098 | V -0.003 | pL -0.001 | vL 0.000 | delta 0.002
U 100 | F 204800 | FPS 0028 | D 7157 | rR:mu sigma m M 0.00 0.00 0.00 0.00 | F:mu sigma m M 124.6 71.4 39.0 302.0 | H 1.097 | V -0.001 | pL -0.000 | vL 0.000 | delta 0.002
U 101 | F 206848 | FPS 0031 | D 7223 | rR:mu sigma m M 0.00 0.00 0.00 0.00 | F:mu sigma m M 204.3 123.1 52.0 451.0 | H 1.098 | V -0.001 | pL -0.001 | vL 0.000 | delta 0.001
U 102 | F 208896 | FPS 0032 | D 7286 | rR:mu sigma m M 0.00 0.00 0.00 0.00 | F:mu sigma m M 192.1 117.3 54.0 451.0 | H 1.098 | V 0.001 | pL 0.000 | vL 0.000 | delta 0.001
U 103 | F 210944 | FPS 0030 | D 7356 | rR:mu sigma m M 0.04 0.15 0.00 0.63 | F:mu sigma m M 214.1 132.7 30.0 555.0 | H 1.097 | V 0.005 | pL -0.005 | vL 0.000 | delta 0.011
U 104 | F 212992 | FPS 0027 | D 7430 | rR:mu sigma m M 0.04 0.15 0.00 0.63 | F:mu sigma m M 188.8 147.5 17.0 633.0 | H 1.098 | V 0.004 | pL 0.001 | vL 0.000 | delta 0.002
U 105 | F 215040 | FPS 0027 | D 7506 | rR:mu sigma m M 0.00 0.00 0.00 0.00 | F:mu sigma m M 181.8 118.8 17.0 387.0 | H 1.098 | V 0.003 | pL 0.001 | vL 0.000 | delta 0.001
U 106 | F 217088 | FPS 0028 | D 7579 | rR:mu sigma m M 0.00 0.00 0.00 0.00 | F:mu sigma m M 193.9 138.7 30.0 480.0 | H 1.098 | V 0.002 | pL 0.000 | vL 0.000 | delta 0.001
U 107 | F 219136 | FPS 0030 | D 7646 | rR:mu sigma m M 0.00 0.00 0.00 0.00 | F:mu sigma m M 185.4 116.5 29.0 491.0 | H 1.098 | V 0.003 | pL 0.001 | vL 0.000 | delta 0.002
U 108 | F 221184 | FPS 0030 | D 7714 | rR:mu sigma m M 0.00 0.00 0.00 0.00 | F:mu sigma m M 154.2 138.5 13.0 499.0 | H 1.098 | V 0.001 | pL 0.000 | vL 0.000 | delta 0.001
U 109 | F 223232 | FPS 0029 | D 7785 | rR:mu sigma m M 0.00 0.00 0.00 0.00 | F:mu sigma m M 121.5 79.4 15.0 293.0 | H 1.098 | V 0.001 | pL 0.000 | vL 0.000 | delta 0.001
U 110 | F 225280 | FPS 0028 | D 7857 | rR:mu sigma m M 0.00 0.00 0.00 0.00 | F:mu sigma m M 147.1 131.6 49.0 591.0 | H 1.099 | V 0.001 | pL 0.000 | vL 0.000 | delta 0.001
U 111 | F 227328 | FPS 0033 | D 7920 | rR:mu sigma m M 0.00 0.00 0.00 0.00 | F:mu sigma m M 105.4 64.1 19.0 264.0 | H 1.099 | V 0.000 | pL 0.000 | vL 0.000 | delta 0.000
U 112 | F 229376 | FPS 0029 | D 7990 | rR:mu sigma m M 0.00 0.00 0.00 0.00 | F:mu sigma m M 147.1 112.7 19.0 384.0 | H 1.099 | V 0.000 | pL 0.000 | vL 0.000 | delta 0.000
U 113 | F 231424 | FPS 0030 | D 8058 | rR:mu sigma m M 0.00 0.00 0.00 0.00 | F:mu sigma m M 179.4 137.6 25.0 426.0 | H 1.099 | V 0.000 | pL 0.000 | vL 0.000 | delta 0.000
U 114 | F 233472 | FPS 0029 | D 8128 | rR:mu sigma m M 0.00 0.00 0.00 0.00 | F:mu sigma m M 170.9 123.6 21.0 426.0 | H 1.099 | V 0.000 | pL 0.000 | vL 0.000 | delta 0.001
U 115 | F 235520 | FPS 0026 | D 8206 | rR:mu sigma m M 0.00 0.00 0.00 0.00 | F:mu sigma m M 295.0 259.5 25.0 878.0 | H 1.099 | V 0.000 | pL 0.000 | vL 0.000 | delta 0.000
U 116 | F 237568 | FPS 0027 | D 8281 | rR:mu sigma m M 0.05 0.19 0.00 0.77 | F:mu sigma m M 245.6 247.5 18.0 878.0 | H 1.095 | V 0.009 | pL -0.006 | vL 0.000 | delta 0.012
U 117 | F 239616 | FPS 0032 | D 8346 | rR:mu sigma m M 0.05 0.19 0.00 0.77 | F:mu sigma m M 122.4 76.5 18.0 269.0 | H 1.097 | V 0.002 | pL 0.000 | vL 0.000 | delta 0.002
U 118 | F 241664 | FPS 0026 | D 8426 | rR:mu sigma m M 0.00 0.00 0.00 0.00 | F:mu sigma m M 258.1 218.2 24.0 900.0 | H 1.098 | V 0.000 | pL 0.000 | vL 0.000 | delta 0.001
U 119 | F 243712 | FPS 0028 | D 8498 | rR:mu sigma m M 0.00 0.00 0.00 0.00 | F:mu sigma m M 217.5 202.5 15.0 900.0 | H 1.097 | V 0.010 | pL -0.005 | vL 0.000 | delta 0.020
U 120 | F 245760 | FPS 0031 | D 8564 | rR:mu sigma m M 0.06 0.21 0.00 0.89 | F:mu sigma m M 153.6 97.8 26.0 383.0 | H 1.096 | V 0.013 | pL 0.001 | vL 0.000 | delta 0.009
U 121 | F 247808 | FPS 0026 | D 8641 | rR:mu sigma m M 0.00 0.00 0.00 0.00 | F:mu sigma m M 162.0 137.1 26.0 472.0 | H 1.098 | V 0.004 | pL 0.001 | vL 0.000 | delta 0.002
U 122 | F 249856 | FPS 0034 | D 8702 | rR:mu sigma m M 0.00 0.00 0.00 0.00 | F:mu sigma m M 193.9 156.9 16.0 650.0 | H 1.097 | V 0.006 | pL -0.000 | vL 0.000 | delta 0.005
U 123 | F 251904 | FPS 0028 | D 8775 | rR:mu sigma m M 0.00 0.00 0.00 0.00 | F:mu sigma m M 156.8 134.0 16.0 506.0 | H 1.097 | V 0.008 | pL 0.004 | vL 0.000 | delta 0.006
U 124 | F 253952 | FPS 0028 | D 8849 | rR:mu sigma m M 0.00 0.00 0.00 0.00 | F:mu sigma m M 180.0 165.8 44.0 744.0 | H 1.098 | V 0.009 | pL 0.002 | vL 0.000 | delta 0.002
U 125 | F 256000 | FPS 0026 | D 8927 | rR:mu sigma m M 0.00 0.00 0.00 0.00 | F:mu sigma m M 190.9 88.2 47.0 395.0 | H 1.098 | V 0.009 | pL 0.002 | vL 0.000 | delta 0.002
U 126 | F 258048 | FPS 0028 | D 9001 | rR:mu sigma m M 0.00 0.00 0.00 0.00 | F:mu sigma m M 182.8 143.7 23.0 581.0 | H 1.098 | V 0.005 | pL 0.001 | vL 0.000 | delta 0.001
U 127 | F 260096 | FPS 0029 | D 9072 | rR:mu sigma m M 0.00 0.00 0.00 0.00 | F:mu sigma m M 148.9 87.1 45.0 311.0 | H 1.099 | V 0.004 | pL 0.001 | vL 0.000 | delta 0.000
U 128 | F 262144 | FPS 0026 | D 9151 | rR:mu sigma m M 0.00 0.00 0.00 0.00 | F:mu sigma m M 172.1 129.9 23.0 485.0 | H 1.098 | V 0.005 | pL -0.000 | vL 0.000 | delta 0.002
U 129 | F 264192 | FPS 0032 | D 9215 | rR:mu sigma m M 0.05 0.21 0.00 0.87 | F:mu sigma m M 149.9 111.1 10.0 406.0 | H 1.096 | V 0.014 | pL -0.003 | vL 0.002 | delta 0.013
U 130 | F 266240 | FPS 0028 | D 9288 | rR:mu sigma m M 0.00 0.00 0.00 0.00 | F:mu sigma m M 140.9 91.3 31.0 349.0 | H 1.099 | V 0.004 | pL 0.001 | vL 0.000 | delta 0.002
U 131 | F 268288 | FPS 0030 | D 9356 | rR:mu sigma m M 0.00 0.00 0.00 0.00 | F:mu sigma m M 162.8 122.3 31.0 513.0 | H 1.099 | V 0.004 | pL 0.001 | vL 0.000 | delta 0.001
U 132 | F 270336 | FPS 0024 | D 9441 | rR:mu sigma m M 0.00 0.00 0.00 0.00 | F:mu sigma m M 206.6 103.4 64.0 436.0 | H 1.099 | V 0.003 | pL 0.001 | vL 0.000 | delta 0.000
U 133 | F 272384 | FPS 0027 | D 9518 | rR:mu sigma m M 0.00 0.00 0.00 0.00 | F:mu sigma m M 194.3 101.0 64.0 436.0 | H 1.099 | V 0.002 | pL 0.001 | vL 0.000 | delta 0.000
U 134 | F 274432 | FPS 0025 | D 9600 | rR:mu sigma m M 0.00 0.00 0.00 0.00 | F:mu sigma m M 154.7 91.8 45.0 392.0 | H 1.099 | V 0.002 | pL 0.000 | vL 0.000 | delta 0.000
U 135 | F 276480 | FPS 0027 | D 9676 | rR:mu sigma m M 0.00 0.00 0.00 0.00 | F:mu sigma m M 176.2 200.0 33.0 793.0 | H 1.099 | V 0.001 | pL 0.000 | vL 0.000 | delta 0.000
U 136 | F 278528 | FPS 0026 | D 9755 | rR:mu sigma m M 0.00 0.00 0.00 0.00 | F:mu sigma m M 222.6 213.1 17.0 627.0 | H 1.099 | V 0.001 | pL 0.000 | vL 0.000 | delta 0.000
U 137 | F 280576 | FPS 0028 | D 9828 | rR:mu sigma m M 0.00 0.00 0.00 0.00 | F:mu sigma m M 122.0 75.3 40.0 268.0 | H 1.099 | V 0.001 | pL 0.000 | vL 0.000 | delta 0.000
U 138 | F 282624 | FPS 0028 | D 9902 | rR:mu sigma m M 0.00 0.00 0.00 0.00 | F:mu sigma m M 174.2 124.1 38.0 462.0 | H 1.099 | V 0.001 | pL 0.000 | vL 0.000 | delta 0.000
U 139 | F 284672 | FPS 0029 | D 9972 | rR:mu sigma m M 0.00 0.00 0.00 0.00 | F:mu sigma m M 169.3 132.6 35.0 462.0 | H 1.098 | V 0.001 | pL 0.000 | vL 0.000 | delta 0.001
U 140 | F 286720 | FPS 0028 | D 10045 | rR:mu sigma m M 0.00 0.00 0.00 0.00 | F:mu sigma m M 202.5 142.0 67.0 609.0 | H 1.098 | V 0.000 | pL -0.000 | vL 0.000 | delta 0.000
U 141 | F 288768 | FPS 0030 | D 10113 | rR:mu sigma m M 0.00 0.00 0.00 0.00 | F:mu sigma m M 224.4 191.6 62.0 609.0 | H 1.099 | V 0.000 | pL 0.000 | vL 0.000 | delta 0.000
U 142 | F 290816 | FPS 0029 | D 10184 | rR:mu sigma m M 0.02 0.07 0.00 0.30 | F:mu sigma m M 162.4 168.4 15.0 698.0 | H 1.096 | V 0.004 | pL -0.002 | vL 0.000 | delta 0.004
U 143 | F 292864 | FPS 0030 | D 10253 | rR:mu sigma m M 0.00 0.00 0.00 0.00 | F:mu sigma m M 173.7 125.5 23.0 416.0 | H 1.098 | V 0.002 | pL 0.001 | vL 0.000 | delta 0.002
U 144 | F 294912 | FPS 0025 | D 10333 | rR:mu sigma m M 0.00 0.00 0.00 0.00 | F:mu sigma m M 191.9 125.6 50.0 422.0 | H 1.098 | V 0.002 | pL 0.000 | vL 0.000 | delta 0.001
U 145 | F 296960 | FPS 0030 | D 10401 | rR:mu sigma m M 0.05 0.18 0.00 0.75 | F:mu sigma m M 209.8 190.2 52.0 749.0 | H 1.098 | V 0.005 | pL -0.005 | vL 0.001 | delta 0.009
U 146 | F 299008 | FPS 0026 | D 10480 | rR:mu sigma m M 0.00 0.00 0.00 0.00 | F:mu sigma m M 172.6 125.2 23.0 450.0 | H 1.098 | V -0.002 | pL -0.001 | vL 0.000 | delta 0.002
U 147 | F 301056 | FPS 0027 | D 10555 | rR:mu sigma m M 0.00 0.00 0.00 0.00 | F:mu sigma m M 207.2 170.2 23.0 636.0 | H 1.099 | V -0.003 | pL -0.001 | vL 0.000 | delta 0.001
U 148 | F 303104 | FPS 0027 | D 10630 | rR:mu sigma m M 0.05 0.20 0.00 0.83 | F:mu sigma m M 149.1 107.7 17.0 442.0 | H 1.096 | V 0.008 | pL -0.007 | vL 0.001 | delta 0.016
U 149 | F 305152 | FPS 0029 | D 10701 | rR:mu sigma m M 0.05 0.20 0.00 0.83 | F:mu sigma m M 162.8 118.2 17.0 442.0 | H 1.097 | V 0.017 | pL -0.001 | vL 0.001 | delta 0.010
U 150 | F 307200 | FPS 0029 | D 10772 | rR:mu sigma m M 0.00 0.00 0.00 0.00 | F:mu sigma m M 180.7 146.0 9.0 519.0 | H 1.098 | V 0.006 | pL 0.003 | vL 0.000 | delta 0.004
U 151 | F 309248 | FPS 0025 | D 10853 | rR:mu sigma m M 0.00 0.00 0.00 0.00 | F:mu sigma m M 164.5 136.7 9.0 519.0 | H 1.098 | V 0.007 | pL 0.001 | vL 0.000 | delta 0.002
U 152 | F 311296 | FPS 0029 | D 10924 | rR:mu sigma m M 0.04 0.16 0.00 0.65 | F:mu sigma m M 197.9 143.7 49.0 466.0 | H 1.096 | V 0.012 | pL -0.004 | vL 0.000 | delta 0.008
U 153 | F 313344 | FPS 0029 | D 10994 | rR:mu sigma m M 0.04 0.16 0.00 0.65 | F:mu sigma m M 234.3 170.3 27.0 593.0 | H 1.098 | V 0.005 | pL 0.001 | vL 0.000 | delta 0.002
U 154 | F 315392 | FPS 0029 | D 11066 | rR:mu sigma m M 0.05 0.20 0.00 0.84 | F:mu sigma m M 202.8 129.7 42.0 465.0 | H 1.096 | V 0.014 | pL -0.005 | vL 0.000 | delta 0.011
U 155 | F 317440 | FPS 0027 | D 11142 | rR:mu sigma m M 0.05 0.20 0.00 0.84 | F:mu sigma m M 160.6 105.0 13.0 379.0 | H 1.098 | V 0.001 | pL 0.000 | vL 0.000 | delta 0.004
U 156 | F 319488 | FPS 0031 | D 11208 | rR:mu sigma m M 0.00 0.00 0.00 0.00 | F:mu sigma m M 211.1 103.7 99.0 415.0 | H 1.098 | V -0.001 | pL -0.000 | vL 0.000 | delta 0.001
U 157 | F 321536 | FPS 0027 | D 11284 | rR:mu sigma m M 0.04 0.17 0.00 0.72 | F:mu sigma m M 143.8 114.1 19.0 435.0 | H 1.091 | V 0.013 | pL -0.005 | vL 0.001 | delta 0.010
U 158 | F 323584 | FPS 0031 | D 11349 | rR:mu sigma m M 0.00 0.00 0.00 0.00 | F:mu sigma m M 103.8 83.9 32.0 331.0 | H 1.097 | V 0.002 | pL 0.000 | vL 0.000 | delta 0.004
U 159 | F 325632 | FPS 0029 | D 11421 | rR:mu sigma m M 0.00 0.00 0.00 0.00 | F:mu sigma m M 85.6 55.4 18.0 188.0 | H 1.097 | V 0.002 | pL 0.001 | vL 0.000 | delta 0.002
U 160 | F 327680 | FPS 0028 | D 11493 | rR:mu sigma m M 0.00 0.00 0.00 0.00 | F:mu sigma m M 122.3 96.4 18.0 305.0 | H 1.098 | V 0.003 | pL 0.001 | vL 0.000 | delta 0.001
U 161 | F 329728 | FPS 0026 | D 11571 | rR:mu sigma m M 0.00 0.00 0.00 0.00 | F:mu sigma m M 177.9 112.0 46.0 444.0 | H 1.098 | V 0.002 | pL 0.001 | vL 0.000 | delta 0.000
U 162 | F 331776 | FPS 0031 | D 11637 | rR:mu sigma m M 0.00 0.00 0.00 0.00 | F:mu sigma m M 226.0 182.1 30.0 695.0 | H 1.098 | V 0.002 | pL 0.000 | vL 0.000 | delta 0.001
U 163 | F 333824 | FPS 0027 | D 11714 | rR:mu sigma m M 0.00 0.00 0.00 0.00 | F:mu sigma m M 210.3 148.8 49.0 594.0 | H 1.098 | V 0.001 | pL 0.000 | vL 0.000 | delta 0.000
U 164 | F 335872 | FPS 0023 | D 11801 | rR:mu sigma m M 0.00 0.00 0.00 0.00 | F:mu sigma m M 128.4 121.1 18.0 534.0 | H 1.099 | V 0.001 | pL 0.000 | vL 0.000 | delta 0.000
U 165 | F 337920 | FPS 0025 | D 11882 | rR:mu sigma m M 0.00 0.00 0.00 0.00 | F:mu sigma m M 201.0 180.1 39.0 726.0 | H 1.098 | V 0.001 | pL 0.000 | vL 0.000 | delta 0.000
U 166 | F 339968 | FPS 0027 | D 11959 | rR:mu sigma m M 0.00 0.00 0.00 0.00 | F:mu sigma m M 215.4 168.9 18.0 599.0 | H 1.098 | V 0.001 | pL 0.000 | vL 0.000 | delta 0.000
U 167 | F 342016 | FPS 0028 | D 12031 | rR:mu sigma m M 0.00 0.00 0.00 0.00 | F:mu sigma m M 188.7 172.6 18.0 599.0 | H 1.099 | V 0.001 | pL 0.000 | vL 0.000 | delta 0.000
U 168 | F 344064 | FPS 0031 | D 12098 | rR:mu sigma m M 0.00 0.00 0.00 0.00 | F:mu sigma m M 172.2 127.6 41.0 431.0 | H 1.099 | V 0.001 | pL 0.000 | vL 0.000 | delta 0.000
U 169 | F 346112 | FPS 0026 | D 12176 | rR:mu sigma m M 0.00 0.00 0.00 0.00 | F:mu sigma m M 154.0 139.4 13.0 532.0 | H 1.099 | V 0.000 | pL 0.000 | vL 0.000 | delta 0.000
U 170 | F 348160 | FPS 0028 | D 12248 | rR:mu sigma m M 0.00 0.00 0.00 0.00 | F:mu sigma m M 121.9 88.8 19.0 292.0 | H 1.097 | V 0.004 | pL 0.001 | vL 0.000 | delta 0.005
U 171 | F 350208 | FPS 0027 | D 12325 | rR:mu sigma m M 0.00 0.00 0.00 0.00 | F:mu sigma m M 181.8 194.8 29.0 741.0 | H 1.098 | V 0.000 | pL -0.000 | vL 0.000 | delta 0.001
U 172 | F 352256 | FPS 0028 | D 12397 | rR:mu sigma m M 0.00 0.00 0.00 0.00 | F:mu sigma m M 229.6 205.4 37.0 741.0 | H 1.098 | V 0.000 | pL 0.000 | vL 0.000 | delta 0.001
U 173 | F 354304 | FPS 0026 | D 12476 | rR:mu sigma m M 0.00 0.00 0.00 0.00 | F:mu sigma m M 286.2 188.9 62.0 741.0 | H 1.098 | V 0.000 | pL 0.000 | vL 0.000 | delta 0.000
U 174 | F 356352 | FPS 0027 | D 12551 | rR:mu sigma m M 0.00 0.00 0.00 0.00 | F:mu sigma m M 210.8 152.5 38.0 576.0 | H 1.098 | V 0.003 | pL -0.000 | vL 0.000 | delta 0.003
U 175 | F 358400 | FPS 0027 | D 12628 | rR:mu sigma m M 0.00 0.00 0.00 0.00 | F:mu sigma m M 154.8 90.0 38.0 336.0 | H 1.099 | V -0.000 | pL 0.000 | vL 0.000 | delta 0.002
U 176 | F 360448 | FPS 0029 | D 12698 | rR:mu sigma m M 0.00 0.00 0.00 0.00 | F:mu sigma m M 125.6 87.7 21.0 254.0 | H 1.099 | V 0.001 | pL 0.000 | vL 0.000 | delta 0.000
U 177 | F 362496 | FPS 0029 | D 12768 | rR:mu sigma m M 0.00 0.00 0.00 0.00 | F:mu sigma m M 142.6 109.6 16.0 352.0 | H 1.099 | V 0.001 | pL 0.000 | vL 0.000 | delta 0.000
U 178 | F 364544 | FPS 0027 | D 12843 | rR:mu sigma m M 0.00 0.00 0.00 0.00 | F:mu sigma m M 160.5 113.1 39.0 368.0 | H 1.099 | V 0.000 | pL 0.000 | vL 0.000 | delta 0.000
U 179 | F 366592 | FPS 0028 | D 12915 | rR:mu sigma m M 0.00 0.00 0.00 0.00 | F:mu sigma m M 175.2 108.0 45.0 368.0 | H 1.099 | V 0.001 | pL 0.000 | vL 0.000 | delta 0.000
U 180 | F 368640 | FPS 0028 | D 12989 | rR:mu sigma m M 0.00 0.00 0.00 0.00 | F:mu sigma m M 225.4 157.6 28.0 700.0 | H 1.099 | V 0.001 | pL 0.000 | vL 0.000 | delta 0.000
U 181 | F 370688 | FPS 0030 | D 13058 | rR:mu sigma m M 0.00 0.00 0.00 0.00 | F:mu sigma m M 204.2 166.4 21.0 692.0 | H 1.099 | V 0.001 | pL 0.000 | vL 0.000 | delta 0.000
U 182 | F 372736 | FPS 0028 | D 13132 | rR:mu sigma m M 0.00 0.00 0.00 0.00 | F:mu sigma m M 131.6 103.6 16.0 497.0 | H 1.098 | V 0.002 | pL 0.000 | vL 0.000 | delta 0.001
U 183 | F 374784 | FPS 0029 | D 13203 | rR:mu sigma m M 0.00 0.00 0.00 0.00 | F:mu sigma m M 156.9 110.8 59.0 497.0 | H 1.099 | V -0.000 | pL 0.000 | vL 0.000 | delta 0.000
U 184 | F 376832 | FPS 0025 | D 13286 | rR:mu sigma m M 0.00 0.00 0.00 0.00 | F:mu sigma m M 154.8 130.2 15.0 515.0 | H 1.099 | V -0.000 | pL -0.000 | vL 0.000 | delta 0.001
U 185 | F 378880 | FPS 0027 | D 13363 | rR:mu sigma m M 0.00 0.00 0.00 0.00 | F:mu sigma m M 122.2 134.6 12.0 563.0 | H 1.098 | V 0.000 | pL 0.000 | vL 0.000 | delta 0.001
U 186 | F 380928 | FPS 0029 | D 13433 | rR:mu sigma m M 0.00 0.00 0.00 0.00 | F:mu sigma m M 144.0 113.3 21.0 416.0 | H 1.099 | V 0.001 | pL 0.000 | vL 0.000 | delta 0.001
U 187 | F 382976 | FPS 0031 | D 13500 | rR:mu sigma m M 0.00 0.00 0.00 0.00 | F:mu sigma m M 135.9 105.4 17.0 416.0 | H 1.099 | V 0.001 | pL 0.000 | vL 0.000 | delta 0.000
U 188 | F 385024 | FPS 0031 | D 13566 | rR:mu sigma m M 0.00 0.00 0.00 0.00 | F:mu sigma m M 189.9 163.4 16.0 563.0 | H 1.099 | V 0.001 | pL 0.000 | vL 0.000 | delta 0.000
U 189 | F 387072 | FPS 0027 | D 13642 | rR:mu sigma m M 0.00 0.00 0.00 0.00 | F:mu sigma m M 160.9 151.3 22.0 563.0 | H 1.099 | V 0.001 | pL 0.000 | vL 0.000 | delta 0.000
U 190 | F 389120 | FPS 0030 | D 13710 | rR:mu sigma m M 0.00 0.00 0.00 0.00 | F:mu sigma m M 171.2 112.6 41.0 457.0 | H 1.099 | V 0.000 | pL 0.000 | vL 0.000 | delta 0.000
U 191 | F 391168 | FPS 0026 | D 13789 | rR:mu sigma m M 0.00 0.00 0.00 0.00 | F:mu sigma m M 165.2 125.4 27.0 473.0 | H 1.099 | V 0.000 | pL 0.000 | vL 0.000 | delta 0.000
U 192 | F 393216 | FPS 0026 | D 13869 | rR:mu sigma m M 0.00 0.00 0.00 0.00 | F:mu sigma m M 198.1 210.1 31.0 900.0 | H 1.099 | V 0.000 | pL 0.000 | vL 0.000 | delta 0.000
U 193 | F 395264 | FPS 0031 | D 13935 | rR:mu sigma m M 0.00 0.00 0.00 0.00 | F:mu sigma m M 114.8 71.5 25.0 304.0 | H 1.099 | V 0.000 | pL 0.000 | vL 0.000 | delta 0.000
U 194 | F 397312 | FPS 0026 | D 14014 | rR:mu sigma m M 0.00 0.00 0.00 0.00 | F:mu sigma m M 147.4 131.7 25.0 500.0 | H 1.099 | V 0.000 | pL 0.000 | vL 0.000 | delta 0.000
U 195 | F 399360 | FPS 0028 | D 14088 | rR:mu sigma m M 0.00 0.00 0.00 0.00 | F:mu sigma m M 206.2 176.7 23.0 500.0 | H 1.099 | V 0.000 | pL -0.000 | vL 0.000 | delta 0.000
U 196 | F 401408 | FPS 0029 | D 14160 | rR:mu sigma m M 0.09 0.25 0.00 0.81 | F:mu sigma m M 234.9 148.2 23.0 500.0 | H 1.093 | V 0.011 | pL -0.012 | vL 0.002 | delta 0.012
U 197 | F 403456 | FPS 0027 | D 14234 | rR:mu sigma m M 0.05 0.20 0.00 0.81 | F:mu sigma m M 164.1 113.4 14.0 459.0 | H 1.098 | V 0.005 | pL -0.000 | vL 0.000 | delta 0.002
U 198 | F 405504 | FPS 0034 | D 14295 | rR:mu sigma m M 0.05 0.21 0.00 0.87 | F:mu sigma m M 144.6 121.0 14.0 507.0 | H 1.096 | V 0.007 | pL -0.002 | vL 0.000 | delta 0.005
U 199 | F 407552 | FPS 0029 | D 14366 | rR:mu sigma m M 0.00 0.00 0.00 0.00 | F:mu sigma m M 235.2 171.2 32.0 665.0 | H 1.098 | V 0.004 | pL 0.001 | vL 0.000 | delta 0.002
U 200 | F 409600 | FPS 0027 | D 14442 | rR:mu sigma m M 0.00 0.00 0.00 0.00 | F:mu sigma m M 215.8 189.0 27.0 665.0 | H 1.098 | V 0.003 | pL 0.001 | vL 0.000 | delta 0.002
U 201 | F 411648 | FPS 0026 | D 14522 | rR:mu sigma m M 0.00 0.00 0.00 0.00 | F:mu sigma m M 179.4 169.6 27.0 660.0 | H 1.096 | V 0.012 | pL -0.001 | vL 0.000 | delta 0.004
U 202 | F 413696 | FPS 0026 | D 14601 | rR:mu sigma m M 0.04 0.16 0.00 0.68 | F:mu sigma m M 232.4 220.9 30.0 900.0 | H 1.096 | V 0.009 | pL -0.002 | vL 0.000 | delta 0.005
U 203 | F 415744 | FPS 0028 | D 14674 | rR:mu sigma m M 0.05 0.19 0.00 0.79 | F:mu sigma m M 171.6 116.1 37.0 396.0 | H 1.094 | V 0.011 | pL -0.007 | vL 0.000 | delta 0.007
U 204 | F 417792 | FPS 0032 | D 14737 | rR:mu sigma m M 0.00 0.00 0.00 0.00 | F:mu sigma m M 132.2 80.1 32.0 313.0 | H 1.094 | V 0.009 | pL 0.000 | vL 0.000 | delta 0.008
U 205 | F 419840 | FPS 0031 | D 14804 | rR:mu sigma m M 0.00 0.00 0.00 0.00 | F:mu sigma m M 129.4 71.3 42.0 286.0 | H 1.094 | V 0.009 | pL 0.001 | vL 0.000 | delta 0.004
U 206 | F 421888 | FPS 0035 | D 14862 | rR:mu sigma m M 0.00 0.00 0.00 0.00 | F:mu sigma m M 158.4 107.8 33.0 398.0 | H 1.092 | V 0.012 | pL -0.002 | vL 0.000 | delta 0.007
U 207 | F 423936 | FPS 0031 | D 14929 | rR:mu sigma m M 0.04 0.15 0.00 0.63 | F:mu sigma m M 211.1 164.6 46.0 666.0 | H 1.092 | V 0.015 | pL 0.000 | vL 0.000 | delta 0.009
U 208 | F 425984 | FPS 0030 | D 14997 | rR:mu sigma m M 0.00 0.00 0.00 0.00 | F:mu sigma m M 139.7 119.4 15.0 461.0 | H 1.097 | V 0.006 | pL 0.002 | vL 0.000 | delta 0.003
U 209 | F 428032 | FPS 0026 | D 15077 | rR:mu sigma m M 0.00 0.00 0.00 0.00 | F:mu sigma m M 166.9 132.3 24.0 461.0 | H 1.098 | V 0.005 | pL 0.002 | vL 0.000 | delta 0.001
U 210 | F 430080 | FPS 0026 | D 15157 | rR:mu sigma m M 0.00 0.00 0.00 0.00 | F:mu sigma m M 185.2 108.9 59.0 408.0 | H 1.098 | V 0.003 | pL 0.001 | vL 0.000 | delta 0.001
U 211 | F 432128 | FPS 0027 | D 15232 | rR:mu sigma m M 0.05 0.18 0.00 0.73 | F:mu sigma m M 139.8 69.9 65.0 274.0 | H 1.094 | V 0.014 | pL -0.004 | vL 0.001 | delta 0.013
U 212 | F 434176 | FPS 0030 | D 15299 | rR:mu sigma m M 0.00 0.00 0.00 0.00 | F:mu sigma m M 166.7 126.8 31.0 381.0 | H 1.097 | V 0.007 | pL 0.001 | vL 0.000 | delta 0.005
U 213 | F 436224 | FPS 0032 | D 15363 | rR:mu sigma m M 0.00 0.00 0.00 0.00 | F:mu sigma m M 189.9 101.5 42.0 361.0 | H 1.097 | V 0.013 | pL 0.002 | vL 0.000 | delta 0.007
U 214 | F 438272 | FPS 0026 | D 15442 | rR:mu sigma m M 0.00 0.00 0.00 0.00 | F:mu sigma m M 190.8 129.3 17.0 621.0 | H 1.098 | V 0.011 | pL 0.002 | vL 0.000 | delta 0.004
U 215 | F 440320 | FPS 0031 | D 15507 | rR:mu sigma m M 0.00 0.00 0.00 0.00 | F:mu sigma m M 210.3 180.6 17.0 681.0 | H 1.097 | V 0.008 | pL 0.002 | vL 0.000 | delta 0.002
U 216 | F 442368 | FPS 0029 | D 15579 | rR:mu sigma m M 0.00 0.00 0.00 0.00 | F:mu sigma m M 221.1 176.9 19.0 681.0 | H 1.098 | V 0.006 | pL 0.002 | vL 0.000 | delta 0.001
U 217 | F 444416 | FPS 0029 | D 15649 | rR:mu sigma m M 0.00 0.00 0.00 0.00 | F:mu sigma m M 161.7 136.6 19.0 531.0 | H 1.097 | V 0.008 | pL -0.001 | vL 0.000 | delta 0.004
U 218 | F 446464 | FPS 0029 | D 15720 | rR:mu sigma m M 0.00 0.00 0.00 0.00 | F:mu sigma m M 167.1 140.2 37.0 561.0 | H 1.095 | V 0.011 | pL 0.003 | vL 0.000 | delta 0.005
U 219 | F 448512 | FPS 0026 | D 15797 | rR:mu sigma m M 0.04 0.15 0.00 0.63 | F:mu sigma m M 191.7 142.7 60.0 516.0 | H 1.091 | V 0.014 | pL -0.001 | vL 0.000 | delta 0.007
U 220 | F 450560 | FPS 0027 | D 15872 | rR:mu sigma m M 0.00 0.00 0.00 0.00 | F:mu sigma m M 150.5 142.5 48.0 654.0 | H 1.098 | V 0.003 | pL 0.000 | vL 0.000 | delta 0.001
U 221 | F 452608 | FPS 0034 | D 15933 | rR:mu sigma m M 0.00 0.00 0.00 0.00 | F:mu sigma m M 148.0 110.6 13.0 393.0 | H 1.091 | V 0.016 | pL 0.001 | vL 0.000 | delta 0.008
U 222 | F 454656 | FPS 0029 | D 16005 | rR:mu sigma m M 0.04 0.14 0.00 0.56 | F:mu sigma m M 159.9 137.2 13.0 455.0 | H 1.094 | V 0.014 | pL -0.000 | vL 0.001 | delta 0.011
U 223 | F 456704 | FPS 0027 | D 16080 | rR:mu sigma m M 0.04 0.14 0.00 0.56 | F:mu sigma m M 152.9 102.5 17.0 438.0 | H 1.094 | V 0.007 | pL -0.001 | vL 0.000 | delta 0.004
U 224 | F 458752 | FPS 0028 | D 16154 | rR:mu sigma m M 0.00 0.00 0.00 0.00 | F:mu sigma m M 193.3 143.4 25.0 509.0 | H 1.097 | V -0.002 | pL -0.000 | vL 0.000 | delta 0.003
U 225 | F 460800 | FPS 0029 | D 16224 | rR:mu sigma m M 0.00 0.00 0.00 0.00 | F:mu sigma m M 177.5 137.2 35.0 539.0 | H 1.096 | V -0.001 | pL -0.001 | vL 0.000 | delta 0.003
U 226 | F 462848 | FPS 0027 | D 16299 | rR:mu sigma m M 0.00 0.00 0.00 0.00 | F:mu sigma m M 103.8 61.0 44.0 218.0 | H 1.098 | V -0.003 | pL -0.001 | vL 0.000 | delta 0.000
U 227 | F 464896 | FPS 0028 | D 16372 | rR:mu sigma m M 0.00 0.00 0.00 0.00 | F:mu sigma m M 182.0 135.8 16.0 603.0 | H 1.098 | V -0.001 | pL -0.001 | vL 0.000 | delta 0.001
U 228 | F 466944 | FPS 0026 | D 16450 | rR:mu sigma m M 0.00 0.00 0.00 0.00 | F:mu sigma m M 165.9 78.3 18.0 308.0 | H 1.098 | V -0.001 | pL -0.000 | vL 0.000 | delta 0.000
U 229 | F 468992 | FPS 0030 | D 16517 | rR:mu sigma m M 0.00 0.00 0.00 0.00 | F:mu sigma m M 161.6 138.9 31.0 446.0 | H 1.098 | V 0.000 | pL -0.001 | vL 0.000 | delta 0.002
U 230 | F 471040 | FPS 0028 | D 16591 | rR:mu sigma m M 0.00 0.00 0.00 0.00 | F:mu sigma m M 174.9 145.6 29.0 489.0 | H 1.098 | V 0.002 | pL 0.000 | vL 0.000 | delta 0.002
U 231 | F 473088 | FPS 0027 | D 16669 | rR:mu sigma m M 0.00 0.00 0.00 0.00 | F:mu sigma m M 169.1 135.0 12.0 489.0 | H 1.098 | V 0.001 | pL 0.001 | vL 0.000 | delta 0.001
U 232 | F 475136 | FPS 0029 | D 16740 | rR:mu sigma m M 0.00 0.00 0.00 0.00 | F:mu sigma m M 178.6 108.9 34.0 434.0 | H 1.099 | V 0.001 | pL 0.000 | vL 0.000 | delta 0.000
U 233 | F 477184 | FPS 0028 | D 16812 | rR:mu sigma m M 0.00 0.00 0.00 0.00 | F:mu sigma m M 184.2 140.0 46.0 535.0 | H 1.098 | V 0.003 | pL -0.000 | vL 0.000 | delta 0.001
U 234 | F 479232 | FPS 0025 | D 16895 | rR:mu sigma m M 0.08 0.23 0.00 0.75 | F:mu sigma m M 181.0 168.0 14.0 701.0 | H 1.091 | V 0.017 | pL -0.012 | vL 0.002 | delta 0.013
U 235 | F 481280 | FPS 0026 | D 16973 | rR:mu sigma m M 0.09 0.25 0.00 0.75 | F:mu sigma m M 173.9 160.8 25.0 701.0 | H 1.098 | V -0.001 | pL -0.000 | vL 0.000 | delta 0.001
U 236 | F 483328 | FPS 0030 | D 17040 | rR:mu sigma m M 0.00 0.00 0.00 0.00 | F:mu sigma m M 179.3 102.4 24.0 347.0 | H 1.098 | V -0.001 | pL -0.000 | vL 0.000 | delta 0.001
U 237 | F 485376 | FPS 0027 | D 17116 | rR:mu sigma m M 0.00 0.00 0.00 0.00 | F:mu sigma m M 161.9 104.6 36.0 331.0 | H 1.098 | V -0.001 | pL -0.000 | vL 0.000 | delta 0.000
U 238 | F 487424 | FPS 0030 | D 17185 | rR:mu sigma m M 0.00 0.00 0.00 0.00 | F:mu sigma m M 143.8 101.0 37.0 405.0 | H 1.098 | V -0.001 | pL -0.000 | vL 0.000 | delta 0.000
U 239 | F 489472 | FPS 0028 | D 17257 | rR:mu sigma m M 0.00 0.00 0.00 0.00 | F:mu sigma m M 178.6 126.5 27.0 430.0 | H 1.098 | V -0.000 | pL -0.000 | vL 0.000 | delta 0.001
U 240 | F 491520 | FPS 0027 | D 17333 | rR:mu sigma m M 0.00 0.00 0.00 0.00 | F:mu sigma m M 217.9 164.6 47.0 674.0 | H 1.099 | V -0.000 | pL -0.000 | vL 0.000 | delta 0.000
U 241 | F 493568 | FPS 0030 | D 17402 | rR:mu sigma m M 0.00 0.00 0.00 0.00 | F:mu sigma m M 224.4 178.2 16.0 610.0 | H 1.098 | V -0.000 | pL -0.000 | vL 0.000 | delta 0.000
U 242 | F 495616 | FPS 0029 | D 17474 | rR:mu sigma m M 0.00 0.00 0.00 0.00 | F:mu sigma m M 206.9 149.5 51.0 610.0 | H 1.098 | V 0.002 | pL -0.000 | vL 0.000 | delta 0.001
U 243 | F 497664 | FPS 0025 | D 17555 | rR:mu sigma m M 0.05 0.18 0.00 0.72 | F:mu sigma m M 202.6 185.3 38.0 715.0 | H 1.093 | V 0.012 | pL -0.005 | vL 0.001 | delta 0.020
U 244 | F 499712 | FPS 0027 | D 17631 | rR:mu sigma m M 0.05 0.18 0.00 0.72 | F:mu sigma m M 193.8 121.3 41.0 537.0 | H 1.098 | V -0.005 | pL -0.001 | vL 0.000 | delta 0.002
U 245 | F 501760 | FPS 0028 | D 17704 | rR:mu sigma m M 0.00 0.00 0.00 0.00 | F:mu sigma m M 170.5 121.9 32.0 454.0 | H 1.098 | V -0.004 | pL -0.001 | vL 0.000 | delta 0.001
U 246 | F 503808 | FPS 0029 | D 17775 | rR:mu sigma m M 0.11 0.30 0.00 0.92 | F:mu sigma m M 119.8 88.6 17.0 385.0 | H 1.091 | V 0.011 | pL -0.015 | vL 0.002 | delta 0.022
U 247 | F 505856 | FPS 0030 | D 17844 | rR:mu sigma m M 0.00 0.00 0.00 0.00 | F:mu sigma m M 175.4 111.8 17.0 403.0 | H 1.097 | V 0.003 | pL -0.002 | vL 0.000 | delta 0.005
U 248 | F 507904 | FPS 0028 | D 17918 | rR:mu sigma m M 0.00 0.00 0.00 0.00 | F:mu sigma m M 140.2 82.8 20.0 294.0 | H 1.094 | V 0.009 | pL 0.002 | vL 0.000 | delta 0.007
U 249 | F 509952 | FPS 0028 | D 17992 | rR:mu sigma m M 0.00 0.00 0.00 0.00 | F:mu sigma m M 165.1 89.6 48.0 327.0 | H 1.098 | V 0.000 | pL -0.000 | vL 0.000 | delta 0.001
U 250 | F 512000 | FPS 0028 | D 18066 | rR:mu sigma m M 0.00 0.00 0.00 0.00 | F:mu sigma m M 148.7 79.4 56.0 284.0 | H 1.098 | V 0.001 | pL -0.000 | vL 0.000 | delta 0.001
U 251 | F 514048 | FPS 0031 | D 18131 | rR:mu sigma m M 0.00 0.00 0.00 0.00 | F:mu sigma m M 153.3 113.5 19.0 430.0 | H 1.097 | V 0.001 | pL -0.000 | vL 0.000 | delta 0.002
U 252 | F 516096 | FPS 0026 | D 18211 | rR:mu sigma m M 0.05 0.19 0.00 0.79 | F:mu sigma m M 168.9 126.5 19.0 449.0 | H 1.091 | V 0.009 | pL -0.006 | vL 0.001 | delta 0.009
U 253 | F 518144 | FPS 0034 | D 18271 | rR:mu sigma m M 0.05 0.19 0.00 0.79 | F:mu sigma m M 227.3 144.8 49.0 449.0 | H 1.092 | V 0.009 | pL -0.002 | vL 0.000 | delta 0.008
U 254 | F 520192 | FPS 0031 | D 18336 | rR:mu sigma m M 0.03 0.14 0.00 0.62 | F:mu sigma m M 143.2 98.4 37.0 379.0 | H 1.093 | V 0.011 | pL -0.002 | vL 0.000 | delta 0.006
U 255 | F 522240 | FPS 0028 | D 18409 | rR:mu sigma m M 0.00 0.00 0.00 0.00 | F:mu sigma m M 162.3 208.4 28.0 900.0 | H 1.096 | V 0.004 | pL -0.001 | vL 0.000 | delta 0.005
U 256 | F 524288 | FPS 0025 | D 18492 | rR:mu sigma m M 0.05 0.19 0.00 0.81 | F:mu sigma m M 162.8 200.5 28.0 900.0 | H 1.090 | V 0.014 | pL -0.003 | vL 0.000 | delta 0.007
U 257 | F 526336 | FPS 0028 | D 18565 | rR:mu sigma m M 0.05 0.19 0.00 0.81 | F:mu sigma m M 147.4 120.6 22.0 377.0 | H 1.097 | V 0.002 | pL -0.001 | vL 0.000 | delta 0.002
U 258 | F 528384 | FPS 0025 | D 18648 | rR:mu sigma m M 0.00 0.00 0.00 0.00 | F:mu sigma m M 196.9 172.7 19.0 733.0 | H 1.091 | V 0.013 | pL 0.003 | vL 0.000 | delta 0.013
U 259 | F 530432 | FPS 0026 | D 18726 | rR:mu sigma m M 0.00 0.00 0.00 0.00 | F:mu sigma m M 193.8 166.2 58.0 733.0 | H 1.097 | V 0.006 | pL 0.002 | vL 0.000 | delta 0.004
U 260 | F 532480 | FPS 0028 | D 18800 | rR:mu sigma m M 0.00 0.00 0.00 0.00 | F:mu sigma m M 187.9 118.2 58.0 517.0 | H 1.098 | V 0.004 | pL 0.000 | vL 0.000 | delta 0.001
U 261 | F 534528 | FPS 0027 | D 18876 | rR:mu sigma m M 0.05 0.19 0.00 0.81 | F:mu sigma m M 205.8 156.2 30.0 585.0 | H 1.094 | V 0.008 | pL -0.005 | vL 0.001 | delta 0.009
U 262 | F 536576 | FPS 0031 | D 18941 | rR:mu sigma m M 0.00 0.00 0.00 0.00 | F:mu sigma m M 207.3 187.6 32.0 601.0 | H 1.098 | V 0.001 | pL 0.000 | vL 0.000 | delta 0.001
U 263 | F 538624 | FPS 0029 | D 19011 | rR:mu sigma m M 0.00 0.00 0.00 0.00 | F:mu sigma m M 160.8 92.7 38.0 327.0 | H 1.098 | V 0.000 | pL 0.000 | vL 0.000 | delta 0.000
U 264 | F 540672 | FPS 0029 | D 19082 | rR:mu sigma m M 0.00 0.00 0.00 0.00 | F:mu sigma m M 136.1 84.0 38.0 327.0 | H 1.098 | V 0.005 | pL -0.000 | vL 0.000 | delta 0.003
U 265 | F 542720 | FPS 0028 | D 19156 | rR:mu sigma m M 0.05 0.19 0.00 0.81 | F:mu sigma m M 170.1 93.5 57.0 397.0 | H 1.096 | V 0.009 | pL -0.005 | vL 0.000 | delta 0.008
U 266 | F 544768 | FPS 0028 | D 19228 | rR:mu sigma m M 0.00 0.00 0.00 0.00 | F:mu sigma m M 180.1 103.8 43.0 397.0 | H 1.098 | V -0.000 | pL 0.000 | vL 0.000 | delta 0.001
U 267 | F 546816 | FPS 0028 | D 19301 | rR:mu sigma m M 0.04 0.16 0.00 0.66 | F:mu sigma m M 208.9 172.0 18.0 730.0 | H 1.092 | V 0.016 | pL -0.005 | vL 0.001 | delta 0.010
U 268 | F 548864 | FPS 0034 | D 19363 | rR:mu sigma m M 0.09 0.23 0.00 0.72 | F:mu sigma m M 144.3 114.5 20.0 363.0 | H 1.095 | V 0.006 | pL -0.005 | vL 0.001 | delta 0.010
U 269 | F 550912 | FPS 0026 | D 19442 | rR:mu sigma m M 0.00 0.00 0.00 0.00 | F:mu sigma m M 122.1 71.7 26.0 259.0 | H 1.098 | V 0.003 | pL -0.000 | vL 0.000 | delta 0.003
U 270 | F 552960 | FPS 0027 | D 19518 | rR:mu sigma m M 0.00 0.00 0.00 0.00 | F:mu sigma m M 172.7 185.4 25.0 857.0 | H 1.098 | V 0.002 | pL 0.001 | vL 0.000 | delta 0.002
U 271 | F 555008 | FPS 0026 | D 19596 | rR:mu sigma m M 0.05 0.20 0.00 0.81 | F:mu sigma m M 131.4 60.0 45.0 259.0 | H 1.096 | V 0.011 | pL -0.006 | vL 0.000 | delta 0.009
U 272 | F 557056 | FPS 0025 | D 19678 | rR:mu sigma m M 0.05 0.20 0.00 0.81 | F:mu sigma m M 127.9 67.7 45.0 316.0 | H 1.085 | V 0.016 | pL 0.000 | vL 0.000 | delta 0.010
U 273 | F 559104 | FPS 0032 | D 19743 | rR:mu sigma m M 0.00 0.00 0.00 0.00 | F:mu sigma m M 145.1 138.3 15.0 559.0 | H 1.086 | V 0.013 | pL -0.000 | vL 0.000 | delta 0.009
U 274 | F 561152 | FPS 0032 | D 19807 | rR:mu sigma m M 0.13 0.28 0.00 0.82 | F:mu sigma m M 152.9 129.3 24.0 507.0 | H 1.076 | V 0.029 | pL -0.012 | vL 0.001 | delta 0.018
U 275 | F 563200 | FPS 0034 | D 19867 | rR:mu sigma m M 0.09 0.25 0.00 0.82 | F:mu sigma m M 182.1 133.2 14.0 507.0 | H 1.073 | V 0.045 | pL -0.009 | vL 0.002 | delta 0.017
U 276 | F 565248 | FPS 0033 | D 19930 | rR:mu sigma m M 0.10 0.26 0.00 0.80 | F:mu sigma m M 131.2 81.5 43.0 357.0 | H 1.079 | V 0.029 | pL 0.000 | vL 0.000 | delta 0.011
U 277 | F 567296 | FPS 0036 | D 19987 | rR:mu sigma m M 0.09 0.23 0.00 0.76 | F:mu sigma m M 144.1 86.6 22.0 388.0 | H 1.068 | V 0.054 | pL -0.011 | vL 0.001 | delta 0.019
U 278 | F 569344 | FPS 0034 | D 20047 | rR:mu sigma m M 0.18 0.33 0.00 0.83 | F:mu sigma m M 119.0 77.4 18.0 302.0 | H 1.045 | V 0.080 | pL -0.004 | vL 0.002 | delta 0.035
U 279 | F 571392 | FPS 0043 | D 20094 | rR:mu sigma m M 0.19 0.34 0.00 0.91 | F:mu sigma m M 127.9 91.5 21.0 333.0 | H 1.036 | V 0.076 | pL -0.008 | vL 0.003 | delta 0.040
U 280 | F 573440 | FPS 0040 | D 20146 | rR:mu sigma m M 0.18 0.37 0.00 0.94 | F:mu sigma m M 105.9 68.9 22.0 341.0 | H 1.016 | V 0.119 | pL -0.029 | vL 0.008 | delta 0.058
U 281 | F 575488 | FPS 0043 | D 20194 | rR:mu sigma m M 0.37 0.43 0.00 0.91 | F:mu sigma m M 106.8 56.0 33.0 253.0 | H 0.975 | V 0.150 | pL -0.025 | vL 0.005 | delta 0.048
U 282 | F 577536 | FPS 0043 | D 20241 | rR:mu sigma m M 0.33 0.43 0.00 0.94 | F:mu sigma m M 98.8 56.5 19.0 216.0 | H 0.937 | V 0.232 | pL -0.030 | vL 0.009 | delta 0.064
U 283 | F 579584 | FPS 0041 | D 20291 | rR:mu sigma m M 0.67 0.38 0.00 0.95 | F:mu sigma m M 106.0 46.9 42.0 200.0 | H 0.889 | V 0.301 | pL -0.055 | vL 0.009 | delta 0.073
U 284 | F 581632 | FPS 0045 | D 20337 | rR:mu sigma m M 0.76 0.33 0.00 0.95 | F:mu sigma m M 92.9 37.9 42.0 155.0 | H 0.838 | V 0.401 | pL -0.052 | vL 0.007 | delta 0.070
U 285 | F 583680 | FPS 0051 | D 20377 | rR:mu sigma m M 0.83 0.27 0.00 0.96 | F:mu sigma m M 85.2 38.5 31.0 200.0 | H 0.790 | V 0.495 | pL -0.071 | vL 0.009 | delta 0.090
U 286 | F 585728 | FPS 0054 | D 20415 | rR:mu sigma m M 0.87 0.22 0.00 0.97 | F:mu sigma m M 68.8 31.6 21.0 162.0 | H 0.709 | V 0.580 | pL -0.062 | vL 0.007 | delta 0.071
U 287 | F 587776 | FPS 0064 | D 20447 | rR:mu sigma m M 0.95 0.01 0.90 0.97 | F:mu sigma m M 52.8 13.3 34.0 100.0 | H 0.621 | V 0.676 | pL -0.069 | vL 0.003 | delta 0.064
agent reach optimality, start collecting trajectories
agent successfully collected 10 trajectories
pickling optimal trajectories
Model successfully saved
/home/rdali/.local/easybuild/software/2017/Core/miniconda3/4.3.27/envs/observe/lib/python3.6/site-packages/torch/nn/functional.py:1906: UserWarning: reduction: 'mean' divides the total loss by both the batch size and the support size.'batchmean' divides only by the batch size, and aligns with the KL div math definition.'mean' will be changed to behave the same as 'batchmean' in the next major release.
  warnings.warn("reduction: 'mean' divides the total loss by both the batch size and the support size."
