The following modules were not unloaded:
  (Use "module --force purge" to unload all):

  1) StdEnv/2018.3     4) gcccore/.7.3.0      7) intel/2018.3
  2) nixpkgs/16.09     5) icc/.2018.3.222     8) openmpi/3.1.2
  3) imkl/2018.3.222   6) ifort/.2018.3.222

Due to MODULEPATH changes, the following have been reloaded:
  1) openmpi/3.1.2

Attention: While Conda works well in a desktop environment, it tends to create more problems than it solves on a cluster. Instead, we recommend that users use virtual environments and the binary packages that we provide through Python wheels as documented on the Python page.
/home/rdali/RL/watch_and_learn/dependency/rl-starter-files/scripts/train_agent_multidem.py --env MiniGrid-LavaCrossingAddictO8S15-v0 --algo ppo --nameDemonstrator LavaCrossing1508Addict1,LavaCrossing1508Addict2,LavaCrossing1508Addict3,LavaCrossing1508Addict4,LavaCrossing1508Addict10,LavaCrossing1508Addict11,LavaCrossing1508Addict12,LavaCrossing1508Addict13 --flat-model 0 --KLweight 0.001 --useKL 1 --meanReward 0.80 --rewardLB 0.70 --seed 6620

Namespace(KLweight=0.001, algo='ppo', batch_size=256, clip_eps=0.2, discount=0.99, entropy_coef=0.01, env='MiniGrid-LavaCrossingAddictO8S15-v0', epochs=4, flat_model=0, frames=10000000, frames_per_proc=None, full_obs=0, gae_lambda=0.95, log_interval=1, lr=0.0007, max_grad_norm=0.5, meanReward=0.8, mem=False, model=None, nameDemonstrator='LavaCrossing1508Addict1,LavaCrossing1508Addict2,LavaCrossing1508Addict3,LavaCrossing1508Addict4,LavaCrossing1508Addict10,LavaCrossing1508Addict11,LavaCrossing1508Addict12,LavaCrossing1508Addict13', optim_alpha=0.99, optim_eps=1e-05, procs=16, recurrence=1, rewardLB=0.7, save_interval=0, seed=6620, tb=False, text=False, useKL=1, value_loss_coef=0.5)

Flat model successfully created

ACModel(
  (image_conv): Sequential(
    (0): Conv2d(3, 32, kernel_size=(2, 2), stride=(1, 1))
    (1): ReLU()
    (2): MaxPool2d(kernel_size=(2, 2), stride=(2, 2), padding=0, dilation=1, ceil_mode=False)
    (3): Conv2d(32, 64, kernel_size=(2, 2), stride=(1, 1))
    (4): ReLU()
    (5): Conv2d(64, 64, kernel_size=(2, 2), stride=(1, 1))
    (6): ReLU()
  )
  (actor): Sequential(
    (0): Linear(in_features=1600, out_features=64, bias=True)
    (1): Tanh()
    (2): Linear(in_features=64, out_features=3, bias=True)
  )
  (critic): Sequential(
    (0): Linear(in_features=1600, out_features=64, bias=True)
    (1): Tanh()
    (2): Linear(in_features=64, out_features=1, bias=True)
  )
)

CUDA available: False

1
True
0.001
Using TensorFlow backend.
OMP: Info #212: KMP_AFFINITY: decoding x2APIC ids.
OMP: Info #210: KMP_AFFINITY: Affinity capable, using global cpuid leaf 11 info
OMP: Info #154: KMP_AFFINITY: Initial OS proc set respected: 21,23,30,32,34
OMP: Info #156: KMP_AFFINITY: 5 available OS procs
OMP: Info #158: KMP_AFFINITY: Nonuniform topology
OMP: Info #179: KMP_AFFINITY: 2 packages x 3 cores/pkg x 1 threads/core (5 total cores)
OMP: Info #214: KMP_AFFINITY: OS proc to physical thread map:
OMP: Info #171: KMP_AFFINITY: OS proc 32 maps to package 0 core 24 
OMP: Info #171: KMP_AFFINITY: OS proc 34 maps to package 0 core 27 
OMP: Info #171: KMP_AFFINITY: OS proc 30 maps to package 0 core 28 
OMP: Info #171: KMP_AFFINITY: OS proc 21 maps to package 1 core 16 
OMP: Info #171: KMP_AFFINITY: OS proc 23 maps to package 1 core 20 
OMP: Info #250: KMP_AFFINITY: pid 295906 tid 295906 thread 0 bound to OS proc set 32
OMP: Info #250: KMP_AFFINITY: pid 295906 tid 296140 thread 1 bound to OS proc set 21
OMP: Info #250: KMP_AFFINITY: pid 295906 tid 296147 thread 2 bound to OS proc set 34
OMP: Info #250: KMP_AFFINITY: pid 295906 tid 296156 thread 3 bound to OS proc set 23
OMP: Info #250: KMP_AFFINITY: pid 295906 tid 296159 thread 4 bound to OS proc set 30
OMP: Info #250: KMP_AFFINITY: pid 295906 tid 296238 thread 5 bound to OS proc set 32
OMP: Info #250: KMP_AFFINITY: pid 295906 tid 296239 thread 6 bound to OS proc set 21
OMP: Info #250: KMP_AFFINITY: pid 295906 tid 296257 thread 7 bound to OS proc set 34
OMP: Info #250: KMP_AFFINITY: pid 295906 tid 296258 thread 8 bound to OS proc set 23
OMP: Info #250: KMP_AFFINITY: pid 295906 tid 296260 thread 10 bound to OS proc set 32
OMP: Info #250: KMP_AFFINITY: pid 295906 tid 296259 thread 9 bound to OS proc set 30
OMP: Info #250: KMP_AFFINITY: pid 295906 tid 296320 thread 11 bound to OS proc set 21
OMP: Info #250: KMP_AFFINITY: pid 295906 tid 296322 thread 12 bound to OS proc set 34
OMP: Info #250: KMP_AFFINITY: pid 295906 tid 296324 thread 14 bound to OS proc set 30
OMP: Info #250: KMP_AFFINITY: pid 295906 tid 296325 thread 15 bound to OS proc set 32
OMP: Info #250: KMP_AFFINITY: pid 295906 tid 296323 thread 13 bound to OS proc set 23
U 1 | F 002048 | FPS 0033 | D 62 | rR:mu sigma m M 0.00 0.00 0.00 0.00 | F:mu sigma m M 67.4 35.1 17.0 127.0 | H 1.045 | V -0.248 | pL -0.086 | vL 0.004 | delta 0.081
U 2 | F 004096 | FPS 0042 | D 111 | rR:mu sigma m M 0.00 0.00 0.00 0.00 | F:mu sigma m M 97.8 69.1 10.0 244.0 | H 1.054 | V -0.188 | pL -0.072 | vL 0.003 | delta 0.045
U 3 | F 006144 | FPS 0041 | D 162 | rR:mu sigma m M 0.00 0.00 0.00 0.00 | F:mu sigma m M 86.8 64.0 9.0 284.0 | H 1.061 | V -0.133 | pL -0.059 | vL 0.002 | delta 0.050
U 4 | F 008192 | FPS 0042 | D 211 | rR:mu sigma m M 0.00 0.00 0.00 0.00 | F:mu sigma m M 115.0 51.0 28.0 231.0 | H 1.083 | V -0.084 | pL -0.031 | vL 0.001 | delta 0.014
U 5 | F 010240 | FPS 0037 | D 266 | rR:mu sigma m M 0.00 0.00 0.00 0.00 | F:mu sigma m M 99.8 57.3 19.0 217.0 | H 1.094 | V -0.068 | pL -0.025 | vL 0.000 | delta 0.011
U 6 | F 012288 | FPS 0034 | D 326 | rR:mu sigma m M 0.00 0.00 0.00 0.00 | F:mu sigma m M 111.5 72.5 12.0 251.0 | H 1.091 | V -0.047 | pL -0.017 | vL 0.000 | delta 0.008
U 7 | F 014336 | FPS 0033 | D 388 | rR:mu sigma m M 0.00 0.00 0.00 0.00 | F:mu sigma m M 99.1 65.6 29.0 248.0 | H 1.093 | V -0.034 | pL -0.012 | vL 0.000 | delta 0.007
U 8 | F 016384 | FPS 0029 | D 458 | rR:mu sigma m M 0.05 0.18 0.00 0.75 | F:mu sigma m M 152.2 113.1 15.0 434.0 | H 1.076 | V -0.021 | pL -0.015 | vL 0.002 | delta 0.020
U 9 | F 018432 | FPS 0038 | D 513 | rR:mu sigma m M 0.00 0.00 0.00 0.00 | F:mu sigma m M 145.2 119.4 15.0 539.0 | H 1.095 | V -0.019 | pL -0.007 | vL 0.000 | delta 0.006
U 10 | F 020480 | FPS 0035 | D 571 | rR:mu sigma m M 0.00 0.00 0.00 0.00 | F:mu sigma m M 119.8 88.5 21.0 314.0 | H 1.097 | V -0.016 | pL -0.005 | vL 0.000 | delta 0.003
U 11 | F 022528 | FPS 0031 | D 637 | rR:mu sigma m M 0.00 0.00 0.00 0.00 | F:mu sigma m M 133.2 67.8 21.0 266.0 | H 1.098 | V -0.011 | pL -0.004 | vL 0.000 | delta 0.002
U 12 | F 024576 | FPS 0029 | D 707 | rR:mu sigma m M 0.00 0.00 0.00 0.00 | F:mu sigma m M 115.8 111.5 16.0 429.0 | H 1.098 | V -0.008 | pL -0.003 | vL 0.000 | delta 0.002
U 13 | F 026624 | FPS 0028 | D 780 | rR:mu sigma m M 0.00 0.00 0.00 0.00 | F:mu sigma m M 136.5 104.3 7.0 325.0 | H 1.098 | V -0.007 | pL -0.002 | vL 0.000 | delta 0.001
U 14 | F 028672 | FPS 0029 | D 852 | rR:mu sigma m M 0.00 0.00 0.00 0.00 | F:mu sigma m M 177.6 125.8 20.0 515.0 | H 1.098 | V -0.006 | pL -0.002 | vL 0.000 | delta 0.001
U 15 | F 030720 | FPS 0028 | D 926 | rR:mu sigma m M 0.00 0.00 0.00 0.00 | F:mu sigma m M 184.8 99.6 51.0 380.0 | H 1.098 | V -0.003 | pL -0.001 | vL 0.000 | delta 0.001
U 16 | F 032768 | FPS 0027 | D 1001 | rR:mu sigma m M 0.00 0.00 0.00 0.00 | F:mu sigma m M 176.2 87.2 44.0 353.0 | H 1.098 | V -0.002 | pL -0.001 | vL 0.000 | delta 0.001
U 17 | F 034816 | FPS 0030 | D 1068 | rR:mu sigma m M 0.00 0.00 0.00 0.00 | F:mu sigma m M 170.2 81.1 44.0 300.0 | H 1.098 | V -0.002 | pL -0.001 | vL 0.000 | delta 0.000
U 18 | F 036864 | FPS 0029 | D 1139 | rR:mu sigma m M 0.00 0.00 0.00 0.00 | F:mu sigma m M 146.0 80.4 28.0 296.0 | H 1.098 | V -0.002 | pL -0.001 | vL 0.000 | delta 0.000
U 19 | F 038912 | FPS 0029 | D 1210 | rR:mu sigma m M 0.00 0.00 0.00 0.00 | F:mu sigma m M 155.8 87.7 28.0 328.0 | H 1.098 | V -0.000 | pL -0.000 | vL 0.000 | delta 0.001
U 20 | F 040960 | FPS 0033 | D 1272 | rR:mu sigma m M 0.00 0.00 0.00 0.00 | F:mu sigma m M 211.6 150.4 48.0 642.0 | H 1.099 | V 0.001 | pL -0.000 | vL 0.000 | delta 0.001
U 21 | F 043008 | FPS 0026 | D 1352 | rR:mu sigma m M 0.00 0.00 0.00 0.00 | F:mu sigma m M 298.5 200.5 44.0 708.0 | H 1.099 | V 0.001 | pL 0.000 | vL 0.000 | delta 0.001
U 22 | F 045056 | FPS 0026 | D 1432 | rR:mu sigma m M 0.05 0.18 0.00 0.76 | F:mu sigma m M 185.8 177.2 26.0 740.0 | H 1.094 | V 0.005 | pL -0.006 | vL 0.001 | delta 0.014
U 23 | F 047104 | FPS 0033 | D 1495 | rR:mu sigma m M 0.00 0.00 0.00 0.00 | F:mu sigma m M 199.6 171.4 33.0 721.0 | H 1.098 | V -0.002 | pL -0.001 | vL 0.000 | delta 0.005
U 24 | F 049152 | FPS 0033 | D 1557 | rR:mu sigma m M 0.04 0.17 0.00 0.69 | F:mu sigma m M 145.9 109.4 25.0 410.0 | H 1.096 | V 0.004 | pL -0.005 | vL 0.001 | delta 0.026
U 25 | F 051200 | FPS 0031 | D 1623 | rR:mu sigma m M 0.00 0.00 0.00 0.00 | F:mu sigma m M 142.2 132.6 14.0 475.0 | H 1.098 | V -0.001 | pL -0.001 | vL 0.000 | delta 0.002
U 26 | F 053248 | FPS 0030 | D 1691 | rR:mu sigma m M 0.00 0.00 0.00 0.00 | F:mu sigma m M 99.1 69.1 22.0 289.0 | H 1.098 | V -0.001 | pL -0.000 | vL 0.000 | delta 0.002
U 27 | F 055296 | FPS 0027 | D 1767 | rR:mu sigma m M 0.00 0.00 0.00 0.00 | F:mu sigma m M 149.2 126.1 13.0 439.0 | H 1.098 | V 0.000 | pL 0.000 | vL 0.000 | delta 0.002
U 28 | F 057344 | FPS 0027 | D 1844 | rR:mu sigma m M 0.00 0.00 0.00 0.00 | F:mu sigma m M 161.4 117.0 13.0 477.0 | H 1.098 | V 0.002 | pL -0.000 | vL 0.000 | delta 0.003
U 29 | F 059392 | FPS 0027 | D 1920 | rR:mu sigma m M 0.04 0.15 0.00 0.64 | F:mu sigma m M 203.8 148.6 22.0 563.0 | H 1.098 | V 0.005 | pL -0.003 | vL 0.000 | delta 0.006
U 30 | F 061440 | FPS 0030 | D 1989 | rR:mu sigma m M 0.00 0.00 0.00 0.00 | F:mu sigma m M 121.3 125.5 19.0 571.0 | H 1.099 | V 0.002 | pL 0.001 | vL 0.000 | delta 0.003
U 31 | F 063488 | FPS 0028 | D 2061 | rR:mu sigma m M 0.00 0.00 0.00 0.00 | F:mu sigma m M 118.3 73.9 40.0 345.0 | H 1.098 | V 0.005 | pL 0.001 | vL 0.000 | delta 0.005
U 32 | F 065536 | FPS 0029 | D 2131 | rR:mu sigma m M 0.00 0.00 0.00 0.00 | F:mu sigma m M 182.2 169.0 65.0 686.0 | H 1.098 | V 0.005 | pL 0.001 | vL 0.000 | delta 0.002
U 33 | F 067584 | FPS 0030 | D 2199 | rR:mu sigma m M 0.00 0.00 0.00 0.00 | F:mu sigma m M 132.4 90.8 20.0 359.0 | H 1.098 | V 0.005 | pL 0.001 | vL 0.000 | delta 0.001
U 34 | F 069632 | FPS 0027 | D 2274 | rR:mu sigma m M 0.00 0.00 0.00 0.00 | F:mu sigma m M 123.1 111.9 43.0 495.0 | H 1.098 | V 0.004 | pL 0.001 | vL 0.000 | delta 0.003
U 35 | F 071680 | FPS 0031 | D 2340 | rR:mu sigma m M 0.00 0.00 0.00 0.00 | F:mu sigma m M 199.6 137.2 16.0 495.0 | H 1.098 | V 0.003 | pL 0.001 | vL 0.000 | delta 0.004
U 36 | F 073728 | FPS 0028 | D 2412 | rR:mu sigma m M 0.00 0.00 0.00 0.00 | F:mu sigma m M 133.4 103.6 36.0 430.0 | H 1.098 | V 0.003 | pL 0.001 | vL 0.000 | delta 0.003
U 37 | F 075776 | FPS 0035 | D 2471 | rR:mu sigma m M 0.00 0.00 0.00 0.00 | F:mu sigma m M 173.6 183.6 18.0 813.0 | H 1.099 | V 0.002 | pL 0.001 | vL 0.000 | delta 0.001
U 38 | F 077824 | FPS 0026 | D 2549 | rR:mu sigma m M 0.00 0.00 0.00 0.00 | F:mu sigma m M 160.0 136.7 35.0 554.0 | H 1.099 | V 0.001 | pL 0.000 | vL 0.000 | delta 0.000
U 39 | F 079872 | FPS 0028 | D 2623 | rR:mu sigma m M 0.00 0.00 0.00 0.00 | F:mu sigma m M 219.0 168.2 36.0 602.0 | H 1.099 | V 0.001 | pL 0.000 | vL 0.000 | delta 0.001
U 40 | F 081920 | FPS 0029 | D 2693 | rR:mu sigma m M 0.00 0.00 0.00 0.00 | F:mu sigma m M 96.3 60.9 9.0 234.0 | H 1.099 | V 0.000 | pL 0.000 | vL 0.000 | delta 0.001
U 41 | F 083968 | FPS 0028 | D 2766 | rR:mu sigma m M 0.00 0.00 0.00 0.00 | F:mu sigma m M 111.2 74.2 9.0 307.0 | H 1.099 | V 0.000 | pL 0.000 | vL 0.000 | delta 0.000
U 42 | F 086016 | FPS 0028 | D 2840 | rR:mu sigma m M 0.00 0.00 0.00 0.00 | F:mu sigma m M 169.8 111.6 26.0 384.0 | H 1.099 | V 0.000 | pL 0.000 | vL 0.000 | delta 0.000
U 43 | F 088064 | FPS 0029 | D 2910 | rR:mu sigma m M 0.00 0.00 0.00 0.00 | F:mu sigma m M 148.7 111.1 19.0 384.0 | H 1.099 | V 0.000 | pL 0.000 | vL 0.000 | delta 0.000
U 44 | F 090112 | FPS 0027 | D 2985 | rR:mu sigma m M 0.00 0.00 0.00 0.00 | F:mu sigma m M 209.7 186.9 24.0 768.0 | H 1.099 | V 0.000 | pL 0.000 | vL 0.000 | delta 0.000
U 45 | F 092160 | FPS 0026 | D 3064 | rR:mu sigma m M 0.00 0.00 0.00 0.00 | F:mu sigma m M 236.1 189.4 24.0 768.0 | H 1.099 | V 0.000 | pL 0.000 | vL 0.000 | delta 0.000
U 46 | F 094208 | FPS 0031 | D 3130 | rR:mu sigma m M 0.00 0.00 0.00 0.00 | F:mu sigma m M 261.6 144.3 58.0 563.0 | H 1.099 | V 0.000 | pL 0.000 | vL 0.000 | delta 0.001
U 47 | F 096256 | FPS 0026 | D 3209 | rR:mu sigma m M 0.00 0.00 0.00 0.00 | F:mu sigma m M 269.9 147.1 40.0 555.0 | H 1.099 | V 0.001 | pL 0.000 | vL 0.000 | delta 0.001
U 48 | F 098304 | FPS 0029 | D 3279 | rR:mu sigma m M 0.00 0.00 0.00 0.00 | F:mu sigma m M 188.0 116.1 36.0 390.0 | H 1.099 | V 0.001 | pL -0.000 | vL 0.000 | delta 0.001
U 49 | F 100352 | FPS 0030 | D 3347 | rR:mu sigma m M 0.00 0.00 0.00 0.00 | F:mu sigma m M 146.0 106.0 26.0 390.0 | H 1.099 | V 0.000 | pL 0.000 | vL 0.000 | delta 0.001
U 50 | F 102400 | FPS 0032 | D 3411 | rR:mu sigma m M 0.00 0.00 0.00 0.00 | F:mu sigma m M 174.3 98.5 26.0 432.0 | H 1.099 | V -0.000 | pL -0.000 | vL 0.000 | delta 0.001
U 51 | F 104448 | FPS 0030 | D 3480 | rR:mu sigma m M 0.00 0.00 0.00 0.00 | F:mu sigma m M 230.2 139.9 85.0 616.0 | H 1.099 | V -0.000 | pL -0.000 | vL 0.000 | delta 0.001
U 52 | F 106496 | FPS 0030 | D 3547 | rR:mu sigma m M 0.00 0.00 0.00 0.00 | F:mu sigma m M 210.1 141.4 25.0 562.0 | H 1.099 | V 0.000 | pL 0.000 | vL 0.000 | delta 0.001
U 53 | F 108544 | FPS 0027 | D 3622 | rR:mu sigma m M 0.00 0.00 0.00 0.00 | F:mu sigma m M 130.6 117.6 22.0 383.0 | H 1.099 | V 0.000 | pL 0.000 | vL 0.000 | delta 0.001
U 54 | F 110592 | FPS 0031 | D 3688 | rR:mu sigma m M 0.00 0.00 0.00 0.00 | F:mu sigma m M 139.8 88.6 14.0 301.0 | H 1.099 | V 0.000 | pL 0.000 | vL 0.000 | delta 0.000
U 55 | F 112640 | FPS 0031 | D 3754 | rR:mu sigma m M 0.00 0.00 0.00 0.00 | F:mu sigma m M 148.8 73.9 14.0 301.0 | H 1.099 | V -0.000 | pL -0.000 | vL 0.000 | delta 0.001
U 56 | F 114688 | FPS 0034 | D 3815 | rR:mu sigma m M 0.02 0.06 0.00 0.25 | F:mu sigma m M 225.5 186.6 45.0 746.0 | H 1.095 | V 0.003 | pL -0.002 | vL 0.000 | delta 0.008
U 57 | F 116736 | FPS 0030 | D 3884 | rR:mu sigma m M 0.02 0.06 0.00 0.25 | F:mu sigma m M 223.8 188.1 32.0 746.0 | H 1.098 | V -0.003 | pL -0.001 | vL 0.000 | delta 0.002
U 58 | F 118784 | FPS 0027 | D 3959 | rR:mu sigma m M 0.00 0.00 0.00 0.00 | F:mu sigma m M 174.2 150.1 17.0 556.0 | H 1.099 | V -0.001 | pL -0.000 | vL 0.000 | delta 0.001
U 59 | F 120832 | FPS 0029 | D 4030 | rR:mu sigma m M 0.00 0.00 0.00 0.00 | F:mu sigma m M 135.6 114.7 14.0 449.0 | H 1.098 | V 0.000 | pL -0.001 | vL 0.000 | delta 0.002
U 60 | F 122880 | FPS 0035 | D 4088 | rR:mu sigma m M 0.06 0.21 0.00 0.88 | F:mu sigma m M 112.7 66.6 14.0 277.0 | H 1.097 | V 0.002 | pL -0.003 | vL 0.001 | delta 0.025
U 61 | F 124928 | FPS 0033 | D 4151 | rR:mu sigma m M 0.05 0.19 0.00 0.80 | F:mu sigma m M 152.6 148.2 27.0 585.0 | H 1.093 | V 0.009 | pL -0.006 | vL 0.001 | delta 0.022
U 62 | F 126976 | FPS 0030 | D 4220 | rR:mu sigma m M 0.05 0.19 0.00 0.80 | F:mu sigma m M 191.7 188.8 14.0 585.0 | H 1.098 | V -0.002 | pL -0.001 | vL 0.000 | delta 0.002
U 63 | F 129024 | FPS 0034 | D 4280 | rR:mu sigma m M 0.00 0.00 0.00 0.00 | F:mu sigma m M 269.6 240.4 21.0 857.0 | H 1.098 | V -0.002 | pL -0.001 | vL 0.000 | delta 0.002
U 64 | F 131072 | FPS 0035 | D 4338 | rR:mu sigma m M 0.00 0.00 0.00 0.00 | F:mu sigma m M 124.7 90.6 21.0 368.0 | H 1.098 | V -0.002 | pL -0.000 | vL 0.000 | delta 0.002
U 65 | F 133120 | FPS 0029 | D 4408 | rR:mu sigma m M 0.00 0.00 0.00 0.00 | F:mu sigma m M 144.2 138.6 21.0 515.0 | H 1.098 | V -0.001 | pL -0.000 | vL 0.000 | delta 0.000
U 66 | F 135168 | FPS 0030 | D 4476 | rR:mu sigma m M 0.00 0.00 0.00 0.00 | F:mu sigma m M 248.7 172.5 30.0 593.0 | H 1.093 | V 0.005 | pL -0.000 | vL 0.000 | delta 0.006
U 67 | F 137216 | FPS 0032 | D 4541 | rR:mu sigma m M 0.06 0.22 0.00 0.89 | F:mu sigma m M 226.2 179.9 8.0 593.0 | H 1.098 | V 0.005 | pL -0.005 | vL 0.001 | delta 0.019
U 68 | F 139264 | FPS 0037 | D 4597 | rR:mu sigma m M 0.00 0.00 0.00 0.00 | F:mu sigma m M 211.8 182.7 8.0 723.0 | H 1.098 | V -0.002 | pL -0.000 | vL 0.000 | delta 0.002
U 69 | F 141312 | FPS 0028 | D 4670 | rR:mu sigma m M 0.00 0.00 0.00 0.00 | F:mu sigma m M 146.7 111.4 37.0 401.0 | H 1.098 | V -0.002 | pL -0.000 | vL 0.000 | delta 0.001
U 70 | F 143360 | FPS 0027 | D 4747 | rR:mu sigma m M 0.00 0.00 0.00 0.00 | F:mu sigma m M 144.8 114.5 13.0 465.0 | H 1.098 | V -0.001 | pL -0.000 | vL 0.000 | delta 0.001
U 71 | F 145408 | FPS 0031 | D 4813 | rR:mu sigma m M 0.00 0.00 0.00 0.00 | F:mu sigma m M 162.6 116.5 45.0 527.0 | H 1.098 | V 0.003 | pL -0.001 | vL 0.000 | delta 0.008
U 72 | F 147456 | FPS 0029 | D 4884 | rR:mu sigma m M 0.00 0.00 0.00 0.00 | F:mu sigma m M 214.6 200.8 27.0 900.0 | H 1.098 | V 0.002 | pL 0.001 | vL 0.000 | delta 0.002
U 73 | F 149504 | FPS 0027 | D 4961 | rR:mu sigma m M 0.00 0.00 0.00 0.00 | F:mu sigma m M 158.9 200.7 27.0 900.0 | H 1.097 | V 0.002 | pL 0.001 | vL 0.000 | delta 0.002
U 74 | F 151552 | FPS 0027 | D 5037 | rR:mu sigma m M 0.00 0.00 0.00 0.00 | F:mu sigma m M 240.3 158.7 41.0 519.0 | H 1.098 | V 0.002 | pL 0.000 | vL 0.000 | delta 0.001
U 75 | F 153600 | FPS 0029 | D 5107 | rR:mu sigma m M 0.00 0.00 0.00 0.00 | F:mu sigma m M 217.1 145.1 10.0 479.0 | H 1.098 | V 0.003 | pL -0.001 | vL 0.000 | delta 0.002
U 76 | F 155648 | FPS 0031 | D 5174 | rR:mu sigma m M 0.00 0.00 0.00 0.00 | F:mu sigma m M 197.6 145.1 10.0 581.0 | H 1.098 | V 0.002 | pL 0.001 | vL 0.000 | delta 0.002
U 77 | F 157696 | FPS 0029 | D 5244 | rR:mu sigma m M 0.00 0.00 0.00 0.00 | F:mu sigma m M 172.6 139.1 35.0 581.0 | H 1.098 | V 0.001 | pL 0.000 | vL 0.000 | delta 0.001
U 78 | F 159744 | FPS 0029 | D 5314 | rR:mu sigma m M 0.00 0.00 0.00 0.00 | F:mu sigma m M 172.6 111.8 38.0 400.0 | H 1.098 | V 0.001 | pL 0.000 | vL 0.000 | delta 0.000
U 79 | F 161792 | FPS 0029 | D 5383 | rR:mu sigma m M 0.00 0.00 0.00 0.00 | F:mu sigma m M 284.6 214.4 52.0 900.0 | H 1.099 | V 0.001 | pL 0.000 | vL 0.000 | delta 0.000
U 80 | F 163840 | FPS 0033 | D 5445 | rR:mu sigma m M 0.00 0.00 0.00 0.00 | F:mu sigma m M 246.9 216.4 27.0 900.0 | H 1.099 | V 0.001 | pL 0.000 | vL 0.000 | delta 0.001
U 81 | F 165888 | FPS 0032 | D 5509 | rR:mu sigma m M 0.00 0.00 0.00 0.00 | F:mu sigma m M 179.5 153.3 23.0 561.0 | H 1.099 | V 0.000 | pL 0.000 | vL 0.000 | delta 0.000
U 82 | F 167936 | FPS 0029 | D 5580 | rR:mu sigma m M 0.00 0.00 0.00 0.00 | F:mu sigma m M 182.1 145.7 23.0 561.0 | H 1.099 | V 0.000 | pL 0.000 | vL 0.000 | delta 0.000
U 83 | F 169984 | FPS 0032 | D 5644 | rR:mu sigma m M 0.00 0.00 0.00 0.00 | F:mu sigma m M 176.2 103.1 43.0 426.0 | H 1.096 | V 0.005 | pL -0.001 | vL 0.000 | delta 0.005
U 84 | F 172032 | FPS 0031 | D 5710 | rR:mu sigma m M 0.04 0.17 0.00 0.70 | F:mu sigma m M 144.6 86.9 39.0 303.0 | H 1.097 | V 0.005 | pL -0.003 | vL 0.000 | delta 0.008
U 85 | F 174080 | FPS 0032 | D 5773 | rR:mu sigma m M 0.00 0.00 0.00 0.00 | F:mu sigma m M 192.1 181.8 21.0 629.0 | H 1.098 | V 0.001 | pL 0.000 | vL 0.000 | delta 0.001
U 86 | F 176128 | FPS 0025 | D 5856 | rR:mu sigma m M 0.00 0.00 0.00 0.00 | F:mu sigma m M 138.7 171.6 22.0 629.0 | H 1.099 | V -0.000 | pL -0.000 | vL 0.000 | delta 0.000
U 87 | F 178176 | FPS 0029 | D 5927 | rR:mu sigma m M 0.00 0.00 0.00 0.00 | F:mu sigma m M 165.9 116.7 22.0 387.0 | H 1.099 | V -0.000 | pL -0.000 | vL 0.000 | delta 0.000
U 88 | F 180224 | FPS 0029 | D 5999 | rR:mu sigma m M 0.00 0.00 0.00 0.00 | F:mu sigma m M 176.8 125.7 33.0 453.0 | H 1.099 | V 0.000 | pL 0.000 | vL 0.000 | delta 0.001
U 89 | F 182272 | FPS 0027 | D 6075 | rR:mu sigma m M 0.00 0.00 0.00 0.00 | F:mu sigma m M 145.8 104.0 31.0 453.0 | H 1.098 | V 0.001 | pL 0.000 | vL 0.000 | delta 0.001
U 90 | F 184320 | FPS 0030 | D 6145 | rR:mu sigma m M 0.00 0.00 0.00 0.00 | F:mu sigma m M 145.2 94.3 12.0 370.0 | H 1.099 | V 0.000 | pL -0.000 | vL 0.000 | delta 0.000
U 91 | F 186368 | FPS 0030 | D 6212 | rR:mu sigma m M 0.00 0.00 0.00 0.00 | F:mu sigma m M 225.1 178.4 12.0 618.0 | H 1.099 | V -0.000 | pL 0.000 | vL 0.000 | delta 0.000
U 92 | F 188416 | FPS 0031 | D 6279 | rR:mu sigma m M 0.00 0.00 0.00 0.00 | F:mu sigma m M 208.8 165.6 21.0 574.0 | H 1.099 | V -0.000 | pL -0.000 | vL 0.000 | delta 0.000
U 93 | F 190464 | FPS 0032 | D 6344 | rR:mu sigma m M 0.00 0.00 0.00 0.00 | F:mu sigma m M 149.9 142.1 32.0 574.0 | H 1.099 | V -0.000 | pL 0.000 | vL 0.000 | delta 0.000
U 94 | F 192512 | FPS 0028 | D 6416 | rR:mu sigma m M 0.00 0.00 0.00 0.00 | F:mu sigma m M 153.5 122.6 32.0 511.0 | H 1.099 | V 0.000 | pL -0.000 | vL 0.000 | delta 0.000
U 95 | F 194560 | FPS 0032 | D 6480 | rR:mu sigma m M 0.00 0.00 0.00 0.00 | F:mu sigma m M 197.2 140.1 20.0 557.0 | H 1.099 | V 0.000 | pL 0.000 | vL 0.000 | delta 0.000
U 96 | F 196608 | FPS 0030 | D 6549 | rR:mu sigma m M 0.00 0.00 0.00 0.00 | F:mu sigma m M 211.5 180.5 33.0 699.0 | H 1.099 | V -0.000 | pL -0.000 | vL 0.000 | delta 0.000
U 97 | F 198656 | FPS 0028 | D 6622 | rR:mu sigma m M 0.00 0.00 0.00 0.00 | F:mu sigma m M 138.4 84.0 35.0 322.0 | H 1.099 | V -0.000 | pL 0.000 | vL 0.000 | delta 0.000
U 98 | F 200704 | FPS 0029 | D 6692 | rR:mu sigma m M 0.00 0.00 0.00 0.00 | F:mu sigma m M 177.8 218.4 23.0 900.0 | H 1.099 | V 0.000 | pL 0.000 | vL 0.000 | delta 0.000
U 99 | F 202752 | FPS 0030 | D 6760 | rR:mu sigma m M 0.00 0.00 0.00 0.00 | F:mu sigma m M 168.6 208.7 28.0 900.0 | H 1.098 | V 0.003 | pL -0.000 | vL 0.000 | delta 0.003
U 100 | F 204800 | FPS 0027 | D 6836 | rR:mu sigma m M 0.00 0.00 0.00 0.00 | F:mu sigma m M 209.2 167.7 19.0 671.0 | H 1.098 | V 0.005 | pL -0.001 | vL 0.000 | delta 0.001
U 101 | F 206848 | FPS 0031 | D 6902 | rR:mu sigma m M 0.04 0.16 0.00 0.65 | F:mu sigma m M 181.9 133.7 28.0 476.0 | H 1.098 | V 0.001 | pL -0.001 | vL 0.000 | delta 0.002
U 102 | F 208896 | FPS 0029 | D 6974 | rR:mu sigma m M 0.00 0.00 0.00 0.00 | F:mu sigma m M 181.4 224.1 16.0 900.0 | H 1.098 | V 0.000 | pL 0.000 | vL 0.000 | delta 0.001
U 103 | F 210944 | FPS 0028 | D 7046 | rR:mu sigma m M 0.04 0.17 0.00 0.69 | F:mu sigma m M 250.1 219.5 37.0 900.0 | H 1.097 | V 0.008 | pL -0.006 | vL 0.000 | delta 0.007
U 104 | F 212992 | FPS 0028 | D 7119 | rR:mu sigma m M 0.04 0.17 0.00 0.69 | F:mu sigma m M 231.1 132.4 20.0 566.0 | H 1.096 | V 0.006 | pL -0.001 | vL 0.000 | delta 0.011
U 105 | F 215040 | FPS 0030 | D 7187 | rR:mu sigma m M 0.05 0.19 0.00 0.81 | F:mu sigma m M 161.6 123.6 28.0 390.0 | H 1.097 | V -0.001 | pL -0.002 | vL 0.000 | delta 0.007
U 106 | F 217088 | FPS 0027 | D 7261 | rR:mu sigma m M 0.00 0.00 0.00 0.00 | F:mu sigma m M 157.3 108.3 40.0 367.0 | H 1.098 | V -0.000 | pL -0.000 | vL 0.000 | delta 0.002
U 107 | F 219136 | FPS 0029 | D 7333 | rR:mu sigma m M 0.00 0.00 0.00 0.00 | F:mu sigma m M 230.9 110.8 86.0 526.0 | H 1.098 | V 0.001 | pL 0.000 | vL 0.000 | delta 0.002
U 108 | F 221184 | FPS 0028 | D 7405 | rR:mu sigma m M 0.00 0.00 0.00 0.00 | F:mu sigma m M 220.8 133.3 14.0 526.0 | H 1.098 | V -0.000 | pL -0.000 | vL 0.000 | delta 0.001
U 109 | F 223232 | FPS 0029 | D 7476 | rR:mu sigma m M 0.00 0.00 0.00 0.00 | F:mu sigma m M 191.4 130.0 14.0 423.0 | H 1.098 | V 0.006 | pL 0.001 | vL 0.000 | delta 0.007
U 110 | F 225280 | FPS 0030 | D 7545 | rR:mu sigma m M 0.09 0.24 0.00 0.90 | F:mu sigma m M 235.4 191.2 31.0 551.0 | H 1.092 | V 0.025 | pL -0.010 | vL 0.001 | delta 0.018
U 111 | F 227328 | FPS 0031 | D 7612 | rR:mu sigma m M 0.11 0.28 0.00 0.90 | F:mu sigma m M 181.2 155.7 27.0 498.0 | H 1.094 | V 0.019 | pL -0.000 | vL 0.000 | delta 0.015
U 112 | F 229376 | FPS 0033 | D 7675 | rR:mu sigma m M 0.00 0.00 0.00 0.00 | F:mu sigma m M 162.0 131.5 27.0 495.0 | H 1.098 | V 0.006 | pL 0.002 | vL 0.000 | delta 0.001
U 113 | F 231424 | FPS 0030 | D 7744 | rR:mu sigma m M 0.00 0.00 0.00 0.00 | F:mu sigma m M 180.1 207.6 31.0 792.0 | H 1.097 | V 0.008 | pL -0.000 | vL 0.000 | delta 0.005
U 114 | F 233472 | FPS 0031 | D 7811 | rR:mu sigma m M 0.00 0.00 0.00 0.00 | F:mu sigma m M 129.2 180.1 21.0 792.0 | H 1.092 | V 0.021 | pL 0.002 | vL 0.000 | delta 0.013
U 115 | F 235520 | FPS 0031 | D 7876 | rR:mu sigma m M 0.04 0.15 0.00 0.63 | F:mu sigma m M 188.9 148.5 21.0 530.0 | H 1.093 | V 0.020 | pL 0.001 | vL 0.000 | delta 0.009
U 116 | F 237568 | FPS 0032 | D 7940 | rR:mu sigma m M 0.00 0.00 0.00 0.00 | F:mu sigma m M 172.5 78.8 60.0 359.0 | H 1.097 | V 0.014 | pL 0.004 | vL 0.000 | delta 0.007
U 117 | F 239616 | FPS 0028 | D 8013 | rR:mu sigma m M 0.00 0.00 0.00 0.00 | F:mu sigma m M 191.5 120.0 78.0 543.0 | H 1.096 | V 0.015 | pL -0.000 | vL 0.000 | delta 0.007
U 118 | F 241664 | FPS 0029 | D 8083 | rR:mu sigma m M 0.00 0.00 0.00 0.00 | F:mu sigma m M 205.1 129.3 55.0 543.0 | H 1.097 | V 0.007 | pL 0.004 | vL 0.000 | delta 0.003
U 119 | F 243712 | FPS 0028 | D 8158 | rR:mu sigma m M 0.00 0.00 0.00 0.00 | F:mu sigma m M 230.5 150.7 55.0 538.0 | H 1.098 | V 0.002 | pL 0.000 | vL 0.000 | delta 0.001
U 120 | F 245760 | FPS 0027 | D 8232 | rR:mu sigma m M 0.00 0.00 0.00 0.00 | F:mu sigma m M 146.7 123.3 17.0 435.0 | H 1.099 | V 0.001 | pL 0.000 | vL 0.000 | delta 0.000
U 121 | F 247808 | FPS 0029 | D 8302 | rR:mu sigma m M 0.00 0.00 0.00 0.00 | F:mu sigma m M 186.8 173.4 17.0 609.0 | H 1.098 | V 0.002 | pL -0.000 | vL 0.000 | delta 0.001
U 122 | F 249856 | FPS 0029 | D 8374 | rR:mu sigma m M 0.00 0.00 0.00 0.00 | F:mu sigma m M 206.0 159.1 10.0 609.0 | H 1.098 | V 0.003 | pL 0.001 | vL 0.000 | delta 0.002
U 123 | F 251904 | FPS 0029 | D 8445 | rR:mu sigma m M 0.00 0.00 0.00 0.00 | F:mu sigma m M 142.2 96.9 13.0 324.0 | H 1.098 | V 0.004 | pL 0.001 | vL 0.000 | delta 0.002
U 124 | F 253952 | FPS 0029 | D 8515 | rR:mu sigma m M 0.00 0.00 0.00 0.00 | F:mu sigma m M 132.0 108.5 13.0 466.0 | H 1.098 | V 0.007 | pL 0.001 | vL 0.000 | delta 0.001
U 125 | F 256000 | FPS 0028 | D 8587 | rR:mu sigma m M 0.03 0.12 0.00 0.49 | F:mu sigma m M 306.3 203.6 34.0 783.0 | H 1.092 | V 0.007 | pL -0.003 | vL 0.001 | delta 0.007
U 126 | F 258048 | FPS 0031 | D 8654 | rR:mu sigma m M 0.00 0.00 0.00 0.00 | F:mu sigma m M 199.9 166.4 20.0 527.0 | H 1.098 | V 0.007 | pL 0.001 | vL 0.000 | delta 0.002
U 127 | F 260096 | FPS 0027 | D 8730 | rR:mu sigma m M 0.00 0.00 0.00 0.00 | F:mu sigma m M 173.4 82.0 51.0 320.0 | H 1.098 | V 0.004 | pL 0.001 | vL 0.000 | delta 0.001
U 128 | F 262144 | FPS 0032 | D 8794 | rR:mu sigma m M 0.00 0.00 0.00 0.00 | F:mu sigma m M 128.1 72.9 37.0 310.0 | H 1.099 | V 0.002 | pL 0.001 | vL 0.000 | delta 0.000
U 129 | F 264192 | FPS 0029 | D 8864 | rR:mu sigma m M 0.00 0.00 0.00 0.00 | F:mu sigma m M 123.3 95.9 37.0 395.0 | H 1.099 | V 0.002 | pL 0.001 | vL 0.000 | delta 0.000
U 130 | F 266240 | FPS 0028 | D 8937 | rR:mu sigma m M 0.00 0.00 0.00 0.00 | F:mu sigma m M 126.1 82.1 43.0 359.0 | H 1.099 | V 0.002 | pL 0.000 | vL 0.000 | delta 0.001
U 131 | F 268288 | FPS 0031 | D 9003 | rR:mu sigma m M 0.00 0.00 0.00 0.00 | F:mu sigma m M 152.3 132.0 28.0 495.0 | H 1.099 | V 0.001 | pL 0.001 | vL 0.000 | delta 0.001
U 132 | F 270336 | FPS 0028 | D 9076 | rR:mu sigma m M 0.00 0.00 0.00 0.00 | F:mu sigma m M 154.9 134.5 24.0 515.0 | H 1.099 | V 0.001 | pL 0.000 | vL 0.000 | delta 0.000
U 133 | F 272384 | FPS 0029 | D 9146 | rR:mu sigma m M 0.00 0.00 0.00 0.00 | F:mu sigma m M 120.6 81.0 12.0 258.0 | H 1.099 | V 0.001 | pL -0.000 | vL 0.000 | delta 0.000
U 134 | F 274432 | FPS 0030 | D 9215 | rR:mu sigma m M 0.00 0.00 0.00 0.00 | F:mu sigma m M 105.2 70.2 30.0 250.0 | H 1.099 | V 0.000 | pL 0.000 | vL 0.000 | delta 0.000
U 135 | F 276480 | FPS 0026 | D 9292 | rR:mu sigma m M 0.00 0.00 0.00 0.00 | F:mu sigma m M 171.2 135.4 20.0 559.0 | H 1.099 | V 0.000 | pL 0.000 | vL 0.000 | delta 0.000
U 136 | F 278528 | FPS 0032 | D 9357 | rR:mu sigma m M 0.00 0.00 0.00 0.00 | F:mu sigma m M 151.1 111.3 29.0 415.0 | H 1.099 | V 0.001 | pL 0.000 | vL 0.000 | delta 0.001
U 137 | F 280576 | FPS 0026 | D 9434 | rR:mu sigma m M 0.00 0.00 0.00 0.00 | F:mu sigma m M 185.1 155.5 29.0 532.0 | H 1.099 | V 0.000 | pL -0.000 | vL 0.000 | delta 0.000
U 138 | F 282624 | FPS 0028 | D 9508 | rR:mu sigma m M 0.00 0.00 0.00 0.00 | F:mu sigma m M 242.6 228.7 29.0 789.0 | H 1.099 | V 0.000 | pL 0.000 | vL 0.000 | delta 0.000
U 139 | F 284672 | FPS 0025 | D 9589 | rR:mu sigma m M 0.00 0.00 0.00 0.00 | F:mu sigma m M 231.5 193.7 25.0 760.0 | H 1.099 | V 0.000 | pL 0.000 | vL 0.000 | delta 0.000
U 140 | F 286720 | FPS 0031 | D 9654 | rR:mu sigma m M 0.00 0.00 0.00 0.00 | F:mu sigma m M 227.3 188.5 25.0 760.0 | H 1.099 | V -0.000 | pL -0.000 | vL 0.000 | delta 0.000
U 141 | F 288768 | FPS 0026 | D 9733 | rR:mu sigma m M 0.00 0.00 0.00 0.00 | F:mu sigma m M 236.2 169.7 22.0 767.0 | H 1.099 | V -0.000 | pL -0.000 | vL 0.000 | delta 0.000
U 142 | F 290816 | FPS 0028 | D 9806 | rR:mu sigma m M 0.00 0.00 0.00 0.00 | F:mu sigma m M 134.4 79.4 33.0 322.0 | H 1.099 | V -0.000 | pL -0.000 | vL 0.000 | delta 0.000
U 143 | F 292864 | FPS 0027 | D 9882 | rR:mu sigma m M 0.00 0.00 0.00 0.00 | F:mu sigma m M 135.6 69.3 58.0 338.0 | H 1.099 | V 0.000 | pL 0.000 | vL 0.000 | delta 0.001
U 144 | F 294912 | FPS 0026 | D 9960 | rR:mu sigma m M 0.00 0.00 0.00 0.00 | F:mu sigma m M 217.1 205.4 36.0 900.0 | H 1.099 | V -0.000 | pL -0.000 | vL 0.000 | delta 0.000
U 145 | F 296960 | FPS 0032 | D 10024 | rR:mu sigma m M 0.00 0.00 0.00 0.00 | F:mu sigma m M 161.8 152.5 14.0 654.0 | H 1.099 | V 0.000 | pL -0.000 | vL 0.000 | delta 0.000
U 146 | F 299008 | FPS 0030 | D 10093 | rR:mu sigma m M 0.00 0.00 0.00 0.00 | F:mu sigma m M 112.8 81.8 13.0 264.0 | H 1.099 | V 0.000 | pL 0.000 | vL 0.000 | delta 0.000
U 147 | F 301056 | FPS 0029 | D 10164 | rR:mu sigma m M 0.00 0.00 0.00 0.00 | F:mu sigma m M 201.4 168.0 13.0 723.0 | H 1.099 | V 0.000 | pL 0.000 | vL 0.000 | delta 0.000
U 148 | F 303104 | FPS 0032 | D 10228 | rR:mu sigma m M 0.00 0.00 0.00 0.00 | F:mu sigma m M 315.5 235.1 21.0 802.0 | H 1.099 | V 0.000 | pL 0.000 | vL 0.000 | delta 0.000
U 149 | F 305152 | FPS 0034 | D 10287 | rR:mu sigma m M 0.00 0.00 0.00 0.00 | F:mu sigma m M 276.6 225.4 21.0 802.0 | H 1.099 | V 0.000 | pL -0.000 | vL 0.000 | delta 0.000
U 150 | F 307200 | FPS 0031 | D 10354 | rR:mu sigma m M 0.00 0.00 0.00 0.00 | F:mu sigma m M 168.5 125.7 25.0 573.0 | H 1.099 | V 0.000 | pL 0.000 | vL 0.000 | delta 0.000
U 151 | F 309248 | FPS 0032 | D 10418 | rR:mu sigma m M 0.04 0.14 0.00 0.56 | F:mu sigma m M 197.3 197.0 24.0 804.0 | H 1.096 | V 0.004 | pL -0.004 | vL 0.000 | delta 0.019
U 152 | F 311296 | FPS 0031 | D 10484 | rR:mu sigma m M 0.04 0.14 0.00 0.56 | F:mu sigma m M 215.1 165.2 24.0 627.0 | H 1.098 | V 0.008 | pL 0.002 | vL 0.000 | delta 0.004
U 153 | F 313344 | FPS 0029 | D 10555 | rR:mu sigma m M 0.00 0.00 0.00 0.00 | F:mu sigma m M 203.0 172.0 41.0 627.0 | H 1.098 | V 0.009 | pL 0.002 | vL 0.000 | delta 0.002
U 154 | F 315392 | FPS 0027 | D 10630 | rR:mu sigma m M 0.05 0.20 0.00 0.81 | F:mu sigma m M 192.8 126.6 43.0 547.0 | H 1.093 | V 0.013 | pL -0.005 | vL 0.001 | delta 0.010
U 155 | F 317440 | FPS 0026 | D 10707 | rR:mu sigma m M 0.05 0.20 0.00 0.81 | F:mu sigma m M 221.5 145.4 60.0 540.0 | H 1.098 | V 0.002 | pL 0.001 | vL 0.000 | delta 0.001
U 156 | F 319488 | FPS 0031 | D 10773 | rR:mu sigma m M 0.00 0.00 0.00 0.00 | F:mu sigma m M 193.2 121.7 67.0 421.0 | H 1.099 | V 0.002 | pL 0.000 | vL 0.000 | delta 0.000
U 157 | F 321536 | FPS 0029 | D 10844 | rR:mu sigma m M 0.00 0.00 0.00 0.00 | F:mu sigma m M 140.7 104.0 40.0 399.0 | H 1.098 | V 0.007 | pL -0.000 | vL 0.000 | delta 0.001
U 158 | F 323584 | FPS 0031 | D 10911 | rR:mu sigma m M 0.00 0.00 0.00 0.00 | F:mu sigma m M 201.2 150.1 46.0 483.0 | H 1.098 | V 0.004 | pL 0.001 | vL 0.000 | delta 0.002
U 159 | F 325632 | FPS 0030 | D 10979 | rR:mu sigma m M 0.00 0.00 0.00 0.00 | F:mu sigma m M 142.5 120.5 23.0 483.0 | H 1.099 | V 0.001 | pL 0.001 | vL 0.000 | delta 0.001
U 160 | F 327680 | FPS 0028 | D 11052 | rR:mu sigma m M 0.00 0.00 0.00 0.00 | F:mu sigma m M 202.3 146.2 48.0 581.0 | H 1.099 | V 0.002 | pL 0.000 | vL 0.000 | delta 0.002
U 161 | F 329728 | FPS 0029 | D 11124 | rR:mu sigma m M 0.00 0.00 0.00 0.00 | F:mu sigma m M 211.4 155.6 36.0 581.0 | H 1.098 | V 0.005 | pL 0.002 | vL 0.000 | delta 0.002
U 162 | F 331776 | FPS 0029 | D 11195 | rR:mu sigma m M 0.00 0.00 0.00 0.00 | F:mu sigma m M 219.9 122.5 43.0 387.0 | H 1.098 | V 0.002 | pL 0.001 | vL 0.000 | delta 0.000
U 163 | F 333824 | FPS 0028 | D 11267 | rR:mu sigma m M 0.00 0.00 0.00 0.00 | F:mu sigma m M 157.1 128.3 22.0 395.0 | H 1.099 | V 0.002 | pL 0.000 | vL 0.000 | delta 0.001
U 164 | F 335872 | FPS 0032 | D 11332 | rR:mu sigma m M 0.00 0.00 0.00 0.00 | F:mu sigma m M 150.2 142.0 49.0 592.0 | H 1.099 | V 0.001 | pL 0.000 | vL 0.000 | delta 0.000
U 165 | F 337920 | FPS 0027 | D 11408 | rR:mu sigma m M 0.00 0.00 0.00 0.00 | F:mu sigma m M 231.0 191.5 16.0 609.0 | H 1.099 | V 0.001 | pL 0.000 | vL 0.000 | delta 0.000
U 166 | F 339968 | FPS 0029 | D 11479 | rR:mu sigma m M 0.00 0.00 0.00 0.00 | F:mu sigma m M 126.9 97.7 13.0 402.0 | H 1.099 | V 0.001 | pL 0.000 | vL 0.000 | delta 0.000
U 167 | F 342016 | FPS 0031 | D 11544 | rR:mu sigma m M 0.00 0.00 0.00 0.00 | F:mu sigma m M 132.7 104.9 10.0 351.0 | H 1.099 | V 0.001 | pL 0.001 | vL 0.000 | delta 0.001
U 168 | F 344064 | FPS 0028 | D 11616 | rR:mu sigma m M 0.00 0.00 0.00 0.00 | F:mu sigma m M 134.6 91.5 10.0 294.0 | H 1.099 | V 0.000 | pL 0.000 | vL 0.000 | delta 0.000
U 169 | F 346112 | FPS 0028 | D 11691 | rR:mu sigma m M 0.00 0.00 0.00 0.00 | F:mu sigma m M 166.9 109.0 18.0 387.0 | H 1.099 | V 0.000 | pL 0.000 | vL 0.000 | delta 0.000
U 170 | F 348160 | FPS 0027 | D 11767 | rR:mu sigma m M 0.00 0.00 0.00 0.00 | F:mu sigma m M 279.9 231.6 48.0 900.0 | H 1.099 | V 0.000 | pL 0.000 | vL 0.000 | delta 0.000
U 171 | F 350208 | FPS 0029 | D 11837 | rR:mu sigma m M 0.00 0.00 0.00 0.00 | F:mu sigma m M 153.7 149.1 30.0 667.0 | H 1.099 | V 0.000 | pL 0.000 | vL 0.000 | delta 0.000
U 172 | F 352256 | FPS 0026 | D 11917 | rR:mu sigma m M 0.05 0.18 0.00 0.75 | F:mu sigma m M 157.4 99.7 30.0 459.0 | H 1.096 | V 0.006 | pL -0.006 | vL 0.001 | delta 0.026
U 173 | F 354304 | FPS 0031 | D 11983 | rR:mu sigma m M 0.00 0.00 0.00 0.00 | F:mu sigma m M 233.1 192.8 34.0 718.0 | H 1.099 | V 0.006 | pL 0.002 | vL 0.000 | delta 0.002
U 174 | F 356352 | FPS 0031 | D 12050 | rR:mu sigma m M 0.00 0.00 0.00 0.00 | F:mu sigma m M 174.1 162.6 11.0 637.0 | H 1.098 | V 0.007 | pL 0.000 | vL 0.000 | delta 0.005
U 175 | F 358400 | FPS 0025 | D 12131 | rR:mu sigma m M 0.00 0.00 0.00 0.00 | F:mu sigma m M 181.9 142.2 15.0 526.0 | H 1.098 | V 0.009 | pL 0.004 | vL 0.000 | delta 0.004
U 176 | F 360448 | FPS 0026 | D 12210 | rR:mu sigma m M 0.00 0.00 0.00 0.00 | F:mu sigma m M 186.4 156.0 36.0 529.0 | H 1.099 | V 0.004 | pL 0.001 | vL 0.000 | delta 0.001
U 177 | F 362496 | FPS 0026 | D 12289 | rR:mu sigma m M 0.00 0.00 0.00 0.00 | F:mu sigma m M 145.0 136.2 27.0 529.0 | H 1.099 | V 0.003 | pL 0.001 | vL 0.000 | delta 0.001
U 178 | F 364544 | FPS 0031 | D 12355 | rR:mu sigma m M 0.00 0.00 0.00 0.00 | F:mu sigma m M 148.6 142.2 17.0 557.0 | H 1.099 | V 0.003 | pL 0.001 | vL 0.000 | delta 0.000
U 179 | F 366592 | FPS 0029 | D 12427 | rR:mu sigma m M 0.00 0.00 0.00 0.00 | F:mu sigma m M 190.2 137.7 29.0 557.0 | H 1.099 | V 0.002 | pL 0.001 | vL 0.000 | delta 0.000
U 180 | F 368640 | FPS 0028 | D 12501 | rR:mu sigma m M 0.00 0.00 0.00 0.00 | F:mu sigma m M 209.4 139.3 10.0 583.0 | H 1.099 | V 0.002 | pL 0.001 | vL 0.000 | delta 0.001
U 181 | F 370688 | FPS 0029 | D 12571 | rR:mu sigma m M 0.00 0.00 0.00 0.00 | F:mu sigma m M 150.3 159.5 14.0 749.0 | H 1.099 | V 0.002 | pL 0.001 | vL 0.000 | delta 0.000
U 182 | F 372736 | FPS 0025 | D 12653 | rR:mu sigma m M 0.00 0.00 0.00 0.00 | F:mu sigma m M 118.1 48.2 36.0 221.0 | H 1.099 | V 0.001 | pL 0.000 | vL 0.000 | delta 0.000
U 183 | F 374784 | FPS 0029 | D 12723 | rR:mu sigma m M 0.00 0.00 0.00 0.00 | F:mu sigma m M 184.8 97.0 30.0 341.0 | H 1.099 | V 0.001 | pL 0.000 | vL 0.000 | delta 0.000
U 184 | F 376832 | FPS 0031 | D 12790 | rR:mu sigma m M 0.00 0.00 0.00 0.00 | F:mu sigma m M 239.2 156.1 30.0 692.0 | H 1.099 | V 0.001 | pL 0.000 | vL 0.000 | delta 0.000
U 185 | F 378880 | FPS 0027 | D 12864 | rR:mu sigma m M 0.00 0.00 0.00 0.00 | F:mu sigma m M 216.1 157.9 39.0 692.0 | H 1.098 | V 0.005 | pL 0.000 | vL 0.000 | delta 0.001
U 186 | F 380928 | FPS 0030 | D 12932 | rR:mu sigma m M 0.04 0.17 0.00 0.71 | F:mu sigma m M 206.1 127.2 58.0 433.0 | H 1.097 | V 0.003 | pL -0.002 | vL 0.000 | delta 0.009
U 187 | F 382976 | FPS 0033 | D 12995 | rR:mu sigma m M 0.00 0.00 0.00 0.00 | F:mu sigma m M 135.9 77.4 25.0 335.0 | H 1.098 | V 0.003 | pL 0.001 | vL 0.000 | delta 0.002
U 188 | F 385024 | FPS 0028 | D 13067 | rR:mu sigma m M 0.00 0.00 0.00 0.00 | F:mu sigma m M 177.2 113.2 25.0 438.0 | H 1.099 | V 0.003 | pL 0.001 | vL 0.000 | delta 0.001
U 189 | F 387072 | FPS 0029 | D 13138 | rR:mu sigma m M 0.00 0.00 0.00 0.00 | F:mu sigma m M 180.1 119.0 41.0 438.0 | H 1.098 | V 0.002 | pL 0.000 | vL 0.000 | delta 0.001
U 190 | F 389120 | FPS 0027 | D 13215 | rR:mu sigma m M 0.00 0.00 0.00 0.00 | F:mu sigma m M 195.2 170.3 35.0 773.0 | H 1.099 | V 0.003 | pL 0.001 | vL 0.000 | delta 0.002
U 191 | F 391168 | FPS 0030 | D 13283 | rR:mu sigma m M 0.00 0.00 0.00 0.00 | F:mu sigma m M 126.5 47.2 57.0 223.0 | H 1.099 | V 0.001 | pL 0.000 | vL 0.000 | delta 0.000
U 192 | F 393216 | FPS 0030 | D 13350 | rR:mu sigma m M 0.00 0.00 0.00 0.00 | F:mu sigma m M 128.0 74.8 37.0 296.0 | H 1.099 | V 0.001 | pL 0.000 | vL 0.000 | delta 0.000
U 193 | F 395264 | FPS 0031 | D 13417 | rR:mu sigma m M 0.00 0.00 0.00 0.00 | F:mu sigma m M 162.4 88.5 24.0 348.0 | H 1.099 | V 0.001 | pL 0.000 | vL 0.000 | delta 0.000
U 194 | F 397312 | FPS 0029 | D 13488 | rR:mu sigma m M 0.00 0.00 0.00 0.00 | F:mu sigma m M 170.6 84.1 24.0 376.0 | H 1.099 | V 0.001 | pL 0.000 | vL 0.000 | delta 0.000
U 195 | F 399360 | FPS 0029 | D 13560 | rR:mu sigma m M 0.00 0.00 0.00 0.00 | F:mu sigma m M 164.9 119.7 28.0 449.0 | H 1.099 | V 0.000 | pL 0.000 | vL 0.000 | delta 0.000
U 196 | F 401408 | FPS 0031 | D 13625 | rR:mu sigma m M 0.00 0.00 0.00 0.00 | F:mu sigma m M 142.6 95.6 38.0 402.0 | H 1.099 | V 0.000 | pL 0.000 | vL 0.000 | delta 0.000
U 197 | F 403456 | FPS 0029 | D 13694 | rR:mu sigma m M 0.00 0.00 0.00 0.00 | F:mu sigma m M 179.6 110.4 38.0 433.0 | H 1.099 | V 0.000 | pL 0.000 | vL 0.000 | delta 0.000
U 198 | F 405504 | FPS 0033 | D 13757 | rR:mu sigma m M 0.00 0.00 0.00 0.00 | F:mu sigma m M 199.7 123.1 30.0 433.0 | H 1.099 | V 0.001 | pL 0.000 | vL 0.000 | delta 0.000
U 199 | F 407552 | FPS 0028 | D 13830 | rR:mu sigma m M 0.00 0.00 0.00 0.00 | F:mu sigma m M 202.4 128.0 44.0 467.0 | H 1.099 | V 0.001 | pL -0.000 | vL 0.000 | delta 0.001
U 200 | F 409600 | FPS 0029 | D 13901 | rR:mu sigma m M 0.00 0.00 0.00 0.00 | F:mu sigma m M 185.4 151.8 40.0 588.0 | H 1.099 | V 0.001 | pL 0.000 | vL 0.000 | delta 0.000
U 201 | F 411648 | FPS 0026 | D 13979 | rR:mu sigma m M 0.00 0.00 0.00 0.00 | F:mu sigma m M 184.0 150.3 40.0 588.0 | H 1.099 | V 0.000 | pL 0.000 | vL 0.000 | delta 0.000
U 202 | F 413696 | FPS 0029 | D 14050 | rR:mu sigma m M 0.00 0.00 0.00 0.00 | F:mu sigma m M 217.9 131.2 27.0 537.0 | H 1.099 | V 0.000 | pL 0.000 | vL 0.000 | delta 0.000
U 203 | F 415744 | FPS 0028 | D 14122 | rR:mu sigma m M 0.00 0.00 0.00 0.00 | F:mu sigma m M 185.4 127.3 26.0 537.0 | H 1.099 | V 0.000 | pL 0.000 | vL 0.000 | delta 0.000
U 204 | F 417792 | FPS 0028 | D 14195 | rR:mu sigma m M 0.00 0.00 0.00 0.00 | F:mu sigma m M 149.5 92.3 20.0 379.0 | H 1.099 | V 0.000 | pL 0.000 | vL 0.000 | delta 0.000
U 205 | F 419840 | FPS 0029 | D 14265 | rR:mu sigma m M 0.05 0.20 0.00 0.84 | F:mu sigma m M 125.2 63.5 20.0 241.0 | H 1.095 | V 0.003 | pL -0.006 | vL 0.001 | delta 0.039
U 206 | F 421888 | FPS 0032 | D 14328 | rR:mu sigma m M 0.00 0.00 0.00 0.00 | F:mu sigma m M 192.8 173.7 24.0 613.0 | H 1.098 | V 0.005 | pL 0.000 | vL 0.000 | delta 0.004
U 207 | F 423936 | FPS 0029 | D 14400 | rR:mu sigma m M 0.00 0.00 0.00 0.00 | F:mu sigma m M 191.3 166.9 30.0 613.0 | H 1.098 | V 0.004 | pL 0.001 | vL 0.000 | delta 0.002
U 208 | F 425984 | FPS 0024 | D 14486 | rR:mu sigma m M 0.00 0.00 0.00 0.00 | F:mu sigma m M 114.9 91.6 15.0 322.0 | H 1.098 | V 0.002 | pL 0.001 | vL 0.000 | delta 0.001
U 209 | F 428032 | FPS 0027 | D 14561 | rR:mu sigma m M 0.00 0.00 0.00 0.00 | F:mu sigma m M 189.4 205.0 15.0 808.0 | H 1.099 | V 0.002 | pL 0.000 | vL 0.000 | delta 0.001
U 210 | F 430080 | FPS 0030 | D 14629 | rR:mu sigma m M 0.00 0.00 0.00 0.00 | F:mu sigma m M 211.8 207.6 19.0 900.0 | H 1.098 | V 0.001 | pL 0.000 | vL 0.000 | delta 0.001
U 211 | F 432128 | FPS 0031 | D 14695 | rR:mu sigma m M 0.00 0.00 0.00 0.00 | F:mu sigma m M 99.2 69.5 23.0 263.0 | H 1.099 | V 0.001 | pL 0.000 | vL 0.000 | delta 0.000
U 212 | F 434176 | FPS 0030 | D 14763 | rR:mu sigma m M 0.00 0.00 0.00 0.00 | F:mu sigma m M 124.9 115.5 15.0 395.0 | H 1.099 | V 0.001 | pL 0.000 | vL 0.000 | delta 0.000
U 213 | F 436224 | FPS 0027 | D 14839 | rR:mu sigma m M 0.00 0.00 0.00 0.00 | F:mu sigma m M 146.9 89.6 44.0 388.0 | H 1.099 | V 0.000 | pL 0.000 | vL 0.000 | delta 0.000
U 214 | F 438272 | FPS 0029 | D 14911 | rR:mu sigma m M 0.00 0.00 0.00 0.00 | F:mu sigma m M 167.0 105.7 16.0 437.0 | H 1.097 | V 0.002 | pL -0.000 | vL 0.000 | delta 0.003
U 215 | F 440320 | FPS 0027 | D 14986 | rR:mu sigma m M 0.06 0.21 0.00 0.89 | F:mu sigma m M 216.8 159.2 16.0 655.0 | H 1.096 | V 0.006 | pL -0.005 | vL 0.001 | delta 0.012
U 216 | F 442368 | FPS 0024 | D 15070 | rR:mu sigma m M 0.06 0.21 0.00 0.89 | F:mu sigma m M 244.1 172.0 20.0 655.0 | H 1.098 | V 0.003 | pL 0.001 | vL 0.000 | delta 0.003
U 217 | F 444416 | FPS 0033 | D 15133 | rR:mu sigma m M 0.00 0.00 0.00 0.00 | F:mu sigma m M 209.8 161.0 20.0 555.0 | H 1.098 | V 0.002 | pL 0.001 | vL 0.000 | delta 0.001
U 218 | F 446464 | FPS 0028 | D 15205 | rR:mu sigma m M 0.00 0.00 0.00 0.00 | F:mu sigma m M 211.0 168.8 33.0 568.0 | H 1.099 | V 0.001 | pL 0.000 | vL 0.000 | delta 0.000
U 219 | F 448512 | FPS 0026 | D 15283 | rR:mu sigma m M 0.00 0.00 0.00 0.00 | F:mu sigma m M 191.2 166.2 30.0 568.0 | H 1.099 | V 0.001 | pL 0.000 | vL 0.000 | delta 0.000
U 220 | F 450560 | FPS 0031 | D 15348 | rR:mu sigma m M 0.00 0.00 0.00 0.00 | F:mu sigma m M 157.2 111.6 13.0 407.0 | H 1.098 | V 0.002 | pL 0.001 | vL 0.000 | delta 0.004
U 221 | F 452608 | FPS 0030 | D 15416 | rR:mu sigma m M 0.00 0.00 0.00 0.00 | F:mu sigma m M 204.1 116.8 48.0 491.0 | H 1.098 | V 0.002 | pL 0.000 | vL 0.000 | delta 0.002
U 222 | F 454656 | FPS 0029 | D 15487 | rR:mu sigma m M 0.00 0.00 0.00 0.00 | F:mu sigma m M 161.1 121.8 12.0 491.0 | H 1.098 | V 0.005 | pL 0.002 | vL 0.000 | delta 0.005
U 223 | F 456704 | FPS 0029 | D 15557 | rR:mu sigma m M 0.00 0.00 0.00 0.00 | F:mu sigma m M 169.8 143.2 12.0 525.0 | H 1.099 | V 0.005 | pL 0.001 | vL 0.000 | delta 0.001
U 224 | F 458752 | FPS 0030 | D 15625 | rR:mu sigma m M 0.00 0.00 0.00 0.00 | F:mu sigma m M 245.2 216.6 20.0 900.0 | H 1.099 | V 0.004 | pL 0.001 | vL 0.000 | delta 0.001
U 225 | F 460800 | FPS 0028 | D 15699 | rR:mu sigma m M 0.00 0.00 0.00 0.00 | F:mu sigma m M 139.6 129.7 12.0 518.0 | H 1.099 | V 0.003 | pL 0.001 | vL 0.000 | delta 0.001
U 226 | F 462848 | FPS 0025 | D 15781 | rR:mu sigma m M 0.00 0.00 0.00 0.00 | F:mu sigma m M 164.7 124.7 32.0 518.0 | H 1.099 | V 0.002 | pL 0.001 | vL 0.000 | delta 0.000
U 227 | F 464896 | FPS 0026 | D 15860 | rR:mu sigma m M 0.00 0.00 0.00 0.00 | F:mu sigma m M 133.8 65.2 33.0 279.0 | H 1.098 | V 0.002 | pL 0.001 | vL 0.000 | delta 0.001
U 228 | F 466944 | FPS 0031 | D 15927 | rR:mu sigma m M 0.00 0.00 0.00 0.00 | F:mu sigma m M 199.6 146.3 27.0 589.0 | H 1.098 | V 0.002 | pL 0.001 | vL 0.000 | delta 0.005
U 229 | F 468992 | FPS 0028 | D 16001 | rR:mu sigma m M 0.00 0.00 0.00 0.00 | F:mu sigma m M 177.8 137.4 29.0 491.0 | H 1.098 | V 0.004 | pL 0.001 | vL 0.000 | delta 0.001
U 230 | F 471040 | FPS 0030 | D 16069 | rR:mu sigma m M 0.00 0.00 0.00 0.00 | F:mu sigma m M 165.2 136.3 23.0 538.0 | H 1.099 | V 0.002 | pL 0.001 | vL 0.000 | delta 0.001
U 231 | F 473088 | FPS 0030 | D 16137 | rR:mu sigma m M 0.00 0.00 0.00 0.00 | F:mu sigma m M 222.0 126.6 23.0 538.0 | H 1.098 | V 0.004 | pL 0.001 | vL 0.000 | delta 0.001
U 232 | F 475136 | FPS 0029 | D 16207 | rR:mu sigma m M 0.00 0.00 0.00 0.00 | F:mu sigma m M 168.6 132.2 34.0 529.0 | H 1.098 | V 0.003 | pL 0.001 | vL 0.000 | delta 0.002
U 233 | F 477184 | FPS 0030 | D 16276 | rR:mu sigma m M 0.00 0.00 0.00 0.00 | F:mu sigma m M 208.8 121.8 33.0 406.0 | H 1.099 | V 0.003 | pL 0.001 | vL 0.000 | delta 0.000
U 234 | F 479232 | FPS 0029 | D 16346 | rR:mu sigma m M 0.00 0.00 0.00 0.00 | F:mu sigma m M 163.8 90.6 47.0 337.0 | H 1.098 | V 0.003 | pL 0.001 | vL 0.000 | delta 0.000
U 235 | F 481280 | FPS 0029 | D 16416 | rR:mu sigma m M 0.00 0.00 0.00 0.00 | F:mu sigma m M 162.0 85.3 51.0 305.0 | H 1.098 | V 0.002 | pL 0.001 | vL 0.000 | delta 0.001
U 236 | F 483328 | FPS 0029 | D 16487 | rR:mu sigma m M 0.00 0.00 0.00 0.00 | F:mu sigma m M 168.2 128.3 28.0 476.0 | H 1.099 | V 0.002 | pL 0.001 | vL 0.000 | delta 0.000
U 237 | F 485376 | FPS 0030 | D 16556 | rR:mu sigma m M 0.00 0.00 0.00 0.00 | F:mu sigma m M 159.7 148.7 28.0 491.0 | H 1.099 | V 0.002 | pL 0.001 | vL 0.000 | delta 0.000
U 238 | F 487424 | FPS 0027 | D 16632 | rR:mu sigma m M 0.00 0.00 0.00 0.00 | F:mu sigma m M 170.8 124.9 29.0 491.0 | H 1.099 | V 0.003 | pL 0.000 | vL 0.000 | delta 0.001
U 239 | F 489472 | FPS 0029 | D 16704 | rR:mu sigma m M 0.00 0.00 0.00 0.00 | F:mu sigma m M 197.6 133.3 37.0 492.0 | H 1.099 | V 0.002 | pL 0.000 | vL 0.000 | delta 0.001
U 240 | F 491520 | FPS 0027 | D 16779 | rR:mu sigma m M 0.00 0.00 0.00 0.00 | F:mu sigma m M 164.1 132.0 37.0 492.0 | H 1.099 | V 0.001 | pL 0.000 | vL 0.000 | delta 0.000
U 241 | F 493568 | FPS 0033 | D 16842 | rR:mu sigma m M 0.00 0.00 0.00 0.00 | F:mu sigma m M 147.9 129.1 22.0 519.0 | H 1.099 | V 0.001 | pL 0.000 | vL 0.000 | delta 0.000
U 242 | F 495616 | FPS 0031 | D 16907 | rR:mu sigma m M 0.00 0.00 0.00 0.00 | F:mu sigma m M 214.4 241.4 22.0 894.0 | H 1.099 | V 0.001 | pL 0.000 | vL 0.000 | delta 0.000
U 243 | F 497664 | FPS 0029 | D 16978 | rR:mu sigma m M 0.00 0.00 0.00 0.00 | F:mu sigma m M 219.2 231.9 36.0 894.0 | H 1.099 | V 0.000 | pL 0.000 | vL 0.000 | delta 0.000
U 244 | F 499712 | FPS 0030 | D 17046 | rR:mu sigma m M 0.00 0.00 0.00 0.00 | F:mu sigma m M 170.0 120.8 20.0 392.0 | H 1.099 | V 0.001 | pL 0.000 | vL 0.000 | delta 0.000
U 245 | F 501760 | FPS 0030 | D 17114 | rR:mu sigma m M 0.00 0.00 0.00 0.00 | F:mu sigma m M 200.6 188.9 20.0 763.0 | H 1.099 | V 0.001 | pL 0.000 | vL 0.000 | delta 0.000
U 246 | F 503808 | FPS 0027 | D 17190 | rR:mu sigma m M 0.00 0.00 0.00 0.00 | F:mu sigma m M 140.0 84.2 35.0 290.0 | H 1.099 | V 0.000 | pL 0.000 | vL 0.000 | delta 0.000
U 247 | F 505856 | FPS 0028 | D 17264 | rR:mu sigma m M 0.00 0.00 0.00 0.00 | F:mu sigma m M 161.6 106.9 53.0 445.0 | H 1.099 | V 0.000 | pL 0.000 | vL 0.000 | delta 0.000
U 248 | F 507904 | FPS 0025 | D 17348 | rR:mu sigma m M 0.00 0.00 0.00 0.00 | F:mu sigma m M 145.8 74.9 53.0 286.0 | H 1.099 | V 0.000 | pL 0.000 | vL 0.000 | delta 0.000
U 249 | F 509952 | FPS 0031 | D 17414 | rR:mu sigma m M 0.00 0.00 0.00 0.00 | F:mu sigma m M 217.2 231.8 18.0 900.0 | H 1.098 | V 0.003 | pL -0.002 | vL 0.000 | delta 0.003
U 250 | F 512000 | FPS 0028 | D 17486 | rR:mu sigma m M 0.05 0.20 0.00 0.81 | F:mu sigma m M 120.1 109.1 20.0 457.0 | H 1.098 | V 0.002 | pL -0.003 | vL 0.001 | delta 0.008
U 251 | F 514048 | FPS 0031 | D 17551 | rR:mu sigma m M 0.00 0.00 0.00 0.00 | F:mu sigma m M 174.8 191.1 34.0 862.0 | H 1.099 | V -0.003 | pL -0.001 | vL 0.000 | delta 0.001
U 252 | F 516096 | FPS 0028 | D 17623 | rR:mu sigma m M 0.00 0.00 0.00 0.00 | F:mu sigma m M 171.0 134.9 41.0 580.0 | H 1.099 | V -0.002 | pL -0.001 | vL 0.000 | delta 0.001
U 253 | F 518144 | FPS 0030 | D 17691 | rR:mu sigma m M 0.00 0.00 0.00 0.00 | F:mu sigma m M 164.0 120.3 28.0 422.0 | H 1.099 | V -0.002 | pL -0.000 | vL 0.000 | delta 0.000
U 254 | F 520192 | FPS 0028 | D 17766 | rR:mu sigma m M 0.00 0.00 0.00 0.00 | F:mu sigma m M 202.9 96.0 56.0 422.0 | H 1.098 | V -0.001 | pL -0.000 | vL 0.000 | delta 0.001
U 255 | F 522240 | FPS 0029 | D 17836 | rR:mu sigma m M 0.00 0.00 0.00 0.00 | F:mu sigma m M 137.4 86.9 33.0 288.0 | H 1.098 | V -0.000 | pL -0.000 | vL 0.000 | delta 0.001
U 256 | F 524288 | FPS 0031 | D 17902 | rR:mu sigma m M 0.00 0.00 0.00 0.00 | F:mu sigma m M 195.2 165.1 18.0 593.0 | H 1.099 | V 0.000 | pL -0.000 | vL 0.000 | delta 0.001
U 257 | F 526336 | FPS 0033 | D 17964 | rR:mu sigma m M 0.00 0.00 0.00 0.00 | F:mu sigma m M 131.6 116.8 15.0 521.0 | H 1.098 | V 0.000 | pL 0.000 | vL 0.000 | delta 0.000
U 258 | F 528384 | FPS 0032 | D 18029 | rR:mu sigma m M 0.02 0.08 0.00 0.32 | F:mu sigma m M 173.1 172.2 15.0 676.0 | H 1.098 | V 0.006 | pL -0.002 | vL 0.000 | delta 0.003
U 259 | F 530432 | FPS 0029 | D 18101 | rR:mu sigma m M 0.00 0.00 0.00 0.00 | F:mu sigma m M 130.9 84.6 27.0 376.0 | H 1.099 | V -0.000 | pL -0.000 | vL 0.000 | delta 0.001
U 260 | F 532480 | FPS 0026 | D 18178 | rR:mu sigma m M 0.00 0.00 0.00 0.00 | F:mu sigma m M 134.1 156.8 12.0 646.0 | H 1.099 | V 0.000 | pL 0.000 | vL 0.000 | delta 0.000
U 261 | F 534528 | FPS 0026 | D 18258 | rR:mu sigma m M 0.00 0.00 0.00 0.00 | F:mu sigma m M 144.8 121.3 33.0 559.0 | H 1.099 | V -0.000 | pL 0.000 | vL 0.000 | delta 0.001
U 262 | F 536576 | FPS 0029 | D 18329 | rR:mu sigma m M 0.00 0.00 0.00 0.00 | F:mu sigma m M 132.3 106.4 22.0 327.0 | H 1.099 | V -0.000 | pL -0.000 | vL 0.000 | delta 0.000
U 263 | F 538624 | FPS 0031 | D 18396 | rR:mu sigma m M 0.00 0.00 0.00 0.00 | F:mu sigma m M 162.9 131.4 32.0 576.0 | H 1.099 | V -0.000 | pL -0.000 | vL 0.000 | delta 0.000
U 264 | F 540672 | FPS 0028 | D 18468 | rR:mu sigma m M 0.00 0.00 0.00 0.00 | F:mu sigma m M 185.3 173.1 44.0 755.0 | H 1.099 | V -0.000 | pL -0.000 | vL 0.000 | delta 0.000
U 265 | F 542720 | FPS 0034 | D 18528 | rR:mu sigma m M 0.00 0.00 0.00 0.00 | F:mu sigma m M 145.1 117.0 44.0 436.0 | H 1.099 | V -0.000 | pL -0.000 | vL 0.000 | delta 0.000
U 266 | F 544768 | FPS 0029 | D 18599 | rR:mu sigma m M 0.00 0.00 0.00 0.00 | F:mu sigma m M 193.1 113.0 49.0 409.0 | H 1.099 | V -0.000 | pL -0.000 | vL 0.000 | delta 0.000
U 267 | F 546816 | FPS 0028 | D 18671 | rR:mu sigma m M 0.00 0.00 0.00 0.00 | F:mu sigma m M 155.6 109.3 17.0 434.0 | H 1.095 | V 0.004 | pL -0.001 | vL 0.000 | delta 0.004
U 268 | F 548864 | FPS 0031 | D 18738 | rR:mu sigma m M 0.04 0.18 0.00 0.80 | F:mu sigma m M 154.2 161.3 19.0 610.0 | H 1.097 | V 0.010 | pL -0.005 | vL 0.001 | delta 0.010
U 269 | F 550912 | FPS 0030 | D 18806 | rR:mu sigma m M 0.05 0.19 0.00 0.80 | F:mu sigma m M 150.9 146.3 19.0 610.0 | H 1.097 | V -0.003 | pL -0.003 | vL 0.000 | delta 0.013
U 270 | F 552960 | FPS 0032 | D 18869 | rR:mu sigma m M 0.05 0.20 0.00 0.82 | F:mu sigma m M 187.1 159.8 26.0 639.0 | H 1.095 | V 0.011 | pL -0.004 | vL 0.001 | delta 0.021
U 271 | F 555008 | FPS 0031 | D 18934 | rR:mu sigma m M 0.00 0.00 0.00 0.00 | F:mu sigma m M 175.7 97.5 65.0 383.0 | H 1.093 | V 0.012 | pL 0.000 | vL 0.000 | delta 0.012
U 272 | F 557056 | FPS 0035 | D 18993 | rR:mu sigma m M 0.04 0.17 0.00 0.70 | F:mu sigma m M 162.1 84.2 52.0 345.0 | H 1.096 | V 0.013 | pL -0.000 | vL 0.000 | delta 0.007
U 273 | F 559104 | FPS 0028 | D 19068 | rR:mu sigma m M 0.04 0.17 0.00 0.70 | F:mu sigma m M 185.5 108.6 52.0 449.0 | H 1.095 | V 0.011 | pL 0.002 | vL 0.000 | delta 0.006
U 274 | F 561152 | FPS 0035 | D 19125 | rR:mu sigma m M 0.00 0.00 0.00 0.00 | F:mu sigma m M 185.6 122.0 19.0 417.0 | H 1.096 | V 0.010 | pL 0.002 | vL 0.000 | delta 0.003
U 275 | F 563200 | FPS 0032 | D 19189 | rR:mu sigma m M 0.00 0.00 0.00 0.00 | F:mu sigma m M 210.6 184.9 39.0 674.0 | H 1.091 | V 0.019 | pL 0.002 | vL 0.000 | delta 0.007
U 276 | F 565248 | FPS 0030 | D 19257 | rR:mu sigma m M 0.05 0.19 0.00 0.78 | F:mu sigma m M 171.7 104.3 20.0 457.0 | H 1.097 | V 0.010 | pL 0.000 | vL 0.000 | delta 0.002
U 277 | F 567296 | FPS 0027 | D 19331 | rR:mu sigma m M 0.00 0.00 0.00 0.00 | F:mu sigma m M 135.8 65.4 20.0 261.0 | H 1.098 | V 0.008 | pL 0.002 | vL 0.000 | delta 0.001
U 278 | F 569344 | FPS 0027 | D 19407 | rR:mu sigma m M 0.00 0.00 0.00 0.00 | F:mu sigma m M 204.8 97.8 48.0 375.0 | H 1.098 | V 0.006 | pL 0.002 | vL 0.000 | delta 0.001
U 279 | F 571392 | FPS 0029 | D 19479 | rR:mu sigma m M 0.00 0.00 0.00 0.00 | F:mu sigma m M 186.9 110.3 38.0 426.0 | H 1.098 | V 0.005 | pL 0.001 | vL 0.000 | delta 0.001
U 280 | F 573440 | FPS 0030 | D 19548 | rR:mu sigma m M 0.00 0.00 0.00 0.00 | F:mu sigma m M 186.3 127.6 35.0 493.0 | H 1.098 | V 0.004 | pL 0.001 | vL 0.000 | delta 0.002
U 281 | F 575488 | FPS 0029 | D 19618 | rR:mu sigma m M 0.00 0.00 0.00 0.00 | F:mu sigma m M 96.1 66.0 9.0 260.0 | H 1.098 | V 0.002 | pL 0.001 | vL 0.000 | delta 0.001
U 282 | F 577536 | FPS 0029 | D 19689 | rR:mu sigma m M 0.00 0.00 0.00 0.00 | F:mu sigma m M 149.9 82.7 13.0 293.0 | H 1.098 | V 0.002 | pL 0.001 | vL 0.000 | delta 0.000
U 283 | F 579584 | FPS 0025 | D 19769 | rR:mu sigma m M 0.00 0.00 0.00 0.00 | F:mu sigma m M 210.1 211.6 48.0 900.0 | H 1.099 | V 0.001 | pL 0.000 | vL 0.000 | delta 0.000
U 284 | F 581632 | FPS 0028 | D 19842 | rR:mu sigma m M 0.05 0.19 0.00 0.79 | F:mu sigma m M 116.6 82.2 41.0 350.0 | H 1.096 | V 0.010 | pL -0.006 | vL 0.000 | delta 0.014
U 285 | F 583680 | FPS 0027 | D 19918 | rR:mu sigma m M 0.10 0.27 0.00 0.83 | F:mu sigma m M 149.4 106.0 26.0 370.0 | H 1.087 | V 0.025 | pL -0.009 | vL 0.001 | delta 0.024
U 286 | F 585728 | FPS 0028 | D 19990 | rR:mu sigma m M 0.00 0.00 0.00 0.00 | F:mu sigma m M 165.4 96.8 22.0 370.0 | H 1.091 | V 0.005 | pL 0.003 | vL 0.000 | delta 0.006
U 287 | F 587776 | FPS 0029 | D 20061 | rR:mu sigma m M 0.05 0.19 0.00 0.86 | F:mu sigma m M 117.9 104.8 17.0 489.0 | H 1.091 | V 0.023 | pL -0.004 | vL 0.001 | delta 0.011
U 288 | F 589824 | FPS 0033 | D 20122 | rR:mu sigma m M 0.05 0.21 0.00 0.90 | F:mu sigma m M 115.2 84.7 30.0 297.0 | H 1.092 | V 0.009 | pL -0.001 | vL 0.000 | delta 0.008
U 289 | F 591872 | FPS 0031 | D 20187 | rR:mu sigma m M 0.05 0.21 0.00 0.86 | F:mu sigma m M 112.7 97.4 15.0 357.0 | H 1.085 | V 0.022 | pL -0.004 | vL 0.001 | delta 0.016
U 290 | F 593920 | FPS 0027 | D 20262 | rR:mu sigma m M 0.05 0.20 0.00 0.84 | F:mu sigma m M 186.8 125.6 34.0 603.0 | H 1.092 | V 0.029 | pL 0.002 | vL 0.001 | delta 0.014
U 291 | F 595968 | FPS 0029 | D 20333 | rR:mu sigma m M 0.00 0.00 0.00 0.00 | F:mu sigma m M 176.1 151.6 18.0 603.0 | H 1.098 | V 0.008 | pL 0.002 | vL 0.000 | delta 0.003
U 292 | F 598016 | FPS 0027 | D 20409 | rR:mu sigma m M 0.00 0.00 0.00 0.00 | F:mu sigma m M 135.9 119.9 20.0 399.0 | H 1.098 | V 0.007 | pL 0.002 | vL 0.000 | delta 0.002
U 293 | F 600064 | FPS 0028 | D 20482 | rR:mu sigma m M 0.00 0.00 0.00 0.00 | F:mu sigma m M 194.7 151.3 24.0 575.0 | H 1.098 | V 0.005 | pL 0.001 | vL 0.000 | delta 0.001
U 294 | F 602112 | FPS 0027 | D 20558 | rR:mu sigma m M 0.00 0.00 0.00 0.00 | F:mu sigma m M 200.1 150.9 24.0 481.0 | H 1.098 | V 0.004 | pL 0.001 | vL 0.000 | delta 0.001
U 295 | F 604160 | FPS 0030 | D 20625 | rR:mu sigma m M 0.00 0.00 0.00 0.00 | F:mu sigma m M 209.1 126.1 50.0 473.0 | H 1.098 | V 0.004 | pL 0.001 | vL 0.000 | delta 0.003
U 296 | F 606208 | FPS 0028 | D 20698 | rR:mu sigma m M 0.00 0.00 0.00 0.00 | F:mu sigma m M 218.6 127.5 41.0 474.0 | H 1.097 | V 0.005 | pL 0.001 | vL 0.000 | delta 0.002
U 297 | F 608256 | FPS 0026 | D 20778 | rR:mu sigma m M 0.00 0.00 0.00 0.00 | F:mu sigma m M 209.8 204.4 11.0 900.0 | H 1.097 | V 0.005 | pL 0.002 | vL 0.000 | delta 0.002
U 298 | F 610304 | FPS 0028 | D 20850 | rR:mu sigma m M 0.00 0.00 0.00 0.00 | F:mu sigma m M 109.2 58.8 14.0 247.0 | H 1.098 | V 0.005 | pL 0.001 | vL 0.000 | delta 0.001
U 299 | F 612352 | FPS 0029 | D 20920 | rR:mu sigma m M 0.00 0.00 0.00 0.00 | F:mu sigma m M 114.5 79.1 17.0 338.0 | H 1.097 | V 0.003 | pL 0.000 | vL 0.000 | delta 0.002
U 300 | F 614400 | FPS 0029 | D 20990 | rR:mu sigma m M 0.00 0.00 0.00 0.00 | F:mu sigma m M 116.9 57.6 17.0 246.0 | H 1.098 | V 0.001 | pL 0.000 | vL 0.000 | delta 0.001
U 301 | F 616448 | FPS 0033 | D 21051 | rR:mu sigma m M 0.00 0.00 0.00 0.00 | F:mu sigma m M 242.2 229.1 41.0 900.0 | H 1.099 | V 0.001 | pL 0.000 | vL 0.000 | delta 0.000
U 302 | F 618496 | FPS 0028 | D 21125 | rR:mu sigma m M 0.00 0.00 0.00 0.00 | F:mu sigma m M 207.6 180.1 22.0 688.0 | H 1.098 | V 0.001 | pL 0.000 | vL 0.000 | delta 0.001
U 303 | F 620544 | FPS 0029 | D 21196 | rR:mu sigma m M 0.00 0.00 0.00 0.00 | F:mu sigma m M 190.4 124.0 16.0 410.0 | H 1.098 | V 0.001 | pL 0.000 | vL 0.000 | delta 0.000
U 304 | F 622592 | FPS 0026 | D 21273 | rR:mu sigma m M 0.00 0.00 0.00 0.00 | F:mu sigma m M 199.2 111.7 19.0 434.0 | H 1.098 | V 0.001 | pL -0.000 | vL 0.000 | delta 0.001
U 305 | F 624640 | FPS 0029 | D 21344 | rR:mu sigma m M 0.00 0.00 0.00 0.00 | F:mu sigma m M 162.9 113.9 34.0 434.0 | H 1.098 | V 0.002 | pL 0.001 | vL 0.000 | delta 0.002
U 306 | F 626688 | FPS 0028 | D 21418 | rR:mu sigma m M 0.04 0.17 0.00 0.70 | F:mu sigma m M 202.0 114.3 34.0 435.0 | H 1.093 | V 0.005 | pL -0.005 | vL 0.000 | delta 0.008
U 307 | F 628736 | FPS 0024 | D 21502 | rR:mu sigma m M 0.00 0.00 0.00 0.00 | F:mu sigma m M 196.4 116.4 30.0 435.0 | H 1.098 | V -0.002 | pL -0.000 | vL 0.000 | delta 0.000
U 308 | F 630784 | FPS 0029 | D 21573 | rR:mu sigma m M 0.00 0.00 0.00 0.00 | F:mu sigma m M 131.6 83.0 22.0 345.0 | H 1.098 | V -0.001 | pL -0.000 | vL 0.000 | delta 0.000
U 309 | F 632832 | FPS 0031 | D 21639 | rR:mu sigma m M 0.00 0.00 0.00 0.00 | F:mu sigma m M 140.8 116.7 22.0 454.0 | H 1.099 | V -0.001 | pL -0.000 | vL 0.000 | delta 0.000
U 310 | F 634880 | FPS 0026 | D 21716 | rR:mu sigma m M 0.00 0.00 0.00 0.00 | F:mu sigma m M 137.9 130.8 34.0 454.0 | H 1.098 | V -0.001 | pL -0.000 | vL 0.000 | delta 0.000
U 311 | F 636928 | FPS 0025 | D 21798 | rR:mu sigma m M 0.00 0.00 0.00 0.00 | F:mu sigma m M 167.2 110.6 30.0 357.0 | H 1.099 | V -0.000 | pL -0.000 | vL 0.000 | delta 0.000
U 312 | F 638976 | FPS 0031 | D 21864 | rR:mu sigma m M 0.00 0.00 0.00 0.00 | F:mu sigma m M 199.3 106.9 30.0 386.0 | H 1.098 | V 0.002 | pL 0.000 | vL 0.000 | delta 0.002
U 313 | F 641024 | FPS 0027 | D 21941 | rR:mu sigma m M 0.00 0.00 0.00 0.00 | F:mu sigma m M 187.8 128.9 30.0 469.0 | H 1.098 | V 0.000 | pL -0.000 | vL 0.000 | delta 0.001
U 314 | F 643072 | FPS 0031 | D 22008 | rR:mu sigma m M 0.00 0.00 0.00 0.00 | F:mu sigma m M 180.7 127.2 21.0 469.0 | H 1.098 | V 0.002 | pL 0.000 | vL 0.000 | delta 0.001
U 315 | F 645120 | FPS 0030 | D 22076 | rR:mu sigma m M 0.00 0.00 0.00 0.00 | F:mu sigma m M 237.6 183.6 13.0 681.0 | H 1.098 | V 0.001 | pL 0.000 | vL 0.000 | delta 0.000
U 316 | F 647168 | FPS 0030 | D 22145 | rR:mu sigma m M 0.00 0.00 0.00 0.00 | F:mu sigma m M 181.8 156.5 13.0 681.0 | H 1.099 | V 0.000 | pL 0.000 | vL 0.000 | delta 0.000
U 317 | F 649216 | FPS 0027 | D 22222 | rR:mu sigma m M 0.00 0.00 0.00 0.00 | F:mu sigma m M 162.6 124.9 21.0 564.0 | H 1.098 | V 0.002 | pL 0.000 | vL 0.000 | delta 0.002
U 318 | F 651264 | FPS 0028 | D 22296 | rR:mu sigma m M 0.00 0.00 0.00 0.00 | F:mu sigma m M 212.6 171.6 53.0 615.0 | H 1.099 | V -0.000 | pL 0.000 | vL 0.000 | delta 0.000
U 319 | F 653312 | FPS 0030 | D 22364 | rR:mu sigma m M 0.00 0.00 0.00 0.00 | F:mu sigma m M 132.4 100.5 42.0 357.0 | H 1.099 | V 0.000 | pL 0.000 | vL 0.000 | delta 0.000
U 320 | F 655360 | FPS 0033 | D 22426 | rR:mu sigma m M 0.00 0.00 0.00 0.00 | F:mu sigma m M 141.8 111.1 42.0 438.0 | H 1.099 | V 0.000 | pL 0.000 | vL 0.000 | delta 0.000
U 321 | F 657408 | FPS 0027 | D 22503 | rR:mu sigma m M 0.00 0.00 0.00 0.00 | F:mu sigma m M 230.6 193.6 56.0 781.0 | H 1.098 | V 0.000 | pL 0.000 | vL 0.000 | delta 0.000
U 322 | F 659456 | FPS 0028 | D 22576 | rR:mu sigma m M 0.00 0.00 0.00 0.00 | F:mu sigma m M 143.6 104.8 24.0 366.0 | H 1.099 | V 0.000 | pL 0.000 | vL 0.000 | delta 0.000
U 323 | F 661504 | FPS 0029 | D 22647 | rR:mu sigma m M 0.00 0.00 0.00 0.00 | F:mu sigma m M 172.6 135.0 24.0 484.0 | H 1.098 | V 0.001 | pL 0.000 | vL 0.000 | delta 0.001
U 324 | F 663552 | FPS 0028 | D 22722 | rR:mu sigma m M 0.00 0.00 0.00 0.00 | F:mu sigma m M 203.6 216.3 47.0 900.0 | H 1.098 | V 0.001 | pL -0.000 | vL 0.000 | delta 0.000
U 325 | F 665600 | FPS 0029 | D 22792 | rR:mu sigma m M 0.00 0.00 0.00 0.00 | F:mu sigma m M 183.2 204.0 31.0 900.0 | H 1.098 | V 0.001 | pL 0.000 | vL 0.000 | delta 0.001
U 326 | F 667648 | FPS 0032 | D 22856 | rR:mu sigma m M 0.00 0.00 0.00 0.00 | F:mu sigma m M 187.3 135.3 27.0 532.0 | H 1.099 | V 0.001 | pL 0.000 | vL 0.000 | delta 0.000
U 327 | F 669696 | FPS 0025 | D 22939 | rR:mu sigma m M 0.00 0.00 0.00 0.00 | F:mu sigma m M 128.7 152.4 19.0 653.0 | H 1.099 | V 0.000 | pL 0.000 | vL 0.000 | delta 0.000
U 328 | F 671744 | FPS 0028 | D 23012 | rR:mu sigma m M 0.00 0.00 0.00 0.00 | F:mu sigma m M 130.1 81.6 15.0 283.0 | H 1.099 | V 0.001 | pL 0.000 | vL 0.000 | delta 0.000
U 329 | F 673792 | FPS 0031 | D 23078 | rR:mu sigma m M 0.00 0.00 0.00 0.00 | F:mu sigma m M 184.4 142.6 15.0 617.0 | H 1.099 | V 0.000 | pL 0.000 | vL 0.000 | delta 0.000
U 330 | F 675840 | FPS 0029 | D 23148 | rR:mu sigma m M 0.00 0.00 0.00 0.00 | F:mu sigma m M 125.8 109.9 35.0 468.0 | H 1.099 | V 0.000 | pL 0.000 | vL 0.000 | delta 0.000
U 331 | F 677888 | FPS 0030 | D 23217 | rR:mu sigma m M 0.00 0.00 0.00 0.00 | F:mu sigma m M 184.0 119.2 57.0 468.0 | H 1.099 | V 0.000 | pL 0.000 | vL 0.000 | delta 0.000
U 332 | F 679936 | FPS 0030 | D 23286 | rR:mu sigma m M 0.00 0.00 0.00 0.00 | F:mu sigma m M 132.0 102.7 29.0 411.0 | H 1.099 | V 0.000 | pL -0.000 | vL 0.000 | delta 0.000
U 333 | F 681984 | FPS 0029 | D 23356 | rR:mu sigma m M 0.00 0.00 0.00 0.00 | F:mu sigma m M 188.1 164.6 26.0 570.0 | H 1.099 | V 0.000 | pL 0.000 | vL 0.000 | delta 0.000
U 334 | F 684032 | FPS 0031 | D 23423 | rR:mu sigma m M 0.00 0.00 0.00 0.00 | F:mu sigma m M 193.1 159.9 15.0 507.0 | H 1.099 | V 0.000 | pL 0.000 | vL 0.000 | delta 0.000
U 335 | F 686080 | FPS 0031 | D 23489 | rR:mu sigma m M 0.00 0.00 0.00 0.00 | F:mu sigma m M 178.5 130.1 15.0 420.0 | H 1.099 | V 0.000 | pL 0.000 | vL 0.000 | delta 0.000
U 336 | F 688128 | FPS 0030 | D 23558 | rR:mu sigma m M 0.00 0.00 0.00 0.00 | F:mu sigma m M 193.2 121.4 35.0 392.0 | H 1.099 | V 0.000 | pL 0.000 | vL 0.000 | delta 0.000
U 337 | F 690176 | FPS 0029 | D 23629 | rR:mu sigma m M 0.00 0.00 0.00 0.00 | F:mu sigma m M 267.1 172.4 35.0 744.0 | H 1.099 | V 0.000 | pL 0.000 | vL 0.000 | delta 0.000
U 338 | F 692224 | FPS 0032 | D 23693 | rR:mu sigma m M 0.00 0.00 0.00 0.00 | F:mu sigma m M 222.2 179.1 28.0 744.0 | H 1.099 | V 0.000 | pL 0.000 | vL 0.000 | delta 0.000
U 339 | F 694272 | FPS 0031 | D 23760 | rR:mu sigma m M 0.00 0.00 0.00 0.00 | F:mu sigma m M 179.3 113.7 22.0 411.0 | H 1.099 | V 0.000 | pL 0.000 | vL 0.000 | delta 0.000
U 340 | F 696320 | FPS 0029 | D 23830 | rR:mu sigma m M 0.00 0.00 0.00 0.00 | F:mu sigma m M 211.7 180.7 26.0 717.0 | H 1.099 | V -0.000 | pL -0.000 | vL 0.000 | delta 0.000
U 341 | F 698368 | FPS 0028 | D 23904 | rR:mu sigma m M 0.00 0.00 0.00 0.00 | F:mu sigma m M 134.4 92.5 27.0 391.0 | H 1.099 | V 0.000 | pL 0.000 | vL 0.000 | delta 0.000
U 342 | F 700416 | FPS 0028 | D 23978 | rR:mu sigma m M 0.00 0.00 0.00 0.00 | F:mu sigma m M 135.8 81.7 22.0 391.0 | H 1.099 | V 0.000 | pL -0.000 | vL 0.000 | delta 0.000
U 343 | F 702464 | FPS 0029 | D 24049 | rR:mu sigma m M 0.00 0.00 0.00 0.00 | F:mu sigma m M 123.0 100.3 15.0 293.0 | H 1.098 | V 0.000 | pL 0.000 | vL 0.000 | delta 0.001
U 344 | F 704512 | FPS 0028 | D 24123 | rR:mu sigma m M 0.00 0.00 0.00 0.00 | F:mu sigma m M 167.9 128.4 16.0 441.0 | H 1.099 | V 0.001 | pL 0.000 | vL 0.000 | delta 0.000
U 345 | F 706560 | FPS 0030 | D 24191 | rR:mu sigma m M 0.00 0.00 0.00 0.00 | F:mu sigma m M 203.1 122.4 30.0 441.0 | H 1.099 | V 0.000 | pL 0.000 | vL 0.000 | delta 0.000
U 346 | F 708608 | FPS 0027 | D 24268 | rR:mu sigma m M 0.00 0.00 0.00 0.00 | F:mu sigma m M 181.1 145.5 29.0 639.0 | H 1.099 | V 0.000 | pL 0.000 | vL 0.000 | delta 0.000
U 347 | F 710656 | FPS 0029 | D 24338 | rR:mu sigma m M 0.00 0.00 0.00 0.00 | F:mu sigma m M 153.1 144.2 29.0 643.0 | H 1.099 | V 0.000 | pL 0.000 | vL 0.000 | delta 0.000
U 348 | F 712704 | FPS 0027 | D 24413 | rR:mu sigma m M 0.00 0.00 0.00 0.00 | F:mu sigma m M 142.2 141.8 30.0 603.0 | H 1.099 | V 0.000 | pL 0.000 | vL 0.000 | delta 0.000
U 349 | F 714752 | FPS 0030 | D 24481 | rR:mu sigma m M 0.00 0.00 0.00 0.00 | F:mu sigma m M 223.6 181.1 40.0 610.0 | H 1.099 | V 0.000 | pL 0.000 | vL 0.000 | delta 0.000
U 350 | F 716800 | FPS 0029 | D 24550 | rR:mu sigma m M 0.00 0.00 0.00 0.00 | F:mu sigma m M 212.9 157.6 37.0 610.0 | H 1.099 | V 0.000 | pL 0.000 | vL 0.000 | delta 0.000
U 351 | F 718848 | FPS 0031 | D 24616 | rR:mu sigma m M 0.00 0.00 0.00 0.00 | F:mu sigma m M 152.1 82.9 26.0 354.0 | H 1.099 | V 0.000 | pL 0.000 | vL 0.000 | delta 0.000
U 352 | F 720896 | FPS 0029 | D 24687 | rR:mu sigma m M 0.00 0.00 0.00 0.00 | F:mu sigma m M 220.7 172.8 26.0 669.0 | H 1.099 | V 0.000 | pL -0.000 | vL 0.000 | delta 0.000
U 353 | F 722944 | FPS 0031 | D 24754 | rR:mu sigma m M 0.00 0.00 0.00 0.00 | F:mu sigma m M 168.0 94.3 24.0 415.0 | H 1.099 | V -0.000 | pL -0.000 | vL 0.000 | delta 0.000
U 354 | F 724992 | FPS 0028 | D 24828 | rR:mu sigma m M 0.00 0.00 0.00 0.00 | F:mu sigma m M 180.6 134.9 24.0 563.0 | H 1.098 | V 0.000 | pL 0.000 | vL 0.000 | delta 0.001
U 355 | F 727040 | FPS 0031 | D 24895 | rR:mu sigma m M 0.00 0.00 0.00 0.00 | F:mu sigma m M 194.4 125.2 50.0 468.0 | H 1.099 | V 0.000 | pL 0.000 | vL 0.000 | delta 0.000
U 356 | F 729088 | FPS 0030 | D 24963 | rR:mu sigma m M 0.00 0.00 0.00 0.00 | F:mu sigma m M 176.6 127.6 20.0 433.0 | H 1.099 | V -0.000 | pL -0.000 | vL 0.000 | delta 0.000
U 357 | F 731136 | FPS 0029 | D 25034 | rR:mu sigma m M 0.00 0.00 0.00 0.00 | F:mu sigma m M 129.1 92.2 23.0 371.0 | H 1.099 | V -0.000 | pL -0.000 | vL 0.000 | delta 0.000
U 358 | F 733184 | FPS 0030 | D 25102 | rR:mu sigma m M 0.05 0.19 0.00 0.80 | F:mu sigma m M 99.6 62.6 23.0 268.0 | H 1.090 | V 0.006 | pL -0.007 | vL 0.002 | delta 0.012
U 359 | F 735232 | FPS 0034 | D 25163 | rR:mu sigma m M 0.00 0.00 0.00 0.00 | F:mu sigma m M 179.4 193.3 35.0 830.0 | H 1.097 | V 0.013 | pL 0.004 | vL 0.000 | delta 0.002
U 360 | F 737280 | FPS 0030 | D 25232 | rR:mu sigma m M 0.00 0.00 0.00 0.00 | F:mu sigma m M 195.0 201.4 10.0 830.0 | H 1.096 | V 0.011 | pL 0.003 | vL 0.000 | delta 0.003
U 361 | F 739328 | FPS 0027 | D 25308 | rR:mu sigma m M 0.05 0.18 0.00 0.74 | F:mu sigma m M 153.3 155.0 18.0 569.0 | H 1.095 | V 0.012 | pL -0.004 | vL 0.001 | delta 0.012
U 362 | F 741376 | FPS 0027 | D 25383 | rR:mu sigma m M 0.09 0.23 0.00 0.74 | F:mu sigma m M 178.4 109.6 23.0 409.0 | H 1.093 | V 0.020 | pL -0.001 | vL 0.001 | delta 0.010
U 363 | F 743424 | FPS 0027 | D 25460 | rR:mu sigma m M 0.00 0.00 0.00 0.00 | F:mu sigma m M 149.2 83.9 27.0 295.0 | H 1.098 | V 0.002 | pL 0.001 | vL 0.000 | delta 0.001
U 364 | F 745472 | FPS 0030 | D 25528 | rR:mu sigma m M 0.00 0.00 0.00 0.00 | F:mu sigma m M 137.6 100.1 21.0 367.0 | H 1.097 | V 0.004 | pL -0.000 | vL 0.000 | delta 0.001
U 365 | F 747520 | FPS 0030 | D 25596 | rR:mu sigma m M 0.00 0.00 0.00 0.00 | F:mu sigma m M 193.8 210.8 49.0 854.0 | H 1.095 | V 0.007 | pL 0.000 | vL 0.000 | delta 0.005
U 366 | F 749568 | FPS 0028 | D 25670 | rR:mu sigma m M 0.04 0.14 0.00 0.59 | F:mu sigma m M 195.6 206.1 23.0 854.0 | H 1.097 | V 0.009 | pL -0.003 | vL 0.000 | delta 0.012
U 367 | F 751616 | FPS 0027 | D 25746 | rR:mu sigma m M 0.04 0.14 0.00 0.59 | F:mu sigma m M 170.3 117.3 23.0 409.0 | H 1.097 | V 0.003 | pL 0.001 | vL 0.000 | delta 0.004
U 368 | F 753664 | FPS 0028 | D 25819 | rR:mu sigma m M 0.05 0.19 0.00 0.77 | F:mu sigma m M 155.3 108.3 28.0 365.0 | H 1.093 | V 0.012 | pL -0.005 | vL 0.001 | delta 0.010
U 369 | F 755712 | FPS 0030 | D 25886 | rR:mu sigma m M 0.00 0.00 0.00 0.00 | F:mu sigma m M 167.2 147.6 28.0 503.0 | H 1.098 | V 0.003 | pL -0.000 | vL 0.000 | delta 0.002
U 370 | F 757760 | FPS 0031 | D 25952 | rR:mu sigma m M 0.06 0.22 0.00 0.90 | F:mu sigma m M 197.5 159.8 37.0 555.0 | H 1.095 | V 0.015 | pL -0.004 | vL 0.001 | delta 0.012
U 371 | F 759808 | FPS 0028 | D 26026 | rR:mu sigma m M 0.00 0.00 0.00 0.00 | F:mu sigma m M 291.7 265.1 25.0 900.0 | H 1.098 | V 0.002 | pL 0.000 | vL 0.000 | delta 0.001
U 372 | F 761856 | FPS 0032 | D 26090 | rR:mu sigma m M 0.00 0.00 0.00 0.00 | F:mu sigma m M 174.8 203.2 18.0 887.0 | H 1.098 | V 0.002 | pL 0.001 | vL 0.000 | delta 0.001
U 373 | F 763904 | FPS 0027 | D 26164 | rR:mu sigma m M 0.00 0.00 0.00 0.00 | F:mu sigma m M 171.6 161.5 18.0 651.0 | H 1.098 | V 0.001 | pL 0.000 | vL 0.000 | delta 0.000
U 374 | F 765952 | FPS 0031 | D 26229 | rR:mu sigma m M 0.00 0.00 0.00 0.00 | F:mu sigma m M 178.9 168.4 21.0 651.0 | H 1.098 | V 0.001 | pL 0.000 | vL 0.000 | delta 0.000
U 375 | F 768000 | FPS 0032 | D 26294 | rR:mu sigma m M 0.05 0.18 0.00 0.75 | F:mu sigma m M 168.2 100.3 25.0 417.0 | H 1.092 | V 0.012 | pL -0.003 | vL 0.000 | delta 0.008
U 376 | F 770048 | FPS 0026 | D 26374 | rR:mu sigma m M 0.01 0.05 0.00 0.20 | F:mu sigma m M 212.0 188.4 25.0 799.0 | H 1.092 | V 0.013 | pL -0.000 | vL 0.001 | delta 0.016
U 377 | F 772096 | FPS 0028 | D 26445 | rR:mu sigma m M 0.01 0.05 0.00 0.20 | F:mu sigma m M 178.9 181.9 27.0 799.0 | H 1.088 | V 0.004 | pL -0.005 | vL 0.000 | delta 0.009
U 378 | F 774144 | FPS 0028 | D 26519 | rR:mu sigma m M 0.09 0.24 0.00 0.85 | F:mu sigma m M 164.6 91.5 51.0 387.0 | H 1.086 | V 0.021 | pL -0.008 | vL 0.002 | delta 0.026
U 379 | F 776192 | FPS 0032 | D 26583 | rR:mu sigma m M 0.04 0.15 0.00 0.61 | F:mu sigma m M 207.2 152.5 37.0 518.0 | H 1.096 | V 0.001 | pL 0.000 | vL 0.000 | delta 0.003
U 380 | F 778240 | FPS 0033 | D 26646 | rR:mu sigma m M 0.00 0.00 0.00 0.00 | F:mu sigma m M 197.0 163.5 28.0 555.0 | H 1.096 | V 0.003 | pL -0.001 | vL 0.000 | delta 0.003
U 381 | F 780288 | FPS 0029 | D 26717 | rR:mu sigma m M 0.00 0.00 0.00 0.00 | F:mu sigma m M 134.0 82.3 34.0 342.0 | H 1.094 | V 0.004 | pL 0.002 | vL 0.000 | delta 0.009
U 382 | F 782336 | FPS 0030 | D 26786 | rR:mu sigma m M 0.00 0.00 0.00 0.00 | F:mu sigma m M 92.4 49.8 34.0 211.0 | H 1.097 | V 0.001 | pL -0.001 | vL 0.000 | delta 0.002
U 383 | F 784384 | FPS 0032 | D 26850 | rR:mu sigma m M 0.05 0.21 0.00 0.86 | F:mu sigma m M 160.7 133.7 31.0 609.0 | H 1.091 | V 0.010 | pL -0.006 | vL 0.001 | delta 0.013
U 384 | F 786432 | FPS 0028 | D 26924 | rR:mu sigma m M 0.03 0.13 0.00 0.56 | F:mu sigma m M 179.1 121.6 49.0 444.0 | H 1.092 | V 0.009 | pL -0.003 | vL 0.001 | delta 0.011
U 385 | F 788480 | FPS 0031 | D 26990 | rR:mu sigma m M 0.03 0.13 0.00 0.56 | F:mu sigma m M 171.9 125.0 27.0 444.0 | H 1.097 | V 0.005 | pL 0.002 | vL 0.000 | delta 0.002
U 386 | F 790528 | FPS 0030 | D 27059 | rR:mu sigma m M 0.00 0.00 0.00 0.00 | F:mu sigma m M 157.0 114.5 27.0 417.0 | H 1.098 | V 0.004 | pL 0.001 | vL 0.000 | delta 0.001
U 387 | F 792576 | FPS 0029 | D 27130 | rR:mu sigma m M 0.05 0.20 0.00 0.84 | F:mu sigma m M 260.7 178.7 38.0 613.0 | H 1.094 | V 0.013 | pL -0.006 | vL 0.001 | delta 0.008
U 388 | F 794624 | FPS 0029 | D 27201 | rR:mu sigma m M 0.05 0.20 0.00 0.84 | F:mu sigma m M 199.0 172.4 24.0 613.0 | H 1.090 | V 0.016 | pL 0.001 | vL 0.000 | delta 0.007
U 389 | F 796672 | FPS 0026 | D 27281 | rR:mu sigma m M 0.10 0.26 0.00 0.80 | F:mu sigma m M 121.4 73.5 24.0 239.0 | H 1.088 | V 0.025 | pL -0.007 | vL 0.001 | delta 0.011
U 390 | F 798720 | FPS 0032 | D 27344 | rR:mu sigma m M 0.05 0.19 0.00 0.77 | F:mu sigma m M 152.2 147.0 19.0 649.0 | H 1.091 | V 0.013 | pL 0.003 | vL 0.000 | delta 0.006
U 391 | F 800768 | FPS 0033 | D 27407 | rR:mu sigma m M 0.05 0.18 0.00 0.74 | F:mu sigma m M 265.0 228.1 19.0 866.0 | H 1.082 | V 0.020 | pL -0.004 | vL 0.001 | delta 0.015
U 392 | F 802816 | FPS 0031 | D 27472 | rR:mu sigma m M 0.14 0.31 0.00 0.91 | F:mu sigma m M 132.1 101.1 14.0 380.0 | H 1.062 | V 0.059 | pL -0.015 | vL 0.002 | delta 0.027
U 393 | F 804864 | FPS 0032 | D 27535 | rR:mu sigma m M 0.25 0.38 0.00 0.95 | F:mu sigma m M 148.9 116.5 13.0 442.0 | H 1.053 | V 0.067 | pL -0.007 | vL 0.003 | delta 0.037
U 394 | F 806912 | FPS 0036 | D 27591 | rR:mu sigma m M 0.10 0.28 0.00 0.91 | F:mu sigma m M 142.4 99.3 22.0 431.0 | H 1.060 | V 0.055 | pL -0.019 | vL 0.004 | delta 0.036
U 395 | F 808960 | FPS 0035 | D 27650 | rR:mu sigma m M 0.33 0.43 0.00 0.95 | F:mu sigma m M 115.0 71.6 16.0 318.0 | H 1.014 | V 0.127 | pL -0.021 | vL 0.007 | delta 0.052
U 396 | F 811008 | FPS 0043 | D 27698 | rR:mu sigma m M 0.42 0.43 0.00 0.94 | F:mu sigma m M 137.2 119.7 24.0 517.0 | H 0.982 | V 0.170 | pL -0.016 | vL 0.010 | delta 0.054
U 397 | F 813056 | FPS 0043 | D 27746 | rR:mu sigma m M 0.38 0.44 0.00 0.93 | F:mu sigma m M 129.9 92.4 35.0 363.0 | H 0.962 | V 0.228 | pL -0.029 | vL 0.008 | delta 0.053
U 398 | F 815104 | FPS 0048 | D 27788 | rR:mu sigma m M 0.67 0.38 0.00 0.95 | F:mu sigma m M 115.5 81.3 29.0 438.0 | H 0.902 | V 0.283 | pL -0.050 | vL 0.010 | delta 0.062
U 399 | F 817152 | FPS 0053 | D 27827 | rR:mu sigma m M 0.66 0.42 0.00 0.95 | F:mu sigma m M 79.8 32.8 29.0 172.0 | H 0.847 | V 0.371 | pL -0.060 | vL 0.010 | delta 0.065
U 400 | F 819200 | FPS 0056 | D 27863 | rR:mu sigma m M 0.87 0.24 0.00 0.96 | F:mu sigma m M 65.7 29.0 35.0 189.0 | H 0.779 | V 0.454 | pL -0.083 | vL 0.009 | delta 0.059
U 401 | F 821248 | FPS 0058 | D 27899 | rR:mu sigma m M 0.92 0.05 0.71 0.97 | F:mu sigma m M 77.3 47.6 30.0 285.0 | H 0.763 | V 0.508 | pL -0.064 | vL 0.009 | delta 0.076
agent reach optimality, start collecting trajectories
agent successfully collected 10 trajectories
pickling optimal trajectories
Model successfully saved
/home/rdali/.local/easybuild/software/2017/Core/miniconda3/4.3.27/envs/observe/lib/python3.6/site-packages/torch/nn/functional.py:1906: UserWarning: reduction: 'mean' divides the total loss by both the batch size and the support size.'batchmean' divides only by the batch size, and aligns with the KL div math definition.'mean' will be changed to behave the same as 'batchmean' in the next major release.
  warnings.warn("reduction: 'mean' divides the total loss by both the batch size and the support size."
