The following modules were not unloaded:
  (Use "module --force purge" to unload all):

  1) StdEnv/2018.3     4) gcccore/.7.3.0      7) intel/2018.3
  2) nixpkgs/16.09     5) icc/.2018.3.222     8) openmpi/3.1.2
  3) imkl/2018.3.222   6) ifort/.2018.3.222

Due to MODULEPATH changes, the following have been reloaded:
  1) openmpi/3.1.2

Attention: While Conda works well in a desktop environment, it tends to create more problems than it solves on a cluster. Instead, we recommend that users use virtual environments and the binary packages that we provide through Python wheels as documented on the Python page.
/home/rdali/RL/watch_and_learn/dependency/rl-starter-files/scripts/train_agent_multidem.py --env MiniGrid-LavaCrossingAddictO8S15-v0 --algo ppo --nameDemonstrator LavaCrossing1508Addict1,LavaCrossing1508Addict2,LavaCrossing1508Addict3,LavaCrossing1508Addict4,LavaCrossing1508Addict10,LavaCrossing1508Addict11,LavaCrossing1508Addict12,LavaCrossing1508Addict13 --flat-model 0 --KLweight 0.01 --useKL 1 --meanReward 0.80 --rewardLB 0.70 --seed 7914

Namespace(KLweight=0.01, algo='ppo', batch_size=256, clip_eps=0.2, discount=0.99, entropy_coef=0.01, env='MiniGrid-LavaCrossingAddictO8S15-v0', epochs=4, flat_model=0, frames=10000000, frames_per_proc=None, full_obs=0, gae_lambda=0.95, log_interval=1, lr=0.0007, max_grad_norm=0.5, meanReward=0.8, mem=False, model=None, nameDemonstrator='LavaCrossing1508Addict1,LavaCrossing1508Addict2,LavaCrossing1508Addict3,LavaCrossing1508Addict4,LavaCrossing1508Addict10,LavaCrossing1508Addict11,LavaCrossing1508Addict12,LavaCrossing1508Addict13', optim_alpha=0.99, optim_eps=1e-05, procs=16, recurrence=1, rewardLB=0.7, save_interval=0, seed=7914, tb=False, text=False, useKL=1, value_loss_coef=0.5)

Flat model successfully created

ACModel(
  (image_conv): Sequential(
    (0): Conv2d(3, 32, kernel_size=(2, 2), stride=(1, 1))
    (1): ReLU()
    (2): MaxPool2d(kernel_size=(2, 2), stride=(2, 2), padding=0, dilation=1, ceil_mode=False)
    (3): Conv2d(32, 64, kernel_size=(2, 2), stride=(1, 1))
    (4): ReLU()
    (5): Conv2d(64, 64, kernel_size=(2, 2), stride=(1, 1))
    (6): ReLU()
  )
  (actor): Sequential(
    (0): Linear(in_features=1600, out_features=64, bias=True)
    (1): Tanh()
    (2): Linear(in_features=64, out_features=3, bias=True)
  )
  (critic): Sequential(
    (0): Linear(in_features=1600, out_features=64, bias=True)
    (1): Tanh()
    (2): Linear(in_features=64, out_features=1, bias=True)
  )
)

CUDA available: False

1
True
0.01
Using TensorFlow backend.
OMP: Info #212: KMP_AFFINITY: decoding x2APIC ids.
OMP: Info #210: KMP_AFFINITY: Affinity capable, using global cpuid leaf 11 info
OMP: Info #154: KMP_AFFINITY: Initial OS proc set respected: 11,13,15,17,19
OMP: Info #156: KMP_AFFINITY: 5 available OS procs
OMP: Info #157: KMP_AFFINITY: Uniform topology
OMP: Info #179: KMP_AFFINITY: 1 packages x 5 cores/pkg x 1 threads/core (5 total cores)
OMP: Info #214: KMP_AFFINITY: OS proc to physical thread map:
OMP: Info #171: KMP_AFFINITY: OS proc 13 maps to package 1 core 8 
OMP: Info #171: KMP_AFFINITY: OS proc 17 maps to package 1 core 9 
OMP: Info #171: KMP_AFFINITY: OS proc 19 maps to package 1 core 10 
OMP: Info #171: KMP_AFFINITY: OS proc 15 maps to package 1 core 11 
OMP: Info #171: KMP_AFFINITY: OS proc 11 maps to package 1 core 12 
OMP: Info #250: KMP_AFFINITY: pid 10371 tid 10371 thread 0 bound to OS proc set 13
OMP: Info #250: KMP_AFFINITY: pid 10371 tid 10553 thread 3 bound to OS proc set 15
OMP: Info #250: KMP_AFFINITY: pid 10371 tid 10552 thread 2 bound to OS proc set 19
OMP: Info #250: KMP_AFFINITY: pid 10371 tid 10551 thread 1 bound to OS proc set 17
OMP: Info #250: KMP_AFFINITY: pid 10371 tid 10555 thread 4 bound to OS proc set 11
OMP: Info #250: KMP_AFFINITY: pid 10371 tid 10677 thread 5 bound to OS proc set 13
OMP: Info #250: KMP_AFFINITY: pid 10371 tid 10676 thread 6 bound to OS proc set 17
OMP: Info #250: KMP_AFFINITY: pid 10371 tid 10695 thread 7 bound to OS proc set 19
OMP: Info #250: KMP_AFFINITY: pid 10371 tid 10696 thread 8 bound to OS proc set 15
OMP: Info #250: KMP_AFFINITY: pid 10371 tid 10697 thread 9 bound to OS proc set 11
OMP: Info #250: KMP_AFFINITY: pid 10371 tid 10698 thread 10 bound to OS proc set 13
OMP: Info #250: KMP_AFFINITY: pid 10371 tid 10757 thread 11 bound to OS proc set 17
OMP: Info #250: KMP_AFFINITY: pid 10371 tid 10758 thread 12 bound to OS proc set 19
OMP: Info #250: KMP_AFFINITY: pid 10371 tid 10759 thread 13 bound to OS proc set 15
OMP: Info #250: KMP_AFFINITY: pid 10371 tid 10760 thread 14 bound to OS proc set 11
OMP: Info #250: KMP_AFFINITY: pid 10371 tid 10761 thread 15 bound to OS proc set 13
U 1 | F 002048 | FPS 0026 | D 78 | rR:mu sigma m M 0.00 0.00 0.00 0.00 | F:mu sigma m M 28.9 39.6 0.0 127.0 | H 1.098 | V 0.051 | pL 0.015 | vL 0.000 | delta 0.054
U 2 | F 004096 | FPS 0025 | D 161 | rR:mu sigma m M 0.00 0.00 0.00 0.00 | F:mu sigma m M 104.6 64.5 17.0 237.0 | H 1.093 | V 0.062 | pL 0.016 | vL 0.000 | delta 0.012
U 3 | F 006144 | FPS 0023 | D 249 | rR:mu sigma m M 0.00 0.00 0.00 0.00 | F:mu sigma m M 166.0 94.0 45.0 347.0 | H 1.093 | V 0.045 | pL 0.012 | vL 0.000 | delta 0.006
U 4 | F 008192 | FPS 0029 | D 320 | rR:mu sigma m M 0.00 0.00 0.00 0.00 | F:mu sigma m M 209.5 109.4 22.0 394.0 | H 1.095 | V 0.037 | pL 0.010 | vL 0.000 | delta 0.005
U 5 | F 010240 | FPS 0026 | D 398 | rR:mu sigma m M 0.00 0.00 0.00 0.00 | F:mu sigma m M 178.0 101.1 22.0 394.0 | H 1.097 | V 0.032 | pL 0.008 | vL 0.000 | delta 0.005
U 6 | F 012288 | FPS 0028 | D 472 | rR:mu sigma m M 0.00 0.00 0.00 0.00 | F:mu sigma m M 176.7 177.9 15.0 711.0 | H 1.096 | V 0.024 | pL 0.007 | vL 0.000 | delta 0.004
U 7 | F 014336 | FPS 0025 | D 555 | rR:mu sigma m M 0.00 0.00 0.00 0.00 | F:mu sigma m M 246.4 243.2 15.0 795.0 | H 1.099 | V 0.019 | pL 0.004 | vL 0.000 | delta 0.003
U 8 | F 016384 | FPS 0032 | D 619 | rR:mu sigma m M 0.00 0.00 0.00 0.00 | F:mu sigma m M 280.0 253.4 41.0 900.0 | H 1.098 | V 0.014 | pL 0.004 | vL 0.000 | delta 0.001
U 9 | F 018432 | FPS 0024 | D 706 | rR:mu sigma m M 0.00 0.00 0.00 0.00 | F:mu sigma m M 253.8 178.9 41.0 755.0 | H 1.098 | V 0.011 | pL 0.003 | vL 0.000 | delta 0.002
U 10 | F 020480 | FPS 0031 | D 772 | rR:mu sigma m M 0.00 0.00 0.00 0.00 | F:mu sigma m M 226.6 200.5 28.0 881.0 | H 1.098 | V 0.007 | pL 0.003 | vL 0.000 | delta 0.001
U 11 | F 022528 | FPS 0028 | D 846 | rR:mu sigma m M 0.00 0.00 0.00 0.00 | F:mu sigma m M 142.9 121.5 36.0 449.0 | H 1.098 | V 0.006 | pL 0.002 | vL 0.000 | delta 0.001
U 12 | F 024576 | FPS 0029 | D 918 | rR:mu sigma m M 0.00 0.00 0.00 0.00 | F:mu sigma m M 131.6 110.3 14.0 449.0 | H 1.099 | V 0.005 | pL 0.001 | vL 0.000 | delta 0.001
U 13 | F 026624 | FPS 0028 | D 990 | rR:mu sigma m M 0.00 0.00 0.00 0.00 | F:mu sigma m M 159.2 120.6 14.0 417.0 | H 1.099 | V 0.004 | pL 0.001 | vL 0.000 | delta 0.001
U 14 | F 028672 | FPS 0028 | D 1062 | rR:mu sigma m M 0.00 0.00 0.00 0.00 | F:mu sigma m M 193.7 111.7 39.0 437.0 | H 1.099 | V 0.003 | pL 0.001 | vL 0.000 | delta 0.001
U 15 | F 030720 | FPS 0032 | D 1127 | rR:mu sigma m M 0.00 0.00 0.00 0.00 | F:mu sigma m M 192.7 163.8 16.0 667.0 | H 1.099 | V 0.003 | pL 0.001 | vL 0.000 | delta 0.000
U 16 | F 032768 | FPS 0028 | D 1199 | rR:mu sigma m M 0.00 0.00 0.00 0.00 | F:mu sigma m M 219.3 160.8 16.0 721.0 | H 1.098 | V 0.002 | pL 0.001 | vL 0.000 | delta 0.000
U 17 | F 034816 | FPS 0030 | D 1266 | rR:mu sigma m M 0.03 0.14 0.00 0.63 | F:mu sigma m M 146.1 151.7 19.0 542.0 | H 1.090 | V 0.008 | pL -0.004 | vL 0.001 | delta 0.015
U 18 | F 036864 | FPS 0033 | D 1328 | rR:mu sigma m M 0.00 0.00 0.00 0.00 | F:mu sigma m M 137.9 195.4 20.0 887.0 | H 1.098 | V -0.000 | pL 0.000 | vL 0.000 | delta 0.003
U 19 | F 038912 | FPS 0029 | D 1399 | rR:mu sigma m M 0.00 0.00 0.00 0.00 | F:mu sigma m M 121.8 82.0 13.0 306.0 | H 1.099 | V -0.000 | pL -0.000 | vL 0.000 | delta 0.001
U 20 | F 040960 | FPS 0027 | D 1476 | rR:mu sigma m M 0.00 0.00 0.00 0.00 | F:mu sigma m M 121.4 54.7 41.0 215.0 | H 1.099 | V -0.000 | pL -0.000 | vL 0.000 | delta 0.001
U 21 | F 043008 | FPS 0030 | D 1544 | rR:mu sigma m M 0.00 0.00 0.00 0.00 | F:mu sigma m M 135.9 113.7 26.0 503.0 | H 1.099 | V 0.000 | pL -0.000 | vL 0.000 | delta 0.001
U 22 | F 045056 | FPS 0027 | D 1619 | rR:mu sigma m M 0.00 0.00 0.00 0.00 | F:mu sigma m M 217.3 152.8 37.0 503.0 | H 1.099 | V -0.000 | pL -0.000 | vL 0.000 | delta 0.001
U 23 | F 047104 | FPS 0025 | D 1701 | rR:mu sigma m M 0.00 0.00 0.00 0.00 | F:mu sigma m M 180.9 139.8 25.0 514.0 | H 1.099 | V -0.000 | pL -0.000 | vL 0.000 | delta 0.001
U 24 | F 049152 | FPS 0030 | D 1770 | rR:mu sigma m M 0.00 0.00 0.00 0.00 | F:mu sigma m M 162.9 71.7 34.0 326.0 | H 1.099 | V 0.000 | pL 0.000 | vL 0.000 | delta 0.001
U 25 | F 051200 | FPS 0030 | D 1838 | rR:mu sigma m M 0.00 0.00 0.00 0.00 | F:mu sigma m M 131.2 68.7 26.0 258.0 | H 1.098 | V 0.000 | pL -0.001 | vL 0.000 | delta 0.001
U 26 | F 053248 | FPS 0031 | D 1903 | rR:mu sigma m M 0.00 0.00 0.00 0.00 | F:mu sigma m M 135.5 98.2 32.0 478.0 | H 1.098 | V 0.001 | pL 0.001 | vL 0.000 | delta 0.001
U 27 | F 055296 | FPS 0033 | D 1965 | rR:mu sigma m M 0.05 0.17 0.00 0.72 | F:mu sigma m M 115.5 74.6 32.0 279.0 | H 1.098 | V 0.006 | pL -0.006 | vL 0.001 | delta 0.017
U 28 | F 057344 | FPS 0031 | D 2030 | rR:mu sigma m M 0.05 0.17 0.00 0.72 | F:mu sigma m M 151.8 111.6 22.0 357.0 | H 1.098 | V 0.010 | pL 0.003 | vL 0.000 | delta 0.004
U 29 | F 059392 | FPS 0026 | D 2109 | rR:mu sigma m M 0.00 0.00 0.00 0.00 | F:mu sigma m M 195.2 146.8 32.0 584.0 | H 1.098 | V 0.009 | pL 0.002 | vL 0.000 | delta 0.002
U 30 | F 061440 | FPS 0032 | D 2173 | rR:mu sigma m M 0.05 0.18 0.00 0.76 | F:mu sigma m M 167.0 121.8 27.0 456.0 | H 1.098 | V 0.019 | pL -0.003 | vL 0.001 | delta 0.025
U 31 | F 063488 | FPS 0029 | D 2243 | rR:mu sigma m M 0.00 0.00 0.00 0.00 | F:mu sigma m M 214.6 191.7 34.0 693.0 | H 1.097 | V 0.013 | pL 0.005 | vL 0.000 | delta 0.011
U 32 | F 065536 | FPS 0031 | D 2309 | rR:mu sigma m M 0.00 0.00 0.00 0.00 | F:mu sigma m M 189.9 185.9 23.0 693.0 | H 1.098 | V 0.011 | pL 0.003 | vL 0.000 | delta 0.003
U 33 | F 067584 | FPS 0028 | D 2383 | rR:mu sigma m M 0.00 0.00 0.00 0.00 | F:mu sigma m M 147.2 120.9 21.0 417.0 | H 1.098 | V 0.009 | pL 0.003 | vL 0.000 | delta 0.002
U 34 | F 069632 | FPS 0029 | D 2453 | rR:mu sigma m M 0.00 0.00 0.00 0.00 | F:mu sigma m M 158.4 121.0 21.0 430.0 | H 1.098 | V 0.006 | pL 0.002 | vL 0.000 | delta 0.001
U 35 | F 071680 | FPS 0027 | D 2529 | rR:mu sigma m M 0.00 0.00 0.00 0.00 | F:mu sigma m M 165.3 126.3 50.0 477.0 | H 1.098 | V 0.005 | pL 0.001 | vL 0.000 | delta 0.001
U 36 | F 073728 | FPS 0028 | D 2603 | rR:mu sigma m M 0.00 0.00 0.00 0.00 | F:mu sigma m M 229.3 152.5 50.0 572.0 | H 1.099 | V 0.004 | pL 0.001 | vL 0.000 | delta 0.001
U 37 | F 075776 | FPS 0029 | D 2674 | rR:mu sigma m M 0.00 0.00 0.00 0.00 | F:mu sigma m M 118.0 125.5 27.0 559.0 | H 1.099 | V 0.004 | pL 0.001 | vL 0.000 | delta 0.001
U 38 | F 077824 | FPS 0030 | D 2743 | rR:mu sigma m M 0.00 0.00 0.00 0.00 | F:mu sigma m M 147.9 102.7 18.0 380.0 | H 1.099 | V 0.004 | pL 0.001 | vL 0.000 | delta 0.002
U 39 | F 079872 | FPS 0027 | D 2820 | rR:mu sigma m M 0.00 0.00 0.00 0.00 | F:mu sigma m M 173.6 140.9 29.0 540.0 | H 1.099 | V 0.001 | pL 0.000 | vL 0.000 | delta 0.001
U 40 | F 081920 | FPS 0029 | D 2891 | rR:mu sigma m M 0.00 0.00 0.00 0.00 | F:mu sigma m M 123.2 82.2 33.0 308.0 | H 1.099 | V 0.001 | pL 0.000 | vL 0.000 | delta 0.000
U 41 | F 083968 | FPS 0029 | D 2960 | rR:mu sigma m M 0.00 0.00 0.00 0.00 | F:mu sigma m M 104.6 65.5 28.0 282.0 | H 1.099 | V 0.001 | pL 0.000 | vL 0.000 | delta 0.000
U 42 | F 086016 | FPS 0032 | D 3025 | rR:mu sigma m M 0.00 0.00 0.00 0.00 | F:mu sigma m M 130.8 101.0 10.0 323.0 | H 1.099 | V 0.001 | pL 0.000 | vL 0.000 | delta 0.000
U 43 | F 088064 | FPS 0028 | D 3097 | rR:mu sigma m M 0.00 0.00 0.00 0.00 | F:mu sigma m M 174.8 149.1 10.0 504.0 | H 1.099 | V 0.000 | pL 0.000 | vL 0.000 | delta 0.000
U 44 | F 090112 | FPS 0034 | D 3157 | rR:mu sigma m M 0.00 0.00 0.00 0.00 | F:mu sigma m M 214.2 176.6 10.0 586.0 | H 1.099 | V 0.002 | pL 0.000 | vL 0.000 | delta 0.001
U 45 | F 092160 | FPS 0028 | D 3232 | rR:mu sigma m M 0.00 0.00 0.00 0.00 | F:mu sigma m M 214.9 147.3 25.0 547.0 | H 1.099 | V 0.001 | pL 0.000 | vL 0.000 | delta 0.000
U 46 | F 094208 | FPS 0028 | D 3305 | rR:mu sigma m M 0.00 0.00 0.00 0.00 | F:mu sigma m M 165.2 141.9 30.0 547.0 | H 1.099 | V 0.001 | pL 0.000 | vL 0.000 | delta 0.000
U 47 | F 096256 | FPS 0029 | D 3375 | rR:mu sigma m M 0.00 0.00 0.00 0.00 | F:mu sigma m M 161.4 135.1 19.0 522.0 | H 1.099 | V 0.000 | pL 0.000 | vL 0.000 | delta 0.000
U 48 | F 098304 | FPS 0032 | D 3439 | rR:mu sigma m M 0.00 0.00 0.00 0.00 | F:mu sigma m M 148.4 121.4 35.0 457.0 | H 1.099 | V 0.000 | pL 0.000 | vL 0.000 | delta 0.000
U 49 | F 100352 | FPS 0028 | D 3512 | rR:mu sigma m M 0.00 0.00 0.00 0.00 | F:mu sigma m M 159.9 136.8 68.0 547.0 | H 1.099 | V 0.000 | pL 0.000 | vL 0.000 | delta 0.000
U 50 | F 102400 | FPS 0026 | D 3590 | rR:mu sigma m M 0.00 0.00 0.00 0.00 | F:mu sigma m M 130.2 116.0 17.0 428.0 | H 1.099 | V 0.000 | pL 0.000 | vL 0.000 | delta 0.000
U 51 | F 104448 | FPS 0031 | D 3657 | rR:mu sigma m M 0.00 0.00 0.00 0.00 | F:mu sigma m M 213.4 214.7 26.0 790.0 | H 1.099 | V 0.000 | pL 0.000 | vL 0.000 | delta 0.000
U 52 | F 106496 | FPS 0029 | D 3727 | rR:mu sigma m M 0.00 0.00 0.00 0.00 | F:mu sigma m M 165.6 148.2 33.0 627.0 | H 1.099 | V 0.000 | pL 0.000 | vL 0.000 | delta 0.000
U 53 | F 108544 | FPS 0029 | D 3798 | rR:mu sigma m M 0.00 0.00 0.00 0.00 | F:mu sigma m M 132.5 98.8 24.0 324.0 | H 1.099 | V 0.001 | pL 0.000 | vL 0.000 | delta 0.001
U 54 | F 110592 | FPS 0030 | D 3867 | rR:mu sigma m M 0.05 0.19 0.00 0.79 | F:mu sigma m M 190.6 107.4 69.0 454.0 | H 1.096 | V -0.000 | pL -0.005 | vL 0.001 | delta 0.047
U 55 | F 112640 | FPS 0029 | D 3937 | rR:mu sigma m M 0.00 0.00 0.00 0.00 | F:mu sigma m M 119.2 93.2 16.0 385.0 | H 1.098 | V 0.052 | pL 0.015 | vL 0.000 | delta 0.005
U 56 | F 114688 | FPS 0025 | D 4020 | rR:mu sigma m M 0.00 0.00 0.00 0.00 | F:mu sigma m M 140.6 103.5 16.0 344.0 | H 1.096 | V 0.041 | pL 0.011 | vL 0.000 | delta 0.004
U 57 | F 116736 | FPS 0025 | D 4103 | rR:mu sigma m M 0.00 0.00 0.00 0.00 | F:mu sigma m M 173.6 100.4 49.0 355.0 | H 1.098 | V 0.030 | pL 0.009 | vL 0.000 | delta 0.002
U 58 | F 118784 | FPS 0029 | D 4173 | rR:mu sigma m M 0.00 0.00 0.00 0.00 | F:mu sigma m M 175.1 132.4 22.0 483.0 | H 1.098 | V 0.023 | pL 0.007 | vL 0.000 | delta 0.001
U 59 | F 120832 | FPS 0027 | D 4249 | rR:mu sigma m M 0.00 0.00 0.00 0.00 | F:mu sigma m M 170.1 107.2 22.0 439.0 | H 1.098 | V 0.017 | pL 0.005 | vL 0.000 | delta 0.001
U 60 | F 122880 | FPS 0032 | D 4313 | rR:mu sigma m M 0.00 0.00 0.00 0.00 | F:mu sigma m M 189.4 172.0 19.0 732.0 | H 1.099 | V 0.015 | pL 0.004 | vL 0.000 | delta 0.001
U 61 | F 124928 | FPS 0029 | D 4385 | rR:mu sigma m M 0.00 0.00 0.00 0.00 | F:mu sigma m M 156.8 115.2 17.0 411.0 | H 1.099 | V 0.011 | pL 0.004 | vL 0.000 | delta 0.001
U 62 | F 126976 | FPS 0025 | D 4465 | rR:mu sigma m M 0.00 0.00 0.00 0.00 | F:mu sigma m M 149.8 108.2 19.0 411.0 | H 1.099 | V 0.007 | pL 0.002 | vL 0.000 | delta 0.001
U 63 | F 129024 | FPS 0028 | D 4538 | rR:mu sigma m M 0.00 0.00 0.00 0.00 | F:mu sigma m M 198.5 172.6 29.0 574.0 | H 1.098 | V 0.005 | pL 0.002 | vL 0.000 | delta 0.000
U 64 | F 131072 | FPS 0027 | D 4614 | rR:mu sigma m M 0.00 0.00 0.00 0.00 | F:mu sigma m M 135.7 111.9 21.0 416.0 | H 1.098 | V 0.005 | pL 0.001 | vL 0.000 | delta 0.001
U 65 | F 133120 | FPS 0031 | D 4682 | rR:mu sigma m M 0.00 0.00 0.00 0.00 | F:mu sigma m M 140.0 136.3 10.0 494.0 | H 1.099 | V 0.003 | pL 0.001 | vL 0.000 | delta 0.000
U 66 | F 135168 | FPS 0027 | D 4757 | rR:mu sigma m M 0.00 0.00 0.00 0.00 | F:mu sigma m M 147.8 87.0 41.0 363.0 | H 1.099 | V 0.002 | pL 0.001 | vL 0.000 | delta 0.000
U 67 | F 137216 | FPS 0031 | D 4823 | rR:mu sigma m M 0.00 0.00 0.00 0.00 | F:mu sigma m M 190.4 141.1 41.0 549.0 | H 1.099 | V 0.002 | pL 0.000 | vL 0.000 | delta 0.000
U 68 | F 139264 | FPS 0028 | D 4896 | rR:mu sigma m M 0.00 0.00 0.00 0.00 | F:mu sigma m M 150.6 95.3 20.0 341.0 | H 1.099 | V 0.001 | pL 0.000 | vL 0.000 | delta 0.000
U 69 | F 141312 | FPS 0030 | D 4964 | rR:mu sigma m M 0.00 0.00 0.00 0.00 | F:mu sigma m M 128.3 92.7 26.0 356.0 | H 1.099 | V 0.001 | pL 0.000 | vL 0.000 | delta 0.000
U 70 | F 143360 | FPS 0030 | D 5032 | rR:mu sigma m M 0.00 0.00 0.00 0.00 | F:mu sigma m M 114.1 62.0 25.0 266.0 | H 1.099 | V 0.000 | pL 0.000 | vL 0.000 | delta 0.000
U 71 | F 145408 | FPS 0031 | D 5098 | rR:mu sigma m M 0.00 0.00 0.00 0.00 | F:mu sigma m M 152.0 87.2 12.0 298.0 | H 1.099 | V 0.000 | pL 0.000 | vL 0.000 | delta 0.000
U 72 | F 147456 | FPS 0027 | D 5174 | rR:mu sigma m M 0.03 0.13 0.00 0.54 | F:mu sigma m M 139.2 110.6 28.0 465.0 | H 1.097 | V 0.004 | pL -0.004 | vL 0.000 | delta 0.005
U 73 | F 149504 | FPS 0026 | D 5253 | rR:mu sigma m M 0.03 0.13 0.00 0.54 | F:mu sigma m M 147.4 107.2 23.0 465.0 | H 1.098 | V -0.000 | pL 0.000 | vL 0.000 | delta 0.003
U 74 | F 151552 | FPS 0029 | D 5325 | rR:mu sigma m M 0.00 0.00 0.00 0.00 | F:mu sigma m M 154.6 105.1 23.0 410.0 | H 1.099 | V 0.002 | pL 0.000 | vL 0.000 | delta 0.001
U 75 | F 153600 | FPS 0030 | D 5393 | rR:mu sigma m M 0.00 0.00 0.00 0.00 | F:mu sigma m M 274.5 172.6 70.0 712.0 | H 1.098 | V 0.002 | pL 0.000 | vL 0.000 | delta 0.000
U 76 | F 155648 | FPS 0029 | D 5463 | rR:mu sigma m M 0.00 0.00 0.00 0.00 | F:mu sigma m M 225.4 174.3 63.0 712.0 | H 1.099 | V 0.002 | pL 0.001 | vL 0.000 | delta 0.000
U 77 | F 157696 | FPS 0030 | D 5532 | rR:mu sigma m M 0.00 0.00 0.00 0.00 | F:mu sigma m M 137.8 112.2 11.0 343.0 | H 1.099 | V 0.001 | pL 0.000 | vL 0.000 | delta 0.001
U 78 | F 159744 | FPS 0029 | D 5602 | rR:mu sigma m M 0.00 0.00 0.00 0.00 | F:mu sigma m M 165.8 124.5 13.0 446.0 | H 1.099 | V 0.001 | pL 0.000 | vL 0.000 | delta 0.000
U 79 | F 161792 | FPS 0032 | D 5666 | rR:mu sigma m M 0.00 0.00 0.00 0.00 | F:mu sigma m M 149.5 99.2 13.0 419.0 | H 1.097 | V 0.004 | pL -0.001 | vL 0.000 | delta 0.002
U 80 | F 163840 | FPS 0031 | D 5732 | rR:mu sigma m M 0.05 0.18 0.00 0.76 | F:mu sigma m M 165.4 105.0 34.0 407.0 | H 1.097 | V 0.009 | pL -0.005 | vL 0.001 | delta 0.011
U 81 | F 165888 | FPS 0032 | D 5796 | rR:mu sigma m M 0.00 0.00 0.00 0.00 | F:mu sigma m M 153.1 114.2 31.0 495.0 | H 1.098 | V 0.003 | pL 0.001 | vL 0.000 | delta 0.002
U 82 | F 167936 | FPS 0032 | D 5861 | rR:mu sigma m M 0.00 0.00 0.00 0.00 | F:mu sigma m M 162.0 131.1 31.0 495.0 | H 1.098 | V 0.006 | pL 0.001 | vL 0.000 | delta 0.007
U 83 | F 169984 | FPS 0030 | D 5929 | rR:mu sigma m M 0.00 0.00 0.00 0.00 | F:mu sigma m M 146.4 104.5 35.0 345.0 | H 1.099 | V 0.003 | pL 0.001 | vL 0.000 | delta 0.001
U 84 | F 172032 | FPS 0029 | D 6000 | rR:mu sigma m M 0.00 0.00 0.00 0.00 | F:mu sigma m M 225.2 165.7 39.0 642.0 | H 1.099 | V 0.004 | pL 0.001 | vL 0.000 | delta 0.001
U 85 | F 174080 | FPS 0028 | D 6073 | rR:mu sigma m M 0.00 0.00 0.00 0.00 | F:mu sigma m M 223.7 191.3 17.0 642.0 | H 1.099 | V 0.004 | pL 0.001 | vL 0.000 | delta 0.001
U 86 | F 176128 | FPS 0028 | D 6147 | rR:mu sigma m M 0.03 0.11 0.00 0.46 | F:mu sigma m M 197.1 160.7 7.0 547.0 | H 1.098 | V 0.008 | pL -0.003 | vL 0.000 | delta 0.004
U 87 | F 178176 | FPS 0028 | D 6219 | rR:mu sigma m M 0.03 0.11 0.00 0.46 | F:mu sigma m M 176.6 126.6 7.0 538.0 | H 1.099 | V 0.002 | pL 0.000 | vL 0.000 | delta 0.000
U 88 | F 180224 | FPS 0027 | D 6295 | rR:mu sigma m M 0.00 0.00 0.00 0.00 | F:mu sigma m M 151.3 89.1 26.0 307.0 | H 1.099 | V 0.001 | pL 0.000 | vL 0.000 | delta 0.000
U 89 | F 182272 | FPS 0028 | D 6368 | rR:mu sigma m M 0.00 0.00 0.00 0.00 | F:mu sigma m M 215.4 200.0 34.0 850.0 | H 1.099 | V 0.001 | pL 0.000 | vL 0.000 | delta 0.000
U 90 | F 184320 | FPS 0032 | D 6432 | rR:mu sigma m M 0.00 0.00 0.00 0.00 | F:mu sigma m M 235.9 202.4 54.0 850.0 | H 1.099 | V 0.001 | pL 0.000 | vL 0.000 | delta 0.000
U 91 | F 186368 | FPS 0029 | D 6503 | rR:mu sigma m M 0.00 0.00 0.00 0.00 | F:mu sigma m M 164.7 189.5 31.0 839.0 | H 1.099 | V 0.001 | pL 0.000 | vL 0.000 | delta 0.000
U 92 | F 188416 | FPS 0031 | D 6569 | rR:mu sigma m M 0.00 0.00 0.00 0.00 | F:mu sigma m M 245.4 213.5 18.0 839.0 | H 1.099 | V 0.000 | pL 0.000 | vL 0.000 | delta 0.000
U 93 | F 190464 | FPS 0030 | D 6637 | rR:mu sigma m M 0.00 0.00 0.00 0.00 | F:mu sigma m M 181.1 139.6 18.0 532.0 | H 1.099 | V 0.000 | pL 0.000 | vL 0.000 | delta 0.000
U 94 | F 192512 | FPS 0028 | D 6711 | rR:mu sigma m M 0.00 0.00 0.00 0.00 | F:mu sigma m M 119.2 76.1 27.0 305.0 | H 1.099 | V 0.000 | pL 0.000 | vL 0.000 | delta 0.000
U 95 | F 194560 | FPS 0029 | D 6781 | rR:mu sigma m M 0.00 0.00 0.00 0.00 | F:mu sigma m M 199.9 187.9 27.0 597.0 | H 1.099 | V 0.000 | pL 0.000 | vL 0.000 | delta 0.000
U 96 | F 196608 | FPS 0026 | D 6860 | rR:mu sigma m M 0.00 0.00 0.00 0.00 | F:mu sigma m M 277.4 167.6 39.0 597.0 | H 1.099 | V 0.000 | pL 0.000 | vL 0.000 | delta 0.000
U 97 | F 198656 | FPS 0033 | D 6922 | rR:mu sigma m M 0.00 0.00 0.00 0.00 | F:mu sigma m M 238.1 131.7 82.0 530.0 | H 1.099 | V 0.001 | pL -0.000 | vL 0.000 | delta 0.001
U 98 | F 200704 | FPS 0025 | D 7004 | rR:mu sigma m M 0.03 0.10 0.00 0.40 | F:mu sigma m M 182.8 177.4 26.0 644.0 | H 1.098 | V 0.006 | pL -0.003 | vL 0.000 | delta 0.003
U 99 | F 202752 | FPS 0030 | D 7073 | rR:mu sigma m M 0.00 0.00 0.00 0.00 | F:mu sigma m M 150.2 85.7 29.0 354.0 | H 1.099 | V 0.002 | pL 0.001 | vL 0.000 | delta 0.001
U 100 | F 204800 | FPS 0033 | D 7135 | rR:mu sigma m M 0.00 0.00 0.00 0.00 | F:mu sigma m M 153.0 132.7 29.0 589.0 | H 1.099 | V 0.001 | pL -0.000 | vL 0.000 | delta 0.000
U 101 | F 206848 | FPS 0030 | D 7203 | rR:mu sigma m M 0.00 0.00 0.00 0.00 | F:mu sigma m M 174.8 88.0 45.0 342.0 | H 1.099 | V 0.001 | pL 0.000 | vL 0.000 | delta 0.000
U 102 | F 208896 | FPS 0028 | D 7276 | rR:mu sigma m M 0.00 0.00 0.00 0.00 | F:mu sigma m M 186.1 134.3 25.0 567.0 | H 1.099 | V 0.000 | pL 0.000 | vL 0.000 | delta 0.000
U 103 | F 210944 | FPS 0029 | D 7346 | rR:mu sigma m M 0.00 0.00 0.00 0.00 | F:mu sigma m M 151.8 109.4 26.0 395.0 | H 1.099 | V 0.000 | pL 0.000 | vL 0.000 | delta 0.000
U 104 | F 212992 | FPS 0027 | D 7422 | rR:mu sigma m M 0.00 0.00 0.00 0.00 | F:mu sigma m M 152.9 119.4 16.0 395.0 | H 1.099 | V 0.000 | pL 0.000 | vL 0.000 | delta 0.000
U 105 | F 215040 | FPS 0030 | D 7491 | rR:mu sigma m M 0.00 0.00 0.00 0.00 | F:mu sigma m M 167.8 103.0 20.0 357.0 | H 1.099 | V 0.000 | pL 0.000 | vL 0.000 | delta 0.000
U 106 | F 217088 | FPS 0035 | D 7551 | rR:mu sigma m M 0.00 0.00 0.00 0.00 | F:mu sigma m M 237.4 185.3 41.0 653.0 | H 1.099 | V 0.000 | pL 0.000 | vL 0.000 | delta 0.000
U 107 | F 219136 | FPS 0030 | D 7619 | rR:mu sigma m M 0.00 0.00 0.00 0.00 | F:mu sigma m M 205.8 155.9 20.0 527.0 | H 1.099 | V 0.000 | pL 0.000 | vL 0.000 | delta 0.000
U 108 | F 221184 | FPS 0029 | D 7689 | rR:mu sigma m M 0.00 0.00 0.00 0.00 | F:mu sigma m M 152.8 118.9 30.0 418.0 | H 1.099 | V 0.000 | pL 0.000 | vL 0.000 | delta 0.000
U 109 | F 223232 | FPS 0028 | D 7763 | rR:mu sigma m M 0.00 0.00 0.00 0.00 | F:mu sigma m M 166.3 93.5 30.0 375.0 | H 1.099 | V 0.001 | pL -0.000 | vL 0.000 | delta 0.001
U 110 | F 225280 | FPS 0027 | D 7838 | rR:mu sigma m M 0.00 0.00 0.00 0.00 | F:mu sigma m M 152.7 72.9 30.0 271.0 | H 1.099 | V 0.000 | pL 0.000 | vL 0.000 | delta 0.000
U 111 | F 227328 | FPS 0031 | D 7904 | rR:mu sigma m M 0.00 0.00 0.00 0.00 | F:mu sigma m M 161.0 109.4 15.0 361.0 | H 1.099 | V 0.000 | pL 0.000 | vL 0.000 | delta 0.000
U 112 | F 229376 | FPS 0031 | D 7971 | rR:mu sigma m M 0.05 0.20 0.00 0.81 | F:mu sigma m M 117.9 101.7 15.0 354.0 | H 1.098 | V 0.005 | pL -0.007 | vL 0.001 | delta 0.029
U 113 | F 231424 | FPS 0030 | D 8038 | rR:mu sigma m M 0.05 0.20 0.00 0.81 | F:mu sigma m M 190.2 166.5 15.0 600.0 | H 1.098 | V 0.005 | pL 0.000 | vL 0.000 | delta 0.004
U 114 | F 233472 | FPS 0030 | D 8107 | rR:mu sigma m M 0.00 0.00 0.00 0.00 | F:mu sigma m M 196.5 150.1 40.0 544.0 | H 1.098 | V 0.006 | pL -0.000 | vL 0.000 | delta 0.002
U 115 | F 235520 | FPS 0034 | D 8168 | rR:mu sigma m M 0.00 0.00 0.00 0.00 | F:mu sigma m M 186.2 222.6 33.0 757.0 | H 1.098 | V 0.007 | pL 0.002 | vL 0.000 | delta 0.004
U 116 | F 237568 | FPS 0033 | D 8230 | rR:mu sigma m M 0.00 0.00 0.00 0.00 | F:mu sigma m M 151.3 111.5 34.0 494.0 | H 1.099 | V 0.002 | pL 0.001 | vL 0.000 | delta 0.001
U 117 | F 239616 | FPS 0029 | D 8300 | rR:mu sigma m M 0.00 0.00 0.00 0.00 | F:mu sigma m M 158.4 115.7 43.0 494.0 | H 1.099 | V 0.002 | pL 0.000 | vL 0.000 | delta 0.000
U 118 | F 241664 | FPS 0030 | D 8369 | rR:mu sigma m M 0.00 0.00 0.00 0.00 | F:mu sigma m M 179.4 130.7 23.0 531.0 | H 1.099 | V 0.002 | pL 0.000 | vL 0.000 | delta 0.001
U 119 | F 243712 | FPS 0032 | D 8434 | rR:mu sigma m M 0.00 0.00 0.00 0.00 | F:mu sigma m M 207.4 174.1 17.0 548.0 | H 1.099 | V 0.001 | pL 0.000 | vL 0.000 | delta 0.000
U 120 | F 245760 | FPS 0031 | D 8499 | rR:mu sigma m M 0.00 0.00 0.00 0.00 | F:mu sigma m M 225.3 187.6 17.0 562.0 | H 1.099 | V 0.001 | pL 0.000 | vL 0.000 | delta 0.000
U 121 | F 247808 | FPS 0032 | D 8564 | rR:mu sigma m M 0.00 0.00 0.00 0.00 | F:mu sigma m M 321.4 203.7 17.0 682.0 | H 1.098 | V 0.004 | pL -0.001 | vL 0.000 | delta 0.003
U 122 | F 249856 | FPS 0026 | D 8642 | rR:mu sigma m M 0.04 0.15 0.00 0.61 | F:mu sigma m M 293.8 165.6 74.0 682.0 | H 1.098 | V 0.003 | pL -0.001 | vL 0.000 | delta 0.007
U 123 | F 251904 | FPS 0030 | D 8709 | rR:mu sigma m M 0.00 0.00 0.00 0.00 | F:mu sigma m M 201.9 147.9 32.0 586.0 | H 1.099 | V -0.000 | pL -0.000 | vL 0.000 | delta 0.001
U 124 | F 253952 | FPS 0032 | D 8774 | rR:mu sigma m M 0.00 0.00 0.00 0.00 | F:mu sigma m M 131.5 151.7 33.0 669.0 | H 1.096 | V 0.004 | pL 0.001 | vL 0.000 | delta 0.006
U 125 | F 256000 | FPS 0029 | D 8844 | rR:mu sigma m M 0.00 0.00 0.00 0.00 | F:mu sigma m M 167.3 163.7 11.0 627.0 | H 1.098 | V -0.000 | pL -0.000 | vL 0.000 | delta 0.001
U 126 | F 258048 | FPS 0030 | D 8912 | rR:mu sigma m M 0.00 0.00 0.00 0.00 | F:mu sigma m M 212.5 157.0 49.0 627.0 | H 1.098 | V 0.001 | pL -0.000 | vL 0.000 | delta 0.001
U 127 | F 260096 | FPS 0033 | D 8974 | rR:mu sigma m M 0.00 0.00 0.00 0.00 | F:mu sigma m M 138.2 82.6 23.0 319.0 | H 1.098 | V 0.000 | pL 0.000 | vL 0.000 | delta 0.001
U 128 | F 262144 | FPS 0027 | D 9049 | rR:mu sigma m M 0.00 0.00 0.00 0.00 | F:mu sigma m M 144.7 139.9 12.0 619.0 | H 1.099 | V -0.000 | pL -0.000 | vL 0.000 | delta 0.000
U 129 | F 264192 | FPS 0032 | D 9114 | rR:mu sigma m M 0.00 0.00 0.00 0.00 | F:mu sigma m M 158.5 129.0 25.0 553.0 | H 1.099 | V -0.000 | pL -0.000 | vL 0.000 | delta 0.000
U 130 | F 266240 | FPS 0026 | D 9192 | rR:mu sigma m M 0.00 0.00 0.00 0.00 | F:mu sigma m M 184.9 145.9 25.0 553.0 | H 1.099 | V 0.000 | pL 0.000 | vL 0.000 | delta 0.001
U 131 | F 268288 | FPS 0031 | D 9257 | rR:mu sigma m M 0.04 0.17 0.00 0.70 | F:mu sigma m M 165.6 107.1 23.0 383.0 | H 1.097 | V 0.006 | pL -0.005 | vL 0.001 | delta 0.016
U 132 | F 270336 | FPS 0031 | D 9323 | rR:mu sigma m M 0.04 0.17 0.00 0.70 | F:mu sigma m M 149.1 109.8 23.0 383.0 | H 1.099 | V 0.000 | pL 0.000 | vL 0.000 | delta 0.002
U 133 | F 272384 | FPS 0030 | D 9391 | rR:mu sigma m M 0.00 0.00 0.00 0.00 | F:mu sigma m M 191.0 157.7 42.0 715.0 | H 1.099 | V 0.002 | pL 0.000 | vL 0.000 | delta 0.001
U 134 | F 274432 | FPS 0028 | D 9464 | rR:mu sigma m M 0.00 0.00 0.00 0.00 | F:mu sigma m M 181.8 140.6 42.0 514.0 | H 1.099 | V 0.001 | pL 0.000 | vL 0.000 | delta 0.001
U 135 | F 276480 | FPS 0028 | D 9537 | rR:mu sigma m M 0.00 0.00 0.00 0.00 | F:mu sigma m M 193.3 197.5 43.0 868.0 | H 1.099 | V 0.001 | pL 0.000 | vL 0.000 | delta 0.000
U 136 | F 278528 | FPS 0031 | D 9603 | rR:mu sigma m M 0.00 0.00 0.00 0.00 | F:mu sigma m M 192.7 204.8 22.0 868.0 | H 1.099 | V 0.001 | pL 0.000 | vL 0.000 | delta 0.000
U 137 | F 280576 | FPS 0029 | D 9674 | rR:mu sigma m M 0.00 0.00 0.00 0.00 | F:mu sigma m M 199.3 162.3 22.0 574.0 | H 1.098 | V 0.002 | pL -0.000 | vL 0.000 | delta 0.002
U 138 | F 282624 | FPS 0030 | D 9742 | rR:mu sigma m M 0.04 0.15 0.00 0.61 | F:mu sigma m M 248.6 152.3 38.0 574.0 | H 1.095 | V 0.008 | pL -0.004 | vL 0.000 | delta 0.009
U 139 | F 284672 | FPS 0031 | D 9808 | rR:mu sigma m M 0.04 0.15 0.00 0.61 | F:mu sigma m M 214.9 132.0 38.0 434.0 | H 1.099 | V -0.004 | pL -0.001 | vL 0.000 | delta 0.002
U 140 | F 286720 | FPS 0029 | D 9879 | rR:mu sigma m M 0.00 0.00 0.00 0.00 | F:mu sigma m M 197.4 153.1 33.0 448.0 | H 1.099 | V -0.001 | pL -0.000 | vL 0.000 | delta 0.001
U 141 | F 288768 | FPS 0029 | D 9950 | rR:mu sigma m M 0.00 0.00 0.00 0.00 | F:mu sigma m M 231.9 190.2 33.0 614.0 | H 1.099 | V -0.001 | pL -0.001 | vL 0.000 | delta 0.000
U 142 | F 290816 | FPS 0027 | D 10025 | rR:mu sigma m M 0.00 0.00 0.00 0.00 | F:mu sigma m M 201.8 173.9 16.0 521.0 | H 1.099 | V -0.001 | pL -0.000 | vL 0.000 | delta 0.001
U 143 | F 292864 | FPS 0029 | D 10095 | rR:mu sigma m M 0.00 0.00 0.00 0.00 | F:mu sigma m M 226.0 196.7 16.0 643.0 | H 1.099 | V -0.000 | pL -0.000 | vL 0.000 | delta 0.000
U 144 | F 294912 | FPS 0028 | D 10167 | rR:mu sigma m M 0.00 0.00 0.00 0.00 | F:mu sigma m M 176.9 149.6 43.0 683.0 | H 1.099 | V 0.000 | pL -0.000 | vL 0.000 | delta 0.000
U 145 | F 296960 | FPS 0030 | D 10235 | rR:mu sigma m M 0.00 0.00 0.00 0.00 | F:mu sigma m M 168.7 132.1 31.0 500.0 | H 1.099 | V 0.000 | pL 0.000 | vL 0.000 | delta 0.000
U 146 | F 299008 | FPS 0030 | D 10304 | rR:mu sigma m M 0.00 0.00 0.00 0.00 | F:mu sigma m M 133.4 82.8 28.0 288.0 | H 1.098 | V 0.000 | pL 0.000 | vL 0.000 | delta 0.003
U 147 | F 301056 | FPS 0027 | D 10381 | rR:mu sigma m M 0.00 0.00 0.00 0.00 | F:mu sigma m M 123.1 87.0 22.0 309.0 | H 1.096 | V 0.004 | pL 0.001 | vL 0.000 | delta 0.006
U 148 | F 303104 | FPS 0027 | D 10456 | rR:mu sigma m M 0.00 0.00 0.00 0.00 | F:mu sigma m M 146.5 148.7 22.0 516.0 | H 1.099 | V -0.001 | pL -0.000 | vL 0.000 | delta 0.001
U 149 | F 305152 | FPS 0032 | D 10520 | rR:mu sigma m M 0.00 0.00 0.00 0.00 | F:mu sigma m M 195.7 174.4 31.0 721.0 | H 1.099 | V -0.000 | pL -0.000 | vL 0.000 | delta 0.000
U 150 | F 307200 | FPS 0029 | D 10591 | rR:mu sigma m M 0.00 0.00 0.00 0.00 | F:mu sigma m M 232.8 217.8 31.0 762.0 | H 1.099 | V -0.000 | pL -0.000 | vL 0.000 | delta 0.000
U 151 | F 309248 | FPS 0029 | D 10661 | rR:mu sigma m M 0.00 0.00 0.00 0.00 | F:mu sigma m M 179.1 140.8 20.0 475.0 | H 1.099 | V -0.000 | pL -0.000 | vL 0.000 | delta 0.000
U 152 | F 311296 | FPS 0029 | D 10732 | rR:mu sigma m M 0.00 0.00 0.00 0.00 | F:mu sigma m M 173.9 146.9 20.0 481.0 | H 1.099 | V -0.000 | pL -0.000 | vL 0.000 | delta 0.000
U 153 | F 313344 | FPS 0029 | D 10801 | rR:mu sigma m M 0.00 0.00 0.00 0.00 | F:mu sigma m M 125.6 106.3 26.0 442.0 | H 1.099 | V -0.000 | pL -0.000 | vL 0.000 | delta 0.000
U 154 | F 315392 | FPS 0031 | D 10868 | rR:mu sigma m M 0.00 0.00 0.00 0.00 | F:mu sigma m M 200.2 186.4 23.0 707.0 | H 1.099 | V -0.000 | pL -0.000 | vL 0.000 | delta 0.000
U 155 | F 317440 | FPS 0033 | D 10930 | rR:mu sigma m M 0.00 0.00 0.00 0.00 | F:mu sigma m M 201.2 168.5 40.0 607.0 | H 1.098 | V 0.001 | pL -0.000 | vL 0.000 | delta 0.001
U 156 | F 319488 | FPS 0029 | D 11000 | rR:mu sigma m M 0.00 0.00 0.00 0.00 | F:mu sigma m M 193.7 202.5 46.0 900.0 | H 1.099 | V -0.000 | pL -0.000 | vL 0.000 | delta 0.000
U 157 | F 321536 | FPS 0031 | D 11067 | rR:mu sigma m M 0.00 0.00 0.00 0.00 | F:mu sigma m M 127.4 78.2 11.0 323.0 | H 1.099 | V -0.000 | pL -0.000 | vL 0.000 | delta 0.000
U 158 | F 323584 | FPS 0032 | D 11131 | rR:mu sigma m M 0.00 0.00 0.00 0.00 | F:mu sigma m M 188.2 162.2 52.0 651.0 | H 1.099 | V 0.000 | pL 0.000 | vL 0.000 | delta 0.000
U 159 | F 325632 | FPS 0032 | D 11195 | rR:mu sigma m M 0.00 0.00 0.00 0.00 | F:mu sigma m M 144.6 91.9 25.0 331.0 | H 1.099 | V 0.001 | pL -0.000 | vL 0.000 | delta 0.001
U 160 | F 327680 | FPS 0031 | D 11260 | rR:mu sigma m M 0.00 0.00 0.00 0.00 | F:mu sigma m M 105.1 76.4 25.0 309.0 | H 1.099 | V 0.000 | pL 0.000 | vL 0.000 | delta 0.001
U 161 | F 329728 | FPS 0028 | D 11333 | rR:mu sigma m M 0.00 0.00 0.00 0.00 | F:mu sigma m M 136.9 121.5 32.0 507.0 | H 1.099 | V -0.000 | pL -0.000 | vL 0.000 | delta 0.000
U 162 | F 331776 | FPS 0028 | D 11406 | rR:mu sigma m M 0.00 0.00 0.00 0.00 | F:mu sigma m M 141.1 139.3 32.0 505.0 | H 1.099 | V -0.000 | pL -0.000 | vL 0.000 | delta 0.000
U 163 | F 333824 | FPS 0032 | D 11471 | rR:mu sigma m M 0.05 0.18 0.00 0.73 | F:mu sigma m M 154.6 112.5 17.0 381.0 | H 1.096 | V 0.007 | pL -0.006 | vL 0.001 | delta 0.009
U 164 | F 335872 | FPS 0031 | D 11537 | rR:mu sigma m M 0.05 0.18 0.00 0.73 | F:mu sigma m M 235.8 139.7 42.0 581.0 | H 1.097 | V 0.006 | pL 0.000 | vL 0.000 | delta 0.004
U 165 | F 337920 | FPS 0026 | D 11614 | rR:mu sigma m M 0.00 0.00 0.00 0.00 | F:mu sigma m M 256.2 193.6 55.0 900.0 | H 1.098 | V 0.005 | pL 0.001 | vL 0.000 | delta 0.005
U 166 | F 339968 | FPS 0027 | D 11691 | rR:mu sigma m M 0.00 0.00 0.00 0.00 | F:mu sigma m M 186.6 121.8 27.0 435.0 | H 1.098 | V 0.002 | pL 0.001 | vL 0.000 | delta 0.003
U 167 | F 342016 | FPS 0029 | D 11761 | rR:mu sigma m M 0.00 0.00 0.00 0.00 | F:mu sigma m M 109.8 73.4 23.0 314.0 | H 1.099 | V -0.002 | pL -0.001 | vL 0.000 | delta 0.000
U 168 | F 344064 | FPS 0032 | D 11825 | rR:mu sigma m M 0.00 0.00 0.00 0.00 | F:mu sigma m M 110.0 64.6 23.0 314.0 | H 1.099 | V -0.001 | pL -0.000 | vL 0.000 | delta 0.000
U 169 | F 346112 | FPS 0031 | D 11892 | rR:mu sigma m M 0.00 0.00 0.00 0.00 | F:mu sigma m M 201.0 134.9 48.0 544.0 | H 1.099 | V -0.001 | pL -0.000 | vL 0.000 | delta 0.001
U 170 | F 348160 | FPS 0027 | D 11966 | rR:mu sigma m M 0.00 0.00 0.00 0.00 | F:mu sigma m M 235.8 205.4 31.0 900.0 | H 1.099 | V -0.001 | pL -0.000 | vL 0.000 | delta 0.000
U 171 | F 350208 | FPS 0030 | D 12036 | rR:mu sigma m M 0.00 0.00 0.00 0.00 | F:mu sigma m M 210.4 200.9 42.0 900.0 | H 1.099 | V -0.001 | pL -0.000 | vL 0.000 | delta 0.000
U 172 | F 352256 | FPS 0030 | D 12104 | rR:mu sigma m M 0.00 0.00 0.00 0.00 | F:mu sigma m M 156.9 88.0 21.0 351.0 | H 1.099 | V -0.001 | pL -0.000 | vL 0.000 | delta 0.000
U 173 | F 354304 | FPS 0030 | D 12172 | rR:mu sigma m M 0.00 0.00 0.00 0.00 | F:mu sigma m M 143.1 117.1 21.0 389.0 | H 1.099 | V -0.001 | pL -0.000 | vL 0.000 | delta 0.000
U 174 | F 356352 | FPS 0026 | D 12251 | rR:mu sigma m M 0.00 0.00 0.00 0.00 | F:mu sigma m M 182.6 143.0 30.0 509.0 | H 1.099 | V -0.001 | pL -0.000 | vL 0.000 | delta 0.000
U 175 | F 358400 | FPS 0029 | D 12321 | rR:mu sigma m M 0.00 0.00 0.00 0.00 | F:mu sigma m M 204.2 164.7 29.0 542.0 | H 1.099 | V -0.000 | pL -0.000 | vL 0.000 | delta 0.001
U 176 | F 360448 | FPS 0028 | D 12395 | rR:mu sigma m M 0.00 0.00 0.00 0.00 | F:mu sigma m M 148.1 156.7 29.0 639.0 | H 1.099 | V 0.001 | pL -0.000 | vL 0.000 | delta 0.001
U 177 | F 362496 | FPS 0031 | D 12462 | rR:mu sigma m M 0.00 0.00 0.00 0.00 | F:mu sigma m M 196.8 163.8 17.0 639.0 | H 1.099 | V 0.001 | pL 0.001 | vL 0.000 | delta 0.001
U 178 | F 364544 | FPS 0031 | D 12528 | rR:mu sigma m M 0.00 0.00 0.00 0.00 | F:mu sigma m M 169.1 113.6 34.0 417.0 | H 1.099 | V 0.000 | pL 0.000 | vL 0.000 | delta 0.000
U 179 | F 366592 | FPS 0028 | D 12602 | rR:mu sigma m M 0.00 0.00 0.00 0.00 | F:mu sigma m M 189.4 203.3 34.0 869.0 | H 1.098 | V 0.001 | pL 0.000 | vL 0.000 | delta 0.001
U 180 | F 368640 | FPS 0029 | D 12672 | rR:mu sigma m M 0.00 0.00 0.00 0.00 | F:mu sigma m M 206.4 198.6 52.0 869.0 | H 1.098 | V 0.000 | pL -0.000 | vL 0.000 | delta 0.002
U 181 | F 370688 | FPS 0031 | D 12739 | rR:mu sigma m M 0.00 0.00 0.00 0.00 | F:mu sigma m M 191.4 131.1 20.0 531.0 | H 1.098 | V 0.001 | pL 0.001 | vL 0.000 | delta 0.003
U 182 | F 372736 | FPS 0033 | D 12801 | rR:mu sigma m M 0.00 0.00 0.00 0.00 | F:mu sigma m M 176.6 133.3 29.0 525.0 | H 1.099 | V -0.002 | pL -0.001 | vL 0.000 | delta 0.001
U 183 | F 374784 | FPS 0032 | D 12864 | rR:mu sigma m M 0.00 0.00 0.00 0.00 | F:mu sigma m M 157.1 204.6 23.0 900.0 | H 1.099 | V -0.001 | pL -0.000 | vL 0.000 | delta 0.000
U 184 | F 376832 | FPS 0027 | D 12940 | rR:mu sigma m M 0.00 0.00 0.00 0.00 | F:mu sigma m M 135.1 86.8 17.0 373.0 | H 1.099 | V -0.001 | pL -0.000 | vL 0.000 | delta 0.001
U 185 | F 378880 | FPS 0030 | D 13009 | rR:mu sigma m M 0.00 0.00 0.00 0.00 | F:mu sigma m M 135.2 103.0 17.0 380.0 | H 1.099 | V -0.001 | pL -0.000 | vL 0.000 | delta 0.000
U 186 | F 380928 | FPS 0027 | D 13084 | rR:mu sigma m M 0.00 0.00 0.00 0.00 | F:mu sigma m M 244.6 173.9 34.0 749.0 | H 1.099 | V 0.000 | pL -0.000 | vL 0.000 | delta 0.002
U 187 | F 382976 | FPS 0027 | D 13159 | rR:mu sigma m M 0.00 0.00 0.00 0.00 | F:mu sigma m M 198.6 104.2 32.0 369.0 | H 1.099 | V 0.001 | pL 0.000 | vL 0.000 | delta 0.001
U 188 | F 385024 | FPS 0030 | D 13227 | rR:mu sigma m M 0.00 0.00 0.00 0.00 | F:mu sigma m M 192.1 134.0 31.0 475.0 | H 1.099 | V 0.001 | pL 0.000 | vL 0.000 | delta 0.001
U 189 | F 387072 | FPS 0031 | D 13293 | rR:mu sigma m M 0.00 0.00 0.00 0.00 | F:mu sigma m M 198.4 131.9 29.0 475.0 | H 1.099 | V -0.000 | pL -0.000 | vL 0.000 | delta 0.000
U 190 | F 389120 | FPS 0029 | D 13365 | rR:mu sigma m M 0.00 0.00 0.00 0.00 | F:mu sigma m M 161.6 113.6 34.0 407.0 | H 1.099 | V 0.000 | pL -0.000 | vL 0.000 | delta 0.000
U 191 | F 391168 | FPS 0030 | D 13434 | rR:mu sigma m M 0.00 0.00 0.00 0.00 | F:mu sigma m M 173.3 124.2 37.0 446.0 | H 1.099 | V 0.000 | pL 0.000 | vL 0.000 | delta 0.000
U 192 | F 393216 | FPS 0030 | D 13503 | rR:mu sigma m M 0.00 0.00 0.00 0.00 | F:mu sigma m M 141.8 122.0 22.0 414.0 | H 1.099 | V 0.000 | pL 0.000 | vL 0.000 | delta 0.000
U 193 | F 395264 | FPS 0028 | D 13577 | rR:mu sigma m M 0.00 0.00 0.00 0.00 | F:mu sigma m M 115.7 92.2 13.0 329.0 | H 1.099 | V 0.000 | pL 0.000 | vL 0.000 | delta 0.000
U 194 | F 397312 | FPS 0030 | D 13646 | rR:mu sigma m M 0.00 0.00 0.00 0.00 | F:mu sigma m M 114.1 68.3 45.0 262.0 | H 1.099 | V 0.000 | pL 0.000 | vL 0.000 | delta 0.000
U 195 | F 399360 | FPS 0029 | D 13718 | rR:mu sigma m M 0.00 0.00 0.00 0.00 | F:mu sigma m M 114.5 89.1 33.0 353.0 | H 1.099 | V 0.000 | pL 0.000 | vL 0.000 | delta 0.000
U 196 | F 401408 | FPS 0028 | D 13792 | rR:mu sigma m M 0.00 0.00 0.00 0.00 | F:mu sigma m M 161.0 143.1 33.0 481.0 | H 1.099 | V 0.000 | pL 0.000 | vL 0.000 | delta 0.000
U 197 | F 403456 | FPS 0030 | D 13861 | rR:mu sigma m M 0.04 0.15 0.00 0.64 | F:mu sigma m M 252.0 185.9 9.0 594.0 | H 1.096 | V 0.005 | pL -0.006 | vL 0.000 | delta 0.013
U 198 | F 405504 | FPS 0026 | D 13938 | rR:mu sigma m M 0.04 0.15 0.00 0.64 | F:mu sigma m M 253.1 217.9 24.0 842.0 | H 1.098 | V -0.002 | pL -0.001 | vL 0.000 | delta 0.001
U 199 | F 407552 | FPS 0028 | D 14012 | rR:mu sigma m M 0.00 0.00 0.00 0.00 | F:mu sigma m M 193.8 120.6 46.0 538.0 | H 1.099 | V -0.001 | pL -0.000 | vL 0.000 | delta 0.000
U 200 | F 409600 | FPS 0029 | D 14082 | rR:mu sigma m M 0.00 0.00 0.00 0.00 | F:mu sigma m M 156.8 102.9 46.0 438.0 | H 1.099 | V -0.001 | pL -0.000 | vL 0.000 | delta 0.001
U 201 | F 411648 | FPS 0027 | D 14158 | rR:mu sigma m M 0.00 0.00 0.00 0.00 | F:mu sigma m M 129.7 75.3 15.0 313.0 | H 1.099 | V -0.001 | pL -0.000 | vL 0.000 | delta 0.000
U 202 | F 413696 | FPS 0031 | D 14225 | rR:mu sigma m M 0.00 0.00 0.00 0.00 | F:mu sigma m M 167.2 183.1 15.0 741.0 | H 1.099 | V -0.000 | pL -0.000 | vL 0.000 | delta 0.000
U 203 | F 415744 | FPS 0027 | D 14300 | rR:mu sigma m M 0.00 0.00 0.00 0.00 | F:mu sigma m M 208.3 221.6 28.0 900.0 | H 1.099 | V -0.000 | pL -0.000 | vL 0.000 | delta 0.000
U 204 | F 417792 | FPS 0027 | D 14375 | rR:mu sigma m M 0.00 0.00 0.00 0.00 | F:mu sigma m M 169.1 212.6 36.0 900.0 | H 1.099 | V -0.000 | pL -0.000 | vL 0.000 | delta 0.000
U 205 | F 419840 | FPS 0026 | D 14454 | rR:mu sigma m M 0.00 0.00 0.00 0.00 | F:mu sigma m M 133.5 122.8 38.0 571.0 | H 1.099 | V 0.000 | pL -0.000 | vL 0.000 | delta 0.000
U 206 | F 421888 | FPS 0031 | D 14519 | rR:mu sigma m M 0.00 0.00 0.00 0.00 | F:mu sigma m M 212.3 156.4 35.0 594.0 | H 1.099 | V 0.001 | pL 0.000 | vL 0.000 | delta 0.001
U 207 | F 423936 | FPS 0028 | D 14592 | rR:mu sigma m M 0.00 0.00 0.00 0.00 | F:mu sigma m M 152.2 84.9 40.0 317.0 | H 1.098 | V 0.001 | pL -0.000 | vL 0.000 | delta 0.002
U 208 | F 425984 | FPS 0028 | D 14666 | rR:mu sigma m M 0.00 0.00 0.00 0.00 | F:mu sigma m M 152.6 141.4 23.0 654.0 | H 1.099 | V 0.002 | pL 0.001 | vL 0.000 | delta 0.001
U 209 | F 428032 | FPS 0028 | D 14739 | rR:mu sigma m M 0.00 0.00 0.00 0.00 | F:mu sigma m M 242.3 147.5 23.0 586.0 | H 1.099 | V 0.000 | pL 0.000 | vL 0.000 | delta 0.000
U 210 | F 430080 | FPS 0030 | D 14808 | rR:mu sigma m M 0.00 0.00 0.00 0.00 | F:mu sigma m M 108.2 84.3 12.0 311.0 | H 1.099 | V 0.001 | pL 0.000 | vL 0.000 | delta 0.000
U 211 | F 432128 | FPS 0030 | D 14877 | rR:mu sigma m M 0.00 0.00 0.00 0.00 | F:mu sigma m M 113.7 100.9 20.0 391.0 | H 1.099 | V 0.000 | pL 0.000 | vL 0.000 | delta 0.000
U 212 | F 434176 | FPS 0030 | D 14946 | rR:mu sigma m M 0.00 0.00 0.00 0.00 | F:mu sigma m M 165.5 124.7 46.0 401.0 | H 1.099 | V 0.000 | pL 0.000 | vL 0.000 | delta 0.000
U 213 | F 436224 | FPS 0030 | D 15014 | rR:mu sigma m M 0.00 0.00 0.00 0.00 | F:mu sigma m M 149.9 147.0 11.0 425.0 | H 1.099 | V 0.000 | pL 0.000 | vL 0.000 | delta 0.000
U 214 | F 438272 | FPS 0027 | D 15090 | rR:mu sigma m M 0.00 0.00 0.00 0.00 | F:mu sigma m M 108.7 71.0 25.0 289.0 | H 1.099 | V 0.000 | pL 0.000 | vL 0.000 | delta 0.000
U 215 | F 440320 | FPS 0026 | D 15168 | rR:mu sigma m M 0.00 0.00 0.00 0.00 | F:mu sigma m M 142.8 93.2 33.0 393.0 | H 1.099 | V 0.000 | pL 0.000 | vL 0.000 | delta 0.000
U 216 | F 442368 | FPS 0030 | D 15237 | rR:mu sigma m M 0.00 0.00 0.00 0.00 | F:mu sigma m M 184.2 213.2 29.0 782.0 | H 1.099 | V 0.000 | pL 0.000 | vL 0.000 | delta 0.000
U 217 | F 444416 | FPS 0026 | D 15316 | rR:mu sigma m M 0.00 0.00 0.00 0.00 | F:mu sigma m M 213.8 208.6 11.0 746.0 | H 1.099 | V 0.000 | pL 0.000 | vL 0.000 | delta 0.000
U 218 | F 446464 | FPS 0027 | D 15390 | rR:mu sigma m M 0.00 0.00 0.00 0.00 | F:mu sigma m M 229.2 215.2 16.0 746.0 | H 1.098 | V 0.003 | pL 0.001 | vL 0.000 | delta 0.003
U 219 | F 448512 | FPS 0028 | D 15463 | rR:mu sigma m M 0.00 0.00 0.00 0.00 | F:mu sigma m M 196.4 126.5 23.0 477.0 | H 1.099 | V 0.001 | pL 0.000 | vL 0.000 | delta 0.001
U 220 | F 450560 | FPS 0030 | D 15531 | rR:mu sigma m M 0.00 0.00 0.00 0.00 | F:mu sigma m M 178.6 118.0 35.0 391.0 | H 1.099 | V 0.001 | pL 0.000 | vL 0.000 | delta 0.000
U 221 | F 452608 | FPS 0029 | D 15601 | rR:mu sigma m M 0.00 0.00 0.00 0.00 | F:mu sigma m M 180.9 162.4 19.0 551.0 | H 1.099 | V 0.000 | pL 0.000 | vL 0.000 | delta 0.000
U 222 | F 454656 | FPS 0032 | D 15665 | rR:mu sigma m M 0.00 0.00 0.00 0.00 | F:mu sigma m M 185.2 153.1 47.0 551.0 | H 1.099 | V 0.000 | pL 0.000 | vL 0.000 | delta 0.000
U 223 | F 456704 | FPS 0027 | D 15741 | rR:mu sigma m M 0.00 0.00 0.00 0.00 | F:mu sigma m M 193.4 133.2 29.0 571.0 | H 1.099 | V 0.000 | pL 0.000 | vL 0.000 | delta 0.000
U 224 | F 458752 | FPS 0032 | D 15805 | rR:mu sigma m M 0.00 0.00 0.00 0.00 | F:mu sigma m M 149.5 90.9 42.0 282.0 | H 1.099 | V 0.000 | pL 0.000 | vL 0.000 | delta 0.000
U 225 | F 460800 | FPS 0031 | D 15872 | rR:mu sigma m M 0.00 0.00 0.00 0.00 | F:mu sigma m M 127.0 71.9 37.0 282.0 | H 1.099 | V 0.000 | pL 0.000 | vL 0.000 | delta 0.000
U 226 | F 462848 | FPS 0033 | D 15934 | rR:mu sigma m M 0.00 0.00 0.00 0.00 | F:mu sigma m M 141.3 88.5 37.0 380.0 | H 1.099 | V 0.000 | pL 0.000 | vL 0.000 | delta 0.000
U 227 | F 464896 | FPS 0029 | D 16004 | rR:mu sigma m M 0.00 0.00 0.00 0.00 | F:mu sigma m M 177.3 137.5 42.0 567.0 | H 1.099 | V -0.000 | pL -0.000 | vL 0.000 | delta 0.000
U 228 | F 466944 | FPS 0027 | D 16080 | rR:mu sigma m M 0.00 0.00 0.00 0.00 | F:mu sigma m M 117.1 79.0 33.0 293.0 | H 1.099 | V -0.000 | pL 0.000 | vL 0.000 | delta 0.000
U 229 | F 468992 | FPS 0030 | D 16149 | rR:mu sigma m M 0.00 0.00 0.00 0.00 | F:mu sigma m M 150.6 123.4 30.0 400.0 | H 1.099 | V 0.000 | pL 0.000 | vL 0.000 | delta 0.000
U 230 | F 471040 | FPS 0029 | D 16220 | rR:mu sigma m M 0.00 0.00 0.00 0.00 | F:mu sigma m M 166.7 153.6 32.0 593.0 | H 1.098 | V 0.000 | pL 0.000 | vL 0.000 | delta 0.001
U 231 | F 473088 | FPS 0029 | D 16290 | rR:mu sigma m M 0.00 0.00 0.00 0.00 | F:mu sigma m M 156.5 114.5 26.0 487.0 | H 1.099 | V -0.000 | pL -0.000 | vL 0.000 | delta 0.000
U 232 | F 475136 | FPS 0031 | D 16356 | rR:mu sigma m M 0.00 0.00 0.00 0.00 | F:mu sigma m M 180.8 172.4 12.0 759.0 | H 1.099 | V -0.000 | pL -0.000 | vL 0.000 | delta 0.000
U 233 | F 477184 | FPS 0029 | D 16426 | rR:mu sigma m M 0.00 0.00 0.00 0.00 | F:mu sigma m M 201.6 163.7 12.0 567.0 | H 1.099 | V -0.000 | pL -0.000 | vL 0.000 | delta 0.000
U 234 | F 479232 | FPS 0030 | D 16496 | rR:mu sigma m M 0.00 0.00 0.00 0.00 | F:mu sigma m M 147.2 79.4 28.0 293.0 | H 1.099 | V 0.000 | pL -0.000 | vL 0.000 | delta 0.000
U 235 | F 481280 | FPS 0028 | D 16568 | rR:mu sigma m M 0.00 0.00 0.00 0.00 | F:mu sigma m M 159.7 78.4 49.0 293.0 | H 1.099 | V -0.000 | pL -0.000 | vL 0.000 | delta 0.000
U 236 | F 483328 | FPS 0030 | D 16637 | rR:mu sigma m M 0.00 0.00 0.00 0.00 | F:mu sigma m M 140.3 111.5 15.0 415.0 | H 1.099 | V -0.000 | pL 0.000 | vL 0.000 | delta 0.000
U 237 | F 485376 | FPS 0031 | D 16703 | rR:mu sigma m M 0.00 0.00 0.00 0.00 | F:mu sigma m M 103.9 60.5 33.0 276.0 | H 1.099 | V -0.000 | pL 0.000 | vL 0.000 | delta 0.000
U 238 | F 487424 | FPS 0027 | D 16778 | rR:mu sigma m M 0.00 0.00 0.00 0.00 | F:mu sigma m M 138.7 121.9 26.0 524.0 | H 1.099 | V -0.000 | pL 0.000 | vL 0.000 | delta 0.000
U 239 | F 489472 | FPS 0027 | D 16855 | rR:mu sigma m M 0.00 0.00 0.00 0.00 | F:mu sigma m M 174.4 113.8 26.0 524.0 | H 1.099 | V -0.000 | pL -0.000 | vL 0.000 | delta 0.000
U 240 | F 491520 | FPS 0028 | D 16928 | rR:mu sigma m M 0.00 0.00 0.00 0.00 | F:mu sigma m M 215.4 149.0 55.0 680.0 | H 1.099 | V -0.000 | pL -0.000 | vL 0.000 | delta 0.000
U 241 | F 493568 | FPS 0031 | D 16995 | rR:mu sigma m M 0.00 0.00 0.00 0.00 | F:mu sigma m M 154.8 121.5 8.0 472.0 | H 1.099 | V -0.000 | pL 0.000 | vL 0.000 | delta 0.000
U 242 | F 495616 | FPS 0029 | D 17065 | rR:mu sigma m M 0.00 0.00 0.00 0.00 | F:mu sigma m M 166.9 101.9 32.0 472.0 | H 1.098 | V 0.000 | pL 0.000 | vL 0.000 | delta 0.000
U 243 | F 497664 | FPS 0029 | D 17137 | rR:mu sigma m M 0.00 0.00 0.00 0.00 | F:mu sigma m M 148.3 120.2 16.0 458.0 | H 1.099 | V 0.001 | pL 0.000 | vL 0.000 | delta 0.000
U 244 | F 499712 | FPS 0028 | D 17210 | rR:mu sigma m M 0.00 0.00 0.00 0.00 | F:mu sigma m M 117.9 91.9 14.0 333.0 | H 1.099 | V 0.000 | pL 0.000 | vL 0.000 | delta 0.000
U 245 | F 501760 | FPS 0031 | D 17276 | rR:mu sigma m M 0.00 0.00 0.00 0.00 | F:mu sigma m M 143.6 104.0 14.0 367.0 | H 1.099 | V 0.000 | pL 0.000 | vL 0.000 | delta 0.000
U 246 | F 503808 | FPS 0029 | D 17347 | rR:mu sigma m M 0.05 0.20 0.00 0.81 | F:mu sigma m M 213.5 212.7 16.0 900.0 | H 1.097 | V 0.006 | pL -0.007 | vL 0.001 | delta 0.010
U 247 | F 505856 | FPS 0026 | D 17426 | rR:mu sigma m M 0.00 0.00 0.00 0.00 | F:mu sigma m M 134.9 103.8 16.0 391.0 | H 1.097 | V 0.004 | pL -0.002 | vL 0.000 | delta 0.004
U 248 | F 507904 | FPS 0030 | D 17495 | rR:mu sigma m M 0.00 0.00 0.00 0.00 | F:mu sigma m M 155.4 113.9 38.0 399.0 | H 1.098 | V 0.004 | pL 0.003 | vL 0.000 | delta 0.003
U 249 | F 509952 | FPS 0032 | D 17558 | rR:mu sigma m M 0.05 0.18 0.00 0.76 | F:mu sigma m M 165.0 95.2 29.0 341.0 | H 1.093 | V 0.015 | pL -0.005 | vL 0.001 | delta 0.010
U 250 | F 512000 | FPS 0029 | D 17629 | rR:mu sigma m M 0.07 0.20 0.00 0.76 | F:mu sigma m M 180.9 137.8 29.0 597.0 | H 1.098 | V 0.001 | pL -0.002 | vL 0.000 | delta 0.012
U 251 | F 514048 | FPS 0034 | D 17689 | rR:mu sigma m M 0.00 0.00 0.00 0.00 | F:mu sigma m M 157.1 103.0 37.0 408.0 | H 1.099 | V -0.000 | pL 0.000 | vL 0.000 | delta 0.004
U 252 | F 516096 | FPS 0030 | D 17756 | rR:mu sigma m M 0.00 0.00 0.00 0.00 | F:mu sigma m M 171.8 112.3 40.0 408.0 | H 1.098 | V 0.003 | pL -0.000 | vL 0.000 | delta 0.003
U 253 | F 518144 | FPS 0029 | D 17827 | rR:mu sigma m M 0.00 0.00 0.00 0.00 | F:mu sigma m M 190.9 190.3 15.0 736.0 | H 1.098 | V 0.002 | pL 0.000 | vL 0.000 | delta 0.003
U 254 | F 520192 | FPS 0031 | D 17894 | rR:mu sigma m M 0.00 0.00 0.00 0.00 | F:mu sigma m M 222.0 215.2 15.0 736.0 | H 1.098 | V 0.004 | pL 0.001 | vL 0.000 | delta 0.003
U 255 | F 522240 | FPS 0028 | D 17968 | rR:mu sigma m M 0.00 0.00 0.00 0.00 | F:mu sigma m M 167.1 143.5 17.0 612.0 | H 1.098 | V 0.006 | pL 0.000 | vL 0.000 | delta 0.002
U 256 | F 524288 | FPS 0033 | D 18031 | rR:mu sigma m M 0.02 0.07 0.00 0.31 | F:mu sigma m M 237.7 203.9 27.0 693.0 | H 1.096 | V 0.011 | pL 0.000 | vL 0.000 | delta 0.007
U 257 | F 526336 | FPS 0028 | D 18104 | rR:mu sigma m M 0.02 0.07 0.00 0.31 | F:mu sigma m M 221.8 204.0 20.0 693.0 | H 1.099 | V -0.003 | pL -0.001 | vL 0.000 | delta 0.001
U 258 | F 528384 | FPS 0030 | D 18173 | rR:mu sigma m M 0.00 0.00 0.00 0.00 | F:mu sigma m M 198.3 147.8 10.0 634.0 | H 1.098 | V -0.000 | pL -0.001 | vL 0.000 | delta 0.002
U 259 | F 530432 | FPS 0034 | D 18234 | rR:mu sigma m M 0.00 0.00 0.00 0.00 | F:mu sigma m M 163.3 145.3 10.0 542.0 | H 1.098 | V 0.002 | pL 0.000 | vL 0.000 | delta 0.003
U 260 | F 532480 | FPS 0027 | D 18309 | rR:mu sigma m M 0.00 0.00 0.00 0.00 | F:mu sigma m M 180.8 132.4 15.0 542.0 | H 1.098 | V 0.003 | pL 0.000 | vL 0.000 | delta 0.003
U 261 | F 534528 | FPS 0028 | D 18383 | rR:mu sigma m M 0.00 0.00 0.00 0.00 | F:mu sigma m M 170.1 118.9 15.0 358.0 | H 1.098 | V 0.005 | pL 0.002 | vL 0.000 | delta 0.004
U 262 | F 536576 | FPS 0029 | D 18453 | rR:mu sigma m M 0.00 0.00 0.00 0.00 | F:mu sigma m M 147.3 99.2 20.0 358.0 | H 1.099 | V 0.003 | pL 0.001 | vL 0.000 | delta 0.000
U 263 | F 538624 | FPS 0027 | D 18528 | rR:mu sigma m M 0.00 0.00 0.00 0.00 | F:mu sigma m M 183.4 133.4 26.0 539.0 | H 1.099 | V 0.003 | pL 0.001 | vL 0.000 | delta 0.000
U 264 | F 540672 | FPS 0027 | D 18603 | rR:mu sigma m M 0.00 0.00 0.00 0.00 | F:mu sigma m M 211.8 202.9 13.0 669.0 | H 1.099 | V 0.002 | pL 0.001 | vL 0.000 | delta 0.000
U 265 | F 542720 | FPS 0029 | D 18674 | rR:mu sigma m M 0.00 0.00 0.00 0.00 | F:mu sigma m M 230.6 202.1 13.0 669.0 | H 1.099 | V 0.002 | pL 0.001 | vL 0.000 | delta 0.000
U 266 | F 544768 | FPS 0028 | D 18746 | rR:mu sigma m M 0.00 0.00 0.00 0.00 | F:mu sigma m M 160.6 111.7 26.0 381.0 | H 1.098 | V 0.002 | pL 0.001 | vL 0.000 | delta 0.001
U 267 | F 546816 | FPS 0028 | D 18818 | rR:mu sigma m M 0.00 0.00 0.00 0.00 | F:mu sigma m M 197.3 115.5 26.0 438.0 | H 1.098 | V 0.002 | pL 0.000 | vL 0.000 | delta 0.001
U 268 | F 548864 | FPS 0030 | D 18887 | rR:mu sigma m M 0.00 0.00 0.00 0.00 | F:mu sigma m M 173.2 171.2 42.0 637.0 | H 1.098 | V 0.002 | pL 0.000 | vL 0.000 | delta 0.001
U 269 | F 550912 | FPS 0030 | D 18956 | rR:mu sigma m M 0.00 0.00 0.00 0.00 | F:mu sigma m M 107.3 56.4 32.0 233.0 | H 1.099 | V 0.003 | pL 0.001 | vL 0.000 | delta 0.001
U 270 | F 552960 | FPS 0031 | D 19022 | rR:mu sigma m M 0.00 0.00 0.00 0.00 | F:mu sigma m M 197.0 104.6 21.0 445.0 | H 1.099 | V 0.001 | pL 0.000 | vL 0.000 | delta 0.001
U 271 | F 555008 | FPS 0031 | D 19089 | rR:mu sigma m M 0.00 0.00 0.00 0.00 | F:mu sigma m M 164.8 81.7 21.0 304.0 | H 1.099 | V 0.001 | pL 0.000 | vL 0.000 | delta 0.000
U 272 | F 557056 | FPS 0031 | D 19156 | rR:mu sigma m M 0.05 0.21 0.00 0.87 | F:mu sigma m M 157.8 56.9 80.0 269.0 | H 1.097 | V 0.007 | pL -0.007 | vL 0.001 | delta 0.026
U 273 | F 559104 | FPS 0027 | D 19232 | rR:mu sigma m M 0.05 0.21 0.00 0.87 | F:mu sigma m M 251.3 247.3 19.0 900.0 | H 1.099 | V -0.003 | pL -0.000 | vL 0.000 | delta 0.004
U 274 | F 561152 | FPS 0029 | D 19304 | rR:mu sigma m M 0.00 0.00 0.00 0.00 | F:mu sigma m M 280.1 257.6 23.0 900.0 | H 1.099 | V -0.003 | pL -0.001 | vL 0.000 | delta 0.001
U 275 | F 563200 | FPS 0029 | D 19375 | rR:mu sigma m M 0.00 0.00 0.00 0.00 | F:mu sigma m M 188.7 223.8 30.0 900.0 | H 1.098 | V -0.000 | pL -0.000 | vL 0.000 | delta 0.003
U 276 | F 565248 | FPS 0030 | D 19443 | rR:mu sigma m M 0.00 0.00 0.00 0.00 | F:mu sigma m M 145.3 138.9 23.0 473.0 | H 1.099 | V -0.002 | pL -0.001 | vL 0.000 | delta 0.002
U 277 | F 567296 | FPS 0029 | D 19512 | rR:mu sigma m M 0.00 0.00 0.00 0.00 | F:mu sigma m M 98.7 91.8 23.0 393.0 | H 1.099 | V -0.003 | pL -0.001 | vL 0.000 | delta 0.001
U 278 | F 569344 | FPS 0029 | D 19583 | rR:mu sigma m M 0.00 0.00 0.00 0.00 | F:mu sigma m M 143.9 107.6 23.0 368.0 | H 1.099 | V -0.001 | pL -0.000 | vL 0.000 | delta 0.000
U 279 | F 571392 | FPS 0026 | D 19661 | rR:mu sigma m M 0.00 0.00 0.00 0.00 | F:mu sigma m M 225.0 119.8 39.0 491.0 | H 1.097 | V 0.002 | pL -0.000 | vL 0.000 | delta 0.003
U 280 | F 573440 | FPS 0028 | D 19734 | rR:mu sigma m M 0.00 0.00 0.00 0.00 | F:mu sigma m M 203.3 155.9 30.0 575.0 | H 1.099 | V -0.000 | pL 0.000 | vL 0.000 | delta 0.002
U 281 | F 575488 | FPS 0029 | D 19804 | rR:mu sigma m M 0.00 0.00 0.00 0.00 | F:mu sigma m M 151.2 95.2 41.0 403.0 | H 1.099 | V -0.001 | pL -0.000 | vL 0.000 | delta 0.001
U 282 | F 577536 | FPS 0030 | D 19873 | rR:mu sigma m M 0.00 0.00 0.00 0.00 | F:mu sigma m M 206.8 170.8 30.0 701.0 | H 1.099 | V -0.001 | pL -0.000 | vL 0.000 | delta 0.001
U 283 | F 579584 | FPS 0032 | D 19937 | rR:mu sigma m M 0.00 0.00 0.00 0.00 | F:mu sigma m M 191.0 164.6 21.0 701.0 | H 1.099 | V -0.000 | pL -0.000 | vL 0.000 | delta 0.001
U 284 | F 581632 | FPS 0028 | D 20009 | rR:mu sigma m M 0.00 0.00 0.00 0.00 | F:mu sigma m M 149.4 106.9 13.0 383.0 | H 1.099 | V -0.000 | pL -0.000 | vL 0.000 | delta 0.000
U 285 | F 583680 | FPS 0027 | D 20086 | rR:mu sigma m M 0.00 0.00 0.00 0.00 | F:mu sigma m M 161.6 101.1 65.0 422.0 | H 1.099 | V -0.000 | pL 0.000 | vL 0.000 | delta 0.001
U 286 | F 585728 | FPS 0035 | D 20145 | rR:mu sigma m M 0.00 0.00 0.00 0.00 | F:mu sigma m M 192.2 121.7 63.0 486.0 | H 1.099 | V 0.000 | pL 0.000 | vL 0.000 | delta 0.000
U 287 | F 587776 | FPS 0031 | D 20212 | rR:mu sigma m M 0.00 0.00 0.00 0.00 | F:mu sigma m M 203.4 130.2 63.0 486.0 | H 1.099 | V 0.000 | pL 0.000 | vL 0.000 | delta 0.001
U 288 | F 589824 | FPS 0029 | D 20283 | rR:mu sigma m M 0.05 0.21 0.00 0.87 | F:mu sigma m M 206.9 151.4 48.0 503.0 | H 1.096 | V 0.006 | pL -0.007 | vL 0.002 | delta 0.040
U 289 | F 591872 | FPS 0035 | D 20340 | rR:mu sigma m M 0.05 0.21 0.00 0.87 | F:mu sigma m M 153.2 140.5 22.0 556.0 | H 1.098 | V 0.017 | pL 0.005 | vL 0.000 | delta 0.005
U 290 | F 593920 | FPS 0029 | D 20411 | rR:mu sigma m M 0.00 0.00 0.00 0.00 | F:mu sigma m M 162.2 141.6 27.0 623.0 | H 1.098 | V 0.016 | pL 0.005 | vL 0.000 | delta 0.004
U 291 | F 595968 | FPS 0033 | D 20474 | rR:mu sigma m M 0.00 0.00 0.00 0.00 | F:mu sigma m M 172.2 113.3 27.0 438.0 | H 1.098 | V 0.015 | pL 0.004 | vL 0.000 | delta 0.003
U 292 | F 598016 | FPS 0030 | D 20542 | rR:mu sigma m M 0.00 0.00 0.00 0.00 | F:mu sigma m M 151.4 106.9 27.0 411.0 | H 1.098 | V 0.012 | pL 0.003 | vL 0.000 | delta 0.002
U 293 | F 600064 | FPS 0027 | D 20617 | rR:mu sigma m M 0.00 0.00 0.00 0.00 | F:mu sigma m M 198.6 115.0 11.0 452.0 | H 1.098 | V 0.013 | pL 0.003 | vL 0.000 | delta 0.007
U 294 | F 602112 | FPS 0027 | D 20691 | rR:mu sigma m M 0.00 0.00 0.00 0.00 | F:mu sigma m M 154.8 107.8 11.0 452.0 | H 1.098 | V 0.007 | pL 0.002 | vL 0.000 | delta 0.003
U 295 | F 604160 | FPS 0029 | D 20761 | rR:mu sigma m M 0.00 0.00 0.00 0.00 | F:mu sigma m M 117.8 91.9 32.0 341.0 | H 1.098 | V 0.007 | pL 0.002 | vL 0.000 | delta 0.003
U 296 | F 606208 | FPS 0025 | D 20843 | rR:mu sigma m M 0.04 0.16 0.00 0.65 | F:mu sigma m M 136.6 95.2 27.0 348.0 | H 1.096 | V 0.018 | pL -0.003 | vL 0.000 | delta 0.013
U 297 | F 608256 | FPS 0032 | D 20908 | rR:mu sigma m M 0.00 0.00 0.00 0.00 | F:mu sigma m M 155.1 196.4 27.0 864.0 | H 1.094 | V 0.008 | pL 0.002 | vL 0.000 | delta 0.007
U 298 | F 610304 | FPS 0030 | D 20977 | rR:mu sigma m M 0.00 0.00 0.00 0.00 | F:mu sigma m M 158.6 115.0 22.0 399.0 | H 1.098 | V 0.005 | pL 0.000 | vL 0.000 | delta 0.008
U 299 | F 612352 | FPS 0028 | D 21050 | rR:mu sigma m M 0.00 0.00 0.00 0.00 | F:mu sigma m M 165.6 109.3 39.0 490.0 | H 1.098 | V 0.006 | pL 0.002 | vL 0.000 | delta 0.004
U 300 | F 614400 | FPS 0025 | D 21131 | rR:mu sigma m M 0.00 0.00 0.00 0.00 | F:mu sigma m M 180.0 108.4 58.0 490.0 | H 1.099 | V 0.002 | pL 0.001 | vL 0.000 | delta 0.000
U 301 | F 616448 | FPS 0030 | D 21200 | rR:mu sigma m M 0.00 0.00 0.00 0.00 | F:mu sigma m M 152.4 89.2 25.0 371.0 | H 1.099 | V 0.001 | pL 0.000 | vL 0.000 | delta 0.000
U 302 | F 618496 | FPS 0028 | D 21272 | rR:mu sigma m M 0.00 0.00 0.00 0.00 | F:mu sigma m M 218.6 201.4 25.0 808.0 | H 1.099 | V 0.001 | pL 0.000 | vL 0.000 | delta 0.000
U 303 | F 620544 | FPS 0027 | D 21347 | rR:mu sigma m M 0.00 0.00 0.00 0.00 | F:mu sigma m M 154.9 144.5 26.0 593.0 | H 1.099 | V 0.001 | pL 0.000 | vL 0.000 | delta 0.000
U 304 | F 622592 | FPS 0028 | D 21421 | rR:mu sigma m M 0.00 0.00 0.00 0.00 | F:mu sigma m M 145.2 136.1 26.0 593.0 | H 1.099 | V 0.001 | pL 0.000 | vL 0.000 | delta 0.001
U 305 | F 624640 | FPS 0026 | D 21501 | rR:mu sigma m M 0.00 0.00 0.00 0.00 | F:mu sigma m M 203.3 160.7 43.0 683.0 | H 1.099 | V 0.000 | pL 0.000 | vL 0.000 | delta 0.000
U 306 | F 626688 | FPS 0026 | D 21581 | rR:mu sigma m M 0.04 0.15 0.00 0.61 | F:mu sigma m M 251.1 210.2 54.0 900.0 | H 1.097 | V 0.007 | pL -0.004 | vL 0.000 | delta 0.010
U 307 | F 628736 | FPS 0030 | D 21650 | rR:mu sigma m M 0.04 0.15 0.00 0.61 | F:mu sigma m M 202.4 211.2 11.0 900.0 | H 1.098 | V 0.002 | pL -0.000 | vL 0.000 | delta 0.006
U 308 | F 630784 | FPS 0027 | D 21727 | rR:mu sigma m M 0.00 0.00 0.00 0.00 | F:mu sigma m M 186.7 167.4 46.0 693.0 | H 1.098 | V -0.003 | pL -0.001 | vL 0.000 | delta 0.002
U 309 | F 632832 | FPS 0029 | D 21798 | rR:mu sigma m M 0.00 0.00 0.00 0.00 | F:mu sigma m M 157.9 141.6 32.0 520.0 | H 1.098 | V -0.001 | pL -0.000 | vL 0.000 | delta 0.001
U 310 | F 634880 | FPS 0029 | D 21868 | rR:mu sigma m M 0.00 0.00 0.00 0.00 | F:mu sigma m M 160.5 133.4 32.0 520.0 | H 1.098 | V -0.001 | pL -0.000 | vL 0.000 | delta 0.003
U 311 | F 636928 | FPS 0029 | D 21938 | rR:mu sigma m M 0.00 0.00 0.00 0.00 | F:mu sigma m M 240.8 214.8 28.0 778.0 | H 1.098 | V -0.002 | pL -0.001 | vL 0.000 | delta 0.000
U 312 | F 638976 | FPS 0029 | D 22008 | rR:mu sigma m M 0.00 0.00 0.00 0.00 | F:mu sigma m M 139.0 82.8 16.0 292.0 | H 1.099 | V -0.001 | pL -0.000 | vL 0.000 | delta 0.000
U 313 | F 641024 | FPS 0030 | D 22077 | rR:mu sigma m M 0.00 0.00 0.00 0.00 | F:mu sigma m M 134.0 85.2 30.0 363.0 | H 1.099 | V -0.001 | pL -0.000 | vL 0.000 | delta 0.000
U 314 | F 643072 | FPS 0030 | D 22144 | rR:mu sigma m M 0.00 0.00 0.00 0.00 | F:mu sigma m M 118.1 83.3 36.0 345.0 | H 1.098 | V -0.001 | pL -0.000 | vL 0.000 | delta 0.001
U 315 | F 645120 | FPS 0030 | D 22212 | rR:mu sigma m M 0.00 0.00 0.00 0.00 | F:mu sigma m M 202.7 172.7 19.0 744.0 | H 1.098 | V -0.000 | pL -0.000 | vL 0.000 | delta 0.001
U 316 | F 647168 | FPS 0029 | D 22282 | rR:mu sigma m M 0.00 0.00 0.00 0.00 | F:mu sigma m M 142.8 80.8 19.0 302.0 | H 1.099 | V -0.000 | pL -0.000 | vL 0.000 | delta 0.000
U 317 | F 649216 | FPS 0030 | D 22349 | rR:mu sigma m M 0.00 0.00 0.00 0.00 | F:mu sigma m M 153.5 103.1 41.0 418.0 | H 1.099 | V -0.000 | pL -0.000 | vL 0.000 | delta 0.000
U 318 | F 651264 | FPS 0028 | D 22422 | rR:mu sigma m M 0.00 0.00 0.00 0.00 | F:mu sigma m M 165.4 173.4 26.0 726.0 | H 1.099 | V 0.000 | pL -0.000 | vL 0.000 | delta 0.000
U 319 | F 653312 | FPS 0028 | D 22494 | rR:mu sigma m M 0.00 0.00 0.00 0.00 | F:mu sigma m M 193.6 188.3 26.0 726.0 | H 1.098 | V 0.001 | pL 0.000 | vL 0.000 | delta 0.002
U 320 | F 655360 | FPS 0027 | D 22569 | rR:mu sigma m M 0.00 0.00 0.00 0.00 | F:mu sigma m M 210.9 120.3 47.0 424.0 | H 1.099 | V 0.000 | pL 0.000 | vL 0.000 | delta 0.000
U 321 | F 657408 | FPS 0029 | D 22639 | rR:mu sigma m M 0.00 0.00 0.00 0.00 | F:mu sigma m M 135.3 105.2 17.0 367.0 | H 1.099 | V 0.000 | pL 0.000 | vL 0.000 | delta 0.000
U 322 | F 659456 | FPS 0030 | D 22707 | rR:mu sigma m M 0.00 0.00 0.00 0.00 | F:mu sigma m M 139.3 96.0 17.0 331.0 | H 1.095 | V 0.005 | pL -0.000 | vL 0.000 | delta 0.003
U 323 | F 661504 | FPS 0028 | D 22780 | rR:mu sigma m M 0.05 0.19 0.00 0.78 | F:mu sigma m M 232.0 106.6 80.0 429.0 | H 1.094 | V 0.006 | pL -0.004 | vL 0.001 | delta 0.013
U 324 | F 663552 | FPS 0027 | D 22855 | rR:mu sigma m M 0.00 0.00 0.00 0.00 | F:mu sigma m M 262.1 148.1 36.0 562.0 | H 1.098 | V -0.002 | pL -0.000 | vL 0.000 | delta 0.002
U 325 | F 665600 | FPS 0030 | D 22925 | rR:mu sigma m M 0.00 0.00 0.00 0.00 | F:mu sigma m M 185.1 142.0 36.0 569.0 | H 1.098 | V -0.001 | pL -0.002 | vL 0.000 | delta 0.005
U 326 | F 667648 | FPS 0030 | D 22994 | rR:mu sigma m M 0.00 0.00 0.00 0.00 | F:mu sigma m M 175.7 147.7 25.0 661.0 | H 1.092 | V 0.006 | pL -0.000 | vL 0.000 | delta 0.008
U 327 | F 669696 | FPS 0033 | D 23057 | rR:mu sigma m M 0.00 0.00 0.00 0.00 | F:mu sigma m M 176.1 113.1 12.0 434.0 | H 1.096 | V 0.007 | pL 0.001 | vL 0.000 | delta 0.005
U 328 | F 671744 | FPS 0027 | D 23132 | rR:mu sigma m M 0.00 0.00 0.00 0.00 | F:mu sigma m M 153.4 106.2 19.0 386.0 | H 1.098 | V 0.005 | pL 0.001 | vL 0.000 | delta 0.003
U 329 | F 673792 | FPS 0026 | D 23209 | rR:mu sigma m M 0.00 0.00 0.00 0.00 | F:mu sigma m M 153.1 99.6 25.0 331.0 | H 1.095 | V 0.008 | pL 0.000 | vL 0.000 | delta 0.003
U 330 | F 675840 | FPS 0028 | D 23282 | rR:mu sigma m M 0.04 0.17 0.00 0.69 | F:mu sigma m M 175.6 216.5 20.0 900.0 | H 1.095 | V 0.013 | pL -0.003 | vL 0.001 | delta 0.008
U 331 | F 677888 | FPS 0026 | D 23360 | rR:mu sigma m M 0.00 0.00 0.00 0.00 | F:mu sigma m M 200.9 214.8 15.0 900.0 | H 1.098 | V 0.001 | pL 0.000 | vL 0.000 | delta 0.001
U 332 | F 679936 | FPS 0029 | D 23429 | rR:mu sigma m M 0.00 0.00 0.00 0.00 | F:mu sigma m M 171.3 132.2 15.0 410.0 | H 1.099 | V 0.001 | pL 0.000 | vL 0.000 | delta 0.000
U 333 | F 681984 | FPS 0028 | D 23501 | rR:mu sigma m M 0.00 0.00 0.00 0.00 | F:mu sigma m M 132.2 83.2 10.0 309.0 | H 1.099 | V 0.000 | pL 0.000 | vL 0.000 | delta 0.000
U 334 | F 684032 | FPS 0026 | D 23581 | rR:mu sigma m M 0.00 0.00 0.00 0.00 | F:mu sigma m M 125.3 67.0 31.0 270.0 | H 1.099 | V 0.000 | pL 0.000 | vL 0.000 | delta 0.000
U 335 | F 686080 | FPS 0028 | D 23654 | rR:mu sigma m M 0.00 0.00 0.00 0.00 | F:mu sigma m M 183.8 138.0 15.0 541.0 | H 1.099 | V 0.000 | pL 0.000 | vL 0.000 | delta 0.000
U 336 | F 688128 | FPS 0026 | D 23732 | rR:mu sigma m M 0.00 0.00 0.00 0.00 | F:mu sigma m M 130.1 108.6 15.0 459.0 | H 1.099 | V 0.000 | pL 0.000 | vL 0.000 | delta 0.000
U 337 | F 690176 | FPS 0029 | D 23803 | rR:mu sigma m M 0.00 0.00 0.00 0.00 | F:mu sigma m M 198.8 135.2 23.0 396.0 | H 1.096 | V 0.002 | pL 0.001 | vL 0.000 | delta 0.003
U 338 | F 692224 | FPS 0034 | D 23863 | rR:mu sigma m M 0.00 0.00 0.00 0.00 | F:mu sigma m M 222.1 134.4 24.0 427.0 | H 1.098 | V 0.001 | pL 0.000 | vL 0.000 | delta 0.001
U 339 | F 694272 | FPS 0028 | D 23935 | rR:mu sigma m M 0.00 0.00 0.00 0.00 | F:mu sigma m M 170.8 102.8 23.0 427.0 | H 1.095 | V 0.003 | pL 0.000 | vL 0.000 | delta 0.003
U 340 | F 696320 | FPS 0029 | D 24007 | rR:mu sigma m M 0.00 0.00 0.00 0.00 | F:mu sigma m M 137.4 115.9 26.0 427.0 | H 1.095 | V 0.003 | pL 0.000 | vL 0.000 | delta 0.003
U 341 | F 698368 | FPS 0027 | D 24083 | rR:mu sigma m M 0.00 0.00 0.00 0.00 | F:mu sigma m M 179.6 137.7 26.0 626.0 | H 1.098 | V 0.003 | pL 0.001 | vL 0.000 | delta 0.001
U 342 | F 700416 | FPS 0027 | D 24158 | rR:mu sigma m M 0.00 0.00 0.00 0.00 | F:mu sigma m M 164.6 96.1 16.0 352.0 | H 1.098 | V 0.003 | pL 0.001 | vL 0.000 | delta 0.001
U 343 | F 702464 | FPS 0026 | D 24237 | rR:mu sigma m M 0.00 0.00 0.00 0.00 | F:mu sigma m M 182.3 109.5 16.0 442.0 | H 1.098 | V 0.003 | pL 0.001 | vL 0.000 | delta 0.001
U 344 | F 704512 | FPS 0028 | D 24309 | rR:mu sigma m M 0.00 0.00 0.00 0.00 | F:mu sigma m M 134.9 95.3 10.0 336.0 | H 1.099 | V 0.002 | pL 0.000 | vL 0.000 | delta 0.000
U 345 | F 706560 | FPS 0029 | D 24381 | rR:mu sigma m M 0.00 0.00 0.00 0.00 | F:mu sigma m M 183.5 107.8 42.0 478.0 | H 1.099 | V 0.002 | pL 0.000 | vL 0.000 | delta 0.000
U 346 | F 708608 | FPS 0030 | D 24448 | rR:mu sigma m M 0.00 0.00 0.00 0.00 | F:mu sigma m M 118.9 98.1 32.0 461.0 | H 1.098 | V 0.002 | pL 0.001 | vL 0.000 | delta 0.001
U 347 | F 710656 | FPS 0030 | D 24517 | rR:mu sigma m M 0.00 0.00 0.00 0.00 | F:mu sigma m M 181.2 169.3 16.0 660.0 | H 1.099 | V 0.002 | pL 0.000 | vL 0.000 | delta 0.000
U 348 | F 712704 | FPS 0029 | D 24586 | rR:mu sigma m M 0.00 0.00 0.00 0.00 | F:mu sigma m M 166.7 150.4 7.0 660.0 | H 1.098 | V 0.002 | pL 0.001 | vL 0.000 | delta 0.001
U 349 | F 714752 | FPS 0026 | D 24664 | rR:mu sigma m M 0.00 0.00 0.00 0.00 | F:mu sigma m M 125.9 94.4 20.0 340.0 | H 1.098 | V 0.001 | pL 0.000 | vL 0.000 | delta 0.000
U 350 | F 716800 | FPS 0032 | D 24728 | rR:mu sigma m M 0.00 0.00 0.00 0.00 | F:mu sigma m M 166.8 147.9 20.0 569.0 | H 1.099 | V 0.001 | pL 0.000 | vL 0.000 | delta 0.000
U 351 | F 718848 | FPS 0031 | D 24795 | rR:mu sigma m M 0.00 0.00 0.00 0.00 | F:mu sigma m M 176.3 181.1 16.0 612.0 | H 1.099 | V 0.000 | pL 0.000 | vL 0.000 | delta 0.001
U 352 | F 720896 | FPS 0028 | D 24868 | rR:mu sigma m M 0.00 0.00 0.00 0.00 | F:mu sigma m M 154.7 185.9 18.0 741.0 | H 1.098 | V 0.001 | pL 0.000 | vL 0.000 | delta 0.001
U 353 | F 722944 | FPS 0032 | D 24933 | rR:mu sigma m M 0.00 0.00 0.00 0.00 | F:mu sigma m M 229.6 218.1 22.0 741.0 | H 1.098 | V -0.000 | pL -0.000 | vL 0.000 | delta 0.000
U 354 | F 724992 | FPS 0028 | D 25006 | rR:mu sigma m M 0.00 0.00 0.00 0.00 | F:mu sigma m M 182.8 151.4 21.0 544.0 | H 1.099 | V -0.000 | pL -0.000 | vL 0.000 | delta 0.000
U 355 | F 727040 | FPS 0033 | D 25069 | rR:mu sigma m M 0.00 0.00 0.00 0.00 | F:mu sigma m M 152.6 127.2 40.0 446.0 | H 1.099 | V -0.000 | pL 0.000 | vL 0.000 | delta 0.000
U 356 | F 729088 | FPS 0028 | D 25142 | rR:mu sigma m M 0.00 0.00 0.00 0.00 | F:mu sigma m M 146.4 101.6 40.0 412.0 | H 1.098 | V -0.000 | pL -0.000 | vL 0.000 | delta 0.001
U 357 | F 731136 | FPS 0030 | D 25210 | rR:mu sigma m M 0.00 0.00 0.00 0.00 | F:mu sigma m M 208.5 193.6 24.0 659.0 | H 1.098 | V -0.000 | pL -0.000 | vL 0.000 | delta 0.000
U 358 | F 733184 | FPS 0028 | D 25284 | rR:mu sigma m M 0.00 0.00 0.00 0.00 | F:mu sigma m M 132.8 124.8 34.0 456.0 | H 1.099 | V -0.000 | pL -0.000 | vL 0.000 | delta 0.000
U 359 | F 735232 | FPS 0031 | D 25350 | rR:mu sigma m M 0.00 0.00 0.00 0.00 | F:mu sigma m M 129.8 94.7 31.0 365.0 | H 1.099 | V -0.000 | pL -0.000 | vL 0.000 | delta 0.000
U 360 | F 737280 | FPS 0032 | D 25413 | rR:mu sigma m M 0.00 0.00 0.00 0.00 | F:mu sigma m M 143.4 147.7 34.0 602.0 | H 1.099 | V -0.000 | pL -0.000 | vL 0.000 | delta 0.000
U 361 | F 739328 | FPS 0032 | D 25477 | rR:mu sigma m M 0.00 0.00 0.00 0.00 | F:mu sigma m M 198.4 166.2 34.0 602.0 | H 1.099 | V 0.000 | pL -0.000 | vL 0.000 | delta 0.000
U 362 | F 741376 | FPS 0025 | D 25560 | rR:mu sigma m M 0.00 0.00 0.00 0.00 | F:mu sigma m M 256.9 151.6 18.0 512.0 | H 1.099 | V 0.000 | pL -0.000 | vL 0.000 | delta 0.000
U 363 | F 743424 | FPS 0033 | D 25622 | rR:mu sigma m M 0.00 0.00 0.00 0.00 | F:mu sigma m M 155.3 130.3 25.0 411.0 | H 1.099 | V 0.000 | pL -0.000 | vL 0.000 | delta 0.000
U 364 | F 745472 | FPS 0033 | D 25683 | rR:mu sigma m M 0.06 0.22 0.00 0.92 | F:mu sigma m M 172.6 121.9 24.0 473.0 | H 1.097 | V 0.005 | pL -0.007 | vL 0.002 | delta 0.012
U 365 | F 747520 | FPS 0031 | D 25750 | rR:mu sigma m M 0.00 0.00 0.00 0.00 | F:mu sigma m M 114.8 69.9 26.0 267.0 | H 1.099 | V 0.008 | pL 0.002 | vL 0.000 | delta 0.001
U 366 | F 749568 | FPS 0029 | D 25820 | rR:mu sigma m M 0.00 0.00 0.00 0.00 | F:mu sigma m M 165.5 81.0 50.0 320.0 | H 1.099 | V 0.006 | pL 0.001 | vL 0.000 | delta 0.002
U 367 | F 751616 | FPS 0028 | D 25894 | rR:mu sigma m M 0.00 0.00 0.00 0.00 | F:mu sigma m M 115.5 104.7 16.0 417.0 | H 1.099 | V 0.004 | pL 0.001 | vL 0.000 | delta 0.001
U 368 | F 753664 | FPS 0030 | D 25961 | rR:mu sigma m M 0.00 0.00 0.00 0.00 | F:mu sigma m M 182.9 96.0 58.0 352.0 | H 1.099 | V 0.003 | pL 0.001 | vL 0.000 | delta 0.001
U 369 | F 755712 | FPS 0033 | D 26023 | rR:mu sigma m M 0.00 0.00 0.00 0.00 | F:mu sigma m M 150.4 115.2 25.0 403.0 | H 1.099 | V 0.002 | pL 0.001 | vL 0.000 | delta 0.000
U 370 | F 757760 | FPS 0030 | D 26090 | rR:mu sigma m M 0.00 0.00 0.00 0.00 | F:mu sigma m M 121.9 81.2 18.0 256.0 | H 1.099 | V 0.002 | pL 0.001 | vL 0.000 | delta 0.000
U 371 | F 759808 | FPS 0030 | D 26159 | rR:mu sigma m M 0.00 0.00 0.00 0.00 | F:mu sigma m M 144.6 80.6 31.0 274.0 | H 1.099 | V 0.001 | pL 0.000 | vL 0.000 | delta 0.000
U 372 | F 761856 | FPS 0027 | D 26235 | rR:mu sigma m M 0.00 0.00 0.00 0.00 | F:mu sigma m M 122.7 87.1 15.0 286.0 | H 1.099 | V 0.001 | pL 0.000 | vL 0.000 | delta 0.000
U 373 | F 763904 | FPS 0028 | D 26308 | rR:mu sigma m M 0.00 0.00 0.00 0.00 | F:mu sigma m M 135.2 106.2 26.0 439.0 | H 1.099 | V 0.001 | pL 0.000 | vL 0.000 | delta 0.000
U 374 | F 765952 | FPS 0031 | D 26375 | rR:mu sigma m M 0.00 0.00 0.00 0.00 | F:mu sigma m M 109.1 56.0 19.0 186.0 | H 1.099 | V 0.001 | pL 0.000 | vL 0.000 | delta 0.001
U 375 | F 768000 | FPS 0030 | D 26443 | rR:mu sigma m M 0.00 0.00 0.00 0.00 | F:mu sigma m M 97.1 71.0 27.0 250.0 | H 1.099 | V 0.001 | pL 0.000 | vL 0.000 | delta 0.000
U 376 | F 770048 | FPS 0028 | D 26517 | rR:mu sigma m M 0.00 0.00 0.00 0.00 | F:mu sigma m M 147.1 163.9 20.0 701.0 | H 1.099 | V 0.001 | pL 0.000 | vL 0.000 | delta 0.000
U 377 | F 772096 | FPS 0027 | D 26592 | rR:mu sigma m M 0.00 0.00 0.00 0.00 | F:mu sigma m M 224.0 235.0 33.0 900.0 | H 1.099 | V 0.001 | pL 0.000 | vL 0.000 | delta 0.000
U 378 | F 774144 | FPS 0033 | D 26655 | rR:mu sigma m M 0.00 0.00 0.00 0.00 | F:mu sigma m M 159.0 109.9 41.0 389.0 | H 1.098 | V 0.003 | pL -0.000 | vL 0.000 | delta 0.002
U 379 | F 776192 | FPS 0032 | D 26719 | rR:mu sigma m M 0.00 0.00 0.00 0.00 | F:mu sigma m M 157.2 126.8 20.0 476.0 | H 1.098 | V 0.005 | pL 0.000 | vL 0.000 | delta 0.004
U 380 | F 778240 | FPS 0031 | D 26786 | rR:mu sigma m M 0.00 0.00 0.00 0.00 | F:mu sigma m M 155.5 156.9 32.0 705.0 | H 1.098 | V 0.001 | pL -0.000 | vL 0.000 | delta 0.001
U 381 | F 780288 | FPS 0028 | D 26858 | rR:mu sigma m M 0.00 0.00 0.00 0.00 | F:mu sigma m M 132.2 106.3 16.0 431.0 | H 1.098 | V 0.001 | pL 0.001 | vL 0.000 | delta 0.001
U 382 | F 782336 | FPS 0032 | D 26921 | rR:mu sigma m M 0.00 0.00 0.00 0.00 | F:mu sigma m M 118.0 77.5 9.0 313.0 | H 1.099 | V 0.001 | pL -0.000 | vL 0.000 | delta 0.001
U 383 | F 784384 | FPS 0024 | D 27006 | rR:mu sigma m M 0.00 0.00 0.00 0.00 | F:mu sigma m M 124.2 76.0 23.0 338.0 | H 1.097 | V 0.002 | pL 0.001 | vL 0.000 | delta 0.001
U 384 | F 786432 | FPS 0029 | D 27077 | rR:mu sigma m M 0.00 0.00 0.00 0.00 | F:mu sigma m M 144.4 99.9 43.0 381.0 | H 1.099 | V 0.002 | pL 0.000 | vL 0.000 | delta 0.000
U 385 | F 788480 | FPS 0029 | D 27149 | rR:mu sigma m M 0.00 0.00 0.00 0.00 | F:mu sigma m M 176.0 113.9 40.0 406.0 | H 1.099 | V 0.002 | pL 0.001 | vL 0.000 | delta 0.001
U 386 | F 790528 | FPS 0028 | D 27222 | rR:mu sigma m M 0.00 0.00 0.00 0.00 | F:mu sigma m M 132.4 94.5 19.0 318.0 | H 1.099 | V 0.002 | pL 0.000 | vL 0.000 | delta 0.000
U 387 | F 792576 | FPS 0027 | D 27298 | rR:mu sigma m M 0.00 0.00 0.00 0.00 | F:mu sigma m M 157.2 115.5 19.0 456.0 | H 1.099 | V 0.002 | pL 0.000 | vL 0.000 | delta 0.000
U 388 | F 794624 | FPS 0029 | D 27368 | rR:mu sigma m M 0.00 0.00 0.00 0.00 | F:mu sigma m M 196.8 157.3 18.0 624.0 | H 1.099 | V 0.001 | pL 0.000 | vL 0.000 | delta 0.000
U 389 | F 796672 | FPS 0032 | D 27432 | rR:mu sigma m M 0.00 0.00 0.00 0.00 | F:mu sigma m M 252.1 245.3 18.0 785.0 | H 1.099 | V 0.001 | pL 0.000 | vL 0.000 | delta 0.000
U 390 | F 798720 | FPS 0032 | D 27496 | rR:mu sigma m M 0.00 0.00 0.00 0.00 | F:mu sigma m M 214.4 230.2 29.0 885.0 | H 1.099 | V 0.001 | pL 0.000 | vL 0.000 | delta 0.000
U 391 | F 800768 | FPS 0030 | D 27564 | rR:mu sigma m M 0.00 0.00 0.00 0.00 | F:mu sigma m M 258.5 237.5 35.0 885.0 | H 1.099 | V 0.000 | pL 0.000 | vL 0.000 | delta 0.000
U 392 | F 802816 | FPS 0028 | D 27637 | rR:mu sigma m M 0.00 0.00 0.00 0.00 | F:mu sigma m M 198.5 139.0 20.0 458.0 | H 1.099 | V 0.000 | pL 0.000 | vL 0.000 | delta 0.000
U 393 | F 804864 | FPS 0029 | D 27709 | rR:mu sigma m M 0.00 0.00 0.00 0.00 | F:mu sigma m M 167.4 152.1 32.0 603.0 | H 1.099 | V 0.000 | pL 0.000 | vL 0.000 | delta 0.000
U 394 | F 806912 | FPS 0030 | D 27777 | rR:mu sigma m M 0.00 0.00 0.00 0.00 | F:mu sigma m M 184.8 88.9 29.0 342.0 | H 1.099 | V 0.000 | pL -0.000 | vL 0.000 | delta 0.000
U 395 | F 808960 | FPS 0029 | D 27846 | rR:mu sigma m M 0.00 0.00 0.00 0.00 | F:mu sigma m M 138.9 144.2 29.0 634.0 | H 1.099 | V 0.000 | pL 0.000 | vL 0.000 | delta 0.000
U 396 | F 811008 | FPS 0030 | D 27915 | rR:mu sigma m M 0.00 0.00 0.00 0.00 | F:mu sigma m M 119.2 81.1 13.0 281.0 | H 1.099 | V 0.000 | pL 0.000 | vL 0.000 | delta 0.000
U 397 | F 813056 | FPS 0026 | D 27994 | rR:mu sigma m M 0.00 0.00 0.00 0.00 | F:mu sigma m M 160.9 134.1 15.0 472.0 | H 1.099 | V 0.000 | pL -0.000 | vL 0.000 | delta 0.000
U 398 | F 815104 | FPS 0031 | D 28061 | rR:mu sigma m M 0.00 0.00 0.00 0.00 | F:mu sigma m M 113.1 79.7 24.0 288.0 | H 1.098 | V 0.001 | pL -0.000 | vL 0.000 | delta 0.001
U 399 | F 817152 | FPS 0029 | D 28130 | rR:mu sigma m M 0.00 0.00 0.00 0.00 | F:mu sigma m M 130.4 66.5 24.0 277.0 | H 1.099 | V 0.001 | pL 0.000 | vL 0.000 | delta 0.001
U 400 | F 819200 | FPS 0026 | D 28210 | rR:mu sigma m M 0.00 0.00 0.00 0.00 | F:mu sigma m M 138.6 94.2 28.0 341.0 | H 1.098 | V 0.001 | pL 0.000 | vL 0.000 | delta 0.001
U 401 | F 821248 | FPS 0028 | D 28284 | rR:mu sigma m M 0.00 0.00 0.00 0.00 | F:mu sigma m M 122.8 134.1 22.0 612.0 | H 1.099 | V 0.001 | pL 0.000 | vL 0.000 | delta 0.000
U 402 | F 823296 | FPS 0028 | D 28357 | rR:mu sigma m M 0.00 0.00 0.00 0.00 | F:mu sigma m M 205.9 161.4 33.0 612.0 | H 1.099 | V 0.001 | pL 0.000 | vL 0.000 | delta 0.000
U 403 | F 825344 | FPS 0030 | D 28426 | rR:mu sigma m M 0.00 0.00 0.00 0.00 | F:mu sigma m M 217.3 118.6 29.0 454.0 | H 1.099 | V 0.001 | pL -0.000 | vL 0.000 | delta 0.001
U 404 | F 827392 | FPS 0034 | D 28487 | rR:mu sigma m M 0.00 0.00 0.00 0.00 | F:mu sigma m M 208.8 127.6 44.0 469.0 | H 1.098 | V 0.002 | pL 0.000 | vL 0.000 | delta 0.001
U 405 | F 829440 | FPS 0024 | D 28571 | rR:mu sigma m M 0.00 0.00 0.00 0.00 | F:mu sigma m M 221.9 148.7 53.0 469.0 | H 1.098 | V 0.002 | pL 0.001 | vL 0.000 | delta 0.001
U 406 | F 831488 | FPS 0028 | D 28643 | rR:mu sigma m M 0.00 0.00 0.00 0.00 | F:mu sigma m M 218.0 130.7 29.0 511.0 | H 1.099 | V 0.001 | pL 0.000 | vL 0.000 | delta 0.000
U 407 | F 833536 | FPS 0029 | D 28715 | rR:mu sigma m M 0.00 0.00 0.00 0.00 | F:mu sigma m M 186.3 194.4 29.0 863.0 | H 1.099 | V 0.001 | pL 0.000 | vL 0.000 | delta 0.000
U 408 | F 835584 | FPS 0032 | D 28779 | rR:mu sigma m M 0.00 0.00 0.00 0.00 | F:mu sigma m M 162.5 83.1 10.0 291.0 | H 1.098 | V 0.001 | pL 0.000 | vL 0.000 | delta 0.000
U 409 | F 837632 | FPS 0028 | D 28852 | rR:mu sigma m M 0.00 0.00 0.00 0.00 | F:mu sigma m M 180.4 110.4 47.0 449.0 | H 1.098 | V 0.001 | pL 0.000 | vL 0.000 | delta 0.000
U 410 | F 839680 | FPS 0032 | D 28917 | rR:mu sigma m M 0.05 0.20 0.00 0.81 | F:mu sigma m M 220.3 149.8 53.0 614.0 | H 1.097 | V 0.005 | pL -0.005 | vL 0.001 | delta 0.008
U 411 | F 841728 | FPS 0027 | D 28992 | rR:mu sigma m M 0.00 0.00 0.00 0.00 | F:mu sigma m M 135.8 96.3 46.0 449.0 | H 1.098 | V 0.002 | pL -0.000 | vL 0.000 | delta 0.004
U 412 | F 843776 | FPS 0029 | D 29062 | rR:mu sigma m M 0.00 0.00 0.00 0.00 | F:mu sigma m M 157.2 101.7 31.0 375.0 | H 1.098 | V 0.003 | pL 0.002 | vL 0.000 | delta 0.003
U 413 | F 845824 | FPS 0033 | D 29124 | rR:mu sigma m M 0.00 0.00 0.00 0.00 | F:mu sigma m M 187.9 146.2 43.0 540.0 | H 1.099 | V -0.000 | pL -0.000 | vL 0.000 | delta 0.000
U 414 | F 847872 | FPS 0030 | D 29194 | rR:mu sigma m M 0.00 0.00 0.00 0.00 | F:mu sigma m M 128.2 98.9 17.0 367.0 | H 1.098 | V 0.003 | pL -0.002 | vL 0.000 | delta 0.002
U 415 | F 849920 | FPS 0029 | D 29264 | rR:mu sigma m M 0.00 0.00 0.00 0.00 | F:mu sigma m M 172.3 112.3 33.0 353.0 | H 1.095 | V 0.010 | pL 0.002 | vL 0.000 | delta 0.004
U 416 | F 851968 | FPS 0032 | D 29329 | rR:mu sigma m M 0.05 0.19 0.00 0.79 | F:mu sigma m M 173.0 107.1 33.0 353.0 | H 1.098 | V 0.009 | pL -0.004 | vL 0.001 | delta 0.012
U 417 | F 854016 | FPS 0026 | D 29407 | rR:mu sigma m M 0.05 0.19 0.00 0.79 | F:mu sigma m M 204.3 170.6 24.0 766.0 | H 1.099 | V 0.002 | pL 0.001 | vL 0.000 | delta 0.002
U 418 | F 856064 | FPS 0029 | D 29479 | rR:mu sigma m M 0.00 0.00 0.00 0.00 | F:mu sigma m M 260.1 233.6 24.0 766.0 | H 1.099 | V 0.003 | pL 0.001 | vL 0.000 | delta 0.001
U 419 | F 858112 | FPS 0029 | D 29549 | rR:mu sigma m M 0.00 0.00 0.00 0.00 | F:mu sigma m M 215.9 189.3 35.0 635.0 | H 1.099 | V 0.003 | pL 0.001 | vL 0.000 | delta 0.000
U 420 | F 860160 | FPS 0032 | D 29613 | rR:mu sigma m M 0.00 0.00 0.00 0.00 | F:mu sigma m M 124.3 107.5 12.0 436.0 | H 1.099 | V 0.002 | pL 0.001 | vL 0.000 | delta 0.000
U 421 | F 862208 | FPS 0030 | D 29680 | rR:mu sigma m M 0.00 0.00 0.00 0.00 | F:mu sigma m M 120.2 72.2 26.0 267.0 | H 1.099 | V 0.001 | pL 0.000 | vL 0.000 | delta 0.001
U 422 | F 864256 | FPS 0030 | D 29750 | rR:mu sigma m M 0.00 0.00 0.00 0.00 | F:mu sigma m M 173.1 169.1 17.0 676.0 | H 1.099 | V 0.001 | pL 0.000 | vL 0.000 | delta 0.000
U 423 | F 866304 | FPS 0030 | D 29819 | rR:mu sigma m M 0.00 0.00 0.00 0.00 | F:mu sigma m M 179.9 113.7 51.0 489.0 | H 1.099 | V 0.001 | pL -0.000 | vL 0.000 | delta 0.002
U 424 | F 868352 | FPS 0028 | D 29891 | rR:mu sigma m M 0.00 0.00 0.00 0.00 | F:mu sigma m M 172.3 136.2 12.0 532.0 | H 1.098 | V 0.005 | pL 0.002 | vL 0.000 | delta 0.005
U 425 | F 870400 | FPS 0027 | D 29966 | rR:mu sigma m M 0.00 0.00 0.00 0.00 | F:mu sigma m M 133.9 125.4 12.0 488.0 | H 1.098 | V 0.004 | pL -0.000 | vL 0.000 | delta 0.002
U 426 | F 872448 | FPS 0029 | D 30037 | rR:mu sigma m M 0.10 0.26 0.00 0.89 | F:mu sigma m M 187.1 145.0 40.0 488.0 | H 1.096 | V 0.011 | pL -0.010 | vL 0.002 | delta 0.022
U 427 | F 874496 | FPS 0034 | D 30098 | rR:mu sigma m M 0.00 0.00 0.00 0.00 | F:mu sigma m M 169.9 135.2 27.0 590.0 | H 1.097 | V 0.001 | pL -0.001 | vL 0.000 | delta 0.008
U 428 | F 876544 | FPS 0031 | D 30163 | rR:mu sigma m M 0.00 0.00 0.00 0.00 | F:mu sigma m M 134.1 186.3 14.0 653.0 | H 1.098 | V -0.006 | pL -0.002 | vL 0.000 | delta 0.002
U 429 | F 878592 | FPS 0028 | D 30237 | rR:mu sigma m M 0.04 0.17 0.00 0.71 | F:mu sigma m M 163.6 98.9 56.0 408.0 | H 1.096 | V 0.007 | pL -0.006 | vL 0.000 | delta 0.005
U 430 | F 880640 | FPS 0030 | D 30304 | rR:mu sigma m M 0.04 0.17 0.00 0.71 | F:mu sigma m M 123.8 84.4 22.0 291.0 | H 1.099 | V -0.004 | pL -0.001 | vL 0.000 | delta 0.000
U 431 | F 882688 | FPS 0032 | D 30368 | rR:mu sigma m M 0.05 0.19 0.00 0.78 | F:mu sigma m M 162.8 95.3 30.0 369.0 | H 1.095 | V 0.005 | pL -0.007 | vL 0.001 | delta 0.012
U 432 | F 884736 | FPS 0036 | D 30425 | rR:mu sigma m M 0.00 0.00 0.00 0.00 | F:mu sigma m M 162.3 96.7 36.0 437.0 | H 1.098 | V -0.006 | pL -0.002 | vL 0.000 | delta 0.003
U 433 | F 886784 | FPS 0030 | D 30493 | rR:mu sigma m M 0.06 0.21 0.00 0.88 | F:mu sigma m M 144.8 101.3 16.0 437.0 | H 1.097 | V 0.005 | pL -0.007 | vL 0.001 | delta 0.031
U 434 | F 888832 | FPS 0030 | D 30560 | rR:mu sigma m M 0.00 0.00 0.00 0.00 | F:mu sigma m M 135.8 75.3 10.0 249.0 | H 1.097 | V 0.012 | pL 0.002 | vL 0.001 | delta 0.010
U 435 | F 890880 | FPS 0033 | D 30622 | rR:mu sigma m M 0.00 0.00 0.00 0.00 | F:mu sigma m M 182.9 174.6 16.0 523.0 | H 1.096 | V 0.009 | pL 0.002 | vL 0.000 | delta 0.005
U 436 | F 892928 | FPS 0029 | D 30694 | rR:mu sigma m M 0.05 0.21 0.00 0.85 | F:mu sigma m M 164.7 149.9 42.0 492.0 | H 1.091 | V 0.015 | pL -0.003 | vL 0.001 | delta 0.014
U 437 | F 894976 | FPS 0031 | D 30759 | rR:mu sigma m M 0.09 0.25 0.00 0.85 | F:mu sigma m M 178.1 145.9 46.0 561.0 | H 1.095 | V 0.021 | pL -0.001 | vL 0.000 | delta 0.007
U 438 | F 897024 | FPS 0028 | D 30833 | rR:mu sigma m M 0.04 0.15 0.00 0.63 | F:mu sigma m M 274.9 146.2 68.0 561.0 | H 1.098 | V 0.005 | pL 0.001 | vL 0.000 | delta 0.002
U 439 | F 899072 | FPS 0028 | D 30905 | rR:mu sigma m M 0.00 0.00 0.00 0.00 | F:mu sigma m M 160.1 103.6 43.0 397.0 | H 1.098 | V 0.006 | pL 0.001 | vL 0.000 | delta 0.004
U 440 | F 901120 | FPS 0033 | D 30967 | rR:mu sigma m M 0.06 0.22 0.00 0.91 | F:mu sigma m M 143.0 110.9 22.0 474.0 | H 1.093 | V 0.022 | pL -0.005 | vL 0.001 | delta 0.016
U 441 | F 903168 | FPS 0032 | D 31032 | rR:mu sigma m M 0.05 0.18 0.00 0.77 | F:mu sigma m M 121.2 97.2 11.0 294.0 | H 1.094 | V 0.026 | pL -0.000 | vL 0.000 | delta 0.010
U 442 | F 905216 | FPS 0031 | D 31098 | rR:mu sigma m M 0.10 0.27 0.00 0.86 | F:mu sigma m M 116.1 80.3 11.0 257.0 | H 1.095 | V 0.024 | pL -0.004 | vL 0.001 | delta 0.011
U 443 | F 907264 | FPS 0032 | D 31163 | rR:mu sigma m M 0.00 0.00 0.00 0.00 | F:mu sigma m M 137.3 127.1 20.0 475.0 | H 1.097 | V 0.005 | pL 0.002 | vL 0.000 | delta 0.004
U 444 | F 909312 | FPS 0031 | D 31230 | rR:mu sigma m M 0.04 0.19 0.00 0.87 | F:mu sigma m M 162.4 138.3 18.0 651.0 | H 1.092 | V 0.021 | pL -0.004 | vL 0.000 | delta 0.013
U 445 | F 911360 | FPS 0028 | D 31302 | rR:mu sigma m M 0.05 0.21 0.00 0.87 | F:mu sigma m M 131.4 148.6 18.0 651.0 | H 1.098 | V 0.001 | pL -0.000 | vL 0.000 | delta 0.002
U 446 | F 913408 | FPS 0031 | D 31367 | rR:mu sigma m M 0.00 0.00 0.00 0.00 | F:mu sigma m M 149.4 84.5 19.0 247.0 | H 1.098 | V 0.001 | pL 0.000 | vL 0.000 | delta 0.001
U 447 | F 915456 | FPS 0026 | D 31446 | rR:mu sigma m M 0.00 0.00 0.00 0.00 | F:mu sigma m M 106.4 97.5 11.0 371.0 | H 1.091 | V 0.013 | pL -0.004 | vL 0.000 | delta 0.008
U 448 | F 917504 | FPS 0033 | D 31508 | rR:mu sigma m M 0.10 0.27 0.00 0.84 | F:mu sigma m M 160.8 111.7 34.0 372.0 | H 1.070 | V 0.048 | pL 0.002 | vL 0.002 | delta 0.025
U 449 | F 919552 | FPS 0032 | D 31571 | rR:mu sigma m M 0.10 0.27 0.00 0.86 | F:mu sigma m M 131.9 103.9 12.0 397.0 | H 1.076 | V 0.057 | pL -0.012 | vL 0.002 | delta 0.026
U 450 | F 921600 | FPS 0032 | D 31636 | rR:mu sigma m M 0.11 0.29 0.00 0.87 | F:mu sigma m M 115.4 91.4 11.0 397.0 | H 1.079 | V 0.039 | pL 0.008 | vL 0.000 | delta 0.013
U 451 | F 923648 | FPS 0033 | D 31697 | rR:mu sigma m M 0.09 0.24 0.00 0.88 | F:mu sigma m M 164.8 129.7 11.0 440.0 | H 1.071 | V 0.049 | pL -0.011 | vL 0.001 | delta 0.019
U 452 | F 925696 | FPS 0036 | D 31754 | rR:mu sigma m M 0.15 0.32 0.00 0.88 | F:mu sigma m M 128.4 75.1 33.0 313.0 | H 1.034 | V 0.087 | pL -0.009 | vL 0.004 | delta 0.031
U 453 | F 927744 | FPS 0040 | D 31805 | rR:mu sigma m M 0.06 0.17 0.00 0.60 | F:mu sigma m M 111.2 132.5 22.0 522.0 | H 1.048 | V 0.062 | pL 0.007 | vL 0.001 | delta 0.015
U 454 | F 929792 | FPS 0038 | D 31859 | rR:mu sigma m M 0.11 0.28 0.00 0.87 | F:mu sigma m M 121.4 65.1 22.0 231.0 | H 1.038 | V 0.067 | pL -0.007 | vL 0.004 | delta 0.028
U 455 | F 931840 | FPS 0042 | D 31907 | rR:mu sigma m M 0.10 0.28 0.00 0.91 | F:mu sigma m M 97.9 94.8 18.0 395.0 | H 1.031 | V 0.062 | pL -0.004 | vL 0.002 | delta 0.020
U 456 | F 933888 | FPS 0040 | D 31959 | rR:mu sigma m M 0.18 0.35 0.00 0.92 | F:mu sigma m M 105.6 61.9 20.0 292.0 | H 1.020 | V 0.074 | pL -0.013 | vL 0.003 | delta 0.027
U 457 | F 935936 | FPS 0038 | D 32013 | rR:mu sigma m M 0.27 0.40 0.00 0.94 | F:mu sigma m M 112.7 64.4 38.0 248.0 | H 0.997 | V 0.090 | pL -0.024 | vL 0.004 | delta 0.052
U 458 | F 937984 | FPS 0044 | D 32059 | rR:mu sigma m M 0.53 0.40 0.00 0.92 | F:mu sigma m M 150.4 80.1 41.0 281.0 | H 0.907 | V 0.235 | pL -0.027 | vL 0.008 | delta 0.069
U 459 | F 940032 | FPS 0045 | D 32104 | rR:mu sigma m M 0.37 0.43 0.00 0.91 | F:mu sigma m M 89.8 59.0 21.0 223.0 | H 0.901 | V 0.274 | pL -0.035 | vL 0.009 | delta 0.100
U 460 | F 942080 | FPS 0050 | D 32145 | rR:mu sigma m M 0.66 0.39 0.00 0.94 | F:mu sigma m M 105.8 77.3 18.0 419.0 | H 0.866 | V 0.346 | pL -0.055 | vL 0.009 | delta 0.076
U 461 | F 944128 | FPS 0052 | D 32184 | rR:mu sigma m M 0.74 0.36 0.00 0.94 | F:mu sigma m M 78.1 28.5 22.0 149.0 | H 0.818 | V 0.404 | pL -0.064 | vL 0.008 | delta 0.061
U 462 | F 946176 | FPS 0055 | D 32222 | rR:mu sigma m M 0.76 0.35 0.00 0.96 | F:mu sigma m M 72.9 29.7 26.0 141.0 | H 0.760 | V 0.488 | pL -0.066 | vL 0.011 | delta 0.085
U 463 | F 948224 | FPS 0060 | D 32256 | rR:mu sigma m M 0.84 0.27 0.00 0.96 | F:mu sigma m M 68.6 25.4 15.0 123.0 | H 0.739 | V 0.578 | pL -0.061 | vL 0.006 | delta 0.059
U 464 | F 950272 | FPS 0065 | D 32288 | rR:mu sigma m M 0.84 0.29 0.00 0.97 | F:mu sigma m M 56.5 15.3 20.0 95.0 | H 0.704 | V 0.628 | pL -0.042 | vL 0.010 | delta 0.082
U 465 | F 952320 | FPS 0066 | D 32319 | rR:mu sigma m M 0.88 0.25 0.00 0.97 | F:mu sigma m M 48.4 15.3 19.0 95.0 | H 0.670 | V 0.692 | pL -0.022 | vL 0.007 | delta 0.065
U 466 | F 954368 | FPS 0068 | D 32349 | rR:mu sigma m M 0.92 0.15 0.00 0.97 | F:mu sigma m M 50.6 13.1 24.0 90.0 | H 0.682 | V 0.707 | pL -0.012 | vL 0.004 | delta 0.046
U 467 | F 956416 | FPS 0071 | D 32378 | rR:mu sigma m M 0.95 0.01 0.92 0.97 | F:mu sigma m M 47.4 12.0 32.0 80.0 | H 0.619 | V 0.739 | pL -0.027 | vL 0.002 | delta 0.035
agent reach optimality, start collecting trajectories
agent successfully collected 10 trajectories
pickling optimal trajectories
Model successfully saved
/home/rdali/.local/easybuild/software/2017/Core/miniconda3/4.3.27/envs/observe/lib/python3.6/site-packages/torch/nn/functional.py:1906: UserWarning: reduction: 'mean' divides the total loss by both the batch size and the support size.'batchmean' divides only by the batch size, and aligns with the KL div math definition.'mean' will be changed to behave the same as 'batchmean' in the next major release.
  warnings.warn("reduction: 'mean' divides the total loss by both the batch size and the support size."
