The following modules were not unloaded:
  (Use "module --force purge" to unload all):

  1) StdEnv/2018.3     4) gcccore/.7.3.0      7) intel/2018.3
  2) nixpkgs/16.09     5) icc/.2018.3.222     8) openmpi/3.1.2
  3) imkl/2018.3.222   6) ifort/.2018.3.222

Due to MODULEPATH changes, the following have been reloaded:
  1) openmpi/3.1.2

Attention: While Conda works well in a desktop environment, it tends to create more problems than it solves on a cluster. Instead, we recommend that users use virtual environments and the binary packages that we provide through Python wheels as documented on the Python page.
/home/rdali/RL/watch_and_learn/dependency/rl-starter-files/scripts/train_agent_multidem.py --env MiniGrid-LavaCrossingAddictO8S15-v0 --algo ppo --nameDemonstrator LavaCrossing1508Addict1,LavaCrossing1508Addict2,LavaCrossing1508Addict3,LavaCrossing1508Addict4,LavaCrossing1508Addict10,LavaCrossing1508Addict11,LavaCrossing1508Addict12,LavaCrossing1508Addict13 --flat-model 0 --KLweight 0.01 --useKL 1 --meanReward 0.80 --rewardLB 0.70 --seed 5963

Namespace(KLweight=0.01, algo='ppo', batch_size=256, clip_eps=0.2, discount=0.99, entropy_coef=0.01, env='MiniGrid-LavaCrossingAddictO8S15-v0', epochs=4, flat_model=0, frames=10000000, frames_per_proc=None, full_obs=0, gae_lambda=0.95, log_interval=1, lr=0.0007, max_grad_norm=0.5, meanReward=0.8, mem=False, model=None, nameDemonstrator='LavaCrossing1508Addict1,LavaCrossing1508Addict2,LavaCrossing1508Addict3,LavaCrossing1508Addict4,LavaCrossing1508Addict10,LavaCrossing1508Addict11,LavaCrossing1508Addict12,LavaCrossing1508Addict13', optim_alpha=0.99, optim_eps=1e-05, procs=16, recurrence=1, rewardLB=0.7, save_interval=0, seed=5963, tb=False, text=False, useKL=1, value_loss_coef=0.5)

Flat model successfully created

ACModel(
  (image_conv): Sequential(
    (0): Conv2d(3, 32, kernel_size=(2, 2), stride=(1, 1))
    (1): ReLU()
    (2): MaxPool2d(kernel_size=(2, 2), stride=(2, 2), padding=0, dilation=1, ceil_mode=False)
    (3): Conv2d(32, 64, kernel_size=(2, 2), stride=(1, 1))
    (4): ReLU()
    (5): Conv2d(64, 64, kernel_size=(2, 2), stride=(1, 1))
    (6): ReLU()
  )
  (actor): Sequential(
    (0): Linear(in_features=1600, out_features=64, bias=True)
    (1): Tanh()
    (2): Linear(in_features=64, out_features=3, bias=True)
  )
  (critic): Sequential(
    (0): Linear(in_features=1600, out_features=64, bias=True)
    (1): Tanh()
    (2): Linear(in_features=64, out_features=1, bias=True)
  )
)

CUDA available: False

1
True
0.01
Using TensorFlow backend.
OMP: Info #212: KMP_AFFINITY: decoding x2APIC ids.
OMP: Info #210: KMP_AFFINITY: Affinity capable, using global cpuid leaf 11 info
OMP: Info #154: KMP_AFFINITY: Initial OS proc set respected: 5-8,10
OMP: Info #156: KMP_AFFINITY: 5 available OS procs
OMP: Info #158: KMP_AFFINITY: Nonuniform topology
OMP: Info #179: KMP_AFFINITY: 2 packages x 3 cores/pkg x 1 threads/core (5 total cores)
OMP: Info #214: KMP_AFFINITY: OS proc to physical thread map:
OMP: Info #171: KMP_AFFINITY: OS proc 8 maps to package 0 core 2 
OMP: Info #171: KMP_AFFINITY: OS proc 6 maps to package 0 core 3 
OMP: Info #171: KMP_AFFINITY: OS proc 10 maps to package 0 core 12 
OMP: Info #171: KMP_AFFINITY: OS proc 5 maps to package 1 core 1 
OMP: Info #171: KMP_AFFINITY: OS proc 7 maps to package 1 core 3 
OMP: Info #250: KMP_AFFINITY: pid 295904 tid 295904 thread 0 bound to OS proc set 8
OMP: Info #250: KMP_AFFINITY: pid 295904 tid 296136 thread 1 bound to OS proc set 5
OMP: Info #250: KMP_AFFINITY: pid 295904 tid 296146 thread 2 bound to OS proc set 6
OMP: Info #250: KMP_AFFINITY: pid 295904 tid 296151 thread 3 bound to OS proc set 7
OMP: Info #250: KMP_AFFINITY: pid 295904 tid 296161 thread 4 bound to OS proc set 10
OMP: Info #250: KMP_AFFINITY: pid 295904 tid 296309 thread 5 bound to OS proc set 8
OMP: Info #250: KMP_AFFINITY: pid 295904 tid 296308 thread 6 bound to OS proc set 5
OMP: Info #250: KMP_AFFINITY: pid 295904 tid 296338 thread 7 bound to OS proc set 6
OMP: Info #250: KMP_AFFINITY: pid 295904 tid 296340 thread 9 bound to OS proc set 10
OMP: Info #250: KMP_AFFINITY: pid 295904 tid 296339 thread 8 bound to OS proc set 7
OMP: Info #250: KMP_AFFINITY: pid 295904 tid 296341 thread 10 bound to OS proc set 8
OMP: Info #250: KMP_AFFINITY: pid 295904 tid 296428 thread 11 bound to OS proc set 5
OMP: Info #250: KMP_AFFINITY: pid 295904 tid 296429 thread 12 bound to OS proc set 6
OMP: Info #250: KMP_AFFINITY: pid 295904 tid 296431 thread 14 bound to OS proc set 10
OMP: Info #250: KMP_AFFINITY: pid 295904 tid 296430 thread 13 bound to OS proc set 7
OMP: Info #250: KMP_AFFINITY: pid 295904 tid 296432 thread 15 bound to OS proc set 8
U 1 | F 002048 | FPS 0027 | D 74 | rR:mu sigma m M 0.00 0.00 0.00 0.00 | F:mu sigma m M 45.1 43.5 0.0 123.0 | H 1.094 | V 0.210 | pL 0.057 | vL 0.002 | delta 0.081
U 2 | F 004096 | FPS 0027 | D 150 | rR:mu sigma m M 0.00 0.00 0.00 0.00 | F:mu sigma m M 107.3 58.9 26.0 236.0 | H 1.089 | V 0.177 | pL 0.047 | vL 0.001 | delta 0.031
U 3 | F 006144 | FPS 0023 | D 238 | rR:mu sigma m M 0.00 0.00 0.00 0.00 | F:mu sigma m M 160.3 92.4 26.0 315.0 | H 1.089 | V 0.136 | pL 0.034 | vL 0.001 | delta 0.019
U 4 | F 008192 | FPS 0023 | D 326 | rR:mu sigma m M 0.05 0.18 0.00 0.75 | F:mu sigma m M 228.9 96.1 27.0 363.0 | H 1.094 | V 0.125 | pL 0.022 | vL 0.001 | delta 0.017
U 5 | F 010240 | FPS 0027 | D 401 | rR:mu sigma m M 0.05 0.18 0.00 0.75 | F:mu sigma m M 215.1 118.3 37.0 416.0 | H 1.097 | V 0.097 | pL 0.026 | vL 0.000 | delta 0.010
U 6 | F 012288 | FPS 0028 | D 473 | rR:mu sigma m M 0.00 0.00 0.00 0.00 | F:mu sigma m M 247.1 196.9 17.0 715.0 | H 1.089 | V 0.075 | pL 0.024 | vL 0.000 | delta 0.014
U 7 | F 014336 | FPS 0024 | D 557 | rR:mu sigma m M 0.00 0.00 0.00 0.00 | F:mu sigma m M 164.4 155.2 17.0 715.0 | H 1.097 | V 0.061 | pL 0.016 | vL 0.000 | delta 0.008
U 8 | F 016384 | FPS 0026 | D 636 | rR:mu sigma m M 0.00 0.00 0.00 0.00 | F:mu sigma m M 236.5 186.6 66.0 826.0 | H 1.096 | V 0.045 | pL 0.013 | vL 0.000 | delta 0.007
U 9 | F 018432 | FPS 0030 | D 704 | rR:mu sigma m M 0.00 0.00 0.00 0.00 | F:mu sigma m M 176.1 179.0 57.0 786.0 | H 1.097 | V 0.034 | pL 0.012 | vL 0.000 | delta 0.006
U 10 | F 020480 | FPS 0024 | D 789 | rR:mu sigma m M 0.00 0.00 0.00 0.00 | F:mu sigma m M 164.4 136.3 31.0 494.0 | H 1.097 | V 0.025 | pL 0.007 | vL 0.000 | delta 0.004
U 11 | F 022528 | FPS 0027 | D 864 | rR:mu sigma m M 0.00 0.00 0.00 0.00 | F:mu sigma m M 204.6 127.4 31.0 494.0 | H 1.098 | V 0.020 | pL 0.005 | vL 0.000 | delta 0.001
U 12 | F 024576 | FPS 0031 | D 931 | rR:mu sigma m M 0.00 0.00 0.00 0.00 | F:mu sigma m M 222.3 148.0 31.0 671.0 | H 1.098 | V 0.015 | pL 0.004 | vL 0.000 | delta 0.002
U 13 | F 026624 | FPS 0027 | D 1006 | rR:mu sigma m M 0.00 0.00 0.00 0.00 | F:mu sigma m M 231.9 146.7 36.0 671.0 | H 1.098 | V 0.013 | pL 0.003 | vL 0.000 | delta 0.001
U 14 | F 028672 | FPS 0027 | D 1082 | rR:mu sigma m M 0.00 0.00 0.00 0.00 | F:mu sigma m M 287.0 136.0 31.0 464.0 | H 1.098 | V 0.010 | pL 0.003 | vL 0.000 | delta 0.001
U 15 | F 030720 | FPS 0028 | D 1155 | rR:mu sigma m M 0.00 0.00 0.00 0.00 | F:mu sigma m M 160.8 102.6 66.0 446.0 | H 1.098 | V 0.008 | pL 0.003 | vL 0.000 | delta 0.001
U 16 | F 032768 | FPS 0027 | D 1229 | rR:mu sigma m M 0.00 0.00 0.00 0.00 | F:mu sigma m M 119.8 73.0 16.0 257.0 | H 1.098 | V 0.007 | pL 0.002 | vL 0.000 | delta 0.001
U 17 | F 034816 | FPS 0029 | D 1301 | rR:mu sigma m M 0.00 0.00 0.00 0.00 | F:mu sigma m M 196.1 158.4 57.0 606.0 | H 1.098 | V 0.005 | pL 0.002 | vL 0.000 | delta 0.001
U 18 | F 036864 | FPS 0025 | D 1384 | rR:mu sigma m M 0.00 0.00 0.00 0.00 | F:mu sigma m M 215.0 179.4 36.0 606.0 | H 1.099 | V 0.004 | pL 0.001 | vL 0.000 | delta 0.001
U 19 | F 038912 | FPS 0032 | D 1449 | rR:mu sigma m M 0.00 0.00 0.00 0.00 | F:mu sigma m M 178.4 138.4 36.0 502.0 | H 1.099 | V 0.003 | pL 0.001 | vL 0.000 | delta 0.000
U 20 | F 040960 | FPS 0027 | D 1526 | rR:mu sigma m M 0.00 0.00 0.00 0.00 | F:mu sigma m M 198.9 144.3 13.0 502.0 | H 1.099 | V 0.002 | pL 0.001 | vL 0.000 | delta 0.000
U 21 | F 043008 | FPS 0027 | D 1603 | rR:mu sigma m M 0.00 0.00 0.00 0.00 | F:mu sigma m M 199.9 148.5 13.0 488.0 | H 1.099 | V 0.001 | pL 0.000 | vL 0.000 | delta 0.000
U 22 | F 045056 | FPS 0030 | D 1670 | rR:mu sigma m M 0.00 0.00 0.00 0.00 | F:mu sigma m M 239.9 196.0 32.0 804.0 | H 1.099 | V 0.001 | pL 0.000 | vL 0.000 | delta 0.000
U 23 | F 047104 | FPS 0028 | D 1744 | rR:mu sigma m M 0.00 0.00 0.00 0.00 | F:mu sigma m M 207.0 184.0 36.0 804.0 | H 1.099 | V 0.001 | pL 0.000 | vL 0.000 | delta 0.000
U 24 | F 049152 | FPS 0029 | D 1816 | rR:mu sigma m M 0.00 0.00 0.00 0.00 | F:mu sigma m M 201.5 117.1 57.0 400.0 | H 1.099 | V 0.001 | pL 0.000 | vL 0.000 | delta 0.000
U 25 | F 051200 | FPS 0031 | D 1882 | rR:mu sigma m M 0.05 0.20 0.00 0.84 | F:mu sigma m M 154.4 90.6 57.0 400.0 | H 1.096 | V 0.008 | pL -0.007 | vL 0.001 | delta 0.039
U 26 | F 053248 | FPS 0036 | D 1939 | rR:mu sigma m M 0.05 0.20 0.00 0.84 | F:mu sigma m M 165.8 90.7 48.0 338.0 | H 1.098 | V 0.004 | pL 0.001 | vL 0.000 | delta 0.004
U 27 | F 055296 | FPS 0029 | D 2010 | rR:mu sigma m M 0.00 0.00 0.00 0.00 | F:mu sigma m M 171.6 149.9 24.0 518.0 | H 1.098 | V 0.004 | pL 0.001 | vL 0.000 | delta 0.001
U 28 | F 057344 | FPS 0028 | D 2082 | rR:mu sigma m M 0.00 0.00 0.00 0.00 | F:mu sigma m M 130.1 82.4 16.0 380.0 | H 1.098 | V 0.004 | pL 0.001 | vL 0.000 | delta 0.001
U 29 | F 059392 | FPS 0029 | D 2152 | rR:mu sigma m M 0.00 0.00 0.00 0.00 | F:mu sigma m M 121.9 68.9 24.0 260.0 | H 1.098 | V 0.003 | pL 0.001 | vL 0.000 | delta 0.001
U 30 | F 061440 | FPS 0030 | D 2221 | rR:mu sigma m M 0.00 0.00 0.00 0.00 | F:mu sigma m M 234.6 208.1 41.0 900.0 | H 1.098 | V 0.002 | pL 0.001 | vL 0.000 | delta 0.000
U 31 | F 063488 | FPS 0029 | D 2291 | rR:mu sigma m M 0.00 0.00 0.00 0.00 | F:mu sigma m M 175.9 220.1 37.0 900.0 | H 1.098 | V 0.002 | pL 0.001 | vL 0.000 | delta 0.001
U 32 | F 065536 | FPS 0032 | D 2356 | rR:mu sigma m M 0.00 0.00 0.00 0.00 | F:mu sigma m M 109.4 80.0 18.0 280.0 | H 1.096 | V 0.003 | pL 0.001 | vL 0.000 | delta 0.002
U 33 | F 067584 | FPS 0026 | D 2436 | rR:mu sigma m M 0.05 0.19 0.00 0.77 | F:mu sigma m M 159.5 111.4 18.0 461.0 | H 1.095 | V 0.009 | pL -0.005 | vL 0.001 | delta 0.035
U 34 | F 069632 | FPS 0034 | D 2496 | rR:mu sigma m M 0.05 0.19 0.00 0.77 | F:mu sigma m M 180.5 121.6 29.0 548.0 | H 1.099 | V -0.008 | pL -0.002 | vL 0.000 | delta 0.006
U 35 | F 071680 | FPS 0030 | D 2564 | rR:mu sigma m M 0.00 0.00 0.00 0.00 | F:mu sigma m M 170.9 118.8 42.0 548.0 | H 1.098 | V -0.007 | pL -0.002 | vL 0.000 | delta 0.002
U 36 | F 073728 | FPS 0027 | D 2638 | rR:mu sigma m M 0.00 0.00 0.00 0.00 | F:mu sigma m M 152.3 102.1 42.0 418.0 | H 1.098 | V -0.006 | pL -0.002 | vL 0.000 | delta 0.001
U 37 | F 075776 | FPS 0030 | D 2707 | rR:mu sigma m M 0.00 0.00 0.00 0.00 | F:mu sigma m M 179.2 123.7 45.0 430.0 | H 1.099 | V -0.005 | pL -0.001 | vL 0.000 | delta 0.001
U 38 | F 077824 | FPS 0027 | D 2783 | rR:mu sigma m M 0.00 0.00 0.00 0.00 | F:mu sigma m M 197.9 137.5 42.0 552.0 | H 1.098 | V -0.004 | pL -0.001 | vL 0.000 | delta 0.001
U 39 | F 079872 | FPS 0026 | D 2861 | rR:mu sigma m M 0.00 0.00 0.00 0.00 | F:mu sigma m M 250.4 149.1 26.0 552.0 | H 1.097 | V 0.000 | pL 0.000 | vL 0.000 | delta 0.005
U 40 | F 081920 | FPS 0030 | D 2929 | rR:mu sigma m M 0.00 0.00 0.00 0.00 | F:mu sigma m M 206.6 154.8 20.0 507.0 | H 1.098 | V -0.003 | pL -0.000 | vL 0.000 | delta 0.001
U 41 | F 083968 | FPS 0029 | D 2999 | rR:mu sigma m M 0.00 0.00 0.00 0.00 | F:mu sigma m M 204.0 155.0 20.0 598.0 | H 1.098 | V -0.002 | pL -0.000 | vL 0.000 | delta 0.001
U 42 | F 086016 | FPS 0032 | D 3063 | rR:mu sigma m M 0.00 0.00 0.00 0.00 | F:mu sigma m M 199.4 146.2 29.0 606.0 | H 1.097 | V 0.002 | pL -0.001 | vL 0.000 | delta 0.004
U 43 | F 088064 | FPS 0028 | D 3136 | rR:mu sigma m M 0.00 0.00 0.00 0.00 | F:mu sigma m M 166.6 147.5 18.0 606.0 | H 1.098 | V 0.001 | pL 0.001 | vL 0.000 | delta 0.002
U 44 | F 090112 | FPS 0027 | D 3211 | rR:mu sigma m M 0.04 0.16 0.00 0.64 | F:mu sigma m M 132.4 96.3 36.0 357.0 | H 1.096 | V 0.006 | pL -0.005 | vL 0.000 | delta 0.011
U 45 | F 092160 | FPS 0029 | D 3282 | rR:mu sigma m M 0.00 0.00 0.00 0.00 | F:mu sigma m M 174.9 206.5 28.0 888.0 | H 1.099 | V 0.000 | pL 0.000 | vL 0.000 | delta 0.001
U 46 | F 094208 | FPS 0028 | D 3356 | rR:mu sigma m M 0.00 0.00 0.00 0.00 | F:mu sigma m M 113.5 95.9 19.0 338.0 | H 1.098 | V 0.000 | pL -0.001 | vL 0.000 | delta 0.002
U 47 | F 096256 | FPS 0032 | D 3420 | rR:mu sigma m M 0.00 0.00 0.00 0.00 | F:mu sigma m M 181.7 120.3 19.0 365.0 | H 1.098 | V -0.001 | pL 0.001 | vL 0.000 | delta 0.001
U 48 | F 098304 | FPS 0028 | D 3493 | rR:mu sigma m M 0.00 0.00 0.00 0.00 | F:mu sigma m M 151.6 118.5 34.0 491.0 | H 1.098 | V 0.001 | pL -0.000 | vL 0.000 | delta 0.002
U 49 | F 100352 | FPS 0029 | D 3563 | rR:mu sigma m M 0.00 0.00 0.00 0.00 | F:mu sigma m M 174.1 136.4 34.0 517.0 | H 1.098 | V 0.004 | pL 0.000 | vL 0.000 | delta 0.003
U 50 | F 102400 | FPS 0031 | D 3631 | rR:mu sigma m M 0.03 0.13 0.00 0.54 | F:mu sigma m M 146.6 112.5 25.0 457.0 | H 1.098 | V 0.003 | pL -0.002 | vL 0.000 | delta 0.009
U 51 | F 104448 | FPS 0030 | D 3699 | rR:mu sigma m M 0.00 0.00 0.00 0.00 | F:mu sigma m M 164.6 118.1 25.0 429.0 | H 1.098 | V -0.002 | pL -0.001 | vL 0.000 | delta 0.001
U 52 | F 106496 | FPS 0030 | D 3768 | rR:mu sigma m M 0.00 0.00 0.00 0.00 | F:mu sigma m M 189.6 124.4 25.0 429.0 | H 1.098 | V -0.002 | pL -0.001 | vL 0.000 | delta 0.001
U 53 | F 108544 | FPS 0027 | D 3842 | rR:mu sigma m M 0.00 0.00 0.00 0.00 | F:mu sigma m M 301.1 256.5 31.0 900.0 | H 1.098 | V -0.001 | pL -0.000 | vL 0.000 | delta 0.001
U 54 | F 110592 | FPS 0029 | D 3912 | rR:mu sigma m M 0.00 0.00 0.00 0.00 | F:mu sigma m M 187.7 157.4 47.0 671.0 | H 1.099 | V -0.001 | pL -0.000 | vL 0.000 | delta 0.001
U 55 | F 112640 | FPS 0028 | D 3986 | rR:mu sigma m M 0.00 0.00 0.00 0.00 | F:mu sigma m M 159.6 123.2 44.0 547.0 | H 1.099 | V -0.001 | pL -0.000 | vL 0.000 | delta 0.000
U 56 | F 114688 | FPS 0029 | D 4058 | rR:mu sigma m M 0.00 0.00 0.00 0.00 | F:mu sigma m M 166.1 107.6 28.0 363.0 | H 1.099 | V -0.001 | pL -0.000 | vL 0.000 | delta 0.000
U 57 | F 116736 | FPS 0028 | D 4131 | rR:mu sigma m M 0.00 0.00 0.00 0.00 | F:mu sigma m M 121.3 93.7 14.0 293.0 | H 1.099 | V -0.001 | pL -0.000 | vL 0.000 | delta 0.001
U 58 | F 118784 | FPS 0030 | D 4200 | rR:mu sigma m M 0.00 0.00 0.00 0.00 | F:mu sigma m M 234.9 175.6 44.0 630.0 | H 1.099 | V 0.001 | pL 0.000 | vL 0.000 | delta 0.002
U 59 | F 120832 | FPS 0027 | D 4277 | rR:mu sigma m M 0.00 0.00 0.00 0.00 | F:mu sigma m M 190.6 211.3 23.0 900.0 | H 1.099 | V -0.001 | pL -0.000 | vL 0.000 | delta 0.001
U 60 | F 122880 | FPS 0029 | D 4347 | rR:mu sigma m M 0.00 0.00 0.00 0.00 | F:mu sigma m M 200.2 212.1 50.0 900.0 | H 1.099 | V -0.000 | pL -0.000 | vL 0.000 | delta 0.001
U 61 | F 124928 | FPS 0031 | D 4414 | rR:mu sigma m M 0.00 0.00 0.00 0.00 | F:mu sigma m M 198.2 137.7 27.0 471.0 | H 1.099 | V -0.000 | pL -0.000 | vL 0.000 | delta 0.001
U 62 | F 126976 | FPS 0029 | D 4486 | rR:mu sigma m M 0.00 0.00 0.00 0.00 | F:mu sigma m M 194.2 127.6 27.0 426.0 | H 1.099 | V -0.001 | pL -0.000 | vL 0.000 | delta 0.000
U 63 | F 129024 | FPS 0028 | D 4559 | rR:mu sigma m M 0.00 0.00 0.00 0.00 | F:mu sigma m M 159.1 131.3 29.0 576.0 | H 1.098 | V -0.000 | pL -0.000 | vL 0.000 | delta 0.001
U 64 | F 131072 | FPS 0028 | D 4633 | rR:mu sigma m M 0.00 0.00 0.00 0.00 | F:mu sigma m M 158.0 129.6 24.0 552.0 | H 1.096 | V 0.003 | pL -0.002 | vL 0.000 | delta 0.006
U 65 | F 133120 | FPS 0027 | D 4708 | rR:mu sigma m M 0.04 0.17 0.00 0.71 | F:mu sigma m M 159.5 127.6 21.0 552.0 | H 1.095 | V 0.014 | pL -0.002 | vL 0.001 | delta 0.016
U 66 | F 135168 | FPS 0031 | D 4774 | rR:mu sigma m M 0.04 0.17 0.00 0.71 | F:mu sigma m M 187.1 141.4 21.0 571.0 | H 1.098 | V 0.008 | pL 0.001 | vL 0.000 | delta 0.002
U 67 | F 137216 | FPS 0029 | D 4844 | rR:mu sigma m M 0.00 0.00 0.00 0.00 | F:mu sigma m M 217.2 140.5 39.0 571.0 | H 1.098 | V 0.008 | pL 0.002 | vL 0.000 | delta 0.002
U 68 | F 139264 | FPS 0026 | D 4922 | rR:mu sigma m M 0.00 0.00 0.00 0.00 | F:mu sigma m M 238.8 194.0 29.0 608.0 | H 1.099 | V 0.005 | pL 0.002 | vL 0.000 | delta 0.001
U 69 | F 141312 | FPS 0026 | D 5000 | rR:mu sigma m M 0.00 0.00 0.00 0.00 | F:mu sigma m M 198.0 176.0 29.0 608.0 | H 1.099 | V 0.004 | pL 0.001 | vL 0.000 | delta 0.001
U 70 | F 143360 | FPS 0033 | D 5063 | rR:mu sigma m M 0.00 0.00 0.00 0.00 | F:mu sigma m M 133.1 123.9 23.0 524.0 | H 1.099 | V 0.003 | pL 0.001 | vL 0.000 | delta 0.001
U 71 | F 145408 | FPS 0027 | D 5138 | rR:mu sigma m M 0.00 0.00 0.00 0.00 | F:mu sigma m M 159.6 168.8 23.0 674.0 | H 1.098 | V 0.003 | pL 0.000 | vL 0.000 | delta 0.001
U 72 | F 147456 | FPS 0027 | D 5214 | rR:mu sigma m M 0.00 0.00 0.00 0.00 | F:mu sigma m M 142.4 109.9 29.0 388.0 | H 1.099 | V 0.002 | pL 0.001 | vL 0.000 | delta 0.001
U 73 | F 149504 | FPS 0032 | D 5277 | rR:mu sigma m M 0.00 0.00 0.00 0.00 | F:mu sigma m M 156.5 136.6 19.0 600.0 | H 1.099 | V 0.001 | pL 0.000 | vL 0.000 | delta 0.000
U 74 | F 151552 | FPS 0028 | D 5350 | rR:mu sigma m M 0.00 0.00 0.00 0.00 | F:mu sigma m M 182.6 125.9 19.0 452.0 | H 1.099 | V 0.002 | pL 0.001 | vL 0.000 | delta 0.001
U 75 | F 153600 | FPS 0030 | D 5418 | rR:mu sigma m M 0.00 0.00 0.00 0.00 | F:mu sigma m M 146.2 92.7 29.0 347.0 | H 1.099 | V 0.001 | pL 0.000 | vL 0.000 | delta 0.000
U 76 | F 155648 | FPS 0029 | D 5489 | rR:mu sigma m M 0.00 0.00 0.00 0.00 | F:mu sigma m M 122.4 115.4 18.0 517.0 | H 1.099 | V 0.001 | pL 0.000 | vL 0.000 | delta 0.000
U 77 | F 157696 | FPS 0028 | D 5562 | rR:mu sigma m M 0.00 0.00 0.00 0.00 | F:mu sigma m M 171.2 127.2 43.0 517.0 | H 1.099 | V 0.001 | pL 0.000 | vL 0.000 | delta 0.000
U 78 | F 159744 | FPS 0030 | D 5631 | rR:mu sigma m M 0.00 0.00 0.00 0.00 | F:mu sigma m M 152.6 93.2 20.0 403.0 | H 1.099 | V 0.001 | pL 0.000 | vL 0.000 | delta 0.000
U 79 | F 161792 | FPS 0030 | D 5699 | rR:mu sigma m M 0.00 0.00 0.00 0.00 | F:mu sigma m M 173.6 124.7 20.0 403.0 | H 1.099 | V 0.000 | pL 0.000 | vL 0.000 | delta 0.000
U 80 | F 163840 | FPS 0030 | D 5767 | rR:mu sigma m M 0.00 0.00 0.00 0.00 | F:mu sigma m M 163.2 143.5 26.0 569.0 | H 1.099 | V 0.000 | pL 0.000 | vL 0.000 | delta 0.000
U 81 | F 165888 | FPS 0027 | D 5843 | rR:mu sigma m M 0.00 0.00 0.00 0.00 | F:mu sigma m M 151.7 121.8 44.0 483.0 | H 1.099 | V 0.000 | pL 0.000 | vL 0.000 | delta 0.000
U 82 | F 167936 | FPS 0030 | D 5912 | rR:mu sigma m M 0.00 0.00 0.00 0.00 | F:mu sigma m M 248.6 208.0 27.0 900.0 | H 1.099 | V 0.001 | pL 0.000 | vL 0.000 | delta 0.001
U 83 | F 169984 | FPS 0028 | D 5986 | rR:mu sigma m M 0.00 0.00 0.00 0.00 | F:mu sigma m M 160.8 112.8 27.0 453.0 | H 1.099 | V 0.001 | pL 0.000 | vL 0.000 | delta 0.000
U 84 | F 172032 | FPS 0030 | D 6054 | rR:mu sigma m M 0.00 0.00 0.00 0.00 | F:mu sigma m M 148.2 102.4 34.0 385.0 | H 1.099 | V 0.000 | pL 0.000 | vL 0.000 | delta 0.000
U 85 | F 174080 | FPS 0027 | D 6129 | rR:mu sigma m M 0.00 0.00 0.00 0.00 | F:mu sigma m M 160.6 92.1 57.0 385.0 | H 1.099 | V 0.000 | pL 0.000 | vL 0.000 | delta 0.000
U 86 | F 176128 | FPS 0030 | D 6198 | rR:mu sigma m M 0.00 0.00 0.00 0.00 | F:mu sigma m M 184.7 93.8 29.0 385.0 | H 1.099 | V 0.000 | pL 0.000 | vL 0.000 | delta 0.000
U 87 | F 178176 | FPS 0030 | D 6266 | rR:mu sigma m M 0.00 0.00 0.00 0.00 | F:mu sigma m M 160.6 122.2 24.0 455.0 | H 1.099 | V 0.000 | pL 0.000 | vL 0.000 | delta 0.000
U 88 | F 180224 | FPS 0029 | D 6336 | rR:mu sigma m M 0.00 0.00 0.00 0.00 | F:mu sigma m M 244.9 231.5 28.0 743.0 | H 1.099 | V 0.000 | pL 0.000 | vL 0.000 | delta 0.000
U 89 | F 182272 | FPS 0028 | D 6410 | rR:mu sigma m M 0.00 0.00 0.00 0.00 | F:mu sigma m M 243.1 228.8 25.0 743.0 | H 1.099 | V 0.000 | pL 0.000 | vL 0.000 | delta 0.000
U 90 | F 184320 | FPS 0032 | D 6474 | rR:mu sigma m M 0.00 0.00 0.00 0.00 | F:mu sigma m M 204.2 123.1 25.0 433.0 | H 1.099 | V 0.000 | pL 0.000 | vL 0.000 | delta 0.000
U 91 | F 186368 | FPS 0028 | D 6547 | rR:mu sigma m M 0.04 0.15 0.00 0.64 | F:mu sigma m M 181.4 127.7 21.0 392.0 | H 1.098 | V 0.007 | pL -0.005 | vL 0.001 | delta 0.016
U 92 | F 188416 | FPS 0031 | D 6613 | rR:mu sigma m M 0.00 0.00 0.00 0.00 | F:mu sigma m M 164.6 106.7 52.0 429.0 | H 1.098 | V 0.000 | pL 0.000 | vL 0.000 | delta 0.001
U 93 | F 190464 | FPS 0032 | D 6678 | rR:mu sigma m M 0.00 0.00 0.00 0.00 | F:mu sigma m M 133.9 85.9 32.0 287.0 | H 1.099 | V 0.000 | pL -0.000 | vL 0.000 | delta 0.000
U 94 | F 192512 | FPS 0030 | D 6746 | rR:mu sigma m M 0.00 0.00 0.00 0.00 | F:mu sigma m M 146.1 103.8 45.0 438.0 | H 1.099 | V 0.001 | pL 0.000 | vL 0.000 | delta 0.000
U 95 | F 194560 | FPS 0030 | D 6813 | rR:mu sigma m M 0.00 0.00 0.00 0.00 | F:mu sigma m M 172.6 119.5 31.0 525.0 | H 1.099 | V 0.000 | pL 0.000 | vL 0.000 | delta 0.000
U 96 | F 196608 | FPS 0027 | D 6888 | rR:mu sigma m M 0.00 0.00 0.00 0.00 | F:mu sigma m M 154.5 118.9 31.0 525.0 | H 1.099 | V 0.000 | pL 0.000 | vL 0.000 | delta 0.000
U 97 | F 198656 | FPS 0028 | D 6962 | rR:mu sigma m M 0.00 0.00 0.00 0.00 | F:mu sigma m M 132.8 96.4 14.0 393.0 | H 1.099 | V 0.000 | pL 0.000 | vL 0.000 | delta 0.000
U 98 | F 200704 | FPS 0033 | D 7025 | rR:mu sigma m M 0.00 0.00 0.00 0.00 | F:mu sigma m M 166.7 127.4 14.0 459.0 | H 1.099 | V 0.000 | pL 0.000 | vL 0.000 | delta 0.000
U 99 | F 202752 | FPS 0031 | D 7090 | rR:mu sigma m M 0.00 0.00 0.00 0.00 | F:mu sigma m M 196.9 147.2 32.0 459.0 | H 1.099 | V 0.000 | pL 0.000 | vL 0.000 | delta 0.000
U 100 | F 204800 | FPS 0027 | D 7166 | rR:mu sigma m M 0.00 0.00 0.00 0.00 | F:mu sigma m M 159.4 111.9 31.0 410.0 | H 1.099 | V 0.000 | pL 0.000 | vL 0.000 | delta 0.000
U 101 | F 206848 | FPS 0032 | D 7230 | rR:mu sigma m M 0.00 0.00 0.00 0.00 | F:mu sigma m M 162.5 144.2 48.0 540.0 | H 1.099 | V 0.000 | pL 0.000 | vL 0.000 | delta 0.000
U 102 | F 208896 | FPS 0031 | D 7296 | rR:mu sigma m M 0.00 0.00 0.00 0.00 | F:mu sigma m M 120.2 108.2 18.0 429.0 | H 1.099 | V 0.000 | pL 0.000 | vL 0.000 | delta 0.000
U 103 | F 210944 | FPS 0027 | D 7371 | rR:mu sigma m M 0.00 0.00 0.00 0.00 | F:mu sigma m M 195.1 121.8 45.0 536.0 | H 1.098 | V 0.001 | pL 0.000 | vL 0.000 | delta 0.001
U 104 | F 212992 | FPS 0029 | D 7440 | rR:mu sigma m M 0.00 0.00 0.00 0.00 | F:mu sigma m M 135.3 90.3 31.0 361.0 | H 1.098 | V 0.001 | pL 0.000 | vL 0.000 | delta 0.000
U 105 | F 215040 | FPS 0028 | D 7515 | rR:mu sigma m M 0.00 0.00 0.00 0.00 | F:mu sigma m M 181.8 204.5 35.0 900.0 | H 1.099 | V 0.001 | pL 0.000 | vL 0.000 | delta 0.000
U 106 | F 217088 | FPS 0028 | D 7587 | rR:mu sigma m M 0.00 0.00 0.00 0.00 | F:mu sigma m M 161.9 139.8 22.0 531.0 | H 1.099 | V 0.001 | pL 0.000 | vL 0.000 | delta 0.000
U 107 | F 219136 | FPS 0031 | D 7654 | rR:mu sigma m M 0.00 0.00 0.00 0.00 | F:mu sigma m M 207.4 163.7 68.0 662.0 | H 1.099 | V 0.000 | pL 0.000 | vL 0.000 | delta 0.000
U 108 | F 221184 | FPS 0028 | D 7727 | rR:mu sigma m M 0.00 0.00 0.00 0.00 | F:mu sigma m M 184.2 166.9 68.0 662.0 | H 1.099 | V 0.000 | pL 0.000 | vL 0.000 | delta 0.000
U 109 | F 223232 | FPS 0026 | D 7806 | rR:mu sigma m M 0.00 0.00 0.00 0.00 | F:mu sigma m M 221.0 170.7 32.0 641.0 | H 1.099 | V 0.000 | pL 0.000 | vL 0.000 | delta 0.000
U 110 | F 225280 | FPS 0030 | D 7873 | rR:mu sigma m M 0.00 0.00 0.00 0.00 | F:mu sigma m M 166.1 122.3 30.0 452.0 | H 1.099 | V 0.000 | pL 0.000 | vL 0.000 | delta 0.000
U 111 | F 227328 | FPS 0030 | D 7942 | rR:mu sigma m M 0.00 0.00 0.00 0.00 | F:mu sigma m M 139.4 104.4 31.0 452.0 | H 1.099 | V 0.000 | pL 0.000 | vL 0.000 | delta 0.000
U 112 | F 229376 | FPS 0028 | D 8016 | rR:mu sigma m M 0.00 0.00 0.00 0.00 | F:mu sigma m M 115.9 95.6 15.0 380.0 | H 1.099 | V 0.000 | pL 0.000 | vL 0.000 | delta 0.000
U 113 | F 231424 | FPS 0029 | D 8088 | rR:mu sigma m M 0.00 0.00 0.00 0.00 | F:mu sigma m M 182.4 133.0 42.0 525.0 | H 1.099 | V 0.000 | pL 0.000 | vL 0.000 | delta 0.000
U 114 | F 233472 | FPS 0029 | D 8158 | rR:mu sigma m M 0.00 0.00 0.00 0.00 | F:mu sigma m M 193.4 166.7 28.0 547.0 | H 1.099 | V 0.000 | pL 0.000 | vL 0.000 | delta 0.000
U 115 | F 235520 | FPS 0030 | D 8226 | rR:mu sigma m M 0.00 0.00 0.00 0.00 | F:mu sigma m M 120.9 108.6 33.0 387.0 | H 1.099 | V 0.000 | pL 0.000 | vL 0.000 | delta 0.000
U 116 | F 237568 | FPS 0030 | D 8294 | rR:mu sigma m M 0.00 0.00 0.00 0.00 | F:mu sigma m M 155.0 102.7 43.0 360.0 | H 1.098 | V 0.001 | pL 0.000 | vL 0.000 | delta 0.002
U 117 | F 239616 | FPS 0030 | D 8363 | rR:mu sigma m M 0.03 0.13 0.00 0.54 | F:mu sigma m M 254.2 155.5 36.0 532.0 | H 1.096 | V 0.003 | pL -0.004 | vL 0.000 | delta 0.015
U 118 | F 241664 | FPS 0028 | D 8435 | rR:mu sigma m M 0.00 0.00 0.00 0.00 | F:mu sigma m M 209.8 154.6 36.0 532.0 | H 1.098 | V -0.001 | pL -0.001 | vL 0.000 | delta 0.002
U 119 | F 243712 | FPS 0027 | D 8510 | rR:mu sigma m M 0.00 0.00 0.00 0.00 | F:mu sigma m M 190.6 103.7 43.0 424.0 | H 1.099 | V -0.001 | pL -0.000 | vL 0.000 | delta 0.000
U 120 | F 245760 | FPS 0030 | D 8577 | rR:mu sigma m M 0.00 0.00 0.00 0.00 | F:mu sigma m M 169.6 109.7 44.0 406.0 | H 1.099 | V -0.001 | pL -0.000 | vL 0.000 | delta 0.000
U 121 | F 247808 | FPS 0029 | D 8647 | rR:mu sigma m M 0.00 0.00 0.00 0.00 | F:mu sigma m M 149.5 126.0 23.0 522.0 | H 1.099 | V -0.000 | pL -0.000 | vL 0.000 | delta 0.000
U 122 | F 249856 | FPS 0030 | D 8715 | rR:mu sigma m M 0.00 0.00 0.00 0.00 | F:mu sigma m M 132.7 121.3 17.0 522.0 | H 1.099 | V -0.000 | pL -0.000 | vL 0.000 | delta 0.001
U 123 | F 251904 | FPS 0029 | D 8786 | rR:mu sigma m M 0.00 0.00 0.00 0.00 | F:mu sigma m M 150.2 104.7 17.0 364.0 | H 1.099 | V -0.000 | pL 0.000 | vL 0.000 | delta 0.000
U 124 | F 253952 | FPS 0027 | D 8861 | rR:mu sigma m M 0.00 0.00 0.00 0.00 | F:mu sigma m M 264.1 228.7 17.0 900.0 | H 1.099 | V -0.000 | pL -0.000 | vL 0.000 | delta 0.000
U 125 | F 256000 | FPS 0028 | D 8933 | rR:mu sigma m M 0.00 0.00 0.00 0.00 | F:mu sigma m M 215.1 167.9 17.0 525.0 | H 1.099 | V -0.000 | pL -0.000 | vL 0.000 | delta 0.000
U 126 | F 258048 | FPS 0031 | D 8999 | rR:mu sigma m M 0.00 0.00 0.00 0.00 | F:mu sigma m M 194.1 157.3 19.0 588.0 | H 1.099 | V -0.000 | pL -0.000 | vL 0.000 | delta 0.000
U 127 | F 260096 | FPS 0029 | D 9069 | rR:mu sigma m M 0.00 0.00 0.00 0.00 | F:mu sigma m M 171.4 125.8 19.0 396.0 | H 1.099 | V -0.000 | pL -0.000 | vL 0.000 | delta 0.000
U 128 | F 262144 | FPS 0030 | D 9137 | rR:mu sigma m M 0.05 0.20 0.00 0.88 | F:mu sigma m M 132.7 113.5 36.0 498.0 | H 1.090 | V 0.001 | pL -0.006 | vL 0.001 | delta 0.019
U 129 | F 264192 | FPS 0032 | D 9200 | rR:mu sigma m M 0.00 0.00 0.00 0.00 | F:mu sigma m M 126.1 93.6 37.0 418.0 | H 1.098 | V 0.006 | pL 0.001 | vL 0.000 | delta 0.001
U 130 | F 266240 | FPS 0030 | D 9269 | rR:mu sigma m M 0.00 0.00 0.00 0.00 | F:mu sigma m M 151.3 103.8 37.0 393.0 | H 1.099 | V 0.005 | pL 0.001 | vL 0.000 | delta 0.001
U 131 | F 268288 | FPS 0030 | D 9338 | rR:mu sigma m M 0.00 0.00 0.00 0.00 | F:mu sigma m M 159.4 110.4 30.0 418.0 | H 1.099 | V 0.004 | pL 0.001 | vL 0.000 | delta 0.001
U 132 | F 270336 | FPS 0024 | D 9422 | rR:mu sigma m M 0.00 0.00 0.00 0.00 | F:mu sigma m M 173.1 140.9 29.0 520.0 | H 1.099 | V 0.004 | pL 0.001 | vL 0.000 | delta 0.000
U 133 | F 272384 | FPS 0027 | D 9499 | rR:mu sigma m M 0.00 0.00 0.00 0.00 | F:mu sigma m M 211.1 196.3 29.0 714.0 | H 1.099 | V 0.003 | pL 0.001 | vL 0.000 | delta 0.001
U 134 | F 274432 | FPS 0030 | D 9567 | rR:mu sigma m M 0.00 0.00 0.00 0.00 | F:mu sigma m M 225.9 170.0 18.0 714.0 | H 1.099 | V 0.003 | pL 0.001 | vL 0.000 | delta 0.001
U 135 | F 276480 | FPS 0031 | D 9634 | rR:mu sigma m M 0.00 0.00 0.00 0.00 | F:mu sigma m M 243.1 219.9 18.0 900.0 | H 1.099 | V 0.001 | pL 0.000 | vL 0.000 | delta 0.001
U 136 | F 278528 | FPS 0030 | D 9703 | rR:mu sigma m M 0.00 0.00 0.00 0.00 | F:mu sigma m M 198.1 165.1 31.0 526.0 | H 1.098 | V 0.002 | pL 0.001 | vL 0.000 | delta 0.002
U 137 | F 280576 | FPS 0028 | D 9777 | rR:mu sigma m M 0.00 0.00 0.00 0.00 | F:mu sigma m M 179.8 150.5 31.0 526.0 | H 1.098 | V 0.002 | pL 0.001 | vL 0.000 | delta 0.001
U 138 | F 282624 | FPS 0032 | D 9842 | rR:mu sigma m M 0.00 0.00 0.00 0.00 | F:mu sigma m M 216.1 143.9 28.0 526.0 | H 1.099 | V 0.002 | pL 0.000 | vL 0.000 | delta 0.001
U 139 | F 284672 | FPS 0028 | D 9914 | rR:mu sigma m M 0.00 0.00 0.00 0.00 | F:mu sigma m M 179.6 94.8 28.0 328.0 | H 1.099 | V 0.002 | pL 0.001 | vL 0.000 | delta 0.000
U 140 | F 286720 | FPS 0030 | D 9983 | rR:mu sigma m M 0.00 0.00 0.00 0.00 | F:mu sigma m M 153.6 86.0 34.0 330.0 | H 1.099 | V 0.001 | pL 0.000 | vL 0.000 | delta 0.000
U 141 | F 288768 | FPS 0031 | D 10048 | rR:mu sigma m M 0.00 0.00 0.00 0.00 | F:mu sigma m M 137.9 68.0 34.0 330.0 | H 1.099 | V 0.001 | pL 0.000 | vL 0.000 | delta 0.000
U 142 | F 290816 | FPS 0027 | D 10124 | rR:mu sigma m M 0.00 0.00 0.00 0.00 | F:mu sigma m M 206.8 203.4 54.0 900.0 | H 1.099 | V 0.001 | pL 0.000 | vL 0.000 | delta 0.000
U 143 | F 292864 | FPS 0027 | D 10199 | rR:mu sigma m M 0.00 0.00 0.00 0.00 | F:mu sigma m M 315.6 264.2 64.0 900.0 | H 1.099 | V 0.001 | pL 0.000 | vL 0.000 | delta 0.000
U 144 | F 294912 | FPS 0028 | D 10273 | rR:mu sigma m M 0.00 0.00 0.00 0.00 | F:mu sigma m M 142.9 86.0 43.0 300.0 | H 1.099 | V 0.000 | pL 0.000 | vL 0.000 | delta 0.000
U 145 | F 296960 | FPS 0027 | D 10349 | rR:mu sigma m M 0.05 0.20 0.00 0.83 | F:mu sigma m M 133.1 117.3 35.0 428.0 | H 1.095 | V 0.010 | pL -0.007 | vL 0.001 | delta 0.012
U 146 | F 299008 | FPS 0030 | D 10418 | rR:mu sigma m M 0.00 0.00 0.00 0.00 | F:mu sigma m M 145.2 89.3 37.0 322.0 | H 1.098 | V 0.005 | pL 0.002 | vL 0.000 | delta 0.004
U 147 | F 301056 | FPS 0026 | D 10496 | rR:mu sigma m M 0.00 0.00 0.00 0.00 | F:mu sigma m M 151.4 109.4 37.0 380.0 | H 1.098 | V 0.003 | pL 0.001 | vL 0.000 | delta 0.003
U 148 | F 303104 | FPS 0029 | D 10566 | rR:mu sigma m M 0.00 0.00 0.00 0.00 | F:mu sigma m M 158.2 90.0 45.0 352.0 | H 1.098 | V 0.004 | pL 0.001 | vL 0.000 | delta 0.002
U 149 | F 305152 | FPS 0031 | D 10632 | rR:mu sigma m M 0.00 0.00 0.00 0.00 | F:mu sigma m M 165.8 112.9 14.0 354.0 | H 1.097 | V 0.009 | pL 0.003 | vL 0.000 | delta 0.006
U 150 | F 307200 | FPS 0031 | D 10698 | rR:mu sigma m M 0.00 0.00 0.00 0.00 | F:mu sigma m M 180.3 127.5 14.0 470.0 | H 1.099 | V 0.003 | pL 0.001 | vL 0.000 | delta 0.000
U 151 | F 309248 | FPS 0028 | D 10771 | rR:mu sigma m M 0.00 0.00 0.00 0.00 | F:mu sigma m M 163.9 105.1 12.0 379.0 | H 1.097 | V 0.004 | pL 0.001 | vL 0.000 | delta 0.003
U 152 | F 311296 | FPS 0028 | D 10845 | rR:mu sigma m M 0.00 0.00 0.00 0.00 | F:mu sigma m M 171.8 108.8 12.0 402.0 | H 1.099 | V 0.003 | pL 0.001 | vL 0.000 | delta 0.000
U 153 | F 313344 | FPS 0028 | D 10919 | rR:mu sigma m M 0.00 0.00 0.00 0.00 | F:mu sigma m M 183.2 146.8 14.0 592.0 | H 1.099 | V 0.002 | pL 0.001 | vL 0.000 | delta 0.000
U 154 | F 315392 | FPS 0026 | D 10997 | rR:mu sigma m M 0.00 0.00 0.00 0.00 | F:mu sigma m M 225.9 229.6 14.0 752.0 | H 1.099 | V 0.002 | pL 0.000 | vL 0.000 | delta 0.000
U 155 | F 317440 | FPS 0033 | D 11060 | rR:mu sigma m M 0.00 0.00 0.00 0.00 | F:mu sigma m M 190.5 175.8 22.0 627.0 | H 1.099 | V 0.002 | pL 0.000 | vL 0.000 | delta 0.000
U 156 | F 319488 | FPS 0031 | D 11126 | rR:mu sigma m M 0.00 0.00 0.00 0.00 | F:mu sigma m M 235.8 205.2 12.0 900.0 | H 1.099 | V 0.001 | pL 0.000 | vL 0.000 | delta 0.000
U 157 | F 321536 | FPS 0028 | D 11199 | rR:mu sigma m M 0.00 0.00 0.00 0.00 | F:mu sigma m M 138.6 85.8 54.0 329.0 | H 1.099 | V 0.001 | pL 0.000 | vL 0.000 | delta 0.000
U 158 | F 323584 | FPS 0028 | D 11273 | rR:mu sigma m M 0.00 0.00 0.00 0.00 | F:mu sigma m M 140.8 91.3 27.0 361.0 | H 1.098 | V 0.001 | pL 0.000 | vL 0.000 | delta 0.001
U 159 | F 325632 | FPS 0031 | D 11339 | rR:mu sigma m M 0.00 0.00 0.00 0.00 | F:mu sigma m M 169.6 137.5 40.0 487.0 | H 1.097 | V 0.004 | pL -0.000 | vL 0.000 | delta 0.002
U 160 | F 327680 | FPS 0030 | D 11408 | rR:mu sigma m M 0.04 0.17 0.00 0.69 | F:mu sigma m M 215.7 137.0 50.0 487.0 | H 1.098 | V 0.006 | pL -0.004 | vL 0.001 | delta 0.014
U 161 | F 329728 | FPS 0034 | D 11469 | rR:mu sigma m M 0.00 0.00 0.00 0.00 | F:mu sigma m M 155.8 81.0 31.0 308.0 | H 1.099 | V 0.004 | pL 0.001 | vL 0.000 | delta 0.001
U 162 | F 331776 | FPS 0027 | D 11547 | rR:mu sigma m M 0.00 0.00 0.00 0.00 | F:mu sigma m M 171.5 100.6 23.0 342.0 | H 1.099 | V 0.003 | pL 0.001 | vL 0.000 | delta 0.000
U 163 | F 333824 | FPS 0027 | D 11623 | rR:mu sigma m M 0.00 0.00 0.00 0.00 | F:mu sigma m M 136.3 95.4 28.0 342.0 | H 1.099 | V 0.003 | pL 0.000 | vL 0.000 | delta 0.001
U 164 | F 335872 | FPS 0028 | D 11696 | rR:mu sigma m M 0.04 0.14 0.00 0.60 | F:mu sigma m M 172.2 216.4 25.0 900.0 | H 1.091 | V 0.009 | pL -0.003 | vL 0.000 | delta 0.012
U 165 | F 337920 | FPS 0029 | D 11766 | rR:mu sigma m M 0.00 0.00 0.00 0.00 | F:mu sigma m M 132.9 80.4 40.0 363.0 | H 1.099 | V -0.002 | pL -0.001 | vL 0.000 | delta 0.001
U 166 | F 339968 | FPS 0031 | D 11831 | rR:mu sigma m M 0.00 0.00 0.00 0.00 | F:mu sigma m M 213.6 155.7 40.0 591.0 | H 1.099 | V -0.001 | pL -0.000 | vL 0.000 | delta 0.000
U 167 | F 342016 | FPS 0028 | D 11904 | rR:mu sigma m M 0.00 0.00 0.00 0.00 | F:mu sigma m M 213.9 169.5 28.0 591.0 | H 1.099 | V -0.001 | pL -0.000 | vL 0.000 | delta 0.000
U 168 | F 344064 | FPS 0029 | D 11975 | rR:mu sigma m M 0.00 0.00 0.00 0.00 | F:mu sigma m M 141.2 94.4 27.0 370.0 | H 1.099 | V -0.001 | pL -0.000 | vL 0.000 | delta 0.000
U 169 | F 346112 | FPS 0030 | D 12043 | rR:mu sigma m M 0.00 0.00 0.00 0.00 | F:mu sigma m M 153.6 140.2 27.0 563.0 | H 1.099 | V -0.001 | pL -0.000 | vL 0.000 | delta 0.000
U 170 | F 348160 | FPS 0026 | D 12122 | rR:mu sigma m M 0.00 0.00 0.00 0.00 | F:mu sigma m M 173.9 126.0 18.0 398.0 | H 1.099 | V -0.000 | pL -0.000 | vL 0.000 | delta 0.000
U 171 | F 350208 | FPS 0031 | D 12188 | rR:mu sigma m M 0.00 0.00 0.00 0.00 | F:mu sigma m M 134.8 100.8 23.0 329.0 | H 1.099 | V -0.000 | pL -0.000 | vL 0.000 | delta 0.000
U 172 | F 352256 | FPS 0028 | D 12260 | rR:mu sigma m M 0.00 0.00 0.00 0.00 | F:mu sigma m M 120.6 69.6 23.0 232.0 | H 1.099 | V -0.000 | pL -0.000 | vL 0.000 | delta 0.000
U 173 | F 354304 | FPS 0027 | D 12336 | rR:mu sigma m M 0.00 0.00 0.00 0.00 | F:mu sigma m M 132.6 81.2 28.0 334.0 | H 1.099 | V -0.000 | pL -0.000 | vL 0.000 | delta 0.000
U 174 | F 356352 | FPS 0030 | D 12406 | rR:mu sigma m M 0.00 0.00 0.00 0.00 | F:mu sigma m M 128.9 107.2 28.0 415.0 | H 1.099 | V 0.001 | pL 0.000 | vL 0.000 | delta 0.001
U 175 | F 358400 | FPS 0029 | D 12477 | rR:mu sigma m M 0.00 0.00 0.00 0.00 | F:mu sigma m M 172.2 123.6 50.0 505.0 | H 1.099 | V 0.000 | pL -0.000 | vL 0.000 | delta 0.000
U 176 | F 360448 | FPS 0026 | D 12556 | rR:mu sigma m M 0.00 0.00 0.00 0.00 | F:mu sigma m M 167.5 122.5 34.0 549.0 | H 1.099 | V 0.000 | pL 0.000 | vL 0.000 | delta 0.000
U 177 | F 362496 | FPS 0029 | D 12625 | rR:mu sigma m M 0.00 0.00 0.00 0.00 | F:mu sigma m M 152.2 71.6 45.0 289.0 | H 1.099 | V 0.000 | pL 0.000 | vL 0.000 | delta 0.000
U 178 | F 364544 | FPS 0029 | D 12696 | rR:mu sigma m M 0.00 0.00 0.00 0.00 | F:mu sigma m M 164.7 94.7 48.0 362.0 | H 1.099 | V 0.000 | pL 0.000 | vL 0.000 | delta 0.000
U 179 | F 366592 | FPS 0032 | D 12759 | rR:mu sigma m M 0.00 0.00 0.00 0.00 | F:mu sigma m M 165.3 109.8 25.0 437.0 | H 1.099 | V 0.000 | pL 0.000 | vL 0.000 | delta 0.000
U 180 | F 368640 | FPS 0029 | D 12830 | rR:mu sigma m M 0.00 0.00 0.00 0.00 | F:mu sigma m M 143.2 176.1 28.0 696.0 | H 1.099 | V -0.000 | pL 0.000 | vL 0.000 | delta 0.000
U 181 | F 370688 | FPS 0031 | D 12896 | rR:mu sigma m M 0.00 0.00 0.00 0.00 | F:mu sigma m M 127.6 99.1 28.0 436.0 | H 1.099 | V 0.000 | pL -0.000 | vL 0.000 | delta 0.000
U 182 | F 372736 | FPS 0028 | D 12968 | rR:mu sigma m M 0.00 0.00 0.00 0.00 | F:mu sigma m M 157.4 105.3 29.0 436.0 | H 1.099 | V 0.000 | pL 0.000 | vL 0.000 | delta 0.000
U 183 | F 374784 | FPS 0027 | D 13043 | rR:mu sigma m M 0.00 0.00 0.00 0.00 | F:mu sigma m M 150.4 102.8 21.0 349.0 | H 1.099 | V 0.001 | pL -0.000 | vL 0.000 | delta 0.001
U 184 | F 376832 | FPS 0027 | D 13119 | rR:mu sigma m M 0.05 0.19 0.00 0.77 | F:mu sigma m M 162.3 128.3 21.0 553.0 | H 1.096 | V 0.003 | pL -0.006 | vL 0.001 | delta 0.018
U 185 | F 378880 | FPS 0029 | D 13190 | rR:mu sigma m M 0.05 0.19 0.00 0.77 | F:mu sigma m M 150.6 103.5 35.0 359.0 | H 1.098 | V 0.002 | pL 0.001 | vL 0.000 | delta 0.003
U 186 | F 380928 | FPS 0030 | D 13258 | rR:mu sigma m M 0.00 0.00 0.00 0.00 | F:mu sigma m M 191.9 173.1 24.0 608.0 | H 1.099 | V 0.000 | pL 0.000 | vL 0.000 | delta 0.001
U 187 | F 382976 | FPS 0028 | D 13332 | rR:mu sigma m M 0.00 0.00 0.00 0.00 | F:mu sigma m M 168.9 112.3 41.0 402.0 | H 1.098 | V 0.001 | pL 0.000 | vL 0.000 | delta 0.001
U 188 | F 385024 | FPS 0030 | D 13401 | rR:mu sigma m M 0.00 0.00 0.00 0.00 | F:mu sigma m M 116.0 86.1 34.0 402.0 | H 1.098 | V 0.001 | pL 0.000 | vL 0.000 | delta 0.001
U 189 | F 387072 | FPS 0028 | D 13473 | rR:mu sigma m M 0.00 0.00 0.00 0.00 | F:mu sigma m M 120.5 85.3 41.0 401.0 | H 1.098 | V 0.001 | pL 0.001 | vL 0.000 | delta 0.001
U 190 | F 389120 | FPS 0034 | D 13532 | rR:mu sigma m M 0.00 0.00 0.00 0.00 | F:mu sigma m M 241.2 186.4 48.0 689.0 | H 1.099 | V 0.001 | pL 0.000 | vL 0.000 | delta 0.000
U 191 | F 391168 | FPS 0029 | D 13602 | rR:mu sigma m M 0.00 0.00 0.00 0.00 | F:mu sigma m M 247.7 230.1 37.0 774.0 | H 1.099 | V 0.001 | pL 0.000 | vL 0.000 | delta 0.000
U 192 | F 393216 | FPS 0028 | D 13675 | rR:mu sigma m M 0.00 0.00 0.00 0.00 | F:mu sigma m M 272.8 229.3 21.0 774.0 | H 1.099 | V 0.001 | pL 0.000 | vL 0.000 | delta 0.000
U 193 | F 395264 | FPS 0030 | D 13743 | rR:mu sigma m M 0.00 0.00 0.00 0.00 | F:mu sigma m M 207.1 104.1 34.0 407.0 | H 1.098 | V 0.002 | pL 0.001 | vL 0.000 | delta 0.002
U 194 | F 397312 | FPS 0028 | D 13815 | rR:mu sigma m M 0.00 0.00 0.00 0.00 | F:mu sigma m M 189.9 147.4 26.0 571.0 | H 1.099 | V 0.002 | pL 0.000 | vL 0.000 | delta 0.001
U 195 | F 399360 | FPS 0028 | D 13889 | rR:mu sigma m M 0.00 0.00 0.00 0.00 | F:mu sigma m M 158.7 120.8 16.0 488.0 | H 1.099 | V 0.001 | pL 0.000 | vL 0.000 | delta 0.000
U 196 | F 401408 | FPS 0032 | D 13953 | rR:mu sigma m M 0.00 0.00 0.00 0.00 | F:mu sigma m M 92.8 57.8 20.0 229.0 | H 1.099 | V 0.000 | pL 0.000 | vL 0.000 | delta 0.000
U 197 | F 403456 | FPS 0028 | D 14026 | rR:mu sigma m M 0.00 0.00 0.00 0.00 | F:mu sigma m M 150.2 163.0 20.0 595.0 | H 1.099 | V 0.000 | pL 0.000 | vL 0.000 | delta 0.000
U 198 | F 405504 | FPS 0028 | D 14099 | rR:mu sigma m M 0.00 0.00 0.00 0.00 | F:mu sigma m M 247.1 160.3 46.0 595.0 | H 1.099 | V 0.000 | pL 0.000 | vL 0.000 | delta 0.000
U 199 | F 407552 | FPS 0027 | D 14174 | rR:mu sigma m M 0.00 0.00 0.00 0.00 | F:mu sigma m M 164.2 134.6 37.0 404.0 | H 1.099 | V 0.000 | pL 0.000 | vL 0.000 | delta 0.000
U 200 | F 409600 | FPS 0027 | D 14252 | rR:mu sigma m M 0.00 0.00 0.00 0.00 | F:mu sigma m M 191.1 167.6 26.0 584.0 | H 1.099 | V 0.000 | pL 0.000 | vL 0.000 | delta 0.000
U 201 | F 411648 | FPS 0029 | D 14322 | rR:mu sigma m M 0.00 0.00 0.00 0.00 | F:mu sigma m M 124.6 102.2 26.0 380.0 | H 1.099 | V 0.000 | pL 0.000 | vL 0.000 | delta 0.000
U 202 | F 413696 | FPS 0033 | D 14385 | rR:mu sigma m M 0.00 0.00 0.00 0.00 | F:mu sigma m M 148.9 93.1 28.0 347.0 | H 1.099 | V 0.000 | pL 0.000 | vL 0.000 | delta 0.000
U 203 | F 415744 | FPS 0029 | D 14455 | rR:mu sigma m M 0.00 0.00 0.00 0.00 | F:mu sigma m M 184.0 135.6 29.0 478.0 | H 1.099 | V 0.000 | pL 0.000 | vL 0.000 | delta 0.000
U 204 | F 417792 | FPS 0029 | D 14526 | rR:mu sigma m M 0.00 0.00 0.00 0.00 | F:mu sigma m M 195.5 134.5 31.0 478.0 | H 1.099 | V 0.001 | pL 0.000 | vL 0.000 | delta 0.000
U 205 | F 419840 | FPS 0033 | D 14588 | rR:mu sigma m M 0.00 0.00 0.00 0.00 | F:mu sigma m M 161.1 175.5 31.0 762.0 | H 1.099 | V 0.000 | pL 0.000 | vL 0.000 | delta 0.000
U 206 | F 421888 | FPS 0029 | D 14660 | rR:mu sigma m M 0.00 0.00 0.00 0.00 | F:mu sigma m M 184.8 138.0 57.0 551.0 | H 1.099 | V 0.001 | pL 0.000 | vL 0.000 | delta 0.000
U 207 | F 423936 | FPS 0027 | D 14735 | rR:mu sigma m M 0.03 0.12 0.00 0.48 | F:mu sigma m M 170.1 120.4 23.0 523.0 | H 1.097 | V 0.004 | pL -0.003 | vL 0.000 | delta 0.007
U 208 | F 425984 | FPS 0025 | D 14818 | rR:mu sigma m M 0.00 0.00 0.00 0.00 | F:mu sigma m M 160.4 155.9 35.0 720.0 | H 1.099 | V 0.002 | pL 0.000 | vL 0.000 | delta 0.001
U 209 | F 428032 | FPS 0029 | D 14888 | rR:mu sigma m M 0.00 0.00 0.00 0.00 | F:mu sigma m M 192.2 176.4 42.0 720.0 | H 1.099 | V 0.003 | pL 0.001 | vL 0.000 | delta 0.002
U 210 | F 430080 | FPS 0031 | D 14953 | rR:mu sigma m M 0.00 0.00 0.00 0.00 | F:mu sigma m M 182.6 108.0 25.0 474.0 | H 1.097 | V 0.004 | pL 0.002 | vL 0.000 | delta 0.005
U 211 | F 432128 | FPS 0029 | D 15023 | rR:mu sigma m M 0.00 0.00 0.00 0.00 | F:mu sigma m M 175.9 121.9 33.0 530.0 | H 1.099 | V 0.000 | pL -0.000 | vL 0.000 | delta 0.001
U 212 | F 434176 | FPS 0031 | D 15090 | rR:mu sigma m M 0.00 0.00 0.00 0.00 | F:mu sigma m M 153.4 107.8 29.0 429.0 | H 1.098 | V 0.002 | pL 0.000 | vL 0.000 | delta 0.002
U 213 | F 436224 | FPS 0032 | D 15154 | rR:mu sigma m M 0.00 0.00 0.00 0.00 | F:mu sigma m M 149.4 61.4 63.0 276.0 | H 1.098 | V 0.002 | pL 0.001 | vL 0.000 | delta 0.001
U 214 | F 438272 | FPS 0026 | D 15232 | rR:mu sigma m M 0.00 0.00 0.00 0.00 | F:mu sigma m M 130.1 84.3 14.0 307.0 | H 1.099 | V 0.001 | pL 0.000 | vL 0.000 | delta 0.000
U 215 | F 440320 | FPS 0028 | D 15304 | rR:mu sigma m M 0.00 0.00 0.00 0.00 | F:mu sigma m M 185.4 132.9 40.0 466.0 | H 1.099 | V 0.000 | pL 0.000 | vL 0.000 | delta 0.000
U 216 | F 442368 | FPS 0033 | D 15367 | rR:mu sigma m M 0.00 0.00 0.00 0.00 | F:mu sigma m M 178.0 147.5 19.0 521.0 | H 1.099 | V 0.001 | pL 0.000 | vL 0.000 | delta 0.000
U 217 | F 444416 | FPS 0029 | D 15437 | rR:mu sigma m M 0.00 0.00 0.00 0.00 | F:mu sigma m M 166.8 151.1 23.0 521.0 | H 1.099 | V 0.001 | pL 0.000 | vL 0.000 | delta 0.000
U 218 | F 446464 | FPS 0030 | D 15506 | rR:mu sigma m M 0.03 0.13 0.00 0.53 | F:mu sigma m M 200.2 186.3 23.0 636.0 | H 1.097 | V 0.006 | pL -0.004 | vL 0.000 | delta 0.008
U 219 | F 448512 | FPS 0030 | D 15574 | rR:mu sigma m M 0.03 0.13 0.00 0.53 | F:mu sigma m M 233.6 163.9 51.0 636.0 | H 1.098 | V -0.002 | pL -0.000 | vL 0.000 | delta 0.005
U 220 | F 450560 | FPS 0026 | D 15654 | rR:mu sigma m M 0.00 0.00 0.00 0.00 | F:mu sigma m M 204.4 147.7 44.0 572.0 | H 1.098 | V -0.001 | pL -0.001 | vL 0.000 | delta 0.003
U 221 | F 452608 | FPS 0026 | D 15732 | rR:mu sigma m M 0.00 0.00 0.00 0.00 | F:mu sigma m M 149.5 128.6 32.0 552.0 | H 1.099 | V -0.002 | pL -0.001 | vL 0.000 | delta 0.001
U 222 | F 454656 | FPS 0027 | D 15807 | rR:mu sigma m M 0.00 0.00 0.00 0.00 | F:mu sigma m M 111.3 84.5 34.0 323.0 | H 1.099 | V -0.002 | pL -0.001 | vL 0.000 | delta 0.000
U 223 | F 456704 | FPS 0028 | D 15879 | rR:mu sigma m M 0.00 0.00 0.00 0.00 | F:mu sigma m M 152.6 96.6 14.0 360.0 | H 1.099 | V -0.002 | pL -0.000 | vL 0.000 | delta 0.000
U 224 | F 458752 | FPS 0031 | D 15945 | rR:mu sigma m M 0.00 0.00 0.00 0.00 | F:mu sigma m M 128.7 82.6 24.0 327.0 | H 1.099 | V -0.001 | pL -0.000 | vL 0.000 | delta 0.000
U 225 | F 460800 | FPS 0034 | D 16005 | rR:mu sigma m M 0.00 0.00 0.00 0.00 | F:mu sigma m M 168.2 145.7 47.0 684.0 | H 1.099 | V -0.001 | pL -0.000 | vL 0.000 | delta 0.000
U 226 | F 462848 | FPS 0028 | D 16078 | rR:mu sigma m M 0.00 0.00 0.00 0.00 | F:mu sigma m M 165.2 196.4 23.0 765.0 | H 1.099 | V -0.000 | pL -0.000 | vL 0.000 | delta 0.001
U 227 | F 464896 | FPS 0030 | D 16145 | rR:mu sigma m M 0.00 0.00 0.00 0.00 | F:mu sigma m M 199.7 225.9 23.0 765.0 | H 1.099 | V -0.001 | pL -0.000 | vL 0.000 | delta 0.000
U 228 | F 466944 | FPS 0030 | D 16213 | rR:mu sigma m M 0.00 0.00 0.00 0.00 | F:mu sigma m M 209.1 197.8 36.0 636.0 | H 1.099 | V -0.001 | pL -0.000 | vL 0.000 | delta 0.000
U 229 | F 468992 | FPS 0028 | D 16287 | rR:mu sigma m M 0.00 0.00 0.00 0.00 | F:mu sigma m M 166.2 119.8 38.0 437.0 | H 1.099 | V -0.001 | pL -0.000 | vL 0.000 | delta 0.000
U 230 | F 471040 | FPS 0029 | D 16357 | rR:mu sigma m M 0.00 0.00 0.00 0.00 | F:mu sigma m M 120.2 86.9 37.0 324.0 | H 1.098 | V -0.000 | pL -0.000 | vL 0.000 | delta 0.001
U 231 | F 473088 | FPS 0030 | D 16425 | rR:mu sigma m M 0.00 0.00 0.00 0.00 | F:mu sigma m M 164.7 113.6 14.0 399.0 | H 1.098 | V 0.000 | pL -0.000 | vL 0.000 | delta 0.000
U 232 | F 475136 | FPS 0033 | D 16487 | rR:mu sigma m M 0.00 0.00 0.00 0.00 | F:mu sigma m M 201.7 174.2 14.0 692.0 | H 1.098 | V 0.001 | pL 0.001 | vL 0.000 | delta 0.001
U 233 | F 477184 | FPS 0030 | D 16556 | rR:mu sigma m M 0.00 0.00 0.00 0.00 | F:mu sigma m M 188.6 145.7 33.0 614.0 | H 1.099 | V 0.000 | pL 0.000 | vL 0.000 | delta 0.000
U 234 | F 479232 | FPS 0029 | D 16627 | rR:mu sigma m M 0.00 0.00 0.00 0.00 | F:mu sigma m M 168.6 104.2 53.0 423.0 | H 1.099 | V 0.000 | pL 0.000 | vL 0.000 | delta 0.000
U 235 | F 481280 | FPS 0027 | D 16703 | rR:mu sigma m M 0.00 0.00 0.00 0.00 | F:mu sigma m M 195.2 105.3 53.0 429.0 | H 1.099 | V 0.000 | pL 0.000 | vL 0.000 | delta 0.000
U 236 | F 483328 | FPS 0028 | D 16776 | rR:mu sigma m M 0.00 0.00 0.00 0.00 | F:mu sigma m M 192.5 123.0 28.0 487.0 | H 1.099 | V 0.000 | pL 0.000 | vL 0.000 | delta 0.000
U 237 | F 485376 | FPS 0026 | D 16856 | rR:mu sigma m M 0.00 0.00 0.00 0.00 | F:mu sigma m M 163.9 110.9 28.0 421.0 | H 1.099 | V 0.000 | pL 0.000 | vL 0.000 | delta 0.000
U 238 | F 487424 | FPS 0032 | D 16920 | rR:mu sigma m M 0.00 0.00 0.00 0.00 | F:mu sigma m M 187.1 113.1 29.0 421.0 | H 1.099 | V 0.000 | pL -0.000 | vL 0.000 | delta 0.000
U 239 | F 489472 | FPS 0026 | D 17000 | rR:mu sigma m M 0.03 0.12 0.00 0.52 | F:mu sigma m M 211.2 218.7 23.0 873.0 | H 1.095 | V 0.005 | pL -0.004 | vL 0.000 | delta 0.024
U 240 | F 491520 | FPS 0028 | D 17072 | rR:mu sigma m M 0.03 0.13 0.00 0.52 | F:mu sigma m M 154.9 144.2 27.0 478.0 | H 1.099 | V -0.002 | pL -0.001 | vL 0.000 | delta 0.002
U 241 | F 493568 | FPS 0028 | D 17146 | rR:mu sigma m M 0.00 0.00 0.00 0.00 | F:mu sigma m M 156.9 137.1 26.0 557.0 | H 1.099 | V -0.002 | pL -0.001 | vL 0.000 | delta 0.000
U 242 | F 495616 | FPS 0027 | D 17220 | rR:mu sigma m M 0.00 0.00 0.00 0.00 | F:mu sigma m M 109.9 50.6 10.0 173.0 | H 1.099 | V -0.001 | pL -0.000 | vL 0.000 | delta 0.000
U 243 | F 497664 | FPS 0030 | D 17290 | rR:mu sigma m M 0.04 0.15 0.00 0.61 | F:mu sigma m M 179.8 140.9 23.0 511.0 | H 1.096 | V 0.005 | pL -0.005 | vL 0.000 | delta 0.007
U 244 | F 499712 | FPS 0030 | D 17357 | rR:mu sigma m M 0.04 0.15 0.00 0.61 | F:mu sigma m M 115.2 93.1 23.0 393.0 | H 1.098 | V -0.005 | pL -0.001 | vL 0.000 | delta 0.002
U 245 | F 501760 | FPS 0027 | D 17432 | rR:mu sigma m M 0.00 0.00 0.00 0.00 | F:mu sigma m M 187.2 181.0 26.0 738.0 | H 1.098 | V -0.004 | pL -0.002 | vL 0.000 | delta 0.001
U 246 | F 503808 | FPS 0032 | D 17496 | rR:mu sigma m M 0.00 0.00 0.00 0.00 | F:mu sigma m M 158.1 159.4 18.0 601.0 | H 1.099 | V -0.003 | pL -0.001 | vL 0.000 | delta 0.001
U 247 | F 505856 | FPS 0029 | D 17566 | rR:mu sigma m M 0.00 0.00 0.00 0.00 | F:mu sigma m M 165.4 147.8 18.0 484.0 | H 1.094 | V 0.004 | pL -0.000 | vL 0.000 | delta 0.008
U 248 | F 507904 | FPS 0033 | D 17629 | rR:mu sigma m M 0.00 0.00 0.00 0.00 | F:mu sigma m M 237.4 121.3 34.0 484.0 | H 1.097 | V 0.003 | pL 0.001 | vL 0.000 | delta 0.003
U 249 | F 509952 | FPS 0028 | D 17701 | rR:mu sigma m M 0.00 0.00 0.00 0.00 | F:mu sigma m M 182.0 129.7 46.0 447.0 | H 1.099 | V 0.000 | pL -0.000 | vL 0.000 | delta 0.000
U 250 | F 512000 | FPS 0029 | D 17772 | rR:mu sigma m M 0.00 0.00 0.00 0.00 | F:mu sigma m M 144.8 122.3 17.0 442.0 | H 1.098 | V 0.001 | pL 0.000 | vL 0.000 | delta 0.001
U 251 | F 514048 | FPS 0028 | D 17845 | rR:mu sigma m M 0.00 0.00 0.00 0.00 | F:mu sigma m M 194.0 160.3 17.0 638.0 | H 1.097 | V 0.004 | pL -0.000 | vL 0.000 | delta 0.002
U 252 | F 516096 | FPS 0029 | D 17916 | rR:mu sigma m M 0.03 0.14 0.00 0.62 | F:mu sigma m M 130.2 128.1 29.0 517.0 | H 1.095 | V 0.004 | pL -0.003 | vL 0.000 | delta 0.004
U 253 | F 518144 | FPS 0029 | D 17986 | rR:mu sigma m M 0.00 0.00 0.00 0.00 | F:mu sigma m M 151.6 134.6 14.0 517.0 | H 1.099 | V 0.001 | pL 0.000 | vL 0.000 | delta 0.000
U 254 | F 520192 | FPS 0030 | D 18054 | rR:mu sigma m M 0.00 0.00 0.00 0.00 | F:mu sigma m M 131.9 90.7 31.0 362.0 | H 1.099 | V 0.001 | pL 0.000 | vL 0.000 | delta 0.000
U 255 | F 522240 | FPS 0031 | D 18121 | rR:mu sigma m M 0.00 0.00 0.00 0.00 | F:mu sigma m M 204.8 132.0 39.0 523.0 | H 1.099 | V 0.000 | pL 0.000 | vL 0.000 | delta 0.000
U 256 | F 524288 | FPS 0030 | D 18188 | rR:mu sigma m M 0.00 0.00 0.00 0.00 | F:mu sigma m M 232.2 230.5 18.0 900.0 | H 1.099 | V 0.000 | pL 0.000 | vL 0.000 | delta 0.000
U 257 | F 526336 | FPS 0033 | D 18250 | rR:mu sigma m M 0.00 0.00 0.00 0.00 | F:mu sigma m M 165.5 145.5 18.0 571.0 | H 1.099 | V 0.000 | pL 0.000 | vL 0.000 | delta 0.000
U 258 | F 528384 | FPS 0026 | D 18330 | rR:mu sigma m M 0.00 0.00 0.00 0.00 | F:mu sigma m M 125.6 99.4 14.0 329.0 | H 1.099 | V 0.000 | pL 0.000 | vL 0.000 | delta 0.000
U 259 | F 530432 | FPS 0029 | D 18401 | rR:mu sigma m M 0.00 0.00 0.00 0.00 | F:mu sigma m M 208.2 119.9 41.0 427.0 | H 1.099 | V 0.000 | pL 0.000 | vL 0.000 | delta 0.000
U 260 | F 532480 | FPS 0030 | D 18470 | rR:mu sigma m M 0.00 0.00 0.00 0.00 | F:mu sigma m M 166.4 131.9 21.0 445.0 | H 1.098 | V 0.001 | pL -0.000 | vL 0.000 | delta 0.001
U 261 | F 534528 | FPS 0028 | D 18543 | rR:mu sigma m M 0.04 0.15 0.00 0.61 | F:mu sigma m M 192.9 121.6 47.0 445.0 | H 1.096 | V 0.007 | pL -0.005 | vL 0.000 | delta 0.015
U 262 | F 536576 | FPS 0028 | D 18616 | rR:mu sigma m M 0.04 0.15 0.00 0.61 | F:mu sigma m M 191.6 118.4 24.0 439.0 | H 1.097 | V 0.006 | pL 0.002 | vL 0.000 | delta 0.004
U 263 | F 538624 | FPS 0031 | D 18683 | rR:mu sigma m M 0.00 0.00 0.00 0.00 | F:mu sigma m M 230.8 139.0 20.0 533.0 | H 1.097 | V 0.005 | pL 0.002 | vL 0.000 | delta 0.003
U 264 | F 540672 | FPS 0032 | D 18746 | rR:mu sigma m M 0.05 0.20 0.00 0.84 | F:mu sigma m M 194.0 153.3 20.0 533.0 | H 1.094 | V 0.009 | pL -0.006 | vL 0.001 | delta 0.013
U 265 | F 542720 | FPS 0026 | D 18823 | rR:mu sigma m M 0.05 0.20 0.00 0.84 | F:mu sigma m M 134.1 65.9 21.0 236.0 | H 1.097 | V 0.009 | pL 0.002 | vL 0.000 | delta 0.005
U 266 | F 544768 | FPS 0025 | D 18907 | rR:mu sigma m M 0.00 0.00 0.00 0.00 | F:mu sigma m M 132.1 71.3 40.0 271.0 | H 1.098 | V 0.009 | pL 0.002 | vL 0.000 | delta 0.001
U 267 | F 546816 | FPS 0026 | D 18984 | rR:mu sigma m M 0.00 0.00 0.00 0.00 | F:mu sigma m M 189.9 179.5 21.0 586.0 | H 1.098 | V 0.009 | pL 0.001 | vL 0.000 | delta 0.004
U 268 | F 548864 | FPS 0028 | D 19057 | rR:mu sigma m M 0.00 0.00 0.00 0.00 | F:mu sigma m M 149.9 143.9 21.0 452.0 | H 1.098 | V 0.006 | pL 0.002 | vL 0.000 | delta 0.002
U 269 | F 550912 | FPS 0029 | D 19127 | rR:mu sigma m M 0.00 0.00 0.00 0.00 | F:mu sigma m M 150.2 117.6 15.0 452.0 | H 1.099 | V 0.004 | pL 0.001 | vL 0.000 | delta 0.001
U 270 | F 552960 | FPS 0033 | D 19189 | rR:mu sigma m M 0.00 0.00 0.00 0.00 | F:mu sigma m M 178.2 150.0 15.0 596.0 | H 1.098 | V 0.002 | pL 0.001 | vL 0.000 | delta 0.000
U 271 | F 555008 | FPS 0029 | D 19260 | rR:mu sigma m M 0.00 0.00 0.00 0.00 | F:mu sigma m M 191.0 160.2 20.0 596.0 | H 1.098 | V 0.002 | pL 0.001 | vL 0.000 | delta 0.001
U 272 | F 557056 | FPS 0027 | D 19335 | rR:mu sigma m M 0.00 0.00 0.00 0.00 | F:mu sigma m M 247.8 157.0 20.0 560.0 | H 1.099 | V 0.001 | pL 0.000 | vL 0.000 | delta 0.000
U 273 | F 559104 | FPS 0029 | D 19405 | rR:mu sigma m M 0.00 0.00 0.00 0.00 | F:mu sigma m M 252.0 129.6 87.0 560.0 | H 1.099 | V 0.001 | pL 0.000 | vL 0.000 | delta 0.000
U 274 | F 561152 | FPS 0028 | D 19477 | rR:mu sigma m M 0.00 0.00 0.00 0.00 | F:mu sigma m M 190.6 153.1 37.0 693.0 | H 1.099 | V 0.001 | pL -0.000 | vL 0.000 | delta 0.001
U 275 | F 563200 | FPS 0031 | D 19542 | rR:mu sigma m M 0.04 0.15 0.00 0.60 | F:mu sigma m M 166.6 115.2 30.0 433.0 | H 1.092 | V 0.009 | pL -0.003 | vL 0.000 | delta 0.006
U 276 | F 565248 | FPS 0028 | D 19615 | rR:mu sigma m M 0.00 0.00 0.00 0.00 | F:mu sigma m M 189.5 173.8 26.0 552.0 | H 1.098 | V -0.001 | pL -0.001 | vL 0.000 | delta 0.001
U 277 | F 567296 | FPS 0030 | D 19684 | rR:mu sigma m M 0.00 0.00 0.00 0.00 | F:mu sigma m M 194.8 104.2 32.0 417.0 | H 1.098 | V -0.001 | pL 0.000 | vL 0.000 | delta 0.001
U 278 | F 569344 | FPS 0026 | D 19763 | rR:mu sigma m M 0.00 0.00 0.00 0.00 | F:mu sigma m M 127.1 87.4 25.0 330.0 | H 1.099 | V -0.001 | pL -0.001 | vL 0.000 | delta 0.001
U 279 | F 571392 | FPS 0030 | D 19831 | rR:mu sigma m M 0.04 0.14 0.00 0.59 | F:mu sigma m M 156.1 99.6 47.0 410.0 | H 1.090 | V 0.010 | pL -0.004 | vL 0.000 | delta 0.006
U 280 | F 573440 | FPS 0026 | D 19909 | rR:mu sigma m M 0.04 0.14 0.00 0.59 | F:mu sigma m M 155.9 116.3 45.0 442.0 | H 1.098 | V 0.001 | pL 0.000 | vL 0.000 | delta 0.001
U 281 | F 575488 | FPS 0028 | D 19982 | rR:mu sigma m M 0.00 0.00 0.00 0.00 | F:mu sigma m M 184.9 131.6 48.0 442.0 | H 1.097 | V 0.003 | pL -0.001 | vL 0.000 | delta 0.002
U 282 | F 577536 | FPS 0033 | D 20044 | rR:mu sigma m M 0.00 0.00 0.00 0.00 | F:mu sigma m M 127.4 88.2 33.0 355.0 | H 1.098 | V 0.002 | pL 0.001 | vL 0.000 | delta 0.001
U 283 | F 579584 | FPS 0030 | D 20112 | rR:mu sigma m M 0.00 0.00 0.00 0.00 | F:mu sigma m M 146.7 130.7 34.0 526.0 | H 1.099 | V 0.002 | pL 0.000 | vL 0.000 | delta 0.000
U 284 | F 581632 | FPS 0026 | D 20191 | rR:mu sigma m M 0.00 0.00 0.00 0.00 | F:mu sigma m M 220.1 155.8 34.0 536.0 | H 1.099 | V 0.002 | pL 0.000 | vL 0.000 | delta 0.001
U 285 | F 583680 | FPS 0028 | D 20262 | rR:mu sigma m M 0.00 0.00 0.00 0.00 | F:mu sigma m M 211.0 178.4 49.0 767.0 | H 1.099 | V 0.002 | pL 0.000 | vL 0.000 | delta 0.000
U 286 | F 585728 | FPS 0029 | D 20334 | rR:mu sigma m M 0.00 0.00 0.00 0.00 | F:mu sigma m M 136.4 75.7 18.0 249.0 | H 1.098 | V 0.003 | pL -0.001 | vL 0.000 | delta 0.003
U 287 | F 587776 | FPS 0030 | D 20403 | rR:mu sigma m M 0.00 0.00 0.00 0.00 | F:mu sigma m M 88.6 53.1 18.0 211.0 | H 1.095 | V 0.007 | pL 0.002 | vL 0.000 | delta 0.006
U 288 | F 589824 | FPS 0027 | D 20478 | rR:mu sigma m M 0.01 0.05 0.00 0.19 | F:mu sigma m M 189.4 225.7 33.0 811.0 | H 1.097 | V 0.010 | pL 0.001 | vL 0.000 | delta 0.005
U 289 | F 591872 | FPS 0026 | D 20558 | rR:mu sigma m M 0.01 0.05 0.00 0.19 | F:mu sigma m M 209.8 183.8 35.0 811.0 | H 1.098 | V 0.002 | pL 0.001 | vL 0.000 | delta 0.001
U 290 | F 593920 | FPS 0031 | D 20623 | rR:mu sigma m M 0.00 0.00 0.00 0.00 | F:mu sigma m M 161.2 110.5 38.0 473.0 | H 1.098 | V 0.001 | pL 0.000 | vL 0.000 | delta 0.003
U 291 | F 595968 | FPS 0026 | D 20701 | rR:mu sigma m M 0.00 0.00 0.00 0.00 | F:mu sigma m M 205.4 167.6 16.0 596.0 | H 1.099 | V 0.002 | pL 0.000 | vL 0.000 | delta 0.000
U 292 | F 598016 | FPS 0030 | D 20768 | rR:mu sigma m M 0.00 0.00 0.00 0.00 | F:mu sigma m M 221.2 181.1 42.0 688.0 | H 1.099 | V 0.001 | pL 0.000 | vL 0.000 | delta 0.000
U 293 | F 600064 | FPS 0027 | D 20844 | rR:mu sigma m M 0.00 0.00 0.00 0.00 | F:mu sigma m M 145.4 112.8 29.0 520.0 | H 1.099 | V 0.001 | pL 0.000 | vL 0.000 | delta 0.000
U 294 | F 602112 | FPS 0030 | D 20912 | rR:mu sigma m M 0.00 0.00 0.00 0.00 | F:mu sigma m M 119.8 98.8 18.0 432.0 | H 1.099 | V 0.001 | pL 0.000 | vL 0.000 | delta 0.000
U 295 | F 604160 | FPS 0026 | D 20992 | rR:mu sigma m M 0.00 0.00 0.00 0.00 | F:mu sigma m M 178.8 186.3 18.0 794.0 | H 1.099 | V 0.001 | pL 0.000 | vL 0.000 | delta 0.000
U 296 | F 606208 | FPS 0031 | D 21057 | rR:mu sigma m M 0.00 0.00 0.00 0.00 | F:mu sigma m M 265.0 263.2 22.0 900.0 | H 1.098 | V 0.002 | pL 0.000 | vL 0.000 | delta 0.001
U 297 | F 608256 | FPS 0029 | D 21127 | rR:mu sigma m M 0.00 0.00 0.00 0.00 | F:mu sigma m M 203.1 144.5 49.0 686.0 | H 1.099 | V 0.001 | pL 0.000 | vL 0.000 | delta 0.000
U 298 | F 610304 | FPS 0028 | D 21201 | rR:mu sigma m M 0.00 0.00 0.00 0.00 | F:mu sigma m M 165.4 99.3 26.0 359.0 | H 1.099 | V 0.001 | pL 0.000 | vL 0.000 | delta 0.000
U 299 | F 612352 | FPS 0028 | D 21273 | rR:mu sigma m M 0.00 0.00 0.00 0.00 | F:mu sigma m M 135.5 85.1 35.0 307.0 | H 1.099 | V 0.000 | pL 0.000 | vL 0.000 | delta 0.000
U 300 | F 614400 | FPS 0028 | D 21345 | rR:mu sigma m M 0.00 0.00 0.00 0.00 | F:mu sigma m M 189.8 166.6 15.0 636.0 | H 1.099 | V 0.000 | pL 0.000 | vL 0.000 | delta 0.000
U 301 | F 616448 | FPS 0028 | D 21419 | rR:mu sigma m M 0.00 0.00 0.00 0.00 | F:mu sigma m M 212.2 161.5 15.0 636.0 | H 1.099 | V 0.000 | pL 0.000 | vL 0.000 | delta 0.000
U 302 | F 618496 | FPS 0030 | D 21487 | rR:mu sigma m M 0.00 0.00 0.00 0.00 | F:mu sigma m M 226.2 130.4 15.0 456.0 | H 1.098 | V 0.001 | pL -0.000 | vL 0.000 | delta 0.001
U 303 | F 620544 | FPS 0031 | D 21553 | rR:mu sigma m M 0.00 0.00 0.00 0.00 | F:mu sigma m M 190.2 138.5 13.0 445.0 | H 1.098 | V 0.001 | pL 0.000 | vL 0.000 | delta 0.001
U 304 | F 622592 | FPS 0029 | D 21623 | rR:mu sigma m M 0.00 0.00 0.00 0.00 | F:mu sigma m M 163.2 149.0 48.0 486.0 | H 1.099 | V 0.000 | pL 0.000 | vL 0.000 | delta 0.000
U 305 | F 624640 | FPS 0028 | D 21698 | rR:mu sigma m M 0.00 0.00 0.00 0.00 | F:mu sigma m M 166.1 154.4 15.0 564.0 | H 1.099 | V 0.000 | pL 0.000 | vL 0.000 | delta 0.000
U 306 | F 626688 | FPS 0029 | D 21768 | rR:mu sigma m M 0.00 0.00 0.00 0.00 | F:mu sigma m M 144.1 110.1 24.0 406.0 | H 1.099 | V 0.000 | pL 0.000 | vL 0.000 | delta 0.000
U 307 | F 628736 | FPS 0027 | D 21843 | rR:mu sigma m M 0.00 0.00 0.00 0.00 | F:mu sigma m M 173.2 139.3 24.0 558.0 | H 1.099 | V 0.000 | pL 0.000 | vL 0.000 | delta 0.000
U 308 | F 630784 | FPS 0033 | D 21906 | rR:mu sigma m M 0.00 0.00 0.00 0.00 | F:mu sigma m M 135.3 72.1 38.0 277.0 | H 1.099 | V 0.000 | pL 0.000 | vL 0.000 | delta 0.000
U 309 | F 632832 | FPS 0028 | D 21979 | rR:mu sigma m M 0.00 0.00 0.00 0.00 | F:mu sigma m M 102.6 65.7 11.0 219.0 | H 1.099 | V 0.000 | pL -0.000 | vL 0.000 | delta 0.000
U 310 | F 634880 | FPS 0026 | D 22058 | rR:mu sigma m M 0.00 0.00 0.00 0.00 | F:mu sigma m M 164.2 152.6 11.0 600.0 | H 1.099 | V 0.000 | pL 0.000 | vL 0.000 | delta 0.000
U 311 | F 636928 | FPS 0028 | D 22130 | rR:mu sigma m M 0.00 0.00 0.00 0.00 | F:mu sigma m M 209.8 207.1 38.0 900.0 | H 1.099 | V 0.000 | pL 0.000 | vL 0.000 | delta 0.000
U 312 | F 638976 | FPS 0029 | D 22201 | rR:mu sigma m M 0.00 0.00 0.00 0.00 | F:mu sigma m M 158.5 109.3 45.0 383.0 | H 1.099 | V 0.000 | pL 0.000 | vL 0.000 | delta 0.000
U 313 | F 641024 | FPS 0028 | D 22275 | rR:mu sigma m M 0.00 0.00 0.00 0.00 | F:mu sigma m M 155.2 117.6 24.0 418.0 | H 1.099 | V 0.000 | pL 0.000 | vL 0.000 | delta 0.000
U 314 | F 643072 | FPS 0029 | D 22345 | rR:mu sigma m M 0.00 0.00 0.00 0.00 | F:mu sigma m M 133.4 102.7 33.0 406.0 | H 1.099 | V 0.000 | pL 0.000 | vL 0.000 | delta 0.000
U 315 | F 645120 | FPS 0026 | D 22422 | rR:mu sigma m M 0.00 0.00 0.00 0.00 | F:mu sigma m M 157.7 113.8 24.0 465.0 | H 1.099 | V 0.000 | pL -0.000 | vL 0.000 | delta 0.000
U 316 | F 647168 | FPS 0032 | D 22487 | rR:mu sigma m M 0.00 0.00 0.00 0.00 | F:mu sigma m M 174.5 161.8 24.0 631.0 | H 1.098 | V 0.001 | pL 0.000 | vL 0.000 | delta 0.001
U 317 | F 649216 | FPS 0029 | D 22558 | rR:mu sigma m M 0.00 0.00 0.00 0.00 | F:mu sigma m M 125.2 61.6 28.0 229.0 | H 1.099 | V -0.001 | pL -0.000 | vL 0.000 | delta 0.000
U 318 | F 651264 | FPS 0030 | D 22625 | rR:mu sigma m M 0.00 0.00 0.00 0.00 | F:mu sigma m M 190.1 179.3 22.0 735.0 | H 1.098 | V -0.000 | pL 0.000 | vL 0.000 | delta 0.000
U 319 | F 653312 | FPS 0030 | D 22692 | rR:mu sigma m M 0.00 0.00 0.00 0.00 | F:mu sigma m M 212.3 188.0 22.0 735.0 | H 1.099 | V -0.000 | pL -0.000 | vL 0.000 | delta 0.000
U 320 | F 655360 | FPS 0028 | D 22764 | rR:mu sigma m M 0.00 0.00 0.00 0.00 | F:mu sigma m M 195.6 99.8 50.0 400.0 | H 1.099 | V 0.001 | pL -0.000 | vL 0.000 | delta 0.000
U 321 | F 657408 | FPS 0031 | D 22831 | rR:mu sigma m M 0.04 0.17 0.00 0.72 | F:mu sigma m M 167.1 98.3 45.0 346.0 | H 1.094 | V 0.009 | pL -0.006 | vL 0.001 | delta 0.010
U 322 | F 659456 | FPS 0030 | D 22899 | rR:mu sigma m M 0.00 0.00 0.00 0.00 | F:mu sigma m M 111.4 94.9 39.0 438.0 | H 1.098 | V 0.003 | pL -0.001 | vL 0.000 | delta 0.002
U 323 | F 661504 | FPS 0025 | D 22980 | rR:mu sigma m M 0.05 0.19 0.00 0.79 | F:mu sigma m M 127.4 61.5 50.0 270.0 | H 1.098 | V 0.002 | pL -0.000 | vL 0.000 | delta 0.004
U 324 | F 663552 | FPS 0030 | D 23049 | rR:mu sigma m M 0.00 0.00 0.00 0.00 | F:mu sigma m M 178.6 96.7 21.0 347.0 | H 1.099 | V 0.000 | pL -0.000 | vL 0.000 | delta 0.001
U 325 | F 665600 | FPS 0028 | D 23123 | rR:mu sigma m M 0.00 0.00 0.00 0.00 | F:mu sigma m M 227.8 149.5 21.0 571.0 | H 1.099 | V 0.000 | pL 0.000 | vL 0.000 | delta 0.000
U 326 | F 667648 | FPS 0031 | D 23190 | rR:mu sigma m M 0.00 0.00 0.00 0.00 | F:mu sigma m M 187.6 142.3 38.0 571.0 | H 1.099 | V 0.001 | pL 0.000 | vL 0.000 | delta 0.000
U 327 | F 669696 | FPS 0028 | D 23262 | rR:mu sigma m M 0.00 0.00 0.00 0.00 | F:mu sigma m M 187.7 133.4 35.0 480.0 | H 1.099 | V 0.000 | pL 0.000 | vL 0.000 | delta 0.000
U 328 | F 671744 | FPS 0030 | D 23330 | rR:mu sigma m M 0.00 0.00 0.00 0.00 | F:mu sigma m M 120.9 90.0 35.0 348.0 | H 1.099 | V 0.000 | pL 0.000 | vL 0.000 | delta 0.000
U 329 | F 673792 | FPS 0029 | D 23402 | rR:mu sigma m M 0.00 0.00 0.00 0.00 | F:mu sigma m M 162.6 134.1 39.0 551.0 | H 1.099 | V 0.000 | pL 0.000 | vL 0.000 | delta 0.000
U 330 | F 675840 | FPS 0030 | D 23470 | rR:mu sigma m M 0.00 0.00 0.00 0.00 | F:mu sigma m M 172.2 137.0 36.0 551.0 | H 1.098 | V 0.001 | pL 0.000 | vL 0.000 | delta 0.002
U 331 | F 677888 | FPS 0027 | D 23545 | rR:mu sigma m M 0.00 0.00 0.00 0.00 | F:mu sigma m M 229.7 167.1 27.0 697.0 | H 1.099 | V 0.001 | pL 0.000 | vL 0.000 | delta 0.000
U 332 | F 679936 | FPS 0029 | D 23616 | rR:mu sigma m M 0.00 0.00 0.00 0.00 | F:mu sigma m M 171.8 125.3 27.0 481.0 | H 1.099 | V 0.001 | pL 0.000 | vL 0.000 | delta 0.000
U 333 | F 681984 | FPS 0029 | D 23686 | rR:mu sigma m M 0.00 0.00 0.00 0.00 | F:mu sigma m M 214.2 187.9 9.0 748.0 | H 1.099 | V 0.001 | pL 0.000 | vL 0.000 | delta 0.000
U 334 | F 684032 | FPS 0031 | D 23752 | rR:mu sigma m M 0.00 0.00 0.00 0.00 | F:mu sigma m M 223.8 188.1 9.0 748.0 | H 1.097 | V 0.003 | pL -0.002 | vL 0.000 | delta 0.003
U 335 | F 686080 | FPS 0033 | D 23814 | rR:mu sigma m M 0.00 0.00 0.00 0.00 | F:mu sigma m M 211.8 151.8 22.0 578.0 | H 1.097 | V 0.002 | pL 0.001 | vL 0.000 | delta 0.004
U 336 | F 688128 | FPS 0026 | D 23891 | rR:mu sigma m M 0.00 0.00 0.00 0.00 | F:mu sigma m M 253.3 163.0 22.0 578.0 | H 1.098 | V 0.000 | pL -0.001 | vL 0.000 | delta 0.001
U 337 | F 690176 | FPS 0028 | D 23965 | rR:mu sigma m M 0.00 0.00 0.00 0.00 | F:mu sigma m M 167.9 134.4 26.0 529.0 | H 1.097 | V 0.002 | pL 0.001 | vL 0.000 | delta 0.002
U 338 | F 692224 | FPS 0028 | D 24038 | rR:mu sigma m M 0.00 0.00 0.00 0.00 | F:mu sigma m M 219.4 203.3 43.0 900.0 | H 1.098 | V 0.000 | pL -0.000 | vL 0.000 | delta 0.001
U 339 | F 694272 | FPS 0031 | D 24105 | rR:mu sigma m M 0.00 0.00 0.00 0.00 | F:mu sigma m M 225.6 214.0 20.0 900.0 | H 1.099 | V -0.001 | pL -0.000 | vL 0.000 | delta 0.000
U 340 | F 696320 | FPS 0030 | D 24172 | rR:mu sigma m M 0.00 0.00 0.00 0.00 | F:mu sigma m M 236.4 170.8 20.0 674.0 | H 1.098 | V 0.000 | pL -0.000 | vL 0.000 | delta 0.001
U 341 | F 698368 | FPS 0030 | D 24240 | rR:mu sigma m M 0.00 0.00 0.00 0.00 | F:mu sigma m M 140.4 152.1 33.0 674.0 | H 1.098 | V 0.001 | pL 0.000 | vL 0.000 | delta 0.001
U 342 | F 700416 | FPS 0029 | D 24310 | rR:mu sigma m M 0.00 0.00 0.00 0.00 | F:mu sigma m M 172.5 146.9 43.0 520.0 | H 1.099 | V 0.000 | pL -0.000 | vL 0.000 | delta 0.000
U 343 | F 702464 | FPS 0028 | D 24383 | rR:mu sigma m M 0.00 0.00 0.00 0.00 | F:mu sigma m M 215.0 191.0 35.0 675.0 | H 1.099 | V 0.000 | pL 0.000 | vL 0.000 | delta 0.000
U 344 | F 704512 | FPS 0031 | D 24448 | rR:mu sigma m M 0.06 0.21 0.00 0.89 | F:mu sigma m M 231.1 155.7 22.0 629.0 | H 1.097 | V 0.007 | pL -0.007 | vL 0.001 | delta 0.011
U 345 | F 706560 | FPS 0032 | D 24513 | rR:mu sigma m M 0.00 0.00 0.00 0.00 | F:mu sigma m M 181.8 141.8 24.0 629.0 | H 1.098 | V 0.003 | pL 0.001 | vL 0.000 | delta 0.001
U 346 | F 708608 | FPS 0029 | D 24582 | rR:mu sigma m M 0.00 0.00 0.00 0.00 | F:mu sigma m M 150.3 142.7 12.0 582.0 | H 1.097 | V 0.003 | pL 0.001 | vL 0.000 | delta 0.001
U 347 | F 710656 | FPS 0029 | D 24652 | rR:mu sigma m M 0.00 0.00 0.00 0.00 | F:mu sigma m M 171.2 131.4 40.0 582.0 | H 1.099 | V 0.001 | pL 0.000 | vL 0.000 | delta 0.000
U 348 | F 712704 | FPS 0029 | D 24722 | rR:mu sigma m M 0.00 0.00 0.00 0.00 | F:mu sigma m M 175.8 104.0 19.0 377.0 | H 1.098 | V 0.001 | pL 0.000 | vL 0.000 | delta 0.000
U 349 | F 714752 | FPS 0030 | D 24790 | rR:mu sigma m M 0.00 0.00 0.00 0.00 | F:mu sigma m M 200.8 169.7 19.0 534.0 | H 1.098 | V 0.001 | pL 0.000 | vL 0.000 | delta 0.000
U 350 | F 716800 | FPS 0027 | D 24864 | rR:mu sigma m M 0.00 0.00 0.00 0.00 | F:mu sigma m M 155.2 105.8 22.0 369.0 | H 1.099 | V 0.000 | pL 0.000 | vL 0.000 | delta 0.000
U 351 | F 718848 | FPS 0028 | D 24939 | rR:mu sigma m M 0.00 0.00 0.00 0.00 | F:mu sigma m M 164.1 94.2 46.0 388.0 | H 1.099 | V 0.000 | pL 0.000 | vL 0.000 | delta 0.000
U 352 | F 720896 | FPS 0029 | D 25009 | rR:mu sigma m M 0.00 0.00 0.00 0.00 | F:mu sigma m M 150.8 155.7 19.0 640.0 | H 1.099 | V 0.000 | pL 0.000 | vL 0.000 | delta 0.000
U 353 | F 722944 | FPS 0028 | D 25081 | rR:mu sigma m M 0.00 0.00 0.00 0.00 | F:mu sigma m M 243.8 225.2 35.0 749.0 | H 1.099 | V 0.000 | pL 0.000 | vL 0.000 | delta 0.000
U 354 | F 724992 | FPS 0029 | D 25152 | rR:mu sigma m M 0.00 0.00 0.00 0.00 | F:mu sigma m M 274.6 193.9 40.0 749.0 | H 1.099 | V 0.000 | pL -0.000 | vL 0.000 | delta 0.000
U 355 | F 727040 | FPS 0026 | D 25231 | rR:mu sigma m M 0.00 0.00 0.00 0.00 | F:mu sigma m M 226.4 142.4 18.0 489.0 | H 1.099 | V 0.000 | pL 0.000 | vL 0.000 | delta 0.000
U 356 | F 729088 | FPS 0028 | D 25305 | rR:mu sigma m M 0.00 0.00 0.00 0.00 | F:mu sigma m M 200.2 139.8 18.0 631.0 | H 1.099 | V 0.000 | pL 0.000 | vL 0.000 | delta 0.000
U 357 | F 731136 | FPS 0030 | D 25374 | rR:mu sigma m M 0.00 0.00 0.00 0.00 | F:mu sigma m M 236.2 166.8 47.0 634.0 | H 1.099 | V 0.000 | pL 0.000 | vL 0.000 | delta 0.000
U 358 | F 733184 | FPS 0028 | D 25447 | rR:mu sigma m M 0.00 0.00 0.00 0.00 | F:mu sigma m M 207.2 163.1 31.0 634.0 | H 1.099 | V 0.000 | pL 0.000 | vL 0.000 | delta 0.000
U 359 | F 735232 | FPS 0031 | D 25514 | rR:mu sigma m M 0.00 0.00 0.00 0.00 | F:mu sigma m M 153.8 210.5 28.0 900.0 | H 1.099 | V 0.000 | pL 0.000 | vL 0.000 | delta 0.000
U 360 | F 737280 | FPS 0029 | D 25584 | rR:mu sigma m M 0.00 0.00 0.00 0.00 | F:mu sigma m M 120.1 85.5 19.0 299.0 | H 1.099 | V 0.000 | pL 0.000 | vL 0.000 | delta 0.000
U 361 | F 739328 | FPS 0030 | D 25652 | rR:mu sigma m M 0.00 0.00 0.00 0.00 | F:mu sigma m M 170.3 129.0 19.0 453.0 | H 1.099 | V 0.000 | pL 0.000 | vL 0.000 | delta 0.000
U 362 | F 741376 | FPS 0032 | D 25716 | rR:mu sigma m M 0.00 0.00 0.00 0.00 | F:mu sigma m M 196.0 182.2 29.0 765.0 | H 1.099 | V 0.000 | pL 0.000 | vL 0.000 | delta 0.000
U 363 | F 743424 | FPS 0028 | D 25790 | rR:mu sigma m M 0.00 0.00 0.00 0.00 | F:mu sigma m M 107.8 80.7 29.0 347.0 | H 1.099 | V -0.000 | pL -0.000 | vL 0.000 | delta 0.000
U 364 | F 745472 | FPS 0028 | D 25863 | rR:mu sigma m M 0.00 0.00 0.00 0.00 | F:mu sigma m M 140.3 97.4 12.0 413.0 | H 1.098 | V 0.000 | pL -0.000 | vL 0.000 | delta 0.000
U 365 | F 747520 | FPS 0029 | D 25934 | rR:mu sigma m M 0.00 0.00 0.00 0.00 | F:mu sigma m M 156.3 101.3 33.0 467.0 | H 1.096 | V 0.002 | pL 0.001 | vL 0.000 | delta 0.004
U 366 | F 749568 | FPS 0028 | D 26006 | rR:mu sigma m M 0.00 0.00 0.00 0.00 | F:mu sigma m M 158.8 105.7 33.0 425.0 | H 1.098 | V 0.001 | pL 0.000 | vL 0.000 | delta 0.001
U 367 | F 751616 | FPS 0032 | D 26071 | rR:mu sigma m M 0.00 0.00 0.00 0.00 | F:mu sigma m M 143.9 98.4 33.0 359.0 | H 1.099 | V 0.001 | pL 0.000 | vL 0.000 | delta 0.000
U 368 | F 753664 | FPS 0026 | D 26148 | rR:mu sigma m M 0.00 0.00 0.00 0.00 | F:mu sigma m M 233.7 226.9 28.0 883.0 | H 1.099 | V 0.000 | pL 0.000 | vL 0.000 | delta 0.000
U 369 | F 755712 | FPS 0028 | D 26220 | rR:mu sigma m M 0.00 0.00 0.00 0.00 | F:mu sigma m M 169.4 119.7 15.0 393.0 | H 1.098 | V 0.001 | pL 0.000 | vL 0.000 | delta 0.000
U 370 | F 757760 | FPS 0032 | D 26285 | rR:mu sigma m M 0.00 0.00 0.00 0.00 | F:mu sigma m M 151.7 134.6 32.0 430.0 | H 1.099 | V 0.000 | pL 0.000 | vL 0.000 | delta 0.000
U 371 | F 759808 | FPS 0031 | D 26352 | rR:mu sigma m M 0.00 0.00 0.00 0.00 | F:mu sigma m M 177.8 116.2 52.0 483.0 | H 1.099 | V 0.000 | pL 0.000 | vL 0.000 | delta 0.000
U 372 | F 761856 | FPS 0030 | D 26421 | rR:mu sigma m M 0.00 0.00 0.00 0.00 | F:mu sigma m M 140.2 105.0 31.0 483.0 | H 1.099 | V 0.000 | pL 0.000 | vL 0.000 | delta 0.000
U 373 | F 763904 | FPS 0027 | D 26497 | rR:mu sigma m M 0.00 0.00 0.00 0.00 | F:mu sigma m M 178.7 132.6 7.0 552.0 | H 1.099 | V 0.000 | pL 0.000 | vL 0.000 | delta 0.000
U 374 | F 765952 | FPS 0029 | D 26567 | rR:mu sigma m M 0.05 0.20 0.00 0.84 | F:mu sigma m M 114.1 84.6 20.0 316.0 | H 1.096 | V 0.007 | pL -0.007 | vL 0.001 | delta 0.006
U 375 | F 768000 | FPS 0028 | D 26641 | rR:mu sigma m M 0.05 0.20 0.00 0.84 | F:mu sigma m M 161.4 123.3 21.0 433.0 | H 1.098 | V 0.001 | pL -0.000 | vL 0.000 | delta 0.001
U 376 | F 770048 | FPS 0026 | D 26719 | rR:mu sigma m M 0.00 0.00 0.00 0.00 | F:mu sigma m M 212.2 144.6 23.0 433.0 | H 1.098 | V 0.001 | pL 0.000 | vL 0.000 | delta 0.001
U 377 | F 772096 | FPS 0033 | D 26781 | rR:mu sigma m M 0.00 0.00 0.00 0.00 | F:mu sigma m M 183.9 165.4 23.0 525.0 | H 1.099 | V 0.001 | pL 0.000 | vL 0.000 | delta 0.000
U 378 | F 774144 | FPS 0031 | D 26848 | rR:mu sigma m M 0.00 0.00 0.00 0.00 | F:mu sigma m M 188.6 148.2 15.0 521.0 | H 1.099 | V 0.000 | pL 0.000 | vL 0.000 | delta 0.000
U 379 | F 776192 | FPS 0030 | D 26916 | rR:mu sigma m M 0.00 0.00 0.00 0.00 | F:mu sigma m M 123.3 98.7 38.0 428.0 | H 1.099 | V 0.000 | pL 0.000 | vL 0.000 | delta 0.000
U 380 | F 778240 | FPS 0031 | D 26982 | rR:mu sigma m M 0.00 0.00 0.00 0.00 | F:mu sigma m M 146.7 106.0 27.0 408.0 | H 1.098 | V 0.001 | pL 0.000 | vL 0.000 | delta 0.001
U 381 | F 780288 | FPS 0030 | D 27052 | rR:mu sigma m M 0.04 0.17 0.00 0.69 | F:mu sigma m M 197.2 120.8 47.0 433.0 | H 1.097 | V 0.004 | pL -0.006 | vL 0.000 | delta 0.010
U 382 | F 782336 | FPS 0028 | D 27124 | rR:mu sigma m M 0.09 0.24 0.00 0.76 | F:mu sigma m M 132.6 86.4 11.0 314.0 | H 1.091 | V 0.011 | pL -0.005 | vL 0.000 | delta 0.012
U 383 | F 784384 | FPS 0027 | D 27200 | rR:mu sigma m M 0.05 0.18 0.00 0.76 | F:mu sigma m M 207.7 194.6 46.0 788.0 | H 1.098 | V 0.001 | pL 0.000 | vL 0.000 | delta 0.001
U 384 | F 786432 | FPS 0026 | D 27279 | rR:mu sigma m M 0.00 0.00 0.00 0.00 | F:mu sigma m M 201.7 138.6 39.0 601.0 | H 1.098 | V 0.001 | pL 0.000 | vL 0.000 | delta 0.001
U 385 | F 788480 | FPS 0027 | D 27357 | rR:mu sigma m M 0.00 0.00 0.00 0.00 | F:mu sigma m M 186.8 141.1 39.0 601.0 | H 1.098 | V 0.001 | pL 0.000 | vL 0.000 | delta 0.000
U 386 | F 790528 | FPS 0029 | D 27428 | rR:mu sigma m M 0.00 0.00 0.00 0.00 | F:mu sigma m M 176.4 95.9 50.0 400.0 | H 1.098 | V 0.001 | pL 0.000 | vL 0.000 | delta 0.000
U 387 | F 792576 | FPS 0027 | D 27505 | rR:mu sigma m M 0.00 0.00 0.00 0.00 | F:mu sigma m M 171.5 134.6 22.0 422.0 | H 1.094 | V 0.010 | pL -0.001 | vL 0.000 | delta 0.008
U 388 | F 794624 | FPS 0030 | D 27573 | rR:mu sigma m M 0.00 0.00 0.00 0.00 | F:mu sigma m M 237.7 175.6 22.0 526.0 | H 1.097 | V -0.002 | pL -0.000 | vL 0.000 | delta 0.005
U 389 | F 796672 | FPS 0030 | D 27642 | rR:mu sigma m M 0.00 0.00 0.00 0.00 | F:mu sigma m M 260.8 176.6 32.0 640.0 | H 1.098 | V 0.000 | pL 0.000 | vL 0.000 | delta 0.002
U 390 | F 798720 | FPS 0029 | D 27713 | rR:mu sigma m M 0.00 0.00 0.00 0.00 | F:mu sigma m M 184.4 150.6 18.0 495.0 | H 1.098 | V 0.000 | pL 0.000 | vL 0.000 | delta 0.001
U 391 | F 800768 | FPS 0030 | D 27781 | rR:mu sigma m M 0.00 0.00 0.00 0.00 | F:mu sigma m M 150.4 135.7 15.0 495.0 | H 1.097 | V 0.004 | pL -0.002 | vL 0.000 | delta 0.003
U 392 | F 802816 | FPS 0030 | D 27849 | rR:mu sigma m M 0.08 0.22 0.00 0.73 | F:mu sigma m M 191.3 130.2 35.0 446.0 | H 1.091 | V 0.021 | pL -0.007 | vL 0.001 | delta 0.015
U 393 | F 804864 | FPS 0031 | D 27916 | rR:mu sigma m M 0.00 0.00 0.00 0.00 | F:mu sigma m M 136.6 125.0 17.0 508.0 | H 1.098 | V 0.001 | pL 0.000 | vL 0.000 | delta 0.002
U 394 | F 806912 | FPS 0031 | D 27983 | rR:mu sigma m M 0.00 0.00 0.00 0.00 | F:mu sigma m M 142.3 125.5 17.0 530.0 | H 1.098 | V -0.000 | pL -0.000 | vL 0.000 | delta 0.001
U 395 | F 808960 | FPS 0026 | D 28064 | rR:mu sigma m M 0.00 0.00 0.00 0.00 | F:mu sigma m M 219.4 133.4 44.0 530.0 | H 1.099 | V -0.000 | pL -0.000 | vL 0.000 | delta 0.000
U 396 | F 811008 | FPS 0028 | D 28136 | rR:mu sigma m M 0.00 0.00 0.00 0.00 | F:mu sigma m M 224.9 129.0 49.0 474.0 | H 1.098 | V 0.000 | pL -0.000 | vL 0.000 | delta 0.000
U 397 | F 813056 | FPS 0029 | D 28208 | rR:mu sigma m M 0.00 0.00 0.00 0.00 | F:mu sigma m M 138.8 112.0 33.0 474.0 | H 1.098 | V 0.001 | pL 0.000 | vL 0.000 | delta 0.002
U 398 | F 815104 | FPS 0029 | D 28279 | rR:mu sigma m M 0.00 0.00 0.00 0.00 | F:mu sigma m M 164.9 154.5 33.0 584.0 | H 1.098 | V 0.003 | pL -0.001 | vL 0.000 | delta 0.002
U 399 | F 817152 | FPS 0029 | D 28350 | rR:mu sigma m M 0.02 0.09 0.00 0.39 | F:mu sigma m M 241.0 168.2 32.0 613.0 | H 1.098 | V 0.003 | pL -0.001 | vL 0.000 | delta 0.004
U 400 | F 819200 | FPS 0028 | D 28424 | rR:mu sigma m M 0.00 0.00 0.00 0.00 | F:mu sigma m M 196.0 209.9 32.0 900.0 | H 1.099 | V 0.001 | pL 0.000 | vL 0.000 | delta 0.000
U 401 | F 821248 | FPS 0026 | D 28502 | rR:mu sigma m M 0.00 0.00 0.00 0.00 | F:mu sigma m M 224.8 210.7 33.0 900.0 | H 1.099 | V 0.001 | pL 0.000 | vL 0.000 | delta 0.000
U 402 | F 823296 | FPS 0030 | D 28571 | rR:mu sigma m M 0.06 0.22 0.00 0.90 | F:mu sigma m M 213.6 131.5 54.0 543.0 | H 1.095 | V 0.009 | pL -0.006 | vL 0.001 | delta 0.013
U 403 | F 825344 | FPS 0028 | D 28644 | rR:mu sigma m M 0.06 0.22 0.00 0.90 | F:mu sigma m M 217.6 148.5 35.0 543.0 | H 1.098 | V 0.003 | pL -0.000 | vL 0.000 | delta 0.003
U 404 | F 827392 | FPS 0029 | D 28715 | rR:mu sigma m M 0.04 0.14 0.00 0.58 | F:mu sigma m M 270.2 178.9 63.0 666.0 | H 1.095 | V 0.016 | pL -0.001 | vL 0.000 | delta 0.008
U 405 | F 829440 | FPS 0028 | D 28788 | rR:mu sigma m M 0.04 0.14 0.00 0.58 | F:mu sigma m M 242.3 144.2 96.0 666.0 | H 1.097 | V 0.004 | pL 0.001 | vL 0.000 | delta 0.002
U 406 | F 831488 | FPS 0035 | D 28847 | rR:mu sigma m M 0.00 0.00 0.00 0.00 | F:mu sigma m M 189.4 97.6 50.0 391.0 | H 1.098 | V 0.004 | pL 0.001 | vL 0.000 | delta 0.001
U 407 | F 833536 | FPS 0027 | D 28924 | rR:mu sigma m M 0.00 0.00 0.00 0.00 | F:mu sigma m M 206.8 127.8 25.0 423.0 | H 1.098 | V 0.003 | pL 0.001 | vL 0.000 | delta 0.001
U 408 | F 835584 | FPS 0030 | D 28991 | rR:mu sigma m M 0.00 0.00 0.00 0.00 | F:mu sigma m M 194.2 193.4 38.0 855.0 | H 1.098 | V 0.002 | pL 0.001 | vL 0.000 | delta 0.000
U 409 | F 837632 | FPS 0026 | D 29070 | rR:mu sigma m M 0.00 0.00 0.00 0.00 | F:mu sigma m M 189.8 163.2 24.0 803.0 | H 1.098 | V 0.002 | pL 0.001 | vL 0.000 | delta 0.000
U 410 | F 839680 | FPS 0030 | D 29139 | rR:mu sigma m M 0.00 0.00 0.00 0.00 | F:mu sigma m M 119.0 68.6 24.0 293.0 | H 1.098 | V 0.003 | pL -0.000 | vL 0.000 | delta 0.001
U 411 | F 841728 | FPS 0030 | D 29208 | rR:mu sigma m M 0.00 0.00 0.00 0.00 | F:mu sigma m M 123.9 73.3 21.0 262.0 | H 1.098 | V 0.003 | pL 0.000 | vL 0.000 | delta 0.001
U 412 | F 843776 | FPS 0026 | D 29287 | rR:mu sigma m M 0.00 0.00 0.00 0.00 | F:mu sigma m M 174.7 133.2 21.0 482.0 | H 1.096 | V 0.003 | pL 0.001 | vL 0.000 | delta 0.002
U 413 | F 845824 | FPS 0028 | D 29360 | rR:mu sigma m M 0.00 0.00 0.00 0.00 | F:mu sigma m M 166.8 148.3 34.0 565.0 | H 1.096 | V 0.004 | pL -0.000 | vL 0.000 | delta 0.003
U 414 | F 847872 | FPS 0029 | D 29430 | rR:mu sigma m M 0.04 0.15 0.00 0.63 | F:mu sigma m M 188.4 150.7 34.0 565.0 | H 1.091 | V 0.011 | pL -0.004 | vL 0.000 | delta 0.009
U 415 | F 849920 | FPS 0026 | D 29508 | rR:mu sigma m M 0.05 0.16 0.00 0.63 | F:mu sigma m M 216.9 217.1 42.0 772.0 | H 1.096 | V 0.006 | pL 0.000 | vL 0.000 | delta 0.002
U 416 | F 851968 | FPS 0025 | D 29589 | rR:mu sigma m M 0.06 0.21 0.00 0.88 | F:mu sigma m M 223.2 185.7 18.0 586.0 | H 1.091 | V 0.011 | pL -0.007 | vL 0.001 | delta 0.024
U 417 | F 854016 | FPS 0027 | D 29664 | rR:mu sigma m M 0.06 0.21 0.00 0.88 | F:mu sigma m M 152.6 122.3 29.0 451.0 | H 1.093 | V 0.010 | pL 0.002 | vL 0.000 | delta 0.007
U 418 | F 856064 | FPS 0026 | D 29742 | rR:mu sigma m M 0.00 0.00 0.00 0.00 | F:mu sigma m M 178.3 133.8 21.0 451.0 | H 1.096 | V 0.008 | pL 0.001 | vL 0.000 | delta 0.003
U 419 | F 858112 | FPS 0032 | D 29806 | rR:mu sigma m M 0.03 0.11 0.00 0.47 | F:mu sigma m M 213.1 181.8 30.0 661.0 | H 1.094 | V 0.010 | pL -0.002 | vL 0.000 | delta 0.003
U 420 | F 860160 | FPS 0030 | D 29874 | rR:mu sigma m M 0.00 0.00 0.00 0.00 | F:mu sigma m M 124.8 91.1 43.0 410.0 | H 1.098 | V 0.002 | pL 0.001 | vL 0.000 | delta 0.002
U 421 | F 862208 | FPS 0031 | D 29941 | rR:mu sigma m M 0.05 0.19 0.00 0.80 | F:mu sigma m M 111.9 73.2 22.0 243.0 | H 1.091 | V 0.009 | pL -0.006 | vL 0.001 | delta 0.010
U 422 | F 864256 | FPS 0026 | D 30019 | rR:mu sigma m M 0.00 0.00 0.00 0.00 | F:mu sigma m M 155.6 173.3 17.0 618.0 | H 1.098 | V 0.004 | pL 0.001 | vL 0.000 | delta 0.001
U 423 | F 866304 | FPS 0028 | D 30092 | rR:mu sigma m M 0.00 0.00 0.00 0.00 | F:mu sigma m M 142.5 151.3 22.0 618.0 | H 1.098 | V 0.003 | pL 0.001 | vL 0.000 | delta 0.001
U 424 | F 868352 | FPS 0029 | D 30163 | rR:mu sigma m M 0.00 0.00 0.00 0.00 | F:mu sigma m M 163.1 120.6 21.0 498.0 | H 1.098 | V 0.002 | pL 0.001 | vL 0.000 | delta 0.000
U 425 | F 870400 | FPS 0032 | D 30227 | rR:mu sigma m M 0.05 0.19 0.00 0.77 | F:mu sigma m M 219.4 181.6 21.0 653.0 | H 1.085 | V 0.028 | pL -0.008 | vL 0.001 | delta 0.015
U 426 | F 872448 | FPS 0030 | D 30296 | rR:mu sigma m M 0.02 0.08 0.00 0.35 | F:mu sigma m M 207.4 187.3 52.0 645.0 | H 1.088 | V 0.015 | pL 0.003 | vL 0.000 | delta 0.008
U 427 | F 874496 | FPS 0029 | D 30366 | rR:mu sigma m M 0.02 0.09 0.00 0.35 | F:mu sigma m M 186.3 179.0 37.0 645.0 | H 1.098 | V 0.002 | pL 0.001 | vL 0.000 | delta 0.001
U 428 | F 876544 | FPS 0030 | D 30434 | rR:mu sigma m M 0.00 0.00 0.00 0.00 | F:mu sigma m M 185.7 107.4 37.0 357.0 | H 1.097 | V 0.002 | pL 0.001 | vL 0.000 | delta 0.001
U 429 | F 878592 | FPS 0028 | D 30507 | rR:mu sigma m M 0.00 0.00 0.00 0.00 | F:mu sigma m M 133.4 96.8 42.0 359.0 | H 1.094 | V 0.009 | pL 0.002 | vL 0.000 | delta 0.005
U 430 | F 880640 | FPS 0031 | D 30573 | rR:mu sigma m M 0.00 0.00 0.00 0.00 | F:mu sigma m M 140.1 114.3 33.0 501.0 | H 1.098 | V 0.002 | pL 0.001 | vL 0.000 | delta 0.001
U 431 | F 882688 | FPS 0029 | D 30644 | rR:mu sigma m M 0.00 0.00 0.00 0.00 | F:mu sigma m M 156.1 158.8 43.0 586.0 | H 1.098 | V 0.002 | pL 0.001 | vL 0.000 | delta 0.001
U 432 | F 884736 | FPS 0031 | D 30709 | rR:mu sigma m M 0.00 0.00 0.00 0.00 | F:mu sigma m M 165.4 103.5 22.0 399.0 | H 1.098 | V 0.002 | pL 0.001 | vL 0.000 | delta 0.000
U 433 | F 886784 | FPS 0032 | D 30773 | rR:mu sigma m M 0.04 0.14 0.00 0.59 | F:mu sigma m M 179.8 193.2 21.0 795.0 | H 1.090 | V 0.010 | pL -0.003 | vL 0.000 | delta 0.009
U 434 | F 888832 | FPS 0028 | D 30847 | rR:mu sigma m M 0.04 0.14 0.00 0.59 | F:mu sigma m M 209.4 185.7 43.0 795.0 | H 1.097 | V 0.001 | pL 0.000 | vL 0.000 | delta 0.002
U 435 | F 890880 | FPS 0029 | D 30917 | rR:mu sigma m M 0.00 0.00 0.00 0.00 | F:mu sigma m M 219.2 175.3 43.0 770.0 | H 1.095 | V 0.007 | pL 0.001 | vL 0.000 | delta 0.004
U 436 | F 892928 | FPS 0028 | D 30990 | rR:mu sigma m M 0.00 0.00 0.00 0.00 | F:mu sigma m M 168.4 118.7 23.0 451.0 | H 1.098 | V 0.004 | pL 0.002 | vL 0.000 | delta 0.002
U 437 | F 894976 | FPS 0030 | D 31058 | rR:mu sigma m M 0.00 0.00 0.00 0.00 | F:mu sigma m M 186.1 141.5 23.0 530.0 | H 1.098 | V 0.002 | pL 0.000 | vL 0.000 | delta 0.001
U 438 | F 897024 | FPS 0028 | D 31131 | rR:mu sigma m M 0.01 0.06 0.00 0.23 | F:mu sigma m M 167.8 171.9 28.0 767.0 | H 1.096 | V 0.007 | pL -0.001 | vL 0.000 | delta 0.002
U 439 | F 899072 | FPS 0032 | D 31195 | rR:mu sigma m M 0.01 0.06 0.00 0.23 | F:mu sigma m M 180.3 181.3 9.0 767.0 | H 1.096 | V 0.005 | pL 0.000 | vL 0.000 | delta 0.002
U 440 | F 901120 | FPS 0029 | D 31265 | rR:mu sigma m M 0.00 0.00 0.00 0.00 | F:mu sigma m M 137.8 144.6 16.0 564.0 | H 1.096 | V 0.003 | pL 0.001 | vL 0.000 | delta 0.002
U 441 | F 903168 | FPS 0028 | D 31340 | rR:mu sigma m M 0.06 0.22 0.00 0.89 | F:mu sigma m M 179.6 170.2 31.0 670.0 | H 1.091 | V 0.008 | pL -0.007 | vL 0.001 | delta 0.013
U 442 | F 905216 | FPS 0030 | D 31409 | rR:mu sigma m M 0.00 0.00 0.00 0.00 | F:mu sigma m M 130.2 89.0 22.0 337.0 | H 1.098 | V -0.001 | pL -0.000 | vL 0.000 | delta 0.001
U 443 | F 907264 | FPS 0031 | D 31475 | rR:mu sigma m M 0.00 0.00 0.00 0.00 | F:mu sigma m M 132.7 103.2 36.0 474.0 | H 1.098 | V -0.000 | pL -0.000 | vL 0.000 | delta 0.000
U 444 | F 909312 | FPS 0030 | D 31544 | rR:mu sigma m M 0.00 0.00 0.00 0.00 | F:mu sigma m M 205.8 154.5 64.0 533.0 | H 1.098 | V 0.001 | pL 0.000 | vL 0.000 | delta 0.003
U 445 | F 911360 | FPS 0030 | D 31613 | rR:mu sigma m M 0.00 0.00 0.00 0.00 | F:mu sigma m M 167.6 150.6 41.0 533.0 | H 1.098 | V 0.002 | pL -0.000 | vL 0.000 | delta 0.002
U 446 | F 913408 | FPS 0026 | D 31692 | rR:mu sigma m M 0.04 0.17 0.00 0.71 | F:mu sigma m M 166.2 127.3 36.0 483.0 | H 1.093 | V 0.009 | pL -0.004 | vL 0.001 | delta 0.007
U 447 | F 915456 | FPS 0031 | D 31758 | rR:mu sigma m M 0.00 0.00 0.00 0.00 | F:mu sigma m M 160.2 119.1 34.0 447.0 | H 1.098 | V 0.002 | pL 0.001 | vL 0.000 | delta 0.002
U 448 | F 917504 | FPS 0030 | D 31827 | rR:mu sigma m M 0.00 0.00 0.00 0.00 | F:mu sigma m M 96.9 86.6 19.0 363.0 | H 1.098 | V 0.001 | pL 0.000 | vL 0.000 | delta 0.000
U 449 | F 919552 | FPS 0029 | D 31898 | rR:mu sigma m M 0.06 0.22 0.00 0.89 | F:mu sigma m M 163.1 125.7 22.0 473.0 | H 1.091 | V 0.014 | pL -0.007 | vL 0.001 | delta 0.011
U 450 | F 921600 | FPS 0029 | D 31968 | rR:mu sigma m M 0.06 0.22 0.00 0.89 | F:mu sigma m M 176.6 156.2 21.0 627.0 | H 1.098 | V 0.004 | pL 0.001 | vL 0.000 | delta 0.001
U 451 | F 923648 | FPS 0030 | D 32035 | rR:mu sigma m M 0.00 0.00 0.00 0.00 | F:mu sigma m M 158.4 116.8 24.0 447.0 | H 1.085 | V 0.020 | pL -0.004 | vL 0.000 | delta 0.007
U 452 | F 925696 | FPS 0032 | D 32099 | rR:mu sigma m M 0.15 0.31 0.00 0.88 | F:mu sigma m M 178.8 104.5 14.0 433.0 | H 1.077 | V 0.041 | pL -0.013 | vL 0.002 | delta 0.021
U 453 | F 927744 | FPS 0036 | D 32155 | rR:mu sigma m M 0.03 0.13 0.00 0.57 | F:mu sigma m M 129.2 101.1 33.0 429.0 | H 1.087 | V 0.021 | pL 0.004 | vL 0.001 | delta 0.013
U 454 | F 929792 | FPS 0031 | D 32220 | rR:mu sigma m M 0.00 0.00 0.00 0.00 | F:mu sigma m M 130.0 94.6 28.0 413.0 | H 1.097 | V 0.011 | pL 0.003 | vL 0.000 | delta 0.003
U 455 | F 931840 | FPS 0028 | D 32293 | rR:mu sigma m M 0.00 0.00 0.00 0.00 | F:mu sigma m M 93.9 49.8 38.0 247.0 | H 1.097 | V 0.007 | pL 0.001 | vL 0.000 | delta 0.002
U 456 | F 933888 | FPS 0031 | D 32359 | rR:mu sigma m M 0.00 0.00 0.00 0.00 | F:mu sigma m M 137.1 102.6 20.0 346.0 | H 1.097 | V 0.007 | pL 0.001 | vL 0.000 | delta 0.003
U 457 | F 935936 | FPS 0033 | D 32421 | rR:mu sigma m M 0.05 0.18 0.00 0.75 | F:mu sigma m M 136.9 85.1 26.0 253.0 | H 1.085 | V 0.027 | pL -0.004 | vL 0.001 | delta 0.012
U 458 | F 937984 | FPS 0029 | D 32491 | rR:mu sigma m M 0.09 0.24 0.00 0.80 | F:mu sigma m M 108.8 97.2 25.0 371.0 | H 1.084 | V 0.021 | pL -0.008 | vL 0.001 | delta 0.010
U 459 | F 940032 | FPS 0031 | D 32558 | rR:mu sigma m M 0.10 0.26 0.00 0.86 | F:mu sigma m M 167.9 122.1 25.0 453.0 | H 1.082 | V 0.024 | pL -0.006 | vL 0.001 | delta 0.014
U 460 | F 942080 | FPS 0034 | D 32619 | rR:mu sigma m M 0.10 0.26 0.00 0.86 | F:mu sigma m M 154.1 94.9 54.0 404.0 | H 1.094 | V 0.005 | pL 0.001 | vL 0.000 | delta 0.002
U 461 | F 944128 | FPS 0029 | D 32688 | rR:mu sigma m M 0.00 0.00 0.00 0.00 | F:mu sigma m M 195.8 141.6 17.0 583.0 | H 1.096 | V 0.003 | pL 0.001 | vL 0.000 | delta 0.001
U 462 | F 946176 | FPS 0031 | D 32754 | rR:mu sigma m M 0.00 0.00 0.00 0.00 | F:mu sigma m M 169.8 162.1 21.0 583.0 | H 1.084 | V 0.019 | pL -0.002 | vL 0.000 | delta 0.006
U 463 | F 948224 | FPS 0028 | D 32827 | rR:mu sigma m M 0.05 0.19 0.00 0.76 | F:mu sigma m M 164.6 114.0 45.0 469.0 | H 1.080 | V 0.036 | pL -0.001 | vL 0.001 | delta 0.010
U 464 | F 950272 | FPS 0034 | D 32887 | rR:mu sigma m M 0.04 0.15 0.00 0.67 | F:mu sigma m M 155.9 88.6 9.0 330.0 | H 1.086 | V 0.027 | pL -0.001 | vL 0.001 | delta 0.013
U 465 | F 952320 | FPS 0032 | D 32952 | rR:mu sigma m M 0.05 0.20 0.00 0.87 | F:mu sigma m M 119.9 141.5 21.0 631.0 | H 1.077 | V 0.032 | pL 0.002 | vL 0.001 | delta 0.017
U 466 | F 954368 | FPS 0034 | D 33013 | rR:mu sigma m M 0.06 0.22 0.00 0.90 | F:mu sigma m M 123.6 79.2 22.0 254.0 | H 1.087 | V 0.021 | pL 0.000 | vL 0.000 | delta 0.006
U 467 | F 956416 | FPS 0033 | D 33075 | rR:mu sigma m M 0.05 0.19 0.00 0.80 | F:mu sigma m M 158.0 88.7 27.0 319.0 | H 1.086 | V 0.031 | pL -0.009 | vL 0.001 | delta 0.019
U 468 | F 958464 | FPS 0028 | D 33148 | rR:mu sigma m M 0.19 0.33 0.00 0.80 | F:mu sigma m M 160.1 87.3 46.0 304.0 | H 1.061 | V 0.061 | pL -0.010 | vL 0.003 | delta 0.027
U 469 | F 960512 | FPS 0034 | D 33208 | rR:mu sigma m M 0.11 0.28 0.00 0.85 | F:mu sigma m M 144.2 94.8 15.0 382.0 | H 1.017 | V 0.135 | pL -0.007 | vL 0.007 | delta 0.040
U 470 | F 962560 | FPS 0036 | D 33265 | rR:mu sigma m M 0.40 0.40 0.00 0.86 | F:mu sigma m M 148.2 79.7 38.0 357.0 | H 1.016 | V 0.140 | pL -0.016 | vL 0.004 | delta 0.029
U 471 | F 964608 | FPS 0043 | D 33313 | rR:mu sigma m M 0.29 0.41 0.00 0.91 | F:mu sigma m M 148.3 154.6 15.0 721.0 | H 1.000 | V 0.144 | pL -0.014 | vL 0.006 | delta 0.048
U 472 | F 966656 | FPS 0041 | D 33362 | rR:mu sigma m M 0.47 0.43 0.00 0.93 | F:mu sigma m M 118.5 58.2 31.0 307.0 | H 0.978 | V 0.197 | pL -0.040 | vL 0.007 | delta 0.068
U 473 | F 968704 | FPS 0046 | D 33407 | rR:mu sigma m M 0.45 0.45 0.00 0.94 | F:mu sigma m M 89.5 40.4 30.0 183.0 | H 0.968 | V 0.201 | pL -0.036 | vL 0.007 | delta 0.069
U 474 | F 970752 | FPS 0046 | D 33451 | rR:mu sigma m M 0.55 0.44 0.00 0.96 | F:mu sigma m M 102.6 57.1 42.0 329.0 | H 0.924 | V 0.287 | pL -0.033 | vL 0.009 | delta 0.065
U 475 | F 972800 | FPS 0051 | D 33492 | rR:mu sigma m M 0.69 0.39 0.00 0.96 | F:mu sigma m M 91.7 41.8 21.0 197.0 | H 0.855 | V 0.360 | pL -0.064 | vL 0.009 | delta 0.098
U 476 | F 974848 | FPS 0055 | D 33528 | rR:mu sigma m M 0.66 0.42 0.00 0.95 | F:mu sigma m M 66.7 29.6 11.0 140.0 | H 0.818 | V 0.407 | pL -0.060 | vL 0.012 | delta 0.082
U 477 | F 976896 | FPS 0062 | D 33562 | rR:mu sigma m M 0.76 0.36 0.00 0.96 | F:mu sigma m M 62.7 32.8 12.0 190.0 | H 0.744 | V 0.499 | pL -0.063 | vL 0.011 | delta 0.085
U 478 | F 978944 | FPS 0064 | D 33594 | rR:mu sigma m M 0.87 0.25 0.00 0.97 | F:mu sigma m M 56.1 21.3 22.0 101.0 | H 0.648 | V 0.606 | pL -0.070 | vL 0.007 | delta 0.104
U 479 | F 980992 | FPS 0072 | D 33622 | rR:mu sigma m M 0.90 0.23 0.00 0.97 | F:mu sigma m M 43.0 12.4 17.0 80.0 | H 0.554 | V 0.703 | pL -0.064 | vL 0.006 | delta 0.079
U 480 | F 983040 | FPS 0074 | D 33650 | rR:mu sigma m M 0.95 0.13 0.00 0.97 | F:mu sigma m M 37.2 8.7 19.0 65.0 | H 0.512 | V 0.778 | pL -0.033 | vL 0.005 | delta 0.082
U 481 | F 985088 | FPS 0075 | D 33677 | rR:mu sigma m M 0.94 0.13 0.00 0.97 | F:mu sigma m M 38.7 12.6 21.0 87.0 | H 0.580 | V 0.799 | pL 0.003 | vL 0.002 | delta 0.038
U 482 | F 987136 | FPS 0073 | D 33705 | rR:mu sigma m M 0.94 0.13 0.00 0.97 | F:mu sigma m M 39.8 7.5 23.0 57.0 | H 0.603 | V 0.793 | pL 0.008 | vL 0.003 | delta 0.054
U 483 | F 989184 | FPS 0071 | D 33734 | rR:mu sigma m M 0.94 0.14 0.00 0.97 | F:mu sigma m M 42.8 11.0 19.0 76.0 | H 0.631 | V 0.763 | pL 0.011 | vL 0.003 | delta 0.051
U 484 | F 991232 | FPS 0072 | D 33762 | rR:mu sigma m M 0.96 0.01 0.93 0.97 | F:mu sigma m M 43.4 9.2 30.0 75.0 | H 0.659 | V 0.763 | pL -0.009 | vL 0.001 | delta 0.028
agent reach optimality, start collecting trajectories
agent successfully collected 10 trajectories
pickling optimal trajectories
Model successfully saved
/home/rdali/.local/easybuild/software/2017/Core/miniconda3/4.3.27/envs/observe/lib/python3.6/site-packages/torch/nn/functional.py:1906: UserWarning: reduction: 'mean' divides the total loss by both the batch size and the support size.'batchmean' divides only by the batch size, and aligns with the KL div math definition.'mean' will be changed to behave the same as 'batchmean' in the next major release.
  warnings.warn("reduction: 'mean' divides the total loss by both the batch size and the support size."
