The following modules were not unloaded:
  (Use "module --force purge" to unload all):

  1) StdEnv/2018.3     4) gcccore/.7.3.0      7) intel/2018.3
  2) nixpkgs/16.09     5) icc/.2018.3.222     8) openmpi/3.1.2
  3) imkl/2018.3.222   6) ifort/.2018.3.222

Due to MODULEPATH changes, the following have been reloaded:
  1) openmpi/3.1.2

Attention: While Conda works well in a desktop environment, it tends to create more problems than it solves on a cluster. Instead, we recommend that users use virtual environments and the binary packages that we provide through Python wheels as documented on the Python page.
/home/rdali/RL/watch_and_learn/dependency/rl-starter-files/scripts/train_agent_multidem.py --env MiniGrid-LavaCrossingAddictO8S15-v0 --algo ppo --nameDemonstrator LavaCrossing1508Addict1,LavaCrossing1508Addict2,LavaCrossing1508Addict3,LavaCrossing1508Addict4,LavaCrossing1508Addict10,LavaCrossing1508Addict11,LavaCrossing1508Addict12,LavaCrossing1508Addict13 --flat-model 0 --KLweight 0.01 --useKL 1 --meanReward 0.80 --rewardLB 0.70 --seed 3843

Namespace(KLweight=0.01, algo='ppo', batch_size=256, clip_eps=0.2, discount=0.99, entropy_coef=0.01, env='MiniGrid-LavaCrossingAddictO8S15-v0', epochs=4, flat_model=0, frames=10000000, frames_per_proc=None, full_obs=0, gae_lambda=0.95, log_interval=1, lr=0.0007, max_grad_norm=0.5, meanReward=0.8, mem=False, model=None, nameDemonstrator='LavaCrossing1508Addict1,LavaCrossing1508Addict2,LavaCrossing1508Addict3,LavaCrossing1508Addict4,LavaCrossing1508Addict10,LavaCrossing1508Addict11,LavaCrossing1508Addict12,LavaCrossing1508Addict13', optim_alpha=0.99, optim_eps=1e-05, procs=16, recurrence=1, rewardLB=0.7, save_interval=0, seed=3843, tb=False, text=False, useKL=1, value_loss_coef=0.5)

Flat model successfully created

ACModel(
  (image_conv): Sequential(
    (0): Conv2d(3, 32, kernel_size=(2, 2), stride=(1, 1))
    (1): ReLU()
    (2): MaxPool2d(kernel_size=(2, 2), stride=(2, 2), padding=0, dilation=1, ceil_mode=False)
    (3): Conv2d(32, 64, kernel_size=(2, 2), stride=(1, 1))
    (4): ReLU()
    (5): Conv2d(64, 64, kernel_size=(2, 2), stride=(1, 1))
    (6): ReLU()
  )
  (actor): Sequential(
    (0): Linear(in_features=1600, out_features=64, bias=True)
    (1): Tanh()
    (2): Linear(in_features=64, out_features=3, bias=True)
  )
  (critic): Sequential(
    (0): Linear(in_features=1600, out_features=64, bias=True)
    (1): Tanh()
    (2): Linear(in_features=64, out_features=1, bias=True)
  )
)

CUDA available: False

1
True
0.01
Using TensorFlow backend.
OMP: Info #212: KMP_AFFINITY: decoding x2APIC ids.
OMP: Info #210: KMP_AFFINITY: Affinity capable, using global cpuid leaf 11 info
OMP: Info #154: KMP_AFFINITY: Initial OS proc set respected: 29,31-33,36
OMP: Info #156: KMP_AFFINITY: 5 available OS procs
OMP: Info #158: KMP_AFFINITY: Nonuniform topology
OMP: Info #179: KMP_AFFINITY: 2 packages x 3 cores/pkg x 1 threads/core (5 total cores)
OMP: Info #214: KMP_AFFINITY: OS proc to physical thread map:
OMP: Info #171: KMP_AFFINITY: OS proc 32 maps to package 0 core 24 
OMP: Info #171: KMP_AFFINITY: OS proc 36 maps to package 0 core 25 
OMP: Info #171: KMP_AFFINITY: OS proc 29 maps to package 1 core 18 
OMP: Info #171: KMP_AFFINITY: OS proc 33 maps to package 1 core 24 
OMP: Info #171: KMP_AFFINITY: OS proc 31 maps to package 1 core 28 
OMP: Info #250: KMP_AFFINITY: pid 211401 tid 211401 thread 0 bound to OS proc set 32
OMP: Info #250: KMP_AFFINITY: pid 211401 tid 211540 thread 2 bound to OS proc set 36
OMP: Info #250: KMP_AFFINITY: pid 211401 tid 211539 thread 1 bound to OS proc set 29
OMP: Info #250: KMP_AFFINITY: pid 211401 tid 211541 thread 3 bound to OS proc set 33
OMP: Info #250: KMP_AFFINITY: pid 211401 tid 211542 thread 4 bound to OS proc set 31
OMP: Info #250: KMP_AFFINITY: pid 211401 tid 211651 thread 5 bound to OS proc set 32
OMP: Info #250: KMP_AFFINITY: pid 211401 tid 211650 thread 6 bound to OS proc set 29
OMP: Info #250: KMP_AFFINITY: pid 211401 tid 211670 thread 7 bound to OS proc set 36
OMP: Info #250: KMP_AFFINITY: pid 211401 tid 211671 thread 8 bound to OS proc set 33
OMP: Info #250: KMP_AFFINITY: pid 211401 tid 211672 thread 9 bound to OS proc set 31
OMP: Info #250: KMP_AFFINITY: pid 211401 tid 211673 thread 10 bound to OS proc set 32
OMP: Info #250: KMP_AFFINITY: pid 211401 tid 211719 thread 11 bound to OS proc set 29
OMP: Info #250: KMP_AFFINITY: pid 211401 tid 211720 thread 12 bound to OS proc set 36
OMP: Info #250: KMP_AFFINITY: pid 211401 tid 211721 thread 13 bound to OS proc set 33
OMP: Info #250: KMP_AFFINITY: pid 211401 tid 211723 thread 15 bound to OS proc set 32
OMP: Info #250: KMP_AFFINITY: pid 211401 tid 211722 thread 14 bound to OS proc set 31
U 1 | F 002048 | FPS 0027 | D 75 | rR:mu sigma m M 0.00 0.00 0.00 0.00 | F:mu sigma m M 47.9 33.4 0.0 99.0 | H 1.098 | V 0.070 | pL 0.017 | vL 0.000 | delta 0.050
U 2 | F 004096 | FPS 0027 | D 152 | rR:mu sigma m M 0.05 0.19 0.00 0.79 | F:mu sigma m M 120.6 64.7 36.0 233.0 | H 1.096 | V 0.053 | pL 0.007 | vL 0.002 | delta 0.027
U 3 | F 006144 | FPS 0030 | D 220 | rR:mu sigma m M 0.00 0.00 0.00 0.00 | F:mu sigma m M 136.3 96.5 26.0 330.0 | H 1.096 | V 0.035 | pL 0.012 | vL 0.000 | delta 0.016
U 4 | F 008192 | FPS 0024 | D 307 | rR:mu sigma m M 0.00 0.00 0.00 0.00 | F:mu sigma m M 116.2 84.5 26.0 330.0 | H 1.097 | V 0.030 | pL 0.007 | vL 0.000 | delta 0.006
U 5 | F 010240 | FPS 0027 | D 384 | rR:mu sigma m M 0.00 0.00 0.00 0.00 | F:mu sigma m M 150.7 126.5 13.0 484.0 | H 1.098 | V 0.026 | pL 0.007 | vL 0.000 | delta 0.010
U 6 | F 012288 | FPS 0029 | D 453 | rR:mu sigma m M 0.00 0.00 0.00 0.00 | F:mu sigma m M 191.8 141.9 13.0 484.0 | H 1.098 | V 0.018 | pL 0.005 | vL 0.000 | delta 0.007
U 7 | F 014336 | FPS 0027 | D 529 | rR:mu sigma m M 0.00 0.00 0.00 0.00 | F:mu sigma m M 178.4 169.0 21.0 619.0 | H 1.097 | V 0.014 | pL 0.005 | vL 0.000 | delta 0.006
U 8 | F 016384 | FPS 0027 | D 606 | rR:mu sigma m M 0.00 0.00 0.00 0.00 | F:mu sigma m M 138.8 144.3 24.0 657.0 | H 1.098 | V 0.011 | pL 0.003 | vL 0.000 | delta 0.003
U 9 | F 018432 | FPS 0026 | D 684 | rR:mu sigma m M 0.00 0.00 0.00 0.00 | F:mu sigma m M 203.9 147.9 32.0 657.0 | H 1.098 | V 0.009 | pL 0.002 | vL 0.000 | delta 0.001
U 10 | F 020480 | FPS 0028 | D 759 | rR:mu sigma m M 0.00 0.00 0.00 0.00 | F:mu sigma m M 172.1 128.9 28.0 556.0 | H 1.098 | V 0.007 | pL 0.002 | vL 0.000 | delta 0.001
U 11 | F 022528 | FPS 0029 | D 829 | rR:mu sigma m M 0.00 0.00 0.00 0.00 | F:mu sigma m M 181.6 104.5 43.0 390.0 | H 1.098 | V 0.005 | pL 0.001 | vL 0.000 | delta 0.002
U 12 | F 024576 | FPS 0026 | D 909 | rR:mu sigma m M 0.00 0.00 0.00 0.00 | F:mu sigma m M 183.4 134.6 10.0 579.0 | H 1.098 | V 0.004 | pL 0.001 | vL 0.000 | delta 0.003
U 13 | F 026624 | FPS 0029 | D 978 | rR:mu sigma m M 0.00 0.00 0.00 0.00 | F:mu sigma m M 149.5 101.8 16.0 400.0 | H 1.099 | V 0.003 | pL 0.001 | vL 0.000 | delta 0.002
U 14 | F 028672 | FPS 0027 | D 1056 | rR:mu sigma m M 0.00 0.00 0.00 0.00 | F:mu sigma m M 169.4 107.3 37.0 425.0 | H 1.098 | V 0.002 | pL 0.001 | vL 0.000 | delta 0.001
U 15 | F 030720 | FPS 0027 | D 1130 | rR:mu sigma m M 0.00 0.00 0.00 0.00 | F:mu sigma m M 147.8 93.9 16.0 307.0 | H 1.099 | V 0.002 | pL 0.001 | vL 0.000 | delta 0.001
U 16 | F 032768 | FPS 0029 | D 1202 | rR:mu sigma m M 0.00 0.00 0.00 0.00 | F:mu sigma m M 133.7 90.3 16.0 307.0 | H 1.099 | V 0.002 | pL 0.000 | vL 0.000 | delta 0.001
U 17 | F 034816 | FPS 0030 | D 1270 | rR:mu sigma m M 0.00 0.00 0.00 0.00 | F:mu sigma m M 193.7 105.4 37.0 415.0 | H 1.098 | V 0.001 | pL 0.000 | vL 0.000 | delta 0.003
U 18 | F 036864 | FPS 0029 | D 1341 | rR:mu sigma m M 0.03 0.13 0.00 0.57 | F:mu sigma m M 247.1 196.9 36.0 702.0 | H 1.094 | V 0.004 | pL -0.005 | vL 0.001 | delta 0.054
U 19 | F 038912 | FPS 0028 | D 1413 | rR:mu sigma m M 0.00 0.00 0.00 0.00 | F:mu sigma m M 103.1 48.1 25.0 183.0 | H 1.098 | V 0.005 | pL 0.000 | vL 0.000 | delta 0.007
U 20 | F 040960 | FPS 0027 | D 1488 | rR:mu sigma m M 0.00 0.00 0.00 0.00 | F:mu sigma m M 114.7 87.4 25.0 296.0 | H 1.097 | V 0.007 | pL 0.002 | vL 0.000 | delta 0.009
U 21 | F 043008 | FPS 0025 | D 1572 | rR:mu sigma m M 0.00 0.00 0.00 0.00 | F:mu sigma m M 128.8 92.0 9.0 329.0 | H 1.098 | V 0.004 | pL 0.001 | vL 0.000 | delta 0.003
U 22 | F 045056 | FPS 0026 | D 1649 | rR:mu sigma m M 0.00 0.00 0.00 0.00 | F:mu sigma m M 146.1 97.2 9.0 344.0 | H 1.098 | V 0.004 | pL 0.001 | vL 0.000 | delta 0.003
U 23 | F 047104 | FPS 0027 | D 1727 | rR:mu sigma m M 0.00 0.00 0.00 0.00 | F:mu sigma m M 156.8 116.3 39.0 475.0 | H 1.098 | V 0.003 | pL 0.001 | vL 0.000 | delta 0.002
U 24 | F 049152 | FPS 0028 | D 1800 | rR:mu sigma m M 0.00 0.00 0.00 0.00 | F:mu sigma m M 151.9 103.7 32.0 401.0 | H 1.098 | V 0.002 | pL 0.000 | vL 0.000 | delta 0.001
U 25 | F 051200 | FPS 0028 | D 1873 | rR:mu sigma m M 0.00 0.00 0.00 0.00 | F:mu sigma m M 225.2 225.4 30.0 900.0 | H 1.098 | V 0.002 | pL 0.001 | vL 0.000 | delta 0.003
U 26 | F 053248 | FPS 0030 | D 1941 | rR:mu sigma m M 0.00 0.00 0.00 0.00 | F:mu sigma m M 159.9 207.4 30.0 900.0 | H 1.099 | V 0.002 | pL 0.000 | vL 0.000 | delta 0.001
U 27 | F 055296 | FPS 0026 | D 2019 | rR:mu sigma m M 0.00 0.00 0.00 0.00 | F:mu sigma m M 169.0 114.3 20.0 413.0 | H 1.099 | V 0.001 | pL 0.001 | vL 0.000 | delta 0.001
U 28 | F 057344 | FPS 0026 | D 2097 | rR:mu sigma m M 0.00 0.00 0.00 0.00 | F:mu sigma m M 157.8 105.9 25.0 406.0 | H 1.099 | V 0.001 | pL 0.000 | vL 0.000 | delta 0.001
U 29 | F 059392 | FPS 0032 | D 2160 | rR:mu sigma m M 0.00 0.00 0.00 0.00 | F:mu sigma m M 199.8 174.6 50.0 817.0 | H 1.099 | V 0.001 | pL 0.000 | vL 0.000 | delta 0.001
U 30 | F 061440 | FPS 0029 | D 2231 | rR:mu sigma m M 0.00 0.00 0.00 0.00 | F:mu sigma m M 168.9 121.3 26.0 401.0 | H 1.099 | V 0.000 | pL 0.000 | vL 0.000 | delta 0.000
U 31 | F 063488 | FPS 0028 | D 2303 | rR:mu sigma m M 0.00 0.00 0.00 0.00 | F:mu sigma m M 185.8 117.2 26.0 401.0 | H 1.099 | V 0.000 | pL 0.000 | vL 0.000 | delta 0.000
U 32 | F 065536 | FPS 0028 | D 2377 | rR:mu sigma m M 0.00 0.00 0.00 0.00 | F:mu sigma m M 190.9 136.9 18.0 430.0 | H 1.098 | V 0.001 | pL -0.000 | vL 0.000 | delta 0.001
U 33 | F 067584 | FPS 0027 | D 2452 | rR:mu sigma m M 0.05 0.20 0.00 0.83 | F:mu sigma m M 153.6 129.5 9.0 475.0 | H 1.096 | V 0.003 | pL -0.002 | vL 0.002 | delta 0.025
U 34 | F 069632 | FPS 0029 | D 2523 | rR:mu sigma m M 0.00 0.00 0.00 0.00 | F:mu sigma m M 159.6 120.9 10.0 445.0 | H 1.098 | V 0.004 | pL 0.001 | vL 0.000 | delta 0.003
U 35 | F 071680 | FPS 0027 | D 2600 | rR:mu sigma m M 0.00 0.00 0.00 0.00 | F:mu sigma m M 123.9 96.1 29.0 356.0 | H 1.098 | V 0.003 | pL 0.001 | vL 0.000 | delta 0.001
U 36 | F 073728 | FPS 0027 | D 2677 | rR:mu sigma m M 0.00 0.00 0.00 0.00 | F:mu sigma m M 133.4 112.0 15.0 463.0 | H 1.099 | V 0.003 | pL 0.001 | vL 0.000 | delta 0.000
U 37 | F 075776 | FPS 0028 | D 2751 | rR:mu sigma m M 0.00 0.00 0.00 0.00 | F:mu sigma m M 162.1 110.2 15.0 463.0 | H 1.099 | V 0.002 | pL 0.000 | vL 0.000 | delta 0.001
U 38 | F 077824 | FPS 0030 | D 2819 | rR:mu sigma m M 0.00 0.00 0.00 0.00 | F:mu sigma m M 160.2 125.6 43.0 569.0 | H 1.099 | V 0.001 | pL 0.000 | vL 0.000 | delta 0.000
U 39 | F 079872 | FPS 0026 | D 2897 | rR:mu sigma m M 0.00 0.00 0.00 0.00 | F:mu sigma m M 188.7 150.1 44.0 569.0 | H 1.099 | V 0.001 | pL 0.000 | vL 0.000 | delta 0.000
U 40 | F 081920 | FPS 0030 | D 2964 | rR:mu sigma m M 0.00 0.00 0.00 0.00 | F:mu sigma m M 162.7 123.2 57.0 453.0 | H 1.098 | V 0.001 | pL 0.000 | vL 0.000 | delta 0.002
U 41 | F 083968 | FPS 0025 | D 3046 | rR:mu sigma m M 0.00 0.00 0.00 0.00 | F:mu sigma m M 131.2 89.1 35.0 379.0 | H 1.099 | V 0.000 | pL 0.000 | vL 0.000 | delta 0.000
U 42 | F 086016 | FPS 0029 | D 3115 | rR:mu sigma m M 0.00 0.00 0.00 0.00 | F:mu sigma m M 206.7 85.6 54.0 379.0 | H 1.099 | V 0.000 | pL 0.000 | vL 0.000 | delta 0.000
U 43 | F 088064 | FPS 0027 | D 3191 | rR:mu sigma m M 0.00 0.00 0.00 0.00 | F:mu sigma m M 176.8 160.7 20.0 678.0 | H 1.099 | V 0.000 | pL -0.000 | vL 0.000 | delta 0.000
U 44 | F 090112 | FPS 0025 | D 3273 | rR:mu sigma m M 0.00 0.00 0.00 0.00 | F:mu sigma m M 185.8 169.5 20.0 678.0 | H 1.099 | V 0.000 | pL 0.000 | vL 0.000 | delta 0.000
U 45 | F 092160 | FPS 0027 | D 3348 | rR:mu sigma m M 0.00 0.00 0.00 0.00 | F:mu sigma m M 172.6 118.9 27.0 417.0 | H 1.099 | V 0.000 | pL 0.000 | vL 0.000 | delta 0.000
U 46 | F 094208 | FPS 0029 | D 3419 | rR:mu sigma m M 0.04 0.16 0.00 0.67 | F:mu sigma m M 195.7 177.3 9.0 585.0 | H 1.093 | V 0.005 | pL -0.006 | vL 0.001 | delta 0.009
U 47 | F 096256 | FPS 0032 | D 3483 | rR:mu sigma m M 0.00 0.00 0.00 0.00 | F:mu sigma m M 95.5 96.6 23.0 392.0 | H 1.098 | V 0.001 | pL 0.000 | vL 0.000 | delta 0.003
U 48 | F 098304 | FPS 0029 | D 3554 | rR:mu sigma m M 0.03 0.14 0.00 0.62 | F:mu sigma m M 189.1 213.2 20.0 900.0 | H 1.098 | V 0.012 | pL -0.003 | vL 0.000 | delta 0.010
U 49 | F 100352 | FPS 0029 | D 3626 | rR:mu sigma m M 0.00 0.00 0.00 0.00 | F:mu sigma m M 116.1 88.4 20.0 342.0 | H 1.097 | V 0.003 | pL -0.000 | vL 0.000 | delta 0.005
U 50 | F 102400 | FPS 0029 | D 3697 | rR:mu sigma m M 0.00 0.00 0.00 0.00 | F:mu sigma m M 123.2 88.0 13.0 364.0 | H 1.098 | V 0.002 | pL 0.001 | vL 0.000 | delta 0.001
U 51 | F 104448 | FPS 0026 | D 3776 | rR:mu sigma m M 0.00 0.00 0.00 0.00 | F:mu sigma m M 174.9 112.4 42.0 485.0 | H 1.098 | V 0.003 | pL 0.000 | vL 0.000 | delta 0.002
U 52 | F 106496 | FPS 0028 | D 3848 | rR:mu sigma m M 0.00 0.00 0.00 0.00 | F:mu sigma m M 150.5 109.8 31.0 520.0 | H 1.098 | V 0.003 | pL 0.001 | vL 0.000 | delta 0.002
U 53 | F 108544 | FPS 0029 | D 3919 | rR:mu sigma m M 0.00 0.00 0.00 0.00 | F:mu sigma m M 168.0 118.1 47.0 520.0 | H 1.099 | V 0.001 | pL 0.000 | vL 0.000 | delta 0.000
U 54 | F 110592 | FPS 0026 | D 3999 | rR:mu sigma m M 0.00 0.00 0.00 0.00 | F:mu sigma m M 170.2 131.0 41.0 555.0 | H 1.099 | V 0.001 | pL 0.000 | vL 0.000 | delta 0.000
U 55 | F 112640 | FPS 0028 | D 4073 | rR:mu sigma m M 0.00 0.00 0.00 0.00 | F:mu sigma m M 256.5 207.2 33.0 815.0 | H 1.099 | V 0.001 | pL 0.000 | vL 0.000 | delta 0.000
U 56 | F 114688 | FPS 0027 | D 4149 | rR:mu sigma m M 0.00 0.00 0.00 0.00 | F:mu sigma m M 200.8 189.8 52.0 815.0 | H 1.099 | V 0.000 | pL 0.000 | vL 0.000 | delta 0.000
U 57 | F 116736 | FPS 0028 | D 4222 | rR:mu sigma m M 0.00 0.00 0.00 0.00 | F:mu sigma m M 125.4 78.5 16.0 286.0 | H 1.098 | V 0.003 | pL -0.000 | vL 0.000 | delta 0.001
U 58 | F 118784 | FPS 0031 | D 4289 | rR:mu sigma m M 0.00 0.00 0.00 0.00 | F:mu sigma m M 134.1 137.3 13.0 504.0 | H 1.098 | V 0.002 | pL 0.000 | vL 0.000 | delta 0.002
U 59 | F 120832 | FPS 0031 | D 4355 | rR:mu sigma m M 0.00 0.00 0.00 0.00 | F:mu sigma m M 200.9 219.6 28.0 858.0 | H 1.099 | V -0.000 | pL -0.000 | vL 0.000 | delta 0.000
U 60 | F 122880 | FPS 0027 | D 4432 | rR:mu sigma m M 0.00 0.00 0.00 0.00 | F:mu sigma m M 280.8 243.2 14.0 855.0 | H 1.099 | V -0.000 | pL -0.000 | vL 0.000 | delta 0.000
U 61 | F 124928 | FPS 0027 | D 4507 | rR:mu sigma m M 0.00 0.00 0.00 0.00 | F:mu sigma m M 154.3 108.7 42.0 352.0 | H 1.099 | V -0.000 | pL -0.000 | vL 0.000 | delta 0.000
U 62 | F 126976 | FPS 0029 | D 4579 | rR:mu sigma m M 0.00 0.00 0.00 0.00 | F:mu sigma m M 154.8 103.8 42.0 352.0 | H 1.099 | V 0.000 | pL -0.000 | vL 0.000 | delta 0.000
U 63 | F 129024 | FPS 0029 | D 4651 | rR:mu sigma m M 0.00 0.00 0.00 0.00 | F:mu sigma m M 196.7 108.5 11.0 376.0 | H 1.099 | V 0.000 | pL 0.000 | vL 0.000 | delta 0.000
U 64 | F 131072 | FPS 0026 | D 4731 | rR:mu sigma m M 0.00 0.00 0.00 0.00 | F:mu sigma m M 176.6 181.5 11.0 762.0 | H 1.099 | V 0.000 | pL 0.000 | vL 0.000 | delta 0.000
U 65 | F 133120 | FPS 0028 | D 4803 | rR:mu sigma m M 0.00 0.00 0.00 0.00 | F:mu sigma m M 234.4 217.1 42.0 762.0 | H 1.099 | V 0.000 | pL -0.000 | vL 0.000 | delta 0.000
U 66 | F 135168 | FPS 0030 | D 4871 | rR:mu sigma m M 0.00 0.00 0.00 0.00 | F:mu sigma m M 214.2 175.3 42.0 618.0 | H 1.099 | V 0.000 | pL 0.000 | vL 0.000 | delta 0.000
U 67 | F 137216 | FPS 0026 | D 4950 | rR:mu sigma m M 0.00 0.00 0.00 0.00 | F:mu sigma m M 177.1 151.1 21.0 530.0 | H 1.099 | V 0.000 | pL 0.000 | vL 0.000 | delta 0.000
U 68 | F 139264 | FPS 0028 | D 5023 | rR:mu sigma m M 0.00 0.00 0.00 0.00 | F:mu sigma m M 179.8 219.9 18.0 900.0 | H 1.099 | V 0.000 | pL -0.000 | vL 0.000 | delta 0.000
U 69 | F 141312 | FPS 0031 | D 5089 | rR:mu sigma m M 0.00 0.00 0.00 0.00 | F:mu sigma m M 130.6 81.9 34.0 323.0 | H 1.099 | V -0.000 | pL 0.000 | vL 0.000 | delta 0.000
U 70 | F 143360 | FPS 0027 | D 5166 | rR:mu sigma m M 0.00 0.00 0.00 0.00 | F:mu sigma m M 147.4 103.5 34.0 489.0 | H 1.099 | V 0.000 | pL -0.000 | vL 0.000 | delta 0.000
U 71 | F 145408 | FPS 0028 | D 5240 | rR:mu sigma m M 0.00 0.00 0.00 0.00 | F:mu sigma m M 148.4 118.6 25.0 489.0 | H 1.099 | V 0.000 | pL -0.000 | vL 0.000 | delta 0.000
U 72 | F 147456 | FPS 0030 | D 5309 | rR:mu sigma m M 0.00 0.00 0.00 0.00 | F:mu sigma m M 173.2 173.3 24.0 516.0 | H 1.098 | V 0.001 | pL -0.001 | vL 0.000 | delta 0.001
U 73 | F 149504 | FPS 0026 | D 5386 | rR:mu sigma m M 0.01 0.05 0.00 0.21 | F:mu sigma m M 172.4 195.6 24.0 787.0 | H 1.098 | V 0.001 | pL -0.000 | vL 0.000 | delta 0.002
U 74 | F 151552 | FPS 0027 | D 5461 | rR:mu sigma m M 0.00 0.00 0.00 0.00 | F:mu sigma m M 181.0 123.3 20.0 408.0 | H 1.099 | V 0.001 | pL 0.000 | vL 0.000 | delta 0.000
U 75 | F 153600 | FPS 0032 | D 5526 | rR:mu sigma m M 0.00 0.00 0.00 0.00 | F:mu sigma m M 170.5 163.0 33.0 676.0 | H 1.099 | V 0.001 | pL 0.000 | vL 0.000 | delta 0.000
U 76 | F 155648 | FPS 0026 | D 5604 | rR:mu sigma m M 0.00 0.00 0.00 0.00 | F:mu sigma m M 189.1 156.8 37.0 676.0 | H 1.099 | V 0.000 | pL 0.000 | vL 0.000 | delta 0.000
U 77 | F 157696 | FPS 0029 | D 5675 | rR:mu sigma m M 0.00 0.00 0.00 0.00 | F:mu sigma m M 190.1 147.0 15.0 547.0 | H 1.099 | V 0.000 | pL 0.000 | vL 0.000 | delta 0.000
U 78 | F 159744 | FPS 0031 | D 5742 | rR:mu sigma m M 0.00 0.00 0.00 0.00 | F:mu sigma m M 108.8 99.5 13.0 364.0 | H 1.099 | V 0.000 | pL 0.000 | vL 0.000 | delta 0.000
U 79 | F 161792 | FPS 0025 | D 5824 | rR:mu sigma m M 0.00 0.00 0.00 0.00 | F:mu sigma m M 144.1 116.1 14.0 364.0 | H 1.099 | V 0.000 | pL 0.000 | vL 0.000 | delta 0.000
U 80 | F 163840 | FPS 0030 | D 5892 | rR:mu sigma m M 0.00 0.00 0.00 0.00 | F:mu sigma m M 192.1 115.9 27.0 438.0 | H 1.099 | V 0.000 | pL 0.000 | vL 0.000 | delta 0.000
U 81 | F 165888 | FPS 0026 | D 5970 | rR:mu sigma m M 0.00 0.00 0.00 0.00 | F:mu sigma m M 152.4 70.0 55.0 298.0 | H 1.099 | V 0.000 | pL 0.000 | vL 0.000 | delta 0.000
U 82 | F 167936 | FPS 0029 | D 6041 | rR:mu sigma m M 0.00 0.00 0.00 0.00 | F:mu sigma m M 143.7 63.1 23.0 281.0 | H 1.099 | V 0.001 | pL 0.000 | vL 0.000 | delta 0.001
U 83 | F 169984 | FPS 0027 | D 6117 | rR:mu sigma m M 0.05 0.20 0.00 0.82 | F:mu sigma m M 153.4 65.1 67.0 281.0 | H 1.097 | V 0.005 | pL -0.006 | vL 0.001 | delta 0.014
U 84 | F 172032 | FPS 0031 | D 6182 | rR:mu sigma m M 0.05 0.20 0.00 0.82 | F:mu sigma m M 144.6 64.3 24.0 272.0 | H 1.098 | V 0.010 | pL 0.002 | vL 0.000 | delta 0.001
U 85 | F 174080 | FPS 0028 | D 6256 | rR:mu sigma m M 0.00 0.00 0.00 0.00 | F:mu sigma m M 206.3 163.4 29.0 597.0 | H 1.098 | V 0.010 | pL 0.003 | vL 0.000 | delta 0.004
U 86 | F 176128 | FPS 0030 | D 6325 | rR:mu sigma m M 0.00 0.00 0.00 0.00 | F:mu sigma m M 177.9 119.2 21.0 414.0 | H 1.098 | V 0.005 | pL 0.001 | vL 0.000 | delta 0.001
U 87 | F 178176 | FPS 0026 | D 6403 | rR:mu sigma m M 0.00 0.00 0.00 0.00 | F:mu sigma m M 201.0 101.1 35.0 414.0 | H 1.098 | V 0.004 | pL 0.001 | vL 0.000 | delta 0.001
U 88 | F 180224 | FPS 0028 | D 6475 | rR:mu sigma m M 0.00 0.00 0.00 0.00 | F:mu sigma m M 169.2 107.9 30.0 452.0 | H 1.099 | V 0.003 | pL 0.001 | vL 0.000 | delta 0.000
U 89 | F 182272 | FPS 0028 | D 6548 | rR:mu sigma m M 0.00 0.00 0.00 0.00 | F:mu sigma m M 165.2 108.1 30.0 452.0 | H 1.096 | V 0.006 | pL -0.000 | vL 0.000 | delta 0.003
U 90 | F 184320 | FPS 0026 | D 6625 | rR:mu sigma m M 0.00 0.00 0.00 0.00 | F:mu sigma m M 218.2 247.0 13.0 900.0 | H 1.098 | V 0.003 | pL 0.001 | vL 0.000 | delta 0.001
U 91 | F 186368 | FPS 0028 | D 6698 | rR:mu sigma m M 0.00 0.00 0.00 0.00 | F:mu sigma m M 197.3 235.7 13.0 900.0 | H 1.099 | V 0.002 | pL 0.000 | vL 0.000 | delta 0.000
U 92 | F 188416 | FPS 0027 | D 6774 | rR:mu sigma m M 0.00 0.00 0.00 0.00 | F:mu sigma m M 160.1 79.1 64.0 328.0 | H 1.099 | V 0.002 | pL 0.000 | vL 0.000 | delta 0.000
U 93 | F 190464 | FPS 0025 | D 6857 | rR:mu sigma m M 0.00 0.00 0.00 0.00 | F:mu sigma m M 149.2 88.2 42.0 420.0 | H 1.099 | V 0.001 | pL 0.000 | vL 0.000 | delta 0.000
U 94 | F 192512 | FPS 0027 | D 6932 | rR:mu sigma m M 0.00 0.00 0.00 0.00 | F:mu sigma m M 168.9 88.7 42.0 420.0 | H 1.099 | V 0.001 | pL 0.000 | vL 0.000 | delta 0.000
U 95 | F 194560 | FPS 0028 | D 7004 | rR:mu sigma m M 0.00 0.00 0.00 0.00 | F:mu sigma m M 216.1 137.2 29.0 518.0 | H 1.099 | V 0.001 | pL 0.000 | vL 0.000 | delta 0.000
U 96 | F 196608 | FPS 0027 | D 7080 | rR:mu sigma m M 0.00 0.00 0.00 0.00 | F:mu sigma m M 244.6 238.2 29.0 900.0 | H 1.099 | V 0.001 | pL 0.000 | vL 0.000 | delta 0.000
U 97 | F 198656 | FPS 0029 | D 7151 | rR:mu sigma m M 0.00 0.00 0.00 0.00 | F:mu sigma m M 219.4 209.5 23.0 670.0 | H 1.099 | V 0.001 | pL 0.000 | vL 0.000 | delta 0.000
U 98 | F 200704 | FPS 0028 | D 7225 | rR:mu sigma m M 0.00 0.00 0.00 0.00 | F:mu sigma m M 182.8 177.2 23.0 559.0 | H 1.099 | V 0.001 | pL 0.000 | vL 0.000 | delta 0.000
U 99 | F 202752 | FPS 0029 | D 7296 | rR:mu sigma m M 0.00 0.00 0.00 0.00 | F:mu sigma m M 189.8 154.9 40.0 582.0 | H 1.099 | V 0.001 | pL 0.000 | vL 0.000 | delta 0.000
U 100 | F 204800 | FPS 0029 | D 7367 | rR:mu sigma m M 0.01 0.05 0.00 0.22 | F:mu sigma m M 266.9 218.2 29.0 778.0 | H 1.098 | V 0.002 | pL -0.001 | vL 0.000 | delta 0.003
U 101 | F 206848 | FPS 0026 | D 7447 | rR:mu sigma m M 0.00 0.00 0.00 0.00 | F:mu sigma m M 186.6 145.5 29.0 538.0 | H 1.099 | V 0.001 | pL 0.000 | vL 0.000 | delta 0.000
U 102 | F 208896 | FPS 0030 | D 7514 | rR:mu sigma m M 0.00 0.00 0.00 0.00 | F:mu sigma m M 141.6 106.3 28.0 386.0 | H 1.099 | V 0.001 | pL 0.000 | vL 0.000 | delta 0.000
U 103 | F 210944 | FPS 0028 | D 7588 | rR:mu sigma m M 0.00 0.00 0.00 0.00 | F:mu sigma m M 162.8 177.9 38.0 739.0 | H 1.099 | V 0.001 | pL 0.000 | vL 0.000 | delta 0.000
U 104 | F 212992 | FPS 0028 | D 7661 | rR:mu sigma m M 0.04 0.16 0.00 0.66 | F:mu sigma m M 229.9 209.3 38.0 739.0 | H 1.097 | V 0.006 | pL -0.005 | vL 0.001 | delta 0.009
U 105 | F 215040 | FPS 0025 | D 7743 | rR:mu sigma m M 0.04 0.16 0.00 0.66 | F:mu sigma m M 248.6 175.3 77.0 690.0 | H 1.098 | V 0.004 | pL 0.001 | vL 0.000 | delta 0.001
U 106 | F 217088 | FPS 0025 | D 7824 | rR:mu sigma m M 0.00 0.00 0.00 0.00 | F:mu sigma m M 208.4 144.0 14.0 579.0 | H 1.099 | V 0.003 | pL 0.001 | vL 0.000 | delta 0.001
U 107 | F 219136 | FPS 0029 | D 7893 | rR:mu sigma m M 0.00 0.00 0.00 0.00 | F:mu sigma m M 137.8 114.3 14.0 427.0 | H 1.099 | V 0.002 | pL 0.001 | vL 0.000 | delta 0.000
U 108 | F 221184 | FPS 0028 | D 7966 | rR:mu sigma m M 0.00 0.00 0.00 0.00 | F:mu sigma m M 185.4 210.5 16.0 889.0 | H 1.098 | V 0.003 | pL 0.000 | vL 0.000 | delta 0.001
U 109 | F 223232 | FPS 0027 | D 8042 | rR:mu sigma m M 0.05 0.18 0.00 0.75 | F:mu sigma m M 217.3 213.5 17.0 900.0 | H 1.097 | V 0.009 | pL -0.005 | vL 0.001 | delta 0.010
U 110 | F 225280 | FPS 0028 | D 8116 | rR:mu sigma m M 0.05 0.18 0.00 0.75 | F:mu sigma m M 300.6 254.5 58.0 900.0 | H 1.098 | V -0.003 | pL -0.001 | vL 0.000 | delta 0.002
U 111 | F 227328 | FPS 0028 | D 8189 | rR:mu sigma m M 0.00 0.00 0.00 0.00 | F:mu sigma m M 193.4 120.3 28.0 436.0 | H 1.097 | V -0.001 | pL -0.000 | vL 0.000 | delta 0.004
U 112 | F 229376 | FPS 0028 | D 8261 | rR:mu sigma m M 0.00 0.00 0.00 0.00 | F:mu sigma m M 152.4 124.5 37.0 524.0 | H 1.099 | V -0.002 | pL -0.001 | vL 0.000 | delta 0.001
U 113 | F 231424 | FPS 0028 | D 8333 | rR:mu sigma m M 0.00 0.00 0.00 0.00 | F:mu sigma m M 166.1 123.0 38.0 524.0 | H 1.099 | V -0.002 | pL -0.000 | vL 0.000 | delta 0.001
U 114 | F 233472 | FPS 0027 | D 8410 | rR:mu sigma m M 0.00 0.00 0.00 0.00 | F:mu sigma m M 209.1 150.4 49.0 709.0 | H 1.099 | V -0.001 | pL -0.001 | vL 0.000 | delta 0.002
U 115 | F 235520 | FPS 0027 | D 8486 | rR:mu sigma m M 0.04 0.14 0.00 0.59 | F:mu sigma m M 230.8 204.9 47.0 729.0 | H 1.095 | V 0.007 | pL -0.004 | vL 0.000 | delta 0.012
U 116 | F 237568 | FPS 0030 | D 8554 | rR:mu sigma m M 0.04 0.14 0.00 0.59 | F:mu sigma m M 266.5 199.4 40.0 729.0 | H 1.098 | V 0.003 | pL -0.000 | vL 0.000 | delta 0.002
U 117 | F 239616 | FPS 0034 | D 8614 | rR:mu sigma m M 0.00 0.00 0.00 0.00 | F:mu sigma m M 244.1 190.2 39.0 698.0 | H 1.098 | V 0.004 | pL 0.002 | vL 0.000 | delta 0.003
U 118 | F 241664 | FPS 0027 | D 8689 | rR:mu sigma m M 0.00 0.00 0.00 0.00 | F:mu sigma m M 194.2 154.4 39.0 698.0 | H 1.098 | V 0.003 | pL 0.001 | vL 0.000 | delta 0.001
U 119 | F 243712 | FPS 0028 | D 8762 | rR:mu sigma m M 0.00 0.00 0.00 0.00 | F:mu sigma m M 143.8 99.6 23.0 423.0 | H 1.099 | V 0.003 | pL 0.001 | vL 0.000 | delta 0.001
U 120 | F 245760 | FPS 0028 | D 8837 | rR:mu sigma m M 0.00 0.00 0.00 0.00 | F:mu sigma m M 135.0 93.1 18.0 313.0 | H 1.099 | V 0.002 | pL 0.001 | vL 0.000 | delta 0.001
U 121 | F 247808 | FPS 0026 | D 8914 | rR:mu sigma m M 0.00 0.00 0.00 0.00 | F:mu sigma m M 179.6 113.3 18.0 381.0 | H 1.099 | V 0.002 | pL 0.000 | vL 0.000 | delta 0.001
U 122 | F 249856 | FPS 0025 | D 8994 | rR:mu sigma m M 0.00 0.00 0.00 0.00 | F:mu sigma m M 202.8 120.2 36.0 425.0 | H 1.099 | V 0.001 | pL 0.000 | vL 0.000 | delta 0.000
U 123 | F 251904 | FPS 0026 | D 9073 | rR:mu sigma m M 0.00 0.00 0.00 0.00 | F:mu sigma m M 200.9 147.4 34.0 588.0 | H 1.099 | V 0.001 | pL 0.000 | vL 0.000 | delta 0.000
U 124 | F 253952 | FPS 0030 | D 9141 | rR:mu sigma m M 0.00 0.00 0.00 0.00 | F:mu sigma m M 212.6 159.5 34.0 588.0 | H 1.099 | V 0.001 | pL 0.000 | vL 0.000 | delta 0.000
U 125 | F 256000 | FPS 0029 | D 9213 | rR:mu sigma m M 0.00 0.00 0.00 0.00 | F:mu sigma m M 165.4 146.1 31.0 474.0 | H 1.099 | V 0.001 | pL 0.000 | vL 0.000 | delta 0.000
U 126 | F 258048 | FPS 0029 | D 9284 | rR:mu sigma m M 0.00 0.00 0.00 0.00 | F:mu sigma m M 186.7 215.5 16.0 761.0 | H 1.097 | V 0.002 | pL 0.001 | vL 0.000 | delta 0.002
U 127 | F 260096 | FPS 0027 | D 9359 | rR:mu sigma m M 0.00 0.00 0.00 0.00 | F:mu sigma m M 134.9 115.3 39.0 432.0 | H 1.099 | V -0.000 | pL -0.000 | vL 0.000 | delta 0.000
U 128 | F 262144 | FPS 0024 | D 9443 | rR:mu sigma m M 0.00 0.00 0.00 0.00 | F:mu sigma m M 147.8 103.1 27.0 432.0 | H 1.097 | V 0.004 | pL -0.003 | vL 0.000 | delta 0.007
U 129 | F 264192 | FPS 0027 | D 9518 | rR:mu sigma m M 0.00 0.00 0.00 0.00 | F:mu sigma m M 163.1 126.4 47.0 581.0 | H 1.096 | V 0.008 | pL 0.000 | vL 0.000 | delta 0.010
U 130 | F 266240 | FPS 0026 | D 9596 | rR:mu sigma m M 0.00 0.00 0.00 0.00 | F:mu sigma m M 139.2 124.7 26.0 461.0 | H 1.096 | V 0.017 | pL 0.004 | vL 0.000 | delta 0.012
U 131 | F 268288 | FPS 0031 | D 9662 | rR:mu sigma m M 0.00 0.00 0.00 0.00 | F:mu sigma m M 216.2 210.7 26.0 780.0 | H 1.097 | V 0.003 | pL 0.001 | vL 0.000 | delta 0.003
U 132 | F 270336 | FPS 0029 | D 9734 | rR:mu sigma m M 0.00 0.00 0.00 0.00 | F:mu sigma m M 174.6 118.7 64.0 472.0 | H 1.098 | V 0.002 | pL 0.000 | vL 0.000 | delta 0.000
U 133 | F 272384 | FPS 0028 | D 9808 | rR:mu sigma m M 0.00 0.00 0.00 0.00 | F:mu sigma m M 167.1 118.4 43.0 384.0 | H 1.097 | V 0.004 | pL 0.000 | vL 0.000 | delta 0.003
U 134 | F 274432 | FPS 0029 | D 9879 | rR:mu sigma m M 0.00 0.00 0.00 0.00 | F:mu sigma m M 182.1 128.9 42.0 519.0 | H 1.098 | V 0.002 | pL 0.000 | vL 0.000 | delta 0.001
U 135 | F 276480 | FPS 0030 | D 9947 | rR:mu sigma m M 0.00 0.00 0.00 0.00 | F:mu sigma m M 138.2 101.0 42.0 405.0 | H 1.098 | V 0.001 | pL 0.000 | vL 0.000 | delta 0.000
U 136 | F 278528 | FPS 0025 | D 10029 | rR:mu sigma m M 0.00 0.00 0.00 0.00 | F:mu sigma m M 209.0 169.2 18.0 636.0 | H 1.099 | V 0.001 | pL 0.000 | vL 0.000 | delta 0.000
U 137 | F 280576 | FPS 0023 | D 10119 | rR:mu sigma m M 0.00 0.00 0.00 0.00 | F:mu sigma m M 254.9 229.1 63.0 900.0 | H 1.097 | V 0.006 | pL 0.000 | vL 0.000 | delta 0.004
U 138 | F 282624 | FPS 0026 | D 10199 | rR:mu sigma m M 0.00 0.00 0.00 0.00 | F:mu sigma m M 184.4 215.4 21.0 900.0 | H 1.098 | V 0.001 | pL 0.001 | vL 0.000 | delta 0.002
U 139 | F 284672 | FPS 0023 | D 10288 | rR:mu sigma m M 0.00 0.00 0.00 0.00 | F:mu sigma m M 167.9 116.4 21.0 395.0 | H 1.098 | V 0.000 | pL -0.000 | vL 0.000 | delta 0.000
U 140 | F 286720 | FPS 0025 | D 10371 | rR:mu sigma m M 0.00 0.00 0.00 0.00 | F:mu sigma m M 178.0 148.0 17.0 618.0 | H 1.099 | V 0.000 | pL 0.000 | vL 0.000 | delta 0.000
U 141 | F 288768 | FPS 0024 | D 10457 | rR:mu sigma m M 0.00 0.00 0.00 0.00 | F:mu sigma m M 202.5 221.9 15.0 900.0 | H 1.099 | V -0.000 | pL -0.000 | vL 0.000 | delta 0.000
U 142 | F 290816 | FPS 0026 | D 10537 | rR:mu sigma m M 0.00 0.00 0.00 0.00 | F:mu sigma m M 204.5 156.6 29.0 533.0 | H 1.099 | V 0.000 | pL 0.000 | vL 0.000 | delta 0.000
U 143 | F 292864 | FPS 0021 | D 10633 | rR:mu sigma m M 0.00 0.00 0.00 0.00 | F:mu sigma m M 159.6 101.1 41.0 437.0 | H 1.098 | V 0.001 | pL 0.000 | vL 0.000 | delta 0.001
U 144 | F 294912 | FPS 0020 | D 10736 | rR:mu sigma m M 0.00 0.00 0.00 0.00 | F:mu sigma m M 141.1 84.2 39.0 361.0 | H 1.099 | V 0.000 | pL 0.000 | vL 0.000 | delta 0.000
U 145 | F 296960 | FPS 0021 | D 10833 | rR:mu sigma m M 0.00 0.00 0.00 0.00 | F:mu sigma m M 169.7 108.8 39.0 414.0 | H 1.099 | V 0.000 | pL 0.000 | vL 0.000 | delta 0.000
U 146 | F 299008 | FPS 0026 | D 10912 | rR:mu sigma m M 0.00 0.00 0.00 0.00 | F:mu sigma m M 159.1 110.9 38.0 414.0 | H 1.099 | V 0.000 | pL 0.000 | vL 0.000 | delta 0.000
U 147 | F 301056 | FPS 0025 | D 10995 | rR:mu sigma m M 0.00 0.00 0.00 0.00 | F:mu sigma m M 205.1 213.9 34.0 891.0 | H 1.098 | V 0.001 | pL -0.000 | vL 0.000 | delta 0.001
U 148 | F 303104 | FPS 0028 | D 11068 | rR:mu sigma m M 0.00 0.00 0.00 0.00 | F:mu sigma m M 170.5 169.2 25.0 629.0 | H 1.098 | V 0.001 | pL 0.001 | vL 0.000 | delta 0.000
U 149 | F 305152 | FPS 0033 | D 11130 | rR:mu sigma m M 0.00 0.00 0.00 0.00 | F:mu sigma m M 148.4 147.0 26.0 529.0 | H 1.099 | V 0.001 | pL 0.000 | vL 0.000 | delta 0.000
U 150 | F 307200 | FPS 0028 | D 11203 | rR:mu sigma m M 0.09 0.26 0.00 0.85 | F:mu sigma m M 150.1 84.9 40.0 330.0 | H 1.097 | V 0.010 | pL -0.011 | vL 0.002 | delta 0.018
U 151 | F 309248 | FPS 0026 | D 11283 | rR:mu sigma m M 0.00 0.00 0.00 0.00 | F:mu sigma m M 88.9 57.5 25.0 265.0 | H 1.098 | V -0.005 | pL -0.002 | vL 0.000 | delta 0.002
U 152 | F 311296 | FPS 0029 | D 11354 | rR:mu sigma m M 0.00 0.00 0.00 0.00 | F:mu sigma m M 160.1 121.2 25.0 453.0 | H 1.098 | V -0.002 | pL -0.001 | vL 0.000 | delta 0.002
U 153 | F 313344 | FPS 0028 | D 11427 | rR:mu sigma m M 0.00 0.00 0.00 0.00 | F:mu sigma m M 134.6 82.5 25.0 360.0 | H 1.098 | V -0.003 | pL -0.001 | vL 0.000 | delta 0.001
U 154 | F 315392 | FPS 0028 | D 11499 | rR:mu sigma m M 0.00 0.00 0.00 0.00 | F:mu sigma m M 122.8 72.7 18.0 284.0 | H 1.098 | V -0.000 | pL -0.000 | vL 0.000 | delta 0.002
U 155 | F 317440 | FPS 0028 | D 11573 | rR:mu sigma m M 0.00 0.00 0.00 0.00 | F:mu sigma m M 200.4 136.7 61.0 521.0 | H 1.098 | V -0.001 | pL -0.000 | vL 0.000 | delta 0.001
U 156 | F 319488 | FPS 0028 | D 11645 | rR:mu sigma m M 0.00 0.00 0.00 0.00 | F:mu sigma m M 89.2 74.7 13.0 349.0 | H 1.099 | V -0.001 | pL -0.000 | vL 0.000 | delta 0.001
U 157 | F 321536 | FPS 0030 | D 11713 | rR:mu sigma m M 0.00 0.00 0.00 0.00 | F:mu sigma m M 102.5 62.5 13.0 244.0 | H 1.099 | V -0.000 | pL -0.000 | vL 0.000 | delta 0.000
U 158 | F 323584 | FPS 0027 | D 11790 | rR:mu sigma m M 0.00 0.00 0.00 0.00 | F:mu sigma m M 137.7 88.3 44.0 348.0 | H 1.098 | V -0.000 | pL 0.000 | vL 0.000 | delta 0.001
U 159 | F 325632 | FPS 0027 | D 11867 | rR:mu sigma m M 0.00 0.00 0.00 0.00 | F:mu sigma m M 169.9 146.3 11.0 527.0 | H 1.099 | V -0.001 | pL -0.000 | vL 0.000 | delta 0.000
U 160 | F 327680 | FPS 0031 | D 11934 | rR:mu sigma m M 0.00 0.00 0.00 0.00 | F:mu sigma m M 115.8 75.2 11.0 300.0 | H 1.099 | V -0.001 | pL -0.000 | vL 0.000 | delta 0.000
U 161 | F 329728 | FPS 0027 | D 12010 | rR:mu sigma m M 0.05 0.18 0.00 0.76 | F:mu sigma m M 165.1 112.7 43.0 480.0 | H 1.094 | V 0.006 | pL -0.006 | vL 0.001 | delta 0.011
U 162 | F 331776 | FPS 0028 | D 12082 | rR:mu sigma m M 0.00 0.00 0.00 0.00 | F:mu sigma m M 242.3 301.5 11.0 900.0 | H 1.098 | V 0.002 | pL 0.001 | vL 0.000 | delta 0.005
U 163 | F 333824 | FPS 0028 | D 12155 | rR:mu sigma m M 0.00 0.00 0.00 0.00 | F:mu sigma m M 182.1 197.4 11.0 849.0 | H 1.099 | V 0.004 | pL 0.001 | vL 0.000 | delta 0.002
U 164 | F 335872 | FPS 0028 | D 12228 | rR:mu sigma m M 0.00 0.00 0.00 0.00 | F:mu sigma m M 183.9 108.6 26.0 447.0 | H 1.099 | V 0.003 | pL 0.001 | vL 0.000 | delta 0.003
U 165 | F 337920 | FPS 0034 | D 12288 | rR:mu sigma m M 0.00 0.00 0.00 0.00 | F:mu sigma m M 187.6 145.2 26.0 486.0 | H 1.099 | V 0.002 | pL 0.000 | vL 0.000 | delta 0.000
U 166 | F 339968 | FPS 0030 | D 12356 | rR:mu sigma m M 0.00 0.00 0.00 0.00 | F:mu sigma m M 183.6 145.4 25.0 575.0 | H 1.099 | V 0.001 | pL 0.000 | vL 0.000 | delta 0.000
U 167 | F 342016 | FPS 0030 | D 12425 | rR:mu sigma m M 0.00 0.00 0.00 0.00 | F:mu sigma m M 183.8 146.8 25.0 575.0 | H 1.099 | V 0.001 | pL 0.000 | vL 0.000 | delta 0.001
U 168 | F 344064 | FPS 0028 | D 12498 | rR:mu sigma m M 0.00 0.00 0.00 0.00 | F:mu sigma m M 157.4 97.0 36.0 310.0 | H 1.098 | V 0.007 | pL 0.002 | vL 0.000 | delta 0.005
U 169 | F 346112 | FPS 0029 | D 12568 | rR:mu sigma m M 0.00 0.00 0.00 0.00 | F:mu sigma m M 179.9 128.4 36.0 404.0 | H 1.097 | V 0.003 | pL 0.001 | vL 0.000 | delta 0.001
U 170 | F 348160 | FPS 0032 | D 12633 | rR:mu sigma m M 0.00 0.00 0.00 0.00 | F:mu sigma m M 141.2 97.0 12.0 312.0 | H 1.098 | V 0.003 | pL 0.001 | vL 0.000 | delta 0.001
U 171 | F 350208 | FPS 0021 | D 12731 | rR:mu sigma m M 0.00 0.00 0.00 0.00 | F:mu sigma m M 145.7 105.2 28.0 402.0 | H 1.099 | V 0.001 | pL 0.001 | vL 0.000 | delta 0.000
U 172 | F 352256 | FPS 0020 | D 12835 | rR:mu sigma m M 0.00 0.00 0.00 0.00 | F:mu sigma m M 146.4 132.1 19.0 402.0 | H 1.098 | V 0.001 | pL 0.000 | vL 0.000 | delta 0.001
U 173 | F 354304 | FPS 0020 | D 12937 | rR:mu sigma m M 0.00 0.00 0.00 0.00 | F:mu sigma m M 150.2 127.7 19.0 446.0 | H 1.099 | V 0.001 | pL 0.000 | vL 0.000 | delta 0.000
U 174 | F 356352 | FPS 0024 | D 13023 | rR:mu sigma m M 0.02 0.09 0.00 0.36 | F:mu sigma m M 196.8 169.3 19.0 638.0 | H 1.097 | V 0.004 | pL -0.003 | vL 0.000 | delta 0.005
U 175 | F 358400 | FPS 0020 | D 13124 | rR:mu sigma m M 0.02 0.09 0.00 0.36 | F:mu sigma m M 226.2 199.4 17.0 664.0 | H 1.098 | V 0.001 | pL 0.000 | vL 0.000 | delta 0.000
U 176 | F 360448 | FPS 0023 | D 13214 | rR:mu sigma m M 0.00 0.00 0.00 0.00 | F:mu sigma m M 196.9 162.5 17.0 522.0 | H 1.099 | V 0.001 | pL 0.000 | vL 0.000 | delta 0.000
U 177 | F 362496 | FPS 0022 | D 13307 | rR:mu sigma m M 0.04 0.16 0.00 0.69 | F:mu sigma m M 187.4 154.8 44.0 534.0 | H 1.096 | V 0.006 | pL -0.006 | vL 0.001 | delta 0.027
U 178 | F 364544 | FPS 0022 | D 13402 | rR:mu sigma m M 0.04 0.17 0.00 0.69 | F:mu sigma m M 175.2 116.5 46.0 526.0 | H 1.099 | V 0.006 | pL 0.002 | vL 0.000 | delta 0.002
U 179 | F 366592 | FPS 0020 | D 13504 | rR:mu sigma m M 0.00 0.00 0.00 0.00 | F:mu sigma m M 176.8 111.2 18.0 442.0 | H 1.098 | V 0.006 | pL 0.002 | vL 0.000 | delta 0.002
U 180 | F 368640 | FPS 0021 | D 13599 | rR:mu sigma m M 0.05 0.21 0.00 0.87 | F:mu sigma m M 193.1 121.5 18.0 442.0 | H 1.094 | V 0.016 | pL -0.006 | vL 0.001 | delta 0.016
U 181 | F 370688 | FPS 0024 | D 13685 | rR:mu sigma m M 0.05 0.21 0.00 0.87 | F:mu sigma m M 237.4 159.4 43.0 522.0 | H 1.097 | V 0.009 | pL 0.003 | vL 0.000 | delta 0.003
U 182 | F 372736 | FPS 0019 | D 13790 | rR:mu sigma m M 0.00 0.00 0.00 0.00 | F:mu sigma m M 156.6 143.3 21.0 522.0 | H 1.096 | V 0.011 | pL 0.003 | vL 0.000 | delta 0.006
U 183 | F 374784 | FPS 0024 | D 13876 | rR:mu sigma m M 0.00 0.00 0.00 0.00 | F:mu sigma m M 160.0 158.5 15.0 699.0 | H 1.098 | V 0.007 | pL 0.002 | vL 0.000 | delta 0.001
U 184 | F 376832 | FPS 0022 | D 13970 | rR:mu sigma m M 0.00 0.00 0.00 0.00 | F:mu sigma m M 154.2 160.2 15.0 699.0 | H 1.098 | V 0.006 | pL 0.001 | vL 0.000 | delta 0.000
U 185 | F 378880 | FPS 0022 | D 14065 | rR:mu sigma m M 0.00 0.00 0.00 0.00 | F:mu sigma m M 232.4 167.5 32.0 697.0 | H 1.098 | V 0.004 | pL 0.001 | vL 0.000 | delta 0.001
U 186 | F 380928 | FPS 0019 | D 14170 | rR:mu sigma m M 0.00 0.00 0.00 0.00 | F:mu sigma m M 237.1 240.0 43.0 900.0 | H 1.096 | V 0.009 | pL 0.000 | vL 0.000 | delta 0.004
U 187 | F 382976 | FPS 0022 | D 14262 | rR:mu sigma m M 0.05 0.19 0.00 0.79 | F:mu sigma m M 154.3 139.3 15.0 620.0 | H 1.096 | V 0.013 | pL -0.003 | vL 0.001 | delta 0.015
U 188 | F 385024 | FPS 0022 | D 14354 | rR:mu sigma m M 0.05 0.19 0.00 0.79 | F:mu sigma m M 108.9 88.1 11.0 388.0 | H 1.098 | V 0.012 | pL 0.002 | vL 0.000 | delta 0.004
U 189 | F 387072 | FPS 0021 | D 14449 | rR:mu sigma m M 0.00 0.00 0.00 0.00 | F:mu sigma m M 183.5 135.0 11.0 517.0 | H 1.098 | V 0.012 | pL 0.004 | vL 0.000 | delta 0.003
U 190 | F 389120 | FPS 0020 | D 14549 | rR:mu sigma m M 0.00 0.00 0.00 0.00 | F:mu sigma m M 259.4 143.0 64.0 549.0 | H 1.098 | V 0.007 | pL 0.002 | vL 0.000 | delta 0.001
U 191 | F 391168 | FPS 0023 | D 14640 | rR:mu sigma m M 0.00 0.00 0.00 0.00 | F:mu sigma m M 147.1 168.4 15.0 756.0 | H 1.098 | V 0.006 | pL 0.002 | vL 0.000 | delta 0.001
U 192 | F 393216 | FPS 0024 | D 14724 | rR:mu sigma m M 0.00 0.00 0.00 0.00 | F:mu sigma m M 171.0 198.5 50.0 900.0 | H 1.099 | V 0.004 | pL 0.001 | vL 0.000 | delta 0.000
U 193 | F 395264 | FPS 0022 | D 14817 | rR:mu sigma m M 0.00 0.00 0.00 0.00 | F:mu sigma m M 133.6 85.5 23.0 374.0 | H 1.099 | V 0.004 | pL 0.001 | vL 0.000 | delta 0.001
U 194 | F 397312 | FPS 0022 | D 14912 | rR:mu sigma m M 0.00 0.00 0.00 0.00 | F:mu sigma m M 203.5 106.2 26.0 394.0 | H 1.098 | V 0.005 | pL -0.001 | vL 0.000 | delta 0.002
U 195 | F 399360 | FPS 0020 | D 15017 | rR:mu sigma m M 0.04 0.16 0.00 0.68 | F:mu sigma m M 121.8 90.3 26.0 325.0 | H 1.097 | V 0.006 | pL -0.001 | vL 0.000 | delta 0.005
U 196 | F 401408 | FPS 0022 | D 15111 | rR:mu sigma m M 0.00 0.00 0.00 0.00 | F:mu sigma m M 123.5 95.0 23.0 327.0 | H 1.098 | V 0.004 | pL 0.001 | vL 0.000 | delta 0.000
U 197 | F 403456 | FPS 0022 | D 15206 | rR:mu sigma m M 0.00 0.00 0.00 0.00 | F:mu sigma m M 179.2 184.3 24.0 727.0 | H 1.098 | V 0.003 | pL 0.001 | vL 0.000 | delta 0.001
U 198 | F 405504 | FPS 0022 | D 15300 | rR:mu sigma m M 0.00 0.00 0.00 0.00 | F:mu sigma m M 191.2 187.7 17.0 727.0 | H 1.098 | V 0.002 | pL 0.001 | vL 0.000 | delta 0.000
U 199 | F 407552 | FPS 0018 | D 15411 | rR:mu sigma m M 0.00 0.00 0.00 0.00 | F:mu sigma m M 199.7 124.7 45.0 479.0 | H 1.098 | V 0.002 | pL 0.000 | vL 0.000 | delta 0.001
U 200 | F 409600 | FPS 0021 | D 15509 | rR:mu sigma m M 0.00 0.00 0.00 0.00 | F:mu sigma m M 201.2 111.5 27.0 479.0 | H 1.099 | V 0.001 | pL 0.000 | vL 0.000 | delta 0.000
U 201 | F 411648 | FPS 0024 | D 15594 | rR:mu sigma m M 0.00 0.00 0.00 0.00 | F:mu sigma m M 231.4 134.2 27.0 508.0 | H 1.098 | V 0.001 | pL 0.000 | vL 0.000 | delta 0.000
U 202 | F 413696 | FPS 0021 | D 15693 | rR:mu sigma m M 0.02 0.08 0.00 0.31 | F:mu sigma m M 265.4 190.8 31.0 686.0 | H 1.093 | V 0.012 | pL -0.001 | vL 0.001 | delta 0.011
U 203 | F 415744 | FPS 0023 | D 15781 | rR:mu sigma m M 0.02 0.08 0.00 0.31 | F:mu sigma m M 203.2 197.6 31.0 686.0 | H 1.098 | V -0.004 | pL -0.001 | vL 0.000 | delta 0.003
U 204 | F 417792 | FPS 0021 | D 15879 | rR:mu sigma m M 0.00 0.00 0.00 0.00 | F:mu sigma m M 198.4 121.5 56.0 513.0 | H 1.098 | V -0.004 | pL -0.001 | vL 0.000 | delta 0.001
U 205 | F 419840 | FPS 0024 | D 15965 | rR:mu sigma m M 0.00 0.00 0.00 0.00 | F:mu sigma m M 194.9 175.9 40.0 823.0 | H 1.098 | V -0.003 | pL -0.001 | vL 0.000 | delta 0.001
U 206 | F 421888 | FPS 0022 | D 16057 | rR:mu sigma m M 0.00 0.00 0.00 0.00 | F:mu sigma m M 167.8 119.1 28.0 525.0 | H 1.098 | V -0.002 | pL -0.001 | vL 0.000 | delta 0.001
U 207 | F 423936 | FPS 0022 | D 16150 | rR:mu sigma m M 0.00 0.00 0.00 0.00 | F:mu sigma m M 184.8 110.3 49.0 484.0 | H 1.099 | V -0.001 | pL -0.000 | vL 0.000 | delta 0.000
U 208 | F 425984 | FPS 0022 | D 16245 | rR:mu sigma m M 0.00 0.00 0.00 0.00 | F:mu sigma m M 187.1 124.9 35.0 408.0 | H 1.099 | V -0.001 | pL -0.001 | vL 0.000 | delta 0.000
U 209 | F 428032 | FPS 0024 | D 16332 | rR:mu sigma m M 0.00 0.00 0.00 0.00 | F:mu sigma m M 176.6 97.2 51.0 383.0 | H 1.097 | V 0.003 | pL 0.001 | vL 0.000 | delta 0.006
U 210 | F 430080 | FPS 0024 | D 16417 | rR:mu sigma m M 0.00 0.00 0.00 0.00 | F:mu sigma m M 162.1 95.3 49.0 347.0 | H 1.097 | V 0.006 | pL 0.002 | vL 0.000 | delta 0.003
U 211 | F 432128 | FPS 0021 | D 16512 | rR:mu sigma m M 0.00 0.00 0.00 0.00 | F:mu sigma m M 167.8 107.4 49.0 373.0 | H 1.098 | V 0.005 | pL 0.001 | vL 0.000 | delta 0.005
U 212 | F 434176 | FPS 0022 | D 16607 | rR:mu sigma m M 0.00 0.00 0.00 0.00 | F:mu sigma m M 238.8 223.4 38.0 900.0 | H 1.098 | V 0.005 | pL 0.001 | vL 0.000 | delta 0.002
U 213 | F 436224 | FPS 0023 | D 16697 | rR:mu sigma m M 0.00 0.00 0.00 0.00 | F:mu sigma m M 158.1 156.3 28.0 611.0 | H 1.097 | V 0.004 | pL 0.002 | vL 0.000 | delta 0.004
U 214 | F 438272 | FPS 0022 | D 16792 | rR:mu sigma m M 0.00 0.00 0.00 0.00 | F:mu sigma m M 198.8 151.4 27.0 529.0 | H 1.099 | V 0.001 | pL 0.000 | vL 0.000 | delta 0.000
U 215 | F 440320 | FPS 0021 | D 16889 | rR:mu sigma m M 0.00 0.00 0.00 0.00 | F:mu sigma m M 147.7 89.5 52.0 320.0 | H 1.098 | V 0.001 | pL 0.000 | vL 0.000 | delta 0.000
U 216 | F 442368 | FPS 0023 | D 16978 | rR:mu sigma m M 0.05 0.20 0.00 0.86 | F:mu sigma m M 100.7 86.5 19.0 385.0 | H 1.097 | V 0.001 | pL -0.003 | vL 0.001 | delta 0.012
U 217 | F 444416 | FPS 0020 | D 17080 | rR:mu sigma m M 0.00 0.00 0.00 0.00 | F:mu sigma m M 121.8 79.3 20.0 291.0 | H 1.098 | V 0.006 | pL 0.002 | vL 0.000 | delta 0.002
U 218 | F 446464 | FPS 0020 | D 17182 | rR:mu sigma m M 0.05 0.19 0.00 0.77 | F:mu sigma m M 201.6 126.0 47.0 536.0 | H 1.097 | V 0.010 | pL -0.005 | vL 0.000 | delta 0.015
U 219 | F 448512 | FPS 0019 | D 17288 | rR:mu sigma m M 0.00 0.00 0.00 0.00 | F:mu sigma m M 141.4 80.6 25.0 280.0 | H 1.098 | V 0.005 | pL 0.002 | vL 0.000 | delta 0.003
U 220 | F 450560 | FPS 0021 | D 17387 | rR:mu sigma m M 0.00 0.00 0.00 0.00 | F:mu sigma m M 141.1 93.5 16.0 321.0 | H 1.098 | V 0.004 | pL 0.001 | vL 0.000 | delta 0.001
U 221 | F 452608 | FPS 0021 | D 17486 | rR:mu sigma m M 0.00 0.00 0.00 0.00 | F:mu sigma m M 133.2 85.9 16.0 334.0 | H 1.098 | V 0.009 | pL 0.001 | vL 0.000 | delta 0.004
U 222 | F 454656 | FPS 0019 | D 17593 | rR:mu sigma m M 0.00 0.00 0.00 0.00 | F:mu sigma m M 162.2 138.1 30.0 391.0 | H 1.098 | V 0.007 | pL 0.001 | vL 0.000 | delta 0.002
U 223 | F 456704 | FPS 0024 | D 17679 | rR:mu sigma m M 0.00 0.00 0.00 0.00 | F:mu sigma m M 204.2 160.1 16.0 495.0 | H 1.095 | V 0.008 | pL 0.002 | vL 0.000 | delta 0.004
U 224 | F 458752 | FPS 0020 | D 17780 | rR:mu sigma m M 0.00 0.00 0.00 0.00 | F:mu sigma m M 148.2 89.4 19.0 332.0 | H 1.099 | V 0.003 | pL 0.001 | vL 0.000 | delta 0.001
U 225 | F 460800 | FPS 0022 | D 17874 | rR:mu sigma m M 0.00 0.00 0.00 0.00 | F:mu sigma m M 149.4 90.1 19.0 332.0 | H 1.099 | V 0.003 | pL 0.001 | vL 0.000 | delta 0.001
U 226 | F 462848 | FPS 0022 | D 17967 | rR:mu sigma m M 0.00 0.00 0.00 0.00 | F:mu sigma m M 180.8 140.5 35.0 610.0 | H 1.099 | V 0.002 | pL 0.001 | vL 0.000 | delta 0.000
U 227 | F 464896 | FPS 0022 | D 18059 | rR:mu sigma m M 0.00 0.00 0.00 0.00 | F:mu sigma m M 215.6 186.9 28.0 610.0 | H 1.098 | V 0.003 | pL 0.001 | vL 0.000 | delta 0.001
U 228 | F 466944 | FPS 0020 | D 18163 | rR:mu sigma m M 0.00 0.00 0.00 0.00 | F:mu sigma m M 187.5 164.6 28.0 606.0 | H 1.099 | V 0.003 | pL 0.001 | vL 0.000 | delta 0.001
U 229 | F 468992 | FPS 0022 | D 18254 | rR:mu sigma m M 0.00 0.00 0.00 0.00 | F:mu sigma m M 159.9 108.9 28.0 457.0 | H 1.097 | V 0.006 | pL -0.000 | vL 0.000 | delta 0.005
U 230 | F 471040 | FPS 0022 | D 18349 | rR:mu sigma m M 0.06 0.18 0.00 0.73 | F:mu sigma m M 209.3 199.5 19.0 789.0 | H 1.096 | V 0.004 | pL -0.002 | vL 0.000 | delta 0.007
U 231 | F 473088 | FPS 0024 | D 18434 | rR:mu sigma m M 0.00 0.00 0.00 0.00 | F:mu sigma m M 148.2 105.9 43.0 359.0 | H 1.098 | V 0.002 | pL 0.001 | vL 0.000 | delta 0.001
U 232 | F 475136 | FPS 0022 | D 18526 | rR:mu sigma m M 0.00 0.00 0.00 0.00 | F:mu sigma m M 129.8 109.6 9.0 419.0 | H 1.099 | V 0.001 | pL 0.000 | vL 0.000 | delta 0.000
U 233 | F 477184 | FPS 0020 | D 18627 | rR:mu sigma m M 0.00 0.00 0.00 0.00 | F:mu sigma m M 126.1 84.6 9.0 328.0 | H 1.099 | V 0.001 | pL 0.000 | vL 0.000 | delta 0.000
U 234 | F 479232 | FPS 0023 | D 18717 | rR:mu sigma m M 0.00 0.00 0.00 0.00 | F:mu sigma m M 279.4 200.2 26.0 736.0 | H 1.098 | V 0.003 | pL 0.001 | vL 0.000 | delta 0.002
U 235 | F 481280 | FPS 0021 | D 18812 | rR:mu sigma m M 0.00 0.00 0.00 0.00 | F:mu sigma m M 143.4 96.4 31.0 368.0 | H 1.099 | V 0.002 | pL 0.001 | vL 0.000 | delta 0.000
U 236 | F 483328 | FPS 0023 | D 18902 | rR:mu sigma m M 0.00 0.00 0.00 0.00 | F:mu sigma m M 146.4 166.4 20.0 724.0 | H 1.099 | V 0.001 | pL 0.000 | vL 0.000 | delta 0.000
U 237 | F 485376 | FPS 0021 | D 19000 | rR:mu sigma m M 0.00 0.00 0.00 0.00 | F:mu sigma m M 179.6 110.8 36.0 405.0 | H 1.099 | V 0.001 | pL 0.000 | vL 0.000 | delta 0.000
U 238 | F 487424 | FPS 0021 | D 19096 | rR:mu sigma m M 0.00 0.00 0.00 0.00 | F:mu sigma m M 130.8 85.2 33.0 318.0 | H 1.099 | V 0.001 | pL 0.000 | vL 0.000 | delta 0.000
U 239 | F 489472 | FPS 0022 | D 19190 | rR:mu sigma m M 0.00 0.00 0.00 0.00 | F:mu sigma m M 125.8 68.8 39.0 279.0 | H 1.099 | V 0.001 | pL 0.000 | vL 0.000 | delta 0.000
U 240 | F 491520 | FPS 0021 | D 19288 | rR:mu sigma m M 0.00 0.00 0.00 0.00 | F:mu sigma m M 156.2 95.7 44.0 373.0 | H 1.099 | V 0.001 | pL 0.000 | vL 0.000 | delta 0.000
U 241 | F 493568 | FPS 0021 | D 19387 | rR:mu sigma m M 0.03 0.11 0.00 0.47 | F:mu sigma m M 181.4 145.3 20.0 530.0 | H 1.097 | V 0.005 | pL -0.004 | vL 0.000 | delta 0.006
U 242 | F 495616 | FPS 0024 | D 19473 | rR:mu sigma m M 0.03 0.11 0.00 0.47 | F:mu sigma m M 218.8 147.2 33.0 530.0 | H 1.098 | V 0.000 | pL -0.000 | vL 0.000 | delta 0.001
U 243 | F 497664 | FPS 0021 | D 19570 | rR:mu sigma m M 0.00 0.00 0.00 0.00 | F:mu sigma m M 188.1 218.4 12.0 900.0 | H 1.098 | V 0.003 | pL 0.000 | vL 0.000 | delta 0.002
U 244 | F 499712 | FPS 0023 | D 19659 | rR:mu sigma m M 0.00 0.00 0.00 0.00 | F:mu sigma m M 164.6 172.9 25.0 685.0 | H 1.098 | V -0.000 | pL 0.000 | vL 0.000 | delta 0.001
U 245 | F 501760 | FPS 0022 | D 19754 | rR:mu sigma m M 0.00 0.00 0.00 0.00 | F:mu sigma m M 235.4 191.8 33.0 685.0 | H 1.099 | V -0.001 | pL -0.000 | vL 0.000 | delta 0.001
U 246 | F 503808 | FPS 0024 | D 19841 | rR:mu sigma m M 0.00 0.00 0.00 0.00 | F:mu sigma m M 183.3 169.4 24.0 615.0 | H 1.098 | V 0.000 | pL -0.000 | vL 0.000 | delta 0.001
U 247 | F 505856 | FPS 0020 | D 19941 | rR:mu sigma m M 0.00 0.00 0.00 0.00 | F:mu sigma m M 158.5 142.9 52.0 646.0 | H 1.098 | V -0.001 | pL -0.000 | vL 0.000 | delta 0.000
U 248 | F 507904 | FPS 0021 | D 20037 | rR:mu sigma m M 0.00 0.00 0.00 0.00 | F:mu sigma m M 104.3 59.6 24.0 217.0 | H 1.099 | V -0.001 | pL -0.000 | vL 0.000 | delta 0.000
U 249 | F 509952 | FPS 0021 | D 20134 | rR:mu sigma m M 0.00 0.00 0.00 0.00 | F:mu sigma m M 117.2 63.8 20.0 204.0 | H 1.099 | V -0.001 | pL -0.000 | vL 0.000 | delta 0.000
U 250 | F 512000 | FPS 0023 | D 20221 | rR:mu sigma m M 0.00 0.00 0.00 0.00 | F:mu sigma m M 144.2 108.3 26.0 424.0 | H 1.099 | V 0.000 | pL 0.000 | vL 0.000 | delta 0.000
U 251 | F 514048 | FPS 0024 | D 20306 | rR:mu sigma m M 0.00 0.00 0.00 0.00 | F:mu sigma m M 206.6 150.4 26.0 629.0 | H 1.099 | V 0.000 | pL 0.000 | vL 0.000 | delta 0.000
U 252 | F 516096 | FPS 0022 | D 20400 | rR:mu sigma m M 0.00 0.00 0.00 0.00 | F:mu sigma m M 260.8 192.4 21.0 682.0 | H 1.099 | V -0.000 | pL 0.000 | vL 0.000 | delta 0.000
U 253 | F 518144 | FPS 0024 | D 20487 | rR:mu sigma m M 0.00 0.00 0.00 0.00 | F:mu sigma m M 193.4 143.1 21.0 524.0 | H 1.099 | V 0.000 | pL 0.000 | vL 0.000 | delta 0.000
U 254 | F 520192 | FPS 0023 | D 20578 | rR:mu sigma m M 0.00 0.00 0.00 0.00 | F:mu sigma m M 183.5 174.5 18.0 665.0 | H 1.099 | V 0.000 | pL 0.000 | vL 0.000 | delta 0.000
U 255 | F 522240 | FPS 0023 | D 20667 | rR:mu sigma m M 0.00 0.00 0.00 0.00 | F:mu sigma m M 197.7 165.7 37.0 686.0 | H 1.098 | V 0.000 | pL 0.000 | vL 0.000 | delta 0.000
U 256 | F 524288 | FPS 0024 | D 20752 | rR:mu sigma m M 0.04 0.16 0.00 0.64 | F:mu sigma m M 171.1 164.1 37.0 686.0 | H 1.096 | V 0.004 | pL -0.005 | vL 0.001 | delta 0.008
U 257 | F 526336 | FPS 0020 | D 20855 | rR:mu sigma m M 0.00 0.00 0.00 0.00 | F:mu sigma m M 202.4 123.6 27.0 520.0 | H 1.096 | V 0.009 | pL 0.002 | vL 0.000 | delta 0.005
U 258 | F 528384 | FPS 0025 | D 20938 | rR:mu sigma m M 0.00 0.00 0.00 0.00 | F:mu sigma m M 159.4 109.3 27.0 403.0 | H 1.097 | V 0.007 | pL 0.000 | vL 0.000 | delta 0.003
U 259 | F 530432 | FPS 0028 | D 21012 | rR:mu sigma m M 0.05 0.20 0.00 0.83 | F:mu sigma m M 145.0 91.0 29.0 317.0 | H 1.097 | V 0.008 | pL -0.002 | vL 0.001 | delta 0.006
U 260 | F 532480 | FPS 0022 | D 21103 | rR:mu sigma m M 0.02 0.09 0.00 0.38 | F:mu sigma m M 202.8 201.9 43.0 616.0 | H 1.096 | V 0.013 | pL -0.001 | vL 0.000 | delta 0.005
U 261 | F 534528 | FPS 0024 | D 21190 | rR:mu sigma m M 0.02 0.09 0.00 0.38 | F:mu sigma m M 233.1 194.6 10.0 616.0 | H 1.098 | V 0.007 | pL 0.002 | vL 0.000 | delta 0.001
U 262 | F 536576 | FPS 0022 | D 21282 | rR:mu sigma m M 0.00 0.00 0.00 0.00 | F:mu sigma m M 170.6 113.3 10.0 401.0 | H 1.098 | V 0.006 | pL 0.001 | vL 0.000 | delta 0.002
U 263 | F 538624 | FPS 0023 | D 21371 | rR:mu sigma m M 0.00 0.00 0.00 0.00 | F:mu sigma m M 188.9 124.8 19.0 406.0 | H 1.097 | V 0.009 | pL -0.000 | vL 0.000 | delta 0.004
U 264 | F 540672 | FPS 0023 | D 21461 | rR:mu sigma m M 0.00 0.00 0.00 0.00 | F:mu sigma m M 201.7 163.8 30.0 626.0 | H 1.096 | V 0.015 | pL 0.004 | vL 0.000 | delta 0.007
U 265 | F 542720 | FPS 0019 | D 21569 | rR:mu sigma m M 0.00 0.00 0.00 0.00 | F:mu sigma m M 135.9 103.0 34.0 362.0 | H 1.098 | V 0.009 | pL 0.002 | vL 0.000 | delta 0.001
U 266 | F 544768 | FPS 0024 | D 21655 | rR:mu sigma m M 0.00 0.00 0.00 0.00 | F:mu sigma m M 138.6 83.3 26.0 328.0 | H 1.098 | V 0.008 | pL 0.002 | vL 0.000 | delta 0.001
U 267 | F 546816 | FPS 0021 | D 21751 | rR:mu sigma m M 0.00 0.00 0.00 0.00 | F:mu sigma m M 156.9 116.5 26.0 453.0 | H 1.099 | V 0.006 | pL 0.001 | vL 0.000 | delta 0.001
U 268 | F 548864 | FPS 0021 | D 21849 | rR:mu sigma m M 0.00 0.00 0.00 0.00 | F:mu sigma m M 180.6 105.8 26.0 409.0 | H 1.098 | V 0.005 | pL 0.001 | vL 0.000 | delta 0.001
U 269 | F 550912 | FPS 0021 | D 21946 | rR:mu sigma m M 0.00 0.00 0.00 0.00 | F:mu sigma m M 212.1 153.7 26.0 614.0 | H 1.099 | V 0.004 | pL 0.001 | vL 0.000 | delta 0.000
U 270 | F 552960 | FPS 0023 | D 22034 | rR:mu sigma m M 0.00 0.00 0.00 0.00 | F:mu sigma m M 177.8 119.6 43.0 442.0 | H 1.099 | V 0.004 | pL 0.001 | vL 0.000 | delta 0.001
U 271 | F 555008 | FPS 0023 | D 22124 | rR:mu sigma m M 0.00 0.00 0.00 0.00 | F:mu sigma m M 198.4 131.8 26.0 458.0 | H 1.098 | V 0.004 | pL 0.000 | vL 0.000 | delta 0.001
U 272 | F 557056 | FPS 0022 | D 22219 | rR:mu sigma m M 0.04 0.17 0.00 0.76 | F:mu sigma m M 196.2 221.1 29.0 900.0 | H 1.097 | V 0.006 | pL -0.004 | vL 0.001 | delta 0.008
U 273 | F 559104 | FPS 0023 | D 22307 | rR:mu sigma m M 0.00 0.00 0.00 0.00 | F:mu sigma m M 193.9 136.4 31.0 501.0 | H 1.098 | V 0.003 | pL 0.001 | vL 0.000 | delta 0.004
U 274 | F 561152 | FPS 0024 | D 22393 | rR:mu sigma m M 0.00 0.00 0.00 0.00 | F:mu sigma m M 119.2 62.4 26.0 243.0 | H 1.098 | V 0.002 | pL 0.001 | vL 0.000 | delta 0.001
U 275 | F 563200 | FPS 0021 | D 22492 | rR:mu sigma m M 0.00 0.00 0.00 0.00 | F:mu sigma m M 151.6 88.2 34.0 333.0 | H 1.098 | V 0.002 | pL 0.001 | vL 0.000 | delta 0.001
U 276 | F 565248 | FPS 0022 | D 22584 | rR:mu sigma m M 0.00 0.00 0.00 0.00 | F:mu sigma m M 181.7 126.3 18.0 457.0 | H 1.099 | V 0.002 | pL 0.001 | vL 0.000 | delta 0.000
U 277 | F 567296 | FPS 0023 | D 22675 | rR:mu sigma m M 0.00 0.00 0.00 0.00 | F:mu sigma m M 158.1 139.0 17.0 457.0 | H 1.099 | V 0.001 | pL 0.000 | vL 0.000 | delta 0.000
U 278 | F 569344 | FPS 0025 | D 22757 | rR:mu sigma m M 0.00 0.00 0.00 0.00 | F:mu sigma m M 201.3 137.1 31.0 491.0 | H 1.098 | V 0.002 | pL 0.000 | vL 0.000 | delta 0.001
U 279 | F 571392 | FPS 0024 | D 22843 | rR:mu sigma m M 0.00 0.00 0.00 0.00 | F:mu sigma m M 132.8 114.7 15.0 381.0 | H 1.098 | V 0.002 | pL -0.001 | vL 0.000 | delta 0.003
U 280 | F 573440 | FPS 0021 | D 22938 | rR:mu sigma m M 0.00 0.00 0.00 0.00 | F:mu sigma m M 126.8 107.3 18.0 430.0 | H 1.097 | V 0.002 | pL 0.001 | vL 0.000 | delta 0.002
U 281 | F 575488 | FPS 0022 | D 23030 | rR:mu sigma m M 0.00 0.00 0.00 0.00 | F:mu sigma m M 149.9 90.5 42.0 419.0 | H 1.098 | V 0.002 | pL 0.000 | vL 0.000 | delta 0.003
U 282 | F 577536 | FPS 0022 | D 23124 | rR:mu sigma m M 0.05 0.21 0.00 0.87 | F:mu sigma m M 107.6 43.2 30.0 176.0 | H 1.095 | V 0.008 | pL -0.007 | vL 0.001 | delta 0.011
U 283 | F 579584 | FPS 0024 | D 23209 | rR:mu sigma m M 0.05 0.21 0.00 0.87 | F:mu sigma m M 160.4 165.4 30.0 747.0 | H 1.098 | V 0.000 | pL -0.000 | vL 0.000 | delta 0.001
U 284 | F 581632 | FPS 0024 | D 23294 | rR:mu sigma m M 0.00 0.00 0.00 0.00 | F:mu sigma m M 193.4 187.0 26.0 800.0 | H 1.098 | V 0.000 | pL 0.000 | vL 0.000 | delta 0.001
U 285 | F 583680 | FPS 0021 | D 23390 | rR:mu sigma m M 0.00 0.00 0.00 0.00 | F:mu sigma m M 203.1 201.0 27.0 800.0 | H 1.098 | V 0.000 | pL 0.000 | vL 0.000 | delta 0.000
U 286 | F 585728 | FPS 0022 | D 23482 | rR:mu sigma m M 0.00 0.00 0.00 0.00 | F:mu sigma m M 209.1 164.5 17.0 499.0 | H 1.099 | V 0.000 | pL 0.000 | vL 0.000 | delta 0.000
U 287 | F 587776 | FPS 0023 | D 23571 | rR:mu sigma m M 0.00 0.00 0.00 0.00 | F:mu sigma m M 178.6 150.9 29.0 499.0 | H 1.098 | V 0.000 | pL 0.000 | vL 0.000 | delta 0.001
U 288 | F 589824 | FPS 0024 | D 23658 | rR:mu sigma m M 0.00 0.00 0.00 0.00 | F:mu sigma m M 189.8 116.2 29.0 401.0 | H 1.098 | V 0.001 | pL -0.000 | vL 0.000 | delta 0.001
U 289 | F 591872 | FPS 0023 | D 23746 | rR:mu sigma m M 0.06 0.21 0.00 0.89 | F:mu sigma m M 187.7 101.6 48.0 390.0 | H 1.093 | V 0.012 | pL -0.006 | vL 0.002 | delta 0.013
U 290 | F 593920 | FPS 0022 | D 23839 | rR:mu sigma m M 0.06 0.21 0.00 0.89 | F:mu sigma m M 195.6 163.5 20.0 633.0 | H 1.094 | V 0.012 | pL 0.004 | vL 0.000 | delta 0.005
U 291 | F 595968 | FPS 0026 | D 23917 | rR:mu sigma m M 0.00 0.00 0.00 0.00 | F:mu sigma m M 162.7 92.9 20.0 336.0 | H 1.098 | V 0.005 | pL 0.001 | vL 0.000 | delta 0.001
U 292 | F 598016 | FPS 0026 | D 23997 | rR:mu sigma m M 0.00 0.00 0.00 0.00 | F:mu sigma m M 182.0 139.9 25.0 542.0 | H 1.098 | V 0.004 | pL 0.001 | vL 0.000 | delta 0.001
U 293 | F 600064 | FPS 0024 | D 24083 | rR:mu sigma m M 0.00 0.00 0.00 0.00 | F:mu sigma m M 165.8 110.4 28.0 363.0 | H 1.098 | V 0.003 | pL 0.001 | vL 0.000 | delta 0.000
U 294 | F 602112 | FPS 0021 | D 24183 | rR:mu sigma m M 0.00 0.00 0.00 0.00 | F:mu sigma m M 174.8 101.6 28.0 376.0 | H 1.098 | V 0.002 | pL 0.001 | vL 0.000 | delta 0.000
U 295 | F 604160 | FPS 0021 | D 24280 | rR:mu sigma m M 0.04 0.16 0.00 0.64 | F:mu sigma m M 224.9 110.2 82.0 480.0 | H 1.091 | V 0.015 | pL -0.004 | vL 0.001 | delta 0.014
U 296 | F 606208 | FPS 0024 | D 24365 | rR:mu sigma m M 0.09 0.24 0.00 0.82 | F:mu sigma m M 171.9 101.6 34.0 358.0 | H 1.095 | V 0.011 | pL -0.006 | vL 0.001 | delta 0.011
U 297 | F 608256 | FPS 0023 | D 24452 | rR:mu sigma m M 0.05 0.18 0.00 0.75 | F:mu sigma m M 185.2 152.9 50.0 648.0 | H 1.091 | V 0.015 | pL -0.005 | vL 0.001 | delta 0.015
U 298 | F 610304 | FPS 0024 | D 24538 | rR:mu sigma m M 0.05 0.18 0.00 0.75 | F:mu sigma m M 176.8 138.0 60.0 648.0 | H 1.094 | V 0.015 | pL 0.003 | vL 0.000 | delta 0.007
U 299 | F 612352 | FPS 0024 | D 24623 | rR:mu sigma m M 0.00 0.00 0.00 0.00 | F:mu sigma m M 207.6 151.7 42.0 703.0 | H 1.093 | V 0.018 | pL 0.004 | vL 0.000 | delta 0.005
U 300 | F 614400 | FPS 0025 | D 24705 | rR:mu sigma m M 0.00 0.00 0.00 0.00 | F:mu sigma m M 153.5 184.5 12.0 710.0 | H 1.090 | V 0.017 | pL 0.005 | vL 0.000 | delta 0.007
U 301 | F 616448 | FPS 0022 | D 24799 | rR:mu sigma m M 0.04 0.17 0.00 0.71 | F:mu sigma m M 177.8 174.1 12.0 710.0 | H 1.092 | V 0.013 | pL -0.003 | vL 0.000 | delta 0.008
U 302 | F 618496 | FPS 0022 | D 24890 | rR:mu sigma m M 0.00 0.00 0.00 0.00 | F:mu sigma m M 128.1 74.2 47.0 258.0 | H 1.093 | V 0.010 | pL 0.002 | vL 0.000 | delta 0.007
U 303 | F 620544 | FPS 0027 | D 24967 | rR:mu sigma m M 0.04 0.16 0.00 0.65 | F:mu sigma m M 231.6 190.5 40.0 762.0 | H 1.086 | V 0.025 | pL -0.000 | vL 0.001 | delta 0.017
U 304 | F 622592 | FPS 0022 | D 25059 | rR:mu sigma m M 0.04 0.16 0.00 0.65 | F:mu sigma m M 200.6 198.9 40.0 762.0 | H 1.097 | V 0.006 | pL 0.002 | vL 0.000 | delta 0.002
U 305 | F 624640 | FPS 0025 | D 25140 | rR:mu sigma m M 0.00 0.00 0.00 0.00 | F:mu sigma m M 170.1 107.3 58.0 477.0 | H 1.098 | V 0.005 | pL 0.001 | vL 0.000 | delta 0.001
U 306 | F 626688 | FPS 0025 | D 25223 | rR:mu sigma m M 0.00 0.00 0.00 0.00 | F:mu sigma m M 151.6 134.2 14.0 434.0 | H 1.098 | V 0.004 | pL 0.001 | vL 0.000 | delta 0.001
U 307 | F 628736 | FPS 0027 | D 25301 | rR:mu sigma m M 0.00 0.00 0.00 0.00 | F:mu sigma m M 160.5 106.0 27.0 411.0 | H 1.098 | V 0.003 | pL 0.001 | vL 0.000 | delta 0.000
U 308 | F 630784 | FPS 0024 | D 25388 | rR:mu sigma m M 0.00 0.00 0.00 0.00 | F:mu sigma m M 212.7 153.0 19.0 544.0 | H 1.098 | V 0.002 | pL 0.001 | vL 0.000 | delta 0.000
U 309 | F 632832 | FPS 0024 | D 25473 | rR:mu sigma m M 0.00 0.00 0.00 0.00 | F:mu sigma m M 161.6 76.4 42.0 279.0 | H 1.098 | V 0.002 | pL 0.000 | vL 0.000 | delta 0.000
U 310 | F 634880 | FPS 0022 | D 25565 | rR:mu sigma m M 0.00 0.00 0.00 0.00 | F:mu sigma m M 156.1 192.4 30.0 900.0 | H 1.098 | V 0.002 | pL 0.001 | vL 0.000 | delta 0.001
U 311 | F 636928 | FPS 0021 | D 25661 | rR:mu sigma m M 0.00 0.00 0.00 0.00 | F:mu sigma m M 93.9 67.7 30.0 286.0 | H 1.099 | V 0.001 | pL 0.000 | vL 0.000 | delta 0.000
U 312 | F 638976 | FPS 0023 | D 25749 | rR:mu sigma m M 0.00 0.00 0.00 0.00 | F:mu sigma m M 135.2 118.5 25.0 509.0 | H 1.098 | V 0.001 | pL -0.000 | vL 0.000 | delta 0.001
U 313 | F 641024 | FPS 0021 | D 25845 | rR:mu sigma m M 0.00 0.00 0.00 0.00 | F:mu sigma m M 206.0 147.8 25.0 509.0 | H 1.098 | V 0.001 | pL 0.000 | vL 0.000 | delta 0.000
U 314 | F 643072 | FPS 0022 | D 25939 | rR:mu sigma m M 0.00 0.00 0.00 0.00 | F:mu sigma m M 204.2 137.2 37.0 505.0 | H 1.098 | V 0.001 | pL -0.001 | vL 0.000 | delta 0.001
U 315 | F 645120 | FPS 0023 | D 26027 | rR:mu sigma m M 0.00 0.00 0.00 0.00 | F:mu sigma m M 204.4 128.9 66.0 505.0 | H 1.097 | V 0.006 | pL -0.000 | vL 0.000 | delta 0.002
U 316 | F 647168 | FPS 0024 | D 26114 | rR:mu sigma m M 0.01 0.03 0.00 0.14 | F:mu sigma m M 246.8 241.3 36.0 859.0 | H 1.096 | V 0.005 | pL 0.000 | vL 0.000 | delta 0.002
U 317 | F 649216 | FPS 0024 | D 26198 | rR:mu sigma m M 0.01 0.03 0.00 0.14 | F:mu sigma m M 266.2 259.7 36.0 859.0 | H 1.098 | V 0.005 | pL 0.001 | vL 0.000 | delta 0.002
U 318 | F 651264 | FPS 0023 | D 26286 | rR:mu sigma m M 0.00 0.00 0.00 0.00 | F:mu sigma m M 249.4 173.4 47.0 607.0 | H 1.099 | V 0.003 | pL 0.001 | vL 0.000 | delta 0.000
U 319 | F 653312 | FPS 0027 | D 26363 | rR:mu sigma m M 0.00 0.00 0.00 0.00 | F:mu sigma m M 181.9 117.9 29.0 494.0 | H 1.098 | V 0.003 | pL 0.000 | vL 0.000 | delta 0.001
U 320 | F 655360 | FPS 0022 | D 26455 | rR:mu sigma m M 0.00 0.00 0.00 0.00 | F:mu sigma m M 140.6 102.3 20.0 434.0 | H 1.098 | V 0.002 | pL 0.001 | vL 0.000 | delta 0.000
U 321 | F 657408 | FPS 0023 | D 26543 | rR:mu sigma m M 0.00 0.00 0.00 0.00 | F:mu sigma m M 198.7 186.1 17.0 608.0 | H 1.098 | V 0.002 | pL 0.000 | vL 0.000 | delta 0.001
U 322 | F 659456 | FPS 0021 | D 26642 | rR:mu sigma m M 0.00 0.00 0.00 0.00 | F:mu sigma m M 212.4 160.7 17.0 577.0 | H 1.099 | V 0.001 | pL 0.000 | vL 0.000 | delta 0.000
U 323 | F 661504 | FPS 0020 | D 26747 | rR:mu sigma m M 0.00 0.00 0.00 0.00 | F:mu sigma m M 146.3 131.2 20.0 544.0 | H 1.098 | V 0.001 | pL 0.000 | vL 0.000 | delta 0.000
U 324 | F 663552 | FPS 0026 | D 26826 | rR:mu sigma m M 0.00 0.00 0.00 0.00 | F:mu sigma m M 214.2 170.0 20.0 544.0 | H 1.098 | V 0.002 | pL 0.000 | vL 0.000 | delta 0.000
U 325 | F 665600 | FPS 0022 | D 26920 | rR:mu sigma m M 0.00 0.00 0.00 0.00 | F:mu sigma m M 160.3 105.5 12.0 388.0 | H 1.099 | V 0.001 | pL 0.000 | vL 0.000 | delta 0.000
U 326 | F 667648 | FPS 0022 | D 27014 | rR:mu sigma m M 0.04 0.14 0.00 0.57 | F:mu sigma m M 140.9 110.4 12.0 426.0 | H 1.095 | V 0.007 | pL -0.005 | vL 0.001 | delta 0.005
U 327 | F 669696 | FPS 0021 | D 27111 | rR:mu sigma m M 0.04 0.14 0.00 0.57 | F:mu sigma m M 193.1 104.7 45.0 426.0 | H 1.098 | V 0.001 | pL 0.000 | vL 0.000 | delta 0.001
U 328 | F 671744 | FPS 0022 | D 27204 | rR:mu sigma m M 0.00 0.00 0.00 0.00 | F:mu sigma m M 165.2 122.1 42.0 509.0 | H 1.098 | V 0.001 | pL 0.000 | vL 0.000 | delta 0.001
U 329 | F 673792 | FPS 0024 | D 27288 | rR:mu sigma m M 0.00 0.00 0.00 0.00 | F:mu sigma m M 132.7 126.6 29.0 509.0 | H 1.098 | V -0.001 | pL -0.000 | vL 0.000 | delta 0.000
U 330 | F 675840 | FPS 0022 | D 27379 | rR:mu sigma m M 0.04 0.14 0.00 0.58 | F:mu sigma m M 142.7 112.7 29.0 418.0 | H 1.091 | V 0.005 | pL -0.005 | vL 0.000 | delta 0.008
U 331 | F 677888 | FPS 0021 | D 27476 | rR:mu sigma m M 0.04 0.14 0.00 0.58 | F:mu sigma m M 184.2 139.4 34.0 442.0 | H 1.098 | V 0.001 | pL 0.000 | vL 0.000 | delta 0.001
U 332 | F 679936 | FPS 0025 | D 27558 | rR:mu sigma m M 0.00 0.00 0.00 0.00 | F:mu sigma m M 186.3 156.4 12.0 539.0 | H 1.098 | V -0.000 | pL -0.000 | vL 0.000 | delta 0.001
U 333 | F 681984 | FPS 0023 | D 27646 | rR:mu sigma m M 0.00 0.00 0.00 0.00 | F:mu sigma m M 161.6 142.0 12.0 539.0 | H 1.098 | V -0.000 | pL -0.000 | vL 0.000 | delta 0.000
U 334 | F 684032 | FPS 0025 | D 27729 | rR:mu sigma m M 0.05 0.21 0.00 0.86 | F:mu sigma m M 218.3 204.1 40.0 735.0 | H 1.094 | V 0.009 | pL -0.007 | vL 0.001 | delta 0.012
U 335 | F 686080 | FPS 0024 | D 27815 | rR:mu sigma m M 0.05 0.21 0.00 0.86 | F:mu sigma m M 220.8 207.7 56.0 735.0 | H 1.091 | V 0.010 | pL -0.004 | vL 0.001 | delta 0.016
U 336 | F 688128 | FPS 0023 | D 27903 | rR:mu sigma m M 0.05 0.19 0.00 0.79 | F:mu sigma m M 199.9 176.4 41.0 799.0 | H 1.089 | V 0.022 | pL -0.000 | vL 0.001 | delta 0.012
U 337 | F 690176 | FPS 0026 | D 27983 | rR:mu sigma m M 0.06 0.22 0.00 0.89 | F:mu sigma m M 126.9 121.6 25.0 523.0 | H 1.087 | V 0.018 | pL -0.009 | vL 0.002 | delta 0.020
U 338 | F 692224 | FPS 0024 | D 28067 | rR:mu sigma m M 0.09 0.25 0.00 0.89 | F:mu sigma m M 119.5 112.2 19.0 432.0 | H 1.096 | V 0.010 | pL -0.003 | vL 0.000 | delta 0.008
U 339 | F 694272 | FPS 0025 | D 28148 | rR:mu sigma m M 0.00 0.00 0.00 0.00 | F:mu sigma m M 168.2 116.9 27.0 400.0 | H 1.096 | V 0.007 | pL 0.002 | vL 0.000 | delta 0.004
U 340 | F 696320 | FPS 0022 | D 28239 | rR:mu sigma m M 0.00 0.00 0.00 0.00 | F:mu sigma m M 151.7 153.5 36.0 693.0 | H 1.098 | V 0.005 | pL 0.000 | vL 0.000 | delta 0.001
U 341 | F 698368 | FPS 0024 | D 28323 | rR:mu sigma m M 0.00 0.00 0.00 0.00 | F:mu sigma m M 136.8 111.8 36.0 452.0 | H 1.097 | V 0.003 | pL 0.001 | vL 0.000 | delta 0.002
U 342 | F 700416 | FPS 0022 | D 28418 | rR:mu sigma m M 0.00 0.00 0.00 0.00 | F:mu sigma m M 214.4 150.2 30.0 566.0 | H 1.094 | V 0.009 | pL -0.001 | vL 0.000 | delta 0.004
U 343 | F 702464 | FPS 0021 | D 28515 | rR:mu sigma m M 0.00 0.00 0.00 0.00 | F:mu sigma m M 174.7 121.3 30.0 459.0 | H 1.096 | V 0.013 | pL 0.004 | vL 0.000 | delta 0.004
U 344 | F 704512 | FPS 0022 | D 28607 | rR:mu sigma m M 0.03 0.12 0.00 0.49 | F:mu sigma m M 250.4 129.0 49.0 515.0 | H 1.095 | V 0.011 | pL -0.002 | vL 0.001 | delta 0.008
U 345 | F 706560 | FPS 0026 | D 28688 | rR:mu sigma m M 0.00 0.00 0.00 0.00 | F:mu sigma m M 127.0 79.9 22.0 329.0 | H 1.097 | V 0.005 | pL 0.001 | vL 0.000 | delta 0.003
U 346 | F 708608 | FPS 0022 | D 28782 | rR:mu sigma m M 0.06 0.17 0.00 0.54 | F:mu sigma m M 190.9 139.6 26.0 518.0 | H 1.097 | V 0.010 | pL -0.008 | vL 0.001 | delta 0.008
U 347 | F 710656 | FPS 0020 | D 28884 | rR:mu sigma m M 0.05 0.21 0.00 0.87 | F:mu sigma m M 121.0 76.2 13.0 246.0 | H 1.097 | V 0.008 | pL -0.007 | vL 0.001 | delta 0.010
U 348 | F 712704 | FPS 0025 | D 28965 | rR:mu sigma m M 0.04 0.17 0.00 0.70 | F:mu sigma m M 158.6 118.9 12.0 434.0 | H 1.095 | V 0.014 | pL -0.004 | vL 0.000 | delta 0.009
U 349 | F 714752 | FPS 0024 | D 29049 | rR:mu sigma m M 0.11 0.28 0.00 0.92 | F:mu sigma m M 155.1 99.5 47.0 349.0 | H 1.090 | V 0.018 | pL -0.010 | vL 0.001 | delta 0.012
U 350 | F 716800 | FPS 0022 | D 29142 | rR:mu sigma m M 0.00 0.00 0.00 0.00 | F:mu sigma m M 133.1 79.7 26.0 325.0 | H 1.097 | V 0.002 | pL 0.000 | vL 0.000 | delta 0.002
U 351 | F 718848 | FPS 0027 | D 29218 | rR:mu sigma m M 0.04 0.17 0.00 0.71 | F:mu sigma m M 112.9 82.0 31.0 330.0 | H 1.089 | V 0.031 | pL 0.000 | vL 0.001 | delta 0.021
U 352 | F 720896 | FPS 0025 | D 29299 | rR:mu sigma m M 0.00 0.00 0.00 0.00 | F:mu sigma m M 117.5 98.7 31.0 316.0 | H 1.094 | V 0.013 | pL 0.000 | vL 0.000 | delta 0.008
U 353 | F 722944 | FPS 0026 | D 29378 | rR:mu sigma m M 0.00 0.00 0.00 0.00 | F:mu sigma m M 174.0 107.7 45.0 373.0 | H 1.093 | V 0.014 | pL 0.003 | vL 0.000 | delta 0.008
U 354 | F 724992 | FPS 0022 | D 29473 | rR:mu sigma m M 0.02 0.10 0.00 0.41 | F:mu sigma m M 166.8 182.0 26.0 594.0 | H 1.089 | V 0.023 | pL -0.007 | vL 0.001 | delta 0.012
U 355 | F 727040 | FPS 0028 | D 29546 | rR:mu sigma m M 0.12 0.25 0.00 0.79 | F:mu sigma m M 149.9 142.0 30.0 588.0 | H 1.091 | V 0.011 | pL -0.002 | vL 0.000 | delta 0.006
U 356 | F 729088 | FPS 0022 | D 29641 | rR:mu sigma m M 0.00 0.00 0.00 0.00 | F:mu sigma m M 127.6 81.4 16.0 294.0 | H 1.097 | V 0.003 | pL 0.000 | vL 0.000 | delta 0.001
U 357 | F 731136 | FPS 0024 | D 29725 | rR:mu sigma m M 0.03 0.13 0.00 0.56 | F:mu sigma m M 182.6 126.7 9.0 444.0 | H 1.091 | V 0.012 | pL -0.003 | vL 0.000 | delta 0.009
U 358 | F 733184 | FPS 0025 | D 29807 | rR:mu sigma m M 0.03 0.13 0.00 0.56 | F:mu sigma m M 208.9 200.7 9.0 832.0 | H 1.094 | V 0.005 | pL 0.001 | vL 0.000 | delta 0.003
U 359 | F 735232 | FPS 0024 | D 29891 | rR:mu sigma m M 0.00 0.00 0.00 0.00 | F:mu sigma m M 201.8 205.2 46.0 832.0 | H 1.085 | V 0.016 | pL 0.001 | vL 0.001 | delta 0.019
U 360 | F 737280 | FPS 0025 | D 29973 | rR:mu sigma m M 0.09 0.24 0.00 0.82 | F:mu sigma m M 166.0 160.9 22.0 600.0 | H 1.082 | V 0.028 | pL -0.007 | vL 0.001 | delta 0.021
U 361 | F 739328 | FPS 0025 | D 30055 | rR:mu sigma m M 0.11 0.28 0.00 0.89 | F:mu sigma m M 173.1 136.8 41.0 478.0 | H 1.082 | V 0.023 | pL -0.008 | vL 0.002 | delta 0.024
U 362 | F 741376 | FPS 0026 | D 30135 | rR:mu sigma m M 0.05 0.21 0.00 0.86 | F:mu sigma m M 186.9 136.3 55.0 532.0 | H 1.057 | V 0.039 | pL -0.009 | vL 0.002 | delta 0.029
U 363 | F 743424 | FPS 0028 | D 30208 | rR:mu sigma m M 0.11 0.29 0.00 0.95 | F:mu sigma m M 131.1 65.9 53.0 258.0 | H 1.062 | V 0.026 | pL -0.003 | vL 0.002 | delta 0.025
U 364 | F 745472 | FPS 0031 | D 30273 | rR:mu sigma m M 0.05 0.21 0.00 0.87 | F:mu sigma m M 142.8 65.9 48.0 263.0 | H 1.051 | V 0.043 | pL -0.010 | vL 0.003 | delta 0.043
U 365 | F 747520 | FPS 0034 | D 30333 | rR:mu sigma m M 0.09 0.24 0.00 0.84 | F:mu sigma m M 126.1 112.4 14.0 489.0 | H 1.035 | V 0.067 | pL 0.000 | vL 0.003 | delta 0.028
U 366 | F 749568 | FPS 0031 | D 30399 | rR:mu sigma m M 0.21 0.36 0.00 0.88 | F:mu sigma m M 118.7 78.3 31.0 343.0 | H 0.983 | V 0.146 | pL -0.008 | vL 0.007 | delta 0.049
U 367 | F 751616 | FPS 0033 | D 30461 | rR:mu sigma m M 0.35 0.41 0.00 0.90 | F:mu sigma m M 119.3 77.5 26.0 288.0 | H 0.935 | V 0.214 | pL -0.017 | vL 0.006 | delta 0.039
U 368 | F 753664 | FPS 0035 | D 30519 | rR:mu sigma m M 0.20 0.37 0.00 0.92 | F:mu sigma m M 76.6 50.2 21.0 222.0 | H 0.988 | V 0.144 | pL -0.009 | vL 0.005 | delta 0.042
U 369 | F 755712 | FPS 0036 | D 30576 | rR:mu sigma m M 0.37 0.42 0.00 0.90 | F:mu sigma m M 105.1 53.5 17.0 235.0 | H 0.931 | V 0.212 | pL -0.027 | vL 0.007 | delta 0.048
U 370 | F 757760 | FPS 0038 | D 30630 | rR:mu sigma m M 0.35 0.43 0.00 0.96 | F:mu sigma m M 85.8 42.8 15.0 190.0 | H 0.891 | V 0.256 | pL -0.024 | vL 0.012 | delta 0.080
U 371 | F 759808 | FPS 0042 | D 30679 | rR:mu sigma m M 0.53 0.45 0.00 0.94 | F:mu sigma m M 81.5 36.4 16.0 189.0 | H 0.868 | V 0.332 | pL -0.024 | vL 0.016 | delta 0.083
U 372 | F 761856 | FPS 0044 | D 30726 | rR:mu sigma m M 0.62 0.41 0.00 0.96 | F:mu sigma m M 90.3 59.9 11.0 306.0 | H 0.765 | V 0.411 | pL -0.046 | vL 0.013 | delta 0.078
U 373 | F 763904 | FPS 0049 | D 30768 | rR:mu sigma m M 0.76 0.36 0.00 0.96 | F:mu sigma m M 63.2 29.4 11.0 147.0 | H 0.688 | V 0.471 | pL -0.083 | vL 0.012 | delta 0.091
U 374 | F 765952 | FPS 0050 | D 30809 | rR:mu sigma m M 0.83 0.28 0.00 0.97 | F:mu sigma m M 69.0 26.6 29.0 142.0 | H 0.695 | V 0.492 | pL -0.059 | vL 0.008 | delta 0.070
U 375 | F 768000 | FPS 0052 | D 30848 | rR:mu sigma m M 0.89 0.21 0.00 0.97 | F:mu sigma m M 61.7 25.9 32.0 173.0 | H 0.624 | V 0.621 | pL -0.073 | vL 0.008 | delta 0.072
U 376 | F 770048 | FPS 0055 | D 30886 | rR:mu sigma m M 0.95 0.01 0.92 0.97 | F:mu sigma m M 47.0 11.2 28.0 79.0 | H 0.558 | V 0.684 | pL -0.079 | vL 0.003 | delta 0.080
agent reach optimality, start collecting trajectories
agent successfully collected 10 trajectories
pickling optimal trajectories
Model successfully saved
/home/rdali/.local/easybuild/software/2017/Core/miniconda3/4.3.27/envs/observe/lib/python3.6/site-packages/torch/nn/functional.py:1906: UserWarning: reduction: 'mean' divides the total loss by both the batch size and the support size.'batchmean' divides only by the batch size, and aligns with the KL div math definition.'mean' will be changed to behave the same as 'batchmean' in the next major release.
  warnings.warn("reduction: 'mean' divides the total loss by both the batch size and the support size."
