The following modules were not unloaded:
  (Use "module --force purge" to unload all):

  1) StdEnv/2018.3     4) gcccore/.7.3.0      7) intel/2018.3
  2) nixpkgs/16.09     5) icc/.2018.3.222     8) openmpi/3.1.2
  3) imkl/2018.3.222   6) ifort/.2018.3.222

Due to MODULEPATH changes, the following have been reloaded:
  1) openmpi/3.1.2

Attention: While Conda works well in a desktop environment, it tends to create more problems than it solves on a cluster. Instead, we recommend that users use virtual environments and the binary packages that we provide through Python wheels as documented on the Python page.
/home/rdali/RL/watch_and_learn/dependency/rl-starter-files/scripts/train_agent_multidem.py --env MiniGrid-LavaCrossingAddictO8S15-v0 --algo ppo --nameDemonstrator LavaCrossing1508Addict1,LavaCrossing1508Addict2,LavaCrossing1508Addict3,LavaCrossing1508Addict4,LavaCrossing1508Addict10,LavaCrossing1508Addict11,LavaCrossing1508Addict12,LavaCrossing1508Addict13 --flat-model 0 --KLweight 0.001 --useKL 1 --meanReward 0.80 --rewardLB 0.70 --seed 9452

Namespace(KLweight=0.001, algo='ppo', batch_size=256, clip_eps=0.2, discount=0.99, entropy_coef=0.01, env='MiniGrid-LavaCrossingAddictO8S15-v0', epochs=4, flat_model=0, frames=10000000, frames_per_proc=None, full_obs=0, gae_lambda=0.95, log_interval=1, lr=0.0007, max_grad_norm=0.5, meanReward=0.8, mem=False, model=None, nameDemonstrator='LavaCrossing1508Addict1,LavaCrossing1508Addict2,LavaCrossing1508Addict3,LavaCrossing1508Addict4,LavaCrossing1508Addict10,LavaCrossing1508Addict11,LavaCrossing1508Addict12,LavaCrossing1508Addict13', optim_alpha=0.99, optim_eps=1e-05, procs=16, recurrence=1, rewardLB=0.7, save_interval=0, seed=9452, tb=False, text=False, useKL=1, value_loss_coef=0.5)

Flat model successfully created

ACModel(
  (image_conv): Sequential(
    (0): Conv2d(3, 32, kernel_size=(2, 2), stride=(1, 1))
    (1): ReLU()
    (2): MaxPool2d(kernel_size=(2, 2), stride=(2, 2), padding=0, dilation=1, ceil_mode=False)
    (3): Conv2d(32, 64, kernel_size=(2, 2), stride=(1, 1))
    (4): ReLU()
    (5): Conv2d(64, 64, kernel_size=(2, 2), stride=(1, 1))
    (6): ReLU()
  )
  (actor): Sequential(
    (0): Linear(in_features=1600, out_features=64, bias=True)
    (1): Tanh()
    (2): Linear(in_features=64, out_features=3, bias=True)
  )
  (critic): Sequential(
    (0): Linear(in_features=1600, out_features=64, bias=True)
    (1): Tanh()
    (2): Linear(in_features=64, out_features=1, bias=True)
  )
)

CUDA available: False

1
True
0.001
Using TensorFlow backend.
OMP: Info #212: KMP_AFFINITY: decoding x2APIC ids.
OMP: Info #210: KMP_AFFINITY: Affinity capable, using global cpuid leaf 11 info
OMP: Info #154: KMP_AFFINITY: Initial OS proc set respected: 22,25,27,29,31
OMP: Info #156: KMP_AFFINITY: 5 available OS procs
OMP: Info #158: KMP_AFFINITY: Nonuniform topology
OMP: Info #179: KMP_AFFINITY: 2 packages x 4 cores/pkg x 1 threads/core (5 total cores)
OMP: Info #214: KMP_AFFINITY: OS proc to physical thread map:
OMP: Info #171: KMP_AFFINITY: OS proc 22 maps to package 0 core 20 
OMP: Info #171: KMP_AFFINITY: OS proc 25 maps to package 1 core 17 
OMP: Info #171: KMP_AFFINITY: OS proc 29 maps to package 1 core 18 
OMP: Info #171: KMP_AFFINITY: OS proc 27 maps to package 1 core 19 
OMP: Info #171: KMP_AFFINITY: OS proc 31 maps to package 1 core 28 
OMP: Info #250: KMP_AFFINITY: pid 384527 tid 384527 thread 0 bound to OS proc set 22
OMP: Info #250: KMP_AFFINITY: pid 384527 tid 384657 thread 2 bound to OS proc set 29
OMP: Info #250: KMP_AFFINITY: pid 384527 tid 384658 thread 3 bound to OS proc set 27
OMP: Info #250: KMP_AFFINITY: pid 384527 tid 384659 thread 4 bound to OS proc set 31
OMP: Info #250: KMP_AFFINITY: pid 384527 tid 384656 thread 1 bound to OS proc set 25
OMP: Info #250: KMP_AFFINITY: pid 384527 tid 384760 thread 5 bound to OS proc set 22
OMP: Info #250: KMP_AFFINITY: pid 384527 tid 384759 thread 6 bound to OS proc set 25
OMP: Info #250: KMP_AFFINITY: pid 384527 tid 384778 thread 7 bound to OS proc set 29
OMP: Info #250: KMP_AFFINITY: pid 384527 tid 384779 thread 8 bound to OS proc set 27
OMP: Info #250: KMP_AFFINITY: pid 384527 tid 384780 thread 9 bound to OS proc set 31
OMP: Info #250: KMP_AFFINITY: pid 384527 tid 384781 thread 10 bound to OS proc set 22
OMP: Info #250: KMP_AFFINITY: pid 384527 tid 384816 thread 11 bound to OS proc set 25
OMP: Info #250: KMP_AFFINITY: pid 384527 tid 384817 thread 12 bound to OS proc set 29
OMP: Info #250: KMP_AFFINITY: pid 384527 tid 384818 thread 13 bound to OS proc set 27
OMP: Info #250: KMP_AFFINITY: pid 384527 tid 384819 thread 14 bound to OS proc set 31
OMP: Info #250: KMP_AFFINITY: pid 384527 tid 384820 thread 15 bound to OS proc set 22
U 1 | F 002048 | FPS 0024 | D 84 | rR:mu sigma m M 0.00 0.00 0.00 0.00 | F:mu sigma m M 29.9 35.4 0.0 98.0 | H 1.072 | V -0.199 | pL -0.050 | vL 0.002 | delta 0.069
U 2 | F 004096 | FPS 0030 | D 154 | rR:mu sigma m M 0.00 0.00 0.00 0.00 | F:mu sigma m M 115.2 70.5 10.0 228.0 | H 1.077 | V -0.166 | pL -0.045 | vL 0.001 | delta 0.031
U 3 | F 006144 | FPS 0037 | D 209 | rR:mu sigma m M 0.00 0.00 0.00 0.00 | F:mu sigma m M 126.8 99.4 14.0 325.0 | H 1.072 | V -0.127 | pL -0.045 | vL 0.001 | delta 0.024
U 4 | F 008192 | FPS 0041 | D 259 | rR:mu sigma m M 0.00 0.00 0.00 0.00 | F:mu sigma m M 137.8 139.6 20.0 505.0 | H 1.073 | V -0.102 | pL -0.030 | vL 0.001 | delta 0.013
U 5 | F 010240 | FPS 0036 | D 316 | rR:mu sigma m M 0.00 0.00 0.00 0.00 | F:mu sigma m M 120.3 93.1 11.0 311.0 | H 1.085 | V -0.070 | pL -0.029 | vL 0.000 | delta 0.013
U 6 | F 012288 | FPS 0038 | D 369 | rR:mu sigma m M 0.00 0.00 0.00 0.00 | F:mu sigma m M 83.0 56.9 11.0 252.0 | H 1.094 | V -0.047 | pL -0.020 | vL 0.000 | delta 0.009
U 7 | F 014336 | FPS 0033 | D 432 | rR:mu sigma m M 0.00 0.00 0.00 0.00 | F:mu sigma m M 79.6 44.1 29.0 177.0 | H 1.093 | V -0.041 | pL -0.013 | vL 0.000 | delta 0.007
U 8 | F 016384 | FPS 0035 | D 490 | rR:mu sigma m M 0.00 0.00 0.00 0.00 | F:mu sigma m M 119.8 77.1 10.0 319.0 | H 1.096 | V -0.026 | pL -0.010 | vL 0.000 | delta 0.005
U 9 | F 018432 | FPS 0032 | D 555 | rR:mu sigma m M 0.00 0.00 0.00 0.00 | F:mu sigma m M 120.6 82.1 30.0 319.0 | H 1.098 | V -0.019 | pL -0.007 | vL 0.000 | delta 0.002
U 10 | F 020480 | FPS 0029 | D 626 | rR:mu sigma m M 0.00 0.00 0.00 0.00 | F:mu sigma m M 137.8 89.9 30.0 335.0 | H 1.098 | V -0.015 | pL -0.004 | vL 0.000 | delta 0.002
U 11 | F 022528 | FPS 0027 | D 701 | rR:mu sigma m M 0.00 0.00 0.00 0.00 | F:mu sigma m M 187.7 145.6 45.0 645.0 | H 1.098 | V -0.011 | pL -0.003 | vL 0.000 | delta 0.001
U 12 | F 024576 | FPS 0030 | D 769 | rR:mu sigma m M 0.00 0.00 0.00 0.00 | F:mu sigma m M 205.1 163.6 18.0 645.0 | H 1.099 | V -0.007 | pL -0.002 | vL 0.000 | delta 0.001
U 13 | F 026624 | FPS 0025 | D 851 | rR:mu sigma m M 0.00 0.00 0.00 0.00 | F:mu sigma m M 140.3 141.9 24.0 559.0 | H 1.098 | V -0.005 | pL -0.002 | vL 0.000 | delta 0.001
U 14 | F 028672 | FPS 0032 | D 915 | rR:mu sigma m M 0.00 0.00 0.00 0.00 | F:mu sigma m M 133.6 151.9 40.0 721.0 | H 1.098 | V -0.004 | pL -0.001 | vL 0.000 | delta 0.000
U 15 | F 030720 | FPS 0029 | D 987 | rR:mu sigma m M 0.00 0.00 0.00 0.00 | F:mu sigma m M 152.4 98.0 46.0 439.0 | H 1.098 | V -0.003 | pL -0.001 | vL 0.000 | delta 0.000
U 16 | F 032768 | FPS 0029 | D 1059 | rR:mu sigma m M 0.00 0.00 0.00 0.00 | F:mu sigma m M 158.4 93.6 59.0 375.0 | H 1.098 | V -0.002 | pL -0.000 | vL 0.000 | delta 0.000
U 17 | F 034816 | FPS 0025 | D 1141 | rR:mu sigma m M 0.00 0.00 0.00 0.00 | F:mu sigma m M 187.1 104.4 37.0 344.0 | H 1.099 | V -0.002 | pL -0.000 | vL 0.000 | delta 0.000
U 18 | F 036864 | FPS 0027 | D 1216 | rR:mu sigma m M 0.00 0.00 0.00 0.00 | F:mu sigma m M 192.2 120.1 22.0 418.0 | H 1.099 | V -0.001 | pL -0.000 | vL 0.000 | delta 0.000
U 19 | F 038912 | FPS 0031 | D 1281 | rR:mu sigma m M 0.00 0.00 0.00 0.00 | F:mu sigma m M 135.4 105.6 21.0 373.0 | H 1.099 | V -0.001 | pL -0.000 | vL 0.000 | delta 0.001
U 20 | F 040960 | FPS 0031 | D 1347 | rR:mu sigma m M 0.00 0.00 0.00 0.00 | F:mu sigma m M 182.6 107.2 21.0 382.0 | H 1.099 | V -0.001 | pL -0.000 | vL 0.000 | delta 0.000
U 21 | F 043008 | FPS 0026 | D 1426 | rR:mu sigma m M 0.00 0.00 0.00 0.00 | F:mu sigma m M 191.0 118.5 16.0 455.0 | H 1.099 | V -0.001 | pL -0.000 | vL 0.000 | delta 0.000
U 22 | F 045056 | FPS 0023 | D 1513 | rR:mu sigma m M 0.00 0.00 0.00 0.00 | F:mu sigma m M 176.5 142.5 16.0 622.0 | H 1.099 | V -0.000 | pL -0.000 | vL 0.000 | delta 0.000
U 23 | F 047104 | FPS 0029 | D 1583 | rR:mu sigma m M 0.00 0.00 0.00 0.00 | F:mu sigma m M 216.8 236.4 10.0 791.0 | H 1.099 | V -0.000 | pL -0.000 | vL 0.000 | delta 0.000
U 24 | F 049152 | FPS 0027 | D 1658 | rR:mu sigma m M 0.00 0.00 0.00 0.00 | F:mu sigma m M 128.4 135.4 14.0 522.0 | H 1.099 | V -0.000 | pL -0.000 | vL 0.000 | delta 0.000
U 25 | F 051200 | FPS 0027 | D 1734 | rR:mu sigma m M 0.05 0.20 0.00 0.81 | F:mu sigma m M 182.2 90.4 33.0 358.0 | H 1.098 | V -0.000 | pL -0.001 | vL 0.000 | delta 0.002
U 26 | F 053248 | FPS 0029 | D 1805 | rR:mu sigma m M 0.00 0.00 0.00 0.00 | F:mu sigma m M 191.9 126.7 36.0 539.0 | H 1.098 | V 0.001 | pL 0.000 | vL 0.000 | delta 0.000
U 27 | F 055296 | FPS 0029 | D 1875 | rR:mu sigma m M 0.00 0.00 0.00 0.00 | F:mu sigma m M 193.0 148.3 36.0 539.0 | H 1.099 | V 0.001 | pL 0.000 | vL 0.000 | delta 0.000
U 28 | F 057344 | FPS 0030 | D 1944 | rR:mu sigma m M 0.00 0.00 0.00 0.00 | F:mu sigma m M 150.9 97.4 30.0 409.0 | H 1.099 | V 0.001 | pL 0.000 | vL 0.000 | delta 0.000
U 29 | F 059392 | FPS 0028 | D 2018 | rR:mu sigma m M 0.00 0.00 0.00 0.00 | F:mu sigma m M 159.4 125.7 38.0 489.0 | H 1.099 | V 0.001 | pL 0.000 | vL 0.000 | delta 0.000
U 30 | F 061440 | FPS 0030 | D 2087 | rR:mu sigma m M 0.00 0.00 0.00 0.00 | F:mu sigma m M 187.8 212.6 10.0 881.0 | H 1.099 | V 0.000 | pL 0.000 | vL 0.000 | delta 0.000
U 31 | F 063488 | FPS 0027 | D 2162 | rR:mu sigma m M 0.00 0.00 0.00 0.00 | F:mu sigma m M 111.0 94.6 11.0 327.0 | H 1.099 | V 0.000 | pL 0.000 | vL 0.000 | delta 0.000
U 32 | F 065536 | FPS 0029 | D 2232 | rR:mu sigma m M 0.00 0.00 0.00 0.00 | F:mu sigma m M 184.9 124.1 11.0 454.0 | H 1.099 | V 0.000 | pL 0.000 | vL 0.000 | delta 0.000
U 33 | F 067584 | FPS 0029 | D 2302 | rR:mu sigma m M 0.00 0.00 0.00 0.00 | F:mu sigma m M 201.2 161.4 36.0 621.0 | H 1.099 | V 0.000 | pL 0.000 | vL 0.000 | delta 0.000
U 34 | F 069632 | FPS 0026 | D 2381 | rR:mu sigma m M 0.00 0.00 0.00 0.00 | F:mu sigma m M 124.9 93.3 16.0 333.0 | H 1.099 | V 0.000 | pL 0.000 | vL 0.000 | delta 0.000
U 35 | F 071680 | FPS 0029 | D 2453 | rR:mu sigma m M 0.00 0.00 0.00 0.00 | F:mu sigma m M 133.4 72.4 51.0 343.0 | H 1.099 | V 0.000 | pL -0.000 | vL 0.000 | delta 0.000
U 36 | F 073728 | FPS 0030 | D 2521 | rR:mu sigma m M 0.00 0.00 0.00 0.00 | F:mu sigma m M 146.8 106.1 23.0 394.0 | H 1.099 | V 0.000 | pL -0.000 | vL 0.000 | delta 0.000
U 37 | F 075776 | FPS 0025 | D 2601 | rR:mu sigma m M 0.00 0.00 0.00 0.00 | F:mu sigma m M 159.0 95.2 36.0 394.0 | H 1.099 | V 0.000 | pL -0.000 | vL 0.000 | delta 0.000
U 38 | F 077824 | FPS 0029 | D 2671 | rR:mu sigma m M 0.00 0.00 0.00 0.00 | F:mu sigma m M 206.1 202.7 34.0 900.0 | H 1.099 | V 0.000 | pL 0.000 | vL 0.000 | delta 0.000
U 39 | F 079872 | FPS 0028 | D 2743 | rR:mu sigma m M 0.00 0.00 0.00 0.00 | F:mu sigma m M 147.8 109.6 26.0 335.0 | H 1.099 | V 0.000 | pL 0.000 | vL 0.000 | delta 0.000
U 40 | F 081920 | FPS 0029 | D 2814 | rR:mu sigma m M 0.00 0.00 0.00 0.00 | F:mu sigma m M 157.2 140.5 37.0 608.0 | H 1.099 | V 0.000 | pL 0.000 | vL 0.000 | delta 0.000
U 41 | F 083968 | FPS 0028 | D 2889 | rR:mu sigma m M 0.00 0.00 0.00 0.00 | F:mu sigma m M 131.4 94.3 17.0 376.0 | H 1.099 | V 0.000 | pL 0.000 | vL 0.000 | delta 0.000
U 42 | F 086016 | FPS 0027 | D 2964 | rR:mu sigma m M 0.00 0.00 0.00 0.00 | F:mu sigma m M 224.9 176.2 17.0 669.0 | H 1.099 | V 0.000 | pL 0.000 | vL 0.000 | delta 0.000
U 43 | F 088064 | FPS 0027 | D 3041 | rR:mu sigma m M 0.00 0.00 0.00 0.00 | F:mu sigma m M 177.1 112.3 71.0 479.0 | H 1.099 | V 0.000 | pL -0.000 | vL 0.000 | delta 0.000
U 44 | F 090112 | FPS 0028 | D 3114 | rR:mu sigma m M 0.05 0.20 0.00 0.83 | F:mu sigma m M 112.4 86.7 24.0 321.0 | H 1.098 | V 0.004 | pL -0.007 | vL 0.001 | delta 0.029
U 45 | F 092160 | FPS 0030 | D 3183 | rR:mu sigma m M 0.00 0.00 0.00 0.00 | F:mu sigma m M 171.2 137.8 45.0 540.0 | H 1.099 | V 0.004 | pL 0.001 | vL 0.000 | delta 0.001
U 46 | F 094208 | FPS 0027 | D 3258 | rR:mu sigma m M 0.00 0.00 0.00 0.00 | F:mu sigma m M 160.0 129.5 45.0 540.0 | H 1.098 | V 0.005 | pL 0.001 | vL 0.000 | delta 0.002
U 47 | F 096256 | FPS 0029 | D 3327 | rR:mu sigma m M 0.00 0.00 0.00 0.00 | F:mu sigma m M 196.7 141.9 7.0 547.0 | H 1.098 | V 0.005 | pL 0.001 | vL 0.000 | delta 0.001
U 48 | F 098304 | FPS 0028 | D 3400 | rR:mu sigma m M 0.00 0.00 0.00 0.00 | F:mu sigma m M 232.8 164.3 43.0 600.0 | H 1.099 | V 0.003 | pL 0.001 | vL 0.000 | delta 0.001
U 49 | F 100352 | FPS 0026 | D 3480 | rR:mu sigma m M 0.00 0.00 0.00 0.00 | F:mu sigma m M 125.8 86.2 21.0 274.0 | H 1.099 | V 0.002 | pL 0.000 | vL 0.000 | delta 0.000
U 50 | F 102400 | FPS 0028 | D 3553 | rR:mu sigma m M 0.00 0.00 0.00 0.00 | F:mu sigma m M 133.3 90.5 17.0 274.0 | H 1.099 | V 0.002 | pL 0.000 | vL 0.000 | delta 0.000
U 51 | F 104448 | FPS 0027 | D 3629 | rR:mu sigma m M 0.00 0.00 0.00 0.00 | F:mu sigma m M 180.6 206.3 17.0 900.0 | H 1.099 | V 0.001 | pL 0.000 | vL 0.000 | delta 0.000
U 52 | F 106496 | FPS 0030 | D 3697 | rR:mu sigma m M 0.00 0.00 0.00 0.00 | F:mu sigma m M 219.8 203.1 19.0 900.0 | H 1.099 | V 0.001 | pL 0.000 | vL 0.000 | delta 0.000
U 53 | F 108544 | FPS 0027 | D 3773 | rR:mu sigma m M 0.00 0.00 0.00 0.00 | F:mu sigma m M 170.2 148.6 29.0 576.0 | H 1.099 | V 0.001 | pL 0.000 | vL 0.000 | delta 0.000
U 54 | F 110592 | FPS 0030 | D 3842 | rR:mu sigma m M 0.05 0.21 0.00 0.85 | F:mu sigma m M 103.1 57.0 20.0 201.0 | H 1.098 | V 0.005 | pL -0.005 | vL 0.001 | delta 0.015
U 55 | F 112640 | FPS 0032 | D 3907 | rR:mu sigma m M 0.00 0.00 0.00 0.00 | F:mu sigma m M 131.9 117.9 20.0 442.0 | H 1.099 | V -0.005 | pL -0.001 | vL 0.000 | delta 0.001
U 56 | F 114688 | FPS 0027 | D 3981 | rR:mu sigma m M 0.00 0.00 0.00 0.00 | F:mu sigma m M 220.6 161.8 50.0 655.0 | H 1.097 | V -0.003 | pL -0.001 | vL 0.000 | delta 0.003
U 57 | F 116736 | FPS 0029 | D 4052 | rR:mu sigma m M 0.00 0.00 0.00 0.00 | F:mu sigma m M 139.6 104.3 28.0 424.0 | H 1.098 | V -0.002 | pL -0.000 | vL 0.000 | delta 0.002
U 58 | F 118784 | FPS 0030 | D 4120 | rR:mu sigma m M 0.00 0.00 0.00 0.00 | F:mu sigma m M 154.5 209.5 9.0 884.0 | H 1.099 | V -0.002 | pL -0.001 | vL 0.000 | delta 0.000
U 59 | F 120832 | FPS 0028 | D 4194 | rR:mu sigma m M 0.00 0.00 0.00 0.00 | F:mu sigma m M 174.1 120.5 45.0 442.0 | H 1.099 | V -0.002 | pL -0.000 | vL 0.000 | delta 0.000
U 60 | F 122880 | FPS 0031 | D 4259 | rR:mu sigma m M 0.00 0.00 0.00 0.00 | F:mu sigma m M 191.3 136.9 34.0 467.0 | H 1.099 | V -0.001 | pL -0.000 | vL 0.000 | delta 0.000
U 61 | F 124928 | FPS 0027 | D 4334 | rR:mu sigma m M 0.00 0.00 0.00 0.00 | F:mu sigma m M 197.7 148.2 34.0 467.0 | H 1.099 | V -0.001 | pL -0.000 | vL 0.000 | delta 0.000
U 62 | F 126976 | FPS 0029 | D 4405 | rR:mu sigma m M 0.00 0.00 0.00 0.00 | F:mu sigma m M 238.2 162.8 25.0 567.0 | H 1.099 | V -0.001 | pL -0.000 | vL 0.000 | delta 0.000
U 63 | F 129024 | FPS 0028 | D 4480 | rR:mu sigma m M 0.00 0.00 0.00 0.00 | F:mu sigma m M 166.5 139.6 25.0 567.0 | H 1.099 | V -0.000 | pL -0.000 | vL 0.000 | delta 0.000
U 64 | F 131072 | FPS 0030 | D 4549 | rR:mu sigma m M 0.00 0.00 0.00 0.00 | F:mu sigma m M 160.9 118.3 47.0 445.0 | H 1.099 | V -0.000 | pL -0.000 | vL 0.000 | delta 0.000
U 65 | F 133120 | FPS 0028 | D 4623 | rR:mu sigma m M 0.00 0.00 0.00 0.00 | F:mu sigma m M 202.8 179.4 27.0 655.0 | H 1.099 | V -0.000 | pL -0.000 | vL 0.000 | delta 0.000
U 66 | F 135168 | FPS 0027 | D 4697 | rR:mu sigma m M 0.00 0.00 0.00 0.00 | F:mu sigma m M 272.0 278.3 18.0 900.0 | H 1.099 | V -0.000 | pL -0.000 | vL 0.000 | delta 0.000
U 67 | F 137216 | FPS 0029 | D 4768 | rR:mu sigma m M 0.00 0.00 0.00 0.00 | F:mu sigma m M 170.5 166.1 18.0 688.0 | H 1.099 | V -0.000 | pL -0.000 | vL 0.000 | delta 0.000
U 68 | F 139264 | FPS 0027 | D 4843 | rR:mu sigma m M 0.00 0.00 0.00 0.00 | F:mu sigma m M 171.0 138.7 15.0 548.0 | H 1.099 | V -0.000 | pL -0.000 | vL 0.000 | delta 0.000
U 69 | F 141312 | FPS 0030 | D 4912 | rR:mu sigma m M 0.00 0.00 0.00 0.00 | F:mu sigma m M 151.2 88.7 36.0 321.0 | H 1.099 | V 0.000 | pL 0.000 | vL 0.000 | delta 0.001
U 70 | F 143360 | FPS 0029 | D 4983 | rR:mu sigma m M 0.00 0.00 0.00 0.00 | F:mu sigma m M 142.8 103.8 36.0 428.0 | H 1.099 | V 0.002 | pL 0.001 | vL 0.000 | delta 0.001
U 71 | F 145408 | FPS 0026 | D 5062 | rR:mu sigma m M 0.00 0.00 0.00 0.00 | F:mu sigma m M 227.1 198.1 60.0 726.0 | H 1.099 | V -0.000 | pL -0.000 | vL 0.000 | delta 0.000
U 72 | F 147456 | FPS 0027 | D 5137 | rR:mu sigma m M 0.00 0.00 0.00 0.00 | F:mu sigma m M 254.8 206.7 62.0 726.0 | H 1.099 | V -0.000 | pL 0.000 | vL 0.000 | delta 0.000
U 73 | F 149504 | FPS 0029 | D 5208 | rR:mu sigma m M 0.00 0.00 0.00 0.00 | F:mu sigma m M 195.2 138.9 62.0 639.0 | H 1.099 | V 0.001 | pL -0.000 | vL 0.000 | delta 0.000
U 74 | F 151552 | FPS 0030 | D 5277 | rR:mu sigma m M 0.00 0.00 0.00 0.00 | F:mu sigma m M 190.4 153.5 21.0 639.0 | H 1.099 | V 0.000 | pL 0.000 | vL 0.000 | delta 0.000
U 75 | F 153600 | FPS 0030 | D 5344 | rR:mu sigma m M 0.00 0.00 0.00 0.00 | F:mu sigma m M 111.1 74.3 25.0 259.0 | H 1.099 | V 0.000 | pL 0.000 | vL 0.000 | delta 0.000
U 76 | F 155648 | FPS 0029 | D 5415 | rR:mu sigma m M 0.00 0.00 0.00 0.00 | F:mu sigma m M 100.8 80.7 25.0 318.0 | H 1.099 | V 0.000 | pL -0.000 | vL 0.000 | delta 0.000
U 77 | F 157696 | FPS 0030 | D 5484 | rR:mu sigma m M 0.00 0.00 0.00 0.00 | F:mu sigma m M 201.4 162.6 25.0 537.0 | H 1.099 | V 0.000 | pL -0.000 | vL 0.000 | delta 0.000
U 78 | F 159744 | FPS 0030 | D 5552 | rR:mu sigma m M 0.00 0.00 0.00 0.00 | F:mu sigma m M 163.3 161.0 18.0 598.0 | H 1.099 | V 0.000 | pL 0.000 | vL 0.000 | delta 0.000
U 79 | F 161792 | FPS 0026 | D 5629 | rR:mu sigma m M 0.00 0.00 0.00 0.00 | F:mu sigma m M 131.3 133.1 18.0 566.0 | H 1.099 | V 0.000 | pL 0.000 | vL 0.000 | delta 0.000
U 80 | F 163840 | FPS 0026 | D 5709 | rR:mu sigma m M 0.00 0.00 0.00 0.00 | F:mu sigma m M 222.1 215.8 19.0 900.0 | H 1.099 | V 0.000 | pL -0.000 | vL 0.000 | delta 0.000
U 81 | F 165888 | FPS 0027 | D 5786 | rR:mu sigma m M 0.00 0.00 0.00 0.00 | F:mu sigma m M 182.6 143.4 31.0 597.0 | H 1.099 | V 0.000 | pL -0.000 | vL 0.000 | delta 0.000
U 82 | F 167936 | FPS 0029 | D 5857 | rR:mu sigma m M 0.00 0.00 0.00 0.00 | F:mu sigma m M 130.9 86.6 27.0 291.0 | H 1.099 | V 0.001 | pL 0.000 | vL 0.000 | delta 0.000
U 83 | F 169984 | FPS 0029 | D 5926 | rR:mu sigma m M 0.05 0.18 0.00 0.73 | F:mu sigma m M 189.6 115.6 46.0 401.0 | H 1.095 | V 0.003 | pL -0.006 | vL 0.001 | delta 0.014
U 84 | F 172032 | FPS 0029 | D 5997 | rR:mu sigma m M 0.00 0.00 0.00 0.00 | F:mu sigma m M 177.1 142.2 55.0 613.0 | H 1.098 | V 0.002 | pL 0.001 | vL 0.000 | delta 0.001
U 85 | F 174080 | FPS 0028 | D 6070 | rR:mu sigma m M 0.00 0.00 0.00 0.00 | F:mu sigma m M 216.1 194.4 37.0 841.0 | H 1.099 | V 0.002 | pL 0.000 | vL 0.000 | delta 0.001
U 86 | F 176128 | FPS 0028 | D 6144 | rR:mu sigma m M 0.00 0.00 0.00 0.00 | F:mu sigma m M 202.7 199.6 18.0 841.0 | H 1.099 | V 0.001 | pL 0.000 | vL 0.000 | delta 0.001
U 87 | F 178176 | FPS 0032 | D 6209 | rR:mu sigma m M 0.00 0.00 0.00 0.00 | F:mu sigma m M 154.5 133.0 18.0 566.0 | H 1.099 | V 0.001 | pL 0.000 | vL 0.000 | delta 0.000
U 88 | F 180224 | FPS 0029 | D 6279 | rR:mu sigma m M 0.00 0.00 0.00 0.00 | F:mu sigma m M 192.2 157.2 24.0 566.0 | H 1.099 | V 0.001 | pL 0.000 | vL 0.000 | delta 0.000
U 89 | F 182272 | FPS 0028 | D 6352 | rR:mu sigma m M 0.00 0.00 0.00 0.00 | F:mu sigma m M 210.7 130.5 48.0 499.0 | H 1.099 | V 0.001 | pL 0.000 | vL 0.000 | delta 0.000
U 90 | F 184320 | FPS 0027 | D 6427 | rR:mu sigma m M 0.00 0.00 0.00 0.00 | F:mu sigma m M 252.4 155.0 81.0 560.0 | H 1.099 | V 0.001 | pL 0.000 | vL 0.000 | delta 0.000
U 91 | F 186368 | FPS 0027 | D 6502 | rR:mu sigma m M 0.00 0.00 0.00 0.00 | F:mu sigma m M 300.6 238.6 52.0 850.0 | H 1.099 | V 0.000 | pL 0.000 | vL 0.000 | delta 0.000
U 92 | F 188416 | FPS 0032 | D 6566 | rR:mu sigma m M 0.00 0.00 0.00 0.00 | F:mu sigma m M 181.9 150.1 20.0 523.0 | H 1.099 | V 0.000 | pL 0.000 | vL 0.000 | delta 0.000
U 93 | F 190464 | FPS 0028 | D 6639 | rR:mu sigma m M 0.00 0.00 0.00 0.00 | F:mu sigma m M 139.4 103.5 17.0 367.0 | H 1.099 | V 0.000 | pL 0.000 | vL 0.000 | delta 0.000
U 94 | F 192512 | FPS 0028 | D 6712 | rR:mu sigma m M 0.00 0.00 0.00 0.00 | F:mu sigma m M 160.3 125.9 24.0 427.0 | H 1.099 | V 0.000 | pL 0.000 | vL 0.000 | delta 0.000
U 95 | F 194560 | FPS 0028 | D 6786 | rR:mu sigma m M 0.00 0.00 0.00 0.00 | F:mu sigma m M 185.9 167.5 11.0 579.0 | H 1.099 | V 0.000 | pL 0.000 | vL 0.000 | delta 0.000
U 96 | F 196608 | FPS 0024 | D 6870 | rR:mu sigma m M 0.00 0.00 0.00 0.00 | F:mu sigma m M 134.1 76.7 39.0 311.0 | H 1.099 | V 0.000 | pL 0.000 | vL 0.000 | delta 0.000
U 97 | F 198656 | FPS 0031 | D 6936 | rR:mu sigma m M 0.00 0.00 0.00 0.00 | F:mu sigma m M 123.1 85.3 22.0 286.0 | H 1.099 | V 0.000 | pL 0.000 | vL 0.000 | delta 0.000
U 98 | F 200704 | FPS 0029 | D 7007 | rR:mu sigma m M 0.00 0.00 0.00 0.00 | F:mu sigma m M 147.5 108.5 40.0 461.0 | H 1.098 | V 0.004 | pL -0.002 | vL 0.000 | delta 0.010
U 99 | F 202752 | FPS 0029 | D 7078 | rR:mu sigma m M 0.04 0.14 0.00 0.60 | F:mu sigma m M 164.9 100.6 40.0 403.0 | H 1.093 | V 0.017 | pL -0.002 | vL 0.001 | delta 0.017
U 100 | F 204800 | FPS 0030 | D 7145 | rR:mu sigma m M 0.04 0.14 0.00 0.60 | F:mu sigma m M 189.1 119.1 20.0 422.0 | H 1.098 | V 0.006 | pL 0.002 | vL 0.000 | delta 0.004
U 101 | F 206848 | FPS 0029 | D 7215 | rR:mu sigma m M 0.00 0.00 0.00 0.00 | F:mu sigma m M 152.9 129.1 20.0 459.0 | H 1.099 | V 0.006 | pL 0.001 | vL 0.000 | delta 0.001
U 102 | F 208896 | FPS 0028 | D 7288 | rR:mu sigma m M 0.00 0.00 0.00 0.00 | F:mu sigma m M 161.5 146.9 38.0 539.0 | H 1.099 | V 0.005 | pL 0.002 | vL 0.000 | delta 0.001
U 103 | F 210944 | FPS 0030 | D 7356 | rR:mu sigma m M 0.00 0.00 0.00 0.00 | F:mu sigma m M 142.0 115.4 45.0 538.0 | H 1.098 | V 0.005 | pL 0.001 | vL 0.000 | delta 0.001
U 104 | F 212992 | FPS 0030 | D 7424 | rR:mu sigma m M 0.00 0.00 0.00 0.00 | F:mu sigma m M 195.0 177.1 36.0 586.0 | H 1.099 | V 0.004 | pL 0.001 | vL 0.000 | delta 0.001
U 105 | F 215040 | FPS 0027 | D 7500 | rR:mu sigma m M 0.04 0.18 0.00 0.79 | F:mu sigma m M 137.2 107.7 24.0 450.0 | H 1.096 | V 0.011 | pL -0.005 | vL 0.001 | delta 0.015
U 106 | F 217088 | FPS 0023 | D 7589 | rR:mu sigma m M 0.05 0.19 0.00 0.79 | F:mu sigma m M 81.7 58.6 9.0 215.0 | H 1.099 | V 0.006 | pL 0.001 | vL 0.000 | delta 0.001
U 107 | F 219136 | FPS 0031 | D 7654 | rR:mu sigma m M 0.00 0.00 0.00 0.00 | F:mu sigma m M 156.6 136.7 35.0 579.0 | H 1.099 | V 0.004 | pL 0.001 | vL 0.000 | delta 0.001
U 108 | F 221184 | FPS 0028 | D 7729 | rR:mu sigma m M 0.00 0.00 0.00 0.00 | F:mu sigma m M 133.1 111.8 22.0 490.0 | H 1.099 | V 0.003 | pL 0.001 | vL 0.000 | delta 0.001
U 109 | F 223232 | FPS 0029 | D 7800 | rR:mu sigma m M 0.00 0.00 0.00 0.00 | F:mu sigma m M 177.7 119.8 24.0 490.0 | H 1.099 | V 0.002 | pL 0.001 | vL 0.000 | delta 0.000
U 110 | F 225280 | FPS 0030 | D 7869 | rR:mu sigma m M 0.00 0.00 0.00 0.00 | F:mu sigma m M 149.6 140.9 17.0 611.0 | H 1.099 | V 0.002 | pL 0.001 | vL 0.000 | delta 0.000
U 111 | F 227328 | FPS 0030 | D 7938 | rR:mu sigma m M 0.00 0.00 0.00 0.00 | F:mu sigma m M 174.0 143.7 45.0 611.0 | H 1.099 | V 0.001 | pL 0.000 | vL 0.000 | delta 0.000
U 112 | F 229376 | FPS 0030 | D 8005 | rR:mu sigma m M 0.00 0.00 0.00 0.00 | F:mu sigma m M 133.1 90.0 9.0 303.0 | H 1.099 | V 0.001 | pL 0.000 | vL 0.000 | delta 0.000
U 113 | F 231424 | FPS 0029 | D 8076 | rR:mu sigma m M 0.00 0.00 0.00 0.00 | F:mu sigma m M 162.2 92.4 35.0 367.0 | H 1.099 | V 0.001 | pL 0.000 | vL 0.000 | delta 0.000
U 114 | F 233472 | FPS 0029 | D 8146 | rR:mu sigma m M 0.00 0.00 0.00 0.00 | F:mu sigma m M 258.6 229.0 44.0 900.0 | H 1.097 | V 0.004 | pL 0.001 | vL 0.000 | delta 0.004
U 115 | F 235520 | FPS 0030 | D 8214 | rR:mu sigma m M 0.00 0.00 0.00 0.00 | F:mu sigma m M 161.8 123.1 19.0 516.0 | H 1.098 | V -0.001 | pL 0.000 | vL 0.000 | delta 0.001
U 116 | F 237568 | FPS 0027 | D 8289 | rR:mu sigma m M 0.05 0.19 0.00 0.77 | F:mu sigma m M 130.2 70.7 19.0 264.0 | H 1.095 | V 0.007 | pL -0.006 | vL 0.001 | delta 0.017
U 117 | F 239616 | FPS 0030 | D 8357 | rR:mu sigma m M 0.00 0.00 0.00 0.00 | F:mu sigma m M 143.9 132.4 16.0 561.0 | H 1.099 | V 0.004 | pL 0.002 | vL 0.000 | delta 0.001
U 118 | F 241664 | FPS 0027 | D 8432 | rR:mu sigma m M 0.00 0.00 0.00 0.00 | F:mu sigma m M 141.1 89.1 36.0 399.0 | H 1.099 | V 0.003 | pL 0.001 | vL 0.000 | delta 0.001
U 119 | F 243712 | FPS 0030 | D 8501 | rR:mu sigma m M 0.00 0.00 0.00 0.00 | F:mu sigma m M 168.9 100.9 49.0 479.0 | H 1.099 | V 0.002 | pL 0.001 | vL 0.000 | delta 0.000
U 120 | F 245760 | FPS 0030 | D 8569 | rR:mu sigma m M 0.00 0.00 0.00 0.00 | F:mu sigma m M 168.6 109.5 30.0 444.0 | H 1.099 | V 0.001 | pL 0.000 | vL 0.000 | delta 0.000
U 121 | F 247808 | FPS 0032 | D 8633 | rR:mu sigma m M 0.00 0.00 0.00 0.00 | F:mu sigma m M 148.4 130.1 29.0 505.0 | H 1.099 | V 0.001 | pL 0.000 | vL 0.000 | delta 0.000
U 122 | F 249856 | FPS 0029 | D 8704 | rR:mu sigma m M 0.00 0.00 0.00 0.00 | F:mu sigma m M 172.4 122.3 37.0 505.0 | H 1.099 | V 0.001 | pL 0.000 | vL 0.000 | delta 0.000
U 123 | F 251904 | FPS 0027 | D 8781 | rR:mu sigma m M 0.00 0.00 0.00 0.00 | F:mu sigma m M 150.1 84.8 28.0 340.0 | H 1.099 | V 0.001 | pL 0.000 | vL 0.000 | delta 0.000
U 124 | F 253952 | FPS 0029 | D 8853 | rR:mu sigma m M 0.00 0.00 0.00 0.00 | F:mu sigma m M 144.8 90.1 28.0 341.0 | H 1.099 | V 0.000 | pL 0.000 | vL 0.000 | delta 0.000
U 125 | F 256000 | FPS 0028 | D 8926 | rR:mu sigma m M 0.00 0.00 0.00 0.00 | F:mu sigma m M 140.8 116.9 16.0 407.0 | H 1.098 | V 0.001 | pL 0.000 | vL 0.000 | delta 0.001
U 126 | F 258048 | FPS 0028 | D 8999 | rR:mu sigma m M 0.00 0.00 0.00 0.00 | F:mu sigma m M 239.4 196.3 20.0 792.0 | H 1.099 | V 0.000 | pL 0.000 | vL 0.000 | delta 0.001
U 127 | F 260096 | FPS 0030 | D 9068 | rR:mu sigma m M 0.00 0.00 0.00 0.00 | F:mu sigma m M 229.4 169.9 48.0 792.0 | H 1.099 | V -0.000 | pL -0.000 | vL 0.000 | delta 0.000
U 128 | F 262144 | FPS 0027 | D 9143 | rR:mu sigma m M 0.00 0.00 0.00 0.00 | F:mu sigma m M 150.0 107.6 26.0 350.0 | H 1.099 | V -0.000 | pL -0.000 | vL 0.000 | delta 0.000
U 129 | F 264192 | FPS 0029 | D 9213 | rR:mu sigma m M 0.00 0.00 0.00 0.00 | F:mu sigma m M 183.9 147.1 29.0 546.0 | H 1.099 | V -0.000 | pL -0.000 | vL 0.000 | delta 0.000
U 130 | F 266240 | FPS 0029 | D 9282 | rR:mu sigma m M 0.00 0.00 0.00 0.00 | F:mu sigma m M 131.6 92.7 32.0 280.0 | H 1.099 | V -0.000 | pL -0.000 | vL 0.000 | delta 0.000
U 131 | F 268288 | FPS 0029 | D 9352 | rR:mu sigma m M 0.00 0.00 0.00 0.00 | F:mu sigma m M 188.3 144.7 53.0 600.0 | H 1.099 | V -0.000 | pL -0.000 | vL 0.000 | delta 0.000
U 132 | F 270336 | FPS 0033 | D 9414 | rR:mu sigma m M 0.00 0.00 0.00 0.00 | F:mu sigma m M 129.9 59.3 35.0 268.0 | H 1.099 | V -0.000 | pL -0.000 | vL 0.000 | delta 0.000
U 133 | F 272384 | FPS 0025 | D 9495 | rR:mu sigma m M 0.00 0.00 0.00 0.00 | F:mu sigma m M 160.2 107.6 35.0 419.0 | H 1.098 | V 0.001 | pL -0.001 | vL 0.000 | delta 0.001
U 134 | F 274432 | FPS 0027 | D 9570 | rR:mu sigma m M 0.00 0.00 0.00 0.00 | F:mu sigma m M 217.9 143.1 20.0 504.0 | H 1.099 | V 0.001 | pL 0.001 | vL 0.000 | delta 0.001
U 135 | F 276480 | FPS 0025 | D 9650 | rR:mu sigma m M 0.00 0.00 0.00 0.00 | F:mu sigma m M 181.6 126.6 20.0 504.0 | H 1.099 | V 0.002 | pL -0.000 | vL 0.000 | delta 0.001
U 136 | F 278528 | FPS 0027 | D 9727 | rR:mu sigma m M 0.00 0.00 0.00 0.00 | F:mu sigma m M 196.1 177.8 44.0 799.0 | H 1.099 | V 0.001 | pL 0.001 | vL 0.000 | delta 0.001
U 137 | F 280576 | FPS 0029 | D 9797 | rR:mu sigma m M 0.00 0.00 0.00 0.00 | F:mu sigma m M 199.6 141.3 44.0 523.0 | H 1.099 | V 0.001 | pL 0.000 | vL 0.000 | delta 0.000
U 138 | F 282624 | FPS 0028 | D 9870 | rR:mu sigma m M 0.00 0.00 0.00 0.00 | F:mu sigma m M 146.5 108.4 12.0 426.0 | H 1.099 | V 0.000 | pL 0.000 | vL 0.000 | delta 0.000
U 139 | F 284672 | FPS 0028 | D 9944 | rR:mu sigma m M 0.00 0.00 0.00 0.00 | F:mu sigma m M 82.8 75.5 12.0 260.0 | H 1.099 | V 0.000 | pL 0.000 | vL 0.000 | delta 0.000
U 140 | F 286720 | FPS 0026 | D 10023 | rR:mu sigma m M 0.00 0.00 0.00 0.00 | F:mu sigma m M 148.1 105.2 24.0 431.0 | H 1.099 | V 0.000 | pL 0.000 | vL 0.000 | delta 0.000
U 141 | F 288768 | FPS 0029 | D 10093 | rR:mu sigma m M 0.00 0.00 0.00 0.00 | F:mu sigma m M 177.3 158.5 26.0 567.0 | H 1.099 | V 0.000 | pL 0.000 | vL 0.000 | delta 0.000
U 142 | F 290816 | FPS 0029 | D 10164 | rR:mu sigma m M 0.00 0.00 0.00 0.00 | F:mu sigma m M 175.0 146.8 26.0 567.0 | H 1.099 | V 0.000 | pL 0.000 | vL 0.000 | delta 0.000
U 143 | F 292864 | FPS 0026 | D 10242 | rR:mu sigma m M 0.00 0.00 0.00 0.00 | F:mu sigma m M 210.2 125.4 31.0 453.0 | H 1.099 | V 0.000 | pL 0.000 | vL 0.000 | delta 0.000
U 144 | F 294912 | FPS 0029 | D 10314 | rR:mu sigma m M 0.00 0.00 0.00 0.00 | F:mu sigma m M 209.5 120.7 31.0 453.0 | H 1.099 | V 0.000 | pL 0.000 | vL 0.000 | delta 0.000
U 145 | F 296960 | FPS 0027 | D 10389 | rR:mu sigma m M 0.00 0.00 0.00 0.00 | F:mu sigma m M 220.4 138.9 39.0 533.0 | H 1.099 | V 0.000 | pL 0.000 | vL 0.000 | delta 0.000
U 146 | F 299008 | FPS 0027 | D 10465 | rR:mu sigma m M 0.00 0.00 0.00 0.00 | F:mu sigma m M 159.2 122.0 15.0 367.0 | H 1.099 | V 0.000 | pL -0.000 | vL 0.000 | delta 0.000
U 147 | F 301056 | FPS 0026 | D 10544 | rR:mu sigma m M 0.00 0.00 0.00 0.00 | F:mu sigma m M 168.1 131.8 24.0 554.0 | H 1.099 | V -0.000 | pL 0.000 | vL 0.000 | delta 0.000
U 148 | F 303104 | FPS 0030 | D 10611 | rR:mu sigma m M 0.00 0.00 0.00 0.00 | F:mu sigma m M 131.2 141.0 24.0 594.0 | H 1.099 | V 0.000 | pL 0.000 | vL 0.000 | delta 0.000
U 149 | F 305152 | FPS 0025 | D 10692 | rR:mu sigma m M 0.00 0.00 0.00 0.00 | F:mu sigma m M 187.9 176.0 24.0 594.0 | H 1.099 | V 0.000 | pL 0.000 | vL 0.000 | delta 0.000
U 150 | F 307200 | FPS 0027 | D 10768 | rR:mu sigma m M 0.00 0.00 0.00 0.00 | F:mu sigma m M 221.7 182.4 21.0 657.0 | H 1.099 | V 0.000 | pL 0.000 | vL 0.000 | delta 0.000
U 151 | F 309248 | FPS 0029 | D 10839 | rR:mu sigma m M 0.00 0.00 0.00 0.00 | F:mu sigma m M 215.1 157.6 32.0 657.0 | H 1.099 | V 0.000 | pL 0.000 | vL 0.000 | delta 0.000
U 152 | F 311296 | FPS 0030 | D 10907 | rR:mu sigma m M 0.00 0.00 0.00 0.00 | F:mu sigma m M 184.6 136.3 33.0 604.0 | H 1.099 | V 0.000 | pL 0.000 | vL 0.000 | delta 0.000
U 153 | F 313344 | FPS 0026 | D 10985 | rR:mu sigma m M 0.00 0.00 0.00 0.00 | F:mu sigma m M 149.2 130.1 33.0 604.0 | H 1.099 | V 0.000 | pL -0.000 | vL 0.000 | delta 0.000
U 154 | F 315392 | FPS 0028 | D 11060 | rR:mu sigma m M 0.00 0.00 0.00 0.00 | F:mu sigma m M 194.7 201.1 28.0 764.0 | H 1.099 | V 0.001 | pL -0.000 | vL 0.000 | delta 0.001
U 155 | F 317440 | FPS 0032 | D 11124 | rR:mu sigma m M 0.00 0.00 0.00 0.00 | F:mu sigma m M 163.4 113.8 31.0 464.0 | H 1.099 | V 0.001 | pL 0.001 | vL 0.000 | delta 0.001
U 156 | F 319488 | FPS 0029 | D 11195 | rR:mu sigma m M 0.00 0.00 0.00 0.00 | F:mu sigma m M 177.8 131.3 30.0 464.0 | H 1.099 | V 0.002 | pL 0.000 | vL 0.000 | delta 0.000
U 157 | F 321536 | FPS 0030 | D 11262 | rR:mu sigma m M 0.00 0.00 0.00 0.00 | F:mu sigma m M 140.2 162.4 21.0 707.0 | H 1.099 | V 0.001 | pL 0.000 | vL 0.000 | delta 0.000
U 158 | F 323584 | FPS 0025 | D 11343 | rR:mu sigma m M 0.00 0.00 0.00 0.00 | F:mu sigma m M 156.4 194.7 36.0 807.0 | H 1.099 | V 0.000 | pL 0.000 | vL 0.000 | delta 0.000
U 159 | F 325632 | FPS 0029 | D 11414 | rR:mu sigma m M 0.00 0.00 0.00 0.00 | F:mu sigma m M 144.8 177.8 27.0 807.0 | H 1.098 | V 0.004 | pL -0.002 | vL 0.000 | delta 0.003
U 160 | F 327680 | FPS 0028 | D 11488 | rR:mu sigma m M 0.02 0.07 0.00 0.30 | F:mu sigma m M 292.8 242.8 25.0 787.0 | H 1.094 | V 0.006 | pL -0.000 | vL 0.000 | delta 0.005
U 161 | F 329728 | FPS 0031 | D 11553 | rR:mu sigma m M 0.00 0.00 0.00 0.00 | F:mu sigma m M 102.8 109.4 18.0 476.0 | H 1.098 | V 0.001 | pL 0.000 | vL 0.000 | delta 0.002
U 162 | F 331776 | FPS 0028 | D 11625 | rR:mu sigma m M 0.00 0.00 0.00 0.00 | F:mu sigma m M 148.9 83.8 28.0 387.0 | H 1.098 | V 0.003 | pL -0.001 | vL 0.000 | delta 0.003
U 163 | F 333824 | FPS 0032 | D 11689 | rR:mu sigma m M 0.00 0.00 0.00 0.00 | F:mu sigma m M 138.8 64.3 47.0 280.0 | H 1.098 | V 0.002 | pL 0.001 | vL 0.000 | delta 0.002
U 164 | F 335872 | FPS 0027 | D 11764 | rR:mu sigma m M 0.00 0.00 0.00 0.00 | F:mu sigma m M 194.5 130.1 14.0 530.0 | H 1.099 | V -0.002 | pL -0.000 | vL 0.000 | delta 0.000
U 165 | F 337920 | FPS 0032 | D 11829 | rR:mu sigma m M 0.00 0.00 0.00 0.00 | F:mu sigma m M 101.2 67.3 17.0 222.0 | H 1.099 | V -0.001 | pL -0.000 | vL 0.000 | delta 0.000
U 166 | F 339968 | FPS 0027 | D 11904 | rR:mu sigma m M 0.00 0.00 0.00 0.00 | F:mu sigma m M 190.1 219.9 37.0 900.0 | H 1.099 | V -0.001 | pL -0.000 | vL 0.000 | delta 0.000
U 167 | F 342016 | FPS 0032 | D 11967 | rR:mu sigma m M 0.00 0.00 0.00 0.00 | F:mu sigma m M 192.6 216.0 44.0 900.0 | H 1.099 | V -0.000 | pL -0.000 | vL 0.000 | delta 0.000
U 168 | F 344064 | FPS 0028 | D 12039 | rR:mu sigma m M 0.00 0.00 0.00 0.00 | F:mu sigma m M 188.8 182.1 20.0 705.0 | H 1.099 | V -0.000 | pL -0.000 | vL 0.000 | delta 0.000
U 169 | F 346112 | FPS 0029 | D 12110 | rR:mu sigma m M 0.00 0.00 0.00 0.00 | F:mu sigma m M 114.6 89.4 41.0 381.0 | H 1.099 | V -0.000 | pL -0.000 | vL 0.000 | delta 0.000
U 170 | F 348160 | FPS 0027 | D 12185 | rR:mu sigma m M 0.00 0.00 0.00 0.00 | F:mu sigma m M 133.1 114.9 26.0 479.0 | H 1.098 | V 0.001 | pL 0.000 | vL 0.000 | delta 0.001
U 171 | F 350208 | FPS 0027 | D 12262 | rR:mu sigma m M 0.00 0.00 0.00 0.00 | F:mu sigma m M 176.2 176.8 18.0 714.0 | H 1.099 | V -0.000 | pL 0.000 | vL 0.000 | delta 0.001
U 172 | F 352256 | FPS 0027 | D 12338 | rR:mu sigma m M 0.00 0.00 0.00 0.00 | F:mu sigma m M 133.2 124.8 9.0 527.0 | H 1.099 | V -0.000 | pL -0.000 | vL 0.000 | delta 0.000
U 173 | F 354304 | FPS 0028 | D 12412 | rR:mu sigma m M 0.00 0.00 0.00 0.00 | F:mu sigma m M 152.1 131.7 9.0 438.0 | H 1.099 | V -0.000 | pL -0.000 | vL 0.000 | delta 0.000
U 174 | F 356352 | FPS 0024 | D 12497 | rR:mu sigma m M 0.00 0.00 0.00 0.00 | F:mu sigma m M 149.7 123.8 38.0 490.0 | H 1.099 | V 0.000 | pL -0.000 | vL 0.000 | delta 0.000
U 175 | F 358400 | FPS 0027 | D 12572 | rR:mu sigma m M 0.00 0.00 0.00 0.00 | F:mu sigma m M 147.7 116.8 16.0 460.0 | H 1.099 | V 0.000 | pL 0.000 | vL 0.000 | delta 0.000
U 176 | F 360448 | FPS 0032 | D 12636 | rR:mu sigma m M 0.00 0.00 0.00 0.00 | F:mu sigma m M 166.6 114.6 36.0 460.0 | H 1.098 | V 0.001 | pL 0.000 | vL 0.000 | delta 0.001
U 177 | F 362496 | FPS 0029 | D 12707 | rR:mu sigma m M 0.00 0.00 0.00 0.00 | F:mu sigma m M 145.9 83.7 57.0 364.0 | H 1.099 | V -0.001 | pL -0.000 | vL 0.000 | delta 0.000
U 178 | F 364544 | FPS 0029 | D 12776 | rR:mu sigma m M 0.00 0.00 0.00 0.00 | F:mu sigma m M 196.5 112.0 42.0 458.0 | H 1.099 | V -0.001 | pL -0.000 | vL 0.000 | delta 0.000
U 179 | F 366592 | FPS 0032 | D 12841 | rR:mu sigma m M 0.00 0.00 0.00 0.00 | F:mu sigma m M 146.8 125.8 42.0 559.0 | H 1.098 | V 0.001 | pL 0.000 | vL 0.000 | delta 0.001
U 180 | F 368640 | FPS 0028 | D 12915 | rR:mu sigma m M 0.00 0.00 0.00 0.00 | F:mu sigma m M 186.8 140.6 52.0 559.0 | H 1.099 | V -0.001 | pL -0.000 | vL 0.000 | delta 0.000
U 181 | F 370688 | FPS 0029 | D 12987 | rR:mu sigma m M 0.00 0.00 0.00 0.00 | F:mu sigma m M 153.4 118.2 22.0 417.0 | H 1.099 | V -0.001 | pL -0.000 | vL 0.000 | delta 0.000
U 182 | F 372736 | FPS 0030 | D 13055 | rR:mu sigma m M 0.00 0.00 0.00 0.00 | F:mu sigma m M 198.9 163.0 22.0 596.0 | H 1.099 | V -0.000 | pL -0.000 | vL 0.000 | delta 0.000
U 183 | F 374784 | FPS 0028 | D 13129 | rR:mu sigma m M 0.00 0.00 0.00 0.00 | F:mu sigma m M 155.4 148.9 22.0 531.0 | H 1.099 | V -0.000 | pL -0.000 | vL 0.000 | delta 0.000
U 184 | F 376832 | FPS 0027 | D 13204 | rR:mu sigma m M 0.00 0.00 0.00 0.00 | F:mu sigma m M 154.4 100.4 30.0 392.0 | H 1.099 | V -0.000 | pL -0.000 | vL 0.000 | delta 0.000
U 185 | F 378880 | FPS 0031 | D 13271 | rR:mu sigma m M 0.00 0.00 0.00 0.00 | F:mu sigma m M 154.9 104.8 30.0 377.0 | H 1.099 | V -0.000 | pL -0.000 | vL 0.000 | delta 0.000
U 186 | F 380928 | FPS 0028 | D 13343 | rR:mu sigma m M 0.00 0.00 0.00 0.00 | F:mu sigma m M 186.1 144.1 30.0 584.0 | H 1.099 | V -0.000 | pL -0.000 | vL 0.000 | delta 0.000
U 187 | F 382976 | FPS 0028 | D 13415 | rR:mu sigma m M 0.00 0.00 0.00 0.00 | F:mu sigma m M 133.1 105.7 30.0 381.0 | H 1.099 | V -0.000 | pL -0.000 | vL 0.000 | delta 0.000
U 188 | F 385024 | FPS 0030 | D 13484 | rR:mu sigma m M 0.05 0.18 0.00 0.76 | F:mu sigma m M 148.4 100.2 19.0 347.0 | H 1.097 | V 0.002 | pL -0.006 | vL 0.001 | delta 0.033
U 189 | F 387072 | FPS 0028 | D 13557 | rR:mu sigma m M 0.05 0.18 0.00 0.76 | F:mu sigma m M 177.6 118.0 34.0 476.0 | H 1.098 | V 0.006 | pL 0.002 | vL 0.000 | delta 0.002
U 190 | F 389120 | FPS 0032 | D 13621 | rR:mu sigma m M 0.00 0.00 0.00 0.00 | F:mu sigma m M 168.0 154.5 9.0 552.0 | H 1.099 | V 0.005 | pL 0.002 | vL 0.000 | delta 0.001
U 191 | F 391168 | FPS 0026 | D 13700 | rR:mu sigma m M 0.00 0.00 0.00 0.00 | F:mu sigma m M 151.4 115.6 9.0 436.0 | H 1.099 | V 0.004 | pL 0.001 | vL 0.000 | delta 0.001
U 192 | F 393216 | FPS 0025 | D 13782 | rR:mu sigma m M 0.00 0.00 0.00 0.00 | F:mu sigma m M 193.6 138.3 59.0 622.0 | H 1.099 | V 0.003 | pL 0.001 | vL 0.000 | delta 0.000
U 193 | F 395264 | FPS 0025 | D 13865 | rR:mu sigma m M 0.00 0.00 0.00 0.00 | F:mu sigma m M 188.3 158.0 54.0 622.0 | H 1.099 | V 0.002 | pL 0.001 | vL 0.000 | delta 0.000
U 194 | F 397312 | FPS 0027 | D 13941 | rR:mu sigma m M 0.00 0.00 0.00 0.00 | F:mu sigma m M 168.0 123.6 46.0 412.0 | H 1.099 | V 0.002 | pL 0.001 | vL 0.000 | delta 0.000
U 195 | F 399360 | FPS 0026 | D 14019 | rR:mu sigma m M 0.00 0.00 0.00 0.00 | F:mu sigma m M 173.5 136.7 42.0 555.0 | H 1.099 | V 0.002 | pL 0.000 | vL 0.000 | delta 0.000
U 196 | F 401408 | FPS 0028 | D 14091 | rR:mu sigma m M 0.00 0.00 0.00 0.00 | F:mu sigma m M 243.9 193.1 42.0 601.0 | H 1.099 | V 0.002 | pL 0.000 | vL 0.000 | delta 0.000
U 197 | F 403456 | FPS 0032 | D 14155 | rR:mu sigma m M 0.00 0.00 0.00 0.00 | F:mu sigma m M 314.9 269.4 39.0 900.0 | H 1.099 | V 0.001 | pL 0.001 | vL 0.000 | delta 0.001
U 198 | F 405504 | FPS 0031 | D 14221 | rR:mu sigma m M 0.00 0.00 0.00 0.00 | F:mu sigma m M 332.1 288.2 39.0 900.0 | H 1.099 | V 0.001 | pL 0.000 | vL 0.000 | delta 0.000
U 199 | F 407552 | FPS 0032 | D 14286 | rR:mu sigma m M 0.00 0.00 0.00 0.00 | F:mu sigma m M 217.4 196.4 35.0 843.0 | H 1.099 | V 0.001 | pL 0.000 | vL 0.000 | delta 0.000
U 200 | F 409600 | FPS 0028 | D 14358 | rR:mu sigma m M 0.00 0.00 0.00 0.00 | F:mu sigma m M 157.4 126.3 28.0 428.0 | H 1.099 | V 0.001 | pL 0.000 | vL 0.000 | delta 0.000
U 201 | F 411648 | FPS 0029 | D 14429 | rR:mu sigma m M 0.00 0.00 0.00 0.00 | F:mu sigma m M 198.4 175.6 44.0 691.0 | H 1.099 | V 0.001 | pL 0.000 | vL 0.000 | delta 0.001
U 202 | F 413696 | FPS 0024 | D 14514 | rR:mu sigma m M 0.00 0.00 0.00 0.00 | F:mu sigma m M 173.1 155.6 23.0 666.0 | H 1.099 | V 0.001 | pL 0.000 | vL 0.000 | delta 0.000
U 203 | F 415744 | FPS 0026 | D 14594 | rR:mu sigma m M 0.00 0.00 0.00 0.00 | F:mu sigma m M 105.8 84.6 24.0 387.0 | H 1.099 | V 0.001 | pL 0.000 | vL 0.000 | delta 0.000
U 204 | F 417792 | FPS 0027 | D 14670 | rR:mu sigma m M 0.00 0.00 0.00 0.00 | F:mu sigma m M 126.3 85.9 40.0 361.0 | H 1.099 | V 0.001 | pL 0.000 | vL 0.000 | delta 0.000
U 205 | F 419840 | FPS 0028 | D 14742 | rR:mu sigma m M 0.00 0.00 0.00 0.00 | F:mu sigma m M 180.8 181.5 32.0 682.0 | H 1.099 | V 0.001 | pL -0.000 | vL 0.000 | delta 0.001
U 206 | F 421888 | FPS 0027 | D 14817 | rR:mu sigma m M 0.04 0.15 0.00 0.61 | F:mu sigma m M 133.1 119.0 10.0 393.0 | H 1.092 | V 0.008 | pL -0.004 | vL 0.001 | delta 0.043
U 207 | F 423936 | FPS 0031 | D 14883 | rR:mu sigma m M 0.00 0.00 0.00 0.00 | F:mu sigma m M 218.9 183.1 25.0 640.0 | H 1.099 | V 0.003 | pL 0.001 | vL 0.000 | delta 0.003
U 208 | F 425984 | FPS 0026 | D 14961 | rR:mu sigma m M 0.00 0.00 0.00 0.00 | F:mu sigma m M 131.1 144.0 23.0 640.0 | H 1.099 | V 0.005 | pL 0.001 | vL 0.000 | delta 0.000
U 209 | F 428032 | FPS 0026 | D 15039 | rR:mu sigma m M 0.00 0.00 0.00 0.00 | F:mu sigma m M 174.4 128.3 25.0 560.0 | H 1.099 | V 0.003 | pL 0.001 | vL 0.000 | delta 0.001
U 210 | F 430080 | FPS 0026 | D 15119 | rR:mu sigma m M 0.00 0.00 0.00 0.00 | F:mu sigma m M 171.8 122.8 44.0 560.0 | H 1.099 | V 0.003 | pL 0.001 | vL 0.000 | delta 0.000
U 211 | F 432128 | FPS 0029 | D 15189 | rR:mu sigma m M 0.00 0.00 0.00 0.00 | F:mu sigma m M 172.1 97.0 47.0 342.0 | H 1.099 | V 0.002 | pL 0.001 | vL 0.000 | delta 0.000
U 212 | F 434176 | FPS 0025 | D 15270 | rR:mu sigma m M 0.00 0.00 0.00 0.00 | F:mu sigma m M 147.1 95.9 34.0 358.0 | H 1.099 | V 0.001 | pL 0.000 | vL 0.000 | delta 0.000
U 213 | F 436224 | FPS 0029 | D 15339 | rR:mu sigma m M 0.00 0.00 0.00 0.00 | F:mu sigma m M 171.2 165.7 9.0 519.0 | H 1.099 | V 0.001 | pL 0.000 | vL 0.000 | delta 0.001
U 214 | F 438272 | FPS 0026 | D 15418 | rR:mu sigma m M 0.00 0.00 0.00 0.00 | F:mu sigma m M 177.8 137.5 19.0 519.0 | H 1.098 | V 0.003 | pL -0.001 | vL 0.000 | delta 0.002
U 215 | F 440320 | FPS 0030 | D 15487 | rR:mu sigma m M 0.04 0.14 0.00 0.60 | F:mu sigma m M 158.4 127.5 34.0 420.0 | H 1.097 | V 0.011 | pL -0.003 | vL 0.001 | delta 0.009
U 216 | F 442368 | FPS 0030 | D 15556 | rR:mu sigma m M 0.00 0.00 0.00 0.00 | F:mu sigma m M 134.7 83.5 34.0 313.0 | H 1.099 | V 0.000 | pL 0.000 | vL 0.000 | delta 0.002
U 217 | F 444416 | FPS 0029 | D 15626 | rR:mu sigma m M 0.00 0.00 0.00 0.00 | F:mu sigma m M 237.5 202.7 55.0 900.0 | H 1.099 | V 0.001 | pL 0.000 | vL 0.000 | delta 0.001
U 218 | F 446464 | FPS 0026 | D 15704 | rR:mu sigma m M 0.00 0.00 0.00 0.00 | F:mu sigma m M 171.7 118.4 9.0 459.0 | H 1.099 | V 0.000 | pL 0.000 | vL 0.000 | delta 0.000
U 219 | F 448512 | FPS 0029 | D 15773 | rR:mu sigma m M 0.00 0.00 0.00 0.00 | F:mu sigma m M 100.3 55.0 9.0 205.0 | H 1.098 | V 0.003 | pL 0.000 | vL 0.000 | delta 0.005
U 220 | F 450560 | FPS 0026 | D 15851 | rR:mu sigma m M 0.00 0.00 0.00 0.00 | F:mu sigma m M 264.6 263.7 16.0 900.0 | H 1.099 | V -0.000 | pL 0.000 | vL 0.000 | delta 0.001
U 221 | F 452608 | FPS 0030 | D 15920 | rR:mu sigma m M 0.00 0.00 0.00 0.00 | F:mu sigma m M 156.9 140.5 28.0 584.0 | H 1.099 | V 0.000 | pL -0.000 | vL 0.000 | delta 0.000
U 222 | F 454656 | FPS 0026 | D 16000 | rR:mu sigma m M 0.00 0.00 0.00 0.00 | F:mu sigma m M 131.4 88.0 28.0 363.0 | H 1.099 | V 0.000 | pL -0.000 | vL 0.000 | delta 0.000
U 223 | F 456704 | FPS 0025 | D 16080 | rR:mu sigma m M 0.00 0.00 0.00 0.00 | F:mu sigma m M 152.7 137.9 32.0 599.0 | H 1.099 | V 0.001 | pL 0.000 | vL 0.000 | delta 0.001
U 224 | F 458752 | FPS 0028 | D 16153 | rR:mu sigma m M 0.00 0.00 0.00 0.00 | F:mu sigma m M 135.4 143.8 32.0 599.0 | H 1.099 | V 0.000 | pL 0.000 | vL 0.000 | delta 0.000
U 225 | F 460800 | FPS 0029 | D 16223 | rR:mu sigma m M 0.00 0.00 0.00 0.00 | F:mu sigma m M 156.3 155.9 25.0 543.0 | H 1.099 | V 0.000 | pL 0.000 | vL 0.000 | delta 0.000
U 226 | F 462848 | FPS 0024 | D 16309 | rR:mu sigma m M 0.00 0.00 0.00 0.00 | F:mu sigma m M 222.6 184.4 25.0 560.0 | H 1.099 | V 0.000 | pL 0.000 | vL 0.000 | delta 0.000
U 227 | F 464896 | FPS 0029 | D 16381 | rR:mu sigma m M 0.00 0.00 0.00 0.00 | F:mu sigma m M 233.0 162.2 29.0 560.0 | H 1.099 | V 0.000 | pL 0.000 | vL 0.000 | delta 0.000
U 228 | F 466944 | FPS 0026 | D 16459 | rR:mu sigma m M 0.00 0.00 0.00 0.00 | F:mu sigma m M 213.5 198.0 36.0 767.0 | H 1.099 | V 0.000 | pL 0.000 | vL 0.000 | delta 0.000
U 229 | F 468992 | FPS 0027 | D 16535 | rR:mu sigma m M 0.00 0.00 0.00 0.00 | F:mu sigma m M 237.4 251.9 24.0 782.0 | H 1.099 | V 0.000 | pL -0.001 | vL 0.000 | delta 0.001
U 230 | F 471040 | FPS 0030 | D 16603 | rR:mu sigma m M 0.00 0.00 0.00 0.00 | F:mu sigma m M 164.0 149.8 34.0 663.0 | H 1.099 | V 0.001 | pL 0.000 | vL 0.000 | delta 0.001
U 231 | F 473088 | FPS 0028 | D 16677 | rR:mu sigma m M 0.00 0.00 0.00 0.00 | F:mu sigma m M 159.7 113.3 28.0 453.0 | H 1.099 | V 0.001 | pL 0.000 | vL 0.000 | delta 0.001
U 232 | F 475136 | FPS 0028 | D 16751 | rR:mu sigma m M 0.00 0.00 0.00 0.00 | F:mu sigma m M 182.1 155.4 22.0 546.0 | H 1.099 | V 0.001 | pL 0.000 | vL 0.000 | delta 0.000
U 233 | F 477184 | FPS 0030 | D 16819 | rR:mu sigma m M 0.00 0.00 0.00 0.00 | F:mu sigma m M 157.2 110.4 37.0 417.0 | H 1.099 | V 0.000 | pL 0.000 | vL 0.000 | delta 0.000
U 234 | F 479232 | FPS 0028 | D 16892 | rR:mu sigma m M 0.00 0.00 0.00 0.00 | F:mu sigma m M 174.2 91.3 37.0 333.0 | H 1.099 | V 0.000 | pL 0.000 | vL 0.000 | delta 0.000
U 235 | F 481280 | FPS 0031 | D 16958 | rR:mu sigma m M 0.00 0.00 0.00 0.00 | F:mu sigma m M 175.9 113.2 20.0 424.0 | H 1.099 | V 0.000 | pL 0.000 | vL 0.000 | delta 0.000
U 236 | F 483328 | FPS 0027 | D 17034 | rR:mu sigma m M 0.00 0.00 0.00 0.00 | F:mu sigma m M 184.6 145.4 20.0 495.0 | H 1.099 | V 0.000 | pL 0.000 | vL 0.000 | delta 0.000
U 237 | F 485376 | FPS 0025 | D 17115 | rR:mu sigma m M 0.00 0.00 0.00 0.00 | F:mu sigma m M 278.6 238.6 32.0 900.0 | H 1.099 | V 0.000 | pL 0.000 | vL 0.000 | delta 0.000
U 238 | F 487424 | FPS 0028 | D 17188 | rR:mu sigma m M 0.05 0.18 0.00 0.72 | F:mu sigma m M 255.0 234.5 41.0 900.0 | H 1.098 | V 0.009 | pL -0.005 | vL 0.001 | delta 0.013
U 239 | F 489472 | FPS 0025 | D 17269 | rR:mu sigma m M 0.05 0.18 0.00 0.72 | F:mu sigma m M 189.8 126.4 52.0 593.0 | H 1.099 | V 0.007 | pL 0.002 | vL 0.000 | delta 0.001
U 240 | F 491520 | FPS 0027 | D 17344 | rR:mu sigma m M 0.00 0.00 0.00 0.00 | F:mu sigma m M 151.2 114.0 52.0 425.0 | H 1.099 | V 0.005 | pL 0.002 | vL 0.000 | delta 0.001
U 241 | F 493568 | FPS 0026 | D 17421 | rR:mu sigma m M 0.00 0.00 0.00 0.00 | F:mu sigma m M 193.2 126.6 57.0 462.0 | H 1.098 | V 0.007 | pL 0.001 | vL 0.000 | delta 0.006
U 242 | F 495616 | FPS 0029 | D 17493 | rR:mu sigma m M 0.00 0.00 0.00 0.00 | F:mu sigma m M 223.7 138.1 28.0 485.0 | H 1.099 | V 0.009 | pL 0.002 | vL 0.000 | delta 0.002
U 243 | F 497664 | FPS 0028 | D 17567 | rR:mu sigma m M 0.00 0.00 0.00 0.00 | F:mu sigma m M 159.9 124.8 28.0 469.0 | H 1.098 | V 0.007 | pL 0.002 | vL 0.000 | delta 0.001
U 244 | F 499712 | FPS 0026 | D 17647 | rR:mu sigma m M 0.00 0.00 0.00 0.00 | F:mu sigma m M 184.6 183.2 19.0 686.0 | H 1.098 | V 0.006 | pL 0.002 | vL 0.000 | delta 0.001
U 245 | F 501760 | FPS 0025 | D 17728 | rR:mu sigma m M 0.00 0.00 0.00 0.00 | F:mu sigma m M 151.9 123.3 21.0 527.0 | H 1.099 | V 0.005 | pL 0.001 | vL 0.000 | delta 0.000
U 246 | F 503808 | FPS 0029 | D 17800 | rR:mu sigma m M 0.00 0.00 0.00 0.00 | F:mu sigma m M 167.6 89.3 21.0 349.0 | H 1.099 | V 0.004 | pL 0.001 | vL 0.000 | delta 0.001
U 247 | F 505856 | FPS 0031 | D 17866 | rR:mu sigma m M 0.00 0.00 0.00 0.00 | F:mu sigma m M 172.8 104.5 22.0 365.0 | H 1.098 | V 0.007 | pL 0.002 | vL 0.000 | delta 0.002
U 248 | F 507904 | FPS 0029 | D 17936 | rR:mu sigma m M 0.00 0.00 0.00 0.00 | F:mu sigma m M 161.6 99.2 39.0 345.0 | H 1.098 | V 0.004 | pL 0.001 | vL 0.000 | delta 0.003
U 249 | F 509952 | FPS 0027 | D 18012 | rR:mu sigma m M 0.06 0.22 0.00 0.90 | F:mu sigma m M 188.3 137.3 42.0 575.0 | H 1.096 | V 0.010 | pL -0.007 | vL 0.001 | delta 0.013
U 250 | F 512000 | FPS 0034 | D 18071 | rR:mu sigma m M 0.06 0.22 0.00 0.90 | F:mu sigma m M 160.3 105.4 48.0 396.0 | H 1.098 | V 0.004 | pL 0.000 | vL 0.000 | delta 0.002
U 251 | F 514048 | FPS 0027 | D 18147 | rR:mu sigma m M 0.00 0.00 0.00 0.00 | F:mu sigma m M 180.8 139.7 16.0 502.0 | H 1.099 | V 0.002 | pL 0.001 | vL 0.000 | delta 0.002
U 252 | F 516096 | FPS 0027 | D 18224 | rR:mu sigma m M 0.00 0.00 0.00 0.00 | F:mu sigma m M 206.8 152.9 16.0 548.0 | H 1.099 | V 0.002 | pL 0.001 | vL 0.000 | delta 0.000
U 253 | F 518144 | FPS 0027 | D 18301 | rR:mu sigma m M 0.00 0.00 0.00 0.00 | F:mu sigma m M 252.7 222.4 36.0 813.0 | H 1.099 | V 0.002 | pL 0.001 | vL 0.000 | delta 0.001
U 254 | F 520192 | FPS 0026 | D 18379 | rR:mu sigma m M 0.00 0.00 0.00 0.00 | F:mu sigma m M 195.7 203.3 21.0 813.0 | H 1.099 | V 0.002 | pL 0.000 | vL 0.000 | delta 0.001
U 255 | F 522240 | FPS 0027 | D 18456 | rR:mu sigma m M 0.00 0.00 0.00 0.00 | F:mu sigma m M 185.8 139.8 20.0 483.0 | H 1.099 | V 0.001 | pL 0.000 | vL 0.000 | delta 0.000
U 256 | F 524288 | FPS 0027 | D 18532 | rR:mu sigma m M 0.00 0.00 0.00 0.00 | F:mu sigma m M 180.2 117.3 57.0 516.0 | H 1.099 | V 0.001 | pL 0.000 | vL 0.000 | delta 0.001
U 257 | F 526336 | FPS 0026 | D 18611 | rR:mu sigma m M 0.00 0.00 0.00 0.00 | F:mu sigma m M 198.9 126.0 67.0 516.0 | H 1.098 | V 0.003 | pL 0.001 | vL 0.000 | delta 0.005
U 258 | F 528384 | FPS 0026 | D 18688 | rR:mu sigma m M 0.00 0.00 0.00 0.00 | F:mu sigma m M 237.6 140.5 54.0 587.0 | H 1.099 | V -0.002 | pL -0.001 | vL 0.000 | delta 0.000
U 259 | F 530432 | FPS 0025 | D 18771 | rR:mu sigma m M 0.05 0.20 0.00 0.82 | F:mu sigma m M 172.4 128.8 23.0 569.0 | H 1.092 | V 0.006 | pL -0.007 | vL 0.001 | delta 0.014
U 260 | F 532480 | FPS 0030 | D 18839 | rR:mu sigma m M 0.00 0.00 0.00 0.00 | F:mu sigma m M 150.3 100.7 23.0 347.0 | H 1.098 | V 0.004 | pL 0.001 | vL 0.000 | delta 0.002
U 261 | F 534528 | FPS 0029 | D 18909 | rR:mu sigma m M 0.00 0.00 0.00 0.00 | F:mu sigma m M 212.2 168.2 63.0 696.0 | H 1.098 | V 0.003 | pL 0.001 | vL 0.000 | delta 0.005
U 262 | F 536576 | FPS 0029 | D 18979 | rR:mu sigma m M 0.00 0.00 0.00 0.00 | F:mu sigma m M 143.2 94.0 26.0 411.0 | H 1.099 | V 0.003 | pL 0.001 | vL 0.000 | delta 0.002
U 263 | F 538624 | FPS 0027 | D 19055 | rR:mu sigma m M 0.00 0.00 0.00 0.00 | F:mu sigma m M 116.6 130.1 26.0 559.0 | H 1.099 | V 0.002 | pL 0.001 | vL 0.000 | delta 0.000
U 264 | F 540672 | FPS 0026 | D 19134 | rR:mu sigma m M 0.00 0.00 0.00 0.00 | F:mu sigma m M 137.2 117.6 27.0 410.0 | H 1.099 | V 0.002 | pL 0.000 | vL 0.000 | delta 0.000
U 265 | F 542720 | FPS 0029 | D 19204 | rR:mu sigma m M 0.00 0.00 0.00 0.00 | F:mu sigma m M 163.9 154.8 11.0 505.0 | H 1.099 | V 0.001 | pL 0.000 | vL 0.000 | delta 0.000
U 266 | F 544768 | FPS 0028 | D 19277 | rR:mu sigma m M 0.05 0.17 0.00 0.72 | F:mu sigma m M 150.7 119.2 32.0 480.0 | H 1.097 | V 0.012 | pL -0.005 | vL 0.001 | delta 0.011
U 267 | F 546816 | FPS 0027 | D 19352 | rR:mu sigma m M 0.00 0.00 0.00 0.00 | F:mu sigma m M 183.6 168.7 34.0 625.0 | H 1.097 | V 0.022 | pL 0.004 | vL 0.000 | delta 0.019
U 268 | F 548864 | FPS 0031 | D 19418 | rR:mu sigma m M 0.03 0.13 0.00 0.60 | F:mu sigma m M 141.1 118.0 41.0 545.0 | H 1.097 | V 0.018 | pL 0.002 | vL 0.001 | delta 0.011
U 269 | F 550912 | FPS 0029 | D 19487 | rR:mu sigma m M 0.04 0.15 0.00 0.60 | F:mu sigma m M 112.1 102.7 15.0 398.0 | H 1.098 | V 0.018 | pL 0.001 | vL 0.000 | delta 0.010
U 270 | F 552960 | FPS 0028 | D 19561 | rR:mu sigma m M 0.05 0.18 0.00 0.75 | F:mu sigma m M 145.2 83.5 31.0 344.0 | H 1.095 | V 0.017 | pL 0.001 | vL 0.000 | delta 0.006
U 271 | F 555008 | FPS 0028 | D 19634 | rR:mu sigma m M 0.00 0.00 0.00 0.00 | F:mu sigma m M 122.1 85.2 31.0 376.0 | H 1.099 | V 0.009 | pL 0.003 | vL 0.000 | delta 0.003
U 272 | F 557056 | FPS 0028 | D 19706 | rR:mu sigma m M 0.00 0.00 0.00 0.00 | F:mu sigma m M 182.8 128.1 25.0 396.0 | H 1.098 | V 0.007 | pL 0.002 | vL 0.000 | delta 0.001
U 273 | F 559104 | FPS 0026 | D 19784 | rR:mu sigma m M 0.00 0.00 0.00 0.00 | F:mu sigma m M 142.8 77.6 46.0 353.0 | H 1.098 | V 0.014 | pL 0.002 | vL 0.000 | delta 0.005
U 274 | F 561152 | FPS 0027 | D 19859 | rR:mu sigma m M 0.03 0.11 0.00 0.46 | F:mu sigma m M 213.8 154.0 46.0 540.0 | H 1.098 | V 0.013 | pL 0.001 | vL 0.000 | delta 0.003
U 275 | F 563200 | FPS 0027 | D 19935 | rR:mu sigma m M 0.00 0.00 0.00 0.00 | F:mu sigma m M 177.1 124.7 31.0 523.0 | H 1.098 | V 0.008 | pL 0.002 | vL 0.000 | delta 0.002
U 276 | F 565248 | FPS 0028 | D 20008 | rR:mu sigma m M 0.00 0.00 0.00 0.00 | F:mu sigma m M 163.8 131.0 24.0 584.0 | H 1.098 | V 0.006 | pL 0.001 | vL 0.000 | delta 0.003
U 277 | F 567296 | FPS 0031 | D 20075 | rR:mu sigma m M 0.05 0.20 0.00 0.89 | F:mu sigma m M 181.1 125.2 20.0 359.0 | H 1.096 | V 0.015 | pL -0.006 | vL 0.001 | delta 0.039
U 278 | F 569344 | FPS 0028 | D 20147 | rR:mu sigma m M 0.02 0.07 0.00 0.28 | F:mu sigma m M 206.7 184.8 20.0 723.0 | H 1.096 | V 0.012 | pL -0.001 | vL 0.000 | delta 0.006
U 279 | F 571392 | FPS 0028 | D 20221 | rR:mu sigma m M 0.00 0.00 0.00 0.00 | F:mu sigma m M 154.1 129.2 26.0 487.0 | H 1.098 | V 0.013 | pL 0.003 | vL 0.000 | delta 0.008
U 280 | F 573440 | FPS 0028 | D 20295 | rR:mu sigma m M 0.06 0.22 0.00 0.91 | F:mu sigma m M 141.4 102.5 26.0 373.0 | H 1.096 | V 0.024 | pL -0.004 | vL 0.001 | delta 0.015
U 281 | F 575488 | FPS 0034 | D 20356 | rR:mu sigma m M 0.06 0.22 0.00 0.91 | F:mu sigma m M 199.0 137.3 66.0 513.0 | H 1.098 | V -0.000 | pL 0.000 | vL 0.000 | delta 0.003
U 282 | F 577536 | FPS 0030 | D 20424 | rR:mu sigma m M 0.00 0.00 0.00 0.00 | F:mu sigma m M 217.2 132.0 14.0 513.0 | H 1.097 | V 0.005 | pL 0.001 | vL 0.000 | delta 0.004
U 283 | F 579584 | FPS 0026 | D 20501 | rR:mu sigma m M 0.00 0.00 0.00 0.00 | F:mu sigma m M 247.9 122.4 72.0 547.0 | H 1.097 | V 0.002 | pL 0.002 | vL 0.000 | delta 0.003
U 284 | F 581632 | FPS 0029 | D 20572 | rR:mu sigma m M 0.00 0.00 0.00 0.00 | F:mu sigma m M 179.0 122.4 37.0 528.0 | H 1.099 | V 0.000 | pL -0.000 | vL 0.000 | delta 0.001
U 285 | F 583680 | FPS 0026 | D 20651 | rR:mu sigma m M 0.00 0.00 0.00 0.00 | F:mu sigma m M 139.6 75.0 13.0 303.0 | H 1.099 | V -0.001 | pL -0.000 | vL 0.000 | delta 0.000
U 286 | F 585728 | FPS 0029 | D 20721 | rR:mu sigma m M 0.00 0.00 0.00 0.00 | F:mu sigma m M 148.6 95.1 13.0 352.0 | H 1.099 | V -0.000 | pL -0.000 | vL 0.000 | delta 0.000
U 287 | F 587776 | FPS 0026 | D 20799 | rR:mu sigma m M 0.00 0.00 0.00 0.00 | F:mu sigma m M 203.4 102.4 46.0 387.0 | H 1.099 | V -0.000 | pL -0.000 | vL 0.000 | delta 0.000
U 288 | F 589824 | FPS 0026 | D 20879 | rR:mu sigma m M 0.00 0.00 0.00 0.00 | F:mu sigma m M 188.2 118.5 25.0 410.0 | H 1.099 | V -0.000 | pL -0.000 | vL 0.000 | delta 0.000
U 289 | F 591872 | FPS 0026 | D 20957 | rR:mu sigma m M 0.00 0.00 0.00 0.00 | F:mu sigma m M 174.4 93.4 56.0 342.0 | H 1.099 | V -0.000 | pL -0.000 | vL 0.000 | delta 0.000
U 290 | F 593920 | FPS 0029 | D 21026 | rR:mu sigma m M 0.00 0.00 0.00 0.00 | F:mu sigma m M 178.7 94.5 56.0 368.0 | H 1.099 | V -0.000 | pL 0.000 | vL 0.000 | delta 0.000
U 291 | F 595968 | FPS 0028 | D 21099 | rR:mu sigma m M 0.00 0.00 0.00 0.00 | F:mu sigma m M 256.2 214.1 36.0 900.0 | H 1.099 | V -0.000 | pL -0.000 | vL 0.000 | delta 0.000
U 292 | F 598016 | FPS 0027 | D 21174 | rR:mu sigma m M 0.00 0.00 0.00 0.00 | F:mu sigma m M 164.0 147.5 13.0 527.0 | H 1.099 | V 0.000 | pL 0.000 | vL 0.000 | delta 0.000
U 293 | F 600064 | FPS 0030 | D 21242 | rR:mu sigma m M 0.00 0.00 0.00 0.00 | F:mu sigma m M 167.6 114.1 46.0 411.0 | H 1.098 | V 0.001 | pL -0.000 | vL 0.000 | delta 0.001
U 294 | F 602112 | FPS 0027 | D 21317 | rR:mu sigma m M 0.00 0.00 0.00 0.00 | F:mu sigma m M 176.1 130.9 28.0 440.0 | H 1.099 | V 0.001 | pL 0.001 | vL 0.000 | delta 0.001
U 295 | F 604160 | FPS 0029 | D 21389 | rR:mu sigma m M 0.05 0.19 0.00 0.80 | F:mu sigma m M 170.2 115.7 28.0 460.0 | H 1.097 | V 0.007 | pL -0.006 | vL 0.000 | delta 0.007
U 296 | F 606208 | FPS 0027 | D 21464 | rR:mu sigma m M 0.05 0.19 0.00 0.80 | F:mu sigma m M 256.3 193.3 26.0 649.0 | H 1.099 | V 0.002 | pL 0.001 | vL 0.000 | delta 0.002
U 297 | F 608256 | FPS 0031 | D 21531 | rR:mu sigma m M 0.04 0.16 0.00 0.65 | F:mu sigma m M 204.3 180.1 23.0 649.0 | H 1.097 | V 0.013 | pL -0.005 | vL 0.001 | delta 0.012
U 298 | F 610304 | FPS 0030 | D 21600 | rR:mu sigma m M 0.05 0.18 0.00 0.76 | F:mu sigma m M 137.7 95.1 25.0 328.0 | H 1.097 | V 0.010 | pL -0.004 | vL 0.000 | delta 0.008
U 299 | F 612352 | FPS 0030 | D 21667 | rR:mu sigma m M 0.05 0.21 0.00 0.88 | F:mu sigma m M 133.9 120.5 25.0 426.0 | H 1.093 | V 0.015 | pL -0.006 | vL 0.001 | delta 0.011
U 300 | F 614400 | FPS 0030 | D 21736 | rR:mu sigma m M 0.00 0.00 0.00 0.00 | F:mu sigma m M 194.7 150.2 28.0 599.0 | H 1.098 | V 0.010 | pL -0.002 | vL 0.000 | delta 0.007
U 301 | F 616448 | FPS 0027 | D 21812 | rR:mu sigma m M 0.05 0.20 0.00 0.83 | F:mu sigma m M 132.9 164.7 19.0 712.0 | H 1.097 | V 0.024 | pL -0.000 | vL 0.001 | delta 0.036
U 302 | F 618496 | FPS 0029 | D 21881 | rR:mu sigma m M 0.00 0.00 0.00 0.00 | F:mu sigma m M 176.4 186.4 32.0 712.0 | H 1.093 | V 0.002 | pL -0.001 | vL 0.000 | delta 0.005
U 303 | F 620544 | FPS 0029 | D 21952 | rR:mu sigma m M 0.00 0.00 0.00 0.00 | F:mu sigma m M 105.4 76.2 17.0 244.0 | H 1.098 | V 0.000 | pL -0.000 | vL 0.000 | delta 0.002
U 304 | F 622592 | FPS 0026 | D 22030 | rR:mu sigma m M 0.00 0.00 0.00 0.00 | F:mu sigma m M 162.1 135.6 17.0 531.0 | H 1.098 | V 0.002 | pL 0.000 | vL 0.000 | delta 0.001
U 305 | F 624640 | FPS 0026 | D 22110 | rR:mu sigma m M 0.00 0.00 0.00 0.00 | F:mu sigma m M 185.8 129.6 36.0 531.0 | H 1.098 | V 0.004 | pL -0.001 | vL 0.000 | delta 0.004
U 306 | F 626688 | FPS 0031 | D 22177 | rR:mu sigma m M 0.00 0.00 0.00 0.00 | F:mu sigma m M 198.1 125.6 38.0 426.0 | H 1.098 | V 0.000 | pL 0.000 | vL 0.000 | delta 0.004
U 307 | F 628736 | FPS 0030 | D 22244 | rR:mu sigma m M 0.00 0.00 0.00 0.00 | F:mu sigma m M 156.2 110.3 13.0 456.0 | H 1.099 | V 0.002 | pL 0.000 | vL 0.000 | delta 0.001
U 308 | F 630784 | FPS 0025 | D 22326 | rR:mu sigma m M 0.00 0.00 0.00 0.00 | F:mu sigma m M 155.8 121.9 48.0 542.0 | H 1.099 | V 0.001 | pL 0.000 | vL 0.000 | delta 0.000
U 309 | F 632832 | FPS 0029 | D 22397 | rR:mu sigma m M 0.00 0.00 0.00 0.00 | F:mu sigma m M 162.5 120.7 28.0 542.0 | H 1.098 | V 0.005 | pL 0.000 | vL 0.000 | delta 0.006
U 310 | F 634880 | FPS 0027 | D 22473 | rR:mu sigma m M 0.00 0.00 0.00 0.00 | F:mu sigma m M 158.1 86.4 28.0 315.0 | H 1.095 | V 0.005 | pL 0.001 | vL 0.000 | delta 0.004
U 311 | F 636928 | FPS 0025 | D 22555 | rR:mu sigma m M 0.00 0.00 0.00 0.00 | F:mu sigma m M 185.2 138.2 27.0 491.0 | H 1.096 | V 0.005 | pL 0.002 | vL 0.000 | delta 0.005
U 312 | F 638976 | FPS 0028 | D 22628 | rR:mu sigma m M 0.00 0.00 0.00 0.00 | F:mu sigma m M 163.1 171.5 27.0 491.0 | H 1.098 | V -0.001 | pL -0.001 | vL 0.000 | delta 0.001
U 313 | F 641024 | FPS 0025 | D 22708 | rR:mu sigma m M 0.00 0.00 0.00 0.00 | F:mu sigma m M 159.8 130.8 32.0 566.0 | H 1.098 | V 0.001 | pL 0.000 | vL 0.000 | delta 0.004
U 314 | F 643072 | FPS 0028 | D 22782 | rR:mu sigma m M 0.00 0.00 0.00 0.00 | F:mu sigma m M 122.7 93.2 17.0 351.0 | H 1.099 | V -0.002 | pL -0.001 | vL 0.000 | delta 0.001
U 315 | F 645120 | FPS 0029 | D 22851 | rR:mu sigma m M 0.00 0.00 0.00 0.00 | F:mu sigma m M 111.4 63.9 17.0 256.0 | H 1.099 | V -0.001 | pL -0.000 | vL 0.000 | delta 0.000
U 316 | F 647168 | FPS 0027 | D 22926 | rR:mu sigma m M 0.00 0.00 0.00 0.00 | F:mu sigma m M 144.8 107.8 42.0 446.0 | H 1.099 | V -0.001 | pL -0.000 | vL 0.000 | delta 0.000
U 317 | F 649216 | FPS 0028 | D 22998 | rR:mu sigma m M 0.00 0.00 0.00 0.00 | F:mu sigma m M 158.2 126.7 25.0 446.0 | H 1.099 | V -0.001 | pL -0.000 | vL 0.000 | delta 0.000
U 318 | F 651264 | FPS 0027 | D 23075 | rR:mu sigma m M 0.00 0.00 0.00 0.00 | F:mu sigma m M 212.9 221.5 17.0 862.0 | H 1.099 | V -0.000 | pL -0.000 | vL 0.000 | delta 0.000
U 319 | F 653312 | FPS 0029 | D 23146 | rR:mu sigma m M 0.00 0.00 0.00 0.00 | F:mu sigma m M 161.3 131.9 23.0 508.0 | H 1.099 | V -0.000 | pL -0.000 | vL 0.000 | delta 0.001
U 320 | F 655360 | FPS 0024 | D 23232 | rR:mu sigma m M 0.00 0.00 0.00 0.00 | F:mu sigma m M 139.2 103.1 7.0 447.0 | H 1.099 | V -0.000 | pL 0.000 | vL 0.000 | delta 0.001
U 321 | F 657408 | FPS 0026 | D 23312 | rR:mu sigma m M 0.00 0.00 0.00 0.00 | F:mu sigma m M 170.7 138.1 7.0 503.0 | H 1.099 | V 0.000 | pL -0.000 | vL 0.000 | delta 0.000
U 322 | F 659456 | FPS 0025 | D 23393 | rR:mu sigma m M 0.00 0.00 0.00 0.00 | F:mu sigma m M 210.9 171.5 30.0 647.0 | H 1.098 | V 0.002 | pL 0.001 | vL 0.000 | delta 0.002
U 323 | F 661504 | FPS 0028 | D 23465 | rR:mu sigma m M 0.00 0.00 0.00 0.00 | F:mu sigma m M 182.5 130.0 57.0 572.0 | H 1.099 | V 0.001 | pL 0.000 | vL 0.000 | delta 0.000
U 324 | F 663552 | FPS 0028 | D 23537 | rR:mu sigma m M 0.00 0.00 0.00 0.00 | F:mu sigma m M 179.4 144.5 41.0 572.0 | H 1.099 | V 0.001 | pL 0.000 | vL 0.000 | delta 0.000
U 325 | F 665600 | FPS 0028 | D 23609 | rR:mu sigma m M 0.00 0.00 0.00 0.00 | F:mu sigma m M 136.0 68.7 50.0 267.0 | H 1.099 | V 0.001 | pL 0.000 | vL 0.000 | delta 0.000
U 326 | F 667648 | FPS 0024 | D 23693 | rR:mu sigma m M 0.00 0.00 0.00 0.00 | F:mu sigma m M 129.8 100.8 13.0 383.0 | H 1.098 | V 0.003 | pL -0.001 | vL 0.000 | delta 0.003
U 327 | F 669696 | FPS 0029 | D 23763 | rR:mu sigma m M 0.00 0.00 0.00 0.00 | F:mu sigma m M 152.1 136.8 13.0 495.0 | H 1.096 | V 0.008 | pL 0.002 | vL 0.000 | delta 0.008
U 328 | F 671744 | FPS 0027 | D 23838 | rR:mu sigma m M 0.00 0.00 0.00 0.00 | F:mu sigma m M 252.9 166.9 22.0 552.0 | H 1.098 | V -0.000 | pL 0.000 | vL 0.000 | delta 0.002
U 329 | F 673792 | FPS 0027 | D 23913 | rR:mu sigma m M 0.00 0.00 0.00 0.00 | F:mu sigma m M 197.0 143.2 46.0 551.0 | H 1.098 | V 0.001 | pL 0.000 | vL 0.000 | delta 0.001
U 330 | F 675840 | FPS 0031 | D 23979 | rR:mu sigma m M 0.00 0.00 0.00 0.00 | F:mu sigma m M 241.9 225.2 30.0 900.0 | H 1.098 | V -0.000 | pL -0.000 | vL 0.000 | delta 0.004
U 331 | F 677888 | FPS 0026 | D 24059 | rR:mu sigma m M 0.00 0.00 0.00 0.00 | F:mu sigma m M 190.7 212.3 26.0 900.0 | H 1.099 | V -0.003 | pL -0.001 | vL 0.000 | delta 0.001
U 332 | F 679936 | FPS 0027 | D 24134 | rR:mu sigma m M 0.00 0.00 0.00 0.00 | F:mu sigma m M 205.9 130.3 26.0 495.0 | H 1.099 | V -0.001 | pL -0.001 | vL 0.000 | delta 0.002
U 333 | F 681984 | FPS 0027 | D 24210 | rR:mu sigma m M 0.06 0.21 0.00 0.89 | F:mu sigma m M 156.1 130.2 26.0 529.0 | H 1.098 | V 0.001 | pL -0.002 | vL 0.001 | delta 0.005
U 334 | F 684032 | FPS 0031 | D 24276 | rR:mu sigma m M 0.05 0.20 0.00 0.83 | F:mu sigma m M 139.5 99.1 27.0 350.0 | H 1.097 | V 0.003 | pL -0.007 | vL 0.001 | delta 0.006
U 335 | F 686080 | FPS 0025 | D 24357 | rR:mu sigma m M 0.00 0.00 0.00 0.00 | F:mu sigma m M 121.4 85.3 27.0 350.0 | H 1.099 | V -0.004 | pL -0.001 | vL 0.000 | delta 0.001
U 336 | F 688128 | FPS 0026 | D 24437 | rR:mu sigma m M 0.00 0.00 0.00 0.00 | F:mu sigma m M 185.1 133.2 42.0 523.0 | H 1.099 | V -0.004 | pL -0.001 | vL 0.000 | delta 0.002
U 337 | F 690176 | FPS 0029 | D 24507 | rR:mu sigma m M 0.00 0.00 0.00 0.00 | F:mu sigma m M 182.1 129.7 42.0 424.0 | H 1.099 | V -0.003 | pL -0.001 | vL 0.000 | delta 0.001
U 338 | F 692224 | FPS 0026 | D 24584 | rR:mu sigma m M 0.00 0.00 0.00 0.00 | F:mu sigma m M 125.9 98.7 37.0 424.0 | H 1.098 | V 0.001 | pL -0.003 | vL 0.000 | delta 0.004
U 339 | F 694272 | FPS 0027 | D 24660 | rR:mu sigma m M 0.00 0.00 0.00 0.00 | F:mu sigma m M 148.8 101.2 37.0 365.0 | H 1.098 | V 0.002 | pL 0.001 | vL 0.000 | delta 0.004
U 340 | F 696320 | FPS 0026 | D 24738 | rR:mu sigma m M 0.00 0.00 0.00 0.00 | F:mu sigma m M 216.4 189.8 29.0 820.0 | H 1.098 | V -0.001 | pL -0.000 | vL 0.000 | delta 0.001
U 341 | F 698368 | FPS 0026 | D 24816 | rR:mu sigma m M 0.00 0.00 0.00 0.00 | F:mu sigma m M 121.8 70.1 31.0 264.0 | H 1.099 | V -0.002 | pL -0.001 | vL 0.000 | delta 0.000
U 342 | F 700416 | FPS 0026 | D 24894 | rR:mu sigma m M 0.00 0.00 0.00 0.00 | F:mu sigma m M 146.4 141.8 25.0 615.0 | H 1.099 | V -0.001 | pL -0.001 | vL 0.000 | delta 0.000
U 343 | F 702464 | FPS 0027 | D 24970 | rR:mu sigma m M 0.00 0.00 0.00 0.00 | F:mu sigma m M 116.2 85.0 22.0 351.0 | H 1.099 | V -0.001 | pL -0.001 | vL 0.000 | delta 0.001
U 344 | F 704512 | FPS 0030 | D 25039 | rR:mu sigma m M 0.00 0.00 0.00 0.00 | F:mu sigma m M 175.9 121.1 32.0 451.0 | H 1.098 | V 0.001 | pL -0.000 | vL 0.000 | delta 0.001
U 345 | F 706560 | FPS 0031 | D 25105 | rR:mu sigma m M 0.00 0.00 0.00 0.00 | F:mu sigma m M 158.3 124.6 11.0 410.0 | H 1.099 | V -0.001 | pL -0.000 | vL 0.000 | delta 0.001
U 346 | F 708608 | FPS 0029 | D 25176 | rR:mu sigma m M 0.00 0.00 0.00 0.00 | F:mu sigma m M 179.8 153.1 11.0 634.0 | H 1.099 | V -0.000 | pL -0.000 | vL 0.000 | delta 0.000
U 347 | F 710656 | FPS 0030 | D 25245 | rR:mu sigma m M 0.00 0.00 0.00 0.00 | F:mu sigma m M 164.4 88.7 26.0 406.0 | H 1.099 | V 0.001 | pL 0.000 | vL 0.000 | delta 0.001
U 348 | F 712704 | FPS 0028 | D 25319 | rR:mu sigma m M 0.06 0.22 0.00 0.90 | F:mu sigma m M 190.6 131.9 34.0 435.0 | H 1.094 | V 0.006 | pL -0.008 | vL 0.001 | delta 0.010
U 349 | F 714752 | FPS 0034 | D 25379 | rR:mu sigma m M 0.00 0.00 0.00 0.00 | F:mu sigma m M 112.7 67.1 7.0 251.0 | H 1.098 | V 0.007 | pL 0.003 | vL 0.000 | delta 0.003
U 350 | F 716800 | FPS 0025 | D 25460 | rR:mu sigma m M 0.00 0.00 0.00 0.00 | F:mu sigma m M 118.9 85.9 34.0 390.0 | H 1.097 | V 0.010 | pL 0.002 | vL 0.000 | delta 0.007
U 351 | F 718848 | FPS 0027 | D 25534 | rR:mu sigma m M 0.00 0.00 0.00 0.00 | F:mu sigma m M 155.8 107.8 38.0 437.0 | H 1.099 | V 0.003 | pL 0.001 | vL 0.000 | delta 0.001
U 352 | F 720896 | FPS 0028 | D 25607 | rR:mu sigma m M 0.00 0.00 0.00 0.00 | F:mu sigma m M 144.4 78.7 39.0 310.0 | H 1.099 | V 0.002 | pL 0.001 | vL 0.000 | delta 0.000
U 353 | F 722944 | FPS 0028 | D 25680 | rR:mu sigma m M 0.00 0.00 0.00 0.00 | F:mu sigma m M 224.4 167.6 58.0 686.0 | H 1.099 | V 0.004 | pL 0.001 | vL 0.000 | delta 0.003
U 354 | F 724992 | FPS 0027 | D 25755 | rR:mu sigma m M 0.05 0.20 0.00 0.81 | F:mu sigma m M 131.4 69.2 30.0 318.0 | H 1.097 | V 0.005 | pL -0.004 | vL 0.001 | delta 0.005
U 355 | F 727040 | FPS 0030 | D 25823 | rR:mu sigma m M 0.00 0.00 0.00 0.00 | F:mu sigma m M 160.2 91.5 30.0 414.0 | H 1.099 | V -0.000 | pL -0.000 | vL 0.000 | delta 0.002
U 356 | F 729088 | FPS 0028 | D 25896 | rR:mu sigma m M 0.05 0.21 0.00 0.86 | F:mu sigma m M 195.3 138.5 18.0 534.0 | H 1.093 | V 0.011 | pL -0.006 | vL 0.001 | delta 0.010
U 357 | F 731136 | FPS 0026 | D 25974 | rR:mu sigma m M 0.00 0.00 0.00 0.00 | F:mu sigma m M 184.2 144.9 18.0 535.0 | H 1.098 | V -0.000 | pL -0.000 | vL 0.000 | delta 0.003
U 358 | F 733184 | FPS 0029 | D 26044 | rR:mu sigma m M 0.00 0.00 0.00 0.00 | F:mu sigma m M 183.2 146.5 28.0 498.0 | H 1.098 | V 0.001 | pL 0.001 | vL 0.000 | delta 0.013
U 359 | F 735232 | FPS 0027 | D 26120 | rR:mu sigma m M 0.00 0.00 0.00 0.00 | F:mu sigma m M 126.3 116.1 19.0 431.0 | H 1.096 | V 0.004 | pL -0.001 | vL 0.000 | delta 0.003
U 360 | F 737280 | FPS 0032 | D 26184 | rR:mu sigma m M 0.07 0.19 0.00 0.61 | F:mu sigma m M 221.6 186.8 23.0 752.0 | H 1.088 | V 0.025 | pL -0.012 | vL 0.001 | delta 0.018
U 361 | F 739328 | FPS 0029 | D 26256 | rR:mu sigma m M 0.05 0.21 0.00 0.85 | F:mu sigma m M 125.2 102.0 36.0 429.0 | H 1.097 | V 0.010 | pL 0.002 | vL 0.000 | delta 0.006
U 362 | F 741376 | FPS 0027 | D 26332 | rR:mu sigma m M 0.00 0.00 0.00 0.00 | F:mu sigma m M 146.8 103.2 36.0 365.0 | H 1.090 | V 0.014 | pL -0.004 | vL 0.001 | delta 0.026
U 363 | F 743424 | FPS 0032 | D 26395 | rR:mu sigma m M 0.00 0.00 0.00 0.00 | F:mu sigma m M 138.3 107.9 12.0 362.0 | H 1.089 | V 0.044 | pL 0.008 | vL 0.002 | delta 0.021
U 364 | F 745472 | FPS 0028 | D 26467 | rR:mu sigma m M 0.00 0.00 0.00 0.00 | F:mu sigma m M 150.9 140.2 18.0 510.0 | H 1.095 | V 0.031 | pL 0.010 | vL 0.000 | delta 0.010
U 365 | F 747520 | FPS 0024 | D 26553 | rR:mu sigma m M 0.05 0.21 0.00 0.88 | F:mu sigma m M 198.3 130.7 49.0 510.0 | H 1.092 | V 0.033 | pL -0.000 | vL 0.001 | delta 0.022
U 366 | F 749568 | FPS 0026 | D 26631 | rR:mu sigma m M 0.03 0.13 0.00 0.53 | F:mu sigma m M 158.7 119.7 34.0 468.0 | H 1.089 | V 0.037 | pL 0.004 | vL 0.000 | delta 0.010
U 367 | F 751616 | FPS 0027 | D 26706 | rR:mu sigma m M 0.03 0.13 0.00 0.53 | F:mu sigma m M 174.0 135.1 34.0 468.0 | H 1.092 | V 0.038 | pL 0.006 | vL 0.000 | delta 0.009
U 368 | F 753664 | FPS 0027 | D 26780 | rR:mu sigma m M 0.09 0.23 0.00 0.69 | F:mu sigma m M 221.4 107.6 42.0 393.0 | H 1.085 | V 0.051 | pL -0.002 | vL 0.001 | delta 0.013
U 369 | F 755712 | FPS 0025 | D 26861 | rR:mu sigma m M 0.00 0.00 0.00 0.00 | F:mu sigma m M 222.1 220.8 30.0 731.0 | H 1.090 | V 0.028 | pL 0.005 | vL 0.001 | delta 0.012
U 370 | F 757760 | FPS 0027 | D 26938 | rR:mu sigma m M 0.00 0.00 0.00 0.00 | F:mu sigma m M 130.4 158.8 41.0 726.0 | H 1.094 | V 0.016 | pL 0.002 | vL 0.000 | delta 0.006
U 371 | F 759808 | FPS 0026 | D 27016 | rR:mu sigma m M 0.00 0.00 0.00 0.00 | F:mu sigma m M 133.0 109.3 41.0 451.0 | H 1.095 | V 0.011 | pL 0.003 | vL 0.000 | delta 0.002
U 372 | F 761856 | FPS 0029 | D 27087 | rR:mu sigma m M 0.00 0.00 0.00 0.00 | F:mu sigma m M 191.2 190.2 23.0 722.0 | H 1.096 | V 0.013 | pL 0.000 | vL 0.000 | delta 0.004
U 373 | F 763904 | FPS 0028 | D 27161 | rR:mu sigma m M 0.05 0.20 0.00 0.84 | F:mu sigma m M 228.4 250.9 32.0 900.0 | H 1.091 | V 0.023 | pL -0.001 | vL 0.001 | delta 0.009
U 374 | F 765952 | FPS 0024 | D 27246 | rR:mu sigma m M 0.08 0.22 0.00 0.84 | F:mu sigma m M 308.4 274.7 32.0 900.0 | H 1.093 | V 0.016 | pL -0.002 | vL 0.000 | delta 0.007
U 375 | F 768000 | FPS 0029 | D 27315 | rR:mu sigma m M 0.05 0.19 0.00 0.77 | F:mu sigma m M 208.6 144.8 30.0 645.0 | H 1.096 | V 0.015 | pL 0.002 | vL 0.000 | delta 0.006
U 376 | F 770048 | FPS 0028 | D 27388 | rR:mu sigma m M 0.00 0.00 0.00 0.00 | F:mu sigma m M 165.5 201.5 10.0 899.0 | H 1.098 | V 0.011 | pL 0.004 | vL 0.000 | delta 0.002
U 377 | F 772096 | FPS 0025 | D 27469 | rR:mu sigma m M 0.00 0.00 0.00 0.00 | F:mu sigma m M 128.6 76.5 16.0 260.0 | H 1.098 | V 0.008 | pL 0.003 | vL 0.000 | delta 0.001
U 378 | F 774144 | FPS 0026 | D 27548 | rR:mu sigma m M 0.00 0.00 0.00 0.00 | F:mu sigma m M 141.6 144.8 32.0 637.0 | H 1.098 | V 0.006 | pL 0.002 | vL 0.000 | delta 0.001
U 379 | F 776192 | FPS 0026 | D 27628 | rR:mu sigma m M 0.00 0.00 0.00 0.00 | F:mu sigma m M 159.5 98.1 51.0 378.0 | H 1.098 | V 0.005 | pL 0.001 | vL 0.000 | delta 0.001
U 380 | F 778240 | FPS 0030 | D 27696 | rR:mu sigma m M 0.06 0.22 0.00 0.90 | F:mu sigma m M 127.8 102.0 23.0 349.0 | H 1.095 | V 0.012 | pL -0.006 | vL 0.001 | delta 0.015
U 381 | F 780288 | FPS 0029 | D 27766 | rR:mu sigma m M 0.06 0.22 0.00 0.90 | F:mu sigma m M 190.8 141.9 17.0 571.0 | H 1.093 | V 0.031 | pL 0.004 | vL 0.001 | delta 0.022
U 382 | F 782336 | FPS 0029 | D 27836 | rR:mu sigma m M 0.00 0.00 0.00 0.00 | F:mu sigma m M 185.8 130.4 17.0 571.0 | H 1.092 | V 0.029 | pL 0.009 | vL 0.000 | delta 0.010
U 383 | F 784384 | FPS 0027 | D 27911 | rR:mu sigma m M 0.00 0.00 0.00 0.00 | F:mu sigma m M 165.0 102.1 35.0 403.0 | H 1.096 | V 0.025 | pL 0.004 | vL 0.000 | delta 0.004
U 384 | F 786432 | FPS 0029 | D 27982 | rR:mu sigma m M 0.04 0.15 0.00 0.63 | F:mu sigma m M 225.2 142.7 46.0 510.0 | H 1.096 | V 0.021 | pL 0.002 | vL 0.000 | delta 0.008
U 385 | F 788480 | FPS 0029 | D 28054 | rR:mu sigma m M 0.00 0.00 0.00 0.00 | F:mu sigma m M 148.8 114.0 21.0 351.0 | H 1.097 | V 0.013 | pL 0.004 | vL 0.000 | delta 0.002
U 386 | F 790528 | FPS 0028 | D 28126 | rR:mu sigma m M 0.00 0.00 0.00 0.00 | F:mu sigma m M 124.2 70.8 21.0 286.0 | H 1.097 | V 0.011 | pL 0.003 | vL 0.000 | delta 0.002
U 387 | F 792576 | FPS 0030 | D 28194 | rR:mu sigma m M 0.00 0.00 0.00 0.00 | F:mu sigma m M 169.1 100.9 33.0 381.0 | H 1.097 | V 0.009 | pL 0.001 | vL 0.000 | delta 0.003
U 388 | F 794624 | FPS 0027 | D 28270 | rR:mu sigma m M 0.04 0.16 0.00 0.65 | F:mu sigma m M 183.1 127.6 49.0 486.0 | H 1.093 | V 0.013 | pL -0.000 | vL 0.000 | delta 0.005
U 389 | F 796672 | FPS 0032 | D 28334 | rR:mu sigma m M 0.05 0.19 0.00 0.80 | F:mu sigma m M 186.6 118.9 22.0 388.0 | H 1.087 | V 0.024 | pL -0.001 | vL 0.001 | delta 0.015
U 390 | F 798720 | FPS 0030 | D 28403 | rR:mu sigma m M 0.00 0.00 0.00 0.00 | F:mu sigma m M 134.9 163.0 22.0 730.0 | H 1.097 | V 0.002 | pL 0.001 | vL 0.000 | delta 0.002
U 391 | F 800768 | FPS 0029 | D 28473 | rR:mu sigma m M 0.00 0.00 0.00 0.00 | F:mu sigma m M 179.6 167.1 34.0 730.0 | H 1.098 | V 0.002 | pL 0.000 | vL 0.000 | delta 0.002
U 392 | F 802816 | FPS 0029 | D 28544 | rR:mu sigma m M 0.00 0.00 0.00 0.00 | F:mu sigma m M 151.1 110.9 21.0 380.0 | H 1.098 | V 0.001 | pL 0.000 | vL 0.000 | delta 0.000
U 393 | F 804864 | FPS 0031 | D 28611 | rR:mu sigma m M 0.00 0.00 0.00 0.00 | F:mu sigma m M 219.4 159.9 48.0 675.0 | H 1.098 | V 0.001 | pL 0.000 | vL 0.000 | delta 0.000
U 394 | F 806912 | FPS 0026 | D 28689 | rR:mu sigma m M 0.00 0.00 0.00 0.00 | F:mu sigma m M 201.0 171.8 33.0 675.0 | H 1.098 | V 0.001 | pL 0.000 | vL 0.000 | delta 0.000
U 395 | F 808960 | FPS 0027 | D 28763 | rR:mu sigma m M 0.00 0.00 0.00 0.00 | F:mu sigma m M 204.0 149.4 39.0 596.0 | H 1.098 | V 0.002 | pL -0.001 | vL 0.000 | delta 0.003
U 396 | F 811008 | FPS 0028 | D 28836 | rR:mu sigma m M 0.04 0.16 0.00 0.65 | F:mu sigma m M 253.1 159.7 51.0 596.0 | H 1.094 | V 0.009 | pL -0.004 | vL 0.000 | delta 0.010
U 397 | F 813056 | FPS 0031 | D 28902 | rR:mu sigma m M 0.04 0.16 0.00 0.65 | F:mu sigma m M 223.6 141.7 38.0 484.0 | H 1.098 | V -0.002 | pL -0.001 | vL 0.000 | delta 0.001
U 398 | F 815104 | FPS 0027 | D 28977 | rR:mu sigma m M 0.00 0.00 0.00 0.00 | F:mu sigma m M 234.5 239.5 28.0 900.0 | H 1.098 | V -0.002 | pL -0.001 | vL 0.000 | delta 0.000
U 399 | F 817152 | FPS 0028 | D 29051 | rR:mu sigma m M 0.00 0.00 0.00 0.00 | F:mu sigma m M 162.5 202.5 28.0 900.0 | H 1.098 | V -0.001 | pL -0.000 | vL 0.000 | delta 0.000
U 400 | F 819200 | FPS 0029 | D 29121 | rR:mu sigma m M 0.00 0.00 0.00 0.00 | F:mu sigma m M 197.8 160.6 28.0 668.0 | H 1.098 | V -0.001 | pL -0.000 | vL 0.000 | delta 0.000
U 401 | F 821248 | FPS 0031 | D 29188 | rR:mu sigma m M 0.00 0.00 0.00 0.00 | F:mu sigma m M 121.8 76.5 28.0 367.0 | H 1.098 | V -0.000 | pL -0.000 | vL 0.000 | delta 0.000
U 402 | F 823296 | FPS 0026 | D 29268 | rR:mu sigma m M 0.00 0.00 0.00 0.00 | F:mu sigma m M 155.3 121.9 40.0 500.0 | H 1.098 | V -0.000 | pL -0.000 | vL 0.000 | delta 0.000
U 403 | F 825344 | FPS 0029 | D 29338 | rR:mu sigma m M 0.00 0.00 0.00 0.00 | F:mu sigma m M 136.6 107.3 40.0 459.0 | H 1.098 | V -0.000 | pL -0.000 | vL 0.000 | delta 0.000
U 404 | F 827392 | FPS 0026 | D 29417 | rR:mu sigma m M 0.00 0.00 0.00 0.00 | F:mu sigma m M 230.4 186.7 38.0 697.0 | H 1.098 | V 0.002 | pL 0.001 | vL 0.000 | delta 0.005
U 405 | F 829440 | FPS 0027 | D 29494 | rR:mu sigma m M 0.00 0.00 0.00 0.00 | F:mu sigma m M 267.4 195.2 38.0 697.0 | H 1.098 | V -0.001 | pL -0.000 | vL 0.000 | delta 0.000
U 406 | F 831488 | FPS 0029 | D 29565 | rR:mu sigma m M 0.00 0.00 0.00 0.00 | F:mu sigma m M 218.9 174.3 11.0 567.0 | H 1.099 | V -0.001 | pL -0.000 | vL 0.000 | delta 0.000
U 407 | F 833536 | FPS 0026 | D 29643 | rR:mu sigma m M 0.00 0.00 0.00 0.00 | F:mu sigma m M 155.9 135.7 29.0 464.0 | H 1.098 | V 0.001 | pL -0.001 | vL 0.000 | delta 0.002
U 408 | F 835584 | FPS 0027 | D 29718 | rR:mu sigma m M 0.06 0.21 0.00 0.89 | F:mu sigma m M 214.2 154.4 30.0 534.0 | H 1.096 | V 0.008 | pL -0.006 | vL 0.001 | delta 0.015
U 409 | F 837632 | FPS 0029 | D 29788 | rR:mu sigma m M 0.00 0.00 0.00 0.00 | F:mu sigma m M 184.8 140.5 29.0 534.0 | H 1.096 | V 0.014 | pL -0.005 | vL 0.000 | delta 0.012
U 410 | F 839680 | FPS 0030 | D 29856 | rR:mu sigma m M 0.13 0.28 0.00 0.91 | F:mu sigma m M 163.6 120.3 27.0 430.0 | H 1.084 | V 0.037 | pL -0.004 | vL 0.001 | delta 0.033
U 411 | F 841728 | FPS 0027 | D 29933 | rR:mu sigma m M 0.09 0.25 0.00 0.86 | F:mu sigma m M 155.1 142.4 23.0 504.0 | H 1.085 | V 0.036 | pL -0.007 | vL 0.002 | delta 0.021
U 412 | F 843776 | FPS 0036 | D 29989 | rR:mu sigma m M 0.00 0.00 0.00 0.00 | F:mu sigma m M 118.2 70.7 23.0 296.0 | H 1.095 | V 0.015 | pL 0.004 | vL 0.000 | delta 0.011
U 413 | F 845824 | FPS 0031 | D 30056 | rR:mu sigma m M 0.00 0.00 0.00 0.00 | F:mu sigma m M 175.7 125.9 48.0 461.0 | H 1.096 | V 0.010 | pL 0.003 | vL 0.000 | delta 0.003
U 414 | F 847872 | FPS 0029 | D 30126 | rR:mu sigma m M 0.00 0.00 0.00 0.00 | F:mu sigma m M 198.3 140.9 21.0 461.0 | H 1.094 | V 0.014 | pL 0.001 | vL 0.000 | delta 0.009
U 415 | F 849920 | FPS 0025 | D 30208 | rR:mu sigma m M 0.04 0.16 0.00 0.64 | F:mu sigma m M 160.2 118.7 21.0 358.0 | H 1.096 | V 0.013 | pL -0.001 | vL 0.000 | delta 0.008
U 416 | F 851968 | FPS 0027 | D 30284 | rR:mu sigma m M 0.05 0.18 0.00 0.75 | F:mu sigma m M 193.6 128.8 25.0 434.0 | H 1.092 | V 0.020 | pL -0.003 | vL 0.001 | delta 0.018
U 417 | F 854016 | FPS 0028 | D 30356 | rR:mu sigma m M 0.00 0.00 0.00 0.00 | F:mu sigma m M 201.2 174.7 21.0 522.0 | H 1.097 | V 0.001 | pL 0.000 | vL 0.000 | delta 0.004
U 418 | F 856064 | FPS 0028 | D 30428 | rR:mu sigma m M 0.00 0.00 0.00 0.00 | F:mu sigma m M 201.9 185.0 40.0 650.0 | H 1.093 | V 0.011 | pL -0.002 | vL 0.000 | delta 0.008
U 419 | F 858112 | FPS 0030 | D 30496 | rR:mu sigma m M 0.10 0.27 0.00 0.88 | F:mu sigma m M 164.9 93.5 29.0 365.0 | H 1.091 | V 0.018 | pL -0.005 | vL 0.001 | delta 0.012
U 420 | F 860160 | FPS 0030 | D 30564 | rR:mu sigma m M 0.05 0.18 0.00 0.75 | F:mu sigma m M 113.0 57.2 31.0 255.0 | H 1.088 | V 0.016 | pL -0.003 | vL 0.001 | delta 0.020
U 421 | F 862208 | FPS 0028 | D 30637 | rR:mu sigma m M 0.05 0.20 0.00 0.84 | F:mu sigma m M 131.8 64.2 11.0 256.0 | H 1.079 | V 0.033 | pL 0.001 | vL 0.001 | delta 0.017
U 422 | F 864256 | FPS 0032 | D 30701 | rR:mu sigma m M 0.06 0.22 0.00 0.92 | F:mu sigma m M 139.9 111.5 37.0 486.0 | H 1.077 | V 0.025 | pL -0.002 | vL 0.001 | delta 0.022
U 423 | F 866304 | FPS 0031 | D 30767 | rR:mu sigma m M 0.00 0.00 0.00 0.00 | F:mu sigma m M 161.6 127.2 28.0 520.0 | H 1.095 | V 0.006 | pL 0.002 | vL 0.000 | delta 0.010
U 424 | F 868352 | FPS 0031 | D 30832 | rR:mu sigma m M 0.05 0.20 0.00 0.87 | F:mu sigma m M 117.4 84.3 11.0 324.0 | H 1.083 | V 0.023 | pL -0.005 | vL 0.001 | delta 0.024
U 425 | F 870400 | FPS 0032 | D 30897 | rR:mu sigma m M 0.05 0.21 0.00 0.87 | F:mu sigma m M 127.7 85.8 23.0 324.0 | H 1.072 | V 0.049 | pL 0.000 | vL 0.002 | delta 0.018
U 426 | F 872448 | FPS 0032 | D 30961 | rR:mu sigma m M 0.00 0.00 0.00 0.00 | F:mu sigma m M 167.2 78.0 30.0 326.0 | H 1.087 | V 0.020 | pL 0.009 | vL 0.001 | delta 0.013
U 427 | F 874496 | FPS 0035 | D 31020 | rR:mu sigma m M 0.00 0.00 0.00 0.00 | F:mu sigma m M 192.1 114.4 27.0 510.0 | H 1.092 | V 0.016 | pL 0.004 | vL 0.000 | delta 0.005
U 428 | F 876544 | FPS 0034 | D 31081 | rR:mu sigma m M 0.04 0.16 0.00 0.67 | F:mu sigma m M 195.6 127.3 13.0 510.0 | H 1.076 | V 0.035 | pL -0.001 | vL 0.001 | delta 0.015
U 429 | F 878592 | FPS 0026 | D 31159 | rR:mu sigma m M 0.09 0.25 0.00 0.82 | F:mu sigma m M 159.9 91.9 13.0 350.0 | H 1.080 | V 0.038 | pL -0.005 | vL 0.001 | delta 0.016
U 430 | F 880640 | FPS 0033 | D 31222 | rR:mu sigma m M 0.21 0.36 0.00 0.93 | F:mu sigma m M 160.9 93.0 40.0 366.0 | H 1.064 | V 0.044 | pL -0.003 | vL 0.002 | delta 0.020
U 431 | F 882688 | FPS 0041 | D 31272 | rR:mu sigma m M 0.14 0.29 0.00 0.84 | F:mu sigma m M 207.8 125.5 23.0 456.0 | H 1.051 | V 0.052 | pL -0.005 | vL 0.003 | delta 0.027
U 432 | F 884736 | FPS 0038 | D 31326 | rR:mu sigma m M 0.12 0.31 0.00 0.96 | F:mu sigma m M 123.6 86.2 26.0 316.0 | H 1.058 | V 0.032 | pL -0.010 | vL 0.002 | delta 0.027
U 433 | F 886784 | FPS 0035 | D 31385 | rR:mu sigma m M 0.27 0.40 0.00 0.92 | F:mu sigma m M 172.8 87.6 72.0 390.0 | H 1.043 | V 0.074 | pL -0.015 | vL 0.007 | delta 0.058
U 434 | F 888832 | FPS 0039 | D 31437 | rR:mu sigma m M 0.32 0.42 0.00 0.93 | F:mu sigma m M 131.1 68.7 53.0 301.0 | H 1.022 | V 0.099 | pL -0.026 | vL 0.004 | delta 0.049
U 435 | F 890880 | FPS 0049 | D 31479 | rR:mu sigma m M 0.35 0.42 0.00 0.96 | F:mu sigma m M 116.5 88.2 18.0 391.0 | H 0.920 | V 0.215 | pL -0.044 | vL 0.014 | delta 0.082
U 436 | F 892928 | FPS 0053 | D 31518 | rR:mu sigma m M 0.42 0.46 0.00 0.96 | F:mu sigma m M 66.5 35.8 13.0 151.0 | H 0.857 | V 0.283 | pL -0.043 | vL 0.019 | delta 0.131
U 437 | F 894976 | FPS 0057 | D 31554 | rR:mu sigma m M 0.85 0.24 0.00 0.96 | F:mu sigma m M 82.0 43.3 40.0 252.0 | H 0.755 | V 0.459 | pL -0.093 | vL 0.011 | delta 0.105
U 438 | F 897024 | FPS 0059 | D 31588 | rR:mu sigma m M 0.88 0.25 0.00 0.97 | F:mu sigma m M 52.8 19.6 17.0 114.0 | H 0.629 | V 0.570 | pL -0.117 | vL 0.010 | delta 0.118
U 439 | F 899072 | FPS 0069 | D 31618 | rR:mu sigma m M 0.83 0.32 0.00 0.97 | F:mu sigma m M 44.7 12.1 13.0 76.0 | H 0.539 | V 0.639 | pL -0.071 | vL 0.013 | delta 0.088
U 440 | F 901120 | FPS 0069 | D 31648 | rR:mu sigma m M 0.90 0.23 0.00 0.97 | F:mu sigma m M 41.2 11.1 18.0 79.0 | H 0.506 | V 0.699 | pL -0.052 | vL 0.008 | delta 0.077
U 441 | F 903168 | FPS 0073 | D 31676 | rR:mu sigma m M 0.92 0.19 0.00 0.97 | F:mu sigma m M 42.4 12.8 25.0 100.0 | H 0.464 | V 0.734 | pL -0.033 | vL 0.007 | delta 0.079
U 442 | F 905216 | FPS 0072 | D 31705 | rR:mu sigma m M 0.96 0.01 0.95 0.97 | F:mu sigma m M 36.9 5.9 28.0 51.0 | H 0.455 | V 0.798 | pL -0.023 | vL 0.001 | delta 0.038
agent reach optimality, start collecting trajectories
agent successfully collected 10 trajectories
pickling optimal trajectories
Model successfully saved
/home/rdali/.local/easybuild/software/2017/Core/miniconda3/4.3.27/envs/observe/lib/python3.6/site-packages/torch/nn/functional.py:1906: UserWarning: reduction: 'mean' divides the total loss by both the batch size and the support size.'batchmean' divides only by the batch size, and aligns with the KL div math definition.'mean' will be changed to behave the same as 'batchmean' in the next major release.
  warnings.warn("reduction: 'mean' divides the total loss by both the batch size and the support size."
