The following modules were not unloaded:
  (Use "module --force purge" to unload all):

  1) StdEnv/2018.3     4) gcccore/.7.3.0      7) intel/2018.3
  2) nixpkgs/16.09     5) icc/.2018.3.222     8) openmpi/3.1.2
  3) imkl/2018.3.222   6) ifort/.2018.3.222

Due to MODULEPATH changes, the following have been reloaded:
  1) openmpi/3.1.2

Attention: While Conda works well in a desktop environment, it tends to create more problems than it solves on a cluster. Instead, we recommend that users use virtual environments and the binary packages that we provide through Python wheels as documented on the Python page.
/home/rdali/RL/watch_and_learn/dependency/rl-starter-files/scripts/train_agent_multidem.py --env MiniGrid-LavaCrossingAddictO8S15-v0 --algo ppo --nameDemonstrator LavaCrossing1508Addict1,LavaCrossing1508Addict2,LavaCrossing1508Addict3,LavaCrossing1508Addict4,LavaCrossing1508Addict10,LavaCrossing1508Addict11,LavaCrossing1508Addict12,LavaCrossing1508Addict13 --flat-model 0 --KLweight 0.01 --useKL 1 --meanReward 0.80 --rewardLB 0.70 --seed 9131

Namespace(KLweight=0.01, algo='ppo', batch_size=256, clip_eps=0.2, discount=0.99, entropy_coef=0.01, env='MiniGrid-LavaCrossingAddictO8S15-v0', epochs=4, flat_model=0, frames=10000000, frames_per_proc=None, full_obs=0, gae_lambda=0.95, log_interval=1, lr=0.0007, max_grad_norm=0.5, meanReward=0.8, mem=False, model=None, nameDemonstrator='LavaCrossing1508Addict1,LavaCrossing1508Addict2,LavaCrossing1508Addict3,LavaCrossing1508Addict4,LavaCrossing1508Addict10,LavaCrossing1508Addict11,LavaCrossing1508Addict12,LavaCrossing1508Addict13', optim_alpha=0.99, optim_eps=1e-05, procs=16, recurrence=1, rewardLB=0.7, save_interval=0, seed=9131, tb=False, text=False, useKL=1, value_loss_coef=0.5)

Flat model successfully created

ACModel(
  (image_conv): Sequential(
    (0): Conv2d(3, 32, kernel_size=(2, 2), stride=(1, 1))
    (1): ReLU()
    (2): MaxPool2d(kernel_size=(2, 2), stride=(2, 2), padding=0, dilation=1, ceil_mode=False)
    (3): Conv2d(32, 64, kernel_size=(2, 2), stride=(1, 1))
    (4): ReLU()
    (5): Conv2d(64, 64, kernel_size=(2, 2), stride=(1, 1))
    (6): ReLU()
  )
  (actor): Sequential(
    (0): Linear(in_features=1600, out_features=64, bias=True)
    (1): Tanh()
    (2): Linear(in_features=64, out_features=3, bias=True)
  )
  (critic): Sequential(
    (0): Linear(in_features=1600, out_features=64, bias=True)
    (1): Tanh()
    (2): Linear(in_features=64, out_features=1, bias=True)
  )
)

CUDA available: False

1
True
0.01
Using TensorFlow backend.
OMP: Info #212: KMP_AFFINITY: decoding x2APIC ids.
OMP: Info #210: KMP_AFFINITY: Affinity capable, using global cpuid leaf 11 info
OMP: Info #154: KMP_AFFINITY: Initial OS proc set respected: 17,19,21,23,25
OMP: Info #156: KMP_AFFINITY: 5 available OS procs
OMP: Info #157: KMP_AFFINITY: Uniform topology
OMP: Info #179: KMP_AFFINITY: 1 packages x 5 cores/pkg x 1 threads/core (5 total cores)
OMP: Info #214: KMP_AFFINITY: OS proc to physical thread map:
OMP: Info #171: KMP_AFFINITY: OS proc 17 maps to package 1 core 9 
OMP: Info #171: KMP_AFFINITY: OS proc 19 maps to package 1 core 10 
OMP: Info #171: KMP_AFFINITY: OS proc 21 maps to package 1 core 16 
OMP: Info #171: KMP_AFFINITY: OS proc 25 maps to package 1 core 17 
OMP: Info #171: KMP_AFFINITY: OS proc 23 maps to package 1 core 20 
OMP: Info #250: KMP_AFFINITY: pid 415114 tid 415114 thread 0 bound to OS proc set 17
OMP: Info #250: KMP_AFFINITY: pid 415114 tid 415264 thread 1 bound to OS proc set 19
OMP: Info #250: KMP_AFFINITY: pid 415114 tid 415265 thread 2 bound to OS proc set 21
OMP: Info #250: KMP_AFFINITY: pid 415114 tid 415266 thread 3 bound to OS proc set 25
OMP: Info #250: KMP_AFFINITY: pid 415114 tid 415267 thread 4 bound to OS proc set 23
OMP: Info #250: KMP_AFFINITY: pid 415114 tid 415457 thread 5 bound to OS proc set 17
OMP: Info #250: KMP_AFFINITY: pid 415114 tid 415456 thread 6 bound to OS proc set 19
OMP: Info #250: KMP_AFFINITY: pid 415114 tid 415474 thread 7 bound to OS proc set 21
OMP: Info #250: KMP_AFFINITY: pid 415114 tid 415475 thread 8 bound to OS proc set 25
OMP: Info #250: KMP_AFFINITY: pid 415114 tid 415476 thread 9 bound to OS proc set 23
OMP: Info #250: KMP_AFFINITY: pid 415114 tid 415477 thread 10 bound to OS proc set 17
OMP: Info #250: KMP_AFFINITY: pid 415114 tid 415515 thread 11 bound to OS proc set 19
OMP: Info #250: KMP_AFFINITY: pid 415114 tid 415516 thread 12 bound to OS proc set 21
OMP: Info #250: KMP_AFFINITY: pid 415114 tid 415517 thread 13 bound to OS proc set 25
OMP: Info #250: KMP_AFFINITY: pid 415114 tid 415518 thread 14 bound to OS proc set 23
OMP: Info #250: KMP_AFFINITY: pid 415114 tid 415519 thread 15 bound to OS proc set 17
U 1 | F 002048 | FPS 0022 | D 93 | rR:mu sigma m M 0.00 0.00 0.00 0.00 | F:mu sigma m M 28.5 38.4 0.0 112.0 | H 1.093 | V -0.190 | pL -0.045 | vL 0.001 | delta 0.081
U 2 | F 004096 | FPS 0026 | D 172 | rR:mu sigma m M 0.00 0.00 0.00 0.00 | F:mu sigma m M 125.1 54.2 48.0 224.0 | H 1.090 | V -0.154 | pL -0.043 | vL 0.001 | delta 0.025
U 3 | F 006144 | FPS 0032 | D 235 | rR:mu sigma m M 0.00 0.00 0.00 0.00 | F:mu sigma m M 155.6 107.7 18.0 347.0 | H 1.064 | V -0.116 | pL -0.036 | vL 0.001 | delta 0.037
U 4 | F 008192 | FPS 0040 | D 286 | rR:mu sigma m M 0.00 0.00 0.00 0.00 | F:mu sigma m M 104.7 95.6 7.0 415.0 | H 1.076 | V -0.086 | pL -0.035 | vL 0.001 | delta 0.017
U 5 | F 010240 | FPS 0035 | D 344 | rR:mu sigma m M 0.00 0.00 0.00 0.00 | F:mu sigma m M 126.3 104.5 21.0 406.0 | H 1.077 | V -0.066 | pL -0.023 | vL 0.000 | delta 0.011
U 6 | F 012288 | FPS 0035 | D 402 | rR:mu sigma m M 0.00 0.00 0.00 0.00 | F:mu sigma m M 85.0 71.3 20.0 293.0 | H 1.089 | V -0.052 | pL -0.016 | vL 0.000 | delta 0.006
U 7 | F 014336 | FPS 0031 | D 469 | rR:mu sigma m M 0.00 0.00 0.00 0.00 | F:mu sigma m M 150.2 113.0 24.0 355.0 | H 1.095 | V -0.038 | pL -0.013 | vL 0.000 | delta 0.005
U 8 | F 016384 | FPS 0033 | D 531 | rR:mu sigma m M 0.00 0.00 0.00 0.00 | F:mu sigma m M 107.9 86.5 16.0 337.0 | H 1.097 | V -0.027 | pL -0.008 | vL 0.000 | delta 0.005
U 9 | F 018432 | FPS 0032 | D 594 | rR:mu sigma m M 0.00 0.00 0.00 0.00 | F:mu sigma m M 143.4 85.1 36.0 290.0 | H 1.098 | V -0.020 | pL -0.007 | vL 0.000 | delta 0.003
U 10 | F 020480 | FPS 0031 | D 660 | rR:mu sigma m M 0.00 0.00 0.00 0.00 | F:mu sigma m M 155.5 157.5 10.0 586.0 | H 1.098 | V -0.015 | pL -0.005 | vL 0.000 | delta 0.003
U 11 | F 022528 | FPS 0027 | D 735 | rR:mu sigma m M 0.00 0.00 0.00 0.00 | F:mu sigma m M 108.3 59.6 35.0 257.0 | H 1.098 | V -0.011 | pL -0.004 | vL 0.000 | delta 0.002
U 12 | F 024576 | FPS 0028 | D 809 | rR:mu sigma m M 0.00 0.00 0.00 0.00 | F:mu sigma m M 183.1 137.7 15.0 540.0 | H 1.098 | V -0.009 | pL -0.003 | vL 0.000 | delta 0.002
U 13 | F 026624 | FPS 0028 | D 883 | rR:mu sigma m M 0.00 0.00 0.00 0.00 | F:mu sigma m M 151.8 144.3 24.0 600.0 | H 1.098 | V -0.008 | pL -0.002 | vL 0.000 | delta 0.001
U 14 | F 028672 | FPS 0031 | D 949 | rR:mu sigma m M 0.00 0.00 0.00 0.00 | F:mu sigma m M 161.1 104.8 11.0 403.0 | H 1.098 | V -0.006 | pL -0.002 | vL 0.000 | delta 0.001
U 15 | F 030720 | FPS 0027 | D 1024 | rR:mu sigma m M 0.00 0.00 0.00 0.00 | F:mu sigma m M 156.2 129.4 11.0 492.0 | H 1.098 | V -0.004 | pL -0.001 | vL 0.000 | delta 0.001
U 16 | F 032768 | FPS 0027 | D 1100 | rR:mu sigma m M 0.00 0.00 0.00 0.00 | F:mu sigma m M 143.9 100.2 21.0 385.0 | H 1.098 | V -0.003 | pL -0.001 | vL 0.000 | delta 0.001
U 17 | F 034816 | FPS 0029 | D 1171 | rR:mu sigma m M 0.00 0.00 0.00 0.00 | F:mu sigma m M 163.3 144.6 18.0 615.0 | H 1.098 | V -0.002 | pL -0.001 | vL 0.000 | delta 0.000
U 18 | F 036864 | FPS 0028 | D 1245 | rR:mu sigma m M 0.00 0.00 0.00 0.00 | F:mu sigma m M 121.0 103.9 14.0 389.0 | H 1.099 | V -0.002 | pL -0.001 | vL 0.000 | delta 0.001
U 19 | F 038912 | FPS 0030 | D 1313 | rR:mu sigma m M 0.00 0.00 0.00 0.00 | F:mu sigma m M 204.0 157.6 30.0 660.0 | H 1.098 | V -0.001 | pL -0.000 | vL 0.000 | delta 0.000
U 20 | F 040960 | FPS 0031 | D 1380 | rR:mu sigma m M 0.00 0.00 0.00 0.00 | F:mu sigma m M 197.6 123.0 38.0 433.0 | H 1.099 | V -0.001 | pL -0.000 | vL 0.000 | delta 0.000
U 21 | F 043008 | FPS 0029 | D 1452 | rR:mu sigma m M 0.04 0.16 0.00 0.66 | F:mu sigma m M 227.5 133.3 31.0 536.0 | H 1.097 | V 0.006 | pL -0.005 | vL 0.002 | delta 0.014
U 22 | F 045056 | FPS 0026 | D 1532 | rR:mu sigma m M 0.00 0.00 0.00 0.00 | F:mu sigma m M 152.1 123.0 35.0 536.0 | H 1.098 | V 0.008 | pL 0.002 | vL 0.000 | delta 0.002
U 23 | F 047104 | FPS 0027 | D 1608 | rR:mu sigma m M 0.00 0.00 0.00 0.00 | F:mu sigma m M 122.2 82.4 35.0 292.0 | H 1.098 | V 0.006 | pL 0.001 | vL 0.000 | delta 0.001
U 24 | F 049152 | FPS 0028 | D 1680 | rR:mu sigma m M 0.00 0.00 0.00 0.00 | F:mu sigma m M 231.1 196.6 46.0 668.0 | H 1.099 | V 0.005 | pL 0.001 | vL 0.000 | delta 0.001
U 25 | F 051200 | FPS 0030 | D 1748 | rR:mu sigma m M 0.00 0.00 0.00 0.00 | F:mu sigma m M 242.9 183.6 46.0 668.0 | H 1.099 | V 0.004 | pL 0.001 | vL 0.000 | delta 0.000
U 26 | F 053248 | FPS 0028 | D 1821 | rR:mu sigma m M 0.00 0.00 0.00 0.00 | F:mu sigma m M 151.6 96.4 28.0 358.0 | H 1.099 | V 0.003 | pL 0.001 | vL 0.000 | delta 0.001
U 27 | F 055296 | FPS 0030 | D 1888 | rR:mu sigma m M 0.00 0.00 0.00 0.00 | F:mu sigma m M 119.7 69.7 29.0 286.0 | H 1.099 | V 0.003 | pL 0.001 | vL 0.000 | delta 0.000
U 28 | F 057344 | FPS 0029 | D 1959 | rR:mu sigma m M 0.00 0.00 0.00 0.00 | F:mu sigma m M 175.4 135.0 29.0 571.0 | H 1.099 | V 0.002 | pL 0.000 | vL 0.000 | delta 0.001
U 29 | F 059392 | FPS 0024 | D 2042 | rR:mu sigma m M 0.00 0.00 0.00 0.00 | F:mu sigma m M 182.5 138.5 13.0 468.0 | H 1.099 | V 0.003 | pL 0.000 | vL 0.000 | delta 0.000
U 30 | F 061440 | FPS 0028 | D 2116 | rR:mu sigma m M 0.04 0.16 0.00 0.66 | F:mu sigma m M 171.1 130.7 44.0 468.0 | H 1.097 | V 0.007 | pL -0.004 | vL 0.001 | delta 0.014
U 31 | F 063488 | FPS 0025 | D 2199 | rR:mu sigma m M 0.04 0.16 0.00 0.66 | F:mu sigma m M 156.5 119.3 27.0 418.0 | H 1.098 | V 0.006 | pL 0.001 | vL 0.000 | delta 0.002
U 32 | F 065536 | FPS 0029 | D 2269 | rR:mu sigma m M 0.00 0.00 0.00 0.00 | F:mu sigma m M 200.7 110.8 28.0 424.0 | H 1.099 | V 0.004 | pL 0.001 | vL 0.000 | delta 0.002
U 33 | F 067584 | FPS 0032 | D 2333 | rR:mu sigma m M 0.00 0.00 0.00 0.00 | F:mu sigma m M 160.9 149.3 28.0 574.0 | H 1.099 | V 0.002 | pL 0.001 | vL 0.000 | delta 0.002
U 34 | F 069632 | FPS 0026 | D 2411 | rR:mu sigma m M 0.00 0.00 0.00 0.00 | F:mu sigma m M 249.2 171.3 50.0 608.0 | H 1.099 | V 0.001 | pL 0.000 | vL 0.000 | delta 0.000
U 35 | F 071680 | FPS 0028 | D 2485 | rR:mu sigma m M 0.00 0.00 0.00 0.00 | F:mu sigma m M 196.6 151.6 50.0 608.0 | H 1.099 | V 0.001 | pL 0.000 | vL 0.000 | delta 0.001
U 36 | F 073728 | FPS 0027 | D 2560 | rR:mu sigma m M 0.00 0.00 0.00 0.00 | F:mu sigma m M 180.9 112.2 20.0 364.0 | H 1.099 | V 0.001 | pL 0.000 | vL 0.000 | delta 0.001
U 37 | F 075776 | FPS 0029 | D 2630 | rR:mu sigma m M 0.00 0.00 0.00 0.00 | F:mu sigma m M 139.4 109.9 28.0 420.0 | H 1.099 | V 0.001 | pL 0.000 | vL 0.000 | delta 0.001
U 38 | F 077824 | FPS 0027 | D 2705 | rR:mu sigma m M 0.00 0.00 0.00 0.00 | F:mu sigma m M 161.1 120.9 24.0 521.0 | H 1.099 | V 0.001 | pL 0.000 | vL 0.000 | delta 0.002
U 39 | F 079872 | FPS 0031 | D 2771 | rR:mu sigma m M 0.05 0.20 0.00 0.87 | F:mu sigma m M 135.1 129.5 24.0 563.0 | H 1.096 | V 0.010 | pL -0.007 | vL 0.002 | delta 0.024
U 40 | F 081920 | FPS 0032 | D 2835 | rR:mu sigma m M 0.00 0.00 0.00 0.00 | F:mu sigma m M 159.1 159.0 12.0 708.0 | H 1.094 | V -0.007 | pL -0.003 | vL 0.000 | delta 0.004
U 41 | F 083968 | FPS 0034 | D 2896 | rR:mu sigma m M 0.03 0.14 0.00 0.64 | F:mu sigma m M 154.3 172.4 20.0 766.0 | H 1.098 | V 0.001 | pL -0.007 | vL 0.000 | delta 0.014
U 42 | F 086016 | FPS 0030 | D 2964 | rR:mu sigma m M 0.04 0.16 0.00 0.64 | F:mu sigma m M 129.5 94.1 22.0 359.0 | H 1.098 | V -0.007 | pL -0.003 | vL 0.000 | delta 0.002
U 43 | F 088064 | FPS 0029 | D 3034 | rR:mu sigma m M 0.00 0.00 0.00 0.00 | F:mu sigma m M 147.2 86.4 30.0 299.0 | H 1.099 | V -0.004 | pL -0.002 | vL 0.000 | delta 0.002
U 44 | F 090112 | FPS 0028 | D 3108 | rR:mu sigma m M 0.00 0.00 0.00 0.00 | F:mu sigma m M 117.4 55.2 37.0 208.0 | H 1.098 | V -0.003 | pL -0.001 | vL 0.000 | delta 0.001
U 45 | F 092160 | FPS 0026 | D 3188 | rR:mu sigma m M 0.00 0.00 0.00 0.00 | F:mu sigma m M 149.8 113.3 30.0 435.0 | H 1.099 | V -0.002 | pL -0.001 | vL 0.000 | delta 0.001
U 46 | F 094208 | FPS 0030 | D 3257 | rR:mu sigma m M 0.00 0.00 0.00 0.00 | F:mu sigma m M 169.0 140.6 30.0 492.0 | H 1.099 | V -0.002 | pL -0.001 | vL 0.000 | delta 0.000
U 47 | F 096256 | FPS 0028 | D 3330 | rR:mu sigma m M 0.00 0.00 0.00 0.00 | F:mu sigma m M 163.8 94.3 29.0 315.0 | H 1.099 | V -0.002 | pL -0.001 | vL 0.000 | delta 0.000
U 48 | F 098304 | FPS 0028 | D 3402 | rR:mu sigma m M 0.00 0.00 0.00 0.00 | F:mu sigma m M 152.6 120.9 12.0 448.0 | H 1.099 | V -0.001 | pL -0.000 | vL 0.000 | delta 0.000
U 49 | F 100352 | FPS 0031 | D 3468 | rR:mu sigma m M 0.00 0.00 0.00 0.00 | F:mu sigma m M 106.9 71.3 28.0 350.0 | H 1.099 | V -0.001 | pL -0.000 | vL 0.000 | delta 0.000
U 50 | F 102400 | FPS 0030 | D 3537 | rR:mu sigma m M 0.00 0.00 0.00 0.00 | F:mu sigma m M 153.2 137.3 55.0 597.0 | H 1.099 | V -0.001 | pL -0.000 | vL 0.000 | delta 0.000
U 51 | F 104448 | FPS 0026 | D 3614 | rR:mu sigma m M 0.00 0.00 0.00 0.00 | F:mu sigma m M 198.8 126.6 20.0 441.0 | H 1.099 | V -0.000 | pL -0.000 | vL 0.000 | delta 0.000
U 52 | F 106496 | FPS 0026 | D 3692 | rR:mu sigma m M 0.00 0.00 0.00 0.00 | F:mu sigma m M 200.2 125.4 20.0 441.0 | H 1.099 | V -0.000 | pL -0.000 | vL 0.000 | delta 0.000
U 53 | F 108544 | FPS 0026 | D 3770 | rR:mu sigma m M 0.00 0.00 0.00 0.00 | F:mu sigma m M 198.8 92.6 58.0 357.0 | H 1.099 | V -0.000 | pL -0.000 | vL 0.000 | delta 0.000
U 54 | F 110592 | FPS 0029 | D 3840 | rR:mu sigma m M 0.00 0.00 0.00 0.00 | F:mu sigma m M 245.0 115.9 72.0 550.0 | H 1.099 | V -0.000 | pL -0.000 | vL 0.000 | delta 0.000
U 55 | F 112640 | FPS 0030 | D 3908 | rR:mu sigma m M 0.00 0.00 0.00 0.00 | F:mu sigma m M 198.3 164.1 35.0 550.0 | H 1.098 | V 0.002 | pL 0.000 | vL 0.000 | delta 0.002
U 56 | F 114688 | FPS 0026 | D 3986 | rR:mu sigma m M 0.00 0.00 0.00 0.00 | F:mu sigma m M 227.6 180.3 50.0 601.0 | H 1.099 | V 0.000 | pL 0.000 | vL 0.000 | delta 0.000
U 57 | F 116736 | FPS 0027 | D 4063 | rR:mu sigma m M 0.00 0.00 0.00 0.00 | F:mu sigma m M 195.7 209.8 48.0 772.0 | H 1.099 | V -0.000 | pL 0.000 | vL 0.000 | delta 0.000
U 58 | F 118784 | FPS 0029 | D 4135 | rR:mu sigma m M 0.00 0.00 0.00 0.00 | F:mu sigma m M 115.6 92.9 18.0 420.0 | H 1.099 | V -0.000 | pL -0.000 | vL 0.000 | delta 0.000
U 59 | F 120832 | FPS 0028 | D 4208 | rR:mu sigma m M 0.00 0.00 0.00 0.00 | F:mu sigma m M 152.8 135.3 18.0 495.0 | H 1.099 | V 0.000 | pL -0.000 | vL 0.000 | delta 0.000
U 60 | F 122880 | FPS 0027 | D 4285 | rR:mu sigma m M 0.00 0.00 0.00 0.00 | F:mu sigma m M 267.5 249.4 33.0 900.0 | H 1.099 | V 0.000 | pL 0.000 | vL 0.000 | delta 0.001
U 61 | F 124928 | FPS 0027 | D 4361 | rR:mu sigma m M 0.00 0.00 0.00 0.00 | F:mu sigma m M 209.5 208.3 33.0 900.0 | H 1.099 | V 0.000 | pL 0.000 | vL 0.000 | delta 0.000
U 62 | F 126976 | FPS 0029 | D 4431 | rR:mu sigma m M 0.00 0.00 0.00 0.00 | F:mu sigma m M 221.0 228.5 62.0 900.0 | H 1.099 | V 0.000 | pL 0.000 | vL 0.000 | delta 0.000
U 63 | F 129024 | FPS 0028 | D 4504 | rR:mu sigma m M 0.00 0.00 0.00 0.00 | F:mu sigma m M 194.1 155.1 16.0 668.0 | H 1.099 | V 0.000 | pL 0.000 | vL 0.000 | delta 0.000
U 64 | F 131072 | FPS 0028 | D 4578 | rR:mu sigma m M 0.00 0.00 0.00 0.00 | F:mu sigma m M 182.7 114.4 48.0 505.0 | H 1.099 | V 0.000 | pL 0.000 | vL 0.000 | delta 0.000
U 65 | F 133120 | FPS 0025 | D 4661 | rR:mu sigma m M 0.00 0.00 0.00 0.00 | F:mu sigma m M 215.2 187.9 28.0 718.0 | H 1.099 | V 0.000 | pL 0.000 | vL 0.000 | delta 0.000
U 66 | F 135168 | FPS 0027 | D 4737 | rR:mu sigma m M 0.00 0.00 0.00 0.00 | F:mu sigma m M 163.2 108.6 32.0 473.0 | H 1.099 | V 0.000 | pL -0.000 | vL 0.000 | delta 0.000
U 67 | F 137216 | FPS 0027 | D 4814 | rR:mu sigma m M 0.00 0.00 0.00 0.00 | F:mu sigma m M 139.2 98.5 37.0 421.0 | H 1.099 | V 0.000 | pL -0.000 | vL 0.000 | delta 0.000
U 68 | F 139264 | FPS 0027 | D 4890 | rR:mu sigma m M 0.00 0.00 0.00 0.00 | F:mu sigma m M 149.1 118.1 29.0 498.0 | H 1.099 | V 0.000 | pL 0.000 | vL 0.000 | delta 0.000
U 69 | F 141312 | FPS 0028 | D 4964 | rR:mu sigma m M 0.00 0.00 0.00 0.00 | F:mu sigma m M 184.4 174.5 38.0 598.0 | H 1.099 | V 0.000 | pL 0.000 | vL 0.000 | delta 0.000
U 70 | F 143360 | FPS 0032 | D 5029 | rR:mu sigma m M 0.00 0.00 0.00 0.00 | F:mu sigma m M 89.0 54.5 24.0 224.0 | H 1.099 | V 0.000 | pL -0.000 | vL 0.000 | delta 0.000
U 71 | F 145408 | FPS 0030 | D 5097 | rR:mu sigma m M 0.00 0.00 0.00 0.00 | F:mu sigma m M 193.1 131.0 48.0 505.0 | H 1.099 | V 0.001 | pL -0.000 | vL 0.000 | delta 0.000
U 72 | F 147456 | FPS 0031 | D 5163 | rR:mu sigma m M 0.00 0.00 0.00 0.00 | F:mu sigma m M 162.4 106.5 15.0 433.0 | H 1.099 | V 0.000 | pL 0.000 | vL 0.000 | delta 0.000
U 73 | F 149504 | FPS 0028 | D 5236 | rR:mu sigma m M 0.00 0.00 0.00 0.00 | F:mu sigma m M 162.9 75.7 48.0 298.0 | H 1.099 | V 0.000 | pL -0.000 | vL 0.000 | delta 0.000
U 74 | F 151552 | FPS 0032 | D 5299 | rR:mu sigma m M 0.00 0.00 0.00 0.00 | F:mu sigma m M 158.2 97.4 46.0 363.0 | H 1.099 | V 0.000 | pL 0.000 | vL 0.000 | delta 0.000
U 75 | F 153600 | FPS 0028 | D 5372 | rR:mu sigma m M 0.00 0.00 0.00 0.00 | F:mu sigma m M 146.5 123.3 23.0 470.0 | H 1.099 | V 0.000 | pL 0.000 | vL 0.000 | delta 0.000
U 76 | F 155648 | FPS 0030 | D 5439 | rR:mu sigma m M 0.00 0.00 0.00 0.00 | F:mu sigma m M 134.2 89.0 36.0 382.0 | H 1.099 | V 0.000 | pL 0.000 | vL 0.000 | delta 0.000
U 77 | F 157696 | FPS 0031 | D 5506 | rR:mu sigma m M 0.00 0.00 0.00 0.00 | F:mu sigma m M 161.5 100.6 36.0 382.0 | H 1.099 | V 0.000 | pL 0.000 | vL 0.000 | delta 0.000
U 78 | F 159744 | FPS 0029 | D 5578 | rR:mu sigma m M 0.00 0.00 0.00 0.00 | F:mu sigma m M 150.5 76.6 39.0 327.0 | H 1.099 | V 0.000 | pL -0.000 | vL 0.000 | delta 0.000
U 79 | F 161792 | FPS 0032 | D 5642 | rR:mu sigma m M 0.00 0.00 0.00 0.00 | F:mu sigma m M 167.6 122.4 39.0 568.0 | H 1.099 | V 0.000 | pL 0.000 | vL 0.000 | delta 0.000
U 80 | F 163840 | FPS 0028 | D 5717 | rR:mu sigma m M 0.00 0.00 0.00 0.00 | F:mu sigma m M 128.2 85.7 47.0 407.0 | H 1.099 | V 0.000 | pL 0.000 | vL 0.000 | delta 0.000
U 81 | F 165888 | FPS 0029 | D 5787 | rR:mu sigma m M 0.00 0.00 0.00 0.00 | F:mu sigma m M 165.6 147.2 53.0 635.0 | H 1.099 | V -0.000 | pL -0.000 | vL 0.000 | delta 0.000
U 82 | F 167936 | FPS 0025 | D 5869 | rR:mu sigma m M 0.00 0.00 0.00 0.00 | F:mu sigma m M 230.0 152.3 38.0 635.0 | H 1.099 | V 0.000 | pL 0.000 | vL 0.000 | delta 0.000
U 83 | F 169984 | FPS 0027 | D 5944 | rR:mu sigma m M 0.00 0.00 0.00 0.00 | F:mu sigma m M 114.9 107.6 14.0 443.0 | H 1.099 | V 0.000 | pL 0.000 | vL 0.000 | delta 0.000
U 84 | F 172032 | FPS 0029 | D 6014 | rR:mu sigma m M 0.00 0.00 0.00 0.00 | F:mu sigma m M 212.4 193.7 29.0 638.0 | H 1.099 | V 0.000 | pL 0.000 | vL 0.000 | delta 0.000
U 85 | F 174080 | FPS 0030 | D 6083 | rR:mu sigma m M 0.00 0.00 0.00 0.00 | F:mu sigma m M 157.4 169.6 16.0 717.0 | H 1.099 | V 0.000 | pL 0.000 | vL 0.000 | delta 0.000
U 86 | F 176128 | FPS 0026 | D 6161 | rR:mu sigma m M 0.00 0.00 0.00 0.00 | F:mu sigma m M 147.0 97.2 48.0 354.0 | H 1.099 | V 0.000 | pL 0.000 | vL 0.000 | delta 0.000
U 87 | F 178176 | FPS 0030 | D 6230 | rR:mu sigma m M 0.00 0.00 0.00 0.00 | F:mu sigma m M 202.8 162.6 39.0 485.0 | H 1.099 | V 0.000 | pL -0.000 | vL 0.000 | delta 0.000
U 88 | F 180224 | FPS 0024 | D 6314 | rR:mu sigma m M 0.00 0.00 0.00 0.00 | F:mu sigma m M 157.9 117.8 22.0 434.0 | H 1.099 | V 0.000 | pL 0.000 | vL 0.000 | delta 0.000
U 89 | F 182272 | FPS 0026 | D 6394 | rR:mu sigma m M 0.00 0.00 0.00 0.00 | F:mu sigma m M 165.9 124.8 43.0 515.0 | H 1.099 | V 0.000 | pL 0.000 | vL 0.000 | delta 0.000
U 90 | F 184320 | FPS 0033 | D 6456 | rR:mu sigma m M 0.00 0.00 0.00 0.00 | F:mu sigma m M 200.0 147.5 43.0 515.0 | H 1.099 | V 0.000 | pL 0.000 | vL 0.000 | delta 0.000
U 91 | F 186368 | FPS 0027 | D 6533 | rR:mu sigma m M 0.00 0.00 0.00 0.00 | F:mu sigma m M 205.0 144.6 22.0 507.0 | H 1.099 | V 0.000 | pL -0.000 | vL 0.000 | delta 0.000
U 92 | F 188416 | FPS 0028 | D 6605 | rR:mu sigma m M 0.00 0.00 0.00 0.00 | F:mu sigma m M 179.5 107.3 22.0 385.0 | H 1.099 | V 0.000 | pL 0.000 | vL 0.000 | delta 0.000
U 93 | F 190464 | FPS 0029 | D 6676 | rR:mu sigma m M 0.00 0.00 0.00 0.00 | F:mu sigma m M 203.9 133.7 44.0 486.0 | H 1.099 | V 0.000 | pL -0.000 | vL 0.000 | delta 0.000
U 94 | F 192512 | FPS 0028 | D 6750 | rR:mu sigma m M 0.00 0.00 0.00 0.00 | F:mu sigma m M 177.4 106.4 31.0 353.0 | H 1.099 | V 0.000 | pL 0.000 | vL 0.000 | delta 0.000
U 95 | F 194560 | FPS 0030 | D 6818 | rR:mu sigma m M 0.00 0.00 0.00 0.00 | F:mu sigma m M 154.6 120.2 31.0 491.0 | H 1.099 | V 0.000 | pL -0.000 | vL 0.000 | delta 0.000
U 96 | F 196608 | FPS 0030 | D 6887 | rR:mu sigma m M 0.00 0.00 0.00 0.00 | F:mu sigma m M 175.7 129.7 36.0 491.0 | H 1.099 | V 0.000 | pL 0.000 | vL 0.000 | delta 0.000
U 97 | F 198656 | FPS 0029 | D 6958 | rR:mu sigma m M 0.00 0.00 0.00 0.00 | F:mu sigma m M 252.2 193.5 56.0 760.0 | H 1.099 | V 0.000 | pL 0.000 | vL 0.000 | delta 0.000
U 98 | F 200704 | FPS 0032 | D 7022 | rR:mu sigma m M 0.00 0.00 0.00 0.00 | F:mu sigma m M 157.2 105.6 27.0 336.0 | H 1.099 | V -0.000 | pL -0.000 | vL 0.000 | delta 0.000
U 99 | F 202752 | FPS 0027 | D 7097 | rR:mu sigma m M 0.00 0.00 0.00 0.00 | F:mu sigma m M 158.2 97.6 28.0 347.0 | H 1.099 | V -0.000 | pL -0.000 | vL 0.000 | delta 0.000
U 100 | F 204800 | FPS 0030 | D 7166 | rR:mu sigma m M 0.00 0.00 0.00 0.00 | F:mu sigma m M 197.5 124.9 15.0 461.0 | H 1.099 | V -0.000 | pL -0.000 | vL 0.000 | delta 0.000
U 101 | F 206848 | FPS 0027 | D 7242 | rR:mu sigma m M 0.00 0.00 0.00 0.00 | F:mu sigma m M 144.1 122.1 13.0 466.0 | H 1.099 | V -0.000 | pL -0.000 | vL 0.000 | delta 0.000
U 102 | F 208896 | FPS 0030 | D 7312 | rR:mu sigma m M 0.00 0.00 0.00 0.00 | F:mu sigma m M 103.4 79.9 13.0 256.0 | H 1.099 | V -0.000 | pL -0.000 | vL 0.000 | delta 0.000
U 103 | F 210944 | FPS 0031 | D 7378 | rR:mu sigma m M 0.00 0.00 0.00 0.00 | F:mu sigma m M 169.8 90.7 13.0 296.0 | H 1.099 | V -0.000 | pL -0.000 | vL 0.000 | delta 0.000
U 104 | F 212992 | FPS 0028 | D 7451 | rR:mu sigma m M 0.00 0.00 0.00 0.00 | F:mu sigma m M 175.7 166.8 40.0 715.0 | H 1.099 | V 0.000 | pL -0.000 | vL 0.000 | delta 0.000
U 105 | F 215040 | FPS 0027 | D 7526 | rR:mu sigma m M 0.00 0.00 0.00 0.00 | F:mu sigma m M 233.2 169.6 53.0 715.0 | H 1.099 | V 0.000 | pL 0.000 | vL 0.000 | delta 0.000
U 106 | F 217088 | FPS 0029 | D 7596 | rR:mu sigma m M 0.04 0.17 0.00 0.70 | F:mu sigma m M 196.0 134.0 33.0 601.0 | H 1.092 | V 0.004 | pL -0.004 | vL 0.001 | delta 0.015
U 107 | F 219136 | FPS 0031 | D 7663 | rR:mu sigma m M 0.00 0.00 0.00 0.00 | F:mu sigma m M 166.9 104.6 56.0 407.0 | H 1.098 | V -0.016 | pL -0.005 | vL 0.000 | delta 0.006
U 108 | F 221184 | FPS 0029 | D 7734 | rR:mu sigma m M 0.00 0.00 0.00 0.00 | F:mu sigma m M 125.1 88.8 13.0 293.0 | H 1.098 | V -0.010 | pL -0.004 | vL 0.000 | delta 0.002
U 109 | F 223232 | FPS 0028 | D 7806 | rR:mu sigma m M 0.00 0.00 0.00 0.00 | F:mu sigma m M 115.9 78.2 11.0 305.0 | H 1.098 | V -0.007 | pL -0.003 | vL 0.000 | delta 0.001
U 110 | F 225280 | FPS 0027 | D 7882 | rR:mu sigma m M 0.00 0.00 0.00 0.00 | F:mu sigma m M 126.4 67.7 11.0 265.0 | H 1.099 | V -0.005 | pL -0.002 | vL 0.000 | delta 0.001
U 111 | F 227328 | FPS 0030 | D 7951 | rR:mu sigma m M 0.05 0.18 0.00 0.75 | F:mu sigma m M 118.9 67.3 28.0 247.0 | H 1.097 | V 0.002 | pL -0.007 | vL 0.001 | delta 0.015
U 112 | F 229376 | FPS 0029 | D 8022 | rR:mu sigma m M 0.05 0.18 0.00 0.75 | F:mu sigma m M 163.5 116.6 28.0 458.0 | H 1.099 | V -0.002 | pL -0.001 | vL 0.000 | delta 0.001
U 113 | F 231424 | FPS 0027 | D 8097 | rR:mu sigma m M 0.00 0.00 0.00 0.00 | F:mu sigma m M 181.0 107.5 36.0 458.0 | H 1.099 | V -0.002 | pL -0.001 | vL 0.000 | delta 0.001
U 114 | F 233472 | FPS 0029 | D 8169 | rR:mu sigma m M 0.00 0.00 0.00 0.00 | F:mu sigma m M 168.9 133.5 36.0 534.0 | H 1.099 | V -0.001 | pL -0.000 | vL 0.000 | delta 0.001
U 115 | F 235520 | FPS 0026 | D 8247 | rR:mu sigma m M 0.00 0.00 0.00 0.00 | F:mu sigma m M 232.2 194.3 51.0 850.0 | H 1.098 | V -0.000 | pL -0.000 | vL 0.000 | delta 0.001
U 116 | F 237568 | FPS 0029 | D 8318 | rR:mu sigma m M 0.00 0.00 0.00 0.00 | F:mu sigma m M 229.6 197.4 45.0 850.0 | H 1.099 | V -0.001 | pL -0.000 | vL 0.000 | delta 0.000
U 117 | F 239616 | FPS 0030 | D 8387 | rR:mu sigma m M 0.00 0.00 0.00 0.00 | F:mu sigma m M 145.0 113.6 17.0 465.0 | H 1.099 | V -0.001 | pL -0.000 | vL 0.000 | delta 0.000
U 118 | F 241664 | FPS 0029 | D 8457 | rR:mu sigma m M 0.00 0.00 0.00 0.00 | F:mu sigma m M 164.3 130.9 17.0 465.0 | H 1.099 | V 0.000 | pL -0.000 | vL 0.000 | delta 0.001
U 119 | F 243712 | FPS 0026 | D 8535 | rR:mu sigma m M 0.00 0.00 0.00 0.00 | F:mu sigma m M 227.0 156.7 45.0 584.0 | H 1.099 | V -0.000 | pL 0.000 | vL 0.000 | delta 0.000
U 120 | F 245760 | FPS 0028 | D 8609 | rR:mu sigma m M 0.00 0.00 0.00 0.00 | F:mu sigma m M 145.2 126.8 45.0 584.0 | H 1.099 | V -0.000 | pL -0.000 | vL 0.000 | delta 0.000
U 121 | F 247808 | FPS 0029 | D 8681 | rR:mu sigma m M 0.00 0.00 0.00 0.00 | F:mu sigma m M 123.9 95.1 30.0 389.0 | H 1.099 | V -0.000 | pL -0.000 | vL 0.000 | delta 0.000
U 122 | F 249856 | FPS 0029 | D 8752 | rR:mu sigma m M 0.00 0.00 0.00 0.00 | F:mu sigma m M 203.1 163.6 20.0 640.0 | H 1.098 | V 0.004 | pL -0.003 | vL 0.000 | delta 0.004
U 123 | F 251904 | FPS 0030 | D 8820 | rR:mu sigma m M 0.06 0.22 0.00 0.90 | F:mu sigma m M 189.9 144.0 42.0 536.0 | H 1.097 | V 0.004 | pL -0.004 | vL 0.001 | delta 0.012
U 124 | F 253952 | FPS 0028 | D 8894 | rR:mu sigma m M 0.00 0.00 0.00 0.00 | F:mu sigma m M 170.7 193.6 22.0 837.0 | H 1.099 | V 0.002 | pL 0.001 | vL 0.000 | delta 0.002
U 125 | F 256000 | FPS 0028 | D 8968 | rR:mu sigma m M 0.00 0.00 0.00 0.00 | F:mu sigma m M 146.4 82.3 37.0 364.0 | H 1.099 | V 0.002 | pL 0.000 | vL 0.000 | delta 0.000
U 126 | F 258048 | FPS 0028 | D 9041 | rR:mu sigma m M 0.00 0.00 0.00 0.00 | F:mu sigma m M 144.2 83.1 50.0 364.0 | H 1.099 | V 0.001 | pL 0.000 | vL 0.000 | delta 0.000
U 127 | F 260096 | FPS 0028 | D 9114 | rR:mu sigma m M 0.00 0.00 0.00 0.00 | F:mu sigma m M 171.8 137.9 50.0 526.0 | H 1.099 | V 0.001 | pL 0.000 | vL 0.000 | delta 0.000
U 128 | F 262144 | FPS 0027 | D 9188 | rR:mu sigma m M 0.00 0.00 0.00 0.00 | F:mu sigma m M 199.9 143.0 43.0 595.0 | H 1.098 | V 0.001 | pL 0.000 | vL 0.000 | delta 0.001
U 129 | F 264192 | FPS 0028 | D 9261 | rR:mu sigma m M 0.00 0.00 0.00 0.00 | F:mu sigma m M 166.9 150.4 22.0 595.0 | H 1.099 | V 0.000 | pL 0.000 | vL 0.000 | delta 0.000
U 130 | F 266240 | FPS 0031 | D 9327 | rR:mu sigma m M 0.00 0.00 0.00 0.00 | F:mu sigma m M 167.7 172.6 17.0 716.0 | H 1.099 | V 0.000 | pL 0.000 | vL 0.000 | delta 0.000
U 131 | F 268288 | FPS 0029 | D 9398 | rR:mu sigma m M 0.00 0.00 0.00 0.00 | F:mu sigma m M 176.3 175.2 29.0 626.0 | H 1.099 | V 0.000 | pL 0.000 | vL 0.000 | delta 0.000
U 132 | F 270336 | FPS 0030 | D 9467 | rR:mu sigma m M 0.00 0.00 0.00 0.00 | F:mu sigma m M 186.6 146.6 29.0 626.0 | H 1.099 | V 0.000 | pL 0.000 | vL 0.000 | delta 0.000
U 133 | F 272384 | FPS 0024 | D 9554 | rR:mu sigma m M 0.00 0.00 0.00 0.00 | F:mu sigma m M 129.2 77.5 44.0 291.0 | H 1.099 | V 0.000 | pL -0.000 | vL 0.000 | delta 0.000
U 134 | F 274432 | FPS 0027 | D 9628 | rR:mu sigma m M 0.05 0.21 0.00 0.85 | F:mu sigma m M 153.4 125.5 22.0 435.0 | H 1.093 | V 0.007 | pL -0.008 | vL 0.001 | delta 0.014
U 135 | F 276480 | FPS 0033 | D 9691 | rR:mu sigma m M 0.05 0.21 0.00 0.85 | F:mu sigma m M 117.8 89.3 19.0 282.0 | H 1.098 | V -0.006 | pL -0.002 | vL 0.000 | delta 0.007
U 136 | F 278528 | FPS 0030 | D 9760 | rR:mu sigma m M 0.00 0.00 0.00 0.00 | F:mu sigma m M 178.2 155.3 13.0 684.0 | H 1.098 | V -0.007 | pL -0.002 | vL 0.000 | delta 0.001
U 137 | F 280576 | FPS 0030 | D 9829 | rR:mu sigma m M 0.00 0.00 0.00 0.00 | F:mu sigma m M 209.1 238.8 13.0 887.0 | H 1.098 | V -0.004 | pL -0.002 | vL 0.000 | delta 0.003
U 138 | F 282624 | FPS 0028 | D 9901 | rR:mu sigma m M 0.00 0.00 0.00 0.00 | F:mu sigma m M 170.9 211.2 23.0 887.0 | H 1.098 | V -0.004 | pL -0.001 | vL 0.000 | delta 0.001
U 139 | F 284672 | FPS 0028 | D 9975 | rR:mu sigma m M 0.00 0.00 0.00 0.00 | F:mu sigma m M 147.6 115.1 23.0 436.0 | H 1.098 | V -0.003 | pL -0.001 | vL 0.000 | delta 0.001
U 140 | F 286720 | FPS 0029 | D 10046 | rR:mu sigma m M 0.00 0.00 0.00 0.00 | F:mu sigma m M 165.8 162.8 21.0 657.0 | H 1.099 | V -0.002 | pL -0.000 | vL 0.000 | delta 0.000
U 141 | F 288768 | FPS 0027 | D 10121 | rR:mu sigma m M 0.00 0.00 0.00 0.00 | F:mu sigma m M 172.6 172.2 21.0 641.0 | H 1.099 | V -0.001 | pL -0.000 | vL 0.000 | delta 0.001
U 142 | F 290816 | FPS 0027 | D 10197 | rR:mu sigma m M 0.00 0.00 0.00 0.00 | F:mu sigma m M 105.4 120.2 16.0 514.0 | H 1.098 | V 0.004 | pL -0.000 | vL 0.000 | delta 0.012
U 143 | F 292864 | FPS 0028 | D 10271 | rR:mu sigma m M 0.00 0.00 0.00 0.00 | F:mu sigma m M 136.2 114.2 16.0 465.0 | H 1.098 | V 0.008 | pL 0.002 | vL 0.000 | delta 0.003
U 144 | F 294912 | FPS 0028 | D 10343 | rR:mu sigma m M 0.03 0.13 0.00 0.54 | F:mu sigma m M 216.2 235.6 20.0 900.0 | H 1.097 | V 0.011 | pL -0.002 | vL 0.000 | delta 0.006
U 145 | F 296960 | FPS 0028 | D 10418 | rR:mu sigma m M 0.02 0.09 0.00 0.37 | F:mu sigma m M 260.6 247.7 24.0 900.0 | H 1.096 | V 0.013 | pL -0.001 | vL 0.000 | delta 0.005
U 146 | F 299008 | FPS 0029 | D 10488 | rR:mu sigma m M 0.02 0.09 0.00 0.37 | F:mu sigma m M 206.4 147.2 50.0 632.0 | H 1.099 | V 0.004 | pL 0.001 | vL 0.000 | delta 0.002
U 147 | F 301056 | FPS 0034 | D 10548 | rR:mu sigma m M 0.05 0.21 0.00 0.87 | F:mu sigma m M 136.5 129.9 7.0 537.0 | H 1.091 | V 0.012 | pL -0.005 | vL 0.001 | delta 0.013
U 148 | F 303104 | FPS 0033 | D 10611 | rR:mu sigma m M 0.00 0.00 0.00 0.00 | F:mu sigma m M 170.3 167.3 28.0 659.0 | H 1.096 | V 0.010 | pL 0.001 | vL 0.000 | delta 0.011
U 149 | F 305152 | FPS 0029 | D 10682 | rR:mu sigma m M 0.00 0.00 0.00 0.00 | F:mu sigma m M 131.9 142.4 28.0 659.0 | H 1.096 | V 0.013 | pL -0.004 | vL 0.000 | delta 0.010
U 150 | F 307200 | FPS 0032 | D 10747 | rR:mu sigma m M 0.05 0.21 0.00 0.87 | F:mu sigma m M 156.1 78.1 39.0 341.0 | H 1.098 | V -0.000 | pL -0.000 | vL 0.000 | delta 0.012
U 151 | F 309248 | FPS 0027 | D 10823 | rR:mu sigma m M 0.00 0.00 0.00 0.00 | F:mu sigma m M 182.4 129.1 39.0 470.0 | H 1.098 | V -0.006 | pL -0.002 | vL 0.000 | delta 0.002
U 152 | F 311296 | FPS 0029 | D 10895 | rR:mu sigma m M 0.00 0.00 0.00 0.00 | F:mu sigma m M 138.4 86.6 22.0 322.0 | H 1.098 | V 0.009 | pL -0.005 | vL 0.001 | delta 0.011
U 153 | F 313344 | FPS 0030 | D 10964 | rR:mu sigma m M 0.00 0.00 0.00 0.00 | F:mu sigma m M 154.0 103.5 22.0 358.0 | H 1.095 | V 0.001 | pL 0.001 | vL 0.000 | delta 0.002
U 154 | F 315392 | FPS 0027 | D 11039 | rR:mu sigma m M 0.00 0.00 0.00 0.00 | F:mu sigma m M 173.9 95.5 47.0 385.0 | H 1.098 | V 0.005 | pL 0.001 | vL 0.000 | delta 0.002
U 155 | F 317440 | FPS 0028 | D 11111 | rR:mu sigma m M 0.00 0.00 0.00 0.00 | F:mu sigma m M 223.2 171.5 40.0 651.0 | H 1.098 | V 0.001 | pL 0.001 | vL 0.000 | delta 0.003
U 156 | F 319488 | FPS 0025 | D 11191 | rR:mu sigma m M 0.04 0.14 0.00 0.58 | F:mu sigma m M 247.8 176.3 39.0 651.0 | H 1.097 | V 0.007 | pL -0.004 | vL 0.001 | delta 0.008
U 157 | F 321536 | FPS 0029 | D 11262 | rR:mu sigma m M 0.04 0.14 0.00 0.58 | F:mu sigma m M 188.2 108.7 39.0 417.0 | H 1.098 | V 0.002 | pL 0.001 | vL 0.000 | delta 0.001
U 158 | F 323584 | FPS 0029 | D 11333 | rR:mu sigma m M 0.00 0.00 0.00 0.00 | F:mu sigma m M 213.6 145.9 13.0 581.0 | H 1.099 | V 0.002 | pL 0.001 | vL 0.000 | delta 0.000
U 159 | F 325632 | FPS 0033 | D 11395 | rR:mu sigma m M 0.00 0.00 0.00 0.00 | F:mu sigma m M 192.9 139.6 9.0 581.0 | H 1.099 | V 0.001 | pL 0.000 | vL 0.000 | delta 0.000
U 160 | F 327680 | FPS 0028 | D 11468 | rR:mu sigma m M 0.00 0.00 0.00 0.00 | F:mu sigma m M 170.1 118.0 9.0 365.0 | H 1.098 | V 0.002 | pL 0.000 | vL 0.000 | delta 0.001
U 161 | F 329728 | FPS 0029 | D 11539 | rR:mu sigma m M 0.00 0.00 0.00 0.00 | F:mu sigma m M 181.9 148.6 23.0 534.0 | H 1.099 | V 0.002 | pL 0.000 | vL 0.000 | delta 0.000
U 162 | F 331776 | FPS 0032 | D 11604 | rR:mu sigma m M 0.05 0.18 0.00 0.74 | F:mu sigma m M 131.8 87.8 20.0 345.0 | H 1.097 | V 0.009 | pL -0.006 | vL 0.001 | delta 0.008
U 163 | F 333824 | FPS 0031 | D 11670 | rR:mu sigma m M 0.00 0.00 0.00 0.00 | F:mu sigma m M 145.6 112.6 20.0 458.0 | H 1.098 | V -0.000 | pL 0.000 | vL 0.000 | delta 0.001
U 164 | F 335872 | FPS 0031 | D 11736 | rR:mu sigma m M 0.00 0.00 0.00 0.00 | F:mu sigma m M 137.6 127.0 19.0 505.0 | H 1.099 | V -0.001 | pL -0.000 | vL 0.000 | delta 0.000
U 165 | F 337920 | FPS 0029 | D 11807 | rR:mu sigma m M 0.00 0.00 0.00 0.00 | F:mu sigma m M 127.4 88.5 19.0 335.0 | H 1.099 | V -0.001 | pL -0.000 | vL 0.000 | delta 0.000
U 166 | F 339968 | FPS 0028 | D 11879 | rR:mu sigma m M 0.00 0.00 0.00 0.00 | F:mu sigma m M 176.1 101.3 54.0 356.0 | H 1.095 | V 0.006 | pL -0.000 | vL 0.001 | delta 0.015
U 167 | F 342016 | FPS 0029 | D 11951 | rR:mu sigma m M 0.00 0.00 0.00 0.00 | F:mu sigma m M 207.0 133.0 16.0 487.0 | H 1.098 | V -0.000 | pL 0.001 | vL 0.000 | delta 0.002
U 168 | F 344064 | FPS 0029 | D 12020 | rR:mu sigma m M 0.00 0.00 0.00 0.00 | F:mu sigma m M 175.8 124.6 16.0 487.0 | H 1.099 | V -0.003 | pL -0.001 | vL 0.000 | delta 0.001
U 169 | F 346112 | FPS 0029 | D 12092 | rR:mu sigma m M 0.00 0.00 0.00 0.00 | F:mu sigma m M 197.7 161.2 30.0 490.0 | H 1.098 | V -0.001 | pL -0.000 | vL 0.000 | delta 0.001
U 170 | F 348160 | FPS 0027 | D 12169 | rR:mu sigma m M 0.00 0.00 0.00 0.00 | F:mu sigma m M 208.0 207.0 30.0 900.0 | H 1.099 | V -0.001 | pL -0.000 | vL 0.000 | delta 0.001
U 171 | F 350208 | FPS 0029 | D 12239 | rR:mu sigma m M 0.00 0.00 0.00 0.00 | F:mu sigma m M 147.4 104.1 24.0 416.0 | H 1.096 | V 0.002 | pL 0.001 | vL 0.000 | delta 0.003
U 172 | F 352256 | FPS 0029 | D 12308 | rR:mu sigma m M 0.00 0.00 0.00 0.00 | F:mu sigma m M 169.8 126.1 26.0 573.0 | H 1.099 | V 0.001 | pL 0.000 | vL 0.000 | delta 0.001
U 173 | F 354304 | FPS 0029 | D 12379 | rR:mu sigma m M 0.00 0.00 0.00 0.00 | F:mu sigma m M 190.6 153.7 43.0 573.0 | H 1.099 | V -0.000 | pL -0.000 | vL 0.000 | delta 0.000
U 174 | F 356352 | FPS 0030 | D 12446 | rR:mu sigma m M 0.00 0.00 0.00 0.00 | F:mu sigma m M 229.8 133.7 43.0 560.0 | H 1.099 | V -0.000 | pL -0.000 | vL 0.000 | delta 0.000
U 175 | F 358400 | FPS 0029 | D 12518 | rR:mu sigma m M 0.00 0.00 0.00 0.00 | F:mu sigma m M 222.2 211.3 54.0 858.0 | H 1.099 | V -0.000 | pL -0.000 | vL 0.000 | delta 0.000
U 176 | F 360448 | FPS 0027 | D 12595 | rR:mu sigma m M 0.00 0.00 0.00 0.00 | F:mu sigma m M 204.0 206.2 41.0 858.0 | H 1.099 | V 0.001 | pL 0.000 | vL 0.000 | delta 0.001
U 177 | F 362496 | FPS 0031 | D 12661 | rR:mu sigma m M 0.00 0.00 0.00 0.00 | F:mu sigma m M 218.9 103.2 41.0 434.0 | H 1.099 | V -0.000 | pL 0.000 | vL 0.000 | delta 0.000
U 178 | F 364544 | FPS 0033 | D 12724 | rR:mu sigma m M 0.00 0.00 0.00 0.00 | F:mu sigma m M 158.8 130.5 18.0 431.0 | H 1.099 | V 0.001 | pL 0.000 | vL 0.000 | delta 0.001
U 179 | F 366592 | FPS 0030 | D 12792 | rR:mu sigma m M 0.00 0.00 0.00 0.00 | F:mu sigma m M 162.8 127.6 18.0 519.0 | H 1.099 | V -0.000 | pL -0.000 | vL 0.000 | delta 0.000
U 180 | F 368640 | FPS 0030 | D 12861 | rR:mu sigma m M 0.00 0.00 0.00 0.00 | F:mu sigma m M 196.6 144.1 29.0 589.0 | H 1.099 | V 0.001 | pL 0.000 | vL 0.000 | delta 0.001
U 181 | F 370688 | FPS 0031 | D 12928 | rR:mu sigma m M 0.00 0.00 0.00 0.00 | F:mu sigma m M 140.3 122.6 17.0 520.0 | H 1.099 | V 0.001 | pL 0.000 | vL 0.000 | delta 0.000
U 182 | F 372736 | FPS 0025 | D 13009 | rR:mu sigma m M 0.00 0.00 0.00 0.00 | F:mu sigma m M 198.0 126.0 34.0 445.0 | H 1.099 | V 0.001 | pL 0.000 | vL 0.000 | delta 0.000
U 183 | F 374784 | FPS 0026 | D 13087 | rR:mu sigma m M 0.00 0.00 0.00 0.00 | F:mu sigma m M 148.8 103.1 38.0 386.0 | H 1.099 | V 0.001 | pL 0.000 | vL 0.000 | delta 0.000
U 184 | F 376832 | FPS 0030 | D 13155 | rR:mu sigma m M 0.00 0.00 0.00 0.00 | F:mu sigma m M 199.4 108.6 41.0 382.0 | H 1.099 | V 0.001 | pL 0.000 | vL 0.000 | delta 0.001
U 185 | F 378880 | FPS 0026 | D 13235 | rR:mu sigma m M 0.00 0.00 0.00 0.00 | F:mu sigma m M 113.7 73.4 25.0 283.0 | H 1.099 | V 0.000 | pL 0.000 | vL 0.000 | delta 0.000
U 186 | F 380928 | FPS 0028 | D 13309 | rR:mu sigma m M 0.00 0.00 0.00 0.00 | F:mu sigma m M 180.1 137.3 40.0 538.0 | H 1.099 | V 0.000 | pL 0.000 | vL 0.000 | delta 0.000
U 187 | F 382976 | FPS 0032 | D 13373 | rR:mu sigma m M 0.00 0.00 0.00 0.00 | F:mu sigma m M 131.4 63.2 54.0 263.0 | H 1.099 | V 0.000 | pL 0.000 | vL 0.000 | delta 0.000
U 188 | F 385024 | FPS 0026 | D 13450 | rR:mu sigma m M 0.00 0.00 0.00 0.00 | F:mu sigma m M 136.6 55.2 59.0 218.0 | H 1.099 | V 0.000 | pL 0.000 | vL 0.000 | delta 0.000
U 189 | F 387072 | FPS 0027 | D 13525 | rR:mu sigma m M 0.00 0.00 0.00 0.00 | F:mu sigma m M 112.8 58.9 16.0 216.0 | H 1.099 | V 0.000 | pL 0.000 | vL 0.000 | delta 0.000
U 190 | F 389120 | FPS 0029 | D 13595 | rR:mu sigma m M 0.00 0.00 0.00 0.00 | F:mu sigma m M 142.8 111.0 27.0 394.0 | H 1.099 | V 0.000 | pL 0.000 | vL 0.000 | delta 0.000
U 191 | F 391168 | FPS 0029 | D 13666 | rR:mu sigma m M 0.00 0.00 0.00 0.00 | F:mu sigma m M 199.1 148.5 29.0 542.0 | H 1.099 | V 0.000 | pL 0.000 | vL 0.000 | delta 0.000
U 192 | F 393216 | FPS 0026 | D 13744 | rR:mu sigma m M 0.00 0.00 0.00 0.00 | F:mu sigma m M 231.5 120.6 43.0 542.0 | H 1.099 | V 0.001 | pL 0.000 | vL 0.000 | delta 0.000
U 193 | F 395264 | FPS 0033 | D 13807 | rR:mu sigma m M 0.00 0.00 0.00 0.00 | F:mu sigma m M 211.6 203.6 34.0 900.0 | H 1.099 | V 0.001 | pL 0.000 | vL 0.000 | delta 0.001
U 194 | F 397312 | FPS 0030 | D 13874 | rR:mu sigma m M 0.04 0.15 0.00 0.62 | F:mu sigma m M 226.1 211.8 51.0 900.0 | H 1.096 | V 0.006 | pL -0.005 | vL 0.001 | delta 0.012
U 195 | F 399360 | FPS 0029 | D 13945 | rR:mu sigma m M 0.04 0.15 0.00 0.62 | F:mu sigma m M 244.5 117.2 55.0 402.0 | H 1.098 | V 0.007 | pL 0.001 | vL 0.000 | delta 0.003
U 196 | F 401408 | FPS 0032 | D 14008 | rR:mu sigma m M 0.10 0.26 0.00 0.87 | F:mu sigma m M 169.9 83.9 48.0 309.0 | H 1.097 | V 0.009 | pL -0.006 | vL 0.002 | delta 0.017
U 197 | F 403456 | FPS 0030 | D 14077 | rR:mu sigma m M 0.00 0.00 0.00 0.00 | F:mu sigma m M 174.5 132.3 46.0 552.0 | H 1.098 | V 0.011 | pL 0.003 | vL 0.000 | delta 0.005
U 198 | F 405504 | FPS 0029 | D 14147 | rR:mu sigma m M 0.00 0.00 0.00 0.00 | F:mu sigma m M 200.4 134.8 46.0 552.0 | H 1.098 | V 0.009 | pL 0.002 | vL 0.000 | delta 0.002
U 199 | F 407552 | FPS 0023 | D 14235 | rR:mu sigma m M 0.00 0.00 0.00 0.00 | F:mu sigma m M 211.0 159.1 13.0 717.0 | H 1.098 | V 0.008 | pL 0.002 | vL 0.000 | delta 0.001
U 200 | F 409600 | FPS 0030 | D 14303 | rR:mu sigma m M 0.06 0.23 0.00 0.94 | F:mu sigma m M 210.9 243.1 13.0 877.0 | H 1.095 | V 0.016 | pL -0.006 | vL 0.001 | delta 0.038
U 201 | F 411648 | FPS 0032 | D 14368 | rR:mu sigma m M 0.00 0.00 0.00 0.00 | F:mu sigma m M 181.1 150.3 16.0 516.0 | H 1.098 | V 0.000 | pL 0.000 | vL 0.000 | delta 0.002
U 202 | F 413696 | FPS 0029 | D 14439 | rR:mu sigma m M 0.00 0.00 0.00 0.00 | F:mu sigma m M 174.8 144.2 31.0 588.0 | H 1.095 | V 0.008 | pL 0.001 | vL 0.000 | delta 0.011
U 203 | F 415744 | FPS 0027 | D 14515 | rR:mu sigma m M 0.00 0.00 0.00 0.00 | F:mu sigma m M 202.9 157.4 41.0 588.0 | H 1.099 | V 0.001 | pL 0.000 | vL 0.000 | delta 0.001
U 204 | F 417792 | FPS 0030 | D 14585 | rR:mu sigma m M 0.05 0.19 0.00 0.80 | F:mu sigma m M 140.5 109.2 18.0 441.0 | H 1.097 | V 0.014 | pL -0.004 | vL 0.000 | delta 0.011
U 205 | F 419840 | FPS 0028 | D 14658 | rR:mu sigma m M 0.05 0.19 0.00 0.80 | F:mu sigma m M 151.6 126.1 18.0 529.0 | H 1.098 | V 0.000 | pL -0.000 | vL 0.000 | delta 0.001
U 206 | F 421888 | FPS 0027 | D 14735 | rR:mu sigma m M 0.00 0.00 0.00 0.00 | F:mu sigma m M 175.1 130.9 27.0 417.0 | H 1.098 | V -0.000 | pL -0.000 | vL 0.000 | delta 0.001
U 207 | F 423936 | FPS 0024 | D 14820 | rR:mu sigma m M 0.00 0.00 0.00 0.00 | F:mu sigma m M 174.5 131.1 27.0 409.0 | H 1.098 | V 0.004 | pL -0.001 | vL 0.000 | delta 0.005
U 208 | F 425984 | FPS 0030 | D 14888 | rR:mu sigma m M 0.00 0.00 0.00 0.00 | F:mu sigma m M 206.6 166.6 33.0 662.0 | H 1.096 | V 0.013 | pL 0.001 | vL 0.000 | delta 0.006
U 209 | F 428032 | FPS 0027 | D 14963 | rR:mu sigma m M 0.06 0.22 0.00 0.90 | F:mu sigma m M 190.7 196.4 13.0 858.0 | H 1.093 | V 0.009 | pL -0.006 | vL 0.001 | delta 0.015
U 210 | F 430080 | FPS 0028 | D 15035 | rR:mu sigma m M 0.06 0.22 0.00 0.90 | F:mu sigma m M 198.8 203.2 14.0 858.0 | H 1.098 | V 0.005 | pL 0.001 | vL 0.000 | delta 0.002
U 211 | F 432128 | FPS 0030 | D 15104 | rR:mu sigma m M 0.00 0.00 0.00 0.00 | F:mu sigma m M 138.2 90.5 30.0 361.0 | H 1.096 | V 0.014 | pL -0.003 | vL 0.000 | delta 0.007
U 212 | F 434176 | FPS 0026 | D 15183 | rR:mu sigma m M 0.01 0.04 0.00 0.17 | F:mu sigma m M 227.9 218.8 9.0 831.0 | H 1.097 | V 0.009 | pL 0.001 | vL 0.000 | delta 0.006
U 213 | F 436224 | FPS 0026 | D 15263 | rR:mu sigma m M 0.00 0.00 0.00 0.00 | F:mu sigma m M 162.3 133.1 44.0 579.0 | H 1.096 | V 0.005 | pL -0.000 | vL 0.000 | delta 0.014
U 214 | F 438272 | FPS 0030 | D 15333 | rR:mu sigma m M 0.00 0.00 0.00 0.00 | F:mu sigma m M 159.8 102.3 43.0 482.0 | H 1.098 | V 0.007 | pL 0.001 | vL 0.000 | delta 0.004
U 215 | F 440320 | FPS 0026 | D 15411 | rR:mu sigma m M 0.05 0.20 0.00 0.84 | F:mu sigma m M 156.1 83.2 43.0 369.0 | H 1.091 | V 0.015 | pL -0.005 | vL 0.001 | delta 0.028
U 216 | F 442368 | FPS 0029 | D 15481 | rR:mu sigma m M 0.00 0.00 0.00 0.00 | F:mu sigma m M 174.6 120.1 20.0 442.0 | H 1.098 | V 0.000 | pL -0.000 | vL 0.000 | delta 0.002
U 217 | F 444416 | FPS 0026 | D 15560 | rR:mu sigma m M 0.00 0.00 0.00 0.00 | F:mu sigma m M 149.3 107.4 37.0 462.0 | H 1.098 | V 0.002 | pL 0.000 | vL 0.000 | delta 0.002
U 218 | F 446464 | FPS 0029 | D 15630 | rR:mu sigma m M 0.05 0.20 0.00 0.84 | F:mu sigma m M 149.8 91.0 37.0 337.0 | H 1.097 | V 0.015 | pL -0.004 | vL 0.001 | delta 0.008
U 219 | F 448512 | FPS 0027 | D 15705 | rR:mu sigma m M 0.05 0.20 0.00 0.84 | F:mu sigma m M 160.8 123.8 17.0 396.0 | H 1.098 | V 0.002 | pL 0.001 | vL 0.000 | delta 0.002
U 220 | F 450560 | FPS 0030 | D 15775 | rR:mu sigma m M 0.00 0.00 0.00 0.00 | F:mu sigma m M 182.2 138.5 21.0 597.0 | H 1.099 | V 0.002 | pL 0.001 | vL 0.000 | delta 0.001
U 221 | F 452608 | FPS 0027 | D 15850 | rR:mu sigma m M 0.00 0.00 0.00 0.00 | F:mu sigma m M 215.0 168.8 28.0 649.0 | H 1.099 | V 0.001 | pL 0.000 | vL 0.000 | delta 0.000
U 222 | F 454656 | FPS 0026 | D 15928 | rR:mu sigma m M 0.00 0.00 0.00 0.00 | F:mu sigma m M 174.4 104.2 62.0 431.0 | H 1.099 | V 0.001 | pL 0.000 | vL 0.000 | delta 0.000
U 223 | F 456704 | FPS 0028 | D 16001 | rR:mu sigma m M 0.00 0.00 0.00 0.00 | F:mu sigma m M 178.6 129.4 32.0 480.0 | H 1.098 | V 0.001 | pL 0.000 | vL 0.000 | delta 0.001
U 224 | F 458752 | FPS 0030 | D 16070 | rR:mu sigma m M 0.00 0.00 0.00 0.00 | F:mu sigma m M 167.3 121.9 28.0 480.0 | H 1.098 | V 0.001 | pL 0.000 | vL 0.000 | delta 0.001
U 225 | F 460800 | FPS 0024 | D 16154 | rR:mu sigma m M 0.00 0.00 0.00 0.00 | F:mu sigma m M 184.4 100.2 28.0 392.0 | H 1.099 | V 0.001 | pL 0.000 | vL 0.000 | delta 0.000
U 226 | F 462848 | FPS 0026 | D 16232 | rR:mu sigma m M 0.00 0.00 0.00 0.00 | F:mu sigma m M 162.4 139.6 33.0 580.0 | H 1.099 | V 0.000 | pL 0.000 | vL 0.000 | delta 0.000
U 227 | F 464896 | FPS 0027 | D 16308 | rR:mu sigma m M 0.00 0.00 0.00 0.00 | F:mu sigma m M 180.2 202.3 37.0 900.0 | H 1.099 | V 0.001 | pL -0.000 | vL 0.000 | delta 0.000
U 228 | F 466944 | FPS 0025 | D 16388 | rR:mu sigma m M 0.00 0.00 0.00 0.00 | F:mu sigma m M 180.7 199.6 42.0 900.0 | H 1.098 | V 0.001 | pL 0.000 | vL 0.000 | delta 0.000
U 229 | F 468992 | FPS 0026 | D 16466 | rR:mu sigma m M 0.00 0.00 0.00 0.00 | F:mu sigma m M 266.8 218.6 64.0 900.0 | H 1.099 | V 0.000 | pL 0.000 | vL 0.000 | delta 0.000
U 230 | F 471040 | FPS 0029 | D 16537 | rR:mu sigma m M 0.08 0.20 0.00 0.72 | F:mu sigma m M 269.4 175.9 15.0 575.0 | H 1.097 | V 0.015 | pL -0.009 | vL 0.001 | delta 0.007
U 231 | F 473088 | FPS 0025 | D 16619 | rR:mu sigma m M 0.03 0.12 0.00 0.49 | F:mu sigma m M 232.2 156.8 34.0 507.0 | H 1.099 | V 0.003 | pL 0.001 | vL 0.000 | delta 0.001
U 232 | F 475136 | FPS 0029 | D 16689 | rR:mu sigma m M 0.00 0.00 0.00 0.00 | F:mu sigma m M 167.4 206.4 31.0 900.0 | H 1.096 | V 0.013 | pL -0.000 | vL 0.000 | delta 0.003
U 233 | F 477184 | FPS 0032 | D 16753 | rR:mu sigma m M 0.00 0.00 0.00 0.00 | F:mu sigma m M 173.6 206.1 25.0 900.0 | H 1.092 | V 0.017 | pL 0.006 | vL 0.000 | delta 0.005
U 234 | F 479232 | FPS 0035 | D 16813 | rR:mu sigma m M 0.00 0.00 0.00 0.00 | F:mu sigma m M 162.6 124.3 25.0 479.0 | H 1.097 | V 0.005 | pL 0.001 | vL 0.000 | delta 0.003
U 235 | F 481280 | FPS 0029 | D 16883 | rR:mu sigma m M 0.00 0.00 0.00 0.00 | F:mu sigma m M 211.6 157.6 24.0 589.0 | H 1.098 | V 0.002 | pL 0.000 | vL 0.000 | delta 0.001
U 236 | F 483328 | FPS 0031 | D 16950 | rR:mu sigma m M 0.00 0.00 0.00 0.00 | F:mu sigma m M 206.0 155.3 24.0 589.0 | H 1.099 | V 0.002 | pL 0.000 | vL 0.000 | delta 0.000
U 237 | F 485376 | FPS 0030 | D 17018 | rR:mu sigma m M 0.00 0.00 0.00 0.00 | F:mu sigma m M 149.3 107.4 20.0 414.0 | H 1.099 | V 0.001 | pL 0.000 | vL 0.000 | delta 0.001
U 238 | F 487424 | FPS 0028 | D 17092 | rR:mu sigma m M 0.00 0.00 0.00 0.00 | F:mu sigma m M 206.5 181.4 27.0 695.0 | H 1.098 | V 0.003 | pL 0.001 | vL 0.000 | delta 0.001
U 239 | F 489472 | FPS 0027 | D 17168 | rR:mu sigma m M 0.00 0.00 0.00 0.00 | F:mu sigma m M 163.8 111.9 25.0 432.0 | H 1.099 | V 0.000 | pL 0.000 | vL 0.000 | delta 0.001
U 240 | F 491520 | FPS 0028 | D 17242 | rR:mu sigma m M 0.00 0.00 0.00 0.00 | F:mu sigma m M 136.6 96.4 29.0 437.0 | H 1.099 | V 0.001 | pL 0.000 | vL 0.000 | delta 0.000
U 241 | F 493568 | FPS 0031 | D 17309 | rR:mu sigma m M 0.00 0.00 0.00 0.00 | F:mu sigma m M 151.6 159.6 20.0 659.0 | H 1.099 | V 0.001 | pL 0.000 | vL 0.000 | delta 0.000
U 242 | F 495616 | FPS 0026 | D 17387 | rR:mu sigma m M 0.00 0.00 0.00 0.00 | F:mu sigma m M 129.2 95.3 18.0 315.0 | H 1.099 | V 0.000 | pL 0.000 | vL 0.000 | delta 0.000
U 243 | F 497664 | FPS 0029 | D 17458 | rR:mu sigma m M 0.00 0.00 0.00 0.00 | F:mu sigma m M 153.8 101.9 18.0 339.0 | H 1.099 | V 0.001 | pL 0.000 | vL 0.000 | delta 0.000
U 244 | F 499712 | FPS 0027 | D 17532 | rR:mu sigma m M 0.00 0.00 0.00 0.00 | F:mu sigma m M 197.8 160.0 15.0 631.0 | H 1.099 | V 0.000 | pL 0.000 | vL 0.000 | delta 0.001
U 245 | F 501760 | FPS 0026 | D 17611 | rR:mu sigma m M 0.00 0.00 0.00 0.00 | F:mu sigma m M 186.0 117.3 17.0 443.0 | H 1.099 | V -0.000 | pL -0.000 | vL 0.000 | delta 0.000
U 246 | F 503808 | FPS 0026 | D 17689 | rR:mu sigma m M 0.00 0.00 0.00 0.00 | F:mu sigma m M 141.1 118.8 17.0 515.0 | H 1.099 | V -0.000 | pL -0.000 | vL 0.000 | delta 0.001
U 247 | F 505856 | FPS 0030 | D 17756 | rR:mu sigma m M 0.00 0.00 0.00 0.00 | F:mu sigma m M 186.2 208.2 29.0 892.0 | H 1.099 | V -0.000 | pL -0.000 | vL 0.000 | delta 0.000
U 248 | F 507904 | FPS 0029 | D 17826 | rR:mu sigma m M 0.00 0.00 0.00 0.00 | F:mu sigma m M 221.5 202.1 45.0 892.0 | H 1.099 | V -0.000 | pL -0.000 | vL 0.000 | delta 0.000
U 249 | F 509952 | FPS 0027 | D 17902 | rR:mu sigma m M 0.00 0.00 0.00 0.00 | F:mu sigma m M 179.2 98.8 45.0 397.0 | H 1.099 | V 0.000 | pL -0.000 | vL 0.000 | delta 0.000
U 250 | F 512000 | FPS 0028 | D 17975 | rR:mu sigma m M 0.00 0.00 0.00 0.00 | F:mu sigma m M 254.2 185.5 36.0 619.0 | H 1.099 | V 0.000 | pL 0.000 | vL 0.000 | delta 0.000
U 251 | F 514048 | FPS 0029 | D 18047 | rR:mu sigma m M 0.00 0.00 0.00 0.00 | F:mu sigma m M 164.6 206.2 42.0 900.0 | H 1.099 | V -0.000 | pL -0.000 | vL 0.000 | delta 0.000
U 252 | F 516096 | FPS 0027 | D 18124 | rR:mu sigma m M 0.00 0.00 0.00 0.00 | F:mu sigma m M 120.4 87.2 17.0 283.0 | H 1.099 | V 0.000 | pL 0.000 | vL 0.000 | delta 0.001
U 253 | F 518144 | FPS 0028 | D 18198 | rR:mu sigma m M 0.00 0.00 0.00 0.00 | F:mu sigma m M 172.5 141.7 36.0 586.0 | H 1.099 | V -0.000 | pL 0.000 | vL 0.000 | delta 0.001
U 254 | F 520192 | FPS 0027 | D 18275 | rR:mu sigma m M 0.00 0.00 0.00 0.00 | F:mu sigma m M 178.6 149.4 36.0 586.0 | H 1.099 | V 0.000 | pL 0.000 | vL 0.000 | delta 0.000
U 255 | F 522240 | FPS 0028 | D 18349 | rR:mu sigma m M 0.00 0.00 0.00 0.00 | F:mu sigma m M 198.5 151.9 22.0 522.0 | H 1.099 | V 0.000 | pL 0.000 | vL 0.000 | delta 0.001
U 256 | F 524288 | FPS 0028 | D 18422 | rR:mu sigma m M 0.00 0.00 0.00 0.00 | F:mu sigma m M 176.6 133.9 55.0 522.0 | H 1.099 | V 0.000 | pL -0.000 | vL 0.000 | delta 0.000
U 257 | F 526336 | FPS 0028 | D 18495 | rR:mu sigma m M 0.00 0.00 0.00 0.00 | F:mu sigma m M 205.8 201.3 21.0 677.0 | H 1.099 | V -0.000 | pL -0.000 | vL 0.000 | delta 0.000
U 258 | F 528384 | FPS 0026 | D 18573 | rR:mu sigma m M 0.00 0.00 0.00 0.00 | F:mu sigma m M 178.1 209.9 11.0 677.0 | H 1.099 | V -0.000 | pL -0.000 | vL 0.000 | delta 0.000
U 259 | F 530432 | FPS 0026 | D 18652 | rR:mu sigma m M 0.00 0.00 0.00 0.00 | F:mu sigma m M 176.9 136.5 48.0 572.0 | H 1.099 | V -0.000 | pL -0.000 | vL 0.000 | delta 0.000
U 260 | F 532480 | FPS 0028 | D 18724 | rR:mu sigma m M 0.04 0.15 0.00 0.63 | F:mu sigma m M 200.1 143.1 49.0 534.0 | H 1.097 | V 0.005 | pL -0.005 | vL 0.001 | delta 0.006
U 261 | F 534528 | FPS 0029 | D 18795 | rR:mu sigma m M 0.04 0.15 0.00 0.63 | F:mu sigma m M 183.9 133.5 54.0 557.0 | H 1.099 | V -0.001 | pL -0.000 | vL 0.000 | delta 0.001
U 262 | F 536576 | FPS 0029 | D 18865 | rR:mu sigma m M 0.05 0.20 0.00 0.81 | F:mu sigma m M 161.4 112.9 33.0 512.0 | H 1.097 | V 0.009 | pL -0.006 | vL 0.001 | delta 0.008
U 263 | F 538624 | FPS 0029 | D 18935 | rR:mu sigma m M 0.05 0.20 0.00 0.81 | F:mu sigma m M 191.7 154.9 33.0 628.0 | H 1.098 | V 0.004 | pL 0.001 | vL 0.000 | delta 0.001
U 264 | F 540672 | FPS 0027 | D 19012 | rR:mu sigma m M 0.00 0.00 0.00 0.00 | F:mu sigma m M 172.2 114.4 25.0 374.0 | H 1.098 | V 0.004 | pL 0.001 | vL 0.000 | delta 0.001
U 265 | F 542720 | FPS 0028 | D 19084 | rR:mu sigma m M 0.00 0.00 0.00 0.00 | F:mu sigma m M 168.0 105.8 25.0 330.0 | H 1.098 | V 0.004 | pL 0.001 | vL 0.000 | delta 0.001
U 266 | F 544768 | FPS 0028 | D 19157 | rR:mu sigma m M 0.04 0.16 0.00 0.64 | F:mu sigma m M 161.1 97.4 25.0 358.0 | H 1.097 | V 0.012 | pL -0.004 | vL 0.000 | delta 0.006
U 267 | F 546816 | FPS 0028 | D 19230 | rR:mu sigma m M 0.04 0.16 0.00 0.64 | F:mu sigma m M 229.5 167.3 28.0 535.0 | H 1.096 | V 0.013 | pL 0.004 | vL 0.000 | delta 0.008
U 268 | F 548864 | FPS 0026 | D 19307 | rR:mu sigma m M 0.03 0.11 0.00 0.47 | F:mu sigma m M 259.0 180.2 41.0 535.0 | H 1.096 | V 0.007 | pL -0.003 | vL 0.000 | delta 0.006
U 269 | F 550912 | FPS 0030 | D 19376 | rR:mu sigma m M 0.00 0.00 0.00 0.00 | F:mu sigma m M 150.2 175.6 15.0 866.0 | H 1.098 | V 0.007 | pL 0.003 | vL 0.000 | delta 0.001
U 270 | F 552960 | FPS 0027 | D 19453 | rR:mu sigma m M 0.00 0.00 0.00 0.00 | F:mu sigma m M 115.4 128.3 24.0 577.0 | H 1.098 | V 0.005 | pL 0.001 | vL 0.000 | delta 0.001
U 271 | F 555008 | FPS 0027 | D 19527 | rR:mu sigma m M 0.00 0.00 0.00 0.00 | F:mu sigma m M 125.0 73.8 19.0 269.0 | H 1.098 | V 0.004 | pL 0.001 | vL 0.000 | delta 0.002
U 272 | F 557056 | FPS 0028 | D 19601 | rR:mu sigma m M 0.00 0.00 0.00 0.00 | F:mu sigma m M 142.2 147.0 21.0 537.0 | H 1.099 | V 0.002 | pL 0.001 | vL 0.000 | delta 0.001
U 273 | F 559104 | FPS 0026 | D 19679 | rR:mu sigma m M 0.00 0.00 0.00 0.00 | F:mu sigma m M 133.8 117.8 21.0 510.0 | H 1.099 | V 0.002 | pL 0.000 | vL 0.000 | delta 0.000
U 274 | F 561152 | FPS 0030 | D 19746 | rR:mu sigma m M 0.00 0.00 0.00 0.00 | F:mu sigma m M 144.8 82.7 11.0 280.0 | H 1.098 | V 0.006 | pL -0.002 | vL 0.000 | delta 0.004
U 275 | F 563200 | FPS 0028 | D 19818 | rR:mu sigma m M 0.00 0.00 0.00 0.00 | F:mu sigma m M 172.4 127.1 11.0 437.0 | H 1.096 | V 0.019 | pL 0.003 | vL 0.000 | delta 0.004
U 276 | F 565248 | FPS 0030 | D 19887 | rR:mu sigma m M 0.00 0.00 0.00 0.00 | F:mu sigma m M 179.8 159.1 24.0 581.0 | H 1.098 | V 0.004 | pL 0.002 | vL 0.000 | delta 0.003
U 277 | F 567296 | FPS 0028 | D 19960 | rR:mu sigma m M 0.00 0.00 0.00 0.00 | F:mu sigma m M 156.9 153.0 9.0 531.0 | H 1.099 | V 0.003 | pL 0.001 | vL 0.000 | delta 0.001
U 278 | F 569344 | FPS 0027 | D 20035 | rR:mu sigma m M 0.00 0.00 0.00 0.00 | F:mu sigma m M 204.6 166.9 9.0 582.0 | H 1.098 | V 0.005 | pL 0.000 | vL 0.000 | delta 0.003
U 279 | F 571392 | FPS 0029 | D 20106 | rR:mu sigma m M 0.00 0.00 0.00 0.00 | F:mu sigma m M 210.1 131.0 43.0 582.0 | H 1.098 | V 0.007 | pL 0.002 | vL 0.000 | delta 0.002
U 280 | F 573440 | FPS 0025 | D 20187 | rR:mu sigma m M 0.00 0.00 0.00 0.00 | F:mu sigma m M 243.9 208.6 38.0 802.0 | H 1.099 | V 0.005 | pL 0.002 | vL 0.000 | delta 0.001
U 281 | F 575488 | FPS 0027 | D 20263 | rR:mu sigma m M 0.00 0.00 0.00 0.00 | F:mu sigma m M 158.5 114.6 27.0 422.0 | H 1.099 | V 0.004 | pL 0.001 | vL 0.000 | delta 0.000
U 282 | F 577536 | FPS 0031 | D 20329 | rR:mu sigma m M 0.00 0.00 0.00 0.00 | F:mu sigma m M 170.2 164.2 23.0 618.0 | H 1.099 | V 0.003 | pL 0.001 | vL 0.000 | delta 0.001
U 283 | F 579584 | FPS 0026 | D 20407 | rR:mu sigma m M 0.00 0.00 0.00 0.00 | F:mu sigma m M 151.0 67.4 44.0 255.0 | H 1.099 | V 0.002 | pL 0.001 | vL 0.000 | delta 0.000
U 284 | F 581632 | FPS 0027 | D 20483 | rR:mu sigma m M 0.00 0.00 0.00 0.00 | F:mu sigma m M 120.6 89.9 29.0 350.0 | H 1.099 | V 0.002 | pL 0.001 | vL 0.000 | delta 0.000
U 285 | F 583680 | FPS 0029 | D 20554 | rR:mu sigma m M 0.00 0.00 0.00 0.00 | F:mu sigma m M 113.1 82.2 14.0 311.0 | H 1.099 | V 0.001 | pL 0.000 | vL 0.000 | delta 0.000
U 286 | F 585728 | FPS 0027 | D 20629 | rR:mu sigma m M 0.00 0.00 0.00 0.00 | F:mu sigma m M 149.2 123.7 14.0 477.0 | H 1.099 | V 0.001 | pL 0.000 | vL 0.000 | delta 0.000
U 287 | F 587776 | FPS 0029 | D 20701 | rR:mu sigma m M 0.00 0.00 0.00 0.00 | F:mu sigma m M 173.3 127.9 24.0 403.0 | H 1.099 | V 0.001 | pL 0.000 | vL 0.000 | delta 0.000
U 288 | F 589824 | FPS 0028 | D 20773 | rR:mu sigma m M 0.00 0.00 0.00 0.00 | F:mu sigma m M 135.6 89.7 51.0 368.0 | H 1.099 | V 0.002 | pL 0.000 | vL 0.000 | delta 0.001
U 289 | F 591872 | FPS 0028 | D 20847 | rR:mu sigma m M 0.00 0.00 0.00 0.00 | F:mu sigma m M 160.6 142.6 43.0 595.0 | H 1.099 | V 0.001 | pL 0.000 | vL 0.000 | delta 0.001
U 290 | F 593920 | FPS 0027 | D 20923 | rR:mu sigma m M 0.00 0.00 0.00 0.00 | F:mu sigma m M 227.8 155.9 40.0 595.0 | H 1.099 | V 0.002 | pL 0.001 | vL 0.000 | delta 0.001
U 291 | F 595968 | FPS 0027 | D 21000 | rR:mu sigma m M 0.00 0.00 0.00 0.00 | F:mu sigma m M 197.4 139.2 40.0 499.0 | H 1.099 | V 0.000 | pL 0.000 | vL 0.000 | delta 0.000
U 292 | F 598016 | FPS 0029 | D 21071 | rR:mu sigma m M 0.00 0.00 0.00 0.00 | F:mu sigma m M 196.1 134.6 34.0 485.0 | H 1.098 | V 0.002 | pL 0.000 | vL 0.000 | delta 0.001
U 293 | F 600064 | FPS 0031 | D 21137 | rR:mu sigma m M 0.05 0.19 0.00 0.79 | F:mu sigma m M 206.0 170.2 26.0 569.0 | H 1.092 | V 0.007 | pL -0.006 | vL 0.001 | delta 0.015
U 294 | F 602112 | FPS 0031 | D 21203 | rR:mu sigma m M 0.00 0.00 0.00 0.00 | F:mu sigma m M 199.6 214.5 15.0 900.0 | H 1.096 | V 0.003 | pL 0.000 | vL 0.000 | delta 0.002
U 295 | F 604160 | FPS 0029 | D 21273 | rR:mu sigma m M 0.00 0.00 0.00 0.00 | F:mu sigma m M 169.0 232.0 27.0 900.0 | H 1.098 | V 0.000 | pL 0.000 | vL 0.000 | delta 0.000
U 296 | F 606208 | FPS 0032 | D 21337 | rR:mu sigma m M 0.00 0.00 0.00 0.00 | F:mu sigma m M 169.1 158.2 27.0 612.0 | H 1.099 | V 0.001 | pL 0.000 | vL 0.000 | delta 0.000
U 297 | F 608256 | FPS 0028 | D 21411 | rR:mu sigma m M 0.00 0.00 0.00 0.00 | F:mu sigma m M 186.6 135.8 8.0 423.0 | H 1.099 | V 0.000 | pL 0.000 | vL 0.000 | delta 0.000
U 298 | F 610304 | FPS 0030 | D 21480 | rR:mu sigma m M 0.00 0.00 0.00 0.00 | F:mu sigma m M 166.7 110.4 45.0 423.0 | H 1.099 | V 0.000 | pL 0.000 | vL 0.000 | delta 0.000
U 299 | F 612352 | FPS 0030 | D 21548 | rR:mu sigma m M 0.00 0.00 0.00 0.00 | F:mu sigma m M 147.3 70.0 32.0 271.0 | H 1.099 | V 0.000 | pL 0.000 | vL 0.000 | delta 0.000
U 300 | F 614400 | FPS 0026 | D 21628 | rR:mu sigma m M 0.00 0.00 0.00 0.00 | F:mu sigma m M 200.2 133.2 56.0 598.0 | H 1.099 | V 0.000 | pL 0.000 | vL 0.000 | delta 0.000
U 301 | F 616448 | FPS 0028 | D 21702 | rR:mu sigma m M 0.04 0.17 0.00 0.71 | F:mu sigma m M 211.8 139.3 65.0 598.0 | H 1.098 | V 0.006 | pL -0.006 | vL 0.001 | delta 0.013
U 302 | F 618496 | FPS 0030 | D 21770 | rR:mu sigma m M 0.04 0.17 0.00 0.71 | F:mu sigma m M 170.2 93.0 70.0 374.0 | H 1.099 | V 0.002 | pL 0.000 | vL 0.000 | delta 0.001
U 303 | F 620544 | FPS 0029 | D 21841 | rR:mu sigma m M 0.00 0.00 0.00 0.00 | F:mu sigma m M 154.2 101.9 30.0 449.0 | H 1.099 | V 0.001 | pL 0.000 | vL 0.000 | delta 0.000
U 304 | F 622592 | FPS 0029 | D 21912 | rR:mu sigma m M 0.00 0.00 0.00 0.00 | F:mu sigma m M 175.0 161.0 23.0 520.0 | H 1.099 | V 0.001 | pL 0.000 | vL 0.000 | delta 0.000
U 305 | F 624640 | FPS 0027 | D 21987 | rR:mu sigma m M 0.00 0.00 0.00 0.00 | F:mu sigma m M 213.4 164.3 33.0 560.0 | H 1.099 | V 0.000 | pL 0.000 | vL 0.000 | delta 0.000
U 306 | F 626688 | FPS 0029 | D 22058 | rR:mu sigma m M 0.00 0.00 0.00 0.00 | F:mu sigma m M 179.7 230.1 10.0 886.0 | H 1.099 | V 0.000 | pL 0.000 | vL 0.000 | delta 0.000
U 307 | F 628736 | FPS 0028 | D 22131 | rR:mu sigma m M 0.00 0.00 0.00 0.00 | F:mu sigma m M 189.3 212.8 10.0 900.0 | H 1.099 | V 0.000 | pL 0.000 | vL 0.000 | delta 0.000
U 308 | F 630784 | FPS 0026 | D 22210 | rR:mu sigma m M 0.00 0.00 0.00 0.00 | F:mu sigma m M 129.1 76.6 26.0 258.0 | H 1.099 | V 0.000 | pL 0.000 | vL 0.000 | delta 0.000
U 309 | F 632832 | FPS 0030 | D 22277 | rR:mu sigma m M 0.00 0.00 0.00 0.00 | F:mu sigma m M 107.7 52.3 45.0 204.0 | H 1.099 | V 0.000 | pL 0.000 | vL 0.000 | delta 0.000
U 310 | F 634880 | FPS 0028 | D 22350 | rR:mu sigma m M 0.00 0.00 0.00 0.00 | F:mu sigma m M 193.8 191.3 54.0 866.0 | H 1.099 | V 0.000 | pL 0.000 | vL 0.000 | delta 0.000
U 311 | F 636928 | FPS 0028 | D 22423 | rR:mu sigma m M 0.00 0.00 0.00 0.00 | F:mu sigma m M 201.1 112.0 71.0 472.0 | H 1.099 | V 0.000 | pL 0.000 | vL 0.000 | delta 0.000
U 312 | F 638976 | FPS 0030 | D 22492 | rR:mu sigma m M 0.00 0.00 0.00 0.00 | F:mu sigma m M 150.1 167.7 14.0 742.0 | H 1.098 | V 0.005 | pL 0.001 | vL 0.000 | delta 0.003
U 313 | F 641024 | FPS 0029 | D 22562 | rR:mu sigma m M 0.04 0.14 0.00 0.60 | F:mu sigma m M 151.6 109.9 32.0 402.0 | H 1.097 | V 0.008 | pL -0.004 | vL 0.000 | delta 0.012
U 314 | F 643072 | FPS 0029 | D 22634 | rR:mu sigma m M 0.00 0.00 0.00 0.00 | F:mu sigma m M 133.1 79.1 36.0 332.0 | H 1.098 | V 0.006 | pL 0.002 | vL 0.000 | delta 0.001
U 315 | F 645120 | FPS 0033 | D 22696 | rR:mu sigma m M 0.00 0.00 0.00 0.00 | F:mu sigma m M 123.3 44.5 44.0 186.0 | H 1.098 | V 0.005 | pL 0.000 | vL 0.000 | delta 0.002
U 316 | F 647168 | FPS 0031 | D 22761 | rR:mu sigma m M 0.00 0.00 0.00 0.00 | F:mu sigma m M 166.2 201.7 45.0 890.0 | H 1.098 | V 0.006 | pL -0.000 | vL 0.000 | delta 0.003
U 317 | F 649216 | FPS 0028 | D 22834 | rR:mu sigma m M 0.00 0.00 0.00 0.00 | F:mu sigma m M 178.5 165.0 30.0 650.0 | H 1.097 | V 0.006 | pL 0.003 | vL 0.000 | delta 0.003
U 318 | F 651264 | FPS 0027 | D 22910 | rR:mu sigma m M 0.00 0.00 0.00 0.00 | F:mu sigma m M 113.4 75.4 30.0 332.0 | H 1.098 | V 0.004 | pL 0.001 | vL 0.000 | delta 0.001
U 319 | F 653312 | FPS 0030 | D 22979 | rR:mu sigma m M 0.00 0.00 0.00 0.00 | F:mu sigma m M 110.2 91.0 14.0 315.0 | H 1.098 | V 0.003 | pL 0.001 | vL 0.000 | delta 0.001
U 320 | F 655360 | FPS 0030 | D 23047 | rR:mu sigma m M 0.00 0.00 0.00 0.00 | F:mu sigma m M 149.2 78.3 14.0 315.0 | H 1.098 | V 0.003 | pL 0.001 | vL 0.000 | delta 0.000
U 321 | F 657408 | FPS 0027 | D 23124 | rR:mu sigma m M 0.00 0.00 0.00 0.00 | F:mu sigma m M 160.2 133.3 24.0 491.0 | H 1.098 | V 0.003 | pL 0.000 | vL 0.000 | delta 0.001
U 322 | F 659456 | FPS 0031 | D 23190 | rR:mu sigma m M 0.05 0.20 0.00 0.83 | F:mu sigma m M 196.9 199.0 27.0 718.0 | H 1.097 | V 0.013 | pL -0.005 | vL 0.001 | delta 0.007
U 323 | F 661504 | FPS 0027 | D 23265 | rR:mu sigma m M 0.00 0.00 0.00 0.00 | F:mu sigma m M 142.4 81.9 46.0 317.0 | H 1.098 | V 0.003 | pL 0.001 | vL 0.000 | delta 0.001
U 324 | F 663552 | FPS 0027 | D 23340 | rR:mu sigma m M 0.00 0.00 0.00 0.00 | F:mu sigma m M 182.1 165.1 14.0 682.0 | H 1.096 | V 0.006 | pL 0.001 | vL 0.000 | delta 0.005
U 325 | F 665600 | FPS 0031 | D 23406 | rR:mu sigma m M 0.00 0.00 0.00 0.00 | F:mu sigma m M 170.9 131.8 16.0 411.0 | H 1.098 | V 0.003 | pL 0.001 | vL 0.000 | delta 0.001
U 326 | F 667648 | FPS 0028 | D 23479 | rR:mu sigma m M 0.00 0.00 0.00 0.00 | F:mu sigma m M 160.8 120.7 34.0 472.0 | H 1.098 | V 0.002 | pL 0.001 | vL 0.000 | delta 0.000
U 327 | F 669696 | FPS 0028 | D 23552 | rR:mu sigma m M 0.00 0.00 0.00 0.00 | F:mu sigma m M 178.9 124.3 51.0 472.0 | H 1.098 | V 0.003 | pL -0.000 | vL 0.000 | delta 0.002
U 328 | F 671744 | FPS 0028 | D 23624 | rR:mu sigma m M 0.05 0.19 0.00 0.80 | F:mu sigma m M 165.3 110.8 12.0 402.0 | H 1.096 | V 0.009 | pL -0.005 | vL 0.001 | delta 0.008
U 329 | F 673792 | FPS 0028 | D 23696 | rR:mu sigma m M 0.09 0.24 0.00 0.80 | F:mu sigma m M 208.6 109.0 47.0 416.0 | H 1.097 | V 0.012 | pL -0.004 | vL 0.000 | delta 0.014
U 330 | F 675840 | FPS 0026 | D 23776 | rR:mu sigma m M 0.00 0.00 0.00 0.00 | F:mu sigma m M 116.4 95.6 26.0 344.0 | H 1.098 | V 0.002 | pL 0.000 | vL 0.000 | delta 0.004
U 331 | F 677888 | FPS 0029 | D 23846 | rR:mu sigma m M 0.00 0.00 0.00 0.00 | F:mu sigma m M 149.0 91.8 14.0 344.0 | H 1.098 | V 0.003 | pL 0.001 | vL 0.000 | delta 0.003
U 332 | F 679936 | FPS 0028 | D 23920 | rR:mu sigma m M 0.00 0.00 0.00 0.00 | F:mu sigma m M 165.2 119.4 14.0 535.0 | H 1.098 | V 0.005 | pL 0.001 | vL 0.000 | delta 0.003
U 333 | F 681984 | FPS 0030 | D 23989 | rR:mu sigma m M 0.00 0.00 0.00 0.00 | F:mu sigma m M 222.8 182.9 36.0 671.0 | H 1.098 | V 0.004 | pL 0.001 | vL 0.000 | delta 0.004
U 334 | F 684032 | FPS 0031 | D 24054 | rR:mu sigma m M 0.00 0.00 0.00 0.00 | F:mu sigma m M 217.9 163.5 36.0 671.0 | H 1.096 | V 0.005 | pL -0.001 | vL 0.000 | delta 0.003
U 335 | F 686080 | FPS 0030 | D 24124 | rR:mu sigma m M 0.00 0.00 0.00 0.00 | F:mu sigma m M 212.3 130.0 16.0 466.0 | H 1.097 | V 0.005 | pL 0.002 | vL 0.000 | delta 0.003
U 336 | F 688128 | FPS 0030 | D 24192 | rR:mu sigma m M 0.00 0.00 0.00 0.00 | F:mu sigma m M 124.5 122.1 32.0 547.0 | H 1.098 | V 0.000 | pL 0.000 | vL 0.000 | delta 0.001
U 337 | F 690176 | FPS 0028 | D 24264 | rR:mu sigma m M 0.00 0.00 0.00 0.00 | F:mu sigma m M 161.6 189.0 13.0 700.0 | H 1.098 | V 0.000 | pL -0.000 | vL 0.000 | delta 0.000
U 338 | F 692224 | FPS 0025 | D 24345 | rR:mu sigma m M 0.00 0.00 0.00 0.00 | F:mu sigma m M 181.4 143.2 11.0 636.0 | H 1.098 | V 0.000 | pL 0.000 | vL 0.000 | delta 0.000
U 339 | F 694272 | FPS 0033 | D 24407 | rR:mu sigma m M 0.00 0.00 0.00 0.00 | F:mu sigma m M 141.2 72.7 25.0 307.0 | H 1.098 | V 0.001 | pL -0.000 | vL 0.000 | delta 0.001
U 340 | F 696320 | FPS 0029 | D 24479 | rR:mu sigma m M 0.05 0.21 0.00 0.86 | F:mu sigma m M 147.9 103.6 25.0 431.0 | H 1.097 | V 0.007 | pL -0.006 | vL 0.001 | delta 0.012
U 341 | F 698368 | FPS 0024 | D 24563 | rR:mu sigma m M 0.00 0.00 0.00 0.00 | F:mu sigma m M 131.9 78.8 40.0 329.0 | H 1.098 | V 0.006 | pL -0.001 | vL 0.000 | delta 0.002
U 342 | F 700416 | FPS 0026 | D 24642 | rR:mu sigma m M 0.05 0.19 0.00 0.79 | F:mu sigma m M 196.5 121.8 22.0 432.0 | H 1.094 | V 0.013 | pL -0.003 | vL 0.000 | delta 0.007
U 343 | F 702464 | FPS 0028 | D 24717 | rR:mu sigma m M 0.00 0.00 0.00 0.00 | F:mu sigma m M 124.2 93.6 32.0 415.0 | H 1.097 | V 0.006 | pL -0.001 | vL 0.000 | delta 0.011
U 344 | F 704512 | FPS 0028 | D 24791 | rR:mu sigma m M 0.00 0.00 0.00 0.00 | F:mu sigma m M 158.1 135.9 21.0 520.0 | H 1.097 | V 0.007 | pL 0.004 | vL 0.000 | delta 0.007
U 345 | F 706560 | FPS 0028 | D 24865 | rR:mu sigma m M 0.00 0.00 0.00 0.00 | F:mu sigma m M 166.2 121.7 21.0 520.0 | H 1.098 | V 0.006 | pL 0.001 | vL 0.000 | delta 0.001
U 346 | F 708608 | FPS 0027 | D 24941 | rR:mu sigma m M 0.00 0.00 0.00 0.00 | F:mu sigma m M 184.9 125.2 18.0 463.0 | H 1.098 | V 0.005 | pL 0.001 | vL 0.000 | delta 0.001
U 347 | F 710656 | FPS 0027 | D 25017 | rR:mu sigma m M 0.00 0.00 0.00 0.00 | F:mu sigma m M 133.2 137.9 16.0 525.0 | H 1.098 | V 0.007 | pL 0.000 | vL 0.000 | delta 0.003
U 348 | F 712704 | FPS 0026 | D 25097 | rR:mu sigma m M 0.04 0.17 0.00 0.69 | F:mu sigma m M 153.7 133.9 32.0 525.0 | H 1.093 | V 0.012 | pL -0.003 | vL 0.000 | delta 0.009
U 349 | F 714752 | FPS 0025 | D 25178 | rR:mu sigma m M 0.04 0.17 0.00 0.69 | F:mu sigma m M 152.2 150.6 32.0 660.0 | H 1.097 | V 0.002 | pL -0.001 | vL 0.000 | delta 0.003
U 350 | F 716800 | FPS 0027 | D 25253 | rR:mu sigma m M 0.00 0.00 0.00 0.00 | F:mu sigma m M 265.2 254.0 40.0 900.0 | H 1.098 | V 0.001 | pL 0.000 | vL 0.000 | delta 0.002
U 351 | F 718848 | FPS 0025 | D 25333 | rR:mu sigma m M 0.00 0.00 0.00 0.00 | F:mu sigma m M 159.6 135.4 22.0 621.0 | H 1.098 | V 0.002 | pL 0.001 | vL 0.000 | delta 0.001
U 352 | F 720896 | FPS 0029 | D 25403 | rR:mu sigma m M 0.00 0.00 0.00 0.00 | F:mu sigma m M 245.3 186.7 22.0 621.0 | H 1.098 | V 0.002 | pL 0.000 | vL 0.000 | delta 0.001
U 353 | F 722944 | FPS 0030 | D 25472 | rR:mu sigma m M 0.00 0.00 0.00 0.00 | F:mu sigma m M 199.6 150.4 31.0 584.0 | H 1.098 | V 0.002 | pL 0.000 | vL 0.000 | delta 0.000
U 354 | F 724992 | FPS 0030 | D 25539 | rR:mu sigma m M 0.00 0.00 0.00 0.00 | F:mu sigma m M 147.1 154.0 26.0 687.0 | H 1.099 | V 0.001 | pL 0.000 | vL 0.000 | delta 0.000
U 355 | F 727040 | FPS 0026 | D 25619 | rR:mu sigma m M 0.00 0.00 0.00 0.00 | F:mu sigma m M 161.0 159.9 7.0 687.0 | H 1.098 | V 0.001 | pL 0.000 | vL 0.000 | delta 0.000
U 356 | F 729088 | FPS 0027 | D 25695 | rR:mu sigma m M 0.00 0.00 0.00 0.00 | F:mu sigma m M 163.7 123.5 19.0 418.0 | H 1.098 | V 0.001 | pL 0.000 | vL 0.000 | delta 0.000
U 357 | F 731136 | FPS 0028 | D 25768 | rR:mu sigma m M 0.00 0.00 0.00 0.00 | F:mu sigma m M 160.4 122.5 27.0 418.0 | H 1.099 | V 0.000 | pL 0.000 | vL 0.000 | delta 0.000
U 358 | F 733184 | FPS 0027 | D 25844 | rR:mu sigma m M 0.00 0.00 0.00 0.00 | F:mu sigma m M 125.2 75.0 27.0 376.0 | H 1.098 | V 0.001 | pL 0.000 | vL 0.000 | delta 0.003
U 359 | F 735232 | FPS 0024 | D 25927 | rR:mu sigma m M 0.00 0.00 0.00 0.00 | F:mu sigma m M 147.9 113.5 48.0 527.0 | H 1.098 | V 0.002 | pL 0.001 | vL 0.000 | delta 0.001
U 360 | F 737280 | FPS 0028 | D 26002 | rR:mu sigma m M 0.00 0.00 0.00 0.00 | F:mu sigma m M 244.8 228.3 17.0 897.0 | H 1.098 | V 0.002 | pL -0.000 | vL 0.000 | delta 0.000
U 361 | F 739328 | FPS 0027 | D 26078 | rR:mu sigma m M 0.00 0.00 0.00 0.00 | F:mu sigma m M 249.1 189.1 36.0 700.0 | H 1.098 | V 0.002 | pL 0.001 | vL 0.000 | delta 0.001
U 362 | F 741376 | FPS 0031 | D 26145 | rR:mu sigma m M 0.00 0.00 0.00 0.00 | F:mu sigma m M 187.1 163.1 36.0 700.0 | H 1.099 | V 0.002 | pL 0.000 | vL 0.000 | delta 0.000
U 363 | F 743424 | FPS 0028 | D 26217 | rR:mu sigma m M 0.05 0.19 0.00 0.78 | F:mu sigma m M 189.8 100.8 37.0 381.0 | H 1.094 | V 0.008 | pL -0.006 | vL 0.002 | delta 0.008
U 364 | F 745472 | FPS 0031 | D 26283 | rR:mu sigma m M 0.05 0.19 0.00 0.78 | F:mu sigma m M 258.9 202.8 43.0 900.0 | H 1.098 | V 0.006 | pL 0.001 | vL 0.000 | delta 0.001
U 365 | F 747520 | FPS 0029 | D 26354 | rR:mu sigma m M 0.00 0.00 0.00 0.00 | F:mu sigma m M 228.0 227.3 26.0 900.0 | H 1.098 | V 0.005 | pL 0.001 | vL 0.000 | delta 0.001
U 366 | F 749568 | FPS 0028 | D 26427 | rR:mu sigma m M 0.00 0.00 0.00 0.00 | F:mu sigma m M 163.6 104.0 29.0 423.0 | H 1.098 | V 0.004 | pL 0.002 | vL 0.000 | delta 0.002
U 367 | F 751616 | FPS 0027 | D 26503 | rR:mu sigma m M 0.00 0.00 0.00 0.00 | F:mu sigma m M 143.7 123.8 42.0 489.0 | H 1.099 | V 0.003 | pL 0.001 | vL 0.000 | delta 0.000
U 368 | F 753664 | FPS 0026 | D 26581 | rR:mu sigma m M 0.00 0.00 0.00 0.00 | F:mu sigma m M 183.5 176.9 34.0 707.0 | H 1.099 | V 0.003 | pL 0.001 | vL 0.000 | delta 0.000
U 369 | F 755712 | FPS 0029 | D 26651 | rR:mu sigma m M 0.00 0.00 0.00 0.00 | F:mu sigma m M 195.2 179.0 20.0 707.0 | H 1.098 | V 0.003 | pL 0.001 | vL 0.000 | delta 0.001
U 370 | F 757760 | FPS 0030 | D 26720 | rR:mu sigma m M 0.00 0.00 0.00 0.00 | F:mu sigma m M 201.7 180.1 28.0 727.0 | H 1.098 | V 0.002 | pL 0.001 | vL 0.000 | delta 0.001
U 371 | F 759808 | FPS 0027 | D 26798 | rR:mu sigma m M 0.00 0.00 0.00 0.00 | F:mu sigma m M 142.4 125.2 29.0 539.0 | H 1.099 | V 0.001 | pL 0.000 | vL 0.000 | delta 0.000
U 372 | F 761856 | FPS 0029 | D 26867 | rR:mu sigma m M 0.00 0.00 0.00 0.00 | F:mu sigma m M 96.2 81.5 11.0 311.0 | H 1.099 | V 0.001 | pL 0.000 | vL 0.000 | delta 0.000
U 373 | F 763904 | FPS 0027 | D 26944 | rR:mu sigma m M 0.00 0.00 0.00 0.00 | F:mu sigma m M 172.3 123.6 11.0 420.0 | H 1.099 | V 0.001 | pL 0.000 | vL 0.000 | delta 0.000
U 374 | F 765952 | FPS 0027 | D 27020 | rR:mu sigma m M 0.00 0.00 0.00 0.00 | F:mu sigma m M 176.8 130.0 9.0 487.0 | H 1.099 | V 0.001 | pL 0.000 | vL 0.000 | delta 0.000
U 375 | F 768000 | FPS 0027 | D 27096 | rR:mu sigma m M 0.00 0.00 0.00 0.00 | F:mu sigma m M 185.7 159.1 9.0 595.0 | H 1.098 | V 0.001 | pL 0.000 | vL 0.000 | delta 0.001
U 376 | F 770048 | FPS 0025 | D 27178 | rR:mu sigma m M 0.00 0.00 0.00 0.00 | F:mu sigma m M 228.9 152.3 52.0 595.0 | H 1.099 | V 0.001 | pL 0.000 | vL 0.000 | delta 0.000
U 377 | F 772096 | FPS 0025 | D 27260 | rR:mu sigma m M 0.00 0.00 0.00 0.00 | F:mu sigma m M 157.8 106.8 30.0 411.0 | H 1.099 | V 0.000 | pL 0.000 | vL 0.000 | delta 0.000
U 378 | F 774144 | FPS 0032 | D 27324 | rR:mu sigma m M 0.00 0.00 0.00 0.00 | F:mu sigma m M 105.9 62.2 30.0 245.0 | H 1.099 | V 0.000 | pL 0.000 | vL 0.000 | delta 0.000
U 379 | F 776192 | FPS 0031 | D 27390 | rR:mu sigma m M 0.00 0.00 0.00 0.00 | F:mu sigma m M 200.0 169.9 38.0 657.0 | H 1.099 | V 0.000 | pL 0.000 | vL 0.000 | delta 0.000
U 380 | F 778240 | FPS 0028 | D 27464 | rR:mu sigma m M 0.00 0.00 0.00 0.00 | F:mu sigma m M 181.4 162.5 33.0 712.0 | H 1.099 | V 0.000 | pL 0.000 | vL 0.000 | delta 0.000
U 381 | F 780288 | FPS 0032 | D 27527 | rR:mu sigma m M 0.00 0.00 0.00 0.00 | F:mu sigma m M 124.2 72.5 35.0 278.0 | H 1.099 | V -0.000 | pL 0.000 | vL 0.000 | delta 0.000
U 382 | F 782336 | FPS 0030 | D 27596 | rR:mu sigma m M 0.00 0.00 0.00 0.00 | F:mu sigma m M 182.7 152.1 35.0 548.0 | H 1.098 | V 0.000 | pL 0.000 | vL 0.000 | delta 0.000
U 383 | F 784384 | FPS 0029 | D 27667 | rR:mu sigma m M 0.00 0.00 0.00 0.00 | F:mu sigma m M 171.5 199.3 25.0 900.0 | H 1.099 | V 0.000 | pL -0.000 | vL 0.000 | delta 0.000
U 384 | F 786432 | FPS 0027 | D 27744 | rR:mu sigma m M 0.00 0.00 0.00 0.00 | F:mu sigma m M 122.3 75.9 38.0 364.0 | H 1.099 | V -0.000 | pL -0.000 | vL 0.000 | delta 0.000
U 385 | F 788480 | FPS 0027 | D 27818 | rR:mu sigma m M 0.00 0.00 0.00 0.00 | F:mu sigma m M 158.7 124.5 38.0 547.0 | H 1.098 | V 0.001 | pL 0.000 | vL 0.000 | delta 0.001
U 386 | F 790528 | FPS 0028 | D 27892 | rR:mu sigma m M 0.00 0.00 0.00 0.00 | F:mu sigma m M 230.9 204.4 16.0 608.0 | H 1.099 | V -0.000 | pL -0.000 | vL 0.000 | delta 0.000
U 387 | F 792576 | FPS 0027 | D 27967 | rR:mu sigma m M 0.00 0.00 0.00 0.00 | F:mu sigma m M 177.8 153.5 16.0 608.0 | H 1.099 | V 0.000 | pL 0.000 | vL 0.000 | delta 0.000
U 388 | F 794624 | FPS 0025 | D 28048 | rR:mu sigma m M 0.00 0.00 0.00 0.00 | F:mu sigma m M 142.8 129.4 25.0 552.0 | H 1.099 | V 0.000 | pL -0.000 | vL 0.000 | delta 0.001
U 389 | F 796672 | FPS 0027 | D 28124 | rR:mu sigma m M 0.04 0.17 0.00 0.69 | F:mu sigma m M 209.2 205.5 21.0 802.0 | H 1.096 | V 0.005 | pL -0.006 | vL 0.001 | delta 0.007
U 390 | F 798720 | FPS 0029 | D 28194 | rR:mu sigma m M 0.04 0.17 0.00 0.69 | F:mu sigma m M 204.6 226.3 21.0 802.0 | H 1.099 | V 0.001 | pL 0.000 | vL 0.000 | delta 0.001
U 391 | F 800768 | FPS 0029 | D 28264 | rR:mu sigma m M 0.00 0.00 0.00 0.00 | F:mu sigma m M 177.1 158.6 35.0 660.0 | H 1.099 | V 0.001 | pL 0.000 | vL 0.000 | delta 0.000
U 392 | F 802816 | FPS 0026 | D 28343 | rR:mu sigma m M 0.05 0.19 0.00 0.80 | F:mu sigma m M 171.1 142.6 26.0 521.0 | H 1.096 | V 0.007 | pL -0.006 | vL 0.001 | delta 0.011
U 393 | F 804864 | FPS 0032 | D 28408 | rR:mu sigma m M 0.00 0.00 0.00 0.00 | F:mu sigma m M 134.2 112.1 21.0 426.0 | H 1.097 | V 0.008 | pL 0.001 | vL 0.000 | delta 0.003
U 394 | F 806912 | FPS 0029 | D 28479 | rR:mu sigma m M 0.00 0.00 0.00 0.00 | F:mu sigma m M 140.1 124.3 31.0 518.0 | H 1.098 | V 0.005 | pL 0.002 | vL 0.000 | delta 0.002
U 395 | F 808960 | FPS 0026 | D 28558 | rR:mu sigma m M 0.00 0.00 0.00 0.00 | F:mu sigma m M 132.6 117.1 22.0 431.0 | H 1.099 | V 0.002 | pL 0.001 | vL 0.000 | delta 0.000
U 396 | F 811008 | FPS 0031 | D 28625 | rR:mu sigma m M 0.00 0.00 0.00 0.00 | F:mu sigma m M 156.7 153.3 11.0 528.0 | H 1.099 | V 0.002 | pL 0.000 | vL 0.000 | delta 0.000
U 397 | F 813056 | FPS 0030 | D 28693 | rR:mu sigma m M 0.00 0.00 0.00 0.00 | F:mu sigma m M 192.1 149.7 24.0 528.0 | H 1.097 | V 0.004 | pL 0.000 | vL 0.000 | delta 0.001
U 398 | F 815104 | FPS 0031 | D 28760 | rR:mu sigma m M 0.00 0.00 0.00 0.00 | F:mu sigma m M 206.1 171.1 16.0 610.0 | H 1.098 | V 0.003 | pL 0.001 | vL 0.000 | delta 0.001
U 399 | F 817152 | FPS 0032 | D 28825 | rR:mu sigma m M 0.00 0.00 0.00 0.00 | F:mu sigma m M 153.0 144.2 26.0 517.0 | H 1.098 | V 0.001 | pL 0.001 | vL 0.000 | delta 0.000
U 400 | F 819200 | FPS 0030 | D 28893 | rR:mu sigma m M 0.00 0.00 0.00 0.00 | F:mu sigma m M 111.9 89.4 19.0 324.0 | H 1.098 | V 0.002 | pL -0.000 | vL 0.000 | delta 0.001
U 401 | F 821248 | FPS 0032 | D 28956 | rR:mu sigma m M 0.00 0.00 0.00 0.00 | F:mu sigma m M 126.4 81.5 29.0 303.0 | H 1.098 | V 0.001 | pL 0.001 | vL 0.000 | delta 0.001
U 402 | F 823296 | FPS 0029 | D 29027 | rR:mu sigma m M 0.00 0.00 0.00 0.00 | F:mu sigma m M 189.5 161.6 29.0 739.0 | H 1.099 | V 0.001 | pL -0.000 | vL 0.000 | delta 0.000
U 403 | F 825344 | FPS 0025 | D 29108 | rR:mu sigma m M 0.00 0.00 0.00 0.00 | F:mu sigma m M 167.8 116.1 13.0 498.0 | H 1.099 | V 0.001 | pL 0.000 | vL 0.000 | delta 0.000
U 404 | F 827392 | FPS 0027 | D 29185 | rR:mu sigma m M 0.00 0.00 0.00 0.00 | F:mu sigma m M 174.8 133.5 13.0 542.0 | H 1.098 | V 0.001 | pL -0.000 | vL 0.000 | delta 0.000
U 405 | F 829440 | FPS 0032 | D 29249 | rR:mu sigma m M 0.05 0.19 0.00 0.82 | F:mu sigma m M 124.0 71.3 14.0 263.0 | H 1.096 | V 0.008 | pL -0.006 | vL 0.001 | delta 0.012
U 406 | F 831488 | FPS 0025 | D 29332 | rR:mu sigma m M 0.00 0.00 0.00 0.00 | F:mu sigma m M 158.2 91.2 22.0 343.0 | H 1.098 | V -0.001 | pL -0.000 | vL 0.000 | delta 0.001
U 407 | F 833536 | FPS 0030 | D 29401 | rR:mu sigma m M 0.00 0.00 0.00 0.00 | F:mu sigma m M 153.8 94.5 20.0 370.0 | H 1.099 | V -0.001 | pL -0.000 | vL 0.000 | delta 0.000
U 408 | F 835584 | FPS 0030 | D 29469 | rR:mu sigma m M 0.00 0.00 0.00 0.00 | F:mu sigma m M 158.2 92.7 20.0 358.0 | H 1.099 | V -0.001 | pL -0.000 | vL 0.000 | delta 0.000
U 409 | F 837632 | FPS 0029 | D 29539 | rR:mu sigma m M 0.00 0.00 0.00 0.00 | F:mu sigma m M 151.1 116.3 22.0 434.0 | H 1.099 | V -0.001 | pL -0.000 | vL 0.000 | delta 0.000
U 410 | F 839680 | FPS 0028 | D 29614 | rR:mu sigma m M 0.00 0.00 0.00 0.00 | F:mu sigma m M 109.6 81.7 27.0 355.0 | H 1.098 | V 0.001 | pL -0.000 | vL 0.000 | delta 0.001
U 411 | F 841728 | FPS 0027 | D 29688 | rR:mu sigma m M 0.02 0.09 0.00 0.35 | F:mu sigma m M 178.3 171.7 27.0 646.0 | H 1.096 | V 0.005 | pL -0.003 | vL 0.000 | delta 0.004
U 412 | F 843776 | FPS 0032 | D 29753 | rR:mu sigma m M 0.00 0.00 0.00 0.00 | F:mu sigma m M 157.6 100.2 54.0 371.0 | H 1.098 | V 0.000 | pL -0.000 | vL 0.000 | delta 0.002
U 413 | F 845824 | FPS 0030 | D 29821 | rR:mu sigma m M 0.00 0.00 0.00 0.00 | F:mu sigma m M 163.1 135.6 33.0 559.0 | H 1.098 | V -0.001 | pL -0.000 | vL 0.000 | delta 0.000
U 414 | F 847872 | FPS 0027 | D 29897 | rR:mu sigma m M 0.00 0.00 0.00 0.00 | F:mu sigma m M 192.0 142.9 16.0 559.0 | H 1.098 | V -0.000 | pL -0.000 | vL 0.000 | delta 0.000
U 415 | F 849920 | FPS 0030 | D 29967 | rR:mu sigma m M 0.00 0.00 0.00 0.00 | F:mu sigma m M 169.2 111.6 35.0 397.0 | H 1.099 | V -0.000 | pL -0.000 | vL 0.000 | delta 0.000
U 416 | F 851968 | FPS 0026 | D 30046 | rR:mu sigma m M 0.00 0.00 0.00 0.00 | F:mu sigma m M 179.1 122.5 29.0 421.0 | H 1.099 | V 0.000 | pL -0.000 | vL 0.000 | delta 0.000
U 417 | F 854016 | FPS 0030 | D 30113 | rR:mu sigma m M 0.00 0.00 0.00 0.00 | F:mu sigma m M 194.4 106.3 29.0 351.0 | H 1.099 | V 0.000 | pL 0.000 | vL 0.000 | delta 0.000
U 418 | F 856064 | FPS 0029 | D 30183 | rR:mu sigma m M 0.00 0.00 0.00 0.00 | F:mu sigma m M 135.4 84.1 31.0 299.0 | H 1.098 | V 0.001 | pL -0.000 | vL 0.000 | delta 0.001
U 419 | F 858112 | FPS 0027 | D 30260 | rR:mu sigma m M 0.00 0.00 0.00 0.00 | F:mu sigma m M 165.1 154.2 31.0 604.0 | H 1.098 | V 0.001 | pL 0.000 | vL 0.000 | delta 0.000
U 420 | F 860160 | FPS 0033 | D 30322 | rR:mu sigma m M 0.00 0.00 0.00 0.00 | F:mu sigma m M 147.1 121.9 13.0 411.0 | H 1.099 | V 0.000 | pL 0.000 | vL 0.000 | delta 0.000
U 421 | F 862208 | FPS 0027 | D 30397 | rR:mu sigma m M 0.00 0.00 0.00 0.00 | F:mu sigma m M 168.6 161.2 13.0 592.0 | H 1.098 | V 0.001 | pL 0.000 | vL 0.000 | delta 0.000
U 422 | F 864256 | FPS 0026 | D 30474 | rR:mu sigma m M 0.00 0.00 0.00 0.00 | F:mu sigma m M 186.4 144.6 25.0 553.0 | H 1.098 | V 0.001 | pL 0.000 | vL 0.000 | delta 0.000
U 423 | F 866304 | FPS 0028 | D 30549 | rR:mu sigma m M 0.00 0.00 0.00 0.00 | F:mu sigma m M 182.3 188.5 22.0 812.0 | H 1.099 | V 0.001 | pL 0.000 | vL 0.000 | delta 0.000
U 424 | F 868352 | FPS 0025 | D 30629 | rR:mu sigma m M 0.00 0.00 0.00 0.00 | F:mu sigma m M 172.2 190.3 22.0 812.0 | H 1.098 | V 0.001 | pL 0.000 | vL 0.000 | delta 0.001
U 425 | F 870400 | FPS 0028 | D 30704 | rR:mu sigma m M 0.00 0.00 0.00 0.00 | F:mu sigma m M 130.8 69.2 45.0 262.0 | H 1.098 | V 0.002 | pL -0.000 | vL 0.000 | delta 0.000
U 426 | F 872448 | FPS 0026 | D 30784 | rR:mu sigma m M 0.05 0.18 0.00 0.73 | F:mu sigma m M 196.6 115.4 20.0 466.0 | H 1.096 | V 0.006 | pL -0.004 | vL 0.000 | delta 0.006
U 427 | F 874496 | FPS 0026 | D 30863 | rR:mu sigma m M 0.00 0.00 0.00 0.00 | F:mu sigma m M 176.9 143.9 18.0 503.0 | H 1.098 | V 0.001 | pL 0.000 | vL 0.000 | delta 0.001
U 428 | F 876544 | FPS 0028 | D 30937 | rR:mu sigma m M 0.00 0.00 0.00 0.00 | F:mu sigma m M 207.7 186.3 18.0 723.0 | H 1.099 | V 0.001 | pL 0.000 | vL 0.000 | delta 0.000
U 429 | F 878592 | FPS 0030 | D 31005 | rR:mu sigma m M 0.00 0.00 0.00 0.00 | F:mu sigma m M 159.4 82.5 39.0 317.0 | H 1.098 | V 0.002 | pL 0.000 | vL 0.000 | delta 0.001
U 430 | F 880640 | FPS 0028 | D 31079 | rR:mu sigma m M 0.00 0.00 0.00 0.00 | F:mu sigma m M 162.6 111.3 29.0 456.0 | H 1.099 | V 0.002 | pL 0.000 | vL 0.000 | delta 0.000
U 431 | F 882688 | FPS 0027 | D 31154 | rR:mu sigma m M 0.00 0.00 0.00 0.00 | F:mu sigma m M 127.0 97.2 31.0 357.0 | H 1.099 | V 0.001 | pL 0.000 | vL 0.000 | delta 0.000
U 432 | F 884736 | FPS 0024 | D 31240 | rR:mu sigma m M 0.00 0.00 0.00 0.00 | F:mu sigma m M 165.0 127.9 31.0 511.0 | H 1.099 | V 0.001 | pL 0.000 | vL 0.000 | delta 0.000
U 433 | F 886784 | FPS 0028 | D 31314 | rR:mu sigma m M 0.06 0.22 0.00 0.93 | F:mu sigma m M 245.5 172.9 48.0 736.0 | H 1.098 | V 0.009 | pL -0.007 | vL 0.001 | delta 0.013
U 434 | F 888832 | FPS 0030 | D 31382 | rR:mu sigma m M 0.00 0.00 0.00 0.00 | F:mu sigma m M 188.6 171.3 29.0 736.0 | H 1.098 | V 0.001 | pL 0.000 | vL 0.000 | delta 0.002
U 435 | F 890880 | FPS 0029 | D 31454 | rR:mu sigma m M 0.00 0.00 0.00 0.00 | F:mu sigma m M 146.2 184.8 23.0 726.0 | H 1.098 | V 0.002 | pL 0.001 | vL 0.000 | delta 0.001
U 436 | F 892928 | FPS 0025 | D 31535 | rR:mu sigma m M 0.06 0.22 0.00 0.90 | F:mu sigma m M 162.6 120.3 27.0 492.0 | H 1.096 | V 0.017 | pL -0.009 | vL 0.001 | delta 0.014
U 437 | F 894976 | FPS 0024 | D 31621 | rR:mu sigma m M 0.06 0.22 0.00 0.90 | F:mu sigma m M 149.5 148.6 37.0 603.0 | H 1.097 | V 0.013 | pL 0.007 | vL 0.000 | delta 0.007
U 438 | F 897024 | FPS 0024 | D 31706 | rR:mu sigma m M 0.00 0.00 0.00 0.00 | F:mu sigma m M 226.3 206.7 41.0 730.0 | H 1.098 | V 0.003 | pL 0.001 | vL 0.000 | delta 0.001
U 439 | F 899072 | FPS 0026 | D 31783 | rR:mu sigma m M 0.00 0.00 0.00 0.00 | F:mu sigma m M 214.3 189.4 41.0 730.0 | H 1.098 | V 0.002 | pL 0.000 | vL 0.000 | delta 0.001
U 440 | F 901120 | FPS 0031 | D 31850 | rR:mu sigma m M 0.00 0.00 0.00 0.00 | F:mu sigma m M 215.1 133.9 64.0 486.0 | H 1.098 | V 0.006 | pL 0.001 | vL 0.000 | delta 0.003
U 441 | F 903168 | FPS 0024 | D 31935 | rR:mu sigma m M 0.00 0.00 0.00 0.00 | F:mu sigma m M 174.2 126.7 41.0 426.0 | H 1.098 | V 0.006 | pL 0.000 | vL 0.000 | delta 0.001
U 442 | F 905216 | FPS 0029 | D 32006 | rR:mu sigma m M 0.05 0.20 0.00 0.83 | F:mu sigma m M 191.4 169.3 36.0 649.0 | H 1.097 | V 0.012 | pL -0.004 | vL 0.001 | delta 0.012
U 443 | F 907264 | FPS 0028 | D 32079 | rR:mu sigma m M 0.00 0.00 0.00 0.00 | F:mu sigma m M 186.9 159.1 36.0 657.0 | H 1.098 | V 0.002 | pL 0.001 | vL 0.000 | delta 0.004
U 444 | F 909312 | FPS 0026 | D 32157 | rR:mu sigma m M 0.00 0.00 0.00 0.00 | F:mu sigma m M 171.0 104.2 38.0 341.0 | H 1.098 | V 0.003 | pL -0.002 | vL 0.000 | delta 0.004
U 445 | F 911360 | FPS 0027 | D 32232 | rR:mu sigma m M 0.00 0.00 0.00 0.00 | F:mu sigma m M 145.6 119.5 27.0 392.0 | H 1.096 | V 0.004 | pL 0.001 | vL 0.000 | delta 0.004
U 446 | F 913408 | FPS 0029 | D 32303 | rR:mu sigma m M 0.00 0.00 0.00 0.00 | F:mu sigma m M 180.0 149.9 23.0 476.0 | H 1.095 | V 0.006 | pL 0.000 | vL 0.000 | delta 0.002
U 447 | F 915456 | FPS 0026 | D 32383 | rR:mu sigma m M 0.00 0.00 0.00 0.00 | F:mu sigma m M 196.4 144.9 23.0 476.0 | H 1.098 | V 0.001 | pL 0.001 | vL 0.000 | delta 0.001
U 448 | F 917504 | FPS 0025 | D 32465 | rR:mu sigma m M 0.00 0.00 0.00 0.00 | F:mu sigma m M 157.8 95.1 39.0 391.0 | H 1.099 | V 0.001 | pL 0.000 | vL 0.000 | delta 0.000
U 449 | F 919552 | FPS 0025 | D 32547 | rR:mu sigma m M 0.00 0.00 0.00 0.00 | F:mu sigma m M 132.9 91.5 10.0 361.0 | H 1.099 | V 0.001 | pL 0.000 | vL 0.000 | delta 0.000
U 450 | F 921600 | FPS 0028 | D 32621 | rR:mu sigma m M 0.00 0.00 0.00 0.00 | F:mu sigma m M 162.8 127.2 10.0 495.0 | H 1.099 | V 0.001 | pL 0.000 | vL 0.000 | delta 0.000
U 451 | F 923648 | FPS 0026 | D 32700 | rR:mu sigma m M 0.00 0.00 0.00 0.00 | F:mu sigma m M 173.4 131.2 35.0 495.0 | H 1.099 | V 0.001 | pL 0.000 | vL 0.000 | delta 0.000
U 452 | F 925696 | FPS 0026 | D 32780 | rR:mu sigma m M 0.00 0.00 0.00 0.00 | F:mu sigma m M 179.3 118.9 35.0 411.0 | H 1.098 | V 0.003 | pL -0.001 | vL 0.000 | delta 0.001
U 453 | F 927744 | FPS 0025 | D 32862 | rR:mu sigma m M 0.05 0.20 0.00 0.83 | F:mu sigma m M 194.0 130.8 25.0 542.0 | H 1.096 | V 0.004 | pL -0.002 | vL 0.000 | delta 0.002
U 454 | F 929792 | FPS 0025 | D 32942 | rR:mu sigma m M 0.05 0.19 0.00 0.80 | F:mu sigma m M 186.6 148.9 15.0 542.0 | H 1.095 | V 0.009 | pL -0.006 | vL 0.001 | delta 0.008
U 455 | F 931840 | FPS 0028 | D 33017 | rR:mu sigma m M 0.05 0.19 0.00 0.80 | F:mu sigma m M 234.8 174.1 21.0 604.0 | H 1.096 | V 0.004 | pL 0.000 | vL 0.000 | delta 0.007
U 456 | F 933888 | FPS 0026 | D 33096 | rR:mu sigma m M 0.00 0.00 0.00 0.00 | F:mu sigma m M 249.3 170.4 35.0 604.0 | H 1.096 | V 0.004 | pL 0.001 | vL 0.000 | delta 0.004
U 457 | F 935936 | FPS 0025 | D 33177 | rR:mu sigma m M 0.00 0.00 0.00 0.00 | F:mu sigma m M 171.4 104.4 30.0 445.0 | H 1.098 | V 0.002 | pL 0.000 | vL 0.000 | delta 0.001
U 458 | F 937984 | FPS 0034 | D 33238 | rR:mu sigma m M 0.00 0.00 0.00 0.00 | F:mu sigma m M 144.6 86.3 20.0 328.0 | H 1.098 | V 0.001 | pL 0.000 | vL 0.000 | delta 0.000
U 459 | F 940032 | FPS 0027 | D 33313 | rR:mu sigma m M 0.00 0.00 0.00 0.00 | F:mu sigma m M 155.4 91.7 20.0 355.0 | H 1.097 | V 0.003 | pL -0.000 | vL 0.000 | delta 0.002
U 460 | F 942080 | FPS 0027 | D 33388 | rR:mu sigma m M 0.03 0.13 0.00 0.53 | F:mu sigma m M 188.8 151.6 48.0 589.0 | H 1.086 | V 0.015 | pL -0.003 | vL 0.001 | delta 0.011
U 461 | F 944128 | FPS 0024 | D 33474 | rR:mu sigma m M 0.03 0.13 0.00 0.53 | F:mu sigma m M 212.9 155.6 55.0 589.0 | H 1.096 | V 0.003 | pL 0.001 | vL 0.000 | delta 0.003
U 462 | F 946176 | FPS 0029 | D 33544 | rR:mu sigma m M 0.00 0.00 0.00 0.00 | F:mu sigma m M 244.9 181.7 30.0 609.0 | H 1.098 | V -0.001 | pL -0.000 | vL 0.000 | delta 0.001
U 463 | F 948224 | FPS 0027 | D 33619 | rR:mu sigma m M 0.00 0.00 0.00 0.00 | F:mu sigma m M 215.9 170.2 30.0 609.0 | H 1.098 | V -0.001 | pL -0.000 | vL 0.000 | delta 0.000
U 464 | F 950272 | FPS 0027 | D 33694 | rR:mu sigma m M 0.00 0.00 0.00 0.00 | F:mu sigma m M 217.9 139.0 10.0 551.0 | H 1.098 | V -0.001 | pL -0.000 | vL 0.000 | delta 0.000
U 465 | F 952320 | FPS 0026 | D 33774 | rR:mu sigma m M 0.00 0.00 0.00 0.00 | F:mu sigma m M 135.9 78.2 21.0 296.0 | H 1.098 | V -0.000 | pL -0.000 | vL 0.000 | delta 0.000
U 466 | F 954368 | FPS 0028 | D 33848 | rR:mu sigma m M 0.00 0.00 0.00 0.00 | F:mu sigma m M 219.9 138.9 52.0 480.0 | H 1.098 | V -0.000 | pL -0.000 | vL 0.000 | delta 0.000
U 467 | F 956416 | FPS 0028 | D 33921 | rR:mu sigma m M 0.05 0.21 0.00 0.86 | F:mu sigma m M 173.2 132.6 25.0 480.0 | H 1.092 | V 0.005 | pL -0.007 | vL 0.001 | delta 0.011
U 468 | F 958464 | FPS 0031 | D 33988 | rR:mu sigma m M 0.10 0.25 0.00 0.86 | F:mu sigma m M 146.2 98.2 25.0 328.0 | H 1.091 | V 0.010 | pL -0.008 | vL 0.001 | delta 0.023
U 469 | F 960512 | FPS 0027 | D 34063 | rR:mu sigma m M 0.06 0.22 0.00 0.92 | F:mu sigma m M 179.6 93.5 25.0 360.0 | H 1.093 | V -0.001 | pL -0.004 | vL 0.000 | delta 0.013
U 470 | F 962560 | FPS 0027 | D 34138 | rR:mu sigma m M 0.00 0.00 0.00 0.00 | F:mu sigma m M 189.9 83.9 70.0 360.0 | H 1.090 | V 0.013 | pL 0.000 | vL 0.001 | delta 0.013
U 471 | F 964608 | FPS 0029 | D 34209 | rR:mu sigma m M 0.04 0.16 0.00 0.67 | F:mu sigma m M 210.6 108.5 19.0 371.0 | H 1.086 | V 0.018 | pL -0.002 | vL 0.001 | delta 0.008
U 472 | F 966656 | FPS 0026 | D 34288 | rR:mu sigma m M 0.04 0.16 0.00 0.67 | F:mu sigma m M 156.1 112.4 16.0 414.0 | H 1.096 | V 0.009 | pL 0.002 | vL 0.000 | delta 0.003
U 473 | F 968704 | FPS 0029 | D 34359 | rR:mu sigma m M 0.00 0.00 0.00 0.00 | F:mu sigma m M 162.6 112.9 16.0 414.0 | H 1.098 | V 0.008 | pL 0.002 | vL 0.000 | delta 0.002
U 474 | F 970752 | FPS 0027 | D 34435 | rR:mu sigma m M 0.00 0.00 0.00 0.00 | F:mu sigma m M 188.1 119.0 26.0 419.0 | H 1.096 | V 0.010 | pL -0.000 | vL 0.000 | delta 0.003
U 475 | F 972800 | FPS 0030 | D 34502 | rR:mu sigma m M 0.03 0.12 0.00 0.50 | F:mu sigma m M 214.6 139.6 42.0 495.0 | H 1.096 | V 0.011 | pL -0.000 | vL 0.000 | delta 0.005
U 476 | F 974848 | FPS 0030 | D 34572 | rR:mu sigma m M 0.00 0.00 0.00 0.00 | F:mu sigma m M 135.9 145.6 8.0 538.0 | H 1.098 | V 0.004 | pL 0.002 | vL 0.000 | delta 0.001
U 477 | F 976896 | FPS 0029 | D 34641 | rR:mu sigma m M 0.05 0.21 0.00 0.86 | F:mu sigma m M 112.8 77.3 34.0 278.0 | H 1.093 | V 0.016 | pL -0.006 | vL 0.001 | delta 0.011
U 478 | F 978944 | FPS 0028 | D 34715 | rR:mu sigma m M 0.05 0.19 0.00 0.80 | F:mu sigma m M 141.3 112.6 13.0 404.0 | H 1.090 | V 0.025 | pL -0.002 | vL 0.002 | delta 0.019
U 479 | F 980992 | FPS 0033 | D 34778 | rR:mu sigma m M 0.00 0.00 0.00 0.00 | F:mu sigma m M 106.0 71.8 9.0 283.0 | H 1.096 | V 0.010 | pL 0.004 | vL 0.000 | delta 0.004
U 480 | F 983040 | FPS 0025 | D 34859 | rR:mu sigma m M 0.05 0.21 0.00 0.87 | F:mu sigma m M 155.2 86.3 54.0 394.0 | H 1.084 | V 0.026 | pL -0.003 | vL 0.001 | delta 0.016
U 481 | F 985088 | FPS 0029 | D 34930 | rR:mu sigma m M 0.06 0.22 0.00 0.90 | F:mu sigma m M 190.2 159.5 34.0 557.0 | H 1.089 | V 0.029 | pL -0.001 | vL 0.001 | delta 0.014
U 482 | F 987136 | FPS 0025 | D 35013 | rR:mu sigma m M 0.05 0.18 0.00 0.74 | F:mu sigma m M 135.0 105.9 18.0 326.0 | H 1.077 | V 0.037 | pL -0.005 | vL 0.001 | delta 0.020
U 483 | F 989184 | FPS 0030 | D 35081 | rR:mu sigma m M 0.00 0.00 0.00 0.00 | F:mu sigma m M 146.1 96.9 18.0 326.0 | H 1.083 | V 0.025 | pL 0.008 | vL 0.001 | delta 0.016
U 484 | F 991232 | FPS 0028 | D 35153 | rR:mu sigma m M 0.11 0.28 0.00 0.87 | F:mu sigma m M 164.6 104.3 19.0 372.0 | H 1.066 | V 0.040 | pL -0.010 | vL 0.002 | delta 0.029
U 485 | F 993280 | FPS 0027 | D 35228 | rR:mu sigma m M 0.14 0.30 0.00 0.87 | F:mu sigma m M 152.1 130.2 19.0 468.0 | H 1.063 | V 0.039 | pL 0.005 | vL 0.001 | delta 0.018
U 486 | F 995328 | FPS 0029 | D 35299 | rR:mu sigma m M 0.05 0.20 0.00 0.82 | F:mu sigma m M 190.7 110.7 74.0 448.0 | H 1.069 | V 0.039 | pL 0.001 | vL 0.001 | delta 0.015
U 487 | F 997376 | FPS 0030 | D 35367 | rR:mu sigma m M 0.20 0.35 0.00 0.86 | F:mu sigma m M 164.5 110.6 17.0 448.0 | H 1.027 | V 0.071 | pL -0.012 | vL 0.002 | delta 0.032
U 488 | F 999424 | FPS 0034 | D 35427 | rR:mu sigma m M 0.27 0.38 0.00 0.89 | F:mu sigma m M 114.1 92.5 8.0 293.0 | H 0.960 | V 0.130 | pL -0.037 | vL 0.007 | delta 0.053
U 489 | F 1001472 | FPS 0041 | D 35476 | rR:mu sigma m M 0.48 0.42 0.00 0.93 | F:mu sigma m M 121.9 86.3 9.0 317.0 | H 0.938 | V 0.153 | pL -0.039 | vL 0.009 | delta 0.089
U 490 | F 1003520 | FPS 0044 | D 35523 | rR:mu sigma m M 0.55 0.42 0.00 0.95 | F:mu sigma m M 98.9 63.8 20.0 236.0 | H 0.920 | V 0.179 | pL -0.048 | vL 0.010 | delta 0.069
U 491 | F 1005568 | FPS 0046 | D 35567 | rR:mu sigma m M 0.58 0.40 0.00 0.94 | F:mu sigma m M 127.2 74.4 45.0 313.0 | H 0.895 | V 0.219 | pL -0.066 | vL 0.012 | delta 0.106
U 492 | F 1007616 | FPS 0053 | D 35606 | rR:mu sigma m M 0.71 0.37 0.00 0.96 | F:mu sigma m M 89.7 52.4 16.0 234.0 | H 0.769 | V 0.415 | pL -0.089 | vL 0.013 | delta 0.112
U 493 | F 1009664 | FPS 0060 | D 35640 | rR:mu sigma m M 0.84 0.30 0.00 0.97 | F:mu sigma m M 57.8 21.5 15.0 103.0 | H 0.675 | V 0.501 | pL -0.099 | vL 0.011 | delta 0.084
U 494 | F 1011712 | FPS 0064 | D 35672 | rR:mu sigma m M 0.82 0.32 0.00 0.97 | F:mu sigma m M 51.0 18.4 24.0 109.0 | H 0.587 | V 0.615 | pL -0.080 | vL 0.011 | delta 0.114
U 495 | F 1013760 | FPS 0066 | D 35703 | rR:mu sigma m M 0.93 0.14 0.00 0.97 | F:mu sigma m M 45.6 14.9 25.0 98.0 | H 0.508 | V 0.691 | pL -0.077 | vL 0.008 | delta 0.106
U 496 | F 1015808 | FPS 0070 | D 35733 | rR:mu sigma m M 0.92 0.19 0.00 0.97 | F:mu sigma m M 38.9 11.7 14.0 84.0 | H 0.468 | V 0.744 | pL -0.044 | vL 0.005 | delta 0.063
U 497 | F 1017856 | FPS 0074 | D 35760 | rR:mu sigma m M 0.96 0.01 0.93 0.97 | F:mu sigma m M 38.1 9.4 26.0 73.0 | H 0.474 | V 0.788 | pL -0.022 | vL 0.002 | delta 0.043
agent reach optimality, start collecting trajectories
agent successfully collected 10 trajectories
pickling optimal trajectories
Model successfully saved
/home/rdali/.local/easybuild/software/2017/Core/miniconda3/4.3.27/envs/observe/lib/python3.6/site-packages/torch/nn/functional.py:1906: UserWarning: reduction: 'mean' divides the total loss by both the batch size and the support size.'batchmean' divides only by the batch size, and aligns with the KL div math definition.'mean' will be changed to behave the same as 'batchmean' in the next major release.
  warnings.warn("reduction: 'mean' divides the total loss by both the batch size and the support size."
