The following modules were not unloaded:
  (Use "module --force purge" to unload all):

  1) StdEnv/2018.3     4) gcccore/.7.3.0      7) intel/2018.3
  2) nixpkgs/16.09     5) icc/.2018.3.222     8) openmpi/3.1.2
  3) imkl/2018.3.222   6) ifort/.2018.3.222

Due to MODULEPATH changes, the following have been reloaded:
  1) openmpi/3.1.2

Attention: While Conda works well in a desktop environment, it tends to create more problems than it solves on a cluster. Instead, we recommend that users use virtual environments and the binary packages that we provide through Python wheels as documented on the Python page.
/home/rdali/RL/watch_and_learn/dependency/rl-starter-files/scripts/train_agent_multidem.py --env MiniGrid-LavaCrossingAddictO8S15-v0 --algo ppo --nameDemonstrator LavaCrossing1508Addict1,LavaCrossing1508Addict2,LavaCrossing1508Addict3,LavaCrossing1508Addict4,LavaCrossing1508Addict10,LavaCrossing1508Addict11,LavaCrossing1508Addict12,LavaCrossing1508Addict13 --flat-model 0 --KLweight 0.1 --useKL 1 --meanReward 0.80 --rewardLB 0.70 --seed 119

Namespace(KLweight=0.1, algo='ppo', batch_size=256, clip_eps=0.2, discount=0.99, entropy_coef=0.01, env='MiniGrid-LavaCrossingAddictO8S15-v0', epochs=4, flat_model=0, frames=10000000, frames_per_proc=None, full_obs=0, gae_lambda=0.95, log_interval=1, lr=0.0007, max_grad_norm=0.5, meanReward=0.8, mem=False, model=None, nameDemonstrator='LavaCrossing1508Addict1,LavaCrossing1508Addict2,LavaCrossing1508Addict3,LavaCrossing1508Addict4,LavaCrossing1508Addict10,LavaCrossing1508Addict11,LavaCrossing1508Addict12,LavaCrossing1508Addict13', optim_alpha=0.99, optim_eps=1e-05, procs=16, recurrence=1, rewardLB=0.7, save_interval=0, seed=119, tb=False, text=False, useKL=1, value_loss_coef=0.5)

Flat model successfully created

ACModel(
  (image_conv): Sequential(
    (0): Conv2d(3, 32, kernel_size=(2, 2), stride=(1, 1))
    (1): ReLU()
    (2): MaxPool2d(kernel_size=(2, 2), stride=(2, 2), padding=0, dilation=1, ceil_mode=False)
    (3): Conv2d(32, 64, kernel_size=(2, 2), stride=(1, 1))
    (4): ReLU()
    (5): Conv2d(64, 64, kernel_size=(2, 2), stride=(1, 1))
    (6): ReLU()
  )
  (actor): Sequential(
    (0): Linear(in_features=1600, out_features=64, bias=True)
    (1): Tanh()
    (2): Linear(in_features=64, out_features=3, bias=True)
  )
  (critic): Sequential(
    (0): Linear(in_features=1600, out_features=64, bias=True)
    (1): Tanh()
    (2): Linear(in_features=64, out_features=1, bias=True)
  )
)

CUDA available: False

1
True
0.1
Using TensorFlow backend.
OMP: Info #212: KMP_AFFINITY: decoding x2APIC ids.
OMP: Info #210: KMP_AFFINITY: Affinity capable, using global cpuid leaf 11 info
OMP: Info #154: KMP_AFFINITY: Initial OS proc set respected: 0-4
OMP: Info #156: KMP_AFFINITY: 5 available OS procs
OMP: Info #158: KMP_AFFINITY: Nonuniform topology
OMP: Info #179: KMP_AFFINITY: 2 packages x 3 cores/pkg x 1 threads/core (5 total cores)
OMP: Info #214: KMP_AFFINITY: OS proc to physical thread map:
OMP: Info #171: KMP_AFFINITY: OS proc 0 maps to package 0 core 0 
OMP: Info #171: KMP_AFFINITY: OS proc 4 maps to package 0 core 1 
OMP: Info #171: KMP_AFFINITY: OS proc 2 maps to package 0 core 4 
OMP: Info #171: KMP_AFFINITY: OS proc 1 maps to package 1 core 0 
OMP: Info #171: KMP_AFFINITY: OS proc 3 maps to package 1 core 4 
OMP: Info #250: KMP_AFFINITY: pid 283550 tid 283550 thread 0 bound to OS proc set 0
OMP: Info #250: KMP_AFFINITY: pid 283550 tid 283956 thread 1 bound to OS proc set 1
OMP: Info #250: KMP_AFFINITY: pid 283550 tid 283962 thread 2 bound to OS proc set 4
OMP: Info #250: KMP_AFFINITY: pid 283550 tid 283969 thread 4 bound to OS proc set 2
OMP: Info #250: KMP_AFFINITY: pid 283550 tid 283967 thread 3 bound to OS proc set 3
OMP: Info #250: KMP_AFFINITY: pid 283550 tid 284642 thread 5 bound to OS proc set 0
OMP: Info #250: KMP_AFFINITY: pid 283550 tid 284641 thread 6 bound to OS proc set 1
OMP: Info #250: KMP_AFFINITY: pid 283550 tid 284660 thread 7 bound to OS proc set 4
OMP: Info #250: KMP_AFFINITY: pid 283550 tid 284661 thread 8 bound to OS proc set 3
OMP: Info #250: KMP_AFFINITY: pid 283550 tid 284662 thread 9 bound to OS proc set 2
OMP: Info #250: KMP_AFFINITY: pid 283550 tid 284663 thread 10 bound to OS proc set 0
OMP: Info #250: KMP_AFFINITY: pid 283550 tid 284734 thread 11 bound to OS proc set 1
OMP: Info #250: KMP_AFFINITY: pid 283550 tid 284735 thread 12 bound to OS proc set 4
OMP: Info #250: KMP_AFFINITY: pid 283550 tid 284736 thread 13 bound to OS proc set 3
OMP: Info #250: KMP_AFFINITY: pid 283550 tid 284737 thread 14 bound to OS proc set 2
OMP: Info #250: KMP_AFFINITY: pid 283550 tid 284738 thread 15 bound to OS proc set 0
U 1 | F 002048 | FPS 0027 | D 75 | rR:mu sigma m M 0.00 0.00 0.00 0.00 | F:mu sigma m M 46.3 39.4 0.0 115.0 | H 1.092 | V -0.022 | pL -0.012 | vL 0.001 | delta 0.045
U 2 | F 004096 | FPS 0030 | D 144 | rR:mu sigma m M 0.00 0.00 0.00 0.00 | F:mu sigma m M 101.1 47.5 16.0 204.0 | H 1.096 | V -0.024 | pL -0.008 | vL 0.000 | delta 0.008
U 3 | F 006144 | FPS 0031 | D 210 | rR:mu sigma m M 0.00 0.00 0.00 0.00 | F:mu sigma m M 159.2 90.5 47.0 358.0 | H 1.099 | V -0.021 | pL -0.005 | vL 0.000 | delta 0.002
U 4 | F 008192 | FPS 0032 | D 274 | rR:mu sigma m M 0.00 0.00 0.00 0.00 | F:mu sigma m M 223.5 114.4 72.0 451.0 | H 1.098 | V -0.016 | pL -0.005 | vL 0.000 | delta 0.003
U 5 | F 010240 | FPS 0032 | D 338 | rR:mu sigma m M 0.00 0.00 0.00 0.00 | F:mu sigma m M 195.6 159.4 16.0 566.0 | H 1.099 | V -0.014 | pL -0.004 | vL 0.000 | delta 0.002
U 6 | F 012288 | FPS 0029 | D 408 | rR:mu sigma m M 0.00 0.00 0.00 0.00 | F:mu sigma m M 231.3 168.0 16.0 592.0 | H 1.098 | V -0.011 | pL -0.003 | vL 0.000 | delta 0.001
U 7 | F 014336 | FPS 0030 | D 477 | rR:mu sigma m M 0.00 0.00 0.00 0.00 | F:mu sigma m M 114.9 84.3 13.0 324.0 | H 1.098 | V -0.008 | pL -0.003 | vL 0.000 | delta 0.001
U 8 | F 016384 | FPS 0029 | D 548 | rR:mu sigma m M 0.00 0.00 0.00 0.00 | F:mu sigma m M 153.2 107.6 13.0 455.0 | H 1.099 | V -0.007 | pL -0.002 | vL 0.000 | delta 0.001
U 9 | F 018432 | FPS 0030 | D 617 | rR:mu sigma m M 0.00 0.00 0.00 0.00 | F:mu sigma m M 214.6 149.6 29.0 548.0 | H 1.099 | V -0.006 | pL -0.002 | vL 0.000 | delta 0.001
U 10 | F 020480 | FPS 0028 | D 690 | rR:mu sigma m M 0.00 0.00 0.00 0.00 | F:mu sigma m M 169.3 120.8 29.0 388.0 | H 1.099 | V -0.005 | pL -0.001 | vL 0.000 | delta 0.001
U 11 | F 022528 | FPS 0033 | D 753 | rR:mu sigma m M 0.00 0.00 0.00 0.00 | F:mu sigma m M 159.6 118.8 29.0 362.0 | H 1.099 | V -0.004 | pL -0.001 | vL 0.000 | delta 0.001
U 12 | F 024576 | FPS 0029 | D 822 | rR:mu sigma m M 0.00 0.00 0.00 0.00 | F:mu sigma m M 254.8 177.2 46.0 634.0 | H 1.099 | V -0.003 | pL -0.001 | vL 0.000 | delta 0.000
U 13 | F 026624 | FPS 0031 | D 889 | rR:mu sigma m M 0.00 0.00 0.00 0.00 | F:mu sigma m M 199.0 174.2 29.0 634.0 | H 1.099 | V -0.002 | pL -0.001 | vL 0.000 | delta 0.000
U 14 | F 028672 | FPS 0028 | D 963 | rR:mu sigma m M 0.00 0.00 0.00 0.00 | F:mu sigma m M 190.2 168.8 29.0 675.0 | H 1.099 | V -0.002 | pL -0.001 | vL 0.000 | delta 0.000
U 15 | F 030720 | FPS 0027 | D 1039 | rR:mu sigma m M 0.00 0.00 0.00 0.00 | F:mu sigma m M 237.8 170.0 23.0 675.0 | H 1.099 | V -0.001 | pL -0.000 | vL 0.000 | delta 0.000
U 16 | F 032768 | FPS 0027 | D 1115 | rR:mu sigma m M 0.00 0.00 0.00 0.00 | F:mu sigma m M 210.2 121.7 23.0 443.0 | H 1.099 | V -0.001 | pL -0.000 | vL 0.000 | delta 0.000
U 17 | F 034816 | FPS 0028 | D 1189 | rR:mu sigma m M 0.00 0.00 0.00 0.00 | F:mu sigma m M 194.8 118.4 26.0 478.0 | H 1.099 | V -0.001 | pL -0.000 | vL 0.000 | delta 0.000
U 18 | F 036864 | FPS 0030 | D 1258 | rR:mu sigma m M 0.00 0.00 0.00 0.00 | F:mu sigma m M 195.4 161.0 21.0 505.0 | H 1.099 | V -0.001 | pL -0.000 | vL 0.000 | delta 0.000
U 19 | F 038912 | FPS 0031 | D 1324 | rR:mu sigma m M 0.00 0.00 0.00 0.00 | F:mu sigma m M 120.2 109.3 22.0 380.0 | H 1.099 | V -0.001 | pL -0.000 | vL 0.000 | delta 0.000
U 20 | F 040960 | FPS 0028 | D 1398 | rR:mu sigma m M 0.00 0.00 0.00 0.00 | F:mu sigma m M 126.9 105.3 12.0 383.0 | H 1.099 | V -0.000 | pL -0.000 | vL 0.000 | delta 0.000
U 21 | F 043008 | FPS 0027 | D 1475 | rR:mu sigma m M 0.00 0.00 0.00 0.00 | F:mu sigma m M 174.6 152.3 44.0 662.0 | H 1.099 | V -0.000 | pL -0.000 | vL 0.000 | delta 0.000
U 22 | F 045056 | FPS 0026 | D 1553 | rR:mu sigma m M 0.00 0.00 0.00 0.00 | F:mu sigma m M 200.3 152.5 32.0 662.0 | H 1.099 | V 0.000 | pL -0.000 | vL 0.000 | delta 0.000
U 23 | F 047104 | FPS 0027 | D 1630 | rR:mu sigma m M 0.00 0.00 0.00 0.00 | F:mu sigma m M 129.9 86.2 32.0 335.0 | H 1.099 | V -0.000 | pL 0.000 | vL 0.000 | delta 0.000
U 24 | F 049152 | FPS 0031 | D 1696 | rR:mu sigma m M 0.05 0.18 0.00 0.75 | F:mu sigma m M 168.8 109.1 16.0 400.0 | H 1.085 | V 0.005 | pL -0.007 | vL 0.001 | delta 0.032
U 25 | F 051200 | FPS 0029 | D 1766 | rR:mu sigma m M 0.05 0.18 0.00 0.75 | F:mu sigma m M 144.3 75.3 14.0 289.0 | H 1.098 | V 0.000 | pL 0.000 | vL 0.000 | delta 0.002
U 26 | F 053248 | FPS 0028 | D 1840 | rR:mu sigma m M 0.00 0.00 0.00 0.00 | F:mu sigma m M 144.4 186.8 13.0 823.0 | H 1.098 | V -0.000 | pL -0.000 | vL 0.000 | delta 0.001
U 27 | F 055296 | FPS 0033 | D 1902 | rR:mu sigma m M 0.00 0.00 0.00 0.00 | F:mu sigma m M 154.4 187.0 13.0 823.0 | H 1.099 | V -0.000 | pL 0.000 | vL 0.000 | delta 0.001
U 28 | F 057344 | FPS 0027 | D 1977 | rR:mu sigma m M 0.05 0.17 0.00 0.72 | F:mu sigma m M 193.9 142.7 32.0 544.0 | H 1.092 | V 0.006 | pL -0.006 | vL 0.001 | delta 0.012
U 29 | F 059392 | FPS 0032 | D 2042 | rR:mu sigma m M 0.05 0.17 0.00 0.72 | F:mu sigma m M 125.0 89.3 14.0 290.0 | H 1.097 | V 0.006 | pL 0.001 | vL 0.000 | delta 0.014
U 30 | F 061440 | FPS 0029 | D 2112 | rR:mu sigma m M 0.00 0.00 0.00 0.00 | F:mu sigma m M 204.9 184.2 14.0 723.0 | H 1.098 | V -0.003 | pL -0.001 | vL 0.000 | delta 0.002
U 31 | F 063488 | FPS 0027 | D 2188 | rR:mu sigma m M 0.00 0.00 0.00 0.00 | F:mu sigma m M 220.6 180.7 26.0 723.0 | H 1.098 | V -0.003 | pL -0.001 | vL 0.000 | delta 0.001
U 32 | F 065536 | FPS 0027 | D 2263 | rR:mu sigma m M 0.00 0.00 0.00 0.00 | F:mu sigma m M 197.1 196.2 30.0 868.0 | H 1.098 | V -0.003 | pL -0.001 | vL 0.000 | delta 0.001
U 33 | F 067584 | FPS 0026 | D 2342 | rR:mu sigma m M 0.00 0.00 0.00 0.00 | F:mu sigma m M 155.4 118.4 22.0 444.0 | H 1.098 | V -0.001 | pL -0.000 | vL 0.000 | delta 0.001
U 34 | F 069632 | FPS 0026 | D 2421 | rR:mu sigma m M 0.00 0.00 0.00 0.00 | F:mu sigma m M 132.3 107.6 13.0 444.0 | H 1.099 | V -0.001 | pL -0.000 | vL 0.000 | delta 0.000
U 35 | F 071680 | FPS 0028 | D 2494 | rR:mu sigma m M 0.00 0.00 0.00 0.00 | F:mu sigma m M 204.9 198.8 13.0 708.0 | H 1.099 | V -0.000 | pL -0.000 | vL 0.000 | delta 0.001
U 36 | F 073728 | FPS 0032 | D 2559 | rR:mu sigma m M 0.00 0.00 0.00 0.00 | F:mu sigma m M 139.6 116.6 11.0 364.0 | H 1.097 | V 0.001 | pL 0.000 | vL 0.000 | delta 0.002
U 37 | F 075776 | FPS 0029 | D 2630 | rR:mu sigma m M 0.00 0.00 0.00 0.00 | F:mu sigma m M 136.6 105.4 30.0 390.0 | H 1.098 | V 0.000 | pL 0.000 | vL 0.000 | delta 0.001
U 38 | F 077824 | FPS 0028 | D 2704 | rR:mu sigma m M 0.00 0.00 0.00 0.00 | F:mu sigma m M 150.6 100.4 41.0 390.0 | H 1.098 | V -0.000 | pL 0.000 | vL 0.000 | delta 0.001
U 39 | F 079872 | FPS 0026 | D 2783 | rR:mu sigma m M 0.00 0.00 0.00 0.00 | F:mu sigma m M 227.3 192.5 46.0 900.0 | H 1.098 | V 0.001 | pL 0.000 | vL 0.000 | delta 0.002
U 40 | F 081920 | FPS 0030 | D 2852 | rR:mu sigma m M 0.02 0.09 0.00 0.38 | F:mu sigma m M 219.3 193.4 59.0 650.0 | H 1.097 | V 0.006 | pL -0.002 | vL 0.000 | delta 0.005
U 41 | F 083968 | FPS 0032 | D 2916 | rR:mu sigma m M 0.00 0.00 0.00 0.00 | F:mu sigma m M 150.6 73.5 82.0 335.0 | H 1.098 | V 0.001 | pL 0.000 | vL 0.000 | delta 0.004
U 42 | F 086016 | FPS 0027 | D 2991 | rR:mu sigma m M 0.00 0.00 0.00 0.00 | F:mu sigma m M 185.8 138.0 25.0 573.0 | H 1.098 | V -0.000 | pL -0.000 | vL 0.000 | delta 0.001
U 43 | F 088064 | FPS 0028 | D 3065 | rR:mu sigma m M 0.00 0.00 0.00 0.00 | F:mu sigma m M 94.3 66.1 22.0 259.0 | H 1.099 | V 0.001 | pL 0.000 | vL 0.000 | delta 0.000
U 44 | F 090112 | FPS 0027 | D 3140 | rR:mu sigma m M 0.00 0.00 0.00 0.00 | F:mu sigma m M 174.1 136.5 33.0 472.0 | H 1.098 | V 0.001 | pL 0.000 | vL 0.000 | delta 0.001
U 45 | F 092160 | FPS 0027 | D 3217 | rR:mu sigma m M 0.04 0.16 0.00 0.65 | F:mu sigma m M 194.1 101.9 47.0 424.0 | H 1.097 | V 0.010 | pL -0.004 | vL 0.000 | delta 0.006
U 46 | F 094208 | FPS 0026 | D 3294 | rR:mu sigma m M 0.04 0.16 0.00 0.65 | F:mu sigma m M 180.6 108.1 14.0 436.0 | H 1.098 | V 0.005 | pL -0.004 | vL 0.000 | delta 0.013
U 47 | F 096256 | FPS 0028 | D 3369 | rR:mu sigma m M 0.00 0.00 0.00 0.00 | F:mu sigma m M 131.2 143.0 28.0 634.0 | H 1.094 | V 0.002 | pL 0.001 | vL 0.000 | delta 0.011
U 48 | F 098304 | FPS 0028 | D 3442 | rR:mu sigma m M 0.00 0.00 0.00 0.00 | F:mu sigma m M 197.4 151.0 42.0 603.0 | H 1.097 | V 0.004 | pL 0.000 | vL 0.000 | delta 0.002
U 49 | F 100352 | FPS 0030 | D 3510 | rR:mu sigma m M 0.00 0.00 0.00 0.00 | F:mu sigma m M 131.7 102.2 28.0 403.0 | H 1.099 | V 0.002 | pL 0.001 | vL 0.000 | delta 0.002
U 50 | F 102400 | FPS 0029 | D 3581 | rR:mu sigma m M 0.00 0.00 0.00 0.00 | F:mu sigma m M 175.7 118.1 45.0 426.0 | H 1.098 | V 0.003 | pL 0.001 | vL 0.000 | delta 0.001
U 51 | F 104448 | FPS 0028 | D 3653 | rR:mu sigma m M 0.00 0.00 0.00 0.00 | F:mu sigma m M 165.4 147.6 45.0 592.0 | H 1.099 | V 0.001 | pL 0.000 | vL 0.000 | delta 0.000
U 52 | F 106496 | FPS 0026 | D 3731 | rR:mu sigma m M 0.00 0.00 0.00 0.00 | F:mu sigma m M 159.6 121.6 16.0 478.0 | H 1.099 | V 0.001 | pL 0.000 | vL 0.000 | delta 0.000
U 53 | F 108544 | FPS 0027 | D 3808 | rR:mu sigma m M 0.00 0.00 0.00 0.00 | F:mu sigma m M 146.2 146.1 16.0 580.0 | H 1.099 | V 0.003 | pL 0.000 | vL 0.000 | delta 0.001
U 54 | F 110592 | FPS 0027 | D 3885 | rR:mu sigma m M 0.00 0.00 0.00 0.00 | F:mu sigma m M 163.8 139.2 14.0 580.0 | H 1.099 | V 0.002 | pL 0.001 | vL 0.000 | delta 0.001
U 55 | F 112640 | FPS 0026 | D 3965 | rR:mu sigma m M 0.00 0.00 0.00 0.00 | F:mu sigma m M 187.0 190.9 30.0 643.0 | H 1.099 | V 0.001 | pL 0.000 | vL 0.000 | delta 0.000
U 56 | F 114688 | FPS 0031 | D 4031 | rR:mu sigma m M 0.00 0.00 0.00 0.00 | F:mu sigma m M 173.5 164.5 30.0 643.0 | H 1.099 | V 0.001 | pL 0.000 | vL 0.000 | delta 0.000
U 57 | F 116736 | FPS 0028 | D 4104 | rR:mu sigma m M 0.00 0.00 0.00 0.00 | F:mu sigma m M 199.9 147.1 15.0 581.0 | H 1.099 | V 0.001 | pL 0.000 | vL 0.000 | delta 0.000
U 58 | F 118784 | FPS 0029 | D 4174 | rR:mu sigma m M 0.00 0.00 0.00 0.00 | F:mu sigma m M 177.8 146.5 25.0 499.0 | H 1.099 | V 0.001 | pL -0.000 | vL 0.000 | delta 0.001
U 59 | F 120832 | FPS 0032 | D 4239 | rR:mu sigma m M 0.00 0.00 0.00 0.00 | F:mu sigma m M 154.0 134.9 33.0 499.0 | H 1.099 | V 0.001 | pL 0.000 | vL 0.000 | delta 0.000
U 60 | F 122880 | FPS 0030 | D 4307 | rR:mu sigma m M 0.00 0.00 0.00 0.00 | F:mu sigma m M 174.8 104.9 33.0 409.0 | H 1.099 | V 0.000 | pL 0.000 | vL 0.000 | delta 0.000
U 61 | F 124928 | FPS 0029 | D 4377 | rR:mu sigma m M 0.00 0.00 0.00 0.00 | F:mu sigma m M 142.9 93.4 37.0 330.0 | H 1.099 | V 0.000 | pL -0.000 | vL 0.000 | delta 0.000
U 62 | F 126976 | FPS 0029 | D 4449 | rR:mu sigma m M 0.00 0.00 0.00 0.00 | F:mu sigma m M 156.9 150.9 31.0 611.0 | H 1.099 | V 0.000 | pL 0.000 | vL 0.000 | delta 0.000
U 63 | F 129024 | FPS 0029 | D 4520 | rR:mu sigma m M 0.00 0.00 0.00 0.00 | F:mu sigma m M 111.1 82.6 7.0 304.0 | H 1.099 | V 0.000 | pL 0.000 | vL 0.000 | delta 0.000
U 64 | F 131072 | FPS 0030 | D 4589 | rR:mu sigma m M 0.00 0.00 0.00 0.00 | F:mu sigma m M 174.7 207.8 33.0 900.0 | H 1.099 | V 0.000 | pL 0.000 | vL 0.000 | delta 0.000
U 65 | F 133120 | FPS 0025 | D 4672 | rR:mu sigma m M 0.00 0.00 0.00 0.00 | F:mu sigma m M 233.1 216.7 21.0 900.0 | H 1.099 | V 0.000 | pL 0.000 | vL 0.000 | delta 0.000
U 66 | F 135168 | FPS 0029 | D 4743 | rR:mu sigma m M 0.00 0.00 0.00 0.00 | F:mu sigma m M 190.8 166.5 21.0 590.0 | H 1.099 | V 0.000 | pL -0.000 | vL 0.000 | delta 0.000
U 67 | F 137216 | FPS 0030 | D 4811 | rR:mu sigma m M 0.00 0.00 0.00 0.00 | F:mu sigma m M 163.0 99.3 35.0 345.0 | H 1.099 | V 0.000 | pL 0.000 | vL 0.000 | delta 0.000
U 68 | F 139264 | FPS 0026 | D 4889 | rR:mu sigma m M 0.00 0.00 0.00 0.00 | F:mu sigma m M 155.9 136.8 27.0 644.0 | H 1.099 | V 0.000 | pL 0.000 | vL 0.000 | delta 0.000
U 69 | F 141312 | FPS 0029 | D 4960 | rR:mu sigma m M 0.00 0.00 0.00 0.00 | F:mu sigma m M 183.6 122.2 27.0 466.0 | H 1.099 | V 0.000 | pL 0.000 | vL 0.000 | delta 0.000
U 70 | F 143360 | FPS 0027 | D 5036 | rR:mu sigma m M 0.00 0.00 0.00 0.00 | F:mu sigma m M 206.6 248.8 28.0 900.0 | H 1.099 | V 0.000 | pL 0.000 | vL 0.000 | delta 0.000
U 71 | F 145408 | FPS 0026 | D 5115 | rR:mu sigma m M 0.00 0.00 0.00 0.00 | F:mu sigma m M 206.9 226.1 35.0 900.0 | H 1.099 | V 0.000 | pL 0.000 | vL 0.000 | delta 0.000
U 72 | F 147456 | FPS 0025 | D 5197 | rR:mu sigma m M 0.00 0.00 0.00 0.00 | F:mu sigma m M 163.1 170.7 9.0 588.0 | H 1.099 | V 0.000 | pL 0.000 | vL 0.000 | delta 0.000
U 73 | F 149504 | FPS 0026 | D 5276 | rR:mu sigma m M 0.00 0.00 0.00 0.00 | F:mu sigma m M 180.4 136.8 9.0 504.0 | H 1.099 | V 0.000 | pL -0.000 | vL 0.000 | delta 0.000
U 74 | F 151552 | FPS 0024 | D 5362 | rR:mu sigma m M 0.00 0.00 0.00 0.00 | F:mu sigma m M 234.4 184.5 38.0 769.0 | H 1.099 | V 0.000 | pL 0.000 | vL 0.000 | delta 0.000
U 75 | F 153600 | FPS 0027 | D 5437 | rR:mu sigma m M 0.00 0.00 0.00 0.00 | F:mu sigma m M 214.9 179.9 38.0 769.0 | H 1.099 | V -0.000 | pL 0.000 | vL 0.000 | delta 0.000
U 76 | F 155648 | FPS 0030 | D 5506 | rR:mu sigma m M 0.00 0.00 0.00 0.00 | F:mu sigma m M 217.8 201.2 37.0 843.0 | H 1.099 | V 0.000 | pL 0.000 | vL 0.000 | delta 0.000
U 77 | F 157696 | FPS 0034 | D 5566 | rR:mu sigma m M 0.00 0.00 0.00 0.00 | F:mu sigma m M 183.7 144.9 41.0 604.0 | H 1.099 | V -0.000 | pL -0.000 | vL 0.000 | delta 0.000
U 78 | F 159744 | FPS 0028 | D 5639 | rR:mu sigma m M 0.00 0.00 0.00 0.00 | F:mu sigma m M 121.3 62.1 36.0 275.0 | H 1.099 | V -0.000 | pL -0.000 | vL 0.000 | delta 0.000
U 79 | F 161792 | FPS 0032 | D 5704 | rR:mu sigma m M 0.00 0.00 0.00 0.00 | F:mu sigma m M 130.3 88.5 36.0 385.0 | H 1.099 | V 0.000 | pL -0.000 | vL 0.000 | delta 0.000
U 80 | F 163840 | FPS 0031 | D 5769 | rR:mu sigma m M 0.05 0.18 0.00 0.72 | F:mu sigma m M 162.8 121.1 39.0 482.0 | H 1.096 | V 0.000 | pL -0.003 | vL 0.001 | delta 0.017
U 81 | F 165888 | FPS 0028 | D 5842 | rR:mu sigma m M 0.00 0.00 0.00 0.00 | F:mu sigma m M 214.4 154.0 49.0 573.0 | H 1.098 | V -0.002 | pL -0.001 | vL 0.000 | delta 0.002
U 82 | F 167936 | FPS 0028 | D 5915 | rR:mu sigma m M 0.00 0.00 0.00 0.00 | F:mu sigma m M 146.8 125.2 34.0 492.0 | H 1.098 | V -0.000 | pL 0.000 | vL 0.000 | delta 0.000
U 83 | F 169984 | FPS 0030 | D 5983 | rR:mu sigma m M 0.05 0.20 0.00 0.82 | F:mu sigma m M 154.6 94.3 24.0 381.0 | H 1.092 | V 0.014 | pL -0.006 | vL 0.001 | delta 0.017
U 84 | F 172032 | FPS 0029 | D 6054 | rR:mu sigma m M 0.09 0.25 0.00 0.82 | F:mu sigma m M 174.2 95.0 24.0 373.0 | H 1.094 | V 0.015 | pL -0.003 | vL 0.000 | delta 0.007
U 85 | F 174080 | FPS 0032 | D 6118 | rR:mu sigma m M 0.04 0.16 0.00 0.68 | F:mu sigma m M 169.1 106.3 37.0 373.0 | H 1.094 | V 0.010 | pL -0.001 | vL 0.000 | delta 0.006
U 86 | F 176128 | FPS 0029 | D 6188 | rR:mu sigma m M 0.00 0.00 0.00 0.00 | F:mu sigma m M 172.8 96.7 56.0 367.0 | H 1.092 | V 0.019 | pL -0.002 | vL 0.001 | delta 0.015
U 87 | F 178176 | FPS 0023 | D 6277 | rR:mu sigma m M 0.00 0.00 0.00 0.00 | F:mu sigma m M 204.6 159.6 10.0 520.0 | H 1.096 | V 0.012 | pL 0.006 | vL 0.000 | delta 0.006
U 88 | F 180224 | FPS 0026 | D 6356 | rR:mu sigma m M 0.00 0.00 0.00 0.00 | F:mu sigma m M 196.2 134.6 58.0 520.0 | H 1.098 | V 0.007 | pL 0.002 | vL 0.000 | delta 0.002
U 89 | F 182272 | FPS 0030 | D 6425 | rR:mu sigma m M 0.00 0.00 0.00 0.00 | F:mu sigma m M 157.7 101.9 58.0 436.0 | H 1.098 | V 0.006 | pL 0.001 | vL 0.000 | delta 0.001
U 90 | F 184320 | FPS 0029 | D 6495 | rR:mu sigma m M 0.00 0.00 0.00 0.00 | F:mu sigma m M 160.7 105.5 38.0 357.0 | H 1.098 | V 0.005 | pL 0.001 | vL 0.000 | delta 0.001
U 91 | F 186368 | FPS 0029 | D 6565 | rR:mu sigma m M 0.00 0.00 0.00 0.00 | F:mu sigma m M 188.4 140.1 15.0 517.0 | H 1.098 | V 0.005 | pL 0.001 | vL 0.000 | delta 0.001
U 92 | F 188416 | FPS 0028 | D 6638 | rR:mu sigma m M 0.05 0.18 0.00 0.76 | F:mu sigma m M 184.7 169.2 15.0 639.0 | H 1.096 | V 0.011 | pL -0.005 | vL 0.001 | delta 0.010
U 93 | F 190464 | FPS 0027 | D 6713 | rR:mu sigma m M 0.00 0.00 0.00 0.00 | F:mu sigma m M 178.2 115.1 32.0 499.0 | H 1.098 | V 0.007 | pL 0.002 | vL 0.000 | delta 0.003
U 94 | F 192512 | FPS 0029 | D 6784 | rR:mu sigma m M 0.00 0.00 0.00 0.00 | F:mu sigma m M 229.1 211.5 27.0 861.0 | H 1.098 | V 0.003 | pL 0.001 | vL 0.000 | delta 0.001
U 95 | F 194560 | FPS 0026 | D 6864 | rR:mu sigma m M 0.00 0.00 0.00 0.00 | F:mu sigma m M 157.6 140.8 27.0 561.0 | H 1.098 | V 0.002 | pL 0.001 | vL 0.000 | delta 0.000
U 96 | F 196608 | FPS 0028 | D 6936 | rR:mu sigma m M 0.00 0.00 0.00 0.00 | F:mu sigma m M 151.0 101.9 31.0 338.0 | H 1.099 | V 0.002 | pL 0.000 | vL 0.000 | delta 0.000
U 97 | F 198656 | FPS 0029 | D 7006 | rR:mu sigma m M 0.00 0.00 0.00 0.00 | F:mu sigma m M 196.9 146.0 54.0 633.0 | H 1.098 | V 0.003 | pL 0.000 | vL 0.000 | delta 0.001
U 98 | F 200704 | FPS 0030 | D 7074 | rR:mu sigma m M 0.00 0.00 0.00 0.00 | F:mu sigma m M 219.1 186.9 40.0 633.0 | H 1.099 | V 0.003 | pL 0.001 | vL 0.000 | delta 0.001
U 99 | F 202752 | FPS 0030 | D 7143 | rR:mu sigma m M 0.00 0.00 0.00 0.00 | F:mu sigma m M 186.8 172.8 27.0 735.0 | H 1.099 | V 0.002 | pL 0.001 | vL 0.000 | delta 0.000
U 100 | F 204800 | FPS 0031 | D 7210 | rR:mu sigma m M 0.05 0.19 0.00 0.77 | F:mu sigma m M 182.9 126.2 37.0 574.0 | H 1.098 | V 0.008 | pL -0.006 | vL 0.001 | delta 0.011
U 101 | F 206848 | FPS 0028 | D 7283 | rR:mu sigma m M 0.05 0.19 0.00 0.77 | F:mu sigma m M 134.8 129.3 30.0 574.0 | H 1.098 | V 0.004 | pL 0.001 | vL 0.000 | delta 0.001
U 102 | F 208896 | FPS 0028 | D 7355 | rR:mu sigma m M 0.00 0.00 0.00 0.00 | F:mu sigma m M 206.6 199.3 17.0 738.0 | H 1.099 | V 0.003 | pL 0.001 | vL 0.000 | delta 0.001
U 103 | F 210944 | FPS 0027 | D 7431 | rR:mu sigma m M 0.00 0.00 0.00 0.00 | F:mu sigma m M 146.4 81.2 37.0 324.0 | H 1.098 | V 0.003 | pL 0.000 | vL 0.000 | delta 0.001
U 104 | F 212992 | FPS 0026 | D 7510 | rR:mu sigma m M 0.00 0.00 0.00 0.00 | F:mu sigma m M 169.4 193.7 38.0 689.0 | H 1.098 | V 0.003 | pL 0.001 | vL 0.000 | delta 0.002
U 105 | F 215040 | FPS 0023 | D 7599 | rR:mu sigma m M 0.00 0.00 0.00 0.00 | F:mu sigma m M 162.3 133.7 21.0 484.0 | H 1.098 | V 0.003 | pL 0.001 | vL 0.000 | delta 0.001
U 106 | F 217088 | FPS 0032 | D 7662 | rR:mu sigma m M 0.00 0.00 0.00 0.00 | F:mu sigma m M 112.3 60.7 22.0 297.0 | H 1.099 | V 0.002 | pL 0.001 | vL 0.000 | delta 0.000
U 107 | F 219136 | FPS 0026 | D 7742 | rR:mu sigma m M 0.00 0.00 0.00 0.00 | F:mu sigma m M 135.3 119.4 20.0 486.0 | H 1.099 | V 0.002 | pL 0.001 | vL 0.000 | delta 0.000
U 108 | F 221184 | FPS 0026 | D 7820 | rR:mu sigma m M 0.00 0.00 0.00 0.00 | F:mu sigma m M 202.8 164.3 43.0 643.0 | H 1.099 | V 0.001 | pL 0.000 | vL 0.000 | delta 0.000
U 109 | F 223232 | FPS 0030 | D 7889 | rR:mu sigma m M 0.00 0.00 0.00 0.00 | F:mu sigma m M 145.4 130.2 18.0 482.0 | H 1.099 | V 0.001 | pL 0.000 | vL 0.000 | delta 0.000
U 110 | F 225280 | FPS 0032 | D 7954 | rR:mu sigma m M 0.00 0.00 0.00 0.00 | F:mu sigma m M 201.2 137.0 48.0 655.0 | H 1.098 | V 0.001 | pL 0.000 | vL 0.000 | delta 0.002
U 111 | F 227328 | FPS 0024 | D 8040 | rR:mu sigma m M 0.00 0.00 0.00 0.00 | F:mu sigma m M 190.6 151.7 43.0 655.0 | H 1.099 | V -0.001 | pL -0.000 | vL 0.000 | delta 0.000
U 112 | F 229376 | FPS 0029 | D 8110 | rR:mu sigma m M 0.00 0.00 0.00 0.00 | F:mu sigma m M 188.1 201.5 31.0 900.0 | H 1.099 | V -0.001 | pL -0.000 | vL 0.000 | delta 0.000
U 113 | F 231424 | FPS 0029 | D 8182 | rR:mu sigma m M 0.00 0.00 0.00 0.00 | F:mu sigma m M 200.9 200.8 24.0 900.0 | H 1.098 | V 0.001 | pL 0.000 | vL 0.000 | delta 0.002
U 114 | F 233472 | FPS 0028 | D 8254 | rR:mu sigma m M 0.04 0.15 0.00 0.61 | F:mu sigma m M 196.4 160.5 19.0 524.0 | H 1.097 | V 0.004 | pL -0.004 | vL 0.000 | delta 0.006
U 115 | F 235520 | FPS 0031 | D 8320 | rR:mu sigma m M 0.00 0.00 0.00 0.00 | F:mu sigma m M 156.6 139.1 24.0 524.0 | H 1.098 | V 0.002 | pL -0.001 | vL 0.000 | delta 0.002
U 116 | F 237568 | FPS 0029 | D 8390 | rR:mu sigma m M 0.00 0.00 0.00 0.00 | F:mu sigma m M 159.9 102.6 24.0 348.0 | H 1.098 | V 0.007 | pL 0.002 | vL 0.000 | delta 0.003
U 117 | F 239616 | FPS 0026 | D 8468 | rR:mu sigma m M 0.00 0.00 0.00 0.00 | F:mu sigma m M 196.3 135.0 18.0 504.0 | H 1.098 | V 0.007 | pL 0.002 | vL 0.000 | delta 0.002
U 118 | F 241664 | FPS 0026 | D 8547 | rR:mu sigma m M 0.04 0.16 0.00 0.64 | F:mu sigma m M 220.8 165.3 18.0 523.0 | H 1.097 | V 0.012 | pL -0.004 | vL 0.001 | delta 0.009
U 119 | F 243712 | FPS 0029 | D 8619 | rR:mu sigma m M 0.04 0.16 0.00 0.64 | F:mu sigma m M 233.6 228.9 17.0 890.0 | H 1.099 | V 0.002 | pL 0.000 | vL 0.000 | delta 0.001
U 120 | F 245760 | FPS 0029 | D 8690 | rR:mu sigma m M 0.00 0.00 0.00 0.00 | F:mu sigma m M 201.4 209.6 17.0 890.0 | H 1.099 | V 0.001 | pL 0.000 | vL 0.000 | delta 0.000
U 121 | F 247808 | FPS 0029 | D 8760 | rR:mu sigma m M 0.00 0.00 0.00 0.00 | F:mu sigma m M 172.4 160.8 24.0 597.0 | H 1.099 | V 0.001 | pL 0.000 | vL 0.000 | delta 0.000
U 122 | F 249856 | FPS 0027 | D 8837 | rR:mu sigma m M 0.00 0.00 0.00 0.00 | F:mu sigma m M 119.8 86.8 25.0 294.0 | H 1.099 | V 0.000 | pL 0.000 | vL 0.000 | delta 0.000
U 123 | F 251904 | FPS 0028 | D 8910 | rR:mu sigma m M 0.00 0.00 0.00 0.00 | F:mu sigma m M 146.2 157.3 35.0 696.0 | H 1.099 | V 0.001 | pL 0.000 | vL 0.000 | delta 0.000
U 124 | F 253952 | FPS 0030 | D 8979 | rR:mu sigma m M 0.00 0.00 0.00 0.00 | F:mu sigma m M 207.3 164.4 44.0 696.0 | H 1.098 | V 0.001 | pL 0.000 | vL 0.000 | delta 0.000
U 125 | F 256000 | FPS 0028 | D 9054 | rR:mu sigma m M 0.00 0.00 0.00 0.00 | F:mu sigma m M 205.2 146.0 24.0 509.0 | H 1.099 | V 0.001 | pL -0.000 | vL 0.000 | delta 0.001
U 126 | F 258048 | FPS 0029 | D 9125 | rR:mu sigma m M 0.00 0.00 0.00 0.00 | F:mu sigma m M 181.2 125.7 7.0 486.0 | H 1.098 | V 0.001 | pL 0.001 | vL 0.000 | delta 0.001
U 127 | F 260096 | FPS 0029 | D 9197 | rR:mu sigma m M 0.00 0.00 0.00 0.00 | F:mu sigma m M 122.7 93.2 17.0 391.0 | H 1.099 | V 0.000 | pL 0.000 | vL 0.000 | delta 0.000
U 128 | F 262144 | FPS 0030 | D 9264 | rR:mu sigma m M 0.00 0.00 0.00 0.00 | F:mu sigma m M 190.2 178.2 37.0 765.0 | H 1.099 | V 0.000 | pL 0.000 | vL 0.000 | delta 0.000
U 129 | F 264192 | FPS 0028 | D 9339 | rR:mu sigma m M 0.00 0.00 0.00 0.00 | F:mu sigma m M 120.4 80.9 32.0 276.0 | H 1.099 | V 0.000 | pL 0.000 | vL 0.000 | delta 0.000
U 130 | F 266240 | FPS 0028 | D 9412 | rR:mu sigma m M 0.00 0.00 0.00 0.00 | F:mu sigma m M 162.6 97.4 21.0 381.0 | H 1.099 | V 0.000 | pL 0.000 | vL 0.000 | delta 0.000
U 131 | F 268288 | FPS 0031 | D 9478 | rR:mu sigma m M 0.00 0.00 0.00 0.00 | F:mu sigma m M 147.7 122.3 36.0 403.0 | H 1.099 | V 0.000 | pL 0.000 | vL 0.000 | delta 0.001
U 132 | F 270336 | FPS 0029 | D 9549 | rR:mu sigma m M 0.00 0.00 0.00 0.00 | F:mu sigma m M 160.4 106.4 30.0 403.0 | H 1.099 | V 0.000 | pL 0.000 | vL 0.000 | delta 0.000
U 133 | F 272384 | FPS 0027 | D 9624 | rR:mu sigma m M 0.00 0.00 0.00 0.00 | F:mu sigma m M 107.9 64.5 27.0 232.0 | H 1.099 | V 0.000 | pL 0.000 | vL 0.000 | delta 0.000
U 134 | F 274432 | FPS 0027 | D 9701 | rR:mu sigma m M 0.00 0.00 0.00 0.00 | F:mu sigma m M 184.7 143.7 30.0 507.0 | H 1.099 | V 0.000 | pL 0.000 | vL 0.000 | delta 0.000
U 135 | F 276480 | FPS 0028 | D 9773 | rR:mu sigma m M 0.00 0.00 0.00 0.00 | F:mu sigma m M 210.6 199.5 30.0 721.0 | H 1.099 | V 0.000 | pL 0.000 | vL 0.000 | delta 0.000
U 136 | F 278528 | FPS 0031 | D 9840 | rR:mu sigma m M 0.00 0.00 0.00 0.00 | F:mu sigma m M 184.9 182.3 40.0 814.0 | H 1.099 | V 0.000 | pL 0.000 | vL 0.000 | delta 0.000
U 137 | F 280576 | FPS 0027 | D 9916 | rR:mu sigma m M 0.00 0.00 0.00 0.00 | F:mu sigma m M 164.8 117.5 41.0 454.0 | H 1.099 | V 0.000 | pL 0.000 | vL 0.000 | delta 0.000
U 138 | F 282624 | FPS 0027 | D 9992 | rR:mu sigma m M 0.00 0.00 0.00 0.00 | F:mu sigma m M 149.0 111.4 46.0 454.0 | H 1.099 | V 0.000 | pL -0.000 | vL 0.000 | delta 0.000
U 139 | F 284672 | FPS 0025 | D 10072 | rR:mu sigma m M 0.04 0.17 0.00 0.69 | F:mu sigma m M 131.8 84.6 25.0 313.0 | H 1.097 | V 0.008 | pL -0.006 | vL 0.001 | delta 0.007
U 140 | F 286720 | FPS 0027 | D 10147 | rR:mu sigma m M 0.04 0.17 0.00 0.69 | F:mu sigma m M 242.9 159.5 25.0 552.0 | H 1.098 | V 0.010 | pL 0.004 | vL 0.000 | delta 0.005
U 141 | F 288768 | FPS 0026 | D 10226 | rR:mu sigma m M 0.00 0.00 0.00 0.00 | F:mu sigma m M 173.4 183.9 23.0 823.0 | H 1.099 | V 0.002 | pL 0.000 | vL 0.000 | delta 0.002
U 142 | F 290816 | FPS 0027 | D 10301 | rR:mu sigma m M 0.00 0.00 0.00 0.00 | F:mu sigma m M 135.5 88.0 31.0 343.0 | H 1.099 | V 0.001 | pL 0.000 | vL 0.000 | delta 0.000
U 143 | F 292864 | FPS 0026 | D 10378 | rR:mu sigma m M 0.00 0.00 0.00 0.00 | F:mu sigma m M 148.4 153.2 21.0 638.0 | H 1.099 | V 0.001 | pL 0.000 | vL 0.000 | delta 0.000
U 144 | F 294912 | FPS 0032 | D 10442 | rR:mu sigma m M 0.00 0.00 0.00 0.00 | F:mu sigma m M 120.8 73.6 26.0 327.0 | H 1.099 | V 0.001 | pL 0.000 | vL 0.000 | delta 0.000
U 145 | F 296960 | FPS 0025 | D 10524 | rR:mu sigma m M 0.00 0.00 0.00 0.00 | F:mu sigma m M 109.2 49.2 40.0 236.0 | H 1.099 | V 0.001 | pL 0.000 | vL 0.000 | delta 0.000
U 146 | F 299008 | FPS 0026 | D 10602 | rR:mu sigma m M 0.00 0.00 0.00 0.00 | F:mu sigma m M 217.5 232.8 32.0 796.0 | H 1.098 | V 0.005 | pL -0.001 | vL 0.000 | delta 0.002
U 147 | F 301056 | FPS 0025 | D 10683 | rR:mu sigma m M 0.00 0.00 0.00 0.00 | F:mu sigma m M 150.1 111.3 28.0 392.0 | H 1.098 | V 0.001 | pL 0.001 | vL 0.000 | delta 0.001
U 148 | F 303104 | FPS 0027 | D 10759 | rR:mu sigma m M 0.00 0.00 0.00 0.00 | F:mu sigma m M 155.3 126.6 32.0 417.0 | H 1.099 | V -0.001 | pL -0.000 | vL 0.000 | delta 0.000
U 149 | F 305152 | FPS 0026 | D 10839 | rR:mu sigma m M 0.00 0.00 0.00 0.00 | F:mu sigma m M 179.1 125.1 19.0 568.0 | H 1.099 | V -0.001 | pL -0.000 | vL 0.000 | delta 0.000
U 150 | F 307200 | FPS 0028 | D 10912 | rR:mu sigma m M 0.00 0.00 0.00 0.00 | F:mu sigma m M 128.4 80.0 21.0 243.0 | H 1.099 | V -0.001 | pL -0.000 | vL 0.000 | delta 0.000
U 151 | F 309248 | FPS 0029 | D 10983 | rR:mu sigma m M 0.00 0.00 0.00 0.00 | F:mu sigma m M 174.2 123.9 21.0 459.0 | H 1.098 | V 0.003 | pL 0.001 | vL 0.000 | delta 0.002
U 152 | F 311296 | FPS 0029 | D 11053 | rR:mu sigma m M 0.00 0.00 0.00 0.00 | F:mu sigma m M 181.3 210.2 15.0 885.0 | H 1.099 | V 0.000 | pL 0.000 | vL 0.000 | delta 0.001
U 153 | F 313344 | FPS 0028 | D 11127 | rR:mu sigma m M 0.00 0.00 0.00 0.00 | F:mu sigma m M 137.4 118.2 20.0 431.0 | H 1.099 | V 0.002 | pL -0.000 | vL 0.000 | delta 0.001
U 154 | F 315392 | FPS 0028 | D 11201 | rR:mu sigma m M 0.00 0.00 0.00 0.00 | F:mu sigma m M 163.3 149.4 37.0 614.0 | H 1.099 | V 0.000 | pL -0.000 | vL 0.000 | delta 0.000
U 155 | F 317440 | FPS 0027 | D 11278 | rR:mu sigma m M 0.00 0.00 0.00 0.00 | F:mu sigma m M 155.9 161.0 41.0 740.0 | H 1.099 | V 0.002 | pL 0.001 | vL 0.000 | delta 0.001
U 156 | F 319488 | FPS 0028 | D 11350 | rR:mu sigma m M 0.04 0.16 0.00 0.67 | F:mu sigma m M 207.1 184.6 41.0 740.0 | H 1.096 | V 0.007 | pL -0.005 | vL 0.001 | delta 0.031
U 157 | F 321536 | FPS 0030 | D 11417 | rR:mu sigma m M 0.04 0.16 0.00 0.67 | F:mu sigma m M 236.0 132.0 33.0 540.0 | H 1.098 | V 0.007 | pL 0.002 | vL 0.000 | delta 0.002
U 158 | F 323584 | FPS 0028 | D 11491 | rR:mu sigma m M 0.00 0.00 0.00 0.00 | F:mu sigma m M 204.9 147.3 31.0 490.0 | H 1.099 | V 0.006 | pL 0.002 | vL 0.000 | delta 0.002
U 159 | F 325632 | FPS 0031 | D 11556 | rR:mu sigma m M 0.00 0.00 0.00 0.00 | F:mu sigma m M 158.2 110.9 32.0 463.0 | H 1.099 | V 0.004 | pL 0.001 | vL 0.000 | delta 0.001
U 160 | F 327680 | FPS 0027 | D 11631 | rR:mu sigma m M 0.00 0.00 0.00 0.00 | F:mu sigma m M 105.1 74.7 8.0 266.0 | H 1.098 | V 0.003 | pL 0.001 | vL 0.000 | delta 0.001
U 161 | F 329728 | FPS 0028 | D 11703 | rR:mu sigma m M 0.00 0.00 0.00 0.00 | F:mu sigma m M 148.4 120.1 33.0 412.0 | H 1.099 | V 0.003 | pL 0.000 | vL 0.000 | delta 0.002
U 162 | F 331776 | FPS 0025 | D 11784 | rR:mu sigma m M 0.00 0.00 0.00 0.00 | F:mu sigma m M 152.8 115.0 20.0 412.0 | H 1.099 | V 0.003 | pL 0.001 | vL 0.000 | delta 0.001
U 163 | F 333824 | FPS 0027 | D 11859 | rR:mu sigma m M 0.00 0.00 0.00 0.00 | F:mu sigma m M 222.0 167.1 20.0 645.0 | H 1.099 | V 0.001 | pL 0.000 | vL 0.000 | delta 0.001
U 164 | F 335872 | FPS 0032 | D 11923 | rR:mu sigma m M 0.00 0.00 0.00 0.00 | F:mu sigma m M 232.1 198.0 37.0 645.0 | H 1.099 | V 0.002 | pL 0.000 | vL 0.000 | delta 0.001
U 165 | F 337920 | FPS 0029 | D 11994 | rR:mu sigma m M 0.00 0.00 0.00 0.00 | F:mu sigma m M 168.3 139.1 32.0 543.0 | H 1.099 | V 0.000 | pL 0.000 | vL 0.000 | delta 0.000
U 166 | F 339968 | FPS 0029 | D 12065 | rR:mu sigma m M 0.00 0.00 0.00 0.00 | F:mu sigma m M 182.9 204.2 43.0 883.0 | H 1.099 | V 0.000 | pL 0.000 | vL 0.000 | delta 0.000
U 167 | F 342016 | FPS 0027 | D 12142 | rR:mu sigma m M 0.00 0.00 0.00 0.00 | F:mu sigma m M 145.8 140.6 47.0 640.0 | H 1.099 | V 0.000 | pL 0.000 | vL 0.000 | delta 0.000
U 168 | F 344064 | FPS 0031 | D 12209 | rR:mu sigma m M 0.00 0.00 0.00 0.00 | F:mu sigma m M 145.9 121.2 24.0 418.0 | H 1.099 | V 0.000 | pL 0.000 | vL 0.000 | delta 0.000
U 169 | F 346112 | FPS 0028 | D 12280 | rR:mu sigma m M 0.00 0.00 0.00 0.00 | F:mu sigma m M 175.1 117.8 28.0 428.0 | H 1.099 | V 0.000 | pL 0.000 | vL 0.000 | delta 0.000
U 170 | F 348160 | FPS 0025 | D 12362 | rR:mu sigma m M 0.00 0.00 0.00 0.00 | F:mu sigma m M 149.6 151.2 43.0 706.0 | H 1.099 | V 0.000 | pL 0.000 | vL 0.000 | delta 0.000
U 171 | F 350208 | FPS 0027 | D 12439 | rR:mu sigma m M 0.00 0.00 0.00 0.00 | F:mu sigma m M 180.1 141.0 66.0 580.0 | H 1.099 | V 0.000 | pL 0.000 | vL 0.000 | delta 0.000
U 172 | F 352256 | FPS 0027 | D 12515 | rR:mu sigma m M 0.00 0.00 0.00 0.00 | F:mu sigma m M 146.0 136.4 19.0 483.0 | H 1.099 | V 0.001 | pL -0.000 | vL 0.000 | delta 0.001
U 173 | F 354304 | FPS 0028 | D 12589 | rR:mu sigma m M 0.00 0.00 0.00 0.00 | F:mu sigma m M 125.8 93.9 18.0 302.0 | H 1.099 | V 0.002 | pL 0.000 | vL 0.000 | delta 0.001
U 174 | F 356352 | FPS 0032 | D 12653 | rR:mu sigma m M 0.00 0.00 0.00 0.00 | F:mu sigma m M 182.5 200.3 18.0 732.0 | H 1.098 | V 0.001 | pL 0.000 | vL 0.000 | delta 0.001
U 175 | F 358400 | FPS 0027 | D 12729 | rR:mu sigma m M 0.00 0.00 0.00 0.00 | F:mu sigma m M 124.4 107.7 19.0 407.0 | H 1.099 | V 0.001 | pL 0.000 | vL 0.000 | delta 0.000
U 176 | F 360448 | FPS 0029 | D 12800 | rR:mu sigma m M 0.00 0.00 0.00 0.00 | F:mu sigma m M 175.4 164.6 30.0 520.0 | H 1.099 | V 0.000 | pL 0.000 | vL 0.000 | delta 0.000
U 177 | F 362496 | FPS 0026 | D 12878 | rR:mu sigma m M 0.00 0.00 0.00 0.00 | F:mu sigma m M 181.0 158.7 31.0 520.0 | H 1.099 | V 0.001 | pL 0.000 | vL 0.000 | delta 0.001
U 178 | F 364544 | FPS 0027 | D 12954 | rR:mu sigma m M 0.00 0.00 0.00 0.00 | F:mu sigma m M 223.8 210.2 17.0 829.0 | H 1.099 | V 0.001 | pL 0.000 | vL 0.000 | delta 0.000
U 179 | F 366592 | FPS 0030 | D 13021 | rR:mu sigma m M 0.04 0.16 0.00 0.66 | F:mu sigma m M 225.6 129.3 42.0 461.0 | H 1.098 | V 0.006 | pL -0.005 | vL 0.001 | delta 0.009
U 180 | F 368640 | FPS 0025 | D 13102 | rR:mu sigma m M 0.00 0.00 0.00 0.00 | F:mu sigma m M 183.9 199.8 19.0 860.0 | H 1.099 | V 0.002 | pL 0.001 | vL 0.000 | delta 0.001
U 181 | F 370688 | FPS 0029 | D 13173 | rR:mu sigma m M 0.00 0.00 0.00 0.00 | F:mu sigma m M 165.8 84.0 50.0 334.0 | H 1.099 | V 0.002 | pL 0.001 | vL 0.000 | delta 0.000
U 182 | F 372736 | FPS 0025 | D 13254 | rR:mu sigma m M 0.00 0.00 0.00 0.00 | F:mu sigma m M 154.6 108.2 47.0 455.0 | H 1.099 | V 0.002 | pL 0.000 | vL 0.000 | delta 0.001
U 183 | F 374784 | FPS 0027 | D 13329 | rR:mu sigma m M 0.00 0.00 0.00 0.00 | F:mu sigma m M 181.6 152.4 33.0 524.0 | H 1.099 | V 0.001 | pL 0.000 | vL 0.000 | delta 0.000
U 184 | F 376832 | FPS 0030 | D 13398 | rR:mu sigma m M 0.00 0.00 0.00 0.00 | F:mu sigma m M 178.4 122.9 36.0 524.0 | H 1.099 | V 0.002 | pL 0.000 | vL 0.000 | delta 0.001
U 185 | F 378880 | FPS 0027 | D 13475 | rR:mu sigma m M 0.00 0.00 0.00 0.00 | F:mu sigma m M 166.1 149.6 36.0 547.0 | H 1.099 | V 0.002 | pL 0.000 | vL 0.000 | delta 0.001
U 186 | F 380928 | FPS 0030 | D 13542 | rR:mu sigma m M 0.00 0.00 0.00 0.00 | F:mu sigma m M 166.1 82.2 57.0 316.0 | H 1.099 | V 0.002 | pL 0.001 | vL 0.000 | delta 0.000
U 187 | F 382976 | FPS 0029 | D 13612 | rR:mu sigma m M 0.00 0.00 0.00 0.00 | F:mu sigma m M 134.4 95.3 24.0 316.0 | H 1.099 | V 0.001 | pL 0.000 | vL 0.000 | delta 0.000
U 188 | F 385024 | FPS 0028 | D 13684 | rR:mu sigma m M 0.00 0.00 0.00 0.00 | F:mu sigma m M 130.4 85.9 30.0 361.0 | H 1.099 | V 0.001 | pL 0.000 | vL 0.000 | delta 0.000
U 189 | F 387072 | FPS 0026 | D 13762 | rR:mu sigma m M 0.00 0.00 0.00 0.00 | F:mu sigma m M 157.6 109.9 23.0 434.0 | H 1.098 | V 0.002 | pL 0.000 | vL 0.000 | delta 0.001
U 190 | F 389120 | FPS 0029 | D 13831 | rR:mu sigma m M 0.00 0.00 0.00 0.00 | F:mu sigma m M 109.6 77.5 25.0 349.0 | H 1.098 | V 0.004 | pL 0.001 | vL 0.000 | delta 0.002
U 191 | F 391168 | FPS 0025 | D 13913 | rR:mu sigma m M 0.02 0.08 0.00 0.35 | F:mu sigma m M 154.9 165.8 17.0 652.0 | H 1.098 | V 0.004 | pL -0.001 | vL 0.000 | delta 0.002
U 192 | F 393216 | FPS 0024 | D 13998 | rR:mu sigma m M 0.00 0.00 0.00 0.00 | F:mu sigma m M 134.9 122.8 17.0 440.0 | H 1.099 | V 0.001 | pL 0.000 | vL 0.000 | delta 0.000
U 193 | F 395264 | FPS 0029 | D 14069 | rR:mu sigma m M 0.00 0.00 0.00 0.00 | F:mu sigma m M 163.7 151.3 11.0 535.0 | H 1.099 | V 0.000 | pL 0.000 | vL 0.000 | delta 0.000
U 194 | F 397312 | FPS 0031 | D 14135 | rR:mu sigma m M 0.00 0.00 0.00 0.00 | F:mu sigma m M 201.1 170.8 11.0 660.0 | H 1.099 | V 0.000 | pL 0.000 | vL 0.000 | delta 0.000
U 195 | F 399360 | FPS 0035 | D 14194 | rR:mu sigma m M 0.00 0.00 0.00 0.00 | F:mu sigma m M 104.8 70.4 23.0 273.0 | H 1.099 | V 0.000 | pL 0.000 | vL 0.000 | delta 0.000
U 196 | F 401408 | FPS 0026 | D 14273 | rR:mu sigma m M 0.00 0.00 0.00 0.00 | F:mu sigma m M 173.4 123.9 27.0 592.0 | H 1.099 | V 0.000 | pL 0.000 | vL 0.000 | delta 0.000
U 197 | F 403456 | FPS 0026 | D 14352 | rR:mu sigma m M 0.00 0.00 0.00 0.00 | F:mu sigma m M 185.2 142.7 29.0 592.0 | H 1.099 | V 0.000 | pL 0.000 | vL 0.000 | delta 0.000
U 198 | F 405504 | FPS 0027 | D 14427 | rR:mu sigma m M 0.00 0.00 0.00 0.00 | F:mu sigma m M 150.5 104.7 29.0 414.0 | H 1.099 | V 0.000 | pL 0.000 | vL 0.000 | delta 0.000
U 199 | F 407552 | FPS 0026 | D 14507 | rR:mu sigma m M 0.00 0.00 0.00 0.00 | F:mu sigma m M 175.6 129.3 36.0 465.0 | H 1.099 | V 0.000 | pL 0.000 | vL 0.000 | delta 0.000
U 200 | F 409600 | FPS 0028 | D 14580 | rR:mu sigma m M 0.00 0.00 0.00 0.00 | F:mu sigma m M 153.4 151.7 16.0 585.0 | H 1.099 | V 0.001 | pL -0.000 | vL 0.000 | delta 0.001
U 201 | F 411648 | FPS 0028 | D 14653 | rR:mu sigma m M 0.05 0.19 0.00 0.77 | F:mu sigma m M 147.5 102.9 32.0 356.0 | H 1.098 | V 0.004 | pL -0.003 | vL 0.001 | delta 0.011
U 202 | F 413696 | FPS 0029 | D 14724 | rR:mu sigma m M 0.00 0.00 0.00 0.00 | F:mu sigma m M 97.9 69.0 15.0 212.0 | H 1.099 | V 0.005 | pL 0.002 | vL 0.000 | delta 0.001
U 203 | F 415744 | FPS 0027 | D 14802 | rR:mu sigma m M 0.00 0.00 0.00 0.00 | F:mu sigma m M 132.8 116.1 28.0 410.0 | H 1.099 | V 0.004 | pL 0.001 | vL 0.000 | delta 0.000
U 204 | F 417792 | FPS 0031 | D 14867 | rR:mu sigma m M 0.00 0.00 0.00 0.00 | F:mu sigma m M 217.2 181.6 40.0 651.0 | H 1.096 | V 0.015 | pL 0.001 | vL 0.000 | delta 0.006
U 205 | F 419840 | FPS 0026 | D 14947 | rR:mu sigma m M 0.00 0.00 0.00 0.00 | F:mu sigma m M 117.6 97.7 36.0 337.0 | H 1.098 | V 0.004 | pL 0.002 | vL 0.000 | delta 0.002
U 206 | F 421888 | FPS 0026 | D 15027 | rR:mu sigma m M 0.03 0.12 0.00 0.49 | F:mu sigma m M 173.7 122.8 15.0 507.0 | H 1.098 | V 0.007 | pL -0.004 | vL 0.000 | delta 0.004
U 207 | F 423936 | FPS 0025 | D 15109 | rR:mu sigma m M 0.03 0.12 0.00 0.49 | F:mu sigma m M 172.1 152.0 23.0 533.0 | H 1.098 | V 0.003 | pL 0.001 | vL 0.000 | delta 0.001
U 208 | F 425984 | FPS 0030 | D 15178 | rR:mu sigma m M 0.00 0.00 0.00 0.00 | F:mu sigma m M 106.0 55.7 23.0 206.0 | H 1.098 | V 0.003 | pL 0.001 | vL 0.000 | delta 0.001
U 209 | F 428032 | FPS 0025 | D 15259 | rR:mu sigma m M 0.00 0.00 0.00 0.00 | F:mu sigma m M 140.5 96.9 20.0 390.0 | H 1.099 | V 0.002 | pL 0.001 | vL 0.000 | delta 0.000
U 210 | F 430080 | FPS 0027 | D 15334 | rR:mu sigma m M 0.00 0.00 0.00 0.00 | F:mu sigma m M 144.8 85.6 27.0 348.0 | H 1.096 | V 0.010 | pL 0.000 | vL 0.000 | delta 0.005
U 211 | F 432128 | FPS 0028 | D 15408 | rR:mu sigma m M 0.05 0.18 0.00 0.78 | F:mu sigma m M 235.9 220.6 12.0 797.0 | H 1.097 | V 0.007 | pL -0.001 | vL 0.000 | delta 0.006
U 212 | F 434176 | FPS 0028 | D 15480 | rR:mu sigma m M 0.15 0.31 0.00 0.87 | F:mu sigma m M 135.2 74.0 12.0 295.0 | H 1.090 | V 0.036 | pL -0.015 | vL 0.001 | delta 0.019
U 213 | F 436224 | FPS 0026 | D 15560 | rR:mu sigma m M 0.15 0.31 0.00 0.87 | F:mu sigma m M 150.7 77.5 29.0 319.0 | H 1.098 | V 0.004 | pL 0.001 | vL 0.000 | delta 0.005
U 214 | F 438272 | FPS 0026 | D 15638 | rR:mu sigma m M 0.00 0.00 0.00 0.00 | F:mu sigma m M 173.2 107.1 21.0 375.0 | H 1.098 | V 0.001 | pL 0.000 | vL 0.000 | delta 0.001
U 215 | F 440320 | FPS 0026 | D 15715 | rR:mu sigma m M 0.00 0.00 0.00 0.00 | F:mu sigma m M 142.4 92.1 21.0 375.0 | H 1.098 | V 0.001 | pL 0.000 | vL 0.000 | delta 0.000
U 216 | F 442368 | FPS 0033 | D 15777 | rR:mu sigma m M 0.00 0.00 0.00 0.00 | F:mu sigma m M 216.8 138.2 54.0 627.0 | H 1.098 | V 0.001 | pL 0.000 | vL 0.000 | delta 0.000
U 217 | F 444416 | FPS 0029 | D 15848 | rR:mu sigma m M 0.00 0.00 0.00 0.00 | F:mu sigma m M 260.2 198.4 47.0 663.0 | H 1.098 | V 0.000 | pL 0.000 | vL 0.000 | delta 0.000
U 218 | F 446464 | FPS 0029 | D 15918 | rR:mu sigma m M 0.00 0.00 0.00 0.00 | F:mu sigma m M 198.6 174.2 24.0 663.0 | H 1.098 | V 0.000 | pL 0.000 | vL 0.000 | delta 0.000
U 219 | F 448512 | FPS 0030 | D 15986 | rR:mu sigma m M 0.00 0.00 0.00 0.00 | F:mu sigma m M 170.3 100.5 47.0 421.0 | H 1.098 | V 0.000 | pL 0.000 | vL 0.000 | delta 0.000
U 220 | F 450560 | FPS 0026 | D 16065 | rR:mu sigma m M 0.00 0.00 0.00 0.00 | F:mu sigma m M 164.6 134.3 16.0 529.0 | H 1.098 | V 0.000 | pL 0.000 | vL 0.000 | delta 0.000
U 221 | F 452608 | FPS 0028 | D 16138 | rR:mu sigma m M 0.00 0.00 0.00 0.00 | F:mu sigma m M 129.3 81.7 31.0 299.0 | H 1.099 | V 0.000 | pL 0.000 | vL 0.000 | delta 0.000
U 222 | F 454656 | FPS 0027 | D 16212 | rR:mu sigma m M 0.00 0.00 0.00 0.00 | F:mu sigma m M 111.0 78.9 15.0 245.0 | H 1.098 | V 0.000 | pL 0.000 | vL 0.000 | delta 0.000
U 223 | F 456704 | FPS 0025 | D 16294 | rR:mu sigma m M 0.00 0.00 0.00 0.00 | F:mu sigma m M 190.5 211.3 22.0 900.0 | H 1.099 | V 0.000 | pL 0.000 | vL 0.000 | delta 0.000
U 224 | F 458752 | FPS 0028 | D 16369 | rR:mu sigma m M 0.05 0.21 0.00 0.87 | F:mu sigma m M 96.4 47.9 24.0 189.0 | H 1.098 | V 0.007 | pL -0.007 | vL 0.001 | delta 0.009
U 225 | F 460800 | FPS 0030 | D 16436 | rR:mu sigma m M 0.05 0.21 0.00 0.87 | F:mu sigma m M 166.2 104.1 35.0 398.0 | H 1.098 | V 0.005 | pL 0.001 | vL 0.000 | delta 0.002
U 226 | F 462848 | FPS 0028 | D 16510 | rR:mu sigma m M 0.00 0.00 0.00 0.00 | F:mu sigma m M 195.7 168.7 36.0 641.0 | H 1.098 | V 0.003 | pL 0.001 | vL 0.000 | delta 0.000
U 227 | F 464896 | FPS 0027 | D 16586 | rR:mu sigma m M 0.00 0.00 0.00 0.00 | F:mu sigma m M 113.9 93.8 22.0 445.0 | H 1.099 | V 0.002 | pL 0.001 | vL 0.000 | delta 0.000
U 228 | F 466944 | FPS 0028 | D 16660 | rR:mu sigma m M 0.00 0.00 0.00 0.00 | F:mu sigma m M 189.9 97.9 43.0 376.0 | H 1.099 | V 0.002 | pL 0.000 | vL 0.000 | delta 0.000
U 229 | F 468992 | FPS 0026 | D 16739 | rR:mu sigma m M 0.00 0.00 0.00 0.00 | F:mu sigma m M 157.1 80.0 39.0 376.0 | H 1.098 | V 0.005 | pL -0.000 | vL 0.000 | delta 0.001
U 230 | F 471040 | FPS 0028 | D 16811 | rR:mu sigma m M 0.05 0.18 0.00 0.74 | F:mu sigma m M 125.9 76.1 25.0 271.0 | H 1.098 | V 0.007 | pL -0.003 | vL 0.000 | delta 0.005
U 231 | F 473088 | FPS 0032 | D 16876 | rR:mu sigma m M 0.00 0.00 0.00 0.00 | F:mu sigma m M 117.6 87.5 14.0 377.0 | H 1.098 | V 0.001 | pL 0.000 | vL 0.000 | delta 0.001
U 232 | F 475136 | FPS 0028 | D 16949 | rR:mu sigma m M 0.00 0.00 0.00 0.00 | F:mu sigma m M 226.9 165.7 10.0 550.0 | H 1.098 | V 0.001 | pL -0.000 | vL 0.000 | delta 0.001
U 233 | F 477184 | FPS 0028 | D 17023 | rR:mu sigma m M 0.00 0.00 0.00 0.00 | F:mu sigma m M 145.2 96.6 51.0 400.0 | H 1.099 | V 0.001 | pL 0.000 | vL 0.000 | delta 0.000
U 234 | F 479232 | FPS 0030 | D 17092 | rR:mu sigma m M 0.00 0.00 0.00 0.00 | F:mu sigma m M 177.0 117.6 39.0 410.0 | H 1.099 | V 0.000 | pL 0.000 | vL 0.000 | delta 0.000
U 235 | F 481280 | FPS 0032 | D 17157 | rR:mu sigma m M 0.00 0.00 0.00 0.00 | F:mu sigma m M 181.1 100.4 39.0 410.0 | H 1.097 | V 0.006 | pL 0.001 | vL 0.000 | delta 0.003
U 236 | F 483328 | FPS 0026 | D 17234 | rR:mu sigma m M 0.04 0.16 0.00 0.64 | F:mu sigma m M 191.7 105.0 47.0 430.0 | H 1.098 | V 0.007 | pL -0.004 | vL 0.000 | delta 0.010
U 237 | F 485376 | FPS 0028 | D 17309 | rR:mu sigma m M 0.00 0.00 0.00 0.00 | F:mu sigma m M 134.7 77.3 27.0 272.0 | H 1.099 | V 0.002 | pL 0.001 | vL 0.000 | delta 0.000
U 238 | F 487424 | FPS 0028 | D 17381 | rR:mu sigma m M 0.00 0.00 0.00 0.00 | F:mu sigma m M 155.7 114.0 11.0 413.0 | H 1.098 | V 0.003 | pL 0.000 | vL 0.000 | delta 0.003
U 239 | F 489472 | FPS 0028 | D 17454 | rR:mu sigma m M 0.00 0.00 0.00 0.00 | F:mu sigma m M 167.5 108.9 11.0 413.0 | H 1.098 | V 0.002 | pL 0.001 | vL 0.000 | delta 0.001
U 240 | F 491520 | FPS 0027 | D 17530 | rR:mu sigma m M 0.00 0.00 0.00 0.00 | F:mu sigma m M 164.8 140.3 26.0 590.0 | H 1.099 | V 0.002 | pL 0.001 | vL 0.000 | delta 0.000
U 241 | F 493568 | FPS 0028 | D 17604 | rR:mu sigma m M 0.00 0.00 0.00 0.00 | F:mu sigma m M 202.4 149.2 33.0 586.0 | H 1.099 | V 0.001 | pL 0.000 | vL 0.000 | delta 0.000
U 242 | F 495616 | FPS 0028 | D 17678 | rR:mu sigma m M 0.00 0.00 0.00 0.00 | F:mu sigma m M 153.8 95.1 29.0 352.0 | H 1.099 | V 0.001 | pL 0.000 | vL 0.000 | delta 0.000
U 243 | F 497664 | FPS 0025 | D 17759 | rR:mu sigma m M 0.00 0.00 0.00 0.00 | F:mu sigma m M 181.1 133.8 29.0 487.0 | H 1.099 | V 0.001 | pL -0.000 | vL 0.000 | delta 0.000
U 244 | F 499712 | FPS 0025 | D 17841 | rR:mu sigma m M 0.00 0.00 0.00 0.00 | F:mu sigma m M 141.7 124.4 28.0 414.0 | H 1.099 | V 0.001 | pL 0.000 | vL 0.000 | delta 0.000
U 245 | F 501760 | FPS 0027 | D 17918 | rR:mu sigma m M 0.00 0.00 0.00 0.00 | F:mu sigma m M 170.4 150.7 28.0 529.0 | H 1.099 | V 0.001 | pL -0.001 | vL 0.000 | delta 0.001
U 246 | F 503808 | FPS 0027 | D 17994 | rR:mu sigma m M 0.00 0.00 0.00 0.00 | F:mu sigma m M 126.6 84.2 34.0 346.0 | H 1.098 | V 0.007 | pL 0.003 | vL 0.000 | delta 0.005
U 247 | F 505856 | FPS 0028 | D 18068 | rR:mu sigma m M 0.00 0.00 0.00 0.00 | F:mu sigma m M 171.0 162.9 29.0 621.0 | H 1.098 | V 0.004 | pL 0.001 | vL 0.000 | delta 0.001
U 248 | F 507904 | FPS 0028 | D 18140 | rR:mu sigma m M 0.00 0.00 0.00 0.00 | F:mu sigma m M 138.9 100.8 20.0 415.0 | H 1.099 | V 0.002 | pL 0.001 | vL 0.000 | delta 0.000
U 249 | F 509952 | FPS 0026 | D 18219 | rR:mu sigma m M 0.00 0.00 0.00 0.00 | F:mu sigma m M 144.7 111.7 20.0 518.0 | H 1.099 | V 0.002 | pL 0.000 | vL 0.000 | delta 0.000
U 250 | F 512000 | FPS 0028 | D 18292 | rR:mu sigma m M 0.00 0.00 0.00 0.00 | F:mu sigma m M 185.1 111.5 18.0 365.0 | H 1.098 | V 0.005 | pL 0.001 | vL 0.000 | delta 0.002
U 251 | F 514048 | FPS 0030 | D 18360 | rR:mu sigma m M 0.00 0.00 0.00 0.00 | F:mu sigma m M 196.2 130.0 18.0 494.0 | H 1.099 | V 0.002 | pL 0.000 | vL 0.000 | delta 0.001
U 252 | F 516096 | FPS 0027 | D 18435 | rR:mu sigma m M 0.00 0.00 0.00 0.00 | F:mu sigma m M 149.9 76.6 37.0 357.0 | H 1.099 | V 0.003 | pL 0.001 | vL 0.000 | delta 0.001
U 253 | F 518144 | FPS 0027 | D 18512 | rR:mu sigma m M 0.00 0.00 0.00 0.00 | F:mu sigma m M 183.8 180.8 34.0 789.0 | H 1.099 | V 0.002 | pL 0.000 | vL 0.000 | delta 0.000
U 254 | F 520192 | FPS 0027 | D 18588 | rR:mu sigma m M 0.00 0.00 0.00 0.00 | F:mu sigma m M 177.7 188.3 20.0 789.0 | H 1.099 | V 0.002 | pL 0.000 | vL 0.000 | delta 0.000
U 255 | F 522240 | FPS 0027 | D 18663 | rR:mu sigma m M 0.00 0.00 0.00 0.00 | F:mu sigma m M 258.3 209.0 35.0 747.0 | H 1.099 | V 0.001 | pL 0.000 | vL 0.000 | delta 0.000
U 256 | F 524288 | FPS 0027 | D 18739 | rR:mu sigma m M 0.00 0.00 0.00 0.00 | F:mu sigma m M 144.6 129.8 16.0 507.0 | H 1.099 | V 0.001 | pL 0.000 | vL 0.000 | delta 0.000
U 257 | F 526336 | FPS 0027 | D 18815 | rR:mu sigma m M 0.00 0.00 0.00 0.00 | F:mu sigma m M 120.3 77.6 26.0 264.0 | H 1.099 | V 0.000 | pL 0.000 | vL 0.000 | delta 0.000
U 258 | F 528384 | FPS 0029 | D 18886 | rR:mu sigma m M 0.05 0.19 0.00 0.78 | F:mu sigma m M 211.5 164.4 55.0 665.0 | H 1.097 | V 0.006 | pL -0.006 | vL 0.001 | delta 0.008
U 259 | F 530432 | FPS 0030 | D 18954 | rR:mu sigma m M 0.00 0.00 0.00 0.00 | F:mu sigma m M 169.5 161.9 23.0 665.0 | H 1.097 | V 0.001 | pL 0.000 | vL 0.000 | delta 0.001
U 260 | F 532480 | FPS 0027 | D 19031 | rR:mu sigma m M 0.00 0.00 0.00 0.00 | F:mu sigma m M 130.7 79.0 38.0 272.0 | H 1.098 | V 0.001 | pL 0.000 | vL 0.000 | delta 0.000
U 261 | F 534528 | FPS 0029 | D 19102 | rR:mu sigma m M 0.00 0.00 0.00 0.00 | F:mu sigma m M 127.4 92.0 26.0 322.0 | H 1.098 | V 0.008 | pL -0.001 | vL 0.000 | delta 0.002
U 262 | F 536576 | FPS 0032 | D 19166 | rR:mu sigma m M 0.05 0.20 0.00 0.83 | F:mu sigma m M 146.5 100.4 46.0 376.0 | H 1.098 | V 0.004 | pL -0.003 | vL 0.000 | delta 0.006
U 263 | F 538624 | FPS 0030 | D 19235 | rR:mu sigma m M 0.00 0.00 0.00 0.00 | F:mu sigma m M 139.9 125.2 23.0 438.0 | H 1.099 | V 0.001 | pL 0.000 | vL 0.000 | delta 0.000
U 264 | F 540672 | FPS 0029 | D 19307 | rR:mu sigma m M 0.00 0.00 0.00 0.00 | F:mu sigma m M 176.1 160.5 36.0 496.0 | H 1.099 | V 0.001 | pL 0.000 | vL 0.000 | delta 0.001
U 265 | F 542720 | FPS 0029 | D 19378 | rR:mu sigma m M 0.00 0.00 0.00 0.00 | F:mu sigma m M 157.4 88.6 36.0 353.0 | H 1.099 | V 0.001 | pL 0.000 | vL 0.000 | delta 0.001
U 266 | F 544768 | FPS 0025 | D 19458 | rR:mu sigma m M 0.03 0.14 0.00 0.56 | F:mu sigma m M 158.8 108.2 58.0 442.0 | H 1.098 | V 0.004 | pL -0.004 | vL 0.000 | delta 0.008
U 267 | F 546816 | FPS 0027 | D 19535 | rR:mu sigma m M 0.00 0.00 0.00 0.00 | F:mu sigma m M 224.9 181.9 23.0 733.0 | H 1.098 | V 0.003 | pL 0.001 | vL 0.000 | delta 0.002
U 268 | F 548864 | FPS 0025 | D 19616 | rR:mu sigma m M 0.00 0.00 0.00 0.00 | F:mu sigma m M 212.5 164.2 55.0 733.0 | H 1.099 | V 0.003 | pL 0.001 | vL 0.000 | delta 0.001
U 269 | F 550912 | FPS 0030 | D 19684 | rR:mu sigma m M 0.00 0.00 0.00 0.00 | F:mu sigma m M 123.6 90.9 12.0 326.0 | H 1.099 | V 0.003 | pL 0.001 | vL 0.000 | delta 0.000
U 270 | F 552960 | FPS 0026 | D 19764 | rR:mu sigma m M 0.00 0.00 0.00 0.00 | F:mu sigma m M 151.1 150.2 22.0 545.0 | H 1.099 | V 0.002 | pL 0.001 | vL 0.000 | delta 0.000
U 271 | F 555008 | FPS 0029 | D 19835 | rR:mu sigma m M 0.00 0.00 0.00 0.00 | F:mu sigma m M 187.1 136.3 25.0 545.0 | H 1.099 | V 0.001 | pL 0.000 | vL 0.000 | delta 0.000
U 272 | F 557056 | FPS 0030 | D 19904 | rR:mu sigma m M 0.00 0.00 0.00 0.00 | F:mu sigma m M 170.9 102.8 25.0 442.0 | H 1.099 | V 0.001 | pL 0.000 | vL 0.000 | delta 0.002
U 273 | F 559104 | FPS 0028 | D 19977 | rR:mu sigma m M 0.00 0.00 0.00 0.00 | F:mu sigma m M 186.1 148.6 37.0 609.0 | H 1.098 | V 0.003 | pL -0.003 | vL 0.000 | delta 0.005
U 274 | F 561152 | FPS 0031 | D 20042 | rR:mu sigma m M 0.05 0.18 0.00 0.76 | F:mu sigma m M 196.9 147.7 37.0 609.0 | H 1.097 | V 0.012 | pL -0.002 | vL 0.001 | delta 0.007
U 275 | F 563200 | FPS 0031 | D 20109 | rR:mu sigma m M 0.00 0.00 0.00 0.00 | F:mu sigma m M 185.9 173.3 19.0 638.0 | H 1.098 | V 0.001 | pL 0.002 | vL 0.000 | delta 0.002
U 276 | F 565248 | FPS 0026 | D 20189 | rR:mu sigma m M 0.00 0.00 0.00 0.00 | F:mu sigma m M 209.9 181.6 47.0 638.0 | H 1.098 | V 0.002 | pL 0.000 | vL 0.000 | delta 0.000
U 277 | F 567296 | FPS 0027 | D 20264 | rR:mu sigma m M 0.00 0.00 0.00 0.00 | F:mu sigma m M 154.1 97.8 30.0 409.0 | H 1.099 | V 0.001 | pL 0.000 | vL 0.000 | delta 0.000
U 278 | F 569344 | FPS 0026 | D 20343 | rR:mu sigma m M 0.00 0.00 0.00 0.00 | F:mu sigma m M 237.3 206.6 30.0 717.0 | H 1.099 | V 0.001 | pL 0.000 | vL 0.000 | delta 0.000
U 279 | F 571392 | FPS 0025 | D 20426 | rR:mu sigma m M 0.00 0.00 0.00 0.00 | F:mu sigma m M 249.8 213.8 19.0 717.0 | H 1.099 | V 0.001 | pL 0.000 | vL 0.000 | delta 0.000
U 280 | F 573440 | FPS 0023 | D 20515 | rR:mu sigma m M 0.00 0.00 0.00 0.00 | F:mu sigma m M 217.7 175.4 19.0 529.0 | H 1.099 | V 0.002 | pL 0.000 | vL 0.000 | delta 0.001
U 281 | F 575488 | FPS 0027 | D 20591 | rR:mu sigma m M 0.00 0.00 0.00 0.00 | F:mu sigma m M 254.1 165.3 35.0 536.0 | H 1.099 | V 0.001 | pL 0.000 | vL 0.000 | delta 0.000
U 282 | F 577536 | FPS 0026 | D 20671 | rR:mu sigma m M 0.00 0.00 0.00 0.00 | F:mu sigma m M 149.6 128.9 27.0 500.0 | H 1.099 | V 0.001 | pL 0.000 | vL 0.000 | delta 0.000
U 283 | F 579584 | FPS 0029 | D 20743 | rR:mu sigma m M 0.00 0.00 0.00 0.00 | F:mu sigma m M 113.5 65.6 31.0 241.0 | H 1.099 | V 0.001 | pL 0.000 | vL 0.000 | delta 0.000
U 284 | F 581632 | FPS 0032 | D 20807 | rR:mu sigma m M 0.00 0.00 0.00 0.00 | F:mu sigma m M 143.4 88.3 23.0 374.0 | H 1.099 | V 0.002 | pL -0.001 | vL 0.000 | delta 0.001
U 285 | F 583680 | FPS 0028 | D 20881 | rR:mu sigma m M 0.05 0.19 0.00 0.78 | F:mu sigma m M 193.9 196.5 36.0 900.0 | H 1.097 | V 0.011 | pL -0.005 | vL 0.001 | delta 0.010
U 286 | F 585728 | FPS 0032 | D 20945 | rR:mu sigma m M 0.00 0.00 0.00 0.00 | F:mu sigma m M 203.2 217.4 32.0 900.0 | H 1.097 | V -0.000 | pL 0.000 | vL 0.000 | delta 0.002
U 287 | F 587776 | FPS 0032 | D 21009 | rR:mu sigma m M 0.00 0.00 0.00 0.00 | F:mu sigma m M 187.2 170.9 28.0 591.0 | H 1.098 | V -0.001 | pL -0.000 | vL 0.000 | delta 0.001
U 288 | F 589824 | FPS 0026 | D 21088 | rR:mu sigma m M 0.00 0.00 0.00 0.00 | F:mu sigma m M 160.1 77.8 36.0 317.0 | H 1.098 | V 0.002 | pL 0.000 | vL 0.000 | delta 0.005
U 289 | F 591872 | FPS 0029 | D 21159 | rR:mu sigma m M 0.00 0.00 0.00 0.00 | F:mu sigma m M 177.6 135.0 22.0 530.0 | H 1.098 | V 0.002 | pL 0.000 | vL 0.000 | delta 0.002
U 290 | F 593920 | FPS 0029 | D 21230 | rR:mu sigma m M 0.00 0.00 0.00 0.00 | F:mu sigma m M 170.4 90.9 22.0 306.0 | H 1.098 | V 0.002 | pL 0.000 | vL 0.000 | delta 0.001
U 291 | F 595968 | FPS 0030 | D 21297 | rR:mu sigma m M 0.00 0.00 0.00 0.00 | F:mu sigma m M 188.3 141.4 32.0 520.0 | H 1.098 | V 0.001 | pL 0.000 | vL 0.000 | delta 0.000
U 292 | F 598016 | FPS 0026 | D 21376 | rR:mu sigma m M 0.00 0.00 0.00 0.00 | F:mu sigma m M 119.6 117.9 12.0 481.0 | H 1.099 | V 0.001 | pL 0.000 | vL 0.000 | delta 0.000
U 293 | F 600064 | FPS 0026 | D 21453 | rR:mu sigma m M 0.00 0.00 0.00 0.00 | F:mu sigma m M 113.4 84.6 12.0 298.0 | H 1.098 | V 0.001 | pL 0.000 | vL 0.000 | delta 0.000
U 294 | F 602112 | FPS 0027 | D 21528 | rR:mu sigma m M 0.00 0.00 0.00 0.00 | F:mu sigma m M 143.4 71.2 54.0 274.0 | H 1.098 | V 0.001 | pL 0.000 | vL 0.000 | delta 0.001
U 295 | F 604160 | FPS 0026 | D 21607 | rR:mu sigma m M 0.00 0.00 0.00 0.00 | F:mu sigma m M 178.3 163.9 18.0 608.0 | H 1.098 | V 0.001 | pL 0.000 | vL 0.000 | delta 0.001
U 296 | F 606208 | FPS 0030 | D 21675 | rR:mu sigma m M 0.00 0.00 0.00 0.00 | F:mu sigma m M 126.9 76.5 24.0 338.0 | H 1.098 | V 0.001 | pL 0.000 | vL 0.000 | delta 0.001
U 297 | F 608256 | FPS 0028 | D 21747 | rR:mu sigma m M 0.00 0.00 0.00 0.00 | F:mu sigma m M 114.1 69.9 26.0 255.0 | H 1.097 | V 0.004 | pL -0.003 | vL 0.000 | delta 0.003
U 298 | F 610304 | FPS 0029 | D 21818 | rR:mu sigma m M 0.04 0.17 0.00 0.70 | F:mu sigma m M 153.0 129.3 26.0 499.0 | H 1.096 | V 0.011 | pL -0.003 | vL 0.001 | delta 0.008
U 299 | F 612352 | FPS 0030 | D 21887 | rR:mu sigma m M 0.04 0.16 0.00 0.67 | F:mu sigma m M 168.5 140.8 29.0 471.0 | H 1.095 | V 0.012 | pL -0.006 | vL 0.001 | delta 0.013
U 300 | F 614400 | FPS 0034 | D 21946 | rR:mu sigma m M 0.00 0.00 0.00 0.00 | F:mu sigma m M 144.8 121.8 21.0 472.0 | H 1.097 | V 0.005 | pL 0.002 | vL 0.000 | delta 0.002
U 301 | F 616448 | FPS 0030 | D 22015 | rR:mu sigma m M 0.00 0.00 0.00 0.00 | F:mu sigma m M 123.8 102.5 17.0 472.0 | H 1.098 | V 0.003 | pL 0.001 | vL 0.000 | delta 0.000
U 302 | F 618496 | FPS 0028 | D 22087 | rR:mu sigma m M 0.00 0.00 0.00 0.00 | F:mu sigma m M 125.9 64.3 17.0 269.0 | H 1.099 | V 0.003 | pL 0.001 | vL 0.000 | delta 0.000
U 303 | F 620544 | FPS 0027 | D 22162 | rR:mu sigma m M 0.00 0.00 0.00 0.00 | F:mu sigma m M 165.8 126.8 22.0 486.0 | H 1.099 | V 0.002 | pL 0.001 | vL 0.000 | delta 0.000
U 304 | F 622592 | FPS 0029 | D 22234 | rR:mu sigma m M 0.04 0.17 0.00 0.70 | F:mu sigma m M 183.6 155.3 44.0 607.0 | H 1.096 | V 0.009 | pL -0.005 | vL 0.000 | delta 0.009
U 305 | F 624640 | FPS 0034 | D 22294 | rR:mu sigma m M 0.04 0.17 0.00 0.70 | F:mu sigma m M 162.9 117.9 33.0 403.0 | H 1.099 | V -0.001 | pL -0.000 | vL 0.000 | delta 0.001
U 306 | F 626688 | FPS 0027 | D 22371 | rR:mu sigma m M 0.00 0.00 0.00 0.00 | F:mu sigma m M 193.6 131.6 28.0 444.0 | H 1.099 | V -0.001 | pL -0.000 | vL 0.000 | delta 0.000
U 307 | F 628736 | FPS 0032 | D 22435 | rR:mu sigma m M 0.00 0.00 0.00 0.00 | F:mu sigma m M 220.4 190.9 28.0 747.0 | H 1.099 | V -0.001 | pL -0.000 | vL 0.000 | delta 0.000
U 308 | F 630784 | FPS 0027 | D 22509 | rR:mu sigma m M 0.00 0.00 0.00 0.00 | F:mu sigma m M 237.6 188.3 53.0 747.0 | H 1.099 | V -0.000 | pL -0.000 | vL 0.000 | delta 0.000
U 309 | F 632832 | FPS 0026 | D 22588 | rR:mu sigma m M 0.00 0.00 0.00 0.00 | F:mu sigma m M 189.9 129.4 34.0 581.0 | H 1.097 | V 0.004 | pL 0.001 | vL 0.000 | delta 0.003
U 310 | F 634880 | FPS 0030 | D 22655 | rR:mu sigma m M 0.00 0.00 0.00 0.00 | F:mu sigma m M 187.5 107.0 34.0 445.0 | H 1.098 | V -0.001 | pL 0.000 | vL 0.000 | delta 0.001
U 311 | F 636928 | FPS 0028 | D 22728 | rR:mu sigma m M 0.00 0.00 0.00 0.00 | F:mu sigma m M 233.3 169.3 21.0 584.0 | H 1.099 | V -0.001 | pL -0.000 | vL 0.000 | delta 0.000
U 312 | F 638976 | FPS 0027 | D 22803 | rR:mu sigma m M 0.00 0.00 0.00 0.00 | F:mu sigma m M 259.6 233.5 21.0 900.0 | H 1.099 | V -0.001 | pL -0.000 | vL 0.000 | delta 0.000
U 313 | F 641024 | FPS 0031 | D 22869 | rR:mu sigma m M 0.00 0.00 0.00 0.00 | F:mu sigma m M 292.3 240.1 50.0 900.0 | H 1.097 | V 0.004 | pL 0.001 | vL 0.000 | delta 0.003
U 314 | F 643072 | FPS 0024 | D 22953 | rR:mu sigma m M 0.00 0.00 0.00 0.00 | F:mu sigma m M 255.8 201.0 50.0 772.0 | H 1.099 | V 0.001 | pL 0.000 | vL 0.000 | delta 0.001
U 315 | F 645120 | FPS 0028 | D 23026 | rR:mu sigma m M 0.00 0.00 0.00 0.00 | F:mu sigma m M 186.7 139.9 18.0 538.0 | H 1.099 | V 0.000 | pL 0.000 | vL 0.000 | delta 0.000
U 316 | F 647168 | FPS 0029 | D 23097 | rR:mu sigma m M 0.00 0.00 0.00 0.00 | F:mu sigma m M 183.3 168.0 18.0 657.0 | H 1.099 | V 0.000 | pL 0.000 | vL 0.000 | delta 0.000
U 317 | F 649216 | FPS 0027 | D 23175 | rR:mu sigma m M 0.00 0.00 0.00 0.00 | F:mu sigma m M 170.2 145.7 29.0 551.0 | H 1.099 | V 0.001 | pL -0.000 | vL 0.000 | delta 0.001
U 318 | F 651264 | FPS 0028 | D 23249 | rR:mu sigma m M 0.00 0.00 0.00 0.00 | F:mu sigma m M 130.2 114.2 26.0 415.0 | H 1.098 | V 0.004 | pL 0.001 | vL 0.000 | delta 0.001
U 319 | F 653312 | FPS 0025 | D 23329 | rR:mu sigma m M 0.03 0.12 0.00 0.49 | F:mu sigma m M 218.7 225.8 29.0 900.0 | H 1.097 | V 0.007 | pL -0.003 | vL 0.000 | delta 0.004
U 320 | F 655360 | FPS 0027 | D 23406 | rR:mu sigma m M 0.00 0.00 0.00 0.00 | F:mu sigma m M 174.8 130.4 19.0 420.0 | H 1.099 | V 0.001 | pL 0.000 | vL 0.000 | delta 0.000
U 321 | F 657408 | FPS 0029 | D 23476 | rR:mu sigma m M 0.00 0.00 0.00 0.00 | F:mu sigma m M 152.2 116.7 23.0 413.0 | H 1.099 | V 0.001 | pL 0.000 | vL 0.000 | delta 0.000
U 322 | F 659456 | FPS 0030 | D 23544 | rR:mu sigma m M 0.00 0.00 0.00 0.00 | F:mu sigma m M 209.1 158.1 27.0 731.0 | H 1.099 | V 0.001 | pL 0.000 | vL 0.000 | delta 0.000
U 323 | F 661504 | FPS 0029 | D 23616 | rR:mu sigma m M 0.00 0.00 0.00 0.00 | F:mu sigma m M 188.4 172.7 30.0 731.0 | H 1.099 | V 0.000 | pL 0.000 | vL 0.000 | delta 0.000
U 324 | F 663552 | FPS 0027 | D 23692 | rR:mu sigma m M 0.00 0.00 0.00 0.00 | F:mu sigma m M 196.2 187.0 33.0 786.0 | H 1.099 | V 0.000 | pL 0.000 | vL 0.000 | delta 0.000
U 325 | F 665600 | FPS 0028 | D 23766 | rR:mu sigma m M 0.00 0.00 0.00 0.00 | F:mu sigma m M 196.1 114.5 65.0 418.0 | H 1.099 | V 0.000 | pL 0.000 | vL 0.000 | delta 0.000
U 326 | F 667648 | FPS 0031 | D 23831 | rR:mu sigma m M 0.00 0.00 0.00 0.00 | F:mu sigma m M 198.0 134.1 41.0 455.0 | H 1.099 | V 0.001 | pL -0.000 | vL 0.000 | delta 0.001
U 327 | F 669696 | FPS 0027 | D 23907 | rR:mu sigma m M 0.00 0.00 0.00 0.00 | F:mu sigma m M 157.5 114.4 41.0 455.0 | H 1.098 | V 0.003 | pL 0.000 | vL 0.000 | delta 0.001
U 328 | F 671744 | FPS 0030 | D 23976 | rR:mu sigma m M 0.04 0.17 0.00 0.76 | F:mu sigma m M 219.1 189.9 20.0 699.0 | H 1.097 | V 0.005 | pL -0.003 | vL 0.001 | delta 0.006
U 329 | F 673792 | FPS 0030 | D 24045 | rR:mu sigma m M 0.00 0.00 0.00 0.00 | F:mu sigma m M 147.8 98.1 39.0 352.0 | H 1.098 | V 0.000 | pL -0.000 | vL 0.000 | delta 0.001
U 330 | F 675840 | FPS 0028 | D 24119 | rR:mu sigma m M 0.00 0.00 0.00 0.00 | F:mu sigma m M 145.8 78.3 36.0 311.0 | H 1.098 | V 0.008 | pL -0.004 | vL 0.000 | delta 0.008
U 331 | F 677888 | FPS 0033 | D 24182 | rR:mu sigma m M 0.05 0.18 0.00 0.73 | F:mu sigma m M 154.8 104.9 21.0 311.0 | H 1.095 | V 0.011 | pL -0.002 | vL 0.000 | delta 0.010
U 332 | F 679936 | FPS 0029 | D 24253 | rR:mu sigma m M 0.04 0.16 0.00 0.67 | F:mu sigma m M 116.3 94.7 21.0 335.0 | H 1.098 | V 0.007 | pL -0.000 | vL 0.000 | delta 0.008
U 333 | F 681984 | FPS 0026 | D 24331 | rR:mu sigma m M 0.00 0.00 0.00 0.00 | F:mu sigma m M 248.1 206.8 32.0 670.0 | H 1.099 | V -0.001 | pL -0.000 | vL 0.000 | delta 0.000
U 334 | F 684032 | FPS 0027 | D 24406 | rR:mu sigma m M 0.00 0.00 0.00 0.00 | F:mu sigma m M 205.1 210.8 19.0 670.0 | H 1.098 | V -0.000 | pL -0.000 | vL 0.000 | delta 0.001
U 335 | F 686080 | FPS 0030 | D 24474 | rR:mu sigma m M 0.00 0.00 0.00 0.00 | F:mu sigma m M 156.0 127.8 18.0 575.0 | H 1.099 | V -0.000 | pL -0.000 | vL 0.000 | delta 0.000
U 336 | F 688128 | FPS 0026 | D 24552 | rR:mu sigma m M 0.05 0.19 0.00 0.76 | F:mu sigma m M 213.8 167.7 65.0 632.0 | H 1.094 | V 0.010 | pL -0.006 | vL 0.001 | delta 0.014
U 337 | F 690176 | FPS 0031 | D 24618 | rR:mu sigma m M 0.05 0.19 0.00 0.76 | F:mu sigma m M 253.6 223.4 29.0 900.0 | H 1.098 | V 0.003 | pL 0.001 | vL 0.000 | delta 0.001
U 338 | F 692224 | FPS 0027 | D 24695 | rR:mu sigma m M 0.00 0.00 0.00 0.00 | F:mu sigma m M 253.1 233.6 32.0 900.0 | H 1.098 | V 0.004 | pL 0.001 | vL 0.000 | delta 0.002
U 339 | F 694272 | FPS 0028 | D 24767 | rR:mu sigma m M 0.00 0.00 0.00 0.00 | F:mu sigma m M 167.8 110.9 34.0 494.0 | H 1.098 | V 0.003 | pL 0.001 | vL 0.000 | delta 0.001
U 340 | F 696320 | FPS 0028 | D 24841 | rR:mu sigma m M 0.00 0.00 0.00 0.00 | F:mu sigma m M 171.0 147.6 34.0 684.0 | H 1.098 | V 0.002 | pL 0.001 | vL 0.000 | delta 0.000
U 341 | F 698368 | FPS 0029 | D 24910 | rR:mu sigma m M 0.00 0.00 0.00 0.00 | F:mu sigma m M 184.8 142.0 61.0 684.0 | H 1.098 | V 0.002 | pL 0.000 | vL 0.000 | delta 0.001
U 342 | F 700416 | FPS 0028 | D 24984 | rR:mu sigma m M 0.00 0.00 0.00 0.00 | F:mu sigma m M 184.1 101.5 57.0 455.0 | H 1.099 | V 0.002 | pL 0.000 | vL 0.000 | delta 0.000
U 343 | F 702464 | FPS 0028 | D 25056 | rR:mu sigma m M 0.00 0.00 0.00 0.00 | F:mu sigma m M 136.4 126.9 12.0 531.0 | H 1.099 | V 0.001 | pL 0.000 | vL 0.000 | delta 0.000
U 344 | F 704512 | FPS 0030 | D 25125 | rR:mu sigma m M 0.00 0.00 0.00 0.00 | F:mu sigma m M 173.0 115.1 25.0 416.0 | H 1.099 | V 0.001 | pL 0.000 | vL 0.000 | delta 0.000
U 345 | F 706560 | FPS 0030 | D 25193 | rR:mu sigma m M 0.00 0.00 0.00 0.00 | F:mu sigma m M 174.0 106.0 36.0 416.0 | H 1.099 | V 0.001 | pL 0.000 | vL 0.000 | delta 0.000
U 346 | F 708608 | FPS 0027 | D 25268 | rR:mu sigma m M 0.00 0.00 0.00 0.00 | F:mu sigma m M 139.4 105.9 10.0 369.0 | H 1.096 | V 0.004 | pL -0.000 | vL 0.000 | delta 0.003
U 347 | F 710656 | FPS 0029 | D 25339 | rR:mu sigma m M 0.00 0.00 0.00 0.00 | F:mu sigma m M 179.2 190.1 10.0 743.0 | H 1.098 | V 0.000 | pL 0.000 | vL 0.000 | delta 0.001
U 348 | F 712704 | FPS 0030 | D 25407 | rR:mu sigma m M 0.00 0.00 0.00 0.00 | F:mu sigma m M 179.3 174.6 20.0 800.0 | H 1.098 | V 0.002 | pL -0.001 | vL 0.000 | delta 0.002
U 349 | F 714752 | FPS 0026 | D 25485 | rR:mu sigma m M 0.00 0.00 0.00 0.00 | F:mu sigma m M 138.8 104.7 20.0 461.0 | H 1.098 | V 0.001 | pL 0.000 | vL 0.000 | delta 0.001
U 350 | F 716800 | FPS 0029 | D 25554 | rR:mu sigma m M 0.00 0.00 0.00 0.00 | F:mu sigma m M 198.9 127.7 64.0 461.0 | H 1.098 | V 0.004 | pL 0.002 | vL 0.000 | delta 0.002
U 351 | F 718848 | FPS 0029 | D 25625 | rR:mu sigma m M 0.00 0.00 0.00 0.00 | F:mu sigma m M 156.8 127.4 25.0 408.0 | H 1.099 | V 0.001 | pL 0.000 | vL 0.000 | delta 0.000
U 352 | F 720896 | FPS 0026 | D 25705 | rR:mu sigma m M 0.00 0.00 0.00 0.00 | F:mu sigma m M 168.6 137.2 24.0 493.0 | H 1.099 | V 0.001 | pL 0.000 | vL 0.000 | delta 0.000
U 353 | F 722944 | FPS 0029 | D 25775 | rR:mu sigma m M 0.00 0.00 0.00 0.00 | F:mu sigma m M 152.9 84.8 11.0 310.0 | H 1.099 | V 0.001 | pL 0.000 | vL 0.000 | delta 0.000
U 354 | F 724992 | FPS 0030 | D 25844 | rR:mu sigma m M 0.00 0.00 0.00 0.00 | F:mu sigma m M 140.6 99.2 37.0 373.0 | H 1.099 | V 0.000 | pL 0.000 | vL 0.000 | delta 0.000
U 355 | F 727040 | FPS 0026 | D 25922 | rR:mu sigma m M 0.00 0.00 0.00 0.00 | F:mu sigma m M 144.1 69.9 38.0 235.0 | H 1.099 | V 0.002 | pL -0.000 | vL 0.000 | delta 0.001
U 356 | F 729088 | FPS 0029 | D 25992 | rR:mu sigma m M 0.00 0.00 0.00 0.00 | F:mu sigma m M 138.5 103.4 11.0 344.0 | H 1.097 | V 0.006 | pL 0.002 | vL 0.000 | delta 0.002
U 357 | F 731136 | FPS 0027 | D 26069 | rR:mu sigma m M 0.00 0.00 0.00 0.00 | F:mu sigma m M 203.9 181.8 26.0 568.0 | H 1.098 | V 0.001 | pL 0.000 | vL 0.000 | delta 0.001
U 358 | F 733184 | FPS 0029 | D 26141 | rR:mu sigma m M 0.00 0.00 0.00 0.00 | F:mu sigma m M 153.9 135.3 24.0 568.0 | H 1.099 | V 0.000 | pL 0.000 | vL 0.000 | delta 0.000
U 359 | F 735232 | FPS 0028 | D 26214 | rR:mu sigma m M 0.00 0.00 0.00 0.00 | F:mu sigma m M 182.1 129.4 24.0 459.0 | H 1.098 | V 0.001 | pL 0.000 | vL 0.000 | delta 0.000
U 360 | F 737280 | FPS 0030 | D 26284 | rR:mu sigma m M 0.00 0.00 0.00 0.00 | F:mu sigma m M 198.9 112.0 29.0 459.0 | H 1.099 | V 0.001 | pL -0.000 | vL 0.000 | delta 0.000
U 361 | F 739328 | FPS 0026 | D 26363 | rR:mu sigma m M 0.00 0.00 0.00 0.00 | F:mu sigma m M 186.9 109.3 29.0 434.0 | H 1.098 | V 0.002 | pL 0.000 | vL 0.000 | delta 0.001
U 362 | F 741376 | FPS 0025 | D 26444 | rR:mu sigma m M 0.04 0.17 0.00 0.70 | F:mu sigma m M 224.2 152.9 43.0 473.0 | H 1.098 | V 0.005 | pL -0.005 | vL 0.001 | delta 0.006
U 363 | F 743424 | FPS 0029 | D 26514 | rR:mu sigma m M 0.00 0.00 0.00 0.00 | F:mu sigma m M 189.1 201.2 31.0 842.0 | H 1.099 | V 0.001 | pL 0.001 | vL 0.000 | delta 0.001
U 364 | F 745472 | FPS 0031 | D 26581 | rR:mu sigma m M 0.00 0.00 0.00 0.00 | F:mu sigma m M 134.9 91.5 31.0 442.0 | H 1.099 | V 0.001 | pL 0.000 | vL 0.000 | delta 0.000
U 365 | F 747520 | FPS 0030 | D 26648 | rR:mu sigma m M 0.00 0.00 0.00 0.00 | F:mu sigma m M 132.2 71.3 66.0 360.0 | H 1.099 | V 0.001 | pL 0.000 | vL 0.000 | delta 0.000
U 366 | F 749568 | FPS 0031 | D 26715 | rR:mu sigma m M 0.00 0.00 0.00 0.00 | F:mu sigma m M 162.6 159.1 15.0 715.0 | H 1.098 | V 0.002 | pL 0.001 | vL 0.000 | delta 0.001
U 367 | F 751616 | FPS 0031 | D 26782 | rR:mu sigma m M 0.00 0.00 0.00 0.00 | F:mu sigma m M 149.9 114.5 15.0 431.0 | H 1.098 | V 0.004 | pL -0.001 | vL 0.000 | delta 0.002
U 368 | F 753664 | FPS 0031 | D 26849 | rR:mu sigma m M 0.04 0.14 0.00 0.57 | F:mu sigma m M 214.6 176.5 35.0 648.0 | H 1.097 | V 0.008 | pL -0.003 | vL 0.000 | delta 0.010
U 369 | F 755712 | FPS 0025 | D 26930 | rR:mu sigma m M 0.00 0.00 0.00 0.00 | F:mu sigma m M 192.2 174.3 35.0 648.0 | H 1.098 | V -0.000 | pL 0.000 | vL 0.000 | delta 0.001
U 370 | F 757760 | FPS 0027 | D 27006 | rR:mu sigma m M 0.00 0.00 0.00 0.00 | F:mu sigma m M 168.3 99.4 66.0 382.0 | H 1.096 | V 0.001 | pL 0.000 | vL 0.000 | delta 0.007
U 371 | F 759808 | FPS 0028 | D 27080 | rR:mu sigma m M 0.00 0.00 0.00 0.00 | F:mu sigma m M 155.9 117.2 26.0 446.0 | H 1.098 | V 0.005 | pL 0.001 | vL 0.000 | delta 0.003
U 372 | F 761856 | FPS 0028 | D 27154 | rR:mu sigma m M 0.00 0.00 0.00 0.00 | F:mu sigma m M 168.4 134.4 26.0 573.0 | H 1.098 | V 0.001 | pL 0.000 | vL 0.000 | delta 0.001
U 373 | F 763904 | FPS 0026 | D 27232 | rR:mu sigma m M 0.00 0.00 0.00 0.00 | F:mu sigma m M 177.5 126.4 26.0 573.0 | H 1.099 | V 0.001 | pL 0.000 | vL 0.000 | delta 0.000
U 374 | F 765952 | FPS 0029 | D 27303 | rR:mu sigma m M 0.00 0.00 0.00 0.00 | F:mu sigma m M 260.8 170.7 33.0 762.0 | H 1.098 | V 0.002 | pL 0.000 | vL 0.000 | delta 0.001
U 375 | F 768000 | FPS 0027 | D 27379 | rR:mu sigma m M 0.00 0.00 0.00 0.00 | F:mu sigma m M 220.9 162.9 61.0 611.0 | H 1.098 | V 0.003 | pL 0.001 | vL 0.000 | delta 0.001
U 376 | F 770048 | FPS 0032 | D 27443 | rR:mu sigma m M 0.00 0.00 0.00 0.00 | F:mu sigma m M 167.2 154.9 39.0 611.0 | H 1.099 | V 0.002 | pL 0.000 | vL 0.000 | delta 0.000
U 377 | F 772096 | FPS 0028 | D 27516 | rR:mu sigma m M 0.00 0.00 0.00 0.00 | F:mu sigma m M 109.0 63.9 30.0 241.0 | H 1.099 | V 0.001 | pL 0.000 | vL 0.000 | delta 0.000
U 378 | F 774144 | FPS 0029 | D 27587 | rR:mu sigma m M 0.00 0.00 0.00 0.00 | F:mu sigma m M 236.7 165.4 36.0 602.0 | H 1.098 | V 0.003 | pL 0.001 | vL 0.000 | delta 0.001
U 379 | F 776192 | FPS 0027 | D 27664 | rR:mu sigma m M 0.00 0.00 0.00 0.00 | F:mu sigma m M 233.9 193.3 21.0 621.0 | H 1.098 | V 0.001 | pL 0.000 | vL 0.000 | delta 0.000
U 380 | F 778240 | FPS 0029 | D 27734 | rR:mu sigma m M 0.00 0.00 0.00 0.00 | F:mu sigma m M 184.3 148.3 21.0 621.0 | H 1.099 | V 0.001 | pL 0.000 | vL 0.000 | delta 0.001
U 381 | F 780288 | FPS 0029 | D 27805 | rR:mu sigma m M 0.00 0.00 0.00 0.00 | F:mu sigma m M 178.8 109.8 22.0 424.0 | H 1.099 | V 0.001 | pL 0.000 | vL 0.000 | delta 0.000
U 382 | F 782336 | FPS 0028 | D 27879 | rR:mu sigma m M 0.00 0.00 0.00 0.00 | F:mu sigma m M 150.2 91.8 27.0 318.0 | H 1.099 | V 0.000 | pL 0.000 | vL 0.000 | delta 0.000
U 383 | F 784384 | FPS 0027 | D 27954 | rR:mu sigma m M 0.00 0.00 0.00 0.00 | F:mu sigma m M 231.6 229.8 27.0 861.0 | H 1.099 | V 0.000 | pL 0.000 | vL 0.000 | delta 0.000
U 384 | F 786432 | FPS 0028 | D 28028 | rR:mu sigma m M 0.00 0.00 0.00 0.00 | F:mu sigma m M 184.1 207.3 22.0 861.0 | H 1.099 | V 0.000 | pL 0.000 | vL 0.000 | delta 0.000
U 385 | F 788480 | FPS 0029 | D 28098 | rR:mu sigma m M 0.00 0.00 0.00 0.00 | F:mu sigma m M 248.1 218.3 22.0 875.0 | H 1.099 | V 0.000 | pL 0.000 | vL 0.000 | delta 0.000
U 386 | F 790528 | FPS 0025 | D 28179 | rR:mu sigma m M 0.00 0.00 0.00 0.00 | F:mu sigma m M 312.4 215.8 50.0 875.0 | H 1.099 | V 0.000 | pL 0.000 | vL 0.000 | delta 0.000
U 387 | F 792576 | FPS 0029 | D 28250 | rR:mu sigma m M 0.00 0.00 0.00 0.00 | F:mu sigma m M 171.1 151.8 35.0 569.0 | H 1.099 | V 0.000 | pL 0.000 | vL 0.000 | delta 0.000
U 388 | F 794624 | FPS 0028 | D 28322 | rR:mu sigma m M 0.00 0.00 0.00 0.00 | F:mu sigma m M 163.4 143.5 12.0 502.0 | H 1.099 | V 0.000 | pL 0.000 | vL 0.000 | delta 0.000
U 389 | F 796672 | FPS 0028 | D 28394 | rR:mu sigma m M 0.00 0.00 0.00 0.00 | F:mu sigma m M 182.9 117.8 12.0 464.0 | H 1.099 | V 0.000 | pL 0.000 | vL 0.000 | delta 0.000
U 390 | F 798720 | FPS 0029 | D 28465 | rR:mu sigma m M 0.00 0.00 0.00 0.00 | F:mu sigma m M 179.4 157.6 21.0 636.0 | H 1.099 | V 0.000 | pL 0.000 | vL 0.000 | delta 0.000
U 391 | F 800768 | FPS 0029 | D 28535 | rR:mu sigma m M 0.00 0.00 0.00 0.00 | F:mu sigma m M 164.9 206.3 21.0 900.0 | H 1.099 | V 0.000 | pL -0.000 | vL 0.000 | delta 0.000
U 392 | F 802816 | FPS 0028 | D 28609 | rR:mu sigma m M 0.00 0.00 0.00 0.00 | F:mu sigma m M 242.4 222.5 25.0 900.0 | H 1.099 | V -0.000 | pL -0.000 | vL 0.000 | delta 0.000
U 393 | F 804864 | FPS 0033 | D 28671 | rR:mu sigma m M 0.00 0.00 0.00 0.00 | F:mu sigma m M 188.5 119.7 60.0 451.0 | H 1.099 | V 0.000 | pL 0.000 | vL 0.000 | delta 0.000
U 394 | F 806912 | FPS 0026 | D 28749 | rR:mu sigma m M 0.00 0.00 0.00 0.00 | F:mu sigma m M 174.9 116.4 9.0 412.0 | H 1.099 | V 0.000 | pL -0.000 | vL 0.000 | delta 0.000
U 395 | F 808960 | FPS 0028 | D 28823 | rR:mu sigma m M 0.00 0.00 0.00 0.00 | F:mu sigma m M 201.1 112.0 36.0 413.0 | H 1.099 | V 0.000 | pL 0.000 | vL 0.000 | delta 0.000
U 396 | F 811008 | FPS 0031 | D 28890 | rR:mu sigma m M 0.00 0.00 0.00 0.00 | F:mu sigma m M 197.1 124.0 36.0 472.0 | H 1.099 | V -0.000 | pL -0.000 | vL 0.000 | delta 0.000
U 397 | F 813056 | FPS 0028 | D 28963 | rR:mu sigma m M 0.03 0.13 0.00 0.54 | F:mu sigma m M 144.4 103.7 56.0 460.0 | H 1.098 | V 0.004 | pL -0.004 | vL 0.000 | delta 0.009
U 398 | F 815104 | FPS 0032 | D 29028 | rR:mu sigma m M 0.03 0.13 0.00 0.54 | F:mu sigma m M 175.6 138.5 11.0 460.0 | H 1.098 | V 0.005 | pL 0.001 | vL 0.000 | delta 0.001
U 399 | F 817152 | FPS 0028 | D 29100 | rR:mu sigma m M 0.00 0.00 0.00 0.00 | F:mu sigma m M 130.5 73.8 13.0 281.0 | H 1.099 | V 0.004 | pL 0.001 | vL 0.000 | delta 0.000
U 400 | F 819200 | FPS 0030 | D 29168 | rR:mu sigma m M 0.05 0.18 0.00 0.76 | F:mu sigma m M 163.3 141.9 24.0 638.0 | H 1.097 | V 0.011 | pL -0.005 | vL 0.000 | delta 0.007
U 401 | F 821248 | FPS 0030 | D 29237 | rR:mu sigma m M 0.05 0.18 0.00 0.76 | F:mu sigma m M 250.1 233.0 24.0 850.0 | H 1.097 | V 0.008 | pL 0.000 | vL 0.000 | delta 0.003
U 402 | F 823296 | FPS 0028 | D 29311 | rR:mu sigma m M 0.00 0.00 0.00 0.00 | F:mu sigma m M 270.9 219.9 34.0 850.0 | H 1.092 | V 0.016 | pL 0.001 | vL 0.000 | delta 0.006
U 403 | F 825344 | FPS 0022 | D 29402 | rR:mu sigma m M 0.05 0.18 0.00 0.72 | F:mu sigma m M 287.5 150.9 68.0 576.0 | H 1.093 | V 0.019 | pL -0.001 | vL 0.001 | delta 0.009
U 404 | F 827392 | FPS 0027 | D 29479 | rR:mu sigma m M 0.05 0.18 0.00 0.72 | F:mu sigma m M 246.7 187.8 12.0 680.0 | H 1.098 | V 0.005 | pL 0.001 | vL 0.000 | delta 0.001
U 405 | F 829440 | FPS 0028 | D 29553 | rR:mu sigma m M 0.00 0.00 0.00 0.00 | F:mu sigma m M 173.1 116.8 12.0 440.0 | H 1.096 | V 0.009 | pL 0.002 | vL 0.000 | delta 0.004
U 406 | F 831488 | FPS 0027 | D 29629 | rR:mu sigma m M 0.00 0.00 0.00 0.00 | F:mu sigma m M 152.4 93.5 19.0 322.0 | H 1.098 | V 0.006 | pL 0.002 | vL 0.000 | delta 0.002
U 407 | F 833536 | FPS 0028 | D 29702 | rR:mu sigma m M 0.00 0.00 0.00 0.00 | F:mu sigma m M 164.2 127.1 14.0 538.0 | H 1.099 | V 0.004 | pL 0.001 | vL 0.000 | delta 0.000
U 408 | F 835584 | FPS 0028 | D 29775 | rR:mu sigma m M 0.00 0.00 0.00 0.00 | F:mu sigma m M 107.6 62.7 28.0 233.0 | H 1.099 | V 0.003 | pL 0.001 | vL 0.000 | delta 0.000
U 409 | F 837632 | FPS 0030 | D 29844 | rR:mu sigma m M 0.00 0.00 0.00 0.00 | F:mu sigma m M 213.6 182.3 43.0 786.0 | H 1.099 | V 0.002 | pL 0.001 | vL 0.000 | delta 0.000
U 410 | F 839680 | FPS 0029 | D 29915 | rR:mu sigma m M 0.00 0.00 0.00 0.00 | F:mu sigma m M 203.7 185.5 30.0 786.0 | H 1.099 | V 0.002 | pL 0.000 | vL 0.000 | delta 0.000
U 411 | F 841728 | FPS 0025 | D 29997 | rR:mu sigma m M 0.00 0.00 0.00 0.00 | F:mu sigma m M 156.8 124.1 24.0 400.0 | H 1.098 | V 0.002 | pL 0.001 | vL 0.000 | delta 0.001
U 412 | F 843776 | FPS 0031 | D 30063 | rR:mu sigma m M 0.00 0.00 0.00 0.00 | F:mu sigma m M 124.3 135.4 12.0 449.0 | H 1.098 | V 0.001 | pL 0.000 | vL 0.000 | delta 0.000
U 413 | F 845824 | FPS 0028 | D 30135 | rR:mu sigma m M 0.00 0.00 0.00 0.00 | F:mu sigma m M 165.2 154.4 25.0 561.0 | H 1.098 | V 0.002 | pL 0.000 | vL 0.000 | delta 0.001
U 414 | F 847872 | FPS 0029 | D 30206 | rR:mu sigma m M 0.00 0.00 0.00 0.00 | F:mu sigma m M 141.2 168.8 25.0 629.0 | H 1.097 | V 0.003 | pL 0.001 | vL 0.000 | delta 0.001
U 415 | F 849920 | FPS 0030 | D 30275 | rR:mu sigma m M 0.00 0.00 0.00 0.00 | F:mu sigma m M 139.2 152.8 17.0 629.0 | H 1.099 | V 0.001 | pL 0.000 | vL 0.000 | delta 0.000
U 416 | F 851968 | FPS 0030 | D 30343 | rR:mu sigma m M 0.00 0.00 0.00 0.00 | F:mu sigma m M 219.5 189.3 50.0 765.0 | H 1.098 | V 0.002 | pL 0.000 | vL 0.000 | delta 0.001
U 417 | F 854016 | FPS 0027 | D 30420 | rR:mu sigma m M 0.05 0.19 0.00 0.79 | F:mu sigma m M 205.0 214.5 50.0 765.0 | H 1.096 | V 0.006 | pL -0.006 | vL 0.001 | delta 0.010
U 418 | F 856064 | FPS 0031 | D 30485 | rR:mu sigma m M 0.00 0.00 0.00 0.00 | F:mu sigma m M 241.1 234.6 50.0 900.0 | H 1.098 | V 0.005 | pL 0.002 | vL 0.000 | delta 0.001
U 419 | F 858112 | FPS 0027 | D 30561 | rR:mu sigma m M 0.00 0.00 0.00 0.00 | F:mu sigma m M 223.3 243.4 42.0 900.0 | H 1.098 | V 0.005 | pL 0.001 | vL 0.000 | delta 0.001
U 420 | F 860160 | FPS 0026 | D 30641 | rR:mu sigma m M 0.00 0.00 0.00 0.00 | F:mu sigma m M 158.5 103.1 32.0 374.0 | H 1.098 | V 0.004 | pL 0.001 | vL 0.000 | delta 0.001
U 421 | F 862208 | FPS 0032 | D 30705 | rR:mu sigma m M 0.00 0.00 0.00 0.00 | F:mu sigma m M 187.9 132.0 32.0 438.0 | H 1.099 | V 0.003 | pL 0.001 | vL 0.000 | delta 0.000
U 422 | F 864256 | FPS 0026 | D 30784 | rR:mu sigma m M 0.03 0.12 0.00 0.51 | F:mu sigma m M 185.2 121.0 47.0 490.0 | H 1.092 | V 0.010 | pL -0.003 | vL 0.000 | delta 0.006
U 423 | F 866304 | FPS 0027 | D 30860 | rR:mu sigma m M 0.03 0.12 0.00 0.51 | F:mu sigma m M 187.4 131.3 38.0 490.0 | H 1.098 | V 0.004 | pL 0.001 | vL 0.000 | delta 0.001
U 424 | F 868352 | FPS 0029 | D 30931 | rR:mu sigma m M 0.00 0.00 0.00 0.00 | F:mu sigma m M 130.6 78.6 38.0 279.0 | H 1.098 | V 0.003 | pL 0.001 | vL 0.000 | delta 0.001
U 425 | F 870400 | FPS 0026 | D 31008 | rR:mu sigma m M 0.00 0.00 0.00 0.00 | F:mu sigma m M 181.3 124.3 37.0 407.0 | H 1.099 | V 0.003 | pL 0.001 | vL 0.000 | delta 0.000
U 426 | F 872448 | FPS 0028 | D 31081 | rR:mu sigma m M 0.00 0.00 0.00 0.00 | F:mu sigma m M 122.1 78.2 37.0 332.0 | H 1.098 | V 0.003 | pL 0.000 | vL 0.000 | delta 0.001
U 427 | F 874496 | FPS 0027 | D 31158 | rR:mu sigma m M 0.00 0.00 0.00 0.00 | F:mu sigma m M 143.1 119.1 34.0 548.0 | H 1.098 | V 0.003 | pL 0.000 | vL 0.000 | delta 0.001
U 428 | F 876544 | FPS 0026 | D 31236 | rR:mu sigma m M 0.04 0.16 0.00 0.65 | F:mu sigma m M 165.5 140.5 25.0 453.0 | H 1.097 | V 0.006 | pL -0.004 | vL 0.000 | delta 0.007
U 429 | F 878592 | FPS 0025 | D 31319 | rR:mu sigma m M 0.00 0.00 0.00 0.00 | F:mu sigma m M 184.9 185.0 36.0 736.0 | H 1.098 | V 0.004 | pL 0.001 | vL 0.000 | delta 0.001
U 430 | F 880640 | FPS 0029 | D 31391 | rR:mu sigma m M 0.00 0.00 0.00 0.00 | F:mu sigma m M 124.9 76.7 36.0 279.0 | H 1.091 | V 0.014 | pL 0.001 | vL 0.000 | delta 0.006
U 431 | F 882688 | FPS 0026 | D 31470 | rR:mu sigma m M 0.04 0.17 0.00 0.72 | F:mu sigma m M 156.0 109.3 54.0 488.0 | H 1.096 | V 0.006 | pL -0.001 | vL 0.000 | delta 0.006
U 432 | F 884736 | FPS 0027 | D 31547 | rR:mu sigma m M 0.00 0.00 0.00 0.00 | F:mu sigma m M 231.9 178.4 32.0 579.0 | H 1.098 | V 0.003 | pL 0.001 | vL 0.000 | delta 0.001
U 433 | F 886784 | FPS 0027 | D 31622 | rR:mu sigma m M 0.00 0.00 0.00 0.00 | F:mu sigma m M 264.2 169.2 29.0 579.0 | H 1.093 | V 0.006 | pL 0.000 | vL 0.000 | delta 0.005
U 434 | F 888832 | FPS 0028 | D 31695 | rR:mu sigma m M 0.03 0.13 0.00 0.53 | F:mu sigma m M 240.8 183.9 29.0 725.0 | H 1.094 | V 0.013 | pL -0.002 | vL 0.000 | delta 0.006
U 435 | F 890880 | FPS 0027 | D 31771 | rR:mu sigma m M 0.03 0.13 0.00 0.53 | F:mu sigma m M 187.5 107.0 88.0 473.0 | H 1.095 | V 0.004 | pL -0.004 | vL 0.000 | delta 0.005
U 436 | F 892928 | FPS 0031 | D 31836 | rR:mu sigma m M 0.05 0.19 0.00 0.79 | F:mu sigma m M 190.5 158.0 21.0 592.0 | H 1.096 | V 0.002 | pL -0.001 | vL 0.000 | delta 0.003
U 437 | F 894976 | FPS 0028 | D 31909 | rR:mu sigma m M 0.00 0.00 0.00 0.00 | F:mu sigma m M 145.7 93.0 24.0 335.0 | H 1.097 | V 0.002 | pL 0.000 | vL 0.000 | delta 0.001
U 438 | F 897024 | FPS 0027 | D 31984 | rR:mu sigma m M 0.00 0.00 0.00 0.00 | F:mu sigma m M 130.1 76.5 32.0 321.0 | H 1.098 | V 0.001 | pL 0.000 | vL 0.000 | delta 0.001
U 439 | F 899072 | FPS 0027 | D 32059 | rR:mu sigma m M 0.00 0.00 0.00 0.00 | F:mu sigma m M 158.4 114.7 30.0 444.0 | H 1.098 | V 0.001 | pL 0.000 | vL 0.000 | delta 0.000
U 440 | F 901120 | FPS 0031 | D 32124 | rR:mu sigma m M 0.05 0.18 0.00 0.74 | F:mu sigma m M 125.4 87.7 23.0 317.0 | H 1.095 | V 0.008 | pL -0.006 | vL 0.001 | delta 0.013
U 441 | F 903168 | FPS 0031 | D 32190 | rR:mu sigma m M 0.05 0.18 0.00 0.74 | F:mu sigma m M 198.8 159.3 21.0 700.0 | H 1.098 | V -0.003 | pL -0.001 | vL 0.000 | delta 0.003
U 442 | F 905216 | FPS 0034 | D 32249 | rR:mu sigma m M 0.00 0.00 0.00 0.00 | F:mu sigma m M 148.7 139.2 14.0 577.0 | H 1.095 | V -0.002 | pL -0.001 | vL 0.000 | delta 0.004
U 443 | F 907264 | FPS 0032 | D 32313 | rR:mu sigma m M 0.00 0.00 0.00 0.00 | F:mu sigma m M 95.9 53.7 33.0 192.0 | H 1.093 | V 0.006 | pL -0.003 | vL 0.000 | delta 0.004
U 444 | F 909312 | FPS 0032 | D 32377 | rR:mu sigma m M 0.03 0.12 0.00 0.49 | F:mu sigma m M 151.1 109.8 29.0 507.0 | H 1.089 | V 0.015 | pL 0.001 | vL 0.000 | delta 0.005
U 445 | F 911360 | FPS 0029 | D 32447 | rR:mu sigma m M 0.00 0.00 0.00 0.00 | F:mu sigma m M 188.6 169.2 23.0 590.0 | H 1.098 | V 0.003 | pL 0.001 | vL 0.000 | delta 0.000
U 446 | F 913408 | FPS 0030 | D 32515 | rR:mu sigma m M 0.00 0.00 0.00 0.00 | F:mu sigma m M 181.2 209.1 35.0 856.0 | H 1.098 | V 0.003 | pL 0.001 | vL 0.000 | delta 0.000
U 447 | F 915456 | FPS 0028 | D 32587 | rR:mu sigma m M 0.00 0.00 0.00 0.00 | F:mu sigma m M 112.4 72.6 22.0 261.0 | H 1.099 | V 0.002 | pL 0.001 | vL 0.000 | delta 0.000
U 448 | F 917504 | FPS 0029 | D 32657 | rR:mu sigma m M 0.06 0.22 0.00 0.91 | F:mu sigma m M 141.8 92.2 22.0 332.0 | H 1.089 | V 0.010 | pL -0.006 | vL 0.001 | delta 0.018
U 449 | F 919552 | FPS 0030 | D 32725 | rR:mu sigma m M 0.04 0.14 0.00 0.57 | F:mu sigma m M 180.4 117.0 50.0 431.0 | H 1.091 | V 0.021 | pL -0.001 | vL 0.001 | delta 0.011
U 450 | F 921600 | FPS 0025 | D 32806 | rR:mu sigma m M 0.09 0.26 0.00 0.95 | F:mu sigma m M 155.4 112.7 50.0 431.0 | H 1.092 | V 0.023 | pL -0.003 | vL 0.001 | delta 0.018
U 451 | F 923648 | FPS 0031 | D 32873 | rR:mu sigma m M 0.00 0.00 0.00 0.00 | F:mu sigma m M 187.6 186.6 15.0 600.0 | H 1.098 | V 0.010 | pL 0.002 | vL 0.000 | delta 0.003
U 452 | F 925696 | FPS 0029 | D 32943 | rR:mu sigma m M 0.00 0.00 0.00 0.00 | F:mu sigma m M 140.6 127.8 16.0 493.0 | H 1.098 | V 0.007 | pL 0.002 | vL 0.000 | delta 0.002
U 453 | F 927744 | FPS 0027 | D 33018 | rR:mu sigma m M 0.00 0.00 0.00 0.00 | F:mu sigma m M 151.6 119.0 16.0 520.0 | H 1.098 | V 0.006 | pL 0.002 | vL 0.000 | delta 0.001
U 454 | F 929792 | FPS 0030 | D 33086 | rR:mu sigma m M 0.00 0.00 0.00 0.00 | F:mu sigma m M 175.5 111.0 78.0 458.0 | H 1.098 | V 0.005 | pL 0.002 | vL 0.000 | delta 0.001
U 455 | F 931840 | FPS 0027 | D 33161 | rR:mu sigma m M 0.00 0.00 0.00 0.00 | F:mu sigma m M 240.1 177.5 40.0 701.0 | H 1.098 | V 0.005 | pL 0.001 | vL 0.000 | delta 0.002
U 456 | F 933888 | FPS 0030 | D 33229 | rR:mu sigma m M 0.00 0.00 0.00 0.00 | F:mu sigma m M 210.0 124.8 40.0 458.0 | H 1.098 | V 0.004 | pL 0.001 | vL 0.000 | delta 0.000
U 457 | F 935936 | FPS 0032 | D 33293 | rR:mu sigma m M 0.00 0.00 0.00 0.00 | F:mu sigma m M 202.1 128.8 31.0 458.0 | H 1.098 | V 0.003 | pL 0.001 | vL 0.000 | delta 0.000
U 458 | F 937984 | FPS 0027 | D 33368 | rR:mu sigma m M 0.05 0.19 0.00 0.79 | F:mu sigma m M 213.1 117.7 31.0 456.0 | H 1.093 | V 0.012 | pL -0.006 | vL 0.001 | delta 0.010
U 459 | F 940032 | FPS 0032 | D 33433 | rR:mu sigma m M 0.05 0.19 0.00 0.79 | F:mu sigma m M 139.1 86.1 34.0 356.0 | H 1.094 | V 0.006 | pL -0.003 | vL 0.000 | delta 0.009
U 460 | F 942080 | FPS 0032 | D 33497 | rR:mu sigma m M 0.00 0.00 0.00 0.00 | F:mu sigma m M 242.6 199.9 13.0 668.0 | H 1.095 | V 0.017 | pL 0.006 | vL 0.000 | delta 0.008
U 461 | F 944128 | FPS 0028 | D 33571 | rR:mu sigma m M 0.05 0.19 0.00 0.80 | F:mu sigma m M 150.4 116.8 49.0 507.0 | H 1.094 | V 0.015 | pL -0.004 | vL 0.001 | delta 0.009
U 462 | F 946176 | FPS 0029 | D 33642 | rR:mu sigma m M 0.05 0.19 0.00 0.80 | F:mu sigma m M 140.2 96.5 28.0 370.0 | H 1.098 | V 0.006 | pL 0.001 | vL 0.000 | delta 0.002
U 463 | F 948224 | FPS 0027 | D 33717 | rR:mu sigma m M 0.00 0.00 0.00 0.00 | F:mu sigma m M 159.9 110.2 15.0 385.0 | H 1.098 | V 0.005 | pL 0.001 | vL 0.000 | delta 0.002
U 464 | F 950272 | FPS 0027 | D 33791 | rR:mu sigma m M 0.00 0.00 0.00 0.00 | F:mu sigma m M 200.1 147.7 16.0 458.0 | H 1.098 | V 0.005 | pL 0.001 | vL 0.000 | delta 0.001
U 465 | F 952320 | FPS 0028 | D 33864 | rR:mu sigma m M 0.00 0.00 0.00 0.00 | F:mu sigma m M 101.2 64.7 21.0 313.0 | H 1.098 | V 0.004 | pL 0.001 | vL 0.000 | delta 0.001
U 466 | F 954368 | FPS 0025 | D 33947 | rR:mu sigma m M 0.00 0.00 0.00 0.00 | F:mu sigma m M 106.5 49.5 37.0 219.0 | H 1.098 | V 0.003 | pL 0.001 | vL 0.000 | delta 0.001
U 467 | F 956416 | FPS 0028 | D 34021 | rR:mu sigma m M 0.04 0.17 0.00 0.69 | F:mu sigma m M 212.5 217.6 49.0 900.0 | H 1.094 | V 0.011 | pL -0.005 | vL 0.000 | delta 0.008
U 468 | F 958464 | FPS 0028 | D 34093 | rR:mu sigma m M 0.00 0.00 0.00 0.00 | F:mu sigma m M 248.6 270.0 23.0 900.0 | H 1.097 | V 0.004 | pL 0.001 | vL 0.000 | delta 0.003
U 469 | F 960512 | FPS 0029 | D 34163 | rR:mu sigma m M 0.00 0.00 0.00 0.00 | F:mu sigma m M 134.2 100.8 32.0 370.0 | H 1.095 | V 0.009 | pL -0.001 | vL 0.000 | delta 0.004
U 470 | F 962560 | FPS 0029 | D 34235 | rR:mu sigma m M 0.06 0.20 0.00 0.81 | F:mu sigma m M 202.1 189.3 15.0 844.0 | H 1.086 | V 0.026 | pL -0.004 | vL 0.001 | delta 0.021
U 471 | F 964608 | FPS 0033 | D 34297 | rR:mu sigma m M 0.06 0.21 0.00 0.88 | F:mu sigma m M 120.9 99.4 25.0 360.0 | H 1.093 | V 0.022 | pL 0.002 | vL 0.000 | delta 0.007
U 472 | F 966656 | FPS 0028 | D 34371 | rR:mu sigma m M 0.05 0.18 0.00 0.76 | F:mu sigma m M 155.4 113.3 32.0 385.0 | H 1.091 | V 0.021 | pL 0.002 | vL 0.001 | delta 0.009
U 473 | F 968704 | FPS 0025 | D 34453 | rR:mu sigma m M 0.05 0.18 0.00 0.76 | F:mu sigma m M 184.2 99.0 32.0 347.0 | H 1.095 | V 0.015 | pL -0.000 | vL 0.000 | delta 0.008
U 474 | F 970752 | FPS 0029 | D 34523 | rR:mu sigma m M 0.05 0.18 0.00 0.74 | F:mu sigma m M 205.1 139.1 43.0 626.0 | H 1.092 | V 0.019 | pL 0.002 | vL 0.000 | delta 0.004
U 475 | F 972800 | FPS 0031 | D 34590 | rR:mu sigma m M 0.10 0.26 0.00 0.81 | F:mu sigma m M 163.5 143.0 20.0 523.0 | H 1.085 | V 0.028 | pL -0.009 | vL 0.002 | delta 0.018
U 476 | F 974848 | FPS 0030 | D 34658 | rR:mu sigma m M 0.06 0.22 0.00 0.90 | F:mu sigma m M 212.6 214.3 20.0 757.0 | H 1.083 | V 0.025 | pL 0.004 | vL 0.001 | delta 0.022
U 477 | F 976896 | FPS 0032 | D 34722 | rR:mu sigma m M 0.00 0.00 0.00 0.00 | F:mu sigma m M 178.6 171.8 47.0 757.0 | H 1.089 | V 0.016 | pL 0.003 | vL 0.000 | delta 0.008
U 478 | F 978944 | FPS 0031 | D 34788 | rR:mu sigma m M 0.05 0.19 0.00 0.80 | F:mu sigma m M 173.5 157.5 30.0 620.0 | H 1.078 | V 0.027 | pL -0.001 | vL 0.001 | delta 0.013
U 479 | F 980992 | FPS 0029 | D 34859 | rR:mu sigma m M 0.10 0.26 0.00 0.80 | F:mu sigma m M 130.2 72.1 30.0 263.0 | H 1.054 | V 0.056 | pL -0.011 | vL 0.003 | delta 0.027
U 480 | F 983040 | FPS 0039 | D 34913 | rR:mu sigma m M 0.28 0.39 0.00 0.94 | F:mu sigma m M 154.5 90.2 24.0 305.0 | H 1.038 | V 0.079 | pL -0.013 | vL 0.003 | delta 0.023
U 481 | F 985088 | FPS 0040 | D 34964 | rR:mu sigma m M 0.53 0.42 0.00 0.95 | F:mu sigma m M 138.7 98.5 41.0 411.0 | H 0.973 | V 0.142 | pL -0.048 | vL 0.008 | delta 0.060
U 482 | F 987136 | FPS 0048 | D 35007 | rR:mu sigma m M 0.46 0.45 0.00 0.96 | F:mu sigma m M 104.4 77.4 18.0 371.0 | H 0.900 | V 0.229 | pL -0.070 | vL 0.011 | delta 0.054
U 483 | F 989184 | FPS 0056 | D 35044 | rR:mu sigma m M 0.74 0.38 0.00 0.97 | F:mu sigma m M 65.5 35.0 15.0 172.0 | H 0.775 | V 0.431 | pL -0.108 | vL 0.014 | delta 0.099
U 484 | F 991232 | FPS 0059 | D 35079 | rR:mu sigma m M 0.71 0.40 0.00 0.97 | F:mu sigma m M 53.8 26.6 7.0 127.0 | H 0.714 | V 0.503 | pL -0.073 | vL 0.016 | delta 0.073
U 485 | F 993280 | FPS 0064 | D 35111 | rR:mu sigma m M 0.90 0.21 0.00 0.97 | F:mu sigma m M 52.2 24.8 21.0 170.0 | H 0.615 | V 0.627 | pL -0.082 | vL 0.010 | delta 0.080
U 486 | F 995328 | FPS 0069 | D 35141 | rR:mu sigma m M 0.87 0.28 0.00 0.97 | F:mu sigma m M 42.1 19.1 10.0 134.0 | H 0.564 | V 0.705 | pL -0.045 | vL 0.009 | delta 0.082
U 487 | F 997376 | FPS 0073 | D 35169 | rR:mu sigma m M 0.89 0.26 0.00 0.97 | F:mu sigma m M 37.3 11.0 9.0 71.0 | H 0.493 | V 0.759 | pL -0.015 | vL 0.009 | delta 0.049
U 488 | F 999424 | FPS 0073 | D 35197 | rR:mu sigma m M 0.84 0.32 0.00 0.97 | F:mu sigma m M 34.4 13.6 8.0 100.0 | H 0.488 | V 0.752 | pL -0.001 | vL 0.013 | delta 0.064
U 489 | F 1001472 | FPS 0072 | D 35225 | rR:mu sigma m M 0.95 0.13 0.00 0.97 | F:mu sigma m M 36.1 6.8 26.0 54.0 | H 0.433 | V 0.787 | pL -0.021 | vL 0.003 | delta 0.042
U 490 | F 1003520 | FPS 0073 | D 35253 | rR:mu sigma m M 0.97 0.01 0.94 0.97 | F:mu sigma m M 34.0 5.7 26.0 55.0 | H 0.404 | V 0.811 | pL -0.007 | vL 0.001 | delta 0.025
agent reach optimality, start collecting trajectories
agent successfully collected 10 trajectories
pickling optimal trajectories
Model successfully saved
/home/rdali/.local/easybuild/software/2017/Core/miniconda3/4.3.27/envs/observe/lib/python3.6/site-packages/torch/nn/functional.py:1906: UserWarning: reduction: 'mean' divides the total loss by both the batch size and the support size.'batchmean' divides only by the batch size, and aligns with the KL div math definition.'mean' will be changed to behave the same as 'batchmean' in the next major release.
  warnings.warn("reduction: 'mean' divides the total loss by both the batch size and the support size."
