The following modules were not unloaded:
  (Use "module --force purge" to unload all):

  1) StdEnv/2018.3     4) gcccore/.7.3.0      7) intel/2018.3
  2) nixpkgs/16.09     5) icc/.2018.3.222     8) openmpi/3.1.2
  3) imkl/2018.3.222   6) ifort/.2018.3.222

Due to MODULEPATH changes, the following have been reloaded:
  1) openmpi/3.1.2

Attention: While Conda works well in a desktop environment, it tends to create more problems than it solves on a cluster. Instead, we recommend that users use virtual environments and the binary packages that we provide through Python wheels as documented on the Python page.
/home/rdali/RL/watch_and_learn/dependency/rl-starter-files/scripts/train_agent_multidem.py --env MiniGrid-LavaCrossingAddictO8S15-v0 --algo ppo --nameDemonstrator LavaCrossing1508Addict1,LavaCrossing1508Addict2,LavaCrossing1508Addict3,LavaCrossing1508Addict4,LavaCrossing1508Addict10,LavaCrossing1508Addict11,LavaCrossing1508Addict12,LavaCrossing1508Addict13 --flat-model 0 --KLweight 0.1 --useKL 1 --meanReward 0.80 --rewardLB 0.70 --seed 2351

Namespace(KLweight=0.1, algo='ppo', batch_size=256, clip_eps=0.2, discount=0.99, entropy_coef=0.01, env='MiniGrid-LavaCrossingAddictO8S15-v0', epochs=4, flat_model=0, frames=10000000, frames_per_proc=None, full_obs=0, gae_lambda=0.95, log_interval=1, lr=0.0007, max_grad_norm=0.5, meanReward=0.8, mem=False, model=None, nameDemonstrator='LavaCrossing1508Addict1,LavaCrossing1508Addict2,LavaCrossing1508Addict3,LavaCrossing1508Addict4,LavaCrossing1508Addict10,LavaCrossing1508Addict11,LavaCrossing1508Addict12,LavaCrossing1508Addict13', optim_alpha=0.99, optim_eps=1e-05, procs=16, recurrence=1, rewardLB=0.7, save_interval=0, seed=2351, tb=False, text=False, useKL=1, value_loss_coef=0.5)

Flat model successfully created

ACModel(
  (image_conv): Sequential(
    (0): Conv2d(3, 32, kernel_size=(2, 2), stride=(1, 1))
    (1): ReLU()
    (2): MaxPool2d(kernel_size=(2, 2), stride=(2, 2), padding=0, dilation=1, ceil_mode=False)
    (3): Conv2d(32, 64, kernel_size=(2, 2), stride=(1, 1))
    (4): ReLU()
    (5): Conv2d(64, 64, kernel_size=(2, 2), stride=(1, 1))
    (6): ReLU()
  )
  (actor): Sequential(
    (0): Linear(in_features=1600, out_features=64, bias=True)
    (1): Tanh()
    (2): Linear(in_features=64, out_features=3, bias=True)
  )
  (critic): Sequential(
    (0): Linear(in_features=1600, out_features=64, bias=True)
    (1): Tanh()
    (2): Linear(in_features=64, out_features=1, bias=True)
  )
)

CUDA available: False

1
True
0.1
Using TensorFlow backend.
OMP: Info #212: KMP_AFFINITY: decoding x2APIC ids.
OMP: Info #210: KMP_AFFINITY: Affinity capable, using global cpuid leaf 11 info
OMP: Info #154: KMP_AFFINITY: Initial OS proc set respected: 0,1,3,7,34
OMP: Info #156: KMP_AFFINITY: 5 available OS procs
OMP: Info #158: KMP_AFFINITY: Nonuniform topology
OMP: Info #179: KMP_AFFINITY: 2 packages x 3 cores/pkg x 1 threads/core (5 total cores)
OMP: Info #214: KMP_AFFINITY: OS proc to physical thread map:
OMP: Info #171: KMP_AFFINITY: OS proc 0 maps to package 0 core 0 
OMP: Info #171: KMP_AFFINITY: OS proc 34 maps to package 0 core 27 
OMP: Info #171: KMP_AFFINITY: OS proc 1 maps to package 1 core 0 
OMP: Info #171: KMP_AFFINITY: OS proc 7 maps to package 1 core 3 
OMP: Info #171: KMP_AFFINITY: OS proc 3 maps to package 1 core 4 
OMP: Info #250: KMP_AFFINITY: pid 318066 tid 318066 thread 0 bound to OS proc set 0
OMP: Info #250: KMP_AFFINITY: pid 318066 tid 318188 thread 1 bound to OS proc set 1
OMP: Info #250: KMP_AFFINITY: pid 318066 tid 318191 thread 4 bound to OS proc set 3
OMP: Info #250: KMP_AFFINITY: pid 318066 tid 318190 thread 3 bound to OS proc set 7
OMP: Info #250: KMP_AFFINITY: pid 318066 tid 318189 thread 2 bound to OS proc set 34
OMP: Info #250: KMP_AFFINITY: pid 318066 tid 318326 thread 5 bound to OS proc set 0
OMP: Info #250: KMP_AFFINITY: pid 318066 tid 318325 thread 6 bound to OS proc set 1
OMP: Info #250: KMP_AFFINITY: pid 318066 tid 318344 thread 7 bound to OS proc set 34
OMP: Info #250: KMP_AFFINITY: pid 318066 tid 318345 thread 8 bound to OS proc set 7
OMP: Info #250: KMP_AFFINITY: pid 318066 tid 318346 thread 9 bound to OS proc set 3
OMP: Info #250: KMP_AFFINITY: pid 318066 tid 318347 thread 10 bound to OS proc set 0
OMP: Info #250: KMP_AFFINITY: pid 318066 tid 318376 thread 11 bound to OS proc set 1
OMP: Info #250: KMP_AFFINITY: pid 318066 tid 318377 thread 12 bound to OS proc set 34
OMP: Info #250: KMP_AFFINITY: pid 318066 tid 318378 thread 13 bound to OS proc set 7
OMP: Info #250: KMP_AFFINITY: pid 318066 tid 318380 thread 15 bound to OS proc set 0
OMP: Info #250: KMP_AFFINITY: pid 318066 tid 318379 thread 14 bound to OS proc set 3
U 1 | F 002048 | FPS 0027 | D 76 | rR:mu sigma m M 0.00 0.00 0.00 0.00 | F:mu sigma m M 44.1 51.8 0.0 128.0 | H 1.093 | V -0.115 | pL -0.026 | vL 0.002 | delta 0.096
U 2 | F 004096 | FPS 0033 | D 138 | rR:mu sigma m M 0.00 0.00 0.00 0.00 | F:mu sigma m M 114.0 67.9 20.0 237.0 | H 1.090 | V -0.064 | pL -0.021 | vL 0.000 | delta 0.010
U 3 | F 006144 | FPS 0038 | D 193 | rR:mu sigma m M 0.00 0.00 0.00 0.00 | F:mu sigma m M 141.4 85.7 41.0 347.0 | H 1.095 | V -0.049 | pL -0.014 | vL 0.000 | delta 0.006
U 4 | F 008192 | FPS 0030 | D 260 | rR:mu sigma m M 0.00 0.00 0.00 0.00 | F:mu sigma m M 125.0 80.6 20.0 329.0 | H 1.098 | V -0.036 | pL -0.012 | vL 0.000 | delta 0.004
U 5 | F 010240 | FPS 0030 | D 329 | rR:mu sigma m M 0.00 0.00 0.00 0.00 | F:mu sigma m M 122.2 97.6 35.0 452.0 | H 1.098 | V -0.024 | pL -0.008 | vL 0.000 | delta 0.004
U 6 | F 012288 | FPS 0033 | D 392 | rR:mu sigma m M 0.00 0.00 0.00 0.00 | F:mu sigma m M 140.7 138.2 35.0 452.0 | H 1.098 | V -0.019 | pL -0.005 | vL 0.000 | delta 0.002
U 7 | F 014336 | FPS 0029 | D 463 | rR:mu sigma m M 0.00 0.00 0.00 0.00 | F:mu sigma m M 165.4 110.9 35.0 443.0 | H 1.098 | V -0.014 | pL -0.004 | vL 0.000 | delta 0.002
U 8 | F 016384 | FPS 0031 | D 529 | rR:mu sigma m M 0.04 0.17 0.00 0.70 | F:mu sigma m M 230.4 92.6 82.0 450.0 | H 1.094 | V -0.009 | pL -0.005 | vL 0.001 | delta 0.007
U 9 | F 018432 | FPS 0029 | D 599 | rR:mu sigma m M 0.00 0.00 0.00 0.00 | F:mu sigma m M 200.4 123.4 59.0 518.0 | H 1.098 | V -0.007 | pL -0.002 | vL 0.000 | delta 0.001
U 10 | F 020480 | FPS 0029 | D 670 | rR:mu sigma m M 0.00 0.00 0.00 0.00 | F:mu sigma m M 154.8 117.2 13.0 429.0 | H 1.099 | V -0.005 | pL -0.002 | vL 0.000 | delta 0.001
U 11 | F 022528 | FPS 0031 | D 736 | rR:mu sigma m M 0.00 0.00 0.00 0.00 | F:mu sigma m M 166.9 117.5 34.0 468.0 | H 1.099 | V -0.004 | pL -0.001 | vL 0.000 | delta 0.001
U 12 | F 024576 | FPS 0029 | D 806 | rR:mu sigma m M 0.00 0.00 0.00 0.00 | F:mu sigma m M 149.2 114.2 24.0 444.0 | H 1.099 | V -0.003 | pL -0.001 | vL 0.000 | delta 0.001
U 13 | F 026624 | FPS 0027 | D 880 | rR:mu sigma m M 0.00 0.00 0.00 0.00 | F:mu sigma m M 137.8 94.3 24.0 424.0 | H 1.099 | V -0.003 | pL -0.001 | vL 0.000 | delta 0.000
U 14 | F 028672 | FPS 0031 | D 947 | rR:mu sigma m M 0.00 0.00 0.00 0.00 | F:mu sigma m M 167.0 140.9 29.0 544.0 | H 1.099 | V -0.002 | pL -0.001 | vL 0.000 | delta 0.000
U 15 | F 030720 | FPS 0028 | D 1019 | rR:mu sigma m M 0.00 0.00 0.00 0.00 | F:mu sigma m M 194.1 124.3 29.0 544.0 | H 1.099 | V -0.001 | pL -0.000 | vL 0.000 | delta 0.000
U 16 | F 032768 | FPS 0030 | D 1087 | rR:mu sigma m M 0.00 0.00 0.00 0.00 | F:mu sigma m M 204.6 144.3 32.0 661.0 | H 1.099 | V -0.001 | pL -0.000 | vL 0.000 | delta 0.000
U 17 | F 034816 | FPS 0030 | D 1155 | rR:mu sigma m M 0.05 0.19 0.00 0.79 | F:mu sigma m M 214.2 167.2 32.0 661.0 | H 1.096 | V 0.006 | pL -0.007 | vL 0.001 | delta 0.023
U 18 | F 036864 | FPS 0028 | D 1229 | rR:mu sigma m M 0.00 0.00 0.00 0.00 | F:mu sigma m M 199.4 204.8 22.0 900.0 | H 1.096 | V 0.005 | pL 0.002 | vL 0.000 | delta 0.006
U 19 | F 038912 | FPS 0029 | D 1299 | rR:mu sigma m M 0.00 0.00 0.00 0.00 | F:mu sigma m M 201.9 222.8 39.0 900.0 | H 1.098 | V 0.005 | pL 0.001 | vL 0.000 | delta 0.002
U 20 | F 040960 | FPS 0028 | D 1373 | rR:mu sigma m M 0.00 0.00 0.00 0.00 | F:mu sigma m M 198.1 161.7 39.0 586.0 | H 1.098 | V 0.008 | pL 0.002 | vL 0.000 | delta 0.004
U 21 | F 043008 | FPS 0028 | D 1447 | rR:mu sigma m M 0.00 0.00 0.00 0.00 | F:mu sigma m M 161.9 101.6 14.0 377.0 | H 1.098 | V 0.004 | pL 0.001 | vL 0.000 | delta 0.001
U 22 | F 045056 | FPS 0028 | D 1520 | rR:mu sigma m M 0.00 0.00 0.00 0.00 | F:mu sigma m M 148.6 92.0 16.0 377.0 | H 1.099 | V 0.003 | pL 0.001 | vL 0.000 | delta 0.001
U 23 | F 047104 | FPS 0032 | D 1585 | rR:mu sigma m M 0.00 0.00 0.00 0.00 | F:mu sigma m M 189.0 173.0 37.0 589.0 | H 1.099 | V 0.003 | pL 0.000 | vL 0.000 | delta 0.002
U 24 | F 049152 | FPS 0029 | D 1657 | rR:mu sigma m M 0.00 0.00 0.00 0.00 | F:mu sigma m M 117.8 93.4 30.0 384.0 | H 1.099 | V 0.003 | pL 0.001 | vL 0.000 | delta 0.001
U 25 | F 051200 | FPS 0029 | D 1728 | rR:mu sigma m M 0.04 0.17 0.00 0.69 | F:mu sigma m M 165.1 141.6 30.0 588.0 | H 1.098 | V 0.008 | pL -0.005 | vL 0.000 | delta 0.014
U 26 | F 053248 | FPS 0029 | D 1798 | rR:mu sigma m M 0.00 0.00 0.00 0.00 | F:mu sigma m M 149.5 149.2 24.0 663.0 | H 1.098 | V 0.008 | pL 0.002 | vL 0.000 | delta 0.003
U 27 | F 055296 | FPS 0028 | D 1872 | rR:mu sigma m M 0.00 0.00 0.00 0.00 | F:mu sigma m M 124.1 115.4 9.0 419.0 | H 1.098 | V 0.006 | pL 0.003 | vL 0.000 | delta 0.007
U 28 | F 057344 | FPS 0027 | D 1947 | rR:mu sigma m M 0.00 0.00 0.00 0.00 | F:mu sigma m M 191.3 143.0 44.0 593.0 | H 1.099 | V 0.005 | pL 0.002 | vL 0.000 | delta 0.001
U 29 | F 059392 | FPS 0031 | D 2012 | rR:mu sigma m M 0.00 0.00 0.00 0.00 | F:mu sigma m M 128.6 75.2 40.0 263.0 | H 1.099 | V 0.004 | pL 0.001 | vL 0.000 | delta 0.001
U 30 | F 061440 | FPS 0029 | D 2081 | rR:mu sigma m M 0.00 0.00 0.00 0.00 | F:mu sigma m M 128.4 93.4 34.0 348.0 | H 1.099 | V 0.003 | pL 0.001 | vL 0.000 | delta 0.001
U 31 | F 063488 | FPS 0028 | D 2154 | rR:mu sigma m M 0.00 0.00 0.00 0.00 | F:mu sigma m M 134.1 85.5 30.0 325.0 | H 1.099 | V 0.003 | pL 0.001 | vL 0.000 | delta 0.001
U 32 | F 065536 | FPS 0029 | D 2225 | rR:mu sigma m M 0.00 0.00 0.00 0.00 | F:mu sigma m M 180.2 93.4 30.0 382.0 | H 1.099 | V 0.002 | pL 0.001 | vL 0.000 | delta 0.001
U 33 | F 067584 | FPS 0029 | D 2296 | rR:mu sigma m M 0.00 0.00 0.00 0.00 | F:mu sigma m M 136.5 90.2 26.0 382.0 | H 1.099 | V 0.002 | pL 0.001 | vL 0.000 | delta 0.001
U 34 | F 069632 | FPS 0026 | D 2376 | rR:mu sigma m M 0.00 0.00 0.00 0.00 | F:mu sigma m M 180.4 125.3 26.0 422.0 | H 1.099 | V 0.001 | pL 0.000 | vL 0.000 | delta 0.000
U 35 | F 071680 | FPS 0029 | D 2448 | rR:mu sigma m M 0.00 0.00 0.00 0.00 | F:mu sigma m M 207.0 203.2 34.0 891.0 | H 1.099 | V 0.001 | pL 0.000 | vL 0.000 | delta 0.000
U 36 | F 073728 | FPS 0029 | D 2518 | rR:mu sigma m M 0.00 0.00 0.00 0.00 | F:mu sigma m M 187.6 198.0 19.0 891.0 | H 1.099 | V 0.001 | pL 0.000 | vL 0.000 | delta 0.000
U 37 | F 075776 | FPS 0029 | D 2588 | rR:mu sigma m M 0.00 0.00 0.00 0.00 | F:mu sigma m M 165.1 90.3 19.0 341.0 | H 1.099 | V 0.001 | pL 0.000 | vL 0.000 | delta 0.001
U 38 | F 077824 | FPS 0026 | D 2667 | rR:mu sigma m M 0.00 0.00 0.00 0.00 | F:mu sigma m M 187.7 87.4 39.0 341.0 | H 1.099 | V 0.000 | pL -0.000 | vL 0.000 | delta 0.000
U 39 | F 079872 | FPS 0028 | D 2740 | rR:mu sigma m M 0.00 0.00 0.00 0.00 | F:mu sigma m M 181.1 98.8 30.0 340.0 | H 1.099 | V 0.000 | pL 0.000 | vL 0.000 | delta 0.000
U 40 | F 081920 | FPS 0030 | D 2809 | rR:mu sigma m M 0.00 0.00 0.00 0.00 | F:mu sigma m M 168.6 116.8 32.0 363.0 | H 1.099 | V 0.000 | pL 0.000 | vL 0.000 | delta 0.000
U 41 | F 083968 | FPS 0031 | D 2875 | rR:mu sigma m M 0.00 0.00 0.00 0.00 | F:mu sigma m M 147.8 118.8 33.0 397.0 | H 1.099 | V 0.000 | pL 0.000 | vL 0.000 | delta 0.000
U 42 | F 086016 | FPS 0030 | D 2943 | rR:mu sigma m M 0.00 0.00 0.00 0.00 | F:mu sigma m M 205.7 196.8 23.0 787.0 | H 1.099 | V 0.000 | pL 0.000 | vL 0.000 | delta 0.000
U 43 | F 088064 | FPS 0033 | D 3006 | rR:mu sigma m M 0.00 0.00 0.00 0.00 | F:mu sigma m M 210.4 206.5 23.0 900.0 | H 1.099 | V 0.000 | pL 0.000 | vL 0.000 | delta 0.000
U 44 | F 090112 | FPS 0030 | D 3076 | rR:mu sigma m M 0.00 0.00 0.00 0.00 | F:mu sigma m M 191.3 206.1 44.0 900.0 | H 1.099 | V 0.000 | pL 0.000 | vL 0.000 | delta 0.000
U 45 | F 092160 | FPS 0027 | D 3151 | rR:mu sigma m M 0.00 0.00 0.00 0.00 | F:mu sigma m M 209.0 173.5 44.0 688.0 | H 1.099 | V 0.000 | pL 0.000 | vL 0.000 | delta 0.000
U 46 | F 094208 | FPS 0031 | D 3217 | rR:mu sigma m M 0.00 0.00 0.00 0.00 | F:mu sigma m M 234.9 229.6 17.0 688.0 | H 1.099 | V 0.000 | pL 0.000 | vL 0.000 | delta 0.000
U 47 | F 096256 | FPS 0026 | D 3297 | rR:mu sigma m M 0.00 0.00 0.00 0.00 | F:mu sigma m M 139.8 118.0 15.0 474.0 | H 1.099 | V 0.000 | pL 0.000 | vL 0.000 | delta 0.000
U 48 | F 098304 | FPS 0030 | D 3366 | rR:mu sigma m M 0.05 0.20 0.00 0.84 | F:mu sigma m M 160.5 82.3 19.0 319.0 | H 1.095 | V 0.007 | pL -0.007 | vL 0.002 | delta 0.082
U 49 | F 100352 | FPS 0033 | D 3428 | rR:mu sigma m M 0.05 0.20 0.00 0.84 | F:mu sigma m M 207.9 112.4 36.0 407.0 | H 1.099 | V -0.001 | pL -0.000 | vL 0.000 | delta 0.006
U 50 | F 102400 | FPS 0029 | D 3499 | rR:mu sigma m M 0.00 0.00 0.00 0.00 | F:mu sigma m M 158.7 113.9 32.0 386.0 | H 1.099 | V -0.001 | pL -0.000 | vL 0.000 | delta 0.002
U 51 | F 104448 | FPS 0028 | D 3572 | rR:mu sigma m M 0.00 0.00 0.00 0.00 | F:mu sigma m M 113.4 81.5 31.0 285.0 | H 1.099 | V -0.001 | pL -0.000 | vL 0.000 | delta 0.001
U 52 | F 106496 | FPS 0028 | D 3647 | rR:mu sigma m M 0.00 0.00 0.00 0.00 | F:mu sigma m M 147.6 107.6 37.0 423.0 | H 1.099 | V -0.001 | pL -0.000 | vL 0.000 | delta 0.001
U 53 | F 108544 | FPS 0032 | D 3711 | rR:mu sigma m M 0.00 0.00 0.00 0.00 | F:mu sigma m M 218.0 156.1 15.0 527.0 | H 1.099 | V -0.000 | pL -0.000 | vL 0.000 | delta 0.001
U 54 | F 110592 | FPS 0031 | D 3777 | rR:mu sigma m M 0.03 0.13 0.00 0.53 | F:mu sigma m M 200.1 146.4 38.0 527.0 | H 1.096 | V 0.001 | pL -0.004 | vL 0.000 | delta 0.035
U 55 | F 112640 | FPS 0031 | D 3843 | rR:mu sigma m M 0.00 0.00 0.00 0.00 | F:mu sigma m M 172.4 144.9 37.0 656.0 | H 1.098 | V 0.003 | pL 0.001 | vL 0.000 | delta 0.003
U 56 | F 114688 | FPS 0029 | D 3914 | rR:mu sigma m M 0.00 0.00 0.00 0.00 | F:mu sigma m M 93.7 67.7 7.0 285.0 | H 1.098 | V 0.004 | pL 0.001 | vL 0.000 | delta 0.001
U 57 | F 116736 | FPS 0028 | D 3988 | rR:mu sigma m M 0.00 0.00 0.00 0.00 | F:mu sigma m M 103.3 82.2 22.0 272.0 | H 1.099 | V 0.002 | pL 0.001 | vL 0.000 | delta 0.000
U 58 | F 118784 | FPS 0031 | D 4054 | rR:mu sigma m M 0.00 0.00 0.00 0.00 | F:mu sigma m M 159.6 113.2 22.0 462.0 | H 1.099 | V 0.002 | pL 0.001 | vL 0.000 | delta 0.000
U 59 | F 120832 | FPS 0027 | D 4129 | rR:mu sigma m M 0.00 0.00 0.00 0.00 | F:mu sigma m M 189.9 149.8 10.0 519.0 | H 1.099 | V 0.002 | pL 0.001 | vL 0.000 | delta 0.001
U 60 | F 122880 | FPS 0026 | D 4207 | rR:mu sigma m M 0.00 0.00 0.00 0.00 | F:mu sigma m M 156.4 123.1 22.0 519.0 | H 1.099 | V 0.001 | pL 0.001 | vL 0.000 | delta 0.000
U 61 | F 124928 | FPS 0030 | D 4274 | rR:mu sigma m M 0.00 0.00 0.00 0.00 | F:mu sigma m M 164.4 142.0 26.0 515.0 | H 1.098 | V 0.002 | pL 0.000 | vL 0.000 | delta 0.001
U 62 | F 126976 | FPS 0027 | D 4351 | rR:mu sigma m M 0.00 0.00 0.00 0.00 | F:mu sigma m M 150.8 124.3 46.0 515.0 | H 1.099 | V 0.001 | pL 0.000 | vL 0.000 | delta 0.000
U 63 | F 129024 | FPS 0031 | D 4417 | rR:mu sigma m M 0.00 0.00 0.00 0.00 | F:mu sigma m M 151.3 68.3 52.0 295.0 | H 1.099 | V 0.001 | pL 0.000 | vL 0.000 | delta 0.000
U 64 | F 131072 | FPS 0026 | D 4495 | rR:mu sigma m M 0.00 0.00 0.00 0.00 | F:mu sigma m M 187.1 155.3 19.0 620.0 | H 1.099 | V 0.001 | pL 0.000 | vL 0.000 | delta 0.000
U 65 | F 133120 | FPS 0029 | D 4567 | rR:mu sigma m M 0.00 0.00 0.00 0.00 | F:mu sigma m M 139.2 105.7 26.0 444.0 | H 1.099 | V 0.000 | pL 0.000 | vL 0.000 | delta 0.000
U 66 | F 135168 | FPS 0028 | D 4640 | rR:mu sigma m M 0.00 0.00 0.00 0.00 | F:mu sigma m M 140.6 56.6 49.0 249.0 | H 1.099 | V 0.000 | pL 0.000 | vL 0.000 | delta 0.000
U 67 | F 137216 | FPS 0028 | D 4712 | rR:mu sigma m M 0.05 0.19 0.00 0.80 | F:mu sigma m M 155.5 72.6 43.0 331.0 | H 1.095 | V 0.010 | pL -0.006 | vL 0.001 | delta 0.013
U 68 | F 139264 | FPS 0030 | D 4780 | rR:mu sigma m M 0.05 0.19 0.00 0.80 | F:mu sigma m M 138.8 89.3 25.0 349.0 | H 1.098 | V 0.003 | pL -0.001 | vL 0.000 | delta 0.003
U 69 | F 141312 | FPS 0027 | D 4855 | rR:mu sigma m M 0.00 0.00 0.00 0.00 | F:mu sigma m M 142.8 104.4 35.0 450.0 | H 1.098 | V 0.002 | pL 0.001 | vL 0.000 | delta 0.001
U 70 | F 143360 | FPS 0027 | D 4930 | rR:mu sigma m M 0.00 0.00 0.00 0.00 | F:mu sigma m M 174.2 138.6 9.0 450.0 | H 1.099 | V 0.000 | pL -0.000 | vL 0.000 | delta 0.000
U 71 | F 145408 | FPS 0026 | D 5010 | rR:mu sigma m M 0.00 0.00 0.00 0.00 | F:mu sigma m M 171.8 200.7 9.0 866.0 | H 1.098 | V 0.002 | pL 0.000 | vL 0.000 | delta 0.001
U 72 | F 147456 | FPS 0030 | D 5079 | rR:mu sigma m M 0.00 0.00 0.00 0.00 | F:mu sigma m M 172.8 145.5 22.0 570.0 | H 1.097 | V 0.005 | pL -0.002 | vL 0.000 | delta 0.007
U 73 | F 149504 | FPS 0030 | D 5148 | rR:mu sigma m M 0.05 0.18 0.00 0.74 | F:mu sigma m M 161.8 135.3 25.0 447.0 | H 1.096 | V 0.010 | pL -0.002 | vL 0.000 | delta 0.017
U 74 | F 151552 | FPS 0028 | D 5222 | rR:mu sigma m M 0.00 0.00 0.00 0.00 | F:mu sigma m M 188.8 179.3 14.0 668.0 | H 1.096 | V 0.002 | pL -0.000 | vL 0.000 | delta 0.007
U 75 | F 153600 | FPS 0029 | D 5293 | rR:mu sigma m M 0.05 0.21 0.00 0.86 | F:mu sigma m M 163.1 102.8 19.0 371.0 | H 1.097 | V 0.007 | pL -0.004 | vL 0.001 | delta 0.012
U 76 | F 155648 | FPS 0030 | D 5362 | rR:mu sigma m M 0.00 0.00 0.00 0.00 | F:mu sigma m M 162.9 73.2 38.0 294.0 | H 1.098 | V -0.002 | pL -0.001 | vL 0.000 | delta 0.002
U 77 | F 157696 | FPS 0031 | D 5427 | rR:mu sigma m M 0.00 0.00 0.00 0.00 | F:mu sigma m M 175.1 123.3 25.0 494.0 | H 1.099 | V -0.002 | pL -0.001 | vL 0.000 | delta 0.001
U 78 | F 159744 | FPS 0033 | D 5489 | rR:mu sigma m M 0.00 0.00 0.00 0.00 | F:mu sigma m M 137.6 105.5 22.0 346.0 | H 1.099 | V -0.002 | pL -0.000 | vL 0.000 | delta 0.000
U 79 | F 161792 | FPS 0027 | D 5566 | rR:mu sigma m M 0.00 0.00 0.00 0.00 | F:mu sigma m M 112.2 61.8 22.0 259.0 | H 1.098 | V 0.010 | pL -0.001 | vL 0.000 | delta 0.007
U 80 | F 163840 | FPS 0028 | D 5640 | rR:mu sigma m M 0.00 0.00 0.00 0.00 | F:mu sigma m M 182.5 121.9 58.0 481.0 | H 1.097 | V 0.005 | pL 0.003 | vL 0.000 | delta 0.003
U 81 | F 165888 | FPS 0031 | D 5706 | rR:mu sigma m M 0.00 0.00 0.00 0.00 | F:mu sigma m M 156.1 114.0 40.0 481.0 | H 1.098 | V 0.004 | pL 0.001 | vL 0.000 | delta 0.003
U 82 | F 167936 | FPS 0026 | D 5784 | rR:mu sigma m M 0.00 0.00 0.00 0.00 | F:mu sigma m M 175.1 152.2 26.0 568.0 | H 1.098 | V 0.002 | pL 0.001 | vL 0.000 | delta 0.004
U 83 | F 169984 | FPS 0027 | D 5858 | rR:mu sigma m M 0.00 0.00 0.00 0.00 | F:mu sigma m M 146.1 133.4 11.0 565.0 | H 1.099 | V 0.000 | pL 0.000 | vL 0.000 | delta 0.001
U 84 | F 172032 | FPS 0027 | D 5933 | rR:mu sigma m M 0.00 0.00 0.00 0.00 | F:mu sigma m M 147.7 77.0 35.0 327.0 | H 1.099 | V 0.000 | pL -0.000 | vL 0.000 | delta 0.001
U 85 | F 174080 | FPS 0032 | D 5997 | rR:mu sigma m M 0.00 0.00 0.00 0.00 | F:mu sigma m M 163.2 142.0 39.0 615.0 | H 1.099 | V 0.001 | pL 0.000 | vL 0.000 | delta 0.001
U 86 | F 176128 | FPS 0031 | D 6064 | rR:mu sigma m M 0.00 0.00 0.00 0.00 | F:mu sigma m M 132.8 149.9 21.0 770.0 | H 1.099 | V 0.001 | pL -0.000 | vL 0.000 | delta 0.001
U 87 | F 178176 | FPS 0027 | D 6141 | rR:mu sigma m M 0.00 0.00 0.00 0.00 | F:mu sigma m M 136.0 82.9 21.0 364.0 | H 1.098 | V 0.002 | pL 0.000 | vL 0.000 | delta 0.002
U 88 | F 180224 | FPS 0028 | D 6214 | rR:mu sigma m M 0.00 0.00 0.00 0.00 | F:mu sigma m M 145.7 97.4 21.0 354.0 | H 1.099 | V -0.000 | pL 0.000 | vL 0.000 | delta 0.000
U 89 | F 182272 | FPS 0029 | D 6284 | rR:mu sigma m M 0.00 0.00 0.00 0.00 | F:mu sigma m M 158.8 108.1 21.0 354.0 | H 1.099 | V 0.000 | pL -0.000 | vL 0.000 | delta 0.001
U 90 | F 184320 | FPS 0026 | D 6364 | rR:mu sigma m M 0.00 0.00 0.00 0.00 | F:mu sigma m M 178.1 91.6 21.0 354.0 | H 1.099 | V 0.000 | pL -0.000 | vL 0.000 | delta 0.000
U 91 | F 186368 | FPS 0029 | D 6435 | rR:mu sigma m M 0.00 0.00 0.00 0.00 | F:mu sigma m M 220.6 213.0 29.0 673.0 | H 1.098 | V 0.001 | pL 0.000 | vL 0.000 | delta 0.001
U 92 | F 188416 | FPS 0028 | D 6510 | rR:mu sigma m M 0.00 0.00 0.00 0.00 | F:mu sigma m M 214.2 190.8 39.0 622.0 | H 1.099 | V 0.001 | pL 0.000 | vL 0.000 | delta 0.000
U 93 | F 190464 | FPS 0032 | D 6573 | rR:mu sigma m M 0.00 0.00 0.00 0.00 | F:mu sigma m M 177.6 173.8 29.0 779.0 | H 1.099 | V 0.000 | pL 0.000 | vL 0.000 | delta 0.000
U 94 | F 192512 | FPS 0029 | D 6643 | rR:mu sigma m M 0.00 0.00 0.00 0.00 | F:mu sigma m M 176.1 181.5 16.0 779.0 | H 1.099 | V 0.001 | pL 0.000 | vL 0.000 | delta 0.000
U 95 | F 194560 | FPS 0030 | D 6711 | rR:mu sigma m M 0.00 0.00 0.00 0.00 | F:mu sigma m M 198.7 155.6 29.0 521.0 | H 1.099 | V 0.001 | pL 0.000 | vL 0.000 | delta 0.000
U 96 | F 196608 | FPS 0028 | D 6785 | rR:mu sigma m M 0.00 0.00 0.00 0.00 | F:mu sigma m M 178.7 121.1 35.0 506.0 | H 1.099 | V 0.000 | pL 0.000 | vL 0.000 | delta 0.000
U 97 | F 198656 | FPS 0027 | D 6860 | rR:mu sigma m M 0.00 0.00 0.00 0.00 | F:mu sigma m M 157.6 118.8 20.0 396.0 | H 1.099 | V -0.000 | pL -0.000 | vL 0.000 | delta 0.000
U 98 | F 200704 | FPS 0030 | D 6928 | rR:mu sigma m M 0.00 0.00 0.00 0.00 | F:mu sigma m M 161.8 79.8 20.0 314.0 | H 1.099 | V 0.000 | pL 0.000 | vL 0.000 | delta 0.001
U 99 | F 202752 | FPS 0030 | D 6997 | rR:mu sigma m M 0.00 0.00 0.00 0.00 | F:mu sigma m M 176.8 104.5 28.0 453.0 | H 1.099 | V 0.000 | pL 0.000 | vL 0.000 | delta 0.000
U 100 | F 204800 | FPS 0027 | D 7072 | rR:mu sigma m M 0.00 0.00 0.00 0.00 | F:mu sigma m M 157.8 94.3 21.0 402.0 | H 1.099 | V 0.000 | pL 0.000 | vL 0.000 | delta 0.000
U 101 | F 206848 | FPS 0028 | D 7145 | rR:mu sigma m M 0.00 0.00 0.00 0.00 | F:mu sigma m M 165.3 195.7 21.0 848.0 | H 1.099 | V 0.000 | pL 0.000 | vL 0.000 | delta 0.000
U 102 | F 208896 | FPS 0030 | D 7213 | rR:mu sigma m M 0.00 0.00 0.00 0.00 | F:mu sigma m M 141.7 124.4 30.0 490.0 | H 1.099 | V 0.000 | pL 0.000 | vL 0.000 | delta 0.000
U 103 | F 210944 | FPS 0025 | D 7295 | rR:mu sigma m M 0.00 0.00 0.00 0.00 | F:mu sigma m M 167.3 101.2 32.0 347.0 | H 1.099 | V 0.000 | pL 0.000 | vL 0.000 | delta 0.000
U 104 | F 212992 | FPS 0028 | D 7368 | rR:mu sigma m M 0.00 0.00 0.00 0.00 | F:mu sigma m M 208.8 127.2 32.0 505.0 | H 1.099 | V 0.000 | pL 0.000 | vL 0.000 | delta 0.000
U 105 | F 215040 | FPS 0028 | D 7441 | rR:mu sigma m M 0.00 0.00 0.00 0.00 | F:mu sigma m M 240.8 128.2 37.0 505.0 | H 1.099 | V 0.000 | pL 0.000 | vL 0.000 | delta 0.000
U 106 | F 217088 | FPS 0033 | D 7504 | rR:mu sigma m M 0.00 0.00 0.00 0.00 | F:mu sigma m M 214.9 130.1 24.0 446.0 | H 1.099 | V 0.000 | pL 0.000 | vL 0.000 | delta 0.000
U 107 | F 219136 | FPS 0026 | D 7583 | rR:mu sigma m M 0.00 0.00 0.00 0.00 | F:mu sigma m M 150.9 154.9 30.0 652.0 | H 1.099 | V 0.000 | pL 0.000 | vL 0.000 | delta 0.000
U 108 | F 221184 | FPS 0027 | D 7658 | rR:mu sigma m M 0.00 0.00 0.00 0.00 | F:mu sigma m M 185.1 164.4 22.0 652.0 | H 1.099 | V -0.000 | pL -0.000 | vL 0.000 | delta 0.000
U 109 | F 223232 | FPS 0028 | D 7731 | rR:mu sigma m M 0.00 0.00 0.00 0.00 | F:mu sigma m M 130.2 93.6 27.0 375.0 | H 1.099 | V -0.000 | pL -0.000 | vL 0.000 | delta 0.000
U 110 | F 225280 | FPS 0027 | D 7806 | rR:mu sigma m M 0.00 0.00 0.00 0.00 | F:mu sigma m M 186.7 142.3 30.0 519.0 | H 1.099 | V 0.000 | pL -0.000 | vL 0.000 | delta 0.000
U 111 | F 227328 | FPS 0030 | D 7874 | rR:mu sigma m M 0.00 0.00 0.00 0.00 | F:mu sigma m M 193.9 136.6 30.0 519.0 | H 1.099 | V 0.000 | pL 0.000 | vL 0.000 | delta 0.000
U 112 | F 229376 | FPS 0028 | D 7949 | rR:mu sigma m M 0.00 0.00 0.00 0.00 | F:mu sigma m M 177.9 114.8 40.0 432.0 | H 1.099 | V 0.000 | pL 0.000 | vL 0.000 | delta 0.000
U 113 | F 231424 | FPS 0030 | D 8017 | rR:mu sigma m M 0.00 0.00 0.00 0.00 | F:mu sigma m M 144.8 100.4 38.0 386.0 | H 1.099 | V 0.000 | pL 0.000 | vL 0.000 | delta 0.001
U 114 | F 233472 | FPS 0027 | D 8093 | rR:mu sigma m M 0.00 0.00 0.00 0.00 | F:mu sigma m M 143.1 129.9 23.0 543.0 | H 1.099 | V 0.000 | pL 0.000 | vL 0.000 | delta 0.000
U 115 | F 235520 | FPS 0026 | D 8171 | rR:mu sigma m M 0.05 0.20 0.00 0.83 | F:mu sigma m M 143.9 77.5 16.0 279.0 | H 1.097 | V 0.002 | pL -0.007 | vL 0.001 | delta 0.035
U 116 | F 237568 | FPS 0027 | D 8247 | rR:mu sigma m M 0.05 0.20 0.00 0.83 | F:mu sigma m M 122.6 52.6 43.0 241.0 | H 1.098 | V 0.007 | pL 0.002 | vL 0.000 | delta 0.006
U 117 | F 239616 | FPS 0027 | D 8322 | rR:mu sigma m M 0.00 0.00 0.00 0.00 | F:mu sigma m M 126.0 77.6 38.0 311.0 | H 1.099 | V 0.004 | pL 0.001 | vL 0.000 | delta 0.002
U 118 | F 241664 | FPS 0026 | D 8400 | rR:mu sigma m M 0.00 0.00 0.00 0.00 | F:mu sigma m M 168.1 146.7 38.0 464.0 | H 1.099 | V 0.003 | pL 0.001 | vL 0.000 | delta 0.001
U 119 | F 243712 | FPS 0031 | D 8467 | rR:mu sigma m M 0.00 0.00 0.00 0.00 | F:mu sigma m M 174.3 111.5 30.0 413.0 | H 1.099 | V 0.003 | pL 0.001 | vL 0.000 | delta 0.000
U 120 | F 245760 | FPS 0031 | D 8533 | rR:mu sigma m M 0.00 0.00 0.00 0.00 | F:mu sigma m M 169.0 96.2 69.0 439.0 | H 1.099 | V 0.002 | pL 0.001 | vL 0.000 | delta 0.000
U 121 | F 247808 | FPS 0027 | D 8608 | rR:mu sigma m M 0.00 0.00 0.00 0.00 | F:mu sigma m M 166.6 154.5 23.0 612.0 | H 1.099 | V 0.002 | pL 0.000 | vL 0.000 | delta 0.000
U 122 | F 249856 | FPS 0028 | D 8682 | rR:mu sigma m M 0.00 0.00 0.00 0.00 | F:mu sigma m M 139.1 94.7 43.0 409.0 | H 1.099 | V 0.001 | pL 0.001 | vL 0.000 | delta 0.001
U 123 | F 251904 | FPS 0029 | D 8753 | rR:mu sigma m M 0.00 0.00 0.00 0.00 | F:mu sigma m M 168.9 104.2 33.0 413.0 | H 1.099 | V 0.000 | pL -0.000 | vL 0.000 | delta 0.001
U 124 | F 253952 | FPS 0026 | D 8832 | rR:mu sigma m M 0.00 0.00 0.00 0.00 | F:mu sigma m M 184.9 133.6 7.0 512.0 | H 1.099 | V 0.000 | pL -0.000 | vL 0.000 | delta 0.001
U 125 | F 256000 | FPS 0029 | D 8902 | rR:mu sigma m M 0.00 0.00 0.00 0.00 | F:mu sigma m M 126.1 123.3 28.0 512.0 | H 1.099 | V 0.000 | pL -0.000 | vL 0.000 | delta 0.001
U 126 | F 258048 | FPS 0027 | D 8978 | rR:mu sigma m M 0.00 0.00 0.00 0.00 | F:mu sigma m M 160.1 117.8 38.0 513.0 | H 1.099 | V 0.000 | pL 0.000 | vL 0.000 | delta 0.000
U 127 | F 260096 | FPS 0024 | D 9061 | rR:mu sigma m M 0.00 0.00 0.00 0.00 | F:mu sigma m M 179.1 199.3 40.0 716.0 | H 1.099 | V 0.000 | pL 0.000 | vL 0.000 | delta 0.000
U 128 | F 262144 | FPS 0026 | D 9140 | rR:mu sigma m M 0.00 0.00 0.00 0.00 | F:mu sigma m M 215.9 199.5 40.0 716.0 | H 1.099 | V -0.000 | pL -0.000 | vL 0.000 | delta 0.000
U 129 | F 264192 | FPS 0026 | D 9219 | rR:mu sigma m M 0.00 0.00 0.00 0.00 | F:mu sigma m M 180.5 148.8 38.0 636.0 | H 1.099 | V -0.000 | pL -0.000 | vL 0.000 | delta 0.000
U 130 | F 266240 | FPS 0028 | D 9294 | rR:mu sigma m M 0.00 0.00 0.00 0.00 | F:mu sigma m M 202.2 166.9 18.0 636.0 | H 1.099 | V -0.000 | pL 0.000 | vL 0.000 | delta 0.000
U 131 | F 268288 | FPS 0026 | D 9372 | rR:mu sigma m M 0.00 0.00 0.00 0.00 | F:mu sigma m M 179.6 114.2 39.0 502.0 | H 1.099 | V -0.000 | pL 0.000 | vL 0.000 | delta 0.000
U 132 | F 270336 | FPS 0025 | D 9453 | rR:mu sigma m M 0.00 0.00 0.00 0.00 | F:mu sigma m M 164.9 162.5 29.0 692.0 | H 1.099 | V -0.000 | pL -0.000 | vL 0.000 | delta 0.000
U 133 | F 272384 | FPS 0029 | D 9525 | rR:mu sigma m M 0.00 0.00 0.00 0.00 | F:mu sigma m M 175.4 154.9 25.0 692.0 | H 1.099 | V -0.000 | pL -0.000 | vL 0.000 | delta 0.000
U 134 | F 274432 | FPS 0028 | D 9597 | rR:mu sigma m M 0.00 0.00 0.00 0.00 | F:mu sigma m M 161.8 201.2 25.0 900.0 | H 1.099 | V 0.000 | pL 0.000 | vL 0.000 | delta 0.000
U 135 | F 276480 | FPS 0030 | D 9665 | rR:mu sigma m M 0.00 0.00 0.00 0.00 | F:mu sigma m M 205.4 167.0 27.0 591.0 | H 1.099 | V 0.000 | pL 0.000 | vL 0.000 | delta 0.000
U 136 | F 278528 | FPS 0030 | D 9733 | rR:mu sigma m M 0.00 0.00 0.00 0.00 | F:mu sigma m M 110.6 85.0 20.0 296.0 | H 1.099 | V 0.001 | pL -0.000 | vL 0.000 | delta 0.001
U 137 | F 280576 | FPS 0026 | D 9811 | rR:mu sigma m M 0.04 0.14 0.00 0.57 | F:mu sigma m M 161.2 115.6 26.0 432.0 | H 1.098 | V 0.001 | pL -0.001 | vL 0.000 | delta 0.006
U 138 | F 282624 | FPS 0028 | D 9883 | rR:mu sigma m M 0.04 0.17 0.00 0.71 | F:mu sigma m M 212.6 192.8 28.0 900.0 | H 1.096 | V 0.005 | pL -0.006 | vL 0.001 | delta 0.033
U 139 | F 284672 | FPS 0028 | D 9956 | rR:mu sigma m M 0.00 0.00 0.00 0.00 | F:mu sigma m M 124.4 107.4 26.0 408.0 | H 1.094 | V 0.029 | pL 0.004 | vL 0.000 | delta 0.014
U 140 | F 286720 | FPS 0027 | D 10033 | rR:mu sigma m M 0.00 0.00 0.00 0.00 | F:mu sigma m M 154.4 124.0 26.0 511.0 | H 1.096 | V 0.014 | pL 0.006 | vL 0.000 | delta 0.007
U 141 | F 288768 | FPS 0026 | D 10112 | rR:mu sigma m M 0.00 0.00 0.00 0.00 | F:mu sigma m M 125.3 138.8 24.0 619.0 | H 1.098 | V 0.009 | pL 0.002 | vL 0.000 | delta 0.005
U 142 | F 290816 | FPS 0029 | D 10182 | rR:mu sigma m M 0.00 0.00 0.00 0.00 | F:mu sigma m M 198.6 125.4 44.0 491.0 | H 1.099 | V 0.006 | pL 0.002 | vL 0.000 | delta 0.002
U 143 | F 292864 | FPS 0026 | D 10260 | rR:mu sigma m M 0.00 0.00 0.00 0.00 | F:mu sigma m M 129.2 124.0 28.0 491.0 | H 1.099 | V 0.005 | pL 0.001 | vL 0.000 | delta 0.000
U 144 | F 294912 | FPS 0028 | D 10332 | rR:mu sigma m M 0.00 0.00 0.00 0.00 | F:mu sigma m M 153.7 107.3 21.0 412.0 | H 1.099 | V 0.004 | pL 0.001 | vL 0.000 | delta 0.001
U 145 | F 296960 | FPS 0025 | D 10413 | rR:mu sigma m M 0.00 0.00 0.00 0.00 | F:mu sigma m M 248.9 171.2 27.0 626.0 | H 1.099 | V 0.004 | pL 0.001 | vL 0.000 | delta 0.000
U 146 | F 299008 | FPS 0025 | D 10495 | rR:mu sigma m M 0.00 0.00 0.00 0.00 | F:mu sigma m M 126.8 83.9 35.0 355.0 | H 1.099 | V 0.003 | pL 0.001 | vL 0.000 | delta 0.001
U 147 | F 301056 | FPS 0026 | D 10574 | rR:mu sigma m M 0.00 0.00 0.00 0.00 | F:mu sigma m M 117.1 79.4 30.0 357.0 | H 1.099 | V 0.002 | pL 0.001 | vL 0.000 | delta 0.000
U 148 | F 303104 | FPS 0023 | D 10664 | rR:mu sigma m M 0.00 0.00 0.00 0.00 | F:mu sigma m M 109.5 64.0 10.0 267.0 | H 1.098 | V 0.002 | pL 0.000 | vL 0.000 | delta 0.001
U 149 | F 305152 | FPS 0031 | D 10730 | rR:mu sigma m M 0.00 0.00 0.00 0.00 | F:mu sigma m M 185.6 134.1 10.0 461.0 | H 1.098 | V 0.002 | pL 0.001 | vL 0.000 | delta 0.001
U 150 | F 307200 | FPS 0027 | D 10805 | rR:mu sigma m M 0.00 0.00 0.00 0.00 | F:mu sigma m M 241.3 143.4 56.0 467.0 | H 1.099 | V 0.001 | pL 0.000 | vL 0.000 | delta 0.000
U 151 | F 309248 | FPS 0025 | D 10886 | rR:mu sigma m M 0.00 0.00 0.00 0.00 | F:mu sigma m M 201.9 121.7 45.0 467.0 | H 1.099 | V 0.001 | pL 0.000 | vL 0.000 | delta 0.000
U 152 | F 311296 | FPS 0028 | D 10959 | rR:mu sigma m M 0.00 0.00 0.00 0.00 | F:mu sigma m M 222.4 179.1 38.0 630.0 | H 1.099 | V 0.002 | pL -0.000 | vL 0.000 | delta 0.001
U 153 | F 313344 | FPS 0028 | D 11031 | rR:mu sigma m M 0.00 0.00 0.00 0.00 | F:mu sigma m M 129.0 89.6 22.0 364.0 | H 1.099 | V 0.002 | pL 0.001 | vL 0.000 | delta 0.001
U 154 | F 315392 | FPS 0028 | D 11104 | rR:mu sigma m M 0.00 0.00 0.00 0.00 | F:mu sigma m M 241.4 213.5 29.0 823.0 | H 1.099 | V 0.001 | pL 0.000 | vL 0.000 | delta 0.000
U 155 | F 317440 | FPS 0028 | D 11178 | rR:mu sigma m M 0.00 0.00 0.00 0.00 | F:mu sigma m M 113.2 74.9 9.0 245.0 | H 1.098 | V 0.001 | pL 0.001 | vL 0.000 | delta 0.001
U 156 | F 319488 | FPS 0028 | D 11250 | rR:mu sigma m M 0.00 0.00 0.00 0.00 | F:mu sigma m M 100.2 55.6 11.0 215.0 | H 1.099 | V 0.002 | pL -0.000 | vL 0.000 | delta 0.001
U 157 | F 321536 | FPS 0029 | D 11321 | rR:mu sigma m M 0.00 0.00 0.00 0.00 | F:mu sigma m M 144.5 118.7 44.0 512.0 | H 1.098 | V 0.002 | pL 0.001 | vL 0.000 | delta 0.001
U 158 | F 323584 | FPS 0028 | D 11394 | rR:mu sigma m M 0.00 0.00 0.00 0.00 | F:mu sigma m M 176.0 126.0 44.0 512.0 | H 1.099 | V 0.000 | pL 0.000 | vL 0.000 | delta 0.000
U 159 | F 325632 | FPS 0025 | D 11475 | rR:mu sigma m M 0.00 0.00 0.00 0.00 | F:mu sigma m M 228.0 195.4 47.0 872.0 | H 1.099 | V 0.000 | pL 0.000 | vL 0.000 | delta 0.000
U 160 | F 327680 | FPS 0027 | D 11551 | rR:mu sigma m M 0.00 0.00 0.00 0.00 | F:mu sigma m M 153.2 119.0 18.0 406.0 | H 1.099 | V 0.000 | pL 0.000 | vL 0.000 | delta 0.000
U 161 | F 329728 | FPS 0028 | D 11625 | rR:mu sigma m M 0.00 0.00 0.00 0.00 | F:mu sigma m M 155.2 103.0 18.0 355.0 | H 1.099 | V 0.000 | pL 0.000 | vL 0.000 | delta 0.000
U 162 | F 331776 | FPS 0030 | D 11694 | rR:mu sigma m M 0.00 0.00 0.00 0.00 | F:mu sigma m M 238.0 174.3 52.0 634.0 | H 1.099 | V 0.000 | pL 0.000 | vL 0.000 | delta 0.000
U 163 | F 333824 | FPS 0027 | D 11770 | rR:mu sigma m M 0.00 0.00 0.00 0.00 | F:mu sigma m M 207.9 156.6 58.0 634.0 | H 1.099 | V -0.000 | pL -0.000 | vL 0.000 | delta 0.000
U 164 | F 335872 | FPS 0028 | D 11844 | rR:mu sigma m M 0.00 0.00 0.00 0.00 | F:mu sigma m M 196.8 125.6 28.0 475.0 | H 1.099 | V -0.000 | pL -0.000 | vL 0.000 | delta 0.000
U 165 | F 337920 | FPS 0026 | D 11922 | rR:mu sigma m M 0.00 0.00 0.00 0.00 | F:mu sigma m M 187.5 125.7 7.0 475.0 | H 1.099 | V -0.000 | pL -0.000 | vL 0.000 | delta 0.000
U 166 | F 339968 | FPS 0031 | D 11989 | rR:mu sigma m M 0.00 0.00 0.00 0.00 | F:mu sigma m M 153.3 112.9 45.0 524.0 | H 1.099 | V -0.000 | pL -0.000 | vL 0.000 | delta 0.000
U 167 | F 342016 | FPS 0026 | D 12067 | rR:mu sigma m M 0.00 0.00 0.00 0.00 | F:mu sigma m M 181.6 107.8 31.0 411.0 | H 1.099 | V -0.000 | pL -0.000 | vL 0.000 | delta 0.000
U 168 | F 344064 | FPS 0030 | D 12136 | rR:mu sigma m M 0.00 0.00 0.00 0.00 | F:mu sigma m M 174.2 112.8 34.0 491.0 | H 1.099 | V 0.000 | pL 0.000 | vL 0.000 | delta 0.000
U 169 | F 346112 | FPS 0027 | D 12211 | rR:mu sigma m M 0.00 0.00 0.00 0.00 | F:mu sigma m M 100.6 60.3 15.0 201.0 | H 1.099 | V 0.001 | pL 0.000 | vL 0.000 | delta 0.001
U 170 | F 348160 | FPS 0025 | D 12292 | rR:mu sigma m M 0.00 0.00 0.00 0.00 | F:mu sigma m M 136.3 92.9 26.0 329.0 | H 1.099 | V -0.000 | pL -0.000 | vL 0.000 | delta 0.000
U 171 | F 350208 | FPS 0028 | D 12365 | rR:mu sigma m M 0.00 0.00 0.00 0.00 | F:mu sigma m M 134.4 98.9 36.0 378.0 | H 1.099 | V -0.000 | pL -0.000 | vL 0.000 | delta 0.000
U 172 | F 352256 | FPS 0023 | D 12454 | rR:mu sigma m M 0.00 0.00 0.00 0.00 | F:mu sigma m M 135.4 99.5 36.0 378.0 | H 1.099 | V 0.000 | pL 0.000 | vL 0.000 | delta 0.000
U 173 | F 354304 | FPS 0032 | D 12519 | rR:mu sigma m M 0.00 0.00 0.00 0.00 | F:mu sigma m M 143.4 96.2 14.0 361.0 | H 1.099 | V 0.000 | pL 0.000 | vL 0.000 | delta 0.000
U 174 | F 356352 | FPS 0024 | D 12605 | rR:mu sigma m M 0.00 0.00 0.00 0.00 | F:mu sigma m M 142.0 211.3 14.0 900.0 | H 1.099 | V 0.000 | pL 0.000 | vL 0.000 | delta 0.000
U 175 | F 358400 | FPS 0023 | D 12694 | rR:mu sigma m M 0.00 0.00 0.00 0.00 | F:mu sigma m M 166.2 208.7 20.0 900.0 | H 1.099 | V -0.000 | pL -0.000 | vL 0.000 | delta 0.000
U 176 | F 360448 | FPS 0027 | D 12771 | rR:mu sigma m M 0.00 0.00 0.00 0.00 | F:mu sigma m M 230.2 152.8 56.0 640.0 | H 1.099 | V 0.000 | pL -0.000 | vL 0.000 | delta 0.000
U 177 | F 362496 | FPS 0029 | D 12842 | rR:mu sigma m M 0.00 0.00 0.00 0.00 | F:mu sigma m M 226.2 183.8 42.0 640.0 | H 1.099 | V -0.000 | pL 0.000 | vL 0.000 | delta 0.000
U 178 | F 364544 | FPS 0027 | D 12918 | rR:mu sigma m M 0.00 0.00 0.00 0.00 | F:mu sigma m M 223.1 149.4 30.0 562.0 | H 1.099 | V -0.000 | pL -0.000 | vL 0.000 | delta 0.000
U 179 | F 366592 | FPS 0027 | D 12993 | rR:mu sigma m M 0.00 0.00 0.00 0.00 | F:mu sigma m M 198.2 120.7 30.0 424.0 | H 1.099 | V -0.000 | pL -0.000 | vL 0.000 | delta 0.000
U 180 | F 368640 | FPS 0029 | D 13065 | rR:mu sigma m M 0.00 0.00 0.00 0.00 | F:mu sigma m M 194.5 113.3 51.0 435.0 | H 1.099 | V 0.000 | pL -0.000 | vL 0.000 | delta 0.000
U 181 | F 370688 | FPS 0029 | D 13136 | rR:mu sigma m M 0.00 0.00 0.00 0.00 | F:mu sigma m M 155.0 121.8 30.0 435.0 | H 1.099 | V -0.000 | pL 0.000 | vL 0.000 | delta 0.000
U 182 | F 372736 | FPS 0032 | D 13201 | rR:mu sigma m M 0.00 0.00 0.00 0.00 | F:mu sigma m M 188.5 149.6 21.0 483.0 | H 1.099 | V 0.000 | pL 0.000 | vL 0.000 | delta 0.000
U 183 | F 374784 | FPS 0025 | D 13284 | rR:mu sigma m M 0.00 0.00 0.00 0.00 | F:mu sigma m M 160.6 115.0 40.0 394.0 | H 1.099 | V -0.000 | pL 0.000 | vL 0.000 | delta 0.000
U 184 | F 376832 | FPS 0027 | D 13360 | rR:mu sigma m M 0.00 0.00 0.00 0.00 | F:mu sigma m M 132.1 106.1 22.0 362.0 | H 1.099 | V -0.000 | pL 0.000 | vL 0.000 | delta 0.000
U 185 | F 378880 | FPS 0027 | D 13437 | rR:mu sigma m M 0.00 0.00 0.00 0.00 | F:mu sigma m M 166.9 158.9 22.0 579.0 | H 1.099 | V 0.000 | pL 0.000 | vL 0.000 | delta 0.000
U 186 | F 380928 | FPS 0027 | D 13513 | rR:mu sigma m M 0.00 0.00 0.00 0.00 | F:mu sigma m M 154.2 87.6 40.0 330.0 | H 1.099 | V 0.000 | pL 0.000 | vL 0.000 | delta 0.001
U 187 | F 382976 | FPS 0028 | D 13585 | rR:mu sigma m M 0.00 0.00 0.00 0.00 | F:mu sigma m M 146.8 136.3 13.0 635.0 | H 1.099 | V -0.000 | pL -0.000 | vL 0.000 | delta 0.000
U 188 | F 385024 | FPS 0027 | D 13660 | rR:mu sigma m M 0.00 0.00 0.00 0.00 | F:mu sigma m M 142.7 122.7 13.0 433.0 | H 1.099 | V -0.000 | pL -0.000 | vL 0.000 | delta 0.000
U 189 | F 387072 | FPS 0027 | D 13735 | rR:mu sigma m M 0.00 0.00 0.00 0.00 | F:mu sigma m M 217.1 165.7 68.0 693.0 | H 1.099 | V -0.000 | pL -0.000 | vL 0.000 | delta 0.000
U 190 | F 389120 | FPS 0030 | D 13803 | rR:mu sigma m M 0.00 0.00 0.00 0.00 | F:mu sigma m M 178.2 97.7 44.0 390.0 | H 1.099 | V -0.000 | pL -0.000 | vL 0.000 | delta 0.000
U 191 | F 391168 | FPS 0026 | D 13881 | rR:mu sigma m M 0.00 0.00 0.00 0.00 | F:mu sigma m M 178.1 132.8 44.0 549.0 | H 1.099 | V -0.000 | pL -0.000 | vL 0.000 | delta 0.000
U 192 | F 393216 | FPS 0024 | D 13965 | rR:mu sigma m M 0.00 0.00 0.00 0.00 | F:mu sigma m M 182.9 105.9 40.0 398.0 | H 1.099 | V -0.000 | pL -0.000 | vL 0.000 | delta 0.000
U 193 | F 395264 | FPS 0028 | D 14037 | rR:mu sigma m M 0.00 0.00 0.00 0.00 | F:mu sigma m M 193.9 131.6 40.0 564.0 | H 1.099 | V -0.000 | pL 0.000 | vL 0.000 | delta 0.000
U 194 | F 397312 | FPS 0025 | D 14118 | rR:mu sigma m M 0.00 0.00 0.00 0.00 | F:mu sigma m M 196.9 128.1 47.0 564.0 | H 1.099 | V 0.000 | pL 0.000 | vL 0.000 | delta 0.000
U 195 | F 399360 | FPS 0031 | D 14185 | rR:mu sigma m M 0.00 0.00 0.00 0.00 | F:mu sigma m M 240.7 191.4 32.0 694.0 | H 1.099 | V 0.000 | pL 0.000 | vL 0.000 | delta 0.001
U 196 | F 401408 | FPS 0028 | D 14258 | rR:mu sigma m M 0.00 0.00 0.00 0.00 | F:mu sigma m M 217.9 159.7 25.0 529.0 | H 1.099 | V 0.000 | pL 0.000 | vL 0.000 | delta 0.001
U 197 | F 403456 | FPS 0030 | D 14326 | rR:mu sigma m M 0.00 0.00 0.00 0.00 | F:mu sigma m M 192.4 131.7 46.0 529.0 | H 1.099 | V 0.001 | pL 0.000 | vL 0.000 | delta 0.000
U 198 | F 405504 | FPS 0030 | D 14395 | rR:mu sigma m M 0.00 0.00 0.00 0.00 | F:mu sigma m M 177.3 100.5 54.0 419.0 | H 1.099 | V 0.001 | pL 0.000 | vL 0.000 | delta 0.000
U 199 | F 407552 | FPS 0026 | D 14474 | rR:mu sigma m M 0.00 0.00 0.00 0.00 | F:mu sigma m M 148.4 75.9 34.0 317.0 | H 1.099 | V 0.000 | pL 0.000 | vL 0.000 | delta 0.000
U 200 | F 409600 | FPS 0029 | D 14545 | rR:mu sigma m M 0.05 0.19 0.00 0.77 | F:mu sigma m M 122.9 79.1 24.0 318.0 | H 1.097 | V 0.006 | pL -0.006 | vL 0.001 | delta 0.017
U 201 | F 411648 | FPS 0029 | D 14616 | rR:mu sigma m M 0.05 0.19 0.00 0.77 | F:mu sigma m M 145.5 85.9 24.0 318.0 | H 1.098 | V 0.008 | pL 0.002 | vL 0.000 | delta 0.004
U 202 | F 413696 | FPS 0026 | D 14696 | rR:mu sigma m M 0.00 0.00 0.00 0.00 | F:mu sigma m M 137.3 126.7 20.0 532.0 | H 1.099 | V 0.006 | pL 0.002 | vL 0.000 | delta 0.001
U 203 | F 415744 | FPS 0027 | D 14771 | rR:mu sigma m M 0.00 0.00 0.00 0.00 | F:mu sigma m M 263.8 297.7 18.0 900.0 | H 1.098 | V 0.004 | pL 0.001 | vL 0.000 | delta 0.001
U 204 | F 417792 | FPS 0030 | D 14840 | rR:mu sigma m M 0.00 0.00 0.00 0.00 | F:mu sigma m M 317.2 278.8 33.0 900.0 | H 1.099 | V 0.004 | pL 0.001 | vL 0.000 | delta 0.000
U 205 | F 419840 | FPS 0027 | D 14915 | rR:mu sigma m M 0.00 0.00 0.00 0.00 | F:mu sigma m M 213.6 143.6 33.0 548.0 | H 1.099 | V 0.003 | pL 0.001 | vL 0.000 | delta 0.001
U 206 | F 421888 | FPS 0027 | D 14992 | rR:mu sigma m M 0.00 0.00 0.00 0.00 | F:mu sigma m M 199.5 135.3 28.0 418.0 | H 1.099 | V 0.002 | pL 0.001 | vL 0.000 | delta 0.000
U 207 | F 423936 | FPS 0028 | D 15065 | rR:mu sigma m M 0.00 0.00 0.00 0.00 | F:mu sigma m M 202.9 136.7 19.0 599.0 | H 1.099 | V 0.001 | pL 0.000 | vL 0.000 | delta 0.001
U 208 | F 425984 | FPS 0027 | D 15141 | rR:mu sigma m M 0.00 0.00 0.00 0.00 | F:mu sigma m M 167.9 141.2 19.0 579.0 | H 1.099 | V 0.001 | pL 0.000 | vL 0.000 | delta 0.000
U 209 | F 428032 | FPS 0027 | D 15217 | rR:mu sigma m M 0.00 0.00 0.00 0.00 | F:mu sigma m M 132.6 64.9 42.0 235.0 | H 1.099 | V 0.001 | pL 0.000 | vL 0.000 | delta 0.000
U 210 | F 430080 | FPS 0028 | D 15291 | rR:mu sigma m M 0.00 0.00 0.00 0.00 | F:mu sigma m M 172.3 159.7 54.0 722.0 | H 1.098 | V 0.002 | pL 0.000 | vL 0.000 | delta 0.002
U 211 | F 432128 | FPS 0028 | D 15364 | rR:mu sigma m M 0.00 0.00 0.00 0.00 | F:mu sigma m M 155.4 158.0 19.0 722.0 | H 1.098 | V 0.003 | pL 0.000 | vL 0.000 | delta 0.001
U 212 | F 434176 | FPS 0032 | D 15428 | rR:mu sigma m M 0.03 0.13 0.00 0.57 | F:mu sigma m M 163.8 130.0 9.0 460.0 | H 1.096 | V 0.002 | pL -0.003 | vL 0.000 | delta 0.010
U 213 | F 436224 | FPS 0022 | D 15521 | rR:mu sigma m M 0.00 0.00 0.00 0.00 | F:mu sigma m M 122.9 108.2 47.0 508.0 | H 1.099 | V 0.003 | pL 0.001 | vL 0.000 | delta 0.001
U 214 | F 438272 | FPS 0024 | D 15605 | rR:mu sigma m M 0.05 0.18 0.00 0.78 | F:mu sigma m M 131.4 87.7 15.0 348.0 | H 1.096 | V 0.009 | pL -0.006 | vL 0.001 | delta 0.016
U 215 | F 440320 | FPS 0028 | D 15678 | rR:mu sigma m M 0.05 0.19 0.00 0.78 | F:mu sigma m M 149.8 112.1 15.0 465.0 | H 1.099 | V 0.009 | pL 0.002 | vL 0.000 | delta 0.002
U 216 | F 442368 | FPS 0025 | D 15759 | rR:mu sigma m M 0.00 0.00 0.00 0.00 | F:mu sigma m M 117.7 80.8 24.0 284.0 | H 1.098 | V 0.010 | pL 0.002 | vL 0.000 | delta 0.011
U 217 | F 444416 | FPS 0033 | D 15821 | rR:mu sigma m M 0.04 0.15 0.00 0.61 | F:mu sigma m M 168.5 139.3 24.0 489.0 | H 1.098 | V 0.015 | pL -0.001 | vL 0.000 | delta 0.012
U 218 | F 446464 | FPS 0026 | D 15900 | rR:mu sigma m M 0.00 0.00 0.00 0.00 | F:mu sigma m M 239.4 165.3 47.0 657.0 | H 1.096 | V 0.011 | pL -0.001 | vL 0.000 | delta 0.005
U 219 | F 448512 | FPS 0029 | D 15970 | rR:mu sigma m M 0.00 0.00 0.00 0.00 | F:mu sigma m M 207.9 154.5 49.0 657.0 | H 1.097 | V 0.014 | pL 0.005 | vL 0.000 | delta 0.009
U 220 | F 450560 | FPS 0030 | D 16038 | rR:mu sigma m M 0.05 0.19 0.00 0.77 | F:mu sigma m M 190.4 116.1 49.0 477.0 | H 1.095 | V 0.013 | pL -0.003 | vL 0.001 | delta 0.015
U 221 | F 452608 | FPS 0028 | D 16112 | rR:mu sigma m M 0.05 0.19 0.00 0.77 | F:mu sigma m M 189.3 85.5 62.0 409.0 | H 1.099 | V 0.012 | pL 0.003 | vL 0.000 | delta 0.004
U 222 | F 454656 | FPS 0027 | D 16188 | rR:mu sigma m M 0.00 0.00 0.00 0.00 | F:mu sigma m M 148.4 80.1 27.0 264.0 | H 1.098 | V 0.011 | pL 0.003 | vL 0.000 | delta 0.002
U 223 | F 456704 | FPS 0028 | D 16261 | rR:mu sigma m M 0.00 0.00 0.00 0.00 | F:mu sigma m M 234.1 221.8 13.0 863.0 | H 1.098 | V 0.009 | pL 0.002 | vL 0.000 | delta 0.001
U 224 | F 458752 | FPS 0027 | D 16338 | rR:mu sigma m M 0.00 0.00 0.00 0.00 | F:mu sigma m M 190.7 145.9 25.0 629.0 | H 1.098 | V 0.007 | pL 0.002 | vL 0.000 | delta 0.002
U 225 | F 460800 | FPS 0025 | D 16420 | rR:mu sigma m M 0.00 0.00 0.00 0.00 | F:mu sigma m M 113.0 69.5 24.0 288.0 | H 1.099 | V 0.006 | pL 0.002 | vL 0.000 | delta 0.001
U 226 | F 462848 | FPS 0025 | D 16501 | rR:mu sigma m M 0.04 0.17 0.00 0.71 | F:mu sigma m M 203.0 181.8 12.0 796.0 | H 1.095 | V 0.012 | pL -0.004 | vL 0.001 | delta 0.017
U 227 | F 464896 | FPS 0027 | D 16576 | rR:mu sigma m M 0.04 0.17 0.00 0.71 | F:mu sigma m M 162.4 100.8 12.0 378.0 | H 1.098 | V 0.005 | pL 0.001 | vL 0.000 | delta 0.002
U 228 | F 466944 | FPS 0027 | D 16654 | rR:mu sigma m M 0.00 0.00 0.00 0.00 | F:mu sigma m M 171.2 142.2 32.0 595.0 | H 1.098 | V 0.005 | pL 0.001 | vL 0.000 | delta 0.001
U 229 | F 468992 | FPS 0025 | D 16736 | rR:mu sigma m M 0.00 0.00 0.00 0.00 | F:mu sigma m M 164.2 107.6 32.0 415.0 | H 1.098 | V 0.007 | pL 0.002 | vL 0.000 | delta 0.006
U 230 | F 471040 | FPS 0033 | D 16799 | rR:mu sigma m M 0.00 0.00 0.00 0.00 | F:mu sigma m M 172.7 176.8 27.0 778.0 | H 1.098 | V 0.002 | pL 0.001 | vL 0.000 | delta 0.001
U 231 | F 473088 | FPS 0028 | D 16871 | rR:mu sigma m M 0.00 0.00 0.00 0.00 | F:mu sigma m M 202.2 186.6 27.0 608.0 | H 1.098 | V 0.001 | pL 0.000 | vL 0.000 | delta 0.002
U 232 | F 475136 | FPS 0029 | D 16941 | rR:mu sigma m M 0.00 0.00 0.00 0.00 | F:mu sigma m M 231.4 148.6 34.0 579.0 | H 1.099 | V 0.001 | pL 0.000 | vL 0.000 | delta 0.002
U 233 | F 477184 | FPS 0027 | D 17015 | rR:mu sigma m M 0.00 0.00 0.00 0.00 | F:mu sigma m M 195.3 112.7 27.0 413.0 | H 1.099 | V -0.000 | pL -0.000 | vL 0.000 | delta 0.000
U 234 | F 479232 | FPS 0027 | D 17091 | rR:mu sigma m M 0.00 0.00 0.00 0.00 | F:mu sigma m M 160.7 140.8 7.0 514.0 | H 1.099 | V -0.000 | pL -0.000 | vL 0.000 | delta 0.001
U 235 | F 481280 | FPS 0031 | D 17156 | rR:mu sigma m M 0.00 0.00 0.00 0.00 | F:mu sigma m M 131.6 106.5 7.0 461.0 | H 1.099 | V -0.000 | pL -0.000 | vL 0.000 | delta 0.000
U 236 | F 483328 | FPS 0026 | D 17236 | rR:mu sigma m M 0.00 0.00 0.00 0.00 | F:mu sigma m M 205.9 126.1 51.0 473.0 | H 1.099 | V 0.000 | pL -0.000 | vL 0.000 | delta 0.000
U 237 | F 485376 | FPS 0023 | D 17324 | rR:mu sigma m M 0.00 0.00 0.00 0.00 | F:mu sigma m M 139.5 86.7 51.0 419.0 | H 1.099 | V 0.000 | pL 0.000 | vL 0.000 | delta 0.000
U 238 | F 487424 | FPS 0031 | D 17391 | rR:mu sigma m M 0.00 0.00 0.00 0.00 | F:mu sigma m M 138.8 93.7 24.0 316.0 | H 1.099 | V -0.000 | pL 0.000 | vL 0.000 | delta 0.001
U 239 | F 489472 | FPS 0028 | D 17466 | rR:mu sigma m M 0.00 0.00 0.00 0.00 | F:mu sigma m M 155.4 109.8 19.0 424.0 | H 1.098 | V 0.001 | pL 0.000 | vL 0.000 | delta 0.003
U 240 | F 491520 | FPS 0028 | D 17540 | rR:mu sigma m M 0.00 0.00 0.00 0.00 | F:mu sigma m M 152.9 151.0 13.0 569.0 | H 1.099 | V 0.001 | pL 0.000 | vL 0.000 | delta 0.000
U 241 | F 493568 | FPS 0029 | D 17611 | rR:mu sigma m M 0.00 0.00 0.00 0.00 | F:mu sigma m M 197.2 205.2 24.0 900.0 | H 1.099 | V 0.001 | pL 0.000 | vL 0.000 | delta 0.001
U 242 | F 495616 | FPS 0028 | D 17684 | rR:mu sigma m M 0.00 0.00 0.00 0.00 | F:mu sigma m M 170.4 199.3 28.0 900.0 | H 1.099 | V 0.000 | pL 0.000 | vL 0.000 | delta 0.000
U 243 | F 497664 | FPS 0025 | D 17765 | rR:mu sigma m M 0.00 0.00 0.00 0.00 | F:mu sigma m M 164.1 108.8 19.0 432.0 | H 1.099 | V 0.001 | pL 0.000 | vL 0.000 | delta 0.000
U 244 | F 499712 | FPS 0032 | D 17829 | rR:mu sigma m M 0.00 0.00 0.00 0.00 | F:mu sigma m M 138.4 115.4 29.0 485.0 | H 1.099 | V 0.000 | pL 0.000 | vL 0.000 | delta 0.001
U 245 | F 501760 | FPS 0026 | D 17907 | rR:mu sigma m M 0.00 0.00 0.00 0.00 | F:mu sigma m M 223.9 149.3 29.0 515.0 | H 1.099 | V 0.000 | pL 0.000 | vL 0.000 | delta 0.000
U 246 | F 503808 | FPS 0025 | D 17988 | rR:mu sigma m M 0.00 0.00 0.00 0.00 | F:mu sigma m M 175.1 138.3 26.0 515.0 | H 1.099 | V 0.000 | pL -0.000 | vL 0.000 | delta 0.001
U 247 | F 505856 | FPS 0027 | D 18064 | rR:mu sigma m M 0.00 0.00 0.00 0.00 | F:mu sigma m M 151.3 123.6 13.0 486.0 | H 1.099 | V -0.000 | pL -0.000 | vL 0.000 | delta 0.001
U 248 | F 507904 | FPS 0029 | D 18133 | rR:mu sigma m M 0.00 0.00 0.00 0.00 | F:mu sigma m M 148.4 105.4 13.0 421.0 | H 1.099 | V 0.000 | pL -0.000 | vL 0.000 | delta 0.001
U 249 | F 509952 | FPS 0023 | D 18222 | rR:mu sigma m M 0.00 0.00 0.00 0.00 | F:mu sigma m M 167.6 155.1 15.0 586.0 | H 1.099 | V 0.000 | pL 0.000 | vL 0.000 | delta 0.001
U 250 | F 512000 | FPS 0029 | D 18293 | rR:mu sigma m M 0.00 0.00 0.00 0.00 | F:mu sigma m M 198.6 219.1 23.0 900.0 | H 1.099 | V -0.000 | pL -0.000 | vL 0.000 | delta 0.000
U 251 | F 514048 | FPS 0026 | D 18370 | rR:mu sigma m M 0.00 0.00 0.00 0.00 | F:mu sigma m M 153.0 202.6 23.0 900.0 | H 1.099 | V 0.000 | pL -0.000 | vL 0.000 | delta 0.001
U 252 | F 516096 | FPS 0026 | D 18450 | rR:mu sigma m M 0.00 0.00 0.00 0.00 | F:mu sigma m M 205.7 159.0 40.0 624.0 | H 1.099 | V -0.000 | pL 0.000 | vL 0.000 | delta 0.000
U 253 | F 518144 | FPS 0026 | D 18529 | rR:mu sigma m M 0.00 0.00 0.00 0.00 | F:mu sigma m M 189.6 122.3 40.0 447.0 | H 1.099 | V -0.000 | pL -0.000 | vL 0.000 | delta 0.000
U 254 | F 520192 | FPS 0026 | D 18607 | rR:mu sigma m M 0.00 0.00 0.00 0.00 | F:mu sigma m M 194.1 115.0 47.0 447.0 | H 1.099 | V 0.000 | pL 0.000 | vL 0.000 | delta 0.000
U 255 | F 522240 | FPS 0025 | D 18688 | rR:mu sigma m M 0.00 0.00 0.00 0.00 | F:mu sigma m M 165.9 114.2 44.0 503.0 | H 1.099 | V 0.000 | pL -0.000 | vL 0.000 | delta 0.000
U 256 | F 524288 | FPS 0032 | D 18753 | rR:mu sigma m M 0.00 0.00 0.00 0.00 | F:mu sigma m M 198.1 223.5 12.0 900.0 | H 1.099 | V -0.000 | pL -0.000 | vL 0.000 | delta 0.000
U 257 | F 526336 | FPS 0026 | D 18831 | rR:mu sigma m M 0.00 0.00 0.00 0.00 | F:mu sigma m M 151.2 141.1 12.0 503.0 | H 1.099 | V 0.000 | pL -0.000 | vL 0.000 | delta 0.000
U 258 | F 528384 | FPS 0026 | D 18909 | rR:mu sigma m M 0.00 0.00 0.00 0.00 | F:mu sigma m M 173.1 133.7 21.0 503.0 | H 1.099 | V 0.000 | pL 0.000 | vL 0.000 | delta 0.000
U 259 | F 530432 | FPS 0025 | D 18990 | rR:mu sigma m M 0.00 0.00 0.00 0.00 | F:mu sigma m M 180.6 111.8 18.0 344.0 | H 1.099 | V -0.000 | pL 0.000 | vL 0.000 | delta 0.000
U 260 | F 532480 | FPS 0027 | D 19065 | rR:mu sigma m M 0.00 0.00 0.00 0.00 | F:mu sigma m M 136.6 121.8 27.0 417.0 | H 1.098 | V 0.001 | pL -0.001 | vL 0.000 | delta 0.001
U 261 | F 534528 | FPS 0027 | D 19142 | rR:mu sigma m M 0.00 0.00 0.00 0.00 | F:mu sigma m M 162.2 105.0 30.0 473.0 | H 1.099 | V -0.000 | pL -0.000 | vL 0.000 | delta 0.001
U 262 | F 536576 | FPS 0028 | D 19215 | rR:mu sigma m M 0.00 0.00 0.00 0.00 | F:mu sigma m M 108.1 44.2 46.0 213.0 | H 1.099 | V -0.000 | pL -0.000 | vL 0.000 | delta 0.001
U 263 | F 538624 | FPS 0029 | D 19286 | rR:mu sigma m M 0.00 0.00 0.00 0.00 | F:mu sigma m M 198.4 141.7 25.0 454.0 | H 1.099 | V -0.000 | pL -0.000 | vL 0.000 | delta 0.001
U 264 | F 540672 | FPS 0029 | D 19356 | rR:mu sigma m M 0.00 0.00 0.00 0.00 | F:mu sigma m M 186.1 149.4 47.0 595.0 | H 1.098 | V 0.001 | pL -0.001 | vL 0.000 | delta 0.001
U 265 | F 542720 | FPS 0029 | D 19427 | rR:mu sigma m M 0.00 0.00 0.00 0.00 | F:mu sigma m M 121.4 73.8 47.0 294.0 | H 1.099 | V 0.001 | pL 0.001 | vL 0.000 | delta 0.001
U 266 | F 544768 | FPS 0028 | D 19502 | rR:mu sigma m M 0.00 0.00 0.00 0.00 | F:mu sigma m M 181.8 104.9 39.0 504.0 | H 1.099 | V 0.002 | pL 0.000 | vL 0.000 | delta 0.000
U 267 | F 546816 | FPS 0027 | D 19579 | rR:mu sigma m M 0.00 0.00 0.00 0.00 | F:mu sigma m M 161.2 87.8 28.0 384.0 | H 1.099 | V 0.001 | pL 0.000 | vL 0.000 | delta 0.000
U 268 | F 548864 | FPS 0025 | D 19662 | rR:mu sigma m M 0.00 0.00 0.00 0.00 | F:mu sigma m M 98.9 73.1 23.0 280.0 | H 1.099 | V 0.001 | pL 0.000 | vL 0.000 | delta 0.000
U 269 | F 550912 | FPS 0027 | D 19737 | rR:mu sigma m M 0.00 0.00 0.00 0.00 | F:mu sigma m M 167.2 122.0 42.0 421.0 | H 1.099 | V 0.000 | pL 0.000 | vL 0.000 | delta 0.000
U 270 | F 552960 | FPS 0029 | D 19807 | rR:mu sigma m M 0.00 0.00 0.00 0.00 | F:mu sigma m M 161.5 121.5 35.0 421.0 | H 1.099 | V 0.000 | pL 0.000 | vL 0.000 | delta 0.000
U 271 | F 555008 | FPS 0031 | D 19874 | rR:mu sigma m M 0.00 0.00 0.00 0.00 | F:mu sigma m M 155.8 91.2 28.0 321.0 | H 1.099 | V 0.000 | pL 0.000 | vL 0.000 | delta 0.000
U 272 | F 557056 | FPS 0025 | D 19955 | rR:mu sigma m M 0.00 0.00 0.00 0.00 | F:mu sigma m M 202.8 146.9 35.0 614.0 | H 1.099 | V 0.000 | pL 0.000 | vL 0.000 | delta 0.000
U 273 | F 559104 | FPS 0026 | D 20035 | rR:mu sigma m M 0.00 0.00 0.00 0.00 | F:mu sigma m M 145.9 132.2 22.0 502.0 | H 1.099 | V 0.000 | pL 0.000 | vL 0.000 | delta 0.000
U 274 | F 561152 | FPS 0027 | D 20111 | rR:mu sigma m M 0.00 0.00 0.00 0.00 | F:mu sigma m M 138.1 118.6 24.0 502.0 | H 1.099 | V 0.000 | pL 0.000 | vL 0.000 | delta 0.000
U 275 | F 563200 | FPS 0029 | D 20182 | rR:mu sigma m M 0.00 0.00 0.00 0.00 | F:mu sigma m M 141.1 101.5 24.0 400.0 | H 1.099 | V 0.000 | pL 0.000 | vL 0.000 | delta 0.000
U 276 | F 565248 | FPS 0027 | D 20257 | rR:mu sigma m M 0.00 0.00 0.00 0.00 | F:mu sigma m M 182.1 165.3 19.0 673.0 | H 1.099 | V 0.000 | pL 0.000 | vL 0.000 | delta 0.000
U 277 | F 567296 | FPS 0029 | D 20329 | rR:mu sigma m M 0.00 0.00 0.00 0.00 | F:mu sigma m M 175.1 205.8 19.0 855.0 | H 1.099 | V 0.000 | pL 0.000 | vL 0.000 | delta 0.000
U 278 | F 569344 | FPS 0025 | D 20411 | rR:mu sigma m M 0.00 0.00 0.00 0.00 | F:mu sigma m M 189.7 191.0 23.0 855.0 | H 1.099 | V 0.000 | pL -0.000 | vL 0.000 | delta 0.000
U 279 | F 571392 | FPS 0026 | D 20491 | rR:mu sigma m M 0.00 0.00 0.00 0.00 | F:mu sigma m M 148.8 114.3 23.0 473.0 | H 1.099 | V -0.000 | pL 0.000 | vL 0.000 | delta 0.000
U 280 | F 573440 | FPS 0028 | D 20564 | rR:mu sigma m M 0.00 0.00 0.00 0.00 | F:mu sigma m M 183.1 127.5 35.0 526.0 | H 1.099 | V -0.000 | pL -0.000 | vL 0.000 | delta 0.000
U 281 | F 575488 | FPS 0028 | D 20638 | rR:mu sigma m M 0.00 0.00 0.00 0.00 | F:mu sigma m M 150.2 109.8 35.0 394.0 | H 1.098 | V 0.001 | pL -0.000 | vL 0.000 | delta 0.001
U 282 | F 577536 | FPS 0026 | D 20716 | rR:mu sigma m M 0.00 0.00 0.00 0.00 | F:mu sigma m M 179.3 131.1 30.0 530.0 | H 1.099 | V 0.000 | pL 0.000 | vL 0.000 | delta 0.000
U 283 | F 579584 | FPS 0027 | D 20793 | rR:mu sigma m M 0.00 0.00 0.00 0.00 | F:mu sigma m M 171.7 145.0 11.0 530.0 | H 1.099 | V 0.000 | pL 0.000 | vL 0.000 | delta 0.000
U 284 | F 581632 | FPS 0025 | D 20875 | rR:mu sigma m M 0.00 0.00 0.00 0.00 | F:mu sigma m M 149.2 102.3 20.0 356.0 | H 1.099 | V 0.000 | pL -0.000 | vL 0.000 | delta 0.000
U 285 | F 583680 | FPS 0028 | D 20948 | rR:mu sigma m M 0.00 0.00 0.00 0.00 | F:mu sigma m M 158.9 112.1 18.0 435.0 | H 1.099 | V 0.001 | pL 0.000 | vL 0.000 | delta 0.001
U 286 | F 585728 | FPS 0026 | D 21027 | rR:mu sigma m M 0.00 0.00 0.00 0.00 | F:mu sigma m M 148.9 99.4 33.0 367.0 | H 1.098 | V 0.002 | pL 0.000 | vL 0.000 | delta 0.002
U 287 | F 587776 | FPS 0031 | D 21094 | rR:mu sigma m M 0.03 0.13 0.00 0.55 | F:mu sigma m M 223.4 197.4 24.0 733.0 | H 1.097 | V 0.004 | pL -0.003 | vL 0.000 | delta 0.028
U 288 | F 589824 | FPS 0027 | D 21169 | rR:mu sigma m M 0.00 0.00 0.00 0.00 | F:mu sigma m M 225.9 252.8 24.0 900.0 | H 1.098 | V 0.001 | pL -0.000 | vL 0.000 | delta 0.003
U 289 | F 591872 | FPS 0029 | D 21239 | rR:mu sigma m M 0.00 0.00 0.00 0.00 | F:mu sigma m M 194.9 197.7 39.0 900.0 | H 1.099 | V 0.001 | pL 0.000 | vL 0.000 | delta 0.001
U 290 | F 593920 | FPS 0029 | D 21310 | rR:mu sigma m M 0.00 0.00 0.00 0.00 | F:mu sigma m M 223.6 161.7 39.0 595.0 | H 1.099 | V 0.001 | pL 0.000 | vL 0.000 | delta 0.000
U 291 | F 595968 | FPS 0026 | D 21388 | rR:mu sigma m M 0.00 0.00 0.00 0.00 | F:mu sigma m M 238.9 157.2 19.0 552.0 | H 1.099 | V 0.000 | pL 0.000 | vL 0.000 | delta 0.000
U 292 | F 598016 | FPS 0023 | D 21476 | rR:mu sigma m M 0.00 0.00 0.00 0.00 | F:mu sigma m M 179.9 110.9 19.0 387.0 | H 1.099 | V 0.000 | pL 0.000 | vL 0.000 | delta 0.000
U 293 | F 600064 | FPS 0029 | D 21546 | rR:mu sigma m M 0.00 0.00 0.00 0.00 | F:mu sigma m M 193.3 116.7 27.0 387.0 | H 1.099 | V 0.000 | pL 0.000 | vL 0.000 | delta 0.000
U 294 | F 602112 | FPS 0031 | D 21612 | rR:mu sigma m M 0.00 0.00 0.00 0.00 | F:mu sigma m M 182.4 142.4 27.0 577.0 | H 1.099 | V 0.000 | pL 0.000 | vL 0.000 | delta 0.000
U 295 | F 604160 | FPS 0024 | D 21697 | rR:mu sigma m M 0.00 0.00 0.00 0.00 | F:mu sigma m M 218.3 138.6 40.0 463.0 | H 1.099 | V 0.000 | pL 0.000 | vL 0.000 | delta 0.001
U 296 | F 606208 | FPS 0030 | D 21765 | rR:mu sigma m M 0.00 0.00 0.00 0.00 | F:mu sigma m M 95.8 65.2 20.0 206.0 | H 1.097 | V 0.006 | pL 0.000 | vL 0.000 | delta 0.007
U 297 | F 608256 | FPS 0027 | D 21839 | rR:mu sigma m M 0.03 0.15 0.00 0.71 | F:mu sigma m M 183.5 181.0 19.0 720.0 | H 1.097 | V 0.006 | pL -0.004 | vL 0.000 | delta 0.006
U 298 | F 610304 | FPS 0025 | D 21920 | rR:mu sigma m M 0.00 0.00 0.00 0.00 | F:mu sigma m M 86.5 46.7 27.0 222.0 | H 1.099 | V 0.000 | pL 0.000 | vL 0.000 | delta 0.001
U 299 | F 612352 | FPS 0028 | D 21995 | rR:mu sigma m M 0.00 0.00 0.00 0.00 | F:mu sigma m M 112.2 74.1 31.0 280.0 | H 1.099 | V 0.000 | pL 0.000 | vL 0.000 | delta 0.000
U 300 | F 614400 | FPS 0028 | D 22069 | rR:mu sigma m M 0.00 0.00 0.00 0.00 | F:mu sigma m M 175.4 123.9 31.0 497.0 | H 1.099 | V 0.001 | pL -0.000 | vL 0.000 | delta 0.001
U 301 | F 616448 | FPS 0031 | D 22135 | rR:mu sigma m M 0.00 0.00 0.00 0.00 | F:mu sigma m M 197.6 120.4 46.0 497.0 | H 1.097 | V 0.007 | pL 0.000 | vL 0.000 | delta 0.012
U 302 | F 618496 | FPS 0024 | D 22220 | rR:mu sigma m M 0.00 0.00 0.00 0.00 | F:mu sigma m M 184.6 113.8 34.0 453.0 | H 1.096 | V 0.006 | pL 0.002 | vL 0.000 | delta 0.008
U 303 | F 620544 | FPS 0026 | D 22298 | rR:mu sigma m M 0.00 0.00 0.00 0.00 | F:mu sigma m M 170.9 169.9 43.0 723.0 | H 1.098 | V -0.002 | pL -0.003 | vL 0.000 | delta 0.006
U 304 | F 622592 | FPS 0027 | D 22375 | rR:mu sigma m M 0.05 0.21 0.00 0.85 | F:mu sigma m M 125.8 79.7 20.0 306.0 | H 1.098 | V -0.002 | pL -0.002 | vL 0.000 | delta 0.003
U 305 | F 624640 | FPS 0028 | D 22447 | rR:mu sigma m M 0.00 0.00 0.00 0.00 | F:mu sigma m M 161.8 176.5 20.0 599.0 | H 1.099 | V -0.001 | pL -0.000 | vL 0.000 | delta 0.001
U 306 | F 626688 | FPS 0028 | D 22522 | rR:mu sigma m M 0.00 0.00 0.00 0.00 | F:mu sigma m M 171.5 133.0 20.0 467.0 | H 1.098 | V -0.001 | pL -0.000 | vL 0.000 | delta 0.001
U 307 | F 628736 | FPS 0027 | D 22597 | rR:mu sigma m M 0.00 0.00 0.00 0.00 | F:mu sigma m M 196.9 168.0 35.0 738.0 | H 1.099 | V 0.000 | pL -0.000 | vL 0.000 | delta 0.001
U 308 | F 630784 | FPS 0028 | D 22669 | rR:mu sigma m M 0.05 0.18 0.00 0.73 | F:mu sigma m M 155.0 122.9 23.0 400.0 | H 1.097 | V 0.010 | pL -0.005 | vL 0.000 | delta 0.011
U 309 | F 632832 | FPS 0028 | D 22742 | rR:mu sigma m M 0.05 0.18 0.00 0.73 | F:mu sigma m M 123.8 92.1 23.0 299.0 | H 1.098 | V 0.002 | pL 0.000 | vL 0.000 | delta 0.004
U 310 | F 634880 | FPS 0029 | D 22813 | rR:mu sigma m M 0.00 0.00 0.00 0.00 | F:mu sigma m M 184.6 165.8 30.0 728.0 | H 1.096 | V 0.005 | pL 0.001 | vL 0.000 | delta 0.007
U 311 | F 636928 | FPS 0028 | D 22886 | rR:mu sigma m M 0.00 0.00 0.00 0.00 | F:mu sigma m M 300.6 240.2 32.0 900.0 | H 1.098 | V -0.001 | pL -0.000 | vL 0.000 | delta 0.002
U 312 | F 638976 | FPS 0027 | D 22961 | rR:mu sigma m M 0.00 0.00 0.00 0.00 | F:mu sigma m M 179.4 112.0 32.0 530.0 | H 1.098 | V -0.000 | pL -0.002 | vL 0.000 | delta 0.004
U 313 | F 641024 | FPS 0029 | D 23031 | rR:mu sigma m M 0.00 0.00 0.00 0.00 | F:mu sigma m M 227.0 131.0 59.0 591.0 | H 1.098 | V 0.003 | pL 0.002 | vL 0.000 | delta 0.003
U 314 | F 643072 | FPS 0028 | D 23103 | rR:mu sigma m M 0.00 0.00 0.00 0.00 | F:mu sigma m M 123.3 93.3 25.0 392.0 | H 1.098 | V -0.001 | pL -0.000 | vL 0.000 | delta 0.001
U 315 | F 645120 | FPS 0029 | D 23173 | rR:mu sigma m M 0.05 0.20 0.00 0.83 | F:mu sigma m M 131.7 95.0 26.0 392.0 | H 1.095 | V 0.009 | pL -0.007 | vL 0.001 | delta 0.012
U 316 | F 647168 | FPS 0029 | D 23242 | rR:mu sigma m M 0.00 0.00 0.00 0.00 | F:mu sigma m M 187.9 135.8 27.0 513.0 | H 1.097 | V 0.001 | pL -0.000 | vL 0.000 | delta 0.004
U 317 | F 649216 | FPS 0030 | D 23311 | rR:mu sigma m M 0.04 0.16 0.00 0.67 | F:mu sigma m M 215.2 131.3 27.0 513.0 | H 1.091 | V 0.015 | pL -0.010 | vL 0.001 | delta 0.028
U 318 | F 651264 | FPS 0031 | D 23377 | rR:mu sigma m M 0.05 0.20 0.00 0.85 | F:mu sigma m M 127.7 96.7 21.0 304.0 | H 1.096 | V 0.013 | pL 0.001 | vL 0.000 | delta 0.006
U 319 | F 653312 | FPS 0028 | D 23450 | rR:mu sigma m M 0.05 0.19 0.00 0.79 | F:mu sigma m M 195.8 121.2 30.0 444.0 | H 1.093 | V 0.017 | pL -0.004 | vL 0.001 | delta 0.020
U 320 | F 655360 | FPS 0024 | D 23534 | rR:mu sigma m M 0.00 0.00 0.00 0.00 | F:mu sigma m M 170.9 137.7 47.0 499.0 | H 1.089 | V 0.015 | pL 0.004 | vL 0.001 | delta 0.008
U 321 | F 657408 | FPS 0028 | D 23608 | rR:mu sigma m M 0.00 0.00 0.00 0.00 | F:mu sigma m M 153.3 123.0 43.0 499.0 | H 1.093 | V 0.016 | pL 0.000 | vL 0.000 | delta 0.009
U 322 | F 659456 | FPS 0026 | D 23687 | rR:mu sigma m M 0.04 0.14 0.00 0.57 | F:mu sigma m M 174.8 113.9 43.0 429.0 | H 1.093 | V 0.014 | pL 0.000 | vL 0.000 | delta 0.008
U 323 | F 661504 | FPS 0024 | D 23771 | rR:mu sigma m M 0.04 0.14 0.00 0.57 | F:mu sigma m M 198.2 158.8 23.0 554.0 | H 1.098 | V 0.006 | pL 0.002 | vL 0.000 | delta 0.002
U 324 | F 663552 | FPS 0026 | D 23850 | rR:mu sigma m M 0.00 0.00 0.00 0.00 | F:mu sigma m M 177.9 124.8 23.0 469.0 | H 1.096 | V 0.006 | pL -0.000 | vL 0.000 | delta 0.003
U 325 | F 665600 | FPS 0025 | D 23931 | rR:mu sigma m M 0.00 0.00 0.00 0.00 | F:mu sigma m M 245.8 250.7 13.0 900.0 | H 1.098 | V 0.006 | pL 0.002 | vL 0.000 | delta 0.002
U 326 | F 667648 | FPS 0028 | D 24005 | rR:mu sigma m M 0.00 0.00 0.00 0.00 | F:mu sigma m M 158.9 196.4 42.0 900.0 | H 1.098 | V 0.005 | pL 0.002 | vL 0.000 | delta 0.003
U 327 | F 669696 | FPS 0027 | D 24079 | rR:mu sigma m M 0.00 0.00 0.00 0.00 | F:mu sigma m M 199.6 216.6 23.0 874.0 | H 1.098 | V 0.006 | pL 0.002 | vL 0.000 | delta 0.001
U 328 | F 671744 | FPS 0027 | D 24156 | rR:mu sigma m M 0.00 0.00 0.00 0.00 | F:mu sigma m M 218.1 252.9 23.0 874.0 | H 1.096 | V 0.008 | pL 0.001 | vL 0.000 | delta 0.003
U 329 | F 673792 | FPS 0031 | D 24223 | rR:mu sigma m M 0.00 0.00 0.00 0.00 | F:mu sigma m M 224.6 191.7 32.0 761.0 | H 1.097 | V 0.008 | pL 0.002 | vL 0.000 | delta 0.003
U 330 | F 675840 | FPS 0028 | D 24296 | rR:mu sigma m M 0.04 0.14 0.00 0.60 | F:mu sigma m M 204.2 123.9 47.0 437.0 | H 1.098 | V 0.011 | pL -0.003 | vL 0.000 | delta 0.008
U 331 | F 677888 | FPS 0028 | D 24368 | rR:mu sigma m M 0.04 0.14 0.00 0.60 | F:mu sigma m M 176.1 96.5 47.0 403.0 | H 1.098 | V 0.002 | pL 0.001 | vL 0.000 | delta 0.001
U 332 | F 679936 | FPS 0030 | D 24437 | rR:mu sigma m M 0.00 0.00 0.00 0.00 | F:mu sigma m M 156.6 83.7 29.0 344.0 | H 1.099 | V 0.001 | pL 0.000 | vL 0.000 | delta 0.000
U 333 | F 681984 | FPS 0030 | D 24506 | rR:mu sigma m M 0.00 0.00 0.00 0.00 | F:mu sigma m M 160.2 142.6 29.0 518.0 | H 1.099 | V 0.001 | pL 0.000 | vL 0.000 | delta 0.000
U 334 | F 684032 | FPS 0027 | D 24581 | rR:mu sigma m M 0.00 0.00 0.00 0.00 | F:mu sigma m M 154.4 118.0 29.0 424.0 | H 1.098 | V 0.006 | pL -0.002 | vL 0.000 | delta 0.004
U 335 | F 686080 | FPS 0026 | D 24660 | rR:mu sigma m M 0.00 0.00 0.00 0.00 | F:mu sigma m M 150.4 115.7 14.0 411.0 | H 1.097 | V 0.007 | pL -0.000 | vL 0.000 | delta 0.005
U 336 | F 688128 | FPS 0030 | D 24727 | rR:mu sigma m M 0.05 0.21 0.00 0.85 | F:mu sigma m M 194.6 198.1 22.0 777.0 | H 1.094 | V 0.009 | pL -0.003 | vL 0.001 | delta 0.014
U 337 | F 690176 | FPS 0027 | D 24803 | rR:mu sigma m M 0.00 0.00 0.00 0.00 | F:mu sigma m M 214.7 148.7 23.0 493.0 | H 1.097 | V 0.004 | pL 0.003 | vL 0.000 | delta 0.005
U 338 | F 692224 | FPS 0029 | D 24875 | rR:mu sigma m M 0.05 0.19 0.00 0.78 | F:mu sigma m M 85.2 51.8 26.0 222.0 | H 1.096 | V 0.010 | pL -0.006 | vL 0.001 | delta 0.011
U 339 | F 694272 | FPS 0024 | D 24960 | rR:mu sigma m M 0.05 0.19 0.00 0.78 | F:mu sigma m M 147.4 133.3 14.0 504.0 | H 1.097 | V 0.004 | pL 0.001 | vL 0.000 | delta 0.003
U 340 | F 696320 | FPS 0028 | D 25033 | rR:mu sigma m M 0.04 0.17 0.00 0.73 | F:mu sigma m M 177.8 132.9 15.0 517.0 | H 1.091 | V 0.016 | pL -0.003 | vL 0.001 | delta 0.012
U 341 | F 698368 | FPS 0026 | D 25112 | rR:mu sigma m M 0.00 0.00 0.00 0.00 | F:mu sigma m M 90.8 72.1 21.0 309.0 | H 1.097 | V 0.009 | pL 0.003 | vL 0.000 | delta 0.004
U 342 | F 700416 | FPS 0030 | D 25180 | rR:mu sigma m M 0.00 0.00 0.00 0.00 | F:mu sigma m M 97.3 78.4 21.0 309.0 | H 1.098 | V 0.010 | pL 0.002 | vL 0.000 | delta 0.001
U 343 | F 702464 | FPS 0029 | D 25252 | rR:mu sigma m M 0.00 0.00 0.00 0.00 | F:mu sigma m M 203.0 127.7 24.0 499.0 | H 1.098 | V 0.007 | pL 0.002 | vL 0.000 | delta 0.002
U 344 | F 704512 | FPS 0027 | D 25328 | rR:mu sigma m M 0.00 0.00 0.00 0.00 | F:mu sigma m M 193.1 129.6 15.0 405.0 | H 1.098 | V 0.007 | pL 0.002 | vL 0.000 | delta 0.001
U 345 | F 706560 | FPS 0028 | D 25400 | rR:mu sigma m M 0.00 0.00 0.00 0.00 | F:mu sigma m M 144.4 104.7 15.0 349.0 | H 1.097 | V 0.011 | pL 0.002 | vL 0.000 | delta 0.007
U 346 | F 708608 | FPS 0028 | D 25473 | rR:mu sigma m M 0.00 0.00 0.00 0.00 | F:mu sigma m M 182.8 141.3 19.0 399.0 | H 1.098 | V 0.004 | pL 0.001 | vL 0.000 | delta 0.001
U 347 | F 710656 | FPS 0030 | D 25541 | rR:mu sigma m M 0.00 0.00 0.00 0.00 | F:mu sigma m M 124.6 128.0 17.0 399.0 | H 1.097 | V 0.007 | pL 0.001 | vL 0.000 | delta 0.003
U 348 | F 712704 | FPS 0029 | D 25612 | rR:mu sigma m M 0.00 0.00 0.00 0.00 | F:mu sigma m M 197.4 177.3 17.0 686.0 | H 1.098 | V 0.003 | pL 0.001 | vL 0.000 | delta 0.001
U 349 | F 714752 | FPS 0026 | D 25692 | rR:mu sigma m M 0.00 0.00 0.00 0.00 | F:mu sigma m M 199.3 170.5 35.0 686.0 | H 1.098 | V 0.002 | pL 0.000 | vL 0.000 | delta 0.002
U 350 | F 716800 | FPS 0024 | D 25776 | rR:mu sigma m M 0.00 0.00 0.00 0.00 | F:mu sigma m M 176.4 178.7 17.0 633.0 | H 1.098 | V 0.002 | pL 0.000 | vL 0.000 | delta 0.000
U 351 | F 718848 | FPS 0027 | D 25851 | rR:mu sigma m M 0.00 0.00 0.00 0.00 | F:mu sigma m M 153.6 131.4 17.0 475.0 | H 1.098 | V 0.001 | pL 0.000 | vL 0.000 | delta 0.000
U 352 | F 720896 | FPS 0028 | D 25923 | rR:mu sigma m M 0.00 0.00 0.00 0.00 | F:mu sigma m M 174.8 124.3 23.0 475.0 | H 1.098 | V 0.001 | pL 0.000 | vL 0.000 | delta 0.000
U 353 | F 722944 | FPS 0026 | D 26003 | rR:mu sigma m M 0.00 0.00 0.00 0.00 | F:mu sigma m M 173.9 139.8 18.0 552.0 | H 1.099 | V 0.001 | pL 0.000 | vL 0.000 | delta 0.000
U 354 | F 724992 | FPS 0025 | D 26086 | rR:mu sigma m M 0.00 0.00 0.00 0.00 | F:mu sigma m M 207.2 185.4 23.0 562.0 | H 1.098 | V 0.001 | pL 0.000 | vL 0.000 | delta 0.001
U 355 | F 727040 | FPS 0023 | D 26174 | rR:mu sigma m M 0.00 0.00 0.00 0.00 | F:mu sigma m M 130.2 85.5 35.0 320.0 | H 1.097 | V 0.002 | pL 0.001 | vL 0.000 | delta 0.002
U 356 | F 729088 | FPS 0031 | D 26240 | rR:mu sigma m M 0.00 0.00 0.00 0.00 | F:mu sigma m M 191.1 172.8 35.0 806.0 | H 1.098 | V 0.001 | pL 0.000 | vL 0.000 | delta 0.000
U 357 | F 731136 | FPS 0027 | D 26317 | rR:mu sigma m M 0.00 0.00 0.00 0.00 | F:mu sigma m M 190.9 180.5 63.0 857.0 | H 1.099 | V 0.000 | pL 0.000 | vL 0.000 | delta 0.000
U 358 | F 733184 | FPS 0027 | D 26394 | rR:mu sigma m M 0.00 0.00 0.00 0.00 | F:mu sigma m M 127.2 101.6 20.0 433.0 | H 1.099 | V 0.001 | pL 0.000 | vL 0.000 | delta 0.000
U 359 | F 735232 | FPS 0029 | D 26466 | rR:mu sigma m M 0.00 0.00 0.00 0.00 | F:mu sigma m M 130.4 99.1 35.0 450.0 | H 1.099 | V 0.001 | pL 0.000 | vL 0.000 | delta 0.000
U 360 | F 737280 | FPS 0027 | D 26543 | rR:mu sigma m M 0.00 0.00 0.00 0.00 | F:mu sigma m M 183.1 137.3 7.0 545.0 | H 1.099 | V 0.001 | pL 0.000 | vL 0.000 | delta 0.000
U 361 | F 739328 | FPS 0027 | D 26617 | rR:mu sigma m M 0.00 0.00 0.00 0.00 | F:mu sigma m M 152.3 118.7 34.0 417.0 | H 1.098 | V 0.000 | pL 0.000 | vL 0.000 | delta 0.000
U 362 | F 741376 | FPS 0032 | D 26681 | rR:mu sigma m M 0.00 0.00 0.00 0.00 | F:mu sigma m M 165.2 168.2 30.0 677.0 | H 1.099 | V 0.000 | pL 0.000 | vL 0.000 | delta 0.000
U 363 | F 743424 | FPS 0028 | D 26754 | rR:mu sigma m M 0.00 0.00 0.00 0.00 | F:mu sigma m M 233.5 198.3 36.0 677.0 | H 1.098 | V 0.000 | pL 0.000 | vL 0.000 | delta 0.000
U 364 | F 745472 | FPS 0030 | D 26823 | rR:mu sigma m M 0.06 0.22 0.00 0.89 | F:mu sigma m M 180.6 165.4 20.0 633.0 | H 1.094 | V 0.008 | pL -0.007 | vL 0.002 | delta 0.012
U 365 | F 747520 | FPS 0028 | D 26896 | rR:mu sigma m M 0.00 0.00 0.00 0.00 | F:mu sigma m M 142.5 119.7 34.0 432.0 | H 1.097 | V 0.004 | pL 0.001 | vL 0.000 | delta 0.003
U 366 | F 749568 | FPS 0026 | D 26975 | rR:mu sigma m M 0.00 0.00 0.00 0.00 | F:mu sigma m M 155.9 155.6 37.0 659.0 | H 1.096 | V 0.007 | pL -0.000 | vL 0.000 | delta 0.004
U 367 | F 751616 | FPS 0030 | D 27043 | rR:mu sigma m M 0.01 0.05 0.00 0.22 | F:mu sigma m M 294.4 207.2 53.0 784.0 | H 1.097 | V 0.010 | pL 0.001 | vL 0.000 | delta 0.005
U 368 | F 753664 | FPS 0029 | D 27113 | rR:mu sigma m M 0.01 0.05 0.00 0.22 | F:mu sigma m M 287.6 207.3 58.0 784.0 | H 1.098 | V 0.003 | pL 0.001 | vL 0.000 | delta 0.001
U 369 | F 755712 | FPS 0029 | D 27185 | rR:mu sigma m M 0.00 0.00 0.00 0.00 | F:mu sigma m M 184.1 109.4 57.0 531.0 | H 1.099 | V 0.001 | pL 0.000 | vL 0.000 | delta 0.000
U 370 | F 757760 | FPS 0026 | D 27262 | rR:mu sigma m M 0.05 0.19 0.00 0.80 | F:mu sigma m M 152.2 103.8 33.0 363.0 | H 1.096 | V 0.010 | pL -0.006 | vL 0.001 | delta 0.010
U 371 | F 759808 | FPS 0029 | D 27332 | rR:mu sigma m M 0.00 0.00 0.00 0.00 | F:mu sigma m M 165.8 151.0 13.0 579.0 | H 1.097 | V 0.011 | pL 0.002 | vL 0.000 | delta 0.008
U 372 | F 761856 | FPS 0025 | D 27414 | rR:mu sigma m M 0.00 0.00 0.00 0.00 | F:mu sigma m M 127.2 112.0 14.0 398.0 | H 1.094 | V 0.011 | pL 0.001 | vL 0.000 | delta 0.008
U 373 | F 763904 | FPS 0026 | D 27493 | rR:mu sigma m M 0.05 0.18 0.00 0.76 | F:mu sigma m M 134.9 107.8 38.0 368.0 | H 1.092 | V 0.019 | pL -0.005 | vL 0.000 | delta 0.014
U 374 | F 765952 | FPS 0028 | D 27565 | rR:mu sigma m M 0.05 0.18 0.00 0.76 | F:mu sigma m M 128.4 85.3 29.0 276.0 | H 1.092 | V 0.031 | pL 0.003 | vL 0.000 | delta 0.009
U 375 | F 768000 | FPS 0026 | D 27644 | rR:mu sigma m M 0.04 0.16 0.00 0.67 | F:mu sigma m M 182.5 124.6 21.0 370.0 | H 1.091 | V 0.025 | pL -0.001 | vL 0.001 | delta 0.015
U 376 | F 770048 | FPS 0024 | D 27729 | rR:mu sigma m M 0.03 0.11 0.00 0.49 | F:mu sigma m M 167.6 128.3 24.0 515.0 | H 1.096 | V 0.010 | pL 0.003 | vL 0.000 | delta 0.003
U 377 | F 772096 | FPS 0028 | D 27802 | rR:mu sigma m M 0.05 0.18 0.00 0.73 | F:mu sigma m M 147.4 152.1 16.0 664.0 | H 1.090 | V 0.030 | pL -0.004 | vL 0.001 | delta 0.013
U 378 | F 774144 | FPS 0023 | D 27891 | rR:mu sigma m M 0.05 0.18 0.00 0.73 | F:mu sigma m M 151.7 152.4 16.0 664.0 | H 1.095 | V 0.013 | pL 0.002 | vL 0.000 | delta 0.006
U 379 | F 776192 | FPS 0027 | D 27968 | rR:mu sigma m M 0.03 0.10 0.00 0.41 | F:mu sigma m M 211.3 158.1 26.0 585.0 | H 1.096 | V 0.011 | pL 0.000 | vL 0.000 | delta 0.005
U 380 | F 778240 | FPS 0026 | D 28045 | rR:mu sigma m M 0.00 0.00 0.00 0.00 | F:mu sigma m M 172.8 125.8 20.0 449.0 | H 1.098 | V 0.004 | pL 0.001 | vL 0.000 | delta 0.001
U 381 | F 780288 | FPS 0026 | D 28124 | rR:mu sigma m M 0.00 0.00 0.00 0.00 | F:mu sigma m M 169.1 130.0 26.0 449.0 | H 1.096 | V 0.010 | pL -0.003 | vL 0.000 | delta 0.006
U 382 | F 782336 | FPS 0028 | D 28196 | rR:mu sigma m M 0.04 0.17 0.00 0.70 | F:mu sigma m M 164.7 169.7 29.0 678.0 | H 1.093 | V 0.009 | pL 0.001 | vL 0.000 | delta 0.013
U 383 | F 784384 | FPS 0026 | D 28275 | rR:mu sigma m M 0.00 0.00 0.00 0.00 | F:mu sigma m M 137.9 98.3 33.0 348.0 | H 1.098 | V 0.003 | pL 0.000 | vL 0.000 | delta 0.002
U 384 | F 786432 | FPS 0033 | D 28338 | rR:mu sigma m M 0.00 0.00 0.00 0.00 | F:mu sigma m M 197.6 180.8 41.0 670.0 | H 1.096 | V 0.005 | pL 0.001 | vL 0.000 | delta 0.005
U 385 | F 788480 | FPS 0028 | D 28412 | rR:mu sigma m M 0.00 0.00 0.00 0.00 | F:mu sigma m M 183.3 210.4 19.0 670.0 | H 1.098 | V 0.006 | pL 0.000 | vL 0.000 | delta 0.001
U 386 | F 790528 | FPS 0029 | D 28482 | rR:mu sigma m M 0.05 0.21 0.00 0.88 | F:mu sigma m M 219.2 220.9 46.0 885.0 | H 1.091 | V 0.017 | pL -0.006 | vL 0.001 | delta 0.013
U 387 | F 792576 | FPS 0028 | D 28555 | rR:mu sigma m M 0.00 0.00 0.00 0.00 | F:mu sigma m M 202.6 215.5 16.0 885.0 | H 1.097 | V 0.005 | pL 0.002 | vL 0.000 | delta 0.004
U 388 | F 794624 | FPS 0024 | D 28639 | rR:mu sigma m M 0.00 0.00 0.00 0.00 | F:mu sigma m M 139.5 101.9 16.0 379.0 | H 1.097 | V 0.005 | pL 0.001 | vL 0.000 | delta 0.003
U 389 | F 796672 | FPS 0031 | D 28706 | rR:mu sigma m M 0.04 0.17 0.00 0.70 | F:mu sigma m M 222.7 140.3 14.0 561.0 | H 1.095 | V 0.015 | pL -0.004 | vL 0.000 | delta 0.009
U 390 | F 798720 | FPS 0029 | D 28777 | rR:mu sigma m M 0.00 0.00 0.00 0.00 | F:mu sigma m M 140.7 73.7 20.0 257.0 | H 1.098 | V 0.006 | pL 0.002 | vL 0.000 | delta 0.001
U 391 | F 800768 | FPS 0032 | D 28841 | rR:mu sigma m M 0.00 0.00 0.00 0.00 | F:mu sigma m M 117.1 75.5 20.0 257.0 | H 1.098 | V 0.004 | pL 0.001 | vL 0.000 | delta 0.001
U 392 | F 802816 | FPS 0026 | D 28919 | rR:mu sigma m M 0.00 0.00 0.00 0.00 | F:mu sigma m M 150.6 97.7 24.0 354.0 | H 1.090 | V 0.017 | pL 0.001 | vL 0.000 | delta 0.011
U 393 | F 804864 | FPS 0026 | D 28998 | rR:mu sigma m M 0.00 0.00 0.00 0.00 | F:mu sigma m M 199.6 127.8 38.0 443.0 | H 1.092 | V 0.016 | pL 0.003 | vL 0.000 | delta 0.010
U 394 | F 806912 | FPS 0026 | D 29077 | rR:mu sigma m M 0.00 0.00 0.00 0.00 | F:mu sigma m M 199.7 117.7 47.0 443.0 | H 1.094 | V 0.009 | pL 0.002 | vL 0.000 | delta 0.003
U 395 | F 808960 | FPS 0026 | D 29157 | rR:mu sigma m M 0.01 0.05 0.00 0.22 | F:mu sigma m M 277.6 229.4 26.0 781.0 | H 1.098 | V 0.003 | pL 0.001 | vL 0.000 | delta 0.001
U 396 | F 811008 | FPS 0031 | D 29223 | rR:mu sigma m M 0.05 0.20 0.00 0.81 | F:mu sigma m M 254.0 151.4 26.0 519.0 | H 1.094 | V 0.009 | pL -0.006 | vL 0.001 | delta 0.012
U 397 | F 813056 | FPS 0029 | D 29293 | rR:mu sigma m M 0.00 0.00 0.00 0.00 | F:mu sigma m M 104.0 73.5 15.0 253.0 | H 1.096 | V 0.013 | pL 0.003 | vL 0.000 | delta 0.007
U 398 | F 815104 | FPS 0026 | D 29371 | rR:mu sigma m M 0.00 0.00 0.00 0.00 | F:mu sigma m M 137.9 84.1 31.0 353.0 | H 1.095 | V 0.015 | pL 0.002 | vL 0.000 | delta 0.004
U 399 | F 817152 | FPS 0028 | D 29445 | rR:mu sigma m M 0.00 0.00 0.00 0.00 | F:mu sigma m M 184.9 162.8 57.0 770.0 | H 1.094 | V 0.012 | pL 0.003 | vL 0.000 | delta 0.004
U 400 | F 819200 | FPS 0028 | D 29519 | rR:mu sigma m M 0.05 0.20 0.00 0.83 | F:mu sigma m M 165.6 65.6 57.0 294.0 | H 1.091 | V 0.017 | pL -0.005 | vL 0.001 | delta 0.011
U 401 | F 821248 | FPS 0031 | D 29586 | rR:mu sigma m M 0.10 0.26 0.00 0.83 | F:mu sigma m M 223.3 164.0 51.0 688.0 | H 1.089 | V 0.020 | pL -0.004 | vL 0.001 | delta 0.014
U 402 | F 823296 | FPS 0030 | D 29655 | rR:mu sigma m M 0.00 0.00 0.00 0.00 | F:mu sigma m M 154.1 105.2 24.0 354.0 | H 1.092 | V 0.015 | pL 0.005 | vL 0.000 | delta 0.007
U 403 | F 825344 | FPS 0028 | D 29729 | rR:mu sigma m M 0.00 0.00 0.00 0.00 | F:mu sigma m M 111.3 92.0 24.0 390.0 | H 1.097 | V 0.009 | pL 0.002 | vL 0.000 | delta 0.001
U 404 | F 827392 | FPS 0027 | D 29806 | rR:mu sigma m M 0.04 0.16 0.00 0.66 | F:mu sigma m M 162.0 112.8 24.0 432.0 | H 1.088 | V 0.018 | pL -0.003 | vL 0.001 | delta 0.009
U 405 | F 829440 | FPS 0025 | D 29888 | rR:mu sigma m M 0.07 0.19 0.00 0.66 | F:mu sigma m M 212.2 139.3 19.0 559.0 | H 1.096 | V 0.012 | pL 0.002 | vL 0.000 | delta 0.005
U 406 | F 831488 | FPS 0028 | D 29960 | rR:mu sigma m M 0.05 0.18 0.00 0.75 | F:mu sigma m M 199.9 117.4 31.0 492.0 | H 1.091 | V 0.017 | pL -0.004 | vL 0.001 | delta 0.012
U 407 | F 833536 | FPS 0028 | D 30033 | rR:mu sigma m M 0.09 0.24 0.00 0.75 | F:mu sigma m M 167.7 116.0 38.0 467.0 | H 1.092 | V 0.017 | pL -0.000 | vL 0.000 | delta 0.018
U 408 | F 835584 | FPS 0031 | D 30099 | rR:mu sigma m M 0.00 0.00 0.00 0.00 | F:mu sigma m M 170.1 121.6 28.0 424.0 | H 1.097 | V 0.009 | pL 0.003 | vL 0.000 | delta 0.004
U 409 | F 837632 | FPS 0029 | D 30170 | rR:mu sigma m M 0.04 0.17 0.00 0.70 | F:mu sigma m M 146.2 98.4 62.0 424.0 | H 1.088 | V 0.016 | pL -0.004 | vL 0.001 | delta 0.014
U 410 | F 839680 | FPS 0030 | D 30239 | rR:mu sigma m M 0.04 0.17 0.00 0.70 | F:mu sigma m M 176.4 144.1 62.0 594.0 | H 1.097 | V 0.004 | pL 0.001 | vL 0.000 | delta 0.004
U 411 | F 841728 | FPS 0028 | D 30312 | rR:mu sigma m M 0.04 0.17 0.00 0.71 | F:mu sigma m M 238.9 137.8 39.0 594.0 | H 1.089 | V 0.014 | pL -0.005 | vL 0.001 | delta 0.015
U 412 | F 843776 | FPS 0029 | D 30383 | rR:mu sigma m M 0.13 0.27 0.00 0.85 | F:mu sigma m M 229.4 130.0 39.0 499.0 | H 1.084 | V 0.025 | pL -0.004 | vL 0.001 | delta 0.039
U 413 | F 845824 | FPS 0025 | D 30464 | rR:mu sigma m M 0.03 0.12 0.00 0.50 | F:mu sigma m M 199.1 135.3 44.0 499.0 | H 1.093 | V 0.024 | pL 0.006 | vL 0.000 | delta 0.008
U 414 | F 847872 | FPS 0030 | D 30532 | rR:mu sigma m M 0.00 0.00 0.00 0.00 | F:mu sigma m M 172.4 157.6 32.0 549.0 | H 1.088 | V 0.026 | pL 0.006 | vL 0.001 | delta 0.013
U 415 | F 849920 | FPS 0030 | D 30601 | rR:mu sigma m M 0.00 0.00 0.00 0.00 | F:mu sigma m M 184.6 148.4 29.0 538.0 | H 1.096 | V 0.014 | pL 0.004 | vL 0.000 | delta 0.003
U 416 | F 851968 | FPS 0029 | D 30672 | rR:mu sigma m M 0.06 0.22 0.00 0.90 | F:mu sigma m M 148.4 115.3 41.0 538.0 | H 1.087 | V 0.023 | pL -0.004 | vL 0.001 | delta 0.015
U 417 | F 854016 | FPS 0026 | D 30750 | rR:mu sigma m M 0.05 0.18 0.00 0.74 | F:mu sigma m M 190.5 170.7 24.0 655.0 | H 1.085 | V 0.020 | pL -0.003 | vL 0.000 | delta 0.017
U 418 | F 856064 | FPS 0028 | D 30822 | rR:mu sigma m M 0.05 0.20 0.00 0.83 | F:mu sigma m M 173.5 140.5 14.0 455.0 | H 1.076 | V 0.027 | pL -0.008 | vL 0.002 | delta 0.030
U 419 | F 858112 | FPS 0032 | D 30886 | rR:mu sigma m M 0.10 0.27 0.00 0.87 | F:mu sigma m M 107.5 72.4 12.0 229.0 | H 1.085 | V 0.030 | pL -0.002 | vL 0.001 | delta 0.018
U 420 | F 860160 | FPS 0031 | D 30952 | rR:mu sigma m M 0.16 0.32 0.00 0.87 | F:mu sigma m M 152.2 119.9 16.0 460.0 | H 1.059 | V 0.063 | pL -0.010 | vL 0.005 | delta 0.036
U 421 | F 862208 | FPS 0034 | D 31012 | rR:mu sigma m M 0.42 0.42 0.00 0.92 | F:mu sigma m M 147.3 115.1 40.0 481.0 | H 1.004 | V 0.145 | pL -0.038 | vL 0.005 | delta 0.056
U 422 | F 864256 | FPS 0041 | D 31062 | rR:mu sigma m M 0.29 0.41 0.00 0.94 | F:mu sigma m M 122.4 110.0 12.0 496.0 | H 0.988 | V 0.177 | pL -0.022 | vL 0.010 | delta 0.070
U 423 | F 866304 | FPS 0045 | D 31108 | rR:mu sigma m M 0.37 0.44 0.00 0.94 | F:mu sigma m M 81.4 42.5 14.0 168.0 | H 0.938 | V 0.193 | pL -0.038 | vL 0.012 | delta 0.081
U 424 | F 868352 | FPS 0055 | D 31145 | rR:mu sigma m M 0.70 0.39 0.00 0.96 | F:mu sigma m M 89.6 59.6 30.0 318.0 | H 0.832 | V 0.301 | pL -0.090 | vL 0.016 | delta 0.119
U 425 | F 870400 | FPS 0060 | D 31179 | rR:mu sigma m M 0.70 0.41 0.00 0.96 | F:mu sigma m M 61.8 41.0 13.0 217.0 | H 0.768 | V 0.446 | pL -0.103 | vL 0.019 | delta 0.125
U 426 | F 872448 | FPS 0063 | D 31211 | rR:mu sigma m M 0.71 0.40 0.00 0.97 | F:mu sigma m M 55.9 24.9 10.0 123.0 | H 0.755 | V 0.518 | pL -0.058 | vL 0.013 | delta 0.115
U 427 | F 874496 | FPS 0065 | D 31243 | rR:mu sigma m M 0.73 0.40 0.00 0.97 | F:mu sigma m M 45.4 21.3 11.0 109.0 | H 0.636 | V 0.583 | pL -0.049 | vL 0.019 | delta 0.113
U 428 | F 876544 | FPS 0066 | D 31274 | rR:mu sigma m M 0.86 0.28 0.00 0.97 | F:mu sigma m M 46.2 40.7 16.0 303.0 | H 0.605 | V 0.640 | pL -0.057 | vL 0.012 | delta 0.090
U 429 | F 878592 | FPS 0068 | D 31304 | rR:mu sigma m M 0.91 0.19 0.00 0.97 | F:mu sigma m M 45.4 20.0 21.0 123.0 | H 0.550 | V 0.712 | pL -0.059 | vL 0.005 | delta 0.071
U 430 | F 880640 | FPS 0075 | D 31331 | rR:mu sigma m M 0.94 0.13 0.00 0.97 | F:mu sigma m M 39.9 13.9 24.0 114.0 | H 0.482 | V 0.759 | pL -0.038 | vL 0.005 | delta 0.058
U 431 | F 882688 | FPS 0073 | D 31359 | rR:mu sigma m M 0.95 0.12 0.00 0.97 | F:mu sigma m M 35.4 8.1 25.0 68.0 | H 0.400 | V 0.794 | pL -0.027 | vL 0.003 | delta 0.031
U 432 | F 884736 | FPS 0076 | D 31386 | rR:mu sigma m M 0.97 0.01 0.94 0.97 | F:mu sigma m M 32.8 5.1 26.0 56.0 | H 0.371 | V 0.813 | pL -0.023 | vL 0.001 | delta 0.020
agent reach optimality, start collecting trajectories
agent successfully collected 10 trajectories
pickling optimal trajectories
Model successfully saved
/home/rdali/.local/easybuild/software/2017/Core/miniconda3/4.3.27/envs/observe/lib/python3.6/site-packages/torch/nn/functional.py:1906: UserWarning: reduction: 'mean' divides the total loss by both the batch size and the support size.'batchmean' divides only by the batch size, and aligns with the KL div math definition.'mean' will be changed to behave the same as 'batchmean' in the next major release.
  warnings.warn("reduction: 'mean' divides the total loss by both the batch size and the support size."
