The following modules were not unloaded:
  (Use "module --force purge" to unload all):

  1) StdEnv/2018.3     4) gcccore/.7.3.0      7) intel/2018.3
  2) nixpkgs/16.09     5) icc/.2018.3.222     8) openmpi/3.1.2
  3) imkl/2018.3.222   6) ifort/.2018.3.222

Due to MODULEPATH changes, the following have been reloaded:
  1) openmpi/3.1.2

Attention: While Conda works well in a desktop environment, it tends to create more problems than it solves on a cluster. Instead, we recommend that users use virtual environments and the binary packages that we provide through Python wheels as documented on the Python page.
/home/rdali/RL/watch_and_learn/dependency/rl-starter-files/scripts/train_agent_multidem.py --env MiniGrid-LavaCrossingAddictO8S15-v0 --algo ppo --nameDemonstrator LavaCrossing1508Addict1,LavaCrossing1508Addict2,LavaCrossing1508Addict3,LavaCrossing1508Addict4,LavaCrossing1508Addict10,LavaCrossing1508Addict11,LavaCrossing1508Addict12,LavaCrossing1508Addict13 --flat-model 0 --KLweight 0.01 --useKL 1 --meanReward 0.80 --rewardLB 0.70 --seed 9729

Namespace(KLweight=0.01, algo='ppo', batch_size=256, clip_eps=0.2, discount=0.99, entropy_coef=0.01, env='MiniGrid-LavaCrossingAddictO8S15-v0', epochs=4, flat_model=0, frames=10000000, frames_per_proc=None, full_obs=0, gae_lambda=0.95, log_interval=1, lr=0.0007, max_grad_norm=0.5, meanReward=0.8, mem=False, model=None, nameDemonstrator='LavaCrossing1508Addict1,LavaCrossing1508Addict2,LavaCrossing1508Addict3,LavaCrossing1508Addict4,LavaCrossing1508Addict10,LavaCrossing1508Addict11,LavaCrossing1508Addict12,LavaCrossing1508Addict13', optim_alpha=0.99, optim_eps=1e-05, procs=16, recurrence=1, rewardLB=0.7, save_interval=0, seed=9729, tb=False, text=False, useKL=1, value_loss_coef=0.5)

Flat model successfully created

ACModel(
  (image_conv): Sequential(
    (0): Conv2d(3, 32, kernel_size=(2, 2), stride=(1, 1))
    (1): ReLU()
    (2): MaxPool2d(kernel_size=(2, 2), stride=(2, 2), padding=0, dilation=1, ceil_mode=False)
    (3): Conv2d(32, 64, kernel_size=(2, 2), stride=(1, 1))
    (4): ReLU()
    (5): Conv2d(64, 64, kernel_size=(2, 2), stride=(1, 1))
    (6): ReLU()
  )
  (actor): Sequential(
    (0): Linear(in_features=1600, out_features=64, bias=True)
    (1): Tanh()
    (2): Linear(in_features=64, out_features=3, bias=True)
  )
  (critic): Sequential(
    (0): Linear(in_features=1600, out_features=64, bias=True)
    (1): Tanh()
    (2): Linear(in_features=64, out_features=1, bias=True)
  )
)

CUDA available: False

1
True
0.01
Using TensorFlow backend.
OMP: Info #212: KMP_AFFINITY: decoding x2APIC ids.
OMP: Info #210: KMP_AFFINITY: Affinity capable, using global cpuid leaf 11 info
OMP: Info #154: KMP_AFFINITY: Initial OS proc set respected: 32-36
OMP: Info #156: KMP_AFFINITY: 5 available OS procs
OMP: Info #158: KMP_AFFINITY: Nonuniform topology
OMP: Info #179: KMP_AFFINITY: 2 packages x 3 cores/pkg x 1 threads/core (5 total cores)
OMP: Info #214: KMP_AFFINITY: OS proc to physical thread map:
OMP: Info #171: KMP_AFFINITY: OS proc 32 maps to package 0 core 24 
OMP: Info #171: KMP_AFFINITY: OS proc 36 maps to package 0 core 25 
OMP: Info #171: KMP_AFFINITY: OS proc 34 maps to package 0 core 27 
OMP: Info #171: KMP_AFFINITY: OS proc 33 maps to package 1 core 24 
OMP: Info #171: KMP_AFFINITY: OS proc 35 maps to package 1 core 27 
OMP: Info #250: KMP_AFFINITY: pid 326185 tid 326185 thread 0 bound to OS proc set 32
OMP: Info #250: KMP_AFFINITY: pid 326185 tid 326342 thread 1 bound to OS proc set 33
OMP: Info #250: KMP_AFFINITY: pid 326185 tid 326343 thread 2 bound to OS proc set 36
OMP: Info #250: KMP_AFFINITY: pid 326185 tid 326344 thread 3 bound to OS proc set 35
OMP: Info #250: KMP_AFFINITY: pid 326185 tid 326345 thread 4 bound to OS proc set 34
OMP: Info #250: KMP_AFFINITY: pid 326185 tid 326480 thread 5 bound to OS proc set 32
OMP: Info #250: KMP_AFFINITY: pid 326185 tid 326481 thread 6 bound to OS proc set 33
OMP: Info #250: KMP_AFFINITY: pid 326185 tid 326499 thread 7 bound to OS proc set 36
OMP: Info #250: KMP_AFFINITY: pid 326185 tid 326500 thread 8 bound to OS proc set 35
OMP: Info #250: KMP_AFFINITY: pid 326185 tid 326502 thread 10 bound to OS proc set 32
OMP: Info #250: KMP_AFFINITY: pid 326185 tid 326501 thread 9 bound to OS proc set 34
OMP: Info #250: KMP_AFFINITY: pid 326185 tid 326520 thread 11 bound to OS proc set 33
OMP: Info #250: KMP_AFFINITY: pid 326185 tid 326521 thread 12 bound to OS proc set 36
OMP: Info #250: KMP_AFFINITY: pid 326185 tid 326522 thread 13 bound to OS proc set 35
OMP: Info #250: KMP_AFFINITY: pid 326185 tid 326523 thread 14 bound to OS proc set 34
OMP: Info #250: KMP_AFFINITY: pid 326185 tid 326524 thread 15 bound to OS proc set 32
U 1 | F 002048 | FPS 0018 | D 114 | rR:mu sigma m M 0.00 0.00 0.00 0.00 | F:mu sigma m M 36.8 47.5 0.0 117.0 | H 1.098 | V -0.067 | pL -0.019 | vL 0.001 | delta 0.069
U 2 | F 004096 | FPS 0022 | D 205 | rR:mu sigma m M 0.00 0.00 0.00 0.00 | F:mu sigma m M 106.5 40.1 28.0 165.0 | H 1.098 | V -0.049 | pL -0.012 | vL 0.000 | delta 0.016
U 3 | F 006144 | FPS 0028 | D 278 | rR:mu sigma m M 0.00 0.00 0.00 0.00 | F:mu sigma m M 164.6 94.6 28.0 342.0 | H 1.098 | V -0.040 | pL -0.010 | vL 0.000 | delta 0.011
U 4 | F 008192 | FPS 0026 | D 356 | rR:mu sigma m M 0.00 0.00 0.00 0.00 | F:mu sigma m M 178.0 94.5 40.0 368.0 | H 1.095 | V -0.028 | pL -0.008 | vL 0.000 | delta 0.009
U 5 | F 010240 | FPS 0028 | D 431 | rR:mu sigma m M 0.05 0.21 0.00 0.86 | F:mu sigma m M 125.1 76.0 16.0 285.0 | H 1.081 | V -0.018 | pL -0.010 | vL 0.002 | delta 0.028
U 6 | F 012288 | FPS 0031 | D 497 | rR:mu sigma m M 0.00 0.00 0.00 0.00 | F:mu sigma m M 145.5 141.1 30.0 621.0 | H 1.098 | V -0.021 | pL -0.006 | vL 0.000 | delta 0.003
U 7 | F 014336 | FPS 0027 | D 573 | rR:mu sigma m M 0.00 0.00 0.00 0.00 | F:mu sigma m M 179.8 189.0 30.0 834.0 | H 1.098 | V -0.015 | pL -0.005 | vL 0.000 | delta 0.007
U 8 | F 016384 | FPS 0027 | D 648 | rR:mu sigma m M 0.00 0.00 0.00 0.00 | F:mu sigma m M 169.4 93.4 47.0 328.0 | H 1.098 | V -0.012 | pL -0.004 | vL 0.000 | delta 0.002
U 9 | F 018432 | FPS 0023 | D 736 | rR:mu sigma m M 0.00 0.00 0.00 0.00 | F:mu sigma m M 163.9 76.5 27.0 305.0 | H 1.098 | V -0.009 | pL -0.003 | vL 0.000 | delta 0.002
U 10 | F 020480 | FPS 0026 | D 814 | rR:mu sigma m M 0.00 0.00 0.00 0.00 | F:mu sigma m M 191.1 142.9 27.0 683.0 | H 1.098 | V -0.007 | pL -0.002 | vL 0.000 | delta 0.002
U 11 | F 022528 | FPS 0023 | D 902 | rR:mu sigma m M 0.00 0.00 0.00 0.00 | F:mu sigma m M 229.3 191.7 45.0 683.0 | H 1.099 | V -0.006 | pL -0.002 | vL 0.000 | delta 0.001
U 12 | F 024576 | FPS 0027 | D 979 | rR:mu sigma m M 0.00 0.00 0.00 0.00 | F:mu sigma m M 166.6 94.8 42.0 390.0 | H 1.099 | V -0.004 | pL -0.001 | vL 0.000 | delta 0.002
U 13 | F 026624 | FPS 0026 | D 1056 | rR:mu sigma m M 0.00 0.00 0.00 0.00 | F:mu sigma m M 147.9 143.3 9.0 539.0 | H 1.098 | V -0.003 | pL -0.001 | vL 0.000 | delta 0.001
U 14 | F 028672 | FPS 0026 | D 1135 | rR:mu sigma m M 0.00 0.00 0.00 0.00 | F:mu sigma m M 100.7 72.5 9.0 296.0 | H 1.099 | V -0.003 | pL -0.001 | vL 0.000 | delta 0.001
U 15 | F 030720 | FPS 0025 | D 1217 | rR:mu sigma m M 0.00 0.00 0.00 0.00 | F:mu sigma m M 160.1 113.5 47.0 526.0 | H 1.099 | V -0.001 | pL -0.001 | vL 0.000 | delta 0.002
U 16 | F 032768 | FPS 0022 | D 1310 | rR:mu sigma m M 0.04 0.16 0.00 0.67 | F:mu sigma m M 198.1 131.3 16.0 452.0 | H 1.096 | V 0.002 | pL -0.006 | vL 0.001 | delta 0.035
U 17 | F 034816 | FPS 0024 | D 1394 | rR:mu sigma m M 0.04 0.16 0.00 0.67 | F:mu sigma m M 178.6 94.6 41.0 331.0 | H 1.098 | V 0.002 | pL 0.001 | vL 0.000 | delta 0.006
U 18 | F 036864 | FPS 0022 | D 1485 | rR:mu sigma m M 0.00 0.00 0.00 0.00 | F:mu sigma m M 170.5 90.9 41.0 328.0 | H 1.098 | V 0.001 | pL 0.000 | vL 0.000 | delta 0.001
U 19 | F 038912 | FPS 0025 | D 1567 | rR:mu sigma m M 0.00 0.00 0.00 0.00 | F:mu sigma m M 219.2 169.1 28.0 739.0 | H 1.099 | V 0.001 | pL 0.000 | vL 0.000 | delta 0.001
U 20 | F 040960 | FPS 0026 | D 1646 | rR:mu sigma m M 0.00 0.00 0.00 0.00 | F:mu sigma m M 191.6 214.3 28.0 739.0 | H 1.099 | V 0.000 | pL -0.000 | vL 0.000 | delta 0.001
U 21 | F 043008 | FPS 0024 | D 1731 | rR:mu sigma m M 0.00 0.00 0.00 0.00 | F:mu sigma m M 158.9 88.9 39.0 393.0 | H 1.099 | V 0.000 | pL 0.000 | vL 0.000 | delta 0.001
U 22 | F 045056 | FPS 0026 | D 1811 | rR:mu sigma m M 0.00 0.00 0.00 0.00 | F:mu sigma m M 142.8 176.5 23.0 753.0 | H 1.099 | V 0.001 | pL 0.000 | vL 0.000 | delta 0.000
U 23 | F 047104 | FPS 0027 | D 1887 | rR:mu sigma m M 0.00 0.00 0.00 0.00 | F:mu sigma m M 140.9 88.7 30.0 350.0 | H 1.099 | V 0.000 | pL 0.000 | vL 0.000 | delta 0.001
U 24 | F 049152 | FPS 0028 | D 1960 | rR:mu sigma m M 0.00 0.00 0.00 0.00 | F:mu sigma m M 155.2 78.1 65.0 350.0 | H 1.099 | V 0.000 | pL 0.000 | vL 0.000 | delta 0.000
U 25 | F 051200 | FPS 0026 | D 2037 | rR:mu sigma m M 0.00 0.00 0.00 0.00 | F:mu sigma m M 158.7 112.7 29.0 491.0 | H 1.098 | V 0.001 | pL 0.000 | vL 0.000 | delta 0.002
U 26 | F 053248 | FPS 0025 | D 2118 | rR:mu sigma m M 0.00 0.00 0.00 0.00 | F:mu sigma m M 175.3 125.8 29.0 491.0 | H 1.099 | V 0.000 | pL -0.000 | vL 0.000 | delta 0.001
U 27 | F 055296 | FPS 0026 | D 2198 | rR:mu sigma m M 0.00 0.00 0.00 0.00 | F:mu sigma m M 215.7 169.4 27.0 742.0 | H 1.098 | V -0.001 | pL -0.000 | vL 0.000 | delta 0.001
U 28 | F 057344 | FPS 0025 | D 2280 | rR:mu sigma m M 0.00 0.00 0.00 0.00 | F:mu sigma m M 181.3 120.3 33.0 407.0 | H 1.099 | V -0.000 | pL -0.000 | vL 0.000 | delta 0.001
U 29 | F 059392 | FPS 0027 | D 2355 | rR:mu sigma m M 0.00 0.00 0.00 0.00 | F:mu sigma m M 124.3 77.9 36.0 330.0 | H 1.098 | V 0.000 | pL 0.000 | vL 0.000 | delta 0.001
U 30 | F 061440 | FPS 0024 | D 2441 | rR:mu sigma m M 0.00 0.00 0.00 0.00 | F:mu sigma m M 141.0 98.3 32.0 396.0 | H 1.099 | V -0.000 | pL -0.000 | vL 0.000 | delta 0.000
U 31 | F 063488 | FPS 0025 | D 2525 | rR:mu sigma m M 0.00 0.00 0.00 0.00 | F:mu sigma m M 174.8 98.6 55.0 421.0 | H 1.099 | V 0.000 | pL 0.000 | vL 0.000 | delta 0.001
U 32 | F 065536 | FPS 0025 | D 2608 | rR:mu sigma m M 0.00 0.00 0.00 0.00 | F:mu sigma m M 196.9 145.5 55.0 678.0 | H 1.099 | V 0.001 | pL 0.000 | vL 0.000 | delta 0.001
U 33 | F 067584 | FPS 0026 | D 2686 | rR:mu sigma m M 0.00 0.00 0.00 0.00 | F:mu sigma m M 141.6 109.4 23.0 483.0 | H 1.099 | V 0.001 | pL 0.000 | vL 0.000 | delta 0.001
U 34 | F 069632 | FPS 0028 | D 2759 | rR:mu sigma m M 0.00 0.00 0.00 0.00 | F:mu sigma m M 140.9 113.2 26.0 435.0 | H 1.099 | V 0.001 | pL -0.000 | vL 0.000 | delta 0.001
U 35 | F 071680 | FPS 0023 | D 2846 | rR:mu sigma m M 0.00 0.00 0.00 0.00 | F:mu sigma m M 192.4 151.9 26.0 508.0 | H 1.098 | V 0.002 | pL 0.001 | vL 0.000 | delta 0.001
U 36 | F 073728 | FPS 0024 | D 2932 | rR:mu sigma m M 0.00 0.00 0.00 0.00 | F:mu sigma m M 254.8 304.1 19.0 900.0 | H 1.099 | V -0.000 | pL 0.000 | vL 0.000 | delta 0.000
U 37 | F 075776 | FPS 0024 | D 3016 | rR:mu sigma m M 0.00 0.00 0.00 0.00 | F:mu sigma m M 194.9 209.3 14.0 884.0 | H 1.099 | V 0.000 | pL -0.000 | vL 0.000 | delta 0.001
U 38 | F 077824 | FPS 0025 | D 3097 | rR:mu sigma m M 0.00 0.00 0.00 0.00 | F:mu sigma m M 145.6 107.5 28.0 400.0 | H 1.099 | V 0.000 | pL 0.000 | vL 0.000 | delta 0.000
U 39 | F 079872 | FPS 0026 | D 3175 | rR:mu sigma m M 0.00 0.00 0.00 0.00 | F:mu sigma m M 101.9 79.8 28.0 369.0 | H 1.099 | V 0.000 | pL 0.000 | vL 0.000 | delta 0.000
U 40 | F 081920 | FPS 0027 | D 3251 | rR:mu sigma m M 0.00 0.00 0.00 0.00 | F:mu sigma m M 163.5 126.1 28.0 438.0 | H 1.099 | V 0.000 | pL -0.000 | vL 0.000 | delta 0.001
U 41 | F 083968 | FPS 0026 | D 3330 | rR:mu sigma m M 0.00 0.00 0.00 0.00 | F:mu sigma m M 177.8 154.3 28.0 497.0 | H 1.099 | V 0.000 | pL 0.000 | vL 0.000 | delta 0.000
U 42 | F 086016 | FPS 0025 | D 3413 | rR:mu sigma m M 0.00 0.00 0.00 0.00 | F:mu sigma m M 147.5 97.3 26.0 378.0 | H 1.099 | V 0.001 | pL 0.000 | vL 0.000 | delta 0.002
U 43 | F 088064 | FPS 0025 | D 3494 | rR:mu sigma m M 0.00 0.00 0.00 0.00 | F:mu sigma m M 130.1 73.9 45.0 332.0 | H 1.099 | V -0.000 | pL -0.000 | vL 0.000 | delta 0.000
U 44 | F 090112 | FPS 0025 | D 3576 | rR:mu sigma m M 0.00 0.00 0.00 0.00 | F:mu sigma m M 153.0 114.1 45.0 479.0 | H 1.099 | V -0.000 | pL -0.000 | vL 0.000 | delta 0.000
U 45 | F 092160 | FPS 0025 | D 3658 | rR:mu sigma m M 0.00 0.00 0.00 0.00 | F:mu sigma m M 173.0 144.5 20.0 479.0 | H 1.099 | V -0.000 | pL -0.000 | vL 0.000 | delta 0.000
U 46 | F 094208 | FPS 0027 | D 3734 | rR:mu sigma m M 0.00 0.00 0.00 0.00 | F:mu sigma m M 215.2 187.8 17.0 668.0 | H 1.099 | V -0.000 | pL -0.000 | vL 0.000 | delta 0.000
U 47 | F 096256 | FPS 0028 | D 3807 | rR:mu sigma m M 0.00 0.00 0.00 0.00 | F:mu sigma m M 159.1 120.7 16.0 426.0 | H 1.099 | V -0.000 | pL -0.000 | vL 0.000 | delta 0.000
U 48 | F 098304 | FPS 0029 | D 3876 | rR:mu sigma m M 0.00 0.00 0.00 0.00 | F:mu sigma m M 126.7 62.3 30.0 261.0 | H 1.099 | V 0.001 | pL -0.000 | vL 0.000 | delta 0.001
U 49 | F 100352 | FPS 0030 | D 3944 | rR:mu sigma m M 0.00 0.00 0.00 0.00 | F:mu sigma m M 189.6 145.3 45.0 617.0 | H 1.099 | V 0.000 | pL 0.000 | vL 0.000 | delta 0.001
U 50 | F 102400 | FPS 0025 | D 4027 | rR:mu sigma m M 0.00 0.00 0.00 0.00 | F:mu sigma m M 218.0 152.8 45.0 617.0 | H 1.099 | V 0.000 | pL -0.000 | vL 0.000 | delta 0.001
U 51 | F 104448 | FPS 0025 | D 4111 | rR:mu sigma m M 0.00 0.00 0.00 0.00 | F:mu sigma m M 149.6 87.7 40.0 374.0 | H 1.099 | V 0.000 | pL 0.000 | vL 0.000 | delta 0.000
U 52 | F 106496 | FPS 0025 | D 4193 | rR:mu sigma m M 0.00 0.00 0.00 0.00 | F:mu sigma m M 75.8 34.2 27.0 151.0 | H 1.099 | V 0.000 | pL 0.000 | vL 0.000 | delta 0.000
U 53 | F 108544 | FPS 0027 | D 4268 | rR:mu sigma m M 0.00 0.00 0.00 0.00 | F:mu sigma m M 117.2 85.2 27.0 277.0 | H 1.099 | V 0.000 | pL 0.000 | vL 0.000 | delta 0.001
U 54 | F 110592 | FPS 0027 | D 4345 | rR:mu sigma m M 0.00 0.00 0.00 0.00 | F:mu sigma m M 215.2 141.2 28.0 580.0 | H 1.099 | V 0.000 | pL 0.000 | vL 0.000 | delta 0.000
U 55 | F 112640 | FPS 0026 | D 4423 | rR:mu sigma m M 0.00 0.00 0.00 0.00 | F:mu sigma m M 128.4 70.9 34.0 320.0 | H 1.099 | V 0.000 | pL 0.000 | vL 0.000 | delta 0.000
U 56 | F 114688 | FPS 0026 | D 4503 | rR:mu sigma m M 0.00 0.00 0.00 0.00 | F:mu sigma m M 142.6 137.8 34.0 606.0 | H 1.099 | V 0.001 | pL 0.000 | vL 0.000 | delta 0.001
U 57 | F 116736 | FPS 0025 | D 4585 | rR:mu sigma m M 0.00 0.00 0.00 0.00 | F:mu sigma m M 134.3 125.7 18.0 533.0 | H 1.099 | V 0.001 | pL 0.000 | vL 0.000 | delta 0.001
U 58 | F 118784 | FPS 0026 | D 4664 | rR:mu sigma m M 0.02 0.08 0.00 0.37 | F:mu sigma m M 184.4 164.4 45.0 628.0 | H 1.092 | V 0.003 | pL -0.003 | vL 0.000 | delta 0.012
U 59 | F 120832 | FPS 0028 | D 4737 | rR:mu sigma m M 0.00 0.00 0.00 0.00 | F:mu sigma m M 86.1 71.8 11.0 296.0 | H 1.099 | V 0.002 | pL 0.000 | vL 0.000 | delta 0.006
U 60 | F 122880 | FPS 0023 | D 4826 | rR:mu sigma m M 0.00 0.00 0.00 0.00 | F:mu sigma m M 135.7 112.5 31.0 469.0 | H 1.099 | V -0.001 | pL -0.000 | vL 0.000 | delta 0.001
U 61 | F 124928 | FPS 0027 | D 4902 | rR:mu sigma m M 0.00 0.00 0.00 0.00 | F:mu sigma m M 201.0 113.9 83.0 469.0 | H 1.099 | V -0.001 | pL -0.000 | vL 0.000 | delta 0.000
U 62 | F 126976 | FPS 0028 | D 4976 | rR:mu sigma m M 0.00 0.00 0.00 0.00 | F:mu sigma m M 146.3 200.6 29.0 900.0 | H 1.099 | V 0.001 | pL -0.000 | vL 0.000 | delta 0.001
U 63 | F 129024 | FPS 0026 | D 5055 | rR:mu sigma m M 0.00 0.00 0.00 0.00 | F:mu sigma m M 174.6 139.5 17.0 486.0 | H 1.099 | V 0.000 | pL 0.000 | vL 0.000 | delta 0.000
U 64 | F 131072 | FPS 0026 | D 5133 | rR:mu sigma m M 0.00 0.00 0.00 0.00 | F:mu sigma m M 176.5 116.5 29.0 486.0 | H 1.099 | V 0.000 | pL -0.000 | vL 0.000 | delta 0.000
U 65 | F 133120 | FPS 0028 | D 5206 | rR:mu sigma m M 0.00 0.00 0.00 0.00 | F:mu sigma m M 215.3 121.5 18.0 449.0 | H 1.099 | V 0.000 | pL 0.000 | vL 0.000 | delta 0.000
U 66 | F 135168 | FPS 0027 | D 5283 | rR:mu sigma m M 0.00 0.00 0.00 0.00 | F:mu sigma m M 228.3 172.9 18.0 631.0 | H 1.099 | V 0.000 | pL 0.000 | vL 0.000 | delta 0.000
U 67 | F 137216 | FPS 0027 | D 5359 | rR:mu sigma m M 0.00 0.00 0.00 0.00 | F:mu sigma m M 148.3 115.3 31.0 435.0 | H 1.099 | V -0.000 | pL 0.000 | vL 0.000 | delta 0.000
U 68 | F 139264 | FPS 0026 | D 5438 | rR:mu sigma m M 0.00 0.00 0.00 0.00 | F:mu sigma m M 134.6 100.8 31.0 391.0 | H 1.099 | V 0.000 | pL -0.000 | vL 0.000 | delta 0.000
U 69 | F 141312 | FPS 0026 | D 5518 | rR:mu sigma m M 0.00 0.00 0.00 0.00 | F:mu sigma m M 181.1 108.1 31.0 379.0 | H 1.099 | V 0.000 | pL 0.000 | vL 0.000 | delta 0.000
U 70 | F 143360 | FPS 0023 | D 5607 | rR:mu sigma m M 0.00 0.00 0.00 0.00 | F:mu sigma m M 180.6 167.1 22.0 568.0 | H 1.099 | V 0.000 | pL -0.000 | vL 0.000 | delta 0.000
U 71 | F 145408 | FPS 0025 | D 5690 | rR:mu sigma m M 0.00 0.00 0.00 0.00 | F:mu sigma m M 140.6 171.6 20.0 776.0 | H 1.099 | V -0.000 | pL -0.000 | vL 0.000 | delta 0.000
U 72 | F 147456 | FPS 0024 | D 5774 | rR:mu sigma m M 0.03 0.12 0.00 0.50 | F:mu sigma m M 224.8 209.3 20.0 776.0 | H 1.096 | V 0.004 | pL -0.004 | vL 0.001 | delta 0.018
U 73 | F 149504 | FPS 0029 | D 5844 | rR:mu sigma m M 0.00 0.00 0.00 0.00 | F:mu sigma m M 196.5 148.6 41.0 553.0 | H 1.098 | V -0.007 | pL -0.002 | vL 0.000 | delta 0.005
U 74 | F 151552 | FPS 0025 | D 5926 | rR:mu sigma m M 0.00 0.00 0.00 0.00 | F:mu sigma m M 200.4 206.3 24.0 797.0 | H 1.099 | V -0.004 | pL -0.001 | vL 0.000 | delta 0.001
U 75 | F 153600 | FPS 0024 | D 6011 | rR:mu sigma m M 0.00 0.00 0.00 0.00 | F:mu sigma m M 156.7 115.7 16.0 397.0 | H 1.099 | V -0.003 | pL -0.001 | vL 0.000 | delta 0.001
U 76 | F 155648 | FPS 0025 | D 6094 | rR:mu sigma m M 0.00 0.00 0.00 0.00 | F:mu sigma m M 145.4 109.8 28.0 404.0 | H 1.099 | V -0.002 | pL -0.001 | vL 0.000 | delta 0.001
U 77 | F 157696 | FPS 0025 | D 6174 | rR:mu sigma m M 0.00 0.00 0.00 0.00 | F:mu sigma m M 138.8 98.0 28.0 404.0 | H 1.099 | V -0.001 | pL -0.000 | vL 0.000 | delta 0.001
U 78 | F 159744 | FPS 0027 | D 6251 | rR:mu sigma m M 0.00 0.00 0.00 0.00 | F:mu sigma m M 208.1 128.9 19.0 462.0 | H 1.098 | V 0.001 | pL 0.000 | vL 0.000 | delta 0.003
U 79 | F 161792 | FPS 0027 | D 6328 | rR:mu sigma m M 0.00 0.00 0.00 0.00 | F:mu sigma m M 170.6 135.3 19.0 540.0 | H 1.099 | V 0.001 | pL 0.000 | vL 0.000 | delta 0.002
U 80 | F 163840 | FPS 0027 | D 6405 | rR:mu sigma m M 0.00 0.00 0.00 0.00 | F:mu sigma m M 148.1 100.3 25.0 423.0 | H 1.098 | V 0.001 | pL 0.000 | vL 0.000 | delta 0.001
U 81 | F 165888 | FPS 0029 | D 6477 | rR:mu sigma m M 0.00 0.00 0.00 0.00 | F:mu sigma m M 122.0 90.7 19.0 326.0 | H 1.099 | V 0.000 | pL 0.000 | vL 0.000 | delta 0.001
U 82 | F 167936 | FPS 0026 | D 6555 | rR:mu sigma m M 0.00 0.00 0.00 0.00 | F:mu sigma m M 104.7 67.9 34.0 281.0 | H 1.099 | V 0.001 | pL 0.000 | vL 0.000 | delta 0.000
U 83 | F 169984 | FPS 0028 | D 6628 | rR:mu sigma m M 0.00 0.00 0.00 0.00 | F:mu sigma m M 174.6 134.7 35.0 486.0 | H 1.099 | V 0.000 | pL -0.000 | vL 0.000 | delta 0.001
U 84 | F 172032 | FPS 0026 | D 6707 | rR:mu sigma m M 0.00 0.00 0.00 0.00 | F:mu sigma m M 175.8 170.7 43.0 679.0 | H 1.099 | V 0.001 | pL 0.000 | vL 0.000 | delta 0.000
U 85 | F 174080 | FPS 0025 | D 6787 | rR:mu sigma m M 0.00 0.00 0.00 0.00 | F:mu sigma m M 144.9 113.4 43.0 533.0 | H 1.099 | V 0.001 | pL 0.000 | vL 0.000 | delta 0.000
U 86 | F 176128 | FPS 0023 | D 6875 | rR:mu sigma m M 0.00 0.00 0.00 0.00 | F:mu sigma m M 227.1 187.8 61.0 791.0 | H 1.099 | V 0.001 | pL 0.000 | vL 0.000 | delta 0.000
U 87 | F 178176 | FPS 0026 | D 6954 | rR:mu sigma m M 0.00 0.00 0.00 0.00 | F:mu sigma m M 178.4 111.6 25.0 393.0 | H 1.099 | V 0.001 | pL 0.000 | vL 0.000 | delta 0.000
U 88 | F 180224 | FPS 0027 | D 7030 | rR:mu sigma m M 0.00 0.00 0.00 0.00 | F:mu sigma m M 181.9 170.8 22.0 616.0 | H 1.099 | V 0.001 | pL 0.000 | vL 0.000 | delta 0.000
U 89 | F 182272 | FPS 0027 | D 7106 | rR:mu sigma m M 0.04 0.17 0.00 0.70 | F:mu sigma m M 289.2 226.2 11.0 828.0 | H 1.097 | V 0.007 | pL -0.005 | vL 0.001 | delta 0.016
U 90 | F 184320 | FPS 0028 | D 7179 | rR:mu sigma m M 0.04 0.17 0.00 0.70 | F:mu sigma m M 284.4 231.8 59.0 828.0 | H 1.097 | V 0.008 | pL 0.001 | vL 0.000 | delta 0.004
U 91 | F 186368 | FPS 0024 | D 7264 | rR:mu sigma m M 0.00 0.00 0.00 0.00 | F:mu sigma m M 190.8 166.5 43.0 728.0 | H 1.098 | V 0.007 | pL 0.002 | vL 0.000 | delta 0.001
U 92 | F 188416 | FPS 0029 | D 7335 | rR:mu sigma m M 0.00 0.00 0.00 0.00 | F:mu sigma m M 178.1 169.5 18.0 604.0 | H 1.098 | V 0.011 | pL 0.002 | vL 0.000 | delta 0.002
U 93 | F 190464 | FPS 0024 | D 7420 | rR:mu sigma m M 0.03 0.13 0.00 0.54 | F:mu sigma m M 219.5 164.3 40.0 604.0 | H 1.095 | V 0.009 | pL -0.003 | vL 0.001 | delta 0.017
U 94 | F 192512 | FPS 0025 | D 7503 | rR:mu sigma m M 0.03 0.13 0.00 0.54 | F:mu sigma m M 172.8 121.3 33.0 460.0 | H 1.099 | V 0.000 | pL 0.000 | vL 0.000 | delta 0.002
U 95 | F 194560 | FPS 0026 | D 7581 | rR:mu sigma m M 0.00 0.00 0.00 0.00 | F:mu sigma m M 151.2 131.2 33.0 506.0 | H 1.097 | V 0.003 | pL 0.001 | vL 0.000 | delta 0.004
U 96 | F 196608 | FPS 0025 | D 7662 | rR:mu sigma m M 0.00 0.00 0.00 0.00 | F:mu sigma m M 195.9 178.6 27.0 657.0 | H 1.098 | V 0.002 | pL 0.001 | vL 0.000 | delta 0.000
U 97 | F 198656 | FPS 0024 | D 7749 | rR:mu sigma m M 0.00 0.00 0.00 0.00 | F:mu sigma m M 209.4 175.6 20.0 628.0 | H 1.099 | V 0.002 | pL 0.001 | vL 0.000 | delta 0.000
U 98 | F 200704 | FPS 0027 | D 7826 | rR:mu sigma m M 0.00 0.00 0.00 0.00 | F:mu sigma m M 121.5 161.4 14.0 765.0 | H 1.098 | V 0.001 | pL 0.001 | vL 0.000 | delta 0.001
U 99 | F 202752 | FPS 0026 | D 7904 | rR:mu sigma m M 0.00 0.00 0.00 0.00 | F:mu sigma m M 148.6 156.0 21.0 593.0 | H 1.099 | V 0.001 | pL 0.000 | vL 0.000 | delta 0.000
U 100 | F 204800 | FPS 0026 | D 7984 | rR:mu sigma m M 0.05 0.19 0.00 0.77 | F:mu sigma m M 173.6 140.0 24.0 593.0 | H 1.096 | V 0.006 | pL -0.006 | vL 0.001 | delta 0.028
U 101 | F 206848 | FPS 0026 | D 8064 | rR:mu sigma m M 0.00 0.00 0.00 0.00 | F:mu sigma m M 133.8 86.1 18.0 298.0 | H 1.098 | V -0.010 | pL -0.003 | vL 0.000 | delta 0.002
U 102 | F 208896 | FPS 0029 | D 8134 | rR:mu sigma m M 0.00 0.00 0.00 0.00 | F:mu sigma m M 135.7 133.2 18.0 574.0 | H 1.098 | V -0.009 | pL -0.003 | vL 0.000 | delta 0.001
U 103 | F 210944 | FPS 0025 | D 8217 | rR:mu sigma m M 0.04 0.14 0.00 0.57 | F:mu sigma m M 172.5 170.3 30.0 637.0 | H 1.094 | V -0.001 | pL -0.006 | vL 0.000 | delta 0.016
U 104 | F 212992 | FPS 0030 | D 8285 | rR:mu sigma m M 0.00 0.00 0.00 0.00 | F:mu sigma m M 165.1 167.2 30.0 637.0 | H 1.098 | V 0.001 | pL 0.000 | vL 0.000 | delta 0.006
U 105 | F 215040 | FPS 0029 | D 8356 | rR:mu sigma m M 0.00 0.00 0.00 0.00 | F:mu sigma m M 188.7 175.3 31.0 601.0 | H 1.098 | V -0.002 | pL -0.001 | vL 0.000 | delta 0.003
U 106 | F 217088 | FPS 0028 | D 8430 | rR:mu sigma m M 0.00 0.00 0.00 0.00 | F:mu sigma m M 170.6 141.9 40.0 601.0 | H 1.098 | V -0.001 | pL -0.000 | vL 0.000 | delta 0.001
U 107 | F 219136 | FPS 0025 | D 8512 | rR:mu sigma m M 0.00 0.00 0.00 0.00 | F:mu sigma m M 181.6 101.8 35.0 377.0 | H 1.097 | V 0.000 | pL -0.001 | vL 0.000 | delta 0.006
U 108 | F 221184 | FPS 0028 | D 8585 | rR:mu sigma m M 0.05 0.20 0.00 0.82 | F:mu sigma m M 164.8 130.2 13.0 512.0 | H 1.096 | V 0.010 | pL -0.004 | vL 0.000 | delta 0.011
U 109 | F 223232 | FPS 0029 | D 8656 | rR:mu sigma m M 0.05 0.18 0.00 0.74 | F:mu sigma m M 198.1 134.3 13.0 512.0 | H 1.097 | V 0.014 | pL -0.003 | vL 0.001 | delta 0.014
U 110 | F 225280 | FPS 0025 | D 8738 | rR:mu sigma m M 0.05 0.18 0.00 0.74 | F:mu sigma m M 241.2 124.4 31.0 448.0 | H 1.098 | V -0.001 | pL -0.001 | vL 0.000 | delta 0.004
U 111 | F 227328 | FPS 0028 | D 8811 | rR:mu sigma m M 0.00 0.00 0.00 0.00 | F:mu sigma m M 229.0 138.7 25.0 448.0 | H 1.098 | V -0.003 | pL -0.001 | vL 0.000 | delta 0.002
U 112 | F 229376 | FPS 0027 | D 8888 | rR:mu sigma m M 0.00 0.00 0.00 0.00 | F:mu sigma m M 170.6 109.1 36.0 389.0 | H 1.098 | V -0.003 | pL -0.001 | vL 0.000 | delta 0.003
U 113 | F 231424 | FPS 0025 | D 8968 | rR:mu sigma m M 0.00 0.00 0.00 0.00 | F:mu sigma m M 112.4 78.6 30.0 341.0 | H 1.099 | V -0.003 | pL -0.001 | vL 0.000 | delta 0.000
U 114 | F 233472 | FPS 0025 | D 9050 | rR:mu sigma m M 0.00 0.00 0.00 0.00 | F:mu sigma m M 189.6 160.0 34.0 620.0 | H 1.098 | V -0.002 | pL -0.000 | vL 0.000 | delta 0.000
U 115 | F 235520 | FPS 0025 | D 9132 | rR:mu sigma m M 0.00 0.00 0.00 0.00 | F:mu sigma m M 189.5 121.1 15.0 432.0 | H 1.098 | V -0.002 | pL -0.001 | vL 0.000 | delta 0.001
U 116 | F 237568 | FPS 0030 | D 9201 | rR:mu sigma m M 0.00 0.00 0.00 0.00 | F:mu sigma m M 169.0 133.9 15.0 437.0 | H 1.099 | V -0.002 | pL -0.000 | vL 0.000 | delta 0.000
U 117 | F 239616 | FPS 0026 | D 9281 | rR:mu sigma m M 0.00 0.00 0.00 0.00 | F:mu sigma m M 173.7 122.8 10.0 437.0 | H 1.098 | V -0.001 | pL -0.000 | vL 0.000 | delta 0.001
U 118 | F 241664 | FPS 0024 | D 9366 | rR:mu sigma m M 0.00 0.00 0.00 0.00 | F:mu sigma m M 204.9 172.4 10.0 602.0 | H 1.099 | V -0.001 | pL -0.000 | vL 0.000 | delta 0.000
U 119 | F 243712 | FPS 0025 | D 9448 | rR:mu sigma m M 0.00 0.00 0.00 0.00 | F:mu sigma m M 208.0 157.1 41.0 514.0 | H 1.098 | V 0.006 | pL -0.002 | vL 0.000 | delta 0.006
U 120 | F 245760 | FPS 0023 | D 9536 | rR:mu sigma m M 0.04 0.17 0.00 0.72 | F:mu sigma m M 167.6 124.1 17.0 514.0 | H 1.097 | V 0.010 | pL -0.002 | vL 0.000 | delta 0.024
U 121 | F 247808 | FPS 0027 | D 9613 | rR:mu sigma m M 0.00 0.00 0.00 0.00 | F:mu sigma m M 189.9 135.0 61.0 458.0 | H 1.098 | V 0.017 | pL 0.004 | vL 0.000 | delta 0.013
U 122 | F 249856 | FPS 0024 | D 9698 | rR:mu sigma m M 0.00 0.00 0.00 0.00 | F:mu sigma m M 121.7 85.7 11.0 367.0 | H 1.098 | V 0.008 | pL 0.003 | vL 0.000 | delta 0.003
U 123 | F 251904 | FPS 0023 | D 9786 | rR:mu sigma m M 0.00 0.00 0.00 0.00 | F:mu sigma m M 120.1 62.8 13.0 238.0 | H 1.097 | V 0.009 | pL 0.001 | vL 0.000 | delta 0.005
U 124 | F 253952 | FPS 0026 | D 9864 | rR:mu sigma m M 0.08 0.23 0.00 0.83 | F:mu sigma m M 140.1 118.1 26.0 471.0 | H 1.096 | V 0.022 | pL -0.006 | vL 0.000 | delta 0.012
U 125 | F 256000 | FPS 0025 | D 9946 | rR:mu sigma m M 0.00 0.00 0.00 0.00 | F:mu sigma m M 158.7 168.4 20.0 740.0 | H 1.098 | V 0.003 | pL 0.001 | vL 0.000 | delta 0.001
U 126 | F 258048 | FPS 0028 | D 10019 | rR:mu sigma m M 0.00 0.00 0.00 0.00 | F:mu sigma m M 159.4 119.9 20.0 488.0 | H 1.098 | V 0.003 | pL -0.000 | vL 0.000 | delta 0.002
U 127 | F 260096 | FPS 0029 | D 10090 | rR:mu sigma m M 0.00 0.00 0.00 0.00 | F:mu sigma m M 160.4 102.9 22.0 342.0 | H 1.098 | V 0.002 | pL 0.001 | vL 0.000 | delta 0.003
U 128 | F 262144 | FPS 0026 | D 10170 | rR:mu sigma m M 0.00 0.00 0.00 0.00 | F:mu sigma m M 105.8 77.1 22.0 259.0 | H 1.097 | V 0.012 | pL -0.003 | vL 0.000 | delta 0.005
U 129 | F 264192 | FPS 0027 | D 10246 | rR:mu sigma m M 0.04 0.17 0.00 0.71 | F:mu sigma m M 201.9 125.8 14.0 405.0 | H 1.098 | V 0.011 | pL -0.001 | vL 0.000 | delta 0.009
U 130 | F 266240 | FPS 0024 | D 10330 | rR:mu sigma m M 0.00 0.00 0.00 0.00 | F:mu sigma m M 207.2 114.0 14.0 379.0 | H 1.098 | V 0.014 | pL -0.001 | vL 0.000 | delta 0.006
U 131 | F 268288 | FPS 0027 | D 10407 | rR:mu sigma m M 0.00 0.00 0.00 0.00 | F:mu sigma m M 200.4 92.5 83.0 379.0 | H 1.093 | V 0.008 | pL 0.005 | vL 0.000 | delta 0.012
U 132 | F 270336 | FPS 0025 | D 10489 | rR:mu sigma m M 0.00 0.00 0.00 0.00 | F:mu sigma m M 179.4 88.5 59.0 351.0 | H 1.099 | V -0.001 | pL 0.000 | vL 0.000 | delta 0.001
U 133 | F 272384 | FPS 0026 | D 10567 | rR:mu sigma m M 0.00 0.00 0.00 0.00 | F:mu sigma m M 180.4 146.4 20.0 586.0 | H 1.097 | V 0.002 | pL -0.001 | vL 0.000 | delta 0.003
U 134 | F 274432 | FPS 0031 | D 10632 | rR:mu sigma m M 0.00 0.00 0.00 0.00 | F:mu sigma m M 211.9 228.5 32.0 900.0 | H 1.098 | V -0.001 | pL -0.000 | vL 0.000 | delta 0.002
U 135 | F 276480 | FPS 0026 | D 10711 | rR:mu sigma m M 0.00 0.00 0.00 0.00 | F:mu sigma m M 209.4 123.2 75.0 525.0 | H 1.097 | V 0.002 | pL 0.000 | vL 0.000 | delta 0.007
U 136 | F 278528 | FPS 0029 | D 10782 | rR:mu sigma m M 0.00 0.00 0.00 0.00 | F:mu sigma m M 208.6 125.2 50.0 525.0 | H 1.098 | V -0.001 | pL -0.001 | vL 0.000 | delta 0.003
U 137 | F 280576 | FPS 0023 | D 10870 | rR:mu sigma m M 0.00 0.00 0.00 0.00 | F:mu sigma m M 242.1 202.1 41.0 774.0 | H 1.098 | V -0.002 | pL -0.000 | vL 0.000 | delta 0.002
U 138 | F 282624 | FPS 0027 | D 10947 | rR:mu sigma m M 0.00 0.00 0.00 0.00 | F:mu sigma m M 203.2 144.4 57.0 682.0 | H 1.099 | V -0.001 | pL -0.000 | vL 0.000 | delta 0.001
U 139 | F 284672 | FPS 0024 | D 11033 | rR:mu sigma m M 0.00 0.00 0.00 0.00 | F:mu sigma m M 145.9 127.4 38.0 536.0 | H 1.098 | V 0.000 | pL -0.000 | vL 0.000 | delta 0.001
U 140 | F 286720 | FPS 0032 | D 11098 | rR:mu sigma m M 0.00 0.00 0.00 0.00 | F:mu sigma m M 119.6 65.4 38.0 319.0 | H 1.098 | V 0.000 | pL 0.000 | vL 0.000 | delta 0.001
U 141 | F 288768 | FPS 0023 | D 11187 | rR:mu sigma m M 0.00 0.00 0.00 0.00 | F:mu sigma m M 173.7 134.3 50.0 459.0 | H 1.098 | V -0.000 | pL -0.000 | vL 0.000 | delta 0.001
U 142 | F 290816 | FPS 0025 | D 11270 | rR:mu sigma m M 0.00 0.00 0.00 0.00 | F:mu sigma m M 171.6 125.4 50.0 459.0 | H 1.099 | V 0.000 | pL 0.000 | vL 0.000 | delta 0.000
U 143 | F 292864 | FPS 0028 | D 11342 | rR:mu sigma m M 0.00 0.00 0.00 0.00 | F:mu sigma m M 155.1 101.7 55.0 370.0 | H 1.098 | V 0.001 | pL 0.000 | vL 0.000 | delta 0.001
U 144 | F 294912 | FPS 0024 | D 11429 | rR:mu sigma m M 0.00 0.00 0.00 0.00 | F:mu sigma m M 204.6 186.7 28.0 804.0 | H 1.096 | V 0.006 | pL -0.001 | vL 0.000 | delta 0.004
U 145 | F 296960 | FPS 0026 | D 11508 | rR:mu sigma m M 0.00 0.00 0.00 0.00 | F:mu sigma m M 148.6 95.7 26.0 345.0 | H 1.097 | V 0.004 | pL 0.002 | vL 0.000 | delta 0.003
U 146 | F 299008 | FPS 0026 | D 11587 | rR:mu sigma m M 0.00 0.00 0.00 0.00 | F:mu sigma m M 138.2 120.1 11.0 443.0 | H 1.099 | V 0.001 | pL 0.000 | vL 0.000 | delta 0.000
U 147 | F 301056 | FPS 0028 | D 11661 | rR:mu sigma m M 0.00 0.00 0.00 0.00 | F:mu sigma m M 138.9 96.0 43.0 439.0 | H 1.098 | V 0.003 | pL 0.000 | vL 0.000 | delta 0.002
U 148 | F 303104 | FPS 0027 | D 11737 | rR:mu sigma m M 0.00 0.00 0.00 0.00 | F:mu sigma m M 169.5 96.6 44.0 413.0 | H 1.098 | V 0.002 | pL 0.001 | vL 0.000 | delta 0.001
U 149 | F 305152 | FPS 0026 | D 11815 | rR:mu sigma m M 0.00 0.00 0.00 0.00 | F:mu sigma m M 205.8 138.6 30.0 507.0 | H 1.098 | V 0.002 | pL 0.000 | vL 0.000 | delta 0.001
U 150 | F 307200 | FPS 0030 | D 11883 | rR:mu sigma m M 0.00 0.00 0.00 0.00 | F:mu sigma m M 139.4 121.5 36.0 439.0 | H 1.098 | V 0.002 | pL 0.001 | vL 0.000 | delta 0.001
U 151 | F 309248 | FPS 0026 | D 11963 | rR:mu sigma m M 0.00 0.00 0.00 0.00 | F:mu sigma m M 162.8 118.9 36.0 384.0 | H 1.099 | V 0.001 | pL 0.000 | vL 0.000 | delta 0.000
U 152 | F 311296 | FPS 0023 | D 12050 | rR:mu sigma m M 0.00 0.00 0.00 0.00 | F:mu sigma m M 140.0 104.6 30.0 447.0 | H 1.098 | V 0.003 | pL -0.000 | vL 0.000 | delta 0.001
U 153 | F 313344 | FPS 0028 | D 12123 | rR:mu sigma m M 0.00 0.00 0.00 0.00 | F:mu sigma m M 156.1 124.1 28.0 447.0 | H 1.098 | V 0.002 | pL 0.001 | vL 0.000 | delta 0.001
U 154 | F 315392 | FPS 0028 | D 12196 | rR:mu sigma m M 0.00 0.00 0.00 0.00 | F:mu sigma m M 162.8 115.4 28.0 477.0 | H 1.099 | V 0.001 | pL 0.000 | vL 0.000 | delta 0.001
U 155 | F 317440 | FPS 0026 | D 12274 | rR:mu sigma m M 0.00 0.00 0.00 0.00 | F:mu sigma m M 141.3 86.6 42.0 336.0 | H 1.099 | V 0.001 | pL 0.000 | vL 0.000 | delta 0.000
U 156 | F 319488 | FPS 0025 | D 12356 | rR:mu sigma m M 0.00 0.00 0.00 0.00 | F:mu sigma m M 97.5 74.9 21.0 287.0 | H 1.099 | V 0.001 | pL 0.000 | vL 0.000 | delta 0.000
U 157 | F 321536 | FPS 0026 | D 12435 | rR:mu sigma m M 0.00 0.00 0.00 0.00 | F:mu sigma m M 168.3 118.5 34.0 514.0 | H 1.099 | V 0.001 | pL 0.000 | vL 0.000 | delta 0.000
U 158 | F 323584 | FPS 0026 | D 12514 | rR:mu sigma m M 0.00 0.00 0.00 0.00 | F:mu sigma m M 132.1 110.6 16.0 494.0 | H 1.099 | V 0.000 | pL 0.000 | vL 0.000 | delta 0.000
U 159 | F 325632 | FPS 0024 | D 12599 | rR:mu sigma m M 0.00 0.00 0.00 0.00 | F:mu sigma m M 194.1 133.4 46.0 494.0 | H 1.099 | V 0.001 | pL 0.000 | vL 0.000 | delta 0.000
U 160 | F 327680 | FPS 0028 | D 12674 | rR:mu sigma m M 0.00 0.00 0.00 0.00 | F:mu sigma m M 154.0 89.2 39.0 345.0 | H 1.099 | V 0.001 | pL 0.000 | vL 0.000 | delta 0.000
U 161 | F 329728 | FPS 0026 | D 12752 | rR:mu sigma m M 0.00 0.00 0.00 0.00 | F:mu sigma m M 170.1 171.8 21.0 666.0 | H 1.098 | V 0.001 | pL 0.000 | vL 0.000 | delta 0.001
U 162 | F 331776 | FPS 0026 | D 12830 | rR:mu sigma m M 0.00 0.00 0.00 0.00 | F:mu sigma m M 162.6 135.6 28.0 510.0 | H 1.098 | V 0.002 | pL 0.000 | vL 0.000 | delta 0.001
U 163 | F 333824 | FPS 0026 | D 12909 | rR:mu sigma m M 0.00 0.00 0.00 0.00 | F:mu sigma m M 146.6 106.9 43.0 485.0 | H 1.099 | V 0.001 | pL 0.000 | vL 0.000 | delta 0.000
U 164 | F 335872 | FPS 0024 | D 12993 | rR:mu sigma m M 0.02 0.08 0.00 0.38 | F:mu sigma m M 146.8 139.6 45.0 625.0 | H 1.095 | V 0.003 | pL -0.002 | vL 0.000 | delta 0.005
U 165 | F 337920 | FPS 0031 | D 13060 | rR:mu sigma m M 0.00 0.00 0.00 0.00 | F:mu sigma m M 114.4 63.2 32.0 250.0 | H 1.098 | V 0.002 | pL 0.000 | vL 0.000 | delta 0.002
U 166 | F 339968 | FPS 0025 | D 13143 | rR:mu sigma m M 0.00 0.00 0.00 0.00 | F:mu sigma m M 123.7 86.7 23.0 344.0 | H 1.099 | V 0.002 | pL 0.001 | vL 0.000 | delta 0.001
U 167 | F 342016 | FPS 0027 | D 13219 | rR:mu sigma m M 0.00 0.00 0.00 0.00 | F:mu sigma m M 159.4 117.9 54.0 457.0 | H 1.099 | V 0.001 | pL 0.000 | vL 0.000 | delta 0.000
U 168 | F 344064 | FPS 0026 | D 13298 | rR:mu sigma m M 0.00 0.00 0.00 0.00 | F:mu sigma m M 189.9 156.9 50.0 564.0 | H 1.099 | V 0.001 | pL 0.000 | vL 0.000 | delta 0.000
U 169 | F 346112 | FPS 0028 | D 13371 | rR:mu sigma m M 0.00 0.00 0.00 0.00 | F:mu sigma m M 110.7 85.9 11.0 279.0 | H 1.099 | V 0.001 | pL 0.000 | vL 0.000 | delta 0.000
U 170 | F 348160 | FPS 0026 | D 13451 | rR:mu sigma m M 0.00 0.00 0.00 0.00 | F:mu sigma m M 158.1 128.3 30.0 438.0 | H 1.098 | V 0.003 | pL -0.000 | vL 0.000 | delta 0.002
U 171 | F 350208 | FPS 0024 | D 13537 | rR:mu sigma m M 0.00 0.00 0.00 0.00 | F:mu sigma m M 159.2 128.7 28.0 438.0 | H 1.097 | V 0.005 | pL -0.001 | vL 0.000 | delta 0.005
U 172 | F 352256 | FPS 0024 | D 13621 | rR:mu sigma m M 0.05 0.20 0.00 0.87 | F:mu sigma m M 143.0 125.3 32.0 483.0 | H 1.098 | V 0.008 | pL -0.004 | vL 0.001 | delta 0.011
U 173 | F 354304 | FPS 0026 | D 13700 | rR:mu sigma m M 0.00 0.00 0.00 0.00 | F:mu sigma m M 116.7 118.1 12.0 387.0 | H 1.095 | V 0.015 | pL 0.003 | vL 0.000 | delta 0.010
U 174 | F 356352 | FPS 0027 | D 13777 | rR:mu sigma m M 0.05 0.19 0.00 0.77 | F:mu sigma m M 151.6 127.0 37.0 483.0 | H 1.094 | V 0.014 | pL -0.004 | vL 0.001 | delta 0.018
U 175 | F 358400 | FPS 0026 | D 13854 | rR:mu sigma m M 0.04 0.16 0.00 0.74 | F:mu sigma m M 98.1 65.9 19.0 265.0 | H 1.097 | V 0.011 | pL 0.000 | vL 0.000 | delta 0.007
U 176 | F 360448 | FPS 0025 | D 13936 | rR:mu sigma m M 0.00 0.00 0.00 0.00 | F:mu sigma m M 114.5 88.5 34.0 383.0 | H 1.098 | V 0.005 | pL 0.001 | vL 0.000 | delta 0.002
U 177 | F 362496 | FPS 0025 | D 14016 | rR:mu sigma m M 0.00 0.00 0.00 0.00 | F:mu sigma m M 198.9 158.5 34.0 650.0 | H 1.095 | V 0.007 | pL 0.002 | vL 0.000 | delta 0.005
U 178 | F 364544 | FPS 0021 | D 14112 | rR:mu sigma m M 0.00 0.00 0.00 0.00 | F:mu sigma m M 157.0 99.2 40.0 344.0 | H 1.098 | V 0.005 | pL 0.001 | vL 0.000 | delta 0.001
U 179 | F 366592 | FPS 0024 | D 14196 | rR:mu sigma m M 0.00 0.00 0.00 0.00 | F:mu sigma m M 161.8 102.5 33.0 351.0 | H 1.098 | V 0.005 | pL 0.001 | vL 0.000 | delta 0.002
U 180 | F 368640 | FPS 0025 | D 14279 | rR:mu sigma m M 0.00 0.00 0.00 0.00 | F:mu sigma m M 182.9 97.7 33.0 351.0 | H 1.098 | V 0.004 | pL 0.001 | vL 0.000 | delta 0.001
U 181 | F 370688 | FPS 0024 | D 14364 | rR:mu sigma m M 0.00 0.00 0.00 0.00 | F:mu sigma m M 230.9 138.6 38.0 582.0 | H 1.099 | V 0.003 | pL 0.001 | vL 0.000 | delta 0.000
U 182 | F 372736 | FPS 0026 | D 14444 | rR:mu sigma m M 0.00 0.00 0.00 0.00 | F:mu sigma m M 190.1 130.9 31.0 498.0 | H 1.098 | V 0.004 | pL 0.000 | vL 0.000 | delta 0.001
U 183 | F 374784 | FPS 0027 | D 14521 | rR:mu sigma m M 0.00 0.00 0.00 0.00 | F:mu sigma m M 199.8 167.2 31.0 735.0 | H 1.098 | V 0.003 | pL 0.001 | vL 0.000 | delta 0.001
U 184 | F 376832 | FPS 0027 | D 14597 | rR:mu sigma m M 0.00 0.00 0.00 0.00 | F:mu sigma m M 235.8 156.1 62.0 735.0 | H 1.099 | V 0.002 | pL 0.001 | vL 0.000 | delta 0.000
U 185 | F 378880 | FPS 0026 | D 14675 | rR:mu sigma m M 0.00 0.00 0.00 0.00 | F:mu sigma m M 198.1 133.2 28.0 524.0 | H 1.099 | V 0.002 | pL 0.000 | vL 0.000 | delta 0.000
U 186 | F 380928 | FPS 0023 | D 14766 | rR:mu sigma m M 0.00 0.00 0.00 0.00 | F:mu sigma m M 184.0 141.7 28.0 524.0 | H 1.099 | V 0.002 | pL -0.000 | vL 0.000 | delta 0.001
U 187 | F 382976 | FPS 0026 | D 14844 | rR:mu sigma m M 0.08 0.23 0.00 0.81 | F:mu sigma m M 208.6 129.1 76.0 567.0 | H 1.096 | V 0.009 | pL -0.007 | vL 0.001 | delta 0.011
U 188 | F 385024 | FPS 0026 | D 14922 | rR:mu sigma m M 0.03 0.13 0.00 0.55 | F:mu sigma m M 142.3 121.4 29.0 452.0 | H 1.098 | V 0.003 | pL 0.001 | vL 0.000 | delta 0.002
U 189 | F 387072 | FPS 0027 | D 14997 | rR:mu sigma m M 0.00 0.00 0.00 0.00 | F:mu sigma m M 238.6 272.2 27.0 900.0 | H 1.099 | V 0.002 | pL 0.001 | vL 0.000 | delta 0.000
U 190 | F 389120 | FPS 0026 | D 15076 | rR:mu sigma m M 0.00 0.00 0.00 0.00 | F:mu sigma m M 127.4 114.0 27.0 495.0 | H 1.099 | V 0.002 | pL 0.000 | vL 0.000 | delta 0.000
U 191 | F 391168 | FPS 0029 | D 15147 | rR:mu sigma m M 0.00 0.00 0.00 0.00 | F:mu sigma m M 184.5 146.6 27.0 528.0 | H 1.099 | V 0.001 | pL 0.000 | vL 0.000 | delta 0.000
U 192 | F 393216 | FPS 0028 | D 15221 | rR:mu sigma m M 0.00 0.00 0.00 0.00 | F:mu sigma m M 159.0 102.4 47.0 368.0 | H 1.099 | V 0.001 | pL 0.000 | vL 0.000 | delta 0.000
U 193 | F 395264 | FPS 0023 | D 15310 | rR:mu sigma m M 0.00 0.00 0.00 0.00 | F:mu sigma m M 172.1 144.4 24.0 522.0 | H 1.098 | V 0.001 | pL 0.000 | vL 0.000 | delta 0.001
U 194 | F 397312 | FPS 0026 | D 15389 | rR:mu sigma m M 0.00 0.00 0.00 0.00 | F:mu sigma m M 179.9 148.4 29.0 522.0 | H 1.099 | V 0.000 | pL 0.000 | vL 0.000 | delta 0.000
U 195 | F 399360 | FPS 0028 | D 15462 | rR:mu sigma m M 0.00 0.00 0.00 0.00 | F:mu sigma m M 119.9 91.3 13.0 376.0 | H 1.099 | V 0.000 | pL 0.000 | vL 0.000 | delta 0.000
U 196 | F 401408 | FPS 0024 | D 15546 | rR:mu sigma m M 0.00 0.00 0.00 0.00 | F:mu sigma m M 178.5 149.0 23.0 653.0 | H 1.099 | V 0.000 | pL 0.000 | vL 0.000 | delta 0.000
U 197 | F 403456 | FPS 0028 | D 15620 | rR:mu sigma m M 0.02 0.09 0.00 0.38 | F:mu sigma m M 171.4 174.1 23.0 619.0 | H 1.098 | V 0.005 | pL -0.003 | vL 0.000 | delta 0.004
U 198 | F 405504 | FPS 0027 | D 15695 | rR:mu sigma m M 0.00 0.00 0.00 0.00 | F:mu sigma m M 160.3 163.5 24.0 676.0 | H 1.098 | V 0.004 | pL -0.001 | vL 0.000 | delta 0.003
U 199 | F 407552 | FPS 0029 | D 15766 | rR:mu sigma m M 0.00 0.00 0.00 0.00 | F:mu sigma m M 177.3 157.9 13.0 609.0 | H 1.097 | V 0.012 | pL 0.002 | vL 0.000 | delta 0.004
U 200 | F 409600 | FPS 0027 | D 15842 | rR:mu sigma m M 0.00 0.00 0.00 0.00 | F:mu sigma m M 160.6 162.2 13.0 694.0 | H 1.098 | V 0.003 | pL 0.001 | vL 0.000 | delta 0.003
U 201 | F 411648 | FPS 0024 | D 15928 | rR:mu sigma m M 0.00 0.00 0.00 0.00 | F:mu sigma m M 164.4 96.3 30.0 325.0 | H 1.099 | V 0.003 | pL 0.001 | vL 0.000 | delta 0.001
U 202 | F 413696 | FPS 0028 | D 16000 | rR:mu sigma m M 0.00 0.00 0.00 0.00 | F:mu sigma m M 190.1 149.7 27.0 515.0 | H 1.099 | V 0.002 | pL 0.001 | vL 0.000 | delta 0.000
U 203 | F 415744 | FPS 0026 | D 16079 | rR:mu sigma m M 0.00 0.00 0.00 0.00 | F:mu sigma m M 163.2 138.3 27.0 515.0 | H 1.099 | V 0.002 | pL 0.001 | vL 0.000 | delta 0.001
U 204 | F 417792 | FPS 0030 | D 16148 | rR:mu sigma m M 0.00 0.00 0.00 0.00 | F:mu sigma m M 160.5 122.4 17.0 452.0 | H 1.099 | V 0.001 | pL 0.000 | vL 0.000 | delta 0.000
U 205 | F 419840 | FPS 0026 | D 16225 | rR:mu sigma m M 0.00 0.00 0.00 0.00 | F:mu sigma m M 101.7 70.4 12.0 287.0 | H 1.099 | V 0.001 | pL 0.000 | vL 0.000 | delta 0.001
U 206 | F 421888 | FPS 0029 | D 16296 | rR:mu sigma m M 0.00 0.00 0.00 0.00 | F:mu sigma m M 133.6 177.2 12.0 771.0 | H 1.098 | V 0.003 | pL 0.001 | vL 0.000 | delta 0.001
U 207 | F 423936 | FPS 0024 | D 16383 | rR:mu sigma m M 0.00 0.00 0.00 0.00 | F:mu sigma m M 300.9 216.6 21.0 771.0 | H 1.099 | V 0.002 | pL 0.001 | vL 0.000 | delta 0.001
U 208 | F 425984 | FPS 0028 | D 16457 | rR:mu sigma m M 0.00 0.00 0.00 0.00 | F:mu sigma m M 230.1 205.7 36.0 770.0 | H 1.099 | V 0.002 | pL 0.000 | vL 0.000 | delta 0.001
U 209 | F 428032 | FPS 0024 | D 16542 | rR:mu sigma m M 0.05 0.21 0.00 0.86 | F:mu sigma m M 179.1 161.7 10.0 684.0 | H 1.094 | V 0.004 | pL -0.003 | vL 0.001 | delta 0.012
U 210 | F 430080 | FPS 0024 | D 16626 | rR:mu sigma m M 0.00 0.00 0.00 0.00 | F:mu sigma m M 234.6 169.5 10.0 668.0 | H 1.099 | V -0.001 | pL -0.000 | vL 0.000 | delta 0.001
U 211 | F 432128 | FPS 0028 | D 16700 | rR:mu sigma m M 0.00 0.00 0.00 0.00 | F:mu sigma m M 132.0 87.8 17.0 301.0 | H 1.098 | V 0.000 | pL -0.000 | vL 0.000 | delta 0.001
U 212 | F 434176 | FPS 0027 | D 16776 | rR:mu sigma m M 0.00 0.00 0.00 0.00 | F:mu sigma m M 158.4 82.3 31.0 301.0 | H 1.099 | V 0.000 | pL -0.000 | vL 0.000 | delta 0.000
U 213 | F 436224 | FPS 0024 | D 16860 | rR:mu sigma m M 0.06 0.21 0.00 0.88 | F:mu sigma m M 150.4 85.6 31.0 332.0 | H 1.097 | V 0.008 | pL -0.007 | vL 0.001 | delta 0.015
U 214 | F 438272 | FPS 0029 | D 16930 | rR:mu sigma m M 0.00 0.00 0.00 0.00 | F:mu sigma m M 119.2 88.6 30.0 381.0 | H 1.098 | V -0.002 | pL -0.001 | vL 0.000 | delta 0.002
U 215 | F 440320 | FPS 0027 | D 17006 | rR:mu sigma m M 0.00 0.00 0.00 0.00 | F:mu sigma m M 205.2 186.5 46.0 795.0 | H 1.098 | V 0.000 | pL -0.000 | vL 0.000 | delta 0.001
U 216 | F 442368 | FPS 0026 | D 17085 | rR:mu sigma m M 0.04 0.17 0.00 0.70 | F:mu sigma m M 120.6 82.2 17.0 301.0 | H 1.097 | V 0.006 | pL -0.004 | vL 0.000 | delta 0.013
U 217 | F 444416 | FPS 0025 | D 17166 | rR:mu sigma m M 0.00 0.00 0.00 0.00 | F:mu sigma m M 143.3 115.6 17.0 437.0 | H 1.099 | V -0.001 | pL -0.000 | vL 0.000 | delta 0.002
U 218 | F 446464 | FPS 0026 | D 17244 | rR:mu sigma m M 0.04 0.17 0.00 0.72 | F:mu sigma m M 173.1 126.4 17.0 437.0 | H 1.096 | V 0.010 | pL -0.006 | vL 0.000 | delta 0.037
U 219 | F 448512 | FPS 0026 | D 17323 | rR:mu sigma m M 0.00 0.00 0.00 0.00 | F:mu sigma m M 160.9 152.9 24.0 594.0 | H 1.098 | V -0.013 | pL -0.004 | vL 0.000 | delta 0.006
U 220 | F 450560 | FPS 0028 | D 17395 | rR:mu sigma m M 0.00 0.00 0.00 0.00 | F:mu sigma m M 205.2 227.8 15.0 818.0 | H 1.095 | V -0.004 | pL -0.007 | vL 0.000 | delta 0.010
U 221 | F 452608 | FPS 0030 | D 17463 | rR:mu sigma m M 0.00 0.00 0.00 0.00 | F:mu sigma m M 201.6 228.6 35.0 818.0 | H 1.093 | V 0.010 | pL 0.000 | vL 0.000 | delta 0.009
U 222 | F 454656 | FPS 0028 | D 17537 | rR:mu sigma m M 0.04 0.14 0.00 0.57 | F:mu sigma m M 129.4 105.9 35.0 425.0 | H 1.096 | V 0.011 | pL -0.004 | vL 0.001 | delta 0.017
U 223 | F 456704 | FPS 0028 | D 17611 | rR:mu sigma m M 0.04 0.16 0.00 0.66 | F:mu sigma m M 148.7 85.7 25.0 337.0 | H 1.095 | V 0.013 | pL -0.003 | vL 0.000 | delta 0.018
U 224 | F 458752 | FPS 0030 | D 17680 | rR:mu sigma m M 0.00 0.00 0.00 0.00 | F:mu sigma m M 153.6 163.2 32.0 649.0 | H 1.098 | V -0.002 | pL -0.000 | vL 0.000 | delta 0.003
U 225 | F 460800 | FPS 0023 | D 17770 | rR:mu sigma m M 0.00 0.00 0.00 0.00 | F:mu sigma m M 148.4 70.4 29.0 285.0 | H 1.099 | V -0.002 | pL -0.001 | vL 0.000 | delta 0.001
U 226 | F 462848 | FPS 0024 | D 17855 | rR:mu sigma m M 0.00 0.00 0.00 0.00 | F:mu sigma m M 176.1 127.0 29.0 507.0 | H 1.099 | V -0.001 | pL -0.000 | vL 0.000 | delta 0.000
U 227 | F 464896 | FPS 0027 | D 17930 | rR:mu sigma m M 0.00 0.00 0.00 0.00 | F:mu sigma m M 126.6 107.5 23.0 385.0 | H 1.099 | V -0.001 | pL -0.000 | vL 0.000 | delta 0.000
U 228 | F 466944 | FPS 0024 | D 18014 | rR:mu sigma m M 0.00 0.00 0.00 0.00 | F:mu sigma m M 138.6 122.0 23.0 406.0 | H 1.099 | V -0.000 | pL -0.000 | vL 0.000 | delta 0.000
U 229 | F 468992 | FPS 0026 | D 18093 | rR:mu sigma m M 0.00 0.00 0.00 0.00 | F:mu sigma m M 213.6 146.6 28.0 520.0 | H 1.099 | V -0.000 | pL -0.000 | vL 0.000 | delta 0.000
U 230 | F 471040 | FPS 0027 | D 18168 | rR:mu sigma m M 0.00 0.00 0.00 0.00 | F:mu sigma m M 148.5 125.4 28.0 445.0 | H 1.099 | V -0.000 | pL -0.000 | vL 0.000 | delta 0.000
U 231 | F 473088 | FPS 0027 | D 18245 | rR:mu sigma m M 0.00 0.00 0.00 0.00 | F:mu sigma m M 187.6 160.7 15.0 509.0 | H 1.099 | V -0.000 | pL -0.000 | vL 0.000 | delta 0.000
U 232 | F 475136 | FPS 0026 | D 18324 | rR:mu sigma m M 0.00 0.00 0.00 0.00 | F:mu sigma m M 172.3 149.6 35.0 540.0 | H 1.098 | V 0.000 | pL -0.000 | vL 0.000 | delta 0.001
U 233 | F 477184 | FPS 0028 | D 18399 | rR:mu sigma m M 0.04 0.17 0.00 0.70 | F:mu sigma m M 164.3 97.1 35.0 348.0 | H 1.094 | V 0.007 | pL -0.004 | vL 0.000 | delta 0.014
U 234 | F 479232 | FPS 0028 | D 18471 | rR:mu sigma m M 0.00 0.00 0.00 0.00 | F:mu sigma m M 131.9 67.6 25.0 312.0 | H 1.097 | V 0.002 | pL 0.001 | vL 0.000 | delta 0.003
U 235 | F 481280 | FPS 0026 | D 18549 | rR:mu sigma m M 0.00 0.00 0.00 0.00 | F:mu sigma m M 155.3 121.6 25.0 491.0 | H 1.097 | V 0.009 | pL -0.001 | vL 0.000 | delta 0.006
U 236 | F 483328 | FPS 0023 | D 18638 | rR:mu sigma m M 0.00 0.00 0.00 0.00 | F:mu sigma m M 235.5 169.4 14.0 545.0 | H 1.095 | V 0.006 | pL 0.002 | vL 0.000 | delta 0.006
U 237 | F 485376 | FPS 0025 | D 18721 | rR:mu sigma m M 0.00 0.00 0.00 0.00 | F:mu sigma m M 206.1 184.7 32.0 664.0 | H 1.098 | V 0.002 | pL 0.000 | vL 0.000 | delta 0.003
U 238 | F 487424 | FPS 0026 | D 18799 | rR:mu sigma m M 0.00 0.00 0.00 0.00 | F:mu sigma m M 144.1 95.8 36.0 348.0 | H 1.097 | V 0.009 | pL 0.002 | vL 0.000 | delta 0.004
U 239 | F 489472 | FPS 0028 | D 18873 | rR:mu sigma m M 0.00 0.00 0.00 0.00 | F:mu sigma m M 123.4 85.8 37.0 386.0 | H 1.098 | V 0.003 | pL 0.001 | vL 0.000 | delta 0.004
U 240 | F 491520 | FPS 0025 | D 18955 | rR:mu sigma m M 0.04 0.14 0.00 0.56 | F:mu sigma m M 152.8 100.3 41.0 436.0 | H 1.097 | V 0.006 | pL -0.003 | vL 0.001 | delta 0.006
U 241 | F 493568 | FPS 0023 | D 19044 | rR:mu sigma m M 0.00 0.00 0.00 0.00 | F:mu sigma m M 158.5 100.7 25.0 430.0 | H 1.099 | V 0.002 | pL 0.000 | vL 0.000 | delta 0.001
U 242 | F 495616 | FPS 0028 | D 19117 | rR:mu sigma m M 0.00 0.00 0.00 0.00 | F:mu sigma m M 182.9 78.7 35.0 351.0 | H 1.099 | V 0.002 | pL 0.000 | vL 0.000 | delta 0.000
U 243 | F 497664 | FPS 0023 | D 19207 | rR:mu sigma m M 0.00 0.00 0.00 0.00 | F:mu sigma m M 163.6 84.2 35.0 364.0 | H 1.098 | V 0.004 | pL 0.000 | vL 0.000 | delta 0.002
U 244 | F 499712 | FPS 0024 | D 19292 | rR:mu sigma m M 0.00 0.00 0.00 0.00 | F:mu sigma m M 199.6 141.7 34.0 635.0 | H 1.099 | V 0.001 | pL 0.000 | vL 0.000 | delta 0.001
U 245 | F 501760 | FPS 0025 | D 19374 | rR:mu sigma m M 0.04 0.15 0.00 0.61 | F:mu sigma m M 237.8 152.7 54.0 635.0 | H 1.094 | V 0.011 | pL -0.003 | vL 0.000 | delta 0.009
U 246 | F 503808 | FPS 0022 | D 19465 | rR:mu sigma m M 0.04 0.15 0.00 0.61 | F:mu sigma m M 207.0 112.4 67.0 395.0 | H 1.098 | V 0.007 | pL -0.001 | vL 0.000 | delta 0.005
U 247 | F 505856 | FPS 0026 | D 19544 | rR:mu sigma m M 0.05 0.21 0.00 0.85 | F:mu sigma m M 167.6 123.3 15.0 499.0 | H 1.096 | V 0.014 | pL -0.003 | vL 0.000 | delta 0.013
U 248 | F 507904 | FPS 0029 | D 19615 | rR:mu sigma m M 0.00 0.00 0.00 0.00 | F:mu sigma m M 193.2 193.6 47.0 900.0 | H 1.098 | V 0.003 | pL 0.001 | vL 0.000 | delta 0.001
U 249 | F 509952 | FPS 0024 | D 19701 | rR:mu sigma m M 0.00 0.00 0.00 0.00 | F:mu sigma m M 129.9 102.9 32.0 485.0 | H 1.098 | V 0.007 | pL -0.001 | vL 0.000 | delta 0.004
U 250 | F 512000 | FPS 0021 | D 19798 | rR:mu sigma m M 0.00 0.00 0.00 0.00 | F:mu sigma m M 178.1 209.4 14.0 857.0 | H 1.094 | V 0.012 | pL 0.002 | vL 0.000 | delta 0.008
U 251 | F 514048 | FPS 0026 | D 19878 | rR:mu sigma m M 0.00 0.00 0.00 0.00 | F:mu sigma m M 119.8 80.2 14.0 253.0 | H 1.098 | V 0.007 | pL 0.002 | vL 0.000 | delta 0.005
U 252 | F 516096 | FPS 0026 | D 19957 | rR:mu sigma m M 0.00 0.00 0.00 0.00 | F:mu sigma m M 144.8 74.2 16.0 253.0 | H 1.099 | V 0.003 | pL 0.001 | vL 0.000 | delta 0.001
U 253 | F 518144 | FPS 0027 | D 20033 | rR:mu sigma m M 0.00 0.00 0.00 0.00 | F:mu sigma m M 207.6 211.5 7.0 900.0 | H 1.099 | V 0.003 | pL 0.001 | vL 0.000 | delta 0.001
U 254 | F 520192 | FPS 0025 | D 20115 | rR:mu sigma m M 0.00 0.00 0.00 0.00 | F:mu sigma m M 239.7 198.1 15.0 566.0 | H 1.099 | V 0.002 | pL 0.001 | vL 0.000 | delta 0.001
U 255 | F 522240 | FPS 0027 | D 20190 | rR:mu sigma m M 0.00 0.00 0.00 0.00 | F:mu sigma m M 186.5 171.8 15.0 562.0 | H 1.098 | V 0.003 | pL -0.001 | vL 0.000 | delta 0.002
U 256 | F 524288 | FPS 0026 | D 20268 | rR:mu sigma m M 0.00 0.00 0.00 0.00 | F:mu sigma m M 161.1 139.0 44.0 566.0 | H 1.094 | V 0.005 | pL 0.002 | vL 0.000 | delta 0.005
U 257 | F 526336 | FPS 0026 | D 20346 | rR:mu sigma m M 0.00 0.00 0.00 0.00 | F:mu sigma m M 136.4 108.2 42.0 434.0 | H 1.098 | V 0.003 | pL 0.001 | vL 0.000 | delta 0.001
U 258 | F 528384 | FPS 0024 | D 20432 | rR:mu sigma m M 0.00 0.00 0.00 0.00 | F:mu sigma m M 152.9 78.0 57.0 320.0 | H 1.098 | V 0.002 | pL 0.000 | vL 0.000 | delta 0.001
U 259 | F 530432 | FPS 0025 | D 20514 | rR:mu sigma m M 0.00 0.00 0.00 0.00 | F:mu sigma m M 216.9 222.9 19.0 797.0 | H 1.097 | V 0.005 | pL 0.001 | vL 0.000 | delta 0.003
U 260 | F 532480 | FPS 0027 | D 20590 | rR:mu sigma m M 0.00 0.00 0.00 0.00 | F:mu sigma m M 180.5 154.5 19.0 604.0 | H 1.098 | V 0.003 | pL 0.001 | vL 0.000 | delta 0.001
U 261 | F 534528 | FPS 0026 | D 20667 | rR:mu sigma m M 0.00 0.00 0.00 0.00 | F:mu sigma m M 146.2 95.5 28.0 368.0 | H 1.099 | V 0.002 | pL 0.001 | vL 0.000 | delta 0.000
U 262 | F 536576 | FPS 0024 | D 20752 | rR:mu sigma m M 0.00 0.00 0.00 0.00 | F:mu sigma m M 150.8 118.4 44.0 550.0 | H 1.099 | V 0.002 | pL 0.001 | vL 0.000 | delta 0.000
U 263 | F 538624 | FPS 0024 | D 20839 | rR:mu sigma m M 0.00 0.00 0.00 0.00 | F:mu sigma m M 124.6 88.1 32.0 348.0 | H 1.099 | V 0.002 | pL 0.001 | vL 0.000 | delta 0.000
U 264 | F 540672 | FPS 0027 | D 20914 | rR:mu sigma m M 0.00 0.00 0.00 0.00 | F:mu sigma m M 161.4 107.0 40.0 432.0 | H 1.099 | V 0.001 | pL 0.000 | vL 0.000 | delta 0.000
U 265 | F 542720 | FPS 0027 | D 20990 | rR:mu sigma m M 0.00 0.00 0.00 0.00 | F:mu sigma m M 173.9 122.0 43.0 499.0 | H 1.099 | V 0.001 | pL 0.000 | vL 0.000 | delta 0.000
U 266 | F 544768 | FPS 0026 | D 21070 | rR:mu sigma m M 0.00 0.00 0.00 0.00 | F:mu sigma m M 123.1 56.3 34.0 235.0 | H 1.099 | V 0.001 | pL 0.000 | vL 0.000 | delta 0.000
U 267 | F 546816 | FPS 0025 | D 21151 | rR:mu sigma m M 0.05 0.18 0.00 0.74 | F:mu sigma m M 180.2 121.0 13.0 466.0 | H 1.093 | V 0.010 | pL -0.007 | vL 0.001 | delta 0.011
U 268 | F 548864 | FPS 0028 | D 21223 | rR:mu sigma m M 0.09 0.23 0.00 0.74 | F:mu sigma m M 179.9 102.7 21.0 334.0 | H 1.098 | V 0.003 | pL -0.001 | vL 0.000 | delta 0.006
U 269 | F 550912 | FPS 0027 | D 21300 | rR:mu sigma m M 0.00 0.00 0.00 0.00 | F:mu sigma m M 190.5 124.4 24.0 412.0 | H 1.098 | V 0.004 | pL 0.001 | vL 0.000 | delta 0.003
U 270 | F 552960 | FPS 0027 | D 21375 | rR:mu sigma m M 0.00 0.00 0.00 0.00 | F:mu sigma m M 111.9 82.4 24.0 311.0 | H 1.099 | V 0.004 | pL 0.001 | vL 0.000 | delta 0.001
U 271 | F 555008 | FPS 0025 | D 21456 | rR:mu sigma m M 0.00 0.00 0.00 0.00 | F:mu sigma m M 139.4 90.3 37.0 394.0 | H 1.099 | V 0.003 | pL 0.001 | vL 0.000 | delta 0.001
U 272 | F 557056 | FPS 0027 | D 21533 | rR:mu sigma m M 0.00 0.00 0.00 0.00 | F:mu sigma m M 158.9 74.0 42.0 288.0 | H 1.098 | V 0.003 | pL 0.001 | vL 0.000 | delta 0.001
U 273 | F 559104 | FPS 0027 | D 21610 | rR:mu sigma m M 0.00 0.00 0.00 0.00 | F:mu sigma m M 192.4 152.6 22.0 489.0 | H 1.097 | V 0.005 | pL 0.001 | vL 0.000 | delta 0.005
U 274 | F 561152 | FPS 0029 | D 21680 | rR:mu sigma m M 0.00 0.00 0.00 0.00 | F:mu sigma m M 190.4 192.9 25.0 848.0 | H 1.096 | V 0.002 | pL 0.001 | vL 0.000 | delta 0.005
U 275 | F 563200 | FPS 0026 | D 21759 | rR:mu sigma m M 0.00 0.00 0.00 0.00 | F:mu sigma m M 144.0 78.0 13.0 283.0 | H 1.099 | V -0.000 | pL -0.000 | vL 0.000 | delta 0.001
U 276 | F 565248 | FPS 0027 | D 21836 | rR:mu sigma m M 0.00 0.00 0.00 0.00 | F:mu sigma m M 162.8 85.1 13.0 340.0 | H 1.099 | V -0.000 | pL -0.000 | vL 0.000 | delta 0.001
U 277 | F 567296 | FPS 0029 | D 21907 | rR:mu sigma m M 0.00 0.00 0.00 0.00 | F:mu sigma m M 223.9 159.7 36.0 535.0 | H 1.099 | V -0.000 | pL -0.000 | vL 0.000 | delta 0.001
U 278 | F 569344 | FPS 0025 | D 21989 | rR:mu sigma m M 0.00 0.00 0.00 0.00 | F:mu sigma m M 155.1 122.3 48.0 535.0 | H 1.098 | V -0.000 | pL 0.000 | vL 0.000 | delta 0.001
U 279 | F 571392 | FPS 0028 | D 22061 | rR:mu sigma m M 0.00 0.00 0.00 0.00 | F:mu sigma m M 180.2 110.3 47.0 468.0 | H 1.099 | V -0.000 | pL 0.000 | vL 0.000 | delta 0.001
U 280 | F 573440 | FPS 0025 | D 22142 | rR:mu sigma m M 0.00 0.00 0.00 0.00 | F:mu sigma m M 189.9 189.2 47.0 682.0 | H 1.099 | V -0.000 | pL -0.000 | vL 0.000 | delta 0.000
U 281 | F 575488 | FPS 0026 | D 22222 | rR:mu sigma m M 0.00 0.00 0.00 0.00 | F:mu sigma m M 113.4 71.4 23.0 276.0 | H 1.099 | V -0.000 | pL -0.000 | vL 0.000 | delta 0.000
U 282 | F 577536 | FPS 0030 | D 22289 | rR:mu sigma m M 0.00 0.00 0.00 0.00 | F:mu sigma m M 113.4 93.9 23.0 379.0 | H 1.099 | V 0.000 | pL -0.000 | vL 0.000 | delta 0.000
U 283 | F 579584 | FPS 0027 | D 22364 | rR:mu sigma m M 0.00 0.00 0.00 0.00 | F:mu sigma m M 141.7 114.0 14.0 485.0 | H 1.099 | V 0.000 | pL 0.000 | vL 0.000 | delta 0.000
U 284 | F 581632 | FPS 0030 | D 22431 | rR:mu sigma m M 0.00 0.00 0.00 0.00 | F:mu sigma m M 138.1 113.7 11.0 440.0 | H 1.098 | V 0.001 | pL -0.000 | vL 0.000 | delta 0.001
U 285 | F 583680 | FPS 0028 | D 22503 | rR:mu sigma m M 0.00 0.00 0.00 0.00 | F:mu sigma m M 106.1 75.9 11.0 263.0 | H 1.098 | V 0.001 | pL -0.000 | vL 0.000 | delta 0.002
U 286 | F 585728 | FPS 0026 | D 22583 | rR:mu sigma m M 0.00 0.00 0.00 0.00 | F:mu sigma m M 271.4 195.3 31.0 687.0 | H 1.098 | V 0.000 | pL 0.000 | vL 0.000 | delta 0.001
U 287 | F 587776 | FPS 0030 | D 22651 | rR:mu sigma m M 0.00 0.00 0.00 0.00 | F:mu sigma m M 155.0 89.6 24.0 357.0 | H 1.098 | V 0.000 | pL -0.000 | vL 0.000 | delta 0.000
U 288 | F 589824 | FPS 0024 | D 22735 | rR:mu sigma m M 0.05 0.19 0.00 0.80 | F:mu sigma m M 131.2 59.4 46.0 273.0 | H 1.096 | V 0.005 | pL -0.005 | vL 0.001 | delta 0.012
U 289 | F 591872 | FPS 0026 | D 22814 | rR:mu sigma m M 0.00 0.00 0.00 0.00 | F:mu sigma m M 154.4 67.2 47.0 308.0 | H 1.099 | V 0.000 | pL 0.000 | vL 0.000 | delta 0.001
U 290 | F 593920 | FPS 0027 | D 22890 | rR:mu sigma m M 0.00 0.00 0.00 0.00 | F:mu sigma m M 139.6 107.1 30.0 470.0 | H 1.098 | V -0.000 | pL -0.000 | vL 0.000 | delta 0.001
U 291 | F 595968 | FPS 0025 | D 22973 | rR:mu sigma m M 0.00 0.00 0.00 0.00 | F:mu sigma m M 186.8 179.4 26.0 690.0 | H 1.099 | V -0.000 | pL -0.000 | vL 0.000 | delta 0.000
U 292 | F 598016 | FPS 0025 | D 23055 | rR:mu sigma m M 0.00 0.00 0.00 0.00 | F:mu sigma m M 190.6 157.7 11.0 521.0 | H 1.099 | V -0.000 | pL -0.000 | vL 0.000 | delta 0.000
U 293 | F 600064 | FPS 0024 | D 23140 | rR:mu sigma m M 0.00 0.00 0.00 0.00 | F:mu sigma m M 200.1 134.1 11.0 467.0 | H 1.097 | V 0.003 | pL -0.000 | vL 0.000 | delta 0.003
U 294 | F 602112 | FPS 0028 | D 23214 | rR:mu sigma m M 0.00 0.00 0.00 0.00 | F:mu sigma m M 132.1 112.8 35.0 377.0 | H 1.098 | V 0.000 | pL -0.001 | vL 0.000 | delta 0.002
U 295 | F 604160 | FPS 0027 | D 23289 | rR:mu sigma m M 0.00 0.00 0.00 0.00 | F:mu sigma m M 144.8 123.6 21.0 447.0 | H 1.098 | V -0.000 | pL 0.000 | vL 0.000 | delta 0.001
U 296 | F 606208 | FPS 0026 | D 23367 | rR:mu sigma m M 0.00 0.00 0.00 0.00 | F:mu sigma m M 105.7 96.8 9.0 447.0 | H 1.099 | V -0.000 | pL -0.000 | vL 0.000 | delta 0.000
U 297 | F 608256 | FPS 0025 | D 23449 | rR:mu sigma m M 0.00 0.00 0.00 0.00 | F:mu sigma m M 194.6 144.9 9.0 514.0 | H 1.098 | V 0.000 | pL 0.000 | vL 0.000 | delta 0.001
U 298 | F 610304 | FPS 0023 | D 23537 | rR:mu sigma m M 0.00 0.00 0.00 0.00 | F:mu sigma m M 196.9 133.7 42.0 514.0 | H 1.099 | V -0.000 | pL -0.000 | vL 0.000 | delta 0.000
U 299 | F 612352 | FPS 0026 | D 23617 | rR:mu sigma m M 0.00 0.00 0.00 0.00 | F:mu sigma m M 187.9 134.1 24.0 539.0 | H 1.098 | V 0.001 | pL -0.000 | vL 0.000 | delta 0.002
U 300 | F 614400 | FPS 0024 | D 23702 | rR:mu sigma m M 0.05 0.20 0.00 0.81 | F:mu sigma m M 233.2 130.1 51.0 437.0 | H 1.094 | V 0.008 | pL -0.006 | vL 0.001 | delta 0.010
U 301 | F 616448 | FPS 0026 | D 23781 | rR:mu sigma m M 0.00 0.00 0.00 0.00 | F:mu sigma m M 198.4 154.8 28.0 596.0 | H 1.099 | V 0.003 | pL 0.001 | vL 0.000 | delta 0.001
U 302 | F 618496 | FPS 0024 | D 23865 | rR:mu sigma m M 0.00 0.00 0.00 0.00 | F:mu sigma m M 189.2 154.6 17.0 596.0 | H 1.099 | V 0.002 | pL 0.001 | vL 0.000 | delta 0.000
U 303 | F 620544 | FPS 0027 | D 23941 | rR:mu sigma m M 0.00 0.00 0.00 0.00 | F:mu sigma m M 154.1 107.2 17.0 440.0 | H 1.099 | V 0.001 | pL 0.000 | vL 0.000 | delta 0.000
U 304 | F 622592 | FPS 0028 | D 24015 | rR:mu sigma m M 0.00 0.00 0.00 0.00 | F:mu sigma m M 169.1 93.4 41.0 360.0 | H 1.099 | V 0.001 | pL 0.000 | vL 0.000 | delta 0.000
U 305 | F 624640 | FPS 0028 | D 24089 | rR:mu sigma m M 0.02 0.09 0.00 0.37 | F:mu sigma m M 249.8 174.5 28.0 634.0 | H 1.097 | V 0.006 | pL -0.002 | vL 0.000 | delta 0.006
U 306 | F 626688 | FPS 0024 | D 24175 | rR:mu sigma m M 0.00 0.00 0.00 0.00 | F:mu sigma m M 175.0 103.5 66.0 388.0 | H 1.099 | V 0.002 | pL 0.001 | vL 0.000 | delta 0.000
U 307 | F 628736 | FPS 0025 | D 24256 | rR:mu sigma m M 0.00 0.00 0.00 0.00 | F:mu sigma m M 125.7 99.6 23.0 386.0 | H 1.098 | V 0.001 | pL 0.000 | vL 0.000 | delta 0.001
U 308 | F 630784 | FPS 0025 | D 24336 | rR:mu sigma m M 0.00 0.00 0.00 0.00 | F:mu sigma m M 155.1 96.7 23.0 391.0 | H 1.099 | V 0.001 | pL -0.000 | vL 0.000 | delta 0.000
U 309 | F 632832 | FPS 0026 | D 24414 | rR:mu sigma m M 0.00 0.00 0.00 0.00 | F:mu sigma m M 188.2 130.9 40.0 438.0 | H 1.096 | V 0.007 | pL 0.001 | vL 0.000 | delta 0.004
U 310 | F 634880 | FPS 0024 | D 24500 | rR:mu sigma m M 0.00 0.00 0.00 0.00 | F:mu sigma m M 151.7 96.3 9.0 438.0 | H 1.096 | V 0.005 | pL 0.000 | vL 0.000 | delta 0.003
U 311 | F 636928 | FPS 0025 | D 24580 | rR:mu sigma m M 0.00 0.00 0.00 0.00 | F:mu sigma m M 140.5 118.3 23.0 477.0 | H 1.098 | V 0.003 | pL -0.000 | vL 0.000 | delta 0.003
U 312 | F 638976 | FPS 0023 | D 24669 | rR:mu sigma m M 0.00 0.00 0.00 0.00 | F:mu sigma m M 212.2 220.3 35.0 898.0 | H 1.099 | V 0.001 | pL 0.001 | vL 0.000 | delta 0.001
U 313 | F 641024 | FPS 0024 | D 24755 | rR:mu sigma m M 0.00 0.00 0.00 0.00 | F:mu sigma m M 239.9 211.2 43.0 898.0 | H 1.098 | V 0.002 | pL -0.000 | vL 0.000 | delta 0.001
U 314 | F 643072 | FPS 0025 | D 24836 | rR:mu sigma m M 0.05 0.19 0.00 0.78 | F:mu sigma m M 204.6 186.6 43.0 841.0 | H 1.093 | V 0.009 | pL -0.006 | vL 0.001 | delta 0.016
U 315 | F 645120 | FPS 0023 | D 24923 | rR:mu sigma m M 0.05 0.19 0.00 0.78 | F:mu sigma m M 257.1 199.0 49.0 841.0 | H 1.099 | V -0.002 | pL -0.000 | vL 0.000 | delta 0.002
U 316 | F 647168 | FPS 0027 | D 24999 | rR:mu sigma m M 0.00 0.00 0.00 0.00 | F:mu sigma m M 276.8 182.4 48.0 697.0 | H 1.099 | V -0.002 | pL -0.001 | vL 0.000 | delta 0.000
U 317 | F 649216 | FPS 0026 | D 25077 | rR:mu sigma m M 0.00 0.00 0.00 0.00 | F:mu sigma m M 196.9 127.7 37.0 459.0 | H 1.099 | V -0.002 | pL -0.001 | vL 0.000 | delta 0.000
U 318 | F 651264 | FPS 0023 | D 25166 | rR:mu sigma m M 0.00 0.00 0.00 0.00 | F:mu sigma m M 137.4 82.6 44.0 384.0 | H 1.099 | V -0.001 | pL -0.000 | vL 0.000 | delta 0.000
U 319 | F 653312 | FPS 0025 | D 25247 | rR:mu sigma m M 0.00 0.00 0.00 0.00 | F:mu sigma m M 172.3 110.2 46.0 437.0 | H 1.099 | V -0.001 | pL -0.000 | vL 0.000 | delta 0.001
U 320 | F 655360 | FPS 0027 | D 25324 | rR:mu sigma m M 0.00 0.00 0.00 0.00 | F:mu sigma m M 177.4 122.1 18.0 437.0 | H 1.099 | V -0.000 | pL -0.000 | vL 0.000 | delta 0.000
U 321 | F 657408 | FPS 0026 | D 25403 | rR:mu sigma m M 0.00 0.00 0.00 0.00 | F:mu sigma m M 166.8 136.8 18.0 468.0 | H 1.099 | V -0.000 | pL -0.000 | vL 0.000 | delta 0.000
U 322 | F 659456 | FPS 0025 | D 25485 | rR:mu sigma m M 0.00 0.00 0.00 0.00 | F:mu sigma m M 137.5 120.1 30.0 522.0 | H 1.099 | V -0.000 | pL -0.000 | vL 0.000 | delta 0.001
U 323 | F 661504 | FPS 0028 | D 25559 | rR:mu sigma m M 0.00 0.00 0.00 0.00 | F:mu sigma m M 151.8 170.9 23.0 688.0 | H 1.099 | V -0.000 | pL -0.000 | vL 0.000 | delta 0.000
U 324 | F 663552 | FPS 0026 | D 25638 | rR:mu sigma m M 0.00 0.00 0.00 0.00 | F:mu sigma m M 165.8 96.8 23.0 446.0 | H 1.099 | V 0.000 | pL 0.000 | vL 0.000 | delta 0.000
U 325 | F 665600 | FPS 0026 | D 25718 | rR:mu sigma m M 0.00 0.00 0.00 0.00 | F:mu sigma m M 152.6 100.0 27.0 427.0 | H 1.098 | V 0.001 | pL 0.000 | vL 0.000 | delta 0.002
U 326 | F 667648 | FPS 0028 | D 25790 | rR:mu sigma m M 0.00 0.00 0.00 0.00 | F:mu sigma m M 127.1 105.0 35.0 427.0 | H 1.099 | V -0.000 | pL -0.000 | vL 0.000 | delta 0.000
U 327 | F 669696 | FPS 0024 | D 25875 | rR:mu sigma m M 0.00 0.00 0.00 0.00 | F:mu sigma m M 218.2 130.0 48.0 519.0 | H 1.099 | V -0.000 | pL 0.000 | vL 0.000 | delta 0.000
U 328 | F 671744 | FPS 0030 | D 25945 | rR:mu sigma m M 0.00 0.00 0.00 0.00 | F:mu sigma m M 203.7 109.7 37.0 393.0 | H 1.099 | V -0.000 | pL -0.000 | vL 0.000 | delta 0.000
U 329 | F 673792 | FPS 0027 | D 26019 | rR:mu sigma m M 0.00 0.00 0.00 0.00 | F:mu sigma m M 152.4 65.5 37.0 257.0 | H 1.099 | V -0.000 | pL -0.000 | vL 0.000 | delta 0.000
U 330 | F 675840 | FPS 0026 | D 26098 | rR:mu sigma m M 0.00 0.00 0.00 0.00 | F:mu sigma m M 165.6 121.2 41.0 475.0 | H 1.098 | V 0.001 | pL -0.000 | vL 0.000 | delta 0.001
U 331 | F 677888 | FPS 0029 | D 26168 | rR:mu sigma m M 0.00 0.00 0.00 0.00 | F:mu sigma m M 198.3 224.8 26.0 900.0 | H 1.098 | V 0.001 | pL 0.000 | vL 0.000 | delta 0.002
U 332 | F 679936 | FPS 0024 | D 26253 | rR:mu sigma m M 0.03 0.13 0.00 0.56 | F:mu sigma m M 189.6 125.9 36.0 445.0 | H 1.095 | V 0.008 | pL -0.003 | vL 0.001 | delta 0.006
U 333 | F 681984 | FPS 0026 | D 26332 | rR:mu sigma m M 0.09 0.24 0.00 0.87 | F:mu sigma m M 148.8 106.4 28.0 445.0 | H 1.095 | V 0.011 | pL -0.007 | vL 0.001 | delta 0.012
U 334 | F 684032 | FPS 0030 | D 26401 | rR:mu sigma m M 0.05 0.21 0.00 0.87 | F:mu sigma m M 175.6 108.7 28.0 464.0 | H 1.098 | V -0.002 | pL -0.000 | vL 0.000 | delta 0.001
U 335 | F 686080 | FPS 0029 | D 26471 | rR:mu sigma m M 0.04 0.16 0.00 0.65 | F:mu sigma m M 226.5 153.4 30.0 464.0 | H 1.095 | V 0.011 | pL -0.004 | vL 0.000 | delta 0.009
U 336 | F 688128 | FPS 0028 | D 26545 | rR:mu sigma m M 0.04 0.16 0.00 0.65 | F:mu sigma m M 216.3 174.5 30.0 636.0 | H 1.093 | V 0.006 | pL 0.001 | vL 0.000 | delta 0.005
U 337 | F 690176 | FPS 0031 | D 26611 | rR:mu sigma m M 0.00 0.00 0.00 0.00 | F:mu sigma m M 167.4 134.8 21.0 520.0 | H 1.098 | V 0.004 | pL 0.001 | vL 0.000 | delta 0.002
U 338 | F 692224 | FPS 0024 | D 26696 | rR:mu sigma m M 0.00 0.00 0.00 0.00 | F:mu sigma m M 131.6 118.8 37.0 486.0 | H 1.098 | V 0.004 | pL 0.001 | vL 0.000 | delta 0.001
U 339 | F 694272 | FPS 0026 | D 26774 | rR:mu sigma m M 0.00 0.00 0.00 0.00 | F:mu sigma m M 143.9 88.9 47.0 410.0 | H 1.099 | V 0.003 | pL 0.001 | vL 0.000 | delta 0.001
U 340 | F 696320 | FPS 0024 | D 26859 | rR:mu sigma m M 0.00 0.00 0.00 0.00 | F:mu sigma m M 163.3 180.8 30.0 724.0 | H 1.099 | V 0.002 | pL 0.001 | vL 0.000 | delta 0.000
U 341 | F 698368 | FPS 0025 | D 26940 | rR:mu sigma m M 0.00 0.00 0.00 0.00 | F:mu sigma m M 137.9 68.1 32.0 305.0 | H 1.098 | V 0.001 | pL 0.000 | vL 0.000 | delta 0.001
U 342 | F 700416 | FPS 0024 | D 27025 | rR:mu sigma m M 0.00 0.00 0.00 0.00 | F:mu sigma m M 154.4 136.0 24.0 551.0 | H 1.098 | V 0.002 | pL -0.000 | vL 0.000 | delta 0.002
U 343 | F 702464 | FPS 0023 | D 27114 | rR:mu sigma m M 0.04 0.17 0.00 0.72 | F:mu sigma m M 181.2 146.8 22.0 551.0 | H 1.096 | V 0.007 | pL -0.002 | vL 0.000 | delta 0.006
U 344 | F 704512 | FPS 0027 | D 27189 | rR:mu sigma m M 0.00 0.00 0.00 0.00 | F:mu sigma m M 193.2 162.1 29.0 625.0 | H 1.099 | V 0.003 | pL 0.001 | vL 0.000 | delta 0.001
U 345 | F 706560 | FPS 0027 | D 27266 | rR:mu sigma m M 0.00 0.00 0.00 0.00 | F:mu sigma m M 195.3 139.7 19.0 528.0 | H 1.099 | V 0.002 | pL 0.001 | vL 0.000 | delta 0.000
U 346 | F 708608 | FPS 0025 | D 27347 | rR:mu sigma m M 0.00 0.00 0.00 0.00 | F:mu sigma m M 146.2 115.6 37.0 528.0 | H 1.099 | V 0.002 | pL 0.000 | vL 0.000 | delta 0.000
U 347 | F 710656 | FPS 0024 | D 27432 | rR:mu sigma m M 0.00 0.00 0.00 0.00 | F:mu sigma m M 126.4 85.3 17.0 306.0 | H 1.098 | V 0.002 | pL 0.000 | vL 0.000 | delta 0.001
U 348 | F 712704 | FPS 0024 | D 27516 | rR:mu sigma m M 0.00 0.00 0.00 0.00 | F:mu sigma m M 162.7 157.8 24.0 566.0 | H 1.098 | V 0.002 | pL 0.001 | vL 0.000 | delta 0.001
U 349 | F 714752 | FPS 0027 | D 27592 | rR:mu sigma m M 0.00 0.00 0.00 0.00 | F:mu sigma m M 132.6 125.6 16.0 566.0 | H 1.098 | V 0.002 | pL 0.000 | vL 0.000 | delta 0.001
U 350 | F 716800 | FPS 0025 | D 27676 | rR:mu sigma m M 0.05 0.19 0.00 0.79 | F:mu sigma m M 189.5 159.6 38.0 727.0 | H 1.095 | V 0.012 | pL -0.005 | vL 0.000 | delta 0.013
U 351 | F 718848 | FPS 0025 | D 27759 | rR:mu sigma m M 0.00 0.00 0.00 0.00 | F:mu sigma m M 155.3 166.2 30.0 727.0 | H 1.098 | V -0.001 | pL -0.000 | vL 0.000 | delta 0.001
U 352 | F 720896 | FPS 0025 | D 27842 | rR:mu sigma m M 0.00 0.00 0.00 0.00 | F:mu sigma m M 184.7 132.6 45.0 487.0 | H 1.099 | V -0.001 | pL -0.000 | vL 0.000 | delta 0.000
U 353 | F 722944 | FPS 0027 | D 27917 | rR:mu sigma m M 0.00 0.00 0.00 0.00 | F:mu sigma m M 108.6 65.8 23.0 249.0 | H 1.099 | V -0.001 | pL -0.000 | vL 0.000 | delta 0.000
U 354 | F 724992 | FPS 0026 | D 27995 | rR:mu sigma m M 0.00 0.00 0.00 0.00 | F:mu sigma m M 138.1 136.1 26.0 532.0 | H 1.099 | V -0.000 | pL -0.000 | vL 0.000 | delta 0.000
U 355 | F 727040 | FPS 0027 | D 28072 | rR:mu sigma m M 0.00 0.00 0.00 0.00 | F:mu sigma m M 183.2 127.0 56.0 532.0 | H 1.099 | V -0.001 | pL -0.000 | vL 0.000 | delta 0.000
U 356 | F 729088 | FPS 0024 | D 28156 | rR:mu sigma m M 0.00 0.00 0.00 0.00 | F:mu sigma m M 170.7 114.1 28.0 383.0 | H 1.095 | V 0.010 | pL 0.001 | vL 0.000 | delta 0.011
U 357 | F 731136 | FPS 0023 | D 28243 | rR:mu sigma m M 0.06 0.22 0.00 0.93 | F:mu sigma m M 194.7 164.4 36.0 655.0 | H 1.095 | V 0.003 | pL -0.003 | vL 0.001 | delta 0.019
U 358 | F 733184 | FPS 0024 | D 28327 | rR:mu sigma m M 0.06 0.22 0.00 0.93 | F:mu sigma m M 181.2 156.5 36.0 655.0 | H 1.095 | V -0.005 | pL -0.004 | vL 0.000 | delta 0.008
U 359 | F 735232 | FPS 0027 | D 28402 | rR:mu sigma m M 0.00 0.00 0.00 0.00 | F:mu sigma m M 199.3 133.8 29.0 422.0 | H 1.094 | V -0.000 | pL -0.001 | vL 0.000 | delta 0.004
U 360 | F 737280 | FPS 0029 | D 28474 | rR:mu sigma m M 0.00 0.00 0.00 0.00 | F:mu sigma m M 169.1 137.9 27.0 550.0 | H 1.096 | V -0.003 | pL -0.002 | vL 0.000 | delta 0.003
U 361 | F 739328 | FPS 0026 | D 28554 | rR:mu sigma m M 0.05 0.18 0.00 0.74 | F:mu sigma m M 152.5 119.5 41.0 459.0 | H 1.089 | V 0.010 | pL -0.005 | vL 0.001 | delta 0.020
U 362 | F 741376 | FPS 0024 | D 28638 | rR:mu sigma m M 0.05 0.18 0.00 0.74 | F:mu sigma m M 129.4 116.1 21.0 501.0 | H 1.095 | V -0.003 | pL -0.002 | vL 0.000 | delta 0.007
U 363 | F 743424 | FPS 0028 | D 28711 | rR:mu sigma m M 0.00 0.00 0.00 0.00 | F:mu sigma m M 152.6 112.7 30.0 351.0 | H 1.093 | V 0.002 | pL -0.001 | vL 0.000 | delta 0.006
U 364 | F 745472 | FPS 0026 | D 28789 | rR:mu sigma m M 0.05 0.18 0.00 0.75 | F:mu sigma m M 218.2 143.2 37.0 499.0 | H 1.086 | V 0.007 | pL -0.006 | vL 0.000 | delta 0.011
U 365 | F 747520 | FPS 0025 | D 28870 | rR:mu sigma m M 0.08 0.23 0.00 0.93 | F:mu sigma m M 171.6 155.3 22.0 702.0 | H 1.083 | V 0.017 | pL -0.008 | vL 0.001 | delta 0.017
U 366 | F 749568 | FPS 0026 | D 28951 | rR:mu sigma m M 0.13 0.30 0.00 0.93 | F:mu sigma m M 158.6 152.2 39.0 702.0 | H 1.085 | V 0.017 | pL -0.004 | vL 0.001 | delta 0.016
U 367 | F 751616 | FPS 0024 | D 29036 | rR:mu sigma m M 0.10 0.26 0.00 0.87 | F:mu sigma m M 193.8 113.5 22.0 385.0 | H 1.087 | V 0.011 | pL -0.003 | vL 0.000 | delta 0.011
U 368 | F 753664 | FPS 0032 | D 29101 | rR:mu sigma m M 0.06 0.23 0.00 0.94 | F:mu sigma m M 149.6 137.4 22.0 555.0 | H 1.082 | V 0.019 | pL -0.004 | vL 0.001 | delta 0.018
U 369 | F 755712 | FPS 0029 | D 29170 | rR:mu sigma m M 0.00 0.00 0.00 0.00 | F:mu sigma m M 193.4 118.8 36.0 434.0 | H 1.081 | V 0.015 | pL -0.000 | vL 0.001 | delta 0.018
U 370 | F 757760 | FPS 0034 | D 29230 | rR:mu sigma m M 0.00 0.00 0.00 0.00 | F:mu sigma m M 152.6 110.6 34.0 431.0 | H 1.090 | V 0.011 | pL 0.001 | vL 0.000 | delta 0.008
U 371 | F 759808 | FPS 0028 | D 29302 | rR:mu sigma m M 0.00 0.00 0.00 0.00 | F:mu sigma m M 116.6 69.1 12.0 266.0 | H 1.094 | V 0.009 | pL 0.000 | vL 0.000 | delta 0.005
U 372 | F 761856 | FPS 0028 | D 29376 | rR:mu sigma m M 0.10 0.28 0.00 0.87 | F:mu sigma m M 170.3 114.0 18.0 425.0 | H 1.081 | V 0.024 | pL -0.010 | vL 0.002 | delta 0.019
U 373 | F 763904 | FPS 0035 | D 29435 | rR:mu sigma m M 0.08 0.22 0.00 0.78 | F:mu sigma m M 154.3 123.0 18.0 440.0 | H 1.064 | V 0.034 | pL -0.000 | vL 0.002 | delta 0.022
U 374 | F 765952 | FPS 0031 | D 29501 | rR:mu sigma m M 0.04 0.18 0.00 0.84 | F:mu sigma m M 117.8 69.3 34.0 345.0 | H 1.085 | V 0.022 | pL -0.006 | vL 0.001 | delta 0.017
U 375 | F 768000 | FPS 0035 | D 29560 | rR:mu sigma m M 0.12 0.30 0.00 0.92 | F:mu sigma m M 127.6 132.3 22.0 576.0 | H 1.063 | V 0.047 | pL -0.013 | vL 0.002 | delta 0.031
U 376 | F 770048 | FPS 0035 | D 29618 | rR:mu sigma m M 0.11 0.30 0.00 0.92 | F:mu sigma m M 111.6 48.6 36.0 239.0 | H 1.074 | V 0.039 | pL -0.005 | vL 0.002 | delta 0.025
U 377 | F 772096 | FPS 0038 | D 29672 | rR:mu sigma m M 0.00 0.00 0.00 0.00 | F:mu sigma m M 137.4 64.8 36.0 247.0 | H 1.079 | V 0.032 | pL 0.003 | vL 0.001 | delta 0.014
U 378 | F 774144 | FPS 0034 | D 29733 | rR:mu sigma m M 0.09 0.25 0.00 0.83 | F:mu sigma m M 106.8 72.1 14.0 248.0 | H 1.067 | V 0.047 | pL -0.007 | vL 0.002 | delta 0.030
U 379 | F 776192 | FPS 0039 | D 29785 | rR:mu sigma m M 0.16 0.33 0.00 0.90 | F:mu sigma m M 140.6 121.9 30.0 523.0 | H 1.056 | V 0.048 | pL -0.003 | vL 0.002 | delta 0.023
U 380 | F 778240 | FPS 0040 | D 29836 | rR:mu sigma m M 0.15 0.30 0.00 0.86 | F:mu sigma m M 187.5 121.8 46.0 486.0 | H 1.020 | V 0.086 | pL -0.016 | vL 0.003 | delta 0.033
U 381 | F 780288 | FPS 0048 | D 29879 | rR:mu sigma m M 0.33 0.43 0.00 0.95 | F:mu sigma m M 103.9 64.0 21.0 304.0 | H 0.998 | V 0.128 | pL -0.032 | vL 0.006 | delta 0.052
U 382 | F 782336 | FPS 0044 | D 29925 | rR:mu sigma m M 0.46 0.44 0.00 0.94 | F:mu sigma m M 109.3 59.0 39.0 277.0 | H 0.933 | V 0.224 | pL -0.045 | vL 0.009 | delta 0.063
U 383 | F 784384 | FPS 0053 | D 29964 | rR:mu sigma m M 0.64 0.42 0.00 0.97 | F:mu sigma m M 85.7 50.3 32.0 271.0 | H 0.862 | V 0.292 | pL -0.079 | vL 0.012 | delta 0.115
U 384 | F 786432 | FPS 0057 | D 30000 | rR:mu sigma m M 0.73 0.38 0.00 0.97 | F:mu sigma m M 65.0 27.4 9.0 131.0 | H 0.764 | V 0.419 | pL -0.095 | vL 0.015 | delta 0.096
U 385 | F 788480 | FPS 0059 | D 30035 | rR:mu sigma m M 0.92 0.15 0.00 0.97 | F:mu sigma m M 54.7 21.8 22.0 144.0 | H 0.614 | V 0.606 | pL -0.109 | vL 0.007 | delta 0.099
U 386 | F 790528 | FPS 0067 | D 30065 | rR:mu sigma m M 0.91 0.19 0.00 0.97 | F:mu sigma m M 46.8 14.9 9.0 79.0 | H 0.579 | V 0.696 | pL -0.071 | vL 0.007 | delta 0.104
U 387 | F 792576 | FPS 0067 | D 30096 | rR:mu sigma m M 0.96 0.01 0.92 0.97 | F:mu sigma m M 41.5 9.7 28.0 76.0 | H 0.508 | V 0.773 | pL -0.040 | vL 0.002 | delta 0.067
agent reach optimality, start collecting trajectories
agent successfully collected 10 trajectories
pickling optimal trajectories
Model successfully saved
/home/rdali/.local/easybuild/software/2017/Core/miniconda3/4.3.27/envs/observe/lib/python3.6/site-packages/torch/nn/functional.py:1906: UserWarning: reduction: 'mean' divides the total loss by both the batch size and the support size.'batchmean' divides only by the batch size, and aligns with the KL div math definition.'mean' will be changed to behave the same as 'batchmean' in the next major release.
  warnings.warn("reduction: 'mean' divides the total loss by both the batch size and the support size."
