The following modules were not unloaded:
  (Use "module --force purge" to unload all):

  1) StdEnv/2018.3     4) gcccore/.7.3.0      7) intel/2018.3
  2) nixpkgs/16.09     5) icc/.2018.3.222     8) openmpi/3.1.2
  3) imkl/2018.3.222   6) ifort/.2018.3.222

Due to MODULEPATH changes, the following have been reloaded:
  1) openmpi/3.1.2

Attention: While Conda works well in a desktop environment, it tends to create more problems than it solves on a cluster. Instead, we recommend that users use virtual environments and the binary packages that we provide through Python wheels as documented on the Python page.
/home/rdali/RL/watch_and_learn/dependency/rl-starter-files/scripts/train_agent_multidem.py --env MiniGrid-LavaCrossingAddictO8S15-v0 --algo ppo --nameDemonstrator LavaCrossing1508Addict1,LavaCrossing1508Addict2,LavaCrossing1508Addict3,LavaCrossing1508Addict4,LavaCrossing1508Addict10,LavaCrossing1508Addict11,LavaCrossing1508Addict12,LavaCrossing1508Addict13 --flat-model 0 --KLweight 0.01 --useKL 1 --meanReward 0.80 --rewardLB 0.70 --seed 8142

Namespace(KLweight=0.01, algo='ppo', batch_size=256, clip_eps=0.2, discount=0.99, entropy_coef=0.01, env='MiniGrid-LavaCrossingAddictO8S15-v0', epochs=4, flat_model=0, frames=10000000, frames_per_proc=None, full_obs=0, gae_lambda=0.95, log_interval=1, lr=0.0007, max_grad_norm=0.5, meanReward=0.8, mem=False, model=None, nameDemonstrator='LavaCrossing1508Addict1,LavaCrossing1508Addict2,LavaCrossing1508Addict3,LavaCrossing1508Addict4,LavaCrossing1508Addict10,LavaCrossing1508Addict11,LavaCrossing1508Addict12,LavaCrossing1508Addict13', optim_alpha=0.99, optim_eps=1e-05, procs=16, recurrence=1, rewardLB=0.7, save_interval=0, seed=8142, tb=False, text=False, useKL=1, value_loss_coef=0.5)

Flat model successfully created

ACModel(
  (image_conv): Sequential(
    (0): Conv2d(3, 32, kernel_size=(2, 2), stride=(1, 1))
    (1): ReLU()
    (2): MaxPool2d(kernel_size=(2, 2), stride=(2, 2), padding=0, dilation=1, ceil_mode=False)
    (3): Conv2d(32, 64, kernel_size=(2, 2), stride=(1, 1))
    (4): ReLU()
    (5): Conv2d(64, 64, kernel_size=(2, 2), stride=(1, 1))
    (6): ReLU()
  )
  (actor): Sequential(
    (0): Linear(in_features=1600, out_features=64, bias=True)
    (1): Tanh()
    (2): Linear(in_features=64, out_features=3, bias=True)
  )
  (critic): Sequential(
    (0): Linear(in_features=1600, out_features=64, bias=True)
    (1): Tanh()
    (2): Linear(in_features=64, out_features=1, bias=True)
  )
)

CUDA available: False

1
True
0.01
Using TensorFlow backend.
OMP: Info #212: KMP_AFFINITY: decoding x2APIC ids.
OMP: Info #210: KMP_AFFINITY: Affinity capable, using global cpuid leaf 11 info
OMP: Info #154: KMP_AFFINITY: Initial OS proc set respected: 12,14,16,18,20
OMP: Info #156: KMP_AFFINITY: 5 available OS procs
OMP: Info #157: KMP_AFFINITY: Uniform topology
OMP: Info #179: KMP_AFFINITY: 1 packages x 5 cores/pkg x 1 threads/core (5 total cores)
OMP: Info #214: KMP_AFFINITY: OS proc to physical thread map:
OMP: Info #171: KMP_AFFINITY: OS proc 12 maps to package 0 core 8 
OMP: Info #171: KMP_AFFINITY: OS proc 16 maps to package 0 core 9 
OMP: Info #171: KMP_AFFINITY: OS proc 18 maps to package 0 core 10 
OMP: Info #171: KMP_AFFINITY: OS proc 14 maps to package 0 core 11 
OMP: Info #171: KMP_AFFINITY: OS proc 20 maps to package 0 core 16 
OMP: Info #250: KMP_AFFINITY: pid 157945 tid 157945 thread 0 bound to OS proc set 12
OMP: Info #250: KMP_AFFINITY: pid 157945 tid 158149 thread 2 bound to OS proc set 18
OMP: Info #250: KMP_AFFINITY: pid 157945 tid 158150 thread 3 bound to OS proc set 14
OMP: Info #250: KMP_AFFINITY: pid 157945 tid 158151 thread 4 bound to OS proc set 20
OMP: Info #250: KMP_AFFINITY: pid 157945 tid 158148 thread 1 bound to OS proc set 16
OMP: Info #250: KMP_AFFINITY: pid 157945 tid 158401 thread 5 bound to OS proc set 12
OMP: Info #250: KMP_AFFINITY: pid 157945 tid 158400 thread 6 bound to OS proc set 16
OMP: Info #250: KMP_AFFINITY: pid 157945 tid 158419 thread 7 bound to OS proc set 18
OMP: Info #250: KMP_AFFINITY: pid 157945 tid 158422 thread 10 bound to OS proc set 12
OMP: Info #250: KMP_AFFINITY: pid 157945 tid 158421 thread 9 bound to OS proc set 20
OMP: Info #250: KMP_AFFINITY: pid 157945 tid 158420 thread 8 bound to OS proc set 14
OMP: Info #250: KMP_AFFINITY: pid 157945 tid 158465 thread 11 bound to OS proc set 16
OMP: Info #250: KMP_AFFINITY: pid 157945 tid 158466 thread 12 bound to OS proc set 18
OMP: Info #250: KMP_AFFINITY: pid 157945 tid 158467 thread 13 bound to OS proc set 14
OMP: Info #250: KMP_AFFINITY: pid 157945 tid 158468 thread 14 bound to OS proc set 20
OMP: Info #250: KMP_AFFINITY: pid 157945 tid 158469 thread 15 bound to OS proc set 12
U 1 | F 002048 | FPS 0019 | D 106 | rR:mu sigma m M 0.00 0.00 0.00 0.00 | F:mu sigma m M 27.2 40.9 0.0 122.0 | H 1.097 | V -0.053 | pL -0.009 | vL 0.000 | delta 0.053
U 2 | F 004096 | FPS 0029 | D 177 | rR:mu sigma m M 0.00 0.00 0.00 0.00 | F:mu sigma m M 120.3 66.6 44.0 254.0 | H 1.098 | V -0.045 | pL -0.013 | vL 0.000 | delta 0.010
U 3 | F 006144 | FPS 0028 | D 249 | rR:mu sigma m M 0.00 0.00 0.00 0.00 | F:mu sigma m M 154.4 100.1 44.0 337.0 | H 1.095 | V -0.033 | pL -0.008 | vL 0.000 | delta 0.005
U 4 | F 008192 | FPS 0029 | D 320 | rR:mu sigma m M 0.00 0.00 0.00 0.00 | F:mu sigma m M 130.5 106.0 31.0 426.0 | H 1.096 | V -0.024 | pL -0.008 | vL 0.000 | delta 0.009
U 5 | F 010240 | FPS 0031 | D 386 | rR:mu sigma m M 0.00 0.00 0.00 0.00 | F:mu sigma m M 169.5 157.2 11.0 565.0 | H 1.098 | V -0.016 | pL -0.005 | vL 0.000 | delta 0.006
U 6 | F 012288 | FPS 0031 | D 453 | rR:mu sigma m M 0.00 0.00 0.00 0.00 | F:mu sigma m M 159.8 103.1 11.0 384.0 | H 1.098 | V -0.012 | pL -0.004 | vL 0.000 | delta 0.002
U 7 | F 014336 | FPS 0030 | D 522 | rR:mu sigma m M 0.00 0.00 0.00 0.00 | F:mu sigma m M 173.9 174.5 36.0 735.0 | H 1.098 | V -0.009 | pL -0.003 | vL 0.000 | delta 0.004
U 8 | F 016384 | FPS 0030 | D 590 | rR:mu sigma m M 0.00 0.00 0.00 0.00 | F:mu sigma m M 194.4 143.9 28.0 440.0 | H 1.098 | V -0.008 | pL -0.003 | vL 0.000 | delta 0.002
U 9 | F 018432 | FPS 0031 | D 655 | rR:mu sigma m M 0.00 0.00 0.00 0.00 | F:mu sigma m M 114.7 84.3 16.0 299.0 | H 1.098 | V -0.006 | pL -0.002 | vL 0.000 | delta 0.003
U 10 | F 020480 | FPS 0029 | D 725 | rR:mu sigma m M 0.00 0.00 0.00 0.00 | F:mu sigma m M 108.9 63.5 25.0 299.0 | H 1.098 | V -0.004 | pL -0.001 | vL 0.000 | delta 0.003
U 11 | F 022528 | FPS 0027 | D 801 | rR:mu sigma m M 0.00 0.00 0.00 0.00 | F:mu sigma m M 175.3 122.3 25.0 450.0 | H 1.098 | V -0.002 | pL -0.001 | vL 0.000 | delta 0.002
U 12 | F 024576 | FPS 0026 | D 879 | rR:mu sigma m M 0.00 0.00 0.00 0.00 | F:mu sigma m M 119.5 100.2 16.0 371.0 | H 1.099 | V -0.002 | pL -0.001 | vL 0.000 | delta 0.002
U 13 | F 026624 | FPS 0027 | D 955 | rR:mu sigma m M 0.00 0.00 0.00 0.00 | F:mu sigma m M 153.2 112.0 43.0 440.0 | H 1.099 | V -0.002 | pL -0.000 | vL 0.000 | delta 0.001
U 14 | F 028672 | FPS 0028 | D 1028 | rR:mu sigma m M 0.00 0.00 0.00 0.00 | F:mu sigma m M 236.8 182.7 58.0 713.0 | H 1.099 | V -0.001 | pL -0.000 | vL 0.000 | delta 0.001
U 15 | F 030720 | FPS 0027 | D 1104 | rR:mu sigma m M 0.00 0.00 0.00 0.00 | F:mu sigma m M 248.3 210.1 39.0 713.0 | H 1.099 | V -0.000 | pL -0.000 | vL 0.000 | delta 0.002
U 16 | F 032768 | FPS 0031 | D 1171 | rR:mu sigma m M 0.00 0.00 0.00 0.00 | F:mu sigma m M 184.9 206.1 22.0 843.0 | H 1.099 | V -0.000 | pL -0.000 | vL 0.000 | delta 0.001
U 17 | F 034816 | FPS 0027 | D 1246 | rR:mu sigma m M 0.00 0.00 0.00 0.00 | F:mu sigma m M 180.1 206.5 22.0 843.0 | H 1.099 | V 0.000 | pL 0.000 | vL 0.000 | delta 0.001
U 18 | F 036864 | FPS 0029 | D 1317 | rR:mu sigma m M 0.00 0.00 0.00 0.00 | F:mu sigma m M 194.2 114.1 35.0 387.0 | H 1.099 | V 0.000 | pL 0.000 | vL 0.000 | delta 0.001
U 19 | F 038912 | FPS 0031 | D 1383 | rR:mu sigma m M 0.00 0.00 0.00 0.00 | F:mu sigma m M 135.4 85.2 35.0 337.0 | H 1.099 | V -0.000 | pL 0.000 | vL 0.000 | delta 0.001
U 20 | F 040960 | FPS 0024 | D 1467 | rR:mu sigma m M 0.00 0.00 0.00 0.00 | F:mu sigma m M 181.8 115.9 26.0 435.0 | H 1.099 | V -0.000 | pL -0.000 | vL 0.000 | delta 0.001
U 21 | F 043008 | FPS 0030 | D 1534 | rR:mu sigma m M 0.00 0.00 0.00 0.00 | F:mu sigma m M 139.2 58.9 19.0 223.0 | H 1.099 | V -0.001 | pL -0.000 | vL 0.000 | delta 0.001
U 22 | F 045056 | FPS 0029 | D 1605 | rR:mu sigma m M 0.00 0.00 0.00 0.00 | F:mu sigma m M 168.4 105.1 9.0 433.0 | H 1.099 | V -0.001 | pL -0.000 | vL 0.000 | delta 0.002
U 23 | F 047104 | FPS 0026 | D 1684 | rR:mu sigma m M 0.00 0.00 0.00 0.00 | F:mu sigma m M 130.5 164.8 16.0 706.0 | H 1.099 | V -0.001 | pL -0.000 | vL 0.000 | delta 0.001
U 24 | F 049152 | FPS 0028 | D 1757 | rR:mu sigma m M 0.00 0.00 0.00 0.00 | F:mu sigma m M 166.9 105.7 39.0 342.0 | H 1.099 | V -0.000 | pL -0.000 | vL 0.000 | delta 0.001
U 25 | F 051200 | FPS 0024 | D 1844 | rR:mu sigma m M 0.00 0.00 0.00 0.00 | F:mu sigma m M 135.6 90.9 20.0 342.0 | H 1.099 | V -0.000 | pL -0.000 | vL 0.000 | delta 0.001
U 26 | F 053248 | FPS 0030 | D 1912 | rR:mu sigma m M 0.00 0.00 0.00 0.00 | F:mu sigma m M 131.6 117.9 20.0 394.0 | H 1.099 | V 0.000 | pL 0.000 | vL 0.000 | delta 0.001
U 27 | F 055296 | FPS 0025 | D 1993 | rR:mu sigma m M 0.00 0.00 0.00 0.00 | F:mu sigma m M 123.8 100.7 17.0 394.0 | H 1.099 | V 0.000 | pL 0.000 | vL 0.000 | delta 0.001
U 28 | F 057344 | FPS 0030 | D 2062 | rR:mu sigma m M 0.00 0.00 0.00 0.00 | F:mu sigma m M 217.4 169.1 20.0 530.0 | H 1.099 | V 0.000 | pL 0.000 | vL 0.000 | delta 0.000
U 29 | F 059392 | FPS 0030 | D 2129 | rR:mu sigma m M 0.00 0.00 0.00 0.00 | F:mu sigma m M 173.9 139.3 20.0 530.0 | H 1.099 | V 0.000 | pL 0.000 | vL 0.000 | delta 0.001
U 30 | F 061440 | FPS 0030 | D 2197 | rR:mu sigma m M 0.00 0.00 0.00 0.00 | F:mu sigma m M 177.5 89.2 43.0 317.0 | H 1.099 | V -0.000 | pL -0.000 | vL 0.000 | delta 0.002
U 31 | F 063488 | FPS 0031 | D 2263 | rR:mu sigma m M 0.00 0.00 0.00 0.00 | F:mu sigma m M 171.4 209.6 11.0 900.0 | H 1.099 | V -0.000 | pL -0.000 | vL 0.000 | delta 0.001
U 32 | F 065536 | FPS 0028 | D 2336 | rR:mu sigma m M 0.00 0.00 0.00 0.00 | F:mu sigma m M 210.0 226.7 11.0 900.0 | H 1.099 | V 0.000 | pL 0.000 | vL 0.000 | delta 0.002
U 33 | F 067584 | FPS 0030 | D 2405 | rR:mu sigma m M 0.00 0.00 0.00 0.00 | F:mu sigma m M 124.3 68.7 25.0 277.0 | H 1.099 | V -0.000 | pL -0.000 | vL 0.000 | delta 0.001
U 34 | F 069632 | FPS 0029 | D 2476 | rR:mu sigma m M 0.00 0.00 0.00 0.00 | F:mu sigma m M 177.1 173.1 30.0 734.0 | H 1.099 | V 0.000 | pL 0.000 | vL 0.000 | delta 0.001
U 35 | F 071680 | FPS 0030 | D 2544 | rR:mu sigma m M 0.00 0.00 0.00 0.00 | F:mu sigma m M 135.8 100.3 40.0 391.0 | H 1.099 | V 0.000 | pL 0.000 | vL 0.000 | delta 0.001
U 36 | F 073728 | FPS 0027 | D 2620 | rR:mu sigma m M 0.00 0.00 0.00 0.00 | F:mu sigma m M 161.3 76.6 40.0 328.0 | H 1.099 | V -0.000 | pL -0.000 | vL 0.000 | delta 0.001
U 37 | F 075776 | FPS 0027 | D 2696 | rR:mu sigma m M 0.00 0.00 0.00 0.00 | F:mu sigma m M 172.2 106.9 28.0 417.0 | H 1.099 | V -0.000 | pL -0.000 | vL 0.000 | delta 0.001
U 38 | F 077824 | FPS 0026 | D 2776 | rR:mu sigma m M 0.00 0.00 0.00 0.00 | F:mu sigma m M 193.7 139.0 25.0 532.0 | H 1.099 | V -0.001 | pL -0.000 | vL 0.000 | delta 0.001
U 39 | F 079872 | FPS 0029 | D 2846 | rR:mu sigma m M 0.00 0.00 0.00 0.00 | F:mu sigma m M 110.5 80.0 26.0 365.0 | H 1.099 | V -0.001 | pL -0.000 | vL 0.000 | delta 0.001
U 40 | F 081920 | FPS 0030 | D 2915 | rR:mu sigma m M 0.00 0.00 0.00 0.00 | F:mu sigma m M 144.5 138.9 30.0 630.0 | H 1.099 | V -0.000 | pL -0.000 | vL 0.000 | delta 0.001
U 41 | F 083968 | FPS 0029 | D 2986 | rR:mu sigma m M 0.05 0.21 0.00 0.86 | F:mu sigma m M 186.2 149.1 32.0 630.0 | H 1.090 | V 0.003 | pL -0.008 | vL 0.002 | delta 0.060
U 42 | F 086016 | FPS 0032 | D 3051 | rR:mu sigma m M 0.09 0.24 0.00 0.86 | F:mu sigma m M 197.4 108.6 44.0 410.0 | H 1.091 | V -0.003 | pL -0.007 | vL 0.001 | delta 0.017
U 43 | F 088064 | FPS 0034 | D 3112 | rR:mu sigma m M 0.00 0.00 0.00 0.00 | F:mu sigma m M 112.3 106.2 11.0 389.0 | H 1.098 | V -0.004 | pL -0.001 | vL 0.000 | delta 0.003
U 44 | F 090112 | FPS 0028 | D 3185 | rR:mu sigma m M 0.00 0.00 0.00 0.00 | F:mu sigma m M 183.4 127.6 26.0 441.0 | H 1.098 | V -0.002 | pL -0.001 | vL 0.000 | delta 0.001
U 45 | F 092160 | FPS 0026 | D 3265 | rR:mu sigma m M 0.00 0.00 0.00 0.00 | F:mu sigma m M 117.1 99.0 32.0 384.0 | H 1.099 | V -0.002 | pL -0.001 | vL 0.000 | delta 0.000
U 46 | F 094208 | FPS 0027 | D 3340 | rR:mu sigma m M 0.00 0.00 0.00 0.00 | F:mu sigma m M 167.0 201.5 27.0 900.0 | H 1.099 | V -0.001 | pL -0.001 | vL 0.000 | delta 0.000
U 47 | F 096256 | FPS 0031 | D 3406 | rR:mu sigma m M 0.04 0.17 0.00 0.72 | F:mu sigma m M 125.2 74.5 49.0 286.0 | H 1.092 | V 0.004 | pL -0.006 | vL 0.001 | delta 0.027
U 48 | F 098304 | FPS 0031 | D 3473 | rR:mu sigma m M 0.04 0.17 0.00 0.72 | F:mu sigma m M 143.4 121.7 12.0 481.0 | H 1.098 | V -0.006 | pL -0.002 | vL 0.000 | delta 0.002
U 49 | F 100352 | FPS 0031 | D 3538 | rR:mu sigma m M 0.00 0.00 0.00 0.00 | F:mu sigma m M 153.4 181.3 18.0 793.0 | H 1.098 | V -0.006 | pL -0.002 | vL 0.000 | delta 0.001
U 50 | F 102400 | FPS 0031 | D 3604 | rR:mu sigma m M 0.00 0.00 0.00 0.00 | F:mu sigma m M 210.6 194.2 25.0 793.0 | H 1.098 | V -0.001 | pL -0.001 | vL 0.000 | delta 0.002
U 51 | F 104448 | FPS 0032 | D 3669 | rR:mu sigma m M 0.00 0.00 0.00 0.00 | F:mu sigma m M 142.4 126.9 20.0 487.0 | H 1.099 | V -0.002 | pL -0.001 | vL 0.000 | delta 0.000
U 52 | F 106496 | FPS 0029 | D 3739 | rR:mu sigma m M 0.00 0.00 0.00 0.00 | F:mu sigma m M 188.1 165.2 15.0 630.0 | H 1.099 | V -0.002 | pL -0.001 | vL 0.000 | delta 0.000
U 53 | F 108544 | FPS 0028 | D 3811 | rR:mu sigma m M 0.00 0.00 0.00 0.00 | F:mu sigma m M 158.8 122.6 15.0 452.0 | H 1.099 | V -0.001 | pL -0.000 | vL 0.000 | delta 0.000
U 54 | F 110592 | FPS 0033 | D 3872 | rR:mu sigma m M 0.00 0.00 0.00 0.00 | F:mu sigma m M 192.5 196.7 15.0 834.0 | H 1.098 | V 0.004 | pL 0.000 | vL 0.000 | delta 0.003
U 55 | F 112640 | FPS 0030 | D 3940 | rR:mu sigma m M 0.00 0.00 0.00 0.00 | F:mu sigma m M 176.7 136.1 24.0 481.0 | H 1.099 | V -0.001 | pL 0.000 | vL 0.000 | delta 0.001
U 56 | F 114688 | FPS 0027 | D 4017 | rR:mu sigma m M 0.00 0.00 0.00 0.00 | F:mu sigma m M 150.8 124.2 9.0 539.0 | H 1.099 | V -0.001 | pL -0.000 | vL 0.000 | delta 0.000
U 57 | F 116736 | FPS 0027 | D 4094 | rR:mu sigma m M 0.00 0.00 0.00 0.00 | F:mu sigma m M 118.9 87.0 39.0 390.0 | H 1.099 | V -0.000 | pL -0.000 | vL 0.000 | delta 0.000
U 58 | F 118784 | FPS 0031 | D 4160 | rR:mu sigma m M 0.00 0.00 0.00 0.00 | F:mu sigma m M 100.1 54.6 14.0 175.0 | H 1.099 | V 0.001 | pL 0.000 | vL 0.000 | delta 0.000
U 59 | F 120832 | FPS 0030 | D 4227 | rR:mu sigma m M 0.00 0.00 0.00 0.00 | F:mu sigma m M 155.2 111.4 23.0 399.0 | H 1.099 | V -0.000 | pL -0.000 | vL 0.000 | delta 0.000
U 60 | F 122880 | FPS 0028 | D 4299 | rR:mu sigma m M 0.00 0.00 0.00 0.00 | F:mu sigma m M 200.3 220.0 23.0 900.0 | H 1.099 | V -0.000 | pL -0.000 | vL 0.000 | delta 0.000
U 61 | F 124928 | FPS 0032 | D 4363 | rR:mu sigma m M 0.00 0.00 0.00 0.00 | F:mu sigma m M 210.2 145.8 38.0 505.0 | H 1.099 | V -0.000 | pL -0.000 | vL 0.000 | delta 0.000
U 62 | F 126976 | FPS 0026 | D 4441 | rR:mu sigma m M 0.00 0.00 0.00 0.00 | F:mu sigma m M 142.0 103.5 28.0 335.0 | H 1.099 | V 0.001 | pL -0.000 | vL 0.000 | delta 0.000
U 63 | F 129024 | FPS 0028 | D 4513 | rR:mu sigma m M 0.00 0.00 0.00 0.00 | F:mu sigma m M 116.9 79.1 28.0 337.0 | H 1.099 | V 0.001 | pL 0.000 | vL 0.000 | delta 0.000
U 64 | F 131072 | FPS 0028 | D 4587 | rR:mu sigma m M 0.05 0.18 0.00 0.76 | F:mu sigma m M 149.4 80.5 29.0 302.0 | H 1.098 | V 0.004 | pL -0.004 | vL 0.001 | delta 0.017
U 65 | F 133120 | FPS 0029 | D 4657 | rR:mu sigma m M 0.00 0.00 0.00 0.00 | F:mu sigma m M 141.8 56.1 68.0 295.0 | H 1.099 | V 0.002 | pL 0.001 | vL 0.000 | delta 0.001
U 66 | F 135168 | FPS 0029 | D 4729 | rR:mu sigma m M 0.00 0.00 0.00 0.00 | F:mu sigma m M 247.4 223.4 33.0 787.0 | H 1.099 | V 0.001 | pL 0.000 | vL 0.000 | delta 0.001
U 67 | F 137216 | FPS 0029 | D 4800 | rR:mu sigma m M 0.00 0.00 0.00 0.00 | F:mu sigma m M 226.7 197.5 33.0 787.0 | H 1.099 | V 0.001 | pL 0.000 | vL 0.000 | delta 0.002
U 68 | F 139264 | FPS 0032 | D 4864 | rR:mu sigma m M 0.00 0.00 0.00 0.00 | F:mu sigma m M 218.6 129.5 33.0 579.0 | H 1.098 | V -0.001 | pL -0.000 | vL 0.000 | delta 0.003
U 69 | F 141312 | FPS 0030 | D 4934 | rR:mu sigma m M 0.00 0.00 0.00 0.00 | F:mu sigma m M 208.9 154.5 21.0 579.0 | H 1.099 | V 0.001 | pL 0.000 | vL 0.000 | delta 0.001
U 70 | F 143360 | FPS 0029 | D 5005 | rR:mu sigma m M 0.00 0.00 0.00 0.00 | F:mu sigma m M 120.7 78.4 24.0 267.0 | H 1.099 | V 0.001 | pL 0.000 | vL 0.000 | delta 0.001
U 71 | F 145408 | FPS 0029 | D 5076 | rR:mu sigma m M 0.00 0.00 0.00 0.00 | F:mu sigma m M 98.7 82.7 18.0 267.0 | H 1.099 | V 0.001 | pL 0.000 | vL 0.000 | delta 0.000
U 72 | F 147456 | FPS 0028 | D 5150 | rR:mu sigma m M 0.00 0.00 0.00 0.00 | F:mu sigma m M 206.4 135.8 32.0 481.0 | H 1.099 | V 0.001 | pL 0.000 | vL 0.000 | delta 0.000
U 73 | F 149504 | FPS 0027 | D 5227 | rR:mu sigma m M 0.00 0.00 0.00 0.00 | F:mu sigma m M 163.8 123.1 31.0 358.0 | H 1.099 | V 0.000 | pL 0.000 | vL 0.000 | delta 0.000
U 74 | F 151552 | FPS 0029 | D 5297 | rR:mu sigma m M 0.00 0.00 0.00 0.00 | F:mu sigma m M 151.2 95.1 19.0 343.0 | H 1.099 | V 0.000 | pL 0.000 | vL 0.000 | delta 0.000
U 75 | F 153600 | FPS 0026 | D 5376 | rR:mu sigma m M 0.00 0.00 0.00 0.00 | F:mu sigma m M 134.2 90.9 10.0 280.0 | H 1.099 | V 0.000 | pL -0.000 | vL 0.000 | delta 0.000
U 76 | F 155648 | FPS 0026 | D 5455 | rR:mu sigma m M 0.00 0.00 0.00 0.00 | F:mu sigma m M 181.2 178.1 27.0 771.0 | H 1.099 | V 0.000 | pL 0.000 | vL 0.000 | delta 0.001
U 77 | F 157696 | FPS 0030 | D 5523 | rR:mu sigma m M 0.00 0.00 0.00 0.00 | F:mu sigma m M 133.6 74.1 27.0 320.0 | H 1.099 | V 0.000 | pL 0.000 | vL 0.000 | delta 0.001
U 78 | F 159744 | FPS 0028 | D 5596 | rR:mu sigma m M 0.00 0.00 0.00 0.00 | F:mu sigma m M 212.5 178.6 18.0 637.0 | H 1.099 | V 0.000 | pL 0.000 | vL 0.000 | delta 0.000
U 79 | F 161792 | FPS 0029 | D 5667 | rR:mu sigma m M 0.00 0.00 0.00 0.00 | F:mu sigma m M 182.8 175.4 18.0 637.0 | H 1.099 | V 0.000 | pL 0.000 | vL 0.000 | delta 0.001
U 80 | F 163840 | FPS 0028 | D 5740 | rR:mu sigma m M 0.00 0.00 0.00 0.00 | F:mu sigma m M 205.4 209.9 14.0 900.0 | H 1.099 | V -0.000 | pL -0.000 | vL 0.000 | delta 0.001
U 81 | F 165888 | FPS 0032 | D 5805 | rR:mu sigma m M 0.00 0.00 0.00 0.00 | F:mu sigma m M 194.6 143.0 53.0 516.0 | H 1.099 | V 0.000 | pL -0.000 | vL 0.000 | delta 0.000
U 82 | F 167936 | FPS 0029 | D 5876 | rR:mu sigma m M 0.00 0.00 0.00 0.00 | F:mu sigma m M 120.6 87.2 30.0 397.0 | H 1.099 | V 0.000 | pL 0.000 | vL 0.000 | delta 0.000
U 83 | F 169984 | FPS 0029 | D 5947 | rR:mu sigma m M 0.00 0.00 0.00 0.00 | F:mu sigma m M 129.9 105.9 30.0 397.0 | H 1.099 | V -0.000 | pL -0.000 | vL 0.000 | delta 0.000
U 84 | F 172032 | FPS 0025 | D 6028 | rR:mu sigma m M 0.00 0.00 0.00 0.00 | F:mu sigma m M 205.7 141.4 31.0 504.0 | H 1.099 | V 0.000 | pL -0.000 | vL 0.000 | delta 0.001
U 85 | F 174080 | FPS 0030 | D 6095 | rR:mu sigma m M 0.00 0.00 0.00 0.00 | F:mu sigma m M 181.8 171.4 27.0 511.0 | H 1.099 | V 0.001 | pL -0.000 | vL 0.000 | delta 0.000
U 86 | F 176128 | FPS 0027 | D 6172 | rR:mu sigma m M 0.00 0.00 0.00 0.00 | F:mu sigma m M 147.7 111.7 24.0 557.0 | H 1.096 | V 0.007 | pL 0.002 | vL 0.000 | delta 0.021
U 87 | F 178176 | FPS 0026 | D 6251 | rR:mu sigma m M 0.00 0.00 0.00 0.00 | F:mu sigma m M 117.5 63.2 24.0 215.0 | H 1.098 | V 0.011 | pL 0.003 | vL 0.000 | delta 0.003
U 88 | F 180224 | FPS 0025 | D 6332 | rR:mu sigma m M 0.00 0.00 0.00 0.00 | F:mu sigma m M 174.1 59.5 66.0 263.0 | H 1.098 | V 0.005 | pL 0.002 | vL 0.000 | delta 0.001
U 89 | F 182272 | FPS 0027 | D 6407 | rR:mu sigma m M 0.00 0.00 0.00 0.00 | F:mu sigma m M 157.1 78.1 21.0 303.0 | H 1.098 | V 0.006 | pL 0.002 | vL 0.000 | delta 0.001
U 90 | F 184320 | FPS 0025 | D 6488 | rR:mu sigma m M 0.00 0.00 0.00 0.00 | F:mu sigma m M 173.4 132.1 21.0 529.0 | H 1.099 | V 0.003 | pL 0.001 | vL 0.000 | delta 0.000
U 91 | F 186368 | FPS 0029 | D 6559 | rR:mu sigma m M 0.01 0.04 0.00 0.19 | F:mu sigma m M 238.9 229.6 26.0 815.0 | H 1.098 | V 0.006 | pL -0.000 | vL 0.000 | delta 0.001
U 92 | F 188416 | FPS 0028 | D 6632 | rR:mu sigma m M 0.01 0.04 0.00 0.19 | F:mu sigma m M 245.1 241.2 28.0 815.0 | H 1.099 | V 0.005 | pL 0.001 | vL 0.000 | delta 0.001
U 93 | F 190464 | FPS 0028 | D 6704 | rR:mu sigma m M 0.00 0.00 0.00 0.00 | F:mu sigma m M 256.8 213.9 22.0 728.0 | H 1.099 | V 0.002 | pL 0.000 | vL 0.000 | delta 0.000
U 94 | F 192512 | FPS 0027 | D 6780 | rR:mu sigma m M 0.00 0.00 0.00 0.00 | F:mu sigma m M 273.5 212.6 47.0 728.0 | H 1.098 | V 0.004 | pL 0.000 | vL 0.000 | delta 0.001
U 95 | F 194560 | FPS 0026 | D 6858 | rR:mu sigma m M 0.00 0.00 0.00 0.00 | F:mu sigma m M 181.0 127.2 47.0 473.0 | H 1.099 | V 0.002 | pL 0.001 | vL 0.000 | delta 0.000
U 96 | F 196608 | FPS 0029 | D 6928 | rR:mu sigma m M 0.00 0.00 0.00 0.00 | F:mu sigma m M 182.4 108.0 56.0 408.0 | H 1.099 | V 0.002 | pL 0.000 | vL 0.000 | delta 0.000
U 97 | F 198656 | FPS 0028 | D 7000 | rR:mu sigma m M 0.00 0.00 0.00 0.00 | F:mu sigma m M 145.2 90.9 40.0 340.0 | H 1.099 | V 0.001 | pL 0.000 | vL 0.000 | delta 0.000
U 98 | F 200704 | FPS 0028 | D 7072 | rR:mu sigma m M 0.00 0.00 0.00 0.00 | F:mu sigma m M 157.5 121.0 25.0 527.0 | H 1.099 | V 0.001 | pL 0.000 | vL 0.000 | delta 0.000
U 99 | F 202752 | FPS 0026 | D 7152 | rR:mu sigma m M 0.00 0.00 0.00 0.00 | F:mu sigma m M 175.2 102.4 25.0 453.0 | H 1.099 | V 0.000 | pL 0.000 | vL 0.000 | delta 0.000
U 100 | F 204800 | FPS 0026 | D 7231 | rR:mu sigma m M 0.00 0.00 0.00 0.00 | F:mu sigma m M 226.3 209.0 16.0 854.0 | H 1.099 | V 0.000 | pL 0.000 | vL 0.000 | delta 0.000
U 101 | F 206848 | FPS 0027 | D 7307 | rR:mu sigma m M 0.00 0.00 0.00 0.00 | F:mu sigma m M 135.1 152.0 20.0 544.0 | H 1.099 | V 0.000 | pL 0.000 | vL 0.000 | delta 0.000
U 102 | F 208896 | FPS 0029 | D 7379 | rR:mu sigma m M 0.00 0.00 0.00 0.00 | F:mu sigma m M 125.9 94.2 20.0 345.0 | H 1.099 | V 0.000 | pL 0.000 | vL 0.000 | delta 0.000
U 103 | F 210944 | FPS 0027 | D 7454 | rR:mu sigma m M 0.00 0.00 0.00 0.00 | F:mu sigma m M 132.7 96.4 25.0 347.0 | H 1.099 | V 0.000 | pL 0.000 | vL 0.000 | delta 0.000
U 104 | F 212992 | FPS 0028 | D 7528 | rR:mu sigma m M 0.00 0.00 0.00 0.00 | F:mu sigma m M 199.3 146.7 41.0 581.0 | H 1.099 | V 0.000 | pL 0.000 | vL 0.000 | delta 0.000
U 105 | F 215040 | FPS 0028 | D 7602 | rR:mu sigma m M 0.00 0.00 0.00 0.00 | F:mu sigma m M 149.1 129.8 22.0 532.0 | H 1.099 | V 0.000 | pL 0.000 | vL 0.000 | delta 0.000
U 106 | F 217088 | FPS 0028 | D 7676 | rR:mu sigma m M 0.00 0.00 0.00 0.00 | F:mu sigma m M 138.9 126.5 22.0 572.0 | H 1.099 | V 0.000 | pL 0.000 | vL 0.000 | delta 0.000
U 107 | F 219136 | FPS 0030 | D 7745 | rR:mu sigma m M 0.00 0.00 0.00 0.00 | F:mu sigma m M 191.2 180.1 40.0 702.0 | H 1.099 | V 0.000 | pL 0.000 | vL 0.000 | delta 0.000
U 108 | F 221184 | FPS 0027 | D 7822 | rR:mu sigma m M 0.00 0.00 0.00 0.00 | F:mu sigma m M 173.1 112.1 17.0 344.0 | H 1.099 | V 0.000 | pL -0.000 | vL 0.000 | delta 0.000
U 109 | F 223232 | FPS 0025 | D 7903 | rR:mu sigma m M 0.00 0.00 0.00 0.00 | F:mu sigma m M 169.9 189.0 22.0 751.0 | H 1.099 | V 0.000 | pL 0.000 | vL 0.000 | delta 0.000
U 110 | F 225280 | FPS 0031 | D 7969 | rR:mu sigma m M 0.00 0.00 0.00 0.00 | F:mu sigma m M 195.5 189.5 44.0 751.0 | H 1.099 | V 0.000 | pL 0.000 | vL 0.000 | delta 0.000
U 111 | F 227328 | FPS 0027 | D 8045 | rR:mu sigma m M 0.00 0.00 0.00 0.00 | F:mu sigma m M 224.6 120.9 46.0 486.0 | H 1.099 | V 0.000 | pL 0.000 | vL 0.000 | delta 0.000
U 112 | F 229376 | FPS 0028 | D 8118 | rR:mu sigma m M 0.00 0.00 0.00 0.00 | F:mu sigma m M 198.9 170.4 9.0 589.0 | H 1.099 | V 0.000 | pL 0.000 | vL 0.000 | delta 0.000
U 113 | F 231424 | FPS 0028 | D 8190 | rR:mu sigma m M 0.00 0.00 0.00 0.00 | F:mu sigma m M 189.2 127.3 9.0 512.0 | H 1.099 | V 0.000 | pL 0.000 | vL 0.000 | delta 0.000
U 114 | F 233472 | FPS 0028 | D 8262 | rR:mu sigma m M 0.00 0.00 0.00 0.00 | F:mu sigma m M 204.9 133.1 57.0 622.0 | H 1.099 | V 0.000 | pL 0.000 | vL 0.000 | delta 0.000
U 115 | F 235520 | FPS 0027 | D 8338 | rR:mu sigma m M 0.00 0.00 0.00 0.00 | F:mu sigma m M 197.6 150.6 19.0 489.0 | H 1.099 | V 0.000 | pL 0.000 | vL 0.000 | delta 0.000
U 116 | F 237568 | FPS 0029 | D 8408 | rR:mu sigma m M 0.00 0.00 0.00 0.00 | F:mu sigma m M 132.8 117.7 12.0 407.0 | H 1.099 | V 0.000 | pL 0.000 | vL 0.000 | delta 0.000
U 117 | F 239616 | FPS 0031 | D 8474 | rR:mu sigma m M 0.00 0.00 0.00 0.00 | F:mu sigma m M 164.5 115.2 12.0 467.0 | H 1.099 | V 0.000 | pL 0.000 | vL 0.000 | delta 0.000
U 118 | F 241664 | FPS 0026 | D 8554 | rR:mu sigma m M 0.00 0.00 0.00 0.00 | F:mu sigma m M 137.8 92.3 52.0 301.0 | H 1.099 | V 0.000 | pL 0.000 | vL 0.000 | delta 0.000
U 119 | F 243712 | FPS 0031 | D 8620 | rR:mu sigma m M 0.00 0.00 0.00 0.00 | F:mu sigma m M 155.9 151.3 46.0 654.0 | H 1.099 | V 0.000 | pL 0.000 | vL 0.000 | delta 0.000
U 120 | F 245760 | FPS 0027 | D 8695 | rR:mu sigma m M 0.00 0.00 0.00 0.00 | F:mu sigma m M 138.8 109.3 25.0 409.0 | H 1.099 | V 0.000 | pL -0.000 | vL 0.000 | delta 0.000
U 121 | F 247808 | FPS 0026 | D 8773 | rR:mu sigma m M 0.00 0.00 0.00 0.00 | F:mu sigma m M 190.2 162.2 21.0 662.0 | H 1.099 | V 0.000 | pL 0.000 | vL 0.000 | delta 0.000
U 122 | F 249856 | FPS 0031 | D 8839 | rR:mu sigma m M 0.00 0.00 0.00 0.00 | F:mu sigma m M 168.8 155.1 21.0 662.0 | H 1.099 | V 0.000 | pL 0.000 | vL 0.000 | delta 0.000
U 123 | F 251904 | FPS 0023 | D 8928 | rR:mu sigma m M 0.00 0.00 0.00 0.00 | F:mu sigma m M 209.3 185.5 33.0 851.0 | H 1.099 | V 0.000 | pL 0.000 | vL 0.000 | delta 0.000
U 124 | F 253952 | FPS 0028 | D 9002 | rR:mu sigma m M 0.00 0.00 0.00 0.00 | F:mu sigma m M 137.4 82.9 41.0 347.0 | H 1.099 | V 0.000 | pL 0.000 | vL 0.000 | delta 0.000
U 125 | F 256000 | FPS 0028 | D 9074 | rR:mu sigma m M 0.00 0.00 0.00 0.00 | F:mu sigma m M 158.5 115.5 32.0 523.0 | H 1.099 | V 0.000 | pL 0.000 | vL 0.000 | delta 0.000
U 126 | F 258048 | FPS 0028 | D 9147 | rR:mu sigma m M 0.00 0.00 0.00 0.00 | F:mu sigma m M 183.4 134.9 23.0 523.0 | H 1.099 | V 0.000 | pL 0.000 | vL 0.000 | delta 0.000
U 127 | F 260096 | FPS 0029 | D 9218 | rR:mu sigma m M 0.00 0.00 0.00 0.00 | F:mu sigma m M 140.6 147.8 20.0 512.0 | H 1.099 | V 0.000 | pL -0.000 | vL 0.000 | delta 0.000
U 128 | F 262144 | FPS 0029 | D 9289 | rR:mu sigma m M 0.00 0.00 0.00 0.00 | F:mu sigma m M 130.9 150.2 20.0 682.0 | H 1.099 | V 0.000 | pL 0.000 | vL 0.000 | delta 0.000
U 129 | F 264192 | FPS 0033 | D 9351 | rR:mu sigma m M 0.00 0.00 0.00 0.00 | F:mu sigma m M 174.1 202.1 37.0 816.0 | H 1.099 | V -0.000 | pL -0.000 | vL 0.000 | delta 0.000
U 130 | F 266240 | FPS 0030 | D 9419 | rR:mu sigma m M 0.00 0.00 0.00 0.00 | F:mu sigma m M 158.9 115.4 34.0 430.0 | H 1.099 | V 0.000 | pL 0.000 | vL 0.000 | delta 0.000
U 131 | F 268288 | FPS 0028 | D 9492 | rR:mu sigma m M 0.00 0.00 0.00 0.00 | F:mu sigma m M 195.4 148.9 50.0 576.0 | H 1.099 | V 0.000 | pL 0.000 | vL 0.000 | delta 0.000
U 132 | F 270336 | FPS 0032 | D 9556 | rR:mu sigma m M 0.00 0.00 0.00 0.00 | F:mu sigma m M 187.8 126.2 27.0 458.0 | H 1.099 | V 0.000 | pL 0.000 | vL 0.000 | delta 0.000
U 133 | F 272384 | FPS 0030 | D 9624 | rR:mu sigma m M 0.00 0.00 0.00 0.00 | F:mu sigma m M 195.9 127.1 27.0 520.0 | H 1.099 | V 0.000 | pL 0.000 | vL 0.000 | delta 0.000
U 134 | F 274432 | FPS 0028 | D 9697 | rR:mu sigma m M 0.00 0.00 0.00 0.00 | F:mu sigma m M 186.4 142.0 20.0 520.0 | H 1.099 | V 0.000 | pL -0.000 | vL 0.000 | delta 0.000
U 135 | F 276480 | FPS 0028 | D 9770 | rR:mu sigma m M 0.00 0.00 0.00 0.00 | F:mu sigma m M 208.0 168.3 20.0 642.0 | H 1.099 | V 0.000 | pL 0.000 | vL 0.000 | delta 0.000
U 136 | F 278528 | FPS 0028 | D 9843 | rR:mu sigma m M 0.00 0.00 0.00 0.00 | F:mu sigma m M 204.2 152.8 24.0 488.0 | H 1.099 | V 0.000 | pL 0.000 | vL 0.000 | delta 0.000
U 137 | F 280576 | FPS 0031 | D 9908 | rR:mu sigma m M 0.00 0.00 0.00 0.00 | F:mu sigma m M 196.3 157.4 43.0 493.0 | H 1.099 | V 0.000 | pL 0.000 | vL 0.000 | delta 0.000
U 138 | F 282624 | FPS 0029 | D 9980 | rR:mu sigma m M 0.00 0.00 0.00 0.00 | F:mu sigma m M 175.3 107.4 19.0 365.0 | H 1.099 | V 0.000 | pL 0.000 | vL 0.000 | delta 0.000
U 139 | F 284672 | FPS 0028 | D 10054 | rR:mu sigma m M 0.00 0.00 0.00 0.00 | F:mu sigma m M 168.1 106.5 19.0 365.0 | H 1.099 | V 0.000 | pL 0.000 | vL 0.000 | delta 0.000
U 140 | F 286720 | FPS 0027 | D 10129 | rR:mu sigma m M 0.00 0.00 0.00 0.00 | F:mu sigma m M 169.8 146.9 11.0 540.0 | H 1.099 | V 0.000 | pL 0.000 | vL 0.000 | delta 0.000
U 141 | F 288768 | FPS 0028 | D 10201 | rR:mu sigma m M 0.00 0.00 0.00 0.00 | F:mu sigma m M 116.9 125.0 21.0 398.0 | H 1.099 | V 0.000 | pL 0.000 | vL 0.000 | delta 0.000
U 142 | F 290816 | FPS 0029 | D 10272 | rR:mu sigma m M 0.00 0.00 0.00 0.00 | F:mu sigma m M 133.9 105.6 21.0 393.0 | H 1.099 | V 0.000 | pL 0.000 | vL 0.000 | delta 0.000
U 143 | F 292864 | FPS 0029 | D 10344 | rR:mu sigma m M 0.00 0.00 0.00 0.00 | F:mu sigma m M 129.4 89.3 21.0 300.0 | H 1.099 | V 0.000 | pL 0.000 | vL 0.000 | delta 0.000
U 144 | F 294912 | FPS 0030 | D 10412 | rR:mu sigma m M 0.00 0.00 0.00 0.00 | F:mu sigma m M 156.6 174.1 21.0 760.0 | H 1.099 | V 0.000 | pL 0.000 | vL 0.000 | delta 0.000
U 145 | F 296960 | FPS 0025 | D 10494 | rR:mu sigma m M 0.02 0.09 0.00 0.39 | F:mu sigma m M 228.7 187.3 51.0 760.0 | H 1.096 | V 0.003 | pL -0.003 | vL 0.000 | delta 0.007
U 146 | F 299008 | FPS 0027 | D 10569 | rR:mu sigma m M 0.02 0.09 0.00 0.39 | F:mu sigma m M 293.2 236.8 30.0 900.0 | H 1.099 | V -0.000 | pL -0.000 | vL 0.000 | delta 0.001
U 147 | F 301056 | FPS 0027 | D 10645 | rR:mu sigma m M 0.00 0.00 0.00 0.00 | F:mu sigma m M 163.8 87.9 30.0 344.0 | H 1.099 | V -0.001 | pL -0.000 | vL 0.000 | delta 0.000
U 148 | F 303104 | FPS 0025 | D 10726 | rR:mu sigma m M 0.00 0.00 0.00 0.00 | F:mu sigma m M 172.9 118.6 23.0 445.0 | H 1.099 | V -0.001 | pL -0.000 | vL 0.000 | delta 0.000
U 149 | F 305152 | FPS 0029 | D 10796 | rR:mu sigma m M 0.00 0.00 0.00 0.00 | F:mu sigma m M 149.1 72.3 36.0 294.0 | H 1.099 | V -0.000 | pL -0.000 | vL 0.000 | delta 0.000
U 150 | F 307200 | FPS 0025 | D 10878 | rR:mu sigma m M 0.00 0.00 0.00 0.00 | F:mu sigma m M 161.5 99.5 49.0 353.0 | H 1.099 | V -0.000 | pL -0.000 | vL 0.000 | delta 0.000
U 151 | F 309248 | FPS 0027 | D 10952 | rR:mu sigma m M 0.00 0.00 0.00 0.00 | F:mu sigma m M 158.9 106.9 26.0 350.0 | H 1.099 | V -0.000 | pL -0.000 | vL 0.000 | delta 0.000
U 152 | F 311296 | FPS 0028 | D 11025 | rR:mu sigma m M 0.00 0.00 0.00 0.00 | F:mu sigma m M 152.9 171.8 14.0 738.0 | H 1.099 | V -0.000 | pL -0.000 | vL 0.000 | delta 0.000
U 153 | F 313344 | FPS 0027 | D 11101 | rR:mu sigma m M 0.00 0.00 0.00 0.00 | F:mu sigma m M 188.8 173.6 14.0 738.0 | H 1.099 | V -0.000 | pL -0.000 | vL 0.000 | delta 0.000
U 154 | F 315392 | FPS 0026 | D 11180 | rR:mu sigma m M 0.00 0.00 0.00 0.00 | F:mu sigma m M 233.4 156.7 31.0 592.0 | H 1.099 | V 0.000 | pL 0.000 | vL 0.000 | delta 0.000
U 155 | F 317440 | FPS 0026 | D 11259 | rR:mu sigma m M 0.00 0.00 0.00 0.00 | F:mu sigma m M 132.0 77.1 12.0 307.0 | H 1.099 | V 0.000 | pL -0.000 | vL 0.000 | delta 0.000
U 156 | F 319488 | FPS 0029 | D 11329 | rR:mu sigma m M 0.00 0.00 0.00 0.00 | F:mu sigma m M 228.9 206.4 12.0 724.0 | H 1.099 | V 0.000 | pL 0.000 | vL 0.000 | delta 0.000
U 157 | F 321536 | FPS 0027 | D 11406 | rR:mu sigma m M 0.00 0.00 0.00 0.00 | F:mu sigma m M 143.2 148.0 10.0 534.0 | H 1.099 | V 0.000 | pL 0.000 | vL 0.000 | delta 0.000
U 158 | F 323584 | FPS 0026 | D 11486 | rR:mu sigma m M 0.00 0.00 0.00 0.00 | F:mu sigma m M 130.4 129.0 10.0 430.0 | H 1.099 | V -0.000 | pL -0.000 | vL 0.000 | delta 0.000
U 159 | F 325632 | FPS 0027 | D 11562 | rR:mu sigma m M 0.00 0.00 0.00 0.00 | F:mu sigma m M 171.2 117.9 34.0 507.0 | H 1.099 | V 0.000 | pL 0.000 | vL 0.000 | delta 0.000
U 160 | F 327680 | FPS 0034 | D 11621 | rR:mu sigma m M 0.00 0.00 0.00 0.00 | F:mu sigma m M 194.7 143.1 39.0 507.0 | H 1.099 | V 0.000 | pL 0.000 | vL 0.000 | delta 0.000
U 161 | F 329728 | FPS 0026 | D 11699 | rR:mu sigma m M 0.00 0.00 0.00 0.00 | F:mu sigma m M 191.2 155.8 39.0 501.0 | H 1.099 | V 0.000 | pL -0.000 | vL 0.000 | delta 0.000
U 162 | F 331776 | FPS 0028 | D 11773 | rR:mu sigma m M 0.00 0.00 0.00 0.00 | F:mu sigma m M 241.4 142.2 44.0 540.0 | H 1.099 | V 0.001 | pL -0.000 | vL 0.000 | delta 0.000
U 163 | F 333824 | FPS 0029 | D 11844 | rR:mu sigma m M 0.00 0.00 0.00 0.00 | F:mu sigma m M 200.8 141.4 24.0 540.0 | H 1.099 | V 0.000 | pL 0.000 | vL 0.000 | delta 0.000
U 164 | F 335872 | FPS 0031 | D 11910 | rR:mu sigma m M 0.00 0.00 0.00 0.00 | F:mu sigma m M 192.4 127.5 24.0 520.0 | H 1.099 | V 0.001 | pL -0.001 | vL 0.000 | delta 0.001
U 165 | F 337920 | FPS 0027 | D 11987 | rR:mu sigma m M 0.02 0.08 0.00 0.35 | F:mu sigma m M 214.3 172.7 51.0 652.0 | H 1.097 | V 0.005 | pL -0.002 | vL 0.000 | delta 0.004
U 166 | F 339968 | FPS 0026 | D 12067 | rR:mu sigma m M 0.00 0.00 0.00 0.00 | F:mu sigma m M 144.1 96.1 11.0 298.0 | H 1.099 | V 0.005 | pL 0.001 | vL 0.000 | delta 0.003
U 167 | F 342016 | FPS 0029 | D 12138 | rR:mu sigma m M 0.00 0.00 0.00 0.00 | F:mu sigma m M 149.6 68.5 37.0 290.0 | H 1.099 | V 0.002 | pL 0.000 | vL 0.000 | delta 0.000
U 168 | F 344064 | FPS 0029 | D 12209 | rR:mu sigma m M 0.00 0.00 0.00 0.00 | F:mu sigma m M 115.2 76.8 31.0 326.0 | H 1.099 | V 0.001 | pL 0.000 | vL 0.000 | delta 0.000
U 169 | F 346112 | FPS 0027 | D 12286 | rR:mu sigma m M 0.00 0.00 0.00 0.00 | F:mu sigma m M 152.8 127.8 28.0 561.0 | H 1.099 | V 0.001 | pL 0.000 | vL 0.000 | delta 0.000
U 170 | F 348160 | FPS 0028 | D 12360 | rR:mu sigma m M 0.00 0.00 0.00 0.00 | F:mu sigma m M 193.8 135.7 28.0 561.0 | H 1.099 | V 0.001 | pL 0.000 | vL 0.000 | delta 0.000
U 171 | F 350208 | FPS 0028 | D 12432 | rR:mu sigma m M 0.00 0.00 0.00 0.00 | F:mu sigma m M 162.1 110.6 63.0 461.0 | H 1.099 | V 0.000 | pL 0.000 | vL 0.000 | delta 0.000
U 172 | F 352256 | FPS 0026 | D 12511 | rR:mu sigma m M 0.00 0.00 0.00 0.00 | F:mu sigma m M 131.6 86.6 38.0 376.0 | H 1.099 | V 0.000 | pL 0.000 | vL 0.000 | delta 0.000
U 173 | F 354304 | FPS 0027 | D 12587 | rR:mu sigma m M 0.00 0.00 0.00 0.00 | F:mu sigma m M 171.2 162.0 42.0 605.0 | H 1.099 | V 0.001 | pL 0.000 | vL 0.000 | delta 0.001
U 174 | F 356352 | FPS 0029 | D 12658 | rR:mu sigma m M 0.00 0.00 0.00 0.00 | F:mu sigma m M 206.2 159.9 12.0 462.0 | H 1.099 | V 0.001 | pL 0.000 | vL 0.000 | delta 0.000
U 175 | F 358400 | FPS 0029 | D 12727 | rR:mu sigma m M 0.00 0.00 0.00 0.00 | F:mu sigma m M 181.1 129.0 27.0 437.0 | H 1.099 | V 0.000 | pL 0.000 | vL 0.000 | delta 0.000
U 176 | F 360448 | FPS 0027 | D 12802 | rR:mu sigma m M 0.00 0.00 0.00 0.00 | F:mu sigma m M 180.3 126.9 27.0 470.0 | H 1.099 | V 0.000 | pL 0.000 | vL 0.000 | delta 0.000
U 177 | F 362496 | FPS 0031 | D 12869 | rR:mu sigma m M 0.00 0.00 0.00 0.00 | F:mu sigma m M 194.2 160.5 46.0 679.0 | H 1.099 | V 0.001 | pL 0.000 | vL 0.000 | delta 0.000
U 178 | F 364544 | FPS 0029 | D 12939 | rR:mu sigma m M 0.00 0.00 0.00 0.00 | F:mu sigma m M 185.2 117.7 22.0 490.0 | H 1.099 | V 0.000 | pL 0.000 | vL 0.000 | delta 0.000
U 179 | F 366592 | FPS 0026 | D 13017 | rR:mu sigma m M 0.00 0.00 0.00 0.00 | F:mu sigma m M 160.7 125.5 32.0 490.0 | H 1.099 | V 0.001 | pL 0.000 | vL 0.000 | delta 0.000
U 180 | F 368640 | FPS 0027 | D 13092 | rR:mu sigma m M 0.00 0.00 0.00 0.00 | F:mu sigma m M 202.6 123.2 47.0 457.0 | H 1.099 | V 0.000 | pL 0.000 | vL 0.000 | delta 0.000
U 181 | F 370688 | FPS 0027 | D 13167 | rR:mu sigma m M 0.00 0.00 0.00 0.00 | F:mu sigma m M 187.1 133.0 32.0 465.0 | H 1.099 | V 0.000 | pL 0.000 | vL 0.000 | delta 0.000
U 182 | F 372736 | FPS 0031 | D 13233 | rR:mu sigma m M 0.00 0.00 0.00 0.00 | F:mu sigma m M 185.3 122.6 32.0 465.0 | H 1.099 | V 0.000 | pL 0.000 | vL 0.000 | delta 0.000
U 183 | F 374784 | FPS 0028 | D 13305 | rR:mu sigma m M 0.00 0.00 0.00 0.00 | F:mu sigma m M 179.1 163.9 13.0 506.0 | H 1.099 | V 0.000 | pL 0.000 | vL 0.000 | delta 0.000
U 184 | F 376832 | FPS 0027 | D 13381 | rR:mu sigma m M 0.00 0.00 0.00 0.00 | F:mu sigma m M 175.2 149.7 33.0 540.0 | H 1.099 | V 0.000 | pL 0.000 | vL 0.000 | delta 0.000
U 185 | F 378880 | FPS 0027 | D 13457 | rR:mu sigma m M 0.00 0.00 0.00 0.00 | F:mu sigma m M 166.0 129.6 54.0 540.0 | H 1.099 | V 0.000 | pL 0.000 | vL 0.000 | delta 0.000
U 186 | F 380928 | FPS 0028 | D 13531 | rR:mu sigma m M 0.00 0.00 0.00 0.00 | F:mu sigma m M 193.6 127.5 49.0 525.0 | H 1.099 | V 0.000 | pL 0.000 | vL 0.000 | delta 0.000
U 187 | F 382976 | FPS 0026 | D 13609 | rR:mu sigma m M 0.00 0.00 0.00 0.00 | F:mu sigma m M 207.2 148.5 32.0 530.0 | H 1.099 | V 0.000 | pL 0.000 | vL 0.000 | delta 0.000
U 188 | F 385024 | FPS 0029 | D 13679 | rR:mu sigma m M 0.04 0.17 0.00 0.71 | F:mu sigma m M 201.1 139.9 9.0 438.0 | H 1.098 | V 0.004 | pL -0.006 | vL 0.001 | delta 0.009
U 189 | F 387072 | FPS 0028 | D 13752 | rR:mu sigma m M 0.00 0.00 0.00 0.00 | F:mu sigma m M 134.9 72.4 9.0 292.0 | H 1.098 | V 0.004 | pL 0.001 | vL 0.000 | delta 0.001
U 190 | F 389120 | FPS 0031 | D 13819 | rR:mu sigma m M 0.00 0.00 0.00 0.00 | F:mu sigma m M 152.2 92.6 34.0 398.0 | H 1.099 | V 0.003 | pL 0.001 | vL 0.000 | delta 0.001
U 191 | F 391168 | FPS 0030 | D 13886 | rR:mu sigma m M 0.00 0.00 0.00 0.00 | F:mu sigma m M 136.7 97.4 30.0 338.0 | H 1.099 | V 0.002 | pL 0.001 | vL 0.000 | delta 0.000
U 192 | F 393216 | FPS 0031 | D 13952 | rR:mu sigma m M 0.00 0.00 0.00 0.00 | F:mu sigma m M 183.8 218.5 33.0 900.0 | H 1.099 | V 0.002 | pL 0.000 | vL 0.000 | delta 0.000
U 193 | F 395264 | FPS 0027 | D 14027 | rR:mu sigma m M 0.00 0.00 0.00 0.00 | F:mu sigma m M 251.1 260.6 59.0 900.0 | H 1.099 | V 0.001 | pL 0.000 | vL 0.000 | delta 0.000
U 194 | F 397312 | FPS 0026 | D 14104 | rR:mu sigma m M 0.00 0.00 0.00 0.00 | F:mu sigma m M 220.0 216.2 24.0 837.0 | H 1.099 | V 0.001 | pL 0.000 | vL 0.000 | delta 0.000
U 195 | F 399360 | FPS 0026 | D 14184 | rR:mu sigma m M 0.00 0.00 0.00 0.00 | F:mu sigma m M 176.4 131.1 35.0 463.0 | H 1.099 | V 0.001 | pL 0.000 | vL 0.000 | delta 0.000
U 196 | F 401408 | FPS 0028 | D 14257 | rR:mu sigma m M 0.00 0.00 0.00 0.00 | F:mu sigma m M 213.7 200.7 35.0 900.0 | H 1.099 | V 0.001 | pL 0.000 | vL 0.000 | delta 0.000
U 197 | F 403456 | FPS 0030 | D 14326 | rR:mu sigma m M 0.00 0.00 0.00 0.00 | F:mu sigma m M 193.1 119.7 54.0 470.0 | H 1.099 | V 0.001 | pL 0.000 | vL 0.000 | delta 0.000
U 198 | F 405504 | FPS 0025 | D 14408 | rR:mu sigma m M 0.00 0.00 0.00 0.00 | F:mu sigma m M 189.5 104.1 45.0 437.0 | H 1.099 | V 0.001 | pL 0.000 | vL 0.000 | delta 0.000
U 199 | F 407552 | FPS 0029 | D 14478 | rR:mu sigma m M 0.00 0.00 0.00 0.00 | F:mu sigma m M 171.2 145.5 23.0 546.0 | H 1.099 | V 0.001 | pL 0.000 | vL 0.000 | delta 0.000
U 200 | F 409600 | FPS 0030 | D 14547 | rR:mu sigma m M 0.05 0.18 0.00 0.72 | F:mu sigma m M 163.4 102.0 34.0 313.0 | H 1.097 | V 0.006 | pL -0.006 | vL 0.001 | delta 0.008
U 201 | F 411648 | FPS 0027 | D 14624 | rR:mu sigma m M 0.04 0.17 0.00 0.71 | F:mu sigma m M 125.9 96.9 24.0 313.0 | H 1.092 | V 0.009 | pL -0.004 | vL 0.001 | delta 0.010
U 202 | F 413696 | FPS 0031 | D 14690 | rR:mu sigma m M 0.00 0.00 0.00 0.00 | F:mu sigma m M 163.6 163.2 18.0 588.0 | H 1.098 | V 0.001 | pL -0.000 | vL 0.000 | delta 0.001
U 203 | F 415744 | FPS 0031 | D 14757 | rR:mu sigma m M 0.00 0.00 0.00 0.00 | F:mu sigma m M 202.7 205.4 27.0 854.0 | H 1.095 | V 0.011 | pL -0.001 | vL 0.000 | delta 0.007
U 204 | F 417792 | FPS 0026 | D 14836 | rR:mu sigma m M 0.00 0.00 0.00 0.00 | F:mu sigma m M 228.5 253.7 33.0 854.0 | H 1.097 | V 0.010 | pL 0.001 | vL 0.000 | delta 0.007
U 205 | F 419840 | FPS 0029 | D 14907 | rR:mu sigma m M 0.00 0.00 0.00 0.00 | F:mu sigma m M 232.6 134.0 46.0 465.0 | H 1.098 | V 0.004 | pL 0.003 | vL 0.000 | delta 0.002
U 206 | F 421888 | FPS 0029 | D 14979 | rR:mu sigma m M 0.00 0.00 0.00 0.00 | F:mu sigma m M 186.3 119.4 28.0 424.0 | H 1.099 | V 0.001 | pL 0.000 | vL 0.000 | delta 0.000
U 207 | F 423936 | FPS 0030 | D 15048 | rR:mu sigma m M 0.00 0.00 0.00 0.00 | F:mu sigma m M 187.1 135.7 38.0 554.0 | H 1.099 | V 0.001 | pL 0.000 | vL 0.000 | delta 0.000
U 208 | F 425984 | FPS 0032 | D 15112 | rR:mu sigma m M 0.00 0.00 0.00 0.00 | F:mu sigma m M 118.6 45.8 48.0 233.0 | H 1.099 | V 0.001 | pL 0.000 | vL 0.000 | delta 0.000
U 209 | F 428032 | FPS 0026 | D 15190 | rR:mu sigma m M 0.00 0.00 0.00 0.00 | F:mu sigma m M 166.2 98.1 44.0 434.0 | H 1.099 | V 0.001 | pL 0.000 | vL 0.000 | delta 0.000
U 210 | F 430080 | FPS 0030 | D 15258 | rR:mu sigma m M 0.00 0.00 0.00 0.00 | F:mu sigma m M 173.2 103.7 40.0 434.0 | H 1.099 | V 0.001 | pL 0.000 | vL 0.000 | delta 0.000
U 211 | F 432128 | FPS 0028 | D 15332 | rR:mu sigma m M 0.00 0.00 0.00 0.00 | F:mu sigma m M 164.1 80.8 53.0 295.0 | H 1.099 | V 0.000 | pL 0.000 | vL 0.000 | delta 0.000
U 212 | F 434176 | FPS 0029 | D 15403 | rR:mu sigma m M 0.00 0.00 0.00 0.00 | F:mu sigma m M 125.4 75.7 41.0 330.0 | H 1.099 | V 0.000 | pL 0.000 | vL 0.000 | delta 0.000
U 213 | F 436224 | FPS 0029 | D 15473 | rR:mu sigma m M 0.00 0.00 0.00 0.00 | F:mu sigma m M 139.2 86.2 38.0 330.0 | H 1.099 | V 0.001 | pL -0.001 | vL 0.000 | delta 0.001
U 214 | F 438272 | FPS 0030 | D 15541 | rR:mu sigma m M 0.00 0.00 0.00 0.00 | F:mu sigma m M 196.1 171.6 50.0 712.0 | H 1.099 | V 0.001 | pL 0.001 | vL 0.000 | delta 0.001
U 215 | F 440320 | FPS 0027 | D 15616 | rR:mu sigma m M 0.00 0.00 0.00 0.00 | F:mu sigma m M 158.8 111.6 37.0 449.0 | H 1.099 | V -0.000 | pL -0.000 | vL 0.000 | delta 0.000
U 216 | F 442368 | FPS 0030 | D 15684 | rR:mu sigma m M 0.00 0.00 0.00 0.00 | F:mu sigma m M 140.3 98.8 40.0 397.0 | H 1.099 | V -0.000 | pL -0.000 | vL 0.000 | delta 0.000
U 217 | F 444416 | FPS 0029 | D 15755 | rR:mu sigma m M 0.00 0.00 0.00 0.00 | F:mu sigma m M 140.4 94.7 21.0 359.0 | H 1.099 | V -0.000 | pL -0.000 | vL 0.000 | delta 0.000
U 218 | F 446464 | FPS 0031 | D 15821 | rR:mu sigma m M 0.00 0.00 0.00 0.00 | F:mu sigma m M 158.2 116.4 21.0 408.0 | H 1.099 | V -0.000 | pL -0.000 | vL 0.000 | delta 0.000
U 219 | F 448512 | FPS 0027 | D 15897 | rR:mu sigma m M 0.00 0.00 0.00 0.00 | F:mu sigma m M 151.2 94.9 29.0 343.0 | H 1.099 | V -0.000 | pL -0.000 | vL 0.000 | delta 0.000
U 220 | F 450560 | FPS 0026 | D 15975 | rR:mu sigma m M 0.00 0.00 0.00 0.00 | F:mu sigma m M 204.5 172.0 36.0 624.0 | H 1.099 | V 0.000 | pL -0.000 | vL 0.000 | delta 0.000
U 221 | F 452608 | FPS 0026 | D 16054 | rR:mu sigma m M 0.00 0.00 0.00 0.00 | F:mu sigma m M 114.5 119.1 15.0 474.0 | H 1.099 | V -0.000 | pL 0.000 | vL 0.000 | delta 0.000
U 222 | F 454656 | FPS 0031 | D 16121 | rR:mu sigma m M 0.00 0.00 0.00 0.00 | F:mu sigma m M 136.6 93.8 10.0 318.0 | H 1.099 | V -0.000 | pL -0.000 | vL 0.000 | delta 0.000
U 223 | F 456704 | FPS 0030 | D 16190 | rR:mu sigma m M 0.00 0.00 0.00 0.00 | F:mu sigma m M 171.7 91.2 33.0 342.0 | H 1.099 | V -0.000 | pL -0.000 | vL 0.000 | delta 0.000
U 224 | F 458752 | FPS 0029 | D 16261 | rR:mu sigma m M 0.00 0.00 0.00 0.00 | F:mu sigma m M 185.7 94.7 43.0 350.0 | H 1.099 | V 0.001 | pL 0.000 | vL 0.000 | delta 0.000
U 225 | F 460800 | FPS 0025 | D 16342 | rR:mu sigma m M 0.00 0.00 0.00 0.00 | F:mu sigma m M 233.6 213.4 26.0 900.0 | H 1.099 | V -0.000 | pL -0.000 | vL 0.000 | delta 0.000
U 226 | F 462848 | FPS 0028 | D 16415 | rR:mu sigma m M 0.06 0.22 0.00 0.92 | F:mu sigma m M 187.2 208.9 18.0 900.0 | H 1.089 | V 0.003 | pL -0.008 | vL 0.002 | delta 0.026
U 227 | F 464896 | FPS 0032 | D 16478 | rR:mu sigma m M 0.00 0.00 0.00 0.00 | F:mu sigma m M 174.8 181.8 25.0 773.0 | H 1.098 | V 0.003 | pL 0.001 | vL 0.000 | delta 0.005
U 228 | F 466944 | FPS 0029 | D 16548 | rR:mu sigma m M 0.00 0.00 0.00 0.00 | F:mu sigma m M 140.4 103.8 25.0 385.0 | H 1.099 | V 0.004 | pL 0.001 | vL 0.000 | delta 0.001
U 229 | F 468992 | FPS 0028 | D 16623 | rR:mu sigma m M 0.00 0.00 0.00 0.00 | F:mu sigma m M 151.1 111.9 20.0 457.0 | H 1.099 | V 0.003 | pL 0.001 | vL 0.000 | delta 0.001
U 230 | F 471040 | FPS 0025 | D 16703 | rR:mu sigma m M 0.00 0.00 0.00 0.00 | F:mu sigma m M 161.2 144.2 25.0 575.0 | H 1.099 | V 0.003 | pL 0.001 | vL 0.000 | delta 0.001
U 231 | F 473088 | FPS 0027 | D 16778 | rR:mu sigma m M 0.00 0.00 0.00 0.00 | F:mu sigma m M 167.2 156.5 29.0 618.0 | H 1.099 | V 0.003 | pL 0.001 | vL 0.000 | delta 0.001
U 232 | F 475136 | FPS 0029 | D 16848 | rR:mu sigma m M 0.00 0.00 0.00 0.00 | F:mu sigma m M 130.4 135.6 29.0 618.0 | H 1.099 | V 0.003 | pL 0.000 | vL 0.000 | delta 0.002
U 233 | F 477184 | FPS 0030 | D 16916 | rR:mu sigma m M 0.03 0.14 0.00 0.56 | F:mu sigma m M 169.6 149.0 38.0 581.0 | H 1.096 | V 0.006 | pL -0.004 | vL 0.000 | delta 0.013
U 234 | F 479232 | FPS 0032 | D 16980 | rR:mu sigma m M 0.00 0.00 0.00 0.00 | F:mu sigma m M 115.1 112.2 21.0 460.0 | H 1.096 | V 0.007 | pL -0.002 | vL 0.000 | delta 0.010
U 235 | F 481280 | FPS 0030 | D 17049 | rR:mu sigma m M 0.00 0.00 0.00 0.00 | F:mu sigma m M 124.3 96.3 8.0 350.0 | H 1.098 | V -0.002 | pL 0.001 | vL 0.000 | delta 0.006
U 236 | F 483328 | FPS 0028 | D 17122 | rR:mu sigma m M 0.00 0.00 0.00 0.00 | F:mu sigma m M 173.9 206.9 30.0 854.0 | H 1.099 | V -0.003 | pL -0.001 | vL 0.000 | delta 0.002
U 237 | F 485376 | FPS 0027 | D 17199 | rR:mu sigma m M 0.00 0.00 0.00 0.00 | F:mu sigma m M 169.8 106.9 30.0 399.0 | H 1.099 | V -0.002 | pL -0.000 | vL 0.000 | delta 0.000
U 238 | F 487424 | FPS 0028 | D 17271 | rR:mu sigma m M 0.00 0.00 0.00 0.00 | F:mu sigma m M 182.8 113.2 18.0 383.0 | H 1.098 | V 0.000 | pL -0.000 | vL 0.000 | delta 0.003
U 239 | F 489472 | FPS 0032 | D 17336 | rR:mu sigma m M 0.00 0.00 0.00 0.00 | F:mu sigma m M 144.3 108.7 20.0 364.0 | H 1.099 | V 0.001 | pL 0.000 | vL 0.000 | delta 0.001
U 240 | F 491520 | FPS 0029 | D 17406 | rR:mu sigma m M 0.00 0.00 0.00 0.00 | F:mu sigma m M 149.4 91.8 30.0 345.0 | H 1.099 | V 0.001 | pL 0.000 | vL 0.000 | delta 0.001
U 241 | F 493568 | FPS 0031 | D 17473 | rR:mu sigma m M 0.00 0.00 0.00 0.00 | F:mu sigma m M 141.2 91.4 30.0 396.0 | H 1.098 | V 0.002 | pL 0.000 | vL 0.000 | delta 0.001
U 242 | F 495616 | FPS 0030 | D 17542 | rR:mu sigma m M 0.05 0.19 0.00 0.80 | F:mu sigma m M 152.6 123.5 24.0 469.0 | H 1.097 | V 0.008 | pL -0.005 | vL 0.000 | delta 0.010
U 243 | F 497664 | FPS 0029 | D 17613 | rR:mu sigma m M 0.00 0.00 0.00 0.00 | F:mu sigma m M 209.4 172.7 40.0 575.0 | H 1.099 | V -0.002 | pL -0.001 | vL 0.000 | delta 0.000
U 244 | F 499712 | FPS 0029 | D 17684 | rR:mu sigma m M 0.00 0.00 0.00 0.00 | F:mu sigma m M 157.1 152.6 27.0 575.0 | H 1.099 | V -0.002 | pL -0.000 | vL 0.000 | delta 0.001
U 245 | F 501760 | FPS 0026 | D 17762 | rR:mu sigma m M 0.00 0.00 0.00 0.00 | F:mu sigma m M 151.3 91.7 16.0 304.0 | H 1.099 | V -0.001 | pL -0.000 | vL 0.000 | delta 0.000
U 246 | F 503808 | FPS 0026 | D 17840 | rR:mu sigma m M 0.00 0.00 0.00 0.00 | F:mu sigma m M 140.6 92.0 16.0 342.0 | H 1.099 | V -0.001 | pL -0.000 | vL 0.000 | delta 0.000
U 247 | F 505856 | FPS 0029 | D 17911 | rR:mu sigma m M 0.00 0.00 0.00 0.00 | F:mu sigma m M 197.4 149.8 10.0 537.0 | H 1.099 | V -0.001 | pL -0.000 | vL 0.000 | delta 0.001
U 248 | F 507904 | FPS 0029 | D 17983 | rR:mu sigma m M 0.00 0.00 0.00 0.00 | F:mu sigma m M 137.0 91.2 10.0 296.0 | H 1.099 | V -0.000 | pL -0.000 | vL 0.000 | delta 0.000
U 249 | F 509952 | FPS 0030 | D 18050 | rR:mu sigma m M 0.00 0.00 0.00 0.00 | F:mu sigma m M 170.6 110.8 23.0 442.0 | H 1.099 | V -0.000 | pL -0.000 | vL 0.000 | delta 0.000
U 250 | F 512000 | FPS 0028 | D 18124 | rR:mu sigma m M 0.00 0.00 0.00 0.00 | F:mu sigma m M 219.3 215.1 9.0 796.0 | H 1.097 | V 0.005 | pL 0.001 | vL 0.000 | delta 0.008
U 251 | F 514048 | FPS 0031 | D 18190 | rR:mu sigma m M 0.00 0.00 0.00 0.00 | F:mu sigma m M 145.3 88.7 31.0 346.0 | H 1.095 | V 0.009 | pL 0.000 | vL 0.000 | delta 0.013
U 252 | F 516096 | FPS 0027 | D 18266 | rR:mu sigma m M 0.00 0.00 0.00 0.00 | F:mu sigma m M 134.0 65.8 38.0 269.0 | H 1.098 | V 0.009 | pL 0.003 | vL 0.000 | delta 0.005
U 253 | F 518144 | FPS 0026 | D 18346 | rR:mu sigma m M 0.00 0.00 0.00 0.00 | F:mu sigma m M 153.8 58.9 85.0 269.0 | H 1.097 | V 0.011 | pL 0.001 | vL 0.000 | delta 0.003
U 254 | F 520192 | FPS 0033 | D 18409 | rR:mu sigma m M 0.05 0.18 0.00 0.73 | F:mu sigma m M 255.0 197.8 20.0 861.0 | H 1.096 | V 0.010 | pL -0.003 | vL 0.001 | delta 0.013
U 255 | F 522240 | FPS 0029 | D 18480 | rR:mu sigma m M 0.00 0.00 0.00 0.00 | F:mu sigma m M 175.3 148.3 25.0 473.0 | H 1.098 | V 0.006 | pL 0.002 | vL 0.000 | delta 0.002
U 256 | F 524288 | FPS 0030 | D 18547 | rR:mu sigma m M 0.00 0.00 0.00 0.00 | F:mu sigma m M 153.3 139.8 33.0 473.0 | H 1.098 | V 0.007 | pL 0.002 | vL 0.000 | delta 0.002
U 257 | F 526336 | FPS 0030 | D 18616 | rR:mu sigma m M 0.00 0.00 0.00 0.00 | F:mu sigma m M 173.2 170.3 19.0 744.0 | H 1.099 | V 0.005 | pL 0.002 | vL 0.000 | delta 0.001
U 258 | F 528384 | FPS 0028 | D 18690 | rR:mu sigma m M 0.00 0.00 0.00 0.00 | F:mu sigma m M 180.9 135.9 19.0 544.0 | H 1.099 | V 0.005 | pL 0.001 | vL 0.000 | delta 0.001
U 259 | F 530432 | FPS 0029 | D 18761 | rR:mu sigma m M 0.00 0.00 0.00 0.00 | F:mu sigma m M 207.2 123.5 81.0 544.0 | H 1.099 | V 0.005 | pL 0.001 | vL 0.000 | delta 0.001
U 260 | F 532480 | FPS 0030 | D 18830 | rR:mu sigma m M 0.00 0.00 0.00 0.00 | F:mu sigma m M 237.5 142.1 86.0 629.0 | H 1.099 | V 0.003 | pL 0.001 | vL 0.000 | delta 0.001
U 261 | F 534528 | FPS 0030 | D 18898 | rR:mu sigma m M 0.00 0.00 0.00 0.00 | F:mu sigma m M 230.5 171.0 33.0 629.0 | H 1.098 | V 0.003 | pL 0.001 | vL 0.000 | delta 0.001
U 262 | F 536576 | FPS 0030 | D 18967 | rR:mu sigma m M 0.00 0.00 0.00 0.00 | F:mu sigma m M 225.1 189.7 33.0 716.0 | H 1.099 | V 0.002 | pL 0.001 | vL 0.000 | delta 0.000
U 263 | F 538624 | FPS 0030 | D 19036 | rR:mu sigma m M 0.00 0.00 0.00 0.00 | F:mu sigma m M 220.6 160.8 43.0 716.0 | H 1.099 | V 0.002 | pL 0.000 | vL 0.000 | delta 0.000
U 264 | F 540672 | FPS 0028 | D 19110 | rR:mu sigma m M 0.00 0.00 0.00 0.00 | F:mu sigma m M 180.8 77.9 54.0 335.0 | H 1.099 | V 0.001 | pL 0.000 | vL 0.000 | delta 0.000
U 265 | F 542720 | FPS 0029 | D 19180 | rR:mu sigma m M 0.00 0.00 0.00 0.00 | F:mu sigma m M 169.8 93.2 42.0 335.0 | H 1.098 | V 0.002 | pL 0.000 | vL 0.000 | delta 0.001
U 266 | F 544768 | FPS 0031 | D 19245 | rR:mu sigma m M 0.00 0.00 0.00 0.00 | F:mu sigma m M 139.1 74.6 28.0 279.0 | H 1.099 | V 0.001 | pL 0.000 | vL 0.000 | delta 0.000
U 267 | F 546816 | FPS 0028 | D 19319 | rR:mu sigma m M 0.00 0.00 0.00 0.00 | F:mu sigma m M 136.9 69.7 32.0 264.0 | H 1.099 | V 0.001 | pL 0.000 | vL 0.000 | delta 0.000
U 268 | F 548864 | FPS 0029 | D 19390 | rR:mu sigma m M 0.00 0.00 0.00 0.00 | F:mu sigma m M 259.9 200.6 20.0 721.0 | H 1.098 | V 0.002 | pL 0.000 | vL 0.000 | delta 0.002
U 269 | F 550912 | FPS 0028 | D 19462 | rR:mu sigma m M 0.00 0.00 0.00 0.00 | F:mu sigma m M 128.6 92.8 32.0 448.0 | H 1.098 | V 0.002 | pL 0.001 | vL 0.000 | delta 0.002
U 270 | F 552960 | FPS 0030 | D 19530 | rR:mu sigma m M 0.00 0.00 0.00 0.00 | F:mu sigma m M 107.0 72.8 14.0 295.0 | H 1.099 | V 0.001 | pL 0.000 | vL 0.000 | delta 0.000
U 271 | F 555008 | FPS 0033 | D 19593 | rR:mu sigma m M 0.00 0.00 0.00 0.00 | F:mu sigma m M 112.9 67.6 32.0 267.0 | H 1.098 | V 0.001 | pL 0.000 | vL 0.000 | delta 0.001
U 272 | F 557056 | FPS 0029 | D 19665 | rR:mu sigma m M 0.00 0.00 0.00 0.00 | F:mu sigma m M 135.8 76.0 26.0 298.0 | H 1.098 | V 0.001 | pL 0.000 | vL 0.000 | delta 0.001
U 273 | F 559104 | FPS 0028 | D 19737 | rR:mu sigma m M 0.00 0.00 0.00 0.00 | F:mu sigma m M 187.8 125.0 47.0 499.0 | H 1.099 | V 0.001 | pL 0.000 | vL 0.000 | delta 0.000
U 274 | F 561152 | FPS 0027 | D 19815 | rR:mu sigma m M 0.00 0.00 0.00 0.00 | F:mu sigma m M 147.6 141.6 33.0 544.0 | H 1.099 | V 0.001 | pL 0.000 | vL 0.000 | delta 0.000
U 275 | F 563200 | FPS 0028 | D 19888 | rR:mu sigma m M 0.00 0.00 0.00 0.00 | F:mu sigma m M 158.9 127.4 46.0 547.0 | H 1.099 | V 0.000 | pL 0.000 | vL 0.000 | delta 0.000
U 276 | F 565248 | FPS 0025 | D 19970 | rR:mu sigma m M 0.00 0.00 0.00 0.00 | F:mu sigma m M 152.9 96.1 16.0 337.0 | H 1.099 | V 0.000 | pL 0.000 | vL 0.000 | delta 0.000
U 277 | F 567296 | FPS 0029 | D 20040 | rR:mu sigma m M 0.00 0.00 0.00 0.00 | F:mu sigma m M 178.7 181.5 15.0 615.0 | H 1.098 | V 0.000 | pL 0.000 | vL 0.000 | delta 0.000
U 278 | F 569344 | FPS 0027 | D 20117 | rR:mu sigma m M 0.00 0.00 0.00 0.00 | F:mu sigma m M 158.2 124.0 15.0 447.0 | H 1.098 | V 0.001 | pL 0.000 | vL 0.000 | delta 0.001
U 279 | F 571392 | FPS 0027 | D 20194 | rR:mu sigma m M 0.00 0.00 0.00 0.00 | F:mu sigma m M 138.2 119.9 18.0 400.0 | H 1.099 | V 0.001 | pL 0.000 | vL 0.000 | delta 0.000
U 280 | F 573440 | FPS 0027 | D 20270 | rR:mu sigma m M 0.04 0.16 0.00 0.68 | F:mu sigma m M 181.6 138.6 18.0 476.0 | H 1.097 | V 0.006 | pL -0.006 | vL 0.001 | delta 0.006
U 281 | F 575488 | FPS 0027 | D 20345 | rR:mu sigma m M 0.04 0.16 0.00 0.68 | F:mu sigma m M 209.6 215.2 16.0 888.0 | H 1.098 | V 0.001 | pL -0.001 | vL 0.000 | delta 0.003
U 282 | F 577536 | FPS 0024 | D 20429 | rR:mu sigma m M 0.00 0.00 0.00 0.00 | F:mu sigma m M 212.1 194.6 60.0 888.0 | H 1.097 | V 0.004 | pL 0.002 | vL 0.000 | delta 0.006
U 283 | F 579584 | FPS 0027 | D 20504 | rR:mu sigma m M 0.00 0.00 0.00 0.00 | F:mu sigma m M 178.9 117.5 21.0 432.0 | H 1.098 | V -0.002 | pL -0.001 | vL 0.000 | delta 0.003
U 284 | F 581632 | FPS 0032 | D 20568 | rR:mu sigma m M 0.00 0.00 0.00 0.00 | F:mu sigma m M 226.8 176.3 46.0 665.0 | H 1.099 | V -0.000 | pL -0.000 | vL 0.000 | delta 0.001
U 285 | F 583680 | FPS 0030 | D 20638 | rR:mu sigma m M 0.00 0.00 0.00 0.00 | F:mu sigma m M 150.6 134.6 38.0 503.0 | H 1.099 | V -0.001 | pL -0.000 | vL 0.000 | delta 0.000
U 286 | F 585728 | FPS 0030 | D 20705 | rR:mu sigma m M 0.00 0.00 0.00 0.00 | F:mu sigma m M 168.3 152.2 21.0 602.0 | H 1.099 | V -0.001 | pL -0.000 | vL 0.000 | delta 0.000
U 287 | F 587776 | FPS 0030 | D 20774 | rR:mu sigma m M 0.00 0.00 0.00 0.00 | F:mu sigma m M 165.1 123.8 21.0 533.0 | H 1.099 | V -0.001 | pL -0.000 | vL 0.000 | delta 0.000
U 288 | F 589824 | FPS 0028 | D 20847 | rR:mu sigma m M 0.00 0.00 0.00 0.00 | F:mu sigma m M 172.6 149.0 35.0 580.0 | H 1.098 | V 0.003 | pL -0.000 | vL 0.000 | delta 0.002
U 289 | F 591872 | FPS 0027 | D 20921 | rR:mu sigma m M 0.05 0.19 0.00 0.77 | F:mu sigma m M 246.5 164.3 59.0 580.0 | H 1.096 | V 0.004 | pL -0.006 | vL 0.001 | delta 0.011
U 290 | F 593920 | FPS 0028 | D 20994 | rR:mu sigma m M 0.00 0.00 0.00 0.00 | F:mu sigma m M 195.3 179.3 31.0 680.0 | H 1.098 | V -0.004 | pL -0.001 | vL 0.000 | delta 0.001
U 291 | F 595968 | FPS 0027 | D 21069 | rR:mu sigma m M 0.00 0.00 0.00 0.00 | F:mu sigma m M 173.8 132.4 12.0 486.0 | H 1.096 | V 0.001 | pL -0.000 | vL 0.000 | delta 0.004
U 292 | F 598016 | FPS 0030 | D 21138 | rR:mu sigma m M 0.00 0.00 0.00 0.00 | F:mu sigma m M 130.2 112.5 7.0 486.0 | H 1.098 | V -0.002 | pL -0.000 | vL 0.000 | delta 0.000
U 293 | F 600064 | FPS 0030 | D 21205 | rR:mu sigma m M 0.00 0.00 0.00 0.00 | F:mu sigma m M 207.8 161.7 7.0 601.0 | H 1.099 | V -0.001 | pL -0.001 | vL 0.000 | delta 0.000
U 294 | F 602112 | FPS 0027 | D 21282 | rR:mu sigma m M 0.00 0.00 0.00 0.00 | F:mu sigma m M 190.5 132.6 95.0 601.0 | H 1.099 | V -0.001 | pL -0.000 | vL 0.000 | delta 0.000
U 295 | F 604160 | FPS 0028 | D 21356 | rR:mu sigma m M 0.00 0.00 0.00 0.00 | F:mu sigma m M 128.4 74.5 13.0 263.0 | H 1.099 | V -0.001 | pL -0.000 | vL 0.000 | delta 0.000
U 296 | F 606208 | FPS 0030 | D 21425 | rR:mu sigma m M 0.00 0.00 0.00 0.00 | F:mu sigma m M 147.1 125.1 38.0 447.0 | H 1.097 | V 0.003 | pL 0.000 | vL 0.000 | delta 0.003
U 297 | F 608256 | FPS 0029 | D 21496 | rR:mu sigma m M 0.00 0.00 0.00 0.00 | F:mu sigma m M 189.7 217.8 38.0 900.0 | H 1.098 | V 0.002 | pL 0.000 | vL 0.000 | delta 0.001
U 298 | F 610304 | FPS 0029 | D 21568 | rR:mu sigma m M 0.00 0.00 0.00 0.00 | F:mu sigma m M 144.2 109.1 20.0 474.0 | H 1.098 | V 0.002 | pL 0.000 | vL 0.000 | delta 0.001
U 299 | F 612352 | FPS 0030 | D 21636 | rR:mu sigma m M 0.04 0.14 0.00 0.63 | F:mu sigma m M 143.3 120.4 26.0 410.0 | H 1.098 | V 0.007 | pL -0.004 | vL 0.000 | delta 0.011
U 300 | F 614400 | FPS 0029 | D 21707 | rR:mu sigma m M 0.00 0.00 0.00 0.00 | F:mu sigma m M 147.1 99.3 47.0 410.0 | H 1.098 | V -0.000 | pL -0.002 | vL 0.000 | delta 0.005
U 301 | F 616448 | FPS 0027 | D 21782 | rR:mu sigma m M 0.00 0.00 0.00 0.00 | F:mu sigma m M 157.5 112.5 22.0 403.0 | H 1.097 | V -0.000 | pL 0.000 | vL 0.000 | delta 0.004
U 302 | F 618496 | FPS 0028 | D 21854 | rR:mu sigma m M 0.00 0.00 0.00 0.00 | F:mu sigma m M 162.6 127.7 19.0 449.0 | H 1.099 | V -0.001 | pL -0.000 | vL 0.000 | delta 0.001
U 303 | F 620544 | FPS 0031 | D 21921 | rR:mu sigma m M 0.05 0.21 0.00 0.87 | F:mu sigma m M 177.9 117.7 19.0 449.0 | H 1.095 | V 0.007 | pL -0.007 | vL 0.001 | delta 0.009
U 304 | F 622592 | FPS 0026 | D 22000 | rR:mu sigma m M 0.05 0.21 0.00 0.87 | F:mu sigma m M 128.8 97.0 11.0 413.0 | H 1.095 | V 0.012 | pL 0.000 | vL 0.000 | delta 0.005
U 305 | F 624640 | FPS 0027 | D 22075 | rR:mu sigma m M 0.00 0.00 0.00 0.00 | F:mu sigma m M 169.2 126.7 21.0 482.0 | H 1.094 | V 0.005 | pL 0.002 | vL 0.000 | delta 0.004
U 306 | F 626688 | FPS 0028 | D 22148 | rR:mu sigma m M 0.00 0.00 0.00 0.00 | F:mu sigma m M 206.0 249.5 16.0 900.0 | H 1.098 | V 0.002 | pL 0.001 | vL 0.000 | delta 0.003
U 307 | F 628736 | FPS 0029 | D 22219 | rR:mu sigma m M 0.00 0.00 0.00 0.00 | F:mu sigma m M 141.6 135.1 27.0 544.0 | H 1.098 | V 0.003 | pL 0.000 | vL 0.000 | delta 0.002
U 308 | F 630784 | FPS 0025 | D 22300 | rR:mu sigma m M 0.00 0.00 0.00 0.00 | F:mu sigma m M 157.4 106.0 27.0 349.0 | H 1.098 | V 0.003 | pL 0.000 | vL 0.000 | delta 0.001
U 309 | F 632832 | FPS 0028 | D 22373 | rR:mu sigma m M 0.00 0.00 0.00 0.00 | F:mu sigma m M 147.9 108.9 20.0 339.0 | H 1.097 | V 0.003 | pL 0.001 | vL 0.000 | delta 0.002
U 310 | F 634880 | FPS 0028 | D 22446 | rR:mu sigma m M 0.00 0.00 0.00 0.00 | F:mu sigma m M 183.7 159.9 23.0 533.0 | H 1.099 | V 0.002 | pL 0.001 | vL 0.000 | delta 0.001
U 311 | F 636928 | FPS 0031 | D 22513 | rR:mu sigma m M 0.00 0.00 0.00 0.00 | F:mu sigma m M 140.2 110.7 23.0 439.0 | H 1.099 | V 0.002 | pL 0.000 | vL 0.000 | delta 0.000
U 312 | F 638976 | FPS 0025 | D 22594 | rR:mu sigma m M 0.00 0.00 0.00 0.00 | F:mu sigma m M 301.9 182.6 51.0 706.0 | H 1.098 | V 0.002 | pL 0.000 | vL 0.000 | delta 0.001
U 313 | F 641024 | FPS 0029 | D 22666 | rR:mu sigma m M 0.00 0.00 0.00 0.00 | F:mu sigma m M 203.3 185.0 31.0 706.0 | H 1.098 | V 0.001 | pL 0.000 | vL 0.000 | delta 0.001
U 314 | F 643072 | FPS 0028 | D 22740 | rR:mu sigma m M 0.00 0.00 0.00 0.00 | F:mu sigma m M 141.5 80.9 37.0 295.0 | H 1.099 | V 0.001 | pL 0.000 | vL 0.000 | delta 0.000
U 315 | F 645120 | FPS 0030 | D 22807 | rR:mu sigma m M 0.00 0.00 0.00 0.00 | F:mu sigma m M 211.2 156.9 29.0 547.0 | H 1.099 | V 0.001 | pL 0.000 | vL 0.000 | delta 0.000
U 316 | F 647168 | FPS 0025 | D 22889 | rR:mu sigma m M 0.00 0.00 0.00 0.00 | F:mu sigma m M 173.9 117.2 38.0 482.0 | H 1.099 | V 0.001 | pL 0.000 | vL 0.000 | delta 0.000
U 317 | F 649216 | FPS 0030 | D 22958 | rR:mu sigma m M 0.00 0.00 0.00 0.00 | F:mu sigma m M 175.2 132.1 16.0 408.0 | H 1.099 | V 0.000 | pL 0.000 | vL 0.000 | delta 0.000
U 318 | F 651264 | FPS 0028 | D 23030 | rR:mu sigma m M 0.05 0.19 0.00 0.78 | F:mu sigma m M 173.9 100.0 16.0 408.0 | H 1.095 | V 0.007 | pL -0.007 | vL 0.001 | delta 0.006
U 319 | F 653312 | FPS 0022 | D 23123 | rR:mu sigma m M 0.05 0.19 0.00 0.78 | F:mu sigma m M 144.0 69.0 31.0 280.0 | H 1.099 | V -0.000 | pL 0.000 | vL 0.000 | delta 0.001
U 320 | F 655360 | FPS 0026 | D 23201 | rR:mu sigma m M 0.03 0.12 0.00 0.51 | F:mu sigma m M 179.4 123.9 20.0 492.0 | H 1.093 | V 0.012 | pL -0.003 | vL 0.000 | delta 0.009
U 321 | F 657408 | FPS 0030 | D 23270 | rR:mu sigma m M 0.03 0.12 0.00 0.51 | F:mu sigma m M 119.8 121.6 20.0 492.0 | H 1.098 | V 0.006 | pL 0.001 | vL 0.000 | delta 0.002
U 322 | F 659456 | FPS 0026 | D 23348 | rR:mu sigma m M 0.00 0.00 0.00 0.00 | F:mu sigma m M 166.6 107.2 31.0 362.0 | H 1.098 | V 0.005 | pL 0.001 | vL 0.000 | delta 0.001
U 323 | F 661504 | FPS 0030 | D 23415 | rR:mu sigma m M 0.00 0.00 0.00 0.00 | F:mu sigma m M 180.5 126.9 21.0 441.0 | H 1.096 | V 0.008 | pL 0.001 | vL 0.000 | delta 0.003
U 324 | F 663552 | FPS 0028 | D 23490 | rR:mu sigma m M 0.07 0.20 0.00 0.65 | F:mu sigma m M 161.9 115.6 59.0 454.0 | H 1.086 | V 0.021 | pL -0.007 | vL 0.001 | delta 0.017
U 325 | F 665600 | FPS 0026 | D 23568 | rR:mu sigma m M 0.03 0.13 0.00 0.55 | F:mu sigma m M 213.3 197.4 27.0 789.0 | H 1.097 | V 0.007 | pL 0.002 | vL 0.000 | delta 0.003
U 326 | F 667648 | FPS 0028 | D 23641 | rR:mu sigma m M 0.00 0.00 0.00 0.00 | F:mu sigma m M 193.9 176.4 27.0 789.0 | H 1.094 | V 0.011 | pL 0.000 | vL 0.000 | delta 0.008
U 327 | F 669696 | FPS 0028 | D 23716 | rR:mu sigma m M 0.00 0.00 0.00 0.00 | F:mu sigma m M 183.8 98.2 33.0 410.0 | H 1.098 | V 0.005 | pL 0.003 | vL 0.000 | delta 0.006
U 328 | F 671744 | FPS 0027 | D 23791 | rR:mu sigma m M 0.00 0.00 0.00 0.00 | F:mu sigma m M 214.2 118.8 33.0 521.0 | H 1.097 | V 0.005 | pL 0.002 | vL 0.000 | delta 0.003
U 329 | F 673792 | FPS 0028 | D 23864 | rR:mu sigma m M 0.00 0.00 0.00 0.00 | F:mu sigma m M 153.2 107.3 33.0 376.0 | H 1.097 | V 0.005 | pL 0.002 | vL 0.000 | delta 0.004
U 330 | F 675840 | FPS 0028 | D 23938 | rR:mu sigma m M 0.00 0.00 0.00 0.00 | F:mu sigma m M 199.6 169.8 39.0 634.0 | H 1.098 | V 0.003 | pL 0.001 | vL 0.000 | delta 0.001
U 331 | F 677888 | FPS 0029 | D 24009 | rR:mu sigma m M 0.00 0.00 0.00 0.00 | F:mu sigma m M 157.6 132.7 30.0 559.0 | H 1.098 | V 0.006 | pL -0.000 | vL 0.000 | delta 0.001
U 332 | F 679936 | FPS 0026 | D 24087 | rR:mu sigma m M 0.00 0.00 0.00 0.00 | F:mu sigma m M 138.8 66.3 31.0 254.0 | H 1.097 | V 0.003 | pL 0.001 | vL 0.000 | delta 0.002
U 333 | F 681984 | FPS 0029 | D 24157 | rR:mu sigma m M 0.00 0.00 0.00 0.00 | F:mu sigma m M 200.2 135.4 31.0 516.0 | H 1.099 | V 0.001 | pL 0.000 | vL 0.000 | delta 0.000
U 334 | F 684032 | FPS 0029 | D 24229 | rR:mu sigma m M 0.00 0.00 0.00 0.00 | F:mu sigma m M 276.1 152.8 71.0 608.0 | H 1.098 | V 0.001 | pL 0.000 | vL 0.000 | delta 0.001
U 335 | F 686080 | FPS 0030 | D 24298 | rR:mu sigma m M 0.00 0.00 0.00 0.00 | F:mu sigma m M 207.2 165.8 25.0 608.0 | H 1.096 | V 0.005 | pL -0.001 | vL 0.000 | delta 0.004
U 336 | F 688128 | FPS 0029 | D 24368 | rR:mu sigma m M 0.00 0.00 0.00 0.00 | F:mu sigma m M 166.4 160.8 25.0 586.0 | H 1.098 | V 0.000 | pL 0.001 | vL 0.000 | delta 0.002
U 337 | F 690176 | FPS 0027 | D 24445 | rR:mu sigma m M 0.00 0.00 0.00 0.00 | F:mu sigma m M 251.3 237.2 19.0 816.0 | H 1.099 | V -0.000 | pL -0.000 | vL 0.000 | delta 0.001
U 338 | F 692224 | FPS 0028 | D 24519 | rR:mu sigma m M 0.00 0.00 0.00 0.00 | F:mu sigma m M 255.8 258.9 19.0 816.0 | H 1.098 | V 0.001 | pL 0.000 | vL 0.000 | delta 0.002
U 339 | F 694272 | FPS 0028 | D 24592 | rR:mu sigma m M 0.00 0.00 0.00 0.00 | F:mu sigma m M 257.9 237.8 19.0 900.0 | H 1.099 | V -0.001 | pL -0.000 | vL 0.000 | delta 0.001
U 340 | F 696320 | FPS 0028 | D 24665 | rR:mu sigma m M 0.00 0.00 0.00 0.00 | F:mu sigma m M 207.1 221.3 34.0 900.0 | H 1.099 | V -0.001 | pL -0.000 | vL 0.000 | delta 0.000
U 341 | F 698368 | FPS 0026 | D 24745 | rR:mu sigma m M 0.00 0.00 0.00 0.00 | F:mu sigma m M 197.2 207.3 12.0 900.0 | H 1.099 | V -0.001 | pL -0.000 | vL 0.000 | delta 0.000
U 342 | F 700416 | FPS 0028 | D 24817 | rR:mu sigma m M 0.00 0.00 0.00 0.00 | F:mu sigma m M 168.3 139.4 53.0 596.0 | H 1.098 | V 0.001 | pL 0.000 | vL 0.000 | delta 0.001
U 343 | F 702464 | FPS 0029 | D 24888 | rR:mu sigma m M 0.00 0.00 0.00 0.00 | F:mu sigma m M 143.4 107.5 29.0 341.0 | H 1.099 | V 0.000 | pL -0.000 | vL 0.000 | delta 0.000
U 344 | F 704512 | FPS 0027 | D 24965 | rR:mu sigma m M 0.00 0.00 0.00 0.00 | F:mu sigma m M 166.1 162.4 17.0 628.0 | H 1.099 | V 0.000 | pL 0.000 | vL 0.000 | delta 0.000
U 345 | F 706560 | FPS 0028 | D 25039 | rR:mu sigma m M 0.00 0.00 0.00 0.00 | F:mu sigma m M 161.3 74.9 38.0 301.0 | H 1.099 | V 0.000 | pL 0.000 | vL 0.000 | delta 0.000
U 346 | F 708608 | FPS 0026 | D 25119 | rR:mu sigma m M 0.00 0.00 0.00 0.00 | F:mu sigma m M 149.4 63.4 59.0 277.0 | H 1.099 | V 0.000 | pL 0.000 | vL 0.000 | delta 0.000
U 347 | F 710656 | FPS 0028 | D 25191 | rR:mu sigma m M 0.00 0.00 0.00 0.00 | F:mu sigma m M 171.7 108.5 23.0 381.0 | H 1.099 | V 0.000 | pL 0.000 | vL 0.000 | delta 0.000
U 348 | F 712704 | FPS 0026 | D 25270 | rR:mu sigma m M 0.00 0.00 0.00 0.00 | F:mu sigma m M 159.4 122.1 31.0 454.0 | H 1.098 | V 0.001 | pL -0.000 | vL 0.000 | delta 0.001
U 349 | F 714752 | FPS 0026 | D 25347 | rR:mu sigma m M 0.05 0.18 0.00 0.73 | F:mu sigma m M 140.1 73.1 31.0 278.0 | H 1.093 | V 0.004 | pL -0.006 | vL 0.001 | delta 0.009
U 350 | F 716800 | FPS 0025 | D 25428 | rR:mu sigma m M 0.05 0.18 0.00 0.73 | F:mu sigma m M 173.9 113.3 22.0 425.0 | H 1.099 | V 0.001 | pL 0.000 | vL 0.000 | delta 0.002
U 351 | F 718848 | FPS 0030 | D 25497 | rR:mu sigma m M 0.00 0.00 0.00 0.00 | F:mu sigma m M 179.6 119.9 40.0 398.0 | H 1.099 | V 0.000 | pL -0.000 | vL 0.000 | delta 0.001
U 352 | F 720896 | FPS 0026 | D 25575 | rR:mu sigma m M 0.00 0.00 0.00 0.00 | F:mu sigma m M 194.1 168.2 35.0 589.0 | H 1.099 | V -0.000 | pL -0.000 | vL 0.000 | delta 0.001
U 353 | F 722944 | FPS 0025 | D 25657 | rR:mu sigma m M 0.00 0.00 0.00 0.00 | F:mu sigma m M 191.4 167.4 30.0 589.0 | H 1.099 | V -0.000 | pL 0.000 | vL 0.000 | delta 0.000
U 354 | F 724992 | FPS 0028 | D 25731 | rR:mu sigma m M 0.04 0.15 0.00 0.63 | F:mu sigma m M 241.4 155.0 56.0 611.0 | H 1.094 | V 0.010 | pL -0.004 | vL 0.001 | delta 0.011
U 355 | F 727040 | FPS 0031 | D 25797 | rR:mu sigma m M 0.00 0.00 0.00 0.00 | F:mu sigma m M 242.8 209.2 39.0 759.0 | H 1.098 | V -0.005 | pL -0.001 | vL 0.000 | delta 0.002
U 356 | F 729088 | FPS 0028 | D 25870 | rR:mu sigma m M 0.04 0.14 0.00 0.59 | F:mu sigma m M 166.7 124.6 29.0 432.0 | H 1.096 | V 0.006 | pL -0.005 | vL 0.000 | delta 0.008
U 357 | F 731136 | FPS 0025 | D 25954 | rR:mu sigma m M 0.05 0.19 0.00 0.79 | F:mu sigma m M 143.7 104.0 21.0 337.0 | H 1.096 | V 0.010 | pL -0.005 | vL 0.001 | delta 0.019
U 358 | F 733184 | FPS 0027 | D 26030 | rR:mu sigma m M 0.00 0.00 0.00 0.00 | F:mu sigma m M 101.1 59.6 24.0 205.0 | H 1.098 | V 0.005 | pL 0.002 | vL 0.000 | delta 0.003
U 359 | F 735232 | FPS 0026 | D 26108 | rR:mu sigma m M 0.00 0.00 0.00 0.00 | F:mu sigma m M 120.4 92.2 21.0 403.0 | H 1.097 | V 0.005 | pL 0.001 | vL 0.000 | delta 0.003
U 360 | F 737280 | FPS 0025 | D 26190 | rR:mu sigma m M 0.00 0.00 0.00 0.00 | F:mu sigma m M 129.7 140.9 20.0 586.0 | H 1.096 | V 0.007 | pL 0.002 | vL 0.000 | delta 0.008
U 361 | F 739328 | FPS 0025 | D 26272 | rR:mu sigma m M 0.00 0.00 0.00 0.00 | F:mu sigma m M 181.7 169.7 31.0 586.0 | H 1.098 | V 0.007 | pL 0.002 | vL 0.000 | delta 0.002
U 362 | F 741376 | FPS 0027 | D 26347 | rR:mu sigma m M 0.00 0.00 0.00 0.00 | F:mu sigma m M 177.2 134.7 39.0 540.0 | H 1.097 | V 0.007 | pL 0.002 | vL 0.000 | delta 0.002
U 363 | F 743424 | FPS 0029 | D 26418 | rR:mu sigma m M 0.00 0.00 0.00 0.00 | F:mu sigma m M 221.0 141.9 39.0 540.0 | H 1.098 | V 0.007 | pL 0.001 | vL 0.000 | delta 0.002
U 364 | F 745472 | FPS 0028 | D 26493 | rR:mu sigma m M 0.00 0.00 0.00 0.00 | F:mu sigma m M 217.9 129.8 39.0 535.0 | H 1.094 | V 0.010 | pL 0.002 | vL 0.000 | delta 0.006
U 365 | F 747520 | FPS 0025 | D 26576 | rR:mu sigma m M 0.00 0.00 0.00 0.00 | F:mu sigma m M 189.8 113.3 54.0 425.0 | H 1.098 | V 0.008 | pL 0.002 | vL 0.000 | delta 0.002
U 366 | F 749568 | FPS 0028 | D 26650 | rR:mu sigma m M 0.00 0.00 0.00 0.00 | F:mu sigma m M 173.6 168.9 36.0 724.0 | H 1.098 | V 0.006 | pL 0.002 | vL 0.000 | delta 0.001
U 367 | F 751616 | FPS 0030 | D 26719 | rR:mu sigma m M 0.00 0.00 0.00 0.00 | F:mu sigma m M 230.0 162.4 39.0 540.0 | H 1.098 | V 0.005 | pL 0.002 | vL 0.000 | delta 0.001
U 368 | F 753664 | FPS 0029 | D 26789 | rR:mu sigma m M 0.00 0.00 0.00 0.00 | F:mu sigma m M 262.2 184.9 39.0 578.0 | H 1.099 | V 0.005 | pL 0.001 | vL 0.000 | delta 0.001
U 369 | F 755712 | FPS 0030 | D 26857 | rR:mu sigma m M 0.00 0.00 0.00 0.00 | F:mu sigma m M 223.5 210.3 35.0 900.0 | H 1.098 | V 0.005 | pL 0.000 | vL 0.000 | delta 0.002
U 370 | F 757760 | FPS 0027 | D 26933 | rR:mu sigma m M 0.00 0.00 0.00 0.00 | F:mu sigma m M 187.1 135.2 57.0 442.0 | H 1.095 | V 0.007 | pL 0.002 | vL 0.000 | delta 0.004
U 371 | F 759808 | FPS 0026 | D 27011 | rR:mu sigma m M 0.00 0.00 0.00 0.00 | F:mu sigma m M 157.6 100.6 25.0 389.0 | H 1.099 | V 0.003 | pL 0.001 | vL 0.000 | delta 0.000
U 372 | F 761856 | FPS 0028 | D 27083 | rR:mu sigma m M 0.00 0.00 0.00 0.00 | F:mu sigma m M 198.4 138.6 7.0 569.0 | H 1.099 | V 0.002 | pL 0.001 | vL 0.000 | delta 0.000
U 373 | F 763904 | FPS 0027 | D 27159 | rR:mu sigma m M 0.00 0.00 0.00 0.00 | F:mu sigma m M 144.6 92.9 35.0 344.0 | H 1.098 | V 0.002 | pL 0.001 | vL 0.000 | delta 0.001
U 374 | F 765952 | FPS 0027 | D 27234 | rR:mu sigma m M 0.00 0.00 0.00 0.00 | F:mu sigma m M 174.2 91.8 37.0 409.0 | H 1.098 | V 0.003 | pL 0.000 | vL 0.000 | delta 0.001
U 375 | F 768000 | FPS 0027 | D 27310 | rR:mu sigma m M 0.00 0.00 0.00 0.00 | F:mu sigma m M 152.9 97.8 43.0 409.0 | H 1.098 | V 0.002 | pL 0.001 | vL 0.000 | delta 0.001
U 376 | F 770048 | FPS 0027 | D 27387 | rR:mu sigma m M 0.00 0.00 0.00 0.00 | F:mu sigma m M 201.6 156.2 29.0 509.0 | H 1.097 | V 0.003 | pL 0.001 | vL 0.000 | delta 0.003
U 377 | F 772096 | FPS 0029 | D 27458 | rR:mu sigma m M 0.03 0.13 0.00 0.55 | F:mu sigma m M 138.4 111.6 10.0 448.0 | H 1.095 | V 0.008 | pL -0.003 | vL 0.001 | delta 0.008
U 378 | F 774144 | FPS 0032 | D 27522 | rR:mu sigma m M 0.00 0.00 0.00 0.00 | F:mu sigma m M 128.8 94.8 30.0 344.0 | H 1.098 | V 0.003 | pL 0.001 | vL 0.000 | delta 0.001
U 379 | F 776192 | FPS 0026 | D 27600 | rR:mu sigma m M 0.00 0.00 0.00 0.00 | F:mu sigma m M 160.3 100.7 14.0 387.0 | H 1.099 | V 0.002 | pL 0.001 | vL 0.000 | delta 0.000
U 380 | F 778240 | FPS 0026 | D 27679 | rR:mu sigma m M 0.00 0.00 0.00 0.00 | F:mu sigma m M 156.2 88.3 36.0 387.0 | H 1.099 | V 0.001 | pL 0.000 | vL 0.000 | delta 0.000
U 381 | F 780288 | FPS 0028 | D 27752 | rR:mu sigma m M 0.00 0.00 0.00 0.00 | F:mu sigma m M 165.2 95.1 43.0 452.0 | H 1.099 | V 0.001 | pL 0.000 | vL 0.000 | delta 0.000
U 382 | F 782336 | FPS 0030 | D 27820 | rR:mu sigma m M 0.00 0.00 0.00 0.00 | F:mu sigma m M 155.0 93.7 13.0 394.0 | H 1.099 | V 0.001 | pL 0.000 | vL 0.000 | delta 0.000
U 383 | F 784384 | FPS 0026 | D 27898 | rR:mu sigma m M 0.00 0.00 0.00 0.00 | F:mu sigma m M 209.5 112.5 69.0 520.0 | H 1.099 | V 0.001 | pL 0.000 | vL 0.000 | delta 0.000
U 384 | F 786432 | FPS 0027 | D 27975 | rR:mu sigma m M 0.00 0.00 0.00 0.00 | F:mu sigma m M 194.0 151.6 54.0 598.0 | H 1.097 | V 0.002 | pL -0.000 | vL 0.000 | delta 0.003
U 385 | F 788480 | FPS 0029 | D 28046 | rR:mu sigma m M 0.00 0.00 0.00 0.00 | F:mu sigma m M 127.5 91.9 15.0 364.0 | H 1.097 | V 0.003 | pL 0.000 | vL 0.000 | delta 0.002
U 386 | F 790528 | FPS 0029 | D 28116 | rR:mu sigma m M 0.00 0.00 0.00 0.00 | F:mu sigma m M 211.2 153.8 19.0 537.0 | H 1.098 | V 0.001 | pL 0.000 | vL 0.000 | delta 0.001
U 387 | F 792576 | FPS 0032 | D 28180 | rR:mu sigma m M 0.00 0.00 0.00 0.00 | F:mu sigma m M 182.5 167.9 19.0 537.0 | H 1.096 | V 0.002 | pL 0.001 | vL 0.000 | delta 0.002
U 388 | F 794624 | FPS 0027 | D 28257 | rR:mu sigma m M 0.04 0.17 0.00 0.69 | F:mu sigma m M 237.0 197.0 81.0 900.0 | H 1.093 | V 0.006 | pL -0.006 | vL 0.001 | delta 0.013
U 389 | F 796672 | FPS 0030 | D 28325 | rR:mu sigma m M 0.04 0.16 0.00 0.67 | F:mu sigma m M 162.8 134.1 22.0 557.0 | H 1.094 | V 0.001 | pL -0.007 | vL 0.000 | delta 0.009
U 390 | F 798720 | FPS 0029 | D 28395 | rR:mu sigma m M 0.05 0.20 0.00 0.83 | F:mu sigma m M 118.7 68.2 20.0 228.0 | H 1.095 | V 0.008 | pL -0.005 | vL 0.000 | delta 0.007
U 391 | F 800768 | FPS 0030 | D 28465 | rR:mu sigma m M 0.00 0.00 0.00 0.00 | F:mu sigma m M 110.3 85.3 9.0 319.0 | H 1.096 | V 0.003 | pL -0.000 | vL 0.000 | delta 0.006
U 392 | F 802816 | FPS 0028 | D 28537 | rR:mu sigma m M 0.00 0.00 0.00 0.00 | F:mu sigma m M 168.8 114.3 9.0 420.0 | H 1.095 | V 0.008 | pL 0.002 | vL 0.001 | delta 0.009
U 393 | F 804864 | FPS 0024 | D 28623 | rR:mu sigma m M 0.03 0.11 0.00 0.44 | F:mu sigma m M 219.4 169.5 59.0 615.0 | H 1.094 | V 0.009 | pL -0.002 | vL 0.000 | delta 0.005
U 394 | F 806912 | FPS 0025 | D 28703 | rR:mu sigma m M 0.00 0.00 0.00 0.00 | F:mu sigma m M 243.8 188.5 34.0 625.0 | H 1.098 | V 0.001 | pL 0.000 | vL 0.000 | delta 0.001
U 395 | F 808960 | FPS 0026 | D 28782 | rR:mu sigma m M 0.00 0.00 0.00 0.00 | F:mu sigma m M 140.6 82.5 23.0 297.0 | H 1.099 | V 0.000 | pL 0.000 | vL 0.000 | delta 0.000
U 396 | F 811008 | FPS 0026 | D 28859 | rR:mu sigma m M 0.00 0.00 0.00 0.00 | F:mu sigma m M 152.1 100.9 23.0 425.0 | H 1.092 | V 0.011 | pL -0.001 | vL 0.000 | delta 0.005
U 397 | F 813056 | FPS 0027 | D 28935 | rR:mu sigma m M 0.05 0.20 0.00 0.84 | F:mu sigma m M 124.2 84.6 29.0 275.0 | H 1.095 | V 0.009 | pL -0.002 | vL 0.001 | delta 0.006
U 398 | F 815104 | FPS 0028 | D 29008 | rR:mu sigma m M 0.00 0.00 0.00 0.00 | F:mu sigma m M 189.6 171.0 41.0 532.0 | H 1.098 | V 0.000 | pL 0.001 | vL 0.000 | delta 0.003
U 399 | F 817152 | FPS 0027 | D 29085 | rR:mu sigma m M 0.05 0.21 0.00 0.85 | F:mu sigma m M 127.9 77.8 31.0 308.0 | H 1.094 | V 0.008 | pL -0.007 | vL 0.001 | delta 0.010
U 400 | F 819200 | FPS 0028 | D 29158 | rR:mu sigma m M 0.05 0.21 0.00 0.85 | F:mu sigma m M 123.2 64.1 15.0 257.0 | H 1.098 | V 0.002 | pL -0.001 | vL 0.000 | delta 0.003
U 401 | F 821248 | FPS 0030 | D 29227 | rR:mu sigma m M 0.00 0.00 0.00 0.00 | F:mu sigma m M 150.3 94.3 36.0 338.0 | H 1.095 | V 0.005 | pL 0.003 | vL 0.000 | delta 0.004
U 402 | F 823296 | FPS 0030 | D 29294 | rR:mu sigma m M 0.01 0.05 0.00 0.20 | F:mu sigma m M 195.0 222.2 23.0 796.0 | H 1.095 | V 0.008 | pL -0.000 | vL 0.000 | delta 0.003
U 403 | F 825344 | FPS 0026 | D 29372 | rR:mu sigma m M 0.00 0.00 0.00 0.00 | F:mu sigma m M 132.4 72.9 47.0 266.0 | H 1.098 | V 0.002 | pL 0.000 | vL 0.000 | delta 0.001
U 404 | F 827392 | FPS 0029 | D 29442 | rR:mu sigma m M 0.00 0.00 0.00 0.00 | F:mu sigma m M 140.4 63.5 47.0 263.0 | H 1.098 | V 0.001 | pL 0.000 | vL 0.000 | delta 0.000
U 405 | F 829440 | FPS 0027 | D 29517 | rR:mu sigma m M 0.00 0.00 0.00 0.00 | F:mu sigma m M 92.6 59.8 11.0 203.0 | H 1.098 | V 0.001 | pL 0.000 | vL 0.000 | delta 0.000
U 406 | F 831488 | FPS 0027 | D 29592 | rR:mu sigma m M 0.00 0.00 0.00 0.00 | F:mu sigma m M 92.6 59.8 9.0 260.0 | H 1.098 | V 0.001 | pL 0.000 | vL 0.000 | delta 0.000
U 407 | F 833536 | FPS 0028 | D 29665 | rR:mu sigma m M 0.00 0.00 0.00 0.00 | F:mu sigma m M 119.3 64.3 27.0 260.0 | H 1.098 | V 0.001 | pL -0.000 | vL 0.000 | delta 0.001
U 408 | F 835584 | FPS 0029 | D 29737 | rR:mu sigma m M 0.02 0.09 0.00 0.39 | F:mu sigma m M 176.2 134.8 27.0 612.0 | H 1.095 | V 0.013 | pL -0.002 | vL 0.000 | delta 0.005
U 409 | F 837632 | FPS 0027 | D 29812 | rR:mu sigma m M 0.02 0.09 0.00 0.39 | F:mu sigma m M 249.6 202.3 41.0 750.0 | H 1.094 | V 0.007 | pL 0.002 | vL 0.000 | delta 0.003
U 410 | F 839680 | FPS 0029 | D 29884 | rR:mu sigma m M 0.00 0.00 0.00 0.00 | F:mu sigma m M 144.7 123.2 24.0 513.0 | H 1.098 | V 0.004 | pL 0.002 | vL 0.000 | delta 0.002
U 411 | F 841728 | FPS 0026 | D 29962 | rR:mu sigma m M 0.00 0.00 0.00 0.00 | F:mu sigma m M 190.1 159.1 24.0 574.0 | H 1.098 | V 0.003 | pL 0.000 | vL 0.000 | delta 0.001
U 412 | F 843776 | FPS 0027 | D 30037 | rR:mu sigma m M 0.04 0.14 0.00 0.59 | F:mu sigma m M 211.5 135.6 33.0 547.0 | H 1.095 | V 0.007 | pL -0.003 | vL 0.000 | delta 0.007
U 413 | F 845824 | FPS 0024 | D 30121 | rR:mu sigma m M 0.05 0.18 0.00 0.76 | F:mu sigma m M 141.7 102.2 33.0 393.0 | H 1.094 | V 0.010 | pL -0.006 | vL 0.000 | delta 0.013
U 414 | F 847872 | FPS 0029 | D 30192 | rR:mu sigma m M 0.10 0.25 0.00 0.77 | F:mu sigma m M 175.1 120.1 33.0 525.0 | H 1.088 | V 0.016 | pL -0.007 | vL 0.001 | delta 0.014
U 415 | F 849920 | FPS 0034 | D 30252 | rR:mu sigma m M 0.00 0.00 0.00 0.00 | F:mu sigma m M 133.4 120.2 32.0 458.0 | H 1.094 | V 0.014 | pL 0.004 | vL 0.000 | delta 0.008
U 416 | F 851968 | FPS 0030 | D 30320 | rR:mu sigma m M 0.05 0.20 0.00 0.81 | F:mu sigma m M 165.6 139.9 32.0 458.0 | H 1.092 | V 0.020 | pL -0.001 | vL 0.001 | delta 0.014
U 417 | F 854016 | FPS 0031 | D 30386 | rR:mu sigma m M 0.00 0.00 0.00 0.00 | F:mu sigma m M 221.4 145.8 35.0 527.0 | H 1.088 | V 0.029 | pL -0.002 | vL 0.001 | delta 0.009
U 418 | F 856064 | FPS 0028 | D 30459 | rR:mu sigma m M 0.10 0.28 0.00 0.89 | F:mu sigma m M 97.8 62.3 33.0 309.0 | H 1.084 | V 0.030 | pL -0.000 | vL 0.000 | delta 0.017
U 419 | F 858112 | FPS 0029 | D 30531 | rR:mu sigma m M 0.00 0.00 0.00 0.00 | F:mu sigma m M 136.4 127.2 7.0 447.0 | H 1.097 | V 0.009 | pL 0.002 | vL 0.000 | delta 0.003
U 420 | F 860160 | FPS 0029 | D 30602 | rR:mu sigma m M 0.00 0.00 0.00 0.00 | F:mu sigma m M 139.9 104.7 11.0 495.0 | H 1.094 | V 0.010 | pL 0.003 | vL 0.000 | delta 0.007
U 421 | F 862208 | FPS 0029 | D 30674 | rR:mu sigma m M 0.00 0.00 0.00 0.00 | F:mu sigma m M 138.1 146.9 23.0 581.0 | H 1.087 | V 0.025 | pL -0.002 | vL 0.000 | delta 0.010
U 422 | F 864256 | FPS 0025 | D 30756 | rR:mu sigma m M 0.04 0.14 0.00 0.60 | F:mu sigma m M 147.2 123.7 23.0 407.0 | H 1.090 | V 0.020 | pL 0.002 | vL 0.000 | delta 0.015
U 423 | F 866304 | FPS 0027 | D 30832 | rR:mu sigma m M 0.00 0.00 0.00 0.00 | F:mu sigma m M 123.0 146.4 23.0 660.0 | H 1.095 | V 0.015 | pL 0.004 | vL 0.000 | delta 0.007
U 424 | F 868352 | FPS 0026 | D 30910 | rR:mu sigma m M 0.00 0.00 0.00 0.00 | F:mu sigma m M 212.8 186.9 46.0 675.0 | H 1.097 | V 0.007 | pL 0.002 | vL 0.000 | delta 0.002
U 425 | F 870400 | FPS 0027 | D 30986 | rR:mu sigma m M 0.06 0.22 0.00 0.92 | F:mu sigma m M 206.1 213.4 48.0 821.0 | H 1.092 | V 0.016 | pL -0.003 | vL 0.001 | delta 0.013
U 426 | F 872448 | FPS 0028 | D 31059 | rR:mu sigma m M 0.05 0.19 0.00 0.78 | F:mu sigma m M 145.6 95.1 42.0 409.0 | H 1.093 | V 0.017 | pL -0.004 | vL 0.001 | delta 0.012
U 427 | F 874496 | FPS 0031 | D 31125 | rR:mu sigma m M 0.10 0.27 0.00 0.86 | F:mu sigma m M 186.6 100.2 37.0 369.0 | H 1.092 | V 0.024 | pL -0.004 | vL 0.001 | delta 0.031
U 428 | F 876544 | FPS 0027 | D 31200 | rR:mu sigma m M 0.00 0.00 0.00 0.00 | F:mu sigma m M 175.4 201.3 37.0 895.0 | H 1.094 | V 0.007 | pL 0.000 | vL 0.000 | delta 0.008
U 429 | F 878592 | FPS 0030 | D 31270 | rR:mu sigma m M 0.05 0.19 0.00 0.80 | F:mu sigma m M 158.4 76.1 58.0 355.0 | H 1.087 | V 0.023 | pL -0.002 | vL 0.002 | delta 0.018
U 430 | F 880640 | FPS 0028 | D 31342 | rR:mu sigma m M 0.05 0.20 0.00 0.85 | F:mu sigma m M 151.7 141.5 19.0 518.0 | H 1.077 | V 0.017 | pL -0.006 | vL 0.002 | delta 0.020
U 431 | F 882688 | FPS 0038 | D 31396 | rR:mu sigma m M 0.12 0.31 0.00 0.93 | F:mu sigma m M 173.7 172.9 36.0 694.0 | H 1.067 | V 0.021 | pL -0.012 | vL 0.002 | delta 0.029
U 432 | F 884736 | FPS 0034 | D 31455 | rR:mu sigma m M 0.35 0.41 0.00 0.93 | F:mu sigma m M 186.4 173.2 14.0 694.0 | H 1.008 | V 0.135 | pL -0.042 | vL 0.008 | delta 0.065
U 433 | F 886784 | FPS 0036 | D 31513 | rR:mu sigma m M 0.21 0.36 0.00 0.92 | F:mu sigma m M 129.0 104.1 18.0 440.0 | H 1.008 | V 0.123 | pL 0.001 | vL 0.006 | delta 0.049
U 434 | F 888832 | FPS 0040 | D 31564 | rR:mu sigma m M 0.25 0.40 0.00 0.92 | F:mu sigma m M 99.4 78.0 11.0 395.0 | H 0.979 | V 0.167 | pL -0.023 | vL 0.007 | delta 0.064
U 435 | F 890880 | FPS 0044 | D 31610 | rR:mu sigma m M 0.42 0.43 0.00 0.93 | F:mu sigma m M 104.2 80.0 13.0 398.0 | H 0.960 | V 0.215 | pL -0.029 | vL 0.006 | delta 0.057
U 436 | F 892928 | FPS 0045 | D 31656 | rR:mu sigma m M 0.70 0.37 0.00 0.97 | F:mu sigma m M 106.8 56.5 32.0 298.0 | H 0.871 | V 0.307 | pL -0.062 | vL 0.009 | delta 0.090
U 437 | F 894976 | FPS 0053 | D 31695 | rR:mu sigma m M 0.81 0.28 0.00 0.95 | F:mu sigma m M 88.0 52.3 23.0 276.0 | H 0.764 | V 0.455 | pL -0.101 | vL 0.009 | delta 0.102
U 438 | F 897024 | FPS 0055 | D 31732 | rR:mu sigma m M 0.93 0.02 0.88 0.96 | F:mu sigma m M 67.7 18.7 40.0 125.0 | H 0.710 | V 0.555 | pL -0.094 | vL 0.005 | delta 0.091
agent reach optimality, start collecting trajectories
agent successfully collected 10 trajectories
pickling optimal trajectories
Model successfully saved
/home/rdali/.local/easybuild/software/2017/Core/miniconda3/4.3.27/envs/observe/lib/python3.6/site-packages/torch/nn/functional.py:1906: UserWarning: reduction: 'mean' divides the total loss by both the batch size and the support size.'batchmean' divides only by the batch size, and aligns with the KL div math definition.'mean' will be changed to behave the same as 'batchmean' in the next major release.
  warnings.warn("reduction: 'mean' divides the total loss by both the batch size and the support size."
