The following modules were not unloaded:
  (Use "module --force purge" to unload all):

  1) StdEnv/2018.3     4) gcccore/.7.3.0      7) intel/2018.3
  2) nixpkgs/16.09     5) icc/.2018.3.222     8) openmpi/3.1.2
  3) imkl/2018.3.222   6) ifort/.2018.3.222

Due to MODULEPATH changes, the following have been reloaded:
  1) openmpi/3.1.2

Attention: While Conda works well in a desktop environment, it tends to create more problems than it solves on a cluster. Instead, we recommend that users use virtual environments and the binary packages that we provide through Python wheels as documented on the Python page.
/home/rdali/RL/watch_and_learn/dependency/rl-starter-files/scripts/train_agent_multidem.py --env MiniGrid-LavaCrossingAddictO8S15-v0 --algo ppo --nameDemonstrator LavaCrossing1508Addict1,LavaCrossing1508Addict2,LavaCrossing1508Addict3,LavaCrossing1508Addict4,LavaCrossing1508Addict10,LavaCrossing1508Addict11,LavaCrossing1508Addict12,LavaCrossing1508Addict13 --flat-model 0 --KLweight 0.1 --useKL 1 --meanReward 0.80 --rewardLB 0.70 --seed 5963

Namespace(KLweight=0.1, algo='ppo', batch_size=256, clip_eps=0.2, discount=0.99, entropy_coef=0.01, env='MiniGrid-LavaCrossingAddictO8S15-v0', epochs=4, flat_model=0, frames=10000000, frames_per_proc=None, full_obs=0, gae_lambda=0.95, log_interval=1, lr=0.0007, max_grad_norm=0.5, meanReward=0.8, mem=False, model=None, nameDemonstrator='LavaCrossing1508Addict1,LavaCrossing1508Addict2,LavaCrossing1508Addict3,LavaCrossing1508Addict4,LavaCrossing1508Addict10,LavaCrossing1508Addict11,LavaCrossing1508Addict12,LavaCrossing1508Addict13', optim_alpha=0.99, optim_eps=1e-05, procs=16, recurrence=1, rewardLB=0.7, save_interval=0, seed=5963, tb=False, text=False, useKL=1, value_loss_coef=0.5)

Flat model successfully created

ACModel(
  (image_conv): Sequential(
    (0): Conv2d(3, 32, kernel_size=(2, 2), stride=(1, 1))
    (1): ReLU()
    (2): MaxPool2d(kernel_size=(2, 2), stride=(2, 2), padding=0, dilation=1, ceil_mode=False)
    (3): Conv2d(32, 64, kernel_size=(2, 2), stride=(1, 1))
    (4): ReLU()
    (5): Conv2d(64, 64, kernel_size=(2, 2), stride=(1, 1))
    (6): ReLU()
  )
  (actor): Sequential(
    (0): Linear(in_features=1600, out_features=64, bias=True)
    (1): Tanh()
    (2): Linear(in_features=64, out_features=3, bias=True)
  )
  (critic): Sequential(
    (0): Linear(in_features=1600, out_features=64, bias=True)
    (1): Tanh()
    (2): Linear(in_features=64, out_features=1, bias=True)
  )
)

CUDA available: False

1
True
0.1
Using TensorFlow backend.
OMP: Info #212: KMP_AFFINITY: decoding x2APIC ids.
OMP: Info #210: KMP_AFFINITY: Affinity capable, using global cpuid leaf 11 info
OMP: Info #154: KMP_AFFINITY: Initial OS proc set respected: 3,17,19,35,37
OMP: Info #156: KMP_AFFINITY: 5 available OS procs
OMP: Info #157: KMP_AFFINITY: Uniform topology
OMP: Info #179: KMP_AFFINITY: 1 packages x 5 cores/pkg x 1 threads/core (5 total cores)
OMP: Info #214: KMP_AFFINITY: OS proc to physical thread map:
OMP: Info #171: KMP_AFFINITY: OS proc 3 maps to package 1 core 4 
OMP: Info #171: KMP_AFFINITY: OS proc 17 maps to package 1 core 9 
OMP: Info #171: KMP_AFFINITY: OS proc 19 maps to package 1 core 10 
OMP: Info #171: KMP_AFFINITY: OS proc 37 maps to package 1 core 25 
OMP: Info #171: KMP_AFFINITY: OS proc 35 maps to package 1 core 27 
OMP: Info #250: KMP_AFFINITY: pid 283098 tid 283098 thread 0 bound to OS proc set 3
OMP: Info #250: KMP_AFFINITY: pid 283098 tid 284673 thread 1 bound to OS proc set 17
OMP: Info #250: KMP_AFFINITY: pid 283098 tid 284674 thread 2 bound to OS proc set 19
OMP: Info #250: KMP_AFFINITY: pid 283098 tid 284676 thread 4 bound to OS proc set 35
OMP: Info #250: KMP_AFFINITY: pid 283098 tid 284675 thread 3 bound to OS proc set 37
OMP: Info #250: KMP_AFFINITY: pid 283098 tid 284750 thread 5 bound to OS proc set 3
OMP: Info #250: KMP_AFFINITY: pid 283098 tid 284751 thread 6 bound to OS proc set 17
OMP: Info #250: KMP_AFFINITY: pid 283098 tid 284769 thread 7 bound to OS proc set 19
OMP: Info #250: KMP_AFFINITY: pid 283098 tid 284770 thread 8 bound to OS proc set 37
OMP: Info #250: KMP_AFFINITY: pid 283098 tid 284771 thread 9 bound to OS proc set 35
OMP: Info #250: KMP_AFFINITY: pid 283098 tid 284772 thread 10 bound to OS proc set 3
OMP: Info #250: KMP_AFFINITY: pid 283098 tid 284789 thread 11 bound to OS proc set 17
OMP: Info #250: KMP_AFFINITY: pid 283098 tid 284790 thread 12 bound to OS proc set 19
OMP: Info #250: KMP_AFFINITY: pid 283098 tid 284791 thread 13 bound to OS proc set 37
OMP: Info #250: KMP_AFFINITY: pid 283098 tid 284792 thread 14 bound to OS proc set 35
OMP: Info #250: KMP_AFFINITY: pid 283098 tid 284793 thread 15 bound to OS proc set 3
U 1 | F 002048 | FPS 0028 | D 74 | rR:mu sigma m M 0.00 0.00 0.00 0.00 | F:mu sigma m M 45.1 43.5 0.0 123.0 | H 1.094 | V 0.210 | pL 0.057 | vL 0.002 | delta 0.081
U 2 | F 004096 | FPS 0027 | D 151 | rR:mu sigma m M 0.00 0.00 0.00 0.00 | F:mu sigma m M 107.3 58.9 26.0 236.0 | H 1.089 | V 0.177 | pL 0.047 | vL 0.001 | delta 0.031
U 3 | F 006144 | FPS 0022 | D 242 | rR:mu sigma m M 0.00 0.00 0.00 0.00 | F:mu sigma m M 160.3 92.4 26.0 315.0 | H 1.089 | V 0.136 | pL 0.034 | vL 0.001 | delta 0.019
U 4 | F 008192 | FPS 0023 | D 333 | rR:mu sigma m M 0.05 0.18 0.00 0.75 | F:mu sigma m M 228.9 96.1 27.0 363.0 | H 1.094 | V 0.125 | pL 0.022 | vL 0.001 | delta 0.017
U 5 | F 010240 | FPS 0027 | D 409 | rR:mu sigma m M 0.05 0.18 0.00 0.75 | F:mu sigma m M 215.1 118.3 37.0 416.0 | H 1.097 | V 0.097 | pL 0.025 | vL 0.000 | delta 0.009
U 6 | F 012288 | FPS 0025 | D 490 | rR:mu sigma m M 0.00 0.00 0.00 0.00 | F:mu sigma m M 268.1 217.8 32.0 697.0 | H 1.094 | V 0.076 | pL 0.019 | vL 0.000 | delta 0.012
U 7 | F 014336 | FPS 0023 | D 580 | rR:mu sigma m M 0.00 0.00 0.00 0.00 | F:mu sigma m M 311.6 185.9 32.0 697.0 | H 1.097 | V 0.063 | pL 0.016 | vL 0.000 | delta 0.006
U 8 | F 016384 | FPS 0026 | D 660 | rR:mu sigma m M 0.00 0.00 0.00 0.00 | F:mu sigma m M 223.0 147.5 32.0 609.0 | H 1.097 | V 0.048 | pL 0.014 | vL 0.000 | delta 0.007
U 9 | F 018432 | FPS 0028 | D 733 | rR:mu sigma m M 0.00 0.00 0.00 0.00 | F:mu sigma m M 202.4 130.2 66.0 500.0 | H 1.097 | V 0.037 | pL 0.010 | vL 0.000 | delta 0.004
U 10 | F 020480 | FPS 0024 | D 818 | rR:mu sigma m M 0.05 0.20 0.00 0.82 | F:mu sigma m M 257.0 170.9 66.0 657.0 | H 1.093 | V 0.036 | pL 0.001 | vL 0.001 | delta 0.030
U 11 | F 022528 | FPS 0025 | D 901 | rR:mu sigma m M 0.05 0.20 0.00 0.82 | F:mu sigma m M 224.6 152.3 51.0 657.0 | H 1.095 | V 0.020 | pL 0.007 | vL 0.000 | delta 0.004
U 12 | F 024576 | FPS 0026 | D 979 | rR:mu sigma m M 0.00 0.00 0.00 0.00 | F:mu sigma m M 221.8 143.3 51.0 646.0 | H 1.098 | V 0.017 | pL 0.004 | vL 0.000 | delta 0.003
U 13 | F 026624 | FPS 0029 | D 1049 | rR:mu sigma m M 0.00 0.00 0.00 0.00 | F:mu sigma m M 274.6 161.1 66.0 646.0 | H 1.098 | V 0.014 | pL 0.004 | vL 0.000 | delta 0.002
U 14 | F 028672 | FPS 0030 | D 1117 | rR:mu sigma m M 0.00 0.00 0.00 0.00 | F:mu sigma m M 201.4 87.6 53.0 413.0 | H 1.098 | V 0.013 | pL 0.003 | vL 0.000 | delta 0.004
U 15 | F 030720 | FPS 0028 | D 1191 | rR:mu sigma m M 0.04 0.16 0.00 0.68 | F:mu sigma m M 210.5 146.9 24.0 510.0 | H 1.096 | V 0.012 | pL 0.001 | vL 0.000 | delta 0.012
U 16 | F 032768 | FPS 0034 | D 1252 | rR:mu sigma m M 0.00 0.00 0.00 0.00 | F:mu sigma m M 125.7 107.2 16.0 335.0 | H 1.098 | V 0.005 | pL 0.002 | vL 0.000 | delta 0.007
U 17 | F 034816 | FPS 0029 | D 1324 | rR:mu sigma m M 0.00 0.00 0.00 0.00 | F:mu sigma m M 148.7 96.2 16.0 403.0 | H 1.098 | V 0.004 | pL 0.001 | vL 0.000 | delta 0.002
U 18 | F 036864 | FPS 0027 | D 1400 | rR:mu sigma m M 0.00 0.00 0.00 0.00 | F:mu sigma m M 175.3 110.8 20.0 420.0 | H 1.098 | V 0.003 | pL 0.001 | vL 0.000 | delta 0.006
U 19 | F 038912 | FPS 0029 | D 1471 | rR:mu sigma m M 0.00 0.00 0.00 0.00 | F:mu sigma m M 180.2 131.9 20.0 528.0 | H 1.098 | V 0.000 | pL 0.000 | vL 0.000 | delta 0.002
U 20 | F 040960 | FPS 0026 | D 1549 | rR:mu sigma m M 0.00 0.00 0.00 0.00 | F:mu sigma m M 207.2 117.3 50.0 528.0 | H 1.098 | V 0.000 | pL -0.000 | vL 0.000 | delta 0.001
U 21 | F 043008 | FPS 0028 | D 1622 | rR:mu sigma m M 0.00 0.00 0.00 0.00 | F:mu sigma m M 171.6 153.2 28.0 567.0 | H 1.098 | V 0.000 | pL 0.000 | vL 0.000 | delta 0.002
U 22 | F 045056 | FPS 0031 | D 1689 | rR:mu sigma m M 0.00 0.00 0.00 0.00 | F:mu sigma m M 201.9 165.4 30.0 600.0 | H 1.098 | V 0.000 | pL -0.000 | vL 0.000 | delta 0.002
U 23 | F 047104 | FPS 0027 | D 1764 | rR:mu sigma m M 0.00 0.00 0.00 0.00 | F:mu sigma m M 134.9 130.1 26.0 488.0 | H 1.098 | V 0.000 | pL 0.000 | vL 0.000 | delta 0.003
U 24 | F 049152 | FPS 0029 | D 1834 | rR:mu sigma m M 0.00 0.00 0.00 0.00 | F:mu sigma m M 131.7 126.6 21.0 488.0 | H 1.098 | V 0.001 | pL 0.000 | vL 0.000 | delta 0.002
U 25 | F 051200 | FPS 0028 | D 1908 | rR:mu sigma m M 0.00 0.00 0.00 0.00 | F:mu sigma m M 232.8 158.4 63.0 595.0 | H 1.098 | V 0.000 | pL 0.000 | vL 0.000 | delta 0.004
U 26 | F 053248 | FPS 0027 | D 1984 | rR:mu sigma m M 0.00 0.00 0.00 0.00 | F:mu sigma m M 210.3 158.3 55.0 595.0 | H 1.099 | V -0.000 | pL -0.000 | vL 0.000 | delta 0.001
U 27 | F 055296 | FPS 0027 | D 2060 | rR:mu sigma m M 0.00 0.00 0.00 0.00 | F:mu sigma m M 196.1 196.8 21.0 834.0 | H 1.099 | V -0.000 | pL -0.000 | vL 0.000 | delta 0.000
U 28 | F 057344 | FPS 0031 | D 2126 | rR:mu sigma m M 0.00 0.00 0.00 0.00 | F:mu sigma m M 232.2 238.9 25.0 834.0 | H 1.099 | V -0.000 | pL -0.000 | vL 0.000 | delta 0.001
U 29 | F 059392 | FPS 0027 | D 2201 | rR:mu sigma m M 0.00 0.00 0.00 0.00 | F:mu sigma m M 125.6 88.0 27.0 348.0 | H 1.099 | V -0.000 | pL -0.000 | vL 0.000 | delta 0.002
U 30 | F 061440 | FPS 0032 | D 2265 | rR:mu sigma m M 0.00 0.00 0.00 0.00 | F:mu sigma m M 213.9 189.8 28.0 732.0 | H 1.099 | V 0.000 | pL 0.000 | vL 0.000 | delta 0.002
U 31 | F 063488 | FPS 0029 | D 2335 | rR:mu sigma m M 0.00 0.00 0.00 0.00 | F:mu sigma m M 153.5 130.8 30.0 491.0 | H 1.099 | V 0.000 | pL 0.000 | vL 0.000 | delta 0.000
U 32 | F 065536 | FPS 0034 | D 2395 | rR:mu sigma m M 0.00 0.00 0.00 0.00 | F:mu sigma m M 126.8 66.0 33.0 232.0 | H 1.099 | V 0.000 | pL 0.000 | vL 0.000 | delta 0.001
U 33 | F 067584 | FPS 0027 | D 2470 | rR:mu sigma m M 0.00 0.00 0.00 0.00 | F:mu sigma m M 160.2 116.8 31.0 443.0 | H 1.099 | V 0.000 | pL 0.000 | vL 0.000 | delta 0.000
U 34 | F 069632 | FPS 0026 | D 2550 | rR:mu sigma m M 0.00 0.00 0.00 0.00 | F:mu sigma m M 178.0 191.6 19.0 720.0 | H 1.098 | V 0.001 | pL 0.000 | vL 0.000 | delta 0.003
U 35 | F 071680 | FPS 0028 | D 2624 | rR:mu sigma m M 0.00 0.00 0.00 0.00 | F:mu sigma m M 163.2 126.0 12.0 379.0 | H 1.099 | V 0.000 | pL 0.000 | vL 0.000 | delta 0.003
U 36 | F 073728 | FPS 0029 | D 2695 | rR:mu sigma m M 0.00 0.00 0.00 0.00 | F:mu sigma m M 165.8 183.6 12.0 798.0 | H 1.099 | V 0.000 | pL 0.000 | vL 0.000 | delta 0.001
U 37 | F 075776 | FPS 0031 | D 2762 | rR:mu sigma m M 0.00 0.00 0.00 0.00 | F:mu sigma m M 166.8 173.1 44.0 798.0 | H 1.099 | V 0.000 | pL 0.000 | vL 0.000 | delta 0.001
U 38 | F 077824 | FPS 0027 | D 2836 | rR:mu sigma m M 0.00 0.00 0.00 0.00 | F:mu sigma m M 174.9 94.7 82.0 405.0 | H 1.098 | V 0.001 | pL 0.000 | vL 0.000 | delta 0.004
U 39 | F 079872 | FPS 0030 | D 2905 | rR:mu sigma m M 0.00 0.00 0.00 0.00 | F:mu sigma m M 244.1 182.5 49.0 663.0 | H 1.099 | V 0.000 | pL 0.000 | vL 0.000 | delta 0.001
U 40 | F 081920 | FPS 0031 | D 2972 | rR:mu sigma m M 0.00 0.00 0.00 0.00 | F:mu sigma m M 212.1 190.2 27.0 663.0 | H 1.098 | V 0.001 | pL 0.000 | vL 0.000 | delta 0.003
U 41 | F 083968 | FPS 0025 | D 3054 | rR:mu sigma m M 0.02 0.08 0.00 0.33 | F:mu sigma m M 192.6 155.8 46.0 667.0 | H 1.098 | V 0.004 | pL -0.002 | vL 0.000 | delta 0.003
U 42 | F 086016 | FPS 0030 | D 3123 | rR:mu sigma m M 0.02 0.08 0.00 0.33 | F:mu sigma m M 250.2 211.2 48.0 803.0 | H 1.099 | V -0.000 | pL -0.000 | vL 0.000 | delta 0.001
U 43 | F 088064 | FPS 0029 | D 3193 | rR:mu sigma m M 0.00 0.00 0.00 0.00 | F:mu sigma m M 243.7 200.7 26.0 803.0 | H 1.099 | V -0.000 | pL -0.000 | vL 0.000 | delta 0.001
U 44 | F 090112 | FPS 0029 | D 3265 | rR:mu sigma m M 0.00 0.00 0.00 0.00 | F:mu sigma m M 130.3 77.6 26.0 290.0 | H 1.099 | V 0.001 | pL -0.000 | vL 0.000 | delta 0.001
U 45 | F 092160 | FPS 0025 | D 3346 | rR:mu sigma m M 0.00 0.00 0.00 0.00 | F:mu sigma m M 227.8 188.5 56.0 724.0 | H 1.098 | V 0.002 | pL -0.000 | vL 0.000 | delta 0.002
U 46 | F 094208 | FPS 0028 | D 3418 | rR:mu sigma m M 0.00 0.00 0.00 0.00 | F:mu sigma m M 144.1 105.6 24.0 388.0 | H 1.098 | V 0.002 | pL 0.001 | vL 0.000 | delta 0.002
U 47 | F 096256 | FPS 0029 | D 3489 | rR:mu sigma m M 0.00 0.00 0.00 0.00 | F:mu sigma m M 153.9 129.0 28.0 507.0 | H 1.099 | V 0.002 | pL 0.000 | vL 0.000 | delta 0.001
U 48 | F 098304 | FPS 0025 | D 3570 | rR:mu sigma m M 0.00 0.00 0.00 0.00 | F:mu sigma m M 142.2 98.6 42.0 377.0 | H 1.099 | V 0.001 | pL 0.000 | vL 0.000 | delta 0.000
U 49 | F 100352 | FPS 0028 | D 3643 | rR:mu sigma m M 0.00 0.00 0.00 0.00 | F:mu sigma m M 147.8 130.7 13.0 577.0 | H 1.099 | V 0.001 | pL 0.000 | vL 0.000 | delta 0.001
U 50 | F 102400 | FPS 0030 | D 3713 | rR:mu sigma m M 0.00 0.00 0.00 0.00 | F:mu sigma m M 159.9 121.2 38.0 577.0 | H 1.099 | V 0.001 | pL 0.000 | vL 0.000 | delta 0.001
U 51 | F 104448 | FPS 0026 | D 3791 | rR:mu sigma m M 0.00 0.00 0.00 0.00 | F:mu sigma m M 132.4 96.7 29.0 370.0 | H 1.099 | V 0.001 | pL 0.000 | vL 0.000 | delta 0.001
U 52 | F 106496 | FPS 0025 | D 3873 | rR:mu sigma m M 0.00 0.00 0.00 0.00 | F:mu sigma m M 198.8 155.6 29.0 553.0 | H 1.099 | V 0.001 | pL 0.000 | vL 0.000 | delta 0.001
U 53 | F 108544 | FPS 0026 | D 3954 | rR:mu sigma m M 0.03 0.13 0.00 0.54 | F:mu sigma m M 217.8 161.0 24.0 699.0 | H 1.097 | V 0.005 | pL -0.004 | vL 0.000 | delta 0.020
U 54 | F 110592 | FPS 0029 | D 4024 | rR:mu sigma m M 0.00 0.00 0.00 0.00 | F:mu sigma m M 152.2 147.7 27.0 608.0 | H 1.098 | V 0.000 | pL -0.000 | vL 0.000 | delta 0.004
U 55 | F 112640 | FPS 0031 | D 4090 | rR:mu sigma m M 0.04 0.16 0.00 0.67 | F:mu sigma m M 108.1 84.3 15.0 330.0 | H 1.091 | V 0.008 | pL -0.005 | vL 0.001 | delta 0.025
U 56 | F 114688 | FPS 0034 | D 4150 | rR:mu sigma m M 0.00 0.00 0.00 0.00 | F:mu sigma m M 107.2 105.4 9.0 387.0 | H 1.095 | V 0.008 | pL -0.001 | vL 0.000 | delta 0.008
U 57 | F 116736 | FPS 0034 | D 4211 | rR:mu sigma m M 0.02 0.09 0.00 0.38 | F:mu sigma m M 154.9 149.0 9.0 616.0 | H 1.095 | V 0.010 | pL -0.002 | vL 0.000 | delta 0.013
U 58 | F 118784 | FPS 0030 | D 4279 | rR:mu sigma m M 0.00 0.00 0.00 0.00 | F:mu sigma m M 194.3 123.7 46.0 462.0 | H 1.097 | V 0.012 | pL 0.004 | vL 0.000 | delta 0.007
U 59 | F 120832 | FPS 0024 | D 4363 | rR:mu sigma m M 0.00 0.00 0.00 0.00 | F:mu sigma m M 137.6 92.3 28.0 340.0 | H 1.098 | V 0.007 | pL 0.002 | vL 0.000 | delta 0.003
U 60 | F 122880 | FPS 0032 | D 4427 | rR:mu sigma m M 0.00 0.00 0.00 0.00 | F:mu sigma m M 123.2 75.1 34.0 263.0 | H 1.098 | V 0.006 | pL 0.001 | vL 0.000 | delta 0.002
U 61 | F 124928 | FPS 0028 | D 4500 | rR:mu sigma m M 0.00 0.00 0.00 0.00 | F:mu sigma m M 147.8 106.1 34.0 359.0 | H 1.098 | V 0.007 | pL 0.002 | vL 0.000 | delta 0.002
U 62 | F 126976 | FPS 0032 | D 4565 | rR:mu sigma m M 0.00 0.00 0.00 0.00 | F:mu sigma m M 178.4 142.6 43.0 589.0 | H 1.098 | V 0.007 | pL 0.002 | vL 0.000 | delta 0.001
U 63 | F 129024 | FPS 0026 | D 4642 | rR:mu sigma m M 0.00 0.00 0.00 0.00 | F:mu sigma m M 192.9 146.6 41.0 589.0 | H 1.099 | V 0.004 | pL 0.001 | vL 0.000 | delta 0.000
U 64 | F 131072 | FPS 0028 | D 4715 | rR:mu sigma m M 0.00 0.00 0.00 0.00 | F:mu sigma m M 146.0 105.2 26.0 448.0 | H 1.099 | V 0.003 | pL 0.001 | vL 0.000 | delta 0.000
U 65 | F 133120 | FPS 0026 | D 4794 | rR:mu sigma m M 0.00 0.00 0.00 0.00 | F:mu sigma m M 189.3 208.4 26.0 900.0 | H 1.099 | V 0.003 | pL 0.001 | vL 0.000 | delta 0.000
U 66 | F 135168 | FPS 0025 | D 4877 | rR:mu sigma m M 0.00 0.00 0.00 0.00 | F:mu sigma m M 231.2 226.6 28.0 900.0 | H 1.099 | V 0.002 | pL 0.001 | vL 0.000 | delta 0.000
U 67 | F 137216 | FPS 0030 | D 4945 | rR:mu sigma m M 0.00 0.00 0.00 0.00 | F:mu sigma m M 163.1 136.8 19.0 443.0 | H 1.099 | V 0.002 | pL 0.000 | vL 0.000 | delta 0.000
U 68 | F 139264 | FPS 0029 | D 5015 | rR:mu sigma m M 0.00 0.00 0.00 0.00 | F:mu sigma m M 181.1 156.0 18.0 640.0 | H 1.099 | V 0.001 | pL 0.000 | vL 0.000 | delta 0.000
U 69 | F 141312 | FPS 0032 | D 5080 | rR:mu sigma m M 0.00 0.00 0.00 0.00 | F:mu sigma m M 215.9 173.5 18.0 640.0 | H 1.099 | V 0.001 | pL 0.000 | vL 0.000 | delta 0.000
U 70 | F 143360 | FPS 0029 | D 5151 | rR:mu sigma m M 0.00 0.00 0.00 0.00 | F:mu sigma m M 126.8 64.3 14.0 238.0 | H 1.099 | V 0.001 | pL 0.000 | vL 0.000 | delta 0.000
U 71 | F 145408 | FPS 0030 | D 5220 | rR:mu sigma m M 0.00 0.00 0.00 0.00 | F:mu sigma m M 188.6 188.6 55.0 746.0 | H 1.099 | V 0.001 | pL 0.000 | vL 0.000 | delta 0.000
U 72 | F 147456 | FPS 0028 | D 5293 | rR:mu sigma m M 0.00 0.00 0.00 0.00 | F:mu sigma m M 144.9 97.3 33.0 467.0 | H 1.099 | V 0.001 | pL 0.000 | vL 0.000 | delta 0.000
U 73 | F 149504 | FPS 0029 | D 5364 | rR:mu sigma m M 0.03 0.14 0.00 0.61 | F:mu sigma m M 186.7 114.3 37.0 454.0 | H 1.096 | V 0.002 | pL -0.003 | vL 0.000 | delta 0.015
U 74 | F 151552 | FPS 0032 | D 5428 | rR:mu sigma m M 0.00 0.00 0.00 0.00 | F:mu sigma m M 134.9 80.0 37.0 285.0 | H 1.099 | V 0.004 | pL 0.001 | vL 0.000 | delta 0.001
U 75 | F 153600 | FPS 0027 | D 5504 | rR:mu sigma m M 0.00 0.00 0.00 0.00 | F:mu sigma m M 171.2 86.3 56.0 325.0 | H 1.099 | V 0.002 | pL 0.001 | vL 0.000 | delta 0.001
U 76 | F 155648 | FPS 0025 | D 5586 | rR:mu sigma m M 0.00 0.00 0.00 0.00 | F:mu sigma m M 176.6 110.9 56.0 458.0 | H 1.099 | V 0.002 | pL 0.001 | vL 0.000 | delta 0.001
U 77 | F 157696 | FPS 0028 | D 5659 | rR:mu sigma m M 0.00 0.00 0.00 0.00 | F:mu sigma m M 185.0 146.9 39.0 600.0 | H 1.099 | V 0.002 | pL 0.001 | vL 0.000 | delta 0.001
U 78 | F 159744 | FPS 0029 | D 5730 | rR:mu sigma m M 0.05 0.19 0.00 0.78 | F:mu sigma m M 150.3 92.2 22.0 375.0 | H 1.095 | V 0.004 | pL -0.006 | vL 0.001 | delta 0.022
U 79 | F 161792 | FPS 0033 | D 5793 | rR:mu sigma m M 0.00 0.00 0.00 0.00 | F:mu sigma m M 135.5 129.8 26.0 592.0 | H 1.097 | V 0.006 | pL -0.001 | vL 0.000 | delta 0.007
U 80 | F 163840 | FPS 0029 | D 5863 | rR:mu sigma m M 0.00 0.00 0.00 0.00 | F:mu sigma m M 141.8 107.2 22.0 394.0 | H 1.098 | V 0.001 | pL 0.000 | vL 0.000 | delta 0.005
U 81 | F 165888 | FPS 0029 | D 5934 | rR:mu sigma m M 0.00 0.00 0.00 0.00 | F:mu sigma m M 165.4 113.8 53.0 394.0 | H 1.098 | V 0.005 | pL 0.001 | vL 0.000 | delta 0.006
U 82 | F 167936 | FPS 0030 | D 6002 | rR:mu sigma m M 0.00 0.00 0.00 0.00 | F:mu sigma m M 145.3 109.1 17.0 371.0 | H 1.098 | V 0.005 | pL 0.001 | vL 0.000 | delta 0.001
U 83 | F 169984 | FPS 0029 | D 6071 | rR:mu sigma m M 0.00 0.00 0.00 0.00 | F:mu sigma m M 180.6 160.6 17.0 584.0 | H 1.098 | V 0.006 | pL 0.001 | vL 0.000 | delta 0.002
U 84 | F 172032 | FPS 0030 | D 6140 | rR:mu sigma m M 0.00 0.00 0.00 0.00 | F:mu sigma m M 254.0 160.6 22.0 584.0 | H 1.099 | V 0.003 | pL 0.001 | vL 0.000 | delta 0.001
U 85 | F 174080 | FPS 0025 | D 6221 | rR:mu sigma m M 0.00 0.00 0.00 0.00 | F:mu sigma m M 183.4 161.4 22.0 563.0 | H 1.099 | V 0.002 | pL 0.001 | vL 0.000 | delta 0.000
U 86 | F 176128 | FPS 0029 | D 6291 | rR:mu sigma m M 0.00 0.00 0.00 0.00 | F:mu sigma m M 175.1 143.1 29.0 609.0 | H 1.099 | V 0.003 | pL 0.000 | vL 0.000 | delta 0.001
U 87 | F 178176 | FPS 0029 | D 6361 | rR:mu sigma m M 0.00 0.00 0.00 0.00 | F:mu sigma m M 190.8 131.7 31.0 507.0 | H 1.098 | V 0.003 | pL 0.001 | vL 0.000 | delta 0.002
U 88 | F 180224 | FPS 0029 | D 6431 | rR:mu sigma m M 0.00 0.00 0.00 0.00 | F:mu sigma m M 224.6 167.7 34.0 602.0 | H 1.098 | V 0.003 | pL 0.001 | vL 0.000 | delta 0.001
U 89 | F 182272 | FPS 0027 | D 6506 | rR:mu sigma m M 0.00 0.00 0.00 0.00 | F:mu sigma m M 189.6 213.1 17.0 861.0 | H 1.099 | V 0.004 | pL 0.001 | vL 0.000 | delta 0.000
U 90 | F 184320 | FPS 0028 | D 6579 | rR:mu sigma m M 0.00 0.00 0.00 0.00 | F:mu sigma m M 148.8 70.5 44.0 280.0 | H 1.099 | V 0.002 | pL 0.001 | vL 0.000 | delta 0.001
U 91 | F 186368 | FPS 0028 | D 6652 | rR:mu sigma m M 0.00 0.00 0.00 0.00 | F:mu sigma m M 99.4 65.1 37.0 242.0 | H 1.099 | V 0.002 | pL 0.000 | vL 0.000 | delta 0.000
U 92 | F 188416 | FPS 0028 | D 6725 | rR:mu sigma m M 0.00 0.00 0.00 0.00 | F:mu sigma m M 170.9 129.8 23.0 476.0 | H 1.099 | V 0.001 | pL 0.000 | vL 0.000 | delta 0.000
U 93 | F 190464 | FPS 0030 | D 6794 | rR:mu sigma m M 0.00 0.00 0.00 0.00 | F:mu sigma m M 175.0 114.6 53.0 476.0 | H 1.099 | V 0.001 | pL 0.000 | vL 0.000 | delta 0.000
U 94 | F 192512 | FPS 0026 | D 6871 | rR:mu sigma m M 0.00 0.00 0.00 0.00 | F:mu sigma m M 186.0 178.1 16.0 814.0 | H 1.099 | V 0.001 | pL 0.000 | vL 0.000 | delta 0.000
U 95 | F 194560 | FPS 0029 | D 6943 | rR:mu sigma m M 0.00 0.00 0.00 0.00 | F:mu sigma m M 154.9 86.1 30.0 340.0 | H 1.099 | V 0.001 | pL 0.000 | vL 0.000 | delta 0.001
U 96 | F 196608 | FPS 0029 | D 7014 | rR:mu sigma m M 0.04 0.15 0.00 0.61 | F:mu sigma m M 166.2 101.3 30.0 387.0 | H 1.098 | V 0.001 | pL -0.005 | vL 0.001 | delta 0.029
U 97 | F 198656 | FPS 0033 | D 7075 | rR:mu sigma m M 0.00 0.00 0.00 0.00 | F:mu sigma m M 223.2 187.5 14.0 689.0 | H 1.098 | V -0.004 | pL -0.001 | vL 0.000 | delta 0.001
U 98 | F 200704 | FPS 0031 | D 7142 | rR:mu sigma m M 0.00 0.00 0.00 0.00 | F:mu sigma m M 128.1 133.9 30.0 591.0 | H 1.099 | V -0.004 | pL -0.001 | vL 0.000 | delta 0.001
U 99 | F 202752 | FPS 0030 | D 7211 | rR:mu sigma m M 0.00 0.00 0.00 0.00 | F:mu sigma m M 138.2 101.0 11.0 349.0 | H 1.099 | V -0.003 | pL -0.001 | vL 0.000 | delta 0.000
U 100 | F 204800 | FPS 0029 | D 7281 | rR:mu sigma m M 0.00 0.00 0.00 0.00 | F:mu sigma m M 129.9 88.0 11.0 349.0 | H 1.099 | V -0.002 | pL -0.001 | vL 0.000 | delta 0.000
U 101 | F 206848 | FPS 0029 | D 7352 | rR:mu sigma m M 0.04 0.15 0.00 0.63 | F:mu sigma m M 195.8 107.7 25.0 373.0 | H 1.096 | V 0.006 | pL -0.005 | vL 0.001 | delta 0.009
U 102 | F 208896 | FPS 0027 | D 7427 | rR:mu sigma m M 0.00 0.00 0.00 0.00 | F:mu sigma m M 149.1 98.5 23.0 372.0 | H 1.099 | V 0.002 | pL 0.001 | vL 0.000 | delta 0.001
U 103 | F 210944 | FPS 0029 | D 7496 | rR:mu sigma m M 0.00 0.00 0.00 0.00 | F:mu sigma m M 154.4 109.8 23.0 372.0 | H 1.099 | V 0.002 | pL 0.000 | vL 0.000 | delta 0.000
U 104 | F 212992 | FPS 0029 | D 7567 | rR:mu sigma m M 0.00 0.00 0.00 0.00 | F:mu sigma m M 167.9 136.9 17.0 600.0 | H 1.099 | V 0.004 | pL -0.001 | vL 0.000 | delta 0.001
U 105 | F 215040 | FPS 0027 | D 7644 | rR:mu sigma m M 0.04 0.16 0.00 0.64 | F:mu sigma m M 119.8 87.4 31.0 355.0 | H 1.098 | V 0.009 | pL -0.003 | vL 0.000 | delta 0.009
U 106 | F 217088 | FPS 0029 | D 7714 | rR:mu sigma m M 0.00 0.00 0.00 0.00 | F:mu sigma m M 145.7 142.5 16.0 445.0 | H 1.099 | V 0.001 | pL 0.000 | vL 0.000 | delta 0.001
U 107 | F 219136 | FPS 0032 | D 7777 | rR:mu sigma m M 0.00 0.00 0.00 0.00 | F:mu sigma m M 165.9 141.9 16.0 435.0 | H 1.098 | V 0.001 | pL 0.001 | vL 0.000 | delta 0.001
U 108 | F 221184 | FPS 0030 | D 7844 | rR:mu sigma m M 0.00 0.00 0.00 0.00 | F:mu sigma m M 201.5 112.3 32.0 404.0 | H 1.099 | V 0.002 | pL 0.000 | vL 0.000 | delta 0.001
U 109 | F 223232 | FPS 0027 | D 7919 | rR:mu sigma m M 0.00 0.00 0.00 0.00 | F:mu sigma m M 180.1 117.0 20.0 446.0 | H 1.098 | V 0.005 | pL 0.002 | vL 0.000 | delta 0.005
U 110 | F 225280 | FPS 0031 | D 7986 | rR:mu sigma m M 0.00 0.00 0.00 0.00 | F:mu sigma m M 180.2 139.3 24.0 545.0 | H 1.099 | V -0.001 | pL -0.000 | vL 0.000 | delta 0.000
U 111 | F 227328 | FPS 0029 | D 8058 | rR:mu sigma m M 0.00 0.00 0.00 0.00 | F:mu sigma m M 170.2 150.3 24.0 545.0 | H 1.099 | V -0.000 | pL -0.000 | vL 0.000 | delta 0.000
U 112 | F 229376 | FPS 0029 | D 8128 | rR:mu sigma m M 0.00 0.00 0.00 0.00 | F:mu sigma m M 197.6 148.1 28.0 467.0 | H 1.098 | V 0.001 | pL -0.001 | vL 0.000 | delta 0.002
U 113 | F 231424 | FPS 0027 | D 8203 | rR:mu sigma m M 0.00 0.00 0.00 0.00 | F:mu sigma m M 205.0 121.1 33.0 423.0 | H 1.098 | V 0.001 | pL 0.000 | vL 0.000 | delta 0.001
U 114 | F 233472 | FPS 0028 | D 8277 | rR:mu sigma m M 0.00 0.00 0.00 0.00 | F:mu sigma m M 251.6 196.2 43.0 823.0 | H 1.099 | V 0.000 | pL -0.000 | vL 0.000 | delta 0.001
U 115 | F 235520 | FPS 0027 | D 8352 | rR:mu sigma m M 0.00 0.00 0.00 0.00 | F:mu sigma m M 141.3 124.9 22.0 470.0 | H 1.098 | V 0.000 | pL 0.000 | vL 0.000 | delta 0.001
U 116 | F 237568 | FPS 0032 | D 8416 | rR:mu sigma m M 0.00 0.00 0.00 0.00 | F:mu sigma m M 104.1 73.8 19.0 283.0 | H 1.098 | V 0.001 | pL 0.000 | vL 0.000 | delta 0.001
U 117 | F 239616 | FPS 0033 | D 8479 | rR:mu sigma m M 0.05 0.19 0.00 0.78 | F:mu sigma m M 183.4 199.9 19.0 900.0 | H 1.098 | V 0.006 | pL -0.006 | vL 0.001 | delta 0.014
U 118 | F 241664 | FPS 0028 | D 8553 | rR:mu sigma m M 0.00 0.00 0.00 0.00 | F:mu sigma m M 183.9 198.3 50.0 900.0 | H 1.099 | V -0.003 | pL -0.000 | vL 0.000 | delta 0.001
U 119 | F 243712 | FPS 0030 | D 8622 | rR:mu sigma m M 0.00 0.00 0.00 0.00 | F:mu sigma m M 178.8 108.9 50.0 447.0 | H 1.099 | V -0.002 | pL -0.001 | vL 0.000 | delta 0.000
U 120 | F 245760 | FPS 0032 | D 8685 | rR:mu sigma m M 0.00 0.00 0.00 0.00 | F:mu sigma m M 149.5 117.7 16.0 456.0 | H 1.099 | V -0.001 | pL -0.001 | vL 0.000 | delta 0.000
U 121 | F 247808 | FPS 0030 | D 8753 | rR:mu sigma m M 0.00 0.00 0.00 0.00 | F:mu sigma m M 111.6 72.3 20.0 268.0 | H 1.099 | V -0.001 | pL -0.000 | vL 0.000 | delta 0.000
U 122 | F 249856 | FPS 0030 | D 8821 | rR:mu sigma m M 0.00 0.00 0.00 0.00 | F:mu sigma m M 138.1 123.6 36.0 567.0 | H 1.099 | V -0.001 | pL -0.000 | vL 0.000 | delta 0.000
U 123 | F 251904 | FPS 0031 | D 8888 | rR:mu sigma m M 0.00 0.00 0.00 0.00 | F:mu sigma m M 156.1 142.2 26.0 605.0 | H 1.099 | V -0.000 | pL -0.000 | vL 0.000 | delta 0.000
U 124 | F 253952 | FPS 0031 | D 8954 | rR:mu sigma m M 0.00 0.00 0.00 0.00 | F:mu sigma m M 166.4 143.1 13.0 605.0 | H 1.099 | V -0.000 | pL -0.000 | vL 0.000 | delta 0.000
U 125 | F 256000 | FPS 0028 | D 9027 | rR:mu sigma m M 0.00 0.00 0.00 0.00 | F:mu sigma m M 217.1 144.6 13.0 556.0 | H 1.099 | V -0.000 | pL -0.000 | vL 0.000 | delta 0.000
U 126 | F 258048 | FPS 0029 | D 9099 | rR:mu sigma m M 0.00 0.00 0.00 0.00 | F:mu sigma m M 164.3 95.1 26.0 314.0 | H 1.099 | V -0.000 | pL -0.000 | vL 0.000 | delta 0.000
U 127 | F 260096 | FPS 0030 | D 9168 | rR:mu sigma m M 0.00 0.00 0.00 0.00 | F:mu sigma m M 127.2 97.4 26.0 406.0 | H 1.098 | V 0.001 | pL 0.001 | vL 0.000 | delta 0.001
U 128 | F 262144 | FPS 0028 | D 9241 | rR:mu sigma m M 0.00 0.00 0.00 0.00 | F:mu sigma m M 168.4 88.1 56.0 361.0 | H 1.099 | V 0.000 | pL 0.000 | vL 0.000 | delta 0.000
U 129 | F 264192 | FPS 0027 | D 9316 | rR:mu sigma m M 0.00 0.00 0.00 0.00 | F:mu sigma m M 218.1 119.5 61.0 528.0 | H 1.099 | V 0.000 | pL 0.000 | vL 0.000 | delta 0.000
U 130 | F 266240 | FPS 0029 | D 9386 | rR:mu sigma m M 0.00 0.00 0.00 0.00 | F:mu sigma m M 202.2 125.8 22.0 528.0 | H 1.099 | V 0.000 | pL 0.000 | vL 0.000 | delta 0.000
U 131 | F 268288 | FPS 0028 | D 9458 | rR:mu sigma m M 0.00 0.00 0.00 0.00 | F:mu sigma m M 128.5 101.2 19.0 378.0 | H 1.099 | V 0.000 | pL 0.000 | vL 0.000 | delta 0.000
U 132 | F 270336 | FPS 0027 | D 9535 | rR:mu sigma m M 0.00 0.00 0.00 0.00 | F:mu sigma m M 114.1 130.0 11.0 444.0 | H 1.098 | V 0.004 | pL 0.000 | vL 0.000 | delta 0.004
U 133 | F 272384 | FPS 0035 | D 9593 | rR:mu sigma m M 0.00 0.00 0.00 0.00 | F:mu sigma m M 199.9 220.1 18.0 900.0 | H 1.098 | V 0.009 | pL 0.003 | vL 0.000 | delta 0.005
U 134 | F 274432 | FPS 0033 | D 9656 | rR:mu sigma m M 0.00 0.00 0.00 0.00 | F:mu sigma m M 156.2 116.9 9.0 444.0 | H 1.099 | V 0.001 | pL 0.000 | vL 0.000 | delta 0.000
U 135 | F 276480 | FPS 0032 | D 9720 | rR:mu sigma m M 0.00 0.00 0.00 0.00 | F:mu sigma m M 157.4 106.7 37.0 444.0 | H 1.099 | V 0.001 | pL 0.000 | vL 0.000 | delta 0.000
U 136 | F 278528 | FPS 0029 | D 9791 | rR:mu sigma m M 0.00 0.00 0.00 0.00 | F:mu sigma m M 124.8 156.2 20.0 689.0 | H 1.099 | V 0.000 | pL 0.000 | vL 0.000 | delta 0.000
U 137 | F 280576 | FPS 0030 | D 9860 | rR:mu sigma m M 0.00 0.00 0.00 0.00 | F:mu sigma m M 176.1 203.5 20.0 689.0 | H 1.099 | V 0.000 | pL 0.000 | vL 0.000 | delta 0.000
U 138 | F 282624 | FPS 0028 | D 9932 | rR:mu sigma m M 0.00 0.00 0.00 0.00 | F:mu sigma m M 179.0 144.3 27.0 659.0 | H 1.099 | V 0.000 | pL 0.000 | vL 0.000 | delta 0.000
U 139 | F 284672 | FPS 0029 | D 10002 | rR:mu sigma m M 0.00 0.00 0.00 0.00 | F:mu sigma m M 156.6 108.8 13.0 415.0 | H 1.099 | V 0.000 | pL 0.000 | vL 0.000 | delta 0.000
U 140 | F 286720 | FPS 0030 | D 10070 | rR:mu sigma m M 0.00 0.00 0.00 0.00 | F:mu sigma m M 99.0 82.9 9.0 329.0 | H 1.099 | V 0.000 | pL 0.000 | vL 0.000 | delta 0.000
U 141 | F 288768 | FPS 0028 | D 10142 | rR:mu sigma m M 0.00 0.00 0.00 0.00 | F:mu sigma m M 171.1 148.2 27.0 662.0 | H 1.099 | V 0.000 | pL 0.000 | vL 0.000 | delta 0.000
U 142 | F 290816 | FPS 0029 | D 10213 | rR:mu sigma m M 0.00 0.00 0.00 0.00 | F:mu sigma m M 189.3 204.0 48.0 900.0 | H 1.099 | V -0.000 | pL -0.000 | vL 0.000 | delta 0.000
U 143 | F 292864 | FPS 0028 | D 10285 | rR:mu sigma m M 0.00 0.00 0.00 0.00 | F:mu sigma m M 154.0 141.2 22.0 552.0 | H 1.099 | V 0.000 | pL 0.000 | vL 0.000 | delta 0.000
U 144 | F 294912 | FPS 0028 | D 10359 | rR:mu sigma m M 0.00 0.00 0.00 0.00 | F:mu sigma m M 201.8 202.3 37.0 782.0 | H 1.099 | V -0.000 | pL -0.000 | vL 0.000 | delta 0.000
U 145 | F 296960 | FPS 0030 | D 10428 | rR:mu sigma m M 0.00 0.00 0.00 0.00 | F:mu sigma m M 223.4 186.1 31.0 782.0 | H 1.099 | V -0.000 | pL -0.000 | vL 0.000 | delta 0.000
U 146 | F 299008 | FPS 0032 | D 10492 | rR:mu sigma m M 0.00 0.00 0.00 0.00 | F:mu sigma m M 142.6 129.4 19.0 443.0 | H 1.099 | V 0.000 | pL 0.000 | vL 0.000 | delta 0.000
U 147 | F 301056 | FPS 0029 | D 10563 | rR:mu sigma m M 0.00 0.00 0.00 0.00 | F:mu sigma m M 161.2 148.4 21.0 480.0 | H 1.099 | V 0.002 | pL -0.000 | vL 0.000 | delta 0.001
U 148 | F 303104 | FPS 0028 | D 10637 | rR:mu sigma m M 0.05 0.21 0.00 0.85 | F:mu sigma m M 206.2 142.5 35.0 480.0 | H 1.098 | V 0.002 | pL -0.003 | vL 0.001 | delta 0.022
U 149 | F 305152 | FPS 0028 | D 10710 | rR:mu sigma m M 0.00 0.00 0.00 0.00 | F:mu sigma m M 191.5 116.2 28.0 442.0 | H 1.099 | V -0.007 | pL -0.002 | vL 0.000 | delta 0.003
U 150 | F 307200 | FPS 0030 | D 10778 | rR:mu sigma m M 0.00 0.00 0.00 0.00 | F:mu sigma m M 178.2 186.8 32.0 784.0 | H 1.099 | V -0.004 | pL -0.001 | vL 0.000 | delta 0.001
U 151 | F 309248 | FPS 0030 | D 10847 | rR:mu sigma m M 0.00 0.00 0.00 0.00 | F:mu sigma m M 154.3 111.2 20.0 411.0 | H 1.099 | V -0.003 | pL -0.001 | vL 0.000 | delta 0.000
U 152 | F 311296 | FPS 0028 | D 10920 | rR:mu sigma m M 0.00 0.00 0.00 0.00 | F:mu sigma m M 175.1 157.8 25.0 588.0 | H 1.098 | V -0.002 | pL -0.001 | vL 0.000 | delta 0.001
U 153 | F 313344 | FPS 0034 | D 10980 | rR:mu sigma m M 0.00 0.00 0.00 0.00 | F:mu sigma m M 175.8 138.4 40.0 588.0 | H 1.098 | V -0.000 | pL 0.000 | vL 0.000 | delta 0.003
U 154 | F 315392 | FPS 0028 | D 11054 | rR:mu sigma m M 0.00 0.00 0.00 0.00 | F:mu sigma m M 125.8 76.9 28.0 291.0 | H 1.097 | V -0.001 | pL -0.000 | vL 0.000 | delta 0.003
U 155 | F 317440 | FPS 0026 | D 11132 | rR:mu sigma m M 0.00 0.00 0.00 0.00 | F:mu sigma m M 227.8 185.9 28.0 623.0 | H 1.099 | V -0.001 | pL -0.000 | vL 0.000 | delta 0.001
U 156 | F 319488 | FPS 0029 | D 11203 | rR:mu sigma m M 0.00 0.00 0.00 0.00 | F:mu sigma m M 235.7 161.6 28.0 589.0 | H 1.099 | V 0.000 | pL -0.000 | vL 0.000 | delta 0.002
U 157 | F 321536 | FPS 0031 | D 11270 | rR:mu sigma m M 0.00 0.00 0.00 0.00 | F:mu sigma m M 165.4 150.9 23.0 616.0 | H 1.099 | V 0.001 | pL 0.000 | vL 0.000 | delta 0.001
U 158 | F 323584 | FPS 0029 | D 11342 | rR:mu sigma m M 0.00 0.00 0.00 0.00 | F:mu sigma m M 155.1 142.4 23.0 616.0 | H 1.099 | V 0.000 | pL 0.000 | vL 0.000 | delta 0.000
U 159 | F 325632 | FPS 0028 | D 11415 | rR:mu sigma m M 0.00 0.00 0.00 0.00 | F:mu sigma m M 185.7 117.9 26.0 502.0 | H 1.099 | V -0.000 | pL -0.000 | vL 0.000 | delta 0.000
U 160 | F 327680 | FPS 0030 | D 11484 | rR:mu sigma m M 0.00 0.00 0.00 0.00 | F:mu sigma m M 149.2 144.9 17.0 535.0 | H 1.099 | V -0.000 | pL 0.000 | vL 0.000 | delta 0.000
U 161 | F 329728 | FPS 0031 | D 11550 | rR:mu sigma m M 0.00 0.00 0.00 0.00 | F:mu sigma m M 148.3 133.7 33.0 463.0 | H 1.099 | V 0.000 | pL 0.000 | vL 0.000 | delta 0.000
U 162 | F 331776 | FPS 0031 | D 11616 | rR:mu sigma m M 0.00 0.00 0.00 0.00 | F:mu sigma m M 154.1 118.0 30.0 444.0 | H 1.099 | V 0.000 | pL 0.000 | vL 0.000 | delta 0.000
U 163 | F 333824 | FPS 0032 | D 11679 | rR:mu sigma m M 0.00 0.00 0.00 0.00 | F:mu sigma m M 158.5 99.7 30.0 444.0 | H 1.099 | V 0.000 | pL 0.000 | vL 0.000 | delta 0.000
U 164 | F 335872 | FPS 0029 | D 11749 | rR:mu sigma m M 0.00 0.00 0.00 0.00 | F:mu sigma m M 186.2 131.6 19.0 463.0 | H 1.099 | V 0.000 | pL 0.000 | vL 0.000 | delta 0.000
U 165 | F 337920 | FPS 0026 | D 11829 | rR:mu sigma m M 0.00 0.00 0.00 0.00 | F:mu sigma m M 201.4 164.3 25.0 686.0 | H 1.099 | V 0.000 | pL 0.000 | vL 0.000 | delta 0.000
U 166 | F 339968 | FPS 0029 | D 11899 | rR:mu sigma m M 0.05 0.18 0.00 0.75 | F:mu sigma m M 147.3 146.3 11.0 624.0 | H 1.096 | V 0.002 | pL -0.005 | vL 0.001 | delta 0.022
U 167 | F 342016 | FPS 0028 | D 11973 | rR:mu sigma m M 0.00 0.00 0.00 0.00 | F:mu sigma m M 123.2 100.4 30.0 407.0 | H 1.099 | V -0.002 | pL -0.000 | vL 0.000 | delta 0.003
U 168 | F 344064 | FPS 0030 | D 12041 | rR:mu sigma m M 0.00 0.00 0.00 0.00 | F:mu sigma m M 165.2 111.1 41.0 407.0 | H 1.099 | V -0.000 | pL 0.000 | vL 0.000 | delta 0.001
U 169 | F 346112 | FPS 0030 | D 12109 | rR:mu sigma m M 0.00 0.00 0.00 0.00 | F:mu sigma m M 144.6 87.3 34.0 331.0 | H 1.099 | V -0.001 | pL -0.000 | vL 0.000 | delta 0.000
U 170 | F 348160 | FPS 0028 | D 12182 | rR:mu sigma m M 0.00 0.00 0.00 0.00 | F:mu sigma m M 176.1 90.3 49.0 331.0 | H 1.099 | V -0.001 | pL -0.000 | vL 0.000 | delta 0.000
U 171 | F 350208 | FPS 0028 | D 12254 | rR:mu sigma m M 0.00 0.00 0.00 0.00 | F:mu sigma m M 128.5 165.9 22.0 717.0 | H 1.099 | V -0.000 | pL -0.000 | vL 0.000 | delta 0.000
U 172 | F 352256 | FPS 0028 | D 12328 | rR:mu sigma m M 0.00 0.00 0.00 0.00 | F:mu sigma m M 181.2 137.2 22.0 453.0 | H 1.099 | V -0.000 | pL -0.000 | vL 0.000 | delta 0.000
U 173 | F 354304 | FPS 0029 | D 12399 | rR:mu sigma m M 0.00 0.00 0.00 0.00 | F:mu sigma m M 143.7 88.7 27.0 313.0 | H 1.099 | V -0.000 | pL -0.000 | vL 0.000 | delta 0.000
U 174 | F 356352 | FPS 0030 | D 12467 | rR:mu sigma m M 0.00 0.00 0.00 0.00 | F:mu sigma m M 141.8 114.4 22.0 447.0 | H 1.099 | V -0.000 | pL -0.000 | vL 0.000 | delta 0.000
U 175 | F 358400 | FPS 0030 | D 12534 | rR:mu sigma m M 0.00 0.00 0.00 0.00 | F:mu sigma m M 164.0 133.9 22.0 447.0 | H 1.099 | V -0.000 | pL -0.000 | vL 0.000 | delta 0.000
U 176 | F 360448 | FPS 0029 | D 12604 | rR:mu sigma m M 0.00 0.00 0.00 0.00 | F:mu sigma m M 137.2 84.7 42.0 365.0 | H 1.099 | V -0.000 | pL 0.000 | vL 0.000 | delta 0.000
U 177 | F 362496 | FPS 0028 | D 12677 | rR:mu sigma m M 0.00 0.00 0.00 0.00 | F:mu sigma m M 162.5 130.6 17.0 488.0 | H 1.099 | V 0.000 | pL -0.000 | vL 0.000 | delta 0.000
U 178 | F 364544 | FPS 0028 | D 12751 | rR:mu sigma m M 0.00 0.00 0.00 0.00 | F:mu sigma m M 134.4 84.7 20.0 318.0 | H 1.098 | V 0.000 | pL 0.000 | vL 0.000 | delta 0.001
U 179 | F 366592 | FPS 0031 | D 12816 | rR:mu sigma m M 0.00 0.00 0.00 0.00 | F:mu sigma m M 144.9 174.3 19.0 737.0 | H 1.099 | V -0.000 | pL -0.000 | vL 0.000 | delta 0.000
U 180 | F 368640 | FPS 0025 | D 12898 | rR:mu sigma m M 0.00 0.00 0.00 0.00 | F:mu sigma m M 107.7 72.9 19.0 246.0 | H 1.099 | V -0.000 | pL -0.000 | vL 0.000 | delta 0.000
U 181 | F 370688 | FPS 0029 | D 12969 | rR:mu sigma m M 0.00 0.00 0.00 0.00 | F:mu sigma m M 211.6 156.1 28.0 554.0 | H 1.099 | V -0.000 | pL -0.000 | vL 0.000 | delta 0.000
U 182 | F 372736 | FPS 0031 | D 13034 | rR:mu sigma m M 0.00 0.00 0.00 0.00 | F:mu sigma m M 200.4 153.5 28.0 554.0 | H 1.099 | V -0.000 | pL -0.000 | vL 0.000 | delta 0.000
U 183 | F 374784 | FPS 0028 | D 13107 | rR:mu sigma m M 0.00 0.00 0.00 0.00 | F:mu sigma m M 262.4 234.0 30.0 900.0 | H 1.099 | V -0.000 | pL -0.000 | vL 0.000 | delta 0.000
U 184 | F 376832 | FPS 0031 | D 13172 | rR:mu sigma m M 0.00 0.00 0.00 0.00 | F:mu sigma m M 127.6 110.8 25.0 500.0 | H 1.099 | V -0.000 | pL -0.000 | vL 0.000 | delta 0.000
U 185 | F 378880 | FPS 0032 | D 13236 | rR:mu sigma m M 0.00 0.00 0.00 0.00 | F:mu sigma m M 159.7 127.6 15.0 467.0 | H 1.099 | V -0.000 | pL -0.000 | vL 0.000 | delta 0.000
U 186 | F 380928 | FPS 0032 | D 13300 | rR:mu sigma m M 0.00 0.00 0.00 0.00 | F:mu sigma m M 89.2 46.0 18.0 180.0 | H 1.099 | V -0.000 | pL -0.000 | vL 0.000 | delta 0.000
U 187 | F 382976 | FPS 0029 | D 13372 | rR:mu sigma m M 0.00 0.00 0.00 0.00 | F:mu sigma m M 173.1 140.8 23.0 474.0 | H 1.099 | V -0.000 | pL -0.000 | vL 0.000 | delta 0.000
U 188 | F 385024 | FPS 0027 | D 13447 | rR:mu sigma m M 0.00 0.00 0.00 0.00 | F:mu sigma m M 257.2 132.1 44.0 474.0 | H 1.099 | V -0.000 | pL -0.000 | vL 0.000 | delta 0.000
U 189 | F 387072 | FPS 0030 | D 13516 | rR:mu sigma m M 0.00 0.00 0.00 0.00 | F:mu sigma m M 203.4 119.7 37.0 427.0 | H 1.099 | V -0.000 | pL -0.000 | vL 0.000 | delta 0.000
U 190 | F 389120 | FPS 0035 | D 13575 | rR:mu sigma m M 0.00 0.00 0.00 0.00 | F:mu sigma m M 155.2 141.3 34.0 576.0 | H 1.099 | V 0.000 | pL -0.000 | vL 0.000 | delta 0.000
U 191 | F 391168 | FPS 0026 | D 13655 | rR:mu sigma m M 0.00 0.00 0.00 0.00 | F:mu sigma m M 152.1 123.8 55.0 518.0 | H 1.098 | V 0.002 | pL 0.001 | vL 0.000 | delta 0.001
U 192 | F 393216 | FPS 0034 | D 13715 | rR:mu sigma m M 0.04 0.17 0.00 0.69 | F:mu sigma m M 204.2 185.0 27.0 615.0 | H 1.097 | V 0.008 | pL -0.005 | vL 0.001 | delta 0.012
U 193 | F 395264 | FPS 0029 | D 13787 | rR:mu sigma m M 0.04 0.17 0.00 0.69 | F:mu sigma m M 206.9 171.7 27.0 615.0 | H 1.099 | V -0.000 | pL 0.000 | vL 0.000 | delta 0.002
U 194 | F 397312 | FPS 0029 | D 13858 | rR:mu sigma m M 0.00 0.00 0.00 0.00 | F:mu sigma m M 174.0 116.7 46.0 486.0 | H 1.099 | V 0.001 | pL -0.000 | vL 0.000 | delta 0.003
U 195 | F 399360 | FPS 0033 | D 13921 | rR:mu sigma m M 0.00 0.00 0.00 0.00 | F:mu sigma m M 182.2 107.5 33.0 458.0 | H 1.098 | V 0.001 | pL 0.001 | vL 0.000 | delta 0.003
U 196 | F 401408 | FPS 0026 | D 13999 | rR:mu sigma m M 0.00 0.00 0.00 0.00 | F:mu sigma m M 222.8 206.4 33.0 900.0 | H 1.099 | V -0.001 | pL -0.000 | vL 0.000 | delta 0.002
U 197 | F 403456 | FPS 0031 | D 14066 | rR:mu sigma m M 0.00 0.00 0.00 0.00 | F:mu sigma m M 174.2 154.8 11.0 630.0 | H 1.099 | V 0.000 | pL 0.000 | vL 0.000 | delta 0.001
U 198 | F 405504 | FPS 0028 | D 14140 | rR:mu sigma m M 0.00 0.00 0.00 0.00 | F:mu sigma m M 182.4 146.7 41.0 630.0 | H 1.099 | V 0.000 | pL 0.000 | vL 0.000 | delta 0.000
U 199 | F 407552 | FPS 0028 | D 14213 | rR:mu sigma m M 0.00 0.00 0.00 0.00 | F:mu sigma m M 210.7 108.3 68.0 433.0 | H 1.099 | V 0.000 | pL 0.000 | vL 0.000 | delta 0.000
U 200 | F 409600 | FPS 0028 | D 14285 | rR:mu sigma m M 0.00 0.00 0.00 0.00 | F:mu sigma m M 190.1 113.3 39.0 399.0 | H 1.099 | V 0.000 | pL 0.000 | vL 0.000 | delta 0.000
U 201 | F 411648 | FPS 0031 | D 14351 | rR:mu sigma m M 0.00 0.00 0.00 0.00 | F:mu sigma m M 204.2 146.8 46.0 515.0 | H 1.099 | V 0.000 | pL 0.000 | vL 0.000 | delta 0.000
U 202 | F 413696 | FPS 0030 | D 14420 | rR:mu sigma m M 0.00 0.00 0.00 0.00 | F:mu sigma m M 134.1 68.2 13.0 293.0 | H 1.099 | V 0.000 | pL 0.000 | vL 0.000 | delta 0.001
U 203 | F 415744 | FPS 0030 | D 14489 | rR:mu sigma m M 0.02 0.07 0.00 0.30 | F:mu sigma m M 178.9 162.0 13.0 700.0 | H 1.096 | V 0.007 | pL -0.002 | vL 0.000 | delta 0.008
U 204 | F 417792 | FPS 0026 | D 14567 | rR:mu sigma m M 0.02 0.07 0.00 0.30 | F:mu sigma m M 231.1 234.8 36.0 900.0 | H 1.098 | V -0.006 | pL -0.002 | vL 0.000 | delta 0.001
U 205 | F 419840 | FPS 0028 | D 14638 | rR:mu sigma m M 0.00 0.00 0.00 0.00 | F:mu sigma m M 257.9 261.3 32.0 900.0 | H 1.099 | V -0.004 | pL -0.001 | vL 0.000 | delta 0.001
U 206 | F 421888 | FPS 0029 | D 14708 | rR:mu sigma m M 0.00 0.00 0.00 0.00 | F:mu sigma m M 173.9 110.6 23.0 443.0 | H 1.099 | V -0.003 | pL -0.001 | vL 0.000 | delta 0.000
U 207 | F 423936 | FPS 0027 | D 14783 | rR:mu sigma m M 0.00 0.00 0.00 0.00 | F:mu sigma m M 160.4 91.8 23.0 368.0 | H 1.098 | V 0.001 | pL 0.000 | vL 0.000 | delta 0.003
U 208 | F 425984 | FPS 0025 | D 14866 | rR:mu sigma m M 0.00 0.00 0.00 0.00 | F:mu sigma m M 271.1 189.8 42.0 747.0 | H 1.098 | V 0.000 | pL -0.002 | vL 0.000 | delta 0.004
U 209 | F 428032 | FPS 0029 | D 14936 | rR:mu sigma m M 0.00 0.00 0.00 0.00 | F:mu sigma m M 196.6 168.3 7.0 747.0 | H 1.098 | V -0.003 | pL 0.001 | vL 0.000 | delta 0.002
U 210 | F 430080 | FPS 0028 | D 15009 | rR:mu sigma m M 0.00 0.00 0.00 0.00 | F:mu sigma m M 141.2 87.1 26.0 368.0 | H 1.099 | V -0.003 | pL -0.001 | vL 0.000 | delta 0.001
U 211 | F 432128 | FPS 0029 | D 15079 | rR:mu sigma m M 0.00 0.00 0.00 0.00 | F:mu sigma m M 129.2 85.9 26.0 368.0 | H 1.099 | V -0.003 | pL -0.001 | vL 0.000 | delta 0.000
U 212 | F 434176 | FPS 0028 | D 15151 | rR:mu sigma m M 0.00 0.00 0.00 0.00 | F:mu sigma m M 142.6 105.2 36.0 497.0 | H 1.099 | V -0.002 | pL -0.001 | vL 0.000 | delta 0.000
U 213 | F 436224 | FPS 0029 | D 15221 | rR:mu sigma m M 0.00 0.00 0.00 0.00 | F:mu sigma m M 197.1 147.9 47.0 571.0 | H 1.099 | V -0.002 | pL -0.000 | vL 0.000 | delta 0.001
U 214 | F 438272 | FPS 0031 | D 15288 | rR:mu sigma m M 0.00 0.00 0.00 0.00 | F:mu sigma m M 145.7 126.8 24.0 532.0 | H 1.099 | V -0.001 | pL -0.000 | vL 0.000 | delta 0.000
U 215 | F 440320 | FPS 0028 | D 15362 | rR:mu sigma m M 0.00 0.00 0.00 0.00 | F:mu sigma m M 138.2 100.4 29.0 349.0 | H 1.099 | V -0.001 | pL -0.000 | vL 0.000 | delta 0.000
U 216 | F 442368 | FPS 0029 | D 15433 | rR:mu sigma m M 0.00 0.00 0.00 0.00 | F:mu sigma m M 189.3 212.1 31.0 900.0 | H 1.099 | V -0.001 | pL -0.000 | vL 0.000 | delta 0.000
U 217 | F 444416 | FPS 0031 | D 15499 | rR:mu sigma m M 0.00 0.00 0.00 0.00 | F:mu sigma m M 115.7 104.6 22.0 448.0 | H 1.099 | V -0.001 | pL -0.000 | vL 0.000 | delta 0.000
U 218 | F 446464 | FPS 0029 | D 15570 | rR:mu sigma m M 0.00 0.00 0.00 0.00 | F:mu sigma m M 199.5 135.9 38.0 475.0 | H 1.099 | V -0.001 | pL -0.000 | vL 0.000 | delta 0.000
U 219 | F 448512 | FPS 0028 | D 15644 | rR:mu sigma m M 0.00 0.00 0.00 0.00 | F:mu sigma m M 201.9 115.3 31.0 475.0 | H 1.099 | V -0.001 | pL -0.000 | vL 0.000 | delta 0.000
U 220 | F 450560 | FPS 0026 | D 15723 | rR:mu sigma m M 0.00 0.00 0.00 0.00 | F:mu sigma m M 148.0 64.7 41.0 235.0 | H 1.099 | V -0.000 | pL -0.000 | vL 0.000 | delta 0.000
U 221 | F 452608 | FPS 0030 | D 15790 | rR:mu sigma m M 0.00 0.00 0.00 0.00 | F:mu sigma m M 160.3 86.6 44.0 353.0 | H 1.098 | V 0.001 | pL -0.000 | vL 0.000 | delta 0.001
U 222 | F 454656 | FPS 0030 | D 15859 | rR:mu sigma m M 0.00 0.00 0.00 0.00 | F:mu sigma m M 189.1 149.4 51.0 636.0 | H 1.098 | V 0.003 | pL -0.001 | vL 0.000 | delta 0.003
U 223 | F 456704 | FPS 0028 | D 15933 | rR:mu sigma m M 0.04 0.17 0.00 0.70 | F:mu sigma m M 209.2 172.5 41.0 636.0 | H 1.098 | V 0.006 | pL -0.005 | vL 0.001 | delta 0.008
U 224 | F 458752 | FPS 0029 | D 16003 | rR:mu sigma m M 0.00 0.00 0.00 0.00 | F:mu sigma m M 189.3 112.6 61.0 449.0 | H 1.099 | V 0.002 | pL 0.001 | vL 0.000 | delta 0.002
U 225 | F 460800 | FPS 0027 | D 16078 | rR:mu sigma m M 0.00 0.00 0.00 0.00 | F:mu sigma m M 153.0 110.5 18.0 449.0 | H 1.098 | V 0.006 | pL -0.000 | vL 0.000 | delta 0.004
U 226 | F 462848 | FPS 0029 | D 16148 | rR:mu sigma m M 0.05 0.18 0.00 0.75 | F:mu sigma m M 202.2 97.8 46.0 371.0 | H 1.098 | V 0.008 | pL -0.004 | vL 0.000 | delta 0.018
U 227 | F 464896 | FPS 0029 | D 16218 | rR:mu sigma m M 0.04 0.17 0.00 0.71 | F:mu sigma m M 143.1 105.9 15.0 435.0 | H 1.096 | V 0.014 | pL -0.004 | vL 0.000 | delta 0.012
U 228 | F 466944 | FPS 0027 | D 16293 | rR:mu sigma m M 0.04 0.17 0.00 0.71 | F:mu sigma m M 167.1 107.6 39.0 388.0 | H 1.098 | V -0.001 | pL 0.000 | vL 0.000 | delta 0.004
U 229 | F 468992 | FPS 0028 | D 16366 | rR:mu sigma m M 0.00 0.00 0.00 0.00 | F:mu sigma m M 200.8 150.6 32.0 657.0 | H 1.096 | V 0.001 | pL -0.000 | vL 0.000 | delta 0.008
U 230 | F 471040 | FPS 0030 | D 16435 | rR:mu sigma m M 0.00 0.00 0.00 0.00 | F:mu sigma m M 188.3 146.6 32.0 657.0 | H 1.099 | V -0.007 | pL -0.002 | vL 0.000 | delta 0.001
U 231 | F 473088 | FPS 0030 | D 16504 | rR:mu sigma m M 0.00 0.00 0.00 0.00 | F:mu sigma m M 179.0 111.0 70.0 459.0 | H 1.099 | V -0.006 | pL -0.002 | vL 0.000 | delta 0.001
U 232 | F 475136 | FPS 0027 | D 16579 | rR:mu sigma m M 0.00 0.00 0.00 0.00 | F:mu sigma m M 186.6 166.7 16.0 751.0 | H 1.099 | V -0.005 | pL -0.001 | vL 0.000 | delta 0.001
U 233 | F 477184 | FPS 0030 | D 16648 | rR:mu sigma m M 0.00 0.00 0.00 0.00 | F:mu sigma m M 164.2 155.2 19.0 647.0 | H 1.099 | V -0.003 | pL -0.001 | vL 0.000 | delta 0.000
U 234 | F 479232 | FPS 0029 | D 16719 | rR:mu sigma m M 0.00 0.00 0.00 0.00 | F:mu sigma m M 160.8 125.1 27.0 535.0 | H 1.099 | V -0.003 | pL -0.001 | vL 0.000 | delta 0.000
U 235 | F 481280 | FPS 0031 | D 16786 | rR:mu sigma m M 0.05 0.20 0.00 0.81 | F:mu sigma m M 107.4 79.6 18.0 305.0 | H 1.097 | V 0.004 | pL -0.007 | vL 0.001 | delta 0.017
U 236 | F 483328 | FPS 0029 | D 16857 | rR:mu sigma m M 0.05 0.20 0.00 0.81 | F:mu sigma m M 162.1 139.3 12.0 580.0 | H 1.092 | V 0.006 | pL 0.001 | vL 0.000 | delta 0.014
U 237 | F 485376 | FPS 0034 | D 16918 | rR:mu sigma m M 0.00 0.00 0.00 0.00 | F:mu sigma m M 186.3 137.8 27.0 580.0 | H 1.097 | V 0.003 | pL 0.001 | vL 0.000 | delta 0.003
U 238 | F 487424 | FPS 0026 | D 16997 | rR:mu sigma m M 0.00 0.00 0.00 0.00 | F:mu sigma m M 119.8 77.6 21.0 251.0 | H 1.098 | V 0.001 | pL 0.000 | vL 0.000 | delta 0.001
U 239 | F 489472 | FPS 0035 | D 17055 | rR:mu sigma m M 0.00 0.00 0.00 0.00 | F:mu sigma m M 144.8 112.5 24.0 482.0 | H 1.098 | V 0.001 | pL 0.000 | vL 0.000 | delta 0.000
U 240 | F 491520 | FPS 0028 | D 17128 | rR:mu sigma m M 0.00 0.00 0.00 0.00 | F:mu sigma m M 192.2 113.8 73.0 482.0 | H 1.098 | V 0.001 | pL 0.000 | vL 0.000 | delta 0.000
U 241 | F 493568 | FPS 0033 | D 17191 | rR:mu sigma m M 0.00 0.00 0.00 0.00 | F:mu sigma m M 210.5 146.7 31.0 567.0 | H 1.098 | V 0.003 | pL -0.000 | vL 0.000 | delta 0.002
U 242 | F 495616 | FPS 0030 | D 17261 | rR:mu sigma m M 0.04 0.14 0.00 0.58 | F:mu sigma m M 208.2 168.2 43.0 662.0 | H 1.097 | V 0.010 | pL -0.003 | vL 0.000 | delta 0.007
U 243 | F 497664 | FPS 0032 | D 17324 | rR:mu sigma m M 0.04 0.14 0.00 0.58 | F:mu sigma m M 225.6 170.3 20.0 662.0 | H 1.097 | V 0.003 | pL 0.001 | vL 0.000 | delta 0.004
U 244 | F 499712 | FPS 0029 | D 17395 | rR:mu sigma m M 0.00 0.00 0.00 0.00 | F:mu sigma m M 192.4 145.9 16.0 533.0 | H 1.099 | V 0.001 | pL 0.000 | vL 0.000 | delta 0.001
U 245 | F 501760 | FPS 0029 | D 17465 | rR:mu sigma m M 0.00 0.00 0.00 0.00 | F:mu sigma m M 205.9 147.0 16.0 533.0 | H 1.099 | V 0.001 | pL 0.000 | vL 0.000 | delta 0.002
U 246 | F 503808 | FPS 0034 | D 17525 | rR:mu sigma m M 0.00 0.00 0.00 0.00 | F:mu sigma m M 197.6 85.4 89.0 379.0 | H 1.099 | V 0.000 | pL 0.000 | vL 0.000 | delta 0.001
U 247 | F 505856 | FPS 0031 | D 17591 | rR:mu sigma m M 0.00 0.00 0.00 0.00 | F:mu sigma m M 181.4 116.9 38.0 558.0 | H 1.099 | V -0.000 | pL -0.000 | vL 0.000 | delta 0.000
U 248 | F 507904 | FPS 0029 | D 17663 | rR:mu sigma m M 0.00 0.00 0.00 0.00 | F:mu sigma m M 169.4 123.2 38.0 533.0 | H 1.099 | V -0.000 | pL 0.000 | vL 0.000 | delta 0.000
U 249 | F 509952 | FPS 0027 | D 17738 | rR:mu sigma m M 0.00 0.00 0.00 0.00 | F:mu sigma m M 124.4 89.0 12.0 282.0 | H 1.099 | V 0.000 | pL -0.000 | vL 0.000 | delta 0.000
U 250 | F 512000 | FPS 0029 | D 17808 | rR:mu sigma m M 0.00 0.00 0.00 0.00 | F:mu sigma m M 134.2 117.5 12.0 466.0 | H 1.099 | V 0.000 | pL 0.000 | vL 0.000 | delta 0.000
U 251 | F 514048 | FPS 0030 | D 17878 | rR:mu sigma m M 0.00 0.00 0.00 0.00 | F:mu sigma m M 171.4 137.3 24.0 568.0 | H 1.099 | V 0.000 | pL 0.000 | vL 0.000 | delta 0.001
U 252 | F 516096 | FPS 0026 | D 17956 | rR:mu sigma m M 0.00 0.00 0.00 0.00 | F:mu sigma m M 199.5 195.2 24.0 900.0 | H 1.098 | V 0.001 | pL -0.000 | vL 0.000 | delta 0.002
U 253 | F 518144 | FPS 0028 | D 18030 | rR:mu sigma m M 0.00 0.00 0.00 0.00 | F:mu sigma m M 238.5 197.6 48.0 900.0 | H 1.098 | V 0.001 | pL 0.000 | vL 0.000 | delta 0.001
U 254 | F 520192 | FPS 0030 | D 18098 | rR:mu sigma m M 0.00 0.00 0.00 0.00 | F:mu sigma m M 192.9 138.4 20.0 493.0 | H 1.098 | V 0.001 | pL 0.000 | vL 0.000 | delta 0.001
U 255 | F 522240 | FPS 0030 | D 18167 | rR:mu sigma m M 0.00 0.00 0.00 0.00 | F:mu sigma m M 176.9 158.5 18.0 569.0 | H 1.099 | V -0.000 | pL -0.000 | vL 0.000 | delta 0.000
U 256 | F 524288 | FPS 0030 | D 18236 | rR:mu sigma m M 0.00 0.00 0.00 0.00 | F:mu sigma m M 176.4 146.5 31.0 569.0 | H 1.099 | V -0.000 | pL -0.000 | vL 0.000 | delta 0.000
U 257 | F 526336 | FPS 0028 | D 18308 | rR:mu sigma m M 0.00 0.00 0.00 0.00 | F:mu sigma m M 197.4 114.8 37.0 461.0 | H 1.099 | V -0.000 | pL -0.000 | vL 0.000 | delta 0.000
U 258 | F 528384 | FPS 0030 | D 18378 | rR:mu sigma m M 0.00 0.00 0.00 0.00 | F:mu sigma m M 219.7 128.2 22.0 519.0 | H 1.099 | V -0.000 | pL -0.000 | vL 0.000 | delta 0.000
U 259 | F 530432 | FPS 0030 | D 18446 | rR:mu sigma m M 0.00 0.00 0.00 0.00 | F:mu sigma m M 193.6 116.2 65.0 519.0 | H 1.099 | V -0.000 | pL -0.000 | vL 0.000 | delta 0.000
U 260 | F 532480 | FPS 0025 | D 18529 | rR:mu sigma m M 0.00 0.00 0.00 0.00 | F:mu sigma m M 223.9 215.4 41.0 810.0 | H 1.099 | V -0.000 | pL -0.000 | vL 0.000 | delta 0.000
U 261 | F 534528 | FPS 0032 | D 18593 | rR:mu sigma m M 0.00 0.00 0.00 0.00 | F:mu sigma m M 173.1 124.3 10.0 472.0 | H 1.098 | V 0.002 | pL -0.001 | vL 0.000 | delta 0.002
U 262 | F 536576 | FPS 0029 | D 18665 | rR:mu sigma m M 0.04 0.17 0.00 0.70 | F:mu sigma m M 142.6 160.6 30.0 692.0 | H 1.094 | V 0.008 | pL -0.005 | vL 0.000 | delta 0.008
U 263 | F 538624 | FPS 0029 | D 18735 | rR:mu sigma m M 0.00 0.00 0.00 0.00 | F:mu sigma m M 115.7 102.6 20.0 426.0 | H 1.099 | V -0.002 | pL -0.000 | vL 0.000 | delta 0.002
U 264 | F 540672 | FPS 0032 | D 18799 | rR:mu sigma m M 0.00 0.00 0.00 0.00 | F:mu sigma m M 180.3 153.0 30.0 661.0 | H 1.099 | V -0.001 | pL -0.000 | vL 0.000 | delta 0.000
U 265 | F 542720 | FPS 0026 | D 18877 | rR:mu sigma m M 0.00 0.00 0.00 0.00 | F:mu sigma m M 149.1 90.6 10.0 302.0 | H 1.099 | V -0.000 | pL -0.000 | vL 0.000 | delta 0.000
U 266 | F 544768 | FPS 0028 | D 18950 | rR:mu sigma m M 0.00 0.00 0.00 0.00 | F:mu sigma m M 137.1 83.6 33.0 321.0 | H 1.098 | V 0.002 | pL 0.000 | vL 0.000 | delta 0.002
U 267 | F 546816 | FPS 0028 | D 19023 | rR:mu sigma m M 0.04 0.15 0.00 0.62 | F:mu sigma m M 158.6 124.9 18.0 468.0 | H 1.093 | V 0.012 | pL -0.003 | vL 0.000 | delta 0.006
U 268 | F 548864 | FPS 0032 | D 19088 | rR:mu sigma m M 0.00 0.00 0.00 0.00 | F:mu sigma m M 187.1 137.3 19.0 512.0 | H 1.098 | V 0.000 | pL 0.000 | vL 0.000 | delta 0.001
U 269 | F 550912 | FPS 0029 | D 19158 | rR:mu sigma m M 0.00 0.00 0.00 0.00 | F:mu sigma m M 174.4 124.1 27.0 512.0 | H 1.099 | V -0.001 | pL -0.000 | vL 0.000 | delta 0.001
U 270 | F 552960 | FPS 0029 | D 19229 | rR:mu sigma m M 0.00 0.00 0.00 0.00 | F:mu sigma m M 140.2 90.9 27.0 275.0 | H 1.099 | V -0.000 | pL -0.000 | vL 0.000 | delta 0.000
U 271 | F 555008 | FPS 0030 | D 19297 | rR:mu sigma m M 0.00 0.00 0.00 0.00 | F:mu sigma m M 188.9 126.6 51.0 545.0 | H 1.098 | V 0.000 | pL -0.000 | vL 0.000 | delta 0.000
U 272 | F 557056 | FPS 0032 | D 19362 | rR:mu sigma m M 0.00 0.00 0.00 0.00 | F:mu sigma m M 179.6 186.4 24.0 684.0 | H 1.098 | V 0.000 | pL 0.000 | vL 0.000 | delta 0.002
U 273 | F 559104 | FPS 0029 | D 19433 | rR:mu sigma m M 0.00 0.00 0.00 0.00 | F:mu sigma m M 142.9 94.7 30.0 356.0 | H 1.095 | V 0.010 | pL 0.000 | vL 0.000 | delta 0.014
U 274 | F 561152 | FPS 0036 | D 19490 | rR:mu sigma m M 0.00 0.00 0.00 0.00 | F:mu sigma m M 198.5 207.3 30.0 900.0 | H 1.098 | V 0.010 | pL 0.003 | vL 0.000 | delta 0.005
U 275 | F 563200 | FPS 0029 | D 19560 | rR:mu sigma m M 0.04 0.16 0.00 0.66 | F:mu sigma m M 184.4 133.8 9.0 455.0 | H 1.096 | V 0.012 | pL -0.004 | vL 0.000 | delta 0.011
U 276 | F 565248 | FPS 0028 | D 19633 | rR:mu sigma m M 0.05 0.19 0.00 0.80 | F:mu sigma m M 173.6 126.0 30.0 455.0 | H 1.097 | V 0.011 | pL -0.004 | vL 0.001 | delta 0.013
U 277 | F 567296 | FPS 0027 | D 19709 | rR:mu sigma m M 0.05 0.19 0.00 0.80 | F:mu sigma m M 151.1 72.8 40.0 299.0 | H 1.099 | V 0.007 | pL 0.002 | vL 0.000 | delta 0.001
U 278 | F 569344 | FPS 0028 | D 19781 | rR:mu sigma m M 0.00 0.00 0.00 0.00 | F:mu sigma m M 178.6 111.9 60.0 503.0 | H 1.098 | V 0.005 | pL 0.001 | vL 0.000 | delta 0.001
U 279 | F 571392 | FPS 0029 | D 19852 | rR:mu sigma m M 0.00 0.00 0.00 0.00 | F:mu sigma m M 142.5 97.5 28.0 406.0 | H 1.099 | V 0.004 | pL 0.001 | vL 0.000 | delta 0.001
U 280 | F 573440 | FPS 0029 | D 19923 | rR:mu sigma m M 0.00 0.00 0.00 0.00 | F:mu sigma m M 143.4 143.2 40.0 659.0 | H 1.099 | V 0.003 | pL 0.001 | vL 0.000 | delta 0.001
U 281 | F 575488 | FPS 0031 | D 19988 | rR:mu sigma m M 0.00 0.00 0.00 0.00 | F:mu sigma m M 144.3 156.1 25.0 659.0 | H 1.099 | V 0.002 | pL 0.001 | vL 0.000 | delta 0.001
U 282 | F 577536 | FPS 0029 | D 20058 | rR:mu sigma m M 0.00 0.00 0.00 0.00 | F:mu sigma m M 215.5 136.9 48.0 578.0 | H 1.099 | V 0.002 | pL 0.001 | vL 0.000 | delta 0.000
U 283 | F 579584 | FPS 0029 | D 20129 | rR:mu sigma m M 0.00 0.00 0.00 0.00 | F:mu sigma m M 108.9 81.2 18.0 328.0 | H 1.099 | V 0.001 | pL 0.001 | vL 0.000 | delta 0.000
U 284 | F 581632 | FPS 0026 | D 20209 | rR:mu sigma m M 0.00 0.00 0.00 0.00 | F:mu sigma m M 97.2 73.7 18.0 258.0 | H 1.099 | V 0.001 | pL 0.000 | vL 0.000 | delta 0.000
U 285 | F 583680 | FPS 0026 | D 20288 | rR:mu sigma m M 0.00 0.00 0.00 0.00 | F:mu sigma m M 136.5 95.7 21.0 339.0 | H 1.099 | V 0.001 | pL 0.000 | vL 0.000 | delta 0.001
U 286 | F 585728 | FPS 0027 | D 20363 | rR:mu sigma m M 0.00 0.00 0.00 0.00 | F:mu sigma m M 194.3 153.1 31.0 564.0 | H 1.099 | V 0.001 | pL 0.000 | vL 0.000 | delta 0.000
U 287 | F 587776 | FPS 0031 | D 20429 | rR:mu sigma m M 0.00 0.00 0.00 0.00 | F:mu sigma m M 180.5 149.0 31.0 564.0 | H 1.099 | V 0.001 | pL 0.000 | vL 0.000 | delta 0.000
U 288 | F 589824 | FPS 0026 | D 20507 | rR:mu sigma m M 0.00 0.00 0.00 0.00 | F:mu sigma m M 215.6 159.7 25.0 557.0 | H 1.099 | V 0.001 | pL 0.000 | vL 0.000 | delta 0.000
U 289 | F 591872 | FPS 0029 | D 20578 | rR:mu sigma m M 0.00 0.00 0.00 0.00 | F:mu sigma m M 186.1 162.4 19.0 557.0 | H 1.099 | V 0.001 | pL 0.000 | vL 0.000 | delta 0.000
U 290 | F 593920 | FPS 0029 | D 20649 | rR:mu sigma m M 0.00 0.00 0.00 0.00 | F:mu sigma m M 200.4 156.5 19.0 513.0 | H 1.099 | V 0.000 | pL 0.000 | vL 0.000 | delta 0.000
U 291 | F 595968 | FPS 0025 | D 20730 | rR:mu sigma m M 0.00 0.00 0.00 0.00 | F:mu sigma m M 157.5 109.7 15.0 458.0 | H 1.099 | V 0.000 | pL 0.000 | vL 0.000 | delta 0.000
U 292 | F 598016 | FPS 0027 | D 20805 | rR:mu sigma m M 0.00 0.00 0.00 0.00 | F:mu sigma m M 134.1 119.7 15.0 441.0 | H 1.099 | V 0.000 | pL 0.000 | vL 0.000 | delta 0.000
U 293 | F 600064 | FPS 0027 | D 20880 | rR:mu sigma m M 0.00 0.00 0.00 0.00 | F:mu sigma m M 165.6 96.1 30.0 340.0 | H 1.099 | V 0.000 | pL 0.000 | vL 0.000 | delta 0.000
U 294 | F 602112 | FPS 0024 | D 20967 | rR:mu sigma m M 0.00 0.00 0.00 0.00 | F:mu sigma m M 256.5 244.7 15.0 900.0 | H 1.099 | V -0.000 | pL -0.000 | vL 0.000 | delta 0.000
U 295 | F 604160 | FPS 0033 | D 21029 | rR:mu sigma m M 0.00 0.00 0.00 0.00 | F:mu sigma m M 237.3 241.0 15.0 900.0 | H 1.099 | V -0.000 | pL -0.000 | vL 0.000 | delta 0.000
U 296 | F 606208 | FPS 0026 | D 21110 | rR:mu sigma m M 0.00 0.00 0.00 0.00 | F:mu sigma m M 133.9 93.9 28.0 396.0 | H 1.099 | V -0.000 | pL -0.000 | vL 0.000 | delta 0.000
U 297 | F 608256 | FPS 0027 | D 21186 | rR:mu sigma m M 0.00 0.00 0.00 0.00 | F:mu sigma m M 171.5 157.4 25.0 554.0 | H 1.099 | V -0.000 | pL -0.000 | vL 0.000 | delta 0.000
U 298 | F 610304 | FPS 0030 | D 21254 | rR:mu sigma m M 0.00 0.00 0.00 0.00 | F:mu sigma m M 198.9 172.8 25.0 554.0 | H 1.099 | V -0.000 | pL -0.000 | vL 0.000 | delta 0.000
U 299 | F 612352 | FPS 0033 | D 21316 | rR:mu sigma m M 0.00 0.00 0.00 0.00 | F:mu sigma m M 209.4 182.4 24.0 783.0 | H 1.099 | V -0.000 | pL -0.000 | vL 0.000 | delta 0.000
U 300 | F 614400 | FPS 0029 | D 21387 | rR:mu sigma m M 0.00 0.00 0.00 0.00 | F:mu sigma m M 188.8 178.5 32.0 783.0 | H 1.099 | V -0.000 | pL -0.000 | vL 0.000 | delta 0.000
U 301 | F 616448 | FPS 0028 | D 21459 | rR:mu sigma m M 0.00 0.00 0.00 0.00 | F:mu sigma m M 192.3 96.2 32.0 352.0 | H 1.094 | V 0.005 | pL 0.001 | vL 0.000 | delta 0.007
U 302 | F 618496 | FPS 0030 | D 21528 | rR:mu sigma m M 0.02 0.07 0.00 0.27 | F:mu sigma m M 150.9 167.9 22.0 729.0 | H 1.095 | V 0.005 | pL -0.002 | vL 0.000 | delta 0.004
U 303 | F 620544 | FPS 0028 | D 21602 | rR:mu sigma m M 0.00 0.00 0.00 0.00 | F:mu sigma m M 119.0 98.1 22.0 433.0 | H 1.095 | V 0.003 | pL 0.001 | vL 0.000 | delta 0.006
U 304 | F 622592 | FPS 0028 | D 21674 | rR:mu sigma m M 0.00 0.00 0.00 0.00 | F:mu sigma m M 123.6 100.7 32.0 395.0 | H 1.098 | V 0.001 | pL 0.000 | vL 0.000 | delta 0.001
U 305 | F 624640 | FPS 0027 | D 21751 | rR:mu sigma m M 0.00 0.00 0.00 0.00 | F:mu sigma m M 180.9 102.6 39.0 414.0 | H 1.097 | V 0.003 | pL 0.000 | vL 0.000 | delta 0.002
U 306 | F 626688 | FPS 0035 | D 21809 | rR:mu sigma m M 0.00 0.00 0.00 0.00 | F:mu sigma m M 171.8 108.0 39.0 414.0 | H 1.098 | V 0.002 | pL 0.000 | vL 0.000 | delta 0.001
U 307 | F 628736 | FPS 0029 | D 21879 | rR:mu sigma m M 0.00 0.00 0.00 0.00 | F:mu sigma m M 189.4 147.8 19.0 557.0 | H 1.096 | V 0.005 | pL -0.000 | vL 0.000 | delta 0.003
U 308 | F 630784 | FPS 0031 | D 21946 | rR:mu sigma m M 0.07 0.18 0.00 0.63 | F:mu sigma m M 140.5 151.7 19.0 544.0 | H 1.091 | V 0.006 | pL -0.005 | vL 0.001 | delta 0.024
U 309 | F 632832 | FPS 0033 | D 22009 | rR:mu sigma m M 0.00 0.00 0.00 0.00 | F:mu sigma m M 137.3 82.8 30.0 272.0 | H 1.098 | V 0.000 | pL 0.000 | vL 0.000 | delta 0.002
U 310 | F 634880 | FPS 0027 | D 22085 | rR:mu sigma m M 0.00 0.00 0.00 0.00 | F:mu sigma m M 154.2 111.1 40.0 419.0 | H 1.094 | V 0.001 | pL -0.000 | vL 0.000 | delta 0.006
U 311 | F 636928 | FPS 0026 | D 22164 | rR:mu sigma m M 0.00 0.00 0.00 0.00 | F:mu sigma m M 105.4 64.0 22.0 269.0 | H 1.099 | V -0.001 | pL -0.001 | vL 0.000 | delta 0.001
U 312 | F 638976 | FPS 0033 | D 22227 | rR:mu sigma m M 0.00 0.00 0.00 0.00 | F:mu sigma m M 151.4 92.7 27.0 288.0 | H 1.099 | V -0.001 | pL -0.000 | vL 0.000 | delta 0.000
U 313 | F 641024 | FPS 0024 | D 22313 | rR:mu sigma m M 0.00 0.00 0.00 0.00 | F:mu sigma m M 163.5 171.9 21.0 746.0 | H 1.099 | V -0.001 | pL -0.000 | vL 0.000 | delta 0.000
U 314 | F 643072 | FPS 0027 | D 22389 | rR:mu sigma m M 0.00 0.00 0.00 0.00 | F:mu sigma m M 153.8 154.9 30.0 524.0 | H 1.099 | V -0.000 | pL -0.000 | vL 0.000 | delta 0.000
U 315 | F 645120 | FPS 0029 | D 22459 | rR:mu sigma m M 0.00 0.00 0.00 0.00 | F:mu sigma m M 173.5 132.7 19.0 524.0 | H 1.099 | V -0.000 | pL -0.000 | vL 0.000 | delta 0.000
U 316 | F 647168 | FPS 0029 | D 22531 | rR:mu sigma m M 0.00 0.00 0.00 0.00 | F:mu sigma m M 166.5 112.0 30.0 448.0 | H 1.099 | V -0.000 | pL -0.000 | vL 0.000 | delta 0.000
U 317 | F 649216 | FPS 0033 | D 22594 | rR:mu sigma m M 0.00 0.00 0.00 0.00 | F:mu sigma m M 172.2 113.9 26.0 409.0 | H 1.099 | V -0.000 | pL -0.000 | vL 0.000 | delta 0.000
U 318 | F 651264 | FPS 0032 | D 22657 | rR:mu sigma m M 0.00 0.00 0.00 0.00 | F:mu sigma m M 164.1 112.3 41.0 402.0 | H 1.099 | V -0.000 | pL -0.000 | vL 0.000 | delta 0.000
U 319 | F 653312 | FPS 0031 | D 22722 | rR:mu sigma m M 0.00 0.00 0.00 0.00 | F:mu sigma m M 128.9 90.5 31.0 380.0 | H 1.099 | V -0.000 | pL -0.000 | vL 0.000 | delta 0.000
U 320 | F 655360 | FPS 0032 | D 22786 | rR:mu sigma m M 0.00 0.00 0.00 0.00 | F:mu sigma m M 138.4 83.7 24.0 353.0 | H 1.099 | V -0.000 | pL -0.000 | vL 0.000 | delta 0.000
U 321 | F 657408 | FPS 0023 | D 22874 | rR:mu sigma m M 0.00 0.00 0.00 0.00 | F:mu sigma m M 225.2 173.9 32.0 525.0 | H 1.099 | V -0.000 | pL 0.000 | vL 0.000 | delta 0.000
U 322 | F 659456 | FPS 0028 | D 22948 | rR:mu sigma m M 0.00 0.00 0.00 0.00 | F:mu sigma m M 174.1 163.0 14.0 596.0 | H 1.099 | V 0.000 | pL 0.000 | vL 0.000 | delta 0.000
U 323 | F 661504 | FPS 0027 | D 23024 | rR:mu sigma m M 0.00 0.00 0.00 0.00 | F:mu sigma m M 160.7 161.5 14.0 691.0 | H 1.099 | V 0.000 | pL 0.000 | vL 0.000 | delta 0.000
U 324 | F 663552 | FPS 0028 | D 23097 | rR:mu sigma m M 0.00 0.00 0.00 0.00 | F:mu sigma m M 142.2 97.7 25.0 377.0 | H 1.099 | V 0.000 | pL 0.000 | vL 0.000 | delta 0.000
U 325 | F 665600 | FPS 0030 | D 23165 | rR:mu sigma m M 0.00 0.00 0.00 0.00 | F:mu sigma m M 147.5 135.0 22.0 528.0 | H 1.099 | V 0.000 | pL 0.000 | vL 0.000 | delta 0.000
U 326 | F 667648 | FPS 0031 | D 23231 | rR:mu sigma m M 0.00 0.00 0.00 0.00 | F:mu sigma m M 109.9 63.8 26.0 224.0 | H 1.099 | V 0.000 | pL 0.000 | vL 0.000 | delta 0.000
U 327 | F 669696 | FPS 0029 | D 23301 | rR:mu sigma m M 0.00 0.00 0.00 0.00 | F:mu sigma m M 134.1 67.0 30.0 257.0 | H 1.099 | V 0.000 | pL 0.000 | vL 0.000 | delta 0.000
U 328 | F 671744 | FPS 0029 | D 23371 | rR:mu sigma m M 0.00 0.00 0.00 0.00 | F:mu sigma m M 173.9 115.0 30.0 440.0 | H 1.099 | V 0.000 | pL 0.000 | vL 0.000 | delta 0.000
U 329 | F 673792 | FPS 0031 | D 23438 | rR:mu sigma m M 0.00 0.00 0.00 0.00 | F:mu sigma m M 143.9 114.6 16.0 384.0 | H 1.099 | V 0.000 | pL 0.000 | vL 0.000 | delta 0.001
U 330 | F 675840 | FPS 0027 | D 23513 | rR:mu sigma m M 0.00 0.00 0.00 0.00 | F:mu sigma m M 141.7 112.1 32.0 451.0 | H 1.099 | V -0.000 | pL -0.000 | vL 0.000 | delta 0.000
U 331 | F 677888 | FPS 0028 | D 23585 | rR:mu sigma m M 0.00 0.00 0.00 0.00 | F:mu sigma m M 136.9 143.7 40.0 672.0 | H 1.099 | V -0.000 | pL -0.000 | vL 0.000 | delta 0.000
U 332 | F 679936 | FPS 0028 | D 23658 | rR:mu sigma m M 0.05 0.19 0.00 0.80 | F:mu sigma m M 143.2 88.6 31.0 406.0 | H 1.096 | V 0.006 | pL -0.005 | vL 0.000 | delta 0.009
U 333 | F 681984 | FPS 0031 | D 23725 | rR:mu sigma m M 0.00 0.00 0.00 0.00 | F:mu sigma m M 155.4 97.9 43.0 357.0 | H 1.098 | V 0.000 | pL 0.000 | vL 0.000 | delta 0.009
U 334 | F 684032 | FPS 0030 | D 23794 | rR:mu sigma m M 0.00 0.00 0.00 0.00 | F:mu sigma m M 176.2 173.9 22.0 683.0 | H 1.097 | V 0.004 | pL 0.001 | vL 0.000 | delta 0.005
U 335 | F 686080 | FPS 0029 | D 23864 | rR:mu sigma m M 0.00 0.00 0.00 0.00 | F:mu sigma m M 176.8 125.7 21.0 495.0 | H 1.098 | V 0.005 | pL 0.002 | vL 0.000 | delta 0.001
U 336 | F 688128 | FPS 0030 | D 23932 | rR:mu sigma m M 0.00 0.00 0.00 0.00 | F:mu sigma m M 168.9 116.5 28.0 437.0 | H 1.099 | V 0.003 | pL 0.001 | vL 0.000 | delta 0.001
U 337 | F 690176 | FPS 0029 | D 24004 | rR:mu sigma m M 0.00 0.00 0.00 0.00 | F:mu sigma m M 152.4 95.7 28.0 326.0 | H 1.098 | V 0.006 | pL -0.002 | vL 0.000 | delta 0.007
U 338 | F 692224 | FPS 0025 | D 24087 | rR:mu sigma m M 0.04 0.17 0.00 0.70 | F:mu sigma m M 171.3 105.5 36.0 326.0 | H 1.087 | V 0.028 | pL 0.001 | vL 0.001 | delta 0.026
U 339 | F 694272 | FPS 0030 | D 24154 | rR:mu sigma m M 0.04 0.17 0.00 0.70 | F:mu sigma m M 197.6 178.9 18.0 613.0 | H 1.097 | V 0.020 | pL 0.005 | vL 0.000 | delta 0.005
U 340 | F 696320 | FPS 0030 | D 24224 | rR:mu sigma m M 0.00 0.00 0.00 0.00 | F:mu sigma m M 139.2 151.5 31.0 515.0 | H 1.097 | V 0.014 | pL 0.004 | vL 0.000 | delta 0.002
U 341 | F 698368 | FPS 0028 | D 24296 | rR:mu sigma m M 0.00 0.00 0.00 0.00 | F:mu sigma m M 156.6 118.5 34.0 509.0 | H 1.098 | V 0.010 | pL 0.003 | vL 0.000 | delta 0.001
U 342 | F 700416 | FPS 0028 | D 24370 | rR:mu sigma m M 0.00 0.00 0.00 0.00 | F:mu sigma m M 170.1 110.9 34.0 419.0 | H 1.098 | V 0.009 | pL 0.002 | vL 0.000 | delta 0.003
U 343 | F 702464 | FPS 0029 | D 24441 | rR:mu sigma m M 0.05 0.20 0.00 0.83 | F:mu sigma m M 199.9 157.6 36.0 558.0 | H 1.094 | V 0.011 | pL -0.001 | vL 0.001 | delta 0.009
U 344 | F 704512 | FPS 0028 | D 24515 | rR:mu sigma m M 0.00 0.00 0.00 0.00 | F:mu sigma m M 168.1 135.5 23.0 558.0 | H 1.097 | V 0.005 | pL 0.002 | vL 0.000 | delta 0.003
U 345 | F 706560 | FPS 0031 | D 24582 | rR:mu sigma m M 0.00 0.00 0.00 0.00 | F:mu sigma m M 95.9 76.8 17.0 305.0 | H 1.098 | V 0.004 | pL 0.001 | vL 0.000 | delta 0.002
U 346 | F 708608 | FPS 0033 | D 24644 | rR:mu sigma m M 0.03 0.12 0.00 0.50 | F:mu sigma m M 157.6 119.3 13.0 501.0 | H 1.096 | V 0.011 | pL -0.002 | vL 0.000 | delta 0.011
U 347 | F 710656 | FPS 0027 | D 24721 | rR:mu sigma m M 0.03 0.12 0.00 0.50 | F:mu sigma m M 166.0 117.2 13.0 501.0 | H 1.098 | V 0.008 | pL 0.002 | vL 0.000 | delta 0.001
U 348 | F 712704 | FPS 0028 | D 24793 | rR:mu sigma m M 0.00 0.00 0.00 0.00 | F:mu sigma m M 184.4 96.1 45.0 346.0 | H 1.098 | V 0.008 | pL 0.002 | vL 0.000 | delta 0.002
U 349 | F 714752 | FPS 0029 | D 24863 | rR:mu sigma m M 0.03 0.13 0.00 0.52 | F:mu sigma m M 148.4 121.6 24.0 479.0 | H 1.092 | V 0.015 | pL -0.001 | vL 0.000 | delta 0.005
U 350 | F 716800 | FPS 0031 | D 24929 | rR:mu sigma m M 0.03 0.13 0.00 0.52 | F:mu sigma m M 185.3 128.2 24.0 479.0 | H 1.098 | V 0.003 | pL 0.001 | vL 0.000 | delta 0.001
U 351 | F 718848 | FPS 0028 | D 25000 | rR:mu sigma m M 0.00 0.00 0.00 0.00 | F:mu sigma m M 212.9 149.3 35.0 540.0 | H 1.098 | V 0.004 | pL 0.001 | vL 0.000 | delta 0.001
U 352 | F 720896 | FPS 0031 | D 25066 | rR:mu sigma m M 0.00 0.00 0.00 0.00 | F:mu sigma m M 238.5 173.5 26.0 672.0 | H 1.098 | V 0.004 | pL 0.001 | vL 0.000 | delta 0.001
U 353 | F 722944 | FPS 0028 | D 25138 | rR:mu sigma m M 0.00 0.00 0.00 0.00 | F:mu sigma m M 147.4 132.1 15.0 584.0 | H 1.099 | V 0.002 | pL 0.001 | vL 0.000 | delta 0.000
U 354 | F 724992 | FPS 0028 | D 25211 | rR:mu sigma m M 0.00 0.00 0.00 0.00 | F:mu sigma m M 200.9 146.2 61.0 584.0 | H 1.099 | V 0.002 | pL 0.000 | vL 0.000 | delta 0.000
U 355 | F 727040 | FPS 0031 | D 25278 | rR:mu sigma m M 0.00 0.00 0.00 0.00 | F:mu sigma m M 182.2 122.5 24.0 448.0 | H 1.099 | V 0.001 | pL 0.000 | vL 0.000 | delta 0.000
U 356 | F 729088 | FPS 0028 | D 25350 | rR:mu sigma m M 0.00 0.00 0.00 0.00 | F:mu sigma m M 99.9 64.2 23.0 246.0 | H 1.099 | V 0.001 | pL 0.000 | vL 0.000 | delta 0.000
U 357 | F 731136 | FPS 0030 | D 25418 | rR:mu sigma m M 0.00 0.00 0.00 0.00 | F:mu sigma m M 109.1 52.9 30.0 223.0 | H 1.098 | V 0.003 | pL -0.001 | vL 0.000 | delta 0.002
U 358 | F 733184 | FPS 0032 | D 25483 | rR:mu sigma m M 0.00 0.00 0.00 0.00 | F:mu sigma m M 177.9 129.5 27.0 479.0 | H 1.098 | V 0.003 | pL 0.002 | vL 0.000 | delta 0.003
U 359 | F 735232 | FPS 0027 | D 25558 | rR:mu sigma m M 0.05 0.18 0.00 0.73 | F:mu sigma m M 227.0 169.9 15.0 539.0 | H 1.092 | V 0.006 | pL -0.006 | vL 0.001 | delta 0.011
U 360 | F 737280 | FPS 0034 | D 25618 | rR:mu sigma m M 0.00 0.00 0.00 0.00 | F:mu sigma m M 151.8 95.6 32.0 423.0 | H 1.098 | V 0.001 | pL 0.000 | vL 0.000 | delta 0.002
U 361 | F 739328 | FPS 0025 | D 25700 | rR:mu sigma m M 0.00 0.00 0.00 0.00 | F:mu sigma m M 131.6 107.9 25.0 423.0 | H 1.097 | V 0.004 | pL -0.001 | vL 0.000 | delta 0.004
U 362 | F 741376 | FPS 0030 | D 25768 | rR:mu sigma m M 0.06 0.20 0.00 0.80 | F:mu sigma m M 157.4 122.2 30.0 502.0 | H 1.094 | V 0.016 | pL -0.007 | vL 0.001 | delta 0.011
U 363 | F 743424 | FPS 0031 | D 25834 | rR:mu sigma m M 0.00 0.00 0.00 0.00 | F:mu sigma m M 114.5 96.0 9.0 378.0 | H 1.098 | V 0.002 | pL 0.001 | vL 0.000 | delta 0.006
U 364 | F 745472 | FPS 0030 | D 25903 | rR:mu sigma m M 0.00 0.00 0.00 0.00 | F:mu sigma m M 107.4 83.9 9.0 378.0 | H 1.098 | V 0.000 | pL -0.000 | vL 0.000 | delta 0.002
U 365 | F 747520 | FPS 0028 | D 25977 | rR:mu sigma m M 0.00 0.00 0.00 0.00 | F:mu sigma m M 171.4 110.4 29.0 406.0 | H 1.098 | V 0.001 | pL 0.000 | vL 0.000 | delta 0.001
U 366 | F 749568 | FPS 0027 | D 26051 | rR:mu sigma m M 0.00 0.00 0.00 0.00 | F:mu sigma m M 142.1 118.7 14.0 433.0 | H 1.098 | V 0.002 | pL 0.000 | vL 0.000 | delta 0.004
U 367 | F 751616 | FPS 0027 | D 26126 | rR:mu sigma m M 0.00 0.00 0.00 0.00 | F:mu sigma m M 163.4 103.9 53.0 390.0 | H 1.096 | V 0.008 | pL -0.000 | vL 0.000 | delta 0.008
U 368 | F 753664 | FPS 0032 | D 26190 | rR:mu sigma m M 0.00 0.00 0.00 0.00 | F:mu sigma m M 146.9 94.2 34.0 353.0 | H 1.096 | V 0.007 | pL 0.002 | vL 0.000 | delta 0.006
U 369 | F 755712 | FPS 0036 | D 26247 | rR:mu sigma m M 0.00 0.00 0.00 0.00 | F:mu sigma m M 135.5 103.6 30.0 435.0 | H 1.098 | V 0.003 | pL 0.002 | vL 0.000 | delta 0.003
U 370 | F 757760 | FPS 0029 | D 26317 | rR:mu sigma m M 0.00 0.00 0.00 0.00 | F:mu sigma m M 159.6 194.6 22.0 759.0 | H 1.098 | V 0.001 | pL 0.000 | vL 0.000 | delta 0.000
U 371 | F 759808 | FPS 0027 | D 26394 | rR:mu sigma m M 0.00 0.00 0.00 0.00 | F:mu sigma m M 211.2 210.2 22.0 799.0 | H 1.099 | V 0.001 | pL 0.000 | vL 0.000 | delta 0.000
U 372 | F 761856 | FPS 0029 | D 26465 | rR:mu sigma m M 0.05 0.21 0.00 0.87 | F:mu sigma m M 229.0 227.3 25.0 799.0 | H 1.095 | V 0.008 | pL -0.007 | vL 0.001 | delta 0.009
U 373 | F 763904 | FPS 0028 | D 26538 | rR:mu sigma m M 0.00 0.00 0.00 0.00 | F:mu sigma m M 213.0 162.7 16.0 655.0 | H 1.098 | V 0.002 | pL -0.000 | vL 0.000 | delta 0.002
U 374 | F 765952 | FPS 0028 | D 26610 | rR:mu sigma m M 0.09 0.26 0.00 0.88 | F:mu sigma m M 139.8 140.7 20.0 488.0 | H 1.093 | V 0.016 | pL -0.011 | vL 0.001 | delta 0.019
U 375 | F 768000 | FPS 0030 | D 26678 | rR:mu sigma m M 0.06 0.21 0.00 0.88 | F:mu sigma m M 134.9 137.1 12.0 488.0 | H 1.098 | V 0.003 | pL 0.001 | vL 0.000 | delta 0.002
U 376 | F 770048 | FPS 0029 | D 26749 | rR:mu sigma m M 0.00 0.00 0.00 0.00 | F:mu sigma m M 191.8 171.6 32.0 738.0 | H 1.097 | V 0.006 | pL 0.002 | vL 0.000 | delta 0.008
U 377 | F 772096 | FPS 0029 | D 26820 | rR:mu sigma m M 0.05 0.20 0.00 0.81 | F:mu sigma m M 182.4 125.0 29.0 507.0 | H 1.094 | V 0.014 | pL -0.005 | vL 0.001 | delta 0.015
U 378 | F 774144 | FPS 0030 | D 26888 | rR:mu sigma m M 0.05 0.20 0.00 0.81 | F:mu sigma m M 167.7 107.9 32.0 408.0 | H 1.097 | V 0.009 | pL 0.003 | vL 0.000 | delta 0.010
U 379 | F 776192 | FPS 0031 | D 26953 | rR:mu sigma m M 0.00 0.00 0.00 0.00 | F:mu sigma m M 153.8 89.6 29.0 333.0 | H 1.097 | V 0.006 | pL 0.001 | vL 0.000 | delta 0.003
U 380 | F 778240 | FPS 0028 | D 27026 | rR:mu sigma m M 0.00 0.00 0.00 0.00 | F:mu sigma m M 191.0 116.0 66.0 472.0 | H 1.098 | V 0.005 | pL 0.001 | vL 0.000 | delta 0.001
U 381 | F 780288 | FPS 0033 | D 27088 | rR:mu sigma m M 0.00 0.00 0.00 0.00 | F:mu sigma m M 221.6 165.8 67.0 720.0 | H 1.098 | V 0.004 | pL 0.001 | vL 0.000 | delta 0.002
U 382 | F 782336 | FPS 0030 | D 27157 | rR:mu sigma m M 0.00 0.00 0.00 0.00 | F:mu sigma m M 131.7 161.0 34.0 720.0 | H 1.091 | V 0.015 | pL 0.001 | vL 0.001 | delta 0.009
U 383 | F 784384 | FPS 0029 | D 27228 | rR:mu sigma m M 0.09 0.24 0.00 0.81 | F:mu sigma m M 216.6 186.9 34.0 689.0 | H 1.090 | V 0.022 | pL -0.006 | vL 0.001 | delta 0.017
U 384 | F 786432 | FPS 0032 | D 27292 | rR:mu sigma m M 0.00 0.00 0.00 0.00 | F:mu sigma m M 166.6 150.5 22.0 508.0 | H 1.098 | V -0.004 | pL -0.001 | vL 0.000 | delta 0.004
U 385 | F 788480 | FPS 0029 | D 27362 | rR:mu sigma m M 0.05 0.21 0.00 0.86 | F:mu sigma m M 162.9 121.7 22.0 508.0 | H 1.090 | V 0.009 | pL -0.007 | vL 0.000 | delta 0.011
U 386 | F 790528 | FPS 0032 | D 27425 | rR:mu sigma m M 0.00 0.00 0.00 0.00 | F:mu sigma m M 119.3 87.1 34.0 343.0 | H 1.096 | V 0.001 | pL 0.000 | vL 0.000 | delta 0.003
U 387 | F 792576 | FPS 0028 | D 27497 | rR:mu sigma m M 0.00 0.00 0.00 0.00 | F:mu sigma m M 197.8 157.0 34.0 588.0 | H 1.090 | V 0.009 | pL -0.007 | vL 0.001 | delta 0.018
U 388 | F 794624 | FPS 0030 | D 27565 | rR:mu sigma m M 0.09 0.26 0.00 0.86 | F:mu sigma m M 148.8 139.4 22.0 657.0 | H 1.082 | V 0.011 | pL -0.005 | vL 0.002 | delta 0.018
U 389 | F 796672 | FPS 0032 | D 27630 | rR:mu sigma m M 0.00 0.00 0.00 0.00 | F:mu sigma m M 117.8 57.0 25.0 254.0 | H 1.089 | V 0.018 | pL 0.004 | vL 0.001 | delta 0.014
U 390 | F 798720 | FPS 0034 | D 27690 | rR:mu sigma m M 0.00 0.00 0.00 0.00 | F:mu sigma m M 203.2 139.4 48.0 581.0 | H 1.084 | V 0.006 | pL 0.002 | vL 0.001 | delta 0.012
U 391 | F 800768 | FPS 0034 | D 27751 | rR:mu sigma m M 0.00 0.00 0.00 0.00 | F:mu sigma m M 211.2 136.6 46.0 486.0 | H 1.087 | V 0.010 | pL -0.002 | vL 0.000 | delta 0.007
U 392 | F 802816 | FPS 0031 | D 27816 | rR:mu sigma m M 0.05 0.19 0.00 0.80 | F:mu sigma m M 172.1 110.7 12.0 400.0 | H 1.082 | V 0.017 | pL -0.001 | vL 0.000 | delta 0.009
U 393 | F 804864 | FPS 0029 | D 27888 | rR:mu sigma m M 0.00 0.00 0.00 0.00 | F:mu sigma m M 113.7 99.0 12.0 341.0 | H 1.095 | V 0.001 | pL 0.000 | vL 0.000 | delta 0.002
U 394 | F 806912 | FPS 0035 | D 27946 | rR:mu sigma m M 0.00 0.00 0.00 0.00 | F:mu sigma m M 145.8 125.3 24.0 522.0 | H 1.097 | V 0.001 | pL 0.000 | vL 0.000 | delta 0.001
U 395 | F 808960 | FPS 0031 | D 28011 | rR:mu sigma m M 0.00 0.00 0.00 0.00 | F:mu sigma m M 169.8 146.4 22.0 425.0 | H 1.097 | V 0.001 | pL -0.000 | vL 0.000 | delta 0.001
U 396 | F 811008 | FPS 0031 | D 28078 | rR:mu sigma m M 0.02 0.08 0.00 0.34 | F:mu sigma m M 181.9 205.2 25.0 720.0 | H 1.096 | V 0.006 | pL -0.002 | vL 0.000 | delta 0.004
U 397 | F 813056 | FPS 0031 | D 28144 | rR:mu sigma m M 0.04 0.17 0.00 0.76 | F:mu sigma m M 136.7 65.1 42.0 252.0 | H 1.090 | V 0.012 | pL -0.005 | vL 0.001 | delta 0.008
U 398 | F 815104 | FPS 0031 | D 28210 | rR:mu sigma m M 0.05 0.18 0.00 0.76 | F:mu sigma m M 130.2 70.5 12.0 252.0 | H 1.098 | V 0.000 | pL 0.000 | vL 0.000 | delta 0.001
U 399 | F 817152 | FPS 0031 | D 28276 | rR:mu sigma m M 0.00 0.00 0.00 0.00 | F:mu sigma m M 101.6 77.6 26.0 288.0 | H 1.098 | V 0.001 | pL 0.000 | vL 0.000 | delta 0.001
U 400 | F 819200 | FPS 0031 | D 28342 | rR:mu sigma m M 0.00 0.00 0.00 0.00 | F:mu sigma m M 194.4 205.8 33.0 886.0 | H 1.098 | V 0.001 | pL 0.000 | vL 0.000 | delta 0.001
U 401 | F 821248 | FPS 0028 | D 28414 | rR:mu sigma m M 0.00 0.00 0.00 0.00 | F:mu sigma m M 181.3 108.7 28.0 384.0 | H 1.098 | V 0.000 | pL 0.000 | vL 0.000 | delta 0.000
U 402 | F 823296 | FPS 0026 | D 28494 | rR:mu sigma m M 0.00 0.00 0.00 0.00 | F:mu sigma m M 199.4 123.1 28.0 536.0 | H 1.098 | V 0.000 | pL 0.000 | vL 0.000 | delta 0.000
U 403 | F 825344 | FPS 0031 | D 28560 | rR:mu sigma m M 0.03 0.11 0.00 0.45 | F:mu sigma m M 195.7 141.2 28.0 550.0 | H 1.095 | V 0.005 | pL -0.003 | vL 0.000 | delta 0.005
U 404 | F 827392 | FPS 0027 | D 28635 | rR:mu sigma m M 0.00 0.00 0.00 0.00 | F:mu sigma m M 196.8 169.8 23.0 598.0 | H 1.097 | V 0.003 | pL 0.001 | vL 0.000 | delta 0.002
U 405 | F 829440 | FPS 0029 | D 28707 | rR:mu sigma m M 0.00 0.00 0.00 0.00 | F:mu sigma m M 92.6 79.6 11.0 345.0 | H 1.098 | V 0.002 | pL 0.000 | vL 0.000 | delta 0.001
U 406 | F 831488 | FPS 0028 | D 28780 | rR:mu sigma m M 0.00 0.00 0.00 0.00 | F:mu sigma m M 163.9 148.3 23.0 667.0 | H 1.097 | V 0.004 | pL 0.000 | vL 0.000 | delta 0.003
U 407 | F 833536 | FPS 0028 | D 28853 | rR:mu sigma m M 0.00 0.00 0.00 0.00 | F:mu sigma m M 241.7 188.6 35.0 667.0 | H 1.090 | V 0.011 | pL -0.000 | vL 0.000 | delta 0.006
U 408 | F 835584 | FPS 0031 | D 28918 | rR:mu sigma m M 0.00 0.00 0.00 0.00 | F:mu sigma m M 160.1 151.7 15.0 567.0 | H 1.096 | V 0.004 | pL 0.001 | vL 0.000 | delta 0.003
U 409 | F 837632 | FPS 0028 | D 28992 | rR:mu sigma m M 0.08 0.21 0.00 0.70 | F:mu sigma m M 182.3 124.7 26.0 438.0 | H 1.092 | V 0.017 | pL -0.009 | vL 0.001 | delta 0.011
U 410 | F 839680 | FPS 0028 | D 29066 | rR:mu sigma m M 0.05 0.19 0.00 0.77 | F:mu sigma m M 155.9 118.0 31.0 423.0 | H 1.092 | V 0.012 | pL -0.005 | vL 0.000 | delta 0.013
U 411 | F 841728 | FPS 0029 | D 29137 | rR:mu sigma m M 0.00 0.00 0.00 0.00 | F:mu sigma m M 155.8 94.1 16.0 326.0 | H 1.097 | V 0.006 | pL 0.002 | vL 0.000 | delta 0.002
U 412 | F 843776 | FPS 0029 | D 29208 | rR:mu sigma m M 0.00 0.00 0.00 0.00 | F:mu sigma m M 175.5 110.3 33.0 364.0 | H 1.097 | V 0.008 | pL 0.002 | vL 0.000 | delta 0.004
U 413 | F 845824 | FPS 0026 | D 29287 | rR:mu sigma m M 0.00 0.00 0.00 0.00 | F:mu sigma m M 148.2 91.2 51.0 360.0 | H 1.098 | V 0.006 | pL 0.002 | vL 0.000 | delta 0.001
U 414 | F 847872 | FPS 0028 | D 29360 | rR:mu sigma m M 0.00 0.00 0.00 0.00 | F:mu sigma m M 138.4 82.5 56.0 408.0 | H 1.093 | V 0.016 | pL 0.001 | vL 0.000 | delta 0.008
U 415 | F 849920 | FPS 0029 | D 29432 | rR:mu sigma m M 0.05 0.18 0.00 0.76 | F:mu sigma m M 193.5 178.5 42.0 694.0 | H 1.091 | V 0.023 | pL -0.002 | vL 0.001 | delta 0.012
U 416 | F 851968 | FPS 0035 | D 29490 | rR:mu sigma m M 0.00 0.00 0.00 0.00 | F:mu sigma m M 125.6 69.1 43.0 288.0 | H 1.096 | V 0.018 | pL 0.005 | vL 0.000 | delta 0.006
U 417 | F 854016 | FPS 0029 | D 29562 | rR:mu sigma m M 0.04 0.17 0.00 0.71 | F:mu sigma m M 129.2 99.2 47.0 375.0 | H 1.094 | V 0.023 | pL -0.001 | vL 0.000 | delta 0.012
U 418 | F 856064 | FPS 0026 | D 29641 | rR:mu sigma m M 0.04 0.17 0.00 0.71 | F:mu sigma m M 153.6 81.3 48.0 312.0 | H 1.097 | V 0.008 | pL 0.001 | vL 0.000 | delta 0.003
U 419 | F 858112 | FPS 0026 | D 29718 | rR:mu sigma m M 0.00 0.00 0.00 0.00 | F:mu sigma m M 177.4 116.1 35.0 428.0 | H 1.098 | V 0.006 | pL 0.002 | vL 0.000 | delta 0.002
U 420 | F 860160 | FPS 0033 | D 29781 | rR:mu sigma m M 0.05 0.18 0.00 0.72 | F:mu sigma m M 229.3 170.6 37.0 698.0 | H 1.092 | V 0.015 | pL -0.004 | vL 0.000 | delta 0.009
U 421 | F 862208 | FPS 0032 | D 29844 | rR:mu sigma m M 0.05 0.18 0.00 0.72 | F:mu sigma m M 208.6 161.2 37.0 698.0 | H 1.098 | V 0.005 | pL 0.001 | vL 0.000 | delta 0.001
U 422 | F 864256 | FPS 0033 | D 29907 | rR:mu sigma m M 0.13 0.28 0.00 0.81 | F:mu sigma m M 243.3 106.3 33.0 440.0 | H 1.090 | V 0.021 | pL -0.011 | vL 0.001 | delta 0.015
U 423 | F 866304 | FPS 0031 | D 29973 | rR:mu sigma m M 0.05 0.20 0.00 0.81 | F:mu sigma m M 249.0 127.5 33.0 517.0 | H 1.081 | V 0.036 | pL 0.003 | vL 0.001 | delta 0.018
U 424 | F 868352 | FPS 0035 | D 30032 | rR:mu sigma m M 0.10 0.27 0.00 0.86 | F:mu sigma m M 154.6 94.7 31.0 304.0 | H 1.084 | V 0.031 | pL -0.004 | vL 0.001 | delta 0.014
U 425 | F 870400 | FPS 0032 | D 30097 | rR:mu sigma m M 0.10 0.27 0.00 0.86 | F:mu sigma m M 128.5 92.7 21.0 304.0 | H 1.089 | V 0.015 | pL -0.004 | vL 0.000 | delta 0.009
U 426 | F 872448 | FPS 0029 | D 30168 | rR:mu sigma m M 0.05 0.18 0.00 0.74 | F:mu sigma m M 149.2 148.6 23.0 634.0 | H 1.097 | V 0.006 | pL 0.001 | vL 0.000 | delta 0.001
U 427 | F 874496 | FPS 0028 | D 30241 | rR:mu sigma m M 0.05 0.19 0.00 0.80 | F:mu sigma m M 198.8 174.4 25.0 634.0 | H 1.087 | V 0.015 | pL -0.003 | vL 0.001 | delta 0.012
U 428 | F 876544 | FPS 0031 | D 30307 | rR:mu sigma m M 0.00 0.00 0.00 0.00 | F:mu sigma m M 177.6 116.8 14.0 459.0 | H 1.096 | V 0.007 | pL 0.002 | vL 0.000 | delta 0.004
U 429 | F 878592 | FPS 0032 | D 30371 | rR:mu sigma m M 0.00 0.00 0.00 0.00 | F:mu sigma m M 231.8 237.0 14.0 900.0 | H 1.097 | V 0.008 | pL 0.002 | vL 0.000 | delta 0.002
U 430 | F 880640 | FPS 0030 | D 30440 | rR:mu sigma m M 0.06 0.21 0.00 0.89 | F:mu sigma m M 131.2 77.1 40.0 285.0 | H 1.077 | V 0.034 | pL -0.010 | vL 0.001 | delta 0.016
U 431 | F 882688 | FPS 0032 | D 30504 | rR:mu sigma m M 0.09 0.24 0.00 0.79 | F:mu sigma m M 117.2 73.5 34.0 340.0 | H 1.087 | V 0.017 | pL 0.001 | vL 0.000 | delta 0.004
U 432 | F 884736 | FPS 0029 | D 30574 | rR:mu sigma m M 0.04 0.15 0.00 0.66 | F:mu sigma m M 130.2 95.6 22.0 344.0 | H 1.084 | V 0.021 | pL -0.006 | vL 0.001 | delta 0.011
U 433 | F 886784 | FPS 0034 | D 30634 | rR:mu sigma m M 0.21 0.36 0.00 0.94 | F:mu sigma m M 123.6 102.5 35.0 383.0 | H 1.049 | V 0.067 | pL -0.016 | vL 0.004 | delta 0.033
U 434 | F 888832 | FPS 0039 | D 30686 | rR:mu sigma m M 0.14 0.30 0.00 0.89 | F:mu sigma m M 132.2 100.6 19.0 442.0 | H 1.056 | V 0.040 | pL -0.008 | vL 0.002 | delta 0.020
U 435 | F 890880 | FPS 0039 | D 30738 | rR:mu sigma m M 0.24 0.37 0.00 0.91 | F:mu sigma m M 155.3 147.1 22.0 657.0 | H 1.046 | V 0.069 | pL -0.019 | vL 0.004 | delta 0.034
U 436 | F 892928 | FPS 0045 | D 30783 | rR:mu sigma m M 0.33 0.44 0.00 0.96 | F:mu sigma m M 115.1 93.4 19.0 347.0 | H 0.965 | V 0.150 | pL -0.048 | vL 0.011 | delta 0.065
U 437 | F 894976 | FPS 0050 | D 30824 | rR:mu sigma m M 0.40 0.45 0.00 0.96 | F:mu sigma m M 99.6 95.2 21.0 507.0 | H 0.932 | V 0.242 | pL -0.024 | vL 0.014 | delta 0.066
U 438 | F 897024 | FPS 0046 | D 30869 | rR:mu sigma m M 0.63 0.42 0.00 0.96 | F:mu sigma m M 82.1 41.7 21.0 189.0 | H 0.861 | V 0.354 | pL -0.060 | vL 0.011 | delta 0.079
U 439 | F 899072 | FPS 0053 | D 30908 | rR:mu sigma m M 0.72 0.37 0.00 0.96 | F:mu sigma m M 74.8 31.3 13.0 140.0 | H 0.797 | V 0.498 | pL -0.055 | vL 0.017 | delta 0.105
U 440 | F 901120 | FPS 0056 | D 30944 | rR:mu sigma m M 0.87 0.24 0.00 0.97 | F:mu sigma m M 64.5 21.5 22.0 114.0 | H 0.774 | V 0.539 | pL -0.053 | vL 0.010 | delta 0.065
U 441 | F 903168 | FPS 0060 | D 30978 | rR:mu sigma m M 0.81 0.32 0.00 0.95 | F:mu sigma m M 65.8 16.7 38.0 111.0 | H 0.757 | V 0.598 | pL -0.033 | vL 0.009 | delta 0.049
U 442 | F 905216 | FPS 0064 | D 31010 | rR:mu sigma m M 0.94 0.02 0.86 0.97 | F:mu sigma m M 58.3 21.3 34.0 141.0 | H 0.699 | V 0.630 | pL -0.050 | vL 0.003 | delta 0.042
agent reach optimality, start collecting trajectories
agent successfully collected 10 trajectories
pickling optimal trajectories
Model successfully saved
/home/rdali/.local/easybuild/software/2017/Core/miniconda3/4.3.27/envs/observe/lib/python3.6/site-packages/torch/nn/functional.py:1906: UserWarning: reduction: 'mean' divides the total loss by both the batch size and the support size.'batchmean' divides only by the batch size, and aligns with the KL div math definition.'mean' will be changed to behave the same as 'batchmean' in the next major release.
  warnings.warn("reduction: 'mean' divides the total loss by both the batch size and the support size."
