The following modules were not unloaded:
  (Use "module --force purge" to unload all):

  1) StdEnv/2018.3     4) gcccore/.7.3.0      7) intel/2018.3
  2) nixpkgs/16.09     5) icc/.2018.3.222     8) openmpi/3.1.2
  3) imkl/2018.3.222   6) ifort/.2018.3.222

Due to MODULEPATH changes, the following have been reloaded:
  1) openmpi/3.1.2

Attention: While Conda works well in a desktop environment, it tends to create more problems than it solves on a cluster. Instead, we recommend that users use virtual environments and the binary packages that we provide through Python wheels as documented on the Python page.
/home/rdali/RL/watch_and_learn/dependency/rl-starter-files/scripts/train_agent_multidem.py --env MiniGrid-LavaCrossingAddictO8S15-v0 --algo ppo --nameDemonstrator LavaCrossing1508Addict1,LavaCrossing1508Addict2,LavaCrossing1508Addict3,LavaCrossing1508Addict4,LavaCrossing1508Addict10,LavaCrossing1508Addict11,LavaCrossing1508Addict12,LavaCrossing1508Addict13 --flat-model 0 --KLweight 0.01 --useKL 1 --meanReward 0.80 --rewardLB 0.70 --seed 9734

Namespace(KLweight=0.01, algo='ppo', batch_size=256, clip_eps=0.2, discount=0.99, entropy_coef=0.01, env='MiniGrid-LavaCrossingAddictO8S15-v0', epochs=4, flat_model=0, frames=10000000, frames_per_proc=None, full_obs=0, gae_lambda=0.95, log_interval=1, lr=0.0007, max_grad_norm=0.5, meanReward=0.8, mem=False, model=None, nameDemonstrator='LavaCrossing1508Addict1,LavaCrossing1508Addict2,LavaCrossing1508Addict3,LavaCrossing1508Addict4,LavaCrossing1508Addict10,LavaCrossing1508Addict11,LavaCrossing1508Addict12,LavaCrossing1508Addict13', optim_alpha=0.99, optim_eps=1e-05, procs=16, recurrence=1, rewardLB=0.7, save_interval=0, seed=9734, tb=False, text=False, useKL=1, value_loss_coef=0.5)

Flat model successfully created

ACModel(
  (image_conv): Sequential(
    (0): Conv2d(3, 32, kernel_size=(2, 2), stride=(1, 1))
    (1): ReLU()
    (2): MaxPool2d(kernel_size=(2, 2), stride=(2, 2), padding=0, dilation=1, ceil_mode=False)
    (3): Conv2d(32, 64, kernel_size=(2, 2), stride=(1, 1))
    (4): ReLU()
    (5): Conv2d(64, 64, kernel_size=(2, 2), stride=(1, 1))
    (6): ReLU()
  )
  (actor): Sequential(
    (0): Linear(in_features=1600, out_features=64, bias=True)
    (1): Tanh()
    (2): Linear(in_features=64, out_features=3, bias=True)
  )
  (critic): Sequential(
    (0): Linear(in_features=1600, out_features=64, bias=True)
    (1): Tanh()
    (2): Linear(in_features=64, out_features=1, bias=True)
  )
)

CUDA available: False

1
True
0.01
Using TensorFlow backend.
OMP: Info #212: KMP_AFFINITY: decoding x2APIC ids.
OMP: Info #210: KMP_AFFINITY: Affinity capable, using global cpuid leaf 11 info
OMP: Info #154: KMP_AFFINITY: Initial OS proc set respected: 17,21,22,24,36
OMP: Info #156: KMP_AFFINITY: 5 available OS procs
OMP: Info #158: KMP_AFFINITY: Nonuniform topology
OMP: Info #179: KMP_AFFINITY: 2 packages x 3 cores/pkg x 1 threads/core (5 total cores)
OMP: Info #214: KMP_AFFINITY: OS proc to physical thread map:
OMP: Info #171: KMP_AFFINITY: OS proc 24 maps to package 0 core 17 
OMP: Info #171: KMP_AFFINITY: OS proc 22 maps to package 0 core 20 
OMP: Info #171: KMP_AFFINITY: OS proc 36 maps to package 0 core 25 
OMP: Info #171: KMP_AFFINITY: OS proc 17 maps to package 1 core 9 
OMP: Info #171: KMP_AFFINITY: OS proc 21 maps to package 1 core 16 
OMP: Info #250: KMP_AFFINITY: pid 29299 tid 29299 thread 0 bound to OS proc set 24
OMP: Info #250: KMP_AFFINITY: pid 29299 tid 29429 thread 1 bound to OS proc set 17
OMP: Info #250: KMP_AFFINITY: pid 29299 tid 29431 thread 3 bound to OS proc set 21
OMP: Info #250: KMP_AFFINITY: pid 29299 tid 29430 thread 2 bound to OS proc set 22
OMP: Info #250: KMP_AFFINITY: pid 29299 tid 29432 thread 4 bound to OS proc set 36
OMP: Info #250: KMP_AFFINITY: pid 29299 tid 29641 thread 5 bound to OS proc set 24
OMP: Info #250: KMP_AFFINITY: pid 29299 tid 29640 thread 6 bound to OS proc set 17
OMP: Info #250: KMP_AFFINITY: pid 29299 tid 29659 thread 7 bound to OS proc set 22
OMP: Info #250: KMP_AFFINITY: pid 29299 tid 29660 thread 8 bound to OS proc set 21
OMP: Info #250: KMP_AFFINITY: pid 29299 tid 29661 thread 9 bound to OS proc set 36
OMP: Info #250: KMP_AFFINITY: pid 29299 tid 29662 thread 10 bound to OS proc set 24
OMP: Info #250: KMP_AFFINITY: pid 29299 tid 29721 thread 11 bound to OS proc set 17
OMP: Info #250: KMP_AFFINITY: pid 29299 tid 29722 thread 12 bound to OS proc set 22
OMP: Info #250: KMP_AFFINITY: pid 29299 tid 29723 thread 13 bound to OS proc set 21
OMP: Info #250: KMP_AFFINITY: pid 29299 tid 29724 thread 14 bound to OS proc set 36
OMP: Info #250: KMP_AFFINITY: pid 29299 tid 29725 thread 15 bound to OS proc set 24
U 1 | F 002048 | FPS 0023 | D 89 | rR:mu sigma m M 0.00 0.00 0.00 0.00 | F:mu sigma m M 28.6 32.3 0.0 95.0 | H 1.095 | V 0.065 | pL 0.014 | vL 0.001 | delta 0.057
U 2 | F 004096 | FPS 0025 | D 170 | rR:mu sigma m M 0.00 0.00 0.00 0.00 | F:mu sigma m M 121.4 66.1 33.0 253.0 | H 1.097 | V 0.055 | pL 0.015 | vL 0.000 | delta 0.008
U 3 | F 006144 | FPS 0028 | D 243 | rR:mu sigma m M 0.00 0.00 0.00 0.00 | F:mu sigma m M 159.8 78.6 33.0 320.0 | H 1.095 | V 0.048 | pL 0.010 | vL 0.000 | delta 0.004
U 4 | F 008192 | FPS 0022 | D 335 | rR:mu sigma m M 0.00 0.00 0.00 0.00 | F:mu sigma m M 202.5 106.8 17.0 478.0 | H 1.095 | V 0.037 | pL 0.009 | vL 0.000 | delta 0.005
U 5 | F 010240 | FPS 0024 | D 420 | rR:mu sigma m M 0.00 0.00 0.00 0.00 | F:mu sigma m M 216.8 171.3 17.0 599.0 | H 1.098 | V 0.028 | pL 0.008 | vL 0.000 | delta 0.003
U 6 | F 012288 | FPS 0029 | D 490 | rR:mu sigma m M 0.00 0.00 0.00 0.00 | F:mu sigma m M 254.7 209.3 19.0 689.0 | H 1.098 | V 0.022 | pL 0.006 | vL 0.000 | delta 0.002
U 7 | F 014336 | FPS 0032 | D 554 | rR:mu sigma m M 0.00 0.00 0.00 0.00 | F:mu sigma m M 205.6 143.4 69.0 689.0 | H 1.098 | V 0.018 | pL 0.005 | vL 0.000 | delta 0.002
U 8 | F 016384 | FPS 0027 | D 630 | rR:mu sigma m M 0.00 0.00 0.00 0.00 | F:mu sigma m M 252.4 223.5 31.0 725.0 | H 1.098 | V 0.015 | pL 0.004 | vL 0.000 | delta 0.001
U 9 | F 018432 | FPS 0031 | D 696 | rR:mu sigma m M 0.00 0.00 0.00 0.00 | F:mu sigma m M 289.2 237.7 31.0 725.0 | H 1.098 | V 0.012 | pL 0.003 | vL 0.000 | delta 0.001
U 10 | F 020480 | FPS 0029 | D 766 | rR:mu sigma m M 0.00 0.00 0.00 0.00 | F:mu sigma m M 182.9 120.0 18.0 454.0 | H 1.099 | V 0.009 | pL 0.003 | vL 0.000 | delta 0.001
U 11 | F 022528 | FPS 0031 | D 833 | rR:mu sigma m M 0.00 0.00 0.00 0.00 | F:mu sigma m M 221.9 141.8 18.0 537.0 | H 1.098 | V 0.007 | pL 0.002 | vL 0.000 | delta 0.001
U 12 | F 024576 | FPS 0028 | D 906 | rR:mu sigma m M 0.00 0.00 0.00 0.00 | F:mu sigma m M 237.6 163.7 42.0 580.0 | H 1.099 | V 0.005 | pL 0.002 | vL 0.000 | delta 0.001
U 13 | F 026624 | FPS 0029 | D 978 | rR:mu sigma m M 0.00 0.00 0.00 0.00 | F:mu sigma m M 249.8 225.9 39.0 900.0 | H 1.099 | V 0.004 | pL 0.001 | vL 0.000 | delta 0.000
U 14 | F 028672 | FPS 0029 | D 1048 | rR:mu sigma m M 0.00 0.00 0.00 0.00 | F:mu sigma m M 208.2 220.6 39.0 900.0 | H 1.099 | V 0.004 | pL 0.001 | vL 0.000 | delta 0.001
U 15 | F 030720 | FPS 0027 | D 1122 | rR:mu sigma m M 0.03 0.13 0.00 0.53 | F:mu sigma m M 165.1 126.5 26.0 469.0 | H 1.094 | V 0.007 | pL -0.004 | vL 0.001 | delta 0.008
U 16 | F 032768 | FPS 0033 | D 1184 | rR:mu sigma m M 0.00 0.00 0.00 0.00 | F:mu sigma m M 167.1 148.0 20.0 670.0 | H 1.098 | V 0.002 | pL 0.001 | vL 0.000 | delta 0.001
U 17 | F 034816 | FPS 0030 | D 1252 | rR:mu sigma m M 0.00 0.00 0.00 0.00 | F:mu sigma m M 207.0 170.2 20.0 670.0 | H 1.099 | V 0.001 | pL 0.000 | vL 0.000 | delta 0.001
U 18 | F 036864 | FPS 0028 | D 1325 | rR:mu sigma m M 0.00 0.00 0.00 0.00 | F:mu sigma m M 219.8 129.4 24.0 510.0 | H 1.099 | V 0.001 | pL 0.000 | vL 0.000 | delta 0.000
U 19 | F 038912 | FPS 0031 | D 1391 | rR:mu sigma m M 0.00 0.00 0.00 0.00 | F:mu sigma m M 239.4 224.0 34.0 900.0 | H 1.099 | V 0.001 | pL 0.000 | vL 0.000 | delta 0.001
U 20 | F 040960 | FPS 0027 | D 1468 | rR:mu sigma m M 0.00 0.00 0.00 0.00 | F:mu sigma m M 211.6 146.1 51.0 565.0 | H 1.099 | V 0.001 | pL 0.000 | vL 0.000 | delta 0.001
U 21 | F 043008 | FPS 0030 | D 1537 | rR:mu sigma m M 0.00 0.00 0.00 0.00 | F:mu sigma m M 164.0 120.5 24.0 470.0 | H 1.098 | V 0.001 | pL 0.000 | vL 0.000 | delta 0.001
U 22 | F 045056 | FPS 0027 | D 1614 | rR:mu sigma m M 0.00 0.00 0.00 0.00 | F:mu sigma m M 207.0 121.6 44.0 470.0 | H 1.099 | V 0.000 | pL 0.000 | vL 0.000 | delta 0.001
U 23 | F 047104 | FPS 0027 | D 1690 | rR:mu sigma m M 0.00 0.00 0.00 0.00 | F:mu sigma m M 190.2 121.9 44.0 416.0 | H 1.099 | V -0.000 | pL -0.000 | vL 0.000 | delta 0.000
U 24 | F 049152 | FPS 0031 | D 1756 | rR:mu sigma m M 0.00 0.00 0.00 0.00 | F:mu sigma m M 197.4 107.8 51.0 391.0 | H 1.099 | V 0.000 | pL -0.000 | vL 0.000 | delta 0.000
U 25 | F 051200 | FPS 0028 | D 1829 | rR:mu sigma m M 0.00 0.00 0.00 0.00 | F:mu sigma m M 192.8 106.3 10.0 371.0 | H 1.099 | V 0.000 | pL 0.000 | vL 0.000 | delta 0.000
U 26 | F 053248 | FPS 0027 | D 1905 | rR:mu sigma m M 0.00 0.00 0.00 0.00 | F:mu sigma m M 130.4 85.3 10.0 308.0 | H 1.099 | V 0.000 | pL -0.000 | vL 0.000 | delta 0.000
U 27 | F 055296 | FPS 0030 | D 1973 | rR:mu sigma m M 0.00 0.00 0.00 0.00 | F:mu sigma m M 159.9 130.2 18.0 526.0 | H 1.099 | V 0.001 | pL 0.000 | vL 0.000 | delta 0.001
U 28 | F 057344 | FPS 0026 | D 2051 | rR:mu sigma m M 0.00 0.00 0.00 0.00 | F:mu sigma m M 264.4 228.4 51.0 900.0 | H 1.099 | V 0.000 | pL 0.000 | vL 0.000 | delta 0.001
U 29 | F 059392 | FPS 0029 | D 2123 | rR:mu sigma m M 0.00 0.00 0.00 0.00 | F:mu sigma m M 193.8 176.1 25.0 557.0 | H 1.099 | V -0.000 | pL 0.000 | vL 0.000 | delta 0.000
U 30 | F 061440 | FPS 0029 | D 2194 | rR:mu sigma m M 0.00 0.00 0.00 0.00 | F:mu sigma m M 167.4 120.0 53.0 506.0 | H 1.099 | V 0.000 | pL 0.000 | vL 0.000 | delta 0.001
U 31 | F 063488 | FPS 0030 | D 2263 | rR:mu sigma m M 0.00 0.00 0.00 0.00 | F:mu sigma m M 193.1 159.0 37.0 571.0 | H 1.099 | V 0.000 | pL 0.000 | vL 0.000 | delta 0.000
U 32 | F 065536 | FPS 0028 | D 2335 | rR:mu sigma m M 0.04 0.17 0.00 0.72 | F:mu sigma m M 199.6 131.1 37.0 571.0 | H 1.096 | V 0.004 | pL -0.006 | vL 0.001 | delta 0.023
U 33 | F 067584 | FPS 0028 | D 2409 | rR:mu sigma m M 0.00 0.00 0.00 0.00 | F:mu sigma m M 152.9 122.6 13.0 392.0 | H 1.098 | V 0.008 | pL -0.002 | vL 0.000 | delta 0.017
U 34 | F 069632 | FPS 0029 | D 2480 | rR:mu sigma m M 0.05 0.18 0.00 0.74 | F:mu sigma m M 164.7 160.0 14.0 657.0 | H 1.098 | V -0.003 | pL -0.002 | vL 0.000 | delta 0.032
U 35 | F 071680 | FPS 0028 | D 2552 | rR:mu sigma m M 0.00 0.00 0.00 0.00 | F:mu sigma m M 145.8 71.5 42.0 269.0 | H 1.097 | V 0.005 | pL 0.002 | vL 0.000 | delta 0.004
U 36 | F 073728 | FPS 0024 | D 2637 | rR:mu sigma m M 0.00 0.00 0.00 0.00 | F:mu sigma m M 197.2 130.6 53.0 466.0 | H 1.098 | V 0.005 | pL 0.001 | vL 0.000 | delta 0.001
U 37 | F 075776 | FPS 0029 | D 2707 | rR:mu sigma m M 0.00 0.00 0.00 0.00 | F:mu sigma m M 127.5 72.7 33.0 270.0 | H 1.098 | V 0.004 | pL 0.001 | vL 0.000 | delta 0.001
U 38 | F 077824 | FPS 0029 | D 2778 | rR:mu sigma m M 0.00 0.00 0.00 0.00 | F:mu sigma m M 143.2 119.7 26.0 460.0 | H 1.098 | V 0.003 | pL 0.001 | vL 0.000 | delta 0.001
U 39 | F 079872 | FPS 0027 | D 2854 | rR:mu sigma m M 0.00 0.00 0.00 0.00 | F:mu sigma m M 199.6 162.0 46.0 666.0 | H 1.099 | V 0.002 | pL 0.001 | vL 0.000 | delta 0.000
U 40 | F 081920 | FPS 0027 | D 2929 | rR:mu sigma m M 0.00 0.00 0.00 0.00 | F:mu sigma m M 205.8 112.4 31.0 387.0 | H 1.099 | V 0.001 | pL 0.000 | vL 0.000 | delta 0.000
U 41 | F 083968 | FPS 0028 | D 3003 | rR:mu sigma m M 0.00 0.00 0.00 0.00 | F:mu sigma m M 203.4 165.5 14.0 661.0 | H 1.099 | V 0.001 | pL 0.000 | vL 0.000 | delta 0.000
U 42 | F 086016 | FPS 0029 | D 3073 | rR:mu sigma m M 0.00 0.00 0.00 0.00 | F:mu sigma m M 182.2 145.1 29.0 661.0 | H 1.098 | V 0.002 | pL 0.000 | vL 0.000 | delta 0.001
U 43 | F 088064 | FPS 0031 | D 3139 | rR:mu sigma m M 0.00 0.00 0.00 0.00 | F:mu sigma m M 232.9 163.8 37.0 806.0 | H 1.099 | V 0.001 | pL 0.001 | vL 0.000 | delta 0.001
U 44 | F 090112 | FPS 0034 | D 3200 | rR:mu sigma m M 0.00 0.00 0.00 0.00 | F:mu sigma m M 132.1 70.4 41.0 284.0 | H 1.099 | V 0.001 | pL 0.000 | vL 0.000 | delta 0.000
U 45 | F 092160 | FPS 0030 | D 3269 | rR:mu sigma m M 0.00 0.00 0.00 0.00 | F:mu sigma m M 162.8 104.9 42.0 382.0 | H 1.099 | V 0.001 | pL 0.000 | vL 0.000 | delta 0.001
U 46 | F 094208 | FPS 0025 | D 3350 | rR:mu sigma m M 0.00 0.00 0.00 0.00 | F:mu sigma m M 144.5 88.4 32.0 354.0 | H 1.099 | V 0.001 | pL -0.000 | vL 0.000 | delta 0.001
U 47 | F 096256 | FPS 0027 | D 3427 | rR:mu sigma m M 0.00 0.00 0.00 0.00 | F:mu sigma m M 173.2 102.3 69.0 447.0 | H 1.095 | V 0.003 | pL 0.001 | vL 0.000 | delta 0.004
U 48 | F 098304 | FPS 0032 | D 3491 | rR:mu sigma m M 0.00 0.00 0.00 0.00 | F:mu sigma m M 156.0 117.6 46.0 447.0 | H 1.099 | V 0.001 | pL 0.000 | vL 0.000 | delta 0.001
U 49 | F 100352 | FPS 0029 | D 3563 | rR:mu sigma m M 0.05 0.21 0.00 0.88 | F:mu sigma m M 141.5 76.9 21.0 314.0 | H 1.098 | V 0.007 | pL -0.007 | vL 0.001 | delta 0.013
U 50 | F 102400 | FPS 0029 | D 3633 | rR:mu sigma m M 0.05 0.21 0.00 0.88 | F:mu sigma m M 179.4 156.8 21.0 659.0 | H 1.095 | V 0.003 | pL 0.001 | vL 0.000 | delta 0.013
U 51 | F 104448 | FPS 0030 | D 3702 | rR:mu sigma m M 0.00 0.00 0.00 0.00 | F:mu sigma m M 142.9 126.6 13.0 512.0 | H 1.097 | V 0.009 | pL 0.002 | vL 0.000 | delta 0.005
U 52 | F 106496 | FPS 0028 | D 3776 | rR:mu sigma m M 0.00 0.00 0.00 0.00 | F:mu sigma m M 183.0 181.1 35.0 724.0 | H 1.098 | V 0.005 | pL 0.001 | vL 0.000 | delta 0.003
U 53 | F 108544 | FPS 0028 | D 3849 | rR:mu sigma m M 0.00 0.00 0.00 0.00 | F:mu sigma m M 177.3 159.9 35.0 732.0 | H 1.099 | V 0.005 | pL 0.001 | vL 0.000 | delta 0.001
U 54 | F 110592 | FPS 0031 | D 3916 | rR:mu sigma m M 0.00 0.00 0.00 0.00 | F:mu sigma m M 194.4 178.4 15.0 732.0 | H 1.099 | V 0.004 | pL 0.001 | vL 0.000 | delta 0.001
U 55 | F 112640 | FPS 0025 | D 3996 | rR:mu sigma m M 0.00 0.00 0.00 0.00 | F:mu sigma m M 179.2 113.6 41.0 414.0 | H 1.099 | V 0.004 | pL 0.001 | vL 0.000 | delta 0.001
U 56 | F 114688 | FPS 0031 | D 4062 | rR:mu sigma m M 0.00 0.00 0.00 0.00 | F:mu sigma m M 176.8 172.2 35.0 610.0 | H 1.098 | V 0.003 | pL 0.001 | vL 0.000 | delta 0.001
U 57 | F 116736 | FPS 0029 | D 4132 | rR:mu sigma m M 0.00 0.00 0.00 0.00 | F:mu sigma m M 232.8 190.3 35.0 610.0 | H 1.099 | V 0.003 | pL 0.001 | vL 0.000 | delta 0.000
U 58 | F 118784 | FPS 0030 | D 4199 | rR:mu sigma m M 0.00 0.00 0.00 0.00 | F:mu sigma m M 226.4 131.9 34.0 476.0 | H 1.099 | V 0.002 | pL 0.001 | vL 0.000 | delta 0.000
U 59 | F 120832 | FPS 0028 | D 4271 | rR:mu sigma m M 0.00 0.00 0.00 0.00 | F:mu sigma m M 219.8 180.5 27.0 690.0 | H 1.098 | V 0.002 | pL 0.001 | vL 0.000 | delta 0.001
U 60 | F 122880 | FPS 0029 | D 4342 | rR:mu sigma m M 0.00 0.00 0.00 0.00 | F:mu sigma m M 157.2 152.8 33.0 659.0 | H 1.097 | V 0.005 | pL 0.001 | vL 0.000 | delta 0.003
U 61 | F 124928 | FPS 0027 | D 4417 | rR:mu sigma m M 0.05 0.18 0.00 0.73 | F:mu sigma m M 206.8 171.0 33.0 659.0 | H 1.097 | V 0.004 | pL -0.002 | vL 0.001 | delta 0.013
U 62 | F 126976 | FPS 0027 | D 4492 | rR:mu sigma m M 0.00 0.00 0.00 0.00 | F:mu sigma m M 159.5 116.2 44.0 505.0 | H 1.097 | V 0.012 | pL -0.000 | vL 0.000 | delta 0.015
U 63 | F 129024 | FPS 0029 | D 4563 | rR:mu sigma m M 0.05 0.18 0.00 0.76 | F:mu sigma m M 171.2 136.0 25.0 511.0 | H 1.097 | V 0.011 | pL 0.000 | vL 0.000 | delta 0.022
U 64 | F 131072 | FPS 0029 | D 4634 | rR:mu sigma m M 0.00 0.00 0.00 0.00 | F:mu sigma m M 147.2 109.9 25.0 511.0 | H 1.098 | V 0.006 | pL 0.002 | vL 0.000 | delta 0.003
U 65 | F 133120 | FPS 0030 | D 4703 | rR:mu sigma m M 0.00 0.00 0.00 0.00 | F:mu sigma m M 167.2 117.0 50.0 484.0 | H 1.099 | V 0.004 | pL 0.001 | vL 0.000 | delta 0.002
U 66 | F 135168 | FPS 0033 | D 4766 | rR:mu sigma m M 0.00 0.00 0.00 0.00 | F:mu sigma m M 208.4 173.1 32.0 669.0 | H 1.099 | V 0.002 | pL 0.001 | vL 0.000 | delta 0.001
U 67 | F 137216 | FPS 0028 | D 4839 | rR:mu sigma m M 0.00 0.00 0.00 0.00 | F:mu sigma m M 210.1 209.0 37.0 900.0 | H 1.099 | V 0.002 | pL 0.000 | vL 0.000 | delta 0.000
U 68 | F 139264 | FPS 0027 | D 4914 | rR:mu sigma m M 0.00 0.00 0.00 0.00 | F:mu sigma m M 229.3 236.4 37.0 900.0 | H 1.099 | V 0.001 | pL 0.000 | vL 0.000 | delta 0.001
U 69 | F 141312 | FPS 0027 | D 4991 | rR:mu sigma m M 0.00 0.00 0.00 0.00 | F:mu sigma m M 213.4 163.1 29.0 697.0 | H 1.098 | V 0.001 | pL 0.000 | vL 0.000 | delta 0.001
U 70 | F 143360 | FPS 0029 | D 5061 | rR:mu sigma m M 0.00 0.00 0.00 0.00 | F:mu sigma m M 174.7 144.4 24.0 617.0 | H 1.097 | V 0.001 | pL -0.001 | vL 0.000 | delta 0.006
U 71 | F 145408 | FPS 0030 | D 5129 | rR:mu sigma m M 0.05 0.21 0.00 0.94 | F:mu sigma m M 181.9 154.7 9.0 627.0 | H 1.095 | V 0.010 | pL -0.004 | vL 0.001 | delta 0.012
U 72 | F 147456 | FPS 0034 | D 5190 | rR:mu sigma m M 0.00 0.00 0.00 0.00 | F:mu sigma m M 151.1 164.3 9.0 694.0 | H 1.094 | V 0.006 | pL -0.004 | vL 0.000 | delta 0.015
U 73 | F 149504 | FPS 0035 | D 5248 | rR:mu sigma m M 0.05 0.19 0.00 0.79 | F:mu sigma m M 126.6 87.1 13.0 310.0 | H 1.095 | V 0.007 | pL -0.002 | vL 0.001 | delta 0.020
U 74 | F 151552 | FPS 0025 | D 5331 | rR:mu sigma m M 0.00 0.00 0.00 0.00 | F:mu sigma m M 184.7 78.9 71.0 325.0 | H 1.097 | V 0.010 | pL 0.003 | vL 0.000 | delta 0.005
U 75 | F 153600 | FPS 0027 | D 5407 | rR:mu sigma m M 0.05 0.21 0.00 0.87 | F:mu sigma m M 202.8 106.4 50.0 494.0 | H 1.092 | V 0.018 | pL -0.004 | vL 0.000 | delta 0.015
U 76 | F 155648 | FPS 0029 | D 5477 | rR:mu sigma m M 0.00 0.00 0.00 0.00 | F:mu sigma m M 193.2 123.2 50.0 585.0 | H 1.095 | V 0.011 | pL 0.003 | vL 0.001 | delta 0.011
U 77 | F 157696 | FPS 0032 | D 5542 | rR:mu sigma m M 0.00 0.00 0.00 0.00 | F:mu sigma m M 135.7 94.8 28.0 439.0 | H 1.097 | V 0.007 | pL 0.002 | vL 0.000 | delta 0.002
U 78 | F 159744 | FPS 0031 | D 5609 | rR:mu sigma m M 0.00 0.00 0.00 0.00 | F:mu sigma m M 162.3 148.5 28.0 568.0 | H 1.096 | V 0.011 | pL -0.000 | vL 0.000 | delta 0.005
U 79 | F 161792 | FPS 0029 | D 5679 | rR:mu sigma m M 0.00 0.00 0.00 0.00 | F:mu sigma m M 137.6 82.0 16.0 311.0 | H 1.096 | V 0.011 | pL 0.005 | vL 0.000 | delta 0.005
U 80 | F 163840 | FPS 0025 | D 5760 | rR:mu sigma m M 0.00 0.00 0.00 0.00 | F:mu sigma m M 176.4 127.4 16.0 525.0 | H 1.097 | V 0.011 | pL 0.001 | vL 0.000 | delta 0.002
U 81 | F 165888 | FPS 0031 | D 5827 | rR:mu sigma m M 0.00 0.00 0.00 0.00 | F:mu sigma m M 224.7 136.2 50.0 525.0 | H 1.098 | V 0.009 | pL 0.003 | vL 0.000 | delta 0.002
U 82 | F 167936 | FPS 0029 | D 5898 | rR:mu sigma m M 0.00 0.00 0.00 0.00 | F:mu sigma m M 183.9 176.5 10.0 652.0 | H 1.098 | V 0.006 | pL 0.002 | vL 0.000 | delta 0.000
U 83 | F 169984 | FPS 0027 | D 5974 | rR:mu sigma m M 0.00 0.00 0.00 0.00 | F:mu sigma m M 117.1 97.9 29.0 435.0 | H 1.098 | V 0.005 | pL 0.002 | vL 0.000 | delta 0.001
U 84 | F 172032 | FPS 0025 | D 6056 | rR:mu sigma m M 0.00 0.00 0.00 0.00 | F:mu sigma m M 155.8 158.6 14.0 631.0 | H 1.098 | V 0.004 | pL 0.001 | vL 0.000 | delta 0.000
U 85 | F 174080 | FPS 0026 | D 6135 | rR:mu sigma m M 0.01 0.05 0.00 0.23 | F:mu sigma m M 195.2 181.1 35.0 773.0 | H 1.098 | V 0.009 | pL 0.000 | vL 0.000 | delta 0.002
U 86 | F 176128 | FPS 0031 | D 6201 | rR:mu sigma m M 0.01 0.05 0.00 0.23 | F:mu sigma m M 198.7 195.4 30.0 773.0 | H 1.099 | V 0.002 | pL 0.001 | vL 0.000 | delta 0.000
U 87 | F 178176 | FPS 0025 | D 6282 | rR:mu sigma m M 0.00 0.00 0.00 0.00 | F:mu sigma m M 152.6 129.4 30.0 567.0 | H 1.099 | V 0.002 | pL 0.001 | vL 0.000 | delta 0.000
U 88 | F 180224 | FPS 0029 | D 6353 | rR:mu sigma m M 0.00 0.00 0.00 0.00 | F:mu sigma m M 172.9 155.9 42.0 642.0 | H 1.098 | V 0.005 | pL -0.000 | vL 0.000 | delta 0.001
U 89 | F 182272 | FPS 0029 | D 6425 | rR:mu sigma m M 0.00 0.00 0.00 0.00 | F:mu sigma m M 210.8 146.1 42.0 642.0 | H 1.098 | V 0.002 | pL 0.001 | vL 0.000 | delta 0.001
U 90 | F 184320 | FPS 0028 | D 6498 | rR:mu sigma m M 0.00 0.00 0.00 0.00 | F:mu sigma m M 166.8 113.4 27.0 427.0 | H 1.099 | V 0.001 | pL 0.000 | vL 0.000 | delta 0.001
U 91 | F 186368 | FPS 0030 | D 6566 | rR:mu sigma m M 0.00 0.00 0.00 0.00 | F:mu sigma m M 127.9 84.3 24.0 367.0 | H 1.099 | V 0.001 | pL 0.000 | vL 0.000 | delta 0.000
U 92 | F 188416 | FPS 0030 | D 6634 | rR:mu sigma m M 0.00 0.00 0.00 0.00 | F:mu sigma m M 141.9 119.1 43.0 449.0 | H 1.098 | V 0.002 | pL 0.000 | vL 0.000 | delta 0.001
U 93 | F 190464 | FPS 0027 | D 6710 | rR:mu sigma m M 0.05 0.19 0.00 0.79 | F:mu sigma m M 170.6 107.1 30.0 406.0 | H 1.094 | V 0.006 | pL -0.006 | vL 0.001 | delta 0.009
U 94 | F 192512 | FPS 0026 | D 6788 | rR:mu sigma m M 0.05 0.19 0.00 0.79 | F:mu sigma m M 180.6 131.4 30.0 508.0 | H 1.098 | V 0.005 | pL 0.001 | vL 0.000 | delta 0.001
U 95 | F 194560 | FPS 0032 | D 6852 | rR:mu sigma m M 0.00 0.00 0.00 0.00 | F:mu sigma m M 204.2 147.5 38.0 508.0 | H 1.099 | V 0.003 | pL 0.001 | vL 0.000 | delta 0.000
U 96 | F 196608 | FPS 0027 | D 6928 | rR:mu sigma m M 0.00 0.00 0.00 0.00 | F:mu sigma m M 193.0 129.5 42.0 435.0 | H 1.099 | V 0.003 | pL 0.001 | vL 0.000 | delta 0.000
U 97 | F 198656 | FPS 0029 | D 6998 | rR:mu sigma m M 0.00 0.00 0.00 0.00 | F:mu sigma m M 192.4 172.0 38.0 645.0 | H 1.099 | V 0.002 | pL 0.001 | vL 0.000 | delta 0.000
U 98 | F 200704 | FPS 0027 | D 7073 | rR:mu sigma m M 0.00 0.00 0.00 0.00 | F:mu sigma m M 197.3 170.6 48.0 645.0 | H 1.099 | V 0.002 | pL 0.000 | vL 0.000 | delta 0.000
U 99 | F 202752 | FPS 0029 | D 7145 | rR:mu sigma m M 0.00 0.00 0.00 0.00 | F:mu sigma m M 193.7 185.0 34.0 778.0 | H 1.098 | V 0.003 | pL -0.000 | vL 0.000 | delta 0.002
U 100 | F 204800 | FPS 0028 | D 7218 | rR:mu sigma m M 0.04 0.16 0.00 0.66 | F:mu sigma m M 202.0 189.7 34.0 778.0 | H 1.097 | V 0.007 | pL -0.005 | vL 0.001 | delta 0.007
U 101 | F 206848 | FPS 0028 | D 7291 | rR:mu sigma m M 0.04 0.16 0.00 0.66 | F:mu sigma m M 181.6 124.6 35.0 437.0 | H 1.098 | V 0.002 | pL 0.000 | vL 0.000 | delta 0.000
U 102 | F 208896 | FPS 0028 | D 7363 | rR:mu sigma m M 0.00 0.00 0.00 0.00 | F:mu sigma m M 245.9 168.8 34.0 657.0 | H 1.098 | V 0.007 | pL -0.002 | vL 0.000 | delta 0.004
U 103 | F 210944 | FPS 0027 | D 7437 | rR:mu sigma m M 0.05 0.21 0.00 0.88 | F:mu sigma m M 222.9 155.3 34.0 657.0 | H 1.097 | V 0.006 | pL -0.003 | vL 0.001 | delta 0.010
U 104 | F 212992 | FPS 0027 | D 7514 | rR:mu sigma m M 0.00 0.00 0.00 0.00 | F:mu sigma m M 152.9 89.2 34.0 412.0 | H 1.098 | V 0.004 | pL -0.000 | vL 0.000 | delta 0.002
U 105 | F 215040 | FPS 0031 | D 7580 | rR:mu sigma m M 0.00 0.00 0.00 0.00 | F:mu sigma m M 239.6 189.9 45.0 716.0 | H 1.098 | V 0.006 | pL 0.002 | vL 0.000 | delta 0.002
U 106 | F 217088 | FPS 0031 | D 7647 | rR:mu sigma m M 0.00 0.00 0.00 0.00 | F:mu sigma m M 259.8 197.3 53.0 716.0 | H 1.099 | V 0.004 | pL 0.001 | vL 0.000 | delta 0.000
U 107 | F 219136 | FPS 0029 | D 7717 | rR:mu sigma m M 0.00 0.00 0.00 0.00 | F:mu sigma m M 180.0 131.7 37.0 465.0 | H 1.099 | V 0.004 | pL 0.001 | vL 0.000 | delta 0.001
U 108 | F 221184 | FPS 0026 | D 7796 | rR:mu sigma m M 0.00 0.00 0.00 0.00 | F:mu sigma m M 228.5 120.8 41.0 404.0 | H 1.098 | V 0.005 | pL 0.002 | vL 0.000 | delta 0.002
U 109 | F 223232 | FPS 0027 | D 7872 | rR:mu sigma m M 0.00 0.00 0.00 0.00 | F:mu sigma m M 232.0 171.1 16.0 635.0 | H 1.099 | V 0.003 | pL 0.001 | vL 0.000 | delta 0.000
U 110 | F 225280 | FPS 0028 | D 7946 | rR:mu sigma m M 0.00 0.00 0.00 0.00 | F:mu sigma m M 203.2 156.7 16.0 635.0 | H 1.099 | V 0.002 | pL 0.001 | vL 0.000 | delta 0.000
U 111 | F 227328 | FPS 0028 | D 8020 | rR:mu sigma m M 0.00 0.00 0.00 0.00 | F:mu sigma m M 195.9 128.6 55.0 593.0 | H 1.099 | V 0.002 | pL 0.000 | vL 0.000 | delta 0.000
U 112 | F 229376 | FPS 0026 | D 8100 | rR:mu sigma m M 0.00 0.00 0.00 0.00 | F:mu sigma m M 256.2 222.5 51.0 900.0 | H 1.098 | V 0.003 | pL 0.000 | vL 0.000 | delta 0.001
U 113 | F 231424 | FPS 0030 | D 8169 | rR:mu sigma m M 0.05 0.20 0.00 0.83 | F:mu sigma m M 200.1 148.2 29.0 575.0 | H 1.096 | V 0.008 | pL -0.007 | vL 0.001 | delta 0.011
U 114 | F 233472 | FPS 0030 | D 8239 | rR:mu sigma m M 0.09 0.24 0.00 0.83 | F:mu sigma m M 156.1 122.1 22.0 405.0 | H 1.097 | V 0.005 | pL -0.004 | vL 0.000 | delta 0.007
U 115 | F 235520 | FPS 0030 | D 8307 | rR:mu sigma m M 0.04 0.14 0.00 0.60 | F:mu sigma m M 211.4 213.1 22.0 695.0 | H 1.098 | V -0.000 | pL -0.000 | vL 0.000 | delta 0.001
U 116 | F 237568 | FPS 0031 | D 8374 | rR:mu sigma m M 0.00 0.00 0.00 0.00 | F:mu sigma m M 235.1 173.8 42.0 688.0 | H 1.099 | V 0.000 | pL -0.000 | vL 0.000 | delta 0.002
U 117 | F 239616 | FPS 0027 | D 8450 | rR:mu sigma m M 0.00 0.00 0.00 0.00 | F:mu sigma m M 100.5 63.4 16.0 284.0 | H 1.099 | V -0.000 | pL -0.000 | vL 0.000 | delta 0.001
U 118 | F 241664 | FPS 0030 | D 8518 | rR:mu sigma m M 0.05 0.18 0.00 0.74 | F:mu sigma m M 144.4 106.9 13.0 406.0 | H 1.096 | V 0.016 | pL -0.005 | vL 0.001 | delta 0.017
U 119 | F 243712 | FPS 0028 | D 8593 | rR:mu sigma m M 0.05 0.18 0.00 0.74 | F:mu sigma m M 160.2 101.5 32.0 383.0 | H 1.092 | V 0.003 | pL 0.000 | vL 0.001 | delta 0.007
U 120 | F 245760 | FPS 0028 | D 8665 | rR:mu sigma m M 0.00 0.00 0.00 0.00 | F:mu sigma m M 181.9 114.0 16.0 481.0 | H 1.098 | V -0.003 | pL -0.001 | vL 0.000 | delta 0.001
U 121 | F 247808 | FPS 0032 | D 8730 | rR:mu sigma m M 0.00 0.00 0.00 0.00 | F:mu sigma m M 137.2 85.3 25.0 337.0 | H 1.099 | V -0.002 | pL -0.001 | vL 0.000 | delta 0.001
U 122 | F 249856 | FPS 0027 | D 8804 | rR:mu sigma m M 0.00 0.00 0.00 0.00 | F:mu sigma m M 170.4 153.9 25.0 602.0 | H 1.099 | V -0.002 | pL -0.000 | vL 0.000 | delta 0.000
U 123 | F 251904 | FPS 0032 | D 8869 | rR:mu sigma m M 0.00 0.00 0.00 0.00 | F:mu sigma m M 198.0 143.8 29.0 602.0 | H 1.099 | V -0.001 | pL -0.000 | vL 0.000 | delta 0.000
U 124 | F 253952 | FPS 0025 | D 8951 | rR:mu sigma m M 0.00 0.00 0.00 0.00 | F:mu sigma m M 179.7 134.5 33.0 419.0 | H 1.099 | V -0.001 | pL -0.000 | vL 0.000 | delta 0.000
U 125 | F 256000 | FPS 0026 | D 9031 | rR:mu sigma m M 0.00 0.00 0.00 0.00 | F:mu sigma m M 159.8 108.9 46.0 390.0 | H 1.097 | V 0.004 | pL -0.001 | vL 0.000 | delta 0.004
U 126 | F 258048 | FPS 0030 | D 9099 | rR:mu sigma m M 0.00 0.00 0.00 0.00 | F:mu sigma m M 182.1 174.5 46.0 783.0 | H 1.098 | V 0.003 | pL 0.001 | vL 0.000 | delta 0.002
U 127 | F 260096 | FPS 0026 | D 9179 | rR:mu sigma m M 0.00 0.00 0.00 0.00 | F:mu sigma m M 202.3 186.5 14.0 783.0 | H 1.098 | V 0.002 | pL 0.000 | vL 0.000 | delta 0.001
U 128 | F 262144 | FPS 0025 | D 9260 | rR:mu sigma m M 0.05 0.20 0.00 0.84 | F:mu sigma m M 181.8 108.8 28.0 372.0 | H 1.096 | V 0.007 | pL -0.005 | vL 0.001 | delta 0.009
U 129 | F 264192 | FPS 0028 | D 9333 | rR:mu sigma m M 0.00 0.00 0.00 0.00 | F:mu sigma m M 146.9 97.6 24.0 355.0 | H 1.099 | V 0.000 | pL 0.000 | vL 0.000 | delta 0.000
U 130 | F 266240 | FPS 0032 | D 9398 | rR:mu sigma m M 0.00 0.00 0.00 0.00 | F:mu sigma m M 112.2 95.0 21.0 355.0 | H 1.093 | V 0.009 | pL 0.001 | vL 0.000 | delta 0.006
U 131 | F 268288 | FPS 0031 | D 9465 | rR:mu sigma m M 0.00 0.00 0.00 0.00 | F:mu sigma m M 176.4 106.1 18.0 398.0 | H 1.098 | V 0.002 | pL 0.002 | vL 0.000 | delta 0.006
U 132 | F 270336 | FPS 0028 | D 9539 | rR:mu sigma m M 0.00 0.00 0.00 0.00 | F:mu sigma m M 186.1 136.2 18.0 480.0 | H 1.099 | V -0.001 | pL -0.000 | vL 0.000 | delta 0.000
U 133 | F 272384 | FPS 0030 | D 9607 | rR:mu sigma m M 0.00 0.00 0.00 0.00 | F:mu sigma m M 158.9 133.6 30.0 480.0 | H 1.098 | V -0.000 | pL -0.000 | vL 0.000 | delta 0.001
U 134 | F 274432 | FPS 0028 | D 9679 | rR:mu sigma m M 0.00 0.00 0.00 0.00 | F:mu sigma m M 211.5 155.3 33.0 535.0 | H 1.099 | V 0.000 | pL -0.000 | vL 0.000 | delta 0.001
U 135 | F 276480 | FPS 0025 | D 9760 | rR:mu sigma m M 0.05 0.21 0.00 0.87 | F:mu sigma m M 163.4 112.8 14.0 415.0 | H 1.095 | V 0.007 | pL -0.007 | vL 0.001 | delta 0.019
U 136 | F 278528 | FPS 0030 | D 9829 | rR:mu sigma m M 0.05 0.21 0.00 0.87 | F:mu sigma m M 141.8 90.4 14.0 339.0 | H 1.098 | V -0.005 | pL -0.001 | vL 0.000 | delta 0.001
U 137 | F 280576 | FPS 0028 | D 9902 | rR:mu sigma m M 0.00 0.00 0.00 0.00 | F:mu sigma m M 143.7 82.2 34.0 339.0 | H 1.098 | V -0.003 | pL -0.001 | vL 0.000 | delta 0.002
U 138 | F 282624 | FPS 0032 | D 9967 | rR:mu sigma m M 0.00 0.00 0.00 0.00 | F:mu sigma m M 140.0 95.1 45.0 411.0 | H 1.098 | V -0.001 | pL 0.001 | vL 0.000 | delta 0.003
U 139 | F 284672 | FPS 0028 | D 10040 | rR:mu sigma m M 0.00 0.00 0.00 0.00 | F:mu sigma m M 285.1 254.3 57.0 900.0 | H 1.098 | V -0.000 | pL -0.000 | vL 0.000 | delta 0.001
U 140 | F 286720 | FPS 0031 | D 10106 | rR:mu sigma m M 0.00 0.00 0.00 0.00 | F:mu sigma m M 200.4 198.9 49.0 900.0 | H 1.098 | V -0.000 | pL 0.000 | vL 0.000 | delta 0.001
U 141 | F 288768 | FPS 0030 | D 10175 | rR:mu sigma m M 0.00 0.00 0.00 0.00 | F:mu sigma m M 196.9 162.7 14.0 665.0 | H 1.099 | V -0.000 | pL 0.000 | vL 0.000 | delta 0.000
U 142 | F 290816 | FPS 0033 | D 10237 | rR:mu sigma m M 0.00 0.00 0.00 0.00 | F:mu sigma m M 176.5 78.8 78.0 339.0 | H 1.098 | V 0.002 | pL 0.000 | vL 0.000 | delta 0.002
U 143 | F 292864 | FPS 0029 | D 10307 | rR:mu sigma m M 0.05 0.20 0.00 0.84 | F:mu sigma m M 174.4 102.8 12.0 416.0 | H 1.095 | V 0.008 | pL -0.005 | vL 0.001 | delta 0.009
U 144 | F 294912 | FPS 0028 | D 10381 | rR:mu sigma m M 0.00 0.00 0.00 0.00 | F:mu sigma m M 207.7 149.5 12.0 484.0 | H 1.098 | V -0.001 | pL -0.000 | vL 0.000 | delta 0.001
U 145 | F 296960 | FPS 0028 | D 10453 | rR:mu sigma m M 0.00 0.00 0.00 0.00 | F:mu sigma m M 153.1 105.9 47.0 456.0 | H 1.098 | V 0.001 | pL 0.000 | vL 0.000 | delta 0.002
U 146 | F 299008 | FPS 0027 | D 10530 | rR:mu sigma m M 0.00 0.00 0.00 0.00 | F:mu sigma m M 128.2 77.6 43.0 323.0 | H 1.097 | V 0.002 | pL 0.001 | vL 0.000 | delta 0.005
U 147 | F 301056 | FPS 0031 | D 10596 | rR:mu sigma m M 0.03 0.12 0.00 0.50 | F:mu sigma m M 221.5 157.5 43.0 612.0 | H 1.094 | V 0.010 | pL -0.003 | vL 0.000 | delta 0.007
U 148 | F 303104 | FPS 0028 | D 10670 | rR:mu sigma m M 0.03 0.12 0.00 0.50 | F:mu sigma m M 172.8 141.8 36.0 503.0 | H 1.098 | V -0.002 | pL -0.001 | vL 0.000 | delta 0.002
U 149 | F 305152 | FPS 0030 | D 10737 | rR:mu sigma m M 0.00 0.00 0.00 0.00 | F:mu sigma m M 188.9 134.8 32.0 431.0 | H 1.098 | V -0.000 | pL -0.000 | vL 0.000 | delta 0.001
U 150 | F 307200 | FPS 0029 | D 10808 | rR:mu sigma m M 0.00 0.00 0.00 0.00 | F:mu sigma m M 209.9 185.9 33.0 679.0 | H 1.098 | V 0.003 | pL -0.001 | vL 0.000 | delta 0.004
U 151 | F 309248 | FPS 0030 | D 10877 | rR:mu sigma m M 0.00 0.00 0.00 0.00 | F:mu sigma m M 188.2 157.9 35.0 679.0 | H 1.092 | V 0.018 | pL -0.001 | vL 0.000 | delta 0.008
U 152 | F 311296 | FPS 0028 | D 10950 | rR:mu sigma m M 0.04 0.16 0.00 0.68 | F:mu sigma m M 176.3 104.9 27.0 394.0 | H 1.094 | V 0.009 | pL -0.002 | vL 0.000 | delta 0.009
U 153 | F 313344 | FPS 0030 | D 11017 | rR:mu sigma m M 0.00 0.00 0.00 0.00 | F:mu sigma m M 151.6 105.4 27.0 390.0 | H 1.098 | V 0.002 | pL -0.001 | vL 0.000 | delta 0.005
U 154 | F 315392 | FPS 0032 | D 11081 | rR:mu sigma m M 0.00 0.00 0.00 0.00 | F:mu sigma m M 167.2 109.3 31.0 390.0 | H 1.096 | V 0.007 | pL 0.001 | vL 0.000 | delta 0.005
U 155 | F 317440 | FPS 0028 | D 11153 | rR:mu sigma m M 0.00 0.00 0.00 0.00 | F:mu sigma m M 184.9 151.6 31.0 641.0 | H 1.099 | V -0.000 | pL 0.000 | vL 0.000 | delta 0.001
U 156 | F 319488 | FPS 0025 | D 11236 | rR:mu sigma m M 0.00 0.00 0.00 0.00 | F:mu sigma m M 186.9 162.6 31.0 641.0 | H 1.099 | V -0.000 | pL -0.000 | vL 0.000 | delta 0.000
U 157 | F 321536 | FPS 0029 | D 11308 | rR:mu sigma m M 0.00 0.00 0.00 0.00 | F:mu sigma m M 213.9 214.4 24.0 900.0 | H 1.099 | V -0.000 | pL 0.000 | vL 0.000 | delta 0.000
U 158 | F 323584 | FPS 0028 | D 11381 | rR:mu sigma m M 0.00 0.00 0.00 0.00 | F:mu sigma m M 260.5 223.1 42.0 900.0 | H 1.098 | V 0.000 | pL 0.000 | vL 0.000 | delta 0.001
U 159 | F 325632 | FPS 0028 | D 11453 | rR:mu sigma m M 0.00 0.00 0.00 0.00 | F:mu sigma m M 127.6 84.2 32.0 347.0 | H 1.098 | V 0.000 | pL 0.000 | vL 0.000 | delta 0.001
U 160 | F 327680 | FPS 0028 | D 11526 | rR:mu sigma m M 0.00 0.00 0.00 0.00 | F:mu sigma m M 160.2 96.2 55.0 347.0 | H 1.099 | V 0.000 | pL -0.000 | vL 0.000 | delta 0.000
U 161 | F 329728 | FPS 0029 | D 11597 | rR:mu sigma m M 0.00 0.00 0.00 0.00 | F:mu sigma m M 163.4 148.4 24.0 590.0 | H 1.098 | V 0.001 | pL -0.000 | vL 0.000 | delta 0.001
U 162 | F 331776 | FPS 0033 | D 11659 | rR:mu sigma m M 0.04 0.15 0.00 0.61 | F:mu sigma m M 167.6 157.0 24.0 590.0 | H 1.091 | V 0.014 | pL -0.003 | vL 0.001 | delta 0.010
U 163 | F 333824 | FPS 0023 | D 11746 | rR:mu sigma m M 0.08 0.22 0.00 0.73 | F:mu sigma m M 170.4 92.4 33.0 394.0 | H 1.095 | V 0.009 | pL -0.004 | vL 0.001 | delta 0.011
U 164 | F 335872 | FPS 0031 | D 11813 | rR:mu sigma m M 0.11 0.29 0.00 0.88 | F:mu sigma m M 194.2 140.8 43.0 598.0 | H 1.092 | V 0.005 | pL -0.007 | vL 0.001 | delta 0.016
U 165 | F 337920 | FPS 0028 | D 11886 | rR:mu sigma m M 0.00 0.00 0.00 0.00 | F:mu sigma m M 149.1 106.9 15.0 452.0 | H 1.097 | V -0.009 | pL -0.003 | vL 0.000 | delta 0.002
U 166 | F 339968 | FPS 0031 | D 11952 | rR:mu sigma m M 0.00 0.00 0.00 0.00 | F:mu sigma m M 247.8 205.5 56.0 900.0 | H 1.098 | V -0.006 | pL -0.001 | vL 0.000 | delta 0.003
U 167 | F 342016 | FPS 0031 | D 12018 | rR:mu sigma m M 0.00 0.00 0.00 0.00 | F:mu sigma m M 96.6 80.1 23.0 302.0 | H 1.098 | V -0.004 | pL -0.002 | vL 0.000 | delta 0.003
U 168 | F 344064 | FPS 0031 | D 12084 | rR:mu sigma m M 0.00 0.00 0.00 0.00 | F:mu sigma m M 132.8 88.5 14.0 302.0 | H 1.098 | V -0.002 | pL -0.001 | vL 0.000 | delta 0.001
U 169 | F 346112 | FPS 0028 | D 12157 | rR:mu sigma m M 0.00 0.00 0.00 0.00 | F:mu sigma m M 146.4 98.7 20.0 319.0 | H 1.098 | V -0.002 | pL -0.001 | vL 0.000 | delta 0.000
U 170 | F 348160 | FPS 0025 | D 12237 | rR:mu sigma m M 0.00 0.00 0.00 0.00 | F:mu sigma m M 152.1 116.7 28.0 453.0 | H 1.099 | V -0.002 | pL -0.000 | vL 0.000 | delta 0.000
U 171 | F 350208 | FPS 0030 | D 12306 | rR:mu sigma m M 0.00 0.00 0.00 0.00 | F:mu sigma m M 221.4 176.4 41.0 733.0 | H 1.099 | V -0.001 | pL -0.000 | vL 0.000 | delta 0.000
U 172 | F 352256 | FPS 0028 | D 12380 | rR:mu sigma m M 0.04 0.17 0.00 0.70 | F:mu sigma m M 153.6 126.7 30.0 452.0 | H 1.093 | V 0.010 | pL -0.005 | vL 0.000 | delta 0.008
U 173 | F 354304 | FPS 0029 | D 12451 | rR:mu sigma m M 0.04 0.17 0.00 0.70 | F:mu sigma m M 136.9 112.5 16.0 357.0 | H 1.096 | V 0.001 | pL -0.000 | vL 0.000 | delta 0.004
U 174 | F 356352 | FPS 0030 | D 12518 | rR:mu sigma m M 0.00 0.00 0.00 0.00 | F:mu sigma m M 169.2 101.6 41.0 384.0 | H 1.093 | V 0.006 | pL 0.002 | vL 0.000 | delta 0.010
U 175 | F 358400 | FPS 0026 | D 12598 | rR:mu sigma m M 0.00 0.00 0.00 0.00 | F:mu sigma m M 271.3 195.5 41.0 686.0 | H 1.098 | V 0.007 | pL 0.001 | vL 0.000 | delta 0.001
U 176 | F 360448 | FPS 0028 | D 12672 | rR:mu sigma m M 0.00 0.00 0.00 0.00 | F:mu sigma m M 335.2 225.3 88.0 800.0 | H 1.098 | V 0.005 | pL 0.001 | vL 0.000 | delta 0.001
U 177 | F 362496 | FPS 0026 | D 12750 | rR:mu sigma m M 0.00 0.00 0.00 0.00 | F:mu sigma m M 165.2 140.1 29.0 577.0 | H 1.098 | V 0.004 | pL 0.001 | vL 0.000 | delta 0.001
U 178 | F 364544 | FPS 0027 | D 12827 | rR:mu sigma m M 0.00 0.00 0.00 0.00 | F:mu sigma m M 229.0 193.1 29.0 640.0 | H 1.095 | V 0.010 | pL 0.000 | vL 0.000 | delta 0.004
U 179 | F 366592 | FPS 0031 | D 12893 | rR:mu sigma m M 0.00 0.00 0.00 0.00 | F:mu sigma m M 214.3 152.7 41.0 587.0 | H 1.098 | V 0.006 | pL 0.001 | vL 0.000 | delta 0.003
U 180 | F 368640 | FPS 0030 | D 12961 | rR:mu sigma m M 0.00 0.00 0.00 0.00 | F:mu sigma m M 175.7 138.8 22.0 546.0 | H 1.097 | V 0.005 | pL 0.002 | vL 0.000 | delta 0.002
U 181 | F 370688 | FPS 0029 | D 13033 | rR:mu sigma m M 0.00 0.00 0.00 0.00 | F:mu sigma m M 165.4 190.1 22.0 786.0 | H 1.098 | V 0.003 | pL 0.001 | vL 0.000 | delta 0.001
U 182 | F 372736 | FPS 0023 | D 13121 | rR:mu sigma m M 0.00 0.00 0.00 0.00 | F:mu sigma m M 185.4 182.8 16.0 745.0 | H 1.098 | V 0.002 | pL 0.001 | vL 0.000 | delta 0.001
U 183 | F 374784 | FPS 0025 | D 13202 | rR:mu sigma m M 0.00 0.00 0.00 0.00 | F:mu sigma m M 161.6 96.8 38.0 430.0 | H 1.098 | V 0.003 | pL 0.000 | vL 0.000 | delta 0.001
U 184 | F 376832 | FPS 0021 | D 13298 | rR:mu sigma m M 0.02 0.07 0.00 0.30 | F:mu sigma m M 167.3 161.0 11.0 699.0 | H 1.097 | V 0.004 | pL -0.002 | vL 0.000 | delta 0.003
U 185 | F 378880 | FPS 0024 | D 13382 | rR:mu sigma m M 0.00 0.00 0.00 0.00 | F:mu sigma m M 146.1 152.2 11.0 510.0 | H 1.098 | V 0.002 | pL 0.001 | vL 0.000 | delta 0.000
U 186 | F 380928 | FPS 0028 | D 13455 | rR:mu sigma m M 0.00 0.00 0.00 0.00 | F:mu sigma m M 178.3 151.4 22.0 522.0 | H 1.099 | V 0.002 | pL 0.000 | vL 0.000 | delta 0.000
U 187 | F 382976 | FPS 0028 | D 13528 | rR:mu sigma m M 0.00 0.00 0.00 0.00 | F:mu sigma m M 167.6 118.1 15.0 425.0 | H 1.099 | V 0.001 | pL 0.000 | vL 0.000 | delta 0.000
U 188 | F 385024 | FPS 0029 | D 13598 | rR:mu sigma m M 0.00 0.00 0.00 0.00 | F:mu sigma m M 144.8 124.1 15.0 497.0 | H 1.099 | V 0.001 | pL 0.000 | vL 0.000 | delta 0.000
U 189 | F 387072 | FPS 0028 | D 13670 | rR:mu sigma m M 0.05 0.21 0.00 0.86 | F:mu sigma m M 175.2 149.9 15.0 531.0 | H 1.095 | V 0.012 | pL -0.007 | vL 0.001 | delta 0.013
U 190 | F 389120 | FPS 0031 | D 13737 | rR:mu sigma m M 0.00 0.00 0.00 0.00 | F:mu sigma m M 212.7 139.1 24.0 477.0 | H 1.098 | V -0.000 | pL -0.000 | vL 0.000 | delta 0.001
U 191 | F 391168 | FPS 0033 | D 13798 | rR:mu sigma m M 0.00 0.00 0.00 0.00 | F:mu sigma m M 154.8 76.8 56.0 378.0 | H 1.098 | V -0.001 | pL -0.000 | vL 0.000 | delta 0.000
U 192 | F 393216 | FPS 0031 | D 13863 | rR:mu sigma m M 0.00 0.00 0.00 0.00 | F:mu sigma m M 128.2 80.5 18.0 356.0 | H 1.098 | V 0.000 | pL -0.000 | vL 0.000 | delta 0.002
U 193 | F 395264 | FPS 0026 | D 13943 | rR:mu sigma m M 0.00 0.00 0.00 0.00 | F:mu sigma m M 164.6 187.2 14.0 879.0 | H 1.096 | V 0.003 | pL -0.002 | vL 0.000 | delta 0.005
U 194 | F 397312 | FPS 0030 | D 14011 | rR:mu sigma m M 0.06 0.22 0.00 0.90 | F:mu sigma m M 82.7 59.7 13.0 268.0 | H 1.096 | V 0.001 | pL -0.002 | vL 0.000 | delta 0.012
U 195 | F 399360 | FPS 0028 | D 14085 | rR:mu sigma m M 0.04 0.15 0.00 0.61 | F:mu sigma m M 189.8 153.2 13.0 564.0 | H 1.093 | V 0.023 | pL 0.003 | vL 0.000 | delta 0.010
U 196 | F 401408 | FPS 0025 | D 14167 | rR:mu sigma m M 0.00 0.00 0.00 0.00 | F:mu sigma m M 161.3 96.7 53.0 475.0 | H 1.098 | V 0.009 | pL 0.002 | vL 0.000 | delta 0.005
U 197 | F 403456 | FPS 0030 | D 14236 | rR:mu sigma m M 0.00 0.00 0.00 0.00 | F:mu sigma m M 166.0 108.6 44.0 383.0 | H 1.098 | V 0.006 | pL 0.002 | vL 0.000 | delta 0.003
U 198 | F 405504 | FPS 0029 | D 14307 | rR:mu sigma m M 0.00 0.00 0.00 0.00 | F:mu sigma m M 186.1 107.4 20.0 383.0 | H 1.088 | V 0.031 | pL -0.003 | vL 0.001 | delta 0.017
U 199 | F 407552 | FPS 0028 | D 14381 | rR:mu sigma m M 0.08 0.21 0.00 0.65 | F:mu sigma m M 202.0 122.2 28.0 449.0 | H 1.082 | V 0.026 | pL 0.001 | vL 0.000 | delta 0.010
U 200 | F 409600 | FPS 0031 | D 14446 | rR:mu sigma m M 0.00 0.00 0.00 0.00 | F:mu sigma m M 152.1 117.1 30.0 440.0 | H 1.097 | V 0.002 | pL 0.001 | vL 0.000 | delta 0.002
U 201 | F 411648 | FPS 0028 | D 14520 | rR:mu sigma m M 0.00 0.00 0.00 0.00 | F:mu sigma m M 140.1 120.3 34.0 546.0 | H 1.098 | V 0.002 | pL 0.001 | vL 0.000 | delta 0.001
U 202 | F 413696 | FPS 0030 | D 14589 | rR:mu sigma m M 0.00 0.00 0.00 0.00 | F:mu sigma m M 160.7 114.6 34.0 546.0 | H 1.098 | V 0.002 | pL 0.001 | vL 0.000 | delta 0.001
U 203 | F 415744 | FPS 0026 | D 14668 | rR:mu sigma m M 0.05 0.19 0.00 0.80 | F:mu sigma m M 155.2 124.2 26.0 500.0 | H 1.092 | V 0.014 | pL -0.005 | vL 0.000 | delta 0.010
U 204 | F 417792 | FPS 0032 | D 14731 | rR:mu sigma m M 0.14 0.30 0.00 0.83 | F:mu sigma m M 240.8 166.1 50.0 579.0 | H 1.084 | V 0.027 | pL -0.007 | vL 0.001 | delta 0.030
U 205 | F 419840 | FPS 0032 | D 14796 | rR:mu sigma m M 0.04 0.16 0.00 0.68 | F:mu sigma m M 152.9 162.4 7.0 656.0 | H 1.080 | V 0.029 | pL -0.004 | vL 0.001 | delta 0.034
U 206 | F 421888 | FPS 0032 | D 14861 | rR:mu sigma m M 0.04 0.16 0.00 0.69 | F:mu sigma m M 135.8 110.4 25.0 478.0 | H 1.085 | V 0.020 | pL -0.000 | vL 0.000 | delta 0.010
U 207 | F 423936 | FPS 0031 | D 14927 | rR:mu sigma m M 0.04 0.17 0.00 0.71 | F:mu sigma m M 115.2 89.5 11.0 344.0 | H 1.081 | V 0.017 | pL 0.001 | vL 0.001 | delta 0.016
U 208 | F 425984 | FPS 0027 | D 15002 | rR:mu sigma m M 0.10 0.28 0.00 0.89 | F:mu sigma m M 141.2 142.1 22.0 514.0 | H 1.078 | V 0.027 | pL -0.010 | vL 0.002 | delta 0.034
U 209 | F 428032 | FPS 0027 | D 15079 | rR:mu sigma m M 0.05 0.21 0.00 0.86 | F:mu sigma m M 164.7 140.8 22.0 514.0 | H 1.084 | V 0.030 | pL -0.001 | vL 0.001 | delta 0.022
U 210 | F 430080 | FPS 0031 | D 15145 | rR:mu sigma m M 0.05 0.21 0.00 0.86 | F:mu sigma m M 113.1 78.1 24.0 268.0 | H 1.091 | V 0.005 | pL 0.001 | vL 0.000 | delta 0.005
U 211 | F 432128 | FPS 0030 | D 15213 | rR:mu sigma m M 0.04 0.17 0.00 0.68 | F:mu sigma m M 229.0 188.9 34.0 680.0 | H 1.070 | V 0.034 | pL 0.001 | vL 0.002 | delta 0.022
U 212 | F 434176 | FPS 0033 | D 15275 | rR:mu sigma m M 0.18 0.34 0.00 0.90 | F:mu sigma m M 146.9 109.9 35.0 446.0 | H 1.058 | V 0.060 | pL -0.018 | vL 0.003 | delta 0.029
U 213 | F 436224 | FPS 0038 | D 15329 | rR:mu sigma m M 0.16 0.34 0.00 0.92 | F:mu sigma m M 86.8 53.9 28.0 231.0 | H 1.054 | V 0.056 | pL -0.014 | vL 0.002 | delta 0.023
U 214 | F 438272 | FPS 0037 | D 15384 | rR:mu sigma m M 0.10 0.27 0.00 0.87 | F:mu sigma m M 127.0 93.0 18.0 367.0 | H 1.046 | V 0.052 | pL -0.004 | vL 0.002 | delta 0.027
U 215 | F 440320 | FPS 0043 | D 15432 | rR:mu sigma m M 0.34 0.42 0.00 0.94 | F:mu sigma m M 126.6 85.1 25.0 393.0 | H 1.004 | V 0.142 | pL -0.038 | vL 0.008 | delta 0.065
U 216 | F 442368 | FPS 0040 | D 15483 | rR:mu sigma m M 0.15 0.33 0.00 0.91 | F:mu sigma m M 68.0 37.7 18.0 139.0 | H 1.009 | V 0.104 | pL -0.023 | vL 0.005 | delta 0.043
U 217 | F 444416 | FPS 0045 | D 15529 | rR:mu sigma m M 0.55 0.44 0.00 0.96 | F:mu sigma m M 97.5 69.8 10.0 319.0 | H 0.917 | V 0.224 | pL -0.078 | vL 0.011 | delta 0.094
U 218 | F 446464 | FPS 0050 | D 15570 | rR:mu sigma m M 0.70 0.38 0.00 0.95 | F:mu sigma m M 91.6 61.9 23.0 340.0 | H 0.843 | V 0.316 | pL -0.101 | vL 0.015 | delta 0.128
U 219 | F 448512 | FPS 0061 | D 15604 | rR:mu sigma m M 0.82 0.30 0.00 0.96 | F:mu sigma m M 63.0 33.3 7.0 173.0 | H 0.758 | V 0.456 | pL -0.101 | vL 0.013 | delta 0.117
U 220 | F 450560 | FPS 0061 | D 15637 | rR:mu sigma m M 0.87 0.25 0.00 0.97 | F:mu sigma m M 56.1 29.9 12.0 143.0 | H 0.654 | V 0.597 | pL -0.095 | vL 0.011 | delta 0.129
U 221 | F 452608 | FPS 0066 | D 15668 | rR:mu sigma m M 0.95 0.01 0.93 0.97 | F:mu sigma m M 47.1 12.2 30.0 75.0 | H 0.594 | V 0.669 | pL -0.068 | vL 0.005 | delta 0.084
agent reach optimality, start collecting trajectories
agent successfully collected 10 trajectories
pickling optimal trajectories
Model successfully saved
/home/rdali/.local/easybuild/software/2017/Core/miniconda3/4.3.27/envs/observe/lib/python3.6/site-packages/torch/nn/functional.py:1906: UserWarning: reduction: 'mean' divides the total loss by both the batch size and the support size.'batchmean' divides only by the batch size, and aligns with the KL div math definition.'mean' will be changed to behave the same as 'batchmean' in the next major release.
  warnings.warn("reduction: 'mean' divides the total loss by both the batch size and the support size."
