The following modules were not unloaded:
  (Use "module --force purge" to unload all):

  1) StdEnv/2018.3     4) gcccore/.7.3.0      7) intel/2018.3
  2) nixpkgs/16.09     5) icc/.2018.3.222     8) openmpi/3.1.2
  3) imkl/2018.3.222   6) ifort/.2018.3.222

Due to MODULEPATH changes, the following have been reloaded:
  1) openmpi/3.1.2

Attention: While Conda works well in a desktop environment, it tends to create more problems than it solves on a cluster. Instead, we recommend that users use virtual environments and the binary packages that we provide through Python wheels as documented on the Python page.
/home/rdali/RL/watch_and_learn/dependency/rl-starter-files/scripts/train_agent_multidem.py --env MiniGrid-LavaCrossingAddictO8S15-v0 --algo ppo --nameDemonstrator LavaCrossing1508Addict1,LavaCrossing1508Addict2,LavaCrossing1508Addict3,LavaCrossing1508Addict4,LavaCrossing1508Addict10,LavaCrossing1508Addict11,LavaCrossing1508Addict12,LavaCrossing1508Addict13 --flat-model 0 --KLweight 0.1 --useKL 1 --meanReward 0.80 --rewardLB 0.70 --seed 2505

Namespace(KLweight=0.1, algo='ppo', batch_size=256, clip_eps=0.2, discount=0.99, entropy_coef=0.01, env='MiniGrid-LavaCrossingAddictO8S15-v0', epochs=4, flat_model=0, frames=10000000, frames_per_proc=None, full_obs=0, gae_lambda=0.95, log_interval=1, lr=0.0007, max_grad_norm=0.5, meanReward=0.8, mem=False, model=None, nameDemonstrator='LavaCrossing1508Addict1,LavaCrossing1508Addict2,LavaCrossing1508Addict3,LavaCrossing1508Addict4,LavaCrossing1508Addict10,LavaCrossing1508Addict11,LavaCrossing1508Addict12,LavaCrossing1508Addict13', optim_alpha=0.99, optim_eps=1e-05, procs=16, recurrence=1, rewardLB=0.7, save_interval=0, seed=2505, tb=False, text=False, useKL=1, value_loss_coef=0.5)

Flat model successfully created

ACModel(
  (image_conv): Sequential(
    (0): Conv2d(3, 32, kernel_size=(2, 2), stride=(1, 1))
    (1): ReLU()
    (2): MaxPool2d(kernel_size=(2, 2), stride=(2, 2), padding=0, dilation=1, ceil_mode=False)
    (3): Conv2d(32, 64, kernel_size=(2, 2), stride=(1, 1))
    (4): ReLU()
    (5): Conv2d(64, 64, kernel_size=(2, 2), stride=(1, 1))
    (6): ReLU()
  )
  (actor): Sequential(
    (0): Linear(in_features=1600, out_features=64, bias=True)
    (1): Tanh()
    (2): Linear(in_features=64, out_features=3, bias=True)
  )
  (critic): Sequential(
    (0): Linear(in_features=1600, out_features=64, bias=True)
    (1): Tanh()
    (2): Linear(in_features=64, out_features=1, bias=True)
  )
)

CUDA available: False

1
True
0.1
Using TensorFlow backend.
OMP: Info #212: KMP_AFFINITY: decoding x2APIC ids.
OMP: Info #210: KMP_AFFINITY: Affinity capable, using global cpuid leaf 11 info
OMP: Info #154: KMP_AFFINITY: Initial OS proc set respected: 0,2,5,7,26
OMP: Info #156: KMP_AFFINITY: 5 available OS procs
OMP: Info #158: KMP_AFFINITY: Nonuniform topology
OMP: Info #179: KMP_AFFINITY: 2 packages x 3 cores/pkg x 1 threads/core (5 total cores)
OMP: Info #214: KMP_AFFINITY: OS proc to physical thread map:
OMP: Info #171: KMP_AFFINITY: OS proc 0 maps to package 0 core 0 
OMP: Info #171: KMP_AFFINITY: OS proc 2 maps to package 0 core 4 
OMP: Info #171: KMP_AFFINITY: OS proc 26 maps to package 0 core 19 
OMP: Info #171: KMP_AFFINITY: OS proc 5 maps to package 1 core 1 
OMP: Info #171: KMP_AFFINITY: OS proc 7 maps to package 1 core 3 
OMP: Info #250: KMP_AFFINITY: pid 148794 tid 148794 thread 0 bound to OS proc set 0
OMP: Info #250: KMP_AFFINITY: pid 148794 tid 149186 thread 1 bound to OS proc set 5
OMP: Info #250: KMP_AFFINITY: pid 148794 tid 149187 thread 2 bound to OS proc set 2
OMP: Info #250: KMP_AFFINITY: pid 148794 tid 149189 thread 4 bound to OS proc set 26
OMP: Info #250: KMP_AFFINITY: pid 148794 tid 149188 thread 3 bound to OS proc set 7
OMP: Info #250: KMP_AFFINITY: pid 148794 tid 149644 thread 5 bound to OS proc set 0
OMP: Info #250: KMP_AFFINITY: pid 148794 tid 149645 thread 6 bound to OS proc set 5
OMP: Info #250: KMP_AFFINITY: pid 148794 tid 149663 thread 7 bound to OS proc set 2
OMP: Info #250: KMP_AFFINITY: pid 148794 tid 149664 thread 8 bound to OS proc set 7
OMP: Info #250: KMP_AFFINITY: pid 148794 tid 149665 thread 9 bound to OS proc set 26
OMP: Info #250: KMP_AFFINITY: pid 148794 tid 149666 thread 10 bound to OS proc set 0
OMP: Info #250: KMP_AFFINITY: pid 148794 tid 149687 thread 11 bound to OS proc set 5
OMP: Info #250: KMP_AFFINITY: pid 148794 tid 149688 thread 12 bound to OS proc set 2
OMP: Info #250: KMP_AFFINITY: pid 148794 tid 149689 thread 13 bound to OS proc set 7
OMP: Info #250: KMP_AFFINITY: pid 148794 tid 149690 thread 14 bound to OS proc set 26
OMP: Info #250: KMP_AFFINITY: pid 148794 tid 149691 thread 15 bound to OS proc set 0
U 1 | F 002048 | FPS 0034 | D 59 | rR:mu sigma m M 0.00 0.00 0.00 0.00 | F:mu sigma m M 42.7 35.9 0.0 116.0 | H 1.081 | V -0.117 | pL -0.034 | vL 0.001 | delta 0.074
U 2 | F 004096 | FPS 0036 | D 117 | rR:mu sigma m M 0.04 0.19 0.00 0.93 | F:mu sigma m M 99.4 53.7 8.0 202.0 | H 1.091 | V -0.086 | pL -0.043 | vL 0.004 | delta 0.028
U 3 | F 006144 | FPS 0038 | D 171 | rR:mu sigma m M 0.00 0.00 0.00 0.00 | F:mu sigma m M 96.6 74.0 11.0 299.0 | H 1.096 | V -0.075 | pL -0.020 | vL 0.000 | delta 0.013
U 4 | F 008192 | FPS 0030 | D 241 | rR:mu sigma m M 0.00 0.00 0.00 0.00 | F:mu sigma m M 121.5 80.6 23.0 264.0 | H 1.096 | V -0.050 | pL -0.018 | vL 0.000 | delta 0.010
U 5 | F 010240 | FPS 0029 | D 311 | rR:mu sigma m M 0.00 0.00 0.00 0.00 | F:mu sigma m M 145.3 97.3 23.0 349.0 | H 1.098 | V -0.037 | pL -0.011 | vL 0.000 | delta 0.004
U 6 | F 012288 | FPS 0029 | D 382 | rR:mu sigma m M 0.00 0.00 0.00 0.00 | F:mu sigma m M 159.4 130.0 28.0 465.0 | H 1.098 | V -0.027 | pL -0.009 | vL 0.000 | delta 0.005
U 7 | F 014336 | FPS 0030 | D 450 | rR:mu sigma m M 0.03 0.12 0.00 0.50 | F:mu sigma m M 174.8 119.2 49.0 498.0 | H 1.097 | V -0.016 | pL -0.010 | vL 0.001 | delta 0.013
U 8 | F 016384 | FPS 0028 | D 523 | rR:mu sigma m M 0.03 0.12 0.00 0.50 | F:mu sigma m M 185.7 126.7 18.0 498.0 | H 1.097 | V -0.019 | pL -0.005 | vL 0.000 | delta 0.005
U 9 | F 018432 | FPS 0033 | D 585 | rR:mu sigma m M 0.00 0.00 0.00 0.00 | F:mu sigma m M 197.4 148.4 34.0 591.0 | H 1.097 | V -0.012 | pL -0.004 | vL 0.000 | delta 0.003
U 10 | F 020480 | FPS 0031 | D 652 | rR:mu sigma m M 0.00 0.00 0.00 0.00 | F:mu sigma m M 196.8 199.4 18.0 766.0 | H 1.098 | V -0.009 | pL -0.002 | vL 0.000 | delta 0.001
U 11 | F 022528 | FPS 0028 | D 724 | rR:mu sigma m M 0.00 0.00 0.00 0.00 | F:mu sigma m M 229.6 183.4 20.0 766.0 | H 1.098 | V -0.007 | pL -0.002 | vL 0.000 | delta 0.001
U 12 | F 024576 | FPS 0029 | D 794 | rR:mu sigma m M 0.04 0.17 0.00 0.69 | F:mu sigma m M 150.6 101.6 32.0 354.0 | H 1.098 | V 0.000 | pL -0.007 | vL 0.001 | delta 0.018
U 13 | F 026624 | FPS 0026 | D 874 | rR:mu sigma m M 0.00 0.00 0.00 0.00 | F:mu sigma m M 155.7 158.7 10.0 682.0 | H 1.098 | V 0.000 | pL -0.000 | vL 0.000 | delta 0.007
U 14 | F 028672 | FPS 0028 | D 948 | rR:mu sigma m M 0.00 0.00 0.00 0.00 | F:mu sigma m M 134.5 81.6 40.0 320.0 | H 1.098 | V 0.003 | pL 0.000 | vL 0.000 | delta 0.005
U 15 | F 030720 | FPS 0030 | D 1017 | rR:mu sigma m M 0.00 0.00 0.00 0.00 | F:mu sigma m M 164.0 91.0 26.0 322.0 | H 1.098 | V 0.001 | pL 0.000 | vL 0.000 | delta 0.003
U 16 | F 032768 | FPS 0026 | D 1095 | rR:mu sigma m M 0.00 0.00 0.00 0.00 | F:mu sigma m M 145.5 117.7 26.0 399.0 | H 1.098 | V -0.000 | pL -0.000 | vL 0.000 | delta 0.002
U 17 | F 034816 | FPS 0029 | D 1165 | rR:mu sigma m M 0.00 0.00 0.00 0.00 | F:mu sigma m M 181.3 141.2 23.0 414.0 | H 1.099 | V 0.001 | pL 0.000 | vL 0.000 | delta 0.001
U 18 | F 036864 | FPS 0027 | D 1239 | rR:mu sigma m M 0.00 0.00 0.00 0.00 | F:mu sigma m M 209.9 137.7 14.0 451.0 | H 1.098 | V 0.002 | pL 0.000 | vL 0.000 | delta 0.003
U 19 | F 038912 | FPS 0028 | D 1312 | rR:mu sigma m M 0.00 0.00 0.00 0.00 | F:mu sigma m M 202.4 118.5 39.0 451.0 | H 1.099 | V 0.003 | pL 0.001 | vL 0.000 | delta 0.006
U 20 | F 040960 | FPS 0025 | D 1393 | rR:mu sigma m M 0.00 0.00 0.00 0.00 | F:mu sigma m M 169.5 129.0 22.0 427.0 | H 1.098 | V 0.001 | pL 0.000 | vL 0.000 | delta 0.002
U 21 | F 043008 | FPS 0027 | D 1468 | rR:mu sigma m M 0.00 0.00 0.00 0.00 | F:mu sigma m M 177.1 122.8 25.0 427.0 | H 1.098 | V 0.000 | pL -0.000 | vL 0.000 | delta 0.001
U 22 | F 045056 | FPS 0028 | D 1541 | rR:mu sigma m M 0.00 0.00 0.00 0.00 | F:mu sigma m M 248.1 136.3 12.0 485.0 | H 1.099 | V -0.000 | pL -0.000 | vL 0.000 | delta 0.001
U 23 | F 047104 | FPS 0029 | D 1611 | rR:mu sigma m M 0.00 0.00 0.00 0.00 | F:mu sigma m M 139.6 109.1 12.0 354.0 | H 1.099 | V -0.000 | pL -0.000 | vL 0.000 | delta 0.001
U 24 | F 049152 | FPS 0027 | D 1688 | rR:mu sigma m M 0.00 0.00 0.00 0.00 | F:mu sigma m M 158.2 110.8 29.0 452.0 | H 1.099 | V 0.000 | pL -0.000 | vL 0.000 | delta 0.000
U 25 | F 051200 | FPS 0030 | D 1757 | rR:mu sigma m M 0.00 0.00 0.00 0.00 | F:mu sigma m M 98.6 76.0 14.0 337.0 | H 1.099 | V 0.001 | pL 0.000 | vL 0.000 | delta 0.002
U 26 | F 053248 | FPS 0022 | D 1850 | rR:mu sigma m M 0.00 0.00 0.00 0.00 | F:mu sigma m M 194.1 166.8 48.0 688.0 | H 1.099 | V -0.001 | pL -0.000 | vL 0.000 | delta 0.000
U 27 | F 055296 | FPS 0028 | D 1924 | rR:mu sigma m M 0.00 0.00 0.00 0.00 | F:mu sigma m M 171.1 160.3 25.0 694.0 | H 1.099 | V -0.000 | pL -0.000 | vL 0.000 | delta 0.000
U 28 | F 057344 | FPS 0027 | D 1999 | rR:mu sigma m M 0.00 0.00 0.00 0.00 | F:mu sigma m M 160.4 155.4 25.0 694.0 | H 1.099 | V -0.000 | pL -0.000 | vL 0.000 | delta 0.000
U 29 | F 059392 | FPS 0026 | D 2078 | rR:mu sigma m M 0.00 0.00 0.00 0.00 | F:mu sigma m M 155.6 100.5 37.0 370.0 | H 1.099 | V -0.000 | pL -0.000 | vL 0.000 | delta 0.000
U 30 | F 061440 | FPS 0028 | D 2152 | rR:mu sigma m M 0.00 0.00 0.00 0.00 | F:mu sigma m M 171.1 101.7 45.0 370.0 | H 1.099 | V -0.000 | pL -0.000 | vL 0.000 | delta 0.000
U 31 | F 063488 | FPS 0026 | D 2230 | rR:mu sigma m M 0.00 0.00 0.00 0.00 | F:mu sigma m M 234.2 187.3 19.0 673.0 | H 1.099 | V 0.000 | pL -0.000 | vL 0.000 | delta 0.000
U 32 | F 065536 | FPS 0025 | D 2312 | rR:mu sigma m M 0.00 0.00 0.00 0.00 | F:mu sigma m M 202.8 177.4 17.0 627.0 | H 1.099 | V 0.000 | pL 0.000 | vL 0.000 | delta 0.000
U 33 | F 067584 | FPS 0027 | D 2388 | rR:mu sigma m M 0.00 0.00 0.00 0.00 | F:mu sigma m M 122.4 72.8 39.0 317.0 | H 1.099 | V 0.000 | pL 0.000 | vL 0.000 | delta 0.000
U 34 | F 069632 | FPS 0028 | D 2462 | rR:mu sigma m M 0.00 0.00 0.00 0.00 | F:mu sigma m M 154.3 117.6 20.0 455.0 | H 1.099 | V 0.000 | pL 0.000 | vL 0.000 | delta 0.000
U 35 | F 071680 | FPS 0026 | D 2539 | rR:mu sigma m M 0.00 0.00 0.00 0.00 | F:mu sigma m M 184.0 154.3 27.0 473.0 | H 1.099 | V 0.000 | pL 0.000 | vL 0.000 | delta 0.000
U 36 | F 073728 | FPS 0031 | D 2605 | rR:mu sigma m M 0.00 0.00 0.00 0.00 | F:mu sigma m M 167.1 125.3 22.0 473.0 | H 1.099 | V 0.001 | pL 0.000 | vL 0.000 | delta 0.001
U 37 | F 075776 | FPS 0027 | D 2680 | rR:mu sigma m M 0.04 0.14 0.00 0.58 | F:mu sigma m M 166.6 104.3 22.0 415.0 | H 1.087 | V 0.005 | pL -0.005 | vL 0.000 | delta 0.021
U 38 | F 077824 | FPS 0031 | D 2746 | rR:mu sigma m M 0.00 0.00 0.00 0.00 | F:mu sigma m M 168.7 179.1 11.0 699.0 | H 1.098 | V -0.002 | pL -0.003 | vL 0.000 | delta 0.003
U 39 | F 079872 | FPS 0025 | D 2827 | rR:mu sigma m M 0.04 0.14 0.00 0.59 | F:mu sigma m M 131.6 136.7 13.0 515.0 | H 1.098 | V 0.002 | pL -0.005 | vL 0.000 | delta 0.021
U 40 | F 081920 | FPS 0027 | D 2903 | rR:mu sigma m M 0.04 0.14 0.00 0.59 | F:mu sigma m M 209.7 147.4 28.0 557.0 | H 1.098 | V -0.002 | pL -0.001 | vL 0.000 | delta 0.002
U 41 | F 083968 | FPS 0028 | D 2976 | rR:mu sigma m M 0.00 0.00 0.00 0.00 | F:mu sigma m M 190.1 141.6 28.0 532.0 | H 1.098 | V 0.001 | pL -0.000 | vL 0.000 | delta 0.002
U 42 | F 086016 | FPS 0027 | D 3051 | rR:mu sigma m M 0.00 0.00 0.00 0.00 | F:mu sigma m M 247.4 140.8 32.0 532.0 | H 1.099 | V -0.000 | pL 0.000 | vL 0.000 | delta 0.004
U 43 | F 088064 | FPS 0028 | D 3123 | rR:mu sigma m M 0.00 0.00 0.00 0.00 | F:mu sigma m M 189.7 119.4 40.0 500.0 | H 1.098 | V -0.002 | pL -0.001 | vL 0.000 | delta 0.002
U 44 | F 090112 | FPS 0026 | D 3203 | rR:mu sigma m M 0.00 0.00 0.00 0.00 | F:mu sigma m M 215.6 194.1 26.0 722.0 | H 1.099 | V -0.002 | pL -0.001 | vL 0.000 | delta 0.002
U 45 | F 092160 | FPS 0027 | D 3278 | rR:mu sigma m M 0.00 0.00 0.00 0.00 | F:mu sigma m M 197.8 158.9 26.0 643.0 | H 1.099 | V -0.002 | pL -0.000 | vL 0.000 | delta 0.001
U 46 | F 094208 | FPS 0029 | D 3350 | rR:mu sigma m M 0.00 0.00 0.00 0.00 | F:mu sigma m M 118.2 91.8 9.0 382.0 | H 1.099 | V -0.001 | pL -0.000 | vL 0.000 | delta 0.000
U 47 | F 096256 | FPS 0025 | D 3431 | rR:mu sigma m M 0.00 0.00 0.00 0.00 | F:mu sigma m M 162.0 127.5 9.0 476.0 | H 1.099 | V -0.001 | pL -0.000 | vL 0.000 | delta 0.000
U 48 | F 098304 | FPS 0030 | D 3499 | rR:mu sigma m M 0.00 0.00 0.00 0.00 | F:mu sigma m M 145.8 127.1 31.0 524.0 | H 1.099 | V -0.000 | pL -0.000 | vL 0.000 | delta 0.001
U 49 | F 100352 | FPS 0027 | D 3574 | rR:mu sigma m M 0.00 0.00 0.00 0.00 | F:mu sigma m M 184.2 160.4 31.0 612.0 | H 1.099 | V -0.001 | pL -0.000 | vL 0.000 | delta 0.000
U 50 | F 102400 | FPS 0028 | D 3646 | rR:mu sigma m M 0.00 0.00 0.00 0.00 | F:mu sigma m M 179.7 116.9 38.0 445.0 | H 1.099 | V -0.001 | pL -0.000 | vL 0.000 | delta 0.000
U 51 | F 104448 | FPS 0026 | D 3726 | rR:mu sigma m M 0.00 0.00 0.00 0.00 | F:mu sigma m M 202.9 175.2 53.0 633.0 | H 1.099 | V -0.001 | pL -0.000 | vL 0.000 | delta 0.000
U 52 | F 106496 | FPS 0028 | D 3800 | rR:mu sigma m M 0.00 0.00 0.00 0.00 | F:mu sigma m M 201.6 207.5 13.0 746.0 | H 1.099 | V -0.000 | pL -0.000 | vL 0.000 | delta 0.002
U 53 | F 108544 | FPS 0026 | D 3880 | rR:mu sigma m M 0.00 0.00 0.00 0.00 | F:mu sigma m M 212.4 189.4 13.0 746.0 | H 1.099 | V -0.000 | pL 0.000 | vL 0.000 | delta 0.001
U 54 | F 110592 | FPS 0027 | D 3956 | rR:mu sigma m M 0.00 0.00 0.00 0.00 | F:mu sigma m M 139.2 80.3 16.0 335.0 | H 1.098 | V 0.000 | pL 0.000 | vL 0.000 | delta 0.001
U 55 | F 112640 | FPS 0027 | D 4032 | rR:mu sigma m M 0.00 0.00 0.00 0.00 | F:mu sigma m M 190.3 177.8 16.0 615.0 | H 1.099 | V 0.001 | pL 0.000 | vL 0.000 | delta 0.000
U 56 | F 114688 | FPS 0025 | D 4113 | rR:mu sigma m M 0.04 0.17 0.00 0.75 | F:mu sigma m M 171.4 148.2 15.0 618.0 | H 1.092 | V 0.004 | pL -0.006 | vL 0.001 | delta 0.031
U 57 | F 116736 | FPS 0029 | D 4183 | rR:mu sigma m M 0.00 0.00 0.00 0.00 | F:mu sigma m M 114.3 82.6 12.0 328.0 | H 1.098 | V -0.005 | pL -0.002 | vL 0.000 | delta 0.002
U 58 | F 118784 | FPS 0030 | D 4251 | rR:mu sigma m M 0.00 0.00 0.00 0.00 | F:mu sigma m M 92.7 57.9 13.0 193.0 | H 1.099 | V -0.004 | pL -0.001 | vL 0.000 | delta 0.003
U 59 | F 120832 | FPS 0028 | D 4325 | rR:mu sigma m M 0.00 0.00 0.00 0.00 | F:mu sigma m M 179.3 182.5 13.0 706.0 | H 1.098 | V -0.000 | pL -0.003 | vL 0.000 | delta 0.006
U 60 | F 122880 | FPS 0027 | D 4401 | rR:mu sigma m M 0.06 0.22 0.00 0.91 | F:mu sigma m M 155.8 158.7 33.0 706.0 | H 1.097 | V 0.003 | pL -0.003 | vL 0.001 | delta 0.023
U 61 | F 124928 | FPS 0028 | D 4475 | rR:mu sigma m M 0.00 0.00 0.00 0.00 | F:mu sigma m M 128.0 64.6 33.0 285.0 | H 1.098 | V -0.001 | pL -0.001 | vL 0.000 | delta 0.002
U 62 | F 126976 | FPS 0032 | D 4538 | rR:mu sigma m M 0.00 0.00 0.00 0.00 | F:mu sigma m M 169.5 150.4 33.0 672.0 | H 1.098 | V 0.001 | pL 0.000 | vL 0.000 | delta 0.003
U 63 | F 129024 | FPS 0027 | D 4614 | rR:mu sigma m M 0.00 0.00 0.00 0.00 | F:mu sigma m M 160.8 138.8 27.0 501.0 | H 1.099 | V -0.000 | pL 0.000 | vL 0.000 | delta 0.001
U 64 | F 131072 | FPS 0031 | D 4681 | rR:mu sigma m M 0.00 0.00 0.00 0.00 | F:mu sigma m M 139.2 164.5 22.0 690.0 | H 1.099 | V 0.001 | pL 0.000 | vL 0.000 | delta 0.001
U 65 | F 133120 | FPS 0026 | D 4760 | rR:mu sigma m M 0.00 0.00 0.00 0.00 | F:mu sigma m M 169.2 154.2 23.0 565.0 | H 1.099 | V 0.001 | pL 0.000 | vL 0.000 | delta 0.001
U 66 | F 135168 | FPS 0032 | D 4823 | rR:mu sigma m M 0.00 0.00 0.00 0.00 | F:mu sigma m M 237.1 174.3 37.0 567.0 | H 1.099 | V 0.001 | pL 0.000 | vL 0.000 | delta 0.001
U 67 | F 137216 | FPS 0027 | D 4899 | rR:mu sigma m M 0.00 0.00 0.00 0.00 | F:mu sigma m M 214.6 134.7 20.0 471.0 | H 1.099 | V 0.001 | pL 0.000 | vL 0.000 | delta 0.001
U 68 | F 139264 | FPS 0025 | D 4980 | rR:mu sigma m M 0.00 0.00 0.00 0.00 | F:mu sigma m M 136.4 81.0 12.0 249.0 | H 1.099 | V 0.000 | pL 0.000 | vL 0.000 | delta 0.000
U 69 | F 141312 | FPS 0026 | D 5060 | rR:mu sigma m M 0.00 0.00 0.00 0.00 | F:mu sigma m M 121.0 77.4 32.0 270.0 | H 1.099 | V 0.000 | pL 0.000 | vL 0.000 | delta 0.000
U 70 | F 143360 | FPS 0026 | D 5138 | rR:mu sigma m M 0.00 0.00 0.00 0.00 | F:mu sigma m M 135.6 120.5 23.0 416.0 | H 1.099 | V 0.000 | pL 0.000 | vL 0.000 | delta 0.000
U 71 | F 145408 | FPS 0029 | D 5208 | rR:mu sigma m M 0.00 0.00 0.00 0.00 | F:mu sigma m M 152.5 80.8 32.0 300.0 | H 1.098 | V 0.002 | pL -0.000 | vL 0.000 | delta 0.002
U 72 | F 147456 | FPS 0028 | D 5281 | rR:mu sigma m M 0.05 0.19 0.00 0.78 | F:mu sigma m M 131.1 49.5 32.0 217.0 | H 1.097 | V 0.001 | pL -0.001 | vL 0.000 | delta 0.019
U 73 | F 149504 | FPS 0024 | D 5366 | rR:mu sigma m M 0.00 0.00 0.00 0.00 | F:mu sigma m M 145.1 66.8 85.0 354.0 | H 1.096 | V 0.020 | pL 0.003 | vL 0.000 | delta 0.025
U 74 | F 151552 | FPS 0028 | D 5440 | rR:mu sigma m M 0.05 0.18 0.00 0.75 | F:mu sigma m M 118.1 89.6 32.0 349.0 | H 1.096 | V 0.024 | pL 0.002 | vL 0.000 | delta 0.023
U 75 | F 153600 | FPS 0023 | D 5528 | rR:mu sigma m M 0.05 0.20 0.00 0.82 | F:mu sigma m M 132.3 104.2 21.0 349.0 | H 1.094 | V 0.038 | pL -0.001 | vL 0.001 | delta 0.026
U 76 | F 155648 | FPS 0027 | D 5605 | rR:mu sigma m M 0.10 0.26 0.00 0.82 | F:mu sigma m M 197.1 143.2 17.0 642.0 | H 1.093 | V 0.008 | pL -0.002 | vL 0.000 | delta 0.014
U 77 | F 157696 | FPS 0032 | D 5668 | rR:mu sigma m M 0.00 0.00 0.00 0.00 | F:mu sigma m M 212.1 172.6 17.0 642.0 | H 1.098 | V 0.005 | pL 0.001 | vL 0.000 | delta 0.005
U 78 | F 159744 | FPS 0025 | D 5749 | rR:mu sigma m M 0.00 0.00 0.00 0.00 | F:mu sigma m M 191.1 114.1 25.0 424.0 | H 1.096 | V 0.009 | pL 0.002 | vL 0.000 | delta 0.009
U 79 | F 161792 | FPS 0031 | D 5815 | rR:mu sigma m M 0.00 0.00 0.00 0.00 | F:mu sigma m M 140.5 114.8 35.0 494.0 | H 1.096 | V 0.015 | pL -0.000 | vL 0.000 | delta 0.008
U 80 | F 163840 | FPS 0027 | D 5891 | rR:mu sigma m M 0.00 0.00 0.00 0.00 | F:mu sigma m M 153.4 163.7 35.0 651.0 | H 1.097 | V 0.015 | pL 0.005 | vL 0.000 | delta 0.006
U 81 | F 165888 | FPS 0030 | D 5959 | rR:mu sigma m M 0.00 0.00 0.00 0.00 | F:mu sigma m M 165.9 159.6 39.0 651.0 | H 1.098 | V 0.010 | pL 0.002 | vL 0.000 | delta 0.001
U 82 | F 167936 | FPS 0023 | D 6047 | rR:mu sigma m M 0.00 0.00 0.00 0.00 | F:mu sigma m M 209.8 144.4 22.0 630.0 | H 1.098 | V 0.010 | pL 0.003 | vL 0.000 | delta 0.003
U 83 | F 169984 | FPS 0025 | D 6130 | rR:mu sigma m M 0.00 0.00 0.00 0.00 | F:mu sigma m M 221.5 195.4 37.0 701.0 | H 1.098 | V 0.006 | pL -0.002 | vL 0.000 | delta 0.007
U 84 | F 172032 | FPS 0029 | D 6201 | rR:mu sigma m M 0.00 0.00 0.00 0.00 | F:mu sigma m M 193.6 167.7 14.0 610.0 | H 1.095 | V 0.010 | pL 0.005 | vL 0.000 | delta 0.006
U 85 | F 174080 | FPS 0026 | D 6280 | rR:mu sigma m M 0.00 0.00 0.00 0.00 | F:mu sigma m M 169.9 157.8 14.0 610.0 | H 1.098 | V 0.006 | pL 0.001 | vL 0.000 | delta 0.003
U 86 | F 176128 | FPS 0029 | D 6350 | rR:mu sigma m M 0.00 0.00 0.00 0.00 | F:mu sigma m M 167.8 105.3 33.0 384.0 | H 1.098 | V 0.006 | pL 0.001 | vL 0.000 | delta 0.001
U 87 | F 178176 | FPS 0026 | D 6429 | rR:mu sigma m M 0.00 0.00 0.00 0.00 | F:mu sigma m M 217.2 131.7 33.0 478.0 | H 1.098 | V 0.004 | pL 0.001 | vL 0.000 | delta 0.000
U 88 | F 180224 | FPS 0028 | D 6501 | rR:mu sigma m M 0.00 0.00 0.00 0.00 | F:mu sigma m M 204.6 130.2 45.0 478.0 | H 1.099 | V 0.003 | pL 0.001 | vL 0.000 | delta 0.001
U 89 | F 182272 | FPS 0024 | D 6587 | rR:mu sigma m M 0.00 0.00 0.00 0.00 | F:mu sigma m M 176.1 91.8 52.0 382.0 | H 1.099 | V 0.003 | pL 0.001 | vL 0.000 | delta 0.001
U 90 | F 184320 | FPS 0026 | D 6667 | rR:mu sigma m M 0.00 0.00 0.00 0.00 | F:mu sigma m M 192.2 154.5 43.0 668.0 | H 1.098 | V 0.002 | pL 0.000 | vL 0.000 | delta 0.000
U 91 | F 186368 | FPS 0028 | D 6739 | rR:mu sigma m M 0.00 0.00 0.00 0.00 | F:mu sigma m M 186.5 215.6 20.0 839.0 | H 1.098 | V 0.002 | pL 0.001 | vL 0.000 | delta 0.000
U 92 | F 188416 | FPS 0025 | D 6822 | rR:mu sigma m M 0.00 0.00 0.00 0.00 | F:mu sigma m M 111.4 139.0 18.0 603.0 | H 1.099 | V 0.001 | pL 0.000 | vL 0.000 | delta 0.000
U 93 | F 190464 | FPS 0027 | D 6899 | rR:mu sigma m M 0.00 0.00 0.00 0.00 | F:mu sigma m M 147.7 82.6 42.0 351.0 | H 1.099 | V 0.001 | pL 0.000 | vL 0.000 | delta 0.000
U 94 | F 192512 | FPS 0025 | D 6980 | rR:mu sigma m M 0.00 0.00 0.00 0.00 | F:mu sigma m M 115.9 65.4 42.0 264.0 | H 1.098 | V 0.002 | pL 0.000 | vL 0.000 | delta 0.001
U 95 | F 194560 | FPS 0026 | D 7058 | rR:mu sigma m M 0.00 0.00 0.00 0.00 | F:mu sigma m M 204.0 203.3 22.0 729.0 | H 1.099 | V 0.001 | pL 0.000 | vL 0.000 | delta 0.000
U 96 | F 196608 | FPS 0028 | D 7131 | rR:mu sigma m M 0.00 0.00 0.00 0.00 | F:mu sigma m M 200.8 159.5 22.0 652.0 | H 1.098 | V 0.002 | pL 0.000 | vL 0.000 | delta 0.001
U 97 | F 198656 | FPS 0030 | D 7199 | rR:mu sigma m M 0.00 0.00 0.00 0.00 | F:mu sigma m M 162.4 106.9 33.0 400.0 | H 1.098 | V 0.003 | pL -0.001 | vL 0.000 | delta 0.001
U 98 | F 200704 | FPS 0026 | D 7278 | rR:mu sigma m M 0.06 0.21 0.00 0.88 | F:mu sigma m M 181.2 163.6 34.0 707.0 | H 1.094 | V 0.002 | pL -0.003 | vL 0.001 | delta 0.031
U 99 | F 202752 | FPS 0030 | D 7346 | rR:mu sigma m M 0.00 0.00 0.00 0.00 | F:mu sigma m M 195.8 159.6 15.0 603.0 | H 1.098 | V 0.005 | pL 0.002 | vL 0.000 | delta 0.002
U 100 | F 204800 | FPS 0026 | D 7425 | rR:mu sigma m M 0.00 0.00 0.00 0.00 | F:mu sigma m M 158.0 152.3 15.0 601.0 | H 1.098 | V 0.007 | pL 0.002 | vL 0.000 | delta 0.003
U 101 | F 206848 | FPS 0029 | D 7496 | rR:mu sigma m M 0.00 0.00 0.00 0.00 | F:mu sigma m M 135.7 89.3 32.0 354.0 | H 1.098 | V 0.006 | pL 0.001 | vL 0.000 | delta 0.004
U 102 | F 208896 | FPS 0028 | D 7569 | rR:mu sigma m M 0.04 0.17 0.00 0.70 | F:mu sigma m M 170.1 105.5 38.0 414.0 | H 1.097 | V 0.007 | pL -0.004 | vL 0.000 | delta 0.012
U 103 | F 210944 | FPS 0026 | D 7647 | rR:mu sigma m M 0.00 0.00 0.00 0.00 | F:mu sigma m M 163.1 118.0 38.0 474.0 | H 1.098 | V 0.005 | pL 0.001 | vL 0.000 | delta 0.004
U 104 | F 212992 | FPS 0029 | D 7717 | rR:mu sigma m M 0.00 0.00 0.00 0.00 | F:mu sigma m M 194.4 103.4 41.0 414.0 | H 1.098 | V 0.003 | pL 0.001 | vL 0.000 | delta 0.001
U 105 | F 215040 | FPS 0026 | D 7796 | rR:mu sigma m M 0.00 0.00 0.00 0.00 | F:mu sigma m M 200.6 118.9 41.0 498.0 | H 1.098 | V 0.003 | pL 0.001 | vL 0.000 | delta 0.002
U 106 | F 217088 | FPS 0026 | D 7875 | rR:mu sigma m M 0.00 0.00 0.00 0.00 | F:mu sigma m M 195.4 114.8 28.0 392.0 | H 1.098 | V 0.001 | pL 0.000 | vL 0.000 | delta 0.002
U 107 | F 219136 | FPS 0030 | D 7942 | rR:mu sigma m M 0.00 0.00 0.00 0.00 | F:mu sigma m M 220.2 157.7 52.0 708.0 | H 1.098 | V 0.001 | pL 0.000 | vL 0.000 | delta 0.001
U 108 | F 221184 | FPS 0027 | D 8019 | rR:mu sigma m M 0.00 0.00 0.00 0.00 | F:mu sigma m M 179.4 75.5 25.0 325.0 | H 1.097 | V 0.006 | pL 0.001 | vL 0.000 | delta 0.007
U 109 | F 223232 | FPS 0029 | D 8089 | rR:mu sigma m M 0.00 0.00 0.00 0.00 | F:mu sigma m M 138.2 126.7 19.0 500.0 | H 1.099 | V -0.002 | pL -0.001 | vL 0.000 | delta 0.001
U 110 | F 225280 | FPS 0026 | D 8167 | rR:mu sigma m M 0.00 0.00 0.00 0.00 | F:mu sigma m M 106.6 81.4 19.0 320.0 | H 1.098 | V -0.002 | pL -0.001 | vL 0.000 | delta 0.001
U 111 | F 227328 | FPS 0026 | D 8247 | rR:mu sigma m M 0.00 0.00 0.00 0.00 | F:mu sigma m M 183.8 121.5 33.0 528.0 | H 1.099 | V -0.002 | pL -0.001 | vL 0.000 | delta 0.001
U 112 | F 229376 | FPS 0032 | D 8312 | rR:mu sigma m M 0.00 0.00 0.00 0.00 | F:mu sigma m M 164.5 165.5 29.0 692.0 | H 1.099 | V -0.001 | pL -0.000 | vL 0.000 | delta 0.001
U 113 | F 231424 | FPS 0026 | D 8392 | rR:mu sigma m M 0.00 0.00 0.00 0.00 | F:mu sigma m M 118.7 76.6 20.0 291.0 | H 1.096 | V 0.004 | pL -0.000 | vL 0.000 | delta 0.003
U 114 | F 233472 | FPS 0029 | D 8463 | rR:mu sigma m M 0.00 0.00 0.00 0.00 | F:mu sigma m M 130.2 121.7 18.0 543.0 | H 1.098 | V 0.002 | pL 0.001 | vL 0.000 | delta 0.002
U 115 | F 235520 | FPS 0029 | D 8533 | rR:mu sigma m M 0.03 0.11 0.00 0.44 | F:mu sigma m M 147.9 140.5 33.0 559.0 | H 1.098 | V 0.006 | pL -0.003 | vL 0.000 | delta 0.010
U 116 | F 237568 | FPS 0027 | D 8608 | rR:mu sigma m M 0.03 0.11 0.00 0.44 | F:mu sigma m M 152.4 132.3 30.0 559.0 | H 1.099 | V -0.002 | pL -0.001 | vL 0.000 | delta 0.002
U 117 | F 239616 | FPS 0026 | D 8686 | rR:mu sigma m M 0.00 0.00 0.00 0.00 | F:mu sigma m M 175.8 128.3 22.0 509.0 | H 1.099 | V -0.002 | pL -0.001 | vL 0.000 | delta 0.001
U 118 | F 241664 | FPS 0028 | D 8759 | rR:mu sigma m M 0.00 0.00 0.00 0.00 | F:mu sigma m M 155.6 169.3 22.0 548.0 | H 1.099 | V -0.003 | pL -0.001 | vL 0.000 | delta 0.000
U 119 | F 243712 | FPS 0030 | D 8827 | rR:mu sigma m M 0.00 0.00 0.00 0.00 | F:mu sigma m M 169.8 133.7 36.0 548.0 | H 1.099 | V -0.002 | pL -0.001 | vL 0.000 | delta 0.000
U 120 | F 245760 | FPS 0031 | D 8893 | rR:mu sigma m M 0.00 0.00 0.00 0.00 | F:mu sigma m M 180.6 134.1 30.0 606.0 | H 1.098 | V -0.001 | pL -0.000 | vL 0.000 | delta 0.001
U 121 | F 247808 | FPS 0024 | D 8977 | rR:mu sigma m M 0.00 0.00 0.00 0.00 | F:mu sigma m M 160.1 136.2 24.0 606.0 | H 1.099 | V -0.000 | pL -0.000 | vL 0.000 | delta 0.001
U 122 | F 249856 | FPS 0025 | D 9059 | rR:mu sigma m M 0.00 0.00 0.00 0.00 | F:mu sigma m M 217.1 174.0 26.0 589.0 | H 1.099 | V -0.001 | pL -0.000 | vL 0.000 | delta 0.000
U 123 | F 251904 | FPS 0028 | D 9132 | rR:mu sigma m M 0.00 0.00 0.00 0.00 | F:mu sigma m M 264.2 180.3 39.0 589.0 | H 1.099 | V -0.001 | pL -0.000 | vL 0.000 | delta 0.001
U 124 | F 253952 | FPS 0031 | D 9198 | rR:mu sigma m M 0.05 0.19 0.00 0.79 | F:mu sigma m M 199.1 104.7 24.0 406.0 | H 1.095 | V 0.005 | pL -0.005 | vL 0.001 | delta 0.016
U 125 | F 256000 | FPS 0027 | D 9273 | rR:mu sigma m M 0.00 0.00 0.00 0.00 | F:mu sigma m M 129.3 75.4 44.0 324.0 | H 1.098 | V -0.004 | pL -0.001 | vL 0.000 | delta 0.002
U 126 | F 258048 | FPS 0024 | D 9358 | rR:mu sigma m M 0.00 0.00 0.00 0.00 | F:mu sigma m M 116.1 83.4 26.0 336.0 | H 1.098 | V -0.002 | pL -0.001 | vL 0.000 | delta 0.003
U 127 | F 260096 | FPS 0030 | D 9425 | rR:mu sigma m M 0.00 0.00 0.00 0.00 | F:mu sigma m M 185.6 166.4 27.0 664.0 | H 1.098 | V -0.003 | pL -0.001 | vL 0.000 | delta 0.001
U 128 | F 262144 | FPS 0029 | D 9496 | rR:mu sigma m M 0.00 0.00 0.00 0.00 | F:mu sigma m M 204.2 164.0 54.0 664.0 | H 1.098 | V -0.002 | pL -0.001 | vL 0.000 | delta 0.001
U 129 | F 264192 | FPS 0030 | D 9563 | rR:mu sigma m M 0.05 0.18 0.00 0.75 | F:mu sigma m M 150.5 123.3 9.0 529.0 | H 1.097 | V 0.007 | pL -0.007 | vL 0.000 | delta 0.012
U 130 | F 266240 | FPS 0024 | D 9649 | rR:mu sigma m M 0.05 0.18 0.00 0.75 | F:mu sigma m M 130.8 90.3 9.0 383.0 | H 1.097 | V 0.001 | pL 0.001 | vL 0.000 | delta 0.009
U 131 | F 268288 | FPS 0025 | D 9730 | rR:mu sigma m M 0.06 0.22 0.00 0.89 | F:mu sigma m M 148.2 112.8 18.0 510.0 | H 1.096 | V 0.019 | pL -0.006 | vL 0.001 | delta 0.026
U 132 | F 270336 | FPS 0024 | D 9816 | rR:mu sigma m M 0.04 0.15 0.00 0.63 | F:mu sigma m M 209.5 149.0 30.0 630.0 | H 1.091 | V 0.029 | pL -0.003 | vL 0.001 | delta 0.028
U 133 | F 272384 | FPS 0029 | D 9888 | rR:mu sigma m M 0.00 0.00 0.00 0.00 | F:mu sigma m M 183.7 174.2 24.0 630.0 | H 1.096 | V 0.018 | pL 0.005 | vL 0.000 | delta 0.005
U 134 | F 274432 | FPS 0029 | D 9959 | rR:mu sigma m M 0.00 0.00 0.00 0.00 | F:mu sigma m M 228.5 217.7 54.0 898.0 | H 1.097 | V 0.016 | pL 0.003 | vL 0.000 | delta 0.004
U 135 | F 276480 | FPS 0027 | D 10035 | rR:mu sigma m M 0.04 0.17 0.00 0.70 | F:mu sigma m M 191.8 146.2 34.0 602.0 | H 1.096 | V 0.023 | pL -0.003 | vL 0.000 | delta 0.009
U 136 | F 278528 | FPS 0027 | D 10110 | rR:mu sigma m M 0.08 0.22 0.00 0.75 | F:mu sigma m M 183.1 107.0 34.0 414.0 | H 1.090 | V 0.023 | pL -0.003 | vL 0.000 | delta 0.015
U 137 | F 280576 | FPS 0027 | D 10185 | rR:mu sigma m M 0.00 0.00 0.00 0.00 | F:mu sigma m M 153.4 135.8 18.0 576.0 | H 1.085 | V 0.018 | pL -0.002 | vL 0.001 | delta 0.024
U 138 | F 282624 | FPS 0029 | D 10257 | rR:mu sigma m M 0.04 0.17 0.00 0.72 | F:mu sigma m M 144.9 79.5 38.0 291.0 | H 1.096 | V 0.018 | pL 0.002 | vL 0.000 | delta 0.008
U 139 | F 284672 | FPS 0026 | D 10336 | rR:mu sigma m M 0.00 0.00 0.00 0.00 | F:mu sigma m M 118.6 126.3 22.0 575.0 | H 1.097 | V 0.008 | pL 0.002 | vL 0.000 | delta 0.002
U 140 | F 286720 | FPS 0029 | D 10406 | rR:mu sigma m M 0.00 0.00 0.00 0.00 | F:mu sigma m M 106.5 56.2 22.0 202.0 | H 1.098 | V 0.006 | pL 0.001 | vL 0.000 | delta 0.001
U 141 | F 288768 | FPS 0030 | D 10474 | rR:mu sigma m M 0.00 0.00 0.00 0.00 | F:mu sigma m M 177.0 115.8 25.0 411.0 | H 1.098 | V 0.005 | pL 0.001 | vL 0.000 | delta 0.001
U 142 | F 290816 | FPS 0027 | D 10551 | rR:mu sigma m M 0.00 0.00 0.00 0.00 | F:mu sigma m M 194.5 169.3 19.0 567.0 | H 1.098 | V 0.005 | pL 0.001 | vL 0.000 | delta 0.002
U 143 | F 292864 | FPS 0028 | D 10625 | rR:mu sigma m M 0.00 0.00 0.00 0.00 | F:mu sigma m M 176.5 151.9 23.0 681.0 | H 1.098 | V 0.003 | pL 0.001 | vL 0.000 | delta 0.000
U 144 | F 294912 | FPS 0027 | D 10702 | rR:mu sigma m M 0.00 0.00 0.00 0.00 | F:mu sigma m M 197.7 190.1 41.0 681.0 | H 1.098 | V 0.003 | pL 0.001 | vL 0.000 | delta 0.001
U 145 | F 296960 | FPS 0031 | D 10769 | rR:mu sigma m M 0.00 0.00 0.00 0.00 | F:mu sigma m M 178.1 197.4 18.0 858.0 | H 1.094 | V 0.008 | pL -0.002 | vL 0.000 | delta 0.004
U 146 | F 299008 | FPS 0031 | D 10836 | rR:mu sigma m M 0.00 0.00 0.00 0.00 | F:mu sigma m M 156.8 142.4 23.0 572.0 | H 1.093 | V 0.010 | pL 0.001 | vL 0.000 | delta 0.006
U 147 | F 301056 | FPS 0028 | D 10908 | rR:mu sigma m M 0.00 0.00 0.00 0.00 | F:mu sigma m M 150.7 128.6 28.0 572.0 | H 1.095 | V 0.014 | pL 0.003 | vL 0.000 | delta 0.007
U 148 | F 303104 | FPS 0027 | D 10982 | rR:mu sigma m M 0.00 0.00 0.00 0.00 | F:mu sigma m M 207.2 116.0 28.0 544.0 | H 1.096 | V 0.008 | pL 0.001 | vL 0.000 | delta 0.006
U 149 | F 305152 | FPS 0027 | D 11058 | rR:mu sigma m M 0.04 0.17 0.00 0.68 | F:mu sigma m M 166.0 92.2 30.0 317.0 | H 1.095 | V 0.011 | pL -0.005 | vL 0.000 | delta 0.009
U 150 | F 307200 | FPS 0026 | D 11138 | rR:mu sigma m M 0.04 0.17 0.00 0.68 | F:mu sigma m M 147.1 87.6 30.0 317.0 | H 1.098 | V 0.002 | pL 0.000 | vL 0.000 | delta 0.004
U 151 | F 309248 | FPS 0027 | D 11215 | rR:mu sigma m M 0.00 0.00 0.00 0.00 | F:mu sigma m M 176.6 102.3 30.0 413.0 | H 1.097 | V 0.005 | pL -0.000 | vL 0.000 | delta 0.002
U 152 | F 311296 | FPS 0029 | D 11286 | rR:mu sigma m M 0.00 0.00 0.00 0.00 | F:mu sigma m M 254.6 164.2 52.0 693.0 | H 1.097 | V 0.005 | pL 0.001 | vL 0.000 | delta 0.002
U 153 | F 313344 | FPS 0026 | D 11364 | rR:mu sigma m M 0.00 0.00 0.00 0.00 | F:mu sigma m M 229.7 203.3 26.0 900.0 | H 1.098 | V 0.003 | pL 0.001 | vL 0.000 | delta 0.001
U 154 | F 315392 | FPS 0027 | D 11440 | rR:mu sigma m M 0.00 0.00 0.00 0.00 | F:mu sigma m M 149.3 178.6 16.0 781.0 | H 1.099 | V 0.002 | pL 0.001 | vL 0.000 | delta 0.001
U 155 | F 317440 | FPS 0027 | D 11514 | rR:mu sigma m M 0.00 0.00 0.00 0.00 | F:mu sigma m M 195.0 185.7 25.0 781.0 | H 1.099 | V 0.001 | pL 0.000 | vL 0.000 | delta 0.000
U 156 | F 319488 | FPS 0026 | D 11594 | rR:mu sigma m M 0.05 0.21 0.00 0.86 | F:mu sigma m M 190.4 95.2 16.0 370.0 | H 1.097 | V 0.007 | pL -0.007 | vL 0.001 | delta 0.010
U 157 | F 321536 | FPS 0025 | D 11675 | rR:mu sigma m M 0.00 0.00 0.00 0.00 | F:mu sigma m M 160.7 104.9 41.0 429.0 | H 1.098 | V -0.001 | pL -0.000 | vL 0.000 | delta 0.002
U 158 | F 323584 | FPS 0030 | D 11742 | rR:mu sigma m M 0.00 0.00 0.00 0.00 | F:mu sigma m M 157.4 162.0 27.0 713.0 | H 1.098 | V -0.001 | pL -0.000 | vL 0.000 | delta 0.001
U 159 | F 325632 | FPS 0024 | D 11827 | rR:mu sigma m M 0.00 0.00 0.00 0.00 | F:mu sigma m M 201.8 163.8 33.0 713.0 | H 1.098 | V -0.001 | pL -0.000 | vL 0.000 | delta 0.000
U 160 | F 327680 | FPS 0026 | D 11904 | rR:mu sigma m M 0.00 0.00 0.00 0.00 | F:mu sigma m M 159.9 76.7 27.0 324.0 | H 1.098 | V -0.000 | pL -0.000 | vL 0.000 | delta 0.000
U 161 | F 329728 | FPS 0027 | D 11981 | rR:mu sigma m M 0.00 0.00 0.00 0.00 | F:mu sigma m M 131.4 84.9 26.0 294.0 | H 1.098 | V 0.000 | pL 0.000 | vL 0.000 | delta 0.001
U 162 | F 331776 | FPS 0028 | D 12054 | rR:mu sigma m M 0.00 0.00 0.00 0.00 | F:mu sigma m M 184.6 165.0 30.0 744.0 | H 1.098 | V 0.000 | pL -0.000 | vL 0.000 | delta 0.000
U 163 | F 333824 | FPS 0026 | D 12134 | rR:mu sigma m M 0.00 0.00 0.00 0.00 | F:mu sigma m M 145.1 86.3 31.0 375.0 | H 1.098 | V 0.003 | pL -0.000 | vL 0.000 | delta 0.003
U 164 | F 335872 | FPS 0023 | D 12224 | rR:mu sigma m M 0.04 0.17 0.00 0.71 | F:mu sigma m M 174.7 104.4 43.0 388.0 | H 1.091 | V 0.006 | pL -0.004 | vL 0.000 | delta 0.031
U 165 | F 337920 | FPS 0027 | D 12299 | rR:mu sigma m M 0.00 0.00 0.00 0.00 | F:mu sigma m M 130.4 91.6 23.0 347.0 | H 1.091 | V 0.010 | pL 0.002 | vL 0.000 | delta 0.009
U 166 | F 339968 | FPS 0029 | D 12369 | rR:mu sigma m M 0.00 0.00 0.00 0.00 | F:mu sigma m M 114.2 84.0 9.0 347.0 | H 1.097 | V 0.008 | pL -0.001 | vL 0.000 | delta 0.005
U 167 | F 342016 | FPS 0029 | D 12439 | rR:mu sigma m M 0.00 0.00 0.00 0.00 | F:mu sigma m M 151.9 148.5 7.0 485.0 | H 1.094 | V 0.008 | pL 0.004 | vL 0.000 | delta 0.008
U 168 | F 344064 | FPS 0026 | D 12518 | rR:mu sigma m M 0.00 0.00 0.00 0.00 | F:mu sigma m M 141.2 163.8 7.0 578.0 | H 1.098 | V 0.002 | pL -0.000 | vL 0.000 | delta 0.002
U 169 | F 346112 | FPS 0029 | D 12589 | rR:mu sigma m M 0.00 0.00 0.00 0.00 | F:mu sigma m M 142.1 137.9 29.0 536.0 | H 1.098 | V 0.001 | pL 0.000 | vL 0.000 | delta 0.002
U 170 | F 348160 | FPS 0029 | D 12659 | rR:mu sigma m M 0.00 0.00 0.00 0.00 | F:mu sigma m M 163.5 147.3 18.0 569.0 | H 1.098 | V 0.000 | pL 0.000 | vL 0.000 | delta 0.001
U 171 | F 350208 | FPS 0029 | D 12730 | rR:mu sigma m M 0.00 0.00 0.00 0.00 | F:mu sigma m M 121.4 115.3 20.0 514.0 | H 1.098 | V 0.000 | pL -0.000 | vL 0.000 | delta 0.000
U 172 | F 352256 | FPS 0029 | D 12800 | rR:mu sigma m M 0.00 0.00 0.00 0.00 | F:mu sigma m M 124.9 84.7 20.0 348.0 | H 1.098 | V 0.001 | pL -0.000 | vL 0.000 | delta 0.001
U 173 | F 354304 | FPS 0030 | D 12869 | rR:mu sigma m M 0.00 0.00 0.00 0.00 | F:mu sigma m M 189.5 144.0 32.0 571.0 | H 1.098 | V 0.002 | pL 0.001 | vL 0.000 | delta 0.002
U 174 | F 356352 | FPS 0030 | D 12937 | rR:mu sigma m M 0.00 0.00 0.00 0.00 | F:mu sigma m M 160.1 131.3 51.0 571.0 | H 1.099 | V -0.000 | pL -0.000 | vL 0.000 | delta 0.000
U 175 | F 358400 | FPS 0027 | D 13012 | rR:mu sigma m M 0.00 0.00 0.00 0.00 | F:mu sigma m M 134.9 92.8 31.0 371.0 | H 1.099 | V 0.000 | pL -0.000 | vL 0.000 | delta 0.000
U 176 | F 360448 | FPS 0026 | D 13091 | rR:mu sigma m M 0.00 0.00 0.00 0.00 | F:mu sigma m M 144.6 93.2 30.0 321.0 | H 1.098 | V 0.002 | pL -0.001 | vL 0.000 | delta 0.002
U 177 | F 362496 | FPS 0028 | D 13163 | rR:mu sigma m M 0.00 0.00 0.00 0.00 | F:mu sigma m M 115.1 86.2 25.0 356.0 | H 1.098 | V 0.001 | pL 0.001 | vL 0.000 | delta 0.002
U 178 | F 364544 | FPS 0027 | D 13240 | rR:mu sigma m M 0.00 0.00 0.00 0.00 | F:mu sigma m M 146.9 121.7 30.0 529.0 | H 1.099 | V 0.001 | pL 0.000 | vL 0.000 | delta 0.000
U 179 | F 366592 | FPS 0029 | D 13311 | rR:mu sigma m M 0.00 0.00 0.00 0.00 | F:mu sigma m M 142.8 119.5 30.0 529.0 | H 1.099 | V 0.001 | pL 0.000 | vL 0.000 | delta 0.000
U 180 | F 368640 | FPS 0024 | D 13396 | rR:mu sigma m M 0.00 0.00 0.00 0.00 | F:mu sigma m M 143.3 112.7 20.0 419.0 | H 1.099 | V 0.001 | pL 0.000 | vL 0.000 | delta 0.000
U 181 | F 370688 | FPS 0029 | D 13467 | rR:mu sigma m M 0.00 0.00 0.00 0.00 | F:mu sigma m M 128.4 87.5 18.0 324.0 | H 1.099 | V 0.000 | pL 0.000 | vL 0.000 | delta 0.000
U 182 | F 372736 | FPS 0026 | D 13546 | rR:mu sigma m M 0.00 0.00 0.00 0.00 | F:mu sigma m M 153.2 107.1 36.0 417.0 | H 1.099 | V 0.000 | pL 0.000 | vL 0.000 | delta 0.000
U 183 | F 374784 | FPS 0026 | D 13624 | rR:mu sigma m M 0.05 0.19 0.00 0.79 | F:mu sigma m M 138.8 111.6 9.0 501.0 | H 1.096 | V 0.005 | pL -0.006 | vL 0.001 | delta 0.010
U 184 | F 376832 | FPS 0028 | D 13697 | rR:mu sigma m M 0.00 0.00 0.00 0.00 | F:mu sigma m M 206.0 145.8 37.0 481.0 | H 1.098 | V -0.001 | pL -0.000 | vL 0.000 | delta 0.000
U 185 | F 378880 | FPS 0026 | D 13776 | rR:mu sigma m M 0.00 0.00 0.00 0.00 | F:mu sigma m M 176.5 119.8 37.0 409.0 | H 1.098 | V -0.001 | pL -0.000 | vL 0.000 | delta 0.000
U 186 | F 380928 | FPS 0027 | D 13853 | rR:mu sigma m M 0.00 0.00 0.00 0.00 | F:mu sigma m M 200.0 132.1 58.0 490.0 | H 1.098 | V 0.002 | pL -0.001 | vL 0.000 | delta 0.002
U 187 | F 382976 | FPS 0027 | D 13928 | rR:mu sigma m M 0.05 0.21 0.00 0.88 | F:mu sigma m M 160.2 131.7 13.0 490.0 | H 1.092 | V 0.007 | pL -0.007 | vL 0.001 | delta 0.022
U 188 | F 385024 | FPS 0032 | D 13992 | rR:mu sigma m M 0.00 0.00 0.00 0.00 | F:mu sigma m M 225.9 186.1 23.0 710.0 | H 1.098 | V 0.010 | pL 0.004 | vL 0.000 | delta 0.005
U 189 | F 387072 | FPS 0027 | D 14068 | rR:mu sigma m M 0.00 0.00 0.00 0.00 | F:mu sigma m M 125.9 111.2 35.0 450.0 | H 1.099 | V 0.009 | pL 0.002 | vL 0.000 | delta 0.003
U 190 | F 389120 | FPS 0026 | D 14148 | rR:mu sigma m M 0.00 0.00 0.00 0.00 | F:mu sigma m M 127.8 95.2 19.0 359.0 | H 1.098 | V 0.008 | pL 0.002 | vL 0.000 | delta 0.001
U 191 | F 391168 | FPS 0025 | D 14229 | rR:mu sigma m M 0.00 0.00 0.00 0.00 | F:mu sigma m M 249.8 210.7 19.0 847.0 | H 1.098 | V 0.007 | pL 0.002 | vL 0.000 | delta 0.003
U 192 | F 393216 | FPS 0028 | D 14304 | rR:mu sigma m M 0.00 0.00 0.00 0.00 | F:mu sigma m M 137.9 118.2 29.0 416.0 | H 1.098 | V 0.008 | pL 0.002 | vL 0.000 | delta 0.003
U 193 | F 395264 | FPS 0027 | D 14381 | rR:mu sigma m M 0.00 0.00 0.00 0.00 | F:mu sigma m M 157.6 107.8 26.0 441.0 | H 1.097 | V 0.006 | pL 0.002 | vL 0.000 | delta 0.003
U 194 | F 397312 | FPS 0025 | D 14464 | rR:mu sigma m M 0.00 0.00 0.00 0.00 | F:mu sigma m M 192.5 172.2 18.0 643.0 | H 1.099 | V 0.004 | pL 0.001 | vL 0.000 | delta 0.000
U 195 | F 399360 | FPS 0028 | D 14536 | rR:mu sigma m M 0.00 0.00 0.00 0.00 | F:mu sigma m M 167.8 208.9 18.0 900.0 | H 1.099 | V 0.003 | pL 0.001 | vL 0.000 | delta 0.000
U 196 | F 401408 | FPS 0031 | D 14601 | rR:mu sigma m M 0.00 0.00 0.00 0.00 | F:mu sigma m M 183.4 213.0 37.0 900.0 | H 1.098 | V 0.007 | pL 0.001 | vL 0.000 | delta 0.002
U 197 | F 403456 | FPS 0028 | D 14676 | rR:mu sigma m M 0.09 0.24 0.00 0.86 | F:mu sigma m M 207.7 165.4 45.0 567.0 | H 1.097 | V 0.010 | pL -0.006 | vL 0.001 | delta 0.010
U 198 | F 405504 | FPS 0027 | D 14751 | rR:mu sigma m M 0.03 0.13 0.00 0.55 | F:mu sigma m M 166.4 164.4 7.0 575.0 | H 1.098 | V -0.001 | pL -0.000 | vL 0.000 | delta 0.001
U 199 | F 407552 | FPS 0030 | D 14820 | rR:mu sigma m M 0.00 0.00 0.00 0.00 | F:mu sigma m M 215.1 206.6 7.0 767.0 | H 1.099 | V -0.001 | pL -0.000 | vL 0.000 | delta 0.000
U 200 | F 409600 | FPS 0026 | D 14899 | rR:mu sigma m M 0.00 0.00 0.00 0.00 | F:mu sigma m M 236.8 250.0 14.0 767.0 | H 1.097 | V 0.002 | pL 0.000 | vL 0.000 | delta 0.004
U 201 | F 411648 | FPS 0028 | D 14971 | rR:mu sigma m M 0.00 0.00 0.00 0.00 | F:mu sigma m M 171.4 125.8 14.0 449.0 | H 1.098 | V -0.002 | pL -0.000 | vL 0.000 | delta 0.001
U 202 | F 413696 | FPS 0028 | D 15044 | rR:mu sigma m M 0.00 0.00 0.00 0.00 | F:mu sigma m M 136.2 79.6 42.0 394.0 | H 1.098 | V -0.001 | pL -0.000 | vL 0.000 | delta 0.001
U 203 | F 415744 | FPS 0027 | D 15119 | rR:mu sigma m M 0.00 0.00 0.00 0.00 | F:mu sigma m M 136.0 89.1 42.0 350.0 | H 1.098 | V -0.000 | pL -0.000 | vL 0.000 | delta 0.001
U 204 | F 417792 | FPS 0026 | D 15199 | rR:mu sigma m M 0.00 0.00 0.00 0.00 | F:mu sigma m M 130.6 87.5 22.0 307.0 | H 1.098 | V 0.000 | pL 0.000 | vL 0.000 | delta 0.001
U 205 | F 419840 | FPS 0024 | D 15284 | rR:mu sigma m M 0.00 0.00 0.00 0.00 | F:mu sigma m M 168.1 108.4 24.0 399.0 | H 1.099 | V -0.000 | pL -0.000 | vL 0.000 | delta 0.000
U 206 | F 421888 | FPS 0026 | D 15363 | rR:mu sigma m M 0.00 0.00 0.00 0.00 | F:mu sigma m M 211.2 144.6 25.0 592.0 | H 1.099 | V -0.000 | pL -0.000 | vL 0.000 | delta 0.000
U 207 | F 423936 | FPS 0030 | D 15430 | rR:mu sigma m M 0.00 0.00 0.00 0.00 | F:mu sigma m M 213.4 146.2 54.0 592.0 | H 1.099 | V -0.000 | pL -0.000 | vL 0.000 | delta 0.000
U 208 | F 425984 | FPS 0027 | D 15505 | rR:mu sigma m M 0.00 0.00 0.00 0.00 | F:mu sigma m M 219.1 210.7 21.0 850.0 | H 1.099 | V 0.000 | pL -0.000 | vL 0.000 | delta 0.000
U 209 | F 428032 | FPS 0024 | D 15592 | rR:mu sigma m M 0.00 0.00 0.00 0.00 | F:mu sigma m M 283.2 218.2 21.0 850.0 | H 1.099 | V 0.000 | pL 0.000 | vL 0.000 | delta 0.001
U 210 | F 430080 | FPS 0023 | D 15680 | rR:mu sigma m M 0.00 0.00 0.00 0.00 | F:mu sigma m M 214.2 170.0 34.0 573.0 | H 1.099 | V 0.000 | pL 0.000 | vL 0.000 | delta 0.000
U 211 | F 432128 | FPS 0029 | D 15750 | rR:mu sigma m M 0.00 0.00 0.00 0.00 | F:mu sigma m M 173.8 141.8 37.0 449.0 | H 1.098 | V 0.000 | pL 0.000 | vL 0.000 | delta 0.001
U 212 | F 434176 | FPS 0026 | D 15829 | rR:mu sigma m M 0.00 0.00 0.00 0.00 | F:mu sigma m M 185.1 154.8 37.0 551.0 | H 1.099 | V 0.000 | pL 0.000 | vL 0.000 | delta 0.000
U 213 | F 436224 | FPS 0027 | D 15906 | rR:mu sigma m M 0.00 0.00 0.00 0.00 | F:mu sigma m M 184.6 94.7 41.0 361.0 | H 1.099 | V 0.000 | pL -0.000 | vL 0.000 | delta 0.000
U 214 | F 438272 | FPS 0028 | D 15978 | rR:mu sigma m M 0.00 0.00 0.00 0.00 | F:mu sigma m M 197.9 132.2 41.0 531.0 | H 1.098 | V 0.000 | pL 0.000 | vL 0.000 | delta 0.001
U 215 | F 440320 | FPS 0027 | D 16055 | rR:mu sigma m M 0.00 0.00 0.00 0.00 | F:mu sigma m M 151.0 126.1 14.0 427.0 | H 1.099 | V 0.000 | pL 0.000 | vL 0.000 | delta 0.000
U 216 | F 442368 | FPS 0028 | D 16128 | rR:mu sigma m M 0.00 0.00 0.00 0.00 | F:mu sigma m M 157.6 142.9 31.0 449.0 | H 1.099 | V -0.000 | pL -0.000 | vL 0.000 | delta 0.000
U 217 | F 444416 | FPS 0031 | D 16193 | rR:mu sigma m M 0.00 0.00 0.00 0.00 | F:mu sigma m M 133.2 85.2 46.0 356.0 | H 1.098 | V 0.000 | pL -0.000 | vL 0.000 | delta 0.000
U 218 | F 446464 | FPS 0027 | D 16268 | rR:mu sigma m M 0.00 0.00 0.00 0.00 | F:mu sigma m M 184.9 152.4 17.0 615.0 | H 1.098 | V 0.000 | pL 0.000 | vL 0.000 | delta 0.001
U 219 | F 448512 | FPS 0026 | D 16346 | rR:mu sigma m M 0.00 0.00 0.00 0.00 | F:mu sigma m M 177.6 151.0 40.0 547.0 | H 1.099 | V 0.000 | pL 0.000 | vL 0.000 | delta 0.000
U 220 | F 450560 | FPS 0028 | D 16419 | rR:mu sigma m M 0.00 0.00 0.00 0.00 | F:mu sigma m M 169.4 123.9 40.0 547.0 | H 1.099 | V -0.000 | pL -0.000 | vL 0.000 | delta 0.000
U 221 | F 452608 | FPS 0027 | D 16496 | rR:mu sigma m M 0.00 0.00 0.00 0.00 | F:mu sigma m M 193.8 90.2 87.0 445.0 | H 1.099 | V 0.000 | pL 0.000 | vL 0.000 | delta 0.000
U 222 | F 454656 | FPS 0027 | D 16571 | rR:mu sigma m M 0.00 0.00 0.00 0.00 | F:mu sigma m M 172.6 100.5 47.0 414.0 | H 1.099 | V 0.000 | pL -0.000 | vL 0.000 | delta 0.000
U 223 | F 456704 | FPS 0027 | D 16646 | rR:mu sigma m M 0.00 0.00 0.00 0.00 | F:mu sigma m M 158.0 96.8 30.0 414.0 | H 1.098 | V 0.000 | pL 0.000 | vL 0.000 | delta 0.001
U 224 | F 458752 | FPS 0023 | D 16734 | rR:mu sigma m M 0.00 0.00 0.00 0.00 | F:mu sigma m M 142.8 68.2 31.0 259.0 | H 1.099 | V 0.000 | pL 0.000 | vL 0.000 | delta 0.000
U 225 | F 460800 | FPS 0030 | D 16802 | rR:mu sigma m M 0.00 0.00 0.00 0.00 | F:mu sigma m M 167.1 222.9 15.0 900.0 | H 1.099 | V 0.000 | pL 0.000 | vL 0.000 | delta 0.000
U 226 | F 462848 | FPS 0026 | D 16880 | rR:mu sigma m M 0.00 0.00 0.00 0.00 | F:mu sigma m M 167.8 154.0 15.0 603.0 | H 1.099 | V 0.000 | pL 0.000 | vL 0.000 | delta 0.000
U 227 | F 464896 | FPS 0028 | D 16952 | rR:mu sigma m M 0.00 0.00 0.00 0.00 | F:mu sigma m M 161.6 145.8 27.0 603.0 | H 1.099 | V 0.000 | pL 0.000 | vL 0.000 | delta 0.000
U 228 | F 466944 | FPS 0025 | D 17033 | rR:mu sigma m M 0.00 0.00 0.00 0.00 | F:mu sigma m M 205.8 179.3 27.0 622.0 | H 1.099 | V 0.000 | pL 0.000 | vL 0.000 | delta 0.000
U 229 | F 468992 | FPS 0028 | D 17105 | rR:mu sigma m M 0.00 0.00 0.00 0.00 | F:mu sigma m M 188.0 167.0 50.0 622.0 | H 1.099 | V 0.000 | pL 0.000 | vL 0.000 | delta 0.000
U 230 | F 471040 | FPS 0031 | D 17171 | rR:mu sigma m M 0.00 0.00 0.00 0.00 | F:mu sigma m M 189.5 169.3 15.0 565.0 | H 1.099 | V 0.000 | pL 0.000 | vL 0.000 | delta 0.000
U 231 | F 473088 | FPS 0025 | D 17252 | rR:mu sigma m M 0.00 0.00 0.00 0.00 | F:mu sigma m M 157.4 159.3 28.0 565.0 | H 1.099 | V 0.000 | pL 0.000 | vL 0.000 | delta 0.000
U 232 | F 475136 | FPS 0026 | D 17331 | rR:mu sigma m M 0.00 0.00 0.00 0.00 | F:mu sigma m M 178.6 94.8 27.0 353.0 | H 1.099 | V 0.000 | pL 0.000 | vL 0.000 | delta 0.000
U 233 | F 477184 | FPS 0026 | D 17409 | rR:mu sigma m M 0.00 0.00 0.00 0.00 | F:mu sigma m M 173.5 156.4 27.0 609.0 | H 1.099 | V 0.000 | pL 0.000 | vL 0.000 | delta 0.000
U 234 | F 479232 | FPS 0028 | D 17482 | rR:mu sigma m M 0.00 0.00 0.00 0.00 | F:mu sigma m M 198.1 191.3 12.0 876.0 | H 1.099 | V 0.000 | pL -0.000 | vL 0.000 | delta 0.000
U 235 | F 481280 | FPS 0029 | D 17553 | rR:mu sigma m M 0.00 0.00 0.00 0.00 | F:mu sigma m M 130.1 91.0 17.0 289.0 | H 1.099 | V 0.000 | pL -0.000 | vL 0.000 | delta 0.000
U 236 | F 483328 | FPS 0026 | D 17632 | rR:mu sigma m M 0.00 0.00 0.00 0.00 | F:mu sigma m M 162.4 101.0 36.0 385.0 | H 1.099 | V 0.000 | pL 0.000 | vL 0.000 | delta 0.000
U 237 | F 485376 | FPS 0026 | D 17710 | rR:mu sigma m M 0.00 0.00 0.00 0.00 | F:mu sigma m M 159.2 85.9 36.0 385.0 | H 1.099 | V 0.000 | pL 0.000 | vL 0.000 | delta 0.000
U 238 | F 487424 | FPS 0025 | D 17792 | rR:mu sigma m M 0.00 0.00 0.00 0.00 | F:mu sigma m M 208.9 138.8 48.0 492.0 | H 1.099 | V 0.000 | pL 0.000 | vL 0.000 | delta 0.000
U 239 | F 489472 | FPS 0030 | D 17861 | rR:mu sigma m M 0.00 0.00 0.00 0.00 | F:mu sigma m M 135.2 109.3 45.0 492.0 | H 1.099 | V 0.000 | pL 0.000 | vL 0.000 | delta 0.000
U 240 | F 491520 | FPS 0027 | D 17936 | rR:mu sigma m M 0.00 0.00 0.00 0.00 | F:mu sigma m M 153.2 55.6 51.0 244.0 | H 1.098 | V 0.001 | pL -0.001 | vL 0.000 | delta 0.001
U 241 | F 493568 | FPS 0026 | D 18015 | rR:mu sigma m M 0.05 0.18 0.00 0.73 | F:mu sigma m M 166.6 203.2 38.0 898.0 | H 1.097 | V 0.004 | pL -0.005 | vL 0.001 | delta 0.006
U 242 | F 495616 | FPS 0023 | D 18103 | rR:mu sigma m M 0.00 0.00 0.00 0.00 | F:mu sigma m M 246.4 251.2 52.0 898.0 | H 1.098 | V 0.000 | pL 0.000 | vL 0.000 | delta 0.001
U 243 | F 497664 | FPS 0023 | D 18190 | rR:mu sigma m M 0.00 0.00 0.00 0.00 | F:mu sigma m M 203.2 184.7 61.0 794.0 | H 1.099 | V -0.000 | pL -0.000 | vL 0.000 | delta 0.000
U 244 | F 499712 | FPS 0024 | D 18277 | rR:mu sigma m M 0.00 0.00 0.00 0.00 | F:mu sigma m M 248.0 127.7 51.0 459.0 | H 1.099 | V 0.000 | pL -0.000 | vL 0.000 | delta 0.000
U 245 | F 501760 | FPS 0023 | D 18365 | rR:mu sigma m M 0.00 0.00 0.00 0.00 | F:mu sigma m M 171.6 135.2 17.0 459.0 | H 1.099 | V 0.000 | pL 0.000 | vL 0.000 | delta 0.000
U 246 | F 503808 | FPS 0024 | D 18449 | rR:mu sigma m M 0.00 0.00 0.00 0.00 | F:mu sigma m M 167.3 94.6 26.0 426.0 | H 1.099 | V 0.000 | pL 0.000 | vL 0.000 | delta 0.000
U 247 | F 505856 | FPS 0025 | D 18530 | rR:mu sigma m M 0.00 0.00 0.00 0.00 | F:mu sigma m M 176.1 108.1 41.0 426.0 | H 1.099 | V -0.000 | pL -0.000 | vL 0.000 | delta 0.000
U 248 | F 507904 | FPS 0023 | D 18620 | rR:mu sigma m M 0.00 0.00 0.00 0.00 | F:mu sigma m M 125.1 106.9 20.0 393.0 | H 1.099 | V 0.000 | pL -0.000 | vL 0.000 | delta 0.000
U 249 | F 509952 | FPS 0022 | D 18712 | rR:mu sigma m M 0.00 0.00 0.00 0.00 | F:mu sigma m M 202.6 201.0 20.0 856.0 | H 1.099 | V 0.000 | pL -0.000 | vL 0.000 | delta 0.000
U 250 | F 512000 | FPS 0026 | D 18791 | rR:mu sigma m M 0.00 0.00 0.00 0.00 | F:mu sigma m M 184.5 134.5 23.0 544.0 | H 1.099 | V 0.000 | pL -0.000 | vL 0.000 | delta 0.000
U 251 | F 514048 | FPS 0026 | D 18872 | rR:mu sigma m M 0.00 0.00 0.00 0.00 | F:mu sigma m M 194.5 147.9 57.0 545.0 | H 1.099 | V 0.001 | pL -0.000 | vL 0.000 | delta 0.000
U 252 | F 516096 | FPS 0025 | D 18953 | rR:mu sigma m M 0.00 0.00 0.00 0.00 | F:mu sigma m M 153.1 97.5 58.0 462.0 | H 1.098 | V 0.001 | pL 0.000 | vL 0.000 | delta 0.000
U 253 | F 518144 | FPS 0027 | D 19030 | rR:mu sigma m M 0.00 0.00 0.00 0.00 | F:mu sigma m M 145.1 87.0 45.0 322.0 | H 1.099 | V 0.001 | pL 0.000 | vL 0.000 | delta 0.001
U 254 | F 520192 | FPS 0026 | D 19109 | rR:mu sigma m M 0.00 0.00 0.00 0.00 | F:mu sigma m M 162.2 115.8 31.0 438.0 | H 1.099 | V 0.001 | pL -0.000 | vL 0.000 | delta 0.000
U 255 | F 522240 | FPS 0034 | D 19170 | rR:mu sigma m M 0.00 0.00 0.00 0.00 | F:mu sigma m M 187.3 141.0 39.0 549.0 | H 1.099 | V 0.001 | pL 0.000 | vL 0.000 | delta 0.000
U 256 | F 524288 | FPS 0025 | D 19253 | rR:mu sigma m M 0.00 0.00 0.00 0.00 | F:mu sigma m M 228.4 176.0 30.0 605.0 | H 1.099 | V 0.001 | pL 0.000 | vL 0.000 | delta 0.001
U 257 | F 526336 | FPS 0026 | D 19333 | rR:mu sigma m M 0.00 0.00 0.00 0.00 | F:mu sigma m M 175.2 149.5 16.0 561.0 | H 1.099 | V 0.000 | pL 0.000 | vL 0.000 | delta 0.000
U 258 | F 528384 | FPS 0026 | D 19412 | rR:mu sigma m M 0.00 0.00 0.00 0.00 | F:mu sigma m M 181.3 157.8 28.0 542.0 | H 1.099 | V 0.000 | pL 0.000 | vL 0.000 | delta 0.000
U 259 | F 530432 | FPS 0027 | D 19487 | rR:mu sigma m M 0.00 0.00 0.00 0.00 | F:mu sigma m M 197.2 131.8 46.0 542.0 | H 1.099 | V 0.000 | pL 0.000 | vL 0.000 | delta 0.000
U 260 | F 532480 | FPS 0025 | D 19568 | rR:mu sigma m M 0.00 0.00 0.00 0.00 | F:mu sigma m M 142.7 96.3 18.0 349.0 | H 1.099 | V 0.000 | pL 0.000 | vL 0.000 | delta 0.000
U 261 | F 534528 | FPS 0027 | D 19643 | rR:mu sigma m M 0.00 0.00 0.00 0.00 | F:mu sigma m M 155.5 133.5 18.0 517.0 | H 1.099 | V 0.000 | pL 0.000 | vL 0.000 | delta 0.000
U 262 | F 536576 | FPS 0031 | D 19709 | rR:mu sigma m M 0.05 0.21 0.00 0.86 | F:mu sigma m M 212.2 163.2 18.0 512.0 | H 1.096 | V 0.009 | pL -0.007 | vL 0.001 | delta 0.015
U 263 | F 538624 | FPS 0028 | D 19782 | rR:mu sigma m M 0.00 0.00 0.00 0.00 | F:mu sigma m M 133.9 107.7 12.0 344.0 | H 1.096 | V 0.007 | pL 0.002 | vL 0.000 | delta 0.003
U 264 | F 540672 | FPS 0030 | D 19849 | rR:mu sigma m M 0.00 0.00 0.00 0.00 | F:mu sigma m M 129.3 135.1 12.0 601.0 | H 1.098 | V 0.010 | pL 0.001 | vL 0.000 | delta 0.003
U 265 | F 542720 | FPS 0033 | D 19911 | rR:mu sigma m M 0.00 0.00 0.00 0.00 | F:mu sigma m M 129.6 97.2 29.0 356.0 | H 1.098 | V 0.007 | pL 0.003 | vL 0.000 | delta 0.002
U 266 | F 544768 | FPS 0029 | D 19980 | rR:mu sigma m M 0.00 0.00 0.00 0.00 | F:mu sigma m M 132.8 91.3 32.0 361.0 | H 1.098 | V 0.007 | pL 0.002 | vL 0.000 | delta 0.002
U 267 | F 546816 | FPS 0027 | D 20055 | rR:mu sigma m M 0.05 0.19 0.00 0.80 | F:mu sigma m M 106.4 59.4 21.0 203.0 | H 1.096 | V 0.012 | pL -0.003 | vL 0.001 | delta 0.010
U 268 | F 548864 | FPS 0028 | D 20127 | rR:mu sigma m M 0.00 0.00 0.00 0.00 | F:mu sigma m M 165.8 154.4 35.0 669.0 | H 1.098 | V 0.007 | pL 0.002 | vL 0.000 | delta 0.001
U 269 | F 550912 | FPS 0029 | D 20198 | rR:mu sigma m M 0.00 0.00 0.00 0.00 | F:mu sigma m M 159.3 104.7 22.0 421.0 | H 1.098 | V 0.005 | pL 0.001 | vL 0.000 | delta 0.000
U 270 | F 552960 | FPS 0026 | D 20276 | rR:mu sigma m M 0.00 0.00 0.00 0.00 | F:mu sigma m M 174.4 155.6 26.0 665.0 | H 1.098 | V 0.004 | pL 0.001 | vL 0.000 | delta 0.001
U 271 | F 555008 | FPS 0027 | D 20352 | rR:mu sigma m M 0.00 0.00 0.00 0.00 | F:mu sigma m M 150.6 154.1 24.0 665.0 | H 1.098 | V 0.004 | pL 0.001 | vL 0.000 | delta 0.002
U 272 | F 557056 | FPS 0029 | D 20422 | rR:mu sigma m M 0.00 0.00 0.00 0.00 | F:mu sigma m M 167.4 119.2 24.0 440.0 | H 1.098 | V 0.004 | pL 0.001 | vL 0.000 | delta 0.000
U 273 | F 559104 | FPS 0029 | D 20492 | rR:mu sigma m M 0.00 0.00 0.00 0.00 | F:mu sigma m M 154.6 115.1 24.0 443.0 | H 1.099 | V 0.003 | pL 0.001 | vL 0.000 | delta 0.000
U 274 | F 561152 | FPS 0028 | D 20566 | rR:mu sigma m M 0.00 0.00 0.00 0.00 | F:mu sigma m M 181.4 135.6 16.0 490.0 | H 1.099 | V 0.002 | pL 0.001 | vL 0.000 | delta 0.000
U 275 | F 563200 | FPS 0026 | D 20645 | rR:mu sigma m M 0.00 0.00 0.00 0.00 | F:mu sigma m M 140.1 126.9 19.0 431.0 | H 1.099 | V 0.002 | pL 0.001 | vL 0.000 | delta 0.000
U 276 | F 565248 | FPS 0025 | D 20727 | rR:mu sigma m M 0.00 0.00 0.00 0.00 | F:mu sigma m M 137.3 97.1 19.0 426.0 | H 1.099 | V 0.002 | pL 0.000 | vL 0.000 | delta 0.000
U 277 | F 567296 | FPS 0033 | D 20789 | rR:mu sigma m M 0.00 0.00 0.00 0.00 | F:mu sigma m M 175.5 115.5 48.0 427.0 | H 1.099 | V 0.001 | pL 0.000 | vL 0.000 | delta 0.000
U 278 | F 569344 | FPS 0027 | D 20864 | rR:mu sigma m M 0.00 0.00 0.00 0.00 | F:mu sigma m M 226.4 169.8 30.0 670.0 | H 1.099 | V 0.001 | pL 0.000 | vL 0.000 | delta 0.000
U 279 | F 571392 | FPS 0025 | D 20945 | rR:mu sigma m M 0.00 0.00 0.00 0.00 | F:mu sigma m M 154.4 146.5 23.0 654.0 | H 1.099 | V 0.001 | pL 0.000 | vL 0.000 | delta 0.000
U 280 | F 573440 | FPS 0023 | D 21033 | rR:mu sigma m M 0.00 0.00 0.00 0.00 | F:mu sigma m M 105.2 69.2 21.0 272.0 | H 1.098 | V 0.001 | pL 0.000 | vL 0.000 | delta 0.001
U 281 | F 575488 | FPS 0027 | D 21109 | rR:mu sigma m M 0.00 0.00 0.00 0.00 | F:mu sigma m M 133.1 84.4 22.0 296.0 | H 1.099 | V 0.000 | pL 0.000 | vL 0.000 | delta 0.000
U 282 | F 577536 | FPS 0025 | D 21190 | rR:mu sigma m M 0.00 0.00 0.00 0.00 | F:mu sigma m M 168.2 106.6 32.0 405.0 | H 1.098 | V 0.002 | pL 0.000 | vL 0.000 | delta 0.001
U 283 | F 579584 | FPS 0024 | D 21274 | rR:mu sigma m M 0.00 0.00 0.00 0.00 | F:mu sigma m M 122.7 45.1 39.0 194.0 | H 1.099 | V -0.000 | pL -0.000 | vL 0.000 | delta 0.000
U 284 | F 581632 | FPS 0028 | D 21347 | rR:mu sigma m M 0.00 0.00 0.00 0.00 | F:mu sigma m M 121.1 82.4 27.0 360.0 | H 1.099 | V -0.000 | pL -0.000 | vL 0.000 | delta 0.000
U 285 | F 583680 | FPS 0027 | D 21423 | rR:mu sigma m M 0.00 0.00 0.00 0.00 | F:mu sigma m M 159.9 155.9 17.0 528.0 | H 1.099 | V 0.000 | pL -0.000 | vL 0.000 | delta 0.000
U 286 | F 585728 | FPS 0024 | D 21509 | rR:mu sigma m M 0.00 0.00 0.00 0.00 | F:mu sigma m M 164.0 105.5 17.0 376.0 | H 1.098 | V 0.000 | pL 0.000 | vL 0.000 | delta 0.000
U 287 | F 587776 | FPS 0026 | D 21588 | rR:mu sigma m M 0.00 0.00 0.00 0.00 | F:mu sigma m M 160.4 120.7 22.0 489.0 | H 1.099 | V 0.000 | pL 0.000 | vL 0.000 | delta 0.000
U 288 | F 589824 | FPS 0028 | D 21660 | rR:mu sigma m M 0.00 0.00 0.00 0.00 | F:mu sigma m M 125.9 87.7 32.0 297.0 | H 1.099 | V 0.000 | pL -0.000 | vL 0.000 | delta 0.000
U 289 | F 591872 | FPS 0029 | D 21731 | rR:mu sigma m M 0.00 0.00 0.00 0.00 | F:mu sigma m M 198.6 143.6 34.0 574.0 | H 1.099 | V 0.000 | pL -0.000 | vL 0.000 | delta 0.000
U 290 | F 593920 | FPS 0031 | D 21798 | rR:mu sigma m M 0.00 0.00 0.00 0.00 | F:mu sigma m M 120.4 82.1 29.0 317.0 | H 1.099 | V -0.000 | pL -0.000 | vL 0.000 | delta 0.000
U 291 | F 595968 | FPS 0030 | D 21867 | rR:mu sigma m M 0.00 0.00 0.00 0.00 | F:mu sigma m M 158.9 103.7 52.0 381.0 | H 1.099 | V 0.000 | pL 0.000 | vL 0.000 | delta 0.000
U 292 | F 598016 | FPS 0030 | D 21936 | rR:mu sigma m M 0.00 0.00 0.00 0.00 | F:mu sigma m M 189.2 90.8 24.0 342.0 | H 1.099 | V 0.000 | pL 0.000 | vL 0.000 | delta 0.000
U 293 | F 600064 | FPS 0029 | D 22006 | rR:mu sigma m M 0.00 0.00 0.00 0.00 | F:mu sigma m M 106.5 128.2 16.0 558.0 | H 1.099 | V -0.000 | pL -0.000 | vL 0.000 | delta 0.000
U 294 | F 602112 | FPS 0026 | D 22084 | rR:mu sigma m M 0.00 0.00 0.00 0.00 | F:mu sigma m M 104.1 132.8 13.0 575.0 | H 1.099 | V 0.000 | pL 0.000 | vL 0.000 | delta 0.001
U 295 | F 604160 | FPS 0030 | D 22152 | rR:mu sigma m M 0.00 0.00 0.00 0.00 | F:mu sigma m M 159.1 148.0 13.0 575.0 | H 1.099 | V -0.000 | pL -0.000 | vL 0.000 | delta 0.000
U 296 | F 606208 | FPS 0027 | D 22228 | rR:mu sigma m M 0.00 0.00 0.00 0.00 | F:mu sigma m M 240.1 209.1 27.0 809.0 | H 1.099 | V -0.000 | pL -0.000 | vL 0.000 | delta 0.000
U 297 | F 608256 | FPS 0031 | D 22295 | rR:mu sigma m M 0.00 0.00 0.00 0.00 | F:mu sigma m M 290.2 218.1 36.0 809.0 | H 1.099 | V -0.000 | pL -0.000 | vL 0.000 | delta 0.000
U 298 | F 610304 | FPS 0028 | D 22368 | rR:mu sigma m M 0.00 0.00 0.00 0.00 | F:mu sigma m M 252.6 177.3 36.0 611.0 | H 1.099 | V 0.000 | pL 0.000 | vL 0.000 | delta 0.001
U 299 | F 612352 | FPS 0030 | D 22436 | rR:mu sigma m M 0.00 0.00 0.00 0.00 | F:mu sigma m M 180.9 198.7 20.0 708.0 | H 1.099 | V -0.000 | pL -0.000 | vL 0.000 | delta 0.000
U 300 | F 614400 | FPS 0029 | D 22507 | rR:mu sigma m M 0.00 0.00 0.00 0.00 | F:mu sigma m M 216.6 193.3 20.0 646.0 | H 1.099 | V -0.000 | pL -0.000 | vL 0.000 | delta 0.000
U 301 | F 616448 | FPS 0029 | D 22579 | rR:mu sigma m M 0.00 0.00 0.00 0.00 | F:mu sigma m M 144.6 115.0 9.0 421.0 | H 1.099 | V -0.000 | pL -0.000 | vL 0.000 | delta 0.001
U 302 | F 618496 | FPS 0031 | D 22646 | rR:mu sigma m M 0.00 0.00 0.00 0.00 | F:mu sigma m M 113.1 103.7 9.0 381.0 | H 1.099 | V 0.000 | pL 0.000 | vL 0.000 | delta 0.000
U 303 | F 620544 | FPS 0031 | D 22713 | rR:mu sigma m M 0.00 0.00 0.00 0.00 | F:mu sigma m M 138.8 77.6 19.0 272.0 | H 1.099 | V 0.000 | pL 0.000 | vL 0.000 | delta 0.000
U 304 | F 622592 | FPS 0027 | D 22787 | rR:mu sigma m M 0.00 0.00 0.00 0.00 | F:mu sigma m M 133.7 83.5 52.0 359.0 | H 1.099 | V 0.000 | pL 0.000 | vL 0.000 | delta 0.000
U 305 | F 624640 | FPS 0029 | D 22859 | rR:mu sigma m M 0.00 0.00 0.00 0.00 | F:mu sigma m M 180.0 131.8 52.0 568.0 | H 1.099 | V 0.000 | pL 0.000 | vL 0.000 | delta 0.000
U 306 | F 626688 | FPS 0024 | D 22944 | rR:mu sigma m M 0.00 0.00 0.00 0.00 | F:mu sigma m M 224.5 224.4 37.0 881.0 | H 1.099 | V 0.000 | pL 0.000 | vL 0.000 | delta 0.000
U 307 | F 628736 | FPS 0031 | D 23011 | rR:mu sigma m M 0.00 0.00 0.00 0.00 | F:mu sigma m M 231.9 219.5 20.0 881.0 | H 1.099 | V 0.000 | pL 0.000 | vL 0.000 | delta 0.000
U 308 | F 630784 | FPS 0029 | D 23082 | rR:mu sigma m M 0.00 0.00 0.00 0.00 | F:mu sigma m M 170.2 129.9 20.0 513.0 | H 1.099 | V 0.001 | pL 0.000 | vL 0.000 | delta 0.001
U 309 | F 632832 | FPS 0028 | D 23155 | rR:mu sigma m M 0.00 0.00 0.00 0.00 | F:mu sigma m M 232.1 197.0 30.0 721.0 | H 1.099 | V 0.000 | pL 0.000 | vL 0.000 | delta 0.000
U 310 | F 634880 | FPS 0026 | D 23234 | rR:mu sigma m M 0.00 0.00 0.00 0.00 | F:mu sigma m M 165.6 135.2 20.0 451.0 | H 1.099 | V 0.000 | pL -0.000 | vL 0.000 | delta 0.000
U 311 | F 636928 | FPS 0030 | D 23303 | rR:mu sigma m M 0.00 0.00 0.00 0.00 | F:mu sigma m M 147.7 129.5 20.0 471.0 | H 1.099 | V 0.000 | pL 0.000 | vL 0.000 | delta 0.000
U 312 | F 638976 | FPS 0029 | D 23373 | rR:mu sigma m M 0.00 0.00 0.00 0.00 | F:mu sigma m M 213.3 169.6 20.0 663.0 | H 1.099 | V 0.000 | pL 0.000 | vL 0.000 | delta 0.000
U 313 | F 641024 | FPS 0029 | D 23444 | rR:mu sigma m M 0.00 0.00 0.00 0.00 | F:mu sigma m M 181.9 111.8 35.0 484.0 | H 1.099 | V 0.000 | pL -0.000 | vL 0.000 | delta 0.000
U 314 | F 643072 | FPS 0027 | D 23519 | rR:mu sigma m M 0.00 0.00 0.00 0.00 | F:mu sigma m M 170.5 102.3 35.0 484.0 | H 1.099 | V 0.000 | pL 0.000 | vL 0.000 | delta 0.000
U 315 | F 645120 | FPS 0026 | D 23598 | rR:mu sigma m M 0.00 0.00 0.00 0.00 | F:mu sigma m M 194.7 176.6 31.0 782.0 | H 1.099 | V 0.000 | pL 0.000 | vL 0.000 | delta 0.000
U 316 | F 647168 | FPS 0027 | D 23675 | rR:mu sigma m M 0.00 0.00 0.00 0.00 | F:mu sigma m M 137.7 125.8 21.0 504.0 | H 1.099 | V 0.000 | pL -0.000 | vL 0.000 | delta 0.000
U 317 | F 649216 | FPS 0027 | D 23751 | rR:mu sigma m M 0.00 0.00 0.00 0.00 | F:mu sigma m M 164.6 122.1 12.0 458.0 | H 1.099 | V 0.000 | pL 0.000 | vL 0.000 | delta 0.000
U 318 | F 651264 | FPS 0030 | D 23820 | rR:mu sigma m M 0.00 0.00 0.00 0.00 | F:mu sigma m M 122.2 59.3 12.0 232.0 | H 1.099 | V 0.000 | pL 0.000 | vL 0.000 | delta 0.000
U 319 | F 653312 | FPS 0032 | D 23885 | rR:mu sigma m M 0.00 0.00 0.00 0.00 | F:mu sigma m M 164.0 87.6 50.0 367.0 | H 1.099 | V 0.000 | pL 0.000 | vL 0.000 | delta 0.000
U 320 | F 655360 | FPS 0026 | D 23962 | rR:mu sigma m M 0.05 0.21 0.00 0.86 | F:mu sigma m M 161.4 118.7 42.0 546.0 | H 1.093 | V 0.004 | pL -0.007 | vL 0.001 | delta 0.007
U 321 | F 657408 | FPS 0032 | D 24027 | rR:mu sigma m M 0.05 0.19 0.00 0.77 | F:mu sigma m M 156.1 92.7 25.0 302.0 | H 1.096 | V 0.006 | pL -0.003 | vL 0.001 | delta 0.010
U 322 | F 659456 | FPS 0027 | D 24104 | rR:mu sigma m M 0.00 0.00 0.00 0.00 | F:mu sigma m M 157.1 94.3 22.0 302.0 | H 1.097 | V 0.006 | pL 0.002 | vL 0.000 | delta 0.005
U 323 | F 661504 | FPS 0027 | D 24179 | rR:mu sigma m M 0.00 0.00 0.00 0.00 | F:mu sigma m M 159.6 158.6 26.0 709.0 | H 1.098 | V 0.002 | pL 0.000 | vL 0.000 | delta 0.001
U 324 | F 663552 | FPS 0031 | D 24245 | rR:mu sigma m M 0.00 0.00 0.00 0.00 | F:mu sigma m M 133.7 111.4 29.0 403.0 | H 1.098 | V 0.004 | pL -0.000 | vL 0.000 | delta 0.002
U 325 | F 665600 | FPS 0028 | D 24319 | rR:mu sigma m M 0.00 0.00 0.00 0.00 | F:mu sigma m M 137.4 99.0 19.0 403.0 | H 1.094 | V 0.005 | pL 0.002 | vL 0.000 | delta 0.003
U 326 | F 667648 | FPS 0028 | D 24391 | rR:mu sigma m M 0.00 0.00 0.00 0.00 | F:mu sigma m M 142.9 86.0 16.0 311.0 | H 1.098 | V 0.003 | pL 0.001 | vL 0.000 | delta 0.001
U 327 | F 669696 | FPS 0027 | D 24468 | rR:mu sigma m M 0.00 0.00 0.00 0.00 | F:mu sigma m M 194.9 205.9 19.0 900.0 | H 1.096 | V 0.007 | pL 0.002 | vL 0.000 | delta 0.004
U 328 | F 671744 | FPS 0029 | D 24538 | rR:mu sigma m M 0.00 0.00 0.00 0.00 | F:mu sigma m M 213.1 203.9 38.0 900.0 | H 1.098 | V 0.003 | pL 0.001 | vL 0.000 | delta 0.001
U 329 | F 673792 | FPS 0028 | D 24610 | rR:mu sigma m M 0.05 0.21 0.00 0.87 | F:mu sigma m M 196.4 136.9 38.0 446.0 | H 1.095 | V 0.010 | pL -0.007 | vL 0.001 | delta 0.019
U 330 | F 675840 | FPS 0029 | D 24680 | rR:mu sigma m M 0.00 0.00 0.00 0.00 | F:mu sigma m M 167.7 103.4 52.0 446.0 | H 1.097 | V 0.003 | pL 0.001 | vL 0.000 | delta 0.004
U 331 | F 677888 | FPS 0026 | D 24758 | rR:mu sigma m M 0.00 0.00 0.00 0.00 | F:mu sigma m M 204.4 154.4 42.0 634.0 | H 1.098 | V -0.000 | pL -0.000 | vL 0.000 | delta 0.003
U 332 | F 679936 | FPS 0025 | D 24841 | rR:mu sigma m M 0.00 0.00 0.00 0.00 | F:mu sigma m M 172.3 115.6 37.0 470.0 | H 1.098 | V 0.000 | pL -0.000 | vL 0.000 | delta 0.001
U 333 | F 681984 | FPS 0028 | D 24913 | rR:mu sigma m M 0.00 0.00 0.00 0.00 | F:mu sigma m M 181.3 126.8 32.0 458.0 | H 1.097 | V 0.001 | pL -0.000 | vL 0.000 | delta 0.003
U 334 | F 684032 | FPS 0027 | D 24990 | rR:mu sigma m M 0.00 0.00 0.00 0.00 | F:mu sigma m M 253.3 174.3 32.0 535.0 | H 1.098 | V -0.001 | pL -0.000 | vL 0.000 | delta 0.001
U 335 | F 686080 | FPS 0031 | D 25057 | rR:mu sigma m M 0.00 0.00 0.00 0.00 | F:mu sigma m M 257.2 159.1 50.0 535.0 | H 1.098 | V -0.000 | pL -0.000 | vL 0.000 | delta 0.000
U 336 | F 688128 | FPS 0031 | D 25123 | rR:mu sigma m M 0.00 0.00 0.00 0.00 | F:mu sigma m M 145.8 110.3 21.0 435.0 | H 1.098 | V -0.000 | pL -0.000 | vL 0.000 | delta 0.000
U 337 | F 690176 | FPS 0027 | D 25199 | rR:mu sigma m M 0.00 0.00 0.00 0.00 | F:mu sigma m M 187.1 176.5 16.0 589.0 | H 1.099 | V 0.000 | pL -0.000 | vL 0.000 | delta 0.000
U 338 | F 692224 | FPS 0029 | D 25269 | rR:mu sigma m M 0.02 0.09 0.00 0.38 | F:mu sigma m M 157.3 196.6 9.0 704.0 | H 1.096 | V 0.005 | pL -0.002 | vL 0.000 | delta 0.007
U 339 | F 694272 | FPS 0027 | D 25344 | rR:mu sigma m M 0.12 0.27 0.00 0.81 | F:mu sigma m M 163.6 154.5 9.0 619.0 | H 1.083 | V 0.017 | pL -0.012 | vL 0.002 | delta 0.030
U 340 | F 696320 | FPS 0032 | D 25408 | rR:mu sigma m M 0.03 0.13 0.00 0.55 | F:mu sigma m M 156.8 118.0 25.0 450.0 | H 1.084 | V 0.024 | pL 0.002 | vL 0.001 | delta 0.008
U 341 | F 698368 | FPS 0031 | D 25475 | rR:mu sigma m M 0.00 0.00 0.00 0.00 | F:mu sigma m M 103.2 70.5 22.0 228.0 | H 1.096 | V 0.011 | pL 0.002 | vL 0.000 | delta 0.004
U 342 | F 700416 | FPS 0028 | D 25549 | rR:mu sigma m M 0.00 0.00 0.00 0.00 | F:mu sigma m M 184.5 182.5 24.0 717.0 | H 1.097 | V 0.007 | pL 0.002 | vL 0.000 | delta 0.003
U 343 | F 702464 | FPS 0025 | D 25630 | rR:mu sigma m M 0.00 0.00 0.00 0.00 | F:mu sigma m M 137.2 90.4 24.0 397.0 | H 1.098 | V 0.005 | pL 0.002 | vL 0.000 | delta 0.001
U 344 | F 704512 | FPS 0029 | D 25701 | rR:mu sigma m M 0.00 0.00 0.00 0.00 | F:mu sigma m M 205.9 179.3 28.0 717.0 | H 1.098 | V 0.004 | pL 0.001 | vL 0.000 | delta 0.000
U 345 | F 706560 | FPS 0031 | D 25766 | rR:mu sigma m M 0.05 0.20 0.00 0.84 | F:mu sigma m M 159.6 152.8 24.0 525.0 | H 1.093 | V 0.013 | pL -0.005 | vL 0.000 | delta 0.011
U 346 | F 708608 | FPS 0028 | D 25840 | rR:mu sigma m M 0.00 0.00 0.00 0.00 | F:mu sigma m M 156.9 158.3 24.0 659.0 | H 1.097 | V 0.005 | pL 0.001 | vL 0.000 | delta 0.001
U 347 | F 710656 | FPS 0027 | D 25916 | rR:mu sigma m M 0.00 0.00 0.00 0.00 | F:mu sigma m M 179.7 156.5 30.0 659.0 | H 1.098 | V 0.004 | pL 0.001 | vL 0.000 | delta 0.000
U 348 | F 712704 | FPS 0027 | D 25992 | rR:mu sigma m M 0.00 0.00 0.00 0.00 | F:mu sigma m M 215.7 152.2 56.0 591.0 | H 1.097 | V 0.006 | pL -0.001 | vL 0.000 | delta 0.004
U 349 | F 714752 | FPS 0028 | D 26065 | rR:mu sigma m M 0.09 0.25 0.00 0.85 | F:mu sigma m M 225.2 139.9 56.0 527.0 | H 1.087 | V 0.019 | pL -0.009 | vL 0.001 | delta 0.015
U 350 | F 716800 | FPS 0027 | D 26141 | rR:mu sigma m M 0.00 0.00 0.00 0.00 | F:mu sigma m M 203.0 161.6 23.0 527.0 | H 1.097 | V 0.005 | pL 0.002 | vL 0.000 | delta 0.002
U 351 | F 718848 | FPS 0028 | D 26215 | rR:mu sigma m M 0.00 0.00 0.00 0.00 | F:mu sigma m M 188.6 160.0 23.0 457.0 | H 1.098 | V 0.004 | pL 0.001 | vL 0.000 | delta 0.001
U 352 | F 720896 | FPS 0028 | D 26288 | rR:mu sigma m M 0.00 0.00 0.00 0.00 | F:mu sigma m M 151.8 101.2 45.0 400.0 | H 1.098 | V 0.002 | pL 0.001 | vL 0.000 | delta 0.001
U 353 | F 722944 | FPS 0027 | D 26363 | rR:mu sigma m M 0.00 0.00 0.00 0.00 | F:mu sigma m M 137.6 129.2 13.0 509.0 | H 1.098 | V 0.002 | pL 0.001 | vL 0.000 | delta 0.001
U 354 | F 724992 | FPS 0027 | D 26439 | rR:mu sigma m M 0.00 0.00 0.00 0.00 | F:mu sigma m M 157.4 86.4 48.0 377.0 | H 1.095 | V 0.015 | pL -0.004 | vL 0.001 | delta 0.011
U 355 | F 727040 | FPS 0030 | D 26508 | rR:mu sigma m M 0.04 0.15 0.00 0.63 | F:mu sigma m M 155.6 124.0 43.0 435.0 | H 1.095 | V 0.004 | pL -0.002 | vL 0.000 | delta 0.009
U 356 | F 729088 | FPS 0031 | D 26574 | rR:mu sigma m M 0.00 0.00 0.00 0.00 | F:mu sigma m M 131.9 90.3 31.0 435.0 | H 1.089 | V 0.008 | pL 0.001 | vL 0.000 | delta 0.010
U 357 | F 731136 | FPS 0032 | D 26637 | rR:mu sigma m M 0.00 0.00 0.00 0.00 | F:mu sigma m M 178.8 147.1 29.0 487.0 | H 1.097 | V 0.000 | pL 0.001 | vL 0.000 | delta 0.001
U 358 | F 733184 | FPS 0029 | D 26708 | rR:mu sigma m M 0.00 0.00 0.00 0.00 | F:mu sigma m M 143.8 126.1 25.0 541.0 | H 1.096 | V 0.002 | pL 0.000 | vL 0.000 | delta 0.002
U 359 | F 735232 | FPS 0034 | D 26768 | rR:mu sigma m M 0.00 0.00 0.00 0.00 | F:mu sigma m M 130.4 117.2 23.0 499.0 | H 1.098 | V 0.002 | pL 0.000 | vL 0.000 | delta 0.001
U 360 | F 737280 | FPS 0028 | D 26841 | rR:mu sigma m M 0.00 0.00 0.00 0.00 | F:mu sigma m M 154.1 107.9 26.0 395.0 | H 1.098 | V 0.002 | pL 0.000 | vL 0.000 | delta 0.000
U 361 | F 739328 | FPS 0029 | D 26913 | rR:mu sigma m M 0.04 0.17 0.00 0.71 | F:mu sigma m M 188.4 169.8 25.0 656.0 | H 1.095 | V 0.009 | pL -0.005 | vL 0.000 | delta 0.008
U 362 | F 741376 | FPS 0030 | D 26980 | rR:mu sigma m M 0.00 0.00 0.00 0.00 | F:mu sigma m M 134.1 89.2 25.0 381.0 | H 1.098 | V 0.002 | pL 0.001 | vL 0.000 | delta 0.001
U 363 | F 743424 | FPS 0026 | D 27057 | rR:mu sigma m M 0.00 0.00 0.00 0.00 | F:mu sigma m M 188.6 182.3 54.0 827.0 | H 1.092 | V 0.012 | pL -0.002 | vL 0.000 | delta 0.005
U 364 | F 745472 | FPS 0027 | D 27133 | rR:mu sigma m M 0.04 0.14 0.00 0.58 | F:mu sigma m M 182.6 198.1 19.0 827.0 | H 1.088 | V 0.023 | pL -0.003 | vL 0.001 | delta 0.007
U 365 | F 747520 | FPS 0029 | D 27204 | rR:mu sigma m M 0.04 0.17 0.00 0.77 | F:mu sigma m M 147.2 106.5 16.0 410.0 | H 1.097 | V 0.005 | pL 0.000 | vL 0.000 | delta 0.004
U 366 | F 749568 | FPS 0026 | D 27283 | rR:mu sigma m M 0.00 0.00 0.00 0.00 | F:mu sigma m M 145.8 100.3 27.0 410.0 | H 1.098 | V 0.003 | pL 0.001 | vL 0.000 | delta 0.000
U 367 | F 751616 | FPS 0028 | D 27356 | rR:mu sigma m M 0.05 0.20 0.00 0.81 | F:mu sigma m M 162.2 113.6 20.0 410.0 | H 1.094 | V 0.013 | pL -0.005 | vL 0.001 | delta 0.011
U 368 | F 753664 | FPS 0028 | D 27429 | rR:mu sigma m M 0.05 0.20 0.00 0.81 | F:mu sigma m M 161.0 107.0 20.0 410.0 | H 1.094 | V 0.014 | pL -0.002 | vL 0.001 | delta 0.010
U 369 | F 755712 | FPS 0027 | D 27505 | rR:mu sigma m M 0.04 0.18 0.00 0.81 | F:mu sigma m M 132.2 87.9 17.0 319.0 | H 1.095 | V 0.013 | pL -0.001 | vL 0.000 | delta 0.009
U 370 | F 757760 | FPS 0029 | D 27576 | rR:mu sigma m M 0.00 0.00 0.00 0.00 | F:mu sigma m M 183.4 191.8 17.0 835.0 | H 1.097 | V 0.007 | pL 0.002 | vL 0.000 | delta 0.001
U 371 | F 759808 | FPS 0027 | D 27651 | rR:mu sigma m M 0.00 0.00 0.00 0.00 | F:mu sigma m M 149.4 80.3 25.0 366.0 | H 1.098 | V 0.004 | pL 0.002 | vL 0.000 | delta 0.001
U 372 | F 761856 | FPS 0029 | D 27721 | rR:mu sigma m M 0.00 0.00 0.00 0.00 | F:mu sigma m M 149.9 106.1 38.0 384.0 | H 1.096 | V 0.010 | pL 0.002 | vL 0.000 | delta 0.006
U 373 | F 763904 | FPS 0027 | D 27798 | rR:mu sigma m M 0.00 0.00 0.00 0.00 | F:mu sigma m M 121.9 82.5 21.0 326.0 | H 1.098 | V 0.003 | pL 0.001 | vL 0.000 | delta 0.001
U 374 | F 765952 | FPS 0027 | D 27873 | rR:mu sigma m M 0.00 0.00 0.00 0.00 | F:mu sigma m M 168.0 132.6 21.0 390.0 | H 1.096 | V 0.007 | pL 0.000 | vL 0.000 | delta 0.003
U 375 | F 768000 | FPS 0026 | D 27951 | rR:mu sigma m M 0.05 0.20 0.00 0.81 | F:mu sigma m M 152.9 121.6 39.0 387.0 | H 1.093 | V 0.005 | pL -0.003 | vL 0.001 | delta 0.006
U 376 | F 770048 | FPS 0026 | D 28031 | rR:mu sigma m M 0.00 0.00 0.00 0.00 | F:mu sigma m M 178.7 158.2 30.0 587.0 | H 1.098 | V 0.000 | pL 0.000 | vL 0.000 | delta 0.001
U 377 | F 772096 | FPS 0032 | D 28095 | rR:mu sigma m M 0.00 0.00 0.00 0.00 | F:mu sigma m M 172.6 147.5 24.0 587.0 | H 1.095 | V 0.004 | pL 0.001 | vL 0.000 | delta 0.005
U 378 | F 774144 | FPS 0027 | D 28172 | rR:mu sigma m M 0.00 0.00 0.00 0.00 | F:mu sigma m M 175.6 208.4 22.0 888.0 | H 1.098 | V 0.002 | pL 0.000 | vL 0.000 | delta 0.001
U 379 | F 776192 | FPS 0027 | D 28248 | rR:mu sigma m M 0.00 0.00 0.00 0.00 | F:mu sigma m M 163.2 131.7 46.0 616.0 | H 1.098 | V 0.003 | pL 0.001 | vL 0.000 | delta 0.001
U 380 | F 778240 | FPS 0025 | D 28330 | rR:mu sigma m M 0.00 0.00 0.00 0.00 | F:mu sigma m M 165.1 131.3 45.0 616.0 | H 1.098 | V 0.002 | pL 0.001 | vL 0.000 | delta 0.000
U 381 | F 780288 | FPS 0027 | D 28405 | rR:mu sigma m M 0.00 0.00 0.00 0.00 | F:mu sigma m M 202.5 178.1 10.0 750.0 | H 1.098 | V 0.002 | pL 0.001 | vL 0.000 | delta 0.001
U 382 | F 782336 | FPS 0027 | D 28480 | rR:mu sigma m M 0.00 0.00 0.00 0.00 | F:mu sigma m M 137.2 110.1 10.0 371.0 | H 1.097 | V 0.003 | pL -0.001 | vL 0.000 | delta 0.002
U 383 | F 784384 | FPS 0030 | D 28549 | rR:mu sigma m M 0.05 0.21 0.00 0.87 | F:mu sigma m M 164.1 125.4 15.0 510.0 | H 1.089 | V 0.017 | pL -0.006 | vL 0.001 | delta 0.010
U 384 | F 786432 | FPS 0026 | D 28629 | rR:mu sigma m M 0.04 0.16 0.00 0.64 | F:mu sigma m M 170.7 88.3 41.0 356.0 | H 1.096 | V 0.006 | pL 0.000 | vL 0.000 | delta 0.003
U 385 | F 788480 | FPS 0029 | D 28701 | rR:mu sigma m M 0.11 0.29 0.00 0.89 | F:mu sigma m M 119.5 68.5 45.0 289.0 | H 1.085 | V 0.025 | pL -0.012 | vL 0.002 | delta 0.017
U 386 | F 790528 | FPS 0031 | D 28766 | rR:mu sigma m M 0.06 0.22 0.00 0.89 | F:mu sigma m M 128.3 74.2 25.0 287.0 | H 1.097 | V 0.004 | pL -0.000 | vL 0.000 | delta 0.002
U 387 | F 792576 | FPS 0031 | D 28833 | rR:mu sigma m M 0.00 0.00 0.00 0.00 | F:mu sigma m M 170.7 185.4 28.0 782.0 | H 1.093 | V 0.009 | pL 0.001 | vL 0.000 | delta 0.004
U 388 | F 794624 | FPS 0031 | D 28900 | rR:mu sigma m M 0.00 0.00 0.00 0.00 | F:mu sigma m M 152.4 119.4 26.0 426.0 | H 1.091 | V 0.010 | pL 0.002 | vL 0.000 | delta 0.004
U 389 | F 796672 | FPS 0029 | D 28970 | rR:mu sigma m M 0.00 0.00 0.00 0.00 | F:mu sigma m M 216.6 200.8 71.0 900.0 | H 1.091 | V 0.008 | pL 0.002 | vL 0.000 | delta 0.003
U 390 | F 798720 | FPS 0029 | D 29040 | rR:mu sigma m M 0.05 0.20 0.00 0.84 | F:mu sigma m M 122.9 78.8 32.0 328.0 | H 1.093 | V 0.012 | pL -0.005 | vL 0.001 | delta 0.012
U 391 | F 800768 | FPS 0032 | D 29105 | rR:mu sigma m M 0.00 0.00 0.00 0.00 | F:mu sigma m M 140.4 77.7 32.0 328.0 | H 1.097 | V 0.005 | pL 0.002 | vL 0.000 | delta 0.001
U 392 | F 802816 | FPS 0028 | D 29178 | rR:mu sigma m M 0.00 0.00 0.00 0.00 | F:mu sigma m M 156.1 107.9 30.0 412.0 | H 1.098 | V 0.004 | pL 0.001 | vL 0.000 | delta 0.000
U 393 | F 804864 | FPS 0028 | D 29251 | rR:mu sigma m M 0.00 0.00 0.00 0.00 | F:mu sigma m M 154.8 96.6 30.0 338.0 | H 1.098 | V 0.004 | pL 0.001 | vL 0.000 | delta 0.000
U 394 | F 806912 | FPS 0031 | D 29318 | rR:mu sigma m M 0.00 0.00 0.00 0.00 | F:mu sigma m M 163.8 102.3 19.0 417.0 | H 1.085 | V 0.010 | pL 0.001 | vL 0.000 | delta 0.004
U 395 | F 808960 | FPS 0028 | D 29391 | rR:mu sigma m M 0.05 0.18 0.00 0.76 | F:mu sigma m M 137.1 87.2 19.0 301.0 | H 1.089 | V 0.013 | pL -0.003 | vL 0.000 | delta 0.008
U 396 | F 811008 | FPS 0025 | D 29472 | rR:mu sigma m M 0.04 0.15 0.00 0.62 | F:mu sigma m M 199.6 167.5 32.0 586.0 | H 1.095 | V 0.006 | pL -0.001 | vL 0.000 | delta 0.004
U 397 | F 813056 | FPS 0032 | D 29536 | rR:mu sigma m M 0.03 0.13 0.00 0.55 | F:mu sigma m M 160.8 130.7 15.0 452.0 | H 1.092 | V 0.011 | pL -0.003 | vL 0.000 | delta 0.007
U 398 | F 815104 | FPS 0029 | D 29607 | rR:mu sigma m M 0.05 0.19 0.00 0.78 | F:mu sigma m M 146.4 149.1 23.0 669.0 | H 1.091 | V 0.015 | pL -0.007 | vL 0.001 | delta 0.017
U 399 | F 817152 | FPS 0034 | D 29667 | rR:mu sigma m M 0.04 0.14 0.00 0.56 | F:mu sigma m M 129.6 112.4 34.0 436.0 | H 1.093 | V 0.015 | pL 0.001 | vL 0.000 | delta 0.005
U 400 | F 819200 | FPS 0027 | D 29743 | rR:mu sigma m M 0.00 0.00 0.00 0.00 | F:mu sigma m M 158.1 146.8 20.0 451.0 | H 1.097 | V 0.005 | pL 0.001 | vL 0.000 | delta 0.002
U 401 | F 821248 | FPS 0028 | D 29815 | rR:mu sigma m M 0.06 0.18 0.00 0.72 | F:mu sigma m M 174.5 173.0 13.0 718.0 | H 1.085 | V 0.025 | pL -0.004 | vL 0.001 | delta 0.014
U 402 | F 823296 | FPS 0036 | D 29873 | rR:mu sigma m M 0.04 0.18 0.00 0.89 | F:mu sigma m M 110.3 81.3 25.0 303.0 | H 1.083 | V 0.019 | pL -0.006 | vL 0.001 | delta 0.015
U 403 | F 825344 | FPS 0039 | D 29926 | rR:mu sigma m M 0.10 0.27 0.00 0.89 | F:mu sigma m M 109.6 62.9 23.0 242.0 | H 1.069 | V 0.043 | pL -0.008 | vL 0.002 | delta 0.023
U 404 | F 827392 | FPS 0036 | D 29982 | rR:mu sigma m M 0.26 0.40 0.00 0.91 | F:mu sigma m M 93.3 61.9 7.0 223.0 | H 1.026 | V 0.113 | pL -0.035 | vL 0.007 | delta 0.046
U 405 | F 829440 | FPS 0039 | D 30035 | rR:mu sigma m M 0.22 0.38 0.00 0.92 | F:mu sigma m M 89.2 62.7 16.0 260.0 | H 1.021 | V 0.118 | pL -0.015 | vL 0.005 | delta 0.039
U 406 | F 831488 | FPS 0043 | D 30083 | rR:mu sigma m M 0.41 0.44 0.00 0.93 | F:mu sigma m M 115.2 64.6 15.0 276.0 | H 0.947 | V 0.213 | pL -0.044 | vL 0.012 | delta 0.089
U 407 | F 833536 | FPS 0047 | D 30126 | rR:mu sigma m M 0.62 0.43 0.00 0.96 | F:mu sigma m M 83.3 56.2 27.0 302.0 | H 0.857 | V 0.339 | pL -0.053 | vL 0.018 | delta 0.121
U 408 | F 835584 | FPS 0055 | D 30164 | rR:mu sigma m M 0.52 0.46 0.00 0.95 | F:mu sigma m M 65.8 29.0 9.0 152.0 | H 0.841 | V 0.311 | pL -0.051 | vL 0.014 | delta 0.090
U 409 | F 837632 | FPS 0058 | D 30199 | rR:mu sigma m M 0.65 0.43 0.00 0.96 | F:mu sigma m M 64.7 28.1 24.0 133.0 | H 0.742 | V 0.411 | pL -0.061 | vL 0.016 | delta 0.093
U 410 | F 839680 | FPS 0062 | D 30232 | rR:mu sigma m M 0.73 0.39 0.00 0.97 | F:mu sigma m M 58.1 34.7 7.0 216.0 | H 0.709 | V 0.517 | pL -0.074 | vL 0.013 | delta 0.088
U 411 | F 841728 | FPS 0063 | D 30264 | rR:mu sigma m M 0.84 0.31 0.00 0.97 | F:mu sigma m M 49.3 16.4 29.0 94.0 | H 0.580 | V 0.643 | pL -0.054 | vL 0.014 | delta 0.151
U 412 | F 843776 | FPS 0067 | D 30295 | rR:mu sigma m M 0.91 0.19 0.00 0.97 | F:mu sigma m M 46.1 11.0 31.0 70.0 | H 0.537 | V 0.707 | pL -0.044 | vL 0.005 | delta 0.067
U 413 | F 845824 | FPS 0071 | D 30324 | rR:mu sigma m M 0.92 0.18 0.00 0.97 | F:mu sigma m M 38.8 8.2 20.0 60.0 | H 0.441 | V 0.772 | pL -0.019 | vL 0.008 | delta 0.103
U 414 | F 847872 | FPS 0074 | D 30351 | rR:mu sigma m M 0.96 0.01 0.91 0.97 | F:mu sigma m M 36.9 8.6 28.0 88.0 | H 0.455 | V 0.774 | pL -0.034 | vL 0.001 | delta 0.037
agent reach optimality, start collecting trajectories
agent successfully collected 10 trajectories
pickling optimal trajectories
Model successfully saved
/home/rdali/.local/easybuild/software/2017/Core/miniconda3/4.3.27/envs/observe/lib/python3.6/site-packages/torch/nn/functional.py:1906: UserWarning: reduction: 'mean' divides the total loss by both the batch size and the support size.'batchmean' divides only by the batch size, and aligns with the KL div math definition.'mean' will be changed to behave the same as 'batchmean' in the next major release.
  warnings.warn("reduction: 'mean' divides the total loss by both the batch size and the support size."
