The following modules were not unloaded:
  (Use "module --force purge" to unload all):

  1) StdEnv/2018.3     4) gcccore/.7.3.0      7) intel/2018.3
  2) nixpkgs/16.09     5) icc/.2018.3.222     8) openmpi/3.1.2
  3) imkl/2018.3.222   6) ifort/.2018.3.222

Due to MODULEPATH changes, the following have been reloaded:
  1) openmpi/3.1.2

Attention: While Conda works well in a desktop environment, it tends to create more problems than it solves on a cluster. Instead, we recommend that users use virtual environments and the binary packages that we provide through Python wheels as documented on the Python page.
/home/rdali/RL/watch_and_learn/dependency/rl-starter-files/scripts/train_agent_multidem.py --env MiniGrid-LavaCrossingAddictO8S15-v0 --algo ppo --nameDemonstrator LavaCrossing1508Addict1,LavaCrossing1508Addict2,LavaCrossing1508Addict3,LavaCrossing1508Addict4,LavaCrossing1508Addict10,LavaCrossing1508Addict11,LavaCrossing1508Addict12,LavaCrossing1508Addict13 --flat-model 0 --KLweight 0.001 --useKL 1 --meanReward 0.80 --rewardLB 0.70 --seed 9734

Namespace(KLweight=0.001, algo='ppo', batch_size=256, clip_eps=0.2, discount=0.99, entropy_coef=0.01, env='MiniGrid-LavaCrossingAddictO8S15-v0', epochs=4, flat_model=0, frames=10000000, frames_per_proc=None, full_obs=0, gae_lambda=0.95, log_interval=1, lr=0.0007, max_grad_norm=0.5, meanReward=0.8, mem=False, model=None, nameDemonstrator='LavaCrossing1508Addict1,LavaCrossing1508Addict2,LavaCrossing1508Addict3,LavaCrossing1508Addict4,LavaCrossing1508Addict10,LavaCrossing1508Addict11,LavaCrossing1508Addict12,LavaCrossing1508Addict13', optim_alpha=0.99, optim_eps=1e-05, procs=16, recurrence=1, rewardLB=0.7, save_interval=0, seed=9734, tb=False, text=False, useKL=1, value_loss_coef=0.5)

Flat model successfully created

ACModel(
  (image_conv): Sequential(
    (0): Conv2d(3, 32, kernel_size=(2, 2), stride=(1, 1))
    (1): ReLU()
    (2): MaxPool2d(kernel_size=(2, 2), stride=(2, 2), padding=0, dilation=1, ceil_mode=False)
    (3): Conv2d(32, 64, kernel_size=(2, 2), stride=(1, 1))
    (4): ReLU()
    (5): Conv2d(64, 64, kernel_size=(2, 2), stride=(1, 1))
    (6): ReLU()
  )
  (actor): Sequential(
    (0): Linear(in_features=1600, out_features=64, bias=True)
    (1): Tanh()
    (2): Linear(in_features=64, out_features=3, bias=True)
  )
  (critic): Sequential(
    (0): Linear(in_features=1600, out_features=64, bias=True)
    (1): Tanh()
    (2): Linear(in_features=64, out_features=1, bias=True)
  )
)

CUDA available: False

1
True
0.001
Using TensorFlow backend.
OMP: Info #212: KMP_AFFINITY: decoding x2APIC ids.
OMP: Info #210: KMP_AFFINITY: Affinity capable, using global cpuid leaf 11 info
OMP: Info #154: KMP_AFFINITY: Initial OS proc set respected: 25,27,29,36,38
OMP: Info #156: KMP_AFFINITY: 5 available OS procs
OMP: Info #158: KMP_AFFINITY: Nonuniform topology
OMP: Info #179: KMP_AFFINITY: 2 packages x 3 cores/pkg x 1 threads/core (5 total cores)
OMP: Info #214: KMP_AFFINITY: OS proc to physical thread map:
OMP: Info #171: KMP_AFFINITY: OS proc 36 maps to package 0 core 25 
OMP: Info #171: KMP_AFFINITY: OS proc 38 maps to package 0 core 26 
OMP: Info #171: KMP_AFFINITY: OS proc 25 maps to package 1 core 17 
OMP: Info #171: KMP_AFFINITY: OS proc 29 maps to package 1 core 18 
OMP: Info #171: KMP_AFFINITY: OS proc 27 maps to package 1 core 19 
OMP: Info #250: KMP_AFFINITY: pid 295902 tid 295902 thread 0 bound to OS proc set 36
OMP: Info #250: KMP_AFFINITY: pid 295902 tid 296144 thread 2 bound to OS proc set 38
OMP: Info #250: KMP_AFFINITY: pid 295902 tid 296139 thread 1 bound to OS proc set 25
OMP: Info #250: KMP_AFFINITY: pid 295902 tid 296148 thread 3 bound to OS proc set 29
OMP: Info #250: KMP_AFFINITY: pid 295902 tid 296154 thread 4 bound to OS proc set 27
OMP: Info #250: KMP_AFFINITY: pid 295902 tid 296452 thread 5 bound to OS proc set 36
OMP: Info #250: KMP_AFFINITY: pid 295902 tid 296451 thread 6 bound to OS proc set 25
OMP: Info #250: KMP_AFFINITY: pid 295902 tid 296474 thread 7 bound to OS proc set 38
OMP: Info #250: KMP_AFFINITY: pid 295902 tid 296476 thread 9 bound to OS proc set 27
OMP: Info #250: KMP_AFFINITY: pid 295902 tid 296477 thread 10 bound to OS proc set 36
OMP: Info #250: KMP_AFFINITY: pid 295902 tid 296475 thread 8 bound to OS proc set 29
OMP: Info #250: KMP_AFFINITY: pid 295902 tid 296556 thread 11 bound to OS proc set 25
OMP: Info #250: KMP_AFFINITY: pid 295902 tid 296557 thread 12 bound to OS proc set 38
OMP: Info #250: KMP_AFFINITY: pid 295902 tid 296558 thread 13 bound to OS proc set 29
OMP: Info #250: KMP_AFFINITY: pid 295902 tid 296559 thread 14 bound to OS proc set 27
OMP: Info #250: KMP_AFFINITY: pid 295902 tid 296560 thread 15 bound to OS proc set 36
U 1 | F 002048 | FPS 0022 | D 91 | rR:mu sigma m M 0.00 0.00 0.00 0.00 | F:mu sigma m M 28.6 32.3 0.0 95.0 | H 1.095 | V 0.065 | pL 0.014 | vL 0.001 | delta 0.057
U 2 | F 004096 | FPS 0025 | D 171 | rR:mu sigma m M 0.00 0.00 0.00 0.00 | F:mu sigma m M 121.4 66.1 33.0 253.0 | H 1.097 | V 0.055 | pL 0.015 | vL 0.000 | delta 0.008
U 3 | F 006144 | FPS 0029 | D 243 | rR:mu sigma m M 0.00 0.00 0.00 0.00 | F:mu sigma m M 159.8 78.6 33.0 320.0 | H 1.095 | V 0.048 | pL 0.010 | vL 0.000 | delta 0.004
U 4 | F 008192 | FPS 0023 | D 334 | rR:mu sigma m M 0.00 0.00 0.00 0.00 | F:mu sigma m M 202.5 106.8 17.0 478.0 | H 1.095 | V 0.037 | pL 0.009 | vL 0.000 | delta 0.005
U 5 | F 010240 | FPS 0025 | D 417 | rR:mu sigma m M 0.00 0.00 0.00 0.00 | F:mu sigma m M 216.8 171.3 17.0 599.0 | H 1.098 | V 0.028 | pL 0.008 | vL 0.000 | delta 0.003
U 6 | F 012288 | FPS 0030 | D 486 | rR:mu sigma m M 0.00 0.00 0.00 0.00 | F:mu sigma m M 254.7 209.3 19.0 689.0 | H 1.098 | V 0.022 | pL 0.006 | vL 0.000 | delta 0.002
U 7 | F 014336 | FPS 0032 | D 549 | rR:mu sigma m M 0.00 0.00 0.00 0.00 | F:mu sigma m M 205.6 143.4 69.0 689.0 | H 1.098 | V 0.018 | pL 0.005 | vL 0.000 | delta 0.002
U 8 | F 016384 | FPS 0027 | D 624 | rR:mu sigma m M 0.00 0.00 0.00 0.00 | F:mu sigma m M 252.4 223.5 31.0 725.0 | H 1.098 | V 0.015 | pL 0.004 | vL 0.000 | delta 0.001
U 9 | F 018432 | FPS 0032 | D 689 | rR:mu sigma m M 0.00 0.00 0.00 0.00 | F:mu sigma m M 289.2 237.7 31.0 725.0 | H 1.098 | V 0.012 | pL 0.003 | vL 0.000 | delta 0.001
U 10 | F 020480 | FPS 0030 | D 758 | rR:mu sigma m M 0.00 0.00 0.00 0.00 | F:mu sigma m M 182.9 120.0 18.0 454.0 | H 1.099 | V 0.009 | pL 0.003 | vL 0.000 | delta 0.001
U 11 | F 022528 | FPS 0030 | D 827 | rR:mu sigma m M 0.00 0.00 0.00 0.00 | F:mu sigma m M 221.9 141.8 18.0 537.0 | H 1.098 | V 0.007 | pL 0.002 | vL 0.000 | delta 0.001
U 12 | F 024576 | FPS 0028 | D 901 | rR:mu sigma m M 0.00 0.00 0.00 0.00 | F:mu sigma m M 255.3 167.9 37.0 669.0 | H 1.099 | V 0.005 | pL 0.001 | vL 0.000 | delta 0.001
U 13 | F 026624 | FPS 0028 | D 973 | rR:mu sigma m M 0.00 0.00 0.00 0.00 | F:mu sigma m M 238.2 155.9 30.0 669.0 | H 1.099 | V 0.005 | pL 0.001 | vL 0.000 | delta 0.001
U 14 | F 028672 | FPS 0025 | D 1055 | rR:mu sigma m M 0.00 0.00 0.00 0.00 | F:mu sigma m M 249.9 205.5 30.0 829.0 | H 1.099 | V 0.004 | pL 0.001 | vL 0.000 | delta 0.000
U 15 | F 030720 | FPS 0030 | D 1122 | rR:mu sigma m M 0.00 0.00 0.00 0.00 | F:mu sigma m M 177.6 155.3 30.0 628.0 | H 1.099 | V 0.003 | pL 0.001 | vL 0.000 | delta 0.001
U 16 | F 032768 | FPS 0029 | D 1192 | rR:mu sigma m M 0.00 0.00 0.00 0.00 | F:mu sigma m M 146.6 88.4 22.0 368.0 | H 1.099 | V 0.002 | pL 0.001 | vL 0.000 | delta 0.000
U 17 | F 034816 | FPS 0029 | D 1263 | rR:mu sigma m M 0.00 0.00 0.00 0.00 | F:mu sigma m M 165.8 143.3 16.0 547.0 | H 1.099 | V 0.001 | pL 0.001 | vL 0.000 | delta 0.000
U 18 | F 036864 | FPS 0027 | D 1337 | rR:mu sigma m M 0.00 0.00 0.00 0.00 | F:mu sigma m M 125.8 105.4 16.0 394.0 | H 1.099 | V 0.001 | pL 0.000 | vL 0.000 | delta 0.001
U 19 | F 038912 | FPS 0032 | D 1402 | rR:mu sigma m M 0.04 0.15 0.00 0.63 | F:mu sigma m M 138.1 108.1 13.0 365.0 | H 1.098 | V 0.002 | pL -0.000 | vL 0.000 | delta 0.004
U 20 | F 040960 | FPS 0027 | D 1477 | rR:mu sigma m M 0.00 0.00 0.00 0.00 | F:mu sigma m M 140.9 92.6 17.0 333.0 | H 1.099 | V 0.001 | pL 0.000 | vL 0.000 | delta 0.001
U 21 | F 043008 | FPS 0030 | D 1546 | rR:mu sigma m M 0.00 0.00 0.00 0.00 | F:mu sigma m M 139.8 83.0 26.0 333.0 | H 1.099 | V 0.001 | pL 0.000 | vL 0.000 | delta 0.000
U 22 | F 045056 | FPS 0027 | D 1622 | rR:mu sigma m M 0.00 0.00 0.00 0.00 | F:mu sigma m M 206.1 118.6 53.0 390.0 | H 1.099 | V 0.001 | pL 0.000 | vL 0.000 | delta 0.000
U 23 | F 047104 | FPS 0032 | D 1686 | rR:mu sigma m M 0.00 0.00 0.00 0.00 | F:mu sigma m M 225.9 171.9 54.0 755.0 | H 1.099 | V 0.001 | pL 0.000 | vL 0.000 | delta 0.000
U 24 | F 049152 | FPS 0031 | D 1752 | rR:mu sigma m M 0.00 0.00 0.00 0.00 | F:mu sigma m M 188.4 215.2 43.0 900.0 | H 1.099 | V 0.000 | pL 0.000 | vL 0.000 | delta 0.000
U 25 | F 051200 | FPS 0027 | D 1828 | rR:mu sigma m M 0.00 0.00 0.00 0.00 | F:mu sigma m M 107.9 82.8 19.0 323.0 | H 1.099 | V 0.000 | pL 0.000 | vL 0.000 | delta 0.000
U 26 | F 053248 | FPS 0028 | D 1900 | rR:mu sigma m M 0.00 0.00 0.00 0.00 | F:mu sigma m M 101.6 77.1 17.0 323.0 | H 1.099 | V 0.000 | pL 0.000 | vL 0.000 | delta 0.000
U 27 | F 055296 | FPS 0028 | D 1973 | rR:mu sigma m M 0.00 0.00 0.00 0.00 | F:mu sigma m M 175.7 192.8 17.0 863.0 | H 1.099 | V 0.000 | pL 0.000 | vL 0.000 | delta 0.000
U 28 | F 057344 | FPS 0028 | D 2046 | rR:mu sigma m M 0.00 0.00 0.00 0.00 | F:mu sigma m M 273.6 251.6 49.0 863.0 | H 1.099 | V -0.000 | pL -0.000 | vL 0.000 | delta 0.000
U 29 | F 059392 | FPS 0030 | D 2114 | rR:mu sigma m M 0.00 0.00 0.00 0.00 | F:mu sigma m M 187.6 152.7 35.0 532.0 | H 1.099 | V 0.000 | pL 0.000 | vL 0.000 | delta 0.000
U 30 | F 061440 | FPS 0034 | D 2175 | rR:mu sigma m M 0.00 0.00 0.00 0.00 | F:mu sigma m M 258.6 245.1 21.0 900.0 | H 1.099 | V -0.000 | pL 0.000 | vL 0.000 | delta 0.000
U 31 | F 063488 | FPS 0029 | D 2246 | rR:mu sigma m M 0.00 0.00 0.00 0.00 | F:mu sigma m M 244.2 245.2 20.0 900.0 | H 1.099 | V -0.000 | pL -0.000 | vL 0.000 | delta 0.000
U 32 | F 065536 | FPS 0028 | D 2318 | rR:mu sigma m M 0.00 0.00 0.00 0.00 | F:mu sigma m M 191.6 118.7 33.0 391.0 | H 1.099 | V -0.000 | pL -0.000 | vL 0.000 | delta 0.000
U 33 | F 067584 | FPS 0026 | D 2399 | rR:mu sigma m M 0.00 0.00 0.00 0.00 | F:mu sigma m M 142.1 136.3 10.0 522.0 | H 1.099 | V -0.000 | pL -0.000 | vL 0.000 | delta 0.000
U 34 | F 069632 | FPS 0031 | D 2466 | rR:mu sigma m M 0.00 0.00 0.00 0.00 | F:mu sigma m M 178.9 145.9 26.0 522.0 | H 1.099 | V -0.000 | pL -0.000 | vL 0.000 | delta 0.000
U 35 | F 071680 | FPS 0027 | D 2541 | rR:mu sigma m M 0.04 0.15 0.00 0.61 | F:mu sigma m M 219.1 149.2 35.0 547.0 | H 1.094 | V 0.006 | pL -0.005 | vL 0.001 | delta 0.023
U 36 | F 073728 | FPS 0030 | D 2610 | rR:mu sigma m M 0.06 0.22 0.00 0.89 | F:mu sigma m M 211.2 141.3 35.0 547.0 | H 1.091 | V 0.000 | pL -0.009 | vL 0.002 | delta 0.034
U 37 | F 075776 | FPS 0035 | D 2669 | rR:mu sigma m M 0.00 0.00 0.00 0.00 | F:mu sigma m M 162.6 93.1 50.0 387.0 | H 1.098 | V 0.003 | pL 0.001 | vL 0.000 | delta 0.001
U 38 | F 077824 | FPS 0031 | D 2736 | rR:mu sigma m M 0.00 0.00 0.00 0.00 | F:mu sigma m M 181.1 141.5 40.0 570.0 | H 1.098 | V 0.003 | pL 0.001 | vL 0.000 | delta 0.002
U 39 | F 079872 | FPS 0032 | D 2801 | rR:mu sigma m M 0.00 0.00 0.00 0.00 | F:mu sigma m M 222.1 190.6 31.0 818.0 | H 1.099 | V 0.002 | pL 0.001 | vL 0.000 | delta 0.001
U 40 | F 081920 | FPS 0024 | D 2886 | rR:mu sigma m M 0.00 0.00 0.00 0.00 | F:mu sigma m M 162.4 80.6 31.0 353.0 | H 1.099 | V 0.001 | pL 0.000 | vL 0.000 | delta 0.000
U 41 | F 083968 | FPS 0031 | D 2952 | rR:mu sigma m M 0.00 0.00 0.00 0.00 | F:mu sigma m M 168.4 120.1 32.0 408.0 | H 1.099 | V 0.001 | pL 0.000 | vL 0.000 | delta 0.000
U 42 | F 086016 | FPS 0028 | D 3025 | rR:mu sigma m M 0.00 0.00 0.00 0.00 | F:mu sigma m M 149.8 123.7 25.0 449.0 | H 1.099 | V 0.001 | pL 0.000 | vL 0.000 | delta 0.001
U 43 | F 088064 | FPS 0028 | D 3097 | rR:mu sigma m M 0.00 0.00 0.00 0.00 | F:mu sigma m M 212.3 118.9 46.0 468.0 | H 1.099 | V 0.001 | pL 0.000 | vL 0.000 | delta 0.001
U 44 | F 090112 | FPS 0035 | D 3156 | rR:mu sigma m M 0.00 0.00 0.00 0.00 | F:mu sigma m M 131.5 96.1 24.0 372.0 | H 1.099 | V 0.002 | pL 0.000 | vL 0.000 | delta 0.001
U 45 | F 092160 | FPS 0030 | D 3224 | rR:mu sigma m M 0.00 0.00 0.00 0.00 | F:mu sigma m M 124.1 95.4 24.0 372.0 | H 1.099 | V 0.001 | pL 0.000 | vL 0.000 | delta 0.000
U 46 | F 094208 | FPS 0026 | D 3304 | rR:mu sigma m M 0.00 0.00 0.00 0.00 | F:mu sigma m M 198.8 176.9 24.0 689.0 | H 1.099 | V 0.001 | pL 0.000 | vL 0.000 | delta 0.000
U 47 | F 096256 | FPS 0033 | D 3367 | rR:mu sigma m M 0.01 0.05 0.00 0.20 | F:mu sigma m M 273.0 237.4 28.0 800.0 | H 1.098 | V 0.002 | pL -0.001 | vL 0.000 | delta 0.002
U 48 | F 098304 | FPS 0027 | D 3443 | rR:mu sigma m M 0.06 0.17 0.00 0.70 | F:mu sigma m M 282.6 258.8 13.0 800.0 | H 1.097 | V 0.007 | pL -0.005 | vL 0.001 | delta 0.037
U 49 | F 100352 | FPS 0030 | D 3511 | rR:mu sigma m M 0.00 0.00 0.00 0.00 | F:mu sigma m M 196.3 183.1 13.0 546.0 | H 1.098 | V -0.003 | pL -0.001 | vL 0.000 | delta 0.001
U 50 | F 102400 | FPS 0030 | D 3580 | rR:mu sigma m M 0.00 0.00 0.00 0.00 | F:mu sigma m M 176.6 146.1 36.0 546.0 | H 1.099 | V -0.002 | pL -0.000 | vL 0.000 | delta 0.001
U 51 | F 104448 | FPS 0029 | D 3651 | rR:mu sigma m M 0.00 0.00 0.00 0.00 | F:mu sigma m M 197.1 135.9 23.0 510.0 | H 1.099 | V -0.002 | pL -0.001 | vL 0.000 | delta 0.002
U 52 | F 106496 | FPS 0029 | D 3721 | rR:mu sigma m M 0.00 0.00 0.00 0.00 | F:mu sigma m M 232.6 171.0 43.0 645.0 | H 1.098 | V -0.001 | pL -0.000 | vL 0.000 | delta 0.002
U 53 | F 108544 | FPS 0030 | D 3789 | rR:mu sigma m M 0.04 0.16 0.00 0.64 | F:mu sigma m M 178.1 151.3 43.0 645.0 | H 1.098 | V 0.005 | pL -0.006 | vL 0.000 | delta 0.009
U 54 | F 110592 | FPS 0031 | D 3855 | rR:mu sigma m M 0.00 0.00 0.00 0.00 | F:mu sigma m M 155.2 125.4 7.0 413.0 | H 1.098 | V -0.004 | pL -0.001 | vL 0.000 | delta 0.002
U 55 | F 112640 | FPS 0028 | D 3927 | rR:mu sigma m M 0.00 0.00 0.00 0.00 | F:mu sigma m M 110.9 100.9 7.0 432.0 | H 1.098 | V -0.002 | pL -0.001 | vL 0.000 | delta 0.003
U 56 | F 114688 | FPS 0029 | D 3998 | rR:mu sigma m M 0.00 0.00 0.00 0.00 | F:mu sigma m M 179.4 173.7 14.0 680.0 | H 1.098 | V -0.003 | pL -0.001 | vL 0.000 | delta 0.001
U 57 | F 116736 | FPS 0026 | D 4076 | rR:mu sigma m M 0.00 0.00 0.00 0.00 | F:mu sigma m M 129.1 70.3 12.0 237.0 | H 1.096 | V 0.004 | pL -0.003 | vL 0.000 | delta 0.008
U 58 | F 118784 | FPS 0031 | D 4141 | rR:mu sigma m M 0.00 0.00 0.00 0.00 | F:mu sigma m M 159.9 126.7 19.0 539.0 | H 1.095 | V 0.012 | pL 0.005 | vL 0.001 | delta 0.015
U 59 | F 120832 | FPS 0028 | D 4214 | rR:mu sigma m M 0.00 0.00 0.00 0.00 | F:mu sigma m M 161.1 156.4 17.0 676.0 | H 1.098 | V -0.001 | pL -0.001 | vL 0.000 | delta 0.003
U 60 | F 122880 | FPS 0027 | D 4291 | rR:mu sigma m M 0.00 0.00 0.00 0.00 | F:mu sigma m M 173.6 144.5 23.0 599.0 | H 1.098 | V -0.000 | pL -0.000 | vL 0.000 | delta 0.002
U 61 | F 124928 | FPS 0027 | D 4366 | rR:mu sigma m M 0.00 0.00 0.00 0.00 | F:mu sigma m M 164.9 143.2 7.0 599.0 | H 1.098 | V -0.001 | pL -0.000 | vL 0.000 | delta 0.001
U 62 | F 126976 | FPS 0035 | D 4424 | rR:mu sigma m M 0.00 0.00 0.00 0.00 | F:mu sigma m M 154.6 126.3 15.0 528.0 | H 1.095 | V 0.002 | pL 0.000 | vL 0.000 | delta 0.010
U 63 | F 129024 | FPS 0033 | D 4486 | rR:mu sigma m M 0.00 0.00 0.00 0.00 | F:mu sigma m M 120.8 101.4 26.0 414.0 | H 1.098 | V 0.005 | pL 0.000 | vL 0.000 | delta 0.004
U 64 | F 131072 | FPS 0030 | D 4555 | rR:mu sigma m M 0.00 0.00 0.00 0.00 | F:mu sigma m M 159.1 111.5 33.0 414.0 | H 1.098 | V 0.003 | pL 0.000 | vL 0.000 | delta 0.001
U 65 | F 133120 | FPS 0026 | D 4633 | rR:mu sigma m M 0.00 0.00 0.00 0.00 | F:mu sigma m M 161.1 92.3 43.0 362.0 | H 1.097 | V 0.007 | pL -0.000 | vL 0.000 | delta 0.003
U 66 | F 135168 | FPS 0031 | D 4700 | rR:mu sigma m M 0.00 0.00 0.00 0.00 | F:mu sigma m M 190.9 183.9 37.0 726.0 | H 1.097 | V 0.007 | pL 0.003 | vL 0.000 | delta 0.004
U 67 | F 137216 | FPS 0025 | D 4783 | rR:mu sigma m M 0.00 0.00 0.00 0.00 | F:mu sigma m M 183.7 184.0 37.0 726.0 | H 1.098 | V 0.002 | pL 0.000 | vL 0.000 | delta 0.002
U 68 | F 139264 | FPS 0025 | D 4867 | rR:mu sigma m M 0.00 0.00 0.00 0.00 | F:mu sigma m M 207.2 180.8 24.0 646.0 | H 1.098 | V 0.001 | pL 0.000 | vL 0.000 | delta 0.001
U 69 | F 141312 | FPS 0028 | D 4939 | rR:mu sigma m M 0.00 0.00 0.00 0.00 | F:mu sigma m M 159.5 124.7 13.0 437.0 | H 1.097 | V 0.001 | pL 0.000 | vL 0.000 | delta 0.002
U 70 | F 143360 | FPS 0031 | D 5005 | rR:mu sigma m M 0.00 0.00 0.00 0.00 | F:mu sigma m M 176.6 117.1 13.0 530.0 | H 1.096 | V 0.003 | pL -0.000 | vL 0.000 | delta 0.003
U 71 | F 145408 | FPS 0028 | D 5077 | rR:mu sigma m M 0.00 0.00 0.00 0.00 | F:mu sigma m M 176.8 132.0 21.0 530.0 | H 1.096 | V 0.002 | pL 0.000 | vL 0.000 | delta 0.002
U 72 | F 147456 | FPS 0031 | D 5144 | rR:mu sigma m M 0.03 0.12 0.00 0.48 | F:mu sigma m M 189.3 136.1 26.0 516.0 | H 1.095 | V 0.006 | pL -0.003 | vL 0.000 | delta 0.008
U 73 | F 149504 | FPS 0027 | D 5220 | rR:mu sigma m M 0.00 0.00 0.00 0.00 | F:mu sigma m M 153.3 100.3 41.0 479.0 | H 1.098 | V -0.001 | pL -0.001 | vL 0.000 | delta 0.001
U 74 | F 151552 | FPS 0028 | D 5292 | rR:mu sigma m M 0.00 0.00 0.00 0.00 | F:mu sigma m M 120.8 56.5 41.0 258.0 | H 1.099 | V -0.001 | pL -0.000 | vL 0.000 | delta 0.001
U 75 | F 153600 | FPS 0029 | D 5363 | rR:mu sigma m M 0.00 0.00 0.00 0.00 | F:mu sigma m M 159.9 70.3 30.0 276.0 | H 1.098 | V -0.000 | pL -0.001 | vL 0.000 | delta 0.001
U 76 | F 155648 | FPS 0026 | D 5442 | rR:mu sigma m M 0.04 0.14 0.00 0.60 | F:mu sigma m M 146.4 77.0 60.0 401.0 | H 1.097 | V 0.006 | pL -0.004 | vL 0.000 | delta 0.012
U 77 | F 157696 | FPS 0028 | D 5516 | rR:mu sigma m M 0.00 0.00 0.00 0.00 | F:mu sigma m M 146.2 103.2 24.0 418.0 | H 1.098 | V -0.001 | pL -0.000 | vL 0.000 | delta 0.004
U 78 | F 159744 | FPS 0029 | D 5588 | rR:mu sigma m M 0.00 0.00 0.00 0.00 | F:mu sigma m M 197.6 109.2 41.0 418.0 | H 1.098 | V -0.002 | pL -0.001 | vL 0.000 | delta 0.003
U 79 | F 161792 | FPS 0028 | D 5661 | rR:mu sigma m M 0.00 0.00 0.00 0.00 | F:mu sigma m M 196.6 128.2 17.0 499.0 | H 1.099 | V -0.001 | pL -0.000 | vL 0.000 | delta 0.000
U 80 | F 163840 | FPS 0028 | D 5733 | rR:mu sigma m M 0.00 0.00 0.00 0.00 | F:mu sigma m M 139.2 94.6 9.0 370.0 | H 1.099 | V -0.001 | pL -0.000 | vL 0.000 | delta 0.000
U 81 | F 165888 | FPS 0028 | D 5805 | rR:mu sigma m M 0.00 0.00 0.00 0.00 | F:mu sigma m M 155.6 91.5 9.0 370.0 | H 1.099 | V -0.001 | pL -0.000 | vL 0.000 | delta 0.000
U 82 | F 167936 | FPS 0031 | D 5872 | rR:mu sigma m M 0.04 0.16 0.00 0.68 | F:mu sigma m M 222.0 153.6 28.0 576.0 | H 1.094 | V 0.009 | pL -0.005 | vL 0.000 | delta 0.008
U 83 | F 169984 | FPS 0026 | D 5950 | rR:mu sigma m M 0.00 0.00 0.00 0.00 | F:mu sigma m M 132.3 77.2 28.0 328.0 | H 1.099 | V 0.001 | pL 0.000 | vL 0.000 | delta 0.001
U 84 | F 172032 | FPS 0033 | D 6012 | rR:mu sigma m M 0.00 0.00 0.00 0.00 | F:mu sigma m M 199.4 177.3 31.0 677.0 | H 1.099 | V 0.001 | pL 0.000 | vL 0.000 | delta 0.002
U 85 | F 174080 | FPS 0030 | D 6081 | rR:mu sigma m M 0.00 0.00 0.00 0.00 | F:mu sigma m M 247.4 167.3 46.0 677.0 | H 1.099 | V 0.001 | pL 0.000 | vL 0.000 | delta 0.001
U 86 | F 176128 | FPS 0028 | D 6154 | rR:mu sigma m M 0.00 0.00 0.00 0.00 | F:mu sigma m M 226.4 136.5 45.0 525.0 | H 1.099 | V 0.002 | pL -0.000 | vL 0.000 | delta 0.002
U 87 | F 178176 | FPS 0029 | D 6225 | rR:mu sigma m M 0.00 0.00 0.00 0.00 | F:mu sigma m M 186.2 160.6 20.0 552.0 | H 1.098 | V 0.002 | pL 0.001 | vL 0.000 | delta 0.002
U 88 | F 180224 | FPS 0029 | D 6296 | rR:mu sigma m M 0.00 0.00 0.00 0.00 | F:mu sigma m M 189.3 114.2 20.0 474.0 | H 1.098 | V 0.003 | pL 0.001 | vL 0.000 | delta 0.001
U 89 | F 182272 | FPS 0027 | D 6372 | rR:mu sigma m M 0.00 0.00 0.00 0.00 | F:mu sigma m M 136.3 134.7 27.0 592.0 | H 1.098 | V 0.001 | pL 0.000 | vL 0.000 | delta 0.001
U 90 | F 184320 | FPS 0031 | D 6439 | rR:mu sigma m M 0.00 0.00 0.00 0.00 | F:mu sigma m M 210.6 218.7 32.0 890.0 | H 1.099 | V 0.001 | pL 0.000 | vL 0.000 | delta 0.000
U 91 | F 186368 | FPS 0031 | D 6504 | rR:mu sigma m M 0.00 0.00 0.00 0.00 | F:mu sigma m M 231.4 195.3 44.0 890.0 | H 1.099 | V 0.001 | pL 0.000 | vL 0.000 | delta 0.001
U 92 | F 188416 | FPS 0027 | D 6579 | rR:mu sigma m M 0.00 0.00 0.00 0.00 | F:mu sigma m M 177.6 147.9 20.0 606.0 | H 1.099 | V 0.001 | pL 0.000 | vL 0.000 | delta 0.001
U 93 | F 190464 | FPS 0029 | D 6650 | rR:mu sigma m M 0.00 0.00 0.00 0.00 | F:mu sigma m M 167.6 139.0 20.0 519.0 | H 1.099 | V 0.000 | pL 0.000 | vL 0.000 | delta 0.000
U 94 | F 192512 | FPS 0028 | D 6723 | rR:mu sigma m M 0.00 0.00 0.00 0.00 | F:mu sigma m M 130.4 91.1 17.0 419.0 | H 1.099 | V 0.000 | pL 0.000 | vL 0.000 | delta 0.000
U 95 | F 194560 | FPS 0028 | D 6797 | rR:mu sigma m M 0.00 0.00 0.00 0.00 | F:mu sigma m M 136.3 103.6 11.0 370.0 | H 1.099 | V 0.000 | pL 0.000 | vL 0.000 | delta 0.001
U 96 | F 196608 | FPS 0029 | D 6867 | rR:mu sigma m M 0.00 0.00 0.00 0.00 | F:mu sigma m M 133.2 83.9 21.0 356.0 | H 1.099 | V -0.000 | pL -0.000 | vL 0.000 | delta 0.000
U 97 | F 198656 | FPS 0027 | D 6942 | rR:mu sigma m M 0.00 0.00 0.00 0.00 | F:mu sigma m M 150.5 77.1 69.0 356.0 | H 1.099 | V -0.000 | pL -0.000 | vL 0.000 | delta 0.000
U 98 | F 200704 | FPS 0033 | D 7003 | rR:mu sigma m M 0.00 0.00 0.00 0.00 | F:mu sigma m M 180.9 107.9 72.0 467.0 | H 1.099 | V -0.000 | pL -0.000 | vL 0.000 | delta 0.000
U 99 | F 202752 | FPS 0027 | D 7079 | rR:mu sigma m M 0.00 0.00 0.00 0.00 | F:mu sigma m M 159.7 134.2 24.0 456.0 | H 1.098 | V 0.000 | pL 0.000 | vL 0.000 | delta 0.001
U 100 | F 204800 | FPS 0034 | D 7139 | rR:mu sigma m M 0.00 0.00 0.00 0.00 | F:mu sigma m M 166.7 156.2 24.0 506.0 | H 1.098 | V 0.000 | pL -0.000 | vL 0.000 | delta 0.001
U 101 | F 206848 | FPS 0031 | D 7205 | rR:mu sigma m M 0.00 0.00 0.00 0.00 | F:mu sigma m M 123.0 97.3 14.0 348.0 | H 1.099 | V -0.000 | pL -0.000 | vL 0.000 | delta 0.001
U 102 | F 208896 | FPS 0028 | D 7278 | rR:mu sigma m M 0.00 0.00 0.00 0.00 | F:mu sigma m M 122.5 79.9 22.0 324.0 | H 1.099 | V -0.000 | pL -0.000 | vL 0.000 | delta 0.000
U 103 | F 210944 | FPS 0028 | D 7350 | rR:mu sigma m M 0.00 0.00 0.00 0.00 | F:mu sigma m M 108.4 74.5 21.0 259.0 | H 1.099 | V -0.000 | pL -0.000 | vL 0.000 | delta 0.000
U 104 | F 212992 | FPS 0032 | D 7414 | rR:mu sigma m M 0.00 0.00 0.00 0.00 | F:mu sigma m M 110.5 81.4 21.0 330.0 | H 1.099 | V -0.000 | pL -0.000 | vL 0.000 | delta 0.000
U 105 | F 215040 | FPS 0034 | D 7475 | rR:mu sigma m M 0.00 0.00 0.00 0.00 | F:mu sigma m M 142.1 120.6 11.0 451.0 | H 1.099 | V 0.000 | pL -0.000 | vL 0.000 | delta 0.000
U 106 | F 217088 | FPS 0030 | D 7542 | rR:mu sigma m M 0.00 0.00 0.00 0.00 | F:mu sigma m M 205.0 145.9 11.0 468.0 | H 1.099 | V -0.000 | pL -0.000 | vL 0.000 | delta 0.000
U 107 | F 219136 | FPS 0030 | D 7611 | rR:mu sigma m M 0.00 0.00 0.00 0.00 | F:mu sigma m M 222.2 113.5 72.0 468.0 | H 1.099 | V 0.000 | pL -0.000 | vL 0.000 | delta 0.000
U 108 | F 221184 | FPS 0027 | D 7686 | rR:mu sigma m M 0.00 0.00 0.00 0.00 | F:mu sigma m M 186.4 84.1 72.0 356.0 | H 1.099 | V 0.000 | pL 0.000 | vL 0.000 | delta 0.000
U 109 | F 223232 | FPS 0027 | D 7763 | rR:mu sigma m M 0.00 0.00 0.00 0.00 | F:mu sigma m M 188.6 117.8 39.0 522.0 | H 1.099 | V 0.000 | pL 0.000 | vL 0.000 | delta 0.000
U 110 | F 225280 | FPS 0030 | D 7831 | rR:mu sigma m M 0.00 0.00 0.00 0.00 | F:mu sigma m M 124.0 69.9 32.0 296.0 | H 1.099 | V -0.000 | pL 0.000 | vL 0.000 | delta 0.000
U 111 | F 227328 | FPS 0027 | D 7907 | rR:mu sigma m M 0.00 0.00 0.00 0.00 | F:mu sigma m M 167.1 150.5 31.0 486.0 | H 1.099 | V 0.000 | pL 0.000 | vL 0.000 | delta 0.000
U 112 | F 229376 | FPS 0026 | D 7985 | rR:mu sigma m M 0.00 0.00 0.00 0.00 | F:mu sigma m M 187.4 132.4 27.0 486.0 | H 1.098 | V -0.000 | pL -0.000 | vL 0.000 | delta 0.000
U 113 | F 231424 | FPS 0029 | D 8055 | rR:mu sigma m M 0.04 0.16 0.00 0.65 | F:mu sigma m M 172.3 119.4 27.0 511.0 | H 1.097 | V 0.005 | pL -0.005 | vL 0.000 | delta 0.016
U 114 | F 233472 | FPS 0026 | D 8133 | rR:mu sigma m M 0.00 0.00 0.00 0.00 | F:mu sigma m M 160.7 127.8 19.0 453.0 | H 1.099 | V 0.004 | pL 0.002 | vL 0.000 | delta 0.002
U 115 | F 235520 | FPS 0028 | D 8207 | rR:mu sigma m M 0.00 0.00 0.00 0.00 | F:mu sigma m M 163.5 106.2 21.0 463.0 | H 1.099 | V 0.004 | pL 0.001 | vL 0.000 | delta 0.001
U 116 | F 237568 | FPS 0029 | D 8277 | rR:mu sigma m M 0.00 0.00 0.00 0.00 | F:mu sigma m M 162.6 103.9 75.0 520.0 | H 1.099 | V 0.003 | pL 0.001 | vL 0.000 | delta 0.001
U 117 | F 239616 | FPS 0029 | D 8348 | rR:mu sigma m M 0.00 0.00 0.00 0.00 | F:mu sigma m M 145.6 94.2 37.0 416.0 | H 1.099 | V 0.002 | pL 0.001 | vL 0.000 | delta 0.000
U 118 | F 241664 | FPS 0028 | D 8422 | rR:mu sigma m M 0.00 0.00 0.00 0.00 | F:mu sigma m M 163.5 123.0 25.0 400.0 | H 1.099 | V 0.002 | pL 0.000 | vL 0.000 | delta 0.000
U 119 | F 243712 | FPS 0027 | D 8497 | rR:mu sigma m M 0.00 0.00 0.00 0.00 | F:mu sigma m M 203.2 127.1 62.0 487.0 | H 1.099 | V 0.001 | pL 0.000 | vL 0.000 | delta 0.000
U 120 | F 245760 | FPS 0029 | D 8567 | rR:mu sigma m M 0.00 0.00 0.00 0.00 | F:mu sigma m M 217.7 124.8 39.0 487.0 | H 1.099 | V 0.001 | pL 0.000 | vL 0.000 | delta 0.000
U 121 | F 247808 | FPS 0030 | D 8636 | rR:mu sigma m M 0.00 0.00 0.00 0.00 | F:mu sigma m M 138.7 144.0 19.0 640.0 | H 1.099 | V 0.001 | pL 0.000 | vL 0.000 | delta 0.000
U 122 | F 249856 | FPS 0030 | D 8704 | rR:mu sigma m M 0.00 0.00 0.00 0.00 | F:mu sigma m M 114.6 118.2 19.0 500.0 | H 1.099 | V 0.000 | pL 0.000 | vL 0.000 | delta 0.000
U 123 | F 251904 | FPS 0028 | D 8778 | rR:mu sigma m M 0.00 0.00 0.00 0.00 | F:mu sigma m M 135.8 95.4 38.0 368.0 | H 1.099 | V 0.000 | pL 0.000 | vL 0.000 | delta 0.000
U 124 | F 253952 | FPS 0027 | D 8853 | rR:mu sigma m M 0.00 0.00 0.00 0.00 | F:mu sigma m M 217.0 176.2 49.0 763.0 | H 1.099 | V 0.000 | pL 0.000 | vL 0.000 | delta 0.000
U 125 | F 256000 | FPS 0029 | D 8922 | rR:mu sigma m M 0.00 0.00 0.00 0.00 | F:mu sigma m M 209.6 187.8 15.0 763.0 | H 1.099 | V 0.000 | pL 0.000 | vL 0.000 | delta 0.000
U 126 | F 258048 | FPS 0026 | D 9001 | rR:mu sigma m M 0.00 0.00 0.00 0.00 | F:mu sigma m M 146.9 75.4 15.0 299.0 | H 1.097 | V 0.007 | pL -0.001 | vL 0.000 | delta 0.005
U 127 | F 260096 | FPS 0030 | D 9070 | rR:mu sigma m M 0.04 0.16 0.00 0.67 | F:mu sigma m M 171.7 108.7 44.0 469.0 | H 1.097 | V 0.004 | pL -0.002 | vL 0.000 | delta 0.007
U 128 | F 262144 | FPS 0028 | D 9143 | rR:mu sigma m M 0.00 0.00 0.00 0.00 | F:mu sigma m M 162.5 112.5 43.0 456.0 | H 1.098 | V 0.003 | pL 0.001 | vL 0.000 | delta 0.001
U 129 | F 264192 | FPS 0029 | D 9214 | rR:mu sigma m M 0.00 0.00 0.00 0.00 | F:mu sigma m M 172.9 110.4 43.0 488.0 | H 1.098 | V 0.003 | pL 0.001 | vL 0.000 | delta 0.001
U 130 | F 266240 | FPS 0031 | D 9281 | rR:mu sigma m M 0.00 0.00 0.00 0.00 | F:mu sigma m M 172.6 95.8 57.0 378.0 | H 1.098 | V 0.008 | pL 0.001 | vL 0.000 | delta 0.007
U 131 | F 268288 | FPS 0030 | D 9348 | rR:mu sigma m M 0.00 0.00 0.00 0.00 | F:mu sigma m M 185.4 102.5 27.0 378.0 | H 1.098 | V 0.003 | pL 0.001 | vL 0.000 | delta 0.001
U 132 | F 270336 | FPS 0030 | D 9416 | rR:mu sigma m M 0.00 0.00 0.00 0.00 | F:mu sigma m M 234.4 130.7 27.0 455.0 | H 1.096 | V 0.004 | pL 0.001 | vL 0.000 | delta 0.002
U 133 | F 272384 | FPS 0028 | D 9489 | rR:mu sigma m M 0.00 0.00 0.00 0.00 | F:mu sigma m M 213.8 143.9 34.0 455.0 | H 1.098 | V 0.003 | pL 0.000 | vL 0.000 | delta 0.002
U 134 | F 274432 | FPS 0031 | D 9555 | rR:mu sigma m M 0.00 0.00 0.00 0.00 | F:mu sigma m M 221.1 187.6 21.0 789.0 | H 1.099 | V 0.002 | pL 0.001 | vL 0.000 | delta 0.001
U 135 | F 276480 | FPS 0031 | D 9620 | rR:mu sigma m M 0.00 0.00 0.00 0.00 | F:mu sigma m M 215.8 168.7 20.0 598.0 | H 1.098 | V 0.002 | pL 0.001 | vL 0.000 | delta 0.001
U 136 | F 278528 | FPS 0029 | D 9690 | rR:mu sigma m M 0.00 0.00 0.00 0.00 | F:mu sigma m M 152.6 80.6 36.0 292.0 | H 1.099 | V 0.001 | pL 0.000 | vL 0.000 | delta 0.001
U 137 | F 280576 | FPS 0029 | D 9761 | rR:mu sigma m M 0.00 0.00 0.00 0.00 | F:mu sigma m M 154.2 92.3 16.0 391.0 | H 1.099 | V 0.001 | pL 0.000 | vL 0.000 | delta 0.000
U 138 | F 282624 | FPS 0028 | D 9833 | rR:mu sigma m M 0.00 0.00 0.00 0.00 | F:mu sigma m M 214.4 106.8 9.0 404.0 | H 1.099 | V 0.000 | pL 0.000 | vL 0.000 | delta 0.000
U 139 | F 284672 | FPS 0031 | D 9899 | rR:mu sigma m M 0.00 0.00 0.00 0.00 | F:mu sigma m M 167.1 150.6 38.0 580.0 | H 1.099 | V 0.001 | pL 0.000 | vL 0.000 | delta 0.000
U 140 | F 286720 | FPS 0033 | D 9962 | rR:mu sigma m M 0.00 0.00 0.00 0.00 | F:mu sigma m M 130.8 91.5 33.0 334.0 | H 1.099 | V 0.001 | pL 0.000 | vL 0.000 | delta 0.000
U 141 | F 288768 | FPS 0030 | D 10029 | rR:mu sigma m M 0.00 0.00 0.00 0.00 | F:mu sigma m M 186.8 99.8 47.0 421.0 | H 1.099 | V 0.001 | pL 0.000 | vL 0.000 | delta 0.000
U 142 | F 290816 | FPS 0028 | D 10102 | rR:mu sigma m M 0.00 0.00 0.00 0.00 | F:mu sigma m M 202.2 85.1 47.0 337.0 | H 1.099 | V 0.001 | pL 0.000 | vL 0.000 | delta 0.000
U 143 | F 292864 | FPS 0031 | D 10168 | rR:mu sigma m M 0.00 0.00 0.00 0.00 | F:mu sigma m M 164.5 124.6 31.0 572.0 | H 1.099 | V 0.001 | pL 0.000 | vL 0.000 | delta 0.000
U 144 | F 294912 | FPS 0030 | D 10237 | rR:mu sigma m M 0.00 0.00 0.00 0.00 | F:mu sigma m M 154.6 108.6 46.0 477.0 | H 1.099 | V 0.000 | pL 0.000 | vL 0.000 | delta 0.000
U 145 | F 296960 | FPS 0028 | D 10310 | rR:mu sigma m M 0.00 0.00 0.00 0.00 | F:mu sigma m M 145.1 94.1 12.0 351.0 | H 1.099 | V 0.000 | pL 0.000 | vL 0.000 | delta 0.000
U 146 | F 299008 | FPS 0028 | D 10382 | rR:mu sigma m M 0.00 0.00 0.00 0.00 | F:mu sigma m M 189.6 110.7 42.0 467.0 | H 1.099 | V 0.000 | pL 0.000 | vL 0.000 | delta 0.000
U 147 | F 301056 | FPS 0031 | D 10449 | rR:mu sigma m M 0.00 0.00 0.00 0.00 | F:mu sigma m M 141.4 68.1 71.0 355.0 | H 1.099 | V 0.000 | pL 0.000 | vL 0.000 | delta 0.000
U 148 | F 303104 | FPS 0033 | D 10511 | rR:mu sigma m M 0.00 0.00 0.00 0.00 | F:mu sigma m M 150.8 86.9 62.0 355.0 | H 1.099 | V 0.000 | pL 0.000 | vL 0.000 | delta 0.000
U 149 | F 305152 | FPS 0028 | D 10583 | rR:mu sigma m M 0.00 0.00 0.00 0.00 | F:mu sigma m M 180.8 118.9 38.0 446.0 | H 1.099 | V -0.000 | pL -0.000 | vL 0.000 | delta 0.000
U 150 | F 307200 | FPS 0027 | D 10660 | rR:mu sigma m M 0.00 0.00 0.00 0.00 | F:mu sigma m M 157.6 99.1 40.0 381.0 | H 1.099 | V 0.000 | pL 0.000 | vL 0.000 | delta 0.000
U 151 | F 309248 | FPS 0029 | D 10731 | rR:mu sigma m M 0.00 0.00 0.00 0.00 | F:mu sigma m M 129.7 101.4 11.0 334.0 | H 1.099 | V 0.000 | pL 0.000 | vL 0.000 | delta 0.000
U 152 | F 311296 | FPS 0024 | D 10815 | rR:mu sigma m M 0.00 0.00 0.00 0.00 | F:mu sigma m M 210.7 131.9 33.0 502.0 | H 1.099 | V 0.000 | pL 0.000 | vL 0.000 | delta 0.000
U 153 | F 313344 | FPS 0030 | D 10884 | rR:mu sigma m M 0.00 0.00 0.00 0.00 | F:mu sigma m M 218.3 151.6 57.0 502.0 | H 1.099 | V 0.000 | pL 0.000 | vL 0.000 | delta 0.000
U 154 | F 315392 | FPS 0031 | D 10951 | rR:mu sigma m M 0.00 0.00 0.00 0.00 | F:mu sigma m M 160.8 108.0 23.0 362.0 | H 1.099 | V 0.001 | pL 0.000 | vL 0.000 | delta 0.000
U 155 | F 317440 | FPS 0027 | D 11028 | rR:mu sigma m M 0.03 0.13 0.00 0.55 | F:mu sigma m M 203.9 205.9 30.0 880.0 | H 1.096 | V 0.003 | pL -0.004 | vL 0.000 | delta 0.009
U 156 | F 319488 | FPS 0035 | D 11087 | rR:mu sigma m M 0.00 0.00 0.00 0.00 | F:mu sigma m M 189.1 219.8 26.0 880.0 | H 1.099 | V -0.001 | pL -0.000 | vL 0.000 | delta 0.000
U 157 | F 321536 | FPS 0030 | D 11154 | rR:mu sigma m M 0.00 0.00 0.00 0.00 | F:mu sigma m M 169.8 108.5 39.0 491.0 | H 1.099 | V -0.000 | pL -0.000 | vL 0.000 | delta 0.000
U 158 | F 323584 | FPS 0030 | D 11223 | rR:mu sigma m M 0.00 0.00 0.00 0.00 | F:mu sigma m M 134.0 72.5 23.0 278.0 | H 1.099 | V 0.000 | pL -0.000 | vL 0.000 | delta 0.000
U 159 | F 325632 | FPS 0032 | D 11288 | rR:mu sigma m M 0.00 0.00 0.00 0.00 | F:mu sigma m M 216.1 177.2 23.0 773.0 | H 1.099 | V 0.000 | pL -0.000 | vL 0.000 | delta 0.000
U 160 | F 327680 | FPS 0027 | D 11364 | rR:mu sigma m M 0.00 0.00 0.00 0.00 | F:mu sigma m M 269.6 183.5 21.0 723.0 | H 1.099 | V 0.001 | pL 0.000 | vL 0.000 | delta 0.001
U 161 | F 329728 | FPS 0030 | D 11432 | rR:mu sigma m M 0.00 0.00 0.00 0.00 | F:mu sigma m M 156.7 97.5 17.0 429.0 | H 1.098 | V 0.001 | pL 0.000 | vL 0.000 | delta 0.002
U 162 | F 331776 | FPS 0029 | D 11503 | rR:mu sigma m M 0.00 0.00 0.00 0.00 | F:mu sigma m M 152.6 100.0 19.0 382.0 | H 1.099 | V -0.000 | pL -0.000 | vL 0.000 | delta 0.000
U 163 | F 333824 | FPS 0029 | D 11573 | rR:mu sigma m M 0.00 0.00 0.00 0.00 | F:mu sigma m M 129.4 86.0 19.0 359.0 | H 1.099 | V -0.001 | pL -0.000 | vL 0.000 | delta 0.000
U 164 | F 335872 | FPS 0026 | D 11652 | rR:mu sigma m M 0.00 0.00 0.00 0.00 | F:mu sigma m M 160.8 122.5 22.0 460.0 | H 1.099 | V -0.000 | pL -0.000 | vL 0.000 | delta 0.000
U 165 | F 337920 | FPS 0027 | D 11726 | rR:mu sigma m M 0.00 0.00 0.00 0.00 | F:mu sigma m M 187.6 198.7 36.0 811.0 | H 1.099 | V -0.000 | pL -0.000 | vL 0.000 | delta 0.000
U 166 | F 339968 | FPS 0034 | D 11787 | rR:mu sigma m M 0.00 0.00 0.00 0.00 | F:mu sigma m M 132.2 117.6 24.0 390.0 | H 1.099 | V -0.000 | pL -0.000 | vL 0.000 | delta 0.000
U 167 | F 342016 | FPS 0028 | D 11861 | rR:mu sigma m M 0.00 0.00 0.00 0.00 | F:mu sigma m M 132.8 101.4 38.0 390.0 | H 1.099 | V -0.000 | pL -0.000 | vL 0.000 | delta 0.000
U 168 | F 344064 | FPS 0027 | D 11936 | rR:mu sigma m M 0.00 0.00 0.00 0.00 | F:mu sigma m M 154.1 115.6 37.0 375.0 | H 1.099 | V -0.000 | pL -0.000 | vL 0.000 | delta 0.000
U 169 | F 346112 | FPS 0029 | D 12007 | rR:mu sigma m M 0.00 0.00 0.00 0.00 | F:mu sigma m M 161.2 127.1 23.0 444.0 | H 1.099 | V -0.000 | pL -0.000 | vL 0.000 | delta 0.000
U 170 | F 348160 | FPS 0033 | D 12069 | rR:mu sigma m M 0.00 0.00 0.00 0.00 | F:mu sigma m M 182.1 177.2 22.0 719.0 | H 1.099 | V -0.000 | pL -0.000 | vL 0.000 | delta 0.000
U 171 | F 350208 | FPS 0029 | D 12140 | rR:mu sigma m M 0.00 0.00 0.00 0.00 | F:mu sigma m M 141.7 99.8 36.0 354.0 | H 1.099 | V -0.000 | pL -0.000 | vL 0.000 | delta 0.000
U 172 | F 352256 | FPS 0028 | D 12213 | rR:mu sigma m M 0.00 0.00 0.00 0.00 | F:mu sigma m M 133.5 104.6 35.0 445.0 | H 1.099 | V -0.000 | pL -0.000 | vL 0.000 | delta 0.000
U 173 | F 354304 | FPS 0029 | D 12284 | rR:mu sigma m M 0.00 0.00 0.00 0.00 | F:mu sigma m M 156.4 131.6 31.0 559.0 | H 1.099 | V 0.000 | pL 0.000 | vL 0.000 | delta 0.001
U 174 | F 356352 | FPS 0029 | D 12354 | rR:mu sigma m M 0.00 0.00 0.00 0.00 | F:mu sigma m M 150.1 132.1 20.0 427.0 | H 1.099 | V -0.000 | pL -0.000 | vL 0.000 | delta 0.000
U 175 | F 358400 | FPS 0028 | D 12428 | rR:mu sigma m M 0.00 0.00 0.00 0.00 | F:mu sigma m M 144.9 94.2 23.0 332.0 | H 1.099 | V -0.000 | pL -0.000 | vL 0.000 | delta 0.000
U 176 | F 360448 | FPS 0027 | D 12505 | rR:mu sigma m M 0.00 0.00 0.00 0.00 | F:mu sigma m M 113.4 62.0 20.0 214.0 | H 1.099 | V -0.000 | pL -0.000 | vL 0.000 | delta 0.000
U 177 | F 362496 | FPS 0029 | D 12574 | rR:mu sigma m M 0.00 0.00 0.00 0.00 | F:mu sigma m M 171.8 212.9 23.0 900.0 | H 1.099 | V -0.000 | pL -0.000 | vL 0.000 | delta 0.000
U 178 | F 364544 | FPS 0026 | D 12653 | rR:mu sigma m M 0.00 0.00 0.00 0.00 | F:mu sigma m M 207.0 217.9 23.0 900.0 | H 1.099 | V 0.001 | pL -0.000 | vL 0.000 | delta 0.000
U 179 | F 366592 | FPS 0032 | D 12718 | rR:mu sigma m M 0.00 0.00 0.00 0.00 | F:mu sigma m M 152.8 198.0 19.0 768.0 | H 1.099 | V 0.000 | pL 0.000 | vL 0.000 | delta 0.000
U 180 | F 368640 | FPS 0028 | D 12790 | rR:mu sigma m M 0.00 0.00 0.00 0.00 | F:mu sigma m M 170.4 142.0 28.0 511.0 | H 1.099 | V 0.000 | pL 0.000 | vL 0.000 | delta 0.000
U 181 | F 370688 | FPS 0026 | D 12868 | rR:mu sigma m M 0.04 0.15 0.00 0.65 | F:mu sigma m M 189.2 129.8 44.0 474.0 | H 1.097 | V 0.006 | pL -0.006 | vL 0.001 | delta 0.036
U 182 | F 372736 | FPS 0028 | D 12940 | rR:mu sigma m M 0.04 0.16 0.00 0.65 | F:mu sigma m M 143.0 72.1 52.0 353.0 | H 1.098 | V 0.007 | pL 0.002 | vL 0.000 | delta 0.001
U 183 | F 374784 | FPS 0026 | D 13017 | rR:mu sigma m M 0.00 0.00 0.00 0.00 | F:mu sigma m M 159.5 89.0 68.0 428.0 | H 1.099 | V 0.006 | pL 0.002 | vL 0.000 | delta 0.001
U 184 | F 376832 | FPS 0026 | D 13096 | rR:mu sigma m M 0.00 0.00 0.00 0.00 | F:mu sigma m M 163.3 118.1 25.0 428.0 | H 1.099 | V 0.005 | pL 0.001 | vL 0.000 | delta 0.001
U 185 | F 378880 | FPS 0032 | D 13160 | rR:mu sigma m M 0.00 0.00 0.00 0.00 | F:mu sigma m M 153.9 126.2 24.0 480.0 | H 1.098 | V 0.004 | pL 0.001 | vL 0.000 | delta 0.002
U 186 | F 380928 | FPS 0031 | D 13227 | rR:mu sigma m M 0.00 0.00 0.00 0.00 | F:mu sigma m M 178.7 126.2 16.0 480.0 | H 1.097 | V 0.005 | pL -0.000 | vL 0.000 | delta 0.004
U 187 | F 382976 | FPS 0029 | D 13298 | rR:mu sigma m M 0.00 0.00 0.00 0.00 | F:mu sigma m M 173.1 187.2 16.0 728.0 | H 1.098 | V 0.004 | pL 0.002 | vL 0.000 | delta 0.003
U 188 | F 385024 | FPS 0032 | D 13362 | rR:mu sigma m M 0.00 0.00 0.00 0.00 | F:mu sigma m M 218.1 200.5 26.0 728.0 | H 1.099 | V 0.003 | pL 0.001 | vL 0.000 | delta 0.000
U 189 | F 387072 | FPS 0031 | D 13428 | rR:mu sigma m M 0.00 0.00 0.00 0.00 | F:mu sigma m M 270.6 155.2 24.0 504.0 | H 1.099 | V 0.003 | pL 0.001 | vL 0.000 | delta 0.000
U 190 | F 389120 | FPS 0033 | D 13491 | rR:mu sigma m M 0.00 0.00 0.00 0.00 | F:mu sigma m M 203.8 128.5 24.0 457.0 | H 1.099 | V 0.002 | pL 0.000 | vL 0.000 | delta 0.000
U 191 | F 391168 | FPS 0027 | D 13566 | rR:mu sigma m M 0.00 0.00 0.00 0.00 | F:mu sigma m M 179.6 131.9 59.0 518.0 | H 1.098 | V 0.003 | pL 0.001 | vL 0.000 | delta 0.002
U 192 | F 393216 | FPS 0030 | D 13635 | rR:mu sigma m M 0.00 0.00 0.00 0.00 | F:mu sigma m M 148.9 110.5 46.0 518.0 | H 1.099 | V 0.002 | pL 0.000 | vL 0.000 | delta 0.001
U 193 | F 395264 | FPS 0030 | D 13704 | rR:mu sigma m M 0.00 0.00 0.00 0.00 | F:mu sigma m M 207.5 212.3 22.0 832.0 | H 1.098 | V 0.003 | pL 0.001 | vL 0.000 | delta 0.002
U 194 | F 397312 | FPS 0028 | D 13778 | rR:mu sigma m M 0.00 0.00 0.00 0.00 | F:mu sigma m M 178.1 150.7 38.0 665.0 | H 1.098 | V 0.002 | pL 0.001 | vL 0.000 | delta 0.001
U 195 | F 399360 | FPS 0029 | D 13847 | rR:mu sigma m M 0.00 0.00 0.00 0.00 | F:mu sigma m M 150.2 153.2 29.0 665.0 | H 1.098 | V 0.002 | pL -0.000 | vL 0.000 | delta 0.001
U 196 | F 401408 | FPS 0031 | D 13914 | rR:mu sigma m M 0.00 0.00 0.00 0.00 | F:mu sigma m M 188.2 196.4 32.0 778.0 | H 1.098 | V 0.004 | pL 0.000 | vL 0.000 | delta 0.001
U 197 | F 403456 | FPS 0030 | D 13982 | rR:mu sigma m M 0.00 0.00 0.00 0.00 | F:mu sigma m M 209.4 166.9 32.0 561.0 | H 1.098 | V 0.003 | pL 0.001 | vL 0.000 | delta 0.001
U 198 | F 405504 | FPS 0031 | D 14048 | rR:mu sigma m M 0.00 0.00 0.00 0.00 | F:mu sigma m M 157.7 129.9 21.0 460.0 | H 1.099 | V 0.001 | pL 0.000 | vL 0.000 | delta 0.000
U 199 | F 407552 | FPS 0031 | D 14115 | rR:mu sigma m M 0.00 0.00 0.00 0.00 | F:mu sigma m M 190.4 130.9 56.0 464.0 | H 1.099 | V 0.001 | pL 0.000 | vL 0.000 | delta 0.000
U 200 | F 409600 | FPS 0027 | D 14191 | rR:mu sigma m M 0.00 0.00 0.00 0.00 | F:mu sigma m M 155.0 99.9 56.0 461.0 | H 1.099 | V 0.001 | pL 0.000 | vL 0.000 | delta 0.000
U 201 | F 411648 | FPS 0029 | D 14261 | rR:mu sigma m M 0.00 0.00 0.00 0.00 | F:mu sigma m M 169.8 101.8 26.0 389.0 | H 1.099 | V 0.001 | pL 0.000 | vL 0.000 | delta 0.000
U 202 | F 413696 | FPS 0028 | D 14334 | rR:mu sigma m M 0.00 0.00 0.00 0.00 | F:mu sigma m M 158.1 97.5 38.0 434.0 | H 1.099 | V 0.001 | pL 0.000 | vL 0.000 | delta 0.000
U 203 | F 415744 | FPS 0029 | D 14405 | rR:mu sigma m M 0.00 0.00 0.00 0.00 | F:mu sigma m M 145.9 183.3 17.0 805.0 | H 1.099 | V 0.001 | pL 0.000 | vL 0.000 | delta 0.000
U 204 | F 417792 | FPS 0028 | D 14478 | rR:mu sigma m M 0.00 0.00 0.00 0.00 | F:mu sigma m M 164.4 141.5 23.0 537.0 | H 1.099 | V 0.001 | pL 0.000 | vL 0.000 | delta 0.001
U 205 | F 419840 | FPS 0031 | D 14545 | rR:mu sigma m M 0.00 0.00 0.00 0.00 | F:mu sigma m M 126.6 99.8 17.0 363.0 | H 1.099 | V 0.001 | pL 0.000 | vL 0.000 | delta 0.000
U 206 | F 421888 | FPS 0026 | D 14625 | rR:mu sigma m M 0.00 0.00 0.00 0.00 | F:mu sigma m M 169.3 127.6 16.0 497.0 | H 1.099 | V 0.001 | pL 0.000 | vL 0.000 | delta 0.000
U 207 | F 423936 | FPS 0033 | D 14687 | rR:mu sigma m M 0.00 0.00 0.00 0.00 | F:mu sigma m M 203.8 134.4 16.0 474.0 | H 1.098 | V 0.001 | pL 0.000 | vL 0.000 | delta 0.000
U 208 | F 425984 | FPS 0030 | D 14756 | rR:mu sigma m M 0.00 0.00 0.00 0.00 | F:mu sigma m M 170.2 106.6 27.0 405.0 | H 1.099 | V 0.000 | pL 0.000 | vL 0.000 | delta 0.000
U 209 | F 428032 | FPS 0027 | D 14832 | rR:mu sigma m M 0.00 0.00 0.00 0.00 | F:mu sigma m M 162.9 110.5 18.0 405.0 | H 1.099 | V 0.000 | pL 0.000 | vL 0.000 | delta 0.000
U 210 | F 430080 | FPS 0030 | D 14899 | rR:mu sigma m M 0.00 0.00 0.00 0.00 | F:mu sigma m M 126.9 92.4 25.0 305.0 | H 1.099 | V 0.000 | pL -0.000 | vL 0.000 | delta 0.000
U 211 | F 432128 | FPS 0027 | D 14974 | rR:mu sigma m M 0.00 0.00 0.00 0.00 | F:mu sigma m M 134.3 82.9 8.0 329.0 | H 1.099 | V 0.000 | pL 0.000 | vL 0.000 | delta 0.000
U 212 | F 434176 | FPS 0031 | D 15041 | rR:mu sigma m M 0.00 0.00 0.00 0.00 | F:mu sigma m M 113.4 64.9 8.0 293.0 | H 1.099 | V -0.000 | pL -0.000 | vL 0.000 | delta 0.000
U 213 | F 436224 | FPS 0027 | D 15116 | rR:mu sigma m M 0.00 0.00 0.00 0.00 | F:mu sigma m M 207.0 164.7 58.0 662.0 | H 1.099 | V 0.000 | pL -0.000 | vL 0.000 | delta 0.000
U 214 | F 438272 | FPS 0029 | D 15188 | rR:mu sigma m M 0.00 0.00 0.00 0.00 | F:mu sigma m M 277.9 163.7 46.0 550.0 | H 1.099 | V 0.001 | pL -0.000 | vL 0.000 | delta 0.000
U 215 | F 440320 | FPS 0026 | D 15267 | rR:mu sigma m M 0.04 0.15 0.00 0.61 | F:mu sigma m M 235.2 168.2 47.0 550.0 | H 1.097 | V 0.005 | pL -0.005 | vL 0.000 | delta 0.013
U 216 | F 442368 | FPS 0026 | D 15344 | rR:mu sigma m M 0.00 0.00 0.00 0.00 | F:mu sigma m M 129.8 88.4 39.0 373.0 | H 1.098 | V 0.007 | pL 0.000 | vL 0.000 | delta 0.003
U 217 | F 444416 | FPS 0029 | D 15415 | rR:mu sigma m M 0.00 0.00 0.00 0.00 | F:mu sigma m M 236.8 170.1 39.0 565.0 | H 1.098 | V 0.002 | pL 0.001 | vL 0.000 | delta 0.002
U 218 | F 446464 | FPS 0026 | D 15495 | rR:mu sigma m M 0.00 0.00 0.00 0.00 | F:mu sigma m M 145.8 105.3 27.0 397.0 | H 1.099 | V 0.001 | pL 0.000 | vL 0.000 | delta 0.000
U 219 | F 448512 | FPS 0028 | D 15568 | rR:mu sigma m M 0.00 0.00 0.00 0.00 | F:mu sigma m M 162.4 122.9 28.0 452.0 | H 1.099 | V 0.001 | pL 0.000 | vL 0.000 | delta 0.000
U 220 | F 450560 | FPS 0030 | D 15637 | rR:mu sigma m M 0.00 0.00 0.00 0.00 | F:mu sigma m M 165.7 119.9 34.0 452.0 | H 1.098 | V 0.002 | pL -0.001 | vL 0.000 | delta 0.002
U 221 | F 452608 | FPS 0029 | D 15707 | rR:mu sigma m M 0.00 0.00 0.00 0.00 | F:mu sigma m M 226.3 117.9 70.0 556.0 | H 1.098 | V 0.001 | pL 0.001 | vL 0.000 | delta 0.001
U 222 | F 454656 | FPS 0030 | D 15776 | rR:mu sigma m M 0.00 0.00 0.00 0.00 | F:mu sigma m M 201.1 170.1 18.0 640.0 | H 1.098 | V 0.002 | pL 0.000 | vL 0.000 | delta 0.001
U 223 | F 456704 | FPS 0025 | D 15859 | rR:mu sigma m M 0.00 0.00 0.00 0.00 | F:mu sigma m M 185.4 144.1 18.0 640.0 | H 1.098 | V 0.002 | pL 0.001 | vL 0.000 | delta 0.001
U 224 | F 458752 | FPS 0030 | D 15927 | rR:mu sigma m M 0.00 0.00 0.00 0.00 | F:mu sigma m M 150.5 88.8 20.0 375.0 | H 1.099 | V 0.001 | pL 0.000 | vL 0.000 | delta 0.000
U 225 | F 460800 | FPS 0027 | D 16004 | rR:mu sigma m M 0.00 0.00 0.00 0.00 | F:mu sigma m M 171.4 123.3 37.0 492.0 | H 1.099 | V 0.001 | pL 0.000 | vL 0.000 | delta 0.000
U 226 | F 462848 | FPS 0029 | D 16075 | rR:mu sigma m M 0.00 0.00 0.00 0.00 | F:mu sigma m M 168.8 155.5 36.0 513.0 | H 1.099 | V 0.001 | pL 0.000 | vL 0.000 | delta 0.000
U 227 | F 464896 | FPS 0030 | D 16142 | rR:mu sigma m M 0.00 0.00 0.00 0.00 | F:mu sigma m M 142.9 101.5 14.0 323.0 | H 1.099 | V 0.001 | pL 0.000 | vL 0.000 | delta 0.000
U 228 | F 466944 | FPS 0029 | D 16213 | rR:mu sigma m M 0.00 0.00 0.00 0.00 | F:mu sigma m M 125.9 84.6 14.0 343.0 | H 1.098 | V 0.002 | pL -0.001 | vL 0.000 | delta 0.001
U 229 | F 468992 | FPS 0026 | D 16292 | rR:mu sigma m M 0.03 0.13 0.00 0.55 | F:mu sigma m M 150.2 121.5 21.0 454.0 | H 1.098 | V 0.002 | pL -0.001 | vL 0.000 | delta 0.004
U 230 | F 471040 | FPS 0026 | D 16370 | rR:mu sigma m M 0.00 0.00 0.00 0.00 | F:mu sigma m M 208.1 169.3 52.0 709.0 | H 1.099 | V 0.002 | pL 0.001 | vL 0.000 | delta 0.001
U 231 | F 473088 | FPS 0029 | D 16440 | rR:mu sigma m M 0.05 0.19 0.00 0.80 | F:mu sigma m M 190.1 152.8 57.0 709.0 | H 1.097 | V 0.007 | pL -0.006 | vL 0.001 | delta 0.018
U 232 | F 475136 | FPS 0032 | D 16504 | rR:mu sigma m M 0.05 0.19 0.00 0.80 | F:mu sigma m M 137.0 75.4 21.0 339.0 | H 1.097 | V 0.011 | pL 0.001 | vL 0.000 | delta 0.005
U 233 | F 477184 | FPS 0029 | D 16576 | rR:mu sigma m M 0.00 0.00 0.00 0.00 | F:mu sigma m M 178.7 166.0 23.0 633.0 | H 1.098 | V 0.008 | pL 0.003 | vL 0.000 | delta 0.005
U 234 | F 479232 | FPS 0028 | D 16649 | rR:mu sigma m M 0.00 0.00 0.00 0.00 | F:mu sigma m M 151.4 150.9 26.0 542.0 | H 1.098 | V 0.011 | pL 0.002 | vL 0.000 | delta 0.004
U 235 | F 481280 | FPS 0028 | D 16723 | rR:mu sigma m M 0.05 0.18 0.00 0.74 | F:mu sigma m M 138.9 116.7 17.0 457.0 | H 1.096 | V 0.011 | pL -0.003 | vL 0.001 | delta 0.009
U 236 | F 483328 | FPS 0032 | D 16788 | rR:mu sigma m M 0.00 0.00 0.00 0.00 | F:mu sigma m M 149.3 91.3 45.0 353.0 | H 1.097 | V 0.008 | pL 0.001 | vL 0.000 | delta 0.005
U 237 | F 485376 | FPS 0026 | D 16867 | rR:mu sigma m M 0.00 0.00 0.00 0.00 | F:mu sigma m M 192.9 205.1 27.0 900.0 | H 1.098 | V 0.004 | pL 0.001 | vL 0.000 | delta 0.002
U 238 | F 487424 | FPS 0028 | D 16939 | rR:mu sigma m M 0.00 0.00 0.00 0.00 | F:mu sigma m M 185.7 121.9 46.0 514.0 | H 1.098 | V 0.003 | pL 0.001 | vL 0.000 | delta 0.001
U 239 | F 489472 | FPS 0029 | D 17011 | rR:mu sigma m M 0.00 0.00 0.00 0.00 | F:mu sigma m M 141.5 126.4 26.0 557.0 | H 1.099 | V 0.003 | pL 0.001 | vL 0.000 | delta 0.000
U 240 | F 491520 | FPS 0028 | D 17085 | rR:mu sigma m M 0.00 0.00 0.00 0.00 | F:mu sigma m M 125.4 104.0 22.0 469.0 | H 1.099 | V 0.002 | pL 0.001 | vL 0.000 | delta 0.000
U 241 | F 493568 | FPS 0031 | D 17150 | rR:mu sigma m M 0.00 0.00 0.00 0.00 | F:mu sigma m M 192.2 175.5 18.0 694.0 | H 1.099 | V 0.002 | pL 0.000 | vL 0.000 | delta 0.000
U 242 | F 495616 | FPS 0029 | D 17221 | rR:mu sigma m M 0.05 0.19 0.00 0.81 | F:mu sigma m M 163.8 138.7 21.0 504.0 | H 1.095 | V 0.012 | pL -0.006 | vL 0.000 | delta 0.015
U 243 | F 497664 | FPS 0032 | D 17285 | rR:mu sigma m M 0.00 0.00 0.00 0.00 | F:mu sigma m M 198.9 169.7 33.0 622.0 | H 1.098 | V 0.007 | pL 0.002 | vL 0.000 | delta 0.003
U 244 | F 499712 | FPS 0028 | D 17358 | rR:mu sigma m M 0.00 0.00 0.00 0.00 | F:mu sigma m M 165.7 136.4 33.0 432.0 | H 1.097 | V 0.006 | pL 0.002 | vL 0.000 | delta 0.004
U 245 | F 501760 | FPS 0028 | D 17431 | rR:mu sigma m M 0.00 0.00 0.00 0.00 | F:mu sigma m M 171.5 122.3 41.0 432.0 | H 1.098 | V 0.006 | pL 0.001 | vL 0.000 | delta 0.001
U 246 | F 503808 | FPS 0029 | D 17500 | rR:mu sigma m M 0.00 0.00 0.00 0.00 | F:mu sigma m M 181.9 97.0 54.0 339.0 | H 1.097 | V 0.007 | pL 0.002 | vL 0.000 | delta 0.003
U 247 | F 505856 | FPS 0030 | D 17570 | rR:mu sigma m M 0.00 0.00 0.00 0.00 | F:mu sigma m M 180.9 120.0 39.0 453.0 | H 1.098 | V 0.004 | pL 0.001 | vL 0.000 | delta 0.001
U 248 | F 507904 | FPS 0029 | D 17641 | rR:mu sigma m M 0.00 0.00 0.00 0.00 | F:mu sigma m M 185.6 130.7 15.0 462.0 | H 1.095 | V 0.006 | pL -0.002 | vL 0.000 | delta 0.008
U 249 | F 509952 | FPS 0036 | D 17698 | rR:mu sigma m M 0.00 0.00 0.00 0.00 | F:mu sigma m M 154.0 142.5 35.0 587.0 | H 1.096 | V 0.009 | pL 0.004 | vL 0.000 | delta 0.010
U 250 | F 512000 | FPS 0029 | D 17769 | rR:mu sigma m M 0.00 0.00 0.00 0.00 | F:mu sigma m M 161.1 138.2 35.0 587.0 | H 1.097 | V 0.005 | pL 0.001 | vL 0.000 | delta 0.006
U 251 | F 514048 | FPS 0028 | D 17841 | rR:mu sigma m M 0.00 0.00 0.00 0.00 | F:mu sigma m M 157.5 93.1 17.0 342.0 | H 1.098 | V 0.001 | pL 0.000 | vL 0.000 | delta 0.001
U 252 | F 516096 | FPS 0033 | D 17903 | rR:mu sigma m M 0.00 0.00 0.00 0.00 | F:mu sigma m M 106.4 55.9 17.0 232.0 | H 1.099 | V 0.000 | pL 0.000 | vL 0.000 | delta 0.000
U 253 | F 518144 | FPS 0030 | D 17971 | rR:mu sigma m M 0.00 0.00 0.00 0.00 | F:mu sigma m M 128.6 76.7 45.0 336.0 | H 1.098 | V 0.000 | pL 0.000 | vL 0.000 | delta 0.000
U 254 | F 520192 | FPS 0030 | D 18039 | rR:mu sigma m M 0.00 0.00 0.00 0.00 | F:mu sigma m M 162.0 190.1 20.0 685.0 | H 1.099 | V 0.000 | pL 0.000 | vL 0.000 | delta 0.000
U 255 | F 522240 | FPS 0030 | D 18107 | rR:mu sigma m M 0.00 0.00 0.00 0.00 | F:mu sigma m M 192.8 197.8 20.0 685.0 | H 1.097 | V 0.002 | pL 0.000 | vL 0.000 | delta 0.001
U 256 | F 524288 | FPS 0028 | D 18179 | rR:mu sigma m M 0.00 0.00 0.00 0.00 | F:mu sigma m M 175.6 112.5 43.0 468.0 | H 1.098 | V 0.002 | pL 0.000 | vL 0.000 | delta 0.001
U 257 | F 526336 | FPS 0032 | D 18243 | rR:mu sigma m M 0.00 0.00 0.00 0.00 | F:mu sigma m M 163.5 81.5 43.0 342.0 | H 1.097 | V 0.004 | pL 0.001 | vL 0.000 | delta 0.002
U 258 | F 528384 | FPS 0030 | D 18312 | rR:mu sigma m M 0.00 0.00 0.00 0.00 | F:mu sigma m M 207.3 188.6 27.0 670.0 | H 1.098 | V 0.002 | pL 0.001 | vL 0.000 | delta 0.001
U 259 | F 530432 | FPS 0029 | D 18382 | rR:mu sigma m M 0.00 0.00 0.00 0.00 | F:mu sigma m M 114.0 71.1 33.0 256.0 | H 1.098 | V 0.003 | pL 0.000 | vL 0.000 | delta 0.001
U 260 | F 532480 | FPS 0031 | D 18449 | rR:mu sigma m M 0.00 0.00 0.00 0.00 | F:mu sigma m M 170.3 195.1 21.0 860.0 | H 1.098 | V 0.002 | pL 0.001 | vL 0.000 | delta 0.002
U 261 | F 534528 | FPS 0027 | D 18525 | rR:mu sigma m M 0.00 0.00 0.00 0.00 | F:mu sigma m M 120.2 100.9 21.0 421.0 | H 1.098 | V 0.001 | pL 0.000 | vL 0.000 | delta 0.001
U 262 | F 536576 | FPS 0031 | D 18591 | rR:mu sigma m M 0.00 0.00 0.00 0.00 | F:mu sigma m M 185.7 190.8 26.0 831.0 | H 1.098 | V 0.002 | pL 0.000 | vL 0.000 | delta 0.001
U 263 | F 538624 | FPS 0029 | D 18663 | rR:mu sigma m M 0.00 0.00 0.00 0.00 | F:mu sigma m M 176.8 178.2 61.0 831.0 | H 1.098 | V 0.002 | pL 0.000 | vL 0.000 | delta 0.002
U 264 | F 540672 | FPS 0030 | D 18731 | rR:mu sigma m M 0.00 0.00 0.00 0.00 | F:mu sigma m M 150.5 106.1 44.0 358.0 | H 1.098 | V 0.002 | pL 0.000 | vL 0.000 | delta 0.001
U 265 | F 542720 | FPS 0028 | D 18804 | rR:mu sigma m M 0.00 0.00 0.00 0.00 | F:mu sigma m M 195.6 164.0 23.0 668.0 | H 1.099 | V 0.001 | pL 0.000 | vL 0.000 | delta 0.001
U 266 | F 544768 | FPS 0027 | D 18879 | rR:mu sigma m M 0.00 0.00 0.00 0.00 | F:mu sigma m M 120.9 84.9 59.0 409.0 | H 1.099 | V 0.001 | pL 0.000 | vL 0.000 | delta 0.000
U 267 | F 546816 | FPS 0030 | D 18946 | rR:mu sigma m M 0.00 0.00 0.00 0.00 | F:mu sigma m M 174.8 145.2 35.0 516.0 | H 1.099 | V 0.001 | pL 0.000 | vL 0.000 | delta 0.000
U 268 | F 548864 | FPS 0028 | D 19020 | rR:mu sigma m M 0.00 0.00 0.00 0.00 | F:mu sigma m M 127.2 78.5 34.0 351.0 | H 1.099 | V 0.001 | pL 0.000 | vL 0.000 | delta 0.000
U 269 | F 550912 | FPS 0030 | D 19087 | rR:mu sigma m M 0.00 0.00 0.00 0.00 | F:mu sigma m M 138.6 110.5 32.0 433.0 | H 1.098 | V 0.001 | pL 0.000 | vL 0.000 | delta 0.001
U 270 | F 552960 | FPS 0029 | D 19157 | rR:mu sigma m M 0.00 0.00 0.00 0.00 | F:mu sigma m M 116.8 85.9 7.0 285.0 | H 1.099 | V -0.000 | pL -0.000 | vL 0.000 | delta 0.000
U 271 | F 555008 | FPS 0027 | D 19232 | rR:mu sigma m M 0.00 0.00 0.00 0.00 | F:mu sigma m M 164.7 114.6 35.0 438.0 | H 1.099 | V -0.000 | pL -0.000 | vL 0.000 | delta 0.000
U 272 | F 557056 | FPS 0027 | D 19307 | rR:mu sigma m M 0.00 0.00 0.00 0.00 | F:mu sigma m M 213.8 153.1 19.0 551.0 | H 1.099 | V -0.000 | pL -0.000 | vL 0.000 | delta 0.000
U 273 | F 559104 | FPS 0030 | D 19375 | rR:mu sigma m M 0.00 0.00 0.00 0.00 | F:mu sigma m M 226.1 140.9 19.0 551.0 | H 1.099 | V -0.000 | pL -0.000 | vL 0.000 | delta 0.000
U 274 | F 561152 | FPS 0030 | D 19443 | rR:mu sigma m M 0.00 0.00 0.00 0.00 | F:mu sigma m M 184.9 141.9 41.0 589.0 | H 1.099 | V -0.000 | pL -0.000 | vL 0.000 | delta 0.000
U 275 | F 563200 | FPS 0028 | D 19517 | rR:mu sigma m M 0.00 0.00 0.00 0.00 | F:mu sigma m M 116.6 88.4 29.0 396.0 | H 1.099 | V 0.000 | pL 0.000 | vL 0.000 | delta 0.000
U 276 | F 565248 | FPS 0028 | D 19592 | rR:mu sigma m M 0.00 0.00 0.00 0.00 | F:mu sigma m M 209.2 194.2 29.0 672.0 | H 1.099 | V 0.000 | pL 0.000 | vL 0.000 | delta 0.000
U 277 | F 567296 | FPS 0026 | D 19669 | rR:mu sigma m M 0.00 0.00 0.00 0.00 | F:mu sigma m M 235.2 227.3 13.0 855.0 | H 1.099 | V 0.000 | pL -0.000 | vL 0.000 | delta 0.000
U 278 | F 569344 | FPS 0027 | D 19745 | rR:mu sigma m M 0.04 0.14 0.00 0.58 | F:mu sigma m M 182.6 113.2 13.0 421.0 | H 1.096 | V 0.004 | pL -0.005 | vL 0.000 | delta 0.006
U 279 | F 571392 | FPS 0033 | D 19807 | rR:mu sigma m M 0.00 0.00 0.00 0.00 | F:mu sigma m M 196.1 150.7 30.0 610.0 | H 1.098 | V 0.003 | pL 0.001 | vL 0.000 | delta 0.002
U 280 | F 573440 | FPS 0029 | D 19878 | rR:mu sigma m M 0.00 0.00 0.00 0.00 | F:mu sigma m M 149.1 118.1 30.0 387.0 | H 1.097 | V 0.003 | pL 0.000 | vL 0.000 | delta 0.004
U 281 | F 575488 | FPS 0029 | D 19949 | rR:mu sigma m M 0.05 0.20 0.00 0.83 | F:mu sigma m M 185.2 138.5 36.0 572.0 | H 1.097 | V 0.004 | pL -0.003 | vL 0.001 | delta 0.018
U 282 | F 577536 | FPS 0026 | D 20029 | rR:mu sigma m M 0.00 0.00 0.00 0.00 | F:mu sigma m M 155.3 94.7 31.0 427.0 | H 1.098 | V 0.007 | pL 0.002 | vL 0.000 | delta 0.002
U 283 | F 579584 | FPS 0026 | D 20107 | rR:mu sigma m M 0.01 0.03 0.00 0.12 | F:mu sigma m M 184.9 189.4 31.0 883.0 | H 1.097 | V 0.014 | pL -0.002 | vL 0.000 | delta 0.005
U 284 | F 581632 | FPS 0029 | D 20178 | rR:mu sigma m M 0.06 0.20 0.00 0.84 | F:mu sigma m M 235.1 217.3 41.0 883.0 | H 1.098 | V 0.007 | pL 0.000 | vL 0.000 | delta 0.009
U 285 | F 583680 | FPS 0030 | D 20246 | rR:mu sigma m M 0.00 0.00 0.00 0.00 | F:mu sigma m M 148.2 92.7 10.0 323.0 | H 1.099 | V -0.001 | pL -0.000 | vL 0.000 | delta 0.004
U 286 | F 585728 | FPS 0028 | D 20319 | rR:mu sigma m M 0.00 0.00 0.00 0.00 | F:mu sigma m M 173.6 141.3 35.0 604.0 | H 1.098 | V 0.008 | pL -0.000 | vL 0.000 | delta 0.006
U 287 | F 587776 | FPS 0028 | D 20392 | rR:mu sigma m M 0.00 0.00 0.00 0.00 | F:mu sigma m M 209.5 146.5 41.0 595.0 | H 1.097 | V 0.009 | pL 0.002 | vL 0.000 | delta 0.014
U 288 | F 589824 | FPS 0033 | D 20455 | rR:mu sigma m M 0.04 0.16 0.00 0.67 | F:mu sigma m M 193.8 142.1 38.0 595.0 | H 1.098 | V 0.016 | pL -0.001 | vL 0.000 | delta 0.008
U 289 | F 591872 | FPS 0025 | D 20537 | rR:mu sigma m M 0.00 0.00 0.00 0.00 | F:mu sigma m M 144.6 108.3 16.0 365.0 | H 1.097 | V 0.012 | pL 0.001 | vL 0.000 | delta 0.003
U 290 | F 593920 | FPS 0031 | D 20603 | rR:mu sigma m M 0.00 0.00 0.00 0.00 | F:mu sigma m M 215.1 168.7 35.0 678.0 | H 1.098 | V 0.008 | pL 0.002 | vL 0.000 | delta 0.002
U 291 | F 595968 | FPS 0028 | D 20677 | rR:mu sigma m M 0.00 0.00 0.00 0.00 | F:mu sigma m M 246.8 185.1 35.0 678.0 | H 1.098 | V 0.007 | pL 0.002 | vL 0.000 | delta 0.002
U 292 | F 598016 | FPS 0032 | D 20741 | rR:mu sigma m M 0.00 0.00 0.00 0.00 | F:mu sigma m M 189.9 141.1 38.0 582.0 | H 1.098 | V 0.006 | pL 0.002 | vL 0.000 | delta 0.001
U 293 | F 600064 | FPS 0030 | D 20810 | rR:mu sigma m M 0.00 0.00 0.00 0.00 | F:mu sigma m M 164.2 127.7 53.0 461.0 | H 1.098 | V 0.004 | pL 0.001 | vL 0.000 | delta 0.000
U 294 | F 602112 | FPS 0029 | D 20881 | rR:mu sigma m M 0.00 0.00 0.00 0.00 | F:mu sigma m M 188.5 132.9 32.0 473.0 | H 1.098 | V 0.004 | pL 0.001 | vL 0.000 | delta 0.001
U 295 | F 604160 | FPS 0028 | D 20955 | rR:mu sigma m M 0.00 0.00 0.00 0.00 | F:mu sigma m M 151.4 104.5 44.0 416.0 | H 1.099 | V 0.003 | pL 0.001 | vL 0.000 | delta 0.000
U 296 | F 606208 | FPS 0027 | D 21030 | rR:mu sigma m M 0.00 0.00 0.00 0.00 | F:mu sigma m M 161.8 120.8 31.0 416.0 | H 1.099 | V 0.002 | pL 0.001 | vL 0.000 | delta 0.000
U 297 | F 608256 | FPS 0027 | D 21106 | rR:mu sigma m M 0.00 0.00 0.00 0.00 | F:mu sigma m M 208.4 119.7 58.0 477.0 | H 1.099 | V 0.002 | pL 0.000 | vL 0.000 | delta 0.000
U 298 | F 610304 | FPS 0028 | D 21180 | rR:mu sigma m M 0.00 0.00 0.00 0.00 | F:mu sigma m M 119.8 83.9 13.0 315.0 | H 1.099 | V 0.001 | pL 0.000 | vL 0.000 | delta 0.000
U 299 | F 612352 | FPS 0023 | D 21268 | rR:mu sigma m M 0.00 0.00 0.00 0.00 | F:mu sigma m M 179.4 138.0 23.0 556.0 | H 1.099 | V 0.001 | pL 0.000 | vL 0.000 | delta 0.000
U 300 | F 614400 | FPS 0028 | D 21340 | rR:mu sigma m M 0.00 0.00 0.00 0.00 | F:mu sigma m M 169.0 87.7 41.0 368.0 | H 1.099 | V 0.001 | pL 0.000 | vL 0.000 | delta 0.000
U 301 | F 616448 | FPS 0030 | D 21409 | rR:mu sigma m M 0.00 0.00 0.00 0.00 | F:mu sigma m M 174.2 105.0 43.0 401.0 | H 1.098 | V 0.003 | pL -0.001 | vL 0.000 | delta 0.002
U 302 | F 618496 | FPS 0030 | D 21478 | rR:mu sigma m M 0.06 0.22 0.00 0.90 | F:mu sigma m M 181.2 101.7 43.0 401.0 | H 1.098 | V 0.003 | pL -0.003 | vL 0.001 | delta 0.010
U 303 | F 620544 | FPS 0028 | D 21551 | rR:mu sigma m M 0.00 0.00 0.00 0.00 | F:mu sigma m M 280.7 191.3 31.0 668.0 | H 1.097 | V 0.013 | pL -0.003 | vL 0.000 | delta 0.013
U 304 | F 622592 | FPS 0027 | D 21626 | rR:mu sigma m M 0.00 0.00 0.00 0.00 | F:mu sigma m M 145.6 122.8 27.0 462.0 | H 1.093 | V 0.012 | pL 0.004 | vL 0.000 | delta 0.007
U 305 | F 624640 | FPS 0026 | D 21705 | rR:mu sigma m M 0.00 0.00 0.00 0.00 | F:mu sigma m M 168.1 102.2 27.0 420.0 | H 1.098 | V 0.006 | pL 0.002 | vL 0.000 | delta 0.001
U 306 | F 626688 | FPS 0032 | D 21768 | rR:mu sigma m M 0.00 0.00 0.00 0.00 | F:mu sigma m M 199.1 122.9 60.0 593.0 | H 1.098 | V 0.004 | pL 0.001 | vL 0.000 | delta 0.001
U 307 | F 628736 | FPS 0029 | D 21839 | rR:mu sigma m M 0.00 0.00 0.00 0.00 | F:mu sigma m M 190.6 123.3 75.0 593.0 | H 1.098 | V 0.004 | pL -0.000 | vL 0.000 | delta 0.002
U 308 | F 630784 | FPS 0028 | D 21911 | rR:mu sigma m M 0.00 0.00 0.00 0.00 | F:mu sigma m M 155.1 107.8 29.0 478.0 | H 1.096 | V 0.005 | pL 0.002 | vL 0.000 | delta 0.003
U 309 | F 632832 | FPS 0026 | D 21990 | rR:mu sigma m M 0.00 0.00 0.00 0.00 | F:mu sigma m M 154.8 120.5 33.0 478.0 | H 1.098 | V 0.004 | pL 0.001 | vL 0.000 | delta 0.001
U 310 | F 634880 | FPS 0031 | D 22057 | rR:mu sigma m M 0.00 0.00 0.00 0.00 | F:mu sigma m M 170.3 133.8 33.0 566.0 | H 1.099 | V 0.002 | pL 0.000 | vL 0.000 | delta 0.000
U 311 | F 636928 | FPS 0026 | D 22134 | rR:mu sigma m M 0.00 0.00 0.00 0.00 | F:mu sigma m M 266.7 261.1 26.0 900.0 | H 1.099 | V 0.002 | pL 0.000 | vL 0.000 | delta 0.000
U 312 | F 638976 | FPS 0028 | D 22208 | rR:mu sigma m M 0.00 0.00 0.00 0.00 | F:mu sigma m M 193.8 150.3 26.0 489.0 | H 1.098 | V 0.001 | pL 0.000 | vL 0.000 | delta 0.000
U 313 | F 641024 | FPS 0030 | D 22277 | rR:mu sigma m M 0.00 0.00 0.00 0.00 | F:mu sigma m M 142.6 129.3 23.0 546.0 | H 1.098 | V 0.005 | pL 0.000 | vL 0.000 | delta 0.003
U 314 | F 643072 | FPS 0030 | D 22346 | rR:mu sigma m M 0.00 0.00 0.00 0.00 | F:mu sigma m M 128.4 106.9 23.0 348.0 | H 1.099 | V 0.001 | pL 0.001 | vL 0.000 | delta 0.001
U 315 | F 645120 | FPS 0031 | D 22412 | rR:mu sigma m M 0.00 0.00 0.00 0.00 | F:mu sigma m M 163.9 141.8 21.0 500.0 | H 1.098 | V 0.002 | pL -0.000 | vL 0.000 | delta 0.001
U 316 | F 647168 | FPS 0031 | D 22479 | rR:mu sigma m M 0.00 0.00 0.00 0.00 | F:mu sigma m M 126.2 98.1 12.0 305.0 | H 1.099 | V 0.001 | pL 0.001 | vL 0.000 | delta 0.001
U 317 | F 649216 | FPS 0032 | D 22543 | rR:mu sigma m M 0.00 0.00 0.00 0.00 | F:mu sigma m M 158.2 94.4 27.0 345.0 | H 1.099 | V 0.000 | pL 0.000 | vL 0.000 | delta 0.000
U 318 | F 651264 | FPS 0028 | D 22615 | rR:mu sigma m M 0.00 0.00 0.00 0.00 | F:mu sigma m M 141.3 148.9 24.0 590.0 | H 1.098 | V 0.001 | pL 0.000 | vL 0.000 | delta 0.000
U 319 | F 653312 | FPS 0030 | D 22685 | rR:mu sigma m M 0.00 0.00 0.00 0.00 | F:mu sigma m M 189.3 150.9 37.0 600.0 | H 1.099 | V 0.000 | pL 0.000 | vL 0.000 | delta 0.000
U 320 | F 655360 | FPS 0029 | D 22756 | rR:mu sigma m M 0.00 0.00 0.00 0.00 | F:mu sigma m M 182.5 143.8 30.0 600.0 | H 1.099 | V 0.000 | pL 0.000 | vL 0.000 | delta 0.000
U 321 | F 657408 | FPS 0029 | D 22826 | rR:mu sigma m M 0.00 0.00 0.00 0.00 | F:mu sigma m M 151.9 91.5 31.0 310.0 | H 1.099 | V 0.000 | pL 0.000 | vL 0.000 | delta 0.000
U 322 | F 659456 | FPS 0029 | D 22897 | rR:mu sigma m M 0.00 0.00 0.00 0.00 | F:mu sigma m M 222.5 152.4 31.0 535.0 | H 1.099 | V 0.000 | pL 0.000 | vL 0.000 | delta 0.000
U 323 | F 661504 | FPS 0032 | D 22960 | rR:mu sigma m M 0.00 0.00 0.00 0.00 | F:mu sigma m M 168.4 104.5 47.0 435.0 | H 1.099 | V 0.000 | pL 0.000 | vL 0.000 | delta 0.000
U 324 | F 663552 | FPS 0029 | D 23031 | rR:mu sigma m M 0.00 0.00 0.00 0.00 | F:mu sigma m M 154.9 131.8 19.0 571.0 | H 1.099 | V 0.000 | pL 0.000 | vL 0.000 | delta 0.000
U 325 | F 665600 | FPS 0028 | D 23104 | rR:mu sigma m M 0.00 0.00 0.00 0.00 | F:mu sigma m M 134.2 99.5 19.0 412.0 | H 1.099 | V 0.000 | pL 0.000 | vL 0.000 | delta 0.000
U 326 | F 667648 | FPS 0027 | D 23181 | rR:mu sigma m M 0.05 0.17 0.00 0.72 | F:mu sigma m M 249.0 152.7 81.0 616.0 | H 1.097 | V 0.009 | pL -0.006 | vL 0.001 | delta 0.012
U 327 | F 669696 | FPS 0027 | D 23256 | rR:mu sigma m M 0.05 0.17 0.00 0.72 | F:mu sigma m M 216.2 132.7 20.0 589.0 | H 1.096 | V 0.004 | pL 0.000 | vL 0.000 | delta 0.005
U 328 | F 671744 | FPS 0031 | D 23323 | rR:mu sigma m M 0.00 0.00 0.00 0.00 | F:mu sigma m M 162.6 111.2 13.0 442.0 | H 1.097 | V 0.001 | pL -0.000 | vL 0.000 | delta 0.001
U 329 | F 673792 | FPS 0028 | D 23395 | rR:mu sigma m M 0.00 0.00 0.00 0.00 | F:mu sigma m M 152.6 127.5 18.0 442.0 | H 1.096 | V 0.002 | pL 0.001 | vL 0.000 | delta 0.002
U 330 | F 675840 | FPS 0030 | D 23463 | rR:mu sigma m M 0.00 0.00 0.00 0.00 | F:mu sigma m M 139.5 120.5 27.0 495.0 | H 1.098 | V 0.001 | pL 0.000 | vL 0.000 | delta 0.000
U 331 | F 677888 | FPS 0029 | D 23534 | rR:mu sigma m M 0.00 0.00 0.00 0.00 | F:mu sigma m M 151.5 113.1 33.0 430.0 | H 1.097 | V 0.005 | pL -0.000 | vL 0.000 | delta 0.002
U 332 | F 679936 | FPS 0028 | D 23608 | rR:mu sigma m M 0.05 0.18 0.00 0.74 | F:mu sigma m M 204.8 186.6 25.0 778.0 | H 1.097 | V 0.004 | pL -0.003 | vL 0.001 | delta 0.009
U 333 | F 681984 | FPS 0029 | D 23679 | rR:mu sigma m M 0.00 0.00 0.00 0.00 | F:mu sigma m M 184.0 196.0 25.0 778.0 | H 1.098 | V 0.007 | pL 0.000 | vL 0.000 | delta 0.002
U 334 | F 684032 | FPS 0032 | D 23743 | rR:mu sigma m M 0.00 0.00 0.00 0.00 | F:mu sigma m M 156.6 99.1 16.0 329.0 | H 1.097 | V 0.012 | pL 0.001 | vL 0.000 | delta 0.004
U 335 | F 686080 | FPS 0034 | D 23804 | rR:mu sigma m M 0.04 0.15 0.00 0.63 | F:mu sigma m M 166.1 135.5 22.0 558.0 | H 1.098 | V 0.004 | pL 0.001 | vL 0.000 | delta 0.004
U 336 | F 688128 | FPS 0032 | D 23867 | rR:mu sigma m M 0.06 0.22 0.00 0.92 | F:mu sigma m M 137.5 99.0 37.0 469.0 | H 1.093 | V 0.010 | pL -0.008 | vL 0.001 | delta 0.021
U 337 | F 690176 | FPS 0029 | D 23937 | rR:mu sigma m M 0.04 0.15 0.00 0.63 | F:mu sigma m M 199.9 183.3 26.0 725.0 | H 1.097 | V 0.015 | pL -0.002 | vL 0.000 | delta 0.008
U 338 | F 692224 | FPS 0031 | D 24004 | rR:mu sigma m M 0.04 0.15 0.00 0.63 | F:mu sigma m M 170.1 122.5 36.0 506.0 | H 1.095 | V 0.006 | pL 0.001 | vL 0.000 | delta 0.006
U 339 | F 694272 | FPS 0032 | D 24069 | rR:mu sigma m M 0.00 0.00 0.00 0.00 | F:mu sigma m M 162.9 140.0 34.0 532.0 | H 1.098 | V -0.002 | pL -0.001 | vL 0.000 | delta 0.001
U 340 | F 696320 | FPS 0029 | D 24139 | rR:mu sigma m M 0.00 0.00 0.00 0.00 | F:mu sigma m M 131.8 107.6 29.0 400.0 | H 1.098 | V -0.002 | pL -0.001 | vL 0.000 | delta 0.001
U 341 | F 698368 | FPS 0028 | D 24212 | rR:mu sigma m M 0.00 0.00 0.00 0.00 | F:mu sigma m M 189.3 159.6 27.0 646.0 | H 1.095 | V 0.008 | pL -0.003 | vL 0.000 | delta 0.004
U 342 | F 700416 | FPS 0025 | D 24293 | rR:mu sigma m M 0.03 0.10 0.00 0.42 | F:mu sigma m M 256.1 166.5 26.0 646.0 | H 1.093 | V 0.006 | pL -0.001 | vL 0.000 | delta 0.009
U 343 | F 702464 | FPS 0027 | D 24369 | rR:mu sigma m M 0.03 0.10 0.00 0.42 | F:mu sigma m M 230.0 144.8 28.0 577.0 | H 1.094 | V -0.001 | pL -0.001 | vL 0.000 | delta 0.006
U 344 | F 704512 | FPS 0031 | D 24434 | rR:mu sigma m M 0.04 0.14 0.00 0.60 | F:mu sigma m M 224.1 142.7 27.0 531.0 | H 1.093 | V 0.005 | pL -0.005 | vL 0.000 | delta 0.008
U 345 | F 706560 | FPS 0027 | D 24510 | rR:mu sigma m M 0.00 0.00 0.00 0.00 | F:mu sigma m M 156.6 106.8 15.0 383.0 | H 1.096 | V 0.002 | pL -0.000 | vL 0.000 | delta 0.003
U 346 | F 708608 | FPS 0029 | D 24581 | rR:mu sigma m M 0.00 0.00 0.00 0.00 | F:mu sigma m M 163.6 112.5 31.0 445.0 | H 1.098 | V 0.001 | pL 0.000 | vL 0.000 | delta 0.002
U 347 | F 710656 | FPS 0028 | D 24653 | rR:mu sigma m M 0.00 0.00 0.00 0.00 | F:mu sigma m M 145.5 93.2 31.0 312.0 | H 1.098 | V 0.001 | pL 0.000 | vL 0.000 | delta 0.001
U 348 | F 712704 | FPS 0028 | D 24727 | rR:mu sigma m M 0.00 0.00 0.00 0.00 | F:mu sigma m M 184.1 84.5 69.0 375.0 | H 1.098 | V 0.002 | pL 0.000 | vL 0.000 | delta 0.003
U 349 | F 714752 | FPS 0030 | D 24795 | rR:mu sigma m M 0.00 0.00 0.00 0.00 | F:mu sigma m M 156.8 84.2 69.0 375.0 | H 1.099 | V 0.003 | pL 0.000 | vL 0.000 | delta 0.001
U 350 | F 716800 | FPS 0029 | D 24865 | rR:mu sigma m M 0.00 0.00 0.00 0.00 | F:mu sigma m M 128.0 76.6 14.0 273.0 | H 1.099 | V 0.001 | pL 0.000 | vL 0.000 | delta 0.000
U 351 | F 718848 | FPS 0028 | D 24938 | rR:mu sigma m M 0.00 0.00 0.00 0.00 | F:mu sigma m M 159.9 150.7 14.0 535.0 | H 1.099 | V 0.001 | pL 0.000 | vL 0.000 | delta 0.000
U 352 | F 720896 | FPS 0026 | D 25018 | rR:mu sigma m M 0.00 0.00 0.00 0.00 | F:mu sigma m M 96.5 57.1 45.0 261.0 | H 1.098 | V 0.001 | pL -0.000 | vL 0.000 | delta 0.001
U 353 | F 722944 | FPS 0028 | D 25092 | rR:mu sigma m M 0.00 0.00 0.00 0.00 | F:mu sigma m M 174.2 170.8 45.0 670.0 | H 1.099 | V 0.001 | pL 0.000 | vL 0.000 | delta 0.001
U 354 | F 724992 | FPS 0029 | D 25163 | rR:mu sigma m M 0.00 0.00 0.00 0.00 | F:mu sigma m M 245.2 189.2 55.0 680.0 | H 1.097 | V 0.004 | pL -0.000 | vL 0.000 | delta 0.002
U 355 | F 727040 | FPS 0030 | D 25230 | rR:mu sigma m M 0.00 0.00 0.00 0.00 | F:mu sigma m M 201.5 183.5 24.0 680.0 | H 1.099 | V 0.001 | pL 0.001 | vL 0.000 | delta 0.002
U 356 | F 729088 | FPS 0030 | D 25298 | rR:mu sigma m M 0.00 0.00 0.00 0.00 | F:mu sigma m M 155.1 119.0 42.0 450.0 | H 1.099 | V -0.000 | pL -0.000 | vL 0.000 | delta 0.000
U 357 | F 731136 | FPS 0031 | D 25364 | rR:mu sigma m M 0.00 0.00 0.00 0.00 | F:mu sigma m M 161.5 111.1 34.0 405.0 | H 1.098 | V 0.001 | pL -0.000 | vL 0.000 | delta 0.001
U 358 | F 733184 | FPS 0028 | D 25438 | rR:mu sigma m M 0.00 0.00 0.00 0.00 | F:mu sigma m M 137.4 108.6 16.0 464.0 | H 1.098 | V 0.001 | pL 0.000 | vL 0.000 | delta 0.001
U 359 | F 735232 | FPS 0027 | D 25512 | rR:mu sigma m M 0.00 0.00 0.00 0.00 | F:mu sigma m M 164.7 125.6 26.0 433.0 | H 1.099 | V 0.000 | pL -0.000 | vL 0.000 | delta 0.000
U 360 | F 737280 | FPS 0025 | D 25593 | rR:mu sigma m M 0.04 0.17 0.00 0.74 | F:mu sigma m M 121.4 77.1 37.0 282.0 | H 1.097 | V 0.007 | pL -0.006 | vL 0.001 | delta 0.008
U 361 | F 739328 | FPS 0029 | D 25664 | rR:mu sigma m M 0.00 0.00 0.00 0.00 | F:mu sigma m M 162.0 139.3 37.0 512.0 | H 1.098 | V 0.002 | pL 0.001 | vL 0.000 | delta 0.000
U 362 | F 741376 | FPS 0029 | D 25734 | rR:mu sigma m M 0.00 0.00 0.00 0.00 | F:mu sigma m M 192.9 118.6 36.0 485.0 | H 1.098 | V 0.002 | pL 0.001 | vL 0.000 | delta 0.000
U 363 | F 743424 | FPS 0025 | D 25815 | rR:mu sigma m M 0.00 0.00 0.00 0.00 | F:mu sigma m M 186.0 119.9 36.0 485.0 | H 1.099 | V 0.002 | pL 0.000 | vL 0.000 | delta 0.000
U 364 | F 745472 | FPS 0029 | D 25885 | rR:mu sigma m M 0.00 0.00 0.00 0.00 | F:mu sigma m M 146.9 89.3 42.0 352.0 | H 1.099 | V 0.001 | pL 0.000 | vL 0.000 | delta 0.000
U 365 | F 747520 | FPS 0029 | D 25956 | rR:mu sigma m M 0.00 0.00 0.00 0.00 | F:mu sigma m M 137.7 115.4 11.0 484.0 | H 1.098 | V 0.004 | pL 0.000 | vL 0.000 | delta 0.003
U 366 | F 749568 | FPS 0027 | D 26031 | rR:mu sigma m M 0.06 0.18 0.00 0.72 | F:mu sigma m M 205.8 186.3 42.0 701.0 | H 1.092 | V 0.017 | pL -0.007 | vL 0.001 | delta 0.010
U 367 | F 751616 | FPS 0030 | D 26099 | rR:mu sigma m M 0.00 0.00 0.00 0.00 | F:mu sigma m M 141.0 114.4 28.0 427.0 | H 1.097 | V 0.005 | pL 0.002 | vL 0.000 | delta 0.005
U 368 | F 753664 | FPS 0031 | D 26165 | rR:mu sigma m M 0.00 0.00 0.00 0.00 | F:mu sigma m M 118.5 103.4 13.0 382.0 | H 1.097 | V 0.006 | pL 0.001 | vL 0.000 | delta 0.002
U 369 | F 755712 | FPS 0032 | D 26229 | rR:mu sigma m M 0.04 0.16 0.00 0.67 | F:mu sigma m M 145.1 96.7 31.0 359.0 | H 1.098 | V 0.006 | pL -0.000 | vL 0.000 | delta 0.005
U 370 | F 757760 | FPS 0030 | D 26297 | rR:mu sigma m M 0.00 0.00 0.00 0.00 | F:mu sigma m M 148.3 90.3 34.0 318.0 | H 1.098 | V 0.006 | pL 0.002 | vL 0.000 | delta 0.001
U 371 | F 759808 | FPS 0027 | D 26373 | rR:mu sigma m M 0.05 0.18 0.00 0.76 | F:mu sigma m M 144.4 92.5 39.0 334.0 | H 1.095 | V 0.011 | pL -0.003 | vL 0.001 | delta 0.020
U 372 | F 761856 | FPS 0033 | D 26434 | rR:mu sigma m M 0.00 0.00 0.00 0.00 | F:mu sigma m M 160.4 108.7 39.0 439.0 | H 1.098 | V 0.013 | pL 0.004 | vL 0.000 | delta 0.003
U 373 | F 763904 | FPS 0027 | D 26509 | rR:mu sigma m M 0.00 0.00 0.00 0.00 | F:mu sigma m M 171.0 114.1 40.0 439.0 | H 1.098 | V 0.009 | pL 0.003 | vL 0.000 | delta 0.001
U 374 | F 765952 | FPS 0029 | D 26579 | rR:mu sigma m M 0.00 0.00 0.00 0.00 | F:mu sigma m M 183.4 142.2 30.0 583.0 | H 1.098 | V 0.007 | pL 0.002 | vL 0.000 | delta 0.001
U 375 | F 768000 | FPS 0029 | D 26650 | rR:mu sigma m M 0.00 0.00 0.00 0.00 | F:mu sigma m M 154.1 87.9 53.0 374.0 | H 1.098 | V 0.005 | pL 0.002 | vL 0.000 | delta 0.001
U 376 | F 770048 | FPS 0027 | D 26726 | rR:mu sigma m M 0.00 0.00 0.00 0.00 | F:mu sigma m M 148.2 90.7 46.0 404.0 | H 1.099 | V 0.004 | pL 0.001 | vL 0.000 | delta 0.001
U 377 | F 772096 | FPS 0032 | D 26791 | rR:mu sigma m M 0.00 0.00 0.00 0.00 | F:mu sigma m M 157.2 153.7 30.0 578.0 | H 1.098 | V 0.007 | pL -0.000 | vL 0.000 | delta 0.003
U 378 | F 774144 | FPS 0026 | D 26869 | rR:mu sigma m M 0.00 0.00 0.00 0.00 | F:mu sigma m M 149.6 139.1 28.0 610.0 | H 1.094 | V 0.013 | pL 0.004 | vL 0.000 | delta 0.006
U 379 | F 776192 | FPS 0033 | D 26931 | rR:mu sigma m M 0.05 0.18 0.00 0.72 | F:mu sigma m M 154.2 120.7 26.0 527.0 | H 1.095 | V 0.008 | pL -0.004 | vL 0.000 | delta 0.010
U 380 | F 778240 | FPS 0027 | D 27005 | rR:mu sigma m M 0.00 0.00 0.00 0.00 | F:mu sigma m M 169.7 135.1 47.0 611.0 | H 1.098 | V -0.001 | pL -0.000 | vL 0.000 | delta 0.001
U 381 | F 780288 | FPS 0029 | D 27077 | rR:mu sigma m M 0.00 0.00 0.00 0.00 | F:mu sigma m M 180.0 130.1 33.0 472.0 | H 1.098 | V -0.001 | pL -0.000 | vL 0.000 | delta 0.000
U 382 | F 782336 | FPS 0030 | D 27145 | rR:mu sigma m M 0.00 0.00 0.00 0.00 | F:mu sigma m M 196.1 119.1 55.0 472.0 | H 1.099 | V -0.001 | pL -0.000 | vL 0.000 | delta 0.000
U 383 | F 784384 | FPS 0032 | D 27210 | rR:mu sigma m M 0.00 0.00 0.00 0.00 | F:mu sigma m M 169.8 121.0 27.0 467.0 | H 1.097 | V -0.000 | pL -0.001 | vL 0.000 | delta 0.003
U 384 | F 786432 | FPS 0031 | D 27275 | rR:mu sigma m M 0.00 0.00 0.00 0.00 | F:mu sigma m M 194.9 121.0 41.0 467.0 | H 1.096 | V 0.002 | pL 0.002 | vL 0.000 | delta 0.002
U 385 | F 788480 | FPS 0030 | D 27343 | rR:mu sigma m M 0.00 0.00 0.00 0.00 | F:mu sigma m M 206.6 154.9 49.0 570.0 | H 1.098 | V 0.001 | pL 0.000 | vL 0.000 | delta 0.001
U 386 | F 790528 | FPS 0032 | D 27408 | rR:mu sigma m M 0.00 0.00 0.00 0.00 | F:mu sigma m M 122.6 103.4 29.0 481.0 | H 1.098 | V 0.000 | pL 0.000 | vL 0.000 | delta 0.000
U 387 | F 792576 | FPS 0029 | D 27479 | rR:mu sigma m M 0.06 0.21 0.00 0.88 | F:mu sigma m M 150.3 145.3 29.0 546.0 | H 1.096 | V 0.010 | pL -0.007 | vL 0.001 | delta 0.014
U 388 | F 794624 | FPS 0030 | D 27549 | rR:mu sigma m M 0.06 0.21 0.00 0.88 | F:mu sigma m M 152.4 149.8 30.0 639.0 | H 1.098 | V 0.001 | pL 0.000 | vL 0.000 | delta 0.001
U 389 | F 796672 | FPS 0032 | D 27613 | rR:mu sigma m M 0.00 0.00 0.00 0.00 | F:mu sigma m M 203.1 177.8 22.0 639.0 | H 1.096 | V 0.007 | pL -0.001 | vL 0.000 | delta 0.006
U 390 | F 798720 | FPS 0028 | D 27687 | rR:mu sigma m M 0.04 0.17 0.00 0.68 | F:mu sigma m M 236.9 177.1 22.0 609.0 | H 1.094 | V 0.017 | pL -0.002 | vL 0.000 | delta 0.011
U 391 | F 800768 | FPS 0030 | D 27755 | rR:mu sigma m M 0.00 0.00 0.00 0.00 | F:mu sigma m M 137.0 83.4 20.0 352.0 | H 1.098 | V -0.000 | pL -0.000 | vL 0.000 | delta 0.002
U 392 | F 802816 | FPS 0027 | D 27832 | rR:mu sigma m M 0.00 0.00 0.00 0.00 | F:mu sigma m M 158.1 208.6 20.0 900.0 | H 1.098 | V -0.001 | pL -0.000 | vL 0.000 | delta 0.001
U 393 | F 804864 | FPS 0032 | D 27897 | rR:mu sigma m M 0.00 0.00 0.00 0.00 | F:mu sigma m M 264.2 233.0 23.0 900.0 | H 1.095 | V 0.006 | pL -0.000 | vL 0.000 | delta 0.003
U 394 | F 806912 | FPS 0028 | D 27971 | rR:mu sigma m M 0.04 0.17 0.00 0.71 | F:mu sigma m M 183.6 162.8 63.0 668.0 | H 1.093 | V 0.008 | pL -0.004 | vL 0.000 | delta 0.010
U 395 | F 808960 | FPS 0025 | D 28051 | rR:mu sigma m M 0.04 0.17 0.00 0.71 | F:mu sigma m M 145.9 75.2 62.0 288.0 | H 1.098 | V 0.001 | pL 0.000 | vL 0.000 | delta 0.001
U 396 | F 811008 | FPS 0031 | D 28118 | rR:mu sigma m M 0.00 0.00 0.00 0.00 | F:mu sigma m M 230.4 212.9 26.0 783.0 | H 1.099 | V 0.001 | pL 0.000 | vL 0.000 | delta 0.000
U 397 | F 813056 | FPS 0031 | D 28184 | rR:mu sigma m M 0.00 0.00 0.00 0.00 | F:mu sigma m M 205.1 200.2 22.0 783.0 | H 1.095 | V 0.004 | pL 0.000 | vL 0.000 | delta 0.003
U 398 | F 815104 | FPS 0028 | D 28257 | rR:mu sigma m M 0.00 0.00 0.00 0.00 | F:mu sigma m M 153.8 175.3 26.0 810.0 | H 1.097 | V 0.004 | pL 0.001 | vL 0.000 | delta 0.003
U 399 | F 817152 | FPS 0027 | D 28334 | rR:mu sigma m M 0.05 0.20 0.00 0.82 | F:mu sigma m M 117.8 63.2 33.0 269.0 | H 1.092 | V 0.010 | pL -0.006 | vL 0.001 | delta 0.008
U 400 | F 819200 | FPS 0031 | D 28400 | rR:mu sigma m M 0.05 0.20 0.00 0.82 | F:mu sigma m M 174.8 164.6 25.0 779.0 | H 1.098 | V 0.001 | pL 0.000 | vL 0.000 | delta 0.001
U 401 | F 821248 | FPS 0025 | D 28481 | rR:mu sigma m M 0.00 0.00 0.00 0.00 | F:mu sigma m M 207.1 166.2 72.0 779.0 | H 1.097 | V 0.002 | pL 0.000 | vL 0.000 | delta 0.002
U 402 | F 823296 | FPS 0030 | D 28549 | rR:mu sigma m M 0.00 0.00 0.00 0.00 | F:mu sigma m M 176.2 137.6 33.0 523.0 | H 1.098 | V 0.002 | pL 0.001 | vL 0.000 | delta 0.000
U 403 | F 825344 | FPS 0033 | D 28611 | rR:mu sigma m M 0.00 0.00 0.00 0.00 | F:mu sigma m M 154.7 120.1 45.0 523.0 | H 1.098 | V 0.002 | pL 0.000 | vL 0.000 | delta 0.001
U 404 | F 827392 | FPS 0028 | D 28683 | rR:mu sigma m M 0.05 0.19 0.00 0.76 | F:mu sigma m M 130.7 74.6 28.0 282.0 | H 1.096 | V 0.010 | pL -0.004 | vL 0.000 | delta 0.010
U 405 | F 829440 | FPS 0034 | D 28743 | rR:mu sigma m M 0.00 0.00 0.00 0.00 | F:mu sigma m M 220.7 211.5 28.0 711.0 | H 1.098 | V -0.001 | pL -0.000 | vL 0.000 | delta 0.001
U 406 | F 831488 | FPS 0031 | D 28810 | rR:mu sigma m M 0.00 0.00 0.00 0.00 | F:mu sigma m M 187.2 175.0 8.0 711.0 | H 1.097 | V 0.002 | pL -0.003 | vL 0.000 | delta 0.004
U 407 | F 833536 | FPS 0029 | D 28879 | rR:mu sigma m M 0.04 0.17 0.00 0.71 | F:mu sigma m M 157.7 145.1 37.0 523.0 | H 1.095 | V 0.011 | pL -0.001 | vL 0.000 | delta 0.005
U 408 | F 835584 | FPS 0031 | D 28945 | rR:mu sigma m M 0.00 0.00 0.00 0.00 | F:mu sigma m M 168.5 151.9 14.0 434.0 | H 1.098 | V 0.000 | pL 0.000 | vL 0.000 | delta 0.001
U 409 | F 837632 | FPS 0030 | D 29014 | rR:mu sigma m M 0.00 0.00 0.00 0.00 | F:mu sigma m M 156.6 121.6 23.0 457.0 | H 1.098 | V 0.001 | pL 0.000 | vL 0.000 | delta 0.001
U 410 | F 839680 | FPS 0032 | D 29078 | rR:mu sigma m M 0.06 0.22 0.00 0.89 | F:mu sigma m M 122.0 90.1 32.0 351.0 | H 1.092 | V 0.012 | pL -0.007 | vL 0.000 | delta 0.013
U 411 | F 841728 | FPS 0029 | D 29148 | rR:mu sigma m M 0.06 0.22 0.00 0.89 | F:mu sigma m M 139.4 107.1 34.0 376.0 | H 1.097 | V 0.005 | pL 0.001 | vL 0.000 | delta 0.002
U 412 | F 843776 | FPS 0028 | D 29222 | rR:mu sigma m M 0.06 0.21 0.00 0.88 | F:mu sigma m M 171.6 139.7 34.0 561.0 | H 1.093 | V 0.019 | pL -0.005 | vL 0.001 | delta 0.012
U 413 | F 845824 | FPS 0027 | D 29297 | rR:mu sigma m M 0.00 0.00 0.00 0.00 | F:mu sigma m M 171.7 150.4 15.0 486.0 | H 1.097 | V -0.001 | pL -0.000 | vL 0.000 | delta 0.001
U 414 | F 847872 | FPS 0032 | D 29361 | rR:mu sigma m M 0.06 0.22 0.00 0.91 | F:mu sigma m M 160.4 147.5 21.0 596.0 | H 1.092 | V 0.012 | pL -0.005 | vL 0.001 | delta 0.017
U 415 | F 849920 | FPS 0032 | D 29424 | rR:mu sigma m M 0.04 0.18 0.00 0.84 | F:mu sigma m M 154.9 156.9 25.0 642.0 | H 1.084 | V 0.028 | pL -0.002 | vL 0.002 | delta 0.025
U 416 | F 851968 | FPS 0031 | D 29491 | rR:mu sigma m M 0.05 0.20 0.00 0.84 | F:mu sigma m M 185.4 162.2 28.0 642.0 | H 1.096 | V 0.006 | pL 0.001 | vL 0.000 | delta 0.004
U 417 | F 854016 | FPS 0028 | D 29565 | rR:mu sigma m M 0.10 0.27 0.00 0.84 | F:mu sigma m M 122.5 61.4 28.0 214.0 | H 1.092 | V 0.023 | pL -0.003 | vL 0.000 | delta 0.008
U 418 | F 856064 | FPS 0027 | D 29641 | rR:mu sigma m M 0.05 0.19 0.00 0.79 | F:mu sigma m M 221.4 156.4 19.0 534.0 | H 1.097 | V 0.005 | pL 0.001 | vL 0.000 | delta 0.003
U 419 | F 858112 | FPS 0029 | D 29711 | rR:mu sigma m M 0.00 0.00 0.00 0.00 | F:mu sigma m M 186.1 149.3 24.0 475.0 | H 1.097 | V 0.003 | pL 0.001 | vL 0.000 | delta 0.001
U 420 | F 860160 | FPS 0029 | D 29781 | rR:mu sigma m M 0.00 0.00 0.00 0.00 | F:mu sigma m M 158.1 119.6 24.0 411.0 | H 1.096 | V 0.010 | pL -0.001 | vL 0.000 | delta 0.003
U 421 | F 862208 | FPS 0030 | D 29849 | rR:mu sigma m M 0.06 0.21 0.00 0.88 | F:mu sigma m M 147.4 80.1 17.0 298.0 | H 1.094 | V 0.009 | pL -0.002 | vL 0.000 | delta 0.006
U 422 | F 864256 | FPS 0035 | D 29908 | rR:mu sigma m M 0.00 0.00 0.00 0.00 | F:mu sigma m M 134.6 89.8 37.0 422.0 | H 1.096 | V 0.004 | pL 0.001 | vL 0.000 | delta 0.002
U 423 | F 866304 | FPS 0028 | D 29980 | rR:mu sigma m M 0.00 0.00 0.00 0.00 | F:mu sigma m M 135.9 93.9 24.0 422.0 | H 1.097 | V 0.004 | pL -0.000 | vL 0.000 | delta 0.007
U 424 | F 868352 | FPS 0030 | D 30050 | rR:mu sigma m M 0.00 0.00 0.00 0.00 | F:mu sigma m M 155.1 124.6 11.0 464.0 | H 1.094 | V 0.010 | pL 0.002 | vL 0.000 | delta 0.004
U 425 | F 870400 | FPS 0030 | D 30119 | rR:mu sigma m M 0.08 0.23 0.00 0.88 | F:mu sigma m M 186.3 133.7 54.0 532.0 | H 1.090 | V 0.021 | pL -0.007 | vL 0.001 | delta 0.012
U 426 | F 872448 | FPS 0032 | D 30182 | rR:mu sigma m M 0.00 0.00 0.00 0.00 | F:mu sigma m M 139.3 116.1 29.0 421.0 | H 1.097 | V 0.006 | pL 0.001 | vL 0.000 | delta 0.002
U 427 | F 874496 | FPS 0032 | D 30246 | rR:mu sigma m M 0.04 0.18 0.00 0.77 | F:mu sigma m M 148.8 89.3 20.0 344.0 | H 1.089 | V 0.021 | pL -0.001 | vL 0.000 | delta 0.010
U 428 | F 876544 | FPS 0030 | D 30314 | rR:mu sigma m M 0.00 0.00 0.00 0.00 | F:mu sigma m M 139.4 90.1 48.0 344.0 | H 1.092 | V 0.016 | pL -0.001 | vL 0.000 | delta 0.008
U 429 | F 878592 | FPS 0034 | D 30374 | rR:mu sigma m M 0.15 0.32 0.00 0.91 | F:mu sigma m M 159.1 118.5 31.0 412.0 | H 1.067 | V 0.055 | pL -0.011 | vL 0.002 | delta 0.029
U 430 | F 880640 | FPS 0032 | D 30439 | rR:mu sigma m M 0.14 0.30 0.00 0.90 | F:mu sigma m M 145.8 106.0 30.0 348.0 | H 1.059 | V 0.068 | pL -0.008 | vL 0.003 | delta 0.035
U 431 | F 882688 | FPS 0039 | D 30492 | rR:mu sigma m M 0.19 0.35 0.00 0.88 | F:mu sigma m M 144.4 84.2 32.0 310.0 | H 1.042 | V 0.089 | pL -0.002 | vL 0.003 | delta 0.030
U 432 | F 884736 | FPS 0035 | D 30550 | rR:mu sigma m M 0.09 0.26 0.00 0.89 | F:mu sigma m M 121.4 91.6 17.0 363.0 | H 1.051 | V 0.057 | pL 0.000 | vL 0.002 | delta 0.028
U 433 | F 886784 | FPS 0035 | D 30608 | rR:mu sigma m M 0.16 0.34 0.00 0.89 | F:mu sigma m M 119.6 77.2 19.0 328.0 | H 1.024 | V 0.107 | pL -0.021 | vL 0.004 | delta 0.039
U 434 | F 888832 | FPS 0038 | D 30662 | rR:mu sigma m M 0.26 0.39 0.00 0.90 | F:mu sigma m M 118.8 72.4 17.0 301.0 | H 1.008 | V 0.117 | pL -0.012 | vL 0.005 | delta 0.048
U 435 | F 890880 | FPS 0043 | D 30710 | rR:mu sigma m M 0.44 0.44 0.00 0.93 | F:mu sigma m M 101.4 39.8 45.0 196.0 | H 0.959 | V 0.174 | pL -0.034 | vL 0.007 | delta 0.064
U 436 | F 892928 | FPS 0048 | D 30753 | rR:mu sigma m M 0.21 0.37 0.00 0.93 | F:mu sigma m M 118.6 109.7 16.0 469.0 | H 0.977 | V 0.170 | pL -0.002 | vL 0.008 | delta 0.050
U 437 | F 894976 | FPS 0052 | D 30792 | rR:mu sigma m M 0.50 0.45 0.00 0.95 | F:mu sigma m M 78.7 45.8 9.0 150.0 | H 0.840 | V 0.311 | pL -0.077 | vL 0.013 | delta 0.082
U 438 | F 897024 | FPS 0050 | D 30833 | rR:mu sigma m M 0.78 0.33 0.00 0.95 | F:mu sigma m M 76.2 38.3 11.0 228.0 | H 0.803 | V 0.386 | pL -0.055 | vL 0.011 | delta 0.090
U 439 | F 899072 | FPS 0051 | D 30873 | rR:mu sigma m M 0.78 0.33 0.00 0.96 | F:mu sigma m M 81.2 48.1 30.0 254.0 | H 0.789 | V 0.464 | pL -0.069 | vL 0.009 | delta 0.085
U 440 | F 901120 | FPS 0062 | D 30906 | rR:mu sigma m M 0.85 0.26 0.00 0.96 | F:mu sigma m M 65.5 30.7 23.0 186.0 | H 0.701 | V 0.584 | pL -0.068 | vL 0.008 | delta 0.071
U 441 | F 903168 | FPS 0062 | D 30939 | rR:mu sigma m M 0.87 0.26 0.00 0.96 | F:mu sigma m M 53.9 15.3 25.0 113.0 | H 0.651 | V 0.630 | pL -0.044 | vL 0.008 | delta 0.105
U 442 | F 905216 | FPS 0066 | D 30970 | rR:mu sigma m M 0.95 0.02 0.86 0.97 | F:mu sigma m M 51.5 17.3 30.0 137.0 | H 0.620 | V 0.705 | pL -0.039 | vL 0.002 | delta 0.047
agent reach optimality, start collecting trajectories
agent successfully collected 10 trajectories
pickling optimal trajectories
Model successfully saved
/home/rdali/.local/easybuild/software/2017/Core/miniconda3/4.3.27/envs/observe/lib/python3.6/site-packages/torch/nn/functional.py:1906: UserWarning: reduction: 'mean' divides the total loss by both the batch size and the support size.'batchmean' divides only by the batch size, and aligns with the KL div math definition.'mean' will be changed to behave the same as 'batchmean' in the next major release.
  warnings.warn("reduction: 'mean' divides the total loss by both the batch size and the support size."
