The following modules were not unloaded:
  (Use "module --force purge" to unload all):

  1) StdEnv/2018.3     4) gcccore/.7.3.0      7) intel/2018.3
  2) nixpkgs/16.09     5) icc/.2018.3.222     8) openmpi/3.1.2
  3) imkl/2018.3.222   6) ifort/.2018.3.222

Due to MODULEPATH changes, the following have been reloaded:
  1) openmpi/3.1.2

Attention: While Conda works well in a desktop environment, it tends to create more problems than it solves on a cluster. Instead, we recommend that users use virtual environments and the binary packages that we provide through Python wheels as documented on the Python page.
/home/rdali/RL/watch_and_learn/dependency/rl-starter-files/scripts/train_agent_multidem.py --env MiniGrid-LavaCrossingAddictO8S15-v0 --algo ppo --nameDemonstrator LavaCrossing1508Addict1,LavaCrossing1508Addict2,LavaCrossing1508Addict3,LavaCrossing1508Addict4,LavaCrossing1508Addict10,LavaCrossing1508Addict11,LavaCrossing1508Addict12,LavaCrossing1508Addict13 --flat-model 0 --KLweight 0.001 --useKL 1 --meanReward 0.80 --rewardLB 0.70 --seed 9607

Namespace(KLweight=0.001, algo='ppo', batch_size=256, clip_eps=0.2, discount=0.99, entropy_coef=0.01, env='MiniGrid-LavaCrossingAddictO8S15-v0', epochs=4, flat_model=0, frames=10000000, frames_per_proc=None, full_obs=0, gae_lambda=0.95, log_interval=1, lr=0.0007, max_grad_norm=0.5, meanReward=0.8, mem=False, model=None, nameDemonstrator='LavaCrossing1508Addict1,LavaCrossing1508Addict2,LavaCrossing1508Addict3,LavaCrossing1508Addict4,LavaCrossing1508Addict10,LavaCrossing1508Addict11,LavaCrossing1508Addict12,LavaCrossing1508Addict13', optim_alpha=0.99, optim_eps=1e-05, procs=16, recurrence=1, rewardLB=0.7, save_interval=0, seed=9607, tb=False, text=False, useKL=1, value_loss_coef=0.5)

Flat model successfully created

ACModel(
  (image_conv): Sequential(
    (0): Conv2d(3, 32, kernel_size=(2, 2), stride=(1, 1))
    (1): ReLU()
    (2): MaxPool2d(kernel_size=(2, 2), stride=(2, 2), padding=0, dilation=1, ceil_mode=False)
    (3): Conv2d(32, 64, kernel_size=(2, 2), stride=(1, 1))
    (4): ReLU()
    (5): Conv2d(64, 64, kernel_size=(2, 2), stride=(1, 1))
    (6): ReLU()
  )
  (actor): Sequential(
    (0): Linear(in_features=1600, out_features=64, bias=True)
    (1): Tanh()
    (2): Linear(in_features=64, out_features=3, bias=True)
  )
  (critic): Sequential(
    (0): Linear(in_features=1600, out_features=64, bias=True)
    (1): Tanh()
    (2): Linear(in_features=64, out_features=1, bias=True)
  )
)

CUDA available: False

1
True
0.001
Using TensorFlow backend.
OMP: Info #212: KMP_AFFINITY: decoding x2APIC ids.
OMP: Info #210: KMP_AFFINITY: Affinity capable, using global cpuid leaf 11 info
OMP: Info #154: KMP_AFFINITY: Initial OS proc set respected: 5-8,10
OMP: Info #156: KMP_AFFINITY: 5 available OS procs
OMP: Info #158: KMP_AFFINITY: Nonuniform topology
OMP: Info #179: KMP_AFFINITY: 2 packages x 3 cores/pkg x 1 threads/core (5 total cores)
OMP: Info #214: KMP_AFFINITY: OS proc to physical thread map:
OMP: Info #171: KMP_AFFINITY: OS proc 8 maps to package 0 core 2 
OMP: Info #171: KMP_AFFINITY: OS proc 6 maps to package 0 core 3 
OMP: Info #171: KMP_AFFINITY: OS proc 10 maps to package 0 core 12 
OMP: Info #171: KMP_AFFINITY: OS proc 5 maps to package 1 core 1 
OMP: Info #171: KMP_AFFINITY: OS proc 7 maps to package 1 core 3 
OMP: Info #250: KMP_AFFINITY: pid 148246 tid 148246 thread 0 bound to OS proc set 8
OMP: Info #250: KMP_AFFINITY: pid 148246 tid 148526 thread 1 bound to OS proc set 5
OMP: Info #250: KMP_AFFINITY: pid 148246 tid 148527 thread 2 bound to OS proc set 6
OMP: Info #250: KMP_AFFINITY: pid 148246 tid 148528 thread 3 bound to OS proc set 7
OMP: Info #250: KMP_AFFINITY: pid 148246 tid 148529 thread 4 bound to OS proc set 10
OMP: Info #250: KMP_AFFINITY: pid 148246 tid 148637 thread 5 bound to OS proc set 8
OMP: Info #250: KMP_AFFINITY: pid 148246 tid 148636 thread 6 bound to OS proc set 5
OMP: Info #250: KMP_AFFINITY: pid 148246 tid 148655 thread 7 bound to OS proc set 6
OMP: Info #250: KMP_AFFINITY: pid 148246 tid 148656 thread 8 bound to OS proc set 7
OMP: Info #250: KMP_AFFINITY: pid 148246 tid 148657 thread 9 bound to OS proc set 10
OMP: Info #250: KMP_AFFINITY: pid 148246 tid 148658 thread 10 bound to OS proc set 8
OMP: Info #250: KMP_AFFINITY: pid 148246 tid 148775 thread 11 bound to OS proc set 5
OMP: Info #250: KMP_AFFINITY: pid 148246 tid 148777 thread 13 bound to OS proc set 7
OMP: Info #250: KMP_AFFINITY: pid 148246 tid 148776 thread 12 bound to OS proc set 6
OMP: Info #250: KMP_AFFINITY: pid 148246 tid 148778 thread 14 bound to OS proc set 10
OMP: Info #250: KMP_AFFINITY: pid 148246 tid 148779 thread 15 bound to OS proc set 8
U 1 | F 002048 | FPS 0028 | D 73 | rR:mu sigma m M 0.00 0.00 0.00 0.00 | F:mu sigma m M 22.4 31.2 0.0 104.0 | H 1.096 | V 0.018 | pL 0.007 | vL 0.001 | delta 0.097
U 2 | F 004096 | FPS 0027 | D 150 | rR:mu sigma m M 0.00 0.00 0.00 0.00 | F:mu sigma m M 105.3 75.4 17.0 233.0 | H 1.098 | V 0.033 | pL 0.010 | vL 0.000 | delta 0.008
U 3 | F 006144 | FPS 0029 | D 221 | rR:mu sigma m M 0.00 0.00 0.00 0.00 | F:mu sigma m M 189.7 103.2 17.0 354.0 | H 1.098 | V 0.027 | pL 0.009 | vL 0.000 | delta 0.006
U 4 | F 008192 | FPS 0028 | D 294 | rR:mu sigma m M 0.00 0.00 0.00 0.00 | F:mu sigma m M 165.9 120.3 20.0 452.0 | H 1.097 | V 0.022 | pL 0.007 | vL 0.000 | delta 0.005
U 5 | F 010240 | FPS 0029 | D 364 | rR:mu sigma m M 0.00 0.00 0.00 0.00 | F:mu sigma m M 123.3 71.4 20.0 274.0 | H 1.098 | V 0.018 | pL 0.005 | vL 0.000 | delta 0.003
U 6 | F 012288 | FPS 0026 | D 442 | rR:mu sigma m M 0.00 0.00 0.00 0.00 | F:mu sigma m M 181.2 170.6 31.0 729.0 | H 1.098 | V 0.015 | pL 0.004 | vL 0.000 | delta 0.002
U 7 | F 014336 | FPS 0028 | D 515 | rR:mu sigma m M 0.00 0.00 0.00 0.00 | F:mu sigma m M 210.4 172.2 31.0 729.0 | H 1.098 | V 0.010 | pL 0.003 | vL 0.000 | delta 0.002
U 8 | F 016384 | FPS 0030 | D 582 | rR:mu sigma m M 0.00 0.00 0.00 0.00 | F:mu sigma m M 147.8 134.9 30.0 524.0 | H 1.098 | V 0.008 | pL 0.003 | vL 0.000 | delta 0.002
U 9 | F 018432 | FPS 0025 | D 663 | rR:mu sigma m M 0.00 0.00 0.00 0.00 | F:mu sigma m M 179.1 160.9 50.0 580.0 | H 1.098 | V 0.006 | pL 0.002 | vL 0.000 | delta 0.001
U 10 | F 020480 | FPS 0028 | D 735 | rR:mu sigma m M 0.00 0.00 0.00 0.00 | F:mu sigma m M 200.2 159.6 36.0 580.0 | H 1.098 | V 0.005 | pL 0.001 | vL 0.000 | delta 0.001
U 11 | F 022528 | FPS 0028 | D 808 | rR:mu sigma m M 0.00 0.00 0.00 0.00 | F:mu sigma m M 126.5 95.3 33.0 313.0 | H 1.099 | V 0.004 | pL 0.001 | vL 0.000 | delta 0.001
U 12 | F 024576 | FPS 0026 | D 886 | rR:mu sigma m M 0.00 0.00 0.00 0.00 | F:mu sigma m M 191.8 134.8 25.0 523.0 | H 1.099 | V 0.003 | pL 0.001 | vL 0.000 | delta 0.001
U 13 | F 026624 | FPS 0031 | D 952 | rR:mu sigma m M 0.00 0.00 0.00 0.00 | F:mu sigma m M 160.6 102.6 25.0 395.0 | H 1.099 | V 0.002 | pL 0.001 | vL 0.000 | delta 0.000
U 14 | F 028672 | FPS 0026 | D 1031 | rR:mu sigma m M 0.00 0.00 0.00 0.00 | F:mu sigma m M 140.8 81.3 33.0 333.0 | H 1.098 | V 0.002 | pL 0.000 | vL 0.000 | delta 0.001
U 15 | F 030720 | FPS 0027 | D 1107 | rR:mu sigma m M 0.00 0.00 0.00 0.00 | F:mu sigma m M 177.2 160.2 18.0 562.0 | H 1.099 | V 0.001 | pL 0.000 | vL 0.000 | delta 0.000
U 16 | F 032768 | FPS 0028 | D 1180 | rR:mu sigma m M 0.00 0.00 0.00 0.00 | F:mu sigma m M 138.2 122.3 24.0 552.0 | H 1.099 | V 0.001 | pL 0.000 | vL 0.000 | delta 0.000
U 17 | F 034816 | FPS 0023 | D 1268 | rR:mu sigma m M 0.00 0.00 0.00 0.00 | F:mu sigma m M 109.0 83.7 13.0 310.0 | H 1.099 | V 0.001 | pL 0.000 | vL 0.000 | delta 0.001
U 18 | F 036864 | FPS 0027 | D 1344 | rR:mu sigma m M 0.00 0.00 0.00 0.00 | F:mu sigma m M 174.3 204.2 10.0 900.0 | H 1.099 | V 0.001 | pL 0.000 | vL 0.000 | delta 0.001
U 19 | F 038912 | FPS 0028 | D 1418 | rR:mu sigma m M 0.00 0.00 0.00 0.00 | F:mu sigma m M 190.6 124.5 37.0 536.0 | H 1.099 | V 0.001 | pL 0.000 | vL 0.000 | delta 0.000
U 20 | F 040960 | FPS 0031 | D 1484 | rR:mu sigma m M 0.00 0.00 0.00 0.00 | F:mu sigma m M 125.0 67.8 49.0 281.0 | H 1.099 | V 0.001 | pL 0.000 | vL 0.000 | delta 0.000
U 21 | F 043008 | FPS 0031 | D 1550 | rR:mu sigma m M 0.00 0.00 0.00 0.00 | F:mu sigma m M 216.8 182.3 16.0 583.0 | H 1.099 | V 0.000 | pL 0.000 | vL 0.000 | delta 0.000
U 22 | F 045056 | FPS 0029 | D 1621 | rR:mu sigma m M 0.00 0.00 0.00 0.00 | F:mu sigma m M 166.1 129.5 16.0 472.0 | H 1.099 | V 0.000 | pL 0.000 | vL 0.000 | delta 0.000
U 23 | F 047104 | FPS 0031 | D 1687 | rR:mu sigma m M 0.00 0.00 0.00 0.00 | F:mu sigma m M 151.2 93.0 52.0 343.0 | H 1.099 | V 0.000 | pL 0.000 | vL 0.000 | delta 0.001
U 24 | F 049152 | FPS 0030 | D 1754 | rR:mu sigma m M 0.00 0.00 0.00 0.00 | F:mu sigma m M 128.6 101.9 24.0 311.0 | H 1.099 | V -0.000 | pL -0.000 | vL 0.000 | delta 0.000
U 25 | F 051200 | FPS 0032 | D 1819 | rR:mu sigma m M 0.00 0.00 0.00 0.00 | F:mu sigma m M 160.7 102.2 24.0 311.0 | H 1.099 | V 0.000 | pL 0.000 | vL 0.000 | delta 0.000
U 26 | F 053248 | FPS 0028 | D 1892 | rR:mu sigma m M 0.00 0.00 0.00 0.00 | F:mu sigma m M 151.9 91.1 28.0 328.0 | H 1.099 | V 0.000 | pL -0.000 | vL 0.000 | delta 0.000
U 27 | F 055296 | FPS 0030 | D 1959 | rR:mu sigma m M 0.00 0.00 0.00 0.00 | F:mu sigma m M 172.6 164.1 24.0 598.0 | H 1.099 | V 0.000 | pL 0.000 | vL 0.000 | delta 0.001
U 28 | F 057344 | FPS 0029 | D 2030 | rR:mu sigma m M 0.03 0.10 0.00 0.40 | F:mu sigma m M 213.4 174.5 53.0 597.0 | H 1.097 | V 0.001 | pL -0.001 | vL 0.000 | delta 0.008
U 29 | F 059392 | FPS 0028 | D 2104 | rR:mu sigma m M 0.00 0.00 0.00 0.00 | F:mu sigma m M 163.8 124.8 23.0 538.0 | H 1.099 | V 0.005 | pL 0.001 | vL 0.000 | delta 0.002
U 30 | F 061440 | FPS 0028 | D 2178 | rR:mu sigma m M 0.00 0.00 0.00 0.00 | F:mu sigma m M 164.8 92.3 23.0 359.0 | H 1.099 | V 0.004 | pL 0.001 | vL 0.000 | delta 0.001
U 31 | F 063488 | FPS 0033 | D 2240 | rR:mu sigma m M 0.00 0.00 0.00 0.00 | F:mu sigma m M 160.3 86.3 37.0 385.0 | H 1.099 | V 0.003 | pL 0.001 | vL 0.000 | delta 0.001
U 32 | F 065536 | FPS 0027 | D 2315 | rR:mu sigma m M 0.00 0.00 0.00 0.00 | F:mu sigma m M 202.1 156.9 24.0 573.0 | H 1.099 | V 0.002 | pL 0.001 | vL 0.000 | delta 0.001
U 33 | F 067584 | FPS 0030 | D 2384 | rR:mu sigma m M 0.00 0.00 0.00 0.00 | F:mu sigma m M 157.2 116.8 22.0 573.0 | H 1.099 | V 0.002 | pL 0.000 | vL 0.000 | delta 0.000
U 34 | F 069632 | FPS 0029 | D 2454 | rR:mu sigma m M 0.00 0.00 0.00 0.00 | F:mu sigma m M 202.4 134.4 31.0 455.0 | H 1.099 | V 0.001 | pL 0.000 | vL 0.000 | delta 0.000
U 35 | F 071680 | FPS 0027 | D 2532 | rR:mu sigma m M 0.00 0.00 0.00 0.00 | F:mu sigma m M 122.7 93.0 9.0 314.0 | H 1.099 | V 0.001 | pL 0.000 | vL 0.000 | delta 0.000
U 36 | F 073728 | FPS 0029 | D 2602 | rR:mu sigma m M 0.00 0.00 0.00 0.00 | F:mu sigma m M 194.1 117.5 13.0 399.0 | H 1.099 | V 0.001 | pL 0.000 | vL 0.000 | delta 0.001
U 37 | F 075776 | FPS 0033 | D 2664 | rR:mu sigma m M 0.00 0.00 0.00 0.00 | F:mu sigma m M 177.0 107.6 13.0 399.0 | H 1.099 | V 0.001 | pL 0.000 | vL 0.000 | delta 0.000
U 38 | F 077824 | FPS 0029 | D 2734 | rR:mu sigma m M 0.00 0.00 0.00 0.00 | F:mu sigma m M 140.1 67.3 28.0 275.0 | H 1.099 | V 0.000 | pL 0.000 | vL 0.000 | delta 0.000
U 39 | F 079872 | FPS 0029 | D 2805 | rR:mu sigma m M 0.00 0.00 0.00 0.00 | F:mu sigma m M 194.5 127.4 37.0 426.0 | H 1.099 | V 0.000 | pL 0.000 | vL 0.000 | delta 0.000
U 40 | F 081920 | FPS 0026 | D 2885 | rR:mu sigma m M 0.00 0.00 0.00 0.00 | F:mu sigma m M 154.9 91.4 37.0 320.0 | H 1.099 | V 0.000 | pL 0.000 | vL 0.000 | delta 0.000
U 41 | F 083968 | FPS 0028 | D 2959 | rR:mu sigma m M 0.00 0.00 0.00 0.00 | F:mu sigma m M 147.7 108.3 26.0 435.0 | H 1.099 | V 0.000 | pL 0.000 | vL 0.000 | delta 0.000
U 42 | F 086016 | FPS 0030 | D 3026 | rR:mu sigma m M 0.00 0.00 0.00 0.00 | F:mu sigma m M 136.4 92.7 38.0 407.0 | H 1.099 | V -0.000 | pL -0.000 | vL 0.000 | delta 0.000
U 43 | F 088064 | FPS 0033 | D 3089 | rR:mu sigma m M 0.00 0.00 0.00 0.00 | F:mu sigma m M 119.4 74.5 30.0 266.0 | H 1.099 | V -0.000 | pL 0.000 | vL 0.000 | delta 0.000
U 44 | F 090112 | FPS 0029 | D 3158 | rR:mu sigma m M 0.00 0.00 0.00 0.00 | F:mu sigma m M 150.6 94.7 27.0 332.0 | H 1.099 | V 0.000 | pL 0.000 | vL 0.000 | delta 0.000
U 45 | F 092160 | FPS 0028 | D 3230 | rR:mu sigma m M 0.00 0.00 0.00 0.00 | F:mu sigma m M 186.2 133.6 48.0 527.0 | H 1.099 | V -0.000 | pL 0.000 | vL 0.000 | delta 0.000
U 46 | F 094208 | FPS 0031 | D 3296 | rR:mu sigma m M 0.00 0.00 0.00 0.00 | F:mu sigma m M 209.1 151.0 34.0 527.0 | H 1.099 | V 0.000 | pL 0.000 | vL 0.000 | delta 0.000
U 47 | F 096256 | FPS 0030 | D 3365 | rR:mu sigma m M 0.00 0.00 0.00 0.00 | F:mu sigma m M 184.5 114.7 22.0 390.0 | H 1.099 | V 0.000 | pL -0.000 | vL 0.000 | delta 0.000
U 48 | F 098304 | FPS 0027 | D 3439 | rR:mu sigma m M 0.00 0.00 0.00 0.00 | F:mu sigma m M 164.7 209.1 19.0 862.0 | H 1.099 | V -0.000 | pL 0.000 | vL 0.000 | delta 0.000
U 49 | F 100352 | FPS 0032 | D 3503 | rR:mu sigma m M 0.00 0.00 0.00 0.00 | F:mu sigma m M 120.6 107.6 13.0 357.0 | H 1.099 | V -0.000 | pL -0.000 | vL 0.000 | delta 0.000
U 50 | F 102400 | FPS 0027 | D 3579 | rR:mu sigma m M 0.00 0.00 0.00 0.00 | F:mu sigma m M 110.9 105.1 13.0 422.0 | H 1.099 | V -0.000 | pL 0.000 | vL 0.000 | delta 0.000
U 51 | F 104448 | FPS 0032 | D 3643 | rR:mu sigma m M 0.00 0.00 0.00 0.00 | F:mu sigma m M 163.4 118.8 37.0 422.0 | H 1.099 | V -0.000 | pL -0.000 | vL 0.000 | delta 0.000
U 52 | F 106496 | FPS 0024 | D 3727 | rR:mu sigma m M 0.00 0.00 0.00 0.00 | F:mu sigma m M 240.5 161.4 37.0 533.0 | H 1.099 | V -0.000 | pL 0.000 | vL 0.000 | delta 0.000
U 53 | F 108544 | FPS 0028 | D 3800 | rR:mu sigma m M 0.00 0.00 0.00 0.00 | F:mu sigma m M 265.2 188.9 14.0 641.0 | H 1.099 | V 0.000 | pL 0.000 | vL 0.000 | delta 0.001
U 54 | F 110592 | FPS 0028 | D 3873 | rR:mu sigma m M 0.00 0.00 0.00 0.00 | F:mu sigma m M 238.3 208.0 14.0 882.0 | H 1.099 | V 0.000 | pL 0.000 | vL 0.000 | delta 0.000
U 55 | F 112640 | FPS 0028 | D 3945 | rR:mu sigma m M 0.00 0.00 0.00 0.00 | F:mu sigma m M 170.5 137.2 39.0 537.0 | H 1.099 | V 0.000 | pL 0.000 | vL 0.000 | delta 0.000
U 56 | F 114688 | FPS 0026 | D 4023 | rR:mu sigma m M 0.00 0.00 0.00 0.00 | F:mu sigma m M 173.1 154.3 39.0 537.0 | H 1.099 | V 0.001 | pL -0.000 | vL 0.000 | delta 0.002
U 57 | F 116736 | FPS 0026 | D 4101 | rR:mu sigma m M 0.04 0.14 0.00 0.57 | F:mu sigma m M 234.3 171.9 37.0 588.0 | H 1.097 | V 0.005 | pL -0.004 | vL 0.001 | delta 0.018
U 58 | F 118784 | FPS 0036 | D 4157 | rR:mu sigma m M 0.00 0.00 0.00 0.00 | F:mu sigma m M 145.2 120.5 15.0 463.0 | H 1.099 | V -0.001 | pL -0.000 | vL 0.000 | delta 0.003
U 59 | F 120832 | FPS 0030 | D 4225 | rR:mu sigma m M 0.04 0.15 0.00 0.60 | F:mu sigma m M 206.6 161.5 27.0 571.0 | H 1.097 | V 0.003 | pL -0.005 | vL 0.001 | delta 0.028
U 60 | F 122880 | FPS 0026 | D 4305 | rR:mu sigma m M 0.04 0.15 0.00 0.60 | F:mu sigma m M 155.1 106.6 33.0 397.0 | H 1.098 | V 0.006 | pL 0.001 | vL 0.000 | delta 0.006
U 61 | F 124928 | FPS 0029 | D 4376 | rR:mu sigma m M 0.00 0.00 0.00 0.00 | F:mu sigma m M 189.8 160.7 34.0 659.0 | H 1.098 | V 0.005 | pL 0.001 | vL 0.000 | delta 0.001
U 62 | F 126976 | FPS 0032 | D 4440 | rR:mu sigma m M 0.00 0.00 0.00 0.00 | F:mu sigma m M 215.2 151.0 26.0 659.0 | H 1.099 | V 0.004 | pL 0.001 | vL 0.000 | delta 0.001
U 63 | F 129024 | FPS 0030 | D 4509 | rR:mu sigma m M 0.00 0.00 0.00 0.00 | F:mu sigma m M 201.1 106.5 26.0 407.0 | H 1.099 | V 0.003 | pL 0.001 | vL 0.000 | delta 0.001
U 64 | F 131072 | FPS 0029 | D 4580 | rR:mu sigma m M 0.00 0.00 0.00 0.00 | F:mu sigma m M 246.5 182.9 61.0 759.0 | H 1.099 | V 0.002 | pL 0.001 | vL 0.000 | delta 0.000
U 65 | F 133120 | FPS 0028 | D 4654 | rR:mu sigma m M 0.00 0.00 0.00 0.00 | F:mu sigma m M 166.4 200.0 11.0 873.0 | H 1.099 | V 0.001 | pL 0.000 | vL 0.000 | delta 0.000
U 66 | F 135168 | FPS 0031 | D 4721 | rR:mu sigma m M 0.00 0.00 0.00 0.00 | F:mu sigma m M 142.1 110.5 11.0 422.0 | H 1.099 | V 0.001 | pL 0.000 | vL 0.000 | delta 0.000
U 67 | F 137216 | FPS 0028 | D 4795 | rR:mu sigma m M 0.00 0.00 0.00 0.00 | F:mu sigma m M 120.2 76.5 25.0 269.0 | H 1.099 | V 0.001 | pL 0.000 | vL 0.000 | delta 0.000
U 68 | F 139264 | FPS 0029 | D 4864 | rR:mu sigma m M 0.00 0.00 0.00 0.00 | F:mu sigma m M 139.5 79.7 45.0 366.0 | H 1.099 | V 0.001 | pL 0.000 | vL 0.000 | delta 0.000
U 69 | F 141312 | FPS 0026 | D 4942 | rR:mu sigma m M 0.00 0.00 0.00 0.00 | F:mu sigma m M 161.9 140.3 16.0 528.0 | H 1.099 | V 0.001 | pL 0.000 | vL 0.000 | delta 0.000
U 70 | F 143360 | FPS 0031 | D 5009 | rR:mu sigma m M 0.00 0.00 0.00 0.00 | F:mu sigma m M 229.8 163.6 16.0 550.0 | H 1.099 | V 0.001 | pL 0.000 | vL 0.000 | delta 0.000
U 71 | F 145408 | FPS 0030 | D 5078 | rR:mu sigma m M 0.00 0.00 0.00 0.00 | F:mu sigma m M 195.1 129.7 21.0 478.0 | H 1.099 | V 0.000 | pL 0.000 | vL 0.000 | delta 0.000
U 72 | F 147456 | FPS 0031 | D 5143 | rR:mu sigma m M 0.00 0.00 0.00 0.00 | F:mu sigma m M 178.7 127.0 18.0 478.0 | H 1.099 | V 0.000 | pL 0.000 | vL 0.000 | delta 0.000
U 73 | F 149504 | FPS 0032 | D 5208 | rR:mu sigma m M 0.00 0.00 0.00 0.00 | F:mu sigma m M 151.9 97.1 32.0 397.0 | H 1.098 | V 0.001 | pL 0.000 | vL 0.000 | delta 0.001
U 74 | F 151552 | FPS 0030 | D 5277 | rR:mu sigma m M 0.00 0.00 0.00 0.00 | F:mu sigma m M 150.8 161.7 35.0 706.0 | H 1.099 | V -0.000 | pL -0.000 | vL 0.000 | delta 0.000
U 75 | F 153600 | FPS 0030 | D 5346 | rR:mu sigma m M 0.00 0.00 0.00 0.00 | F:mu sigma m M 135.9 107.4 40.0 446.0 | H 1.099 | V 0.000 | pL -0.000 | vL 0.000 | delta 0.000
U 76 | F 155648 | FPS 0032 | D 5411 | rR:mu sigma m M 0.00 0.00 0.00 0.00 | F:mu sigma m M 155.0 81.1 30.0 283.0 | H 1.099 | V 0.001 | pL 0.000 | vL 0.000 | delta 0.001
U 77 | F 157696 | FPS 0028 | D 5484 | rR:mu sigma m M 0.00 0.00 0.00 0.00 | F:mu sigma m M 157.1 88.0 35.0 292.0 | H 1.099 | V 0.000 | pL 0.000 | vL 0.000 | delta 0.000
U 78 | F 159744 | FPS 0030 | D 5552 | rR:mu sigma m M 0.00 0.00 0.00 0.00 | F:mu sigma m M 142.0 96.9 23.0 341.0 | H 1.099 | V 0.000 | pL 0.000 | vL 0.000 | delta 0.000
U 79 | F 161792 | FPS 0033 | D 5613 | rR:mu sigma m M 0.00 0.00 0.00 0.00 | F:mu sigma m M 142.6 121.7 18.0 521.0 | H 1.099 | V 0.000 | pL 0.000 | vL 0.000 | delta 0.000
U 80 | F 163840 | FPS 0026 | D 5691 | rR:mu sigma m M 0.00 0.00 0.00 0.00 | F:mu sigma m M 113.0 104.2 22.0 444.0 | H 1.099 | V 0.000 | pL 0.000 | vL 0.000 | delta 0.000
U 81 | F 165888 | FPS 0027 | D 5767 | rR:mu sigma m M 0.00 0.00 0.00 0.00 | F:mu sigma m M 160.5 98.9 31.0 365.0 | H 1.099 | V 0.000 | pL 0.000 | vL 0.000 | delta 0.000
U 82 | F 167936 | FPS 0025 | D 5848 | rR:mu sigma m M 0.05 0.18 0.00 0.75 | F:mu sigma m M 181.3 82.6 53.0 332.0 | H 1.094 | V 0.001 | pL -0.002 | vL 0.001 | delta 0.006
U 83 | F 169984 | FPS 0030 | D 5916 | rR:mu sigma m M 0.00 0.00 0.00 0.00 | F:mu sigma m M 160.7 125.6 27.0 443.0 | H 1.099 | V 0.003 | pL 0.001 | vL 0.000 | delta 0.002
U 84 | F 172032 | FPS 0032 | D 5979 | rR:mu sigma m M 0.00 0.00 0.00 0.00 | F:mu sigma m M 173.9 140.4 10.0 449.0 | H 1.099 | V 0.002 | pL 0.001 | vL 0.000 | delta 0.000
U 85 | F 174080 | FPS 0027 | D 6056 | rR:mu sigma m M 0.00 0.00 0.00 0.00 | F:mu sigma m M 199.4 161.3 10.0 565.0 | H 1.099 | V 0.001 | pL 0.000 | vL 0.000 | delta 0.000
U 86 | F 176128 | FPS 0027 | D 6133 | rR:mu sigma m M 0.00 0.00 0.00 0.00 | F:mu sigma m M 222.4 157.1 33.0 565.0 | H 1.099 | V 0.001 | pL 0.000 | vL 0.000 | delta 0.000
U 87 | F 178176 | FPS 0029 | D 6205 | rR:mu sigma m M 0.00 0.00 0.00 0.00 | F:mu sigma m M 257.2 137.2 33.0 510.0 | H 1.099 | V 0.001 | pL 0.000 | vL 0.000 | delta 0.000
U 88 | F 180224 | FPS 0029 | D 6274 | rR:mu sigma m M 0.00 0.00 0.00 0.00 | F:mu sigma m M 240.8 138.6 13.0 510.0 | H 1.099 | V 0.001 | pL 0.000 | vL 0.000 | delta 0.000
U 89 | F 182272 | FPS 0028 | D 6348 | rR:mu sigma m M 0.00 0.00 0.00 0.00 | F:mu sigma m M 203.2 147.9 13.0 502.0 | H 1.099 | V 0.001 | pL 0.000 | vL 0.000 | delta 0.000
U 90 | F 184320 | FPS 0027 | D 6423 | rR:mu sigma m M 0.00 0.00 0.00 0.00 | F:mu sigma m M 231.9 200.0 27.0 637.0 | H 1.099 | V 0.001 | pL 0.000 | vL 0.000 | delta 0.000
U 91 | F 186368 | FPS 0026 | D 6502 | rR:mu sigma m M 0.00 0.00 0.00 0.00 | F:mu sigma m M 267.4 216.9 33.0 740.0 | H 1.099 | V 0.000 | pL 0.000 | vL 0.000 | delta 0.000
U 92 | F 188416 | FPS 0028 | D 6576 | rR:mu sigma m M 0.00 0.00 0.00 0.00 | F:mu sigma m M 253.2 202.0 28.0 740.0 | H 1.099 | V 0.000 | pL 0.000 | vL 0.000 | delta 0.000
U 93 | F 190464 | FPS 0032 | D 6639 | rR:mu sigma m M 0.05 0.21 0.00 0.90 | F:mu sigma m M 129.2 111.9 13.0 383.0 | H 1.092 | V 0.006 | pL -0.007 | vL 0.001 | delta 0.022
U 94 | F 192512 | FPS 0028 | D 6713 | rR:mu sigma m M 0.00 0.00 0.00 0.00 | F:mu sigma m M 133.3 82.0 23.0 289.0 | H 1.098 | V 0.003 | pL 0.000 | vL 0.000 | delta 0.002
U 95 | F 194560 | FPS 0029 | D 6784 | rR:mu sigma m M 0.00 0.00 0.00 0.00 | F:mu sigma m M 182.3 196.4 39.0 900.0 | H 1.098 | V 0.002 | pL 0.001 | vL 0.000 | delta 0.002
U 96 | F 196608 | FPS 0027 | D 6859 | rR:mu sigma m M 0.00 0.00 0.00 0.00 | F:mu sigma m M 150.5 114.2 38.0 489.0 | H 1.099 | V 0.001 | pL 0.000 | vL 0.000 | delta 0.000
U 97 | F 198656 | FPS 0030 | D 6927 | rR:mu sigma m M 0.00 0.00 0.00 0.00 | F:mu sigma m M 200.0 158.2 34.0 594.0 | H 1.099 | V 0.001 | pL 0.000 | vL 0.000 | delta 0.000
U 98 | F 200704 | FPS 0026 | D 7005 | rR:mu sigma m M 0.00 0.00 0.00 0.00 | F:mu sigma m M 163.8 140.5 34.0 594.0 | H 1.099 | V 0.001 | pL 0.000 | vL 0.000 | delta 0.000
U 99 | F 202752 | FPS 0029 | D 7075 | rR:mu sigma m M 0.00 0.00 0.00 0.00 | F:mu sigma m M 206.8 157.5 34.0 713.0 | H 1.098 | V 0.003 | pL -0.001 | vL 0.000 | delta 0.003
U 100 | F 204800 | FPS 0031 | D 7141 | rR:mu sigma m M 0.00 0.00 0.00 0.00 | F:mu sigma m M 225.8 187.3 29.0 713.0 | H 1.097 | V 0.005 | pL 0.003 | vL 0.000 | delta 0.004
U 101 | F 206848 | FPS 0027 | D 7218 | rR:mu sigma m M 0.00 0.00 0.00 0.00 | F:mu sigma m M 273.0 185.6 29.0 713.0 | H 1.098 | V -0.001 | pL -0.000 | vL 0.000 | delta 0.001
U 102 | F 208896 | FPS 0027 | D 7293 | rR:mu sigma m M 0.00 0.00 0.00 0.00 | F:mu sigma m M 244.4 189.2 30.0 671.0 | H 1.099 | V -0.001 | pL -0.000 | vL 0.000 | delta 0.000
U 103 | F 210944 | FPS 0026 | D 7371 | rR:mu sigma m M 0.00 0.00 0.00 0.00 | F:mu sigma m M 191.5 199.1 35.0 671.0 | H 1.099 | V -0.000 | pL -0.000 | vL 0.000 | delta 0.000
U 104 | F 212992 | FPS 0030 | D 7439 | rR:mu sigma m M 0.00 0.00 0.00 0.00 | F:mu sigma m M 200.2 178.5 38.0 568.0 | H 1.099 | V 0.000 | pL 0.000 | vL 0.000 | delta 0.000
U 105 | F 215040 | FPS 0027 | D 7515 | rR:mu sigma m M 0.00 0.00 0.00 0.00 | F:mu sigma m M 256.1 135.4 71.0 521.0 | H 1.099 | V 0.000 | pL 0.000 | vL 0.000 | delta 0.000
U 106 | F 217088 | FPS 0027 | D 7591 | rR:mu sigma m M 0.00 0.00 0.00 0.00 | F:mu sigma m M 187.9 140.6 31.0 544.0 | H 1.098 | V 0.001 | pL -0.000 | vL 0.000 | delta 0.001
U 107 | F 219136 | FPS 0030 | D 7659 | rR:mu sigma m M 0.00 0.00 0.00 0.00 | F:mu sigma m M 121.6 87.2 29.0 340.0 | H 1.097 | V 0.005 | pL -0.001 | vL 0.000 | delta 0.002
U 108 | F 221184 | FPS 0031 | D 7725 | rR:mu sigma m M 0.00 0.00 0.00 0.00 | F:mu sigma m M 161.2 110.5 31.0 352.0 | H 1.098 | V 0.001 | pL 0.001 | vL 0.000 | delta 0.001
U 109 | F 223232 | FPS 0031 | D 7792 | rR:mu sigma m M 0.00 0.00 0.00 0.00 | F:mu sigma m M 160.9 111.4 31.0 352.0 | H 1.099 | V 0.002 | pL 0.000 | vL 0.000 | delta 0.001
U 110 | F 225280 | FPS 0031 | D 7858 | rR:mu sigma m M 0.00 0.00 0.00 0.00 | F:mu sigma m M 251.4 264.4 24.0 900.0 | H 1.099 | V 0.001 | pL 0.000 | vL 0.000 | delta 0.000
U 111 | F 227328 | FPS 0029 | D 7930 | rR:mu sigma m M 0.00 0.00 0.00 0.00 | F:mu sigma m M 310.2 279.7 24.0 900.0 | H 1.099 | V 0.001 | pL -0.000 | vL 0.000 | delta 0.000
U 112 | F 229376 | FPS 0030 | D 7999 | rR:mu sigma m M 0.03 0.13 0.00 0.52 | F:mu sigma m M 195.9 155.4 33.0 496.0 | H 1.097 | V 0.002 | pL -0.002 | vL 0.000 | delta 0.007
U 113 | F 231424 | FPS 0026 | D 8077 | rR:mu sigma m M 0.00 0.00 0.00 0.00 | F:mu sigma m M 148.9 153.1 11.0 620.0 | H 1.098 | V 0.004 | pL 0.001 | vL 0.000 | delta 0.002
U 114 | F 233472 | FPS 0030 | D 8145 | rR:mu sigma m M 0.00 0.00 0.00 0.00 | F:mu sigma m M 184.2 150.5 11.0 614.0 | H 1.099 | V 0.003 | pL 0.001 | vL 0.000 | delta 0.000
U 115 | F 235520 | FPS 0027 | D 8220 | rR:mu sigma m M 0.00 0.00 0.00 0.00 | F:mu sigma m M 155.9 114.8 15.0 382.0 | H 1.099 | V 0.002 | pL 0.001 | vL 0.000 | delta 0.000
U 116 | F 237568 | FPS 0031 | D 8286 | rR:mu sigma m M 0.00 0.00 0.00 0.00 | F:mu sigma m M 212.0 168.8 15.0 697.0 | H 1.099 | V 0.001 | pL 0.000 | vL 0.000 | delta 0.000
U 117 | F 239616 | FPS 0032 | D 8350 | rR:mu sigma m M 0.00 0.00 0.00 0.00 | F:mu sigma m M 149.7 100.8 26.0 371.0 | H 1.099 | V 0.001 | pL 0.000 | vL 0.000 | delta 0.000
U 118 | F 241664 | FPS 0030 | D 8417 | rR:mu sigma m M 0.00 0.00 0.00 0.00 | F:mu sigma m M 145.8 164.8 13.0 650.0 | H 1.099 | V 0.002 | pL 0.000 | vL 0.000 | delta 0.001
U 119 | F 243712 | FPS 0034 | D 8478 | rR:mu sigma m M 0.00 0.00 0.00 0.00 | F:mu sigma m M 163.3 140.5 13.0 502.0 | H 1.099 | V 0.002 | pL -0.000 | vL 0.000 | delta 0.000
U 120 | F 245760 | FPS 0032 | D 8542 | rR:mu sigma m M 0.08 0.22 0.00 0.76 | F:mu sigma m M 196.9 136.0 50.0 502.0 | H 1.097 | V 0.009 | pL -0.009 | vL 0.001 | delta 0.015
U 121 | F 247808 | FPS 0031 | D 8607 | rR:mu sigma m M 0.05 0.18 0.00 0.76 | F:mu sigma m M 231.9 190.8 45.0 693.0 | H 1.098 | V -0.002 | pL -0.001 | vL 0.000 | delta 0.003
U 122 | F 249856 | FPS 0030 | D 8676 | rR:mu sigma m M 0.00 0.00 0.00 0.00 | F:mu sigma m M 151.4 156.5 10.0 588.0 | H 1.099 | V -0.002 | pL -0.001 | vL 0.000 | delta 0.001
U 123 | F 251904 | FPS 0029 | D 8747 | rR:mu sigma m M 0.00 0.00 0.00 0.00 | F:mu sigma m M 99.3 84.5 15.0 331.0 | H 1.098 | V 0.001 | pL 0.000 | vL 0.000 | delta 0.002
U 124 | F 253952 | FPS 0029 | D 8817 | rR:mu sigma m M 0.00 0.00 0.00 0.00 | F:mu sigma m M 178.9 180.8 19.0 785.0 | H 1.098 | V -0.001 | pL -0.000 | vL 0.000 | delta 0.000
U 125 | F 256000 | FPS 0029 | D 8887 | rR:mu sigma m M 0.00 0.00 0.00 0.00 | F:mu sigma m M 132.6 79.1 19.0 283.0 | H 1.099 | V -0.001 | pL -0.000 | vL 0.000 | delta 0.000
U 126 | F 258048 | FPS 0028 | D 8961 | rR:mu sigma m M 0.00 0.00 0.00 0.00 | F:mu sigma m M 193.8 107.6 22.0 434.0 | H 1.099 | V -0.001 | pL -0.000 | vL 0.000 | delta 0.000
U 127 | F 260096 | FPS 0029 | D 9031 | rR:mu sigma m M 0.00 0.00 0.00 0.00 | F:mu sigma m M 133.5 110.8 18.0 434.0 | H 1.099 | V -0.001 | pL -0.000 | vL 0.000 | delta 0.000
U 128 | F 262144 | FPS 0031 | D 9096 | rR:mu sigma m M 0.00 0.00 0.00 0.00 | F:mu sigma m M 127.5 103.3 28.0 466.0 | H 1.099 | V -0.001 | pL -0.000 | vL 0.000 | delta 0.000
U 129 | F 264192 | FPS 0026 | D 9176 | rR:mu sigma m M 0.00 0.00 0.00 0.00 | F:mu sigma m M 279.5 220.3 21.0 665.0 | H 1.099 | V -0.001 | pL -0.000 | vL 0.000 | delta 0.000
U 130 | F 266240 | FPS 0029 | D 9247 | rR:mu sigma m M 0.00 0.00 0.00 0.00 | F:mu sigma m M 150.3 105.2 21.0 471.0 | H 1.099 | V 0.001 | pL 0.000 | vL 0.000 | delta 0.001
U 131 | F 268288 | FPS 0033 | D 9310 | rR:mu sigma m M 0.00 0.00 0.00 0.00 | F:mu sigma m M 171.4 203.3 24.0 900.0 | H 1.099 | V -0.000 | pL -0.000 | vL 0.000 | delta 0.000
U 132 | F 270336 | FPS 0029 | D 9381 | rR:mu sigma m M 0.00 0.00 0.00 0.00 | F:mu sigma m M 158.8 217.7 24.0 900.0 | H 1.099 | V 0.000 | pL -0.000 | vL 0.000 | delta 0.001
U 133 | F 272384 | FPS 0030 | D 9448 | rR:mu sigma m M 0.00 0.00 0.00 0.00 | F:mu sigma m M 155.9 162.8 11.0 649.0 | H 1.099 | V -0.000 | pL -0.000 | vL 0.000 | delta 0.000
U 134 | F 274432 | FPS 0030 | D 9517 | rR:mu sigma m M 0.00 0.00 0.00 0.00 | F:mu sigma m M 110.0 77.1 12.0 316.0 | H 1.099 | V 0.001 | pL -0.000 | vL 0.000 | delta 0.001
U 135 | F 276480 | FPS 0026 | D 9595 | rR:mu sigma m M 0.00 0.00 0.00 0.00 | F:mu sigma m M 166.1 172.6 12.0 590.0 | H 1.099 | V 0.001 | pL -0.000 | vL 0.000 | delta 0.002
U 136 | F 278528 | FPS 0028 | D 9668 | rR:mu sigma m M 0.00 0.00 0.00 0.00 | F:mu sigma m M 222.6 178.7 13.0 693.0 | H 1.099 | V 0.001 | pL -0.000 | vL 0.000 | delta 0.002
U 137 | F 280576 | FPS 0026 | D 9746 | rR:mu sigma m M 0.00 0.00 0.00 0.00 | F:mu sigma m M 148.2 145.3 26.0 609.0 | H 1.098 | V 0.000 | pL 0.000 | vL 0.000 | delta 0.001
U 138 | F 282624 | FPS 0029 | D 9818 | rR:mu sigma m M 0.00 0.00 0.00 0.00 | F:mu sigma m M 200.6 158.7 25.0 573.0 | H 1.099 | V 0.000 | pL -0.000 | vL 0.000 | delta 0.001
U 139 | F 284672 | FPS 0031 | D 9884 | rR:mu sigma m M 0.00 0.00 0.00 0.00 | F:mu sigma m M 183.3 178.1 26.0 679.0 | H 1.098 | V 0.001 | pL 0.000 | vL 0.000 | delta 0.002
U 140 | F 286720 | FPS 0027 | D 9959 | rR:mu sigma m M 0.02 0.07 0.00 0.30 | F:mu sigma m M 144.1 154.0 23.0 696.0 | H 1.099 | V 0.002 | pL -0.002 | vL 0.000 | delta 0.010
U 141 | F 288768 | FPS 0028 | D 10031 | rR:mu sigma m M 0.00 0.00 0.00 0.00 | F:mu sigma m M 133.1 102.1 23.0 430.0 | H 1.099 | V 0.002 | pL 0.001 | vL 0.000 | delta 0.003
U 142 | F 290816 | FPS 0030 | D 10099 | rR:mu sigma m M 0.00 0.00 0.00 0.00 | F:mu sigma m M 163.5 124.8 31.0 430.0 | H 1.099 | V 0.000 | pL 0.000 | vL 0.000 | delta 0.000
U 143 | F 292864 | FPS 0028 | D 10173 | rR:mu sigma m M 0.00 0.00 0.00 0.00 | F:mu sigma m M 192.1 159.6 25.0 578.0 | H 1.099 | V 0.000 | pL 0.000 | vL 0.000 | delta 0.000
U 144 | F 294912 | FPS 0030 | D 10242 | rR:mu sigma m M 0.00 0.00 0.00 0.00 | F:mu sigma m M 161.6 114.6 36.0 418.0 | H 1.099 | V 0.001 | pL 0.000 | vL 0.000 | delta 0.001
U 145 | F 296960 | FPS 0029 | D 10312 | rR:mu sigma m M 0.00 0.00 0.00 0.00 | F:mu sigma m M 128.6 88.4 15.0 362.0 | H 1.098 | V 0.002 | pL 0.000 | vL 0.000 | delta 0.002
U 146 | F 299008 | FPS 0030 | D 10379 | rR:mu sigma m M 0.00 0.00 0.00 0.00 | F:mu sigma m M 199.3 169.0 17.0 694.0 | H 1.099 | V -0.000 | pL 0.000 | vL 0.000 | delta 0.000
U 147 | F 301056 | FPS 0027 | D 10455 | rR:mu sigma m M 0.00 0.00 0.00 0.00 | F:mu sigma m M 138.1 100.4 21.0 397.0 | H 1.099 | V 0.000 | pL 0.000 | vL 0.000 | delta 0.000
U 148 | F 303104 | FPS 0028 | D 10528 | rR:mu sigma m M 0.00 0.00 0.00 0.00 | F:mu sigma m M 177.9 158.9 16.0 550.0 | H 1.099 | V 0.000 | pL 0.000 | vL 0.000 | delta 0.000
U 149 | F 305152 | FPS 0026 | D 10606 | rR:mu sigma m M 0.00 0.00 0.00 0.00 | F:mu sigma m M 199.8 176.4 23.0 611.0 | H 1.099 | V 0.000 | pL 0.000 | vL 0.000 | delta 0.000
U 150 | F 307200 | FPS 0026 | D 10685 | rR:mu sigma m M 0.00 0.00 0.00 0.00 | F:mu sigma m M 170.3 106.0 23.0 321.0 | H 1.099 | V 0.000 | pL 0.000 | vL 0.000 | delta 0.000
U 151 | F 309248 | FPS 0028 | D 10757 | rR:mu sigma m M 0.00 0.00 0.00 0.00 | F:mu sigma m M 165.9 97.2 25.0 321.0 | H 1.099 | V -0.000 | pL -0.000 | vL 0.000 | delta 0.000
U 152 | F 311296 | FPS 0029 | D 10828 | rR:mu sigma m M 0.00 0.00 0.00 0.00 | F:mu sigma m M 146.3 81.9 25.0 303.0 | H 1.099 | V -0.000 | pL -0.000 | vL 0.000 | delta 0.000
U 153 | F 313344 | FPS 0027 | D 10903 | rR:mu sigma m M 0.00 0.00 0.00 0.00 | F:mu sigma m M 201.9 182.3 28.0 732.0 | H 1.099 | V 0.000 | pL 0.000 | vL 0.000 | delta 0.000
U 154 | F 315392 | FPS 0027 | D 10979 | rR:mu sigma m M 0.04 0.16 0.00 0.66 | F:mu sigma m M 241.3 229.4 26.0 900.0 | H 1.092 | V 0.006 | pL -0.006 | vL 0.001 | delta 0.022
U 155 | F 317440 | FPS 0029 | D 11050 | rR:mu sigma m M 0.04 0.16 0.00 0.66 | F:mu sigma m M 178.2 123.2 33.0 488.0 | H 1.099 | V -0.000 | pL -0.000 | vL 0.000 | delta 0.001
U 156 | F 319488 | FPS 0028 | D 11123 | rR:mu sigma m M 0.00 0.00 0.00 0.00 | F:mu sigma m M 137.9 106.7 29.0 404.0 | H 1.099 | V 0.000 | pL 0.000 | vL 0.000 | delta 0.000
U 157 | F 321536 | FPS 0029 | D 11194 | rR:mu sigma m M 0.00 0.00 0.00 0.00 | F:mu sigma m M 206.6 121.9 55.0 434.0 | H 1.099 | V 0.001 | pL -0.000 | vL 0.000 | delta 0.002
U 158 | F 323584 | FPS 0032 | D 11257 | rR:mu sigma m M 0.00 0.00 0.00 0.00 | F:mu sigma m M 200.8 172.5 36.0 734.0 | H 1.099 | V 0.004 | pL 0.002 | vL 0.000 | delta 0.005
U 159 | F 325632 | FPS 0028 | D 11329 | rR:mu sigma m M 0.00 0.00 0.00 0.00 | F:mu sigma m M 172.7 170.6 19.0 734.0 | H 1.099 | V 0.004 | pL 0.001 | vL 0.000 | delta 0.001
U 160 | F 327680 | FPS 0030 | D 11398 | rR:mu sigma m M 0.04 0.15 0.00 0.63 | F:mu sigma m M 173.8 135.3 19.0 519.0 | H 1.095 | V 0.010 | pL -0.004 | vL 0.001 | delta 0.011
U 161 | F 329728 | FPS 0032 | D 11462 | rR:mu sigma m M 0.00 0.00 0.00 0.00 | F:mu sigma m M 220.2 157.9 45.0 550.0 | H 1.098 | V 0.005 | pL 0.003 | vL 0.000 | delta 0.007
U 162 | F 331776 | FPS 0030 | D 11529 | rR:mu sigma m M 0.00 0.00 0.00 0.00 | F:mu sigma m M 136.4 97.7 30.0 405.0 | H 1.099 | V 0.001 | pL 0.000 | vL 0.000 | delta 0.001
U 163 | F 333824 | FPS 0032 | D 11594 | rR:mu sigma m M 0.00 0.00 0.00 0.00 | F:mu sigma m M 155.3 103.2 26.0 417.0 | H 1.099 | V 0.001 | pL 0.001 | vL 0.000 | delta 0.001
U 164 | F 335872 | FPS 0028 | D 11668 | rR:mu sigma m M 0.00 0.00 0.00 0.00 | F:mu sigma m M 182.3 97.9 26.0 417.0 | H 1.099 | V 0.000 | pL -0.000 | vL 0.000 | delta 0.000
U 165 | F 337920 | FPS 0026 | D 11746 | rR:mu sigma m M 0.00 0.00 0.00 0.00 | F:mu sigma m M 169.2 98.5 33.0 364.0 | H 1.099 | V 0.001 | pL 0.000 | vL 0.000 | delta 0.000
U 166 | F 339968 | FPS 0026 | D 11823 | rR:mu sigma m M 0.00 0.00 0.00 0.00 | F:mu sigma m M 215.6 176.3 33.0 560.0 | H 1.099 | V 0.001 | pL 0.000 | vL 0.000 | delta 0.000
U 167 | F 342016 | FPS 0031 | D 11889 | rR:mu sigma m M 0.00 0.00 0.00 0.00 | F:mu sigma m M 173.9 185.2 28.0 792.0 | H 1.099 | V 0.001 | pL 0.000 | vL 0.000 | delta 0.001
U 168 | F 344064 | FPS 0027 | D 11965 | rR:mu sigma m M 0.00 0.00 0.00 0.00 | F:mu sigma m M 163.1 121.2 36.0 557.0 | H 1.099 | V 0.000 | pL 0.000 | vL 0.000 | delta 0.001
U 169 | F 346112 | FPS 0031 | D 12031 | rR:mu sigma m M 0.00 0.00 0.00 0.00 | F:mu sigma m M 175.1 185.6 27.0 824.0 | H 1.099 | V 0.000 | pL 0.000 | vL 0.000 | delta 0.000
U 170 | F 348160 | FPS 0028 | D 12104 | rR:mu sigma m M 0.00 0.00 0.00 0.00 | F:mu sigma m M 206.6 188.0 27.0 824.0 | H 1.099 | V 0.000 | pL -0.000 | vL 0.000 | delta 0.001
U 171 | F 350208 | FPS 0030 | D 12171 | rR:mu sigma m M 0.00 0.00 0.00 0.00 | F:mu sigma m M 153.1 102.5 17.0 344.0 | H 1.099 | V 0.000 | pL 0.000 | vL 0.000 | delta 0.001
U 172 | F 352256 | FPS 0030 | D 12239 | rR:mu sigma m M 0.00 0.00 0.00 0.00 | F:mu sigma m M 175.1 148.3 17.0 583.0 | H 1.099 | V 0.000 | pL 0.000 | vL 0.000 | delta 0.000
U 173 | F 354304 | FPS 0031 | D 12304 | rR:mu sigma m M 0.00 0.00 0.00 0.00 | F:mu sigma m M 194.9 170.0 21.0 583.0 | H 1.099 | V 0.000 | pL 0.000 | vL 0.000 | delta 0.000
U 174 | F 356352 | FPS 0032 | D 12368 | rR:mu sigma m M 0.00 0.00 0.00 0.00 | F:mu sigma m M 155.9 114.4 21.0 395.0 | H 1.099 | V -0.000 | pL -0.000 | vL 0.000 | delta 0.000
U 175 | F 358400 | FPS 0033 | D 12430 | rR:mu sigma m M 0.05 0.19 0.00 0.80 | F:mu sigma m M 215.9 123.3 34.0 453.0 | H 1.094 | V 0.009 | pL -0.006 | vL 0.001 | delta 0.015
U 176 | F 360448 | FPS 0027 | D 12505 | rR:mu sigma m M 0.05 0.19 0.00 0.80 | F:mu sigma m M 148.2 115.4 7.0 464.0 | H 1.093 | V 0.002 | pL 0.000 | vL 0.000 | delta 0.009
U 177 | F 362496 | FPS 0032 | D 12569 | rR:mu sigma m M 0.00 0.00 0.00 0.00 | F:mu sigma m M 196.6 111.2 53.0 395.0 | H 1.098 | V 0.001 | pL 0.000 | vL 0.000 | delta 0.003
U 178 | F 364544 | FPS 0030 | D 12637 | rR:mu sigma m M 0.00 0.00 0.00 0.00 | F:mu sigma m M 159.8 90.5 43.0 286.0 | H 1.099 | V -0.001 | pL -0.000 | vL 0.000 | delta 0.000
U 179 | F 366592 | FPS 0029 | D 12709 | rR:mu sigma m M 0.06 0.21 0.00 0.88 | F:mu sigma m M 167.2 129.1 32.0 416.0 | H 1.093 | V 0.007 | pL -0.008 | vL 0.001 | delta 0.015
U 180 | F 368640 | FPS 0026 | D 12787 | rR:mu sigma m M 0.06 0.21 0.00 0.88 | F:mu sigma m M 181.2 120.8 18.0 389.0 | H 1.098 | V -0.004 | pL -0.001 | vL 0.000 | delta 0.003
U 181 | F 370688 | FPS 0029 | D 12858 | rR:mu sigma m M 0.00 0.00 0.00 0.00 | F:mu sigma m M 156.9 90.8 45.0 413.0 | H 1.095 | V 0.003 | pL -0.000 | vL 0.000 | delta 0.009
U 182 | F 372736 | FPS 0029 | D 12929 | rR:mu sigma m M 0.05 0.19 0.00 0.79 | F:mu sigma m M 148.2 75.9 17.0 256.0 | H 1.096 | V 0.005 | pL -0.006 | vL 0.001 | delta 0.010
U 183 | F 374784 | FPS 0028 | D 13002 | rR:mu sigma m M 0.00 0.00 0.00 0.00 | F:mu sigma m M 119.4 122.0 15.0 460.0 | H 1.098 | V 0.002 | pL 0.000 | vL 0.000 | delta 0.002
U 184 | F 376832 | FPS 0030 | D 13071 | rR:mu sigma m M 0.00 0.00 0.00 0.00 | F:mu sigma m M 205.2 161.4 14.0 531.0 | H 1.098 | V 0.003 | pL 0.001 | vL 0.000 | delta 0.002
U 185 | F 378880 | FPS 0029 | D 13141 | rR:mu sigma m M 0.05 0.20 0.00 0.83 | F:mu sigma m M 131.0 70.3 53.0 306.0 | H 1.097 | V 0.006 | pL -0.006 | vL 0.001 | delta 0.021
U 186 | F 380928 | FPS 0034 | D 13201 | rR:mu sigma m M 0.00 0.00 0.00 0.00 | F:mu sigma m M 103.4 64.0 9.0 253.0 | H 1.098 | V 0.004 | pL 0.001 | vL 0.000 | delta 0.002
U 187 | F 382976 | FPS 0028 | D 13274 | rR:mu sigma m M 0.00 0.00 0.00 0.00 | F:mu sigma m M 129.4 99.0 31.0 366.0 | H 1.099 | V 0.003 | pL 0.001 | vL 0.000 | delta 0.001
U 188 | F 385024 | FPS 0029 | D 13345 | rR:mu sigma m M 0.00 0.00 0.00 0.00 | F:mu sigma m M 159.2 96.3 31.0 372.0 | H 1.098 | V 0.005 | pL 0.001 | vL 0.000 | delta 0.008
U 189 | F 387072 | FPS 0027 | D 13421 | rR:mu sigma m M 0.00 0.00 0.00 0.00 | F:mu sigma m M 174.5 139.1 24.0 487.0 | H 1.099 | V 0.005 | pL 0.002 | vL 0.000 | delta 0.002
U 190 | F 389120 | FPS 0031 | D 13488 | rR:mu sigma m M 0.00 0.00 0.00 0.00 | F:mu sigma m M 155.9 119.1 30.0 487.0 | H 1.099 | V 0.004 | pL 0.001 | vL 0.000 | delta 0.001
U 191 | F 391168 | FPS 0030 | D 13557 | rR:mu sigma m M 0.00 0.00 0.00 0.00 | F:mu sigma m M 195.4 127.5 50.0 510.0 | H 1.099 | V 0.003 | pL 0.001 | vL 0.000 | delta 0.000
U 192 | F 393216 | FPS 0026 | D 13635 | rR:mu sigma m M 0.00 0.00 0.00 0.00 | F:mu sigma m M 193.4 106.7 50.0 380.0 | H 1.099 | V 0.002 | pL 0.001 | vL 0.000 | delta 0.002
U 193 | F 395264 | FPS 0031 | D 13700 | rR:mu sigma m M 0.00 0.00 0.00 0.00 | F:mu sigma m M 191.3 116.2 26.0 380.0 | H 1.099 | V 0.002 | pL 0.001 | vL 0.000 | delta 0.000
U 194 | F 397312 | FPS 0031 | D 13767 | rR:mu sigma m M 0.00 0.00 0.00 0.00 | F:mu sigma m M 158.4 138.6 21.0 507.0 | H 1.099 | V 0.003 | pL 0.001 | vL 0.000 | delta 0.001
U 195 | F 399360 | FPS 0031 | D 13834 | rR:mu sigma m M 0.04 0.17 0.00 0.70 | F:mu sigma m M 173.9 128.1 21.0 507.0 | H 1.097 | V 0.004 | pL -0.006 | vL 0.001 | delta 0.030
U 196 | F 401408 | FPS 0030 | D 13902 | rR:mu sigma m M 0.04 0.17 0.00 0.70 | F:mu sigma m M 149.0 91.4 37.0 341.0 | H 1.097 | V 0.027 | pL 0.008 | vL 0.000 | delta 0.007
U 197 | F 403456 | FPS 0031 | D 13968 | rR:mu sigma m M 0.00 0.00 0.00 0.00 | F:mu sigma m M 157.3 178.9 16.0 742.0 | H 1.097 | V 0.019 | pL 0.006 | vL 0.000 | delta 0.003
U 198 | F 405504 | FPS 0026 | D 14048 | rR:mu sigma m M 0.00 0.00 0.00 0.00 | F:mu sigma m M 156.0 131.9 16.0 513.0 | H 1.098 | V 0.017 | pL 0.004 | vL 0.000 | delta 0.002
U 199 | F 407552 | FPS 0029 | D 14118 | rR:mu sigma m M 0.00 0.00 0.00 0.00 | F:mu sigma m M 137.8 75.6 30.0 290.0 | H 1.098 | V 0.017 | pL 0.004 | vL 0.000 | delta 0.004
U 200 | F 409600 | FPS 0032 | D 14183 | rR:mu sigma m M 0.00 0.00 0.00 0.00 | F:mu sigma m M 175.5 125.3 44.0 470.0 | H 1.099 | V 0.011 | pL 0.003 | vL 0.000 | delta 0.001
U 201 | F 411648 | FPS 0029 | D 14255 | rR:mu sigma m M 0.00 0.00 0.00 0.00 | F:mu sigma m M 211.6 180.1 17.0 758.0 | H 1.098 | V 0.009 | pL 0.003 | vL 0.000 | delta 0.001
U 202 | F 413696 | FPS 0026 | D 14334 | rR:mu sigma m M 0.00 0.00 0.00 0.00 | F:mu sigma m M 142.6 160.0 17.0 568.0 | H 1.099 | V 0.007 | pL 0.002 | vL 0.000 | delta 0.002
U 203 | F 415744 | FPS 0029 | D 14404 | rR:mu sigma m M 0.00 0.00 0.00 0.00 | F:mu sigma m M 167.2 144.7 27.0 568.0 | H 1.099 | V 0.005 | pL 0.001 | vL 0.000 | delta 0.001
U 204 | F 417792 | FPS 0028 | D 14478 | rR:mu sigma m M 0.00 0.00 0.00 0.00 | F:mu sigma m M 190.1 122.7 27.0 399.0 | H 1.099 | V 0.004 | pL 0.001 | vL 0.000 | delta 0.000
U 205 | F 419840 | FPS 0030 | D 14546 | rR:mu sigma m M 0.00 0.00 0.00 0.00 | F:mu sigma m M 245.7 162.1 15.0 587.0 | H 1.099 | V 0.003 | pL 0.001 | vL 0.000 | delta 0.001
U 206 | F 421888 | FPS 0029 | D 14617 | rR:mu sigma m M 0.00 0.00 0.00 0.00 | F:mu sigma m M 188.8 131.2 11.0 523.0 | H 1.099 | V 0.003 | pL 0.001 | vL 0.000 | delta 0.002
U 207 | F 423936 | FPS 0028 | D 14689 | rR:mu sigma m M 0.00 0.00 0.00 0.00 | F:mu sigma m M 240.3 237.5 47.0 900.0 | H 1.099 | V 0.004 | pL 0.001 | vL 0.000 | delta 0.001
U 208 | F 425984 | FPS 0030 | D 14759 | rR:mu sigma m M 0.00 0.00 0.00 0.00 | F:mu sigma m M 228.8 243.1 9.0 900.0 | H 1.099 | V 0.003 | pL 0.001 | vL 0.000 | delta 0.000
U 209 | F 428032 | FPS 0034 | D 14819 | rR:mu sigma m M 0.00 0.00 0.00 0.00 | F:mu sigma m M 185.5 91.8 56.0 392.0 | H 1.099 | V 0.002 | pL 0.001 | vL 0.000 | delta 0.000
U 210 | F 430080 | FPS 0028 | D 14893 | rR:mu sigma m M 0.00 0.00 0.00 0.00 | F:mu sigma m M 193.8 109.6 48.0 409.0 | H 1.098 | V 0.004 | pL -0.000 | vL 0.000 | delta 0.002
U 211 | F 432128 | FPS 0031 | D 14959 | rR:mu sigma m M 0.00 0.00 0.00 0.00 | F:mu sigma m M 164.1 107.9 35.0 395.0 | H 1.098 | V 0.003 | pL 0.002 | vL 0.000 | delta 0.002
U 212 | F 434176 | FPS 0027 | D 15034 | rR:mu sigma m M 0.00 0.00 0.00 0.00 | F:mu sigma m M 143.9 100.7 31.0 450.0 | H 1.099 | V 0.003 | pL 0.001 | vL 0.000 | delta 0.001
U 213 | F 436224 | FPS 0027 | D 15109 | rR:mu sigma m M 0.00 0.00 0.00 0.00 | F:mu sigma m M 137.2 76.5 44.0 345.0 | H 1.098 | V 0.005 | pL -0.001 | vL 0.000 | delta 0.002
U 214 | F 438272 | FPS 0029 | D 15180 | rR:mu sigma m M 0.05 0.20 0.00 0.81 | F:mu sigma m M 194.9 140.6 44.0 565.0 | H 1.098 | V 0.005 | pL -0.002 | vL 0.000 | delta 0.006
U 215 | F 440320 | FPS 0027 | D 15257 | rR:mu sigma m M 0.00 0.00 0.00 0.00 | F:mu sigma m M 133.2 107.0 28.0 441.0 | H 1.099 | V 0.003 | pL 0.001 | vL 0.000 | delta 0.001
U 216 | F 442368 | FPS 0031 | D 15322 | rR:mu sigma m M 0.00 0.00 0.00 0.00 | F:mu sigma m M 126.2 103.8 23.0 441.0 | H 1.099 | V 0.002 | pL 0.001 | vL 0.000 | delta 0.000
U 217 | F 444416 | FPS 0027 | D 15397 | rR:mu sigma m M 0.04 0.17 0.00 0.71 | F:mu sigma m M 163.8 141.9 23.0 620.0 | H 1.097 | V 0.007 | pL -0.005 | vL 0.001 | delta 0.028
U 218 | F 446464 | FPS 0027 | D 15472 | rR:mu sigma m M 0.04 0.17 0.00 0.71 | F:mu sigma m M 170.3 120.8 48.0 378.0 | H 1.099 | V -0.000 | pL -0.000 | vL 0.000 | delta 0.003
U 219 | F 448512 | FPS 0031 | D 15538 | rR:mu sigma m M 0.00 0.00 0.00 0.00 | F:mu sigma m M 207.6 165.4 46.0 587.0 | H 1.098 | V 0.000 | pL 0.000 | vL 0.000 | delta 0.002
U 220 | F 450560 | FPS 0028 | D 15613 | rR:mu sigma m M 0.00 0.00 0.00 0.00 | F:mu sigma m M 154.6 88.5 21.0 325.0 | H 1.098 | V 0.001 | pL 0.001 | vL 0.000 | delta 0.003
U 221 | F 452608 | FPS 0031 | D 15678 | rR:mu sigma m M 0.00 0.00 0.00 0.00 | F:mu sigma m M 238.3 228.8 21.0 857.0 | H 1.096 | V 0.005 | pL 0.002 | vL 0.000 | delta 0.006
U 222 | F 454656 | FPS 0028 | D 15750 | rR:mu sigma m M 0.04 0.16 0.00 0.67 | F:mu sigma m M 285.4 261.9 11.0 857.0 | H 1.096 | V 0.007 | pL -0.005 | vL 0.000 | delta 0.009
U 223 | F 456704 | FPS 0030 | D 15818 | rR:mu sigma m M 0.00 0.00 0.00 0.00 | F:mu sigma m M 148.8 120.0 21.0 432.0 | H 1.099 | V -0.001 | pL -0.000 | vL 0.000 | delta 0.001
U 224 | F 458752 | FPS 0029 | D 15890 | rR:mu sigma m M 0.00 0.00 0.00 0.00 | F:mu sigma m M 111.3 77.8 21.0 315.0 | H 1.099 | V -0.001 | pL -0.000 | vL 0.000 | delta 0.001
U 225 | F 460800 | FPS 0029 | D 15961 | rR:mu sigma m M 0.00 0.00 0.00 0.00 | F:mu sigma m M 178.4 203.5 16.0 900.0 | H 1.099 | V -0.001 | pL -0.000 | vL 0.000 | delta 0.000
U 226 | F 462848 | FPS 0031 | D 16027 | rR:mu sigma m M 0.00 0.00 0.00 0.00 | F:mu sigma m M 121.1 68.0 27.0 222.0 | H 1.099 | V -0.001 | pL -0.000 | vL 0.000 | delta 0.000
U 227 | F 464896 | FPS 0031 | D 16093 | rR:mu sigma m M 0.00 0.00 0.00 0.00 | F:mu sigma m M 159.3 129.7 27.0 528.0 | H 1.099 | V -0.001 | pL -0.000 | vL 0.000 | delta 0.000
U 228 | F 466944 | FPS 0028 | D 16166 | rR:mu sigma m M 0.00 0.00 0.00 0.00 | F:mu sigma m M 207.6 165.4 14.0 606.0 | H 1.099 | V -0.001 | pL -0.000 | vL 0.000 | delta 0.000
U 229 | F 468992 | FPS 0029 | D 16236 | rR:mu sigma m M 0.00 0.00 0.00 0.00 | F:mu sigma m M 156.1 80.2 60.0 397.0 | H 1.099 | V -0.000 | pL -0.000 | vL 0.000 | delta 0.000
U 230 | F 471040 | FPS 0029 | D 16307 | rR:mu sigma m M 0.00 0.00 0.00 0.00 | F:mu sigma m M 154.4 91.0 25.0 360.0 | H 1.098 | V 0.001 | pL -0.000 | vL 0.000 | delta 0.003
U 231 | F 473088 | FPS 0033 | D 16369 | rR:mu sigma m M 0.00 0.00 0.00 0.00 | F:mu sigma m M 112.2 75.2 14.0 286.0 | H 1.096 | V 0.005 | pL 0.000 | vL 0.000 | delta 0.007
U 232 | F 475136 | FPS 0032 | D 16433 | rR:mu sigma m M 0.00 0.00 0.00 0.00 | F:mu sigma m M 200.9 183.5 16.0 654.0 | H 1.097 | V 0.003 | pL 0.002 | vL 0.000 | delta 0.008
U 233 | F 477184 | FPS 0030 | D 16502 | rR:mu sigma m M 0.00 0.00 0.00 0.00 | F:mu sigma m M 120.8 68.8 19.0 244.0 | H 1.097 | V 0.004 | pL 0.001 | vL 0.000 | delta 0.010
U 234 | F 479232 | FPS 0031 | D 16568 | rR:mu sigma m M 0.00 0.00 0.00 0.00 | F:mu sigma m M 129.2 124.7 29.0 544.0 | H 1.098 | V 0.002 | pL 0.000 | vL 0.000 | delta 0.007
U 235 | F 481280 | FPS 0029 | D 16638 | rR:mu sigma m M 0.00 0.00 0.00 0.00 | F:mu sigma m M 132.1 82.5 29.0 292.0 | H 1.098 | V 0.003 | pL 0.001 | vL 0.000 | delta 0.001
U 236 | F 483328 | FPS 0025 | D 16719 | rR:mu sigma m M 0.00 0.00 0.00 0.00 | F:mu sigma m M 192.1 140.8 41.0 624.0 | H 1.097 | V 0.004 | pL 0.001 | vL 0.000 | delta 0.003
U 237 | F 485376 | FPS 0028 | D 16791 | rR:mu sigma m M 0.00 0.00 0.00 0.00 | F:mu sigma m M 196.6 154.0 22.0 624.0 | H 1.097 | V 0.002 | pL 0.000 | vL 0.000 | delta 0.003
U 238 | F 487424 | FPS 0032 | D 16856 | rR:mu sigma m M 0.00 0.00 0.00 0.00 | F:mu sigma m M 172.4 112.7 22.0 503.0 | H 1.097 | V 0.000 | pL 0.000 | vL 0.000 | delta 0.002
U 239 | F 489472 | FPS 0028 | D 16928 | rR:mu sigma m M 0.04 0.16 0.00 0.65 | F:mu sigma m M 277.7 181.1 46.0 757.0 | H 1.096 | V 0.004 | pL -0.003 | vL 0.001 | delta 0.008
U 240 | F 491520 | FPS 0026 | D 17007 | rR:mu sigma m M 0.00 0.00 0.00 0.00 | F:mu sigma m M 247.5 166.5 22.0 757.0 | H 1.099 | V 0.000 | pL 0.000 | vL 0.000 | delta 0.001
U 241 | F 493568 | FPS 0027 | D 17083 | rR:mu sigma m M 0.04 0.16 0.00 0.66 | F:mu sigma m M 233.8 159.4 49.0 680.0 | H 1.096 | V 0.005 | pL -0.006 | vL 0.000 | delta 0.008
U 242 | F 495616 | FPS 0027 | D 17159 | rR:mu sigma m M 0.00 0.00 0.00 0.00 | F:mu sigma m M 108.2 99.5 32.0 434.0 | H 1.099 | V 0.002 | pL 0.001 | vL 0.000 | delta 0.001
U 243 | F 497664 | FPS 0028 | D 17233 | rR:mu sigma m M 0.00 0.00 0.00 0.00 | F:mu sigma m M 117.6 109.3 37.0 434.0 | H 1.099 | V 0.001 | pL 0.000 | vL 0.000 | delta 0.000
U 244 | F 499712 | FPS 0026 | D 17311 | rR:mu sigma m M 0.00 0.00 0.00 0.00 | F:mu sigma m M 167.2 160.1 26.0 591.0 | H 1.099 | V 0.001 | pL 0.000 | vL 0.000 | delta 0.000
U 245 | F 501760 | FPS 0029 | D 17382 | rR:mu sigma m M 0.00 0.00 0.00 0.00 | F:mu sigma m M 140.8 124.7 27.0 490.0 | H 1.099 | V 0.001 | pL 0.000 | vL 0.000 | delta 0.000
U 246 | F 503808 | FPS 0030 | D 17450 | rR:mu sigma m M 0.00 0.00 0.00 0.00 | F:mu sigma m M 141.4 110.6 27.0 388.0 | H 1.099 | V 0.001 | pL 0.000 | vL 0.000 | delta 0.000
U 247 | F 505856 | FPS 0027 | D 17525 | rR:mu sigma m M 0.00 0.00 0.00 0.00 | F:mu sigma m M 116.4 150.1 17.0 679.0 | H 1.099 | V 0.001 | pL 0.000 | vL 0.000 | delta 0.000
U 248 | F 507904 | FPS 0029 | D 17594 | rR:mu sigma m M 0.00 0.00 0.00 0.00 | F:mu sigma m M 191.2 165.4 17.0 679.0 | H 1.094 | V 0.008 | pL -0.003 | vL 0.000 | delta 0.008
U 249 | F 509952 | FPS 0030 | D 17662 | rR:mu sigma m M 0.00 0.00 0.00 0.00 | F:mu sigma m M 191.7 102.6 18.0 417.0 | H 1.098 | V 0.002 | pL 0.002 | vL 0.000 | delta 0.008
U 250 | F 512000 | FPS 0028 | D 17736 | rR:mu sigma m M 0.00 0.00 0.00 0.00 | F:mu sigma m M 210.7 176.8 18.0 695.0 | H 1.098 | V 0.001 | pL -0.000 | vL 0.000 | delta 0.004
U 251 | F 514048 | FPS 0030 | D 17804 | rR:mu sigma m M 0.00 0.00 0.00 0.00 | F:mu sigma m M 217.6 239.4 16.0 900.0 | H 1.098 | V 0.001 | pL 0.000 | vL 0.000 | delta 0.002
U 252 | F 516096 | FPS 0030 | D 17872 | rR:mu sigma m M 0.00 0.00 0.00 0.00 | F:mu sigma m M 174.0 90.7 34.0 348.0 | H 1.098 | V -0.000 | pL 0.000 | vL 0.000 | delta 0.001
U 253 | F 518144 | FPS 0029 | D 17943 | rR:mu sigma m M 0.00 0.00 0.00 0.00 | F:mu sigma m M 159.4 97.7 23.0 348.0 | H 1.099 | V -0.001 | pL -0.000 | vL 0.000 | delta 0.000
U 254 | F 520192 | FPS 0030 | D 18011 | rR:mu sigma m M 0.00 0.00 0.00 0.00 | F:mu sigma m M 144.0 126.0 13.0 470.0 | H 1.099 | V -0.000 | pL -0.000 | vL 0.000 | delta 0.000
U 255 | F 522240 | FPS 0028 | D 18084 | rR:mu sigma m M 0.00 0.00 0.00 0.00 | F:mu sigma m M 101.2 48.9 16.0 183.0 | H 1.099 | V -0.000 | pL -0.000 | vL 0.000 | delta 0.000
U 256 | F 524288 | FPS 0030 | D 18154 | rR:mu sigma m M 0.00 0.00 0.00 0.00 | F:mu sigma m M 175.4 114.1 64.0 505.0 | H 1.099 | V -0.000 | pL -0.000 | vL 0.000 | delta 0.000
U 257 | F 526336 | FPS 0028 | D 18226 | rR:mu sigma m M 0.00 0.00 0.00 0.00 | F:mu sigma m M 219.6 188.4 50.0 658.0 | H 1.099 | V -0.000 | pL -0.000 | vL 0.000 | delta 0.000
U 258 | F 528384 | FPS 0030 | D 18295 | rR:mu sigma m M 0.00 0.00 0.00 0.00 | F:mu sigma m M 184.6 172.1 34.0 658.0 | H 1.099 | V -0.000 | pL -0.000 | vL 0.000 | delta 0.000
U 259 | F 530432 | FPS 0029 | D 18365 | rR:mu sigma m M 0.00 0.00 0.00 0.00 | F:mu sigma m M 155.2 95.0 46.0 429.0 | H 1.099 | V 0.000 | pL 0.000 | vL 0.000 | delta 0.000
U 260 | F 532480 | FPS 0031 | D 18430 | rR:mu sigma m M 0.00 0.00 0.00 0.00 | F:mu sigma m M 153.8 109.5 45.0 429.0 | H 1.099 | V 0.000 | pL 0.000 | vL 0.000 | delta 0.000
U 261 | F 534528 | FPS 0029 | D 18500 | rR:mu sigma m M 0.00 0.00 0.00 0.00 | F:mu sigma m M 167.9 109.3 37.0 431.0 | H 1.099 | V 0.000 | pL 0.000 | vL 0.000 | delta 0.000
U 262 | F 536576 | FPS 0029 | D 18571 | rR:mu sigma m M 0.00 0.00 0.00 0.00 | F:mu sigma m M 205.6 149.5 37.0 621.0 | H 1.099 | V 0.000 | pL 0.000 | vL 0.000 | delta 0.000
U 263 | F 538624 | FPS 0028 | D 18645 | rR:mu sigma m M 0.00 0.00 0.00 0.00 | F:mu sigma m M 175.2 124.9 23.0 483.0 | H 1.099 | V 0.000 | pL 0.000 | vL 0.000 | delta 0.000
U 264 | F 540672 | FPS 0027 | D 18720 | rR:mu sigma m M 0.05 0.20 0.00 0.81 | F:mu sigma m M 174.8 106.8 23.0 359.0 | H 1.097 | V 0.008 | pL -0.007 | vL 0.001 | delta 0.012
U 265 | F 542720 | FPS 0028 | D 18792 | rR:mu sigma m M 0.05 0.20 0.00 0.81 | F:mu sigma m M 133.3 84.2 35.0 307.0 | H 1.097 | V 0.010 | pL 0.000 | vL 0.000 | delta 0.006
U 266 | F 544768 | FPS 0026 | D 18872 | rR:mu sigma m M 0.00 0.00 0.00 0.00 | F:mu sigma m M 141.9 101.6 35.0 407.0 | H 1.098 | V 0.002 | pL 0.001 | vL 0.000 | delta 0.004
U 267 | F 546816 | FPS 0030 | D 18941 | rR:mu sigma m M 0.00 0.00 0.00 0.00 | F:mu sigma m M 195.4 131.1 53.0 540.0 | H 1.099 | V -0.000 | pL -0.000 | vL 0.000 | delta 0.001
U 268 | F 548864 | FPS 0029 | D 19012 | rR:mu sigma m M 0.00 0.00 0.00 0.00 | F:mu sigma m M 235.3 180.9 54.0 772.0 | H 1.099 | V -0.000 | pL -0.000 | vL 0.000 | delta 0.000
U 269 | F 550912 | FPS 0032 | D 19076 | rR:mu sigma m M 0.00 0.00 0.00 0.00 | F:mu sigma m M 201.2 190.4 48.0 772.0 | H 1.099 | V -0.000 | pL -0.000 | vL 0.000 | delta 0.000
U 270 | F 552960 | FPS 0029 | D 19147 | rR:mu sigma m M 0.00 0.00 0.00 0.00 | F:mu sigma m M 219.4 193.7 18.0 772.0 | H 1.098 | V 0.000 | pL 0.000 | vL 0.000 | delta 0.001
U 271 | F 555008 | FPS 0031 | D 19214 | rR:mu sigma m M 0.00 0.00 0.00 0.00 | F:mu sigma m M 114.5 73.8 23.0 279.0 | H 1.099 | V 0.001 | pL 0.000 | vL 0.000 | delta 0.000
U 272 | F 557056 | FPS 0027 | D 19291 | rR:mu sigma m M 0.00 0.00 0.00 0.00 | F:mu sigma m M 182.9 133.3 23.0 627.0 | H 1.099 | V 0.000 | pL 0.000 | vL 0.000 | delta 0.000
U 273 | F 559104 | FPS 0027 | D 19366 | rR:mu sigma m M 0.00 0.00 0.00 0.00 | F:mu sigma m M 154.6 100.1 20.0 360.0 | H 1.099 | V 0.000 | pL 0.000 | vL 0.000 | delta 0.000
U 274 | F 561152 | FPS 0031 | D 19431 | rR:mu sigma m M 0.00 0.00 0.00 0.00 | F:mu sigma m M 155.0 89.7 53.0 332.0 | H 1.098 | V 0.001 | pL 0.000 | vL 0.000 | delta 0.002
U 275 | F 563200 | FPS 0025 | D 19513 | rR:mu sigma m M 0.00 0.00 0.00 0.00 | F:mu sigma m M 136.2 75.1 35.0 283.0 | H 1.098 | V 0.001 | pL 0.000 | vL 0.000 | delta 0.002
U 276 | F 565248 | FPS 0028 | D 19586 | rR:mu sigma m M 0.00 0.00 0.00 0.00 | F:mu sigma m M 230.5 228.6 35.0 900.0 | H 1.097 | V 0.003 | pL 0.001 | vL 0.000 | delta 0.003
U 277 | F 567296 | FPS 0028 | D 19658 | rR:mu sigma m M 0.00 0.00 0.00 0.00 | F:mu sigma m M 351.8 302.1 32.0 900.0 | H 1.099 | V 0.002 | pL 0.001 | vL 0.000 | delta 0.001
U 278 | F 569344 | FPS 0031 | D 19724 | rR:mu sigma m M 0.05 0.20 0.00 0.81 | F:mu sigma m M 226.1 206.6 27.0 783.0 | H 1.094 | V 0.008 | pL -0.006 | vL 0.001 | delta 0.013
U 279 | F 571392 | FPS 0031 | D 19789 | rR:mu sigma m M 0.06 0.23 0.00 0.93 | F:mu sigma m M 167.5 155.4 27.0 653.0 | H 1.090 | V 0.009 | pL -0.008 | vL 0.001 | delta 0.019
U 280 | F 573440 | FPS 0034 | D 19850 | rR:mu sigma m M 0.00 0.00 0.00 0.00 | F:mu sigma m M 155.0 96.8 27.0 341.0 | H 1.098 | V -0.006 | pL -0.002 | vL 0.000 | delta 0.005
U 281 | F 575488 | FPS 0028 | D 19923 | rR:mu sigma m M 0.00 0.00 0.00 0.00 | F:mu sigma m M 154.8 117.7 49.0 419.0 | H 1.099 | V -0.004 | pL -0.002 | vL 0.000 | delta 0.001
U 282 | F 577536 | FPS 0033 | D 19986 | rR:mu sigma m M 0.00 0.00 0.00 0.00 | F:mu sigma m M 132.8 83.7 49.0 412.0 | H 1.099 | V -0.002 | pL -0.001 | vL 0.000 | delta 0.001
U 283 | F 579584 | FPS 0032 | D 20049 | rR:mu sigma m M 0.00 0.00 0.00 0.00 | F:mu sigma m M 152.4 119.2 29.0 443.0 | H 1.099 | V -0.001 | pL -0.000 | vL 0.000 | delta 0.001
U 284 | F 581632 | FPS 0027 | D 20124 | rR:mu sigma m M 0.00 0.00 0.00 0.00 | F:mu sigma m M 158.6 144.1 9.0 489.0 | H 1.097 | V 0.003 | pL -0.002 | vL 0.000 | delta 0.008
U 285 | F 583680 | FPS 0031 | D 20190 | rR:mu sigma m M 0.00 0.00 0.00 0.00 | F:mu sigma m M 121.7 76.8 9.0 266.0 | H 1.096 | V 0.004 | pL 0.002 | vL 0.000 | delta 0.005
U 286 | F 585728 | FPS 0027 | D 20267 | rR:mu sigma m M 0.00 0.00 0.00 0.00 | F:mu sigma m M 167.0 150.0 46.0 679.0 | H 1.097 | V 0.001 | pL 0.000 | vL 0.000 | delta 0.004
U 287 | F 587776 | FPS 0029 | D 20338 | rR:mu sigma m M 0.00 0.00 0.00 0.00 | F:mu sigma m M 206.4 170.1 47.0 679.0 | H 1.098 | V -0.001 | pL -0.000 | vL 0.000 | delta 0.002
U 288 | F 589824 | FPS 0028 | D 20411 | rR:mu sigma m M 0.00 0.00 0.00 0.00 | F:mu sigma m M 190.6 144.5 29.0 522.0 | H 1.099 | V -0.001 | pL -0.000 | vL 0.000 | delta 0.000
U 289 | F 591872 | FPS 0031 | D 20477 | rR:mu sigma m M 0.00 0.00 0.00 0.00 | F:mu sigma m M 163.4 108.6 7.0 400.0 | H 1.099 | V -0.001 | pL -0.000 | vL 0.000 | delta 0.001
U 290 | F 593920 | FPS 0025 | D 20560 | rR:mu sigma m M 0.00 0.00 0.00 0.00 | F:mu sigma m M 138.8 86.0 38.0 355.0 | H 1.099 | V -0.000 | pL -0.000 | vL 0.000 | delta 0.000
U 291 | F 595968 | FPS 0033 | D 20623 | rR:mu sigma m M 0.00 0.00 0.00 0.00 | F:mu sigma m M 121.9 101.6 31.0 452.0 | H 1.099 | V -0.000 | pL -0.000 | vL 0.000 | delta 0.000
U 292 | F 598016 | FPS 0029 | D 20694 | rR:mu sigma m M 0.00 0.00 0.00 0.00 | F:mu sigma m M 132.8 106.8 7.0 338.0 | H 1.099 | V -0.000 | pL -0.000 | vL 0.000 | delta 0.001
U 293 | F 600064 | FPS 0030 | D 20761 | rR:mu sigma m M 0.06 0.22 0.00 0.90 | F:mu sigma m M 147.2 135.3 13.0 588.0 | H 1.087 | V 0.014 | pL -0.006 | vL 0.001 | delta 0.025
U 294 | F 602112 | FPS 0034 | D 20822 | rR:mu sigma m M 0.00 0.00 0.00 0.00 | F:mu sigma m M 208.8 224.5 20.0 888.0 | H 1.098 | V -0.005 | pL -0.001 | vL 0.000 | delta 0.004
U 295 | F 604160 | FPS 0028 | D 20896 | rR:mu sigma m M 0.00 0.00 0.00 0.00 | F:mu sigma m M 184.2 124.9 13.0 496.0 | H 1.098 | V -0.002 | pL -0.001 | vL 0.000 | delta 0.002
U 296 | F 606208 | FPS 0034 | D 20956 | rR:mu sigma m M 0.00 0.00 0.00 0.00 | F:mu sigma m M 172.9 149.3 31.0 524.0 | H 1.096 | V 0.001 | pL -0.001 | vL 0.000 | delta 0.011
U 297 | F 608256 | FPS 0028 | D 21029 | rR:mu sigma m M 0.00 0.00 0.00 0.00 | F:mu sigma m M 146.6 121.3 36.0 471.0 | H 1.098 | V 0.002 | pL 0.000 | vL 0.000 | delta 0.001
U 298 | F 610304 | FPS 0029 | D 21099 | rR:mu sigma m M 0.00 0.00 0.00 0.00 | F:mu sigma m M 174.2 113.0 31.0 452.0 | H 1.098 | V 0.000 | pL 0.000 | vL 0.000 | delta 0.001
U 299 | F 612352 | FPS 0029 | D 21169 | rR:mu sigma m M 0.00 0.00 0.00 0.00 | F:mu sigma m M 135.3 93.4 34.0 337.0 | H 1.096 | V 0.004 | pL 0.000 | vL 0.000 | delta 0.004
U 300 | F 614400 | FPS 0026 | D 21246 | rR:mu sigma m M 0.00 0.00 0.00 0.00 | F:mu sigma m M 171.0 200.6 24.0 880.0 | H 1.098 | V 0.001 | pL 0.000 | vL 0.000 | delta 0.002
U 301 | F 616448 | FPS 0033 | D 21308 | rR:mu sigma m M 0.00 0.00 0.00 0.00 | F:mu sigma m M 237.8 189.7 24.0 880.0 | H 1.098 | V 0.002 | pL 0.000 | vL 0.000 | delta 0.001
U 302 | F 618496 | FPS 0030 | D 21377 | rR:mu sigma m M 0.00 0.00 0.00 0.00 | F:mu sigma m M 167.6 102.2 33.0 381.0 | H 1.099 | V 0.001 | pL 0.000 | vL 0.000 | delta 0.000
U 303 | F 620544 | FPS 0028 | D 21450 | rR:mu sigma m M 0.00 0.00 0.00 0.00 | F:mu sigma m M 144.8 164.8 30.0 629.0 | H 1.098 | V 0.001 | pL 0.000 | vL 0.000 | delta 0.001
U 304 | F 622592 | FPS 0030 | D 21517 | rR:mu sigma m M 0.00 0.00 0.00 0.00 | F:mu sigma m M 190.6 170.9 20.0 629.0 | H 1.098 | V 0.002 | pL -0.001 | vL 0.000 | delta 0.004
U 305 | F 624640 | FPS 0029 | D 21589 | rR:mu sigma m M 0.00 0.00 0.00 0.00 | F:mu sigma m M 150.5 125.6 31.0 508.0 | H 1.098 | V 0.002 | pL 0.001 | vL 0.000 | delta 0.003
U 306 | F 626688 | FPS 0030 | D 21656 | rR:mu sigma m M 0.00 0.00 0.00 0.00 | F:mu sigma m M 190.4 139.6 73.0 637.0 | H 1.099 | V 0.001 | pL 0.000 | vL 0.000 | delta 0.000
U 307 | F 628736 | FPS 0027 | D 21733 | rR:mu sigma m M 0.00 0.00 0.00 0.00 | F:mu sigma m M 194.7 140.8 21.0 637.0 | H 1.099 | V 0.000 | pL 0.000 | vL 0.000 | delta 0.000
U 308 | F 630784 | FPS 0027 | D 21808 | rR:mu sigma m M 0.00 0.00 0.00 0.00 | F:mu sigma m M 168.6 137.8 21.0 404.0 | H 1.099 | V 0.001 | pL 0.000 | vL 0.000 | delta 0.001
U 309 | F 632832 | FPS 0026 | D 21887 | rR:mu sigma m M 0.00 0.00 0.00 0.00 | F:mu sigma m M 225.1 216.6 25.0 900.0 | H 1.099 | V 0.001 | pL 0.000 | vL 0.000 | delta 0.000
U 310 | F 634880 | FPS 0029 | D 21958 | rR:mu sigma m M 0.00 0.00 0.00 0.00 | F:mu sigma m M 203.8 194.9 34.0 659.0 | H 1.098 | V 0.001 | pL 0.000 | vL 0.000 | delta 0.001
U 311 | F 636928 | FPS 0030 | D 22027 | rR:mu sigma m M 0.00 0.00 0.00 0.00 | F:mu sigma m M 183.6 158.3 29.0 656.0 | H 1.098 | V 0.000 | pL 0.000 | vL 0.000 | delta 0.001
U 312 | F 638976 | FPS 0029 | D 22099 | rR:mu sigma m M 0.00 0.00 0.00 0.00 | F:mu sigma m M 190.2 121.8 28.0 397.0 | H 1.098 | V 0.001 | pL 0.000 | vL 0.000 | delta 0.002
U 313 | F 641024 | FPS 0028 | D 22172 | rR:mu sigma m M 0.00 0.00 0.00 0.00 | F:mu sigma m M 180.9 133.4 25.0 397.0 | H 1.099 | V 0.000 | pL 0.000 | vL 0.000 | delta 0.000
U 314 | F 643072 | FPS 0027 | D 22247 | rR:mu sigma m M 0.00 0.00 0.00 0.00 | F:mu sigma m M 106.4 62.9 18.0 211.0 | H 1.098 | V 0.002 | pL -0.001 | vL 0.000 | delta 0.003
U 315 | F 645120 | FPS 0031 | D 22313 | rR:mu sigma m M 0.00 0.00 0.00 0.00 | F:mu sigma m M 164.1 168.6 23.0 622.0 | H 1.098 | V 0.001 | pL 0.000 | vL 0.000 | delta 0.001
U 316 | F 647168 | FPS 0028 | D 22387 | rR:mu sigma m M 0.01 0.05 0.00 0.22 | F:mu sigma m M 198.1 188.7 22.0 785.0 | H 1.098 | V 0.002 | pL -0.002 | vL 0.000 | delta 0.005
U 317 | F 649216 | FPS 0028 | D 22461 | rR:mu sigma m M 0.01 0.05 0.00 0.22 | F:mu sigma m M 198.6 187.1 22.0 785.0 | H 1.098 | V 0.001 | pL -0.000 | vL 0.000 | delta 0.001
U 318 | F 651264 | FPS 0029 | D 22531 | rR:mu sigma m M 0.00 0.00 0.00 0.00 | F:mu sigma m M 167.2 122.6 27.0 480.0 | H 1.096 | V 0.005 | pL 0.001 | vL 0.000 | delta 0.003
U 319 | F 653312 | FPS 0030 | D 22600 | rR:mu sigma m M 0.00 0.00 0.00 0.00 | F:mu sigma m M 189.2 217.9 15.0 866.0 | H 1.098 | V 0.003 | pL 0.001 | vL 0.000 | delta 0.002
U 320 | F 655360 | FPS 0027 | D 22676 | rR:mu sigma m M 0.00 0.00 0.00 0.00 | F:mu sigma m M 232.4 251.3 16.0 866.0 | H 1.099 | V 0.001 | pL 0.000 | vL 0.000 | delta 0.001
U 321 | F 657408 | FPS 0034 | D 22736 | rR:mu sigma m M 0.00 0.00 0.00 0.00 | F:mu sigma m M 133.4 145.4 21.0 668.0 | H 1.099 | V 0.000 | pL 0.000 | vL 0.000 | delta 0.000
U 322 | F 659456 | FPS 0030 | D 22804 | rR:mu sigma m M 0.00 0.00 0.00 0.00 | F:mu sigma m M 122.4 113.6 23.0 505.0 | H 1.098 | V 0.001 | pL 0.000 | vL 0.000 | delta 0.001
U 323 | F 661504 | FPS 0029 | D 22874 | rR:mu sigma m M 0.00 0.00 0.00 0.00 | F:mu sigma m M 133.9 129.3 23.0 505.0 | H 1.099 | V 0.000 | pL -0.000 | vL 0.000 | delta 0.000
U 324 | F 663552 | FPS 0026 | D 22954 | rR:mu sigma m M 0.00 0.00 0.00 0.00 | F:mu sigma m M 192.2 143.9 36.0 681.0 | H 1.099 | V 0.000 | pL 0.000 | vL 0.000 | delta 0.000
U 325 | F 665600 | FPS 0029 | D 23024 | rR:mu sigma m M 0.00 0.00 0.00 0.00 | F:mu sigma m M 291.0 221.9 91.0 847.0 | H 1.099 | V 0.000 | pL 0.000 | vL 0.000 | delta 0.000
U 326 | F 667648 | FPS 0032 | D 23088 | rR:mu sigma m M 0.00 0.00 0.00 0.00 | F:mu sigma m M 195.5 148.7 42.0 596.0 | H 1.099 | V 0.000 | pL 0.000 | vL 0.000 | delta 0.001
U 327 | F 669696 | FPS 0030 | D 23156 | rR:mu sigma m M 0.00 0.00 0.00 0.00 | F:mu sigma m M 170.5 161.9 33.0 655.0 | H 1.099 | V 0.001 | pL 0.000 | vL 0.000 | delta 0.001
U 328 | F 671744 | FPS 0026 | D 23234 | rR:mu sigma m M 0.00 0.00 0.00 0.00 | F:mu sigma m M 162.9 138.4 13.0 514.0 | H 1.099 | V 0.000 | pL -0.000 | vL 0.000 | delta 0.000
U 329 | F 673792 | FPS 0029 | D 23304 | rR:mu sigma m M 0.00 0.00 0.00 0.00 | F:mu sigma m M 196.4 140.5 35.0 547.0 | H 1.097 | V 0.002 | pL -0.001 | vL 0.000 | delta 0.002
U 330 | F 675840 | FPS 0031 | D 23371 | rR:mu sigma m M 0.00 0.00 0.00 0.00 | F:mu sigma m M 177.8 129.6 34.0 434.0 | H 1.097 | V 0.000 | pL 0.001 | vL 0.000 | delta 0.004
U 331 | F 677888 | FPS 0026 | D 23449 | rR:mu sigma m M 0.00 0.00 0.00 0.00 | F:mu sigma m M 161.9 81.3 44.0 331.0 | H 1.098 | V 0.002 | pL 0.000 | vL 0.000 | delta 0.003
U 332 | F 679936 | FPS 0028 | D 23523 | rR:mu sigma m M 0.00 0.00 0.00 0.00 | F:mu sigma m M 115.8 78.9 23.0 331.0 | H 1.099 | V -0.000 | pL -0.000 | vL 0.000 | delta 0.000
U 333 | F 681984 | FPS 0033 | D 23585 | rR:mu sigma m M 0.00 0.00 0.00 0.00 | F:mu sigma m M 148.4 133.8 7.0 528.0 | H 1.098 | V 0.000 | pL -0.000 | vL 0.000 | delta 0.001
U 334 | F 684032 | FPS 0028 | D 23657 | rR:mu sigma m M 0.00 0.00 0.00 0.00 | F:mu sigma m M 152.7 134.3 7.0 528.0 | H 1.098 | V -0.000 | pL 0.000 | vL 0.000 | delta 0.001
U 335 | F 686080 | FPS 0029 | D 23727 | rR:mu sigma m M 0.00 0.00 0.00 0.00 | F:mu sigma m M 158.4 118.7 42.0 515.0 | H 1.099 | V 0.000 | pL -0.000 | vL 0.000 | delta 0.001
U 336 | F 688128 | FPS 0030 | D 23794 | rR:mu sigma m M 0.00 0.00 0.00 0.00 | F:mu sigma m M 240.3 209.7 28.0 900.0 | H 1.098 | V 0.002 | pL -0.001 | vL 0.000 | delta 0.003
U 337 | F 690176 | FPS 0029 | D 23865 | rR:mu sigma m M 0.07 0.19 0.00 0.66 | F:mu sigma m M 153.1 123.8 33.0 519.0 | H 1.097 | V 0.004 | pL -0.006 | vL 0.001 | delta 0.012
U 338 | F 692224 | FPS 0027 | D 23940 | rR:mu sigma m M 0.00 0.00 0.00 0.00 | F:mu sigma m M 126.9 74.7 37.0 252.0 | H 1.099 | V -0.001 | pL -0.000 | vL 0.000 | delta 0.001
U 339 | F 694272 | FPS 0031 | D 24007 | rR:mu sigma m M 0.00 0.00 0.00 0.00 | F:mu sigma m M 157.6 99.4 18.0 352.0 | H 1.099 | V -0.001 | pL -0.000 | vL 0.000 | delta 0.000
U 340 | F 696320 | FPS 0027 | D 24082 | rR:mu sigma m M 0.00 0.00 0.00 0.00 | F:mu sigma m M 211.4 120.4 18.0 378.0 | H 1.098 | V 0.000 | pL -0.000 | vL 0.000 | delta 0.001
U 341 | F 698368 | FPS 0029 | D 24154 | rR:mu sigma m M 0.00 0.00 0.00 0.00 | F:mu sigma m M 170.4 87.6 32.0 337.0 | H 1.098 | V 0.001 | pL 0.000 | vL 0.000 | delta 0.001
U 342 | F 700416 | FPS 0027 | D 24230 | rR:mu sigma m M 0.00 0.00 0.00 0.00 | F:mu sigma m M 127.0 88.0 27.0 397.0 | H 1.098 | V 0.001 | pL 0.000 | vL 0.000 | delta 0.002
U 343 | F 702464 | FPS 0026 | D 24309 | rR:mu sigma m M 0.00 0.00 0.00 0.00 | F:mu sigma m M 207.5 193.4 22.0 825.0 | H 1.098 | V 0.001 | pL 0.000 | vL 0.000 | delta 0.002
U 344 | F 704512 | FPS 0025 | D 24391 | rR:mu sigma m M 0.00 0.00 0.00 0.00 | F:mu sigma m M 195.4 132.8 37.0 528.0 | H 1.099 | V 0.001 | pL 0.000 | vL 0.000 | delta 0.001
U 345 | F 706560 | FPS 0031 | D 24456 | rR:mu sigma m M 0.00 0.00 0.00 0.00 | F:mu sigma m M 196.9 126.1 37.0 528.0 | H 1.099 | V 0.001 | pL 0.000 | vL 0.000 | delta 0.000
U 346 | F 708608 | FPS 0030 | D 24525 | rR:mu sigma m M 0.00 0.00 0.00 0.00 | F:mu sigma m M 204.2 90.9 99.0 430.0 | H 1.098 | V 0.002 | pL 0.000 | vL 0.000 | delta 0.002
U 347 | F 710656 | FPS 0028 | D 24598 | rR:mu sigma m M 0.04 0.16 0.00 0.67 | F:mu sigma m M 168.2 143.3 28.0 575.0 | H 1.098 | V 0.004 | pL -0.003 | vL 0.001 | delta 0.009
U 348 | F 712704 | FPS 0027 | D 24674 | rR:mu sigma m M 0.00 0.00 0.00 0.00 | F:mu sigma m M 113.1 89.3 28.0 367.0 | H 1.097 | V -0.001 | pL -0.000 | vL 0.000 | delta 0.002
U 349 | F 714752 | FPS 0030 | D 24742 | rR:mu sigma m M 0.00 0.00 0.00 0.00 | F:mu sigma m M 173.9 207.1 34.0 900.0 | H 1.098 | V -0.002 | pL -0.001 | vL 0.000 | delta 0.001
U 350 | F 716800 | FPS 0030 | D 24811 | rR:mu sigma m M 0.00 0.00 0.00 0.00 | F:mu sigma m M 234.6 240.0 34.0 900.0 | H 1.095 | V 0.001 | pL -0.003 | vL 0.000 | delta 0.006
U 351 | F 718848 | FPS 0025 | D 24893 | rR:mu sigma m M 0.05 0.20 0.00 0.84 | F:mu sigma m M 183.8 109.5 42.0 366.0 | H 1.098 | V -0.003 | pL -0.003 | vL 0.000 | delta 0.003
U 352 | F 720896 | FPS 0033 | D 24956 | rR:mu sigma m M 0.00 0.00 0.00 0.00 | F:mu sigma m M 157.1 92.2 39.0 366.0 | H 1.099 | V -0.004 | pL -0.001 | vL 0.000 | delta 0.001
U 353 | F 722944 | FPS 0030 | D 25024 | rR:mu sigma m M 0.00 0.00 0.00 0.00 | F:mu sigma m M 179.3 161.1 30.0 711.0 | H 1.098 | V -0.002 | pL -0.001 | vL 0.000 | delta 0.002
U 354 | F 724992 | FPS 0030 | D 25092 | rR:mu sigma m M 0.00 0.00 0.00 0.00 | F:mu sigma m M 168.8 151.2 16.0 593.0 | H 1.098 | V -0.002 | pL -0.001 | vL 0.000 | delta 0.001
U 355 | F 727040 | FPS 0030 | D 25161 | rR:mu sigma m M 0.00 0.00 0.00 0.00 | F:mu sigma m M 201.0 203.2 55.0 900.0 | H 1.093 | V 0.005 | pL 0.001 | vL 0.000 | delta 0.006
U 356 | F 729088 | FPS 0029 | D 25232 | rR:mu sigma m M 0.04 0.14 0.00 0.56 | F:mu sigma m M 220.4 205.7 53.0 900.0 | H 1.093 | V 0.005 | pL -0.005 | vL 0.000 | delta 0.009
U 357 | F 731136 | FPS 0029 | D 25301 | rR:mu sigma m M 0.04 0.14 0.00 0.56 | F:mu sigma m M 205.2 137.4 39.0 600.0 | H 1.098 | V 0.001 | pL 0.000 | vL 0.000 | delta 0.001
U 358 | F 733184 | FPS 0030 | D 25370 | rR:mu sigma m M 0.00 0.00 0.00 0.00 | F:mu sigma m M 192.7 152.8 39.0 600.0 | H 1.099 | V 0.002 | pL 0.000 | vL 0.000 | delta 0.000
U 359 | F 735232 | FPS 0031 | D 25437 | rR:mu sigma m M 0.00 0.00 0.00 0.00 | F:mu sigma m M 182.9 114.5 41.0 448.0 | H 1.099 | V 0.001 | pL 0.000 | vL 0.000 | delta 0.000
U 360 | F 737280 | FPS 0029 | D 25507 | rR:mu sigma m M 0.00 0.00 0.00 0.00 | F:mu sigma m M 216.8 139.0 15.0 516.0 | H 1.099 | V 0.001 | pL 0.000 | vL 0.000 | delta 0.000
U 361 | F 739328 | FPS 0029 | D 25579 | rR:mu sigma m M 0.00 0.00 0.00 0.00 | F:mu sigma m M 220.8 186.8 15.0 794.0 | H 1.098 | V 0.003 | pL -0.002 | vL 0.000 | delta 0.005
U 362 | F 741376 | FPS 0031 | D 25644 | rR:mu sigma m M 0.05 0.19 0.00 0.79 | F:mu sigma m M 202.1 170.8 41.0 794.0 | H 1.090 | V 0.013 | pL -0.004 | vL 0.000 | delta 0.013
U 363 | F 743424 | FPS 0026 | D 25722 | rR:mu sigma m M 0.05 0.19 0.00 0.79 | F:mu sigma m M 153.2 91.6 41.0 369.0 | H 1.098 | V 0.001 | pL 0.000 | vL 0.000 | delta 0.002
U 364 | F 745472 | FPS 0028 | D 25795 | rR:mu sigma m M 0.04 0.16 0.00 0.67 | F:mu sigma m M 187.2 138.5 22.0 488.0 | H 1.088 | V 0.013 | pL -0.006 | vL 0.000 | delta 0.013
U 365 | F 747520 | FPS 0034 | D 25855 | rR:mu sigma m M 0.10 0.27 0.00 0.87 | F:mu sigma m M 164.6 132.2 29.0 482.0 | H 1.077 | V 0.047 | pL -0.006 | vL 0.002 | delta 0.022
U 366 | F 749568 | FPS 0030 | D 25922 | rR:mu sigma m M 0.11 0.28 0.00 0.87 | F:mu sigma m M 203.0 208.8 39.0 900.0 | H 1.096 | V 0.021 | pL -0.000 | vL 0.000 | delta 0.012
U 367 | F 751616 | FPS 0028 | D 25995 | rR:mu sigma m M 0.00 0.00 0.00 0.00 | F:mu sigma m M 122.3 56.8 37.0 223.0 | H 1.098 | V 0.006 | pL 0.002 | vL 0.000 | delta 0.003
U 368 | F 753664 | FPS 0029 | D 26065 | rR:mu sigma m M 0.00 0.00 0.00 0.00 | F:mu sigma m M 203.2 164.1 41.0 699.0 | H 1.097 | V 0.005 | pL 0.001 | vL 0.000 | delta 0.002
U 369 | F 755712 | FPS 0028 | D 26138 | rR:mu sigma m M 0.00 0.00 0.00 0.00 | F:mu sigma m M 135.8 94.3 33.0 316.0 | H 1.098 | V 0.005 | pL 0.001 | vL 0.000 | delta 0.001
U 370 | F 757760 | FPS 0031 | D 26204 | rR:mu sigma m M 0.05 0.21 0.00 0.86 | F:mu sigma m M 167.4 110.8 15.0 379.0 | H 1.094 | V 0.011 | pL -0.006 | vL 0.001 | delta 0.010
U 371 | F 759808 | FPS 0027 | D 26279 | rR:mu sigma m M 0.00 0.00 0.00 0.00 | F:mu sigma m M 140.1 134.7 19.0 611.0 | H 1.087 | V 0.012 | pL -0.001 | vL 0.001 | delta 0.012
U 372 | F 761856 | FPS 0031 | D 26344 | rR:mu sigma m M 0.06 0.21 0.00 0.89 | F:mu sigma m M 127.1 58.9 36.0 285.0 | H 1.079 | V 0.025 | pL -0.001 | vL 0.001 | delta 0.016
U 373 | F 763904 | FPS 0035 | D 26402 | rR:mu sigma m M 0.00 0.00 0.00 0.00 | F:mu sigma m M 142.9 113.0 36.0 444.0 | H 1.097 | V 0.003 | pL 0.000 | vL 0.000 | delta 0.004
U 374 | F 765952 | FPS 0031 | D 26468 | rR:mu sigma m M 0.00 0.00 0.00 0.00 | F:mu sigma m M 141.8 73.3 40.0 310.0 | H 1.098 | V 0.004 | pL -0.000 | vL 0.000 | delta 0.004
U 375 | F 768000 | FPS 0032 | D 26532 | rR:mu sigma m M 0.06 0.21 0.00 0.89 | F:mu sigma m M 182.6 138.6 40.0 614.0 | H 1.095 | V 0.011 | pL -0.005 | vL 0.000 | delta 0.011
U 376 | F 770048 | FPS 0030 | D 26600 | rR:mu sigma m M 0.06 0.21 0.00 0.89 | F:mu sigma m M 188.8 129.2 50.0 614.0 | H 1.096 | V 0.004 | pL 0.001 | vL 0.000 | delta 0.007
U 377 | F 772096 | FPS 0029 | D 26671 | rR:mu sigma m M 0.00 0.00 0.00 0.00 | F:mu sigma m M 153.3 105.9 44.0 416.0 | H 1.098 | V 0.003 | pL 0.001 | vL 0.000 | delta 0.001
U 378 | F 774144 | FPS 0027 | D 26747 | rR:mu sigma m M 0.00 0.00 0.00 0.00 | F:mu sigma m M 184.2 126.1 48.0 473.0 | H 1.098 | V 0.002 | pL 0.001 | vL 0.000 | delta 0.000
U 379 | F 776192 | FPS 0028 | D 26821 | rR:mu sigma m M 0.00 0.00 0.00 0.00 | F:mu sigma m M 216.1 160.6 23.0 630.0 | H 1.099 | V 0.002 | pL 0.001 | vL 0.000 | delta 0.000
U 380 | F 778240 | FPS 0032 | D 26885 | rR:mu sigma m M 0.00 0.00 0.00 0.00 | F:mu sigma m M 128.1 80.5 38.0 289.0 | H 1.098 | V 0.001 | pL 0.000 | vL 0.000 | delta 0.002
U 381 | F 780288 | FPS 0032 | D 26949 | rR:mu sigma m M 0.00 0.00 0.00 0.00 | F:mu sigma m M 157.1 139.9 38.0 614.0 | H 1.098 | V 0.002 | pL 0.001 | vL 0.000 | delta 0.003
U 382 | F 782336 | FPS 0031 | D 27016 | rR:mu sigma m M 0.00 0.00 0.00 0.00 | F:mu sigma m M 166.1 126.6 23.0 489.0 | H 1.098 | V 0.001 | pL 0.000 | vL 0.000 | delta 0.001
U 383 | F 784384 | FPS 0031 | D 27083 | rR:mu sigma m M 0.00 0.00 0.00 0.00 | F:mu sigma m M 157.6 99.6 40.0 411.0 | H 1.097 | V 0.002 | pL 0.000 | vL 0.000 | delta 0.003
U 384 | F 786432 | FPS 0029 | D 27154 | rR:mu sigma m M 0.00 0.00 0.00 0.00 | F:mu sigma m M 138.2 79.5 12.0 309.0 | H 1.098 | V 0.001 | pL 0.000 | vL 0.000 | delta 0.002
U 385 | F 788480 | FPS 0026 | D 27233 | rR:mu sigma m M 0.00 0.00 0.00 0.00 | F:mu sigma m M 149.4 66.0 42.0 280.0 | H 1.099 | V 0.000 | pL 0.000 | vL 0.000 | delta 0.000
U 386 | F 790528 | FPS 0025 | D 27314 | rR:mu sigma m M 0.00 0.00 0.00 0.00 | F:mu sigma m M 166.9 142.1 44.0 663.0 | H 1.098 | V 0.000 | pL 0.000 | vL 0.000 | delta 0.000
U 387 | F 792576 | FPS 0025 | D 27395 | rR:mu sigma m M 0.00 0.00 0.00 0.00 | F:mu sigma m M 175.2 148.2 52.0 663.0 | H 1.099 | V 0.000 | pL 0.000 | vL 0.000 | delta 0.000
U 388 | F 794624 | FPS 0030 | D 27463 | rR:mu sigma m M 0.00 0.00 0.00 0.00 | F:mu sigma m M 171.6 106.3 9.0 372.0 | H 1.099 | V 0.000 | pL 0.000 | vL 0.000 | delta 0.000
U 389 | F 796672 | FPS 0031 | D 27529 | rR:mu sigma m M 0.00 0.00 0.00 0.00 | F:mu sigma m M 167.1 160.8 9.0 673.0 | H 1.094 | V 0.003 | pL 0.000 | vL 0.000 | delta 0.003
U 390 | F 798720 | FPS 0027 | D 27604 | rR:mu sigma m M 0.04 0.15 0.00 0.63 | F:mu sigma m M 164.4 149.5 43.0 658.0 | H 1.092 | V 0.007 | pL -0.004 | vL 0.001 | delta 0.010
U 391 | F 800768 | FPS 0029 | D 27674 | rR:mu sigma m M 0.00 0.00 0.00 0.00 | F:mu sigma m M 187.5 182.4 42.0 658.0 | H 1.098 | V 0.004 | pL 0.001 | vL 0.000 | delta 0.003
U 392 | F 802816 | FPS 0030 | D 27743 | rR:mu sigma m M 0.03 0.11 0.00 0.47 | F:mu sigma m M 233.6 176.2 32.0 557.0 | H 1.092 | V 0.010 | pL -0.003 | vL 0.001 | delta 0.008
U 393 | F 804864 | FPS 0027 | D 27818 | rR:mu sigma m M 0.00 0.00 0.00 0.00 | F:mu sigma m M 197.9 139.2 34.0 535.0 | H 1.097 | V 0.004 | pL 0.001 | vL 0.000 | delta 0.003
U 394 | F 806912 | FPS 0029 | D 27888 | rR:mu sigma m M 0.00 0.00 0.00 0.00 | F:mu sigma m M 182.4 160.3 21.0 595.0 | H 1.097 | V 0.006 | pL 0.000 | vL 0.000 | delta 0.002
U 395 | F 808960 | FPS 0028 | D 27961 | rR:mu sigma m M 0.00 0.00 0.00 0.00 | F:mu sigma m M 133.9 106.5 21.0 368.0 | H 1.097 | V 0.005 | pL 0.001 | vL 0.000 | delta 0.002
U 396 | F 811008 | FPS 0028 | D 28034 | rR:mu sigma m M 0.00 0.00 0.00 0.00 | F:mu sigma m M 183.9 89.9 65.0 368.0 | H 1.098 | V 0.003 | pL 0.001 | vL 0.000 | delta 0.001
U 397 | F 813056 | FPS 0033 | D 28097 | rR:mu sigma m M 0.00 0.00 0.00 0.00 | F:mu sigma m M 166.3 153.0 19.0 556.0 | H 1.097 | V 0.007 | pL -0.001 | vL 0.000 | delta 0.006
U 398 | F 815104 | FPS 0030 | D 28165 | rR:mu sigma m M 0.05 0.19 0.00 0.80 | F:mu sigma m M 166.7 196.3 36.0 877.0 | H 1.094 | V 0.013 | pL -0.004 | vL 0.001 | delta 0.024
U 399 | F 817152 | FPS 0029 | D 28237 | rR:mu sigma m M 0.00 0.00 0.00 0.00 | F:mu sigma m M 200.8 200.2 36.0 877.0 | H 1.098 | V -0.008 | pL -0.002 | vL 0.000 | delta 0.002
U 400 | F 819200 | FPS 0030 | D 28305 | rR:mu sigma m M 0.00 0.00 0.00 0.00 | F:mu sigma m M 196.3 117.7 60.0 451.0 | H 1.095 | V -0.003 | pL -0.003 | vL 0.000 | delta 0.005
U 401 | F 821248 | FPS 0036 | D 28362 | rR:mu sigma m M 0.04 0.16 0.00 0.68 | F:mu sigma m M 183.1 126.7 39.0 522.0 | H 1.089 | V 0.006 | pL -0.004 | vL 0.001 | delta 0.015
U 402 | F 823296 | FPS 0028 | D 28435 | rR:mu sigma m M 0.00 0.00 0.00 0.00 | F:mu sigma m M 160.4 117.6 25.0 431.0 | H 1.098 | V -0.004 | pL -0.002 | vL 0.000 | delta 0.002
U 403 | F 825344 | FPS 0032 | D 28500 | rR:mu sigma m M 0.00 0.00 0.00 0.00 | F:mu sigma m M 133.4 70.4 54.0 337.0 | H 1.095 | V -0.001 | pL 0.001 | vL 0.000 | delta 0.007
U 404 | F 827392 | FPS 0031 | D 28565 | rR:mu sigma m M 0.00 0.00 0.00 0.00 | F:mu sigma m M 187.7 106.0 20.0 390.0 | H 1.098 | V 0.000 | pL 0.000 | vL 0.000 | delta 0.001
U 405 | F 829440 | FPS 0030 | D 28633 | rR:mu sigma m M 0.00 0.00 0.00 0.00 | F:mu sigma m M 189.6 120.9 36.0 456.0 | H 1.099 | V 0.001 | pL 0.000 | vL 0.000 | delta 0.001
U 406 | F 831488 | FPS 0030 | D 28701 | rR:mu sigma m M 0.00 0.00 0.00 0.00 | F:mu sigma m M 167.4 107.1 47.0 456.0 | H 1.092 | V 0.004 | pL -0.001 | vL 0.000 | delta 0.005
U 407 | F 833536 | FPS 0033 | D 28764 | rR:mu sigma m M 0.04 0.16 0.00 0.65 | F:mu sigma m M 202.1 106.4 31.0 405.0 | H 1.088 | V 0.010 | pL -0.004 | vL 0.000 | delta 0.014
U 408 | F 835584 | FPS 0028 | D 28837 | rR:mu sigma m M 0.05 0.20 0.00 0.81 | F:mu sigma m M 151.1 99.5 29.0 396.0 | H 1.093 | V 0.008 | pL -0.007 | vL 0.001 | delta 0.020
U 409 | F 837632 | FPS 0031 | D 28904 | rR:mu sigma m M 0.05 0.20 0.00 0.81 | F:mu sigma m M 167.6 148.8 23.0 585.0 | H 1.098 | V 0.000 | pL -0.000 | vL 0.000 | delta 0.004
U 410 | F 839680 | FPS 0028 | D 28976 | rR:mu sigma m M 0.05 0.20 0.00 0.81 | F:mu sigma m M 151.4 100.4 20.0 379.0 | H 1.090 | V 0.008 | pL -0.006 | vL 0.001 | delta 0.015
U 411 | F 841728 | FPS 0030 | D 29044 | rR:mu sigma m M 0.00 0.00 0.00 0.00 | F:mu sigma m M 120.6 95.0 18.0 324.0 | H 1.098 | V 0.001 | pL 0.000 | vL 0.000 | delta 0.001
U 412 | F 843776 | FPS 0032 | D 29108 | rR:mu sigma m M 0.00 0.00 0.00 0.00 | F:mu sigma m M 100.1 56.9 38.0 216.0 | H 1.098 | V 0.002 | pL 0.000 | vL 0.000 | delta 0.002
U 413 | F 845824 | FPS 0031 | D 29174 | rR:mu sigma m M 0.04 0.16 0.00 0.70 | F:mu sigma m M 152.9 158.9 29.0 700.0 | H 1.089 | V 0.008 | pL -0.005 | vL 0.001 | delta 0.028
U 414 | F 847872 | FPS 0035 | D 29232 | rR:mu sigma m M 0.00 0.00 0.00 0.00 | F:mu sigma m M 161.5 199.5 9.0 831.0 | H 1.096 | V 0.015 | pL 0.005 | vL 0.000 | delta 0.004
U 415 | F 849920 | FPS 0031 | D 29298 | rR:mu sigma m M 0.00 0.00 0.00 0.00 | F:mu sigma m M 125.0 77.6 9.0 312.0 | H 1.098 | V 0.012 | pL 0.003 | vL 0.000 | delta 0.003
U 416 | F 851968 | FPS 0030 | D 29367 | rR:mu sigma m M 0.05 0.20 0.00 0.82 | F:mu sigma m M 186.7 135.4 53.0 625.0 | H 1.075 | V 0.039 | pL -0.005 | vL 0.002 | delta 0.025
U 417 | F 854016 | FPS 0027 | D 29442 | rR:mu sigma m M 0.04 0.17 0.00 0.71 | F:mu sigma m M 134.2 80.2 20.0 291.0 | H 1.096 | V 0.008 | pL 0.001 | vL 0.000 | delta 0.008
U 418 | F 856064 | FPS 0033 | D 29504 | rR:mu sigma m M 0.00 0.00 0.00 0.00 | F:mu sigma m M 140.4 68.3 20.0 269.0 | H 1.097 | V 0.004 | pL 0.001 | vL 0.000 | delta 0.009
U 419 | F 858112 | FPS 0033 | D 29566 | rR:mu sigma m M 0.00 0.00 0.00 0.00 | F:mu sigma m M 147.0 119.8 11.0 438.0 | H 1.098 | V 0.003 | pL 0.001 | vL 0.000 | delta 0.002
U 420 | F 860160 | FPS 0028 | D 29639 | rR:mu sigma m M 0.00 0.00 0.00 0.00 | F:mu sigma m M 149.1 83.5 32.0 363.0 | H 1.085 | V 0.017 | pL 0.004 | vL 0.001 | delta 0.014
U 421 | F 862208 | FPS 0028 | D 29712 | rR:mu sigma m M 0.04 0.15 0.00 0.63 | F:mu sigma m M 158.7 83.0 32.0 368.0 | H 1.074 | V 0.027 | pL -0.004 | vL 0.001 | delta 0.013
U 422 | F 864256 | FPS 0036 | D 29769 | rR:mu sigma m M 0.10 0.26 0.00 0.87 | F:mu sigma m M 153.9 88.5 19.0 345.0 | H 1.086 | V 0.028 | pL -0.004 | vL 0.001 | delta 0.015
U 423 | F 866304 | FPS 0029 | D 29839 | rR:mu sigma m M 0.04 0.17 0.00 0.71 | F:mu sigma m M 211.6 239.1 19.0 900.0 | H 1.080 | V 0.017 | pL -0.001 | vL 0.001 | delta 0.017
U 424 | F 868352 | FPS 0033 | D 29901 | rR:mu sigma m M 0.10 0.27 0.00 0.93 | F:mu sigma m M 223.6 217.8 23.0 900.0 | H 1.083 | V 0.023 | pL -0.003 | vL 0.001 | delta 0.019
U 425 | F 870400 | FPS 0038 | D 29956 | rR:mu sigma m M 0.06 0.21 0.00 0.89 | F:mu sigma m M 194.1 164.8 23.0 558.0 | H 1.076 | V 0.026 | pL -0.002 | vL 0.001 | delta 0.022
U 426 | F 872448 | FPS 0030 | D 30023 | rR:mu sigma m M 0.04 0.17 0.00 0.69 | F:mu sigma m M 206.7 147.0 26.0 492.0 | H 1.059 | V 0.040 | pL 0.006 | vL 0.002 | delta 0.019
U 427 | F 874496 | FPS 0031 | D 30090 | rR:mu sigma m M 0.05 0.18 0.00 0.72 | F:mu sigma m M 150.8 133.4 11.0 492.0 | H 1.077 | V 0.040 | pL -0.002 | vL 0.001 | delta 0.013
U 428 | F 876544 | FPS 0033 | D 30152 | rR:mu sigma m M 0.10 0.27 0.00 0.91 | F:mu sigma m M 153.8 91.3 23.0 338.0 | H 1.090 | V 0.022 | pL 0.002 | vL 0.000 | delta 0.007
U 429 | F 878592 | FPS 0033 | D 30213 | rR:mu sigma m M 0.08 0.22 0.00 0.84 | F:mu sigma m M 176.2 140.7 29.0 552.0 | H 1.074 | V 0.032 | pL -0.004 | vL 0.002 | delta 0.027
U 430 | F 880640 | FPS 0035 | D 30272 | rR:mu sigma m M 0.15 0.33 0.00 0.94 | F:mu sigma m M 216.7 209.8 16.0 834.0 | H 0.995 | V 0.105 | pL -0.012 | vL 0.007 | delta 0.044
U 431 | F 882688 | FPS 0037 | D 30328 | rR:mu sigma m M 0.11 0.29 0.00 0.94 | F:mu sigma m M 144.9 76.5 13.0 293.0 | H 1.029 | V 0.097 | pL 0.009 | vL 0.007 | delta 0.047
U 432 | F 884736 | FPS 0038 | D 30383 | rR:mu sigma m M 0.26 0.39 0.00 0.94 | F:mu sigma m M 140.5 54.7 59.0 260.0 | H 1.000 | V 0.133 | pL -0.008 | vL 0.004 | delta 0.037
U 433 | F 886784 | FPS 0040 | D 30434 | rR:mu sigma m M 0.41 0.42 0.00 0.92 | F:mu sigma m M 145.5 82.0 22.0 329.0 | H 0.900 | V 0.226 | pL -0.018 | vL 0.006 | delta 0.045
U 434 | F 888832 | FPS 0044 | D 30480 | rR:mu sigma m M 0.50 0.43 0.00 0.94 | F:mu sigma m M 103.3 55.0 12.0 245.0 | H 0.937 | V 0.225 | pL -0.032 | vL 0.006 | delta 0.049
U 435 | F 890880 | FPS 0044 | D 30526 | rR:mu sigma m M 0.40 0.44 0.00 0.95 | F:mu sigma m M 84.4 66.5 18.0 349.0 | H 0.937 | V 0.235 | pL -0.023 | vL 0.007 | delta 0.052
U 436 | F 892928 | FPS 0052 | D 30566 | rR:mu sigma m M 0.42 0.44 0.00 0.93 | F:mu sigma m M 94.3 61.8 13.0 336.0 | H 0.894 | V 0.302 | pL -0.024 | vL 0.010 | delta 0.066
U 437 | F 894976 | FPS 0050 | D 30607 | rR:mu sigma m M 0.63 0.42 0.00 0.96 | F:mu sigma m M 70.6 35.9 7.0 162.0 | H 0.840 | V 0.380 | pL -0.064 | vL 0.011 | delta 0.079
U 438 | F 897024 | FPS 0056 | D 30644 | rR:mu sigma m M 0.73 0.36 0.00 0.95 | F:mu sigma m M 80.5 32.1 26.0 158.0 | H 0.793 | V 0.450 | pL -0.058 | vL 0.010 | delta 0.089
U 439 | F 899072 | FPS 0056 | D 30680 | rR:mu sigma m M 0.87 0.23 0.00 0.97 | F:mu sigma m M 69.7 25.6 14.0 122.0 | H 0.766 | V 0.542 | pL -0.063 | vL 0.008 | delta 0.087
U 440 | F 901120 | FPS 0062 | D 30713 | rR:mu sigma m M 0.91 0.16 0.00 0.96 | F:mu sigma m M 60.0 20.7 28.0 129.0 | H 0.683 | V 0.628 | pL -0.048 | vL 0.006 | delta 0.068
U 441 | F 903168 | FPS 0067 | D 30744 | rR:mu sigma m M 0.90 0.20 0.00 0.97 | F:mu sigma m M 57.1 18.5 31.0 111.0 | H 0.583 | V 0.688 | pL -0.024 | vL 0.007 | delta 0.082
U 442 | F 905216 | FPS 0069 | D 30774 | rR:mu sigma m M 0.96 0.01 0.93 0.97 | F:mu sigma m M 44.8 9.5 29.0 66.0 | H 0.564 | V 0.735 | pL -0.036 | vL 0.002 | delta 0.034
agent reach optimality, start collecting trajectories
agent successfully collected 10 trajectories
pickling optimal trajectories
Model successfully saved
/home/rdali/.local/easybuild/software/2017/Core/miniconda3/4.3.27/envs/observe/lib/python3.6/site-packages/torch/nn/functional.py:1906: UserWarning: reduction: 'mean' divides the total loss by both the batch size and the support size.'batchmean' divides only by the batch size, and aligns with the KL div math definition.'mean' will be changed to behave the same as 'batchmean' in the next major release.
  warnings.warn("reduction: 'mean' divides the total loss by both the batch size and the support size."
