The following modules were not unloaded:
  (Use "module --force purge" to unload all):

  1) StdEnv/2018.3     4) gcccore/.7.3.0      7) intel/2018.3
  2) nixpkgs/16.09     5) icc/.2018.3.222     8) openmpi/3.1.2
  3) imkl/2018.3.222   6) ifort/.2018.3.222

Due to MODULEPATH changes, the following have been reloaded:
  1) openmpi/3.1.2

Attention: While Conda works well in a desktop environment, it tends to create more problems than it solves on a cluster. Instead, we recommend that users use virtual environments and the binary packages that we provide through Python wheels as documented on the Python page.
/home/rdali/RL/watch_and_learn/dependency/rl-starter-files/scripts/train_agent_multidem.py --env MiniGrid-LavaCrossingAddictO12S15-v0 --algo ppo --nameDemonstrator LavaCrossing1215Addict1,LavaCrossing1215Addict2,LavaCrossing1215Addict4,LavaCrossing1215Addict5,LavaCrossing1215Addict7,LavaCrossing1215Addict8,LavaCrossing1215Addict9,LavaCrossing1215Addict10 --flat-model 0 --KLweight 0.001 --useKL 1 --meanReward 0.80 --rewardLB 0.70 --seed 8790

Namespace(KLweight=0.001, algo='ppo', batch_size=256, clip_eps=0.2, discount=0.99, entropy_coef=0.01, env='MiniGrid-LavaCrossingAddictO12S15-v0', epochs=4, flat_model=0, frames=10000000, frames_per_proc=None, full_obs=0, gae_lambda=0.95, log_interval=1, lr=0.0007, max_grad_norm=0.5, meanReward=0.8, mem=False, model=None, nameDemonstrator='LavaCrossing1215Addict1,LavaCrossing1215Addict2,LavaCrossing1215Addict4,LavaCrossing1215Addict5,LavaCrossing1215Addict7,LavaCrossing1215Addict8,LavaCrossing1215Addict9,LavaCrossing1215Addict10', optim_alpha=0.99, optim_eps=1e-05, procs=16, recurrence=1, rewardLB=0.7, save_interval=0, seed=8790, tb=False, text=False, useKL=1, value_loss_coef=0.5)

Flat model successfully created

ACModel(
  (image_conv): Sequential(
    (0): Conv2d(3, 32, kernel_size=(2, 2), stride=(1, 1))
    (1): ReLU()
    (2): MaxPool2d(kernel_size=(2, 2), stride=(2, 2), padding=0, dilation=1, ceil_mode=False)
    (3): Conv2d(32, 64, kernel_size=(2, 2), stride=(1, 1))
    (4): ReLU()
    (5): Conv2d(64, 64, kernel_size=(2, 2), stride=(1, 1))
    (6): ReLU()
  )
  (actor): Sequential(
    (0): Linear(in_features=1600, out_features=64, bias=True)
    (1): Tanh()
    (2): Linear(in_features=64, out_features=3, bias=True)
  )
  (critic): Sequential(
    (0): Linear(in_features=1600, out_features=64, bias=True)
    (1): Tanh()
    (2): Linear(in_features=64, out_features=1, bias=True)
  )
)

CUDA available: False

1
True
0.001
Using TensorFlow backend.
OMP: Info #212: KMP_AFFINITY: decoding x2APIC ids.
OMP: Info #210: KMP_AFFINITY: Affinity capable, using global cpuid leaf 11 info
OMP: Info #154: KMP_AFFINITY: Initial OS proc set respected: 3,5,7,9,11
OMP: Info #156: KMP_AFFINITY: 5 available OS procs
OMP: Info #157: KMP_AFFINITY: Uniform topology
OMP: Info #179: KMP_AFFINITY: 1 packages x 5 cores/pkg x 1 threads/core (5 total cores)
OMP: Info #214: KMP_AFFINITY: OS proc to physical thread map:
OMP: Info #171: KMP_AFFINITY: OS proc 5 maps to package 1 core 1 
OMP: Info #171: KMP_AFFINITY: OS proc 9 maps to package 1 core 2 
OMP: Info #171: KMP_AFFINITY: OS proc 7 maps to package 1 core 3 
OMP: Info #171: KMP_AFFINITY: OS proc 3 maps to package 1 core 4 
OMP: Info #171: KMP_AFFINITY: OS proc 11 maps to package 1 core 12 
OMP: Info #250: KMP_AFFINITY: pid 354121 tid 354121 thread 0 bound to OS proc set 5
OMP: Info #250: KMP_AFFINITY: pid 354121 tid 354251 thread 1 bound to OS proc set 9
OMP: Info #250: KMP_AFFINITY: pid 354121 tid 354253 thread 3 bound to OS proc set 3
OMP: Info #250: KMP_AFFINITY: pid 354121 tid 354252 thread 2 bound to OS proc set 7
OMP: Info #250: KMP_AFFINITY: pid 354121 tid 354257 thread 4 bound to OS proc set 11
OMP: Info #250: KMP_AFFINITY: pid 354121 tid 354476 thread 5 bound to OS proc set 5
OMP: Info #250: KMP_AFFINITY: pid 354121 tid 354475 thread 6 bound to OS proc set 9
OMP: Info #250: KMP_AFFINITY: pid 354121 tid 354493 thread 7 bound to OS proc set 7
OMP: Info #250: KMP_AFFINITY: pid 354121 tid 354494 thread 8 bound to OS proc set 3
OMP: Info #250: KMP_AFFINITY: pid 354121 tid 354495 thread 9 bound to OS proc set 11
OMP: Info #250: KMP_AFFINITY: pid 354121 tid 354496 thread 10 bound to OS proc set 5
OMP: Info #250: KMP_AFFINITY: pid 354121 tid 354526 thread 11 bound to OS proc set 9
OMP: Info #250: KMP_AFFINITY: pid 354121 tid 354528 thread 13 bound to OS proc set 3
OMP: Info #250: KMP_AFFINITY: pid 354121 tid 354527 thread 12 bound to OS proc set 7
OMP: Info #250: KMP_AFFINITY: pid 354121 tid 354529 thread 14 bound to OS proc set 11
OMP: Info #250: KMP_AFFINITY: pid 354121 tid 354530 thread 15 bound to OS proc set 5
U 1 | F 002048 | FPS 0020 | D 103 | rR:mu sigma m M 0.00 0.00 0.00 0.00 | F:mu sigma m M 42.3 51.1 0.0 127.0 | H 1.097 | V -0.123 | pL -0.034 | vL 0.001 | delta 0.053
U 2 | F 004096 | FPS 0028 | D 175 | rR:mu sigma m M 0.00 0.00 0.00 0.00 | F:mu sigma m M 126.9 49.1 48.0 242.0 | H 1.093 | V -0.113 | pL -0.031 | vL 0.000 | delta 0.013
U 3 | F 006144 | FPS 0029 | D 246 | rR:mu sigma m M 0.00 0.00 0.00 0.00 | F:mu sigma m M 169.9 97.9 39.0 364.0 | H 1.095 | V -0.089 | pL -0.024 | vL 0.000 | delta 0.012
U 4 | F 008192 | FPS 0035 | D 305 | rR:mu sigma m M 0.00 0.00 0.00 0.00 | F:mu sigma m M 190.4 138.5 39.0 509.0 | H 1.098 | V -0.075 | pL -0.020 | vL 0.000 | delta 0.008
U 5 | F 010240 | FPS 0033 | D 368 | rR:mu sigma m M 0.00 0.00 0.00 0.00 | F:mu sigma m M 203.1 159.9 11.0 509.0 | H 1.098 | V -0.055 | pL -0.018 | vL 0.000 | delta 0.006
U 6 | F 012288 | FPS 0028 | D 441 | rR:mu sigma m M 0.00 0.00 0.00 0.00 | F:mu sigma m M 178.7 152.4 21.0 625.0 | H 1.097 | V -0.041 | pL -0.014 | vL 0.000 | delta 0.006
U 7 | F 014336 | FPS 0031 | D 508 | rR:mu sigma m M 0.00 0.00 0.00 0.00 | F:mu sigma m M 174.2 132.5 49.0 625.0 | H 1.097 | V -0.033 | pL -0.009 | vL 0.000 | delta 0.005
U 8 | F 016384 | FPS 0027 | D 584 | rR:mu sigma m M 0.00 0.00 0.00 0.00 | F:mu sigma m M 156.6 75.0 26.0 274.0 | H 1.098 | V -0.025 | pL -0.008 | vL 0.000 | delta 0.004
U 9 | F 018432 | FPS 0030 | D 653 | rR:mu sigma m M 0.00 0.00 0.00 0.00 | F:mu sigma m M 143.7 128.7 34.0 579.0 | H 1.098 | V -0.019 | pL -0.005 | vL 0.000 | delta 0.003
U 10 | F 020480 | FPS 0027 | D 728 | rR:mu sigma m M 0.00 0.00 0.00 0.00 | F:mu sigma m M 190.4 127.8 22.0 579.0 | H 1.098 | V -0.014 | pL -0.004 | vL 0.000 | delta 0.002
U 11 | F 022528 | FPS 0030 | D 796 | rR:mu sigma m M 0.00 0.00 0.00 0.00 | F:mu sigma m M 147.1 85.6 36.0 305.0 | H 1.098 | V -0.010 | pL -0.003 | vL 0.000 | delta 0.002
U 12 | F 024576 | FPS 0032 | D 859 | rR:mu sigma m M 0.00 0.00 0.00 0.00 | F:mu sigma m M 110.0 82.3 14.0 286.0 | H 1.099 | V -0.007 | pL -0.002 | vL 0.000 | delta 0.001
U 13 | F 026624 | FPS 0030 | D 927 | rR:mu sigma m M 0.00 0.00 0.00 0.00 | F:mu sigma m M 197.7 230.9 23.0 900.0 | H 1.099 | V -0.005 | pL -0.001 | vL 0.000 | delta 0.001
U 14 | F 028672 | FPS 0029 | D 998 | rR:mu sigma m M 0.05 0.20 0.00 0.81 | F:mu sigma m M 268.9 227.3 23.0 900.0 | H 1.092 | V 0.003 | pL -0.008 | vL 0.002 | delta 0.012
U 15 | F 030720 | FPS 0023 | D 1089 | rR:mu sigma m M 0.05 0.20 0.00 0.81 | F:mu sigma m M 217.7 161.6 32.0 603.0 | H 1.098 | V 0.002 | pL 0.000 | vL 0.000 | delta 0.002
U 16 | F 032768 | FPS 0027 | D 1166 | rR:mu sigma m M 0.00 0.00 0.00 0.00 | F:mu sigma m M 230.0 219.3 32.0 865.0 | H 1.098 | V 0.004 | pL 0.001 | vL 0.000 | delta 0.004
U 17 | F 034816 | FPS 0029 | D 1237 | rR:mu sigma m M 0.01 0.03 0.00 0.14 | F:mu sigma m M 216.6 185.9 37.0 859.0 | H 1.098 | V 0.003 | pL -0.000 | vL 0.000 | delta 0.002
U 18 | F 036864 | FPS 0028 | D 1310 | rR:mu sigma m M 0.00 0.00 0.00 0.00 | F:mu sigma m M 170.4 101.8 50.0 428.0 | H 1.099 | V 0.001 | pL 0.000 | vL 0.000 | delta 0.000
U 19 | F 038912 | FPS 0029 | D 1380 | rR:mu sigma m M 0.00 0.00 0.00 0.00 | F:mu sigma m M 179.8 140.3 23.0 574.0 | H 1.099 | V 0.001 | pL 0.000 | vL 0.000 | delta 0.000
U 20 | F 040960 | FPS 0032 | D 1444 | rR:mu sigma m M 0.00 0.00 0.00 0.00 | F:mu sigma m M 168.8 111.6 27.0 398.0 | H 1.099 | V 0.001 | pL 0.000 | vL 0.000 | delta 0.000
U 21 | F 043008 | FPS 0028 | D 1518 | rR:mu sigma m M 0.00 0.00 0.00 0.00 | F:mu sigma m M 137.9 132.5 24.0 488.0 | H 1.099 | V 0.001 | pL 0.000 | vL 0.000 | delta 0.000
U 22 | F 045056 | FPS 0026 | D 1597 | rR:mu sigma m M 0.00 0.00 0.00 0.00 | F:mu sigma m M 164.2 138.0 24.0 545.0 | H 1.099 | V 0.002 | pL -0.000 | vL 0.000 | delta 0.001
U 23 | F 047104 | FPS 0027 | D 1673 | rR:mu sigma m M 0.05 0.18 0.00 0.73 | F:mu sigma m M 178.4 89.4 69.0 344.0 | H 1.095 | V 0.009 | pL -0.005 | vL 0.001 | delta 0.016
U 24 | F 049152 | FPS 0029 | D 1744 | rR:mu sigma m M 0.00 0.00 0.00 0.00 | F:mu sigma m M 207.2 122.9 36.0 498.0 | H 1.098 | V -0.002 | pL -0.001 | vL 0.000 | delta 0.002
U 25 | F 051200 | FPS 0029 | D 1815 | rR:mu sigma m M 0.00 0.00 0.00 0.00 | F:mu sigma m M 214.9 131.6 27.0 498.0 | H 1.098 | V -0.001 | pL -0.002 | vL 0.000 | delta 0.003
U 26 | F 053248 | FPS 0028 | D 1889 | rR:mu sigma m M 0.00 0.00 0.00 0.00 | F:mu sigma m M 146.8 92.6 27.0 351.0 | H 1.098 | V -0.002 | pL 0.000 | vL 0.000 | delta 0.002
U 27 | F 055296 | FPS 0028 | D 1963 | rR:mu sigma m M 0.00 0.00 0.00 0.00 | F:mu sigma m M 137.1 91.2 43.0 354.0 | H 1.099 | V -0.002 | pL -0.001 | vL 0.000 | delta 0.000
U 28 | F 057344 | FPS 0028 | D 2035 | rR:mu sigma m M 0.00 0.00 0.00 0.00 | F:mu sigma m M 118.9 75.0 26.0 328.0 | H 1.099 | V -0.002 | pL -0.001 | vL 0.000 | delta 0.001
U 29 | F 059392 | FPS 0029 | D 2107 | rR:mu sigma m M 0.00 0.00 0.00 0.00 | F:mu sigma m M 144.1 110.6 26.0 454.0 | H 1.099 | V -0.001 | pL -0.000 | vL 0.000 | delta 0.000
U 30 | F 061440 | FPS 0032 | D 2172 | rR:mu sigma m M 0.00 0.00 0.00 0.00 | F:mu sigma m M 150.4 116.9 11.0 512.0 | H 1.099 | V -0.001 | pL -0.000 | vL 0.000 | delta 0.000
U 31 | F 063488 | FPS 0026 | D 2250 | rR:mu sigma m M 0.00 0.00 0.00 0.00 | F:mu sigma m M 148.1 140.8 11.0 512.0 | H 1.099 | V -0.000 | pL -0.000 | vL 0.000 | delta 0.000
U 32 | F 065536 | FPS 0028 | D 2324 | rR:mu sigma m M 0.00 0.00 0.00 0.00 | F:mu sigma m M 149.0 102.2 22.0 318.0 | H 1.099 | V -0.000 | pL -0.000 | vL 0.000 | delta 0.000
U 33 | F 067584 | FPS 0028 | D 2398 | rR:mu sigma m M 0.00 0.00 0.00 0.00 | F:mu sigma m M 135.6 93.4 22.0 310.0 | H 1.099 | V -0.000 | pL -0.000 | vL 0.000 | delta 0.000
U 34 | F 069632 | FPS 0026 | D 2476 | rR:mu sigma m M 0.00 0.00 0.00 0.00 | F:mu sigma m M 176.7 151.7 16.0 500.0 | H 1.099 | V 0.001 | pL -0.000 | vL 0.000 | delta 0.000
U 35 | F 071680 | FPS 0028 | D 2549 | rR:mu sigma m M 0.00 0.00 0.00 0.00 | F:mu sigma m M 209.9 188.2 36.0 589.0 | H 1.099 | V 0.000 | pL 0.000 | vL 0.000 | delta 0.000
U 36 | F 073728 | FPS 0032 | D 2613 | rR:mu sigma m M 0.00 0.00 0.00 0.00 | F:mu sigma m M 121.1 118.5 26.0 532.0 | H 1.099 | V 0.000 | pL -0.000 | vL 0.000 | delta 0.000
U 37 | F 075776 | FPS 0030 | D 2681 | rR:mu sigma m M 0.00 0.00 0.00 0.00 | F:mu sigma m M 164.9 159.0 26.0 621.0 | H 1.099 | V -0.000 | pL -0.000 | vL 0.000 | delta 0.000
U 38 | F 077824 | FPS 0031 | D 2748 | rR:mu sigma m M 0.00 0.00 0.00 0.00 | F:mu sigma m M 223.2 183.6 50.0 677.0 | H 1.098 | V 0.001 | pL 0.000 | vL 0.000 | delta 0.001
U 39 | F 079872 | FPS 0030 | D 2816 | rR:mu sigma m M 0.00 0.00 0.00 0.00 | F:mu sigma m M 222.0 176.2 46.0 677.0 | H 1.099 | V 0.001 | pL 0.000 | vL 0.000 | delta 0.001
U 40 | F 081920 | FPS 0026 | D 2894 | rR:mu sigma m M 0.00 0.00 0.00 0.00 | F:mu sigma m M 169.9 121.6 44.0 460.0 | H 1.099 | V 0.001 | pL 0.000 | vL 0.000 | delta 0.000
U 41 | F 083968 | FPS 0031 | D 2959 | rR:mu sigma m M 0.00 0.00 0.00 0.00 | F:mu sigma m M 143.8 108.1 34.0 359.0 | H 1.099 | V 0.001 | pL 0.000 | vL 0.000 | delta 0.000
U 42 | F 086016 | FPS 0026 | D 3039 | rR:mu sigma m M 0.05 0.20 0.00 0.84 | F:mu sigma m M 202.5 103.0 35.0 359.0 | H 1.083 | V 0.008 | pL -0.007 | vL 0.002 | delta 0.025
U 43 | F 088064 | FPS 0036 | D 3096 | rR:mu sigma m M 0.00 0.00 0.00 0.00 | F:mu sigma m M 122.9 68.7 20.0 287.0 | H 1.098 | V 0.002 | pL 0.000 | vL 0.000 | delta 0.001
U 44 | F 090112 | FPS 0030 | D 3165 | rR:mu sigma m M 0.00 0.00 0.00 0.00 | F:mu sigma m M 135.2 61.1 22.0 239.0 | H 1.098 | V 0.004 | pL 0.001 | vL 0.000 | delta 0.001
U 45 | F 092160 | FPS 0028 | D 3237 | rR:mu sigma m M 0.00 0.00 0.00 0.00 | F:mu sigma m M 262.8 206.9 38.0 900.0 | H 1.098 | V 0.003 | pL 0.001 | vL 0.000 | delta 0.001
U 46 | F 094208 | FPS 0031 | D 3304 | rR:mu sigma m M 0.00 0.00 0.00 0.00 | F:mu sigma m M 162.2 110.8 36.0 383.0 | H 1.099 | V 0.004 | pL 0.001 | vL 0.000 | delta 0.001
U 47 | F 096256 | FPS 0026 | D 3383 | rR:mu sigma m M 0.00 0.00 0.00 0.00 | F:mu sigma m M 170.6 90.1 46.0 400.0 | H 1.099 | V 0.002 | pL 0.001 | vL 0.000 | delta 0.001
U 48 | F 098304 | FPS 0027 | D 3459 | rR:mu sigma m M 0.00 0.00 0.00 0.00 | F:mu sigma m M 167.7 199.8 27.0 819.0 | H 1.099 | V 0.001 | pL 0.000 | vL 0.000 | delta 0.000
U 49 | F 100352 | FPS 0029 | D 3530 | rR:mu sigma m M 0.00 0.00 0.00 0.00 | F:mu sigma m M 107.9 49.2 47.0 237.0 | H 1.099 | V 0.001 | pL 0.000 | vL 0.000 | delta 0.000
U 50 | F 102400 | FPS 0032 | D 3594 | rR:mu sigma m M 0.00 0.00 0.00 0.00 | F:mu sigma m M 124.6 89.2 47.0 417.0 | H 1.099 | V 0.001 | pL 0.000 | vL 0.000 | delta 0.000
U 51 | F 104448 | FPS 0029 | D 3663 | rR:mu sigma m M 0.00 0.00 0.00 0.00 | F:mu sigma m M 241.0 143.0 68.0 526.0 | H 1.099 | V 0.001 | pL 0.000 | vL 0.000 | delta 0.000
U 52 | F 106496 | FPS 0029 | D 3734 | rR:mu sigma m M 0.00 0.00 0.00 0.00 | F:mu sigma m M 217.9 165.2 17.0 526.0 | H 1.099 | V 0.000 | pL 0.000 | vL 0.000 | delta 0.000
U 53 | F 108544 | FPS 0028 | D 3808 | rR:mu sigma m M 0.00 0.00 0.00 0.00 | F:mu sigma m M 200.8 147.8 37.0 467.0 | H 1.099 | V 0.000 | pL 0.000 | vL 0.000 | delta 0.000
U 54 | F 110592 | FPS 0028 | D 3881 | rR:mu sigma m M 0.00 0.00 0.00 0.00 | F:mu sigma m M 244.0 172.8 37.0 675.0 | H 1.099 | V 0.000 | pL 0.000 | vL 0.000 | delta 0.000
U 55 | F 112640 | FPS 0027 | D 3956 | rR:mu sigma m M 0.00 0.00 0.00 0.00 | F:mu sigma m M 183.1 118.1 37.0 472.0 | H 1.099 | V 0.000 | pL 0.000 | vL 0.000 | delta 0.000
U 56 | F 114688 | FPS 0029 | D 4027 | rR:mu sigma m M 0.00 0.00 0.00 0.00 | F:mu sigma m M 185.0 122.3 17.0 472.0 | H 1.099 | V 0.000 | pL 0.000 | vL 0.000 | delta 0.000
U 57 | F 116736 | FPS 0031 | D 4094 | rR:mu sigma m M 0.00 0.00 0.00 0.00 | F:mu sigma m M 150.2 121.6 17.0 478.0 | H 1.099 | V 0.000 | pL 0.000 | vL 0.000 | delta 0.000
U 58 | F 118784 | FPS 0030 | D 4162 | rR:mu sigma m M 0.00 0.00 0.00 0.00 | F:mu sigma m M 182.9 133.6 33.0 473.0 | H 1.099 | V 0.000 | pL 0.000 | vL 0.000 | delta 0.000
U 59 | F 120832 | FPS 0030 | D 4230 | rR:mu sigma m M 0.00 0.00 0.00 0.00 | F:mu sigma m M 159.9 118.2 37.0 487.0 | H 1.099 | V 0.000 | pL 0.000 | vL 0.000 | delta 0.000
U 60 | F 122880 | FPS 0029 | D 4300 | rR:mu sigma m M 0.00 0.00 0.00 0.00 | F:mu sigma m M 136.5 105.6 23.0 383.0 | H 1.099 | V 0.000 | pL 0.000 | vL 0.000 | delta 0.000
U 61 | F 124928 | FPS 0026 | D 4379 | rR:mu sigma m M 0.00 0.00 0.00 0.00 | F:mu sigma m M 147.6 97.5 23.0 317.0 | H 1.099 | V 0.000 | pL 0.000 | vL 0.000 | delta 0.000
U 62 | F 126976 | FPS 0028 | D 4453 | rR:mu sigma m M 0.00 0.00 0.00 0.00 | F:mu sigma m M 186.6 162.9 27.0 664.0 | H 1.099 | V 0.000 | pL 0.000 | vL 0.000 | delta 0.000
U 63 | F 129024 | FPS 0030 | D 4522 | rR:mu sigma m M 0.00 0.00 0.00 0.00 | F:mu sigma m M 145.1 108.6 27.0 419.0 | H 1.099 | V 0.000 | pL 0.000 | vL 0.000 | delta 0.000
U 64 | F 131072 | FPS 0027 | D 4598 | rR:mu sigma m M 0.00 0.00 0.00 0.00 | F:mu sigma m M 153.8 128.6 35.0 558.0 | H 1.099 | V 0.000 | pL 0.000 | vL 0.000 | delta 0.000
U 65 | F 133120 | FPS 0027 | D 4673 | rR:mu sigma m M 0.00 0.00 0.00 0.00 | F:mu sigma m M 154.9 133.3 35.0 468.0 | H 1.099 | V 0.000 | pL 0.000 | vL 0.000 | delta 0.000
U 66 | F 135168 | FPS 0027 | D 4748 | rR:mu sigma m M 0.00 0.00 0.00 0.00 | F:mu sigma m M 142.2 169.4 34.0 664.0 | H 1.099 | V -0.000 | pL -0.000 | vL 0.000 | delta 0.000
U 67 | F 137216 | FPS 0030 | D 4816 | rR:mu sigma m M 0.00 0.00 0.00 0.00 | F:mu sigma m M 141.6 101.0 34.0 384.0 | H 1.099 | V -0.000 | pL -0.000 | vL 0.000 | delta 0.000
U 68 | F 139264 | FPS 0028 | D 4889 | rR:mu sigma m M 0.00 0.00 0.00 0.00 | F:mu sigma m M 176.9 199.8 35.0 900.0 | H 1.099 | V 0.000 | pL 0.000 | vL 0.000 | delta 0.000
U 69 | F 141312 | FPS 0030 | D 4958 | rR:mu sigma m M 0.00 0.00 0.00 0.00 | F:mu sigma m M 222.8 226.9 34.0 900.0 | H 1.099 | V 0.000 | pL 0.000 | vL 0.000 | delta 0.000
U 70 | F 143360 | FPS 0028 | D 5031 | rR:mu sigma m M 0.00 0.00 0.00 0.00 | F:mu sigma m M 181.8 104.0 34.0 397.0 | H 1.099 | V 0.000 | pL -0.000 | vL 0.000 | delta 0.000
U 71 | F 145408 | FPS 0027 | D 5108 | rR:mu sigma m M 0.05 0.20 0.00 0.81 | F:mu sigma m M 159.7 78.1 49.0 351.0 | H 1.084 | V 0.008 | pL -0.007 | vL 0.002 | delta 0.038
U 72 | F 147456 | FPS 0033 | D 5171 | rR:mu sigma m M 0.00 0.00 0.00 0.00 | F:mu sigma m M 129.1 85.0 30.0 292.0 | H 1.098 | V -0.002 | pL -0.000 | vL 0.000 | delta 0.002
U 73 | F 149504 | FPS 0028 | D 5243 | rR:mu sigma m M 0.00 0.00 0.00 0.00 | F:mu sigma m M 130.2 111.6 9.0 382.0 | H 1.098 | V 0.001 | pL 0.000 | vL 0.000 | delta 0.003
U 74 | F 151552 | FPS 0025 | D 5325 | rR:mu sigma m M 0.00 0.00 0.00 0.00 | F:mu sigma m M 201.3 169.3 23.0 700.0 | H 1.099 | V 0.002 | pL 0.000 | vL 0.000 | delta 0.001
U 75 | F 153600 | FPS 0028 | D 5398 | rR:mu sigma m M 0.00 0.00 0.00 0.00 | F:mu sigma m M 179.3 105.9 23.0 387.0 | H 1.098 | V 0.002 | pL 0.000 | vL 0.000 | delta 0.000
U 76 | F 155648 | FPS 0025 | D 5479 | rR:mu sigma m M 0.00 0.00 0.00 0.00 | F:mu sigma m M 187.2 115.5 52.0 429.0 | H 1.099 | V 0.002 | pL 0.000 | vL 0.000 | delta 0.000
U 77 | F 157696 | FPS 0031 | D 5545 | rR:mu sigma m M 0.00 0.00 0.00 0.00 | F:mu sigma m M 172.2 112.8 18.0 386.0 | H 1.099 | V 0.001 | pL 0.000 | vL 0.000 | delta 0.000
U 78 | F 159744 | FPS 0031 | D 5612 | rR:mu sigma m M 0.00 0.00 0.00 0.00 | F:mu sigma m M 203.8 153.3 21.0 492.0 | H 1.099 | V 0.001 | pL 0.000 | vL 0.000 | delta 0.000
U 79 | F 161792 | FPS 0031 | D 5679 | rR:mu sigma m M 0.00 0.00 0.00 0.00 | F:mu sigma m M 155.0 111.8 23.0 389.0 | H 1.099 | V 0.001 | pL 0.000 | vL 0.000 | delta 0.000
U 80 | F 163840 | FPS 0030 | D 5747 | rR:mu sigma m M 0.00 0.00 0.00 0.00 | F:mu sigma m M 140.4 113.2 32.0 410.0 | H 1.099 | V 0.001 | pL 0.000 | vL 0.000 | delta 0.000
U 81 | F 165888 | FPS 0026 | D 5825 | rR:mu sigma m M 0.00 0.00 0.00 0.00 | F:mu sigma m M 126.3 118.5 18.0 500.0 | H 1.099 | V 0.001 | pL 0.000 | vL 0.000 | delta 0.000
U 82 | F 167936 | FPS 0025 | D 5908 | rR:mu sigma m M 0.00 0.00 0.00 0.00 | F:mu sigma m M 123.2 78.9 18.0 265.0 | H 1.099 | V 0.001 | pL 0.000 | vL 0.000 | delta 0.000
U 83 | F 169984 | FPS 0027 | D 5984 | rR:mu sigma m M 0.00 0.00 0.00 0.00 | F:mu sigma m M 212.4 145.1 48.0 511.0 | H 1.099 | V 0.001 | pL 0.000 | vL 0.000 | delta 0.000
U 84 | F 172032 | FPS 0024 | D 6069 | rR:mu sigma m M 0.00 0.00 0.00 0.00 | F:mu sigma m M 168.4 139.4 28.0 460.0 | H 1.099 | V 0.000 | pL 0.000 | vL 0.000 | delta 0.000
U 85 | F 174080 | FPS 0031 | D 6136 | rR:mu sigma m M 0.05 0.21 0.00 0.86 | F:mu sigma m M 122.5 69.1 49.0 262.0 | H 1.093 | V 0.006 | pL -0.006 | vL 0.002 | delta 0.017
U 86 | F 176128 | FPS 0031 | D 6201 | rR:mu sigma m M 0.00 0.00 0.00 0.00 | F:mu sigma m M 144.1 126.5 12.0 462.0 | H 1.098 | V -0.008 | pL -0.002 | vL 0.000 | delta 0.004
U 87 | F 178176 | FPS 0026 | D 6280 | rR:mu sigma m M 0.05 0.18 0.00 0.73 | F:mu sigma m M 156.9 102.0 12.0 337.0 | H 1.091 | V 0.001 | pL -0.007 | vL 0.001 | delta 0.020
U 88 | F 180224 | FPS 0031 | D 6345 | rR:mu sigma m M 0.05 0.18 0.00 0.73 | F:mu sigma m M 164.1 108.8 30.0 461.0 | H 1.095 | V 0.016 | pL 0.005 | vL 0.000 | delta 0.007
U 89 | F 182272 | FPS 0032 | D 6410 | rR:mu sigma m M 0.05 0.18 0.00 0.73 | F:mu sigma m M 155.9 117.6 30.0 461.0 | H 1.097 | V 0.022 | pL -0.006 | vL 0.001 | delta 0.015
U 90 | F 184320 | FPS 0031 | D 6476 | rR:mu sigma m M 0.10 0.27 0.00 0.88 | F:mu sigma m M 157.1 94.5 49.0 412.0 | H 1.091 | V 0.015 | pL -0.007 | vL 0.002 | delta 0.015
U 91 | F 186368 | FPS 0035 | D 6535 | rR:mu sigma m M 0.00 0.00 0.00 0.00 | F:mu sigma m M 152.3 100.6 32.0 337.0 | H 1.097 | V -0.007 | pL -0.000 | vL 0.000 | delta 0.006
U 92 | F 188416 | FPS 0028 | D 6609 | rR:mu sigma m M 0.00 0.00 0.00 0.00 | F:mu sigma m M 138.4 137.2 32.0 491.0 | H 1.098 | V -0.005 | pL -0.003 | vL 0.000 | delta 0.002
U 93 | F 190464 | FPS 0031 | D 6676 | rR:mu sigma m M 0.00 0.00 0.00 0.00 | F:mu sigma m M 150.4 100.0 30.0 319.0 | H 1.098 | V -0.003 | pL -0.001 | vL 0.000 | delta 0.001
U 94 | F 192512 | FPS 0031 | D 6742 | rR:mu sigma m M 0.00 0.00 0.00 0.00 | F:mu sigma m M 144.0 99.4 30.0 359.0 | H 1.098 | V -0.000 | pL -0.001 | vL 0.000 | delta 0.001
U 95 | F 194560 | FPS 0030 | D 6810 | rR:mu sigma m M 0.00 0.00 0.00 0.00 | F:mu sigma m M 114.1 54.5 17.0 200.0 | H 1.098 | V -0.000 | pL -0.000 | vL 0.000 | delta 0.001
U 96 | F 196608 | FPS 0030 | D 6878 | rR:mu sigma m M 0.00 0.00 0.00 0.00 | F:mu sigma m M 134.9 83.9 17.0 375.0 | H 1.099 | V -0.001 | pL -0.000 | vL 0.000 | delta 0.001
U 97 | F 198656 | FPS 0030 | D 6946 | rR:mu sigma m M 0.00 0.00 0.00 0.00 | F:mu sigma m M 180.9 162.2 18.0 574.0 | H 1.098 | V 0.000 | pL -0.000 | vL 0.000 | delta 0.001
U 98 | F 200704 | FPS 0030 | D 7015 | rR:mu sigma m M 0.00 0.00 0.00 0.00 | F:mu sigma m M 169.8 153.8 27.0 574.0 | H 1.099 | V 0.000 | pL -0.000 | vL 0.000 | delta 0.000
U 99 | F 202752 | FPS 0032 | D 7080 | rR:mu sigma m M 0.00 0.00 0.00 0.00 | F:mu sigma m M 163.5 110.2 27.0 476.0 | H 1.099 | V -0.000 | pL 0.000 | vL 0.000 | delta 0.000
U 100 | F 204800 | FPS 0029 | D 7152 | rR:mu sigma m M 0.00 0.00 0.00 0.00 | F:mu sigma m M 138.6 93.8 24.0 356.0 | H 1.099 | V 0.000 | pL -0.000 | vL 0.000 | delta 0.000
U 101 | F 206848 | FPS 0027 | D 7226 | rR:mu sigma m M 0.00 0.00 0.00 0.00 | F:mu sigma m M 134.1 81.2 33.0 356.0 | H 1.098 | V 0.000 | pL -0.000 | vL 0.000 | delta 0.000
U 102 | F 208896 | FPS 0026 | D 7305 | rR:mu sigma m M 0.00 0.00 0.00 0.00 | F:mu sigma m M 154.8 107.4 41.0 470.0 | H 1.098 | V 0.000 | pL 0.000 | vL 0.000 | delta 0.001
U 103 | F 210944 | FPS 0028 | D 7377 | rR:mu sigma m M 0.00 0.00 0.00 0.00 | F:mu sigma m M 153.9 113.2 23.0 459.0 | H 1.099 | V 0.001 | pL 0.000 | vL 0.000 | delta 0.001
U 104 | F 212992 | FPS 0029 | D 7449 | rR:mu sigma m M 0.00 0.00 0.00 0.00 | F:mu sigma m M 183.6 205.3 29.0 770.0 | H 1.099 | V 0.000 | pL -0.000 | vL 0.000 | delta 0.000
U 105 | F 215040 | FPS 0030 | D 7517 | rR:mu sigma m M 0.04 0.17 0.00 0.70 | F:mu sigma m M 160.4 111.4 29.0 433.0 | H 1.097 | V 0.005 | pL -0.006 | vL 0.001 | delta 0.020
U 106 | F 217088 | FPS 0029 | D 7587 | rR:mu sigma m M 0.04 0.17 0.00 0.70 | F:mu sigma m M 179.4 128.6 53.0 434.0 | H 1.098 | V 0.001 | pL -0.001 | vL 0.000 | delta 0.004
U 107 | F 219136 | FPS 0034 | D 7648 | rR:mu sigma m M 0.00 0.00 0.00 0.00 | F:mu sigma m M 149.0 142.1 24.0 619.0 | H 1.098 | V 0.002 | pL 0.001 | vL 0.000 | delta 0.002
U 108 | F 221184 | FPS 0026 | D 7726 | rR:mu sigma m M 0.00 0.00 0.00 0.00 | F:mu sigma m M 126.5 88.4 38.0 359.0 | H 1.098 | V 0.001 | pL -0.000 | vL 0.000 | delta 0.001
U 109 | F 223232 | FPS 0026 | D 7805 | rR:mu sigma m M 0.00 0.00 0.00 0.00 | F:mu sigma m M 155.0 160.9 34.0 574.0 | H 1.098 | V 0.001 | pL 0.000 | vL 0.000 | delta 0.002
U 110 | F 225280 | FPS 0029 | D 7877 | rR:mu sigma m M 0.04 0.17 0.00 0.70 | F:mu sigma m M 173.1 116.3 28.0 399.0 | H 1.095 | V 0.005 | pL -0.005 | vL 0.001 | delta 0.010
U 111 | F 227328 | FPS 0032 | D 7942 | rR:mu sigma m M 0.00 0.00 0.00 0.00 | F:mu sigma m M 139.6 127.9 19.0 472.0 | H 1.098 | V 0.001 | pL 0.000 | vL 0.000 | delta 0.001
U 112 | F 229376 | FPS 0029 | D 8013 | rR:mu sigma m M 0.00 0.00 0.00 0.00 | F:mu sigma m M 168.7 150.3 21.0 500.0 | H 1.098 | V 0.002 | pL 0.000 | vL 0.000 | delta 0.001
U 113 | F 231424 | FPS 0032 | D 8076 | rR:mu sigma m M 0.00 0.00 0.00 0.00 | F:mu sigma m M 133.3 81.3 34.0 281.0 | H 1.098 | V 0.002 | pL 0.001 | vL 0.000 | delta 0.002
U 114 | F 233472 | FPS 0024 | D 8160 | rR:mu sigma m M 0.00 0.00 0.00 0.00 | F:mu sigma m M 116.5 67.2 16.0 281.0 | H 1.098 | V 0.003 | pL 0.001 | vL 0.000 | delta 0.001
U 115 | F 235520 | FPS 0027 | D 8235 | rR:mu sigma m M 0.00 0.00 0.00 0.00 | F:mu sigma m M 155.2 82.6 16.0 308.0 | H 1.098 | V 0.003 | pL 0.001 | vL 0.000 | delta 0.001
U 116 | F 237568 | FPS 0028 | D 8308 | rR:mu sigma m M 0.00 0.00 0.00 0.00 | F:mu sigma m M 173.6 106.7 21.0 348.0 | H 1.099 | V 0.002 | pL 0.000 | vL 0.000 | delta 0.000
U 117 | F 239616 | FPS 0028 | D 8380 | rR:mu sigma m M 0.00 0.00 0.00 0.00 | F:mu sigma m M 233.8 223.2 12.0 763.0 | H 1.098 | V 0.001 | pL 0.000 | vL 0.000 | delta 0.000
U 118 | F 241664 | FPS 0030 | D 8448 | rR:mu sigma m M 0.05 0.20 0.00 0.82 | F:mu sigma m M 149.2 109.9 32.0 496.0 | H 1.097 | V 0.008 | pL -0.007 | vL 0.001 | delta 0.011
U 119 | F 243712 | FPS 0027 | D 8526 | rR:mu sigma m M 0.00 0.00 0.00 0.00 | F:mu sigma m M 148.1 124.5 19.0 448.0 | H 1.098 | V 0.000 | pL 0.000 | vL 0.000 | delta 0.001
U 120 | F 245760 | FPS 0028 | D 8598 | rR:mu sigma m M 0.00 0.00 0.00 0.00 | F:mu sigma m M 143.2 115.5 32.0 487.0 | H 1.098 | V -0.000 | pL -0.000 | vL 0.000 | delta 0.000
U 121 | F 247808 | FPS 0029 | D 8670 | rR:mu sigma m M 0.00 0.00 0.00 0.00 | F:mu sigma m M 163.3 115.8 39.0 487.0 | H 1.097 | V 0.007 | pL -0.004 | vL 0.000 | delta 0.008
U 122 | F 249856 | FPS 0025 | D 8752 | rR:mu sigma m M 0.05 0.18 0.00 0.75 | F:mu sigma m M 154.3 103.6 33.0 341.0 | H 1.096 | V 0.012 | pL 0.001 | vL 0.000 | delta 0.008
U 123 | F 251904 | FPS 0028 | D 8824 | rR:mu sigma m M 0.00 0.00 0.00 0.00 | F:mu sigma m M 136.6 84.6 33.0 313.0 | H 1.090 | V 0.027 | pL -0.003 | vL 0.001 | delta 0.011
U 124 | F 253952 | FPS 0028 | D 8897 | rR:mu sigma m M 0.03 0.13 0.00 0.55 | F:mu sigma m M 137.7 150.1 20.0 522.0 | H 1.095 | V 0.021 | pL -0.001 | vL 0.001 | delta 0.011
U 125 | F 256000 | FPS 0033 | D 8959 | rR:mu sigma m M 0.04 0.14 0.00 0.56 | F:mu sigma m M 178.4 191.2 20.0 661.0 | H 1.096 | V 0.015 | pL -0.003 | vL 0.001 | delta 0.010
U 126 | F 258048 | FPS 0032 | D 9022 | rR:mu sigma m M 0.06 0.15 0.00 0.56 | F:mu sigma m M 181.9 166.3 19.0 654.0 | H 1.093 | V 0.015 | pL 0.001 | vL 0.000 | delta 0.008
U 127 | F 260096 | FPS 0030 | D 9090 | rR:mu sigma m M 0.00 0.00 0.00 0.00 | F:mu sigma m M 215.8 217.2 33.0 900.0 | H 1.098 | V 0.003 | pL 0.002 | vL 0.000 | delta 0.002
U 128 | F 262144 | FPS 0030 | D 9160 | rR:mu sigma m M 0.00 0.00 0.00 0.00 | F:mu sigma m M 191.3 207.1 34.0 900.0 | H 1.098 | V 0.004 | pL 0.000 | vL 0.000 | delta 0.001
U 129 | F 264192 | FPS 0032 | D 9223 | rR:mu sigma m M 0.00 0.00 0.00 0.00 | F:mu sigma m M 169.1 126.2 35.0 502.0 | H 1.098 | V 0.003 | pL 0.001 | vL 0.000 | delta 0.001
U 130 | F 266240 | FPS 0027 | D 9298 | rR:mu sigma m M 0.00 0.00 0.00 0.00 | F:mu sigma m M 175.8 115.0 37.0 414.0 | H 1.097 | V 0.002 | pL 0.001 | vL 0.000 | delta 0.002
U 131 | F 268288 | FPS 0032 | D 9362 | rR:mu sigma m M 0.00 0.00 0.00 0.00 | F:mu sigma m M 134.4 80.0 26.0 284.0 | H 1.098 | V 0.002 | pL 0.001 | vL 0.000 | delta 0.001
U 132 | F 270336 | FPS 0031 | D 9428 | rR:mu sigma m M 0.00 0.00 0.00 0.00 | F:mu sigma m M 162.1 119.0 26.0 476.0 | H 1.097 | V 0.004 | pL -0.002 | vL 0.000 | delta 0.004
U 133 | F 272384 | FPS 0028 | D 9502 | rR:mu sigma m M 0.10 0.26 0.00 0.83 | F:mu sigma m M 165.4 113.7 22.0 362.0 | H 1.093 | V 0.023 | pL -0.006 | vL 0.002 | delta 0.021
U 134 | F 274432 | FPS 0032 | D 9565 | rR:mu sigma m M 0.00 0.00 0.00 0.00 | F:mu sigma m M 128.7 81.2 12.0 269.0 | H 1.092 | V -0.000 | pL -0.001 | vL 0.000 | delta 0.006
U 135 | F 276480 | FPS 0035 | D 9624 | rR:mu sigma m M 0.00 0.00 0.00 0.00 | F:mu sigma m M 139.2 102.9 15.0 408.0 | H 1.096 | V 0.002 | pL -0.001 | vL 0.000 | delta 0.004
U 136 | F 278528 | FPS 0028 | D 9698 | rR:mu sigma m M 0.05 0.17 0.00 0.72 | F:mu sigma m M 159.6 132.7 12.0 542.0 | H 1.095 | V 0.007 | pL -0.005 | vL 0.001 | delta 0.011
U 137 | F 280576 | FPS 0031 | D 9764 | rR:mu sigma m M 0.00 0.00 0.00 0.00 | F:mu sigma m M 155.6 120.0 41.0 510.0 | H 1.094 | V 0.010 | pL -0.000 | vL 0.000 | delta 0.005
U 138 | F 282624 | FPS 0031 | D 9830 | rR:mu sigma m M 0.00 0.00 0.00 0.00 | F:mu sigma m M 110.3 60.3 25.0 306.0 | H 1.096 | V 0.010 | pL 0.002 | vL 0.000 | delta 0.005
U 139 | F 284672 | FPS 0029 | D 9900 | rR:mu sigma m M 0.05 0.20 0.00 0.83 | F:mu sigma m M 114.1 59.5 36.0 240.0 | H 1.092 | V 0.020 | pL -0.004 | vL 0.002 | delta 0.024
U 140 | F 286720 | FPS 0029 | D 9971 | rR:mu sigma m M 0.05 0.18 0.00 0.73 | F:mu sigma m M 145.9 115.9 22.0 529.0 | H 1.090 | V 0.018 | pL -0.007 | vL 0.001 | delta 0.030
U 141 | F 288768 | FPS 0031 | D 10036 | rR:mu sigma m M 0.05 0.18 0.00 0.73 | F:mu sigma m M 154.7 105.2 19.0 345.0 | H 1.095 | V -0.005 | pL -0.001 | vL 0.000 | delta 0.005
U 142 | F 290816 | FPS 0030 | D 10104 | rR:mu sigma m M 0.00 0.00 0.00 0.00 | F:mu sigma m M 143.2 86.3 40.0 289.0 | H 1.095 | V 0.002 | pL -0.003 | vL 0.000 | delta 0.004
U 143 | F 292864 | FPS 0031 | D 10170 | rR:mu sigma m M 0.05 0.20 0.00 0.81 | F:mu sigma m M 154.8 107.9 25.0 429.0 | H 1.094 | V 0.015 | pL -0.003 | vL 0.001 | delta 0.011
U 144 | F 294912 | FPS 0028 | D 10244 | rR:mu sigma m M 0.00 0.00 0.00 0.00 | F:mu sigma m M 257.1 193.7 37.0 854.0 | H 1.092 | V 0.008 | pL 0.002 | vL 0.000 | delta 0.011
U 145 | F 296960 | FPS 0030 | D 10311 | rR:mu sigma m M 0.00 0.00 0.00 0.00 | F:mu sigma m M 177.4 97.0 54.0 358.0 | H 1.096 | V -0.002 | pL -0.000 | vL 0.000 | delta 0.004
U 146 | F 299008 | FPS 0026 | D 10389 | rR:mu sigma m M 0.05 0.19 0.00 0.81 | F:mu sigma m M 150.9 77.6 44.0 364.0 | H 1.091 | V 0.002 | pL -0.008 | vL 0.001 | delta 0.016
U 147 | F 301056 | FPS 0032 | D 10453 | rR:mu sigma m M 0.09 0.24 0.00 0.81 | F:mu sigma m M 165.9 98.7 45.0 387.0 | H 1.095 | V 0.005 | pL -0.002 | vL 0.000 | delta 0.008
U 148 | F 303104 | FPS 0033 | D 10515 | rR:mu sigma m M 0.00 0.00 0.00 0.00 | F:mu sigma m M 136.4 113.0 28.0 409.0 | H 1.097 | V -0.005 | pL -0.002 | vL 0.000 | delta 0.002
U 149 | F 305152 | FPS 0033 | D 10576 | rR:mu sigma m M 0.00 0.00 0.00 0.00 | F:mu sigma m M 148.8 84.8 61.0 369.0 | H 1.095 | V -0.001 | pL -0.001 | vL 0.000 | delta 0.006
U 150 | F 307200 | FPS 0029 | D 10646 | rR:mu sigma m M 0.05 0.21 0.00 0.88 | F:mu sigma m M 122.2 46.9 40.0 191.0 | H 1.084 | V 0.014 | pL -0.008 | vL 0.001 | delta 0.023
U 151 | F 309248 | FPS 0035 | D 10704 | rR:mu sigma m M 0.06 0.22 0.00 0.92 | F:mu sigma m M 148.9 95.3 23.0 356.0 | H 1.072 | V 0.028 | pL -0.002 | vL 0.003 | delta 0.039
U 152 | F 311296 | FPS 0033 | D 10767 | rR:mu sigma m M 0.16 0.33 0.00 0.91 | F:mu sigma m M 121.7 84.5 23.0 334.0 | H 1.054 | V 0.049 | pL -0.015 | vL 0.006 | delta 0.035
U 153 | F 313344 | FPS 0033 | D 10828 | rR:mu sigma m M 0.04 0.16 0.00 0.65 | F:mu sigma m M 177.3 136.0 18.0 450.0 | H 1.056 | V 0.045 | pL -0.002 | vL 0.003 | delta 0.025
U 154 | F 315392 | FPS 0041 | D 10879 | rR:mu sigma m M 0.03 0.10 0.00 0.45 | F:mu sigma m M 140.0 141.1 27.0 547.0 | H 1.067 | V 0.043 | pL 0.003 | vL 0.001 | delta 0.013
U 155 | F 317440 | FPS 0040 | D 10930 | rR:mu sigma m M 0.12 0.28 0.00 0.82 | F:mu sigma m M 130.1 103.7 14.0 417.0 | H 1.032 | V 0.057 | pL -0.010 | vL 0.004 | delta 0.023
U 156 | F 319488 | FPS 0041 | D 10980 | rR:mu sigma m M 0.17 0.35 0.00 0.90 | F:mu sigma m M 95.6 46.9 31.0 198.0 | H 0.946 | V 0.106 | pL -0.011 | vL 0.009 | delta 0.043
U 157 | F 321536 | FPS 0039 | D 11033 | rR:mu sigma m M 0.34 0.41 0.00 0.93 | F:mu sigma m M 112.2 89.7 23.0 394.0 | H 0.960 | V 0.121 | pL -0.043 | vL 0.008 | delta 0.051
U 158 | F 323584 | FPS 0039 | D 11085 | rR:mu sigma m M 0.33 0.42 0.00 0.92 | F:mu sigma m M 93.9 56.1 14.0 198.0 | H 0.847 | V 0.192 | pL -0.026 | vL 0.008 | delta 0.048
U 159 | F 325632 | FPS 0044 | D 11132 | rR:mu sigma m M 0.50 0.44 0.00 0.94 | F:mu sigma m M 96.4 52.5 31.0 216.0 | H 0.842 | V 0.237 | pL -0.058 | vL 0.011 | delta 0.070
U 160 | F 327680 | FPS 0044 | D 11178 | rR:mu sigma m M 0.69 0.38 0.00 0.96 | F:mu sigma m M 95.8 38.7 35.0 190.0 | H 0.725 | V 0.395 | pL -0.047 | vL 0.011 | delta 0.072
U 161 | F 329728 | FPS 0045 | D 11224 | rR:mu sigma m M 0.78 0.29 0.00 0.94 | F:mu sigma m M 111.5 57.0 60.0 304.0 | H 0.766 | V 0.412 | pL -0.006 | vL 0.011 | delta 0.069
U 162 | F 331776 | FPS 0055 | D 11261 | rR:mu sigma m M 0.87 0.17 0.00 0.97 | F:mu sigma m M 100.8 60.8 33.0 257.0 | H 0.679 | V 0.504 | pL -0.059 | vL 0.009 | delta 0.065
U 163 | F 333824 | FPS 0056 | D 11297 | rR:mu sigma m M 0.72 0.39 0.00 0.96 | F:mu sigma m M 67.3 27.0 16.0 131.0 | H 0.688 | V 0.533 | pL 0.007 | vL 0.013 | delta 0.068
U 164 | F 335872 | FPS 0057 | D 11333 | rR:mu sigma m M 0.85 0.26 0.00 0.97 | F:mu sigma m M 71.3 33.6 22.0 183.0 | H 0.667 | V 0.587 | pL -0.040 | vL 0.009 | delta 0.068
U 165 | F 337920 | FPS 0062 | D 11366 | rR:mu sigma m M 0.82 0.32 0.00 0.97 | F:mu sigma m M 52.9 27.2 17.0 147.0 | H 0.589 | V 0.616 | pL -0.037 | vL 0.013 | delta 0.071
U 166 | F 339968 | FPS 0067 | D 11397 | rR:mu sigma m M 0.91 0.20 0.00 0.97 | F:mu sigma m M 46.0 16.6 18.0 105.0 | H 0.600 | V 0.665 | pL -0.050 | vL 0.008 | delta 0.074
U 167 | F 342016 | FPS 0073 | D 11425 | rR:mu sigma m M 0.96 0.02 0.90 0.97 | F:mu sigma m M 44.8 15.3 27.0 99.0 | H 0.528 | V 0.725 | pL -0.052 | vL 0.004 | delta 0.074
agent reach optimality, start collecting trajectories
agent successfully collected 10 trajectories
pickling optimal trajectories
Model successfully saved
/home/rdali/.local/easybuild/software/2017/Core/miniconda3/4.3.27/envs/observe/lib/python3.6/site-packages/torch/nn/functional.py:1906: UserWarning: reduction: 'mean' divides the total loss by both the batch size and the support size.'batchmean' divides only by the batch size, and aligns with the KL div math definition.'mean' will be changed to behave the same as 'batchmean' in the next major release.
  warnings.warn("reduction: 'mean' divides the total loss by both the batch size and the support size."
