The following modules were not unloaded:
  (Use "module --force purge" to unload all):

  1) StdEnv/2018.3     4) gcccore/.7.3.0      7) intel/2018.3
  2) nixpkgs/16.09     5) icc/.2018.3.222     8) openmpi/3.1.2
  3) imkl/2018.3.222   6) ifort/.2018.3.222

Due to MODULEPATH changes, the following have been reloaded:
  1) openmpi/3.1.2

Attention: While Conda works well in a desktop environment, it tends to create more problems than it solves on a cluster. Instead, we recommend that users use virtual environments and the binary packages that we provide through Python wheels as documented on the Python page.
/home/rdali/RL/watch_and_learn/dependency/rl-starter-files/scripts/train_agent_multidem.py --env MiniGrid-LavaCrossingAddictO12S15-v0 --algo ppo --nameDemonstrator LavaCrossing1215Addict1,LavaCrossing1215Addict2,LavaCrossing1215Addict4,LavaCrossing1215Addict5,LavaCrossing1215Addict7,LavaCrossing1215Addict8,LavaCrossing1215Addict9,LavaCrossing1215Addict10 --flat-model 0 --KLweight 0.01 --useKL 1 --meanReward 0.80 --rewardLB 0.70 --seed 5436

Namespace(KLweight=0.01, algo='ppo', batch_size=256, clip_eps=0.2, discount=0.99, entropy_coef=0.01, env='MiniGrid-LavaCrossingAddictO12S15-v0', epochs=4, flat_model=0, frames=10000000, frames_per_proc=None, full_obs=0, gae_lambda=0.95, log_interval=1, lr=0.0007, max_grad_norm=0.5, meanReward=0.8, mem=False, model=None, nameDemonstrator='LavaCrossing1215Addict1,LavaCrossing1215Addict2,LavaCrossing1215Addict4,LavaCrossing1215Addict5,LavaCrossing1215Addict7,LavaCrossing1215Addict8,LavaCrossing1215Addict9,LavaCrossing1215Addict10', optim_alpha=0.99, optim_eps=1e-05, procs=16, recurrence=1, rewardLB=0.7, save_interval=0, seed=5436, tb=False, text=False, useKL=1, value_loss_coef=0.5)

Flat model successfully created

ACModel(
  (image_conv): Sequential(
    (0): Conv2d(3, 32, kernel_size=(2, 2), stride=(1, 1))
    (1): ReLU()
    (2): MaxPool2d(kernel_size=(2, 2), stride=(2, 2), padding=0, dilation=1, ceil_mode=False)
    (3): Conv2d(32, 64, kernel_size=(2, 2), stride=(1, 1))
    (4): ReLU()
    (5): Conv2d(64, 64, kernel_size=(2, 2), stride=(1, 1))
    (6): ReLU()
  )
  (actor): Sequential(
    (0): Linear(in_features=1600, out_features=64, bias=True)
    (1): Tanh()
    (2): Linear(in_features=64, out_features=3, bias=True)
  )
  (critic): Sequential(
    (0): Linear(in_features=1600, out_features=64, bias=True)
    (1): Tanh()
    (2): Linear(in_features=64, out_features=1, bias=True)
  )
)

CUDA available: False

1
True
0.01
Using TensorFlow backend.
OMP: Info #212: KMP_AFFINITY: decoding x2APIC ids.
OMP: Info #210: KMP_AFFINITY: Affinity capable, using global cpuid leaf 11 info
OMP: Info #154: KMP_AFFINITY: Initial OS proc set respected: 13,15,18,20,22
OMP: Info #156: KMP_AFFINITY: 5 available OS procs
OMP: Info #158: KMP_AFFINITY: Nonuniform topology
OMP: Info #179: KMP_AFFINITY: 2 packages x 3 cores/pkg x 1 threads/core (5 total cores)
OMP: Info #214: KMP_AFFINITY: OS proc to physical thread map:
OMP: Info #171: KMP_AFFINITY: OS proc 18 maps to package 0 core 10 
OMP: Info #171: KMP_AFFINITY: OS proc 20 maps to package 0 core 16 
OMP: Info #171: KMP_AFFINITY: OS proc 22 maps to package 0 core 20 
OMP: Info #171: KMP_AFFINITY: OS proc 13 maps to package 1 core 8 
OMP: Info #171: KMP_AFFINITY: OS proc 15 maps to package 1 core 11 
OMP: Info #250: KMP_AFFINITY: pid 247045 tid 247045 thread 0 bound to OS proc set 18
OMP: Info #250: KMP_AFFINITY: pid 247045 tid 247258 thread 3 bound to OS proc set 15
OMP: Info #250: KMP_AFFINITY: pid 247045 tid 247256 thread 1 bound to OS proc set 13
OMP: Info #250: KMP_AFFINITY: pid 247045 tid 247257 thread 2 bound to OS proc set 20
OMP: Info #250: KMP_AFFINITY: pid 247045 tid 247259 thread 4 bound to OS proc set 22
OMP: Info #250: KMP_AFFINITY: pid 247045 tid 247391 thread 5 bound to OS proc set 18
OMP: Info #250: KMP_AFFINITY: pid 247045 tid 247392 thread 6 bound to OS proc set 13
OMP: Info #250: KMP_AFFINITY: pid 247045 tid 247412 thread 10 bound to OS proc set 18
OMP: Info #250: KMP_AFFINITY: pid 247045 tid 247411 thread 9 bound to OS proc set 22
OMP: Info #250: KMP_AFFINITY: pid 247045 tid 247409 thread 7 bound to OS proc set 20
OMP: Info #250: KMP_AFFINITY: pid 247045 tid 247410 thread 8 bound to OS proc set 15
OMP: Info #250: KMP_AFFINITY: pid 247045 tid 247511 thread 11 bound to OS proc set 13
OMP: Info #250: KMP_AFFINITY: pid 247045 tid 247512 thread 12 bound to OS proc set 20
OMP: Info #250: KMP_AFFINITY: pid 247045 tid 247514 thread 14 bound to OS proc set 22
OMP: Info #250: KMP_AFFINITY: pid 247045 tid 247513 thread 13 bound to OS proc set 15
OMP: Info #250: KMP_AFFINITY: pid 247045 tid 247515 thread 15 bound to OS proc set 18
U 1 | F 002048 | FPS 0029 | D 70 | rR:mu sigma m M 0.06 0.22 0.00 0.89 | F:mu sigma m M 42.8 38.7 0.0 119.0 | H 1.078 | V -0.113 | pL -0.044 | vL 0.005 | delta 0.057
U 2 | F 004096 | FPS 0033 | D 133 | rR:mu sigma m M 0.06 0.22 0.00 0.89 | F:mu sigma m M 133.4 67.9 12.0 237.0 | H 1.087 | V -0.098 | pL -0.030 | vL 0.000 | delta 0.015
U 3 | F 006144 | FPS 0034 | D 192 | rR:mu sigma m M 0.00 0.00 0.00 0.00 | F:mu sigma m M 134.7 88.7 9.0 340.0 | H 1.090 | V -0.075 | pL -0.027 | vL 0.000 | delta 0.013
U 4 | F 008192 | FPS 0037 | D 247 | rR:mu sigma m M 0.00 0.00 0.00 0.00 | F:mu sigma m M 87.2 51.6 16.0 205.0 | H 1.092 | V -0.057 | pL -0.024 | vL 0.000 | delta 0.008
U 5 | F 010240 | FPS 0029 | D 318 | rR:mu sigma m M 0.00 0.00 0.00 0.00 | F:mu sigma m M 105.8 68.3 15.0 255.0 | H 1.098 | V -0.043 | pL -0.016 | vL 0.000 | delta 0.006
U 6 | F 012288 | FPS 0031 | D 383 | rR:mu sigma m M 0.00 0.00 0.00 0.00 | F:mu sigma m M 158.4 106.5 15.0 349.0 | H 1.098 | V -0.035 | pL -0.011 | vL 0.000 | delta 0.004
U 7 | F 014336 | FPS 0026 | D 460 | rR:mu sigma m M 0.00 0.00 0.00 0.00 | F:mu sigma m M 137.4 81.6 27.0 297.0 | H 1.098 | V -0.025 | pL -0.007 | vL 0.000 | delta 0.003
U 8 | F 016384 | FPS 0031 | D 527 | rR:mu sigma m M 0.04 0.15 0.00 0.62 | F:mu sigma m M 177.1 119.6 20.0 378.0 | H 1.097 | V -0.012 | pL -0.011 | vL 0.001 | delta 0.012
U 9 | F 018432 | FPS 0032 | D 592 | rR:mu sigma m M 0.00 0.00 0.00 0.00 | F:mu sigma m M 140.4 144.3 31.0 548.0 | H 1.097 | V -0.015 | pL -0.006 | vL 0.000 | delta 0.002
U 10 | F 020480 | FPS 0027 | D 669 | rR:mu sigma m M 0.00 0.00 0.00 0.00 | F:mu sigma m M 151.7 139.8 19.0 464.0 | H 1.098 | V -0.010 | pL -0.003 | vL 0.000 | delta 0.002
U 11 | F 022528 | FPS 0029 | D 741 | rR:mu sigma m M 0.00 0.00 0.00 0.00 | F:mu sigma m M 179.3 109.3 40.0 432.0 | H 1.098 | V -0.008 | pL -0.002 | vL 0.000 | delta 0.002
U 12 | F 024576 | FPS 0031 | D 808 | rR:mu sigma m M 0.00 0.00 0.00 0.00 | F:mu sigma m M 156.6 109.7 24.0 432.0 | H 1.099 | V -0.005 | pL -0.002 | vL 0.000 | delta 0.001
U 13 | F 026624 | FPS 0030 | D 876 | rR:mu sigma m M 0.00 0.00 0.00 0.00 | F:mu sigma m M 158.7 137.6 32.0 635.0 | H 1.099 | V -0.003 | pL -0.001 | vL 0.000 | delta 0.001
U 14 | F 028672 | FPS 0030 | D 944 | rR:mu sigma m M 0.00 0.00 0.00 0.00 | F:mu sigma m M 213.5 215.9 36.0 900.0 | H 1.099 | V -0.002 | pL -0.001 | vL 0.000 | delta 0.001
U 15 | F 030720 | FPS 0029 | D 1015 | rR:mu sigma m M 0.00 0.00 0.00 0.00 | F:mu sigma m M 176.8 127.8 24.0 581.0 | H 1.099 | V -0.001 | pL -0.001 | vL 0.000 | delta 0.000
U 16 | F 032768 | FPS 0030 | D 1084 | rR:mu sigma m M 0.00 0.00 0.00 0.00 | F:mu sigma m M 167.5 154.4 26.0 538.0 | H 1.099 | V -0.001 | pL -0.000 | vL 0.000 | delta 0.001
U 17 | F 034816 | FPS 0033 | D 1146 | rR:mu sigma m M 0.00 0.00 0.00 0.00 | F:mu sigma m M 205.9 168.7 18.0 538.0 | H 1.099 | V -0.001 | pL -0.000 | vL 0.000 | delta 0.000
U 18 | F 036864 | FPS 0029 | D 1218 | rR:mu sigma m M 0.00 0.00 0.00 0.00 | F:mu sigma m M 122.8 91.4 18.0 287.0 | H 1.099 | V -0.001 | pL -0.000 | vL 0.000 | delta 0.000
U 19 | F 038912 | FPS 0029 | D 1287 | rR:mu sigma m M 0.00 0.00 0.00 0.00 | F:mu sigma m M 118.7 82.6 29.0 276.0 | H 1.099 | V -0.000 | pL -0.000 | vL 0.000 | delta 0.000
U 20 | F 040960 | FPS 0032 | D 1351 | rR:mu sigma m M 0.00 0.00 0.00 0.00 | F:mu sigma m M 158.3 127.8 9.0 460.0 | H 1.099 | V 0.000 | pL 0.000 | vL 0.000 | delta 0.001
U 21 | F 043008 | FPS 0029 | D 1422 | rR:mu sigma m M 0.00 0.00 0.00 0.00 | F:mu sigma m M 221.6 162.5 9.0 490.0 | H 1.099 | V 0.001 | pL -0.000 | vL 0.000 | delta 0.001
U 22 | F 045056 | FPS 0031 | D 1487 | rR:mu sigma m M 0.04 0.15 0.00 0.63 | F:mu sigma m M 233.2 175.1 24.0 699.0 | H 1.092 | V 0.006 | pL -0.005 | vL 0.001 | delta 0.021
U 23 | F 047104 | FPS 0035 | D 1545 | rR:mu sigma m M 0.00 0.00 0.00 0.00 | F:mu sigma m M 212.4 223.5 22.0 900.0 | H 1.096 | V 0.008 | pL 0.002 | vL 0.000 | delta 0.004
U 24 | F 049152 | FPS 0032 | D 1609 | rR:mu sigma m M 0.00 0.00 0.00 0.00 | F:mu sigma m M 127.4 84.4 33.0 328.0 | H 1.098 | V 0.007 | pL 0.003 | vL 0.000 | delta 0.003
U 25 | F 051200 | FPS 0027 | D 1686 | rR:mu sigma m M 0.00 0.00 0.00 0.00 | F:mu sigma m M 122.1 70.5 22.0 256.0 | H 1.098 | V 0.004 | pL 0.001 | vL 0.000 | delta 0.001
U 26 | F 053248 | FPS 0028 | D 1761 | rR:mu sigma m M 0.05 0.17 0.00 0.72 | F:mu sigma m M 148.6 80.8 22.0 290.0 | H 1.095 | V 0.006 | pL -0.005 | vL 0.001 | delta 0.045
U 27 | F 055296 | FPS 0032 | D 1824 | rR:mu sigma m M 0.00 0.00 0.00 0.00 | F:mu sigma m M 145.4 87.4 36.0 321.0 | H 1.098 | V 0.015 | pL 0.004 | vL 0.000 | delta 0.003
U 28 | F 057344 | FPS 0028 | D 1897 | rR:mu sigma m M 0.05 0.18 0.00 0.75 | F:mu sigma m M 135.7 87.2 12.0 358.0 | H 1.095 | V 0.022 | pL -0.002 | vL 0.001 | delta 0.029
U 29 | F 059392 | FPS 0027 | D 1973 | rR:mu sigma m M 0.00 0.00 0.00 0.00 | F:mu sigma m M 162.1 137.7 26.0 557.0 | H 1.098 | V -0.003 | pL -0.000 | vL 0.000 | delta 0.003
U 30 | F 061440 | FPS 0027 | D 2048 | rR:mu sigma m M 0.00 0.00 0.00 0.00 | F:mu sigma m M 129.2 106.2 29.0 461.0 | H 1.097 | V 0.001 | pL -0.000 | vL 0.000 | delta 0.002
U 31 | F 063488 | FPS 0031 | D 2114 | rR:mu sigma m M 0.00 0.00 0.00 0.00 | F:mu sigma m M 174.0 141.0 40.0 498.0 | H 1.098 | V -0.002 | pL -0.001 | vL 0.000 | delta 0.001
U 32 | F 065536 | FPS 0029 | D 2184 | rR:mu sigma m M 0.00 0.00 0.00 0.00 | F:mu sigma m M 116.9 95.8 9.0 450.0 | H 1.099 | V -0.001 | pL -0.000 | vL 0.000 | delta 0.001
U 33 | F 067584 | FPS 0026 | D 2262 | rR:mu sigma m M 0.00 0.00 0.00 0.00 | F:mu sigma m M 133.4 73.1 40.0 291.0 | H 1.098 | V -0.000 | pL 0.000 | vL 0.000 | delta 0.002
U 34 | F 069632 | FPS 0026 | D 2341 | rR:mu sigma m M 0.00 0.00 0.00 0.00 | F:mu sigma m M 120.0 75.7 20.0 294.0 | H 1.099 | V -0.001 | pL -0.000 | vL 0.000 | delta 0.001
U 35 | F 071680 | FPS 0032 | D 2406 | rR:mu sigma m M 0.00 0.00 0.00 0.00 | F:mu sigma m M 120.6 53.8 42.0 239.0 | H 1.099 | V -0.000 | pL -0.001 | vL 0.000 | delta 0.000
U 36 | F 073728 | FPS 0028 | D 2479 | rR:mu sigma m M 0.00 0.00 0.00 0.00 | F:mu sigma m M 145.5 112.4 26.0 461.0 | H 1.099 | V 0.000 | pL -0.000 | vL 0.000 | delta 0.001
U 37 | F 075776 | FPS 0027 | D 2556 | rR:mu sigma m M 0.00 0.00 0.00 0.00 | F:mu sigma m M 129.8 108.1 26.0 461.0 | H 1.099 | V 0.000 | pL -0.000 | vL 0.000 | delta 0.001
U 38 | F 077824 | FPS 0026 | D 2635 | rR:mu sigma m M 0.00 0.00 0.00 0.00 | F:mu sigma m M 120.3 68.5 25.0 255.0 | H 1.099 | V 0.001 | pL -0.000 | vL 0.000 | delta 0.002
U 39 | F 079872 | FPS 0035 | D 2694 | rR:mu sigma m M 0.05 0.17 0.00 0.68 | F:mu sigma m M 298.9 253.6 55.0 900.0 | H 1.097 | V 0.006 | pL -0.006 | vL 0.001 | delta 0.009
U 40 | F 081920 | FPS 0030 | D 2763 | rR:mu sigma m M 0.00 0.00 0.00 0.00 | F:mu sigma m M 116.2 99.6 14.0 406.0 | H 1.098 | V 0.000 | pL 0.000 | vL 0.000 | delta 0.002
U 41 | F 083968 | FPS 0028 | D 2838 | rR:mu sigma m M 0.00 0.00 0.00 0.00 | F:mu sigma m M 123.2 100.7 14.0 377.0 | H 1.098 | V 0.001 | pL -0.000 | vL 0.000 | delta 0.002
U 42 | F 086016 | FPS 0029 | D 2909 | rR:mu sigma m M 0.04 0.17 0.00 0.68 | F:mu sigma m M 167.5 121.6 22.0 424.0 | H 1.097 | V 0.010 | pL -0.004 | vL 0.001 | delta 0.011
U 43 | F 088064 | FPS 0028 | D 2982 | rR:mu sigma m M 0.04 0.17 0.00 0.68 | F:mu sigma m M 176.3 122.2 22.0 424.0 | H 1.095 | V 0.014 | pL -0.002 | vL 0.001 | delta 0.021
U 44 | F 090112 | FPS 0032 | D 3045 | rR:mu sigma m M 0.04 0.14 0.00 0.59 | F:mu sigma m M 299.4 186.6 26.0 673.0 | H 1.098 | V -0.002 | pL -0.001 | vL 0.000 | delta 0.003
U 45 | F 092160 | FPS 0032 | D 3109 | rR:mu sigma m M 0.00 0.00 0.00 0.00 | F:mu sigma m M 162.0 165.9 9.0 614.0 | H 1.098 | V -0.004 | pL -0.001 | vL 0.000 | delta 0.001
U 46 | F 094208 | FPS 0030 | D 3178 | rR:mu sigma m M 0.00 0.00 0.00 0.00 | F:mu sigma m M 150.6 107.1 22.0 420.0 | H 1.098 | V -0.002 | pL -0.001 | vL 0.000 | delta 0.002
U 47 | F 096256 | FPS 0029 | D 3248 | rR:mu sigma m M 0.00 0.00 0.00 0.00 | F:mu sigma m M 120.0 71.2 22.0 261.0 | H 1.098 | V -0.002 | pL -0.001 | vL 0.000 | delta 0.001
U 48 | F 098304 | FPS 0030 | D 3316 | rR:mu sigma m M 0.00 0.00 0.00 0.00 | F:mu sigma m M 126.1 75.9 48.0 332.0 | H 1.099 | V -0.002 | pL -0.001 | vL 0.000 | delta 0.001
U 49 | F 100352 | FPS 0030 | D 3385 | rR:mu sigma m M 0.00 0.00 0.00 0.00 | F:mu sigma m M 144.5 92.5 25.0 343.0 | H 1.099 | V -0.002 | pL -0.001 | vL 0.000 | delta 0.000
U 50 | F 102400 | FPS 0028 | D 3457 | rR:mu sigma m M 0.00 0.00 0.00 0.00 | F:mu sigma m M 159.2 149.8 20.0 543.0 | H 1.099 | V -0.001 | pL -0.000 | vL 0.000 | delta 0.001
U 51 | F 104448 | FPS 0030 | D 3525 | rR:mu sigma m M 0.00 0.00 0.00 0.00 | F:mu sigma m M 182.1 143.2 52.0 543.0 | H 1.098 | V -0.001 | pL -0.000 | vL 0.000 | delta 0.001
U 52 | F 106496 | FPS 0028 | D 3598 | rR:mu sigma m M 0.00 0.00 0.00 0.00 | F:mu sigma m M 122.1 82.1 27.0 304.0 | H 1.097 | V 0.005 | pL -0.000 | vL 0.000 | delta 0.006
U 53 | F 108544 | FPS 0033 | D 3661 | rR:mu sigma m M 0.00 0.00 0.00 0.00 | F:mu sigma m M 156.0 105.6 38.0 418.0 | H 1.098 | V 0.006 | pL 0.002 | vL 0.000 | delta 0.003
U 54 | F 110592 | FPS 0032 | D 3725 | rR:mu sigma m M 0.03 0.13 0.00 0.57 | F:mu sigma m M 145.4 156.0 9.0 516.0 | H 1.098 | V 0.003 | pL -0.003 | vL 0.000 | delta 0.011
U 55 | F 112640 | FPS 0031 | D 3792 | rR:mu sigma m M 0.05 0.19 0.00 0.80 | F:mu sigma m M 140.6 77.4 36.0 368.0 | H 1.095 | V 0.011 | pL -0.006 | vL 0.001 | delta 0.020
U 56 | F 114688 | FPS 0033 | D 3854 | rR:mu sigma m M 0.05 0.19 0.00 0.80 | F:mu sigma m M 187.0 132.2 22.0 450.0 | H 1.097 | V 0.006 | pL -0.001 | vL 0.000 | delta 0.007
U 57 | F 116736 | FPS 0028 | D 3927 | rR:mu sigma m M 0.05 0.19 0.00 0.79 | F:mu sigma m M 148.8 77.8 19.0 300.0 | H 1.096 | V 0.008 | pL -0.002 | vL 0.001 | delta 0.010
U 58 | F 118784 | FPS 0030 | D 3995 | rR:mu sigma m M 0.00 0.00 0.00 0.00 | F:mu sigma m M 207.0 134.8 47.0 499.0 | H 1.097 | V 0.011 | pL -0.004 | vL 0.001 | delta 0.016
U 59 | F 120832 | FPS 0027 | D 4071 | rR:mu sigma m M 0.09 0.23 0.00 0.77 | F:mu sigma m M 223.2 136.6 35.0 499.0 | H 1.094 | V 0.016 | pL -0.003 | vL 0.000 | delta 0.013
U 60 | F 122880 | FPS 0034 | D 4131 | rR:mu sigma m M 0.00 0.00 0.00 0.00 | F:mu sigma m M 119.3 100.3 12.0 370.0 | H 1.098 | V 0.003 | pL 0.000 | vL 0.000 | delta 0.004
U 61 | F 124928 | FPS 0031 | D 4197 | rR:mu sigma m M 0.00 0.00 0.00 0.00 | F:mu sigma m M 135.6 93.2 51.0 387.0 | H 1.092 | V 0.009 | pL 0.002 | vL 0.000 | delta 0.007
U 62 | F 126976 | FPS 0026 | D 4277 | rR:mu sigma m M 0.00 0.00 0.00 0.00 | F:mu sigma m M 217.7 147.6 31.0 531.0 | H 1.097 | V 0.005 | pL 0.001 | vL 0.000 | delta 0.003
U 63 | F 129024 | FPS 0030 | D 4345 | rR:mu sigma m M 0.00 0.00 0.00 0.00 | F:mu sigma m M 130.0 79.0 31.0 278.0 | H 1.098 | V 0.003 | pL 0.000 | vL 0.000 | delta 0.002
U 64 | F 131072 | FPS 0030 | D 4412 | rR:mu sigma m M 0.00 0.00 0.00 0.00 | F:mu sigma m M 126.1 97.4 16.0 362.0 | H 1.098 | V 0.002 | pL 0.000 | vL 0.000 | delta 0.001
U 65 | F 133120 | FPS 0030 | D 4481 | rR:mu sigma m M 0.00 0.00 0.00 0.00 | F:mu sigma m M 170.6 141.2 25.0 479.0 | H 1.098 | V 0.003 | pL 0.000 | vL 0.000 | delta 0.001
U 66 | F 135168 | FPS 0028 | D 4555 | rR:mu sigma m M 0.00 0.00 0.00 0.00 | F:mu sigma m M 149.3 89.0 32.0 307.0 | H 1.098 | V 0.001 | pL 0.000 | vL 0.000 | delta 0.001
U 67 | F 137216 | FPS 0031 | D 4620 | rR:mu sigma m M 0.00 0.00 0.00 0.00 | F:mu sigma m M 136.1 89.1 20.0 318.0 | H 1.098 | V 0.002 | pL 0.000 | vL 0.000 | delta 0.002
U 68 | F 139264 | FPS 0030 | D 4687 | rR:mu sigma m M 0.00 0.00 0.00 0.00 | F:mu sigma m M 171.1 103.8 55.0 417.0 | H 1.098 | V 0.002 | pL 0.000 | vL 0.000 | delta 0.001
U 69 | F 141312 | FPS 0032 | D 4751 | rR:mu sigma m M 0.00 0.00 0.00 0.00 | F:mu sigma m M 126.9 54.3 28.0 225.0 | H 1.098 | V 0.003 | pL 0.001 | vL 0.000 | delta 0.003
U 70 | F 143360 | FPS 0028 | D 4824 | rR:mu sigma m M 0.00 0.00 0.00 0.00 | F:mu sigma m M 157.1 109.5 28.0 476.0 | H 1.099 | V 0.002 | pL 0.000 | vL 0.000 | delta 0.001
U 71 | F 145408 | FPS 0033 | D 4886 | rR:mu sigma m M 0.00 0.00 0.00 0.00 | F:mu sigma m M 221.9 195.9 32.0 900.0 | H 1.099 | V 0.002 | pL 0.000 | vL 0.000 | delta 0.000
U 72 | F 147456 | FPS 0028 | D 4960 | rR:mu sigma m M 0.00 0.00 0.00 0.00 | F:mu sigma m M 206.9 141.1 25.0 595.0 | H 1.098 | V 0.004 | pL -0.000 | vL 0.000 | delta 0.002
U 73 | F 149504 | FPS 0031 | D 5026 | rR:mu sigma m M 0.04 0.17 0.00 0.70 | F:mu sigma m M 177.8 136.3 29.0 595.0 | H 1.093 | V 0.009 | pL -0.005 | vL 0.001 | delta 0.013
U 74 | F 151552 | FPS 0033 | D 5088 | rR:mu sigma m M 0.04 0.17 0.00 0.70 | F:mu sigma m M 170.8 86.3 42.0 313.0 | H 1.097 | V 0.006 | pL 0.001 | vL 0.000 | delta 0.002
U 75 | F 153600 | FPS 0029 | D 5159 | rR:mu sigma m M 0.00 0.00 0.00 0.00 | F:mu sigma m M 160.6 81.4 55.0 304.0 | H 1.098 | V 0.004 | pL 0.001 | vL 0.000 | delta 0.002
U 76 | F 155648 | FPS 0032 | D 5224 | rR:mu sigma m M 0.00 0.00 0.00 0.00 | F:mu sigma m M 156.9 97.2 54.0 407.0 | H 1.098 | V 0.003 | pL 0.000 | vL 0.000 | delta 0.001
U 77 | F 157696 | FPS 0031 | D 5290 | rR:mu sigma m M 0.00 0.00 0.00 0.00 | F:mu sigma m M 231.4 189.2 54.0 602.0 | H 1.098 | V 0.003 | pL 0.000 | vL 0.000 | delta 0.001
U 78 | F 159744 | FPS 0033 | D 5352 | rR:mu sigma m M 0.00 0.00 0.00 0.00 | F:mu sigma m M 181.6 89.8 64.0 383.0 | H 1.098 | V 0.002 | pL 0.001 | vL 0.000 | delta 0.001
U 79 | F 161792 | FPS 0029 | D 5422 | rR:mu sigma m M 0.00 0.00 0.00 0.00 | F:mu sigma m M 131.6 78.1 42.0 279.0 | H 1.099 | V 0.001 | pL 0.000 | vL 0.000 | delta 0.000
U 80 | F 163840 | FPS 0027 | D 5497 | rR:mu sigma m M 0.00 0.00 0.00 0.00 | F:mu sigma m M 132.7 60.9 22.0 226.0 | H 1.099 | V 0.001 | pL 0.000 | vL 0.000 | delta 0.000
U 81 | F 165888 | FPS 0031 | D 5564 | rR:mu sigma m M 0.00 0.00 0.00 0.00 | F:mu sigma m M 208.9 204.7 34.0 900.0 | H 1.098 | V 0.001 | pL 0.000 | vL 0.000 | delta 0.001
U 82 | F 167936 | FPS 0028 | D 5636 | rR:mu sigma m M 0.00 0.00 0.00 0.00 | F:mu sigma m M 112.6 87.4 29.0 336.0 | H 1.098 | V 0.001 | pL 0.001 | vL 0.000 | delta 0.001
U 83 | F 169984 | FPS 0032 | D 5700 | rR:mu sigma m M 0.06 0.21 0.00 0.88 | F:mu sigma m M 115.9 86.1 29.0 336.0 | H 1.098 | V 0.009 | pL -0.007 | vL 0.001 | delta 0.011
U 84 | F 172032 | FPS 0027 | D 5775 | rR:mu sigma m M 0.00 0.00 0.00 0.00 | F:mu sigma m M 153.1 71.1 29.0 286.0 | H 1.098 | V 0.005 | pL -0.000 | vL 0.000 | delta 0.004
U 85 | F 174080 | FPS 0030 | D 5843 | rR:mu sigma m M 0.04 0.15 0.00 0.61 | F:mu sigma m M 168.9 105.7 12.0 395.0 | H 1.094 | V 0.020 | pL -0.001 | vL 0.000 | delta 0.009
U 86 | F 176128 | FPS 0029 | D 5914 | rR:mu sigma m M 0.04 0.15 0.00 0.61 | F:mu sigma m M 175.4 124.0 12.0 438.0 | H 1.096 | V 0.016 | pL 0.002 | vL 0.000 | delta 0.009
U 87 | F 178176 | FPS 0032 | D 5978 | rR:mu sigma m M 0.00 0.00 0.00 0.00 | F:mu sigma m M 201.2 153.2 19.0 516.0 | H 1.094 | V 0.012 | pL 0.002 | vL 0.000 | delta 0.007
U 88 | F 180224 | FPS 0029 | D 6049 | rR:mu sigma m M 0.04 0.16 0.00 0.65 | F:mu sigma m M 241.3 177.5 31.0 637.0 | H 1.095 | V 0.010 | pL -0.003 | vL 0.001 | delta 0.009
U 89 | F 182272 | FPS 0030 | D 6118 | rR:mu sigma m M 0.00 0.00 0.00 0.00 | F:mu sigma m M 152.8 97.2 44.0 380.0 | H 1.098 | V 0.002 | pL -0.001 | vL 0.000 | delta 0.003
U 90 | F 184320 | FPS 0029 | D 6189 | rR:mu sigma m M 0.05 0.17 0.00 0.72 | F:mu sigma m M 151.6 81.8 51.0 362.0 | H 1.096 | V 0.011 | pL -0.006 | vL 0.001 | delta 0.016
U 91 | F 186368 | FPS 0027 | D 6264 | rR:mu sigma m M 0.04 0.17 0.00 0.71 | F:mu sigma m M 177.4 148.2 49.0 570.0 | H 1.097 | V 0.012 | pL -0.002 | vL 0.001 | delta 0.015
U 92 | F 188416 | FPS 0030 | D 6333 | rR:mu sigma m M 0.00 0.00 0.00 0.00 | F:mu sigma m M 98.8 70.6 26.0 266.0 | H 1.098 | V 0.010 | pL 0.003 | vL 0.000 | delta 0.002
U 93 | F 190464 | FPS 0032 | D 6397 | rR:mu sigma m M 0.00 0.00 0.00 0.00 | F:mu sigma m M 137.2 95.1 32.0 387.0 | H 1.098 | V 0.008 | pL 0.002 | vL 0.000 | delta 0.002
U 94 | F 192512 | FPS 0031 | D 6462 | rR:mu sigma m M 0.00 0.00 0.00 0.00 | F:mu sigma m M 166.6 140.3 26.0 605.0 | H 1.098 | V 0.006 | pL 0.002 | vL 0.000 | delta 0.001
U 95 | F 194560 | FPS 0029 | D 6533 | rR:mu sigma m M 0.00 0.00 0.00 0.00 | F:mu sigma m M 134.1 91.0 37.0 328.0 | H 1.098 | V 0.005 | pL 0.001 | vL 0.000 | delta 0.001
U 96 | F 196608 | FPS 0027 | D 6608 | rR:mu sigma m M 0.00 0.00 0.00 0.00 | F:mu sigma m M 144.9 103.0 37.0 404.0 | H 1.098 | V 0.005 | pL 0.001 | vL 0.000 | delta 0.001
U 97 | F 198656 | FPS 0031 | D 6674 | rR:mu sigma m M 0.00 0.00 0.00 0.00 | F:mu sigma m M 207.1 108.8 34.0 404.0 | H 1.099 | V 0.005 | pL 0.001 | vL 0.000 | delta 0.001
U 98 | F 200704 | FPS 0031 | D 6740 | rR:mu sigma m M 0.00 0.00 0.00 0.00 | F:mu sigma m M 158.9 131.1 8.0 411.0 | H 1.099 | V 0.003 | pL 0.001 | vL 0.000 | delta 0.001
U 99 | F 202752 | FPS 0024 | D 6824 | rR:mu sigma m M 0.00 0.00 0.00 0.00 | F:mu sigma m M 144.6 165.7 37.0 729.0 | H 1.099 | V 0.003 | pL 0.001 | vL 0.000 | delta 0.000
U 100 | F 204800 | FPS 0033 | D 6886 | rR:mu sigma m M 0.00 0.00 0.00 0.00 | F:mu sigma m M 204.6 174.8 43.0 729.0 | H 1.098 | V 0.005 | pL 0.001 | vL 0.000 | delta 0.005
U 101 | F 206848 | FPS 0030 | D 6955 | rR:mu sigma m M 0.00 0.00 0.00 0.00 | F:mu sigma m M 228.6 205.4 40.0 900.0 | H 1.099 | V 0.005 | pL 0.001 | vL 0.000 | delta 0.001
U 102 | F 208896 | FPS 0032 | D 7019 | rR:mu sigma m M 0.00 0.00 0.00 0.00 | F:mu sigma m M 165.6 203.2 39.0 900.0 | H 1.098 | V 0.006 | pL 0.001 | vL 0.000 | delta 0.001
U 103 | F 210944 | FPS 0028 | D 7093 | rR:mu sigma m M 0.03 0.13 0.00 0.55 | F:mu sigma m M 195.4 188.7 16.0 775.0 | H 1.098 | V 0.008 | pL -0.003 | vL 0.000 | delta 0.008
U 104 | F 212992 | FPS 0028 | D 7166 | rR:mu sigma m M 0.00 0.00 0.00 0.00 | F:mu sigma m M 157.6 103.0 16.0 314.0 | H 1.098 | V 0.000 | pL -0.000 | vL 0.000 | delta 0.002
U 105 | F 215040 | FPS 0034 | D 7226 | rR:mu sigma m M 0.03 0.10 0.00 0.43 | F:mu sigma m M 178.1 194.3 19.0 756.0 | H 1.096 | V 0.006 | pL -0.003 | vL 0.000 | delta 0.010
U 106 | F 217088 | FPS 0029 | D 7298 | rR:mu sigma m M 0.00 0.00 0.00 0.00 | F:mu sigma m M 108.0 52.3 24.0 209.0 | H 1.087 | V 0.021 | pL 0.001 | vL 0.000 | delta 0.015
U 107 | F 219136 | FPS 0035 | D 7357 | rR:mu sigma m M 0.00 0.00 0.00 0.00 | F:mu sigma m M 157.0 198.0 16.0 836.0 | H 1.096 | V 0.004 | pL 0.004 | vL 0.000 | delta 0.006
U 108 | F 221184 | FPS 0028 | D 7431 | rR:mu sigma m M 0.00 0.00 0.00 0.00 | F:mu sigma m M 97.8 57.6 24.0 201.0 | H 1.098 | V 0.003 | pL 0.001 | vL 0.000 | delta 0.001
U 109 | F 223232 | FPS 0031 | D 7497 | rR:mu sigma m M 0.02 0.06 0.00 0.24 | F:mu sigma m M 176.9 161.3 29.0 759.0 | H 1.094 | V 0.010 | pL -0.003 | vL 0.000 | delta 0.005
U 110 | F 225280 | FPS 0033 | D 7559 | rR:mu sigma m M 0.05 0.21 0.00 0.91 | F:mu sigma m M 175.1 196.9 18.0 745.0 | H 1.096 | V 0.014 | pL -0.001 | vL 0.001 | delta 0.008
U 111 | F 227328 | FPS 0031 | D 7625 | rR:mu sigma m M 0.00 0.00 0.00 0.00 | F:mu sigma m M 114.7 95.4 10.0 409.0 | H 1.098 | V 0.005 | pL 0.002 | vL 0.000 | delta 0.002
U 112 | F 229376 | FPS 0030 | D 7693 | rR:mu sigma m M 0.00 0.00 0.00 0.00 | F:mu sigma m M 126.3 80.3 34.0 319.0 | H 1.098 | V 0.004 | pL 0.000 | vL 0.000 | delta 0.002
U 113 | F 231424 | FPS 0030 | D 7761 | rR:mu sigma m M 0.00 0.00 0.00 0.00 | F:mu sigma m M 129.9 81.7 42.0 265.0 | H 1.098 | V 0.004 | pL 0.001 | vL 0.000 | delta 0.001
U 114 | F 233472 | FPS 0028 | D 7834 | rR:mu sigma m M 0.00 0.00 0.00 0.00 | F:mu sigma m M 190.2 162.2 45.0 743.0 | H 1.098 | V 0.004 | pL 0.001 | vL 0.000 | delta 0.001
U 115 | F 235520 | FPS 0029 | D 7905 | rR:mu sigma m M 0.00 0.00 0.00 0.00 | F:mu sigma m M 192.4 122.8 31.0 495.0 | H 1.098 | V 0.003 | pL 0.000 | vL 0.000 | delta 0.001
U 116 | F 237568 | FPS 0030 | D 7973 | rR:mu sigma m M 0.00 0.00 0.00 0.00 | F:mu sigma m M 176.6 114.4 61.0 495.0 | H 1.098 | V 0.006 | pL 0.001 | vL 0.000 | delta 0.002
U 117 | F 239616 | FPS 0028 | D 8046 | rR:mu sigma m M 0.00 0.00 0.00 0.00 | F:mu sigma m M 199.4 114.1 70.0 467.0 | H 1.098 | V 0.006 | pL 0.001 | vL 0.000 | delta 0.001
U 118 | F 241664 | FPS 0027 | D 8122 | rR:mu sigma m M 0.03 0.13 0.00 0.54 | F:mu sigma m M 183.3 145.1 48.0 467.0 | H 1.092 | V 0.016 | pL -0.002 | vL 0.000 | delta 0.006
U 119 | F 243712 | FPS 0029 | D 8193 | rR:mu sigma m M 0.04 0.19 0.00 0.85 | F:mu sigma m M 147.7 128.4 29.0 492.0 | H 1.093 | V 0.012 | pL -0.004 | vL 0.001 | delta 0.022
U 120 | F 245760 | FPS 0023 | D 8281 | rR:mu sigma m M 0.00 0.00 0.00 0.00 | F:mu sigma m M 138.9 98.1 29.0 341.0 | H 1.098 | V -0.001 | pL -0.001 | vL 0.000 | delta 0.002
U 121 | F 247808 | FPS 0029 | D 8351 | rR:mu sigma m M 0.00 0.00 0.00 0.00 | F:mu sigma m M 130.4 95.5 18.0 411.0 | H 1.098 | V -0.001 | pL -0.000 | vL 0.000 | delta 0.001
U 122 | F 249856 | FPS 0029 | D 8422 | rR:mu sigma m M 0.00 0.00 0.00 0.00 | F:mu sigma m M 188.8 165.2 41.0 665.0 | H 1.098 | V -0.001 | pL -0.000 | vL 0.000 | delta 0.001
U 123 | F 251904 | FPS 0025 | D 8504 | rR:mu sigma m M 0.00 0.00 0.00 0.00 | F:mu sigma m M 190.0 135.6 26.0 447.0 | H 1.099 | V -0.001 | pL -0.000 | vL 0.000 | delta 0.000
U 124 | F 253952 | FPS 0032 | D 8567 | rR:mu sigma m M 0.00 0.00 0.00 0.00 | F:mu sigma m M 175.9 109.1 26.0 447.0 | H 1.098 | V 0.002 | pL -0.001 | vL 0.000 | delta 0.001
U 125 | F 256000 | FPS 0031 | D 8633 | rR:mu sigma m M 0.04 0.14 0.00 0.59 | F:mu sigma m M 150.1 135.9 21.0 475.0 | H 1.096 | V 0.013 | pL -0.004 | vL 0.001 | delta 0.015
U 126 | F 258048 | FPS 0033 | D 8694 | rR:mu sigma m M 0.00 0.00 0.00 0.00 | F:mu sigma m M 128.6 86.6 29.0 372.0 | H 1.094 | V 0.013 | pL 0.000 | vL 0.000 | delta 0.005
U 127 | F 260096 | FPS 0028 | D 8767 | rR:mu sigma m M 0.04 0.16 0.00 0.71 | F:mu sigma m M 134.1 115.8 35.0 488.0 | H 1.090 | V 0.013 | pL -0.005 | vL 0.001 | delta 0.014
U 128 | F 262144 | FPS 0025 | D 8850 | rR:mu sigma m M 0.04 0.17 0.00 0.71 | F:mu sigma m M 141.7 110.4 32.0 475.0 | H 1.096 | V 0.004 | pL 0.001 | vL 0.000 | delta 0.006
U 129 | F 264192 | FPS 0028 | D 8924 | rR:mu sigma m M 0.00 0.00 0.00 0.00 | F:mu sigma m M 199.3 214.1 39.0 900.0 | H 1.098 | V 0.001 | pL -0.001 | vL 0.000 | delta 0.002
U 130 | F 266240 | FPS 0030 | D 8991 | rR:mu sigma m M 0.00 0.00 0.00 0.00 | F:mu sigma m M 135.7 127.3 27.0 495.0 | H 1.098 | V -0.001 | pL -0.001 | vL 0.000 | delta 0.002
U 131 | F 268288 | FPS 0031 | D 9057 | rR:mu sigma m M 0.00 0.00 0.00 0.00 | F:mu sigma m M 75.2 49.3 13.0 171.0 | H 1.098 | V 0.001 | pL 0.000 | vL 0.000 | delta 0.001
U 132 | F 270336 | FPS 0031 | D 9123 | rR:mu sigma m M 0.00 0.00 0.00 0.00 | F:mu sigma m M 137.6 146.1 21.0 622.0 | H 1.099 | V 0.001 | pL -0.000 | vL 0.000 | delta 0.000
U 133 | F 272384 | FPS 0029 | D 9195 | rR:mu sigma m M 0.00 0.00 0.00 0.00 | F:mu sigma m M 207.1 204.1 39.0 710.0 | H 1.098 | V 0.003 | pL -0.001 | vL 0.000 | delta 0.001
U 134 | F 274432 | FPS 0029 | D 9267 | rR:mu sigma m M 0.00 0.00 0.00 0.00 | F:mu sigma m M 242.5 217.6 39.0 710.0 | H 1.098 | V 0.005 | pL -0.000 | vL 0.000 | delta 0.002
U 135 | F 276480 | FPS 0028 | D 9340 | rR:mu sigma m M 0.00 0.00 0.00 0.00 | F:mu sigma m M 221.4 205.7 13.0 662.0 | H 1.097 | V 0.006 | pL 0.002 | vL 0.000 | delta 0.005
U 136 | F 278528 | FPS 0028 | D 9412 | rR:mu sigma m M 0.00 0.00 0.00 0.00 | F:mu sigma m M 230.1 208.7 13.0 656.0 | H 1.095 | V 0.005 | pL -0.001 | vL 0.000 | delta 0.002
U 137 | F 280576 | FPS 0033 | D 9474 | rR:mu sigma m M 0.04 0.14 0.00 0.59 | F:mu sigma m M 138.1 104.4 14.0 413.0 | H 1.097 | V 0.003 | pL -0.000 | vL 0.000 | delta 0.001
U 138 | F 282624 | FPS 0030 | D 9542 | rR:mu sigma m M 0.00 0.00 0.00 0.00 | F:mu sigma m M 128.1 115.0 15.0 416.0 | H 1.098 | V 0.002 | pL 0.001 | vL 0.000 | delta 0.001
U 139 | F 284672 | FPS 0027 | D 9617 | rR:mu sigma m M 0.00 0.00 0.00 0.00 | F:mu sigma m M 108.7 79.6 28.0 323.0 | H 1.098 | V 0.001 | pL 0.000 | vL 0.000 | delta 0.001
U 140 | F 286720 | FPS 0029 | D 9687 | rR:mu sigma m M 0.00 0.00 0.00 0.00 | F:mu sigma m M 178.1 188.6 30.0 792.0 | H 1.098 | V 0.002 | pL 0.000 | vL 0.000 | delta 0.001
U 141 | F 288768 | FPS 0028 | D 9759 | rR:mu sigma m M 0.04 0.16 0.00 0.67 | F:mu sigma m M 208.9 228.6 46.0 900.0 | H 1.093 | V 0.007 | pL -0.005 | vL 0.000 | delta 0.009
U 142 | F 290816 | FPS 0030 | D 9828 | rR:mu sigma m M 0.00 0.00 0.00 0.00 | F:mu sigma m M 200.9 172.9 19.0 596.0 | H 1.098 | V 0.003 | pL 0.001 | vL 0.000 | delta 0.001
U 143 | F 292864 | FPS 0026 | D 9907 | rR:mu sigma m M 0.00 0.00 0.00 0.00 | F:mu sigma m M 136.7 92.9 19.0 352.0 | H 1.098 | V 0.002 | pL 0.001 | vL 0.000 | delta 0.000
U 144 | F 294912 | FPS 0030 | D 9975 | rR:mu sigma m M 0.00 0.00 0.00 0.00 | F:mu sigma m M 194.2 153.0 20.0 552.0 | H 1.098 | V 0.002 | pL 0.000 | vL 0.000 | delta 0.001
U 145 | F 296960 | FPS 0029 | D 10046 | rR:mu sigma m M 0.00 0.00 0.00 0.00 | F:mu sigma m M 157.4 134.6 20.0 409.0 | H 1.098 | V 0.004 | pL 0.001 | vL 0.000 | delta 0.001
U 146 | F 299008 | FPS 0029 | D 10116 | rR:mu sigma m M 0.00 0.00 0.00 0.00 | F:mu sigma m M 218.4 157.6 36.0 548.0 | H 1.099 | V 0.002 | pL 0.000 | vL 0.000 | delta 0.001
U 147 | F 301056 | FPS 0029 | D 10187 | rR:mu sigma m M 0.00 0.00 0.00 0.00 | F:mu sigma m M 203.9 113.1 36.0 424.0 | H 1.099 | V 0.002 | pL 0.000 | vL 0.000 | delta 0.000
U 148 | F 303104 | FPS 0030 | D 10256 | rR:mu sigma m M 0.00 0.00 0.00 0.00 | F:mu sigma m M 173.9 207.4 14.0 900.0 | H 1.098 | V 0.001 | pL 0.000 | vL 0.000 | delta 0.001
U 149 | F 305152 | FPS 0027 | D 10332 | rR:mu sigma m M 0.00 0.00 0.00 0.00 | F:mu sigma m M 157.1 204.4 28.0 900.0 | H 1.095 | V 0.005 | pL -0.000 | vL 0.000 | delta 0.004
U 150 | F 307200 | FPS 0029 | D 10402 | rR:mu sigma m M 0.00 0.00 0.00 0.00 | F:mu sigma m M 139.2 107.3 20.0 466.0 | H 1.095 | V 0.005 | pL 0.002 | vL 0.000 | delta 0.003
U 151 | F 309248 | FPS 0036 | D 10459 | rR:mu sigma m M 0.00 0.00 0.00 0.00 | F:mu sigma m M 175.9 117.8 54.0 415.0 | H 1.099 | V 0.002 | pL 0.000 | vL 0.000 | delta 0.000
U 152 | F 311296 | FPS 0027 | D 10536 | rR:mu sigma m M 0.00 0.00 0.00 0.00 | F:mu sigma m M 153.8 148.0 34.0 507.0 | H 1.099 | V 0.002 | pL 0.000 | vL 0.000 | delta 0.000
U 153 | F 313344 | FPS 0030 | D 10604 | rR:mu sigma m M 0.00 0.00 0.00 0.00 | F:mu sigma m M 113.6 98.2 33.0 339.0 | H 1.097 | V 0.005 | pL -0.000 | vL 0.000 | delta 0.001
U 154 | F 315392 | FPS 0029 | D 10674 | rR:mu sigma m M 0.00 0.00 0.00 0.00 | F:mu sigma m M 181.7 147.8 33.0 469.0 | H 1.093 | V 0.009 | pL 0.003 | vL 0.000 | delta 0.004
U 155 | F 317440 | FPS 0029 | D 10745 | rR:mu sigma m M 0.00 0.00 0.00 0.00 | F:mu sigma m M 246.8 180.1 19.0 560.0 | H 1.099 | V 0.002 | pL 0.001 | vL 0.000 | delta 0.001
U 156 | F 319488 | FPS 0030 | D 10812 | rR:mu sigma m M 0.04 0.15 0.00 0.63 | F:mu sigma m M 227.9 178.0 40.0 629.0 | H 1.097 | V 0.007 | pL -0.005 | vL 0.000 | delta 0.009
U 157 | F 321536 | FPS 0032 | D 10876 | rR:mu sigma m M 0.00 0.00 0.00 0.00 | F:mu sigma m M 170.8 154.9 40.0 629.0 | H 1.099 | V 0.002 | pL 0.000 | vL 0.000 | delta 0.001
U 158 | F 323584 | FPS 0024 | D 10961 | rR:mu sigma m M 0.00 0.00 0.00 0.00 | F:mu sigma m M 138.8 104.8 35.0 467.0 | H 1.099 | V 0.002 | pL 0.000 | vL 0.000 | delta 0.001
U 159 | F 325632 | FPS 0029 | D 11032 | rR:mu sigma m M 0.00 0.00 0.00 0.00 | F:mu sigma m M 214.1 209.7 12.0 689.0 | H 1.099 | V 0.002 | pL 0.000 | vL 0.000 | delta 0.000
U 160 | F 327680 | FPS 0031 | D 11097 | rR:mu sigma m M 0.00 0.00 0.00 0.00 | F:mu sigma m M 127.6 85.3 12.0 318.0 | H 1.099 | V 0.001 | pL 0.000 | vL 0.000 | delta 0.000
U 161 | F 329728 | FPS 0028 | D 11170 | rR:mu sigma m M 0.00 0.00 0.00 0.00 | F:mu sigma m M 174.5 217.0 15.0 900.0 | H 1.099 | V 0.001 | pL 0.000 | vL 0.000 | delta 0.000
U 162 | F 331776 | FPS 0030 | D 11238 | rR:mu sigma m M 0.00 0.00 0.00 0.00 | F:mu sigma m M 186.4 204.4 15.0 900.0 | H 1.099 | V 0.001 | pL 0.000 | vL 0.000 | delta 0.000
U 163 | F 333824 | FPS 0029 | D 11309 | rR:mu sigma m M 0.00 0.00 0.00 0.00 | F:mu sigma m M 165.8 115.5 39.0 523.0 | H 1.099 | V 0.001 | pL 0.000 | vL 0.000 | delta 0.000
U 164 | F 335872 | FPS 0034 | D 11369 | rR:mu sigma m M 0.03 0.12 0.00 0.52 | F:mu sigma m M 184.6 152.1 24.0 487.0 | H 1.095 | V 0.010 | pL -0.003 | vL 0.000 | delta 0.008
U 165 | F 337920 | FPS 0029 | D 11440 | rR:mu sigma m M 0.06 0.16 0.00 0.52 | F:mu sigma m M 171.6 152.8 39.0 574.0 | H 1.095 | V 0.015 | pL -0.001 | vL 0.000 | delta 0.010
U 166 | F 339968 | FPS 0027 | D 11515 | rR:mu sigma m M 0.03 0.10 0.00 0.43 | F:mu sigma m M 187.9 150.8 67.0 574.0 | H 1.099 | V -0.002 | pL -0.000 | vL 0.000 | delta 0.002
U 167 | F 342016 | FPS 0028 | D 11587 | rR:mu sigma m M 0.00 0.00 0.00 0.00 | F:mu sigma m M 179.8 115.5 24.0 416.0 | H 1.096 | V 0.001 | pL 0.001 | vL 0.000 | delta 0.003
U 168 | F 344064 | FPS 0035 | D 11645 | rR:mu sigma m M 0.00 0.00 0.00 0.00 | F:mu sigma m M 127.8 64.1 23.0 248.0 | H 1.099 | V -0.001 | pL -0.000 | vL 0.000 | delta 0.001
U 169 | F 346112 | FPS 0027 | D 11720 | rR:mu sigma m M 0.00 0.00 0.00 0.00 | F:mu sigma m M 143.9 112.1 15.0 392.0 | H 1.097 | V 0.004 | pL -0.002 | vL 0.000 | delta 0.004
U 170 | F 348160 | FPS 0027 | D 11795 | rR:mu sigma m M 0.10 0.28 0.00 0.85 | F:mu sigma m M 136.4 72.7 46.0 318.0 | H 1.093 | V 0.022 | pL -0.010 | vL 0.001 | delta 0.017
U 171 | F 350208 | FPS 0035 | D 11854 | rR:mu sigma m M 0.00 0.00 0.00 0.00 | F:mu sigma m M 113.0 71.9 34.0 301.0 | H 1.097 | V -0.000 | pL 0.000 | vL 0.000 | delta 0.002
U 172 | F 352256 | FPS 0031 | D 11920 | rR:mu sigma m M 0.00 0.00 0.00 0.00 | F:mu sigma m M 145.7 131.8 45.0 491.0 | H 1.098 | V -0.000 | pL -0.000 | vL 0.000 | delta 0.001
U 173 | F 354304 | FPS 0030 | D 11989 | rR:mu sigma m M 0.00 0.00 0.00 0.00 | F:mu sigma m M 186.7 116.1 63.0 491.0 | H 1.096 | V 0.007 | pL -0.004 | vL 0.000 | delta 0.009
U 174 | F 356352 | FPS 0026 | D 12066 | rR:mu sigma m M 0.05 0.20 0.00 0.82 | F:mu sigma m M 139.4 59.5 56.0 238.0 | H 1.096 | V 0.010 | pL -0.001 | vL 0.000 | delta 0.009
U 175 | F 358400 | FPS 0030 | D 12135 | rR:mu sigma m M 0.00 0.00 0.00 0.00 | F:mu sigma m M 141.6 147.2 22.0 630.0 | H 1.098 | V 0.004 | pL 0.001 | vL 0.000 | delta 0.002
U 176 | F 360448 | FPS 0028 | D 12207 | rR:mu sigma m M 0.05 0.21 0.00 0.85 | F:mu sigma m M 161.0 137.8 22.0 630.0 | H 1.093 | V 0.012 | pL -0.006 | vL 0.001 | delta 0.016
U 177 | F 362496 | FPS 0030 | D 12275 | rR:mu sigma m M 0.07 0.19 0.00 0.67 | F:mu sigma m M 185.1 169.1 15.0 608.0 | H 1.090 | V 0.036 | pL -0.002 | vL 0.001 | delta 0.016
U 178 | F 364544 | FPS 0036 | D 12332 | rR:mu sigma m M 0.08 0.23 0.00 0.85 | F:mu sigma m M 178.9 167.4 49.0 679.0 | H 1.083 | V 0.048 | pL -0.004 | vL 0.001 | delta 0.019
U 179 | F 366592 | FPS 0039 | D 12385 | rR:mu sigma m M 0.05 0.19 0.00 0.80 | F:mu sigma m M 147.6 122.9 22.0 505.0 | H 1.082 | V 0.048 | pL 0.006 | vL 0.001 | delta 0.016
U 180 | F 368640 | FPS 0031 | D 12452 | rR:mu sigma m M 0.00 0.00 0.00 0.00 | F:mu sigma m M 157.5 159.3 22.0 639.0 | H 1.088 | V 0.033 | pL 0.001 | vL 0.001 | delta 0.012
U 181 | F 370688 | FPS 0028 | D 12524 | rR:mu sigma m M 0.00 0.00 0.00 0.00 | F:mu sigma m M 141.4 95.1 20.0 423.0 | H 1.089 | V 0.027 | pL 0.007 | vL 0.000 | delta 0.010
U 182 | F 372736 | FPS 0029 | D 12594 | rR:mu sigma m M 0.00 0.00 0.00 0.00 | F:mu sigma m M 172.0 145.9 27.0 547.0 | H 1.084 | V 0.034 | pL 0.006 | vL 0.000 | delta 0.009
U 183 | F 374784 | FPS 0027 | D 12670 | rR:mu sigma m M 0.04 0.16 0.00 0.68 | F:mu sigma m M 180.6 128.7 15.0 578.0 | H 1.090 | V 0.025 | pL 0.002 | vL 0.000 | delta 0.008
U 184 | F 376832 | FPS 0027 | D 12745 | rR:mu sigma m M 0.00 0.00 0.00 0.00 | F:mu sigma m M 146.6 83.9 9.0 329.0 | H 1.096 | V 0.014 | pL 0.004 | vL 0.000 | delta 0.003
U 185 | F 378880 | FPS 0031 | D 12812 | rR:mu sigma m M 0.05 0.18 0.00 0.74 | F:mu sigma m M 139.8 84.7 25.0 295.0 | H 1.096 | V 0.015 | pL -0.003 | vL 0.001 | delta 0.008
U 186 | F 380928 | FPS 0029 | D 12882 | rR:mu sigma m M 0.00 0.00 0.00 0.00 | F:mu sigma m M 141.8 119.8 16.0 390.0 | H 1.089 | V 0.018 | pL 0.004 | vL 0.000 | delta 0.006
U 187 | F 382976 | FPS 0031 | D 12948 | rR:mu sigma m M 0.00 0.00 0.00 0.00 | F:mu sigma m M 189.6 125.8 38.0 390.0 | H 1.092 | V 0.023 | pL 0.004 | vL 0.000 | delta 0.005
U 188 | F 385024 | FPS 0027 | D 13023 | rR:mu sigma m M 0.00 0.00 0.00 0.00 | F:mu sigma m M 139.8 111.7 7.0 353.0 | H 1.096 | V 0.014 | pL 0.003 | vL 0.000 | delta 0.003
U 189 | F 387072 | FPS 0027 | D 13098 | rR:mu sigma m M 0.00 0.00 0.00 0.00 | F:mu sigma m M 179.9 153.5 7.0 505.0 | H 1.094 | V 0.014 | pL 0.003 | vL 0.000 | delta 0.002
U 190 | F 389120 | FPS 0026 | D 13177 | rR:mu sigma m M 0.00 0.00 0.00 0.00 | F:mu sigma m M 199.8 186.0 22.0 708.0 | H 1.097 | V 0.010 | pL 0.003 | vL 0.000 | delta 0.002
U 191 | F 391168 | FPS 0029 | D 13247 | rR:mu sigma m M 0.00 0.00 0.00 0.00 | F:mu sigma m M 160.8 149.9 22.0 523.0 | H 1.096 | V 0.013 | pL 0.002 | vL 0.000 | delta 0.007
U 192 | F 393216 | FPS 0032 | D 13312 | rR:mu sigma m M 0.03 0.13 0.00 0.52 | F:mu sigma m M 199.6 134.3 39.0 476.0 | H 1.096 | V 0.013 | pL 0.000 | vL 0.000 | delta 0.007
U 193 | F 395264 | FPS 0030 | D 13381 | rR:mu sigma m M 0.00 0.00 0.00 0.00 | F:mu sigma m M 173.1 108.1 40.0 397.0 | H 1.097 | V 0.011 | pL 0.003 | vL 0.000 | delta 0.004
U 194 | F 397312 | FPS 0031 | D 13448 | rR:mu sigma m M 0.00 0.00 0.00 0.00 | F:mu sigma m M 141.0 116.0 30.0 448.0 | H 1.098 | V 0.008 | pL 0.002 | vL 0.000 | delta 0.002
U 195 | F 399360 | FPS 0027 | D 13523 | rR:mu sigma m M 0.00 0.00 0.00 0.00 | F:mu sigma m M 151.5 116.8 20.0 448.0 | H 1.098 | V 0.006 | pL 0.002 | vL 0.000 | delta 0.001
U 196 | F 401408 | FPS 0028 | D 13595 | rR:mu sigma m M 0.00 0.00 0.00 0.00 | F:mu sigma m M 165.0 105.5 20.0 375.0 | H 1.098 | V 0.005 | pL 0.001 | vL 0.000 | delta 0.001
U 197 | F 403456 | FPS 0030 | D 13664 | rR:mu sigma m M 0.00 0.00 0.00 0.00 | F:mu sigma m M 190.8 131.0 26.0 481.0 | H 1.098 | V 0.003 | pL 0.001 | vL 0.000 | delta 0.001
U 198 | F 405504 | FPS 0031 | D 13729 | rR:mu sigma m M 0.00 0.00 0.00 0.00 | F:mu sigma m M 226.5 189.6 32.0 625.0 | H 1.098 | V 0.003 | pL 0.001 | vL 0.000 | delta 0.001
U 199 | F 407552 | FPS 0031 | D 13796 | rR:mu sigma m M 0.00 0.00 0.00 0.00 | F:mu sigma m M 135.8 87.6 32.0 332.0 | H 1.099 | V 0.002 | pL 0.000 | vL 0.000 | delta 0.001
U 200 | F 409600 | FPS 0026 | D 13874 | rR:mu sigma m M 0.00 0.00 0.00 0.00 | F:mu sigma m M 141.7 81.3 19.0 332.0 | H 1.098 | V 0.002 | pL 0.000 | vL 0.000 | delta 0.001
U 201 | F 411648 | FPS 0029 | D 13943 | rR:mu sigma m M 0.00 0.00 0.00 0.00 | F:mu sigma m M 116.4 54.2 28.0 226.0 | H 1.098 | V 0.002 | pL 0.000 | vL 0.000 | delta 0.001
U 202 | F 413696 | FPS 0028 | D 14017 | rR:mu sigma m M 0.00 0.00 0.00 0.00 | F:mu sigma m M 146.3 83.5 28.0 319.0 | H 1.098 | V 0.002 | pL 0.001 | vL 0.000 | delta 0.001
U 203 | F 415744 | FPS 0031 | D 14083 | rR:mu sigma m M 0.00 0.00 0.00 0.00 | F:mu sigma m M 162.0 95.6 29.0 319.0 | H 1.098 | V 0.001 | pL 0.000 | vL 0.000 | delta 0.000
U 204 | F 417792 | FPS 0026 | D 14162 | rR:mu sigma m M 0.00 0.00 0.00 0.00 | F:mu sigma m M 188.4 210.6 36.0 864.0 | H 1.098 | V 0.002 | pL 0.000 | vL 0.000 | delta 0.001
U 205 | F 419840 | FPS 0032 | D 14225 | rR:mu sigma m M 0.00 0.00 0.00 0.00 | F:mu sigma m M 143.4 108.5 36.0 438.0 | H 1.098 | V 0.002 | pL 0.000 | vL 0.000 | delta 0.001
U 206 | F 421888 | FPS 0030 | D 14295 | rR:mu sigma m M 0.04 0.16 0.00 0.64 | F:mu sigma m M 244.2 238.8 38.0 847.0 | H 1.096 | V 0.009 | pL -0.004 | vL 0.000 | delta 0.008
U 207 | F 423936 | FPS 0031 | D 14361 | rR:mu sigma m M 0.00 0.00 0.00 0.00 | F:mu sigma m M 153.7 145.4 53.0 618.0 | H 1.097 | V 0.003 | pL 0.001 | vL 0.000 | delta 0.004
U 208 | F 425984 | FPS 0030 | D 14429 | rR:mu sigma m M 0.00 0.00 0.00 0.00 | F:mu sigma m M 159.7 154.9 22.0 576.0 | H 1.098 | V 0.001 | pL 0.000 | vL 0.000 | delta 0.001
U 209 | F 428032 | FPS 0033 | D 14492 | rR:mu sigma m M 0.05 0.21 0.00 0.87 | F:mu sigma m M 138.9 95.6 35.0 378.0 | H 1.095 | V 0.011 | pL -0.007 | vL 0.002 | delta 0.012
U 210 | F 430080 | FPS 0031 | D 14557 | rR:mu sigma m M 0.05 0.20 0.00 0.83 | F:mu sigma m M 141.6 122.6 26.0 517.0 | H 1.094 | V 0.005 | pL -0.002 | vL 0.001 | delta 0.007
U 211 | F 432128 | FPS 0034 | D 14618 | rR:mu sigma m M 0.00 0.00 0.00 0.00 | F:mu sigma m M 129.8 91.2 27.0 364.0 | H 1.093 | V 0.019 | pL -0.003 | vL 0.001 | delta 0.011
U 212 | F 434176 | FPS 0031 | D 14685 | rR:mu sigma m M 0.10 0.27 0.00 0.88 | F:mu sigma m M 139.9 94.2 20.0 365.0 | H 1.091 | V 0.026 | pL -0.003 | vL 0.001 | delta 0.011
U 213 | F 436224 | FPS 0029 | D 14754 | rR:mu sigma m M 0.04 0.15 0.00 0.64 | F:mu sigma m M 176.6 89.2 81.0 365.0 | H 1.088 | V 0.033 | pL 0.002 | vL 0.001 | delta 0.010
U 214 | F 438272 | FPS 0028 | D 14829 | rR:mu sigma m M 0.04 0.15 0.00 0.64 | F:mu sigma m M 157.3 65.6 81.0 361.0 | H 1.095 | V 0.018 | pL -0.002 | vL 0.000 | delta 0.008
U 215 | F 440320 | FPS 0031 | D 14894 | rR:mu sigma m M 0.02 0.08 0.00 0.35 | F:mu sigma m M 156.5 156.4 13.0 649.0 | H 1.097 | V 0.014 | pL 0.004 | vL 0.000 | delta 0.006
U 216 | F 442368 | FPS 0031 | D 14961 | rR:mu sigma m M 0.00 0.00 0.00 0.00 | F:mu sigma m M 115.1 103.3 13.0 431.0 | H 1.097 | V 0.017 | pL 0.004 | vL 0.000 | delta 0.004
U 217 | F 444416 | FPS 0028 | D 15034 | rR:mu sigma m M 0.00 0.00 0.00 0.00 | F:mu sigma m M 181.8 161.2 17.0 634.0 | H 1.096 | V 0.012 | pL 0.002 | vL 0.000 | delta 0.003
U 218 | F 446464 | FPS 0030 | D 15102 | rR:mu sigma m M 0.00 0.00 0.00 0.00 | F:mu sigma m M 197.2 165.6 19.0 634.0 | H 1.097 | V 0.014 | pL 0.002 | vL 0.000 | delta 0.002
U 219 | F 448512 | FPS 0025 | D 15184 | rR:mu sigma m M 0.05 0.20 0.00 0.84 | F:mu sigma m M 156.9 109.2 16.0 376.0 | H 1.098 | V 0.010 | pL -0.001 | vL 0.001 | delta 0.008
U 220 | F 450560 | FPS 0027 | D 15258 | rR:mu sigma m M 0.00 0.00 0.00 0.00 | F:mu sigma m M 178.2 199.0 37.0 900.0 | H 1.098 | V 0.006 | pL 0.002 | vL 0.000 | delta 0.001
U 221 | F 452608 | FPS 0031 | D 15325 | rR:mu sigma m M 0.00 0.00 0.00 0.00 | F:mu sigma m M 192.8 205.8 37.0 900.0 | H 1.098 | V 0.004 | pL 0.001 | vL 0.000 | delta 0.001
U 222 | F 454656 | FPS 0033 | D 15387 | rR:mu sigma m M 0.00 0.00 0.00 0.00 | F:mu sigma m M 173.6 139.5 25.0 471.0 | H 1.098 | V 0.003 | pL 0.001 | vL 0.000 | delta 0.001
U 223 | F 456704 | FPS 0030 | D 15455 | rR:mu sigma m M 0.00 0.00 0.00 0.00 | F:mu sigma m M 156.6 113.7 25.0 471.0 | H 1.098 | V 0.003 | pL -0.000 | vL 0.000 | delta 0.001
U 224 | F 458752 | FPS 0028 | D 15527 | rR:mu sigma m M 0.04 0.16 0.00 0.67 | F:mu sigma m M 188.3 134.0 44.0 613.0 | H 1.096 | V 0.008 | pL -0.003 | vL 0.000 | delta 0.007
U 225 | F 460800 | FPS 0028 | D 15600 | rR:mu sigma m M 0.04 0.16 0.00 0.67 | F:mu sigma m M 229.6 145.9 37.0 613.0 | H 1.097 | V 0.008 | pL 0.001 | vL 0.000 | delta 0.002
U 226 | F 462848 | FPS 0028 | D 15673 | rR:mu sigma m M 0.00 0.00 0.00 0.00 | F:mu sigma m M 260.1 185.8 36.0 753.0 | H 1.097 | V 0.006 | pL 0.002 | vL 0.000 | delta 0.002
U 227 | F 464896 | FPS 0026 | D 15753 | rR:mu sigma m M 0.00 0.00 0.00 0.00 | F:mu sigma m M 190.0 165.2 34.0 567.0 | H 1.098 | V 0.005 | pL 0.001 | vL 0.000 | delta 0.001
U 228 | F 466944 | FPS 0029 | D 15825 | rR:mu sigma m M 0.00 0.00 0.00 0.00 | F:mu sigma m M 104.4 89.3 21.0 392.0 | H 1.098 | V 0.003 | pL 0.001 | vL 0.000 | delta 0.002
U 229 | F 468992 | FPS 0032 | D 15889 | rR:mu sigma m M 0.00 0.00 0.00 0.00 | F:mu sigma m M 132.9 134.8 25.0 477.0 | H 1.098 | V 0.002 | pL 0.000 | vL 0.000 | delta 0.001
U 230 | F 471040 | FPS 0030 | D 15958 | rR:mu sigma m M 0.03 0.13 0.00 0.53 | F:mu sigma m M 201.1 158.1 26.0 477.0 | H 1.095 | V 0.004 | pL -0.003 | vL 0.000 | delta 0.006
U 231 | F 473088 | FPS 0032 | D 16021 | rR:mu sigma m M 0.03 0.12 0.00 0.51 | F:mu sigma m M 197.3 160.5 7.0 491.0 | H 1.094 | V 0.013 | pL -0.003 | vL 0.000 | delta 0.007
U 232 | F 475136 | FPS 0030 | D 16090 | rR:mu sigma m M 0.02 0.08 0.00 0.34 | F:mu sigma m M 147.1 151.8 26.0 660.0 | H 1.095 | V 0.017 | pL 0.001 | vL 0.000 | delta 0.005
U 233 | F 477184 | FPS 0033 | D 16153 | rR:mu sigma m M 0.00 0.00 0.00 0.00 | F:mu sigma m M 169.7 187.6 29.0 730.0 | H 1.096 | V 0.012 | pL 0.002 | vL 0.000 | delta 0.004
U 234 | F 479232 | FPS 0029 | D 16223 | rR:mu sigma m M 0.00 0.00 0.00 0.00 | F:mu sigma m M 178.2 180.1 29.0 730.0 | H 1.096 | V 0.008 | pL 0.000 | vL 0.000 | delta 0.005
U 235 | F 481280 | FPS 0026 | D 16302 | rR:mu sigma m M 0.00 0.00 0.00 0.00 | F:mu sigma m M 197.9 143.3 59.0 562.0 | H 1.094 | V 0.012 | pL 0.002 | vL 0.000 | delta 0.004
U 236 | F 483328 | FPS 0037 | D 16357 | rR:mu sigma m M 0.00 0.00 0.00 0.00 | F:mu sigma m M 192.1 154.4 12.0 562.0 | H 1.095 | V 0.013 | pL 0.003 | vL 0.000 | delta 0.005
U 237 | F 485376 | FPS 0028 | D 16429 | rR:mu sigma m M 0.05 0.18 0.00 0.75 | F:mu sigma m M 194.6 137.2 19.0 542.0 | H 1.093 | V 0.017 | pL -0.005 | vL 0.001 | delta 0.011
U 238 | F 487424 | FPS 0028 | D 16502 | rR:mu sigma m M 0.05 0.18 0.00 0.75 | F:mu sigma m M 244.2 164.5 33.0 630.0 | H 1.091 | V 0.006 | pL 0.001 | vL 0.000 | delta 0.005
U 239 | F 489472 | FPS 0032 | D 16566 | rR:mu sigma m M 0.00 0.00 0.00 0.00 | F:mu sigma m M 193.1 132.1 33.0 513.0 | H 1.097 | V 0.001 | pL -0.000 | vL 0.000 | delta 0.001
U 240 | F 491520 | FPS 0028 | D 16639 | rR:mu sigma m M 0.00 0.00 0.00 0.00 | F:mu sigma m M 176.4 194.6 42.0 854.0 | H 1.097 | V 0.001 | pL 0.000 | vL 0.000 | delta 0.001
U 241 | F 493568 | FPS 0029 | D 16709 | rR:mu sigma m M 0.10 0.26 0.00 0.79 | F:mu sigma m M 187.5 189.8 42.0 854.0 | H 1.085 | V 0.017 | pL -0.012 | vL 0.001 | delta 0.018
U 242 | F 495616 | FPS 0029 | D 16780 | rR:mu sigma m M 0.10 0.26 0.00 0.79 | F:mu sigma m M 217.3 140.9 31.0 506.0 | H 1.096 | V 0.006 | pL 0.001 | vL 0.000 | delta 0.001
U 243 | F 497664 | FPS 0035 | D 16840 | rR:mu sigma m M 0.00 0.00 0.00 0.00 | F:mu sigma m M 217.2 120.0 49.0 427.0 | H 1.092 | V 0.009 | pL -0.000 | vL 0.000 | delta 0.006
U 244 | F 499712 | FPS 0031 | D 16905 | rR:mu sigma m M 0.05 0.18 0.00 0.76 | F:mu sigma m M 173.1 116.7 13.0 409.0 | H 1.092 | V 0.014 | pL -0.004 | vL 0.000 | delta 0.008
U 245 | F 501760 | FPS 0028 | D 16978 | rR:mu sigma m M 0.03 0.13 0.00 0.55 | F:mu sigma m M 165.2 120.7 30.0 450.0 | H 1.077 | V 0.030 | pL 0.003 | vL 0.001 | delta 0.025
U 246 | F 503808 | FPS 0029 | D 17048 | rR:mu sigma m M 0.00 0.00 0.00 0.00 | F:mu sigma m M 183.3 125.9 45.0 548.0 | H 1.091 | V 0.016 | pL 0.002 | vL 0.000 | delta 0.007
U 247 | F 505856 | FPS 0032 | D 17112 | rR:mu sigma m M 0.08 0.21 0.00 0.71 | F:mu sigma m M 123.3 112.4 18.0 445.0 | H 1.079 | V 0.023 | pL -0.004 | vL 0.001 | delta 0.015
U 248 | F 507904 | FPS 0033 | D 17174 | rR:mu sigma m M 0.13 0.28 0.00 0.83 | F:mu sigma m M 159.5 122.2 43.0 452.0 | H 1.065 | V 0.041 | pL -0.010 | vL 0.001 | delta 0.017
U 249 | F 509952 | FPS 0031 | D 17239 | rR:mu sigma m M 0.05 0.19 0.00 0.77 | F:mu sigma m M 127.1 86.8 21.0 353.0 | H 1.069 | V 0.040 | pL 0.002 | vL 0.001 | delta 0.018
U 250 | F 512000 | FPS 0030 | D 17307 | rR:mu sigma m M 0.08 0.21 0.00 0.65 | F:mu sigma m M 197.9 149.9 21.0 565.0 | H 1.062 | V 0.056 | pL -0.006 | vL 0.001 | delta 0.015
U 251 | F 514048 | FPS 0033 | D 17368 | rR:mu sigma m M 0.20 0.34 0.00 0.93 | F:mu sigma m M 133.4 85.0 32.0 291.0 | H 1.049 | V 0.091 | pL -0.014 | vL 0.002 | delta 0.026
U 252 | F 516096 | FPS 0037 | D 17423 | rR:mu sigma m M 0.31 0.40 0.00 0.93 | F:mu sigma m M 114.9 70.6 35.0 286.0 | H 1.025 | V 0.114 | pL -0.016 | vL 0.004 | delta 0.037
U 253 | F 518144 | FPS 0040 | D 17474 | rR:mu sigma m M 0.30 0.36 0.00 0.88 | F:mu sigma m M 176.7 161.2 7.0 644.0 | H 0.978 | V 0.173 | pL -0.019 | vL 0.004 | delta 0.035
U 254 | F 520192 | FPS 0043 | D 17521 | rR:mu sigma m M 0.62 0.38 0.00 0.94 | F:mu sigma m M 138.0 66.8 28.0 287.0 | H 0.969 | V 0.219 | pL -0.039 | vL 0.005 | delta 0.047
U 255 | F 522240 | FPS 0046 | D 17566 | rR:mu sigma m M 0.60 0.40 0.00 0.93 | F:mu sigma m M 118.3 64.2 35.0 317.0 | H 0.889 | V 0.262 | pL -0.055 | vL 0.005 | delta 0.071
U 256 | F 524288 | FPS 0050 | D 17607 | rR:mu sigma m M 0.78 0.31 0.00 0.95 | F:mu sigma m M 89.2 31.2 40.0 146.0 | H 0.870 | V 0.328 | pL -0.083 | vL 0.006 | delta 0.085
U 257 | F 526336 | FPS 0056 | D 17644 | rR:mu sigma m M 0.88 0.17 0.00 0.96 | F:mu sigma m M 87.9 31.5 37.0 172.0 | H 0.772 | V 0.450 | pL -0.083 | vL 0.007 | delta 0.076
U 258 | F 528384 | FPS 0063 | D 17676 | rR:mu sigma m M 0.84 0.29 0.00 0.96 | F:mu sigma m M 64.2 29.2 16.0 150.0 | H 0.743 | V 0.506 | pL -0.077 | vL 0.007 | delta 0.071
U 259 | F 530432 | FPS 0066 | D 17707 | rR:mu sigma m M 0.92 0.15 0.00 0.97 | F:mu sigma m M 59.4 22.7 17.0 115.0 | H 0.655 | V 0.632 | pL -0.090 | vL 0.004 | delta 0.070
U 260 | F 532480 | FPS 0073 | D 17736 | rR:mu sigma m M 0.94 0.14 0.00 0.98 | F:mu sigma m M 43.9 11.5 21.0 83.0 | H 0.556 | V 0.723 | pL -0.055 | vL 0.004 | delta 0.061
U 261 | F 534528 | FPS 0075 | D 17763 | rR:mu sigma m M 0.96 0.01 0.93 0.97 | F:mu sigma m M 40.0 9.0 28.0 73.0 | H 0.518 | V 0.781 | pL -0.030 | vL 0.001 | delta 0.039
agent reach optimality, start collecting trajectories
agent successfully collected 10 trajectories
pickling optimal trajectories
Model successfully saved
/home/rdali/.local/easybuild/software/2017/Core/miniconda3/4.3.27/envs/observe/lib/python3.6/site-packages/torch/nn/functional.py:1906: UserWarning: reduction: 'mean' divides the total loss by both the batch size and the support size.'batchmean' divides only by the batch size, and aligns with the KL div math definition.'mean' will be changed to behave the same as 'batchmean' in the next major release.
  warnings.warn("reduction: 'mean' divides the total loss by both the batch size and the support size."
