The following modules were not unloaded:
  (Use "module --force purge" to unload all):

  1) StdEnv/2018.3     4) gcccore/.7.3.0      7) intel/2018.3
  2) nixpkgs/16.09     5) icc/.2018.3.222     8) openmpi/3.1.2
  3) imkl/2018.3.222   6) ifort/.2018.3.222

Due to MODULEPATH changes, the following have been reloaded:
  1) openmpi/3.1.2

Attention: While Conda works well in a desktop environment, it tends to create more problems than it solves on a cluster. Instead, we recommend that users use virtual environments and the binary packages that we provide through Python wheels as documented on the Python page.
/home/rdali/RL/watch_and_learn/dependency/rl-starter-files/scripts/train_agent_multidem.py --env MiniGrid-LavaCrossingAddictO12S15-v0 --algo ppo --nameDemonstrator LavaCrossing1215Addict1,LavaCrossing1215Addict2,LavaCrossing1215Addict4,LavaCrossing1215Addict5,LavaCrossing1215Addict7,LavaCrossing1215Addict8,LavaCrossing1215Addict9,LavaCrossing1215Addict10 --flat-model 0 --KLweight 0.001 --useKL 1 --meanReward 0.80 --rewardLB 0.70 --seed 7408

Namespace(KLweight=0.001, algo='ppo', batch_size=256, clip_eps=0.2, discount=0.99, entropy_coef=0.01, env='MiniGrid-LavaCrossingAddictO12S15-v0', epochs=4, flat_model=0, frames=10000000, frames_per_proc=None, full_obs=0, gae_lambda=0.95, log_interval=1, lr=0.0007, max_grad_norm=0.5, meanReward=0.8, mem=False, model=None, nameDemonstrator='LavaCrossing1215Addict1,LavaCrossing1215Addict2,LavaCrossing1215Addict4,LavaCrossing1215Addict5,LavaCrossing1215Addict7,LavaCrossing1215Addict8,LavaCrossing1215Addict9,LavaCrossing1215Addict10', optim_alpha=0.99, optim_eps=1e-05, procs=16, recurrence=1, rewardLB=0.7, save_interval=0, seed=7408, tb=False, text=False, useKL=1, value_loss_coef=0.5)

Flat model successfully created

ACModel(
  (image_conv): Sequential(
    (0): Conv2d(3, 32, kernel_size=(2, 2), stride=(1, 1))
    (1): ReLU()
    (2): MaxPool2d(kernel_size=(2, 2), stride=(2, 2), padding=0, dilation=1, ceil_mode=False)
    (3): Conv2d(32, 64, kernel_size=(2, 2), stride=(1, 1))
    (4): ReLU()
    (5): Conv2d(64, 64, kernel_size=(2, 2), stride=(1, 1))
    (6): ReLU()
  )
  (actor): Sequential(
    (0): Linear(in_features=1600, out_features=64, bias=True)
    (1): Tanh()
    (2): Linear(in_features=64, out_features=3, bias=True)
  )
  (critic): Sequential(
    (0): Linear(in_features=1600, out_features=64, bias=True)
    (1): Tanh()
    (2): Linear(in_features=64, out_features=1, bias=True)
  )
)

CUDA available: False

1
True
0.001
Using TensorFlow backend.
OMP: Info #212: KMP_AFFINITY: decoding x2APIC ids.
OMP: Info #210: KMP_AFFINITY: Affinity capable, using global cpuid leaf 11 info
OMP: Info #154: KMP_AFFINITY: Initial OS proc set respected: 35-39
OMP: Info #156: KMP_AFFINITY: 5 available OS procs
OMP: Info #158: KMP_AFFINITY: Nonuniform topology
OMP: Info #179: KMP_AFFINITY: 2 packages x 3 cores/pkg x 1 threads/core (5 total cores)
OMP: Info #214: KMP_AFFINITY: OS proc to physical thread map:
OMP: Info #171: KMP_AFFINITY: OS proc 36 maps to package 0 core 25 
OMP: Info #171: KMP_AFFINITY: OS proc 38 maps to package 0 core 26 
OMP: Info #171: KMP_AFFINITY: OS proc 37 maps to package 1 core 25 
OMP: Info #171: KMP_AFFINITY: OS proc 39 maps to package 1 core 26 
OMP: Info #171: KMP_AFFINITY: OS proc 35 maps to package 1 core 27 
OMP: Info #250: KMP_AFFINITY: pid 336602 tid 336602 thread 0 bound to OS proc set 36
OMP: Info #250: KMP_AFFINITY: pid 336602 tid 336690 thread 2 bound to OS proc set 38
OMP: Info #250: KMP_AFFINITY: pid 336602 tid 336691 thread 3 bound to OS proc set 39
OMP: Info #250: KMP_AFFINITY: pid 336602 tid 336689 thread 1 bound to OS proc set 37
OMP: Info #250: KMP_AFFINITY: pid 336602 tid 336692 thread 4 bound to OS proc set 35
OMP: Info #250: KMP_AFFINITY: pid 336602 tid 336915 thread 5 bound to OS proc set 36
OMP: Info #250: KMP_AFFINITY: pid 336602 tid 336916 thread 6 bound to OS proc set 37
OMP: Info #250: KMP_AFFINITY: pid 336602 tid 336934 thread 7 bound to OS proc set 38
OMP: Info #250: KMP_AFFINITY: pid 336602 tid 336935 thread 8 bound to OS proc set 39
OMP: Info #250: KMP_AFFINITY: pid 336602 tid 336936 thread 9 bound to OS proc set 35
OMP: Info #250: KMP_AFFINITY: pid 336602 tid 336937 thread 10 bound to OS proc set 36
OMP: Info #250: KMP_AFFINITY: pid 336602 tid 336975 thread 11 bound to OS proc set 37
OMP: Info #250: KMP_AFFINITY: pid 336602 tid 336976 thread 12 bound to OS proc set 38
OMP: Info #250: KMP_AFFINITY: pid 336602 tid 336978 thread 14 bound to OS proc set 35
OMP: Info #250: KMP_AFFINITY: pid 336602 tid 336977 thread 13 bound to OS proc set 39
OMP: Info #250: KMP_AFFINITY: pid 336602 tid 336979 thread 15 bound to OS proc set 36
U 1 | F 002048 | FPS 0020 | D 100 | rR:mu sigma m M 0.00 0.00 0.00 0.00 | F:mu sigma m M 20.5 33.4 0.0 90.0 | H 1.091 | V 0.032 | pL 0.007 | vL 0.001 | delta 0.089
U 2 | F 004096 | FPS 0021 | D 197 | rR:mu sigma m M 0.00 0.00 0.00 0.00 | F:mu sigma m M 117.9 67.1 0.0 229.0 | H 1.094 | V 0.040 | pL 0.009 | vL 0.000 | delta 0.005
U 3 | F 006144 | FPS 0027 | D 272 | rR:mu sigma m M 0.00 0.00 0.00 0.00 | F:mu sigma m M 180.2 84.3 30.0 337.0 | H 1.098 | V 0.032 | pL 0.008 | vL 0.000 | delta 0.008
U 4 | F 008192 | FPS 0027 | D 347 | rR:mu sigma m M 0.00 0.00 0.00 0.00 | F:mu sigma m M 175.5 132.5 28.0 454.0 | H 1.096 | V 0.024 | pL 0.007 | vL 0.000 | delta 0.004
U 5 | F 010240 | FPS 0023 | D 437 | rR:mu sigma m M 0.04 0.16 0.00 0.66 | F:mu sigma m M 170.5 105.2 28.0 382.0 | H 1.098 | V 0.023 | pL 0.001 | vL 0.001 | delta 0.033
U 6 | F 012288 | FPS 0029 | D 508 | rR:mu sigma m M 0.04 0.16 0.00 0.66 | F:mu sigma m M 198.8 131.2 32.0 590.0 | H 1.098 | V 0.024 | pL 0.007 | vL 0.000 | delta 0.008
U 7 | F 014336 | FPS 0025 | D 590 | rR:mu sigma m M 0.00 0.00 0.00 0.00 | F:mu sigma m M 191.2 127.4 49.0 590.0 | H 1.097 | V 0.020 | pL 0.004 | vL 0.000 | delta 0.006
U 8 | F 016384 | FPS 0025 | D 673 | rR:mu sigma m M 0.05 0.18 0.00 0.75 | F:mu sigma m M 191.0 156.1 50.0 712.0 | H 1.096 | V 0.020 | pL -0.000 | vL 0.002 | delta 0.027
U 9 | F 018432 | FPS 0029 | D 743 | rR:mu sigma m M 0.00 0.00 0.00 0.00 | F:mu sigma m M 146.3 138.8 16.0 574.0 | H 1.098 | V 0.006 | pL 0.003 | vL 0.000 | delta 0.003
U 10 | F 020480 | FPS 0027 | D 818 | rR:mu sigma m M 0.00 0.00 0.00 0.00 | F:mu sigma m M 173.2 146.3 24.0 574.0 | H 1.098 | V 0.005 | pL 0.001 | vL 0.000 | delta 0.003
U 11 | F 022528 | FPS 0026 | D 897 | rR:mu sigma m M 0.00 0.00 0.00 0.00 | F:mu sigma m M 154.0 106.5 24.0 427.0 | H 1.098 | V 0.006 | pL 0.001 | vL 0.000 | delta 0.002
U 12 | F 024576 | FPS 0024 | D 982 | rR:mu sigma m M 0.03 0.11 0.00 0.45 | F:mu sigma m M 207.8 149.7 27.0 553.0 | H 1.096 | V 0.005 | pL -0.001 | vL 0.000 | delta 0.013
U 13 | F 026624 | FPS 0027 | D 1057 | rR:mu sigma m M 0.00 0.00 0.00 0.00 | F:mu sigma m M 179.2 130.4 41.0 527.0 | H 1.098 | V 0.001 | pL 0.000 | vL 0.000 | delta 0.003
U 14 | F 028672 | FPS 0030 | D 1124 | rR:mu sigma m M 0.00 0.00 0.00 0.00 | F:mu sigma m M 202.7 142.0 61.0 527.0 | H 1.098 | V 0.002 | pL 0.000 | vL 0.000 | delta 0.006
U 15 | F 030720 | FPS 0028 | D 1196 | rR:mu sigma m M 0.00 0.00 0.00 0.00 | F:mu sigma m M 220.8 141.7 54.0 499.0 | H 1.099 | V 0.004 | pL 0.001 | vL 0.000 | delta 0.003
U 16 | F 032768 | FPS 0029 | D 1268 | rR:mu sigma m M 0.05 0.19 0.00 0.80 | F:mu sigma m M 249.4 186.6 17.0 644.0 | H 1.096 | V 0.009 | pL -0.006 | vL 0.001 | delta 0.050
U 17 | F 034816 | FPS 0032 | D 1331 | rR:mu sigma m M 0.05 0.19 0.00 0.80 | F:mu sigma m M 197.6 197.4 22.0 644.0 | H 1.097 | V 0.013 | pL 0.002 | vL 0.000 | delta 0.011
U 18 | F 036864 | FPS 0026 | D 1409 | rR:mu sigma m M 0.00 0.00 0.00 0.00 | F:mu sigma m M 219.7 163.0 22.0 658.0 | H 1.097 | V 0.012 | pL 0.002 | vL 0.000 | delta 0.004
U 19 | F 038912 | FPS 0022 | D 1501 | rR:mu sigma m M 0.00 0.00 0.00 0.00 | F:mu sigma m M 221.6 109.5 51.0 382.0 | H 1.098 | V 0.008 | pL 0.003 | vL 0.000 | delta 0.002
U 20 | F 040960 | FPS 0028 | D 1575 | rR:mu sigma m M 0.00 0.00 0.00 0.00 | F:mu sigma m M 163.9 192.6 27.0 900.0 | H 1.098 | V 0.007 | pL 0.002 | vL 0.000 | delta 0.001
U 21 | F 043008 | FPS 0027 | D 1651 | rR:mu sigma m M 0.00 0.00 0.00 0.00 | F:mu sigma m M 125.5 90.8 27.0 324.0 | H 1.098 | V 0.007 | pL 0.002 | vL 0.000 | delta 0.003
U 22 | F 045056 | FPS 0024 | D 1735 | rR:mu sigma m M 0.00 0.00 0.00 0.00 | F:mu sigma m M 177.3 139.2 16.0 451.0 | H 1.099 | V 0.006 | pL 0.002 | vL 0.000 | delta 0.001
U 23 | F 047104 | FPS 0027 | D 1812 | rR:mu sigma m M 0.00 0.00 0.00 0.00 | F:mu sigma m M 177.2 103.8 45.0 414.0 | H 1.098 | V 0.004 | pL 0.001 | vL 0.000 | delta 0.001
U 24 | F 049152 | FPS 0028 | D 1884 | rR:mu sigma m M 0.00 0.00 0.00 0.00 | F:mu sigma m M 153.0 143.0 22.0 513.0 | H 1.099 | V 0.004 | pL 0.001 | vL 0.000 | delta 0.000
U 25 | F 051200 | FPS 0028 | D 1958 | rR:mu sigma m M 0.05 0.20 0.00 0.82 | F:mu sigma m M 186.4 123.5 8.0 465.0 | H 1.094 | V 0.011 | pL -0.002 | vL 0.002 | delta 0.031
U 26 | F 053248 | FPS 0024 | D 2045 | rR:mu sigma m M 0.00 0.00 0.00 0.00 | F:mu sigma m M 179.1 123.8 16.0 438.0 | H 1.098 | V 0.002 | pL 0.000 | vL 0.000 | delta 0.002
U 27 | F 055296 | FPS 0027 | D 2122 | rR:mu sigma m M 0.00 0.00 0.00 0.00 | F:mu sigma m M 195.1 128.1 31.0 446.0 | H 1.099 | V 0.000 | pL 0.000 | vL 0.000 | delta 0.001
U 28 | F 057344 | FPS 0026 | D 2201 | rR:mu sigma m M 0.00 0.00 0.00 0.00 | F:mu sigma m M 203.7 125.0 31.0 446.0 | H 1.099 | V 0.000 | pL 0.000 | vL 0.000 | delta 0.001
U 29 | F 059392 | FPS 0027 | D 2278 | rR:mu sigma m M 0.00 0.00 0.00 0.00 | F:mu sigma m M 147.8 88.1 19.0 334.0 | H 1.099 | V 0.000 | pL 0.000 | vL 0.000 | delta 0.000
U 30 | F 061440 | FPS 0029 | D 2347 | rR:mu sigma m M 0.00 0.00 0.00 0.00 | F:mu sigma m M 179.0 147.0 17.0 628.0 | H 1.099 | V 0.000 | pL -0.000 | vL 0.000 | delta 0.000
U 31 | F 063488 | FPS 0027 | D 2424 | rR:mu sigma m M 0.06 0.22 0.00 0.90 | F:mu sigma m M 139.2 84.7 29.0 322.0 | H 1.097 | V 0.006 | pL -0.008 | vL 0.001 | delta 0.038
U 32 | F 065536 | FPS 0028 | D 2496 | rR:mu sigma m M 0.06 0.22 0.00 0.90 | F:mu sigma m M 147.9 70.7 30.0 294.0 | H 1.097 | V 0.004 | pL 0.000 | vL 0.000 | delta 0.008
U 33 | F 067584 | FPS 0028 | D 2569 | rR:mu sigma m M 0.05 0.19 0.00 0.76 | F:mu sigma m M 154.7 80.2 54.0 273.0 | H 1.094 | V 0.018 | pL -0.004 | vL 0.002 | delta 0.034
U 34 | F 069632 | FPS 0027 | D 2645 | rR:mu sigma m M 0.00 0.00 0.00 0.00 | F:mu sigma m M 158.2 93.7 51.0 334.0 | H 1.097 | V 0.006 | pL 0.001 | vL 0.001 | delta 0.007
U 35 | F 071680 | FPS 0031 | D 2711 | rR:mu sigma m M 0.01 0.05 0.00 0.19 | F:mu sigma m M 193.3 201.6 42.0 806.0 | H 1.096 | V 0.008 | pL -0.004 | vL 0.000 | delta 0.006
U 36 | F 073728 | FPS 0031 | D 2777 | rR:mu sigma m M 0.04 0.15 0.00 0.68 | F:mu sigma m M 149.2 98.6 21.0 360.0 | H 1.096 | V 0.001 | pL -0.001 | vL 0.001 | delta 0.015
U 37 | F 075776 | FPS 0025 | D 2858 | rR:mu sigma m M 0.00 0.00 0.00 0.00 | F:mu sigma m M 121.8 57.6 21.0 270.0 | H 1.098 | V -0.000 | pL -0.001 | vL 0.000 | delta 0.005
U 38 | F 077824 | FPS 0026 | D 2935 | rR:mu sigma m M 0.00 0.00 0.00 0.00 | F:mu sigma m M 142.7 82.6 39.0 396.0 | H 1.098 | V -0.002 | pL -0.001 | vL 0.000 | delta 0.001
U 39 | F 079872 | FPS 0025 | D 3016 | rR:mu sigma m M 0.00 0.00 0.00 0.00 | F:mu sigma m M 221.0 165.9 17.0 597.0 | H 1.098 | V 0.000 | pL -0.000 | vL 0.000 | delta 0.006
U 40 | F 081920 | FPS 0026 | D 3095 | rR:mu sigma m M 0.00 0.00 0.00 0.00 | F:mu sigma m M 227.7 148.7 27.0 597.0 | H 1.099 | V 0.003 | pL 0.001 | vL 0.000 | delta 0.001
U 41 | F 083968 | FPS 0031 | D 3161 | rR:mu sigma m M 0.04 0.16 0.00 0.65 | F:mu sigma m M 148.2 96.9 27.0 388.0 | H 1.098 | V 0.009 | pL -0.004 | vL 0.000 | delta 0.042
U 42 | F 086016 | FPS 0029 | D 3231 | rR:mu sigma m M 0.00 0.00 0.00 0.00 | F:mu sigma m M 124.1 81.4 24.0 308.0 | H 1.098 | V -0.004 | pL -0.003 | vL 0.000 | delta 0.003
U 43 | F 088064 | FPS 0025 | D 3312 | rR:mu sigma m M 0.05 0.14 0.00 0.44 | F:mu sigma m M 196.8 177.0 13.0 577.0 | H 1.098 | V 0.001 | pL -0.007 | vL 0.000 | delta 0.037
U 44 | F 090112 | FPS 0031 | D 3377 | rR:mu sigma m M 0.03 0.11 0.00 0.44 | F:mu sigma m M 215.0 191.7 59.0 800.0 | H 1.099 | V -0.002 | pL -0.000 | vL 0.000 | delta 0.006
U 45 | F 092160 | FPS 0026 | D 3455 | rR:mu sigma m M 0.00 0.00 0.00 0.00 | F:mu sigma m M 137.3 80.2 20.0 293.0 | H 1.098 | V 0.001 | pL -0.001 | vL 0.000 | delta 0.002
U 46 | F 094208 | FPS 0026 | D 3535 | rR:mu sigma m M 0.00 0.00 0.00 0.00 | F:mu sigma m M 132.1 151.0 12.0 612.0 | H 1.098 | V 0.003 | pL 0.002 | vL 0.000 | delta 0.003
U 47 | F 096256 | FPS 0029 | D 3606 | rR:mu sigma m M 0.00 0.00 0.00 0.00 | F:mu sigma m M 191.8 202.2 9.0 691.0 | H 1.099 | V 0.001 | pL -0.000 | vL 0.000 | delta 0.001
U 48 | F 098304 | FPS 0031 | D 3672 | rR:mu sigma m M 0.00 0.00 0.00 0.00 | F:mu sigma m M 155.3 187.6 14.0 683.0 | H 1.099 | V 0.001 | pL 0.000 | vL 0.000 | delta 0.000
U 49 | F 100352 | FPS 0025 | D 3753 | rR:mu sigma m M 0.00 0.00 0.00 0.00 | F:mu sigma m M 186.2 187.7 14.0 683.0 | H 1.099 | V 0.001 | pL 0.000 | vL 0.000 | delta 0.000
U 50 | F 102400 | FPS 0027 | D 3829 | rR:mu sigma m M 0.00 0.00 0.00 0.00 | F:mu sigma m M 155.7 141.0 20.0 508.0 | H 1.098 | V 0.002 | pL 0.000 | vL 0.000 | delta 0.001
U 51 | F 104448 | FPS 0028 | D 3901 | rR:mu sigma m M 0.00 0.00 0.00 0.00 | F:mu sigma m M 236.1 235.3 17.0 900.0 | H 1.099 | V 0.002 | pL 0.000 | vL 0.000 | delta 0.001
U 52 | F 106496 | FPS 0026 | D 3979 | rR:mu sigma m M 0.06 0.17 0.00 0.61 | F:mu sigma m M 210.4 240.9 17.0 900.0 | H 1.098 | V 0.010 | pL -0.007 | vL 0.001 | delta 0.009
U 53 | F 108544 | FPS 0028 | D 4052 | rR:mu sigma m M 0.00 0.00 0.00 0.00 | F:mu sigma m M 127.3 64.9 38.0 248.0 | H 1.098 | V 0.004 | pL 0.001 | vL 0.000 | delta 0.003
U 54 | F 110592 | FPS 0027 | D 4127 | rR:mu sigma m M 0.00 0.00 0.00 0.00 | F:mu sigma m M 149.4 114.4 16.0 377.0 | H 1.098 | V 0.005 | pL 0.002 | vL 0.000 | delta 0.003
U 55 | F 112640 | FPS 0025 | D 4208 | rR:mu sigma m M 0.00 0.00 0.00 0.00 | F:mu sigma m M 188.2 95.9 39.0 377.0 | H 1.098 | V 0.004 | pL 0.001 | vL 0.000 | delta 0.001
U 56 | F 114688 | FPS 0026 | D 4286 | rR:mu sigma m M 0.05 0.20 0.00 0.83 | F:mu sigma m M 136.9 56.0 39.0 215.0 | H 1.097 | V 0.013 | pL -0.005 | vL 0.001 | delta 0.018
U 57 | F 116736 | FPS 0028 | D 4361 | rR:mu sigma m M 0.00 0.00 0.00 0.00 | F:mu sigma m M 128.3 91.4 26.0 363.0 | H 1.098 | V -0.005 | pL -0.002 | vL 0.000 | delta 0.002
U 58 | F 118784 | FPS 0030 | D 4429 | rR:mu sigma m M 0.05 0.18 0.00 0.74 | F:mu sigma m M 127.8 100.2 26.0 392.0 | H 1.095 | V 0.012 | pL -0.006 | vL 0.001 | delta 0.013
U 59 | F 120832 | FPS 0028 | D 4502 | rR:mu sigma m M 0.05 0.18 0.00 0.74 | F:mu sigma m M 157.1 99.4 43.0 371.0 | H 1.098 | V -0.002 | pL -0.002 | vL 0.000 | delta 0.003
U 60 | F 122880 | FPS 0028 | D 4574 | rR:mu sigma m M 0.00 0.00 0.00 0.00 | F:mu sigma m M 190.9 94.7 40.0 380.0 | H 1.097 | V 0.005 | pL -0.001 | vL 0.000 | delta 0.009
U 61 | F 124928 | FPS 0028 | D 4648 | rR:mu sigma m M 0.07 0.19 0.00 0.69 | F:mu sigma m M 179.2 133.2 36.0 573.0 | H 1.094 | V 0.017 | pL -0.005 | vL 0.000 | delta 0.022
U 62 | F 126976 | FPS 0026 | D 4728 | rR:mu sigma m M 0.04 0.17 0.00 0.69 | F:mu sigma m M 167.9 134.0 27.0 487.0 | H 1.096 | V 0.009 | pL -0.004 | vL 0.000 | delta 0.010
U 63 | F 129024 | FPS 0029 | D 4798 | rR:mu sigma m M 0.00 0.00 0.00 0.00 | F:mu sigma m M 153.2 106.2 11.0 321.0 | H 1.093 | V -0.002 | pL 0.002 | vL 0.000 | delta 0.011
U 64 | F 131072 | FPS 0026 | D 4877 | rR:mu sigma m M 0.00 0.00 0.00 0.00 | F:mu sigma m M 140.4 111.1 28.0 451.0 | H 1.098 | V -0.002 | pL -0.001 | vL 0.000 | delta 0.004
U 65 | F 133120 | FPS 0026 | D 4956 | rR:mu sigma m M 0.00 0.00 0.00 0.00 | F:mu sigma m M 211.6 164.5 30.0 557.0 | H 1.097 | V 0.000 | pL -0.001 | vL 0.000 | delta 0.005
U 66 | F 135168 | FPS 0026 | D 5034 | rR:mu sigma m M 0.00 0.00 0.00 0.00 | F:mu sigma m M 176.9 130.8 20.0 557.0 | H 1.097 | V 0.000 | pL -0.000 | vL 0.000 | delta 0.003
U 67 | F 137216 | FPS 0027 | D 5110 | rR:mu sigma m M 0.05 0.18 0.00 0.75 | F:mu sigma m M 145.9 116.7 20.0 466.0 | H 1.095 | V 0.007 | pL -0.006 | vL 0.001 | delta 0.017
U 68 | F 139264 | FPS 0027 | D 5187 | rR:mu sigma m M 0.05 0.20 0.00 0.84 | F:mu sigma m M 219.2 130.4 32.0 487.0 | H 1.094 | V 0.017 | pL -0.004 | vL 0.001 | delta 0.017
U 69 | F 141312 | FPS 0032 | D 5251 | rR:mu sigma m M 0.00 0.00 0.00 0.00 | F:mu sigma m M 179.1 126.7 30.0 487.0 | H 1.096 | V -0.003 | pL -0.001 | vL 0.000 | delta 0.003
U 70 | F 143360 | FPS 0025 | D 5335 | rR:mu sigma m M 0.00 0.00 0.00 0.00 | F:mu sigma m M 134.5 81.8 39.0 335.0 | H 1.098 | V -0.003 | pL -0.001 | vL 0.000 | delta 0.001
U 71 | F 145408 | FPS 0026 | D 5414 | rR:mu sigma m M 0.00 0.00 0.00 0.00 | F:mu sigma m M 164.1 156.8 34.0 690.0 | H 1.098 | V -0.002 | pL -0.001 | vL 0.000 | delta 0.001
U 72 | F 147456 | FPS 0025 | D 5496 | rR:mu sigma m M 0.00 0.00 0.00 0.00 | F:mu sigma m M 98.7 78.5 19.0 275.0 | H 1.098 | V -0.001 | pL -0.001 | vL 0.000 | delta 0.000
U 73 | F 149504 | FPS 0028 | D 5570 | rR:mu sigma m M 0.00 0.00 0.00 0.00 | F:mu sigma m M 106.2 98.7 31.0 457.0 | H 1.097 | V 0.010 | pL -0.003 | vL 0.000 | delta 0.012
U 74 | F 151552 | FPS 0026 | D 5649 | rR:mu sigma m M 0.00 0.00 0.00 0.00 | F:mu sigma m M 164.4 128.7 16.0 457.0 | H 1.098 | V 0.006 | pL 0.003 | vL 0.000 | delta 0.003
U 75 | F 153600 | FPS 0029 | D 5720 | rR:mu sigma m M 0.00 0.00 0.00 0.00 | F:mu sigma m M 183.1 110.1 16.0 372.0 | H 1.098 | V 0.007 | pL 0.002 | vL 0.000 | delta 0.002
U 76 | F 155648 | FPS 0029 | D 5790 | rR:mu sigma m M 0.00 0.00 0.00 0.00 | F:mu sigma m M 225.8 212.1 36.0 860.0 | H 1.098 | V 0.004 | pL 0.001 | vL 0.000 | delta 0.000
U 77 | F 157696 | FPS 0028 | D 5863 | rR:mu sigma m M 0.00 0.00 0.00 0.00 | F:mu sigma m M 198.9 199.8 36.0 860.0 | H 1.099 | V 0.003 | pL 0.001 | vL 0.000 | delta 0.000
U 78 | F 159744 | FPS 0030 | D 5931 | rR:mu sigma m M 0.00 0.00 0.00 0.00 | F:mu sigma m M 212.3 187.5 15.0 593.0 | H 1.099 | V 0.003 | pL 0.001 | vL 0.000 | delta 0.001
U 79 | F 161792 | FPS 0026 | D 6009 | rR:mu sigma m M 0.00 0.00 0.00 0.00 | F:mu sigma m M 194.4 175.2 34.0 593.0 | H 1.099 | V 0.003 | pL 0.001 | vL 0.000 | delta 0.001
U 80 | F 163840 | FPS 0028 | D 6083 | rR:mu sigma m M 0.00 0.00 0.00 0.00 | F:mu sigma m M 176.9 122.3 20.0 458.0 | H 1.099 | V 0.003 | pL 0.001 | vL 0.000 | delta 0.001
U 81 | F 165888 | FPS 0026 | D 6160 | rR:mu sigma m M 0.03 0.13 0.00 0.54 | F:mu sigma m M 155.6 119.3 20.0 460.0 | H 1.098 | V 0.006 | pL -0.003 | vL 0.001 | delta 0.011
U 82 | F 167936 | FPS 0023 | D 6248 | rR:mu sigma m M 0.00 0.00 0.00 0.00 | F:mu sigma m M 142.6 114.7 19.0 378.0 | H 1.098 | V 0.001 | pL -0.001 | vL 0.000 | delta 0.002
U 83 | F 169984 | FPS 0030 | D 6317 | rR:mu sigma m M 0.00 0.00 0.00 0.00 | F:mu sigma m M 181.4 130.4 44.0 405.0 | H 1.098 | V -0.000 | pL 0.000 | vL 0.000 | delta 0.002
U 84 | F 172032 | FPS 0030 | D 6386 | rR:mu sigma m M 0.00 0.00 0.00 0.00 | F:mu sigma m M 166.2 103.0 44.0 401.0 | H 1.098 | V -0.001 | pL -0.000 | vL 0.000 | delta 0.001
U 85 | F 174080 | FPS 0026 | D 6463 | rR:mu sigma m M 0.00 0.00 0.00 0.00 | F:mu sigma m M 138.9 83.7 39.0 386.0 | H 1.099 | V -0.001 | pL -0.000 | vL 0.000 | delta 0.001
U 86 | F 176128 | FPS 0027 | D 6538 | rR:mu sigma m M 0.00 0.00 0.00 0.00 | F:mu sigma m M 193.1 132.6 39.0 524.0 | H 1.099 | V 0.001 | pL -0.001 | vL 0.000 | delta 0.003
U 87 | F 178176 | FPS 0024 | D 6622 | rR:mu sigma m M 0.00 0.00 0.00 0.00 | F:mu sigma m M 193.6 140.0 23.0 468.0 | H 1.099 | V -0.000 | pL 0.001 | vL 0.000 | delta 0.001
U 88 | F 180224 | FPS 0027 | D 6697 | rR:mu sigma m M 0.00 0.00 0.00 0.00 | F:mu sigma m M 129.9 107.0 22.0 468.0 | H 1.099 | V -0.001 | pL -0.001 | vL 0.000 | delta 0.000
U 89 | F 182272 | FPS 0030 | D 6765 | rR:mu sigma m M 0.00 0.00 0.00 0.00 | F:mu sigma m M 111.5 50.3 41.0 218.0 | H 1.099 | V -0.001 | pL -0.000 | vL 0.000 | delta 0.000
U 90 | F 184320 | FPS 0029 | D 6837 | rR:mu sigma m M 0.05 0.19 0.00 0.77 | F:mu sigma m M 158.7 85.8 26.0 353.0 | H 1.098 | V 0.005 | pL -0.007 | vL 0.001 | delta 0.060
U 91 | F 186368 | FPS 0031 | D 6903 | rR:mu sigma m M 0.05 0.19 0.00 0.77 | F:mu sigma m M 230.9 133.0 63.0 486.0 | H 1.098 | V 0.007 | pL 0.002 | vL 0.000 | delta 0.010
U 92 | F 188416 | FPS 0030 | D 6972 | rR:mu sigma m M 0.05 0.19 0.00 0.77 | F:mu sigma m M 123.4 68.5 12.0 228.0 | H 1.092 | V 0.014 | pL -0.003 | vL 0.001 | delta 0.017
U 93 | F 190464 | FPS 0033 | D 7034 | rR:mu sigma m M 0.00 0.00 0.00 0.00 | F:mu sigma m M 126.4 85.6 19.0 329.0 | H 1.096 | V 0.010 | pL 0.003 | vL 0.000 | delta 0.004
U 94 | F 192512 | FPS 0030 | D 7101 | rR:mu sigma m M 0.00 0.00 0.00 0.00 | F:mu sigma m M 122.0 100.1 14.0 480.0 | H 1.098 | V 0.009 | pL 0.003 | vL 0.000 | delta 0.002
U 95 | F 194560 | FPS 0027 | D 7177 | rR:mu sigma m M 0.00 0.00 0.00 0.00 | F:mu sigma m M 101.3 56.9 11.0 217.0 | H 1.096 | V 0.015 | pL 0.001 | vL 0.000 | delta 0.008
U 96 | F 196608 | FPS 0027 | D 7253 | rR:mu sigma m M 0.00 0.00 0.00 0.00 | F:mu sigma m M 118.1 91.0 20.0 320.0 | H 1.098 | V 0.006 | pL 0.003 | vL 0.000 | delta 0.005
U 97 | F 198656 | FPS 0026 | D 7333 | rR:mu sigma m M 0.00 0.00 0.00 0.00 | F:mu sigma m M 130.6 109.6 12.0 443.0 | H 1.098 | V 0.003 | pL 0.000 | vL 0.000 | delta 0.002
U 98 | F 200704 | FPS 0028 | D 7405 | rR:mu sigma m M 0.00 0.00 0.00 0.00 | F:mu sigma m M 205.4 179.9 21.0 578.0 | H 1.098 | V 0.002 | pL 0.001 | vL 0.000 | delta 0.002
U 99 | F 202752 | FPS 0026 | D 7483 | rR:mu sigma m M 0.00 0.00 0.00 0.00 | F:mu sigma m M 190.5 181.7 21.0 578.0 | H 1.098 | V 0.001 | pL 0.000 | vL 0.000 | delta 0.001
U 100 | F 204800 | FPS 0026 | D 7561 | rR:mu sigma m M 0.00 0.00 0.00 0.00 | F:mu sigma m M 186.2 119.1 26.0 513.0 | H 1.098 | V 0.002 | pL 0.000 | vL 0.000 | delta 0.001
U 101 | F 206848 | FPS 0025 | D 7641 | rR:mu sigma m M 0.00 0.00 0.00 0.00 | F:mu sigma m M 180.8 206.0 36.0 900.0 | H 1.098 | V 0.002 | pL -0.000 | vL 0.000 | delta 0.002
U 102 | F 208896 | FPS 0026 | D 7721 | rR:mu sigma m M 0.00 0.00 0.00 0.00 | F:mu sigma m M 155.9 158.3 34.0 580.0 | H 1.098 | V 0.002 | pL 0.001 | vL 0.000 | delta 0.001
U 103 | F 210944 | FPS 0029 | D 7791 | rR:mu sigma m M 0.00 0.00 0.00 0.00 | F:mu sigma m M 139.8 98.6 31.0 341.0 | H 1.099 | V 0.001 | pL 0.000 | vL 0.000 | delta 0.000
U 104 | F 212992 | FPS 0024 | D 7877 | rR:mu sigma m M 0.00 0.00 0.00 0.00 | F:mu sigma m M 133.4 118.3 18.0 374.0 | H 1.098 | V 0.004 | pL -0.001 | vL 0.000 | delta 0.003
U 105 | F 215040 | FPS 0027 | D 7953 | rR:mu sigma m M 0.04 0.17 0.00 0.71 | F:mu sigma m M 149.1 99.3 34.0 325.0 | H 1.094 | V 0.006 | pL -0.003 | vL 0.001 | delta 0.015
U 106 | F 217088 | FPS 0025 | D 8034 | rR:mu sigma m M 0.05 0.21 0.00 0.85 | F:mu sigma m M 133.1 75.6 26.0 309.0 | H 1.092 | V 0.005 | pL -0.008 | vL 0.001 | delta 0.028
U 107 | F 219136 | FPS 0032 | D 8098 | rR:mu sigma m M 0.00 0.00 0.00 0.00 | F:mu sigma m M 151.3 118.0 9.0 435.0 | H 1.097 | V -0.000 | pL -0.000 | vL 0.000 | delta 0.007
U 108 | F 221184 | FPS 0028 | D 8172 | rR:mu sigma m M 0.00 0.00 0.00 0.00 | F:mu sigma m M 121.7 77.0 27.0 342.0 | H 1.098 | V 0.002 | pL 0.000 | vL 0.000 | delta 0.001
U 109 | F 223232 | FPS 0024 | D 8257 | rR:mu sigma m M 0.00 0.00 0.00 0.00 | F:mu sigma m M 158.1 112.3 17.0 416.0 | H 1.096 | V 0.004 | pL 0.000 | vL 0.000 | delta 0.003
U 110 | F 225280 | FPS 0030 | D 8325 | rR:mu sigma m M 0.00 0.00 0.00 0.00 | F:mu sigma m M 159.7 111.5 17.0 416.0 | H 1.098 | V 0.005 | pL 0.000 | vL 0.000 | delta 0.002
U 111 | F 227328 | FPS 0030 | D 8393 | rR:mu sigma m M 0.00 0.00 0.00 0.00 | F:mu sigma m M 167.3 100.5 32.0 348.0 | H 1.098 | V 0.005 | pL 0.001 | vL 0.000 | delta 0.002
U 112 | F 229376 | FPS 0025 | D 8476 | rR:mu sigma m M 0.00 0.00 0.00 0.00 | F:mu sigma m M 223.9 157.3 32.0 655.0 | H 1.098 | V 0.006 | pL -0.001 | vL 0.000 | delta 0.002
U 113 | F 231424 | FPS 0029 | D 8546 | rR:mu sigma m M 0.00 0.00 0.00 0.00 | F:mu sigma m M 168.1 85.2 25.0 347.0 | H 1.097 | V 0.006 | pL 0.003 | vL 0.000 | delta 0.004
U 114 | F 233472 | FPS 0026 | D 8626 | rR:mu sigma m M 0.03 0.11 0.00 0.45 | F:mu sigma m M 131.3 119.5 45.0 550.0 | H 1.094 | V 0.005 | pL -0.003 | vL 0.000 | delta 0.017
U 115 | F 235520 | FPS 0030 | D 8694 | rR:mu sigma m M 0.00 0.00 0.00 0.00 | F:mu sigma m M 145.6 134.0 36.0 602.0 | H 1.098 | V 0.007 | pL -0.000 | vL 0.000 | delta 0.006
U 116 | F 237568 | FPS 0027 | D 8770 | rR:mu sigma m M 0.02 0.10 0.00 0.40 | F:mu sigma m M 171.9 134.2 40.0 604.0 | H 1.097 | V 0.007 | pL -0.001 | vL 0.000 | delta 0.018
U 117 | F 239616 | FPS 0030 | D 8838 | rR:mu sigma m M 0.03 0.13 0.00 0.56 | F:mu sigma m M 167.2 100.4 29.0 443.0 | H 1.097 | V 0.007 | pL -0.005 | vL 0.000 | delta 0.006
U 118 | F 241664 | FPS 0026 | D 8916 | rR:mu sigma m M 0.00 0.00 0.00 0.00 | F:mu sigma m M 164.9 188.1 19.0 659.0 | H 1.098 | V -0.001 | pL -0.001 | vL 0.000 | delta 0.001
U 119 | F 243712 | FPS 0025 | D 8997 | rR:mu sigma m M 0.00 0.00 0.00 0.00 | F:mu sigma m M 190.4 151.8 41.0 539.0 | H 1.098 | V -0.000 | pL -0.000 | vL 0.000 | delta 0.000
U 120 | F 245760 | FPS 0031 | D 9062 | rR:mu sigma m M 0.00 0.00 0.00 0.00 | F:mu sigma m M 128.9 76.6 11.0 263.0 | H 1.099 | V -0.000 | pL -0.000 | vL 0.000 | delta 0.000
U 121 | F 247808 | FPS 0031 | D 9129 | rR:mu sigma m M 0.00 0.00 0.00 0.00 | F:mu sigma m M 130.1 88.2 18.0 361.0 | H 1.099 | V 0.000 | pL -0.000 | vL 0.000 | delta 0.001
U 122 | F 249856 | FPS 0024 | D 9215 | rR:mu sigma m M 0.00 0.00 0.00 0.00 | F:mu sigma m M 124.2 129.3 16.0 506.0 | H 1.099 | V 0.000 | pL 0.000 | vL 0.000 | delta 0.000
U 123 | F 251904 | FPS 0030 | D 9282 | rR:mu sigma m M 0.00 0.00 0.00 0.00 | F:mu sigma m M 154.5 126.6 35.0 506.0 | H 1.099 | V 0.001 | pL 0.000 | vL 0.000 | delta 0.001
U 124 | F 253952 | FPS 0027 | D 9359 | rR:mu sigma m M 0.00 0.00 0.00 0.00 | F:mu sigma m M 190.9 146.3 29.0 512.0 | H 1.099 | V 0.000 | pL 0.000 | vL 0.000 | delta 0.000
U 125 | F 256000 | FPS 0026 | D 9437 | rR:mu sigma m M 0.03 0.13 0.00 0.53 | F:mu sigma m M 222.8 153.4 51.0 525.0 | H 1.098 | V 0.003 | pL -0.002 | vL 0.000 | delta 0.021
U 126 | F 258048 | FPS 0029 | D 9508 | rR:mu sigma m M 0.00 0.00 0.00 0.00 | F:mu sigma m M 187.7 108.2 31.0 525.0 | H 1.098 | V -0.006 | pL -0.002 | vL 0.000 | delta 0.001
U 127 | F 260096 | FPS 0026 | D 9585 | rR:mu sigma m M 0.09 0.24 0.00 0.85 | F:mu sigma m M 193.6 95.5 27.0 440.0 | H 1.094 | V 0.007 | pL -0.013 | vL 0.002 | delta 0.016
U 128 | F 262144 | FPS 0025 | D 9667 | rR:mu sigma m M 0.00 0.00 0.00 0.00 | F:mu sigma m M 145.9 105.8 39.0 363.0 | H 1.098 | V 0.000 | pL 0.000 | vL 0.000 | delta 0.003
U 129 | F 264192 | FPS 0026 | D 9746 | rR:mu sigma m M 0.00 0.00 0.00 0.00 | F:mu sigma m M 174.6 173.4 33.0 665.0 | H 1.098 | V 0.003 | pL -0.002 | vL 0.000 | delta 0.002
U 130 | F 266240 | FPS 0032 | D 9810 | rR:mu sigma m M 0.00 0.00 0.00 0.00 | F:mu sigma m M 99.4 69.8 16.0 299.0 | H 1.098 | V 0.001 | pL 0.001 | vL 0.000 | delta 0.002
U 131 | F 268288 | FPS 0026 | D 9889 | rR:mu sigma m M 0.00 0.00 0.00 0.00 | F:mu sigma m M 142.4 122.4 18.0 513.0 | H 1.099 | V 0.001 | pL 0.000 | vL 0.000 | delta 0.000
U 132 | F 270336 | FPS 0028 | D 9963 | rR:mu sigma m M 0.00 0.00 0.00 0.00 | F:mu sigma m M 179.9 120.8 17.0 513.0 | H 1.098 | V 0.001 | pL 0.000 | vL 0.000 | delta 0.000
U 133 | F 272384 | FPS 0028 | D 10037 | rR:mu sigma m M 0.00 0.00 0.00 0.00 | F:mu sigma m M 135.7 76.9 17.0 282.0 | H 1.099 | V 0.000 | pL 0.000 | vL 0.000 | delta 0.000
U 134 | F 274432 | FPS 0028 | D 10110 | rR:mu sigma m M 0.00 0.00 0.00 0.00 | F:mu sigma m M 246.8 208.7 53.0 780.0 | H 1.099 | V 0.000 | pL 0.000 | vL 0.000 | delta 0.000
U 135 | F 276480 | FPS 0027 | D 10186 | rR:mu sigma m M 0.00 0.00 0.00 0.00 | F:mu sigma m M 190.6 149.7 26.0 632.0 | H 1.099 | V 0.000 | pL 0.000 | vL 0.000 | delta 0.000
U 136 | F 278528 | FPS 0028 | D 10259 | rR:mu sigma m M 0.00 0.00 0.00 0.00 | F:mu sigma m M 135.1 79.4 36.0 335.0 | H 1.099 | V 0.000 | pL 0.000 | vL 0.000 | delta 0.000
U 137 | F 280576 | FPS 0024 | D 10343 | rR:mu sigma m M 0.00 0.00 0.00 0.00 | F:mu sigma m M 143.8 116.4 25.0 456.0 | H 1.098 | V 0.002 | pL 0.000 | vL 0.000 | delta 0.002
U 138 | F 282624 | FPS 0027 | D 10419 | rR:mu sigma m M 0.00 0.00 0.00 0.00 | F:mu sigma m M 111.7 70.9 20.0 248.0 | H 1.098 | V 0.002 | pL -0.000 | vL 0.000 | delta 0.001
U 139 | F 284672 | FPS 0027 | D 10494 | rR:mu sigma m M 0.04 0.15 0.00 0.64 | F:mu sigma m M 133.9 85.6 16.0 358.0 | H 1.092 | V 0.008 | pL -0.000 | vL 0.001 | delta 0.007
U 140 | F 286720 | FPS 0029 | D 10563 | rR:mu sigma m M 0.00 0.00 0.00 0.00 | F:mu sigma m M 102.6 96.0 16.0 432.0 | H 1.096 | V 0.010 | pL 0.002 | vL 0.000 | delta 0.002
U 141 | F 288768 | FPS 0024 | D 10647 | rR:mu sigma m M 0.05 0.20 0.00 0.83 | F:mu sigma m M 139.3 104.6 25.0 428.0 | H 1.094 | V 0.012 | pL -0.004 | vL 0.002 | delta 0.010
U 142 | F 290816 | FPS 0029 | D 10719 | rR:mu sigma m M 0.00 0.00 0.00 0.00 | F:mu sigma m M 235.2 176.8 32.0 770.0 | H 1.097 | V 0.011 | pL 0.002 | vL 0.000 | delta 0.002
U 143 | F 292864 | FPS 0028 | D 10791 | rR:mu sigma m M 0.00 0.00 0.00 0.00 | F:mu sigma m M 239.6 183.8 18.0 770.0 | H 1.098 | V 0.010 | pL 0.001 | vL 0.000 | delta 0.001
U 144 | F 294912 | FPS 0027 | D 10868 | rR:mu sigma m M 0.00 0.00 0.00 0.00 | F:mu sigma m M 225.4 118.0 65.0 467.0 | H 1.098 | V 0.008 | pL 0.003 | vL 0.000 | delta 0.002
U 145 | F 296960 | FPS 0030 | D 10936 | rR:mu sigma m M 0.00 0.00 0.00 0.00 | F:mu sigma m M 205.6 171.7 25.0 718.0 | H 1.099 | V 0.004 | pL 0.001 | vL 0.000 | delta 0.000
U 146 | F 299008 | FPS 0029 | D 11006 | rR:mu sigma m M 0.05 0.18 0.00 0.75 | F:mu sigma m M 169.4 158.4 54.0 718.0 | H 1.093 | V 0.009 | pL -0.005 | vL 0.001 | delta 0.008
U 147 | F 301056 | FPS 0031 | D 11073 | rR:mu sigma m M 0.00 0.00 0.00 0.00 | F:mu sigma m M 174.2 135.0 25.0 429.0 | H 1.098 | V 0.000 | pL 0.000 | vL 0.000 | delta 0.001
U 148 | F 303104 | FPS 0027 | D 11149 | rR:mu sigma m M 0.00 0.00 0.00 0.00 | F:mu sigma m M 163.9 119.2 39.0 377.0 | H 1.099 | V 0.000 | pL -0.000 | vL 0.000 | delta 0.001
U 149 | F 305152 | FPS 0027 | D 11224 | rR:mu sigma m M 0.00 0.00 0.00 0.00 | F:mu sigma m M 187.1 140.0 49.0 534.0 | H 1.099 | V 0.001 | pL 0.000 | vL 0.000 | delta 0.001
U 150 | F 307200 | FPS 0027 | D 11300 | rR:mu sigma m M 0.00 0.00 0.00 0.00 | F:mu sigma m M 148.6 108.8 36.0 440.0 | H 1.099 | V 0.001 | pL 0.000 | vL 0.000 | delta 0.001
U 151 | F 309248 | FPS 0025 | D 11383 | rR:mu sigma m M 0.03 0.11 0.00 0.47 | F:mu sigma m M 206.2 137.1 36.0 529.0 | H 1.097 | V 0.003 | pL -0.004 | vL 0.001 | delta 0.012
U 152 | F 311296 | FPS 0029 | D 11454 | rR:mu sigma m M 0.03 0.11 0.00 0.47 | F:mu sigma m M 183.1 114.5 16.0 529.0 | H 1.098 | V 0.004 | pL 0.002 | vL 0.000 | delta 0.004
U 153 | F 313344 | FPS 0028 | D 11526 | rR:mu sigma m M 0.00 0.00 0.00 0.00 | F:mu sigma m M 146.1 109.4 16.0 411.0 | H 1.098 | V 0.003 | pL 0.000 | vL 0.000 | delta 0.001
U 154 | F 315392 | FPS 0025 | D 11608 | rR:mu sigma m M 0.00 0.00 0.00 0.00 | F:mu sigma m M 164.4 112.4 37.0 411.0 | H 1.098 | V 0.002 | pL 0.000 | vL 0.000 | delta 0.000
U 155 | F 317440 | FPS 0024 | D 11694 | rR:mu sigma m M 0.00 0.00 0.00 0.00 | F:mu sigma m M 136.6 89.7 39.0 305.0 | H 1.098 | V 0.002 | pL 0.001 | vL 0.000 | delta 0.001
U 156 | F 319488 | FPS 0027 | D 11769 | rR:mu sigma m M 0.00 0.00 0.00 0.00 | F:mu sigma m M 117.8 99.9 26.0 352.0 | H 1.099 | V 0.001 | pL 0.000 | vL 0.000 | delta 0.000
U 157 | F 321536 | FPS 0028 | D 11843 | rR:mu sigma m M 0.00 0.00 0.00 0.00 | F:mu sigma m M 127.3 76.6 26.0 288.0 | H 1.099 | V 0.001 | pL 0.000 | vL 0.000 | delta 0.000
U 158 | F 323584 | FPS 0024 | D 11927 | rR:mu sigma m M 0.00 0.00 0.00 0.00 | F:mu sigma m M 140.9 115.0 16.0 429.0 | H 1.099 | V 0.001 | pL -0.000 | vL 0.000 | delta 0.000
U 159 | F 325632 | FPS 0028 | D 12000 | rR:mu sigma m M 0.00 0.00 0.00 0.00 | F:mu sigma m M 106.4 91.8 26.0 368.0 | H 1.099 | V 0.001 | pL 0.000 | vL 0.000 | delta 0.000
U 160 | F 327680 | FPS 0028 | D 12073 | rR:mu sigma m M 0.00 0.00 0.00 0.00 | F:mu sigma m M 167.8 97.2 35.0 407.0 | H 1.099 | V 0.001 | pL 0.000 | vL 0.000 | delta 0.000
U 161 | F 329728 | FPS 0027 | D 12148 | rR:mu sigma m M 0.05 0.20 0.00 0.81 | F:mu sigma m M 159.1 92.3 35.0 407.0 | H 1.097 | V 0.009 | pL -0.007 | vL 0.001 | delta 0.011
U 162 | F 331776 | FPS 0029 | D 12220 | rR:mu sigma m M 0.05 0.20 0.00 0.81 | F:mu sigma m M 129.6 88.6 20.0 411.0 | H 1.098 | V 0.006 | pL 0.001 | vL 0.000 | delta 0.002
U 163 | F 333824 | FPS 0026 | D 12300 | rR:mu sigma m M 0.00 0.00 0.00 0.00 | F:mu sigma m M 178.9 108.3 20.0 411.0 | H 1.096 | V 0.010 | pL 0.001 | vL 0.000 | delta 0.004
U 164 | F 335872 | FPS 0026 | D 12378 | rR:mu sigma m M 0.00 0.00 0.00 0.00 | F:mu sigma m M 236.6 234.8 24.0 900.0 | H 1.094 | V 0.010 | pL 0.001 | vL 0.000 | delta 0.004
U 165 | F 337920 | FPS 0024 | D 12462 | rR:mu sigma m M 0.03 0.11 0.00 0.44 | F:mu sigma m M 222.8 178.8 20.0 619.0 | H 1.097 | V 0.003 | pL 0.000 | vL 0.000 | delta 0.005
U 166 | F 339968 | FPS 0028 | D 12534 | rR:mu sigma m M 0.00 0.00 0.00 0.00 | F:mu sigma m M 158.2 83.3 20.0 342.0 | H 1.096 | V 0.006 | pL 0.001 | vL 0.000 | delta 0.004
U 167 | F 342016 | FPS 0027 | D 12609 | rR:mu sigma m M 0.09 0.24 0.00 0.75 | F:mu sigma m M 190.4 146.0 21.0 562.0 | H 1.093 | V 0.017 | pL -0.009 | vL 0.001 | delta 0.016
U 168 | F 344064 | FPS 0024 | D 12693 | rR:mu sigma m M 0.00 0.00 0.00 0.00 | F:mu sigma m M 110.1 58.3 21.0 273.0 | H 1.095 | V 0.003 | pL -0.001 | vL 0.000 | delta 0.005
U 169 | F 346112 | FPS 0027 | D 12770 | rR:mu sigma m M 0.05 0.18 0.00 0.72 | F:mu sigma m M 170.1 133.4 21.0 608.0 | H 1.086 | V 0.013 | pL -0.004 | vL 0.001 | delta 0.036
U 170 | F 348160 | FPS 0028 | D 12844 | rR:mu sigma m M 0.05 0.20 0.00 0.84 | F:mu sigma m M 105.0 65.0 32.0 232.0 | H 1.092 | V 0.017 | pL -0.006 | vL 0.002 | delta 0.028
U 171 | F 350208 | FPS 0031 | D 12910 | rR:mu sigma m M 0.05 0.20 0.00 0.84 | F:mu sigma m M 157.3 97.6 38.0 419.0 | H 1.095 | V 0.008 | pL 0.003 | vL 0.000 | delta 0.007
U 172 | F 352256 | FPS 0029 | D 12980 | rR:mu sigma m M 0.00 0.00 0.00 0.00 | F:mu sigma m M 163.5 101.4 50.0 368.0 | H 1.091 | V 0.017 | pL -0.000 | vL 0.000 | delta 0.008
U 173 | F 354304 | FPS 0030 | D 13048 | rR:mu sigma m M 0.04 0.17 0.00 0.75 | F:mu sigma m M 141.8 101.6 30.0 372.0 | H 1.078 | V 0.021 | pL -0.002 | vL 0.000 | delta 0.011
U 174 | F 356352 | FPS 0029 | D 13118 | rR:mu sigma m M 0.00 0.00 0.00 0.00 | F:mu sigma m M 144.6 162.2 30.0 696.0 | H 1.098 | V 0.013 | pL 0.004 | vL 0.000 | delta 0.003
U 175 | F 358400 | FPS 0026 | D 13196 | rR:mu sigma m M 0.08 0.23 0.00 0.84 | F:mu sigma m M 145.1 117.0 15.0 488.0 | H 1.089 | V 0.029 | pL -0.007 | vL 0.002 | delta 0.017
U 176 | F 360448 | FPS 0028 | D 13270 | rR:mu sigma m M 0.00 0.00 0.00 0.00 | F:mu sigma m M 184.9 156.2 21.0 630.0 | H 1.098 | V 0.007 | pL 0.002 | vL 0.000 | delta 0.003
U 177 | F 362496 | FPS 0027 | D 13347 | rR:mu sigma m M 0.00 0.00 0.00 0.00 | F:mu sigma m M 136.2 92.5 49.0 372.0 | H 1.098 | V 0.008 | pL 0.000 | vL 0.000 | delta 0.002
U 178 | F 364544 | FPS 0027 | D 13423 | rR:mu sigma m M 0.00 0.00 0.00 0.00 | F:mu sigma m M 130.6 91.8 17.0 345.0 | H 1.098 | V 0.009 | pL 0.002 | vL 0.000 | delta 0.002
U 179 | F 366592 | FPS 0024 | D 13510 | rR:mu sigma m M 0.00 0.00 0.00 0.00 | F:mu sigma m M 138.2 81.4 47.0 345.0 | H 1.098 | V 0.008 | pL 0.002 | vL 0.000 | delta 0.002
U 180 | F 368640 | FPS 0029 | D 13581 | rR:mu sigma m M 0.03 0.13 0.00 0.53 | F:mu sigma m M 170.0 138.7 28.0 470.0 | H 1.096 | V 0.013 | pL -0.002 | vL 0.000 | delta 0.008
U 181 | F 370688 | FPS 0026 | D 13659 | rR:mu sigma m M 0.05 0.19 0.00 0.81 | F:mu sigma m M 132.1 107.0 18.0 435.0 | H 1.095 | V 0.012 | pL -0.004 | vL 0.001 | delta 0.017
U 182 | F 372736 | FPS 0026 | D 13737 | rR:mu sigma m M 0.00 0.00 0.00 0.00 | F:mu sigma m M 131.5 89.1 18.0 356.0 | H 1.095 | V 0.008 | pL -0.000 | vL 0.000 | delta 0.008
U 183 | F 374784 | FPS 0026 | D 13815 | rR:mu sigma m M 0.05 0.19 0.00 0.78 | F:mu sigma m M 190.9 133.6 50.0 519.0 | H 1.096 | V 0.006 | pL -0.001 | vL 0.000 | delta 0.012
U 184 | F 376832 | FPS 0027 | D 13891 | rR:mu sigma m M 0.00 0.00 0.00 0.00 | F:mu sigma m M 166.6 138.3 12.0 519.0 | H 1.096 | V -0.001 | pL -0.001 | vL 0.000 | delta 0.006
U 185 | F 378880 | FPS 0027 | D 13967 | rR:mu sigma m M 0.08 0.22 0.00 0.81 | F:mu sigma m M 235.2 123.9 41.0 498.0 | H 1.086 | V 0.018 | pL -0.010 | vL 0.001 | delta 0.015
U 186 | F 380928 | FPS 0032 | D 14031 | rR:mu sigma m M 0.06 0.20 0.00 0.81 | F:mu sigma m M 171.2 190.4 13.0 875.0 | H 1.065 | V 0.029 | pL 0.000 | vL 0.001 | delta 0.017
U 187 | F 382976 | FPS 0034 | D 14092 | rR:mu sigma m M 0.05 0.18 0.00 0.76 | F:mu sigma m M 156.6 127.2 13.0 506.0 | H 1.071 | V 0.040 | pL -0.000 | vL 0.002 | delta 0.017
U 188 | F 385024 | FPS 0029 | D 14163 | rR:mu sigma m M 0.10 0.28 0.00 0.90 | F:mu sigma m M 157.4 129.9 25.0 532.0 | H 1.089 | V 0.025 | pL -0.004 | vL 0.002 | delta 0.021
U 189 | F 387072 | FPS 0031 | D 14229 | rR:mu sigma m M 0.09 0.24 0.00 0.79 | F:mu sigma m M 129.3 95.9 24.0 357.0 | H 1.087 | V 0.018 | pL -0.003 | vL 0.001 | delta 0.012
U 190 | F 389120 | FPS 0030 | D 14297 | rR:mu sigma m M 0.10 0.27 0.00 0.85 | F:mu sigma m M 123.6 68.1 24.0 238.0 | H 1.048 | V 0.089 | pL -0.003 | vL 0.002 | delta 0.030
U 191 | F 391168 | FPS 0032 | D 14360 | rR:mu sigma m M 0.14 0.30 0.00 0.85 | F:mu sigma m M 185.6 87.8 31.0 379.0 | H 1.084 | V 0.028 | pL 0.006 | vL 0.001 | delta 0.011
U 192 | F 393216 | FPS 0030 | D 14428 | rR:mu sigma m M 0.05 0.19 0.00 0.80 | F:mu sigma m M 127.6 100.9 24.0 417.0 | H 1.078 | V 0.043 | pL -0.003 | vL 0.002 | delta 0.023
U 193 | F 395264 | FPS 0027 | D 14503 | rR:mu sigma m M 0.13 0.27 0.00 0.83 | F:mu sigma m M 145.1 107.4 26.0 450.0 | H 1.073 | V 0.043 | pL -0.010 | vL 0.002 | delta 0.027
U 194 | F 397312 | FPS 0034 | D 14564 | rR:mu sigma m M 0.19 0.33 0.00 0.85 | F:mu sigma m M 173.6 120.9 48.0 549.0 | H 1.053 | V 0.080 | pL -0.010 | vL 0.003 | delta 0.030
U 195 | F 399360 | FPS 0037 | D 14619 | rR:mu sigma m M 0.19 0.33 0.00 0.85 | F:mu sigma m M 162.6 90.2 34.0 331.0 | H 1.039 | V 0.086 | pL -0.006 | vL 0.003 | delta 0.027
U 196 | F 401408 | FPS 0035 | D 14677 | rR:mu sigma m M 0.16 0.33 0.00 0.90 | F:mu sigma m M 111.5 65.2 10.0 234.0 | H 1.033 | V 0.100 | pL -0.012 | vL 0.003 | delta 0.031
U 197 | F 403456 | FPS 0040 | D 14727 | rR:mu sigma m M 0.27 0.40 0.00 0.95 | F:mu sigma m M 99.7 64.9 19.0 287.0 | H 1.011 | V 0.091 | pL -0.023 | vL 0.004 | delta 0.041
U 198 | F 405504 | FPS 0044 | D 14774 | rR:mu sigma m M 0.39 0.45 0.00 0.97 | F:mu sigma m M 81.3 44.4 23.0 212.0 | H 0.870 | V 0.239 | pL -0.058 | vL 0.015 | delta 0.094
U 199 | F 407552 | FPS 0049 | D 14816 | rR:mu sigma m M 0.82 0.30 0.00 0.98 | F:mu sigma m M 74.4 34.3 25.0 136.0 | H 0.643 | V 0.440 | pL -0.065 | vL 0.013 | delta 0.073
U 200 | F 409600 | FPS 0056 | D 14853 | rR:mu sigma m M 0.65 0.42 0.00 0.97 | F:mu sigma m M 71.6 39.3 17.0 201.0 | H 0.746 | V 0.416 | pL -0.035 | vL 0.016 | delta 0.068
U 201 | F 411648 | FPS 0057 | D 14889 | rR:mu sigma m M 0.83 0.30 0.00 0.97 | F:mu sigma m M 65.6 26.3 17.0 125.0 | H 0.586 | V 0.529 | pL -0.099 | vL 0.010 | delta 0.083
U 202 | F 413696 | FPS 0061 | D 14922 | rR:mu sigma m M 0.93 0.14 0.00 0.98 | F:mu sigma m M 44.4 13.4 25.0 79.0 | H 0.521 | V 0.645 | pL -0.092 | vL 0.008 | delta 0.082
U 203 | F 415744 | FPS 0068 | D 14952 | rR:mu sigma m M 0.94 0.14 0.00 0.97 | F:mu sigma m M 44.6 14.9 26.0 87.0 | H 0.445 | V 0.700 | pL -0.043 | vL 0.008 | delta 0.062
U 204 | F 417792 | FPS 0073 | D 14980 | rR:mu sigma m M 0.96 0.01 0.90 0.98 | F:mu sigma m M 35.6 12.5 25.0 103.0 | H 0.339 | V 0.751 | pL -0.049 | vL 0.004 | delta 0.064
agent reach optimality, start collecting trajectories
agent successfully collected 10 trajectories
pickling optimal trajectories
Model successfully saved
/home/rdali/.local/easybuild/software/2017/Core/miniconda3/4.3.27/envs/observe/lib/python3.6/site-packages/torch/nn/functional.py:1906: UserWarning: reduction: 'mean' divides the total loss by both the batch size and the support size.'batchmean' divides only by the batch size, and aligns with the KL div math definition.'mean' will be changed to behave the same as 'batchmean' in the next major release.
  warnings.warn("reduction: 'mean' divides the total loss by both the batch size and the support size."
