The following modules were not unloaded:
  (Use "module --force purge" to unload all):

  1) StdEnv/2018.3     4) gcccore/.7.3.0      7) intel/2018.3
  2) nixpkgs/16.09     5) icc/.2018.3.222     8) openmpi/3.1.2
  3) imkl/2018.3.222   6) ifort/.2018.3.222

Due to MODULEPATH changes, the following have been reloaded:
  1) openmpi/3.1.2

Attention: While Conda works well in a desktop environment, it tends to create more problems than it solves on a cluster. Instead, we recommend that users use virtual environments and the binary packages that we provide through Python wheels as documented on the Python page.
/home/rdali/RL/watch_and_learn/dependency/rl-starter-files/scripts/train_agent_multidem.py --env MiniGrid-LavaCrossingAddictO12S15-v0 --algo ppo --nameDemonstrator LavaCrossing1215Addict1,LavaCrossing1215Addict2,LavaCrossing1215Addict4,LavaCrossing1215Addict5,LavaCrossing1215Addict7,LavaCrossing1215Addict8,LavaCrossing1215Addict9,LavaCrossing1215Addict10 --flat-model 0 --KLweight 0.1 --useKL 1 --meanReward 0.80 --rewardLB 0.70 --seed 650

Namespace(KLweight=0.1, algo='ppo', batch_size=256, clip_eps=0.2, discount=0.99, entropy_coef=0.01, env='MiniGrid-LavaCrossingAddictO12S15-v0', epochs=4, flat_model=0, frames=10000000, frames_per_proc=None, full_obs=0, gae_lambda=0.95, log_interval=1, lr=0.0007, max_grad_norm=0.5, meanReward=0.8, mem=False, model=None, nameDemonstrator='LavaCrossing1215Addict1,LavaCrossing1215Addict2,LavaCrossing1215Addict4,LavaCrossing1215Addict5,LavaCrossing1215Addict7,LavaCrossing1215Addict8,LavaCrossing1215Addict9,LavaCrossing1215Addict10', optim_alpha=0.99, optim_eps=1e-05, procs=16, recurrence=1, rewardLB=0.7, save_interval=0, seed=650, tb=False, text=False, useKL=1, value_loss_coef=0.5)

Flat model successfully created

ACModel(
  (image_conv): Sequential(
    (0): Conv2d(3, 32, kernel_size=(2, 2), stride=(1, 1))
    (1): ReLU()
    (2): MaxPool2d(kernel_size=(2, 2), stride=(2, 2), padding=0, dilation=1, ceil_mode=False)
    (3): Conv2d(32, 64, kernel_size=(2, 2), stride=(1, 1))
    (4): ReLU()
    (5): Conv2d(64, 64, kernel_size=(2, 2), stride=(1, 1))
    (6): ReLU()
  )
  (actor): Sequential(
    (0): Linear(in_features=1600, out_features=64, bias=True)
    (1): Tanh()
    (2): Linear(in_features=64, out_features=3, bias=True)
  )
  (critic): Sequential(
    (0): Linear(in_features=1600, out_features=64, bias=True)
    (1): Tanh()
    (2): Linear(in_features=64, out_features=1, bias=True)
  )
)

CUDA available: False

1
True
0.1
Using TensorFlow backend.
OMP: Info #212: KMP_AFFINITY: decoding x2APIC ids.
OMP: Info #210: KMP_AFFINITY: Affinity capable, using global cpuid leaf 11 info
OMP: Info #154: KMP_AFFINITY: Initial OS proc set respected: 13,15,18,20,22
OMP: Info #156: KMP_AFFINITY: 5 available OS procs
OMP: Info #158: KMP_AFFINITY: Nonuniform topology
OMP: Info #179: KMP_AFFINITY: 2 packages x 3 cores/pkg x 1 threads/core (5 total cores)
OMP: Info #214: KMP_AFFINITY: OS proc to physical thread map:
OMP: Info #171: KMP_AFFINITY: OS proc 18 maps to package 0 core 10 
OMP: Info #171: KMP_AFFINITY: OS proc 20 maps to package 0 core 16 
OMP: Info #171: KMP_AFFINITY: OS proc 22 maps to package 0 core 20 
OMP: Info #171: KMP_AFFINITY: OS proc 13 maps to package 1 core 8 
OMP: Info #171: KMP_AFFINITY: OS proc 15 maps to package 1 core 11 
OMP: Info #250: KMP_AFFINITY: pid 196177 tid 196177 thread 0 bound to OS proc set 18
OMP: Info #250: KMP_AFFINITY: pid 196177 tid 196436 thread 1 bound to OS proc set 13
OMP: Info #250: KMP_AFFINITY: pid 196177 tid 196438 thread 3 bound to OS proc set 15
OMP: Info #250: KMP_AFFINITY: pid 196177 tid 196437 thread 2 bound to OS proc set 20
OMP: Info #250: KMP_AFFINITY: pid 196177 tid 196439 thread 4 bound to OS proc set 22
OMP: Info #250: KMP_AFFINITY: pid 196177 tid 196932 thread 5 bound to OS proc set 18
OMP: Info #250: KMP_AFFINITY: pid 196177 tid 196931 thread 6 bound to OS proc set 13
OMP: Info #250: KMP_AFFINITY: pid 196177 tid 196950 thread 7 bound to OS proc set 20
OMP: Info #250: KMP_AFFINITY: pid 196177 tid 196951 thread 8 bound to OS proc set 15
OMP: Info #250: KMP_AFFINITY: pid 196177 tid 196952 thread 9 bound to OS proc set 22
OMP: Info #250: KMP_AFFINITY: pid 196177 tid 196953 thread 10 bound to OS proc set 18
OMP: Info #250: KMP_AFFINITY: pid 196177 tid 196982 thread 11 bound to OS proc set 13
OMP: Info #250: KMP_AFFINITY: pid 196177 tid 196983 thread 12 bound to OS proc set 20
OMP: Info #250: KMP_AFFINITY: pid 196177 tid 196984 thread 13 bound to OS proc set 15
OMP: Info #250: KMP_AFFINITY: pid 196177 tid 196985 thread 14 bound to OS proc set 22
OMP: Info #250: KMP_AFFINITY: pid 196177 tid 196986 thread 15 bound to OS proc set 18
U 1 | F 002048 | FPS 0020 | D 104 | rR:mu sigma m M 0.00 0.00 0.00 0.00 | F:mu sigma m M 18.4 34.9 0.0 108.0 | H 1.094 | V 0.099 | pL 0.021 | vL 0.001 | delta 0.060
U 2 | F 004096 | FPS 0025 | D 187 | rR:mu sigma m M 0.00 0.00 0.00 0.00 | F:mu sigma m M 118.6 50.6 53.0 221.0 | H 1.097 | V 0.088 | pL 0.025 | vL 0.000 | delta 0.017
U 3 | F 006144 | FPS 0024 | D 273 | rR:mu sigma m M 0.00 0.00 0.00 0.00 | F:mu sigma m M 175.2 89.0 53.0 334.0 | H 1.098 | V 0.066 | pL 0.019 | vL 0.000 | delta 0.013
U 4 | F 008192 | FPS 0030 | D 342 | rR:mu sigma m M 0.05 0.19 0.00 0.80 | F:mu sigma m M 169.8 105.6 25.0 445.0 | H 1.092 | V 0.054 | pL 0.008 | vL 0.002 | delta 0.016
U 5 | F 010240 | FPS 0030 | D 410 | rR:mu sigma m M 0.00 0.00 0.00 0.00 | F:mu sigma m M 165.5 150.3 18.0 591.0 | H 1.096 | V 0.037 | pL 0.014 | vL 0.000 | delta 0.006
U 6 | F 012288 | FPS 0024 | D 495 | rR:mu sigma m M 0.00 0.00 0.00 0.00 | F:mu sigma m M 154.1 136.8 18.0 591.0 | H 1.098 | V 0.031 | pL 0.007 | vL 0.000 | delta 0.002
U 7 | F 014336 | FPS 0029 | D 565 | rR:mu sigma m M 0.05 0.18 0.00 0.75 | F:mu sigma m M 140.6 71.3 26.0 284.0 | H 1.097 | V 0.032 | pL 0.000 | vL 0.002 | delta 0.010
U 8 | F 016384 | FPS 0028 | D 637 | rR:mu sigma m M 0.00 0.00 0.00 0.00 | F:mu sigma m M 187.1 140.3 17.0 576.0 | H 1.098 | V 0.020 | pL 0.008 | vL 0.000 | delta 0.003
U 9 | F 018432 | FPS 0028 | D 710 | rR:mu sigma m M 0.00 0.00 0.00 0.00 | F:mu sigma m M 89.9 51.6 11.0 237.0 | H 1.098 | V 0.017 | pL 0.005 | vL 0.000 | delta 0.002
U 10 | F 020480 | FPS 0029 | D 782 | rR:mu sigma m M 0.00 0.00 0.00 0.00 | F:mu sigma m M 175.6 160.0 29.0 609.0 | H 1.098 | V 0.013 | pL 0.003 | vL 0.000 | delta 0.001
U 11 | F 022528 | FPS 0030 | D 851 | rR:mu sigma m M 0.00 0.00 0.00 0.00 | F:mu sigma m M 180.9 164.6 9.0 609.0 | H 1.098 | V 0.011 | pL 0.003 | vL 0.000 | delta 0.002
U 12 | F 024576 | FPS 0026 | D 930 | rR:mu sigma m M 0.00 0.00 0.00 0.00 | F:mu sigma m M 157.4 110.6 19.0 466.0 | H 1.099 | V 0.009 | pL 0.003 | vL 0.000 | delta 0.002
U 13 | F 026624 | FPS 0027 | D 1006 | rR:mu sigma m M 0.00 0.00 0.00 0.00 | F:mu sigma m M 146.7 111.9 28.0 472.0 | H 1.099 | V 0.007 | pL 0.002 | vL 0.000 | delta 0.001
U 14 | F 028672 | FPS 0024 | D 1091 | rR:mu sigma m M 0.00 0.00 0.00 0.00 | F:mu sigma m M 227.1 157.1 49.0 597.0 | H 1.098 | V 0.006 | pL 0.002 | vL 0.000 | delta 0.001
U 15 | F 030720 | FPS 0028 | D 1164 | rR:mu sigma m M 0.00 0.00 0.00 0.00 | F:mu sigma m M 205.5 146.4 72.0 597.0 | H 1.098 | V 0.005 | pL 0.001 | vL 0.000 | delta 0.000
U 16 | F 032768 | FPS 0029 | D 1236 | rR:mu sigma m M 0.00 0.00 0.00 0.00 | F:mu sigma m M 203.2 208.1 28.0 900.0 | H 1.099 | V 0.003 | pL 0.001 | vL 0.000 | delta 0.000
U 17 | F 034816 | FPS 0029 | D 1307 | rR:mu sigma m M 0.00 0.00 0.00 0.00 | F:mu sigma m M 214.6 132.0 41.0 448.0 | H 1.099 | V 0.003 | pL 0.001 | vL 0.000 | delta 0.001
U 18 | F 036864 | FPS 0027 | D 1383 | rR:mu sigma m M 0.00 0.00 0.00 0.00 | F:mu sigma m M 173.9 95.1 41.0 385.0 | H 1.099 | V 0.003 | pL 0.001 | vL 0.000 | delta 0.000
U 19 | F 038912 | FPS 0027 | D 1460 | rR:mu sigma m M 0.00 0.00 0.00 0.00 | F:mu sigma m M 195.1 101.9 45.0 463.0 | H 1.099 | V 0.003 | pL 0.001 | vL 0.000 | delta 0.001
U 20 | F 040960 | FPS 0032 | D 1525 | rR:mu sigma m M 0.05 0.17 0.00 0.72 | F:mu sigma m M 248.8 206.6 38.0 742.0 | H 1.097 | V 0.010 | pL -0.005 | vL 0.001 | delta 0.022
U 21 | F 043008 | FPS 0032 | D 1589 | rR:mu sigma m M 0.05 0.17 0.00 0.72 | F:mu sigma m M 174.3 123.9 65.0 486.0 | H 1.095 | V 0.005 | pL -0.002 | vL 0.000 | delta 0.014
U 22 | F 045056 | FPS 0032 | D 1652 | rR:mu sigma m M 0.04 0.15 0.00 0.61 | F:mu sigma m M 131.4 92.7 15.0 389.0 | H 1.098 | V 0.007 | pL -0.000 | vL 0.000 | delta 0.011
U 23 | F 047104 | FPS 0029 | D 1722 | rR:mu sigma m M 0.00 0.00 0.00 0.00 | F:mu sigma m M 132.2 91.5 15.0 365.0 | H 1.091 | V 0.019 | pL 0.001 | vL 0.000 | delta 0.017
U 24 | F 049152 | FPS 0029 | D 1793 | rR:mu sigma m M 0.00 0.00 0.00 0.00 | F:mu sigma m M 185.4 123.6 50.0 513.0 | H 1.095 | V 0.017 | pL 0.002 | vL 0.000 | delta 0.008
U 25 | F 051200 | FPS 0033 | D 1855 | rR:mu sigma m M 0.04 0.15 0.00 0.61 | F:mu sigma m M 206.6 164.1 22.0 558.0 | H 1.097 | V 0.004 | pL -0.001 | vL 0.000 | delta 0.039
U 26 | F 053248 | FPS 0029 | D 1926 | rR:mu sigma m M 0.00 0.00 0.00 0.00 | F:mu sigma m M 148.2 95.0 23.0 396.0 | H 1.098 | V -0.003 | pL -0.001 | vL 0.000 | delta 0.001
U 27 | F 055296 | FPS 0026 | D 2005 | rR:mu sigma m M 0.00 0.00 0.00 0.00 | F:mu sigma m M 166.8 96.0 35.0 412.0 | H 1.097 | V 0.003 | pL 0.001 | vL 0.000 | delta 0.004
U 28 | F 057344 | FPS 0029 | D 2075 | rR:mu sigma m M 0.00 0.00 0.00 0.00 | F:mu sigma m M 102.5 110.0 16.0 433.0 | H 1.098 | V -0.001 | pL -0.001 | vL 0.000 | delta 0.001
U 29 | F 059392 | FPS 0031 | D 2142 | rR:mu sigma m M 0.00 0.00 0.00 0.00 | F:mu sigma m M 128.8 103.7 16.0 371.0 | H 1.098 | V -0.001 | pL -0.000 | vL 0.000 | delta 0.001
U 30 | F 061440 | FPS 0030 | D 2210 | rR:mu sigma m M 0.00 0.00 0.00 0.00 | F:mu sigma m M 154.2 139.4 19.0 613.0 | H 1.098 | V -0.001 | pL -0.001 | vL 0.000 | delta 0.001
U 31 | F 063488 | FPS 0026 | D 2289 | rR:mu sigma m M 0.00 0.00 0.00 0.00 | F:mu sigma m M 150.6 157.1 19.0 680.0 | H 1.098 | V -0.000 | pL -0.000 | vL 0.000 | delta 0.001
U 32 | F 065536 | FPS 0027 | D 2365 | rR:mu sigma m M 0.00 0.00 0.00 0.00 | F:mu sigma m M 168.3 153.9 21.0 680.0 | H 1.099 | V 0.001 | pL -0.000 | vL 0.000 | delta 0.000
U 33 | F 067584 | FPS 0029 | D 2436 | rR:mu sigma m M 0.00 0.00 0.00 0.00 | F:mu sigma m M 164.5 97.2 30.0 392.0 | H 1.098 | V 0.001 | pL 0.000 | vL 0.000 | delta 0.000
U 34 | F 069632 | FPS 0028 | D 2509 | rR:mu sigma m M 0.04 0.14 0.00 0.57 | F:mu sigma m M 237.4 250.6 30.0 870.0 | H 1.096 | V 0.006 | pL -0.004 | vL 0.000 | delta 0.007
U 35 | F 071680 | FPS 0026 | D 2587 | rR:mu sigma m M 0.00 0.00 0.00 0.00 | F:mu sigma m M 189.4 182.4 15.0 784.0 | H 1.099 | V -0.000 | pL -0.000 | vL 0.000 | delta 0.001
U 36 | F 073728 | FPS 0030 | D 2654 | rR:mu sigma m M 0.00 0.00 0.00 0.00 | F:mu sigma m M 184.3 186.2 30.0 784.0 | H 1.099 | V -0.000 | pL -0.000 | vL 0.000 | delta 0.000
U 37 | F 075776 | FPS 0029 | D 2724 | rR:mu sigma m M 0.00 0.00 0.00 0.00 | F:mu sigma m M 154.8 88.8 60.0 381.0 | H 1.099 | V -0.000 | pL -0.000 | vL 0.000 | delta 0.000
U 38 | F 077824 | FPS 0028 | D 2796 | rR:mu sigma m M 0.00 0.00 0.00 0.00 | F:mu sigma m M 166.9 174.6 21.0 729.0 | H 1.099 | V -0.000 | pL -0.000 | vL 0.000 | delta 0.000
U 39 | F 079872 | FPS 0027 | D 2871 | rR:mu sigma m M 0.00 0.00 0.00 0.00 | F:mu sigma m M 187.6 172.3 38.0 729.0 | H 1.098 | V 0.001 | pL -0.000 | vL 0.000 | delta 0.000
U 40 | F 081920 | FPS 0027 | D 2948 | rR:mu sigma m M 0.00 0.00 0.00 0.00 | F:mu sigma m M 112.0 81.9 18.0 272.0 | H 1.097 | V 0.002 | pL 0.001 | vL 0.000 | delta 0.003
U 41 | F 083968 | FPS 0029 | D 3018 | rR:mu sigma m M 0.00 0.00 0.00 0.00 | F:mu sigma m M 158.4 114.1 26.0 487.0 | H 1.099 | V -0.001 | pL -0.000 | vL 0.000 | delta 0.001
U 42 | F 086016 | FPS 0029 | D 3087 | rR:mu sigma m M 0.00 0.00 0.00 0.00 | F:mu sigma m M 184.6 158.5 23.0 589.0 | H 1.099 | V -0.001 | pL -0.000 | vL 0.000 | delta 0.000
U 43 | F 088064 | FPS 0031 | D 3153 | rR:mu sigma m M 0.00 0.00 0.00 0.00 | F:mu sigma m M 140.4 80.3 26.0 301.0 | H 1.099 | V -0.000 | pL -0.000 | vL 0.000 | delta 0.000
U 44 | F 090112 | FPS 0029 | D 3223 | rR:mu sigma m M 0.00 0.00 0.00 0.00 | F:mu sigma m M 118.2 83.0 14.0 353.0 | H 1.099 | V -0.000 | pL -0.000 | vL 0.000 | delta 0.000
U 45 | F 092160 | FPS 0030 | D 3291 | rR:mu sigma m M 0.00 0.00 0.00 0.00 | F:mu sigma m M 159.8 96.5 64.0 440.0 | H 1.099 | V -0.000 | pL -0.000 | vL 0.000 | delta 0.000
U 46 | F 094208 | FPS 0031 | D 3356 | rR:mu sigma m M 0.00 0.00 0.00 0.00 | F:mu sigma m M 151.0 176.5 25.0 900.0 | H 1.099 | V 0.000 | pL -0.000 | vL 0.000 | delta 0.000
U 47 | F 096256 | FPS 0033 | D 3417 | rR:mu sigma m M 0.00 0.00 0.00 0.00 | F:mu sigma m M 87.6 69.2 25.0 321.0 | H 1.099 | V -0.000 | pL 0.000 | vL 0.000 | delta 0.000
U 48 | F 098304 | FPS 0031 | D 3485 | rR:mu sigma m M 0.00 0.00 0.00 0.00 | F:mu sigma m M 150.6 74.0 55.0 289.0 | H 1.099 | V 0.000 | pL -0.000 | vL 0.000 | delta 0.000
U 49 | F 100352 | FPS 0025 | D 3566 | rR:mu sigma m M 0.00 0.00 0.00 0.00 | F:mu sigma m M 165.5 123.7 37.0 398.0 | H 1.099 | V 0.000 | pL 0.000 | vL 0.000 | delta 0.000
U 50 | F 102400 | FPS 0028 | D 3639 | rR:mu sigma m M 0.00 0.00 0.00 0.00 | F:mu sigma m M 145.2 104.7 41.0 398.0 | H 1.099 | V 0.000 | pL -0.000 | vL 0.000 | delta 0.001
U 51 | F 104448 | FPS 0028 | D 3712 | rR:mu sigma m M 0.00 0.00 0.00 0.00 | F:mu sigma m M 202.9 137.5 15.0 469.0 | H 1.099 | V 0.000 | pL 0.000 | vL 0.000 | delta 0.000
U 52 | F 106496 | FPS 0033 | D 3774 | rR:mu sigma m M 0.00 0.00 0.00 0.00 | F:mu sigma m M 153.9 97.3 45.0 408.0 | H 1.099 | V 0.000 | pL 0.000 | vL 0.000 | delta 0.000
U 53 | F 108544 | FPS 0030 | D 3843 | rR:mu sigma m M 0.00 0.00 0.00 0.00 | F:mu sigma m M 173.8 110.5 75.0 538.0 | H 1.099 | V 0.001 | pL 0.000 | vL 0.000 | delta 0.000
U 54 | F 110592 | FPS 0028 | D 3916 | rR:mu sigma m M 0.00 0.00 0.00 0.00 | F:mu sigma m M 217.1 139.9 11.0 538.0 | H 1.099 | V 0.000 | pL 0.000 | vL 0.000 | delta 0.000
U 55 | F 112640 | FPS 0031 | D 3983 | rR:mu sigma m M 0.00 0.00 0.00 0.00 | F:mu sigma m M 177.9 98.3 11.0 441.0 | H 1.099 | V 0.000 | pL 0.000 | vL 0.000 | delta 0.000
U 56 | F 114688 | FPS 0027 | D 4060 | rR:mu sigma m M 0.00 0.00 0.00 0.00 | F:mu sigma m M 219.2 122.6 84.0 562.0 | H 1.099 | V 0.001 | pL 0.000 | vL 0.000 | delta 0.001
U 57 | F 116736 | FPS 0029 | D 4131 | rR:mu sigma m M 0.03 0.11 0.00 0.46 | F:mu sigma m M 219.2 168.0 23.0 562.0 | H 1.094 | V 0.003 | pL -0.004 | vL 0.000 | delta 0.014
U 58 | F 118784 | FPS 0030 | D 4198 | rR:mu sigma m M 0.00 0.00 0.00 0.00 | F:mu sigma m M 180.4 141.8 23.0 456.0 | H 1.098 | V -0.002 | pL -0.001 | vL 0.000 | delta 0.002
U 59 | F 120832 | FPS 0028 | D 4273 | rR:mu sigma m M 0.02 0.07 0.00 0.29 | F:mu sigma m M 264.7 183.9 49.0 714.0 | H 1.097 | V 0.005 | pL -0.002 | vL 0.000 | delta 0.004
U 60 | F 122880 | FPS 0027 | D 4348 | rR:mu sigma m M 0.02 0.07 0.00 0.29 | F:mu sigma m M 226.9 190.7 27.0 714.0 | H 1.099 | V -0.001 | pL -0.000 | vL 0.000 | delta 0.001
U 61 | F 124928 | FPS 0029 | D 4418 | rR:mu sigma m M 0.00 0.00 0.00 0.00 | F:mu sigma m M 196.9 106.1 71.0 418.0 | H 1.099 | V -0.001 | pL -0.000 | vL 0.000 | delta 0.001
U 62 | F 126976 | FPS 0030 | D 4487 | rR:mu sigma m M 0.00 0.00 0.00 0.00 | F:mu sigma m M 152.9 134.7 28.0 608.0 | H 1.099 | V 0.000 | pL -0.000 | vL 0.000 | delta 0.001
U 63 | F 129024 | FPS 0032 | D 4550 | rR:mu sigma m M 0.02 0.07 0.00 0.29 | F:mu sigma m M 220.0 196.6 56.0 711.0 | H 1.098 | V 0.004 | pL -0.002 | vL 0.000 | delta 0.008
U 64 | F 131072 | FPS 0033 | D 4612 | rR:mu sigma m M 0.00 0.00 0.00 0.00 | F:mu sigma m M 158.9 110.9 56.0 515.0 | H 1.098 | V -0.000 | pL -0.000 | vL 0.000 | delta 0.001
U 65 | F 133120 | FPS 0028 | D 4686 | rR:mu sigma m M 0.00 0.00 0.00 0.00 | F:mu sigma m M 152.6 67.8 29.0 266.0 | H 1.098 | V 0.001 | pL -0.000 | vL 0.000 | delta 0.002
U 66 | F 135168 | FPS 0031 | D 4751 | rR:mu sigma m M 0.04 0.16 0.00 0.65 | F:mu sigma m M 214.9 116.4 19.0 357.0 | H 1.094 | V 0.011 | pL -0.004 | vL 0.000 | delta 0.016
U 67 | F 137216 | FPS 0033 | D 4813 | rR:mu sigma m M 0.04 0.16 0.00 0.65 | F:mu sigma m M 224.0 132.3 43.0 449.0 | H 1.098 | V -0.008 | pL -0.003 | vL 0.000 | delta 0.002
U 68 | F 139264 | FPS 0029 | D 4884 | rR:mu sigma m M 0.00 0.00 0.00 0.00 | F:mu sigma m M 162.2 111.9 11.0 404.0 | H 1.098 | V -0.002 | pL -0.001 | vL 0.000 | delta 0.001
U 69 | F 141312 | FPS 0031 | D 4951 | rR:mu sigma m M 0.05 0.19 0.00 0.80 | F:mu sigma m M 175.6 156.1 24.0 684.0 | H 1.095 | V 0.009 | pL -0.011 | vL 0.002 | delta 0.025
U 70 | F 143360 | FPS 0028 | D 5023 | rR:mu sigma m M 0.00 0.00 0.00 0.00 | F:mu sigma m M 135.9 112.7 12.0 403.0 | H 1.097 | V 0.002 | pL -0.000 | vL 0.000 | delta 0.006
U 71 | F 145408 | FPS 0028 | D 5097 | rR:mu sigma m M 0.00 0.00 0.00 0.00 | F:mu sigma m M 170.9 114.6 14.0 403.0 | H 1.098 | V 0.007 | pL 0.001 | vL 0.000 | delta 0.003
U 72 | F 147456 | FPS 0027 | D 5174 | rR:mu sigma m M 0.00 0.00 0.00 0.00 | F:mu sigma m M 184.4 128.4 14.0 500.0 | H 1.098 | V 0.006 | pL 0.000 | vL 0.000 | delta 0.002
U 73 | F 149504 | FPS 0030 | D 5243 | rR:mu sigma m M 0.00 0.00 0.00 0.00 | F:mu sigma m M 202.8 149.9 30.0 540.0 | H 1.098 | V 0.008 | pL 0.002 | vL 0.000 | delta 0.001
U 74 | F 151552 | FPS 0029 | D 5313 | rR:mu sigma m M 0.05 0.20 0.00 0.82 | F:mu sigma m M 226.9 218.2 18.0 900.0 | H 1.093 | V 0.010 | pL -0.005 | vL 0.001 | delta 0.015
U 75 | F 153600 | FPS 0031 | D 5379 | rR:mu sigma m M 0.02 0.08 0.00 0.35 | F:mu sigma m M 191.7 177.9 18.0 650.0 | H 1.094 | V 0.011 | pL -0.002 | vL 0.000 | delta 0.014
U 76 | F 155648 | FPS 0036 | D 5437 | rR:mu sigma m M 0.04 0.10 0.00 0.35 | F:mu sigma m M 237.2 235.9 17.0 760.0 | H 1.096 | V 0.005 | pL -0.003 | vL 0.000 | delta 0.009
U 77 | F 157696 | FPS 0029 | D 5506 | rR:mu sigma m M 0.04 0.11 0.00 0.41 | F:mu sigma m M 225.6 211.6 10.0 760.0 | H 1.096 | V -0.001 | pL -0.002 | vL 0.000 | delta 0.011
U 78 | F 159744 | FPS 0028 | D 5580 | rR:mu sigma m M 0.00 0.00 0.00 0.00 | F:mu sigma m M 159.2 116.0 24.0 427.0 | H 1.095 | V 0.003 | pL -0.001 | vL 0.000 | delta 0.010
U 79 | F 161792 | FPS 0029 | D 5650 | rR:mu sigma m M 0.00 0.00 0.00 0.00 | F:mu sigma m M 170.6 153.2 24.0 553.0 | H 1.095 | V -0.004 | pL -0.001 | vL 0.000 | delta 0.005
U 80 | F 163840 | FPS 0030 | D 5718 | rR:mu sigma m M 0.00 0.00 0.00 0.00 | F:mu sigma m M 199.2 157.4 11.0 563.0 | H 1.098 | V -0.007 | pL -0.003 | vL 0.000 | delta 0.001
U 81 | F 165888 | FPS 0029 | D 5788 | rR:mu sigma m M 0.05 0.21 0.00 0.86 | F:mu sigma m M 153.8 124.4 16.0 420.0 | H 1.094 | V 0.007 | pL -0.009 | vL 0.001 | delta 0.016
U 82 | F 167936 | FPS 0040 | D 5840 | rR:mu sigma m M 0.05 0.21 0.00 0.86 | F:mu sigma m M 105.6 54.8 19.0 230.0 | H 1.097 | V -0.001 | pL 0.000 | vL 0.000 | delta 0.008
U 83 | F 169984 | FPS 0032 | D 5905 | rR:mu sigma m M 0.00 0.00 0.00 0.00 | F:mu sigma m M 140.9 158.8 28.0 595.0 | H 1.098 | V -0.004 | pL -0.001 | vL 0.000 | delta 0.003
U 84 | F 172032 | FPS 0025 | D 5986 | rR:mu sigma m M 0.00 0.00 0.00 0.00 | F:mu sigma m M 181.8 167.5 28.0 595.0 | H 1.097 | V -0.000 | pL -0.001 | vL 0.000 | delta 0.004
U 85 | F 174080 | FPS 0031 | D 6052 | rR:mu sigma m M 0.00 0.00 0.00 0.00 | F:mu sigma m M 180.9 167.7 18.0 507.0 | H 1.096 | V 0.001 | pL 0.000 | vL 0.000 | delta 0.003
U 86 | F 176128 | FPS 0029 | D 6123 | rR:mu sigma m M 0.00 0.00 0.00 0.00 | F:mu sigma m M 216.2 149.9 40.0 488.0 | H 1.098 | V 0.002 | pL 0.001 | vL 0.000 | delta 0.001
U 87 | F 178176 | FPS 0029 | D 6194 | rR:mu sigma m M 0.00 0.00 0.00 0.00 | F:mu sigma m M 143.3 111.4 23.0 451.0 | H 1.098 | V 0.001 | pL 0.000 | vL 0.000 | delta 0.000
U 88 | F 180224 | FPS 0033 | D 6256 | rR:mu sigma m M 0.00 0.00 0.00 0.00 | F:mu sigma m M 134.4 97.6 23.0 359.0 | H 1.098 | V 0.002 | pL 0.000 | vL 0.000 | delta 0.001
U 89 | F 182272 | FPS 0029 | D 6325 | rR:mu sigma m M 0.00 0.00 0.00 0.00 | F:mu sigma m M 161.4 116.0 26.0 447.0 | H 1.093 | V 0.006 | pL 0.001 | vL 0.000 | delta 0.008
U 90 | F 184320 | FPS 0035 | D 6385 | rR:mu sigma m M 0.00 0.00 0.00 0.00 | F:mu sigma m M 178.9 206.3 26.0 891.0 | H 1.096 | V 0.003 | pL 0.001 | vL 0.000 | delta 0.003
U 91 | F 186368 | FPS 0030 | D 6452 | rR:mu sigma m M 0.00 0.00 0.00 0.00 | F:mu sigma m M 148.8 96.6 8.0 341.0 | H 1.098 | V 0.003 | pL -0.000 | vL 0.000 | delta 0.001
U 92 | F 188416 | FPS 0030 | D 6521 | rR:mu sigma m M 0.08 0.23 0.00 0.86 | F:mu sigma m M 156.0 123.0 21.0 540.0 | H 1.096 | V 0.007 | pL -0.008 | vL 0.001 | delta 0.013
U 93 | F 190464 | FPS 0030 | D 6589 | rR:mu sigma m M 0.05 0.20 0.00 0.84 | F:mu sigma m M 158.5 126.9 33.0 524.0 | H 1.095 | V 0.018 | pL -0.005 | vL 0.001 | delta 0.013
U 94 | F 192512 | FPS 0031 | D 6654 | rR:mu sigma m M 0.05 0.20 0.00 0.84 | F:mu sigma m M 165.6 99.1 54.0 475.0 | H 1.097 | V 0.008 | pL 0.002 | vL 0.000 | delta 0.003
U 95 | F 194560 | FPS 0027 | D 6729 | rR:mu sigma m M 0.00 0.00 0.00 0.00 | F:mu sigma m M 174.5 171.7 12.0 726.0 | H 1.098 | V 0.007 | pL 0.002 | vL 0.000 | delta 0.004
U 96 | F 196608 | FPS 0031 | D 6796 | rR:mu sigma m M 0.00 0.00 0.00 0.00 | F:mu sigma m M 122.2 74.7 43.0 327.0 | H 1.098 | V 0.006 | pL 0.001 | vL 0.000 | delta 0.001
U 97 | F 198656 | FPS 0032 | D 6861 | rR:mu sigma m M 0.00 0.00 0.00 0.00 | F:mu sigma m M 192.3 124.5 24.0 474.0 | H 1.096 | V 0.015 | pL 0.003 | vL 0.000 | delta 0.008
U 98 | F 200704 | FPS 0035 | D 6919 | rR:mu sigma m M 0.04 0.16 0.00 0.64 | F:mu sigma m M 206.8 130.8 24.0 474.0 | H 1.096 | V 0.017 | pL -0.003 | vL 0.000 | delta 0.010
U 99 | F 202752 | FPS 0033 | D 6982 | rR:mu sigma m M 0.09 0.23 0.00 0.76 | F:mu sigma m M 227.9 105.0 52.0 421.0 | H 1.085 | V 0.025 | pL -0.004 | vL 0.001 | delta 0.014
U 100 | F 204800 | FPS 0028 | D 7054 | rR:mu sigma m M 0.00 0.00 0.00 0.00 | F:mu sigma m M 203.2 160.2 23.0 698.0 | H 1.095 | V 0.009 | pL 0.002 | vL 0.000 | delta 0.006
U 101 | F 206848 | FPS 0030 | D 7121 | rR:mu sigma m M 0.00 0.00 0.00 0.00 | F:mu sigma m M 179.4 209.0 19.0 698.0 | H 1.098 | V 0.004 | pL 0.000 | vL 0.000 | delta 0.001
U 102 | F 208896 | FPS 0027 | D 7196 | rR:mu sigma m M 0.00 0.00 0.00 0.00 | F:mu sigma m M 199.8 186.7 19.0 683.0 | H 1.098 | V 0.007 | pL 0.001 | vL 0.000 | delta 0.004
U 103 | F 210944 | FPS 0027 | D 7274 | rR:mu sigma m M 0.00 0.00 0.00 0.00 | F:mu sigma m M 153.9 126.0 21.0 502.0 | H 1.097 | V 0.006 | pL 0.002 | vL 0.000 | delta 0.002
U 104 | F 212992 | FPS 0031 | D 7340 | rR:mu sigma m M 0.00 0.00 0.00 0.00 | F:mu sigma m M 167.2 137.7 21.0 502.0 | H 1.098 | V 0.010 | pL 0.000 | vL 0.000 | delta 0.003
U 105 | F 215040 | FPS 0027 | D 7418 | rR:mu sigma m M 0.08 0.21 0.00 0.69 | F:mu sigma m M 223.0 141.2 32.0 583.0 | H 1.095 | V 0.010 | pL -0.005 | vL 0.000 | delta 0.014
U 106 | F 217088 | FPS 0029 | D 7489 | rR:mu sigma m M 0.00 0.00 0.00 0.00 | F:mu sigma m M 215.0 193.7 40.0 740.0 | H 1.098 | V 0.008 | pL 0.002 | vL 0.000 | delta 0.002
U 107 | F 219136 | FPS 0032 | D 7554 | rR:mu sigma m M 0.05 0.21 0.00 0.86 | F:mu sigma m M 196.9 190.1 43.0 791.0 | H 1.094 | V 0.015 | pL -0.005 | vL 0.001 | delta 0.019
U 108 | F 221184 | FPS 0028 | D 7627 | rR:mu sigma m M 0.05 0.21 0.00 0.86 | F:mu sigma m M 161.7 177.6 43.0 791.0 | H 1.098 | V 0.004 | pL 0.000 | vL 0.000 | delta 0.003
U 109 | F 223232 | FPS 0030 | D 7696 | rR:mu sigma m M 0.00 0.00 0.00 0.00 | F:mu sigma m M 176.4 167.0 12.0 705.0 | H 1.097 | V 0.014 | pL -0.001 | vL 0.000 | delta 0.014
U 110 | F 225280 | FPS 0029 | D 7767 | rR:mu sigma m M 0.00 0.00 0.00 0.00 | F:mu sigma m M 207.2 169.9 34.0 705.0 | H 1.096 | V 0.004 | pL 0.001 | vL 0.000 | delta 0.006
U 111 | F 227328 | FPS 0027 | D 7842 | rR:mu sigma m M 0.04 0.17 0.00 0.70 | F:mu sigma m M 228.2 195.0 25.0 727.0 | H 1.089 | V 0.015 | pL -0.003 | vL 0.001 | delta 0.014
U 112 | F 229376 | FPS 0030 | D 7911 | rR:mu sigma m M 0.07 0.19 0.00 0.70 | F:mu sigma m M 234.6 216.6 29.0 727.0 | H 1.096 | V 0.014 | pL -0.003 | vL 0.000 | delta 0.005
U 113 | F 231424 | FPS 0033 | D 7973 | rR:mu sigma m M 0.00 0.00 0.00 0.00 | F:mu sigma m M 222.2 210.7 45.0 866.0 | H 1.098 | V 0.001 | pL 0.000 | vL 0.000 | delta 0.002
U 114 | F 233472 | FPS 0034 | D 8034 | rR:mu sigma m M 0.00 0.00 0.00 0.00 | F:mu sigma m M 124.5 54.9 54.0 217.0 | H 1.098 | V 0.003 | pL 0.001 | vL 0.000 | delta 0.003
U 115 | F 235520 | FPS 0033 | D 8096 | rR:mu sigma m M 0.00 0.00 0.00 0.00 | F:mu sigma m M 117.2 84.6 19.0 385.0 | H 1.099 | V 0.004 | pL 0.001 | vL 0.000 | delta 0.001
U 116 | F 237568 | FPS 0027 | D 8172 | rR:mu sigma m M 0.00 0.00 0.00 0.00 | F:mu sigma m M 150.0 124.5 42.0 563.0 | H 1.099 | V 0.002 | pL 0.000 | vL 0.000 | delta 0.001
U 117 | F 239616 | FPS 0028 | D 8244 | rR:mu sigma m M 0.00 0.00 0.00 0.00 | F:mu sigma m M 121.2 82.1 42.0 370.0 | H 1.099 | V 0.001 | pL 0.000 | vL 0.000 | delta 0.000
U 118 | F 241664 | FPS 0030 | D 8313 | rR:mu sigma m M 0.00 0.00 0.00 0.00 | F:mu sigma m M 172.5 142.9 40.0 588.0 | H 1.099 | V 0.001 | pL 0.000 | vL 0.000 | delta 0.000
U 119 | F 243712 | FPS 0031 | D 8379 | rR:mu sigma m M 0.00 0.00 0.00 0.00 | F:mu sigma m M 148.2 120.1 46.0 540.0 | H 1.099 | V 0.001 | pL 0.000 | vL 0.000 | delta 0.000
U 120 | F 245760 | FPS 0033 | D 8442 | rR:mu sigma m M 0.04 0.15 0.00 0.64 | F:mu sigma m M 166.8 114.4 26.0 429.0 | H 1.097 | V 0.007 | pL -0.005 | vL 0.000 | delta 0.009
U 121 | F 247808 | FPS 0027 | D 8517 | rR:mu sigma m M 0.04 0.15 0.00 0.64 | F:mu sigma m M 181.6 113.1 31.0 429.0 | H 1.098 | V 0.002 | pL 0.001 | vL 0.000 | delta 0.002
U 122 | F 249856 | FPS 0028 | D 8589 | rR:mu sigma m M 0.00 0.00 0.00 0.00 | F:mu sigma m M 178.1 121.5 38.0 504.0 | H 1.098 | V 0.001 | pL 0.000 | vL 0.000 | delta 0.001
U 123 | F 251904 | FPS 0028 | D 8662 | rR:mu sigma m M 0.00 0.00 0.00 0.00 | F:mu sigma m M 172.4 121.0 38.0 407.0 | H 1.099 | V -0.000 | pL -0.000 | vL 0.000 | delta 0.001
U 124 | F 253952 | FPS 0028 | D 8734 | rR:mu sigma m M 0.05 0.19 0.00 0.77 | F:mu sigma m M 191.9 207.9 35.0 900.0 | H 1.093 | V 0.010 | pL -0.005 | vL 0.001 | delta 0.009
U 125 | F 256000 | FPS 0024 | D 8819 | rR:mu sigma m M 0.05 0.19 0.00 0.77 | F:mu sigma m M 223.8 216.2 31.0 900.0 | H 1.098 | V -0.000 | pL -0.000 | vL 0.000 | delta 0.002
U 126 | F 258048 | FPS 0027 | D 8895 | rR:mu sigma m M 0.00 0.00 0.00 0.00 | F:mu sigma m M 186.5 146.2 15.0 528.0 | H 1.098 | V -0.000 | pL -0.001 | vL 0.000 | delta 0.001
U 127 | F 260096 | FPS 0030 | D 8963 | rR:mu sigma m M 0.00 0.00 0.00 0.00 | F:mu sigma m M 155.8 133.7 19.0 546.0 | H 1.095 | V 0.003 | pL 0.001 | vL 0.000 | delta 0.005
U 128 | F 262144 | FPS 0029 | D 9032 | rR:mu sigma m M 0.00 0.00 0.00 0.00 | F:mu sigma m M 153.6 137.6 21.0 520.0 | H 1.098 | V 0.001 | pL -0.001 | vL 0.000 | delta 0.003
U 129 | F 264192 | FPS 0027 | D 9107 | rR:mu sigma m M 0.00 0.00 0.00 0.00 | F:mu sigma m M 123.0 82.3 21.0 325.0 | H 1.097 | V 0.003 | pL 0.001 | vL 0.000 | delta 0.002
U 130 | F 266240 | FPS 0029 | D 9179 | rR:mu sigma m M 0.00 0.00 0.00 0.00 | F:mu sigma m M 160.8 96.3 25.0 312.0 | H 1.098 | V 0.002 | pL 0.001 | vL 0.000 | delta 0.001
U 131 | F 268288 | FPS 0029 | D 9251 | rR:mu sigma m M 0.04 0.16 0.00 0.68 | F:mu sigma m M 157.2 101.9 20.0 359.0 | H 1.097 | V 0.008 | pL -0.005 | vL 0.000 | delta 0.011
U 132 | F 270336 | FPS 0028 | D 9324 | rR:mu sigma m M 0.04 0.16 0.00 0.68 | F:mu sigma m M 176.4 106.5 13.0 359.0 | H 1.094 | V 0.015 | pL -0.003 | vL 0.001 | delta 0.015
U 133 | F 272384 | FPS 0029 | D 9396 | rR:mu sigma m M 0.03 0.12 0.00 0.51 | F:mu sigma m M 195.3 127.5 13.0 492.0 | H 1.094 | V 0.009 | pL 0.003 | vL 0.000 | delta 0.005
U 134 | F 274432 | FPS 0028 | D 9470 | rR:mu sigma m M 0.00 0.00 0.00 0.00 | F:mu sigma m M 244.4 151.2 61.0 538.0 | H 1.098 | V 0.004 | pL 0.001 | vL 0.000 | delta 0.002
U 135 | F 276480 | FPS 0030 | D 9537 | rR:mu sigma m M 0.00 0.00 0.00 0.00 | F:mu sigma m M 149.6 160.7 29.0 736.0 | H 1.098 | V 0.003 | pL 0.001 | vL 0.000 | delta 0.001
U 136 | F 278528 | FPS 0030 | D 9606 | rR:mu sigma m M 0.00 0.00 0.00 0.00 | F:mu sigma m M 132.2 101.3 17.0 484.0 | H 1.099 | V 0.003 | pL 0.001 | vL 0.000 | delta 0.001
U 137 | F 280576 | FPS 0033 | D 9669 | rR:mu sigma m M 0.00 0.00 0.00 0.00 | F:mu sigma m M 152.8 136.9 15.0 484.0 | H 1.098 | V 0.003 | pL 0.001 | vL 0.000 | delta 0.001
U 138 | F 282624 | FPS 0028 | D 9742 | rR:mu sigma m M 0.00 0.00 0.00 0.00 | F:mu sigma m M 185.6 108.3 15.0 365.0 | H 1.099 | V 0.002 | pL 0.001 | vL 0.000 | delta 0.001
U 139 | F 284672 | FPS 0031 | D 9809 | rR:mu sigma m M 0.00 0.00 0.00 0.00 | F:mu sigma m M 140.3 87.7 11.0 365.0 | H 1.098 | V 0.003 | pL 0.001 | vL 0.000 | delta 0.002
U 140 | F 286720 | FPS 0027 | D 9884 | rR:mu sigma m M 0.00 0.00 0.00 0.00 | F:mu sigma m M 189.7 116.6 48.0 413.0 | H 1.099 | V 0.000 | pL 0.000 | vL 0.000 | delta 0.000
U 141 | F 288768 | FPS 0029 | D 9954 | rR:mu sigma m M 0.00 0.00 0.00 0.00 | F:mu sigma m M 169.1 134.0 16.0 423.0 | H 1.099 | V -0.001 | pL -0.000 | vL 0.000 | delta 0.000
U 142 | F 290816 | FPS 0028 | D 10026 | rR:mu sigma m M 0.05 0.19 0.00 0.78 | F:mu sigma m M 157.9 93.3 27.0 316.0 | H 1.095 | V 0.006 | pL -0.007 | vL 0.001 | delta 0.011
U 143 | F 292864 | FPS 0031 | D 10092 | rR:mu sigma m M 0.00 0.00 0.00 0.00 | F:mu sigma m M 107.9 75.3 27.0 273.0 | H 1.098 | V 0.002 | pL 0.000 | vL 0.000 | delta 0.001
U 144 | F 294912 | FPS 0027 | D 10169 | rR:mu sigma m M 0.00 0.00 0.00 0.00 | F:mu sigma m M 87.9 52.6 27.0 189.0 | H 1.099 | V 0.002 | pL 0.000 | vL 0.000 | delta 0.001
U 145 | F 296960 | FPS 0029 | D 10239 | rR:mu sigma m M 0.00 0.00 0.00 0.00 | F:mu sigma m M 178.4 210.9 28.0 900.0 | H 1.099 | V 0.002 | pL 0.000 | vL 0.000 | delta 0.000
U 146 | F 299008 | FPS 0028 | D 10313 | rR:mu sigma m M 0.00 0.00 0.00 0.00 | F:mu sigma m M 180.5 133.9 43.0 439.0 | H 1.099 | V 0.001 | pL 0.000 | vL 0.000 | delta 0.000
U 147 | F 301056 | FPS 0028 | D 10387 | rR:mu sigma m M 0.00 0.00 0.00 0.00 | F:mu sigma m M 176.9 125.6 27.0 439.0 | H 1.099 | V 0.002 | pL 0.000 | vL 0.000 | delta 0.001
U 148 | F 303104 | FPS 0030 | D 10455 | rR:mu sigma m M 0.06 0.22 0.00 0.91 | F:mu sigma m M 180.3 139.5 23.0 488.0 | H 1.094 | V 0.016 | pL -0.011 | vL 0.003 | delta 0.035
U 149 | F 305152 | FPS 0033 | D 10518 | rR:mu sigma m M 0.04 0.16 0.00 0.67 | F:mu sigma m M 148.6 119.2 10.0 393.0 | H 1.098 | V 0.012 | pL 0.002 | vL 0.000 | delta 0.004
U 150 | F 307200 | FPS 0029 | D 10588 | rR:mu sigma m M 0.00 0.00 0.00 0.00 | F:mu sigma m M 166.9 162.4 10.0 657.0 | H 1.099 | V 0.007 | pL 0.002 | vL 0.000 | delta 0.001
U 151 | F 309248 | FPS 0027 | D 10665 | rR:mu sigma m M 0.00 0.00 0.00 0.00 | F:mu sigma m M 153.2 137.4 29.0 598.0 | H 1.098 | V 0.006 | pL 0.001 | vL 0.000 | delta 0.001
U 152 | F 311296 | FPS 0032 | D 10730 | rR:mu sigma m M 0.00 0.00 0.00 0.00 | F:mu sigma m M 141.2 108.7 26.0 394.0 | H 1.098 | V 0.006 | pL 0.001 | vL 0.000 | delta 0.001
U 153 | F 313344 | FPS 0027 | D 10806 | rR:mu sigma m M 0.00 0.00 0.00 0.00 | F:mu sigma m M 146.7 98.4 13.0 360.0 | H 1.095 | V 0.009 | pL 0.002 | vL 0.000 | delta 0.004
U 154 | F 315392 | FPS 0033 | D 10868 | rR:mu sigma m M 0.04 0.15 0.00 0.63 | F:mu sigma m M 154.1 95.5 16.0 371.0 | H 1.094 | V 0.011 | pL -0.003 | vL 0.001 | delta 0.008
U 155 | F 317440 | FPS 0033 | D 10931 | rR:mu sigma m M 0.00 0.00 0.00 0.00 | F:mu sigma m M 141.8 112.5 29.0 415.0 | H 1.099 | V 0.003 | pL 0.001 | vL 0.000 | delta 0.001
U 156 | F 319488 | FPS 0030 | D 11000 | rR:mu sigma m M 0.00 0.00 0.00 0.00 | F:mu sigma m M 152.2 118.3 20.0 466.0 | H 1.099 | V 0.002 | pL 0.000 | vL 0.000 | delta 0.000
U 157 | F 321536 | FPS 0028 | D 11073 | rR:mu sigma m M 0.04 0.17 0.00 0.70 | F:mu sigma m M 152.2 111.6 36.0 466.0 | H 1.098 | V 0.010 | pL -0.005 | vL 0.000 | delta 0.007
U 158 | F 323584 | FPS 0027 | D 11149 | rR:mu sigma m M 0.00 0.00 0.00 0.00 | F:mu sigma m M 205.9 149.9 43.0 585.0 | H 1.098 | V 0.008 | pL 0.002 | vL 0.000 | delta 0.003
U 159 | F 325632 | FPS 0027 | D 11224 | rR:mu sigma m M 0.00 0.00 0.00 0.00 | F:mu sigma m M 178.1 166.5 27.0 596.0 | H 1.098 | V 0.003 | pL 0.001 | vL 0.000 | delta 0.001
U 160 | F 327680 | FPS 0028 | D 11296 | rR:mu sigma m M 0.00 0.00 0.00 0.00 | F:mu sigma m M 149.4 94.3 43.0 451.0 | H 1.098 | V 0.008 | pL -0.001 | vL 0.000 | delta 0.003
U 161 | F 329728 | FPS 0027 | D 11371 | rR:mu sigma m M 0.05 0.21 0.00 0.88 | F:mu sigma m M 172.6 176.6 27.0 631.0 | H 1.098 | V 0.005 | pL -0.001 | vL 0.000 | delta 0.004
U 162 | F 331776 | FPS 0029 | D 11443 | rR:mu sigma m M 0.00 0.00 0.00 0.00 | F:mu sigma m M 154.8 105.2 17.0 456.0 | H 1.098 | V 0.003 | pL 0.001 | vL 0.000 | delta 0.001
U 163 | F 333824 | FPS 0028 | D 11516 | rR:mu sigma m M 0.05 0.20 0.00 0.84 | F:mu sigma m M 121.8 102.2 30.0 445.0 | H 1.097 | V 0.014 | pL -0.006 | vL 0.001 | delta 0.010
U 164 | F 335872 | FPS 0026 | D 11596 | rR:mu sigma m M 0.05 0.20 0.00 0.84 | F:mu sigma m M 148.1 135.2 25.0 550.0 | H 1.098 | V 0.001 | pL -0.003 | vL 0.000 | delta 0.005
U 165 | F 337920 | FPS 0029 | D 11668 | rR:mu sigma m M 0.05 0.19 0.00 0.79 | F:mu sigma m M 160.0 134.1 35.0 550.0 | H 1.098 | V 0.001 | pL -0.001 | vL 0.000 | delta 0.008
U 166 | F 339968 | FPS 0031 | D 11733 | rR:mu sigma m M 0.00 0.00 0.00 0.00 | F:mu sigma m M 153.5 107.3 35.0 404.0 | H 1.097 | V 0.003 | pL -0.000 | vL 0.000 | delta 0.003
U 167 | F 342016 | FPS 0030 | D 11800 | rR:mu sigma m M 0.00 0.00 0.00 0.00 | F:mu sigma m M 195.2 156.7 22.0 532.0 | H 1.098 | V 0.004 | pL -0.000 | vL 0.000 | delta 0.002
U 168 | F 344064 | FPS 0030 | D 11869 | rR:mu sigma m M 0.00 0.00 0.00 0.00 | F:mu sigma m M 242.4 170.7 22.0 553.0 | H 1.095 | V 0.018 | pL -0.003 | vL 0.001 | delta 0.010
U 169 | F 346112 | FPS 0032 | D 11933 | rR:mu sigma m M 0.00 0.00 0.00 0.00 | F:mu sigma m M 169.0 137.9 19.0 492.0 | H 1.094 | V 0.007 | pL 0.002 | vL 0.001 | delta 0.009
U 170 | F 348160 | FPS 0029 | D 12005 | rR:mu sigma m M 0.00 0.00 0.00 0.00 | F:mu sigma m M 135.1 101.7 28.0 472.0 | H 1.098 | V 0.002 | pL -0.000 | vL 0.000 | delta 0.001
U 171 | F 350208 | FPS 0027 | D 12081 | rR:mu sigma m M 0.00 0.00 0.00 0.00 | F:mu sigma m M 159.2 99.3 62.0 472.0 | H 1.092 | V 0.009 | pL 0.002 | vL 0.000 | delta 0.005
U 172 | F 352256 | FPS 0031 | D 12147 | rR:mu sigma m M 0.00 0.00 0.00 0.00 | F:mu sigma m M 254.6 250.3 31.0 900.0 | H 1.097 | V 0.005 | pL 0.001 | vL 0.000 | delta 0.002
U 173 | F 354304 | FPS 0031 | D 12214 | rR:mu sigma m M 0.00 0.00 0.00 0.00 | F:mu sigma m M 164.2 140.7 33.0 455.0 | H 1.093 | V 0.007 | pL 0.001 | vL 0.000 | delta 0.003
U 174 | F 356352 | FPS 0026 | D 12293 | rR:mu sigma m M 0.09 0.24 0.00 0.82 | F:mu sigma m M 160.8 128.8 33.0 455.0 | H 1.092 | V 0.016 | pL -0.009 | vL 0.001 | delta 0.016
U 175 | F 358400 | FPS 0027 | D 12369 | rR:mu sigma m M 0.04 0.14 0.00 0.57 | F:mu sigma m M 175.9 117.4 23.0 429.0 | H 1.098 | V 0.010 | pL 0.003 | vL 0.000 | delta 0.002
U 176 | F 360448 | FPS 0031 | D 12434 | rR:mu sigma m M 0.00 0.00 0.00 0.00 | F:mu sigma m M 160.4 123.8 24.0 451.0 | H 1.098 | V 0.007 | pL 0.002 | vL 0.000 | delta 0.001
U 177 | F 362496 | FPS 0029 | D 12506 | rR:mu sigma m M 0.00 0.00 0.00 0.00 | F:mu sigma m M 167.8 109.1 24.0 451.0 | H 1.098 | V 0.006 | pL 0.001 | vL 0.000 | delta 0.001
U 178 | F 364544 | FPS 0031 | D 12573 | rR:mu sigma m M 0.00 0.00 0.00 0.00 | F:mu sigma m M 209.4 136.3 76.0 583.0 | H 1.098 | V 0.004 | pL 0.001 | vL 0.000 | delta 0.000
U 179 | F 366592 | FPS 0028 | D 12646 | rR:mu sigma m M 0.00 0.00 0.00 0.00 | F:mu sigma m M 212.7 177.6 20.0 583.0 | H 1.098 | V 0.004 | pL 0.001 | vL 0.000 | delta 0.000
U 180 | F 368640 | FPS 0030 | D 12715 | rR:mu sigma m M 0.00 0.00 0.00 0.00 | F:mu sigma m M 186.4 119.8 51.0 471.0 | H 1.098 | V 0.003 | pL 0.001 | vL 0.000 | delta 0.000
U 181 | F 370688 | FPS 0028 | D 12788 | rR:mu sigma m M 0.00 0.00 0.00 0.00 | F:mu sigma m M 154.7 73.7 60.0 315.0 | H 1.098 | V 0.002 | pL 0.001 | vL 0.000 | delta 0.000
U 182 | F 372736 | FPS 0029 | D 12860 | rR:mu sigma m M 0.00 0.00 0.00 0.00 | F:mu sigma m M 159.3 91.8 38.0 341.0 | H 1.098 | V 0.002 | pL 0.000 | vL 0.000 | delta 0.000
U 183 | F 374784 | FPS 0027 | D 12935 | rR:mu sigma m M 0.00 0.00 0.00 0.00 | F:mu sigma m M 205.7 204.2 26.0 900.0 | H 1.098 | V 0.003 | pL -0.000 | vL 0.000 | delta 0.001
U 184 | F 376832 | FPS 0028 | D 13008 | rR:mu sigma m M 0.00 0.00 0.00 0.00 | F:mu sigma m M 161.4 163.1 26.0 678.0 | H 1.097 | V 0.003 | pL 0.001 | vL 0.000 | delta 0.002
U 185 | F 378880 | FPS 0029 | D 13079 | rR:mu sigma m M 0.00 0.00 0.00 0.00 | F:mu sigma m M 153.9 128.1 33.0 540.0 | H 1.098 | V 0.002 | pL 0.001 | vL 0.000 | delta 0.001
U 186 | F 380928 | FPS 0027 | D 13153 | rR:mu sigma m M 0.00 0.00 0.00 0.00 | F:mu sigma m M 181.9 146.4 40.0 540.0 | H 1.099 | V 0.001 | pL 0.000 | vL 0.000 | delta 0.000
U 187 | F 382976 | FPS 0026 | D 13233 | rR:mu sigma m M 0.00 0.00 0.00 0.00 | F:mu sigma m M 182.2 102.8 48.0 384.0 | H 1.098 | V 0.001 | pL 0.000 | vL 0.000 | delta 0.001
U 188 | F 385024 | FPS 0027 | D 13309 | rR:mu sigma m M 0.00 0.00 0.00 0.00 | F:mu sigma m M 104.4 85.3 17.0 360.0 | H 1.099 | V 0.001 | pL 0.000 | vL 0.000 | delta 0.000
U 189 | F 387072 | FPS 0027 | D 13385 | rR:mu sigma m M 0.00 0.00 0.00 0.00 | F:mu sigma m M 114.2 87.6 15.0 387.0 | H 1.098 | V 0.000 | pL 0.000 | vL 0.000 | delta 0.000
U 190 | F 389120 | FPS 0028 | D 13459 | rR:mu sigma m M 0.04 0.17 0.00 0.70 | F:mu sigma m M 166.6 101.4 24.0 387.0 | H 1.097 | V 0.005 | pL -0.006 | vL 0.001 | delta 0.010
U 191 | F 391168 | FPS 0029 | D 13530 | rR:mu sigma m M 0.00 0.00 0.00 0.00 | F:mu sigma m M 149.2 101.6 38.0 440.0 | H 1.098 | V 0.003 | pL 0.001 | vL 0.000 | delta 0.001
U 192 | F 393216 | FPS 0032 | D 13594 | rR:mu sigma m M 0.00 0.00 0.00 0.00 | F:mu sigma m M 171.2 171.8 18.0 602.0 | H 1.098 | V 0.002 | pL 0.001 | vL 0.000 | delta 0.001
U 193 | F 395264 | FPS 0027 | D 13670 | rR:mu sigma m M 0.00 0.00 0.00 0.00 | F:mu sigma m M 202.0 199.8 18.0 900.0 | H 1.095 | V 0.003 | pL 0.001 | vL 0.000 | delta 0.004
U 194 | F 397312 | FPS 0026 | D 13750 | rR:mu sigma m M 0.00 0.00 0.00 0.00 | F:mu sigma m M 203.2 190.1 54.0 900.0 | H 1.097 | V 0.004 | pL -0.001 | vL 0.000 | delta 0.002
U 195 | F 399360 | FPS 0031 | D 13817 | rR:mu sigma m M 0.00 0.00 0.00 0.00 | F:mu sigma m M 180.9 134.9 46.0 569.0 | H 1.098 | V 0.002 | pL 0.001 | vL 0.000 | delta 0.001
U 196 | F 401408 | FPS 0024 | D 13904 | rR:mu sigma m M 0.00 0.00 0.00 0.00 | F:mu sigma m M 192.4 142.1 32.0 569.0 | H 1.099 | V 0.001 | pL 0.000 | vL 0.000 | delta 0.000
U 197 | F 403456 | FPS 0027 | D 13980 | rR:mu sigma m M 0.00 0.00 0.00 0.00 | F:mu sigma m M 169.9 127.3 46.0 470.0 | H 1.099 | V 0.000 | pL 0.000 | vL 0.000 | delta 0.000
U 198 | F 405504 | FPS 0027 | D 14055 | rR:mu sigma m M 0.00 0.00 0.00 0.00 | F:mu sigma m M 126.4 83.4 15.0 297.0 | H 1.098 | V 0.001 | pL 0.000 | vL 0.000 | delta 0.001
U 199 | F 407552 | FPS 0029 | D 14125 | rR:mu sigma m M 0.05 0.19 0.00 0.77 | F:mu sigma m M 140.3 84.9 15.0 297.0 | H 1.096 | V 0.005 | pL -0.004 | vL 0.001 | delta 0.007
U 200 | F 409600 | FPS 0028 | D 14199 | rR:mu sigma m M 0.00 0.00 0.00 0.00 | F:mu sigma m M 146.1 80.4 31.0 322.0 | H 1.098 | V -0.001 | pL -0.000 | vL 0.000 | delta 0.001
U 201 | F 411648 | FPS 0027 | D 14274 | rR:mu sigma m M 0.00 0.00 0.00 0.00 | F:mu sigma m M 113.8 75.0 19.0 322.0 | H 1.098 | V 0.000 | pL 0.000 | vL 0.000 | delta 0.001
U 202 | F 413696 | FPS 0031 | D 14340 | rR:mu sigma m M 0.00 0.00 0.00 0.00 | F:mu sigma m M 211.8 229.3 19.0 900.0 | H 1.098 | V -0.000 | pL -0.000 | vL 0.000 | delta 0.000
U 203 | F 415744 | FPS 0026 | D 14417 | rR:mu sigma m M 0.00 0.00 0.00 0.00 | F:mu sigma m M 127.0 124.8 11.0 399.0 | H 1.099 | V -0.000 | pL -0.000 | vL 0.000 | delta 0.000
U 204 | F 417792 | FPS 0029 | D 14488 | rR:mu sigma m M 0.00 0.00 0.00 0.00 | F:mu sigma m M 132.1 120.7 11.0 521.0 | H 1.098 | V 0.001 | pL -0.001 | vL 0.000 | delta 0.001
U 205 | F 419840 | FPS 0025 | D 14568 | rR:mu sigma m M 0.00 0.00 0.00 0.00 | F:mu sigma m M 163.7 178.4 17.0 736.0 | H 1.096 | V 0.008 | pL -0.003 | vL 0.000 | delta 0.010
U 206 | F 421888 | FPS 0028 | D 14642 | rR:mu sigma m M 0.04 0.16 0.00 0.68 | F:mu sigma m M 139.2 95.0 25.0 321.0 | H 1.097 | V 0.011 | pL -0.000 | vL 0.000 | delta 0.004
U 207 | F 423936 | FPS 0032 | D 14706 | rR:mu sigma m M 0.00 0.00 0.00 0.00 | F:mu sigma m M 153.6 95.7 25.0 417.0 | H 1.097 | V 0.003 | pL 0.000 | vL 0.000 | delta 0.003
U 208 | F 425984 | FPS 0030 | D 14774 | rR:mu sigma m M 0.00 0.00 0.00 0.00 | F:mu sigma m M 145.2 91.0 22.0 417.0 | H 1.098 | V 0.004 | pL 0.001 | vL 0.000 | delta 0.003
U 209 | F 428032 | FPS 0030 | D 14844 | rR:mu sigma m M 0.00 0.00 0.00 0.00 | F:mu sigma m M 170.2 144.5 17.0 580.0 | H 1.097 | V 0.006 | pL 0.001 | vL 0.000 | delta 0.002
U 210 | F 430080 | FPS 0031 | D 14910 | rR:mu sigma m M 0.00 0.00 0.00 0.00 | F:mu sigma m M 177.1 159.0 20.0 512.0 | H 1.097 | V 0.004 | pL 0.002 | vL 0.000 | delta 0.003
U 211 | F 432128 | FPS 0030 | D 14978 | rR:mu sigma m M 0.00 0.00 0.00 0.00 | F:mu sigma m M 115.1 115.8 18.0 477.0 | H 1.098 | V 0.002 | pL 0.001 | vL 0.000 | delta 0.000
U 212 | F 434176 | FPS 0031 | D 15045 | rR:mu sigma m M 0.00 0.00 0.00 0.00 | F:mu sigma m M 110.3 119.5 18.0 477.0 | H 1.099 | V 0.002 | pL 0.000 | vL 0.000 | delta 0.000
U 213 | F 436224 | FPS 0031 | D 15110 | rR:mu sigma m M 0.00 0.00 0.00 0.00 | F:mu sigma m M 235.4 159.9 25.0 554.0 | H 1.098 | V 0.003 | pL 0.001 | vL 0.000 | delta 0.002
U 214 | F 438272 | FPS 0028 | D 15184 | rR:mu sigma m M 0.00 0.00 0.00 0.00 | F:mu sigma m M 201.6 195.9 28.0 648.0 | H 1.099 | V 0.001 | pL 0.000 | vL 0.000 | delta 0.000
U 215 | F 440320 | FPS 0029 | D 15255 | rR:mu sigma m M 0.05 0.20 0.00 0.84 | F:mu sigma m M 162.8 128.2 20.0 563.0 | H 1.094 | V 0.009 | pL -0.007 | vL 0.001 | delta 0.013
U 216 | F 442368 | FPS 0030 | D 15324 | rR:mu sigma m M 0.00 0.00 0.00 0.00 | F:mu sigma m M 140.1 75.1 25.0 282.0 | H 1.096 | V 0.011 | pL -0.005 | vL 0.001 | delta 0.013
U 217 | F 444416 | FPS 0030 | D 15393 | rR:mu sigma m M 0.04 0.17 0.00 0.78 | F:mu sigma m M 150.9 166.2 20.0 838.0 | H 1.093 | V 0.023 | pL 0.003 | vL 0.002 | delta 0.020
U 218 | F 446464 | FPS 0028 | D 15467 | rR:mu sigma m M 0.03 0.11 0.00 0.43 | F:mu sigma m M 126.1 127.1 19.0 566.0 | H 1.095 | V 0.010 | pL 0.000 | vL 0.000 | delta 0.007
U 219 | F 448512 | FPS 0029 | D 15538 | rR:mu sigma m M 0.00 0.00 0.00 0.00 | F:mu sigma m M 137.8 81.7 24.0 314.0 | H 1.091 | V 0.021 | pL -0.003 | vL 0.000 | delta 0.009
U 220 | F 450560 | FPS 0035 | D 15596 | rR:mu sigma m M 0.05 0.18 0.00 0.73 | F:mu sigma m M 178.8 99.8 53.0 356.0 | H 1.090 | V 0.022 | pL -0.001 | vL 0.000 | delta 0.011
U 221 | F 452608 | FPS 0033 | D 15658 | rR:mu sigma m M 0.02 0.09 0.00 0.38 | F:mu sigma m M 213.6 134.5 51.0 625.0 | H 1.095 | V 0.014 | pL 0.000 | vL 0.000 | delta 0.008
U 222 | F 454656 | FPS 0029 | D 15728 | rR:mu sigma m M 0.00 0.00 0.00 0.00 | F:mu sigma m M 129.2 78.7 24.0 270.0 | H 1.097 | V 0.012 | pL 0.001 | vL 0.000 | delta 0.004
U 223 | F 456704 | FPS 0028 | D 15800 | rR:mu sigma m M 0.00 0.00 0.00 0.00 | F:mu sigma m M 99.3 55.1 14.0 213.0 | H 1.095 | V 0.016 | pL 0.001 | vL 0.000 | delta 0.004
U 224 | F 458752 | FPS 0026 | D 15878 | rR:mu sigma m M 0.04 0.15 0.00 0.62 | F:mu sigma m M 173.9 119.6 14.0 409.0 | H 1.091 | V 0.020 | pL -0.001 | vL 0.000 | delta 0.006
U 225 | F 460800 | FPS 0031 | D 15944 | rR:mu sigma m M 0.09 0.24 0.00 0.80 | F:mu sigma m M 169.2 135.2 20.0 506.0 | H 1.089 | V 0.032 | pL -0.007 | vL 0.001 | delta 0.015
U 226 | F 462848 | FPS 0032 | D 16009 | rR:mu sigma m M 0.05 0.21 0.00 0.90 | F:mu sigma m M 121.4 93.9 16.0 385.0 | H 1.086 | V 0.025 | pL -0.005 | vL 0.001 | delta 0.015
U 227 | F 464896 | FPS 0025 | D 16092 | rR:mu sigma m M 0.06 0.22 0.00 0.90 | F:mu sigma m M 141.8 117.8 32.0 478.0 | H 1.074 | V 0.043 | pL -0.003 | vL 0.002 | delta 0.023
U 228 | F 466944 | FPS 0032 | D 16156 | rR:mu sigma m M 0.26 0.38 0.00 0.89 | F:mu sigma m M 170.2 112.3 47.0 478.0 | H 1.046 | V 0.070 | pL -0.016 | vL 0.002 | delta 0.033
U 229 | F 468992 | FPS 0029 | D 16225 | rR:mu sigma m M 0.37 0.38 0.00 0.91 | F:mu sigma m M 197.1 121.9 7.0 433.0 | H 1.026 | V 0.122 | pL -0.018 | vL 0.003 | delta 0.036
U 230 | F 471040 | FPS 0033 | D 16288 | rR:mu sigma m M 0.31 0.40 0.00 0.91 | F:mu sigma m M 125.8 75.3 7.0 272.0 | H 1.018 | V 0.107 | pL -0.006 | vL 0.003 | delta 0.036
U 231 | F 473088 | FPS 0039 | D 16341 | rR:mu sigma m M 0.35 0.40 0.00 0.91 | F:mu sigma m M 158.7 66.7 71.0 272.0 | H 1.026 | V 0.120 | pL -0.009 | vL 0.005 | delta 0.037
U 232 | F 475136 | FPS 0043 | D 16389 | rR:mu sigma m M 0.40 0.41 0.00 0.92 | F:mu sigma m M 136.5 108.5 24.0 482.0 | H 0.932 | V 0.210 | pL -0.045 | vL 0.008 | delta 0.065
U 233 | F 477184 | FPS 0046 | D 16433 | rR:mu sigma m M 0.71 0.34 0.00 0.93 | F:mu sigma m M 111.8 42.5 56.0 214.0 | H 0.896 | V 0.293 | pL -0.046 | vL 0.005 | delta 0.053
U 234 | F 479232 | FPS 0048 | D 16476 | rR:mu sigma m M 0.74 0.34 0.00 0.96 | F:mu sigma m M 97.8 39.1 23.0 201.0 | H 0.815 | V 0.395 | pL -0.057 | vL 0.007 | delta 0.059
U 235 | F 481280 | FPS 0052 | D 16515 | rR:mu sigma m M 0.84 0.25 0.00 0.97 | F:mu sigma m M 85.0 43.6 9.0 208.0 | H 0.723 | V 0.531 | pL -0.052 | vL 0.007 | delta 0.058
U 236 | F 483328 | FPS 0058 | D 16551 | rR:mu sigma m M 0.88 0.22 0.00 0.96 | F:mu sigma m M 62.5 23.8 13.0 124.0 | H 0.665 | V 0.597 | pL -0.068 | vL 0.006 | delta 0.062
U 237 | F 485376 | FPS 0064 | D 16582 | rR:mu sigma m M 0.92 0.15 0.00 0.96 | F:mu sigma m M 58.5 18.5 7.0 108.0 | H 0.634 | V 0.654 | pL -0.054 | vL 0.004 | delta 0.058
U 238 | F 487424 | FPS 0067 | D 16613 | rR:mu sigma m M 0.95 0.01 0.89 0.97 | F:mu sigma m M 45.3 14.0 27.0 108.0 | H 0.547 | V 0.716 | pL -0.052 | vL 0.003 | delta 0.059
agent reach optimality, start collecting trajectories
agent successfully collected 10 trajectories
pickling optimal trajectories
Model successfully saved
/home/rdali/.local/easybuild/software/2017/Core/miniconda3/4.3.27/envs/observe/lib/python3.6/site-packages/torch/nn/functional.py:1906: UserWarning: reduction: 'mean' divides the total loss by both the batch size and the support size.'batchmean' divides only by the batch size, and aligns with the KL div math definition.'mean' will be changed to behave the same as 'batchmean' in the next major release.
  warnings.warn("reduction: 'mean' divides the total loss by both the batch size and the support size."
