The following modules were not unloaded:
  (Use "module --force purge" to unload all):

  1) StdEnv/2018.3     4) gcccore/.7.3.0      7) intel/2018.3
  2) nixpkgs/16.09     5) icc/.2018.3.222     8) openmpi/3.1.2
  3) imkl/2018.3.222   6) ifort/.2018.3.222

Due to MODULEPATH changes, the following have been reloaded:
  1) openmpi/3.1.2

Attention: While Conda works well in a desktop environment, it tends to create more problems than it solves on a cluster. Instead, we recommend that users use virtual environments and the binary packages that we provide through Python wheels as documented on the Python page.
/home/rdali/RL/watch_and_learn/dependency/rl-starter-files/scripts/train_agent_multidem.py --env MiniGrid-LavaCrossingAddictO12S15-v0 --algo ppo --nameDemonstrator LavaCrossing1215Addict1,LavaCrossing1215Addict2,LavaCrossing1215Addict4,LavaCrossing1215Addict5,LavaCrossing1215Addict7,LavaCrossing1215Addict8,LavaCrossing1215Addict9,LavaCrossing1215Addict10 --flat-model 0 --KLweight 0.001 --useKL 1 --meanReward 0.80 --rewardLB 0.70 --seed 8780

Namespace(KLweight=0.001, algo='ppo', batch_size=256, clip_eps=0.2, discount=0.99, entropy_coef=0.01, env='MiniGrid-LavaCrossingAddictO12S15-v0', epochs=4, flat_model=0, frames=10000000, frames_per_proc=None, full_obs=0, gae_lambda=0.95, log_interval=1, lr=0.0007, max_grad_norm=0.5, meanReward=0.8, mem=False, model=None, nameDemonstrator='LavaCrossing1215Addict1,LavaCrossing1215Addict2,LavaCrossing1215Addict4,LavaCrossing1215Addict5,LavaCrossing1215Addict7,LavaCrossing1215Addict8,LavaCrossing1215Addict9,LavaCrossing1215Addict10', optim_alpha=0.99, optim_eps=1e-05, procs=16, recurrence=1, rewardLB=0.7, save_interval=0, seed=8780, tb=False, text=False, useKL=1, value_loss_coef=0.5)

Flat model successfully created

ACModel(
  (image_conv): Sequential(
    (0): Conv2d(3, 32, kernel_size=(2, 2), stride=(1, 1))
    (1): ReLU()
    (2): MaxPool2d(kernel_size=(2, 2), stride=(2, 2), padding=0, dilation=1, ceil_mode=False)
    (3): Conv2d(32, 64, kernel_size=(2, 2), stride=(1, 1))
    (4): ReLU()
    (5): Conv2d(64, 64, kernel_size=(2, 2), stride=(1, 1))
    (6): ReLU()
  )
  (actor): Sequential(
    (0): Linear(in_features=1600, out_features=64, bias=True)
    (1): Tanh()
    (2): Linear(in_features=64, out_features=3, bias=True)
  )
  (critic): Sequential(
    (0): Linear(in_features=1600, out_features=64, bias=True)
    (1): Tanh()
    (2): Linear(in_features=64, out_features=1, bias=True)
  )
)

CUDA available: False

1
True
0.001
Using TensorFlow backend.
OMP: Info #212: KMP_AFFINITY: decoding x2APIC ids.
OMP: Info #210: KMP_AFFINITY: Affinity capable, using global cpuid leaf 11 info
OMP: Info #154: KMP_AFFINITY: Initial OS proc set respected: 13,15,17,19,21
OMP: Info #156: KMP_AFFINITY: 5 available OS procs
OMP: Info #157: KMP_AFFINITY: Uniform topology
OMP: Info #179: KMP_AFFINITY: 1 packages x 5 cores/pkg x 1 threads/core (5 total cores)
OMP: Info #214: KMP_AFFINITY: OS proc to physical thread map:
OMP: Info #171: KMP_AFFINITY: OS proc 13 maps to package 1 core 8 
OMP: Info #171: KMP_AFFINITY: OS proc 17 maps to package 1 core 9 
OMP: Info #171: KMP_AFFINITY: OS proc 19 maps to package 1 core 10 
OMP: Info #171: KMP_AFFINITY: OS proc 15 maps to package 1 core 11 
OMP: Info #171: KMP_AFFINITY: OS proc 21 maps to package 1 core 16 
OMP: Info #250: KMP_AFFINITY: pid 354123 tid 354123 thread 0 bound to OS proc set 13
OMP: Info #250: KMP_AFFINITY: pid 354123 tid 354254 thread 1 bound to OS proc set 17
OMP: Info #250: KMP_AFFINITY: pid 354123 tid 354258 thread 4 bound to OS proc set 21
OMP: Info #250: KMP_AFFINITY: pid 354123 tid 354255 thread 2 bound to OS proc set 19
OMP: Info #250: KMP_AFFINITY: pid 354123 tid 354256 thread 3 bound to OS proc set 15
OMP: Info #250: KMP_AFFINITY: pid 354123 tid 354438 thread 5 bound to OS proc set 13
OMP: Info #250: KMP_AFFINITY: pid 354123 tid 354437 thread 6 bound to OS proc set 17
OMP: Info #250: KMP_AFFINITY: pid 354123 tid 354455 thread 7 bound to OS proc set 19
OMP: Info #250: KMP_AFFINITY: pid 354123 tid 354456 thread 8 bound to OS proc set 15
OMP: Info #250: KMP_AFFINITY: pid 354123 tid 354457 thread 9 bound to OS proc set 21
OMP: Info #250: KMP_AFFINITY: pid 354123 tid 354458 thread 10 bound to OS proc set 13
OMP: Info #250: KMP_AFFINITY: pid 354123 tid 354506 thread 11 bound to OS proc set 17
OMP: Info #250: KMP_AFFINITY: pid 354123 tid 354507 thread 12 bound to OS proc set 19
OMP: Info #250: KMP_AFFINITY: pid 354123 tid 354508 thread 13 bound to OS proc set 15
OMP: Info #250: KMP_AFFINITY: pid 354123 tid 354509 thread 14 bound to OS proc set 21
OMP: Info #250: KMP_AFFINITY: pid 354123 tid 354510 thread 15 bound to OS proc set 13
U 1 | F 002048 | FPS 0022 | D 93 | rR:mu sigma m M 0.00 0.00 0.00 0.00 | F:mu sigma m M 39.1 47.8 0.0 115.0 | H 1.098 | V -0.107 | pL -0.029 | vL 0.001 | delta 0.047
U 2 | F 004096 | FPS 0028 | D 167 | rR:mu sigma m M 0.00 0.00 0.00 0.00 | F:mu sigma m M 133.9 37.9 44.0 198.0 | H 1.095 | V -0.101 | pL -0.028 | vL 0.000 | delta 0.015
U 3 | F 006144 | FPS 0033 | D 229 | rR:mu sigma m M 0.00 0.00 0.00 0.00 | F:mu sigma m M 146.9 85.0 15.0 297.0 | H 1.098 | V -0.071 | pL -0.021 | vL 0.000 | delta 0.008
U 4 | F 008192 | FPS 0027 | D 304 | rR:mu sigma m M 0.00 0.00 0.00 0.00 | F:mu sigma m M 139.9 73.7 38.0 280.0 | H 1.095 | V -0.053 | pL -0.017 | vL 0.000 | delta 0.006
U 5 | F 010240 | FPS 0032 | D 368 | rR:mu sigma m M 0.04 0.17 0.00 0.69 | F:mu sigma m M 147.4 139.7 28.0 540.0 | H 1.087 | V -0.030 | pL -0.019 | vL 0.002 | delta 0.012
U 6 | F 012288 | FPS 0035 | D 427 | rR:mu sigma m M 0.00 0.00 0.00 0.00 | F:mu sigma m M 154.6 127.6 26.0 540.0 | H 1.097 | V -0.022 | pL -0.007 | vL 0.000 | delta 0.004
U 7 | F 014336 | FPS 0031 | D 494 | rR:mu sigma m M 0.00 0.00 0.00 0.00 | F:mu sigma m M 174.8 94.0 34.0 403.0 | H 1.098 | V -0.016 | pL -0.005 | vL 0.000 | delta 0.004
U 8 | F 016384 | FPS 0030 | D 563 | rR:mu sigma m M 0.05 0.19 0.00 0.80 | F:mu sigma m M 121.0 65.4 25.0 245.0 | H 1.098 | V -0.007 | pL -0.011 | vL 0.002 | delta 0.011
U 9 | F 018432 | FPS 0032 | D 627 | rR:mu sigma m M 0.05 0.19 0.00 0.80 | F:mu sigma m M 138.1 88.0 25.0 390.0 | H 1.098 | V 0.007 | pL 0.001 | vL 0.000 | delta 0.005
U 10 | F 020480 | FPS 0028 | D 699 | rR:mu sigma m M 0.00 0.00 0.00 0.00 | F:mu sigma m M 151.9 159.2 29.0 692.0 | H 1.098 | V 0.006 | pL 0.002 | vL 0.000 | delta 0.002
U 11 | F 022528 | FPS 0028 | D 772 | rR:mu sigma m M 0.00 0.00 0.00 0.00 | F:mu sigma m M 136.2 107.2 29.0 368.0 | H 1.098 | V 0.005 | pL 0.001 | vL 0.000 | delta 0.001
U 12 | F 024576 | FPS 0030 | D 840 | rR:mu sigma m M 0.00 0.00 0.00 0.00 | F:mu sigma m M 113.4 85.4 29.0 368.0 | H 1.099 | V 0.004 | pL 0.001 | vL 0.000 | delta 0.001
U 13 | F 026624 | FPS 0026 | D 919 | rR:mu sigma m M 0.00 0.00 0.00 0.00 | F:mu sigma m M 167.3 137.6 40.0 549.0 | H 1.099 | V 0.004 | pL 0.001 | vL 0.000 | delta 0.001
U 14 | F 028672 | FPS 0029 | D 990 | rR:mu sigma m M 0.00 0.00 0.00 0.00 | F:mu sigma m M 232.2 188.3 39.0 597.0 | H 1.099 | V 0.003 | pL 0.001 | vL 0.000 | delta 0.000
U 15 | F 030720 | FPS 0026 | D 1067 | rR:mu sigma m M 0.00 0.00 0.00 0.00 | F:mu sigma m M 132.3 117.4 41.0 518.0 | H 1.099 | V 0.002 | pL 0.001 | vL 0.000 | delta 0.000
U 16 | F 032768 | FPS 0025 | D 1150 | rR:mu sigma m M 0.00 0.00 0.00 0.00 | F:mu sigma m M 121.4 106.9 20.0 492.0 | H 1.099 | V 0.002 | pL 0.000 | vL 0.000 | delta 0.001
U 17 | F 034816 | FPS 0028 | D 1224 | rR:mu sigma m M 0.00 0.00 0.00 0.00 | F:mu sigma m M 128.8 107.2 32.0 451.0 | H 1.099 | V 0.002 | pL 0.001 | vL 0.000 | delta 0.001
U 18 | F 036864 | FPS 0028 | D 1296 | rR:mu sigma m M 0.05 0.19 0.00 0.79 | F:mu sigma m M 124.6 83.7 23.0 377.0 | H 1.096 | V 0.008 | pL -0.006 | vL 0.001 | delta 0.041
U 19 | F 038912 | FPS 0032 | D 1361 | rR:mu sigma m M 0.05 0.19 0.00 0.79 | F:mu sigma m M 139.4 98.4 23.0 390.0 | H 1.098 | V 0.003 | pL -0.001 | vL 0.000 | delta 0.006
U 20 | F 040960 | FPS 0029 | D 1431 | rR:mu sigma m M 0.00 0.00 0.00 0.00 | F:mu sigma m M 195.7 172.8 34.0 696.0 | H 1.097 | V 0.012 | pL 0.002 | vL 0.000 | delta 0.003
U 21 | F 043008 | FPS 0028 | D 1504 | rR:mu sigma m M 0.04 0.15 0.00 0.61 | F:mu sigma m M 172.3 173.5 24.0 696.0 | H 1.098 | V 0.007 | pL 0.002 | vL 0.000 | delta 0.006
U 22 | F 045056 | FPS 0025 | D 1585 | rR:mu sigma m M 0.00 0.00 0.00 0.00 | F:mu sigma m M 120.2 80.9 26.0 283.0 | H 1.098 | V 0.001 | pL -0.000 | vL 0.000 | delta 0.001
U 23 | F 047104 | FPS 0026 | D 1662 | rR:mu sigma m M 0.00 0.00 0.00 0.00 | F:mu sigma m M 204.6 232.1 21.0 900.0 | H 1.099 | V 0.000 | pL -0.000 | vL 0.000 | delta 0.001
U 24 | F 049152 | FPS 0029 | D 1732 | rR:mu sigma m M 0.00 0.00 0.00 0.00 | F:mu sigma m M 118.6 74.3 36.0 260.0 | H 1.099 | V 0.000 | pL -0.000 | vL 0.000 | delta 0.000
U 25 | F 051200 | FPS 0029 | D 1803 | rR:mu sigma m M 0.00 0.00 0.00 0.00 | F:mu sigma m M 185.0 186.0 36.0 822.0 | H 1.098 | V 0.001 | pL 0.000 | vL 0.000 | delta 0.001
U 26 | F 053248 | FPS 0028 | D 1876 | rR:mu sigma m M 0.00 0.00 0.00 0.00 | F:mu sigma m M 262.6 202.5 39.0 822.0 | H 1.099 | V 0.001 | pL -0.000 | vL 0.000 | delta 0.001
U 27 | F 055296 | FPS 0033 | D 1938 | rR:mu sigma m M 0.04 0.16 0.00 0.64 | F:mu sigma m M 251.9 181.3 37.0 682.0 | H 1.096 | V 0.004 | pL -0.003 | vL 0.000 | delta 0.024
U 28 | F 057344 | FPS 0029 | D 2008 | rR:mu sigma m M 0.04 0.16 0.00 0.64 | F:mu sigma m M 244.4 166.5 37.0 682.0 | H 1.095 | V 0.008 | pL -0.003 | vL 0.000 | delta 0.008
U 29 | F 059392 | FPS 0031 | D 2073 | rR:mu sigma m M 0.02 0.09 0.00 0.46 | F:mu sigma m M 193.0 193.5 19.0 654.0 | H 1.096 | V 0.007 | pL 0.000 | vL 0.000 | delta 0.027
U 30 | F 061440 | FPS 0025 | D 2155 | rR:mu sigma m M 0.00 0.00 0.00 0.00 | F:mu sigma m M 143.9 145.7 35.0 519.0 | H 1.096 | V 0.004 | pL 0.001 | vL 0.000 | delta 0.003
U 31 | F 063488 | FPS 0032 | D 2218 | rR:mu sigma m M 0.00 0.00 0.00 0.00 | F:mu sigma m M 138.3 61.8 43.0 319.0 | H 1.097 | V 0.004 | pL 0.001 | vL 0.000 | delta 0.006
U 32 | F 065536 | FPS 0026 | D 2298 | rR:mu sigma m M 0.04 0.17 0.00 0.69 | F:mu sigma m M 149.7 111.7 33.0 454.0 | H 1.098 | V 0.007 | pL -0.003 | vL 0.000 | delta 0.013
U 33 | F 067584 | FPS 0026 | D 2377 | rR:mu sigma m M 0.00 0.00 0.00 0.00 | F:mu sigma m M 145.9 99.3 33.0 454.0 | H 1.097 | V 0.004 | pL -0.000 | vL 0.000 | delta 0.004
U 34 | F 069632 | FPS 0028 | D 2449 | rR:mu sigma m M 0.00 0.00 0.00 0.00 | F:mu sigma m M 147.8 79.8 37.0 317.0 | H 1.098 | V 0.001 | pL 0.000 | vL 0.000 | delta 0.001
U 35 | F 071680 | FPS 0028 | D 2521 | rR:mu sigma m M 0.00 0.00 0.00 0.00 | F:mu sigma m M 214.2 111.6 61.0 463.0 | H 1.098 | V 0.002 | pL 0.000 | vL 0.000 | delta 0.002
U 36 | F 073728 | FPS 0027 | D 2596 | rR:mu sigma m M 0.00 0.00 0.00 0.00 | F:mu sigma m M 137.1 102.0 26.0 357.0 | H 1.098 | V 0.001 | pL 0.000 | vL 0.000 | delta 0.001
U 37 | F 075776 | FPS 0031 | D 2663 | rR:mu sigma m M 0.00 0.00 0.00 0.00 | F:mu sigma m M 158.2 157.9 21.0 729.0 | H 1.098 | V 0.001 | pL 0.000 | vL 0.000 | delta 0.000
U 38 | F 077824 | FPS 0028 | D 2736 | rR:mu sigma m M 0.00 0.00 0.00 0.00 | F:mu sigma m M 131.9 130.2 22.0 534.0 | H 1.098 | V 0.001 | pL 0.000 | vL 0.000 | delta 0.001
U 39 | F 079872 | FPS 0029 | D 2807 | rR:mu sigma m M 0.00 0.00 0.00 0.00 | F:mu sigma m M 143.8 76.7 40.0 301.0 | H 1.098 | V 0.001 | pL 0.000 | vL 0.000 | delta 0.001
U 40 | F 081920 | FPS 0028 | D 2880 | rR:mu sigma m M 0.00 0.00 0.00 0.00 | F:mu sigma m M 126.0 69.2 25.0 287.0 | H 1.099 | V 0.000 | pL 0.000 | vL 0.000 | delta 0.000
U 41 | F 083968 | FPS 0031 | D 2946 | rR:mu sigma m M 0.05 0.20 0.00 0.81 | F:mu sigma m M 162.9 112.0 24.0 503.0 | H 1.094 | V 0.005 | pL -0.007 | vL 0.001 | delta 0.029
U 42 | F 086016 | FPS 0027 | D 3021 | rR:mu sigma m M 0.15 0.31 0.00 0.92 | F:mu sigma m M 149.3 146.7 33.0 615.0 | H 1.087 | V 0.029 | pL -0.009 | vL 0.003 | delta 0.031
U 43 | F 088064 | FPS 0033 | D 3083 | rR:mu sigma m M 0.00 0.00 0.00 0.00 | F:mu sigma m M 132.0 101.6 17.0 404.0 | H 1.098 | V 0.022 | pL 0.006 | vL 0.000 | delta 0.004
U 44 | F 090112 | FPS 0030 | D 3151 | rR:mu sigma m M 0.04 0.16 0.00 0.65 | F:mu sigma m M 143.2 89.5 46.0 347.0 | H 1.097 | V 0.017 | pL 0.001 | vL 0.000 | delta 0.008
U 45 | F 092160 | FPS 0025 | D 3232 | rR:mu sigma m M 0.00 0.00 0.00 0.00 | F:mu sigma m M 130.2 80.3 32.0 337.0 | H 1.096 | V 0.015 | pL 0.002 | vL 0.000 | delta 0.005
U 46 | F 094208 | FPS 0031 | D 3298 | rR:mu sigma m M 0.00 0.00 0.00 0.00 | F:mu sigma m M 167.2 85.3 36.0 339.0 | H 1.098 | V 0.017 | pL 0.004 | vL 0.000 | delta 0.007
U 47 | F 096256 | FPS 0026 | D 3377 | rR:mu sigma m M 0.00 0.00 0.00 0.00 | F:mu sigma m M 140.2 72.1 61.0 328.0 | H 1.098 | V 0.005 | pL 0.001 | vL 0.000 | delta 0.001
U 48 | F 098304 | FPS 0030 | D 3446 | rR:mu sigma m M 0.00 0.00 0.00 0.00 | F:mu sigma m M 110.1 58.1 32.0 278.0 | H 1.098 | V 0.006 | pL 0.000 | vL 0.000 | delta 0.004
U 49 | F 100352 | FPS 0026 | D 3524 | rR:mu sigma m M 0.00 0.00 0.00 0.00 | F:mu sigma m M 121.0 84.6 30.0 330.0 | H 1.099 | V 0.008 | pL 0.001 | vL 0.000 | delta 0.001
U 50 | F 102400 | FPS 0030 | D 3592 | rR:mu sigma m M 0.00 0.00 0.00 0.00 | F:mu sigma m M 223.1 140.0 30.0 484.0 | H 1.099 | V 0.007 | pL 0.002 | vL 0.000 | delta 0.001
U 51 | F 104448 | FPS 0029 | D 3662 | rR:mu sigma m M 0.05 0.19 0.00 0.80 | F:mu sigma m M 198.1 134.7 24.0 484.0 | H 1.098 | V 0.010 | pL -0.006 | vL 0.001 | delta 0.009
U 52 | F 106496 | FPS 0027 | D 3738 | rR:mu sigma m M 0.00 0.00 0.00 0.00 | F:mu sigma m M 208.3 123.8 32.0 414.0 | H 1.098 | V 0.005 | pL 0.001 | vL 0.000 | delta 0.002
U 53 | F 108544 | FPS 0032 | D 3803 | rR:mu sigma m M 0.00 0.00 0.00 0.00 | F:mu sigma m M 133.4 72.8 27.0 260.0 | H 1.098 | V 0.004 | pL 0.001 | vL 0.000 | delta 0.001
U 54 | F 110592 | FPS 0030 | D 3871 | rR:mu sigma m M 0.00 0.00 0.00 0.00 | F:mu sigma m M 135.8 58.6 27.0 247.0 | H 1.099 | V 0.003 | pL 0.000 | vL 0.000 | delta 0.001
U 55 | F 112640 | FPS 0027 | D 3947 | rR:mu sigma m M 0.00 0.00 0.00 0.00 | F:mu sigma m M 138.2 88.5 21.0 347.0 | H 1.098 | V 0.007 | pL -0.001 | vL 0.000 | delta 0.004
U 56 | F 114688 | FPS 0027 | D 4023 | rR:mu sigma m M 0.04 0.16 0.00 0.65 | F:mu sigma m M 206.6 132.0 45.0 539.0 | H 1.098 | V 0.007 | pL -0.001 | vL 0.000 | delta 0.005
U 57 | F 116736 | FPS 0031 | D 4090 | rR:mu sigma m M 0.06 0.22 0.00 0.90 | F:mu sigma m M 174.2 129.9 33.0 491.0 | H 1.096 | V 0.014 | pL -0.007 | vL 0.001 | delta 0.022
U 58 | F 118784 | FPS 0030 | D 4160 | rR:mu sigma m M 0.06 0.22 0.00 0.90 | F:mu sigma m M 199.4 120.8 62.0 491.0 | H 1.097 | V 0.000 | pL 0.000 | vL 0.000 | delta 0.004
U 59 | F 120832 | FPS 0029 | D 4230 | rR:mu sigma m M 0.00 0.00 0.00 0.00 | F:mu sigma m M 155.5 104.9 15.0 485.0 | H 1.098 | V 0.001 | pL 0.000 | vL 0.000 | delta 0.002
U 60 | F 122880 | FPS 0028 | D 4303 | rR:mu sigma m M 0.05 0.20 0.00 0.81 | F:mu sigma m M 145.1 102.3 15.0 467.0 | H 1.094 | V 0.011 | pL -0.006 | vL 0.001 | delta 0.026
U 61 | F 124928 | FPS 0025 | D 4385 | rR:mu sigma m M 0.04 0.16 0.00 0.65 | F:mu sigma m M 147.8 107.1 27.0 385.0 | H 1.092 | V 0.017 | pL -0.005 | vL 0.002 | delta 0.019
U 62 | F 126976 | FPS 0027 | D 4462 | rR:mu sigma m M 0.08 0.21 0.00 0.71 | F:mu sigma m M 209.6 206.5 14.0 808.0 | H 1.087 | V 0.024 | pL -0.007 | vL 0.002 | delta 0.026
U 63 | F 129024 | FPS 0029 | D 4532 | rR:mu sigma m M 0.00 0.00 0.00 0.00 | F:mu sigma m M 128.9 76.0 33.0 280.0 | H 1.097 | V -0.002 | pL -0.001 | vL 0.000 | delta 0.003
U 64 | F 131072 | FPS 0029 | D 4601 | rR:mu sigma m M 0.00 0.00 0.00 0.00 | F:mu sigma m M 123.2 68.2 39.0 242.0 | H 1.097 | V -0.000 | pL -0.001 | vL 0.000 | delta 0.003
U 65 | F 133120 | FPS 0035 | D 4660 | rR:mu sigma m M 0.00 0.00 0.00 0.00 | F:mu sigma m M 155.9 126.4 24.0 507.0 | H 1.097 | V 0.002 | pL 0.001 | vL 0.000 | delta 0.003
U 66 | F 135168 | FPS 0029 | D 4731 | rR:mu sigma m M 0.00 0.00 0.00 0.00 | F:mu sigma m M 195.9 137.5 37.0 507.0 | H 1.094 | V 0.003 | pL 0.000 | vL 0.000 | delta 0.007
U 67 | F 137216 | FPS 0030 | D 4800 | rR:mu sigma m M 0.00 0.00 0.00 0.00 | F:mu sigma m M 154.5 134.9 21.0 539.0 | H 1.094 | V 0.005 | pL -0.000 | vL 0.000 | delta 0.005
U 68 | F 139264 | FPS 0026 | D 4879 | rR:mu sigma m M 0.00 0.00 0.00 0.00 | F:mu sigma m M 127.6 88.4 17.0 321.0 | H 1.098 | V 0.000 | pL 0.000 | vL 0.000 | delta 0.003
U 69 | F 141312 | FPS 0029 | D 4950 | rR:mu sigma m M 0.00 0.00 0.00 0.00 | F:mu sigma m M 185.2 151.2 54.0 562.0 | H 1.098 | V -0.001 | pL -0.000 | vL 0.000 | delta 0.002
U 70 | F 143360 | FPS 0029 | D 5020 | rR:mu sigma m M 0.00 0.00 0.00 0.00 | F:mu sigma m M 177.6 161.9 42.0 562.0 | H 1.098 | V -0.000 | pL -0.000 | vL 0.000 | delta 0.001
U 71 | F 145408 | FPS 0026 | D 5100 | rR:mu sigma m M 0.00 0.00 0.00 0.00 | F:mu sigma m M 175.4 146.0 21.0 549.0 | H 1.096 | V 0.002 | pL -0.000 | vL 0.000 | delta 0.003
U 72 | F 147456 | FPS 0029 | D 5172 | rR:mu sigma m M 0.00 0.00 0.00 0.00 | F:mu sigma m M 167.8 120.7 21.0 440.0 | H 1.097 | V -0.000 | pL 0.001 | vL 0.000 | delta 0.003
U 73 | F 149504 | FPS 0029 | D 5243 | rR:mu sigma m M 0.00 0.00 0.00 0.00 | F:mu sigma m M 203.6 206.6 27.0 900.0 | H 1.098 | V -0.000 | pL -0.000 | vL 0.000 | delta 0.001
U 74 | F 151552 | FPS 0030 | D 5311 | rR:mu sigma m M 0.00 0.00 0.00 0.00 | F:mu sigma m M 192.2 140.4 23.0 564.0 | H 1.098 | V 0.000 | pL -0.000 | vL 0.000 | delta 0.000
U 75 | F 153600 | FPS 0028 | D 5383 | rR:mu sigma m M 0.00 0.00 0.00 0.00 | F:mu sigma m M 121.7 159.6 11.0 726.0 | H 1.098 | V 0.000 | pL -0.000 | vL 0.000 | delta 0.001
U 76 | F 155648 | FPS 0026 | D 5461 | rR:mu sigma m M 0.00 0.00 0.00 0.00 | F:mu sigma m M 98.0 72.9 21.0 328.0 | H 1.098 | V 0.000 | pL 0.000 | vL 0.000 | delta 0.000
U 77 | F 157696 | FPS 0026 | D 5538 | rR:mu sigma m M 0.00 0.00 0.00 0.00 | F:mu sigma m M 189.1 141.6 37.0 586.0 | H 1.098 | V -0.000 | pL 0.000 | vL 0.000 | delta 0.001
U 78 | F 159744 | FPS 0027 | D 5615 | rR:mu sigma m M 0.00 0.00 0.00 0.00 | F:mu sigma m M 191.8 155.7 37.0 586.0 | H 1.098 | V -0.000 | pL -0.000 | vL 0.000 | delta 0.001
U 79 | F 161792 | FPS 0028 | D 5688 | rR:mu sigma m M 0.00 0.00 0.00 0.00 | F:mu sigma m M 162.3 187.0 10.0 702.0 | H 1.098 | V 0.000 | pL 0.000 | vL 0.000 | delta 0.000
U 80 | F 163840 | FPS 0030 | D 5756 | rR:mu sigma m M 0.05 0.20 0.00 0.82 | F:mu sigma m M 173.6 130.3 16.0 482.0 | H 1.096 | V 0.005 | pL -0.006 | vL 0.001 | delta 0.013
U 81 | F 165888 | FPS 0028 | D 5830 | rR:mu sigma m M 0.00 0.00 0.00 0.00 | F:mu sigma m M 111.2 94.0 16.0 338.0 | H 1.097 | V 0.002 | pL 0.001 | vL 0.000 | delta 0.004
U 82 | F 167936 | FPS 0030 | D 5898 | rR:mu sigma m M 0.00 0.00 0.00 0.00 | F:mu sigma m M 162.1 165.8 17.0 687.0 | H 1.098 | V 0.000 | pL 0.000 | vL 0.000 | delta 0.001
U 83 | F 169984 | FPS 0027 | D 5975 | rR:mu sigma m M 0.00 0.00 0.00 0.00 | F:mu sigma m M 204.8 175.2 8.0 687.0 | H 1.098 | V 0.000 | pL -0.000 | vL 0.000 | delta 0.000
U 84 | F 172032 | FPS 0028 | D 6048 | rR:mu sigma m M 0.00 0.00 0.00 0.00 | F:mu sigma m M 153.2 126.2 8.0 434.0 | H 1.098 | V -0.000 | pL 0.000 | vL 0.000 | delta 0.000
U 85 | F 174080 | FPS 0026 | D 6128 | rR:mu sigma m M 0.00 0.00 0.00 0.00 | F:mu sigma m M 196.5 143.5 29.0 530.0 | H 1.098 | V -0.000 | pL -0.000 | vL 0.000 | delta 0.000
U 86 | F 176128 | FPS 0030 | D 6196 | rR:mu sigma m M 0.00 0.00 0.00 0.00 | F:mu sigma m M 179.6 196.8 47.0 886.0 | H 1.095 | V 0.008 | pL 0.000 | vL 0.000 | delta 0.004
U 87 | F 178176 | FPS 0031 | D 6263 | rR:mu sigma m M 0.02 0.08 0.00 0.34 | F:mu sigma m M 227.9 220.3 61.0 886.0 | H 1.098 | V 0.005 | pL -0.001 | vL 0.000 | delta 0.003
U 88 | F 180224 | FPS 0029 | D 6333 | rR:mu sigma m M 0.02 0.08 0.00 0.34 | F:mu sigma m M 226.4 167.2 32.0 661.0 | H 1.098 | V 0.004 | pL 0.000 | vL 0.000 | delta 0.001
U 89 | F 182272 | FPS 0026 | D 6411 | rR:mu sigma m M 0.00 0.00 0.00 0.00 | F:mu sigma m M 186.1 103.9 40.0 348.0 | H 1.098 | V 0.003 | pL 0.001 | vL 0.000 | delta 0.001
U 90 | F 184320 | FPS 0026 | D 6491 | rR:mu sigma m M 0.00 0.00 0.00 0.00 | F:mu sigma m M 134.2 58.4 42.0 278.0 | H 1.099 | V 0.001 | pL 0.000 | vL 0.000 | delta 0.000
U 91 | F 186368 | FPS 0028 | D 6564 | rR:mu sigma m M 0.00 0.00 0.00 0.00 | F:mu sigma m M 122.8 94.2 27.0 381.0 | H 1.098 | V 0.003 | pL -0.000 | vL 0.000 | delta 0.001
U 92 | F 188416 | FPS 0026 | D 6643 | rR:mu sigma m M 0.00 0.00 0.00 0.00 | F:mu sigma m M 184.3 169.9 27.0 693.0 | H 1.098 | V 0.002 | pL 0.001 | vL 0.000 | delta 0.001
U 93 | F 190464 | FPS 0027 | D 6718 | rR:mu sigma m M 0.00 0.00 0.00 0.00 | F:mu sigma m M 140.2 103.2 37.0 346.0 | H 1.098 | V 0.003 | pL 0.000 | vL 0.000 | delta 0.000
U 94 | F 192512 | FPS 0026 | D 6798 | rR:mu sigma m M 0.00 0.00 0.00 0.00 | F:mu sigma m M 160.6 135.2 25.0 489.0 | H 1.098 | V 0.002 | pL 0.001 | vL 0.000 | delta 0.001
U 95 | F 194560 | FPS 0030 | D 6865 | rR:mu sigma m M 0.00 0.00 0.00 0.00 | F:mu sigma m M 161.9 114.0 25.0 417.0 | H 1.099 | V 0.002 | pL 0.000 | vL 0.000 | delta 0.000
U 96 | F 196608 | FPS 0030 | D 6934 | rR:mu sigma m M 0.00 0.00 0.00 0.00 | F:mu sigma m M 172.5 119.2 25.0 417.0 | H 1.098 | V 0.002 | pL 0.001 | vL 0.000 | delta 0.001
U 97 | F 198656 | FPS 0027 | D 7010 | rR:mu sigma m M 0.00 0.00 0.00 0.00 | F:mu sigma m M 236.0 162.3 14.0 579.0 | H 1.099 | V 0.001 | pL 0.000 | vL 0.000 | delta 0.000
U 98 | F 200704 | FPS 0027 | D 7084 | rR:mu sigma m M 0.00 0.00 0.00 0.00 | F:mu sigma m M 177.2 123.6 27.0 425.0 | H 1.099 | V 0.001 | pL 0.000 | vL 0.000 | delta 0.000
U 99 | F 202752 | FPS 0029 | D 7154 | rR:mu sigma m M 0.00 0.00 0.00 0.00 | F:mu sigma m M 188.8 134.9 26.0 547.0 | H 1.099 | V 0.001 | pL 0.000 | vL 0.000 | delta 0.000
U 100 | F 204800 | FPS 0026 | D 7233 | rR:mu sigma m M 0.00 0.00 0.00 0.00 | F:mu sigma m M 173.6 112.5 26.0 439.0 | H 1.099 | V 0.000 | pL 0.000 | vL 0.000 | delta 0.000
U 101 | F 206848 | FPS 0030 | D 7301 | rR:mu sigma m M 0.00 0.00 0.00 0.00 | F:mu sigma m M 160.1 107.5 17.0 384.0 | H 1.099 | V 0.000 | pL 0.000 | vL 0.000 | delta 0.000
U 102 | F 208896 | FPS 0028 | D 7375 | rR:mu sigma m M 0.00 0.00 0.00 0.00 | F:mu sigma m M 136.3 95.8 17.0 375.0 | H 1.099 | V 0.000 | pL 0.000 | vL 0.000 | delta 0.000
U 103 | F 210944 | FPS 0029 | D 7446 | rR:mu sigma m M 0.00 0.00 0.00 0.00 | F:mu sigma m M 237.4 192.8 21.0 596.0 | H 1.099 | V 0.000 | pL 0.000 | vL 0.000 | delta 0.000
U 104 | F 212992 | FPS 0026 | D 7525 | rR:mu sigma m M 0.00 0.00 0.00 0.00 | F:mu sigma m M 213.4 180.7 27.0 596.0 | H 1.099 | V 0.000 | pL 0.000 | vL 0.000 | delta 0.000
U 105 | F 215040 | FPS 0027 | D 7601 | rR:mu sigma m M 0.00 0.00 0.00 0.00 | F:mu sigma m M 203.0 156.8 33.0 570.0 | H 1.099 | V 0.000 | pL 0.000 | vL 0.000 | delta 0.000
U 106 | F 217088 | FPS 0031 | D 7668 | rR:mu sigma m M 0.00 0.00 0.00 0.00 | F:mu sigma m M 172.0 123.0 33.0 439.0 | H 1.099 | V 0.000 | pL 0.000 | vL 0.000 | delta 0.000
U 107 | F 219136 | FPS 0028 | D 7740 | rR:mu sigma m M 0.00 0.00 0.00 0.00 | F:mu sigma m M 169.3 145.7 26.0 511.0 | H 1.098 | V 0.000 | pL 0.000 | vL 0.000 | delta 0.000
U 108 | F 221184 | FPS 0025 | D 7823 | rR:mu sigma m M 0.00 0.00 0.00 0.00 | F:mu sigma m M 263.8 177.3 15.0 578.0 | H 1.098 | V 0.000 | pL 0.000 | vL 0.000 | delta 0.000
U 109 | F 223232 | FPS 0029 | D 7894 | rR:mu sigma m M 0.05 0.21 0.00 0.86 | F:mu sigma m M 127.1 88.3 15.0 353.0 | H 1.097 | V 0.003 | pL -0.004 | vL 0.001 | delta 0.007
U 110 | F 225280 | FPS 0025 | D 7977 | rR:mu sigma m M 0.00 0.00 0.00 0.00 | F:mu sigma m M 183.0 224.3 34.0 900.0 | H 1.098 | V -0.002 | pL -0.000 | vL 0.000 | delta 0.002
U 111 | F 227328 | FPS 0031 | D 8044 | rR:mu sigma m M 0.00 0.00 0.00 0.00 | F:mu sigma m M 212.4 171.9 21.0 536.0 | H 1.097 | V 0.001 | pL -0.000 | vL 0.000 | delta 0.005
U 112 | F 229376 | FPS 0029 | D 8114 | rR:mu sigma m M 0.00 0.00 0.00 0.00 | F:mu sigma m M 210.0 213.1 56.0 900.0 | H 1.094 | V 0.001 | pL -0.000 | vL 0.000 | delta 0.004
U 113 | F 231424 | FPS 0029 | D 8185 | rR:mu sigma m M 0.00 0.00 0.00 0.00 | F:mu sigma m M 166.9 107.5 65.0 505.0 | H 1.098 | V -0.001 | pL -0.001 | vL 0.000 | delta 0.001
U 114 | F 233472 | FPS 0028 | D 8260 | rR:mu sigma m M 0.00 0.00 0.00 0.00 | F:mu sigma m M 142.2 95.6 41.0 328.0 | H 1.097 | V 0.006 | pL 0.000 | vL 0.000 | delta 0.003
U 115 | F 235520 | FPS 0027 | D 8336 | rR:mu sigma m M 0.05 0.18 0.00 0.74 | F:mu sigma m M 134.8 136.9 24.0 596.0 | H 1.095 | V 0.011 | pL -0.005 | vL 0.001 | delta 0.012
U 116 | F 237568 | FPS 0032 | D 8400 | rR:mu sigma m M 0.00 0.00 0.00 0.00 | F:mu sigma m M 134.4 89.2 33.0 298.0 | H 1.098 | V 0.006 | pL 0.000 | vL 0.000 | delta 0.002
U 117 | F 239616 | FPS 0030 | D 8468 | rR:mu sigma m M 0.00 0.00 0.00 0.00 | F:mu sigma m M 162.3 166.1 17.0 581.0 | H 1.098 | V 0.005 | pL 0.001 | vL 0.000 | delta 0.002
U 118 | F 241664 | FPS 0026 | D 8547 | rR:mu sigma m M 0.00 0.00 0.00 0.00 | F:mu sigma m M 204.0 195.3 25.0 691.0 | H 1.098 | V 0.004 | pL 0.001 | vL 0.000 | delta 0.001
U 119 | F 243712 | FPS 0031 | D 8613 | rR:mu sigma m M 0.00 0.00 0.00 0.00 | F:mu sigma m M 189.7 159.3 20.0 517.0 | H 1.097 | V 0.004 | pL 0.001 | vL 0.000 | delta 0.002
U 120 | F 245760 | FPS 0030 | D 8682 | rR:mu sigma m M 0.00 0.00 0.00 0.00 | F:mu sigma m M 176.8 189.3 38.0 777.0 | H 1.097 | V 0.004 | pL 0.001 | vL 0.000 | delta 0.002
U 121 | F 247808 | FPS 0028 | D 8756 | rR:mu sigma m M 0.00 0.00 0.00 0.00 | F:mu sigma m M 164.7 123.8 34.0 437.0 | H 1.094 | V 0.009 | pL 0.001 | vL 0.000 | delta 0.005
U 122 | F 249856 | FPS 0025 | D 8839 | rR:mu sigma m M 0.00 0.00 0.00 0.00 | F:mu sigma m M 124.0 89.2 12.0 331.0 | H 1.098 | V 0.002 | pL 0.001 | vL 0.000 | delta 0.001
U 123 | F 251904 | FPS 0029 | D 8911 | rR:mu sigma m M 0.00 0.00 0.00 0.00 | F:mu sigma m M 135.1 71.8 27.0 259.0 | H 1.098 | V 0.001 | pL 0.000 | vL 0.000 | delta 0.000
U 124 | F 253952 | FPS 0030 | D 8980 | rR:mu sigma m M 0.00 0.00 0.00 0.00 | F:mu sigma m M 149.9 96.3 65.0 378.0 | H 1.099 | V 0.001 | pL 0.000 | vL 0.000 | delta 0.000
U 125 | F 256000 | FPS 0026 | D 9060 | rR:mu sigma m M 0.00 0.00 0.00 0.00 | F:mu sigma m M 180.8 105.0 43.0 378.0 | H 1.099 | V 0.001 | pL 0.000 | vL 0.000 | delta 0.000
U 126 | F 258048 | FPS 0029 | D 9132 | rR:mu sigma m M 0.00 0.00 0.00 0.00 | F:mu sigma m M 206.1 148.4 19.0 564.0 | H 1.099 | V 0.001 | pL 0.000 | vL 0.000 | delta 0.000
U 127 | F 260096 | FPS 0026 | D 9210 | rR:mu sigma m M 0.00 0.00 0.00 0.00 | F:mu sigma m M 161.8 125.3 19.0 390.0 | H 1.099 | V 0.001 | pL 0.000 | vL 0.000 | delta 0.000
U 128 | F 262144 | FPS 0030 | D 9279 | rR:mu sigma m M 0.00 0.00 0.00 0.00 | F:mu sigma m M 153.1 145.0 27.0 628.0 | H 1.098 | V 0.001 | pL -0.000 | vL 0.000 | delta 0.001
U 129 | F 264192 | FPS 0029 | D 9349 | rR:mu sigma m M 0.00 0.00 0.00 0.00 | F:mu sigma m M 268.1 240.1 27.0 801.0 | H 1.098 | V 0.002 | pL 0.001 | vL 0.000 | delta 0.001
U 130 | F 266240 | FPS 0031 | D 9415 | rR:mu sigma m M 0.00 0.00 0.00 0.00 | F:mu sigma m M 139.1 93.5 26.0 370.0 | H 1.099 | V 0.001 | pL 0.000 | vL 0.000 | delta 0.000
U 131 | F 268288 | FPS 0028 | D 9488 | rR:mu sigma m M 0.00 0.00 0.00 0.00 | F:mu sigma m M 127.5 92.5 10.0 364.0 | H 1.099 | V 0.001 | pL 0.000 | vL 0.000 | delta 0.000
U 132 | F 270336 | FPS 0030 | D 9557 | rR:mu sigma m M 0.00 0.00 0.00 0.00 | F:mu sigma m M 108.6 59.4 11.0 221.0 | H 1.099 | V 0.001 | pL 0.000 | vL 0.000 | delta 0.000
U 133 | F 272384 | FPS 0025 | D 9639 | rR:mu sigma m M 0.00 0.00 0.00 0.00 | F:mu sigma m M 146.9 76.2 61.0 343.0 | H 1.099 | V 0.001 | pL 0.000 | vL 0.000 | delta 0.000
U 134 | F 274432 | FPS 0028 | D 9712 | rR:mu sigma m M 0.00 0.00 0.00 0.00 | F:mu sigma m M 162.2 94.0 22.0 410.0 | H 1.099 | V 0.000 | pL 0.000 | vL 0.000 | delta 0.000
U 135 | F 276480 | FPS 0029 | D 9784 | rR:mu sigma m M 0.00 0.00 0.00 0.00 | F:mu sigma m M 154.7 128.6 39.0 472.0 | H 1.099 | V 0.000 | pL 0.000 | vL 0.000 | delta 0.000
U 136 | F 278528 | FPS 0029 | D 9854 | rR:mu sigma m M 0.05 0.18 0.00 0.76 | F:mu sigma m M 150.4 108.5 39.0 398.0 | H 1.097 | V 0.005 | pL -0.006 | vL 0.001 | delta 0.015
U 137 | F 280576 | FPS 0029 | D 9924 | rR:mu sigma m M 0.05 0.18 0.00 0.76 | F:mu sigma m M 159.9 162.2 25.0 709.0 | H 1.098 | V 0.005 | pL 0.001 | vL 0.000 | delta 0.004
U 138 | F 282624 | FPS 0032 | D 9988 | rR:mu sigma m M 0.00 0.00 0.00 0.00 | F:mu sigma m M 245.2 206.2 25.0 761.0 | H 1.096 | V 0.004 | pL 0.001 | vL 0.000 | delta 0.005
U 139 | F 284672 | FPS 0030 | D 10056 | rR:mu sigma m M 0.00 0.00 0.00 0.00 | F:mu sigma m M 153.2 97.5 44.0 429.0 | H 1.098 | V 0.003 | pL 0.000 | vL 0.000 | delta 0.002
U 140 | F 286720 | FPS 0025 | D 10139 | rR:mu sigma m M 0.00 0.00 0.00 0.00 | F:mu sigma m M 208.5 141.2 33.0 460.0 | H 1.098 | V 0.002 | pL 0.000 | vL 0.000 | delta 0.002
U 141 | F 288768 | FPS 0027 | D 10214 | rR:mu sigma m M 0.00 0.00 0.00 0.00 | F:mu sigma m M 192.8 142.6 30.0 470.0 | H 1.099 | V 0.002 | pL 0.001 | vL 0.000 | delta 0.001
U 142 | F 290816 | FPS 0025 | D 10295 | rR:mu sigma m M 0.00 0.00 0.00 0.00 | F:mu sigma m M 149.8 95.1 30.0 408.0 | H 1.099 | V 0.001 | pL 0.000 | vL 0.000 | delta 0.000
U 143 | F 292864 | FPS 0025 | D 10378 | rR:mu sigma m M 0.00 0.00 0.00 0.00 | F:mu sigma m M 185.8 136.6 34.0 588.0 | H 1.098 | V 0.002 | pL 0.001 | vL 0.000 | delta 0.002
U 144 | F 294912 | FPS 0030 | D 10446 | rR:mu sigma m M 0.00 0.00 0.00 0.00 | F:mu sigma m M 175.9 126.2 26.0 447.0 | H 1.098 | V 0.000 | pL 0.000 | vL 0.000 | delta 0.000
U 145 | F 296960 | FPS 0027 | D 10521 | rR:mu sigma m M 0.00 0.00 0.00 0.00 | F:mu sigma m M 152.6 106.8 49.0 387.0 | H 1.099 | V 0.000 | pL -0.000 | vL 0.000 | delta 0.000
U 146 | F 299008 | FPS 0028 | D 10594 | rR:mu sigma m M 0.00 0.00 0.00 0.00 | F:mu sigma m M 139.1 101.3 29.0 366.0 | H 1.099 | V 0.000 | pL 0.000 | vL 0.000 | delta 0.000
U 147 | F 301056 | FPS 0029 | D 10664 | rR:mu sigma m M 0.00 0.00 0.00 0.00 | F:mu sigma m M 155.3 95.0 29.0 329.0 | H 1.099 | V 0.000 | pL -0.000 | vL 0.000 | delta 0.000
U 148 | F 303104 | FPS 0028 | D 10738 | rR:mu sigma m M 0.05 0.21 0.00 0.86 | F:mu sigma m M 119.6 79.2 16.0 329.0 | H 1.097 | V 0.007 | pL -0.007 | vL 0.001 | delta 0.011
U 149 | F 305152 | FPS 0031 | D 10804 | rR:mu sigma m M 0.05 0.21 0.00 0.86 | F:mu sigma m M 214.3 201.7 24.0 707.0 | H 1.098 | V 0.001 | pL 0.000 | vL 0.000 | delta 0.002
U 150 | F 307200 | FPS 0029 | D 10875 | rR:mu sigma m M 0.00 0.00 0.00 0.00 | F:mu sigma m M 243.2 193.4 25.0 707.0 | H 1.098 | V 0.001 | pL 0.000 | vL 0.000 | delta 0.000
U 151 | F 309248 | FPS 0030 | D 10944 | rR:mu sigma m M 0.00 0.00 0.00 0.00 | F:mu sigma m M 152.2 112.4 17.0 414.0 | H 1.098 | V 0.001 | pL 0.000 | vL 0.000 | delta 0.002
U 152 | F 311296 | FPS 0030 | D 11013 | rR:mu sigma m M 0.04 0.15 0.00 0.60 | F:mu sigma m M 197.3 120.8 17.0 414.0 | H 1.096 | V 0.007 | pL -0.005 | vL 0.000 | delta 0.010
U 153 | F 313344 | FPS 0032 | D 11078 | rR:mu sigma m M 0.00 0.00 0.00 0.00 | F:mu sigma m M 211.2 200.4 32.0 659.0 | H 1.099 | V 0.001 | pL 0.000 | vL 0.000 | delta 0.001
U 154 | F 315392 | FPS 0031 | D 11144 | rR:mu sigma m M 0.00 0.00 0.00 0.00 | F:mu sigma m M 189.3 146.6 36.0 503.0 | H 1.098 | V 0.006 | pL -0.003 | vL 0.000 | delta 0.005
U 155 | F 317440 | FPS 0026 | D 11221 | rR:mu sigma m M 0.05 0.19 0.00 0.78 | F:mu sigma m M 166.9 90.8 41.0 375.0 | H 1.096 | V 0.007 | pL 0.000 | vL 0.000 | delta 0.015
U 156 | F 319488 | FPS 0028 | D 11294 | rR:mu sigma m M 0.00 0.00 0.00 0.00 | F:mu sigma m M 169.6 105.6 34.0 447.0 | H 1.091 | V 0.015 | pL -0.000 | vL 0.001 | delta 0.021
U 157 | F 321536 | FPS 0027 | D 11371 | rR:mu sigma m M 0.02 0.08 0.00 0.33 | F:mu sigma m M 203.6 160.8 21.0 670.0 | H 1.088 | V 0.015 | pL 0.001 | vL 0.000 | delta 0.009
U 158 | F 323584 | FPS 0039 | D 11423 | rR:mu sigma m M 0.02 0.08 0.00 0.33 | F:mu sigma m M 167.2 149.0 28.0 670.0 | H 1.095 | V 0.014 | pL 0.001 | vL 0.000 | delta 0.005
U 159 | F 325632 | FPS 0029 | D 11494 | rR:mu sigma m M 0.05 0.21 0.00 0.85 | F:mu sigma m M 173.1 169.0 23.0 736.0 | H 1.094 | V 0.017 | pL -0.001 | vL 0.001 | delta 0.009
U 160 | F 327680 | FPS 0027 | D 11571 | rR:mu sigma m M 0.00 0.00 0.00 0.00 | F:mu sigma m M 201.4 170.7 23.0 736.0 | H 1.095 | V 0.018 | pL 0.003 | vL 0.000 | delta 0.007
U 161 | F 329728 | FPS 0024 | D 11657 | rR:mu sigma m M 0.00 0.00 0.00 0.00 | F:mu sigma m M 227.8 115.1 37.0 515.0 | H 1.098 | V 0.013 | pL 0.004 | vL 0.000 | delta 0.002
U 162 | F 331776 | FPS 0030 | D 11725 | rR:mu sigma m M 0.00 0.00 0.00 0.00 | F:mu sigma m M 175.7 136.3 20.0 461.0 | H 1.096 | V 0.010 | pL 0.002 | vL 0.000 | delta 0.003
U 163 | F 333824 | FPS 0031 | D 11792 | rR:mu sigma m M 0.00 0.00 0.00 0.00 | F:mu sigma m M 240.1 188.5 20.0 607.0 | H 1.094 | V 0.011 | pL 0.001 | vL 0.000 | delta 0.002
U 164 | F 335872 | FPS 0029 | D 11863 | rR:mu sigma m M 0.04 0.17 0.00 0.70 | F:mu sigma m M 162.8 131.8 19.0 472.0 | H 1.095 | V 0.014 | pL -0.003 | vL 0.001 | delta 0.011
U 165 | F 337920 | FPS 0031 | D 11928 | rR:mu sigma m M 0.04 0.17 0.00 0.70 | F:mu sigma m M 182.1 108.0 53.0 390.0 | H 1.098 | V 0.003 | pL 0.001 | vL 0.000 | delta 0.002
U 166 | F 339968 | FPS 0031 | D 11995 | rR:mu sigma m M 0.00 0.00 0.00 0.00 | F:mu sigma m M 246.9 234.1 52.0 890.0 | H 1.098 | V 0.003 | pL 0.001 | vL 0.000 | delta 0.001
U 167 | F 342016 | FPS 0028 | D 12067 | rR:mu sigma m M 0.09 0.24 0.00 0.86 | F:mu sigma m M 271.4 220.3 58.0 890.0 | H 1.087 | V 0.010 | pL -0.012 | vL 0.002 | delta 0.021
U 168 | F 344064 | FPS 0028 | D 12140 | rR:mu sigma m M 0.16 0.29 0.00 0.86 | F:mu sigma m M 229.2 166.8 27.0 638.0 | H 1.092 | V 0.008 | pL -0.009 | vL 0.001 | delta 0.014
U 169 | F 346112 | FPS 0034 | D 12199 | rR:mu sigma m M 0.00 0.00 0.00 0.00 | F:mu sigma m M 182.1 127.8 7.0 513.0 | H 1.096 | V 0.006 | pL 0.000 | vL 0.000 | delta 0.011
U 170 | F 348160 | FPS 0030 | D 12267 | rR:mu sigma m M 0.06 0.22 0.00 0.90 | F:mu sigma m M 177.1 124.9 26.0 434.0 | H 1.089 | V 0.011 | pL -0.008 | vL 0.002 | delta 0.015
U 171 | F 350208 | FPS 0033 | D 12328 | rR:mu sigma m M 0.05 0.21 0.00 0.89 | F:mu sigma m M 107.6 61.7 26.0 259.0 | H 1.087 | V 0.021 | pL -0.009 | vL 0.002 | delta 0.016
U 172 | F 352256 | FPS 0034 | D 12388 | rR:mu sigma m M 0.05 0.20 0.00 0.81 | F:mu sigma m M 77.6 49.7 26.0 193.0 | H 1.090 | V 0.021 | pL -0.001 | vL 0.001 | delta 0.014
U 173 | F 354304 | FPS 0032 | D 12453 | rR:mu sigma m M 0.03 0.11 0.00 0.47 | F:mu sigma m M 156.6 122.0 38.0 525.0 | H 1.088 | V 0.031 | pL -0.004 | vL 0.002 | delta 0.020
U 174 | F 356352 | FPS 0033 | D 12515 | rR:mu sigma m M 0.05 0.21 0.00 0.93 | F:mu sigma m M 157.7 120.4 23.0 399.0 | H 1.088 | V 0.013 | pL -0.001 | vL 0.000 | delta 0.011
U 175 | F 358400 | FPS 0033 | D 12577 | rR:mu sigma m M 0.05 0.20 0.00 0.81 | F:mu sigma m M 168.1 135.0 27.0 540.0 | H 1.090 | V 0.014 | pL -0.004 | vL 0.000 | delta 0.012
U 176 | F 360448 | FPS 0032 | D 12640 | rR:mu sigma m M 0.00 0.00 0.00 0.00 | F:mu sigma m M 126.9 87.7 22.0 313.0 | H 1.089 | V 0.010 | pL 0.000 | vL 0.000 | delta 0.014
U 177 | F 362496 | FPS 0034 | D 12699 | rR:mu sigma m M 0.09 0.25 0.00 0.85 | F:mu sigma m M 163.0 123.7 20.0 375.0 | H 1.070 | V 0.035 | pL -0.010 | vL 0.002 | delta 0.020
U 178 | F 364544 | FPS 0039 | D 12751 | rR:mu sigma m M 0.11 0.29 0.00 0.89 | F:mu sigma m M 138.9 87.2 49.0 375.0 | H 1.043 | V 0.058 | pL -0.006 | vL 0.003 | delta 0.028
U 179 | F 366592 | FPS 0045 | D 12797 | rR:mu sigma m M 0.12 0.29 0.00 0.90 | F:mu sigma m M 135.5 112.0 21.0 463.0 | H 1.036 | V 0.063 | pL -0.013 | vL 0.004 | delta 0.043
U 180 | F 368640 | FPS 0042 | D 12846 | rR:mu sigma m M 0.33 0.43 0.00 0.95 | F:mu sigma m M 100.5 52.7 22.0 192.0 | H 0.963 | V 0.136 | pL -0.036 | vL 0.005 | delta 0.040
U 181 | F 370688 | FPS 0047 | D 12890 | rR:mu sigma m M 0.20 0.36 0.00 0.95 | F:mu sigma m M 77.9 61.6 20.0 261.0 | H 0.948 | V 0.130 | pL -0.026 | vL 0.007 | delta 0.047
U 182 | F 372736 | FPS 0047 | D 12933 | rR:mu sigma m M 0.53 0.44 0.00 0.95 | F:mu sigma m M 87.5 51.1 16.0 243.0 | H 0.839 | V 0.284 | pL -0.041 | vL 0.009 | delta 0.053
U 183 | F 374784 | FPS 0052 | D 12972 | rR:mu sigma m M 0.54 0.44 0.00 0.95 | F:mu sigma m M 91.7 49.3 19.0 235.0 | H 0.778 | V 0.374 | pL -0.035 | vL 0.019 | delta 0.103
U 184 | F 376832 | FPS 0051 | D 13012 | rR:mu sigma m M 0.78 0.33 0.00 0.96 | F:mu sigma m M 80.8 32.9 30.0 194.0 | H 0.703 | V 0.474 | pL -0.072 | vL 0.010 | delta 0.080
U 185 | F 378880 | FPS 0060 | D 13046 | rR:mu sigma m M 0.87 0.25 0.00 0.98 | F:mu sigma m M 56.5 26.6 23.0 134.0 | H 0.586 | V 0.603 | pL -0.079 | vL 0.012 | delta 0.106
U 186 | F 380928 | FPS 0065 | D 13077 | rR:mu sigma m M 0.91 0.20 0.00 0.98 | F:mu sigma m M 47.9 22.2 25.0 128.0 | H 0.500 | V 0.707 | pL -0.042 | vL 0.008 | delta 0.092
U 187 | F 382976 | FPS 0072 | D 13106 | rR:mu sigma m M 0.91 0.20 0.00 0.98 | F:mu sigma m M 45.5 23.5 25.0 160.0 | H 0.467 | V 0.735 | pL -0.015 | vL 0.008 | delta 0.100
U 188 | F 385024 | FPS 0077 | D 13132 | rR:mu sigma m M 0.95 0.13 0.00 0.98 | F:mu sigma m M 37.1 10.7 21.0 72.0 | H 0.373 | V 0.781 | pL -0.024 | vL 0.003 | delta 0.045
U 189 | F 387072 | FPS 0079 | D 13158 | rR:mu sigma m M 0.97 0.01 0.94 0.98 | F:mu sigma m M 33.1 7.2 25.0 60.0 | H 0.321 | V 0.808 | pL -0.026 | vL 0.001 | delta 0.033
agent reach optimality, start collecting trajectories
agent successfully collected 10 trajectories
pickling optimal trajectories
Model successfully saved
/home/rdali/.local/easybuild/software/2017/Core/miniconda3/4.3.27/envs/observe/lib/python3.6/site-packages/torch/nn/functional.py:1906: UserWarning: reduction: 'mean' divides the total loss by both the batch size and the support size.'batchmean' divides only by the batch size, and aligns with the KL div math definition.'mean' will be changed to behave the same as 'batchmean' in the next major release.
  warnings.warn("reduction: 'mean' divides the total loss by both the batch size and the support size."
