The following modules were not unloaded:
  (Use "module --force purge" to unload all):

  1) StdEnv/2018.3     4) gcccore/.7.3.0      7) intel/2018.3
  2) nixpkgs/16.09     5) icc/.2018.3.222     8) openmpi/3.1.2
  3) imkl/2018.3.222   6) ifort/.2018.3.222

Due to MODULEPATH changes, the following have been reloaded:
  1) openmpi/3.1.2

Attention: While Conda works well in a desktop environment, it tends to create more problems than it solves on a cluster. Instead, we recommend that users use virtual environments and the binary packages that we provide through Python wheels as documented on the Python page.
/home/rdali/RL/watch_and_learn/dependency/rl-starter-files/scripts/train_agent_multidem.py --env MiniGrid-LavaCrossingAddictO12S15-v0 --algo ppo --nameDemonstrator LavaCrossing1215Addict1,LavaCrossing1215Addict2,LavaCrossing1215Addict4,LavaCrossing1215Addict5,LavaCrossing1215Addict7,LavaCrossing1215Addict8,LavaCrossing1215Addict9,LavaCrossing1215Addict10 --flat-model 0 --KLweight 0.1 --useKL 1 --meanReward 0.80 --rewardLB 0.70 --seed 5436

Namespace(KLweight=0.1, algo='ppo', batch_size=256, clip_eps=0.2, discount=0.99, entropy_coef=0.01, env='MiniGrid-LavaCrossingAddictO12S15-v0', epochs=4, flat_model=0, frames=10000000, frames_per_proc=None, full_obs=0, gae_lambda=0.95, log_interval=1, lr=0.0007, max_grad_norm=0.5, meanReward=0.8, mem=False, model=None, nameDemonstrator='LavaCrossing1215Addict1,LavaCrossing1215Addict2,LavaCrossing1215Addict4,LavaCrossing1215Addict5,LavaCrossing1215Addict7,LavaCrossing1215Addict8,LavaCrossing1215Addict9,LavaCrossing1215Addict10', optim_alpha=0.99, optim_eps=1e-05, procs=16, recurrence=1, rewardLB=0.7, save_interval=0, seed=5436, tb=False, text=False, useKL=1, value_loss_coef=0.5)

Flat model successfully created

ACModel(
  (image_conv): Sequential(
    (0): Conv2d(3, 32, kernel_size=(2, 2), stride=(1, 1))
    (1): ReLU()
    (2): MaxPool2d(kernel_size=(2, 2), stride=(2, 2), padding=0, dilation=1, ceil_mode=False)
    (3): Conv2d(32, 64, kernel_size=(2, 2), stride=(1, 1))
    (4): ReLU()
    (5): Conv2d(64, 64, kernel_size=(2, 2), stride=(1, 1))
    (6): ReLU()
  )
  (actor): Sequential(
    (0): Linear(in_features=1600, out_features=64, bias=True)
    (1): Tanh()
    (2): Linear(in_features=64, out_features=3, bias=True)
  )
  (critic): Sequential(
    (0): Linear(in_features=1600, out_features=64, bias=True)
    (1): Tanh()
    (2): Linear(in_features=64, out_features=1, bias=True)
  )
)

CUDA available: False

1
True
0.1
Using TensorFlow backend.
OMP: Info #212: KMP_AFFINITY: decoding x2APIC ids.
OMP: Info #210: KMP_AFFINITY: Affinity capable, using global cpuid leaf 11 info
OMP: Info #154: KMP_AFFINITY: Initial OS proc set respected: 1,3,8,10,12
OMP: Info #156: KMP_AFFINITY: 5 available OS procs
OMP: Info #158: KMP_AFFINITY: Nonuniform topology
OMP: Info #179: KMP_AFFINITY: 2 packages x 3 cores/pkg x 1 threads/core (5 total cores)
OMP: Info #214: KMP_AFFINITY: OS proc to physical thread map:
OMP: Info #171: KMP_AFFINITY: OS proc 8 maps to package 0 core 2 
OMP: Info #171: KMP_AFFINITY: OS proc 12 maps to package 0 core 8 
OMP: Info #171: KMP_AFFINITY: OS proc 10 maps to package 0 core 12 
OMP: Info #171: KMP_AFFINITY: OS proc 1 maps to package 1 core 0 
OMP: Info #171: KMP_AFFINITY: OS proc 3 maps to package 1 core 4 
OMP: Info #250: KMP_AFFINITY: pid 143991 tid 143991 thread 0 bound to OS proc set 8
OMP: Info #250: KMP_AFFINITY: pid 143991 tid 144162 thread 2 bound to OS proc set 12
OMP: Info #250: KMP_AFFINITY: pid 143991 tid 144161 thread 1 bound to OS proc set 1
OMP: Info #250: KMP_AFFINITY: pid 143991 tid 144163 thread 3 bound to OS proc set 3
OMP: Info #250: KMP_AFFINITY: pid 143991 tid 144164 thread 4 bound to OS proc set 10
OMP: Info #250: KMP_AFFINITY: pid 143991 tid 144464 thread 5 bound to OS proc set 8
OMP: Info #250: KMP_AFFINITY: pid 143991 tid 144465 thread 6 bound to OS proc set 1
OMP: Info #250: KMP_AFFINITY: pid 143991 tid 144483 thread 7 bound to OS proc set 12
OMP: Info #250: KMP_AFFINITY: pid 143991 tid 144486 thread 10 bound to OS proc set 8
OMP: Info #250: KMP_AFFINITY: pid 143991 tid 144485 thread 9 bound to OS proc set 10
OMP: Info #250: KMP_AFFINITY: pid 143991 tid 144484 thread 8 bound to OS proc set 3
OMP: Info #250: KMP_AFFINITY: pid 143991 tid 144533 thread 11 bound to OS proc set 1
OMP: Info #250: KMP_AFFINITY: pid 143991 tid 144534 thread 12 bound to OS proc set 12
OMP: Info #250: KMP_AFFINITY: pid 143991 tid 144535 thread 13 bound to OS proc set 3
OMP: Info #250: KMP_AFFINITY: pid 143991 tid 144537 thread 15 bound to OS proc set 8
OMP: Info #250: KMP_AFFINITY: pid 143991 tid 144536 thread 14 bound to OS proc set 10
U 1 | F 002048 | FPS 0028 | D 73 | rR:mu sigma m M 0.06 0.22 0.00 0.89 | F:mu sigma m M 42.8 38.7 0.0 119.0 | H 1.078 | V -0.113 | pL -0.044 | vL 0.005 | delta 0.057
U 2 | F 004096 | FPS 0032 | D 138 | rR:mu sigma m M 0.06 0.22 0.00 0.89 | F:mu sigma m M 133.4 67.9 12.0 237.0 | H 1.087 | V -0.098 | pL -0.030 | vL 0.000 | delta 0.015
U 3 | F 006144 | FPS 0033 | D 200 | rR:mu sigma m M 0.00 0.00 0.00 0.00 | F:mu sigma m M 134.7 88.7 9.0 340.0 | H 1.090 | V -0.075 | pL -0.027 | vL 0.000 | delta 0.013
U 4 | F 008192 | FPS 0035 | D 259 | rR:mu sigma m M 0.00 0.00 0.00 0.00 | F:mu sigma m M 87.2 51.6 16.0 205.0 | H 1.092 | V -0.058 | pL -0.024 | vL 0.000 | delta 0.009
U 5 | F 010240 | FPS 0031 | D 325 | rR:mu sigma m M 0.00 0.00 0.00 0.00 | F:mu sigma m M 105.8 68.3 15.0 255.0 | H 1.098 | V -0.043 | pL -0.016 | vL 0.000 | delta 0.006
U 6 | F 012288 | FPS 0026 | D 403 | rR:mu sigma m M 0.00 0.00 0.00 0.00 | F:mu sigma m M 127.6 95.5 15.0 356.0 | H 1.098 | V -0.036 | pL -0.011 | vL 0.000 | delta 0.003
U 7 | F 014336 | FPS 0025 | D 486 | rR:mu sigma m M 0.00 0.00 0.00 0.00 | F:mu sigma m M 173.4 85.6 68.0 367.0 | H 1.098 | V -0.026 | pL -0.008 | vL 0.000 | delta 0.003
U 8 | F 016384 | FPS 0031 | D 553 | rR:mu sigma m M 0.00 0.00 0.00 0.00 | F:mu sigma m M 191.1 147.2 26.0 522.0 | H 1.097 | V -0.019 | pL -0.007 | vL 0.000 | delta 0.003
U 9 | F 018432 | FPS 0032 | D 616 | rR:mu sigma m M 0.00 0.00 0.00 0.00 | F:mu sigma m M 116.3 83.8 21.0 263.0 | H 1.097 | V -0.015 | pL -0.004 | vL 0.000 | delta 0.001
U 10 | F 020480 | FPS 0030 | D 685 | rR:mu sigma m M 0.00 0.00 0.00 0.00 | F:mu sigma m M 179.3 72.6 50.0 290.0 | H 1.098 | V -0.011 | pL -0.004 | vL 0.000 | delta 0.002
U 11 | F 022528 | FPS 0031 | D 752 | rR:mu sigma m M 0.00 0.00 0.00 0.00 | F:mu sigma m M 128.2 81.3 35.0 290.0 | H 1.098 | V -0.008 | pL -0.003 | vL 0.000 | delta 0.001
U 12 | F 024576 | FPS 0032 | D 816 | rR:mu sigma m M 0.05 0.18 0.00 0.76 | F:mu sigma m M 178.1 153.8 38.0 609.0 | H 1.088 | V -0.002 | pL -0.008 | vL 0.002 | delta 0.016
U 13 | F 026624 | FPS 0040 | D 868 | rR:mu sigma m M 0.00 0.00 0.00 0.00 | F:mu sigma m M 186.0 138.3 29.0 520.0 | H 1.098 | V -0.004 | pL -0.001 | vL 0.000 | delta 0.003
U 14 | F 028672 | FPS 0027 | D 945 | rR:mu sigma m M 0.00 0.00 0.00 0.00 | F:mu sigma m M 145.1 125.0 34.0 520.0 | H 1.098 | V -0.003 | pL -0.001 | vL 0.000 | delta 0.001
U 15 | F 030720 | FPS 0029 | D 1016 | rR:mu sigma m M 0.04 0.18 0.00 0.75 | F:mu sigma m M 124.2 101.4 11.0 313.0 | H 1.098 | V 0.004 | pL -0.006 | vL 0.001 | delta 0.015
U 16 | F 032768 | FPS 0026 | D 1095 | rR:mu sigma m M 0.00 0.00 0.00 0.00 | F:mu sigma m M 140.4 116.2 14.0 456.0 | H 1.098 | V 0.004 | pL 0.001 | vL 0.000 | delta 0.003
U 17 | F 034816 | FPS 0030 | D 1164 | rR:mu sigma m M 0.00 0.00 0.00 0.00 | F:mu sigma m M 124.6 106.6 14.0 456.0 | H 1.098 | V 0.004 | pL 0.000 | vL 0.000 | delta 0.001
U 18 | F 036864 | FPS 0030 | D 1231 | rR:mu sigma m M 0.00 0.00 0.00 0.00 | F:mu sigma m M 222.2 126.2 45.0 485.0 | H 1.098 | V 0.007 | pL 0.002 | vL 0.000 | delta 0.005
U 19 | F 038912 | FPS 0028 | D 1305 | rR:mu sigma m M 0.00 0.00 0.00 0.00 | F:mu sigma m M 121.8 69.9 45.0 291.0 | H 1.098 | V 0.005 | pL 0.000 | vL 0.000 | delta 0.001
U 20 | F 040960 | FPS 0029 | D 1376 | rR:mu sigma m M 0.00 0.00 0.00 0.00 | F:mu sigma m M 145.1 92.7 48.0 339.0 | H 1.099 | V 0.003 | pL 0.001 | vL 0.000 | delta 0.001
U 21 | F 043008 | FPS 0031 | D 1443 | rR:mu sigma m M 0.00 0.00 0.00 0.00 | F:mu sigma m M 150.2 121.3 19.0 378.0 | H 1.098 | V 0.002 | pL 0.001 | vL 0.000 | delta 0.001
U 22 | F 045056 | FPS 0026 | D 1521 | rR:mu sigma m M 0.00 0.00 0.00 0.00 | F:mu sigma m M 151.4 102.8 28.0 368.0 | H 1.099 | V 0.002 | pL 0.000 | vL 0.000 | delta 0.001
U 23 | F 047104 | FPS 0029 | D 1591 | rR:mu sigma m M 0.00 0.00 0.00 0.00 | F:mu sigma m M 168.3 123.4 18.0 486.0 | H 1.099 | V 0.001 | pL 0.000 | vL 0.000 | delta 0.000
U 24 | F 049152 | FPS 0032 | D 1656 | rR:mu sigma m M 0.00 0.00 0.00 0.00 | F:mu sigma m M 169.8 152.6 19.0 536.0 | H 1.099 | V 0.002 | pL 0.000 | vL 0.000 | delta 0.001
U 25 | F 051200 | FPS 0026 | D 1735 | rR:mu sigma m M 0.00 0.00 0.00 0.00 | F:mu sigma m M 194.9 145.6 51.0 536.0 | H 1.098 | V 0.003 | pL 0.001 | vL 0.000 | delta 0.002
U 26 | F 053248 | FPS 0031 | D 1801 | rR:mu sigma m M 0.00 0.00 0.00 0.00 | F:mu sigma m M 215.0 172.0 18.0 633.0 | H 1.099 | V 0.001 | pL 0.000 | vL 0.000 | delta 0.000
U 27 | F 055296 | FPS 0024 | D 1885 | rR:mu sigma m M 0.00 0.00 0.00 0.00 | F:mu sigma m M 268.9 211.1 42.0 776.0 | H 1.099 | V 0.001 | pL 0.000 | vL 0.000 | delta 0.000
U 28 | F 057344 | FPS 0028 | D 1957 | rR:mu sigma m M 0.00 0.00 0.00 0.00 | F:mu sigma m M 189.2 173.6 80.0 808.0 | H 1.099 | V 0.001 | pL 0.000 | vL 0.000 | delta 0.000
U 29 | F 059392 | FPS 0031 | D 2023 | rR:mu sigma m M 0.00 0.00 0.00 0.00 | F:mu sigma m M 173.2 190.9 32.0 808.0 | H 1.099 | V 0.001 | pL 0.000 | vL 0.000 | delta 0.000
U 30 | F 061440 | FPS 0027 | D 2099 | rR:mu sigma m M 0.00 0.00 0.00 0.00 | F:mu sigma m M 210.8 161.7 32.0 576.0 | H 1.099 | V 0.001 | pL 0.000 | vL 0.000 | delta 0.000
U 31 | F 063488 | FPS 0027 | D 2174 | rR:mu sigma m M 0.00 0.00 0.00 0.00 | F:mu sigma m M 216.6 162.1 34.0 576.0 | H 1.099 | V 0.000 | pL -0.000 | vL 0.000 | delta 0.000
U 32 | F 065536 | FPS 0028 | D 2248 | rR:mu sigma m M 0.00 0.00 0.00 0.00 | F:mu sigma m M 181.4 160.5 22.0 706.0 | H 1.099 | V 0.000 | pL 0.000 | vL 0.000 | delta 0.000
U 33 | F 067584 | FPS 0029 | D 2320 | rR:mu sigma m M 0.00 0.00 0.00 0.00 | F:mu sigma m M 212.5 201.3 33.0 706.0 | H 1.099 | V 0.000 | pL 0.000 | vL 0.000 | delta 0.000
U 34 | F 069632 | FPS 0026 | D 2399 | rR:mu sigma m M 0.00 0.00 0.00 0.00 | F:mu sigma m M 172.0 160.3 33.0 666.0 | H 1.099 | V 0.000 | pL 0.000 | vL 0.000 | delta 0.000
U 35 | F 071680 | FPS 0030 | D 2467 | rR:mu sigma m M 0.00 0.00 0.00 0.00 | F:mu sigma m M 215.3 165.9 21.0 666.0 | H 1.099 | V 0.001 | pL 0.000 | vL 0.000 | delta 0.001
U 36 | F 073728 | FPS 0027 | D 2542 | rR:mu sigma m M 0.04 0.14 0.00 0.58 | F:mu sigma m M 181.8 147.2 21.0 474.0 | H 1.089 | V 0.006 | pL -0.005 | vL 0.001 | delta 0.010
U 37 | F 075776 | FPS 0034 | D 2603 | rR:mu sigma m M 0.00 0.00 0.00 0.00 | F:mu sigma m M 162.1 111.9 25.0 360.0 | H 1.098 | V 0.003 | pL -0.000 | vL 0.000 | delta 0.003
U 38 | F 077824 | FPS 0030 | D 2670 | rR:mu sigma m M 0.04 0.17 0.00 0.68 | F:mu sigma m M 175.1 150.5 25.0 629.0 | H 1.090 | V 0.011 | pL -0.005 | vL 0.001 | delta 0.011
U 39 | F 079872 | FPS 0030 | D 2738 | rR:mu sigma m M 0.00 0.00 0.00 0.00 | F:mu sigma m M 98.7 96.5 24.0 384.0 | H 1.098 | V 0.006 | pL 0.001 | vL 0.000 | delta 0.002
U 40 | F 081920 | FPS 0028 | D 2812 | rR:mu sigma m M 0.00 0.00 0.00 0.00 | F:mu sigma m M 155.0 139.0 27.0 543.0 | H 1.099 | V 0.003 | pL 0.001 | vL 0.000 | delta 0.001
U 41 | F 083968 | FPS 0030 | D 2879 | rR:mu sigma m M 0.00 0.00 0.00 0.00 | F:mu sigma m M 182.5 135.8 27.0 445.0 | H 1.099 | V 0.002 | pL 0.000 | vL 0.000 | delta 0.000
U 42 | F 086016 | FPS 0026 | D 2958 | rR:mu sigma m M 0.00 0.00 0.00 0.00 | F:mu sigma m M 181.2 187.6 13.0 774.0 | H 1.099 | V 0.002 | pL 0.000 | vL 0.000 | delta 0.000
U 43 | F 088064 | FPS 0025 | D 3039 | rR:mu sigma m M 0.05 0.17 0.00 0.72 | F:mu sigma m M 201.5 203.2 11.0 774.0 | H 1.091 | V 0.008 | pL -0.006 | vL 0.001 | delta 0.049
U 44 | F 090112 | FPS 0030 | D 3107 | rR:mu sigma m M 0.05 0.17 0.00 0.72 | F:mu sigma m M 179.5 177.7 11.0 587.0 | H 1.098 | V -0.009 | pL -0.004 | vL 0.000 | delta 0.010
U 45 | F 092160 | FPS 0030 | D 3176 | rR:mu sigma m M 0.02 0.07 0.00 0.29 | F:mu sigma m M 245.0 226.8 15.0 750.0 | H 1.098 | V -0.001 | pL -0.003 | vL 0.000 | delta 0.002
U 46 | F 094208 | FPS 0029 | D 3247 | rR:mu sigma m M 0.02 0.07 0.00 0.29 | F:mu sigma m M 168.4 165.3 15.0 707.0 | H 1.098 | V -0.005 | pL -0.001 | vL 0.000 | delta 0.001
U 47 | F 096256 | FPS 0028 | D 3321 | rR:mu sigma m M 0.00 0.00 0.00 0.00 | F:mu sigma m M 180.4 125.5 31.0 565.0 | H 1.099 | V -0.004 | pL -0.001 | vL 0.000 | delta 0.001
U 48 | F 098304 | FPS 0029 | D 3391 | rR:mu sigma m M 0.00 0.00 0.00 0.00 | F:mu sigma m M 162.6 151.1 31.0 565.0 | H 1.099 | V -0.003 | pL -0.001 | vL 0.000 | delta 0.001
U 49 | F 100352 | FPS 0030 | D 3458 | rR:mu sigma m M 0.04 0.16 0.00 0.66 | F:mu sigma m M 186.6 130.4 31.0 477.0 | H 1.097 | V 0.005 | pL -0.006 | vL 0.000 | delta 0.021
U 50 | F 102400 | FPS 0029 | D 3529 | rR:mu sigma m M 0.04 0.16 0.00 0.66 | F:mu sigma m M 222.4 212.9 16.0 674.0 | H 1.096 | V 0.001 | pL -0.003 | vL 0.000 | delta 0.005
U 51 | F 104448 | FPS 0030 | D 3597 | rR:mu sigma m M 0.00 0.00 0.00 0.00 | F:mu sigma m M 162.2 155.9 17.0 674.0 | H 1.098 | V 0.008 | pL 0.004 | vL 0.000 | delta 0.006
U 52 | F 106496 | FPS 0028 | D 3671 | rR:mu sigma m M 0.00 0.00 0.00 0.00 | F:mu sigma m M 170.5 110.5 19.0 485.0 | H 1.096 | V 0.009 | pL 0.002 | vL 0.000 | delta 0.005
U 53 | F 108544 | FPS 0026 | D 3749 | rR:mu sigma m M 0.00 0.00 0.00 0.00 | F:mu sigma m M 217.9 152.1 37.0 618.0 | H 1.098 | V 0.005 | pL 0.002 | vL 0.000 | delta 0.002
U 54 | F 110592 | FPS 0029 | D 3820 | rR:mu sigma m M 0.00 0.00 0.00 0.00 | F:mu sigma m M 133.3 102.4 20.0 435.0 | H 1.099 | V 0.003 | pL 0.001 | vL 0.000 | delta 0.001
U 55 | F 112640 | FPS 0026 | D 3900 | rR:mu sigma m M 0.00 0.00 0.00 0.00 | F:mu sigma m M 135.5 98.8 35.0 435.0 | H 1.099 | V 0.003 | pL 0.001 | vL 0.000 | delta 0.001
U 56 | F 114688 | FPS 0027 | D 3975 | rR:mu sigma m M 0.00 0.00 0.00 0.00 | F:mu sigma m M 215.6 170.0 37.0 726.0 | H 1.098 | V 0.003 | pL 0.001 | vL 0.000 | delta 0.001
U 57 | F 116736 | FPS 0029 | D 4046 | rR:mu sigma m M 0.00 0.00 0.00 0.00 | F:mu sigma m M 187.4 180.2 37.0 726.0 | H 1.099 | V 0.002 | pL 0.000 | vL 0.000 | delta 0.001
U 58 | F 118784 | FPS 0026 | D 4125 | rR:mu sigma m M 0.00 0.00 0.00 0.00 | F:mu sigma m M 160.5 98.5 49.0 377.0 | H 1.099 | V 0.002 | pL 0.000 | vL 0.000 | delta 0.001
U 59 | F 120832 | FPS 0028 | D 4198 | rR:mu sigma m M 0.00 0.00 0.00 0.00 | F:mu sigma m M 185.9 109.8 49.0 363.0 | H 1.098 | V 0.003 | pL 0.001 | vL 0.000 | delta 0.001
U 60 | F 122880 | FPS 0026 | D 4275 | rR:mu sigma m M 0.00 0.00 0.00 0.00 | F:mu sigma m M 214.7 109.1 80.0 450.0 | H 1.098 | V 0.002 | pL 0.000 | vL 0.000 | delta 0.000
U 61 | F 124928 | FPS 0028 | D 4349 | rR:mu sigma m M 0.00 0.00 0.00 0.00 | F:mu sigma m M 191.1 134.7 29.0 484.0 | H 1.098 | V 0.002 | pL 0.000 | vL 0.000 | delta 0.001
U 62 | F 126976 | FPS 0029 | D 4419 | rR:mu sigma m M 0.00 0.00 0.00 0.00 | F:mu sigma m M 156.5 105.5 46.0 445.0 | H 1.098 | V 0.002 | pL 0.000 | vL 0.000 | delta 0.001
U 63 | F 129024 | FPS 0027 | D 4494 | rR:mu sigma m M 0.05 0.18 0.00 0.74 | F:mu sigma m M 261.1 241.9 34.0 703.0 | H 1.095 | V 0.006 | pL -0.005 | vL 0.001 | delta 0.010
U 64 | F 131072 | FPS 0026 | D 4572 | rR:mu sigma m M 0.00 0.00 0.00 0.00 | F:mu sigma m M 109.3 87.7 16.0 342.0 | H 1.098 | V 0.001 | pL 0.000 | vL 0.000 | delta 0.003
U 65 | F 133120 | FPS 0029 | D 4644 | rR:mu sigma m M 0.00 0.00 0.00 0.00 | F:mu sigma m M 159.8 103.3 20.0 376.0 | H 1.099 | V 0.000 | pL -0.000 | vL 0.000 | delta 0.001
U 66 | F 135168 | FPS 0027 | D 4721 | rR:mu sigma m M 0.00 0.00 0.00 0.00 | F:mu sigma m M 149.0 96.2 42.0 376.0 | H 1.099 | V 0.000 | pL 0.000 | vL 0.000 | delta 0.001
U 67 | F 137216 | FPS 0025 | D 4804 | rR:mu sigma m M 0.00 0.00 0.00 0.00 | F:mu sigma m M 158.6 94.6 28.0 361.0 | H 1.098 | V 0.000 | pL 0.000 | vL 0.000 | delta 0.001
U 68 | F 139264 | FPS 0026 | D 4884 | rR:mu sigma m M 0.00 0.00 0.00 0.00 | F:mu sigma m M 145.7 127.4 16.0 477.0 | H 1.099 | V 0.001 | pL 0.000 | vL 0.000 | delta 0.000
U 69 | F 141312 | FPS 0028 | D 4958 | rR:mu sigma m M 0.00 0.00 0.00 0.00 | F:mu sigma m M 111.8 68.8 26.0 294.0 | H 1.097 | V 0.000 | pL 0.000 | vL 0.000 | delta 0.003
U 70 | F 143360 | FPS 0028 | D 5031 | rR:mu sigma m M 0.00 0.00 0.00 0.00 | F:mu sigma m M 204.6 151.3 45.0 625.0 | H 1.099 | V 0.000 | pL -0.000 | vL 0.000 | delta 0.001
U 71 | F 145408 | FPS 0024 | D 5116 | rR:mu sigma m M 0.00 0.00 0.00 0.00 | F:mu sigma m M 183.4 188.4 40.0 832.0 | H 1.099 | V 0.000 | pL 0.000 | vL 0.000 | delta 0.000
U 72 | F 147456 | FPS 0026 | D 5194 | rR:mu sigma m M 0.00 0.00 0.00 0.00 | F:mu sigma m M 192.3 211.1 51.0 832.0 | H 1.099 | V 0.000 | pL -0.000 | vL 0.000 | delta 0.000
U 73 | F 149504 | FPS 0026 | D 5274 | rR:mu sigma m M 0.00 0.00 0.00 0.00 | F:mu sigma m M 156.9 95.9 47.0 371.0 | H 1.098 | V 0.001 | pL 0.000 | vL 0.000 | delta 0.001
U 74 | F 151552 | FPS 0028 | D 5346 | rR:mu sigma m M 0.00 0.00 0.00 0.00 | F:mu sigma m M 162.7 121.6 33.0 516.0 | H 1.099 | V 0.001 | pL 0.000 | vL 0.000 | delta 0.000
U 75 | F 153600 | FPS 0025 | D 5429 | rR:mu sigma m M 0.00 0.00 0.00 0.00 | F:mu sigma m M 129.3 58.8 36.0 245.0 | H 1.098 | V 0.001 | pL 0.000 | vL 0.000 | delta 0.001
U 76 | F 155648 | FPS 0027 | D 5505 | rR:mu sigma m M 0.00 0.00 0.00 0.00 | F:mu sigma m M 166.6 94.0 53.0 418.0 | H 1.099 | V 0.001 | pL 0.000 | vL 0.000 | delta 0.001
U 77 | F 157696 | FPS 0029 | D 5575 | rR:mu sigma m M 0.00 0.00 0.00 0.00 | F:mu sigma m M 187.2 125.5 50.0 418.0 | H 1.098 | V 0.001 | pL 0.000 | vL 0.000 | delta 0.001
U 78 | F 159744 | FPS 0032 | D 5639 | rR:mu sigma m M 0.00 0.00 0.00 0.00 | F:mu sigma m M 187.6 188.5 19.0 713.0 | H 1.099 | V 0.001 | pL 0.000 | vL 0.000 | delta 0.000
U 79 | F 161792 | FPS 0025 | D 5722 | rR:mu sigma m M 0.00 0.00 0.00 0.00 | F:mu sigma m M 188.8 199.5 19.0 797.0 | H 1.099 | V 0.001 | pL 0.000 | vL 0.000 | delta 0.000
U 80 | F 163840 | FPS 0028 | D 5796 | rR:mu sigma m M 0.00 0.00 0.00 0.00 | F:mu sigma m M 201.6 182.0 25.0 797.0 | H 1.099 | V 0.000 | pL 0.000 | vL 0.000 | delta 0.000
U 81 | F 165888 | FPS 0031 | D 5863 | rR:mu sigma m M 0.00 0.00 0.00 0.00 | F:mu sigma m M 137.3 107.8 23.0 409.0 | H 1.099 | V 0.000 | pL 0.000 | vL 0.000 | delta 0.000
U 82 | F 167936 | FPS 0024 | D 5947 | rR:mu sigma m M 0.00 0.00 0.00 0.00 | F:mu sigma m M 131.9 113.1 23.0 446.0 | H 1.099 | V 0.000 | pL 0.000 | vL 0.000 | delta 0.000
U 83 | F 169984 | FPS 0031 | D 6014 | rR:mu sigma m M 0.00 0.00 0.00 0.00 | F:mu sigma m M 146.1 124.5 13.0 503.0 | H 1.099 | V 0.000 | pL 0.000 | vL 0.000 | delta 0.000
U 84 | F 172032 | FPS 0025 | D 6095 | rR:mu sigma m M 0.05 0.18 0.00 0.74 | F:mu sigma m M 157.9 140.5 21.0 532.0 | H 1.096 | V 0.005 | pL -0.006 | vL 0.001 | delta 0.010
U 85 | F 174080 | FPS 0029 | D 6165 | rR:mu sigma m M 0.04 0.17 0.00 0.73 | F:mu sigma m M 125.8 104.0 11.0 377.0 | H 1.096 | V 0.009 | pL -0.006 | vL 0.000 | delta 0.022
U 86 | F 176128 | FPS 0030 | D 6233 | rR:mu sigma m M 0.00 0.00 0.00 0.00 | F:mu sigma m M 198.4 218.3 23.0 834.0 | H 1.098 | V -0.005 | pL -0.000 | vL 0.000 | delta 0.004
U 87 | F 178176 | FPS 0027 | D 6309 | rR:mu sigma m M 0.00 0.00 0.00 0.00 | F:mu sigma m M 165.1 185.0 17.0 834.0 | H 1.098 | V -0.005 | pL -0.002 | vL 0.000 | delta 0.001
U 88 | F 180224 | FPS 0030 | D 6376 | rR:mu sigma m M 0.04 0.17 0.00 0.70 | F:mu sigma m M 135.3 98.7 31.0 339.0 | H 1.094 | V 0.004 | pL -0.006 | vL 0.000 | delta 0.008
U 89 | F 182272 | FPS 0030 | D 6445 | rR:mu sigma m M 0.00 0.00 0.00 0.00 | F:mu sigma m M 145.1 131.8 19.0 469.0 | H 1.097 | V 0.013 | pL -0.001 | vL 0.000 | delta 0.006
U 90 | F 184320 | FPS 0029 | D 6516 | rR:mu sigma m M 0.02 0.07 0.00 0.31 | F:mu sigma m M 192.7 210.7 18.0 693.0 | H 1.097 | V 0.012 | pL 0.001 | vL 0.000 | delta 0.005
U 91 | F 186368 | FPS 0027 | D 6592 | rR:mu sigma m M 0.00 0.00 0.00 0.00 | F:mu sigma m M 113.4 83.7 18.0 285.0 | H 1.098 | V 0.003 | pL 0.001 | vL 0.000 | delta 0.004
U 92 | F 188416 | FPS 0026 | D 6670 | rR:mu sigma m M 0.00 0.00 0.00 0.00 | F:mu sigma m M 142.5 131.9 15.0 429.0 | H 1.098 | V 0.002 | pL 0.000 | vL 0.000 | delta 0.002
U 93 | F 190464 | FPS 0028 | D 6742 | rR:mu sigma m M 0.00 0.00 0.00 0.00 | F:mu sigma m M 140.0 106.2 43.0 429.0 | H 1.098 | V 0.006 | pL 0.000 | vL 0.000 | delta 0.003
U 94 | F 192512 | FPS 0026 | D 6820 | rR:mu sigma m M 0.00 0.00 0.00 0.00 | F:mu sigma m M 163.4 108.8 22.0 430.0 | H 1.098 | V 0.005 | pL 0.001 | vL 0.000 | delta 0.002
U 95 | F 194560 | FPS 0029 | D 6892 | rR:mu sigma m M 0.00 0.00 0.00 0.00 | F:mu sigma m M 158.1 128.8 22.0 440.0 | H 1.099 | V 0.005 | pL 0.001 | vL 0.000 | delta 0.001
U 96 | F 196608 | FPS 0023 | D 6979 | rR:mu sigma m M 0.00 0.00 0.00 0.00 | F:mu sigma m M 238.8 163.3 22.0 531.0 | H 1.098 | V 0.006 | pL 0.001 | vL 0.000 | delta 0.002
U 97 | F 198656 | FPS 0026 | D 7058 | rR:mu sigma m M 0.00 0.00 0.00 0.00 | F:mu sigma m M 158.5 127.3 22.0 400.0 | H 1.098 | V 0.004 | pL 0.001 | vL 0.000 | delta 0.003
U 98 | F 200704 | FPS 0028 | D 7133 | rR:mu sigma m M 0.00 0.00 0.00 0.00 | F:mu sigma m M 225.8 242.1 29.0 770.0 | H 1.099 | V 0.001 | pL 0.000 | vL 0.000 | delta 0.001
U 99 | F 202752 | FPS 0027 | D 7209 | rR:mu sigma m M 0.00 0.00 0.00 0.00 | F:mu sigma m M 262.1 238.7 29.0 770.0 | H 1.099 | V -0.001 | pL -0.000 | vL 0.000 | delta 0.001
U 100 | F 204800 | FPS 0030 | D 7278 | rR:mu sigma m M 0.00 0.00 0.00 0.00 | F:mu sigma m M 171.3 115.5 42.0 420.0 | H 1.099 | V 0.000 | pL -0.000 | vL 0.000 | delta 0.001
U 101 | F 206848 | FPS 0030 | D 7346 | rR:mu sigma m M 0.04 0.16 0.00 0.66 | F:mu sigma m M 235.1 160.8 32.0 544.0 | H 1.097 | V 0.006 | pL -0.005 | vL 0.001 | delta 0.007
U 102 | F 208896 | FPS 0027 | D 7422 | rR:mu sigma m M 0.04 0.16 0.00 0.66 | F:mu sigma m M 319.8 205.5 32.0 651.0 | H 1.098 | V 0.002 | pL 0.000 | vL 0.000 | delta 0.002
U 103 | F 210944 | FPS 0027 | D 7497 | rR:mu sigma m M 0.00 0.00 0.00 0.00 | F:mu sigma m M 181.6 146.4 26.0 565.0 | H 1.099 | V 0.001 | pL -0.000 | vL 0.000 | delta 0.001
U 104 | F 212992 | FPS 0025 | D 7578 | rR:mu sigma m M 0.00 0.00 0.00 0.00 | F:mu sigma m M 168.7 105.9 26.0 437.0 | H 1.099 | V 0.001 | pL -0.000 | vL 0.000 | delta 0.001
U 105 | F 215040 | FPS 0025 | D 7659 | rR:mu sigma m M 0.00 0.00 0.00 0.00 | F:mu sigma m M 167.3 131.8 22.0 471.0 | H 1.099 | V 0.000 | pL 0.000 | vL 0.000 | delta 0.000
U 106 | F 217088 | FPS 0028 | D 7732 | rR:mu sigma m M 0.00 0.00 0.00 0.00 | F:mu sigma m M 152.6 84.6 43.0 388.0 | H 1.099 | V 0.000 | pL -0.000 | vL 0.000 | delta 0.000
U 107 | F 219136 | FPS 0029 | D 7804 | rR:mu sigma m M 0.00 0.00 0.00 0.00 | F:mu sigma m M 186.2 182.1 43.0 681.0 | H 1.098 | V 0.002 | pL 0.000 | vL 0.000 | delta 0.001
U 108 | F 221184 | FPS 0031 | D 7869 | rR:mu sigma m M 0.05 0.20 0.00 0.83 | F:mu sigma m M 180.2 139.4 47.0 577.0 | H 1.096 | V 0.007 | pL -0.007 | vL 0.001 | delta 0.014
U 109 | F 223232 | FPS 0030 | D 7938 | rR:mu sigma m M 0.05 0.20 0.00 0.83 | F:mu sigma m M 179.6 125.7 25.0 423.0 | H 1.098 | V 0.003 | pL 0.000 | vL 0.000 | delta 0.002
U 110 | F 225280 | FPS 0030 | D 8006 | rR:mu sigma m M 0.00 0.00 0.00 0.00 | F:mu sigma m M 216.2 180.6 25.0 645.0 | H 1.099 | V 0.003 | pL 0.001 | vL 0.000 | delta 0.003
U 111 | F 227328 | FPS 0029 | D 8076 | rR:mu sigma m M 0.00 0.00 0.00 0.00 | F:mu sigma m M 197.2 190.8 28.0 645.0 | H 1.099 | V 0.003 | pL 0.000 | vL 0.000 | delta 0.001
U 112 | F 229376 | FPS 0030 | D 8145 | rR:mu sigma m M 0.00 0.00 0.00 0.00 | F:mu sigma m M 169.7 104.5 41.0 372.0 | H 1.098 | V 0.008 | pL -0.002 | vL 0.000 | delta 0.003
U 113 | F 231424 | FPS 0027 | D 8220 | rR:mu sigma m M 0.04 0.16 0.00 0.65 | F:mu sigma m M 175.4 141.2 41.0 545.0 | H 1.095 | V 0.009 | pL -0.003 | vL 0.001 | delta 0.017
U 114 | F 233472 | FPS 0025 | D 8302 | rR:mu sigma m M 0.00 0.00 0.00 0.00 | F:mu sigma m M 182.1 160.2 16.0 545.0 | H 1.096 | V 0.002 | pL 0.000 | vL 0.000 | delta 0.004
U 115 | F 235520 | FPS 0033 | D 8365 | rR:mu sigma m M 0.00 0.00 0.00 0.00 | F:mu sigma m M 190.1 201.0 16.0 655.0 | H 1.098 | V 0.005 | pL -0.000 | vL 0.000 | delta 0.003
U 116 | F 237568 | FPS 0023 | D 8453 | rR:mu sigma m M 0.00 0.00 0.00 0.00 | F:mu sigma m M 261.3 202.7 24.0 655.0 | H 1.098 | V 0.004 | pL 0.001 | vL 0.000 | delta 0.002
U 117 | F 239616 | FPS 0027 | D 8528 | rR:mu sigma m M 0.00 0.00 0.00 0.00 | F:mu sigma m M 134.6 102.2 35.0 436.0 | H 1.097 | V 0.005 | pL 0.000 | vL 0.000 | delta 0.003
U 118 | F 241664 | FPS 0033 | D 8589 | rR:mu sigma m M 0.04 0.16 0.00 0.65 | F:mu sigma m M 205.8 158.1 35.0 569.0 | H 1.098 | V 0.007 | pL -0.004 | vL 0.000 | delta 0.005
U 119 | F 243712 | FPS 0029 | D 8659 | rR:mu sigma m M 0.00 0.00 0.00 0.00 | F:mu sigma m M 172.9 137.2 49.0 569.0 | H 1.097 | V 0.003 | pL -0.001 | vL 0.000 | delta 0.002
U 120 | F 245760 | FPS 0034 | D 8719 | rR:mu sigma m M 0.04 0.18 0.00 0.79 | F:mu sigma m M 120.0 94.4 8.0 324.0 | H 1.096 | V 0.015 | pL -0.004 | vL 0.001 | delta 0.009
U 121 | F 247808 | FPS 0027 | D 8794 | rR:mu sigma m M 0.05 0.19 0.00 0.79 | F:mu sigma m M 166.7 207.4 18.0 900.0 | H 1.095 | V 0.010 | pL 0.003 | vL 0.000 | delta 0.004
U 122 | F 249856 | FPS 0032 | D 8859 | rR:mu sigma m M 0.00 0.00 0.00 0.00 | F:mu sigma m M 219.5 223.1 20.0 900.0 | H 1.098 | V 0.009 | pL 0.002 | vL 0.000 | delta 0.002
U 123 | F 251904 | FPS 0030 | D 8926 | rR:mu sigma m M 0.00 0.00 0.00 0.00 | F:mu sigma m M 206.8 136.0 23.0 512.0 | H 1.098 | V 0.008 | pL 0.002 | vL 0.000 | delta 0.001
U 124 | F 253952 | FPS 0029 | D 8996 | rR:mu sigma m M 0.00 0.00 0.00 0.00 | F:mu sigma m M 140.3 85.5 29.0 261.0 | H 1.098 | V 0.006 | pL 0.002 | vL 0.000 | delta 0.002
U 125 | F 256000 | FPS 0031 | D 9062 | rR:mu sigma m M 0.00 0.00 0.00 0.00 | F:mu sigma m M 183.7 149.0 29.0 582.0 | H 1.099 | V 0.005 | pL 0.001 | vL 0.000 | delta 0.001
U 126 | F 258048 | FPS 0024 | D 9146 | rR:mu sigma m M 0.00 0.00 0.00 0.00 | F:mu sigma m M 159.9 114.8 31.0 498.0 | H 1.098 | V 0.006 | pL 0.002 | vL 0.000 | delta 0.001
U 127 | F 260096 | FPS 0028 | D 9221 | rR:mu sigma m M 0.00 0.00 0.00 0.00 | F:mu sigma m M 148.7 127.9 15.0 472.0 | H 1.098 | V 0.004 | pL 0.001 | vL 0.000 | delta 0.001
U 128 | F 262144 | FPS 0028 | D 9295 | rR:mu sigma m M 0.00 0.00 0.00 0.00 | F:mu sigma m M 143.6 98.2 14.0 358.0 | H 1.098 | V 0.003 | pL 0.001 | vL 0.000 | delta 0.000
U 129 | F 264192 | FPS 0026 | D 9373 | rR:mu sigma m M 0.00 0.00 0.00 0.00 | F:mu sigma m M 136.2 91.1 24.0 348.0 | H 1.099 | V 0.002 | pL 0.001 | vL 0.000 | delta 0.001
U 130 | F 266240 | FPS 0028 | D 9446 | rR:mu sigma m M 0.00 0.00 0.00 0.00 | F:mu sigma m M 140.9 162.1 22.0 651.0 | H 1.099 | V 0.002 | pL 0.000 | vL 0.000 | delta 0.000
U 131 | F 268288 | FPS 0027 | D 9523 | rR:mu sigma m M 0.00 0.00 0.00 0.00 | F:mu sigma m M 148.2 148.8 15.0 651.0 | H 1.097 | V 0.007 | pL -0.002 | vL 0.000 | delta 0.002
U 132 | F 270336 | FPS 0029 | D 9593 | rR:mu sigma m M 0.00 0.00 0.00 0.00 | F:mu sigma m M 151.3 98.2 22.0 374.0 | H 1.098 | V 0.004 | pL 0.002 | vL 0.000 | delta 0.002
U 133 | F 272384 | FPS 0028 | D 9667 | rR:mu sigma m M 0.00 0.00 0.00 0.00 | F:mu sigma m M 171.2 168.6 11.0 704.0 | H 1.099 | V 0.002 | pL 0.001 | vL 0.000 | delta 0.001
U 134 | F 274432 | FPS 0029 | D 9738 | rR:mu sigma m M 0.00 0.00 0.00 0.00 | F:mu sigma m M 146.7 112.2 33.0 440.0 | H 1.099 | V 0.001 | pL 0.000 | vL 0.000 | delta 0.000
U 135 | F 276480 | FPS 0027 | D 9815 | rR:mu sigma m M 0.00 0.00 0.00 0.00 | F:mu sigma m M 160.4 143.4 28.0 581.0 | H 1.098 | V 0.002 | pL 0.000 | vL 0.000 | delta 0.001
U 136 | F 278528 | FPS 0029 | D 9885 | rR:mu sigma m M 0.00 0.00 0.00 0.00 | F:mu sigma m M 149.2 137.1 22.0 581.0 | H 1.099 | V 0.001 | pL 0.000 | vL 0.000 | delta 0.000
U 137 | F 280576 | FPS 0032 | D 9949 | rR:mu sigma m M 0.00 0.00 0.00 0.00 | F:mu sigma m M 248.1 230.5 22.0 900.0 | H 1.099 | V 0.000 | pL 0.000 | vL 0.000 | delta 0.000
U 138 | F 282624 | FPS 0028 | D 10023 | rR:mu sigma m M 0.00 0.00 0.00 0.00 | F:mu sigma m M 174.1 141.4 22.0 551.0 | H 1.099 | V 0.000 | pL 0.000 | vL 0.000 | delta 0.000
U 139 | F 284672 | FPS 0031 | D 10090 | rR:mu sigma m M 0.00 0.00 0.00 0.00 | F:mu sigma m M 179.8 123.1 45.0 546.0 | H 1.099 | V 0.000 | pL 0.000 | vL 0.000 | delta 0.000
U 140 | F 286720 | FPS 0029 | D 10160 | rR:mu sigma m M 0.00 0.00 0.00 0.00 | F:mu sigma m M 228.0 200.9 47.0 833.0 | H 1.099 | V 0.001 | pL -0.000 | vL 0.000 | delta 0.000
U 141 | F 288768 | FPS 0024 | D 10244 | rR:mu sigma m M 0.05 0.20 0.00 0.84 | F:mu sigma m M 262.2 211.5 47.0 833.0 | H 1.098 | V 0.006 | pL -0.005 | vL 0.001 | delta 0.021
U 142 | F 290816 | FPS 0028 | D 10316 | rR:mu sigma m M 0.00 0.00 0.00 0.00 | F:mu sigma m M 215.8 173.7 18.0 595.0 | H 1.095 | V 0.008 | pL 0.001 | vL 0.000 | delta 0.003
U 143 | F 292864 | FPS 0031 | D 10382 | rR:mu sigma m M 0.00 0.00 0.00 0.00 | F:mu sigma m M 144.8 117.7 26.0 523.0 | H 1.098 | V 0.003 | pL 0.001 | vL 0.000 | delta 0.002
U 144 | F 294912 | FPS 0027 | D 10458 | rR:mu sigma m M 0.00 0.00 0.00 0.00 | F:mu sigma m M 137.2 81.8 26.0 331.0 | H 1.099 | V 0.001 | pL 0.000 | vL 0.000 | delta 0.000
U 145 | F 296960 | FPS 0025 | D 10539 | rR:mu sigma m M 0.00 0.00 0.00 0.00 | F:mu sigma m M 181.3 121.0 29.0 530.0 | H 1.099 | V 0.001 | pL 0.000 | vL 0.000 | delta 0.000
U 146 | F 299008 | FPS 0028 | D 10612 | rR:mu sigma m M 0.00 0.00 0.00 0.00 | F:mu sigma m M 149.6 96.2 38.0 335.0 | H 1.099 | V 0.001 | pL 0.000 | vL 0.000 | delta 0.000
U 147 | F 301056 | FPS 0026 | D 10691 | rR:mu sigma m M 0.00 0.00 0.00 0.00 | F:mu sigma m M 211.8 119.7 68.0 473.0 | H 1.099 | V 0.001 | pL 0.000 | vL 0.000 | delta 0.000
U 148 | F 303104 | FPS 0029 | D 10760 | rR:mu sigma m M 0.00 0.00 0.00 0.00 | F:mu sigma m M 193.9 133.3 13.0 494.0 | H 1.099 | V 0.001 | pL 0.000 | vL 0.000 | delta 0.000
U 149 | F 305152 | FPS 0027 | D 10835 | rR:mu sigma m M 0.04 0.17 0.00 0.70 | F:mu sigma m M 206.4 124.2 13.0 494.0 | H 1.097 | V 0.007 | pL -0.005 | vL 0.001 | delta 0.012
U 150 | F 307200 | FPS 0030 | D 10903 | rR:mu sigma m M 0.05 0.20 0.00 0.82 | F:mu sigma m M 195.6 160.6 54.0 636.0 | H 1.097 | V 0.011 | pL -0.006 | vL 0.002 | delta 0.019
U 151 | F 309248 | FPS 0028 | D 10977 | rR:mu sigma m M 0.00 0.00 0.00 0.00 | F:mu sigma m M 175.1 166.1 17.0 636.0 | H 1.098 | V 0.003 | pL 0.001 | vL 0.000 | delta 0.004
U 152 | F 311296 | FPS 0027 | D 11053 | rR:mu sigma m M 0.00 0.00 0.00 0.00 | F:mu sigma m M 107.7 89.1 16.0 336.0 | H 1.098 | V 0.000 | pL 0.000 | vL 0.000 | delta 0.001
U 153 | F 313344 | FPS 0028 | D 11125 | rR:mu sigma m M 0.00 0.00 0.00 0.00 | F:mu sigma m M 159.6 143.1 12.0 555.0 | H 1.098 | V 0.000 | pL -0.000 | vL 0.000 | delta 0.001
U 154 | F 315392 | FPS 0028 | D 11198 | rR:mu sigma m M 0.00 0.00 0.00 0.00 | F:mu sigma m M 137.5 117.6 19.0 541.0 | H 1.098 | V -0.000 | pL -0.000 | vL 0.000 | delta 0.001
U 155 | F 317440 | FPS 0029 | D 11267 | rR:mu sigma m M 0.00 0.00 0.00 0.00 | F:mu sigma m M 113.1 71.7 19.0 262.0 | H 1.098 | V 0.002 | pL 0.002 | vL 0.000 | delta 0.006
U 156 | F 319488 | FPS 0032 | D 11331 | rR:mu sigma m M 0.00 0.00 0.00 0.00 | F:mu sigma m M 171.4 174.6 28.0 715.0 | H 1.099 | V 0.002 | pL 0.000 | vL 0.000 | delta 0.000
U 157 | F 321536 | FPS 0027 | D 11408 | rR:mu sigma m M 0.00 0.00 0.00 0.00 | F:mu sigma m M 172.4 168.5 18.0 667.0 | H 1.099 | V 0.002 | pL 0.000 | vL 0.000 | delta 0.000
U 158 | F 323584 | FPS 0031 | D 11475 | rR:mu sigma m M 0.00 0.00 0.00 0.00 | F:mu sigma m M 176.7 165.5 25.0 610.0 | H 1.098 | V 0.003 | pL 0.001 | vL 0.000 | delta 0.001
U 159 | F 325632 | FPS 0030 | D 11544 | rR:mu sigma m M 0.00 0.00 0.00 0.00 | F:mu sigma m M 101.1 84.4 22.0 369.0 | H 1.099 | V 0.002 | pL 0.000 | vL 0.000 | delta 0.000
U 160 | F 327680 | FPS 0029 | D 11614 | rR:mu sigma m M 0.00 0.00 0.00 0.00 | F:mu sigma m M 208.5 134.0 46.0 498.0 | H 1.099 | V 0.001 | pL 0.000 | vL 0.000 | delta 0.000
U 161 | F 329728 | FPS 0029 | D 11686 | rR:mu sigma m M 0.00 0.00 0.00 0.00 | F:mu sigma m M 180.1 134.7 15.0 498.0 | H 1.099 | V 0.002 | pL 0.000 | vL 0.000 | delta 0.000
U 162 | F 331776 | FPS 0029 | D 11757 | rR:mu sigma m M 0.00 0.00 0.00 0.00 | F:mu sigma m M 192.1 107.7 15.0 402.0 | H 1.098 | V 0.002 | pL 0.001 | vL 0.000 | delta 0.001
U 163 | F 333824 | FPS 0030 | D 11825 | rR:mu sigma m M 0.00 0.00 0.00 0.00 | F:mu sigma m M 211.1 134.9 20.0 416.0 | H 1.099 | V 0.001 | pL 0.000 | vL 0.000 | delta 0.000
U 164 | F 335872 | FPS 0027 | D 11899 | rR:mu sigma m M 0.00 0.00 0.00 0.00 | F:mu sigma m M 221.0 152.0 20.0 534.0 | H 1.098 | V 0.002 | pL -0.000 | vL 0.000 | delta 0.001
U 165 | F 337920 | FPS 0026 | D 11978 | rR:mu sigma m M 0.05 0.19 0.00 0.77 | F:mu sigma m M 171.8 127.4 29.0 441.0 | H 1.098 | V 0.001 | pL 0.000 | vL 0.000 | delta 0.003
U 166 | F 339968 | FPS 0032 | D 12042 | rR:mu sigma m M 0.00 0.00 0.00 0.00 | F:mu sigma m M 159.6 116.8 32.0 440.0 | H 1.099 | V 0.001 | pL 0.000 | vL 0.000 | delta 0.000
U 167 | F 342016 | FPS 0028 | D 12115 | rR:mu sigma m M 0.00 0.00 0.00 0.00 | F:mu sigma m M 194.8 148.4 57.0 618.0 | H 1.099 | V 0.002 | pL 0.000 | vL 0.000 | delta 0.000
U 168 | F 344064 | FPS 0028 | D 12189 | rR:mu sigma m M 0.04 0.14 0.00 0.58 | F:mu sigma m M 163.2 128.6 38.0 427.0 | H 1.098 | V 0.006 | pL -0.004 | vL 0.000 | delta 0.012
U 169 | F 346112 | FPS 0026 | D 12268 | rR:mu sigma m M 0.04 0.14 0.00 0.58 | F:mu sigma m M 198.2 152.9 38.0 470.0 | H 1.099 | V -0.004 | pL -0.001 | vL 0.000 | delta 0.001
U 170 | F 348160 | FPS 0025 | D 12350 | rR:mu sigma m M 0.00 0.00 0.00 0.00 | F:mu sigma m M 135.2 101.0 19.0 376.0 | H 1.099 | V -0.003 | pL -0.001 | vL 0.000 | delta 0.000
U 171 | F 350208 | FPS 0031 | D 12415 | rR:mu sigma m M 0.01 0.05 0.00 0.21 | F:mu sigma m M 212.2 205.4 19.0 790.0 | H 1.098 | V 0.001 | pL -0.002 | vL 0.000 | delta 0.002
U 172 | F 352256 | FPS 0028 | D 12487 | rR:mu sigma m M 0.00 0.00 0.00 0.00 | F:mu sigma m M 174.4 167.7 12.0 685.0 | H 1.099 | V -0.001 | pL -0.000 | vL 0.000 | delta 0.001
U 173 | F 354304 | FPS 0028 | D 12560 | rR:mu sigma m M 0.00 0.00 0.00 0.00 | F:mu sigma m M 165.9 168.9 12.0 685.0 | H 1.099 | V -0.000 | pL -0.000 | vL 0.000 | delta 0.000
U 174 | F 356352 | FPS 0026 | D 12639 | rR:mu sigma m M 0.00 0.00 0.00 0.00 | F:mu sigma m M 247.3 275.1 33.0 900.0 | H 1.099 | V -0.000 | pL -0.000 | vL 0.000 | delta 0.000
U 175 | F 358400 | FPS 0025 | D 12720 | rR:mu sigma m M 0.00 0.00 0.00 0.00 | F:mu sigma m M 173.7 154.6 28.0 603.0 | H 1.099 | V 0.000 | pL -0.000 | vL 0.000 | delta 0.000
U 176 | F 360448 | FPS 0033 | D 12783 | rR:mu sigma m M 0.00 0.00 0.00 0.00 | F:mu sigma m M 158.9 112.4 13.0 426.0 | H 1.099 | V -0.000 | pL -0.000 | vL 0.000 | delta 0.000
U 177 | F 362496 | FPS 0029 | D 12853 | rR:mu sigma m M 0.05 0.20 0.00 0.82 | F:mu sigma m M 147.2 114.9 31.0 409.0 | H 1.092 | V 0.007 | pL -0.007 | vL 0.001 | delta 0.019
U 178 | F 364544 | FPS 0032 | D 12917 | rR:mu sigma m M 0.00 0.00 0.00 0.00 | F:mu sigma m M 167.6 170.6 11.0 752.0 | H 1.096 | V 0.006 | pL -0.000 | vL 0.000 | delta 0.007
U 179 | F 366592 | FPS 0029 | D 12989 | rR:mu sigma m M 0.00 0.00 0.00 0.00 | F:mu sigma m M 127.4 63.4 28.0 250.0 | H 1.097 | V 0.008 | pL -0.000 | vL 0.000 | delta 0.005
U 180 | F 368640 | FPS 0026 | D 13069 | rR:mu sigma m M 0.00 0.00 0.00 0.00 | F:mu sigma m M 134.9 90.6 24.0 347.0 | H 1.096 | V 0.007 | pL 0.002 | vL 0.000 | delta 0.003
U 181 | F 370688 | FPS 0029 | D 13140 | rR:mu sigma m M 0.00 0.00 0.00 0.00 | F:mu sigma m M 203.4 122.4 33.0 409.0 | H 1.098 | V 0.007 | pL 0.001 | vL 0.000 | delta 0.002
U 182 | F 372736 | FPS 0027 | D 13215 | rR:mu sigma m M 0.00 0.00 0.00 0.00 | F:mu sigma m M 238.0 157.0 20.0 593.0 | H 1.098 | V 0.007 | pL 0.002 | vL 0.000 | delta 0.001
U 183 | F 374784 | FPS 0028 | D 13288 | rR:mu sigma m M 0.00 0.00 0.00 0.00 | F:mu sigma m M 166.1 120.2 20.0 517.0 | H 1.098 | V 0.005 | pL 0.000 | vL 0.000 | delta 0.001
U 184 | F 376832 | FPS 0031 | D 13355 | rR:mu sigma m M 0.00 0.00 0.00 0.00 | F:mu sigma m M 159.6 147.0 13.0 534.0 | H 1.098 | V 0.003 | pL 0.001 | vL 0.000 | delta 0.001
U 185 | F 378880 | FPS 0028 | D 13427 | rR:mu sigma m M 0.00 0.00 0.00 0.00 | F:mu sigma m M 139.0 107.2 13.0 433.0 | H 1.098 | V 0.003 | pL 0.001 | vL 0.000 | delta 0.000
U 186 | F 380928 | FPS 0029 | D 13497 | rR:mu sigma m M 0.05 0.21 0.00 0.85 | F:mu sigma m M 176.0 101.6 32.0 426.0 | H 1.097 | V 0.007 | pL -0.007 | vL 0.001 | delta 0.012
U 187 | F 382976 | FPS 0025 | D 13580 | rR:mu sigma m M 0.05 0.21 0.00 0.85 | F:mu sigma m M 155.6 110.9 18.0 408.0 | H 1.098 | V 0.004 | pL 0.001 | vL 0.000 | delta 0.001
U 188 | F 385024 | FPS 0031 | D 13646 | rR:mu sigma m M 0.00 0.00 0.00 0.00 | F:mu sigma m M 201.8 174.3 40.0 745.0 | H 1.097 | V 0.009 | pL -0.003 | vL 0.000 | delta 0.008
U 189 | F 387072 | FPS 0031 | D 13711 | rR:mu sigma m M 0.05 0.20 0.00 0.82 | F:mu sigma m M 154.5 84.3 21.0 290.0 | H 1.095 | V 0.004 | pL -0.003 | vL 0.001 | delta 0.009
U 190 | F 389120 | FPS 0029 | D 13783 | rR:mu sigma m M 0.00 0.00 0.00 0.00 | F:mu sigma m M 130.4 76.7 40.0 254.0 | H 1.098 | V 0.000 | pL -0.000 | vL 0.000 | delta 0.001
U 191 | F 391168 | FPS 0025 | D 13864 | rR:mu sigma m M 0.00 0.00 0.00 0.00 | F:mu sigma m M 164.1 141.7 45.0 662.0 | H 1.098 | V -0.000 | pL -0.000 | vL 0.000 | delta 0.000
U 192 | F 393216 | FPS 0030 | D 13932 | rR:mu sigma m M 0.00 0.00 0.00 0.00 | F:mu sigma m M 153.5 149.7 20.0 662.0 | H 1.097 | V 0.003 | pL -0.002 | vL 0.000 | delta 0.004
U 193 | F 395264 | FPS 0031 | D 13998 | rR:mu sigma m M 0.05 0.18 0.00 0.74 | F:mu sigma m M 176.4 161.4 25.0 703.0 | H 1.089 | V 0.027 | pL -0.008 | vL 0.002 | delta 0.020
U 194 | F 397312 | FPS 0026 | D 14076 | rR:mu sigma m M 0.00 0.00 0.00 0.00 | F:mu sigma m M 154.6 143.4 25.0 446.0 | H 1.085 | V 0.036 | pL 0.010 | vL 0.000 | delta 0.013
U 195 | F 399360 | FPS 0027 | D 14153 | rR:mu sigma m M 0.06 0.22 0.00 0.90 | F:mu sigma m M 166.6 141.3 29.0 446.0 | H 1.082 | V 0.028 | pL -0.004 | vL 0.002 | delta 0.017
U 196 | F 401408 | FPS 0029 | D 14224 | rR:mu sigma m M 0.05 0.19 0.00 0.81 | F:mu sigma m M 145.0 94.4 20.0 339.0 | H 1.087 | V 0.012 | pL 0.000 | vL 0.000 | delta 0.011
U 197 | F 403456 | FPS 0027 | D 14301 | rR:mu sigma m M 0.00 0.00 0.00 0.00 | F:mu sigma m M 101.4 73.5 43.0 312.0 | H 1.086 | V 0.012 | pL 0.001 | vL 0.000 | delta 0.004
U 198 | F 405504 | FPS 0028 | D 14373 | rR:mu sigma m M 0.00 0.00 0.00 0.00 | F:mu sigma m M 133.2 86.4 44.0 335.0 | H 1.093 | V 0.009 | pL 0.002 | vL 0.000 | delta 0.003
U 199 | F 407552 | FPS 0029 | D 14444 | rR:mu sigma m M 0.00 0.00 0.00 0.00 | F:mu sigma m M 273.0 248.5 32.0 900.0 | H 1.098 | V 0.003 | pL 0.001 | vL 0.000 | delta 0.001
U 200 | F 409600 | FPS 0030 | D 14512 | rR:mu sigma m M 0.05 0.19 0.00 0.77 | F:mu sigma m M 185.1 152.5 27.0 552.0 | H 1.094 | V 0.011 | pL -0.006 | vL 0.001 | delta 0.009
U 201 | F 411648 | FPS 0025 | D 14594 | rR:mu sigma m M 0.09 0.25 0.00 0.77 | F:mu sigma m M 162.4 67.3 25.0 275.0 | H 1.095 | V 0.013 | pL -0.003 | vL 0.001 | delta 0.012
U 202 | F 413696 | FPS 0028 | D 14668 | rR:mu sigma m M 0.00 0.00 0.00 0.00 | F:mu sigma m M 119.3 59.1 34.0 244.0 | H 1.098 | V 0.007 | pL 0.001 | vL 0.000 | delta 0.002
U 203 | F 415744 | FPS 0030 | D 14737 | rR:mu sigma m M 0.00 0.00 0.00 0.00 | F:mu sigma m M 147.3 100.9 39.0 426.0 | H 1.096 | V 0.007 | pL 0.002 | vL 0.000 | delta 0.002
U 204 | F 417792 | FPS 0027 | D 14813 | rR:mu sigma m M 0.00 0.00 0.00 0.00 | F:mu sigma m M 198.7 170.3 28.0 737.0 | H 1.095 | V 0.008 | pL 0.003 | vL 0.000 | delta 0.004
U 205 | F 419840 | FPS 0031 | D 14879 | rR:mu sigma m M 0.00 0.00 0.00 0.00 | F:mu sigma m M 137.9 92.7 17.0 345.0 | H 1.098 | V 0.004 | pL 0.001 | vL 0.000 | delta 0.001
U 206 | F 421888 | FPS 0029 | D 14949 | rR:mu sigma m M 0.00 0.00 0.00 0.00 | F:mu sigma m M 148.0 130.5 17.0 464.0 | H 1.098 | V 0.005 | pL 0.001 | vL 0.000 | delta 0.001
U 207 | F 423936 | FPS 0028 | D 15023 | rR:mu sigma m M 0.00 0.00 0.00 0.00 | F:mu sigma m M 249.2 181.3 42.0 666.0 | H 1.098 | V 0.004 | pL 0.001 | vL 0.000 | delta 0.000
U 208 | F 425984 | FPS 0028 | D 15096 | rR:mu sigma m M 0.05 0.21 0.00 0.86 | F:mu sigma m M 193.1 139.5 50.0 515.0 | H 1.094 | V 0.016 | pL -0.005 | vL 0.001 | delta 0.009
U 209 | F 428032 | FPS 0030 | D 15164 | rR:mu sigma m M 0.00 0.00 0.00 0.00 | F:mu sigma m M 156.8 142.7 14.0 518.0 | H 1.098 | V 0.001 | pL 0.000 | vL 0.000 | delta 0.001
U 210 | F 430080 | FPS 0027 | D 15239 | rR:mu sigma m M 0.00 0.00 0.00 0.00 | F:mu sigma m M 128.3 95.2 14.0 320.0 | H 1.098 | V 0.003 | pL 0.000 | vL 0.000 | delta 0.003
U 211 | F 432128 | FPS 0031 | D 15305 | rR:mu sigma m M 0.00 0.00 0.00 0.00 | F:mu sigma m M 179.8 170.7 35.0 660.0 | H 1.098 | V 0.001 | pL -0.000 | vL 0.000 | delta 0.001
U 212 | F 434176 | FPS 0029 | D 15376 | rR:mu sigma m M 0.00 0.00 0.00 0.00 | F:mu sigma m M 161.2 131.0 9.0 421.0 | H 1.097 | V 0.004 | pL 0.001 | vL 0.000 | delta 0.003
U 213 | F 436224 | FPS 0029 | D 15447 | rR:mu sigma m M 0.00 0.00 0.00 0.00 | F:mu sigma m M 171.1 204.4 9.0 819.0 | H 1.098 | V 0.002 | pL 0.001 | vL 0.000 | delta 0.001
U 214 | F 438272 | FPS 0028 | D 15521 | rR:mu sigma m M 0.00 0.00 0.00 0.00 | F:mu sigma m M 222.7 210.7 31.0 819.0 | H 1.098 | V 0.002 | pL 0.000 | vL 0.000 | delta 0.001
U 215 | F 440320 | FPS 0028 | D 15593 | rR:mu sigma m M 0.00 0.00 0.00 0.00 | F:mu sigma m M 162.5 106.1 46.0 419.0 | H 1.098 | V 0.002 | pL 0.000 | vL 0.000 | delta 0.000
U 216 | F 442368 | FPS 0028 | D 15668 | rR:mu sigma m M 0.00 0.00 0.00 0.00 | F:mu sigma m M 244.9 207.2 56.0 712.0 | H 1.098 | V 0.001 | pL 0.001 | vL 0.000 | delta 0.001
U 217 | F 444416 | FPS 0029 | D 15739 | rR:mu sigma m M 0.00 0.00 0.00 0.00 | F:mu sigma m M 126.1 93.1 13.0 404.0 | H 1.098 | V 0.002 | pL 0.000 | vL 0.000 | delta 0.002
U 218 | F 446464 | FPS 0034 | D 15800 | rR:mu sigma m M 0.06 0.22 0.00 0.90 | F:mu sigma m M 138.8 90.5 14.0 380.0 | H 1.096 | V 0.008 | pL -0.004 | vL 0.001 | delta 0.011
U 219 | F 448512 | FPS 0028 | D 15874 | rR:mu sigma m M 0.00 0.00 0.00 0.00 | F:mu sigma m M 168.8 129.3 14.0 413.0 | H 1.097 | V 0.001 | pL -0.002 | vL 0.000 | delta 0.002
U 220 | F 450560 | FPS 0028 | D 15949 | rR:mu sigma m M 0.05 0.18 0.00 0.74 | F:mu sigma m M 137.4 106.2 15.0 380.0 | H 1.094 | V 0.006 | pL -0.006 | vL 0.001 | delta 0.011
U 221 | F 452608 | FPS 0030 | D 16017 | rR:mu sigma m M 0.10 0.27 0.00 0.86 | F:mu sigma m M 188.8 149.0 15.0 477.0 | H 1.091 | V 0.011 | pL -0.008 | vL 0.001 | delta 0.013
U 222 | F 454656 | FPS 0031 | D 16083 | rR:mu sigma m M 0.00 0.00 0.00 0.00 | F:mu sigma m M 160.2 141.3 25.0 466.0 | H 1.095 | V -0.003 | pL -0.000 | vL 0.000 | delta 0.006
U 223 | F 456704 | FPS 0028 | D 16155 | rR:mu sigma m M 0.02 0.08 0.00 0.33 | F:mu sigma m M 168.4 157.5 25.0 674.0 | H 1.091 | V -0.000 | pL -0.002 | vL 0.000 | delta 0.005
U 224 | F 458752 | FPS 0028 | D 16229 | rR:mu sigma m M 0.05 0.21 0.00 0.87 | F:mu sigma m M 217.0 150.3 58.0 689.0 | H 1.089 | V 0.008 | pL -0.008 | vL 0.001 | delta 0.011
U 225 | F 460800 | FPS 0033 | D 16291 | rR:mu sigma m M 0.05 0.21 0.00 0.87 | F:mu sigma m M 234.8 153.1 54.0 689.0 | H 1.097 | V -0.000 | pL -0.001 | vL 0.000 | delta 0.004
U 226 | F 462848 | FPS 0026 | D 16369 | rR:mu sigma m M 0.00 0.00 0.00 0.00 | F:mu sigma m M 179.4 94.3 49.0 332.0 | H 1.096 | V -0.001 | pL -0.000 | vL 0.000 | delta 0.003
U 227 | F 464896 | FPS 0028 | D 16442 | rR:mu sigma m M 0.05 0.20 0.00 0.81 | F:mu sigma m M 185.2 105.0 55.0 451.0 | H 1.091 | V 0.009 | pL -0.007 | vL 0.001 | delta 0.011
U 228 | F 466944 | FPS 0032 | D 16506 | rR:mu sigma m M 0.00 0.00 0.00 0.00 | F:mu sigma m M 145.4 103.3 17.0 421.0 | H 1.091 | V 0.013 | pL -0.005 | vL 0.002 | delta 0.018
U 229 | F 468992 | FPS 0025 | D 16589 | rR:mu sigma m M 0.02 0.09 0.00 0.40 | F:mu sigma m M 166.2 141.1 29.0 605.0 | H 1.096 | V 0.002 | pL -0.002 | vL 0.000 | delta 0.007
U 230 | F 471040 | FPS 0028 | D 16662 | rR:mu sigma m M 0.00 0.00 0.00 0.00 | F:mu sigma m M 147.5 90.1 29.0 334.0 | H 1.098 | V 0.003 | pL -0.000 | vL 0.000 | delta 0.006
U 231 | F 473088 | FPS 0030 | D 16730 | rR:mu sigma m M 0.00 0.00 0.00 0.00 | F:mu sigma m M 147.4 98.0 21.0 334.0 | H 1.096 | V 0.007 | pL 0.002 | vL 0.000 | delta 0.003
U 232 | F 475136 | FPS 0026 | D 16808 | rR:mu sigma m M 0.00 0.00 0.00 0.00 | F:mu sigma m M 125.3 89.0 37.0 303.0 | H 1.096 | V 0.006 | pL 0.000 | vL 0.000 | delta 0.004
U 233 | F 477184 | FPS 0029 | D 16878 | rR:mu sigma m M 0.00 0.00 0.00 0.00 | F:mu sigma m M 109.6 100.0 38.0 416.0 | H 1.096 | V 0.005 | pL 0.001 | vL 0.000 | delta 0.002
U 234 | F 479232 | FPS 0026 | D 16956 | rR:mu sigma m M 0.00 0.00 0.00 0.00 | F:mu sigma m M 148.2 142.2 28.0 624.0 | H 1.098 | V 0.004 | pL 0.000 | vL 0.000 | delta 0.001
U 235 | F 481280 | FPS 0029 | D 17027 | rR:mu sigma m M 0.00 0.00 0.00 0.00 | F:mu sigma m M 159.5 130.5 25.0 462.0 | H 1.098 | V 0.004 | pL 0.001 | vL 0.000 | delta 0.001
U 236 | F 483328 | FPS 0032 | D 17091 | rR:mu sigma m M 0.00 0.00 0.00 0.00 | F:mu sigma m M 121.2 99.8 15.0 401.0 | H 1.098 | V 0.002 | pL 0.001 | vL 0.000 | delta 0.000
U 237 | F 485376 | FPS 0028 | D 17165 | rR:mu sigma m M 0.00 0.00 0.00 0.00 | F:mu sigma m M 170.8 141.1 31.0 582.0 | H 1.098 | V 0.003 | pL -0.001 | vL 0.000 | delta 0.001
U 238 | F 487424 | FPS 0030 | D 17232 | rR:mu sigma m M 0.05 0.19 0.00 0.80 | F:mu sigma m M 176.2 148.0 16.0 582.0 | H 1.096 | V 0.012 | pL -0.006 | vL 0.001 | delta 0.007
U 239 | F 489472 | FPS 0028 | D 17306 | rR:mu sigma m M 0.05 0.19 0.00 0.80 | F:mu sigma m M 132.5 99.6 16.0 423.0 | H 1.094 | V 0.017 | pL 0.002 | vL 0.000 | delta 0.005
U 240 | F 491520 | FPS 0029 | D 17377 | rR:mu sigma m M 0.05 0.20 0.00 0.82 | F:mu sigma m M 214.8 153.0 34.0 598.0 | H 1.090 | V 0.020 | pL -0.005 | vL 0.002 | delta 0.013
U 241 | F 493568 | FPS 0030 | D 17445 | rR:mu sigma m M 0.05 0.20 0.00 0.82 | F:mu sigma m M 201.8 160.9 34.0 598.0 | H 1.094 | V 0.021 | pL 0.002 | vL 0.000 | delta 0.005
U 242 | F 495616 | FPS 0029 | D 17516 | rR:mu sigma m M 0.04 0.17 0.00 0.72 | F:mu sigma m M 212.9 157.0 54.0 586.0 | H 1.096 | V 0.012 | pL -0.001 | vL 0.001 | delta 0.007
U 243 | F 497664 | FPS 0030 | D 17584 | rR:mu sigma m M 0.00 0.00 0.00 0.00 | F:mu sigma m M 134.9 98.3 40.0 395.0 | H 1.097 | V 0.014 | pL 0.004 | vL 0.000 | delta 0.003
U 244 | F 499712 | FPS 0027 | D 17661 | rR:mu sigma m M 0.00 0.00 0.00 0.00 | F:mu sigma m M 147.3 88.4 62.0 377.0 | H 1.098 | V 0.008 | pL 0.002 | vL 0.000 | delta 0.001
U 245 | F 501760 | FPS 0028 | D 17735 | rR:mu sigma m M 0.04 0.16 0.00 0.66 | F:mu sigma m M 159.4 99.6 29.0 377.0 | H 1.095 | V 0.015 | pL -0.004 | vL 0.001 | delta 0.009
U 246 | F 503808 | FPS 0029 | D 17807 | rR:mu sigma m M 0.11 0.28 0.00 0.88 | F:mu sigma m M 155.1 107.1 34.0 464.0 | H 1.093 | V 0.022 | pL -0.005 | vL 0.002 | delta 0.016
U 247 | F 505856 | FPS 0029 | D 17877 | rR:mu sigma m M 0.00 0.00 0.00 0.00 | F:mu sigma m M 136.9 172.7 9.0 590.0 | H 1.098 | V 0.013 | pL 0.003 | vL 0.000 | delta 0.004
U 248 | F 507904 | FPS 0026 | D 17956 | rR:mu sigma m M 0.09 0.26 0.00 0.85 | F:mu sigma m M 143.2 92.7 22.0 334.0 | H 1.087 | V 0.031 | pL -0.006 | vL 0.001 | delta 0.027
U 249 | F 509952 | FPS 0031 | D 18022 | rR:mu sigma m M 0.00 0.00 0.00 0.00 | F:mu sigma m M 162.1 201.5 17.0 900.0 | H 1.096 | V -0.002 | pL -0.001 | vL 0.000 | delta 0.006
U 250 | F 512000 | FPS 0031 | D 18089 | rR:mu sigma m M 0.00 0.00 0.00 0.00 | F:mu sigma m M 118.6 66.7 34.0 254.0 | H 1.095 | V 0.004 | pL 0.001 | vL 0.000 | delta 0.008
U 251 | F 514048 | FPS 0030 | D 18156 | rR:mu sigma m M 0.00 0.00 0.00 0.00 | F:mu sigma m M 161.1 119.3 24.0 544.0 | H 1.097 | V -0.001 | pL -0.003 | vL 0.000 | delta 0.004
U 252 | F 516096 | FPS 0030 | D 18225 | rR:mu sigma m M 0.05 0.21 0.00 0.88 | F:mu sigma m M 136.9 69.1 45.0 330.0 | H 1.091 | V 0.005 | pL -0.003 | vL 0.000 | delta 0.008
U 253 | F 518144 | FPS 0032 | D 18288 | rR:mu sigma m M 0.00 0.00 0.00 0.00 | F:mu sigma m M 104.8 52.8 21.0 197.0 | H 1.088 | V 0.006 | pL -0.002 | vL 0.000 | delta 0.007
U 254 | F 520192 | FPS 0032 | D 18352 | rR:mu sigma m M 0.05 0.20 0.00 0.81 | F:mu sigma m M 163.1 137.4 20.0 509.0 | H 1.079 | V 0.022 | pL -0.002 | vL 0.001 | delta 0.018
U 255 | F 522240 | FPS 0028 | D 18425 | rR:mu sigma m M 0.05 0.18 0.00 0.73 | F:mu sigma m M 143.6 63.3 55.0 270.0 | H 1.086 | V 0.026 | pL -0.005 | vL 0.001 | delta 0.023
U 256 | F 524288 | FPS 0036 | D 18482 | rR:mu sigma m M 0.05 0.19 0.00 0.80 | F:mu sigma m M 232.8 185.9 73.0 900.0 | H 1.072 | V 0.043 | pL -0.000 | vL 0.003 | delta 0.021
U 257 | F 526336 | FPS 0032 | D 18546 | rR:mu sigma m M 0.10 0.27 0.00 0.88 | F:mu sigma m M 143.6 91.1 22.0 360.0 | H 1.063 | V 0.046 | pL -0.006 | vL 0.003 | delta 0.031
U 258 | F 528384 | FPS 0035 | D 18605 | rR:mu sigma m M 0.25 0.37 0.00 0.83 | F:mu sigma m M 158.0 83.5 29.0 288.0 | H 1.025 | V 0.105 | pL -0.027 | vL 0.004 | delta 0.042
U 259 | F 530432 | FPS 0035 | D 18663 | rR:mu sigma m M 0.30 0.39 0.00 0.88 | F:mu sigma m M 140.4 74.3 29.0 303.0 | H 0.987 | V 0.149 | pL -0.015 | vL 0.005 | delta 0.034
U 260 | F 532480 | FPS 0043 | D 18711 | rR:mu sigma m M 0.42 0.41 0.00 0.93 | F:mu sigma m M 137.8 104.5 32.0 490.0 | H 0.937 | V 0.182 | pL -0.027 | vL 0.007 | delta 0.043
U 261 | F 534528 | FPS 0049 | D 18753 | rR:mu sigma m M 0.44 0.45 0.00 0.94 | F:mu sigma m M 78.0 57.8 9.0 259.0 | H 0.816 | V 0.264 | pL -0.072 | vL 0.014 | delta 0.088
U 262 | F 536576 | FPS 0055 | D 18790 | rR:mu sigma m M 0.71 0.39 0.00 0.96 | F:mu sigma m M 64.7 31.2 11.0 163.0 | H 0.745 | V 0.360 | pL -0.112 | vL 0.014 | delta 0.135
U 263 | F 538624 | FPS 0053 | D 18829 | rR:mu sigma m M 0.90 0.17 0.00 0.97 | F:mu sigma m M 73.1 38.0 34.0 221.0 | H 0.631 | V 0.482 | pL -0.119 | vL 0.009 | delta 0.083
U 264 | F 540672 | FPS 0064 | D 18861 | rR:mu sigma m M 0.90 0.21 0.00 0.97 | F:mu sigma m M 52.0 17.7 16.0 96.0 | H 0.550 | V 0.592 | pL -0.107 | vL 0.007 | delta 0.090
U 265 | F 542720 | FPS 0069 | D 18891 | rR:mu sigma m M 0.93 0.14 0.00 0.97 | F:mu sigma m M 46.5 22.3 29.0 167.0 | H 0.468 | V 0.679 | pL -0.093 | vL 0.004 | delta 0.071
U 266 | F 544768 | FPS 0075 | D 18918 | rR:mu sigma m M 0.96 0.01 0.93 0.97 | F:mu sigma m M 37.8 9.5 26.0 71.0 | H 0.405 | V 0.751 | pL -0.058 | vL 0.003 | delta 0.069
agent reach optimality, start collecting trajectories
agent successfully collected 10 trajectories
pickling optimal trajectories
Model successfully saved
/home/rdali/.local/easybuild/software/2017/Core/miniconda3/4.3.27/envs/observe/lib/python3.6/site-packages/torch/nn/functional.py:1906: UserWarning: reduction: 'mean' divides the total loss by both the batch size and the support size.'batchmean' divides only by the batch size, and aligns with the KL div math definition.'mean' will be changed to behave the same as 'batchmean' in the next major release.
  warnings.warn("reduction: 'mean' divides the total loss by both the batch size and the support size."
