The following modules were not unloaded:
  (Use "module --force purge" to unload all):

  1) StdEnv/2018.3     4) gcccore/.7.3.0      7) intel/2018.3
  2) nixpkgs/16.09     5) icc/.2018.3.222     8) openmpi/3.1.2
  3) imkl/2018.3.222   6) ifort/.2018.3.222

Due to MODULEPATH changes, the following have been reloaded:
  1) openmpi/3.1.2

Attention: While Conda works well in a desktop environment, it tends to create more problems than it solves on a cluster. Instead, we recommend that users use virtual environments and the binary packages that we provide through Python wheels as documented on the Python page.
/home/rdali/RL/watch_and_learn/dependency/rl-starter-files/scripts/train_agent_multidem.py --env MiniGrid-LavaCrossingAddictO12S15-v0 --algo ppo --nameDemonstrator LavaCrossing1215Addict1,LavaCrossing1215Addict2,LavaCrossing1215Addict4,LavaCrossing1215Addict5,LavaCrossing1215Addict7,LavaCrossing1215Addict8,LavaCrossing1215Addict9,LavaCrossing1215Addict10 --flat-model 0 --KLweight 0.01 --useKL 1 --meanReward 0.80 --rewardLB 0.70 --seed 6749

Namespace(KLweight=0.01, algo='ppo', batch_size=256, clip_eps=0.2, discount=0.99, entropy_coef=0.01, env='MiniGrid-LavaCrossingAddictO12S15-v0', epochs=4, flat_model=0, frames=10000000, frames_per_proc=None, full_obs=0, gae_lambda=0.95, log_interval=1, lr=0.0007, max_grad_norm=0.5, meanReward=0.8, mem=False, model=None, nameDemonstrator='LavaCrossing1215Addict1,LavaCrossing1215Addict2,LavaCrossing1215Addict4,LavaCrossing1215Addict5,LavaCrossing1215Addict7,LavaCrossing1215Addict8,LavaCrossing1215Addict9,LavaCrossing1215Addict10', optim_alpha=0.99, optim_eps=1e-05, procs=16, recurrence=1, rewardLB=0.7, save_interval=0, seed=6749, tb=False, text=False, useKL=1, value_loss_coef=0.5)

Flat model successfully created

ACModel(
  (image_conv): Sequential(
    (0): Conv2d(3, 32, kernel_size=(2, 2), stride=(1, 1))
    (1): ReLU()
    (2): MaxPool2d(kernel_size=(2, 2), stride=(2, 2), padding=0, dilation=1, ceil_mode=False)
    (3): Conv2d(32, 64, kernel_size=(2, 2), stride=(1, 1))
    (4): ReLU()
    (5): Conv2d(64, 64, kernel_size=(2, 2), stride=(1, 1))
    (6): ReLU()
  )
  (actor): Sequential(
    (0): Linear(in_features=1600, out_features=64, bias=True)
    (1): Tanh()
    (2): Linear(in_features=64, out_features=3, bias=True)
  )
  (critic): Sequential(
    (0): Linear(in_features=1600, out_features=64, bias=True)
    (1): Tanh()
    (2): Linear(in_features=64, out_features=1, bias=True)
  )
)

CUDA available: False

1
True
0.01
Using TensorFlow backend.
OMP: Info #212: KMP_AFFINITY: decoding x2APIC ids.
OMP: Info #210: KMP_AFFINITY: Affinity capable, using global cpuid leaf 11 info
OMP: Info #154: KMP_AFFINITY: Initial OS proc set respected: 19,23,27,37,39
OMP: Info #156: KMP_AFFINITY: 5 available OS procs
OMP: Info #157: KMP_AFFINITY: Uniform topology
OMP: Info #179: KMP_AFFINITY: 1 packages x 5 cores/pkg x 1 threads/core (5 total cores)
OMP: Info #214: KMP_AFFINITY: OS proc to physical thread map:
OMP: Info #171: KMP_AFFINITY: OS proc 19 maps to package 1 core 10 
OMP: Info #171: KMP_AFFINITY: OS proc 27 maps to package 1 core 19 
OMP: Info #171: KMP_AFFINITY: OS proc 23 maps to package 1 core 20 
OMP: Info #171: KMP_AFFINITY: OS proc 37 maps to package 1 core 25 
OMP: Info #171: KMP_AFFINITY: OS proc 39 maps to package 1 core 26 
OMP: Info #250: KMP_AFFINITY: pid 195234 tid 195234 thread 0 bound to OS proc set 19
OMP: Info #250: KMP_AFFINITY: pid 195234 tid 195258 thread 2 bound to OS proc set 23
OMP: Info #250: KMP_AFFINITY: pid 195234 tid 195257 thread 1 bound to OS proc set 27
OMP: Info #250: KMP_AFFINITY: pid 195234 tid 195259 thread 3 bound to OS proc set 37
OMP: Info #250: KMP_AFFINITY: pid 195234 tid 195260 thread 4 bound to OS proc set 39
OMP: Info #250: KMP_AFFINITY: pid 195234 tid 195424 thread 5 bound to OS proc set 19
OMP: Info #250: KMP_AFFINITY: pid 195234 tid 195423 thread 6 bound to OS proc set 27
OMP: Info #250: KMP_AFFINITY: pid 195234 tid 195441 thread 7 bound to OS proc set 23
OMP: Info #250: KMP_AFFINITY: pid 195234 tid 195442 thread 8 bound to OS proc set 37
OMP: Info #250: KMP_AFFINITY: pid 195234 tid 195443 thread 9 bound to OS proc set 39
OMP: Info #250: KMP_AFFINITY: pid 195234 tid 195444 thread 10 bound to OS proc set 19
OMP: Info #250: KMP_AFFINITY: pid 195234 tid 195461 thread 11 bound to OS proc set 27
OMP: Info #250: KMP_AFFINITY: pid 195234 tid 195462 thread 12 bound to OS proc set 23
OMP: Info #250: KMP_AFFINITY: pid 195234 tid 195463 thread 13 bound to OS proc set 37
OMP: Info #250: KMP_AFFINITY: pid 195234 tid 195464 thread 14 bound to OS proc set 39
OMP: Info #250: KMP_AFFINITY: pid 195234 tid 195465 thread 15 bound to OS proc set 19
U 1 | F 002048 | FPS 0025 | D 81 | rR:mu sigma m M 0.00 0.00 0.00 0.00 | F:mu sigma m M 46.9 46.7 0.0 127.0 | H 1.082 | V 0.265 | pL 0.069 | vL 0.003 | delta 0.128
U 2 | F 004096 | FPS 0022 | D 175 | rR:mu sigma m M 0.00 0.00 0.00 0.00 | F:mu sigma m M 110.1 57.5 14.0 244.0 | H 1.085 | V 0.225 | pL 0.055 | vL 0.001 | delta 0.042
U 3 | F 006144 | FPS 0033 | D 237 | rR:mu sigma m M 0.00 0.00 0.00 0.00 | F:mu sigma m M 157.1 89.7 64.0 333.0 | H 1.092 | V 0.175 | pL 0.048 | vL 0.001 | delta 0.025
U 4 | F 008192 | FPS 0027 | D 312 | rR:mu sigma m M 0.00 0.00 0.00 0.00 | F:mu sigma m M 173.6 134.4 35.0 475.0 | H 1.096 | V 0.139 | pL 0.032 | vL 0.001 | delta 0.011
U 5 | F 010240 | FPS 0027 | D 389 | rR:mu sigma m M 0.00 0.00 0.00 0.00 | F:mu sigma m M 158.6 125.7 35.0 475.0 | H 1.089 | V 0.113 | pL 0.024 | vL 0.000 | delta 0.016
U 6 | F 012288 | FPS 0024 | D 474 | rR:mu sigma m M 0.00 0.00 0.00 0.00 | F:mu sigma m M 274.6 211.2 27.0 663.0 | H 1.098 | V 0.090 | pL 0.022 | vL 0.000 | delta 0.008
U 7 | F 014336 | FPS 0028 | D 546 | rR:mu sigma m M 0.04 0.15 0.00 0.62 | F:mu sigma m M 278.5 196.2 19.0 606.0 | H 1.097 | V 0.079 | pL 0.015 | vL 0.001 | delta 0.010
U 8 | F 016384 | FPS 0031 | D 612 | rR:mu sigma m M 0.09 0.25 0.00 0.88 | F:mu sigma m M 187.3 211.6 19.0 846.0 | H 1.086 | V 0.060 | pL 0.008 | vL 0.002 | delta 0.030
U 9 | F 018432 | FPS 0030 | D 679 | rR:mu sigma m M 0.06 0.21 0.00 0.88 | F:mu sigma m M 201.8 205.4 25.0 900.0 | H 1.096 | V 0.058 | pL 0.016 | vL 0.000 | delta 0.007
U 10 | F 020480 | FPS 0024 | D 765 | rR:mu sigma m M 0.00 0.00 0.00 0.00 | F:mu sigma m M 129.2 81.3 31.0 274.0 | H 1.095 | V 0.045 | pL 0.013 | vL 0.000 | delta 0.005
U 11 | F 022528 | FPS 0027 | D 840 | rR:mu sigma m M 0.00 0.00 0.00 0.00 | F:mu sigma m M 125.1 84.3 26.0 274.0 | H 1.098 | V 0.037 | pL 0.009 | vL 0.000 | delta 0.003
U 12 | F 024576 | FPS 0029 | D 910 | rR:mu sigma m M 0.00 0.00 0.00 0.00 | F:mu sigma m M 272.2 204.8 64.0 691.0 | H 1.098 | V 0.036 | pL 0.011 | vL 0.000 | delta 0.005
U 13 | F 026624 | FPS 0031 | D 977 | rR:mu sigma m M 0.00 0.00 0.00 0.00 | F:mu sigma m M 225.8 201.7 26.0 691.0 | H 1.098 | V 0.025 | pL 0.007 | vL 0.000 | delta 0.004
U 14 | F 028672 | FPS 0029 | D 1048 | rR:mu sigma m M 0.00 0.00 0.00 0.00 | F:mu sigma m M 204.9 155.0 46.0 562.0 | H 1.098 | V 0.020 | pL 0.005 | vL 0.000 | delta 0.001
U 15 | F 030720 | FPS 0030 | D 1116 | rR:mu sigma m M 0.00 0.00 0.00 0.00 | F:mu sigma m M 215.4 126.4 55.0 524.0 | H 1.098 | V 0.016 | pL 0.005 | vL 0.000 | delta 0.001
U 16 | F 032768 | FPS 0025 | D 1198 | rR:mu sigma m M 0.00 0.00 0.00 0.00 | F:mu sigma m M 180.6 153.1 42.0 524.0 | H 1.099 | V 0.011 | pL 0.003 | vL 0.000 | delta 0.001
U 17 | F 034816 | FPS 0028 | D 1270 | rR:mu sigma m M 0.00 0.00 0.00 0.00 | F:mu sigma m M 134.9 81.7 12.0 313.0 | H 1.098 | V 0.009 | pL 0.003 | vL 0.000 | delta 0.001
U 18 | F 036864 | FPS 0031 | D 1336 | rR:mu sigma m M 0.00 0.00 0.00 0.00 | F:mu sigma m M 165.4 97.1 16.0 344.0 | H 1.098 | V 0.007 | pL 0.002 | vL 0.000 | delta 0.000
U 19 | F 038912 | FPS 0028 | D 1409 | rR:mu sigma m M 0.00 0.00 0.00 0.00 | F:mu sigma m M 208.8 219.4 7.0 862.0 | H 1.099 | V 0.005 | pL 0.001 | vL 0.000 | delta 0.001
U 20 | F 040960 | FPS 0029 | D 1480 | rR:mu sigma m M 0.00 0.00 0.00 0.00 | F:mu sigma m M 153.1 135.2 23.0 556.0 | H 1.099 | V 0.004 | pL 0.001 | vL 0.000 | delta 0.001
U 21 | F 043008 | FPS 0029 | D 1550 | rR:mu sigma m M 0.00 0.00 0.00 0.00 | F:mu sigma m M 198.6 178.0 20.0 570.0 | H 1.099 | V 0.003 | pL 0.001 | vL 0.000 | delta 0.001
U 22 | F 045056 | FPS 0029 | D 1621 | rR:mu sigma m M 0.00 0.00 0.00 0.00 | F:mu sigma m M 122.0 87.6 20.0 386.0 | H 1.099 | V 0.002 | pL 0.001 | vL 0.000 | delta 0.000
U 23 | F 047104 | FPS 0028 | D 1694 | rR:mu sigma m M 0.05 0.19 0.00 0.80 | F:mu sigma m M 144.5 136.6 17.0 605.0 | H 1.092 | V 0.008 | pL -0.006 | vL 0.001 | delta 0.024
U 24 | F 049152 | FPS 0032 | D 1758 | rR:mu sigma m M 0.00 0.00 0.00 0.00 | F:mu sigma m M 154.2 144.5 17.0 504.0 | H 1.098 | V 0.007 | pL -0.000 | vL 0.000 | delta 0.004
U 25 | F 051200 | FPS 0031 | D 1823 | rR:mu sigma m M 0.00 0.00 0.00 0.00 | F:mu sigma m M 150.6 135.5 11.0 469.0 | H 1.098 | V 0.006 | pL 0.002 | vL 0.000 | delta 0.002
U 26 | F 053248 | FPS 0031 | D 1890 | rR:mu sigma m M 0.00 0.00 0.00 0.00 | F:mu sigma m M 193.6 112.3 52.0 469.0 | H 1.098 | V 0.004 | pL 0.001 | vL 0.000 | delta 0.002
U 27 | F 055296 | FPS 0031 | D 1957 | rR:mu sigma m M 0.00 0.00 0.00 0.00 | F:mu sigma m M 198.9 105.4 52.0 370.0 | H 1.099 | V 0.002 | pL 0.001 | vL 0.000 | delta 0.002
U 28 | F 057344 | FPS 0028 | D 2031 | rR:mu sigma m M 0.00 0.00 0.00 0.00 | F:mu sigma m M 211.2 130.8 45.0 534.0 | H 1.099 | V 0.001 | pL 0.000 | vL 0.000 | delta 0.001
U 29 | F 059392 | FPS 0026 | D 2110 | rR:mu sigma m M 0.00 0.00 0.00 0.00 | F:mu sigma m M 184.7 129.4 33.0 534.0 | H 1.099 | V 0.002 | pL 0.000 | vL 0.000 | delta 0.000
U 30 | F 061440 | FPS 0029 | D 2182 | rR:mu sigma m M 0.00 0.00 0.00 0.00 | F:mu sigma m M 189.2 136.1 32.0 572.0 | H 1.099 | V 0.002 | pL 0.000 | vL 0.000 | delta 0.000
U 31 | F 063488 | FPS 0030 | D 2250 | rR:mu sigma m M 0.06 0.21 0.00 0.88 | F:mu sigma m M 125.6 52.5 11.0 196.0 | H 1.097 | V 0.007 | pL -0.008 | vL 0.001 | delta 0.013
U 32 | F 065536 | FPS 0030 | D 2318 | rR:mu sigma m M 0.00 0.00 0.00 0.00 | F:mu sigma m M 140.7 100.0 8.0 436.0 | H 1.098 | V 0.007 | pL 0.002 | vL 0.000 | delta 0.002
U 33 | F 067584 | FPS 0026 | D 2396 | rR:mu sigma m M 0.05 0.20 0.00 0.81 | F:mu sigma m M 129.3 72.1 35.0 299.0 | H 1.096 | V 0.015 | pL -0.005 | vL 0.001 | delta 0.015
U 34 | F 069632 | FPS 0027 | D 2473 | rR:mu sigma m M 0.05 0.20 0.00 0.81 | F:mu sigma m M 183.6 115.8 25.0 517.0 | H 1.096 | V 0.013 | pL 0.003 | vL 0.000 | delta 0.004
U 35 | F 071680 | FPS 0026 | D 2551 | rR:mu sigma m M 0.00 0.00 0.00 0.00 | F:mu sigma m M 166.0 100.5 14.0 339.0 | H 1.098 | V 0.013 | pL 0.002 | vL 0.000 | delta 0.004
U 36 | F 073728 | FPS 0027 | D 2628 | rR:mu sigma m M 0.00 0.00 0.00 0.00 | F:mu sigma m M 136.5 99.8 12.0 330.0 | H 1.096 | V 0.017 | pL 0.002 | vL 0.000 | delta 0.006
U 37 | F 075776 | FPS 0030 | D 2696 | rR:mu sigma m M 0.00 0.00 0.00 0.00 | F:mu sigma m M 216.6 168.7 63.0 652.0 | H 1.095 | V 0.011 | pL 0.004 | vL 0.000 | delta 0.006
U 38 | F 077824 | FPS 0029 | D 2765 | rR:mu sigma m M 0.00 0.00 0.00 0.00 | F:mu sigma m M 201.1 145.1 32.0 652.0 | H 1.098 | V 0.008 | pL 0.002 | vL 0.000 | delta 0.001
U 39 | F 079872 | FPS 0029 | D 2836 | rR:mu sigma m M 0.00 0.00 0.00 0.00 | F:mu sigma m M 167.4 103.4 32.0 425.0 | H 1.098 | V 0.008 | pL 0.002 | vL 0.000 | delta 0.002
U 40 | F 081920 | FPS 0026 | D 2914 | rR:mu sigma m M 0.00 0.00 0.00 0.00 | F:mu sigma m M 244.6 182.8 69.0 678.0 | H 1.098 | V 0.005 | pL 0.001 | vL 0.000 | delta 0.001
U 41 | F 083968 | FPS 0029 | D 2983 | rR:mu sigma m M 0.00 0.00 0.00 0.00 | F:mu sigma m M 156.0 156.2 30.0 678.0 | H 1.098 | V 0.004 | pL 0.001 | vL 0.000 | delta 0.001
U 42 | F 086016 | FPS 0028 | D 3057 | rR:mu sigma m M 0.00 0.00 0.00 0.00 | F:mu sigma m M 99.6 89.9 23.0 376.0 | H 1.099 | V 0.003 | pL 0.001 | vL 0.000 | delta 0.001
U 43 | F 088064 | FPS 0031 | D 3124 | rR:mu sigma m M 0.00 0.00 0.00 0.00 | F:mu sigma m M 138.4 99.9 34.0 402.0 | H 1.099 | V 0.003 | pL 0.001 | vL 0.000 | delta 0.001
U 44 | F 090112 | FPS 0031 | D 3189 | rR:mu sigma m M 0.00 0.00 0.00 0.00 | F:mu sigma m M 159.2 162.8 15.0 705.0 | H 1.099 | V 0.003 | pL 0.000 | vL 0.000 | delta 0.001
U 45 | F 092160 | FPS 0033 | D 3251 | rR:mu sigma m M 0.04 0.17 0.00 0.72 | F:mu sigma m M 175.7 153.3 24.0 574.0 | H 1.097 | V 0.008 | pL -0.004 | vL 0.001 | delta 0.036
U 46 | F 094208 | FPS 0030 | D 3319 | rR:mu sigma m M 0.00 0.00 0.00 0.00 | F:mu sigma m M 196.0 194.7 24.0 765.0 | H 1.098 | V 0.003 | pL 0.001 | vL 0.000 | delta 0.004
U 47 | F 096256 | FPS 0024 | D 3406 | rR:mu sigma m M 0.00 0.00 0.00 0.00 | F:mu sigma m M 132.2 58.7 55.0 272.0 | H 1.098 | V 0.004 | pL 0.001 | vL 0.000 | delta 0.001
U 48 | F 098304 | FPS 0029 | D 3476 | rR:mu sigma m M 0.00 0.00 0.00 0.00 | F:mu sigma m M 219.3 144.2 63.0 585.0 | H 1.098 | V 0.002 | pL 0.001 | vL 0.000 | delta 0.001
U 49 | F 100352 | FPS 0025 | D 3558 | rR:mu sigma m M 0.00 0.00 0.00 0.00 | F:mu sigma m M 181.3 131.0 8.0 468.0 | H 1.098 | V 0.002 | pL 0.000 | vL 0.000 | delta 0.000
U 50 | F 102400 | FPS 0027 | D 3636 | rR:mu sigma m M 0.10 0.26 0.00 0.79 | F:mu sigma m M 141.7 94.0 9.0 307.0 | H 1.090 | V 0.009 | pL -0.011 | vL 0.002 | delta 0.019
U 51 | F 104448 | FPS 0032 | D 3699 | rR:mu sigma m M 0.05 0.19 0.00 0.77 | F:mu sigma m M 177.9 101.0 15.0 371.0 | H 1.097 | V 0.008 | pL -0.000 | vL 0.000 | delta 0.004
U 52 | F 106496 | FPS 0035 | D 3758 | rR:mu sigma m M 0.05 0.19 0.00 0.77 | F:mu sigma m M 122.6 79.8 18.0 244.0 | H 1.095 | V 0.020 | pL -0.003 | vL 0.001 | delta 0.033
U 53 | F 108544 | FPS 0034 | D 3818 | rR:mu sigma m M 0.04 0.16 0.00 0.67 | F:mu sigma m M 189.3 153.3 41.0 515.0 | H 1.092 | V 0.017 | pL -0.001 | vL 0.001 | delta 0.013
U 54 | F 110592 | FPS 0034 | D 3879 | rR:mu sigma m M 0.00 0.00 0.00 0.00 | F:mu sigma m M 98.2 83.9 17.0 353.0 | H 1.096 | V 0.013 | pL -0.000 | vL 0.000 | delta 0.007
U 55 | F 112640 | FPS 0028 | D 3952 | rR:mu sigma m M 0.05 0.20 0.00 0.84 | F:mu sigma m M 132.0 81.3 17.0 353.0 | H 1.093 | V 0.010 | pL -0.001 | vL 0.000 | delta 0.006
U 56 | F 114688 | FPS 0033 | D 4014 | rR:mu sigma m M 0.05 0.19 0.00 0.80 | F:mu sigma m M 192.1 108.4 40.0 477.0 | H 1.096 | V 0.018 | pL -0.001 | vL 0.001 | delta 0.015
U 57 | F 116736 | FPS 0028 | D 4086 | rR:mu sigma m M 0.00 0.00 0.00 0.00 | F:mu sigma m M 135.8 73.0 40.0 286.0 | H 1.098 | V 0.009 | pL 0.003 | vL 0.000 | delta 0.003
U 58 | F 118784 | FPS 0029 | D 4157 | rR:mu sigma m M 0.00 0.00 0.00 0.00 | F:mu sigma m M 123.4 133.0 25.0 614.0 | H 1.098 | V 0.007 | pL 0.002 | vL 0.000 | delta 0.001
U 59 | F 120832 | FPS 0027 | D 4232 | rR:mu sigma m M 0.00 0.00 0.00 0.00 | F:mu sigma m M 113.1 80.3 14.0 312.0 | H 1.098 | V 0.007 | pL 0.001 | vL 0.000 | delta 0.004
U 60 | F 122880 | FPS 0027 | D 4307 | rR:mu sigma m M 0.03 0.11 0.00 0.46 | F:mu sigma m M 153.9 134.9 18.0 545.0 | H 1.097 | V 0.010 | pL -0.002 | vL 0.000 | delta 0.007
U 61 | F 124928 | FPS 0031 | D 4374 | rR:mu sigma m M 0.03 0.11 0.00 0.46 | F:mu sigma m M 234.9 214.0 59.0 900.0 | H 1.098 | V 0.014 | pL 0.001 | vL 0.000 | delta 0.004
U 62 | F 126976 | FPS 0029 | D 4445 | rR:mu sigma m M 0.09 0.23 0.00 0.77 | F:mu sigma m M 207.7 154.7 26.0 537.0 | H 1.089 | V 0.026 | pL -0.003 | vL 0.001 | delta 0.012
U 63 | F 129024 | FPS 0030 | D 4514 | rR:mu sigma m M 0.09 0.23 0.00 0.76 | F:mu sigma m M 125.3 88.7 18.0 364.0 | H 1.090 | V 0.018 | pL -0.002 | vL 0.001 | delta 0.030
U 64 | F 131072 | FPS 0030 | D 4582 | rR:mu sigma m M 0.05 0.18 0.00 0.76 | F:mu sigma m M 111.6 68.5 14.0 249.0 | H 1.096 | V 0.015 | pL 0.002 | vL 0.000 | delta 0.006
U 65 | F 133120 | FPS 0031 | D 4647 | rR:mu sigma m M 0.03 0.12 0.00 0.49 | F:mu sigma m M 184.6 193.3 12.0 738.0 | H 1.096 | V 0.014 | pL 0.001 | vL 0.000 | delta 0.008
U 66 | F 135168 | FPS 0030 | D 4716 | rR:mu sigma m M 0.00 0.00 0.00 0.00 | F:mu sigma m M 167.1 174.1 12.0 738.0 | H 1.097 | V 0.010 | pL 0.002 | vL 0.000 | delta 0.004
U 67 | F 137216 | FPS 0026 | D 4794 | rR:mu sigma m M 0.00 0.00 0.00 0.00 | F:mu sigma m M 199.2 198.8 39.0 842.0 | H 1.098 | V 0.008 | pL 0.002 | vL 0.000 | delta 0.002
U 68 | F 139264 | FPS 0028 | D 4867 | rR:mu sigma m M 0.00 0.00 0.00 0.00 | F:mu sigma m M 238.6 194.3 39.0 735.0 | H 1.098 | V 0.010 | pL 0.001 | vL 0.000 | delta 0.004
U 69 | F 141312 | FPS 0029 | D 4936 | rR:mu sigma m M 0.00 0.00 0.00 0.00 | F:mu sigma m M 180.3 146.1 42.0 616.0 | H 1.098 | V 0.005 | pL 0.002 | vL 0.000 | delta 0.001
U 70 | F 143360 | FPS 0025 | D 5019 | rR:mu sigma m M 0.00 0.00 0.00 0.00 | F:mu sigma m M 175.9 105.6 55.0 439.0 | H 1.098 | V 0.003 | pL 0.001 | vL 0.000 | delta 0.000
U 71 | F 145408 | FPS 0028 | D 5092 | rR:mu sigma m M 0.00 0.00 0.00 0.00 | F:mu sigma m M 209.8 178.3 7.0 673.0 | H 1.098 | V 0.003 | pL 0.001 | vL 0.000 | delta 0.000
U 72 | F 147456 | FPS 0029 | D 5163 | rR:mu sigma m M 0.00 0.00 0.00 0.00 | F:mu sigma m M 135.6 107.0 16.0 365.0 | H 1.098 | V 0.002 | pL 0.001 | vL 0.000 | delta 0.000
U 73 | F 149504 | FPS 0030 | D 5232 | rR:mu sigma m M 0.00 0.00 0.00 0.00 | F:mu sigma m M 172.2 105.7 38.0 380.0 | H 1.098 | V 0.002 | pL 0.000 | vL 0.000 | delta 0.000
U 74 | F 151552 | FPS 0024 | D 5316 | rR:mu sigma m M 0.00 0.00 0.00 0.00 | F:mu sigma m M 186.8 94.4 38.0 380.0 | H 1.096 | V 0.007 | pL 0.001 | vL 0.000 | delta 0.009
U 75 | F 153600 | FPS 0027 | D 5392 | rR:mu sigma m M 0.00 0.00 0.00 0.00 | F:mu sigma m M 229.6 85.2 51.0 382.0 | H 1.098 | V 0.005 | pL 0.001 | vL 0.000 | delta 0.002
U 76 | F 155648 | FPS 0026 | D 5470 | rR:mu sigma m M 0.00 0.00 0.00 0.00 | F:mu sigma m M 241.2 109.7 64.0 423.0 | H 1.099 | V 0.002 | pL 0.001 | vL 0.000 | delta 0.001
U 77 | F 157696 | FPS 0030 | D 5540 | rR:mu sigma m M 0.00 0.00 0.00 0.00 | F:mu sigma m M 155.1 99.3 45.0 402.0 | H 1.099 | V 0.001 | pL -0.000 | vL 0.000 | delta 0.001
U 78 | F 159744 | FPS 0030 | D 5609 | rR:mu sigma m M 0.00 0.00 0.00 0.00 | F:mu sigma m M 176.5 127.6 29.0 525.0 | H 1.098 | V 0.001 | pL 0.000 | vL 0.000 | delta 0.001
U 79 | F 161792 | FPS 0026 | D 5687 | rR:mu sigma m M 0.00 0.00 0.00 0.00 | F:mu sigma m M 155.2 118.8 29.0 529.0 | H 1.099 | V 0.001 | pL 0.000 | vL 0.000 | delta 0.000
U 80 | F 163840 | FPS 0027 | D 5762 | rR:mu sigma m M 0.00 0.00 0.00 0.00 | F:mu sigma m M 230.2 163.2 79.0 695.0 | H 1.099 | V 0.001 | pL 0.000 | vL 0.000 | delta 0.000
U 81 | F 165888 | FPS 0027 | D 5838 | rR:mu sigma m M 0.00 0.00 0.00 0.00 | F:mu sigma m M 184.4 73.9 83.0 392.0 | H 1.099 | V 0.001 | pL 0.000 | vL 0.000 | delta 0.000
U 82 | F 167936 | FPS 0028 | D 5911 | rR:mu sigma m M 0.00 0.00 0.00 0.00 | F:mu sigma m M 187.6 75.3 28.0 306.0 | H 1.099 | V 0.002 | pL -0.000 | vL 0.000 | delta 0.001
U 83 | F 169984 | FPS 0026 | D 5991 | rR:mu sigma m M 0.00 0.00 0.00 0.00 | F:mu sigma m M 168.4 161.2 41.0 698.0 | H 1.098 | V 0.001 | pL 0.000 | vL 0.000 | delta 0.001
U 84 | F 172032 | FPS 0028 | D 6066 | rR:mu sigma m M 0.00 0.00 0.00 0.00 | F:mu sigma m M 130.4 150.9 41.0 698.0 | H 1.098 | V 0.004 | pL 0.001 | vL 0.000 | delta 0.002
U 85 | F 174080 | FPS 0025 | D 6147 | rR:mu sigma m M 0.02 0.09 0.00 0.38 | F:mu sigma m M 237.9 181.1 58.0 616.0 | H 1.098 | V 0.003 | pL -0.002 | vL 0.000 | delta 0.003
U 86 | F 176128 | FPS 0031 | D 6213 | rR:mu sigma m M 0.05 0.20 0.00 0.83 | F:mu sigma m M 226.4 173.4 51.0 643.0 | H 1.092 | V 0.016 | pL -0.005 | vL 0.001 | delta 0.012
U 87 | F 178176 | FPS 0031 | D 6279 | rR:mu sigma m M 0.00 0.00 0.00 0.00 | F:mu sigma m M 171.2 181.4 25.0 692.0 | H 1.095 | V 0.013 | pL 0.002 | vL 0.000 | delta 0.009
U 88 | F 180224 | FPS 0029 | D 6350 | rR:mu sigma m M 0.00 0.00 0.00 0.00 | F:mu sigma m M 155.7 159.8 36.0 692.0 | H 1.098 | V -0.000 | pL 0.000 | vL 0.000 | delta 0.003
U 89 | F 182272 | FPS 0030 | D 6418 | rR:mu sigma m M 0.05 0.21 0.00 0.86 | F:mu sigma m M 148.2 96.8 20.0 384.0 | H 1.096 | V 0.006 | pL -0.008 | vL 0.002 | delta 0.022
U 90 | F 184320 | FPS 0029 | D 6487 | rR:mu sigma m M 0.00 0.00 0.00 0.00 | F:mu sigma m M 127.1 94.9 19.0 325.0 | H 1.097 | V 0.004 | pL 0.001 | vL 0.000 | delta 0.003
U 91 | F 186368 | FPS 0029 | D 6557 | rR:mu sigma m M 0.00 0.00 0.00 0.00 | F:mu sigma m M 194.2 134.6 28.0 532.0 | H 1.098 | V 0.002 | pL 0.000 | vL 0.000 | delta 0.002
U 92 | F 188416 | FPS 0032 | D 6622 | rR:mu sigma m M 0.00 0.00 0.00 0.00 | F:mu sigma m M 176.2 92.9 34.0 329.0 | H 1.098 | V 0.006 | pL 0.001 | vL 0.000 | delta 0.002
U 93 | F 190464 | FPS 0026 | D 6700 | rR:mu sigma m M 0.00 0.00 0.00 0.00 | F:mu sigma m M 189.8 87.6 57.0 371.0 | H 1.097 | V 0.008 | pL 0.001 | vL 0.000 | delta 0.003
U 94 | F 192512 | FPS 0028 | D 6774 | rR:mu sigma m M 0.00 0.00 0.00 0.00 | F:mu sigma m M 193.4 165.5 42.0 710.0 | H 1.098 | V 0.006 | pL 0.002 | vL 0.000 | delta 0.002
U 95 | F 194560 | FPS 0028 | D 6847 | rR:mu sigma m M 0.00 0.00 0.00 0.00 | F:mu sigma m M 129.6 74.1 55.0 322.0 | H 1.098 | V 0.006 | pL 0.001 | vL 0.000 | delta 0.001
U 96 | F 196608 | FPS 0029 | D 6919 | rR:mu sigma m M 0.02 0.08 0.00 0.34 | F:mu sigma m M 160.8 148.9 29.0 658.0 | H 1.096 | V 0.010 | pL -0.001 | vL 0.000 | delta 0.004
U 97 | F 198656 | FPS 0029 | D 6990 | rR:mu sigma m M 0.02 0.08 0.00 0.34 | F:mu sigma m M 174.8 166.4 11.0 658.0 | H 1.098 | V 0.005 | pL 0.001 | vL 0.000 | delta 0.002
U 98 | F 200704 | FPS 0028 | D 7062 | rR:mu sigma m M 0.00 0.00 0.00 0.00 | F:mu sigma m M 181.9 144.2 34.0 466.0 | H 1.098 | V 0.003 | pL 0.001 | vL 0.000 | delta 0.001
U 99 | F 202752 | FPS 0028 | D 7136 | rR:mu sigma m M 0.00 0.00 0.00 0.00 | F:mu sigma m M 209.6 130.6 22.0 466.0 | H 1.098 | V 0.003 | pL 0.000 | vL 0.000 | delta 0.001
U 100 | F 204800 | FPS 0032 | D 7200 | rR:mu sigma m M 0.00 0.00 0.00 0.00 | F:mu sigma m M 141.3 104.0 22.0 420.0 | H 1.098 | V 0.003 | pL 0.000 | vL 0.000 | delta 0.001
U 101 | F 206848 | FPS 0028 | D 7274 | rR:mu sigma m M 0.02 0.09 0.00 0.38 | F:mu sigma m M 224.8 225.0 20.0 806.0 | H 1.098 | V 0.004 | pL -0.002 | vL 0.000 | delta 0.005
U 102 | F 208896 | FPS 0030 | D 7343 | rR:mu sigma m M 0.00 0.00 0.00 0.00 | F:mu sigma m M 115.2 51.3 38.0 205.0 | H 1.098 | V 0.001 | pL 0.000 | vL 0.000 | delta 0.001
U 103 | F 210944 | FPS 0031 | D 7408 | rR:mu sigma m M 0.00 0.00 0.00 0.00 | F:mu sigma m M 156.3 129.0 23.0 522.0 | H 1.096 | V 0.006 | pL 0.002 | vL 0.000 | delta 0.006
U 104 | F 212992 | FPS 0030 | D 7476 | rR:mu sigma m M 0.04 0.17 0.00 0.71 | F:mu sigma m M 159.7 125.7 17.0 522.0 | H 1.090 | V 0.015 | pL -0.005 | vL 0.001 | delta 0.016
U 105 | F 215040 | FPS 0032 | D 7541 | rR:mu sigma m M 0.04 0.17 0.00 0.71 | F:mu sigma m M 187.3 124.1 27.0 489.0 | H 1.098 | V 0.001 | pL 0.000 | vL 0.000 | delta 0.004
U 106 | F 217088 | FPS 0030 | D 7610 | rR:mu sigma m M 0.00 0.00 0.00 0.00 | F:mu sigma m M 138.2 106.9 22.0 426.0 | H 1.098 | V 0.003 | pL 0.001 | vL 0.000 | delta 0.002
U 107 | F 219136 | FPS 0030 | D 7677 | rR:mu sigma m M 0.00 0.00 0.00 0.00 | F:mu sigma m M 133.0 79.4 22.0 276.0 | H 1.098 | V 0.002 | pL 0.000 | vL 0.000 | delta 0.001
U 108 | F 221184 | FPS 0031 | D 7743 | rR:mu sigma m M 0.00 0.00 0.00 0.00 | F:mu sigma m M 162.8 63.6 45.0 276.0 | H 1.098 | V 0.002 | pL 0.000 | vL 0.000 | delta 0.001
U 109 | F 223232 | FPS 0026 | D 7822 | rR:mu sigma m M 0.00 0.00 0.00 0.00 | F:mu sigma m M 165.3 115.9 39.0 367.0 | H 1.098 | V 0.001 | pL 0.001 | vL 0.000 | delta 0.002
U 110 | F 225280 | FPS 0029 | D 7893 | rR:mu sigma m M 0.00 0.00 0.00 0.00 | F:mu sigma m M 207.6 181.0 31.0 695.0 | H 1.099 | V 0.000 | pL 0.000 | vL 0.000 | delta 0.000
U 111 | F 227328 | FPS 0025 | D 7974 | rR:mu sigma m M 0.00 0.00 0.00 0.00 | F:mu sigma m M 148.8 155.8 12.0 634.0 | H 1.098 | V 0.001 | pL 0.000 | vL 0.000 | delta 0.002
U 112 | F 229376 | FPS 0030 | D 8043 | rR:mu sigma m M 0.00 0.00 0.00 0.00 | F:mu sigma m M 155.4 109.0 12.0 358.0 | H 1.098 | V 0.003 | pL 0.000 | vL 0.000 | delta 0.002
U 113 | F 231424 | FPS 0025 | D 8125 | rR:mu sigma m M 0.00 0.00 0.00 0.00 | F:mu sigma m M 156.9 110.5 28.0 404.0 | H 1.098 | V -0.000 | pL 0.000 | vL 0.000 | delta 0.001
U 114 | F 233472 | FPS 0030 | D 8194 | rR:mu sigma m M 0.00 0.00 0.00 0.00 | F:mu sigma m M 170.8 147.4 16.0 577.0 | H 1.099 | V -0.001 | pL -0.000 | vL 0.000 | delta 0.000
U 115 | F 235520 | FPS 0030 | D 8262 | rR:mu sigma m M 0.00 0.00 0.00 0.00 | F:mu sigma m M 225.6 160.5 16.0 615.0 | H 1.099 | V -0.001 | pL -0.000 | vL 0.000 | delta 0.000
U 116 | F 237568 | FPS 0031 | D 8328 | rR:mu sigma m M 0.00 0.00 0.00 0.00 | F:mu sigma m M 181.3 119.0 45.0 524.0 | H 1.098 | V -0.001 | pL -0.000 | vL 0.000 | delta 0.000
U 117 | F 239616 | FPS 0030 | D 8397 | rR:mu sigma m M 0.00 0.00 0.00 0.00 | F:mu sigma m M 163.5 143.2 22.0 478.0 | H 1.096 | V 0.002 | pL -0.001 | vL 0.000 | delta 0.003
U 118 | F 241664 | FPS 0027 | D 8472 | rR:mu sigma m M 0.05 0.20 0.00 0.81 | F:mu sigma m M 153.4 150.7 21.0 512.0 | H 1.096 | V 0.005 | pL -0.006 | vL 0.001 | delta 0.023
U 119 | F 243712 | FPS 0031 | D 8537 | rR:mu sigma m M 0.04 0.17 0.00 0.70 | F:mu sigma m M 118.8 89.3 28.0 328.0 | H 1.096 | V 0.011 | pL -0.007 | vL 0.001 | delta 0.017
U 120 | F 245760 | FPS 0031 | D 8603 | rR:mu sigma m M 0.05 0.20 0.00 0.83 | F:mu sigma m M 175.8 144.9 25.0 596.0 | H 1.097 | V -0.001 | pL -0.003 | vL 0.000 | delta 0.012
U 121 | F 247808 | FPS 0030 | D 8671 | rR:mu sigma m M 0.00 0.00 0.00 0.00 | F:mu sigma m M 102.8 67.3 28.0 268.0 | H 1.098 | V -0.001 | pL -0.000 | vL 0.000 | delta 0.004
U 122 | F 249856 | FPS 0033 | D 8734 | rR:mu sigma m M 0.00 0.00 0.00 0.00 | F:mu sigma m M 118.1 69.5 34.0 325.0 | H 1.098 | V -0.000 | pL -0.000 | vL 0.000 | delta 0.002
U 123 | F 251904 | FPS 0030 | D 8801 | rR:mu sigma m M 0.00 0.00 0.00 0.00 | F:mu sigma m M 161.8 94.2 9.0 351.0 | H 1.098 | V -0.001 | pL -0.000 | vL 0.000 | delta 0.001
U 124 | F 253952 | FPS 0033 | D 8863 | rR:mu sigma m M 0.00 0.00 0.00 0.00 | F:mu sigma m M 166.0 85.4 22.0 351.0 | H 1.098 | V -0.000 | pL -0.001 | vL 0.000 | delta 0.001
U 125 | F 256000 | FPS 0030 | D 8932 | rR:mu sigma m M 0.00 0.00 0.00 0.00 | F:mu sigma m M 130.9 103.6 22.0 489.0 | H 1.098 | V 0.005 | pL 0.000 | vL 0.000 | delta 0.006
U 126 | F 258048 | FPS 0027 | D 9008 | rR:mu sigma m M 0.00 0.00 0.00 0.00 | F:mu sigma m M 144.4 110.8 31.0 489.0 | H 1.098 | V 0.005 | pL 0.002 | vL 0.000 | delta 0.001
U 127 | F 260096 | FPS 0028 | D 9082 | rR:mu sigma m M 0.00 0.00 0.00 0.00 | F:mu sigma m M 240.7 178.9 41.0 764.0 | H 1.099 | V 0.002 | pL 0.001 | vL 0.000 | delta 0.001
U 128 | F 262144 | FPS 0026 | D 9161 | rR:mu sigma m M 0.01 0.05 0.00 0.19 | F:mu sigma m M 195.8 230.8 41.0 811.0 | H 1.098 | V 0.003 | pL -0.001 | vL 0.000 | delta 0.001
U 129 | F 264192 | FPS 0026 | D 9241 | rR:mu sigma m M 0.00 0.00 0.00 0.00 | F:mu sigma m M 156.4 115.3 32.0 456.0 | H 1.099 | V 0.001 | pL 0.000 | vL 0.000 | delta 0.001
U 130 | F 266240 | FPS 0026 | D 9320 | rR:mu sigma m M 0.00 0.00 0.00 0.00 | F:mu sigma m M 152.8 154.4 38.0 662.0 | H 1.099 | V -0.000 | pL -0.000 | vL 0.000 | delta 0.000
U 131 | F 268288 | FPS 0025 | D 9402 | rR:mu sigma m M 0.00 0.00 0.00 0.00 | F:mu sigma m M 174.1 160.1 49.0 662.0 | H 1.099 | V 0.001 | pL 0.000 | vL 0.000 | delta 0.001
U 132 | F 270336 | FPS 0024 | D 9486 | rR:mu sigma m M 0.00 0.00 0.00 0.00 | F:mu sigma m M 153.7 96.7 50.0 444.0 | H 1.099 | V 0.002 | pL 0.000 | vL 0.000 | delta 0.000
U 133 | F 272384 | FPS 0028 | D 9560 | rR:mu sigma m M 0.00 0.00 0.00 0.00 | F:mu sigma m M 172.3 111.2 32.0 474.0 | H 1.099 | V 0.001 | pL 0.000 | vL 0.000 | delta 0.000
U 134 | F 274432 | FPS 0029 | D 9629 | rR:mu sigma m M 0.00 0.00 0.00 0.00 | F:mu sigma m M 225.4 152.5 32.0 516.0 | H 1.099 | V 0.001 | pL 0.000 | vL 0.000 | delta 0.000
U 135 | F 276480 | FPS 0028 | D 9702 | rR:mu sigma m M 0.00 0.00 0.00 0.00 | F:mu sigma m M 208.4 154.1 24.0 513.0 | H 1.099 | V 0.001 | pL 0.000 | vL 0.000 | delta 0.000
U 136 | F 278528 | FPS 0033 | D 9763 | rR:mu sigma m M 0.04 0.15 0.00 0.61 | F:mu sigma m M 199.8 136.2 24.0 513.0 | H 1.095 | V 0.007 | pL -0.006 | vL 0.001 | delta 0.008
U 137 | F 280576 | FPS 0029 | D 9834 | rR:mu sigma m M 0.19 0.33 0.00 0.88 | F:mu sigma m M 227.2 204.5 17.0 833.0 | H 1.095 | V 0.015 | pL -0.009 | vL 0.002 | delta 0.021
U 138 | F 282624 | FPS 0028 | D 9907 | rR:mu sigma m M 0.00 0.00 0.00 0.00 | F:mu sigma m M 128.9 104.8 19.0 419.0 | H 1.098 | V -0.002 | pL -0.000 | vL 0.000 | delta 0.002
U 139 | F 284672 | FPS 0028 | D 9980 | rR:mu sigma m M 0.00 0.00 0.00 0.00 | F:mu sigma m M 124.1 95.5 19.0 419.0 | H 1.096 | V 0.002 | pL -0.003 | vL 0.000 | delta 0.007
U 140 | F 286720 | FPS 0031 | D 10047 | rR:mu sigma m M 0.00 0.00 0.00 0.00 | F:mu sigma m M 163.2 114.4 23.0 436.0 | H 1.096 | V 0.004 | pL 0.003 | vL 0.000 | delta 0.008
U 141 | F 288768 | FPS 0028 | D 10119 | rR:mu sigma m M 0.00 0.00 0.00 0.00 | F:mu sigma m M 199.9 204.0 35.0 767.0 | H 1.098 | V -0.003 | pL -0.001 | vL 0.000 | delta 0.003
U 142 | F 290816 | FPS 0027 | D 10195 | rR:mu sigma m M 0.00 0.00 0.00 0.00 | F:mu sigma m M 163.7 192.8 35.0 795.0 | H 1.098 | V -0.001 | pL -0.001 | vL 0.000 | delta 0.001
U 143 | F 292864 | FPS 0030 | D 10265 | rR:mu sigma m M 0.00 0.00 0.00 0.00 | F:mu sigma m M 167.9 176.6 33.0 795.0 | H 1.098 | V 0.002 | pL -0.001 | vL 0.000 | delta 0.003
U 144 | F 294912 | FPS 0032 | D 10329 | rR:mu sigma m M 0.04 0.15 0.00 0.62 | F:mu sigma m M 144.2 100.9 25.0 382.0 | H 1.096 | V 0.005 | pL -0.004 | vL 0.000 | delta 0.012
U 145 | F 296960 | FPS 0026 | D 10409 | rR:mu sigma m M 0.00 0.00 0.00 0.00 | F:mu sigma m M 233.9 192.2 27.0 699.0 | H 1.098 | V 0.000 | pL -0.001 | vL 0.000 | delta 0.003
U 146 | F 299008 | FPS 0026 | D 10488 | rR:mu sigma m M 0.00 0.00 0.00 0.00 | F:mu sigma m M 102.3 73.2 27.0 300.0 | H 1.098 | V -0.001 | pL -0.000 | vL 0.000 | delta 0.001
U 147 | F 301056 | FPS 0030 | D 10556 | rR:mu sigma m M 0.00 0.00 0.00 0.00 | F:mu sigma m M 113.7 58.3 19.0 217.0 | H 1.098 | V 0.001 | pL -0.001 | vL 0.000 | delta 0.002
U 148 | F 303104 | FPS 0029 | D 10626 | rR:mu sigma m M 0.00 0.00 0.00 0.00 | F:mu sigma m M 156.4 116.2 34.0 482.0 | H 1.098 | V 0.000 | pL 0.001 | vL 0.000 | delta 0.002
U 149 | F 305152 | FPS 0030 | D 10694 | rR:mu sigma m M 0.00 0.00 0.00 0.00 | F:mu sigma m M 191.3 125.9 34.0 451.0 | H 1.099 | V 0.001 | pL 0.000 | vL 0.000 | delta 0.000
U 150 | F 307200 | FPS 0030 | D 10762 | rR:mu sigma m M 0.05 0.18 0.00 0.76 | F:mu sigma m M 156.9 115.1 24.0 380.0 | H 1.097 | V 0.007 | pL -0.006 | vL 0.001 | delta 0.018
U 151 | F 309248 | FPS 0031 | D 10828 | rR:mu sigma m M 0.09 0.24 0.00 0.76 | F:mu sigma m M 178.8 117.1 23.0 380.0 | H 1.096 | V 0.016 | pL -0.003 | vL 0.001 | delta 0.029
U 152 | F 311296 | FPS 0029 | D 10899 | rR:mu sigma m M 0.00 0.00 0.00 0.00 | F:mu sigma m M 152.5 106.4 23.0 460.0 | H 1.097 | V -0.004 | pL -0.002 | vL 0.000 | delta 0.006
U 153 | F 313344 | FPS 0034 | D 10959 | rR:mu sigma m M 0.04 0.14 0.00 0.58 | F:mu sigma m M 182.6 159.8 20.0 650.0 | H 1.092 | V 0.016 | pL -0.007 | vL 0.001 | delta 0.026
U 154 | F 315392 | FPS 0030 | D 11027 | rR:mu sigma m M 0.06 0.18 0.00 0.71 | F:mu sigma m M 210.8 160.0 27.0 681.0 | H 1.092 | V 0.014 | pL -0.001 | vL 0.000 | delta 0.017
U 155 | F 317440 | FPS 0027 | D 11104 | rR:mu sigma m M 0.00 0.00 0.00 0.00 | F:mu sigma m M 155.2 102.2 24.0 397.0 | H 1.096 | V 0.009 | pL -0.005 | vL 0.000 | delta 0.028
U 156 | F 319488 | FPS 0029 | D 11175 | rR:mu sigma m M 0.05 0.19 0.00 0.79 | F:mu sigma m M 151.0 98.0 17.0 301.0 | H 1.094 | V 0.030 | pL -0.003 | vL 0.001 | delta 0.041
U 157 | F 321536 | FPS 0030 | D 11244 | rR:mu sigma m M 0.05 0.19 0.00 0.79 | F:mu sigma m M 183.8 122.9 17.0 512.0 | H 1.093 | V 0.037 | pL -0.000 | vL 0.002 | delta 0.019
U 158 | F 323584 | FPS 0031 | D 11310 | rR:mu sigma m M 0.12 0.25 0.00 0.77 | F:mu sigma m M 209.1 127.5 56.0 537.0 | H 1.081 | V 0.059 | pL -0.001 | vL 0.002 | delta 0.034
U 159 | F 325632 | FPS 0026 | D 11388 | rR:mu sigma m M 0.04 0.15 0.00 0.63 | F:mu sigma m M 192.8 141.4 39.0 533.0 | H 1.086 | V 0.013 | pL 0.001 | vL 0.000 | delta 0.016
U 160 | F 327680 | FPS 0030 | D 11455 | rR:mu sigma m M 0.06 0.23 0.00 0.96 | F:mu sigma m M 124.1 124.5 15.0 493.0 | H 1.082 | V 0.035 | pL -0.004 | vL 0.002 | delta 0.019
U 161 | F 329728 | FPS 0036 | D 11511 | rR:mu sigma m M 0.12 0.27 0.00 0.91 | F:mu sigma m M 136.7 109.7 28.0 418.0 | H 1.062 | V 0.080 | pL -0.002 | vL 0.004 | delta 0.052
U 162 | F 331776 | FPS 0035 | D 11570 | rR:mu sigma m M 0.11 0.30 0.00 0.91 | F:mu sigma m M 127.0 115.8 29.0 480.0 | H 1.051 | V 0.082 | pL 0.005 | vL 0.003 | delta 0.028
U 163 | F 333824 | FPS 0033 | D 11633 | rR:mu sigma m M 0.05 0.21 0.00 0.85 | F:mu sigma m M 183.9 78.8 46.0 304.0 | H 1.065 | V 0.079 | pL 0.012 | vL 0.003 | delta 0.029
U 164 | F 335872 | FPS 0033 | D 11695 | rR:mu sigma m M 0.09 0.25 0.00 0.80 | F:mu sigma m M 122.4 96.9 28.0 428.0 | H 1.065 | V 0.074 | pL -0.002 | vL 0.003 | delta 0.028
U 165 | F 337920 | FPS 0028 | D 11769 | rR:mu sigma m M 0.10 0.25 0.00 0.80 | F:mu sigma m M 115.5 77.8 21.0 272.0 | H 1.069 | V 0.056 | pL 0.009 | vL 0.002 | delta 0.031
U 166 | F 339968 | FPS 0029 | D 11840 | rR:mu sigma m M 0.15 0.31 0.00 0.86 | F:mu sigma m M 149.6 97.8 27.0 381.0 | H 1.069 | V 0.075 | pL -0.006 | vL 0.003 | delta 0.039
U 167 | F 342016 | FPS 0034 | D 11900 | rR:mu sigma m M 0.05 0.21 0.00 0.86 | F:mu sigma m M 106.3 73.7 26.0 289.0 | H 1.056 | V 0.059 | pL 0.004 | vL 0.002 | delta 0.028
U 168 | F 344064 | FPS 0030 | D 11968 | rR:mu sigma m M 0.16 0.34 0.00 0.90 | F:mu sigma m M 159.6 119.3 26.0 423.0 | H 1.030 | V 0.088 | pL 0.005 | vL 0.007 | delta 0.042
U 169 | F 346112 | FPS 0029 | D 12040 | rR:mu sigma m M 0.11 0.29 0.00 0.90 | F:mu sigma m M 151.8 122.2 26.0 434.0 | H 1.029 | V 0.071 | pL 0.004 | vL 0.001 | delta 0.019
U 170 | F 348160 | FPS 0034 | D 12101 | rR:mu sigma m M 0.10 0.26 0.00 0.88 | F:mu sigma m M 234.1 169.5 43.0 753.0 | H 1.028 | V 0.101 | pL 0.008 | vL 0.003 | delta 0.038
U 171 | F 350208 | FPS 0034 | D 12162 | rR:mu sigma m M 0.25 0.37 0.00 0.87 | F:mu sigma m M 138.6 92.2 30.0 323.0 | H 1.021 | V 0.122 | pL -0.005 | vL 0.004 | delta 0.029
U 172 | F 352256 | FPS 0033 | D 12223 | rR:mu sigma m M 0.24 0.36 0.00 0.85 | F:mu sigma m M 157.1 77.8 38.0 317.0 | H 1.038 | V 0.119 | pL 0.005 | vL 0.004 | delta 0.039
U 173 | F 354304 | FPS 0033 | D 12286 | rR:mu sigma m M 0.34 0.41 0.00 0.95 | F:mu sigma m M 175.5 151.2 35.0 685.0 | H 1.003 | V 0.144 | pL -0.006 | vL 0.005 | delta 0.032
U 174 | F 356352 | FPS 0041 | D 12336 | rR:mu sigma m M 0.40 0.38 0.00 0.92 | F:mu sigma m M 221.1 167.2 32.0 685.0 | H 0.928 | V 0.197 | pL -0.016 | vL 0.006 | delta 0.060
U 175 | F 358400 | FPS 0043 | D 12383 | rR:mu sigma m M 0.66 0.37 0.00 0.96 | F:mu sigma m M 136.6 64.6 35.0 228.0 | H 0.836 | V 0.261 | pL -0.041 | vL 0.011 | delta 0.064
U 176 | F 360448 | FPS 0045 | D 12428 | rR:mu sigma m M 0.74 0.33 0.00 0.96 | F:mu sigma m M 115.9 83.8 34.0 341.0 | H 0.783 | V 0.316 | pL -0.047 | vL 0.014 | delta 0.075
U 177 | F 362496 | FPS 0046 | D 12473 | rR:mu sigma m M 0.84 0.23 0.00 0.97 | F:mu sigma m M 90.8 56.7 20.0 234.0 | H 0.583 | V 0.425 | pL -0.104 | vL 0.011 | delta 0.125
U 178 | F 364544 | FPS 0055 | D 12510 | rR:mu sigma m M 0.92 0.16 0.00 0.97 | F:mu sigma m M 50.4 24.9 22.0 138.0 | H 0.445 | V 0.590 | pL -0.085 | vL 0.009 | delta 0.115
U 179 | F 366592 | FPS 0062 | D 12543 | rR:mu sigma m M 0.90 0.21 0.00 0.98 | F:mu sigma m M 55.8 36.3 25.0 199.0 | H 0.362 | V 0.666 | pL -0.035 | vL 0.012 | delta 0.150
U 180 | F 368640 | FPS 0068 | D 12573 | rR:mu sigma m M 0.91 0.20 0.00 0.98 | F:mu sigma m M 48.5 47.9 18.0 337.0 | H 0.368 | V 0.694 | pL -0.040 | vL 0.008 | delta 0.075
U 181 | F 370688 | FPS 0071 | D 12602 | rR:mu sigma m M 0.95 0.12 0.00 0.98 | F:mu sigma m M 37.3 12.3 25.0 85.0 | H 0.321 | V 0.761 | pL -0.041 | vL 0.006 | delta 0.069
U 182 | F 372736 | FPS 0074 | D 12629 | rR:mu sigma m M 0.93 0.18 0.00 0.98 | F:mu sigma m M 35.8 19.7 25.0 163.0 | H 0.263 | V 0.763 | pL -0.014 | vL 0.009 | delta 0.069
U 183 | F 374784 | FPS 0075 | D 12657 | rR:mu sigma m M 0.97 0.01 0.93 0.98 | F:mu sigma m M 32.1 8.8 25.0 70.0 | H 0.270 | V 0.794 | pL -0.016 | vL 0.002 | delta 0.047
agent reach optimality, start collecting trajectories
agent successfully collected 10 trajectories
pickling optimal trajectories
Model successfully saved
/home/rdali/.local/easybuild/software/2017/Core/miniconda3/4.3.27/envs/observe/lib/python3.6/site-packages/torch/nn/functional.py:1906: UserWarning: reduction: 'mean' divides the total loss by both the batch size and the support size.'batchmean' divides only by the batch size, and aligns with the KL div math definition.'mean' will be changed to behave the same as 'batchmean' in the next major release.
  warnings.warn("reduction: 'mean' divides the total loss by both the batch size and the support size."
