The following modules were not unloaded:
  (Use "module --force purge" to unload all):

  1) StdEnv/2018.3     4) gcccore/.7.3.0      7) intel/2018.3
  2) nixpkgs/16.09     5) icc/.2018.3.222     8) openmpi/3.1.2
  3) imkl/2018.3.222   6) ifort/.2018.3.222

Due to MODULEPATH changes, the following have been reloaded:
  1) openmpi/3.1.2

Attention: While Conda works well in a desktop environment, it tends to create more problems than it solves on a cluster. Instead, we recommend that users use virtual environments and the binary packages that we provide through Python wheels as documented on the Python page.
/home/rdali/RL/watch_and_learn/dependency/rl-starter-files/scripts/train_agent_multidem.py --env MiniGrid-LavaCrossingAddictO12S15-v0 --algo ppo --nameDemonstrator LavaCrossing1215Addict1,LavaCrossing1215Addict2,LavaCrossing1215Addict4,LavaCrossing1215Addict5,LavaCrossing1215Addict7,LavaCrossing1215Addict8,LavaCrossing1215Addict9,LavaCrossing1215Addict10 --flat-model 0 --KLweight 0.01 --useKL 1 --meanReward 0.80 --rewardLB 0.70 --seed 2462

Namespace(KLweight=0.01, algo='ppo', batch_size=256, clip_eps=0.2, discount=0.99, entropy_coef=0.01, env='MiniGrid-LavaCrossingAddictO12S15-v0', epochs=4, flat_model=0, frames=10000000, frames_per_proc=None, full_obs=0, gae_lambda=0.95, log_interval=1, lr=0.0007, max_grad_norm=0.5, meanReward=0.8, mem=False, model=None, nameDemonstrator='LavaCrossing1215Addict1,LavaCrossing1215Addict2,LavaCrossing1215Addict4,LavaCrossing1215Addict5,LavaCrossing1215Addict7,LavaCrossing1215Addict8,LavaCrossing1215Addict9,LavaCrossing1215Addict10', optim_alpha=0.99, optim_eps=1e-05, procs=16, recurrence=1, rewardLB=0.7, save_interval=0, seed=2462, tb=False, text=False, useKL=1, value_loss_coef=0.5)

Flat model successfully created

ACModel(
  (image_conv): Sequential(
    (0): Conv2d(3, 32, kernel_size=(2, 2), stride=(1, 1))
    (1): ReLU()
    (2): MaxPool2d(kernel_size=(2, 2), stride=(2, 2), padding=0, dilation=1, ceil_mode=False)
    (3): Conv2d(32, 64, kernel_size=(2, 2), stride=(1, 1))
    (4): ReLU()
    (5): Conv2d(64, 64, kernel_size=(2, 2), stride=(1, 1))
    (6): ReLU()
  )
  (actor): Sequential(
    (0): Linear(in_features=1600, out_features=64, bias=True)
    (1): Tanh()
    (2): Linear(in_features=64, out_features=3, bias=True)
  )
  (critic): Sequential(
    (0): Linear(in_features=1600, out_features=64, bias=True)
    (1): Tanh()
    (2): Linear(in_features=64, out_features=1, bias=True)
  )
)

CUDA available: False

1
True
0.01
Using TensorFlow backend.
OMP: Info #212: KMP_AFFINITY: decoding x2APIC ids.
OMP: Info #210: KMP_AFFINITY: Affinity capable, using global cpuid leaf 11 info
OMP: Info #154: KMP_AFFINITY: Initial OS proc set respected: 0,1,3,6,8
OMP: Info #156: KMP_AFFINITY: 5 available OS procs
OMP: Info #158: KMP_AFFINITY: Nonuniform topology
OMP: Info #179: KMP_AFFINITY: 2 packages x 3 cores/pkg x 1 threads/core (5 total cores)
OMP: Info #214: KMP_AFFINITY: OS proc to physical thread map:
OMP: Info #171: KMP_AFFINITY: OS proc 0 maps to package 0 core 0 
OMP: Info #171: KMP_AFFINITY: OS proc 8 maps to package 0 core 2 
OMP: Info #171: KMP_AFFINITY: OS proc 6 maps to package 0 core 3 
OMP: Info #171: KMP_AFFINITY: OS proc 1 maps to package 1 core 0 
OMP: Info #171: KMP_AFFINITY: OS proc 3 maps to package 1 core 4 
OMP: Info #250: KMP_AFFINITY: pid 374888 tid 374888 thread 0 bound to OS proc set 0
OMP: Info #250: KMP_AFFINITY: pid 374888 tid 375071 thread 1 bound to OS proc set 1
OMP: Info #250: KMP_AFFINITY: pid 374888 tid 375072 thread 2 bound to OS proc set 8
OMP: Info #250: KMP_AFFINITY: pid 374888 tid 375073 thread 3 bound to OS proc set 3
OMP: Info #250: KMP_AFFINITY: pid 374888 tid 375074 thread 4 bound to OS proc set 6
OMP: Info #250: KMP_AFFINITY: pid 374888 tid 375355 thread 5 bound to OS proc set 0
OMP: Info #250: KMP_AFFINITY: pid 374888 tid 375354 thread 6 bound to OS proc set 1
OMP: Info #250: KMP_AFFINITY: pid 374888 tid 375379 thread 7 bound to OS proc set 8
OMP: Info #250: KMP_AFFINITY: pid 374888 tid 375380 thread 8 bound to OS proc set 3
OMP: Info #250: KMP_AFFINITY: pid 374888 tid 375381 thread 9 bound to OS proc set 6
OMP: Info #250: KMP_AFFINITY: pid 374888 tid 375382 thread 10 bound to OS proc set 0
OMP: Info #250: KMP_AFFINITY: pid 374888 tid 375408 thread 11 bound to OS proc set 1
OMP: Info #250: KMP_AFFINITY: pid 374888 tid 375409 thread 12 bound to OS proc set 8
OMP: Info #250: KMP_AFFINITY: pid 374888 tid 375411 thread 14 bound to OS proc set 6
OMP: Info #250: KMP_AFFINITY: pid 374888 tid 375410 thread 13 bound to OS proc set 3
OMP: Info #250: KMP_AFFINITY: pid 374888 tid 375412 thread 15 bound to OS proc set 0
U 1 | F 002048 | FPS 0021 | D 98 | rR:mu sigma m M 0.00 0.00 0.00 0.00 | F:mu sigma m M 18.4 40.8 0.0 128.0 | H 1.093 | V 0.188 | pL 0.041 | vL 0.001 | delta 0.111
U 2 | F 004096 | FPS 0025 | D 180 | rR:mu sigma m M 0.00 0.00 0.00 0.00 | F:mu sigma m M 136.8 67.1 26.0 252.0 | H 1.089 | V 0.132 | pL 0.038 | vL 0.001 | delta 0.020
U 3 | F 006144 | FPS 0025 | D 262 | rR:mu sigma m M 0.00 0.00 0.00 0.00 | F:mu sigma m M 171.2 86.4 37.0 317.0 | H 1.089 | V 0.102 | pL 0.031 | vL 0.000 | delta 0.020
U 4 | F 008192 | FPS 0027 | D 339 | rR:mu sigma m M 0.00 0.00 0.00 0.00 | F:mu sigma m M 164.4 86.1 37.0 317.0 | H 1.097 | V 0.082 | pL 0.020 | vL 0.000 | delta 0.013
U 5 | F 010240 | FPS 0025 | D 421 | rR:mu sigma m M 0.00 0.00 0.00 0.00 | F:mu sigma m M 188.7 106.2 53.0 434.0 | H 1.085 | V 0.067 | pL 0.021 | vL 0.000 | delta 0.015
U 6 | F 012288 | FPS 0023 | D 510 | rR:mu sigma m M 0.00 0.00 0.00 0.00 | F:mu sigma m M 177.5 116.8 53.0 434.0 | H 1.098 | V 0.049 | pL 0.011 | vL 0.000 | delta 0.006
U 7 | F 014336 | FPS 0026 | D 589 | rR:mu sigma m M 0.00 0.00 0.00 0.00 | F:mu sigma m M 215.6 156.3 49.0 586.0 | H 1.098 | V 0.039 | pL 0.011 | vL 0.000 | delta 0.006
U 8 | F 016384 | FPS 0023 | D 677 | rR:mu sigma m M 0.00 0.00 0.00 0.00 | F:mu sigma m M 192.2 216.5 37.0 900.0 | H 1.098 | V 0.030 | pL 0.011 | vL 0.000 | delta 0.005
U 9 | F 018432 | FPS 0028 | D 750 | rR:mu sigma m M 0.00 0.00 0.00 0.00 | F:mu sigma m M 200.4 146.3 42.0 488.0 | H 1.098 | V 0.025 | pL 0.007 | vL 0.000 | delta 0.003
U 10 | F 020480 | FPS 0026 | D 828 | rR:mu sigma m M 0.00 0.00 0.00 0.00 | F:mu sigma m M 169.5 106.0 53.0 420.0 | H 1.098 | V 0.019 | pL 0.006 | vL 0.000 | delta 0.002
U 11 | F 022528 | FPS 0027 | D 903 | rR:mu sigma m M 0.00 0.00 0.00 0.00 | F:mu sigma m M 126.2 87.1 23.0 420.0 | H 1.098 | V 0.015 | pL 0.004 | vL 0.000 | delta 0.002
U 12 | F 024576 | FPS 0024 | D 987 | rR:mu sigma m M 0.00 0.00 0.00 0.00 | F:mu sigma m M 202.4 155.1 23.0 563.0 | H 1.098 | V 0.012 | pL 0.004 | vL 0.000 | delta 0.002
U 13 | F 026624 | FPS 0024 | D 1074 | rR:mu sigma m M 0.00 0.00 0.00 0.00 | F:mu sigma m M 263.2 166.9 53.0 635.0 | H 1.098 | V 0.010 | pL 0.003 | vL 0.000 | delta 0.001
U 14 | F 028672 | FPS 0029 | D 1145 | rR:mu sigma m M 0.00 0.00 0.00 0.00 | F:mu sigma m M 144.5 124.8 33.0 540.0 | H 1.098 | V 0.008 | pL 0.003 | vL 0.000 | delta 0.002
U 15 | F 030720 | FPS 0028 | D 1218 | rR:mu sigma m M 0.00 0.00 0.00 0.00 | F:mu sigma m M 212.5 185.6 16.0 662.0 | H 1.098 | V 0.006 | pL 0.002 | vL 0.000 | delta 0.001
U 16 | F 032768 | FPS 0027 | D 1295 | rR:mu sigma m M 0.05 0.20 0.00 0.81 | F:mu sigma m M 115.4 66.8 20.0 293.0 | H 1.093 | V 0.008 | pL -0.002 | vL 0.002 | delta 0.012
U 17 | F 034816 | FPS 0029 | D 1366 | rR:mu sigma m M 0.00 0.00 0.00 0.00 | F:mu sigma m M 115.4 98.1 16.0 380.0 | H 1.098 | V 0.007 | pL 0.002 | vL 0.000 | delta 0.002
U 18 | F 036864 | FPS 0026 | D 1443 | rR:mu sigma m M 0.00 0.00 0.00 0.00 | F:mu sigma m M 179.4 109.8 16.0 380.0 | H 1.098 | V 0.006 | pL 0.002 | vL 0.000 | delta 0.001
U 19 | F 038912 | FPS 0024 | D 1528 | rR:mu sigma m M 0.00 0.00 0.00 0.00 | F:mu sigma m M 148.1 107.9 19.0 472.0 | H 1.099 | V 0.005 | pL 0.002 | vL 0.000 | delta 0.001
U 20 | F 040960 | FPS 0029 | D 1600 | rR:mu sigma m M 0.00 0.00 0.00 0.00 | F:mu sigma m M 141.4 122.5 18.0 472.0 | H 1.099 | V 0.004 | pL 0.001 | vL 0.000 | delta 0.000
U 21 | F 043008 | FPS 0030 | D 1669 | rR:mu sigma m M 0.00 0.00 0.00 0.00 | F:mu sigma m M 165.9 127.5 18.0 464.0 | H 1.099 | V 0.003 | pL 0.001 | vL 0.000 | delta 0.000
U 22 | F 045056 | FPS 0025 | D 1750 | rR:mu sigma m M 0.00 0.00 0.00 0.00 | F:mu sigma m M 173.5 133.7 30.0 464.0 | H 1.099 | V 0.002 | pL 0.001 | vL 0.000 | delta 0.001
U 23 | F 047104 | FPS 0025 | D 1831 | rR:mu sigma m M 0.00 0.00 0.00 0.00 | F:mu sigma m M 199.2 205.8 46.0 819.0 | H 1.099 | V 0.002 | pL 0.001 | vL 0.000 | delta 0.000
U 24 | F 049152 | FPS 0028 | D 1904 | rR:mu sigma m M 0.00 0.00 0.00 0.00 | F:mu sigma m M 204.3 142.6 39.0 531.0 | H 1.099 | V 0.001 | pL 0.000 | vL 0.000 | delta 0.000
U 25 | F 051200 | FPS 0031 | D 1970 | rR:mu sigma m M 0.00 0.00 0.00 0.00 | F:mu sigma m M 132.4 90.2 26.0 337.0 | H 1.099 | V 0.001 | pL 0.000 | vL 0.000 | delta 0.000
U 26 | F 053248 | FPS 0028 | D 2043 | rR:mu sigma m M 0.00 0.00 0.00 0.00 | F:mu sigma m M 114.6 66.0 26.0 294.0 | H 1.099 | V 0.001 | pL 0.000 | vL 0.000 | delta 0.000
U 27 | F 055296 | FPS 0027 | D 2118 | rR:mu sigma m M 0.00 0.00 0.00 0.00 | F:mu sigma m M 180.4 127.8 39.0 517.0 | H 1.099 | V 0.001 | pL 0.000 | vL 0.000 | delta 0.000
U 28 | F 057344 | FPS 0030 | D 2186 | rR:mu sigma m M 0.00 0.00 0.00 0.00 | F:mu sigma m M 171.1 147.1 16.0 517.0 | H 1.099 | V 0.000 | pL 0.000 | vL 0.000 | delta 0.000
U 29 | F 059392 | FPS 0027 | D 2263 | rR:mu sigma m M 0.00 0.00 0.00 0.00 | F:mu sigma m M 198.9 172.3 33.0 629.0 | H 1.099 | V 0.001 | pL 0.000 | vL 0.000 | delta 0.000
U 30 | F 061440 | FPS 0029 | D 2333 | rR:mu sigma m M 0.00 0.00 0.00 0.00 | F:mu sigma m M 190.2 165.7 20.0 496.0 | H 1.099 | V 0.000 | pL 0.000 | vL 0.000 | delta 0.000
U 31 | F 063488 | FPS 0025 | D 2416 | rR:mu sigma m M 0.00 0.00 0.00 0.00 | F:mu sigma m M 153.9 138.1 13.0 496.0 | H 1.099 | V 0.000 | pL 0.000 | vL 0.000 | delta 0.000
U 32 | F 065536 | FPS 0028 | D 2489 | rR:mu sigma m M 0.00 0.00 0.00 0.00 | F:mu sigma m M 155.6 94.7 31.0 408.0 | H 1.099 | V 0.000 | pL 0.000 | vL 0.000 | delta 0.000
U 33 | F 067584 | FPS 0029 | D 2560 | rR:mu sigma m M 0.00 0.00 0.00 0.00 | F:mu sigma m M 137.8 112.4 29.0 408.0 | H 1.099 | V 0.000 | pL 0.000 | vL 0.000 | delta 0.000
U 34 | F 069632 | FPS 0024 | D 2645 | rR:mu sigma m M 0.00 0.00 0.00 0.00 | F:mu sigma m M 135.4 102.2 27.0 390.0 | H 1.099 | V 0.000 | pL 0.000 | vL 0.000 | delta 0.000
U 35 | F 071680 | FPS 0027 | D 2720 | rR:mu sigma m M 0.00 0.00 0.00 0.00 | F:mu sigma m M 160.6 99.3 41.0 398.0 | H 1.099 | V 0.000 | pL 0.000 | vL 0.000 | delta 0.000
U 36 | F 073728 | FPS 0028 | D 2794 | rR:mu sigma m M 0.04 0.16 0.00 0.66 | F:mu sigma m M 290.0 224.1 57.0 780.0 | H 1.095 | V 0.002 | pL -0.004 | vL 0.001 | delta 0.020
U 37 | F 075776 | FPS 0029 | D 2865 | rR:mu sigma m M 0.00 0.00 0.00 0.00 | F:mu sigma m M 176.4 174.3 15.0 780.0 | H 1.099 | V -0.000 | pL 0.000 | vL 0.000 | delta 0.002
U 38 | F 077824 | FPS 0025 | D 2946 | rR:mu sigma m M 0.00 0.00 0.00 0.00 | F:mu sigma m M 161.4 152.9 14.0 609.0 | H 1.099 | V 0.001 | pL 0.000 | vL 0.000 | delta 0.001
U 39 | F 079872 | FPS 0027 | D 3023 | rR:mu sigma m M 0.00 0.00 0.00 0.00 | F:mu sigma m M 138.8 105.5 14.0 390.0 | H 1.096 | V 0.001 | pL 0.000 | vL 0.000 | delta 0.003
U 40 | F 081920 | FPS 0029 | D 3093 | rR:mu sigma m M 0.00 0.00 0.00 0.00 | F:mu sigma m M 182.6 161.2 19.0 713.0 | H 1.099 | V 0.003 | pL 0.001 | vL 0.000 | delta 0.001
U 41 | F 083968 | FPS 0028 | D 3166 | rR:mu sigma m M 0.00 0.00 0.00 0.00 | F:mu sigma m M 161.8 83.2 31.0 326.0 | H 1.099 | V 0.002 | pL 0.001 | vL 0.000 | delta 0.001
U 42 | F 086016 | FPS 0026 | D 3246 | rR:mu sigma m M 0.00 0.00 0.00 0.00 | F:mu sigma m M 169.0 146.9 35.0 644.0 | H 1.099 | V 0.001 | pL 0.000 | vL 0.000 | delta 0.000
U 43 | F 088064 | FPS 0031 | D 3313 | rR:mu sigma m M 0.00 0.00 0.00 0.00 | F:mu sigma m M 226.2 224.0 27.0 900.0 | H 1.099 | V 0.001 | pL 0.000 | vL 0.000 | delta 0.000
U 44 | F 090112 | FPS 0028 | D 3385 | rR:mu sigma m M 0.00 0.00 0.00 0.00 | F:mu sigma m M 144.0 88.5 44.0 344.0 | H 1.099 | V 0.001 | pL 0.000 | vL 0.000 | delta 0.000
U 45 | F 092160 | FPS 0027 | D 3462 | rR:mu sigma m M 0.00 0.00 0.00 0.00 | F:mu sigma m M 150.2 73.7 34.0 299.0 | H 1.099 | V 0.001 | pL 0.000 | vL 0.000 | delta 0.000
U 46 | F 094208 | FPS 0027 | D 3538 | rR:mu sigma m M 0.00 0.00 0.00 0.00 | F:mu sigma m M 172.4 188.5 21.0 674.0 | H 1.099 | V 0.001 | pL 0.000 | vL 0.000 | delta 0.001
U 47 | F 096256 | FPS 0030 | D 3607 | rR:mu sigma m M 0.05 0.20 0.00 0.81 | F:mu sigma m M 200.8 163.3 21.0 632.0 | H 1.095 | V 0.011 | pL -0.007 | vL 0.001 | delta 0.036
U 48 | F 098304 | FPS 0033 | D 3669 | rR:mu sigma m M 0.05 0.20 0.00 0.81 | F:mu sigma m M 145.6 97.0 20.0 325.0 | H 1.098 | V -0.006 | pL -0.002 | vL 0.000 | delta 0.002
U 49 | F 100352 | FPS 0032 | D 3732 | rR:mu sigma m M 0.00 0.00 0.00 0.00 | F:mu sigma m M 187.6 165.0 28.0 557.0 | H 1.098 | V -0.005 | pL -0.001 | vL 0.000 | delta 0.001
U 50 | F 102400 | FPS 0029 | D 3804 | rR:mu sigma m M 0.00 0.00 0.00 0.00 | F:mu sigma m M 174.7 226.6 19.0 900.0 | H 1.099 | V -0.004 | pL -0.001 | vL 0.000 | delta 0.000
U 51 | F 104448 | FPS 0029 | D 3875 | rR:mu sigma m M 0.00 0.00 0.00 0.00 | F:mu sigma m M 199.7 214.5 19.0 900.0 | H 1.099 | V -0.003 | pL -0.001 | vL 0.000 | delta 0.000
U 52 | F 106496 | FPS 0026 | D 3954 | rR:mu sigma m M 0.00 0.00 0.00 0.00 | F:mu sigma m M 240.2 190.9 31.0 683.0 | H 1.099 | V -0.003 | pL -0.001 | vL 0.000 | delta 0.000
U 53 | F 108544 | FPS 0028 | D 4028 | rR:mu sigma m M 0.00 0.00 0.00 0.00 | F:mu sigma m M 237.8 195.6 31.0 683.0 | H 1.099 | V -0.002 | pL -0.000 | vL 0.000 | delta 0.000
U 54 | F 110592 | FPS 0029 | D 4100 | rR:mu sigma m M 0.00 0.00 0.00 0.00 | F:mu sigma m M 193.3 135.5 40.0 484.0 | H 1.099 | V -0.001 | pL -0.000 | vL 0.000 | delta 0.000
U 55 | F 112640 | FPS 0030 | D 4168 | rR:mu sigma m M 0.00 0.00 0.00 0.00 | F:mu sigma m M 199.4 163.1 28.0 564.0 | H 1.099 | V -0.001 | pL -0.000 | vL 0.000 | delta 0.000
U 56 | F 114688 | FPS 0032 | D 4232 | rR:mu sigma m M 0.07 0.21 0.00 0.80 | F:mu sigma m M 173.5 156.2 41.0 520.0 | H 1.095 | V 0.011 | pL -0.011 | vL 0.002 | delta 0.024
U 57 | F 116736 | FPS 0031 | D 4299 | rR:mu sigma m M 0.09 0.23 0.00 0.80 | F:mu sigma m M 163.7 114.7 48.0 440.0 | H 1.097 | V 0.010 | pL 0.001 | vL 0.000 | delta 0.003
U 58 | F 118784 | FPS 0026 | D 4379 | rR:mu sigma m M 0.00 0.00 0.00 0.00 | F:mu sigma m M 189.1 103.7 52.0 400.0 | H 1.098 | V 0.012 | pL 0.003 | vL 0.000 | delta 0.002
U 59 | F 120832 | FPS 0028 | D 4453 | rR:mu sigma m M 0.00 0.00 0.00 0.00 | F:mu sigma m M 226.9 124.0 46.0 400.0 | H 1.099 | V 0.009 | pL 0.002 | vL 0.000 | delta 0.003
U 60 | F 122880 | FPS 0031 | D 4518 | rR:mu sigma m M 0.00 0.00 0.00 0.00 | F:mu sigma m M 200.3 106.1 51.0 391.0 | H 1.098 | V 0.009 | pL 0.001 | vL 0.000 | delta 0.002
U 61 | F 124928 | FPS 0033 | D 4581 | rR:mu sigma m M 0.08 0.22 0.00 0.74 | F:mu sigma m M 178.2 94.4 51.0 384.0 | H 1.096 | V 0.013 | pL -0.007 | vL 0.002 | delta 0.015
U 62 | F 126976 | FPS 0026 | D 4659 | rR:mu sigma m M 0.04 0.15 0.00 0.62 | F:mu sigma m M 153.5 74.3 51.0 384.0 | H 1.098 | V -0.001 | pL -0.001 | vL 0.000 | delta 0.001
U 63 | F 129024 | FPS 0029 | D 4730 | rR:mu sigma m M 0.04 0.14 0.00 0.58 | F:mu sigma m M 178.3 140.2 18.0 502.0 | H 1.095 | V 0.006 | pL -0.005 | vL 0.001 | delta 0.015
U 64 | F 131072 | FPS 0030 | D 4799 | rR:mu sigma m M 0.00 0.00 0.00 0.00 | F:mu sigma m M 135.9 117.0 16.0 401.0 | H 1.098 | V 0.008 | pL 0.002 | vL 0.000 | delta 0.007
U 65 | F 133120 | FPS 0026 | D 4878 | rR:mu sigma m M 0.00 0.00 0.00 0.00 | F:mu sigma m M 114.9 109.6 19.0 401.0 | H 1.098 | V -0.001 | pL -0.001 | vL 0.000 | delta 0.003
U 66 | F 135168 | FPS 0027 | D 4954 | rR:mu sigma m M 0.00 0.00 0.00 0.00 | F:mu sigma m M 148.1 87.4 40.0 310.0 | H 1.098 | V 0.002 | pL 0.000 | vL 0.000 | delta 0.002
U 67 | F 137216 | FPS 0030 | D 5022 | rR:mu sigma m M 0.03 0.12 0.00 0.50 | F:mu sigma m M 164.5 133.3 35.0 501.0 | H 1.095 | V 0.007 | pL -0.004 | vL 0.000 | delta 0.005
U 68 | F 139264 | FPS 0033 | D 5085 | rR:mu sigma m M 0.00 0.00 0.00 0.00 | F:mu sigma m M 120.9 77.0 26.0 284.0 | H 1.098 | V 0.001 | pL -0.000 | vL 0.000 | delta 0.001
U 69 | F 141312 | FPS 0026 | D 5164 | rR:mu sigma m M 0.00 0.00 0.00 0.00 | F:mu sigma m M 98.8 61.5 21.0 228.0 | H 1.098 | V 0.002 | pL 0.000 | vL 0.000 | delta 0.001
U 70 | F 143360 | FPS 0025 | D 5245 | rR:mu sigma m M 0.04 0.16 0.00 0.66 | F:mu sigma m M 175.8 154.8 14.0 561.0 | H 1.089 | V 0.007 | pL -0.006 | vL 0.001 | delta 0.011
U 71 | F 145408 | FPS 0029 | D 5317 | rR:mu sigma m M 0.00 0.00 0.00 0.00 | F:mu sigma m M 250.4 177.9 11.0 561.0 | H 1.098 | V 0.005 | pL 0.001 | vL 0.000 | delta 0.001
U 72 | F 147456 | FPS 0029 | D 5389 | rR:mu sigma m M 0.00 0.00 0.00 0.00 | F:mu sigma m M 151.2 121.1 11.0 540.0 | H 1.098 | V 0.006 | pL 0.001 | vL 0.000 | delta 0.002
U 73 | F 149504 | FPS 0026 | D 5466 | rR:mu sigma m M 0.00 0.00 0.00 0.00 | F:mu sigma m M 202.6 170.3 16.0 761.0 | H 1.097 | V 0.008 | pL 0.002 | vL 0.000 | delta 0.004
U 74 | F 151552 | FPS 0028 | D 5539 | rR:mu sigma m M 0.00 0.00 0.00 0.00 | F:mu sigma m M 196.9 183.8 16.0 761.0 | H 1.097 | V 0.011 | pL 0.002 | vL 0.000 | delta 0.003
U 75 | F 153600 | FPS 0031 | D 5606 | rR:mu sigma m M 0.00 0.00 0.00 0.00 | F:mu sigma m M 168.2 99.2 69.0 373.0 | H 1.098 | V 0.007 | pL 0.002 | vL 0.000 | delta 0.002
U 76 | F 155648 | FPS 0025 | D 5688 | rR:mu sigma m M 0.00 0.00 0.00 0.00 | F:mu sigma m M 181.1 129.1 16.0 449.0 | H 1.099 | V 0.003 | pL 0.001 | vL 0.000 | delta 0.001
U 77 | F 157696 | FPS 0029 | D 5758 | rR:mu sigma m M 0.00 0.00 0.00 0.00 | F:mu sigma m M 212.2 162.0 16.0 509.0 | H 1.099 | V 0.003 | pL 0.001 | vL 0.000 | delta 0.000
U 78 | F 159744 | FPS 0027 | D 5833 | rR:mu sigma m M 0.00 0.00 0.00 0.00 | F:mu sigma m M 156.4 217.0 11.0 900.0 | H 1.099 | V 0.002 | pL 0.000 | vL 0.000 | delta 0.001
U 79 | F 161792 | FPS 0026 | D 5911 | rR:mu sigma m M 0.00 0.00 0.00 0.00 | F:mu sigma m M 222.5 245.3 24.0 900.0 | H 1.099 | V 0.001 | pL 0.000 | vL 0.000 | delta 0.000
U 80 | F 163840 | FPS 0026 | D 5991 | rR:mu sigma m M 0.00 0.00 0.00 0.00 | F:mu sigma m M 180.7 121.6 30.0 463.0 | H 1.099 | V 0.001 | pL 0.000 | vL 0.000 | delta 0.000
U 81 | F 165888 | FPS 0027 | D 6068 | rR:mu sigma m M 0.00 0.00 0.00 0.00 | F:mu sigma m M 139.8 107.5 19.0 463.0 | H 1.099 | V 0.001 | pL 0.000 | vL 0.000 | delta 0.000
U 82 | F 167936 | FPS 0030 | D 6137 | rR:mu sigma m M 0.04 0.16 0.00 0.66 | F:mu sigma m M 167.6 97.0 79.0 418.0 | H 1.098 | V 0.005 | pL -0.004 | vL 0.001 | delta 0.013
U 83 | F 169984 | FPS 0027 | D 6213 | rR:mu sigma m M 0.04 0.15 0.00 0.61 | F:mu sigma m M 167.6 131.0 43.0 451.0 | H 1.093 | V 0.011 | pL -0.004 | vL 0.000 | delta 0.016
U 84 | F 172032 | FPS 0030 | D 6283 | rR:mu sigma m M 0.05 0.19 0.00 0.80 | F:mu sigma m M 177.1 106.1 32.0 334.0 | H 1.092 | V 0.012 | pL -0.005 | vL 0.001 | delta 0.017
U 85 | F 174080 | FPS 0032 | D 6346 | rR:mu sigma m M 0.00 0.00 0.00 0.00 | F:mu sigma m M 148.5 139.0 23.0 534.0 | H 1.098 | V 0.001 | pL -0.001 | vL 0.000 | delta 0.007
U 86 | F 176128 | FPS 0029 | D 6417 | rR:mu sigma m M 0.00 0.00 0.00 0.00 | F:mu sigma m M 154.9 131.2 23.0 529.0 | H 1.097 | V 0.005 | pL -0.003 | vL 0.000 | delta 0.018
U 87 | F 178176 | FPS 0029 | D 6487 | rR:mu sigma m M 0.05 0.21 0.00 0.86 | F:mu sigma m M 161.1 107.2 37.0 397.0 | H 1.095 | V 0.010 | pL 0.002 | vL 0.000 | delta 0.020
U 88 | F 180224 | FPS 0026 | D 6566 | rR:mu sigma m M 0.00 0.00 0.00 0.00 | F:mu sigma m M 121.2 59.4 30.0 226.0 | H 1.098 | V 0.015 | pL 0.002 | vL 0.000 | delta 0.007
U 89 | F 182272 | FPS 0026 | D 6644 | rR:mu sigma m M 0.05 0.20 0.00 0.82 | F:mu sigma m M 140.2 98.6 30.0 390.0 | H 1.097 | V 0.020 | pL -0.002 | vL 0.001 | delta 0.027
U 90 | F 184320 | FPS 0025 | D 6726 | rR:mu sigma m M 0.10 0.27 0.00 0.84 | F:mu sigma m M 154.3 96.0 41.0 425.0 | H 1.094 | V 0.022 | pL -0.004 | vL 0.001 | delta 0.010
U 91 | F 186368 | FPS 0033 | D 6787 | rR:mu sigma m M 0.05 0.20 0.00 0.84 | F:mu sigma m M 207.1 154.0 13.0 621.0 | H 1.098 | V 0.014 | pL 0.004 | vL 0.000 | delta 0.009
U 92 | F 188416 | FPS 0029 | D 6857 | rR:mu sigma m M 0.00 0.00 0.00 0.00 | F:mu sigma m M 159.7 126.7 13.0 463.0 | H 1.099 | V 0.009 | pL 0.002 | vL 0.000 | delta 0.002
U 93 | F 190464 | FPS 0028 | D 6932 | rR:mu sigma m M 0.00 0.00 0.00 0.00 | F:mu sigma m M 207.6 154.0 44.0 587.0 | H 1.099 | V 0.010 | pL 0.002 | vL 0.000 | delta 0.001
U 94 | F 192512 | FPS 0027 | D 7008 | rR:mu sigma m M 0.00 0.00 0.00 0.00 | F:mu sigma m M 292.8 174.8 38.0 679.0 | H 1.098 | V 0.011 | pL 0.002 | vL 0.000 | delta 0.003
U 95 | F 194560 | FPS 0028 | D 7080 | rR:mu sigma m M 0.00 0.00 0.00 0.00 | F:mu sigma m M 166.8 120.4 38.0 400.0 | H 1.099 | V 0.008 | pL 0.002 | vL 0.000 | delta 0.001
U 96 | F 196608 | FPS 0026 | D 7159 | rR:mu sigma m M 0.00 0.00 0.00 0.00 | F:mu sigma m M 141.7 77.4 38.0 351.0 | H 1.099 | V 0.006 | pL 0.002 | vL 0.000 | delta 0.001
U 97 | F 198656 | FPS 0028 | D 7233 | rR:mu sigma m M 0.00 0.00 0.00 0.00 | F:mu sigma m M 253.6 201.1 43.0 727.0 | H 1.099 | V 0.004 | pL 0.001 | vL 0.000 | delta 0.000
U 98 | F 200704 | FPS 0027 | D 7310 | rR:mu sigma m M 0.00 0.00 0.00 0.00 | F:mu sigma m M 145.9 88.1 24.0 317.0 | H 1.099 | V 0.003 | pL 0.001 | vL 0.000 | delta 0.000
U 99 | F 202752 | FPS 0027 | D 7385 | rR:mu sigma m M 0.00 0.00 0.00 0.00 | F:mu sigma m M 145.8 67.6 24.0 256.0 | H 1.098 | V 0.008 | pL -0.000 | vL 0.000 | delta 0.004
U 100 | F 204800 | FPS 0024 | D 7471 | rR:mu sigma m M 0.00 0.00 0.00 0.00 | F:mu sigma m M 204.5 107.3 47.0 506.0 | H 1.098 | V 0.005 | pL 0.001 | vL 0.000 | delta 0.001
U 101 | F 206848 | FPS 0030 | D 7539 | rR:mu sigma m M 0.05 0.18 0.00 0.74 | F:mu sigma m M 244.8 164.5 18.0 557.0 | H 1.098 | V 0.010 | pL -0.005 | vL 0.001 | delta 0.008
U 102 | F 208896 | FPS 0032 | D 7603 | rR:mu sigma m M 0.00 0.00 0.00 0.00 | F:mu sigma m M 232.4 203.7 33.0 900.0 | H 1.099 | V 0.000 | pL 0.000 | vL 0.000 | delta 0.001
U 103 | F 210944 | FPS 0029 | D 7673 | rR:mu sigma m M 0.00 0.00 0.00 0.00 | F:mu sigma m M 112.2 93.0 18.0 446.0 | H 1.099 | V 0.001 | pL 0.000 | vL 0.000 | delta 0.001
U 104 | F 212992 | FPS 0029 | D 7743 | rR:mu sigma m M 0.00 0.00 0.00 0.00 | F:mu sigma m M 114.5 56.8 17.0 247.0 | H 1.099 | V 0.002 | pL 0.000 | vL 0.000 | delta 0.001
U 105 | F 215040 | FPS 0031 | D 7809 | rR:mu sigma m M 0.05 0.19 0.00 0.76 | F:mu sigma m M 149.1 56.4 43.0 235.0 | H 1.098 | V 0.009 | pL -0.006 | vL 0.001 | delta 0.008
U 106 | F 217088 | FPS 0026 | D 7887 | rR:mu sigma m M 0.03 0.13 0.00 0.54 | F:mu sigma m M 158.0 126.5 30.0 458.0 | H 1.098 | V 0.004 | pL -0.002 | vL 0.000 | delta 0.005
U 107 | F 219136 | FPS 0027 | D 7962 | rR:mu sigma m M 0.00 0.00 0.00 0.00 | F:mu sigma m M 148.2 104.4 20.0 366.0 | H 1.098 | V -0.000 | pL 0.000 | vL 0.000 | delta 0.001
U 108 | F 221184 | FPS 0029 | D 8033 | rR:mu sigma m M 0.05 0.19 0.00 0.79 | F:mu sigma m M 181.9 185.7 28.0 777.0 | H 1.097 | V 0.005 | pL -0.007 | vL 0.001 | delta 0.038
U 109 | F 223232 | FPS 0028 | D 8105 | rR:mu sigma m M 0.05 0.19 0.00 0.80 | F:mu sigma m M 169.6 132.7 53.0 582.0 | H 1.094 | V 0.002 | pL -0.005 | vL 0.001 | delta 0.021
U 110 | F 225280 | FPS 0027 | D 8182 | rR:mu sigma m M 0.00 0.00 0.00 0.00 | F:mu sigma m M 116.0 77.6 29.0 313.0 | H 1.091 | V -0.004 | pL -0.003 | vL 0.000 | delta 0.008
U 111 | F 227328 | FPS 0036 | D 8240 | rR:mu sigma m M 0.05 0.19 0.00 0.77 | F:mu sigma m M 141.6 123.9 16.0 442.0 | H 1.092 | V 0.004 | pL -0.007 | vL 0.001 | delta 0.018
U 112 | F 229376 | FPS 0030 | D 8308 | rR:mu sigma m M 0.04 0.16 0.00 0.68 | F:mu sigma m M 112.9 85.7 17.0 325.0 | H 1.095 | V -0.004 | pL -0.008 | vL 0.001 | delta 0.022
U 113 | F 231424 | FPS 0030 | D 8375 | rR:mu sigma m M 0.00 0.00 0.00 0.00 | F:mu sigma m M 210.4 214.1 27.0 820.0 | H 1.093 | V 0.023 | pL -0.008 | vL 0.002 | delta 0.017
U 114 | F 233472 | FPS 0031 | D 8442 | rR:mu sigma m M 0.04 0.17 0.00 0.69 | F:mu sigma m M 166.4 111.3 19.0 430.0 | H 1.086 | V 0.037 | pL 0.000 | vL 0.002 | delta 0.020
U 115 | F 235520 | FPS 0028 | D 8514 | rR:mu sigma m M 0.00 0.00 0.00 0.00 | F:mu sigma m M 145.9 94.3 26.0 419.0 | H 1.092 | V 0.011 | pL 0.004 | vL 0.000 | delta 0.012
U 116 | F 237568 | FPS 0028 | D 8587 | rR:mu sigma m M 0.00 0.00 0.00 0.00 | F:mu sigma m M 140.8 93.5 26.0 419.0 | H 1.094 | V 0.014 | pL -0.001 | vL 0.000 | delta 0.007
U 117 | F 239616 | FPS 0027 | D 8662 | rR:mu sigma m M 0.08 0.22 0.00 0.69 | F:mu sigma m M 201.0 157.0 51.0 697.0 | H 1.093 | V 0.014 | pL -0.004 | vL 0.001 | delta 0.013
U 118 | F 241664 | FPS 0028 | D 8735 | rR:mu sigma m M 0.00 0.00 0.00 0.00 | F:mu sigma m M 121.1 48.2 59.0 217.0 | H 1.098 | V 0.003 | pL 0.000 | vL 0.000 | delta 0.002
U 119 | F 243712 | FPS 0030 | D 8804 | rR:mu sigma m M 0.00 0.00 0.00 0.00 | F:mu sigma m M 161.9 157.5 20.0 627.0 | H 1.098 | V 0.004 | pL 0.001 | vL 0.000 | delta 0.002
U 120 | F 245760 | FPS 0028 | D 8878 | rR:mu sigma m M 0.00 0.00 0.00 0.00 | F:mu sigma m M 156.7 122.7 18.0 529.0 | H 1.098 | V 0.002 | pL 0.001 | vL 0.000 | delta 0.001
U 121 | F 247808 | FPS 0028 | D 8952 | rR:mu sigma m M 0.00 0.00 0.00 0.00 | F:mu sigma m M 113.2 65.7 12.0 201.0 | H 1.098 | V 0.002 | pL 0.000 | vL 0.000 | delta 0.001
U 122 | F 249856 | FPS 0032 | D 9015 | rR:mu sigma m M 0.00 0.00 0.00 0.00 | F:mu sigma m M 156.8 143.1 27.0 509.0 | H 1.098 | V 0.002 | pL 0.001 | vL 0.000 | delta 0.001
U 123 | F 251904 | FPS 0031 | D 9081 | rR:mu sigma m M 0.00 0.00 0.00 0.00 | F:mu sigma m M 177.2 118.4 23.0 443.0 | H 1.098 | V 0.002 | pL -0.000 | vL 0.000 | delta 0.001
U 124 | F 253952 | FPS 0029 | D 9152 | rR:mu sigma m M 0.05 0.21 0.00 0.89 | F:mu sigma m M 136.5 92.5 28.0 335.0 | H 1.095 | V 0.013 | pL -0.005 | vL 0.001 | delta 0.014
U 125 | F 256000 | FPS 0030 | D 9220 | rR:mu sigma m M 0.00 0.00 0.00 0.00 | F:mu sigma m M 130.1 83.3 22.0 302.0 | H 1.098 | V 0.007 | pL 0.002 | vL 0.000 | delta 0.001
U 126 | F 258048 | FPS 0027 | D 9295 | rR:mu sigma m M 0.00 0.00 0.00 0.00 | F:mu sigma m M 153.0 82.9 65.0 309.0 | H 1.098 | V 0.006 | pL 0.001 | vL 0.000 | delta 0.000
U 127 | F 260096 | FPS 0030 | D 9363 | rR:mu sigma m M 0.00 0.00 0.00 0.00 | F:mu sigma m M 167.2 148.6 35.0 646.0 | H 1.098 | V 0.004 | pL 0.002 | vL 0.000 | delta 0.001
U 128 | F 262144 | FPS 0026 | D 9441 | rR:mu sigma m M 0.00 0.00 0.00 0.00 | F:mu sigma m M 105.2 81.0 31.0 347.0 | H 1.098 | V 0.003 | pL 0.001 | vL 0.000 | delta 0.001
U 129 | F 264192 | FPS 0029 | D 9513 | rR:mu sigma m M 0.10 0.26 0.00 0.82 | F:mu sigma m M 144.8 62.4 56.0 244.0 | H 1.094 | V 0.016 | pL -0.009 | vL 0.001 | delta 0.015
U 130 | F 266240 | FPS 0031 | D 9580 | rR:mu sigma m M 0.05 0.20 0.00 0.82 | F:mu sigma m M 168.6 83.5 56.0 372.0 | H 1.094 | V 0.010 | pL -0.002 | vL 0.000 | delta 0.010
U 131 | F 268288 | FPS 0034 | D 9641 | rR:mu sigma m M 0.00 0.00 0.00 0.00 | F:mu sigma m M 147.8 81.4 17.0 349.0 | H 1.085 | V 0.038 | pL -0.001 | vL 0.002 | delta 0.019
U 132 | F 270336 | FPS 0031 | D 9707 | rR:mu sigma m M 0.04 0.16 0.00 0.65 | F:mu sigma m M 170.6 132.6 13.0 436.0 | H 1.086 | V 0.034 | pL 0.007 | vL 0.001 | delta 0.019
U 133 | F 272384 | FPS 0031 | D 9773 | rR:mu sigma m M 0.00 0.00 0.00 0.00 | F:mu sigma m M 132.5 103.2 16.0 357.0 | H 1.094 | V 0.018 | pL 0.005 | vL 0.000 | delta 0.006
U 134 | F 274432 | FPS 0028 | D 9845 | rR:mu sigma m M 0.00 0.00 0.00 0.00 | F:mu sigma m M 115.8 101.4 22.0 417.0 | H 1.096 | V 0.019 | pL 0.003 | vL 0.000 | delta 0.004
U 135 | F 276480 | FPS 0029 | D 9916 | rR:mu sigma m M 0.00 0.00 0.00 0.00 | F:mu sigma m M 136.8 91.3 22.0 278.0 | H 1.098 | V 0.015 | pL 0.003 | vL 0.000 | delta 0.002
U 136 | F 278528 | FPS 0028 | D 9988 | rR:mu sigma m M 0.00 0.00 0.00 0.00 | F:mu sigma m M 152.9 154.8 36.0 674.0 | H 1.098 | V 0.016 | pL 0.003 | vL 0.000 | delta 0.003
U 137 | F 280576 | FPS 0027 | D 10064 | rR:mu sigma m M 0.02 0.09 0.00 0.38 | F:mu sigma m M 216.9 186.9 38.0 621.0 | H 1.097 | V 0.018 | pL 0.000 | vL 0.000 | delta 0.004
U 138 | F 282624 | FPS 0024 | D 10148 | rR:mu sigma m M 0.00 0.00 0.00 0.00 | F:mu sigma m M 158.9 139.7 37.0 606.0 | H 1.097 | V 0.014 | pL 0.004 | vL 0.000 | delta 0.004
U 139 | F 284672 | FPS 0031 | D 10215 | rR:mu sigma m M 0.02 0.09 0.00 0.38 | F:mu sigma m M 198.1 153.4 18.0 618.0 | H 1.097 | V 0.012 | pL -0.000 | vL 0.000 | delta 0.004
U 140 | F 286720 | FPS 0028 | D 10288 | rR:mu sigma m M 0.00 0.00 0.00 0.00 | F:mu sigma m M 156.0 103.1 18.0 355.0 | H 1.098 | V 0.006 | pL 0.002 | vL 0.000 | delta 0.001
U 141 | F 288768 | FPS 0028 | D 10360 | rR:mu sigma m M 0.05 0.18 0.00 0.75 | F:mu sigma m M 128.9 85.4 23.0 300.0 | H 1.097 | V 0.010 | pL -0.003 | vL 0.001 | delta 0.007
U 142 | F 290816 | FPS 0029 | D 10432 | rR:mu sigma m M 0.05 0.21 0.00 0.85 | F:mu sigma m M 138.8 99.9 27.0 367.0 | H 1.097 | V 0.008 | pL -0.004 | vL 0.001 | delta 0.007
U 143 | F 292864 | FPS 0028 | D 10504 | rR:mu sigma m M 0.00 0.00 0.00 0.00 | F:mu sigma m M 165.4 153.6 27.0 615.0 | H 1.097 | V 0.003 | pL 0.003 | vL 0.000 | delta 0.005
U 144 | F 294912 | FPS 0029 | D 10574 | rR:mu sigma m M 0.00 0.00 0.00 0.00 | F:mu sigma m M 168.9 128.4 9.0 475.0 | H 1.098 | V 0.002 | pL 0.000 | vL 0.000 | delta 0.001
U 145 | F 296960 | FPS 0029 | D 10645 | rR:mu sigma m M 0.06 0.22 0.00 0.89 | F:mu sigma m M 193.6 154.6 9.0 551.0 | H 1.093 | V 0.017 | pL -0.006 | vL 0.001 | delta 0.017
U 146 | F 299008 | FPS 0030 | D 10712 | rR:mu sigma m M 0.11 0.28 0.00 0.89 | F:mu sigma m M 208.8 216.0 14.0 900.0 | H 1.096 | V 0.010 | pL -0.003 | vL 0.001 | delta 0.013
U 147 | F 301056 | FPS 0030 | D 10782 | rR:mu sigma m M 0.00 0.00 0.00 0.00 | F:mu sigma m M 205.7 209.9 14.0 900.0 | H 1.091 | V 0.022 | pL 0.001 | vL 0.001 | delta 0.012
U 148 | F 303104 | FPS 0026 | D 10860 | rR:mu sigma m M 0.02 0.10 0.00 0.39 | F:mu sigma m M 300.1 233.3 50.0 900.0 | H 1.094 | V 0.018 | pL 0.001 | vL 0.000 | delta 0.006
U 149 | F 305152 | FPS 0027 | D 10936 | rR:mu sigma m M 0.00 0.00 0.00 0.00 | F:mu sigma m M 153.6 97.5 23.0 370.0 | H 1.097 | V 0.005 | pL 0.002 | vL 0.000 | delta 0.002
U 150 | F 307200 | FPS 0028 | D 11008 | rR:mu sigma m M 0.00 0.00 0.00 0.00 | F:mu sigma m M 172.1 161.3 22.0 560.0 | H 1.098 | V 0.003 | pL 0.001 | vL 0.000 | delta 0.001
U 151 | F 309248 | FPS 0030 | D 11077 | rR:mu sigma m M 0.00 0.00 0.00 0.00 | F:mu sigma m M 154.0 126.0 22.0 503.0 | H 1.098 | V 0.003 | pL 0.000 | vL 0.000 | delta 0.001
U 152 | F 311296 | FPS 0029 | D 11148 | rR:mu sigma m M 0.00 0.00 0.00 0.00 | F:mu sigma m M 176.9 109.2 18.0 394.0 | H 1.098 | V 0.005 | pL 0.001 | vL 0.000 | delta 0.003
U 153 | F 313344 | FPS 0030 | D 11216 | rR:mu sigma m M 0.04 0.17 0.00 0.69 | F:mu sigma m M 142.4 103.9 18.0 406.0 | H 1.095 | V 0.009 | pL -0.005 | vL 0.000 | delta 0.010
U 154 | F 315392 | FPS 0026 | D 11295 | rR:mu sigma m M 0.00 0.00 0.00 0.00 | F:mu sigma m M 156.9 129.2 15.0 546.0 | H 1.096 | V 0.009 | pL 0.003 | vL 0.000 | delta 0.003
U 155 | F 317440 | FPS 0031 | D 11361 | rR:mu sigma m M 0.00 0.00 0.00 0.00 | F:mu sigma m M 180.6 113.9 38.0 546.0 | H 1.098 | V 0.008 | pL 0.001 | vL 0.000 | delta 0.002
U 156 | F 319488 | FPS 0033 | D 11423 | rR:mu sigma m M 0.00 0.00 0.00 0.00 | F:mu sigma m M 173.9 74.1 41.0 293.0 | H 1.098 | V 0.008 | pL 0.002 | vL 0.000 | delta 0.003
U 157 | F 321536 | FPS 0030 | D 11491 | rR:mu sigma m M 0.00 0.00 0.00 0.00 | F:mu sigma m M 158.6 85.0 51.0 321.0 | H 1.098 | V 0.006 | pL 0.002 | vL 0.000 | delta 0.001
U 158 | F 323584 | FPS 0029 | D 11562 | rR:mu sigma m M 0.00 0.00 0.00 0.00 | F:mu sigma m M 133.0 79.6 46.0 292.0 | H 1.098 | V 0.006 | pL 0.001 | vL 0.000 | delta 0.001
U 159 | F 325632 | FPS 0027 | D 11637 | rR:mu sigma m M 0.00 0.00 0.00 0.00 | F:mu sigma m M 201.9 127.6 12.0 440.0 | H 1.098 | V 0.004 | pL 0.001 | vL 0.000 | delta 0.001
U 160 | F 327680 | FPS 0027 | D 11714 | rR:mu sigma m M 0.00 0.00 0.00 0.00 | F:mu sigma m M 141.4 135.4 15.0 597.0 | H 1.098 | V 0.004 | pL 0.001 | vL 0.000 | delta 0.002
U 161 | F 329728 | FPS 0028 | D 11786 | rR:mu sigma m M 0.00 0.00 0.00 0.00 | F:mu sigma m M 119.8 102.8 15.0 453.0 | H 1.099 | V 0.002 | pL 0.001 | vL 0.000 | delta 0.000
U 162 | F 331776 | FPS 0031 | D 11853 | rR:mu sigma m M 0.04 0.17 0.00 0.71 | F:mu sigma m M 185.6 122.6 33.0 436.0 | H 1.097 | V 0.006 | pL -0.005 | vL 0.001 | delta 0.010
U 163 | F 333824 | FPS 0028 | D 11927 | rR:mu sigma m M 0.00 0.00 0.00 0.00 | F:mu sigma m M 188.8 111.3 33.0 436.0 | H 1.097 | V 0.012 | pL 0.001 | vL 0.000 | delta 0.004
U 164 | F 335872 | FPS 0032 | D 11991 | rR:mu sigma m M 0.05 0.20 0.00 0.82 | F:mu sigma m M 232.1 220.4 46.0 900.0 | H 1.093 | V 0.013 | pL -0.003 | vL 0.000 | delta 0.007
U 165 | F 337920 | FPS 0031 | D 12057 | rR:mu sigma m M 0.05 0.21 0.00 0.86 | F:mu sigma m M 103.4 69.5 32.0 244.0 | H 1.093 | V 0.016 | pL -0.004 | vL 0.001 | delta 0.015
U 166 | F 339968 | FPS 0029 | D 12127 | rR:mu sigma m M 0.03 0.12 0.00 0.48 | F:mu sigma m M 165.1 149.4 33.0 517.0 | H 1.094 | V 0.006 | pL -0.001 | vL 0.000 | delta 0.008
U 167 | F 342016 | FPS 0027 | D 12202 | rR:mu sigma m M 0.05 0.19 0.00 0.79 | F:mu sigma m M 152.5 123.6 33.0 504.0 | H 1.092 | V 0.016 | pL -0.002 | vL 0.002 | delta 0.022
U 168 | F 344064 | FPS 0024 | D 12288 | rR:mu sigma m M 0.05 0.19 0.00 0.79 | F:mu sigma m M 188.5 121.2 50.0 525.0 | H 1.092 | V 0.006 | pL -0.010 | vL 0.001 | delta 0.013
U 169 | F 346112 | FPS 0029 | D 12360 | rR:mu sigma m M 0.20 0.34 0.00 0.88 | F:mu sigma m M 201.5 129.8 54.0 569.0 | H 1.077 | V 0.037 | pL -0.015 | vL 0.002 | delta 0.023
U 170 | F 348160 | FPS 0026 | D 12437 | rR:mu sigma m M 0.05 0.19 0.00 0.79 | F:mu sigma m M 235.0 162.4 34.0 569.0 | H 1.096 | V 0.003 | pL 0.001 | vL 0.000 | delta 0.005
U 171 | F 350208 | FPS 0026 | D 12515 | rR:mu sigma m M 0.10 0.26 0.00 0.82 | F:mu sigma m M 169.0 119.1 34.0 488.0 | H 1.087 | V 0.023 | pL -0.012 | vL 0.001 | delta 0.015
U 172 | F 352256 | FPS 0032 | D 12580 | rR:mu sigma m M 0.00 0.00 0.00 0.00 | F:mu sigma m M 147.2 96.3 33.0 341.0 | H 1.097 | V 0.006 | pL 0.001 | vL 0.000 | delta 0.009
U 173 | F 354304 | FPS 0033 | D 12642 | rR:mu sigma m M 0.05 0.18 0.00 0.74 | F:mu sigma m M 174.0 135.6 16.0 610.0 | H 1.090 | V 0.015 | pL -0.004 | vL 0.002 | delta 0.022
U 174 | F 356352 | FPS 0034 | D 12703 | rR:mu sigma m M 0.05 0.20 0.00 0.84 | F:mu sigma m M 125.8 67.6 10.0 234.0 | H 1.068 | V 0.037 | pL -0.008 | vL 0.001 | delta 0.023
U 175 | F 358400 | FPS 0035 | D 12762 | rR:mu sigma m M 0.31 0.41 0.00 0.90 | F:mu sigma m M 128.0 82.0 12.0 333.0 | H 1.034 | V 0.064 | pL -0.039 | vL 0.004 | delta 0.044
U 176 | F 360448 | FPS 0035 | D 12820 | rR:mu sigma m M 0.10 0.27 0.00 0.88 | F:mu sigma m M 136.7 110.3 19.0 396.0 | H 1.060 | V 0.057 | pL -0.010 | vL 0.003 | delta 0.028
U 177 | F 362496 | FPS 0034 | D 12880 | rR:mu sigma m M 0.27 0.40 0.00 0.93 | F:mu sigma m M 163.6 88.7 34.0 396.0 | H 1.031 | V 0.136 | pL -0.015 | vL 0.008 | delta 0.052
U 178 | F 364544 | FPS 0034 | D 12941 | rR:mu sigma m M 0.41 0.41 0.00 0.91 | F:mu sigma m M 152.3 90.9 32.0 321.0 | H 0.980 | V 0.181 | pL -0.026 | vL 0.009 | delta 0.063
U 179 | F 366592 | FPS 0037 | D 12996 | rR:mu sigma m M 0.53 0.42 0.00 0.95 | F:mu sigma m M 118.9 78.4 18.0 317.0 | H 0.885 | V 0.294 | pL -0.052 | vL 0.009 | delta 0.085
U 180 | F 368640 | FPS 0042 | D 13045 | rR:mu sigma m M 0.54 0.44 0.00 0.94 | F:mu sigma m M 94.5 44.4 29.0 179.0 | H 0.848 | V 0.287 | pL -0.043 | vL 0.011 | delta 0.060
U 181 | F 370688 | FPS 0045 | D 13091 | rR:mu sigma m M 0.57 0.42 0.00 0.95 | F:mu sigma m M 94.3 50.6 26.0 218.0 | H 0.872 | V 0.309 | pL -0.032 | vL 0.008 | delta 0.053
U 182 | F 372736 | FPS 0044 | D 13138 | rR:mu sigma m M 0.75 0.33 0.00 0.93 | F:mu sigma m M 106.1 42.9 31.0 218.0 | H 0.831 | V 0.347 | pL -0.048 | vL 0.006 | delta 0.055
U 183 | F 374784 | FPS 0054 | D 13176 | rR:mu sigma m M 0.78 0.32 0.00 0.96 | F:mu sigma m M 87.5 39.0 18.0 160.0 | H 0.758 | V 0.417 | pL -0.071 | vL 0.008 | delta 0.070
U 184 | F 376832 | FPS 0058 | D 13211 | rR:mu sigma m M 0.82 0.31 0.00 0.97 | F:mu sigma m M 62.0 25.3 20.0 134.0 | H 0.691 | V 0.479 | pL -0.083 | vL 0.011 | delta 0.083
U 185 | F 378880 | FPS 0064 | D 13243 | rR:mu sigma m M 0.86 0.26 0.00 0.97 | F:mu sigma m M 60.8 29.0 30.0 147.0 | H 0.579 | V 0.561 | pL -0.056 | vL 0.012 | delta 0.116
U 186 | F 380928 | FPS 0069 | D 13273 | rR:mu sigma m M 0.96 0.03 0.81 0.97 | F:mu sigma m M 44.7 25.0 26.0 189.0 | H 0.470 | V 0.696 | pL -0.091 | vL 0.005 | delta 0.097
agent reach optimality, start collecting trajectories
agent successfully collected 10 trajectories
pickling optimal trajectories
Model successfully saved
/home/rdali/.local/easybuild/software/2017/Core/miniconda3/4.3.27/envs/observe/lib/python3.6/site-packages/torch/nn/functional.py:1906: UserWarning: reduction: 'mean' divides the total loss by both the batch size and the support size.'batchmean' divides only by the batch size, and aligns with the KL div math definition.'mean' will be changed to behave the same as 'batchmean' in the next major release.
  warnings.warn("reduction: 'mean' divides the total loss by both the batch size and the support size."
