The following modules were not unloaded:
  (Use "module --force purge" to unload all):

  1) StdEnv/2018.3     4) gcccore/.7.3.0      7) intel/2018.3
  2) nixpkgs/16.09     5) icc/.2018.3.222     8) openmpi/3.1.2
  3) imkl/2018.3.222   6) ifort/.2018.3.222

Due to MODULEPATH changes, the following have been reloaded:
  1) openmpi/3.1.2

Attention: While Conda works well in a desktop environment, it tends to create more problems than it solves on a cluster. Instead, we recommend that users use virtual environments and the binary packages that we provide through Python wheels as documented on the Python page.
/home/rdali/RL/watch_and_learn/dependency/rl-starter-files/scripts/train_agent_multidem.py --env MiniGrid-LavaCrossingAddictO12S15-v0 --algo ppo --nameDemonstrator LavaCrossing1215Addict1,LavaCrossing1215Addict2,LavaCrossing1215Addict4,LavaCrossing1215Addict5,LavaCrossing1215Addict7,LavaCrossing1215Addict8,LavaCrossing1215Addict9,LavaCrossing1215Addict10 --flat-model 0 --KLweight 0.1 --useKL 1 --meanReward 0.80 --rewardLB 0.70 --seed 6749

Namespace(KLweight=0.1, algo='ppo', batch_size=256, clip_eps=0.2, discount=0.99, entropy_coef=0.01, env='MiniGrid-LavaCrossingAddictO12S15-v0', epochs=4, flat_model=0, frames=10000000, frames_per_proc=None, full_obs=0, gae_lambda=0.95, log_interval=1, lr=0.0007, max_grad_norm=0.5, meanReward=0.8, mem=False, model=None, nameDemonstrator='LavaCrossing1215Addict1,LavaCrossing1215Addict2,LavaCrossing1215Addict4,LavaCrossing1215Addict5,LavaCrossing1215Addict7,LavaCrossing1215Addict8,LavaCrossing1215Addict9,LavaCrossing1215Addict10', optim_alpha=0.99, optim_eps=1e-05, procs=16, recurrence=1, rewardLB=0.7, save_interval=0, seed=6749, tb=False, text=False, useKL=1, value_loss_coef=0.5)

Flat model successfully created

ACModel(
  (image_conv): Sequential(
    (0): Conv2d(3, 32, kernel_size=(2, 2), stride=(1, 1))
    (1): ReLU()
    (2): MaxPool2d(kernel_size=(2, 2), stride=(2, 2), padding=0, dilation=1, ceil_mode=False)
    (3): Conv2d(32, 64, kernel_size=(2, 2), stride=(1, 1))
    (4): ReLU()
    (5): Conv2d(64, 64, kernel_size=(2, 2), stride=(1, 1))
    (6): ReLU()
  )
  (actor): Sequential(
    (0): Linear(in_features=1600, out_features=64, bias=True)
    (1): Tanh()
    (2): Linear(in_features=64, out_features=3, bias=True)
  )
  (critic): Sequential(
    (0): Linear(in_features=1600, out_features=64, bias=True)
    (1): Tanh()
    (2): Linear(in_features=64, out_features=1, bias=True)
  )
)

CUDA available: False

1
True
0.1
Using TensorFlow backend.
OMP: Info #212: KMP_AFFINITY: decoding x2APIC ids.
OMP: Info #210: KMP_AFFINITY: Affinity capable, using global cpuid leaf 11 info
OMP: Info #154: KMP_AFFINITY: Initial OS proc set respected: 17,19,24,26,28
OMP: Info #156: KMP_AFFINITY: 5 available OS procs
OMP: Info #158: KMP_AFFINITY: Nonuniform topology
OMP: Info #179: KMP_AFFINITY: 2 packages x 3 cores/pkg x 1 threads/core (5 total cores)
OMP: Info #214: KMP_AFFINITY: OS proc to physical thread map:
OMP: Info #171: KMP_AFFINITY: OS proc 24 maps to package 0 core 17 
OMP: Info #171: KMP_AFFINITY: OS proc 28 maps to package 0 core 18 
OMP: Info #171: KMP_AFFINITY: OS proc 26 maps to package 0 core 19 
OMP: Info #171: KMP_AFFINITY: OS proc 17 maps to package 1 core 9 
OMP: Info #171: KMP_AFFINITY: OS proc 19 maps to package 1 core 10 
OMP: Info #250: KMP_AFFINITY: pid 351723 tid 351723 thread 0 bound to OS proc set 24
OMP: Info #250: KMP_AFFINITY: pid 351723 tid 351825 thread 1 bound to OS proc set 17
OMP: Info #250: KMP_AFFINITY: pid 351723 tid 351828 thread 4 bound to OS proc set 26
OMP: Info #250: KMP_AFFINITY: pid 351723 tid 351826 thread 2 bound to OS proc set 28
OMP: Info #250: KMP_AFFINITY: pid 351723 tid 351827 thread 3 bound to OS proc set 19
OMP: Info #250: KMP_AFFINITY: pid 351723 tid 351935 thread 5 bound to OS proc set 24
OMP: Info #250: KMP_AFFINITY: pid 351723 tid 351934 thread 6 bound to OS proc set 17
OMP: Info #250: KMP_AFFINITY: pid 351723 tid 351953 thread 7 bound to OS proc set 28
OMP: Info #250: KMP_AFFINITY: pid 351723 tid 351954 thread 8 bound to OS proc set 19
OMP: Info #250: KMP_AFFINITY: pid 351723 tid 351955 thread 9 bound to OS proc set 26
OMP: Info #250: KMP_AFFINITY: pid 351723 tid 351956 thread 10 bound to OS proc set 24
OMP: Info #250: KMP_AFFINITY: pid 351723 tid 351973 thread 11 bound to OS proc set 17
OMP: Info #250: KMP_AFFINITY: pid 351723 tid 351974 thread 12 bound to OS proc set 28
OMP: Info #250: KMP_AFFINITY: pid 351723 tid 351976 thread 14 bound to OS proc set 26
OMP: Info #250: KMP_AFFINITY: pid 351723 tid 351975 thread 13 bound to OS proc set 19
OMP: Info #250: KMP_AFFINITY: pid 351723 tid 351977 thread 15 bound to OS proc set 24
U 1 | F 002048 | FPS 0024 | D 84 | rR:mu sigma m M 0.00 0.00 0.00 0.00 | F:mu sigma m M 46.9 46.7 0.0 127.0 | H 1.082 | V 0.265 | pL 0.069 | vL 0.003 | delta 0.128
U 2 | F 004096 | FPS 0021 | D 184 | rR:mu sigma m M 0.00 0.00 0.00 0.00 | F:mu sigma m M 110.1 57.5 14.0 244.0 | H 1.085 | V 0.225 | pL 0.055 | vL 0.001 | delta 0.042
U 3 | F 006144 | FPS 0032 | D 249 | rR:mu sigma m M 0.00 0.00 0.00 0.00 | F:mu sigma m M 157.1 89.7 64.0 333.0 | H 1.092 | V 0.175 | pL 0.048 | vL 0.001 | delta 0.025
U 4 | F 008192 | FPS 0025 | D 331 | rR:mu sigma m M 0.00 0.00 0.00 0.00 | F:mu sigma m M 173.6 134.4 35.0 475.0 | H 1.095 | V 0.139 | pL 0.032 | vL 0.001 | delta 0.010
U 5 | F 010240 | FPS 0024 | D 417 | rR:mu sigma m M 0.00 0.00 0.00 0.00 | F:mu sigma m M 248.7 155.2 70.0 596.0 | H 1.081 | V 0.103 | pL 0.032 | vL 0.000 | delta 0.020
U 6 | F 012288 | FPS 0020 | D 522 | rR:mu sigma m M 0.00 0.00 0.00 0.00 | F:mu sigma m M 290.7 180.9 76.0 644.0 | H 1.094 | V 0.087 | pL 0.019 | vL 0.000 | delta 0.009
U 7 | F 014336 | FPS 0025 | D 605 | rR:mu sigma m M 0.00 0.00 0.00 0.00 | F:mu sigma m M 298.1 162.1 83.0 644.0 | H 1.095 | V 0.068 | pL 0.020 | vL 0.000 | delta 0.008
U 8 | F 016384 | FPS 0026 | D 684 | rR:mu sigma m M 0.00 0.00 0.00 0.00 | F:mu sigma m M 141.9 114.2 24.0 429.0 | H 1.094 | V 0.051 | pL 0.016 | vL 0.000 | delta 0.006
U 9 | F 018432 | FPS 0024 | D 770 | rR:mu sigma m M 0.00 0.00 0.00 0.00 | F:mu sigma m M 146.2 121.2 24.0 431.0 | H 1.097 | V 0.040 | pL 0.011 | vL 0.000 | delta 0.004
U 10 | F 020480 | FPS 0026 | D 848 | rR:mu sigma m M 0.00 0.00 0.00 0.00 | F:mu sigma m M 199.4 183.2 27.0 681.0 | H 1.098 | V 0.031 | pL 0.008 | vL 0.000 | delta 0.003
U 11 | F 022528 | FPS 0027 | D 925 | rR:mu sigma m M 0.00 0.00 0.00 0.00 | F:mu sigma m M 196.7 189.7 26.0 681.0 | H 1.098 | V 0.023 | pL 0.006 | vL 0.000 | delta 0.002
U 12 | F 024576 | FPS 0029 | D 996 | rR:mu sigma m M 0.00 0.00 0.00 0.00 | F:mu sigma m M 202.6 148.0 16.0 484.0 | H 1.098 | V 0.017 | pL 0.005 | vL 0.000 | delta 0.002
U 13 | F 026624 | FPS 0029 | D 1066 | rR:mu sigma m M 0.04 0.15 0.00 0.62 | F:mu sigma m M 206.0 137.6 33.0 484.0 | H 1.098 | V 0.018 | pL -0.001 | vL 0.001 | delta 0.007
U 14 | F 028672 | FPS 0030 | D 1134 | rR:mu sigma m M 0.00 0.00 0.00 0.00 | F:mu sigma m M 119.6 106.4 22.0 425.0 | H 1.098 | V 0.013 | pL 0.003 | vL 0.000 | delta 0.003
U 15 | F 030720 | FPS 0036 | D 1191 | rR:mu sigma m M 0.00 0.00 0.00 0.00 | F:mu sigma m M 158.2 149.0 17.0 512.0 | H 1.098 | V 0.009 | pL 0.003 | vL 0.000 | delta 0.001
U 16 | F 032768 | FPS 0029 | D 1262 | rR:mu sigma m M 0.00 0.00 0.00 0.00 | F:mu sigma m M 214.3 171.1 30.0 676.0 | H 1.098 | V 0.008 | pL 0.002 | vL 0.000 | delta 0.001
U 17 | F 034816 | FPS 0024 | D 1345 | rR:mu sigma m M 0.00 0.00 0.00 0.00 | F:mu sigma m M 235.0 188.6 52.0 676.0 | H 1.098 | V 0.005 | pL 0.001 | vL 0.000 | delta 0.001
U 18 | F 036864 | FPS 0026 | D 1424 | rR:mu sigma m M 0.00 0.00 0.00 0.00 | F:mu sigma m M 209.0 175.2 20.0 698.0 | H 1.099 | V 0.004 | pL 0.001 | vL 0.000 | delta 0.001
U 19 | F 038912 | FPS 0029 | D 1496 | rR:mu sigma m M 0.00 0.00 0.00 0.00 | F:mu sigma m M 221.1 205.7 53.0 900.0 | H 1.099 | V 0.003 | pL 0.001 | vL 0.000 | delta 0.000
U 20 | F 040960 | FPS 0030 | D 1565 | rR:mu sigma m M 0.00 0.00 0.00 0.00 | F:mu sigma m M 181.3 143.8 24.0 559.0 | H 1.099 | V 0.002 | pL 0.001 | vL 0.000 | delta 0.000
U 21 | F 043008 | FPS 0028 | D 1637 | rR:mu sigma m M 0.00 0.00 0.00 0.00 | F:mu sigma m M 145.2 105.7 30.0 366.0 | H 1.099 | V 0.001 | pL 0.000 | vL 0.000 | delta 0.000
U 22 | F 045056 | FPS 0025 | D 1719 | rR:mu sigma m M 0.00 0.00 0.00 0.00 | F:mu sigma m M 115.2 88.2 15.0 361.0 | H 1.099 | V 0.001 | pL 0.000 | vL 0.000 | delta 0.000
U 23 | F 047104 | FPS 0026 | D 1797 | rR:mu sigma m M 0.00 0.00 0.00 0.00 | F:mu sigma m M 171.2 123.0 37.0 434.0 | H 1.099 | V 0.001 | pL 0.000 | vL 0.000 | delta 0.000
U 24 | F 049152 | FPS 0028 | D 1871 | rR:mu sigma m M 0.04 0.16 0.00 0.66 | F:mu sigma m M 210.2 119.5 13.0 449.0 | H 1.095 | V 0.006 | pL -0.005 | vL 0.001 | delta 0.012
U 25 | F 051200 | FPS 0029 | D 1940 | rR:mu sigma m M 0.00 0.00 0.00 0.00 | F:mu sigma m M 164.2 122.0 15.0 449.0 | H 1.098 | V -0.002 | pL -0.001 | vL 0.000 | delta 0.001
U 26 | F 053248 | FPS 0031 | D 2008 | rR:mu sigma m M 0.00 0.00 0.00 0.00 | F:mu sigma m M 157.8 121.0 25.0 421.0 | H 1.099 | V -0.002 | pL -0.000 | vL 0.000 | delta 0.001
U 27 | F 055296 | FPS 0027 | D 2084 | rR:mu sigma m M 0.00 0.00 0.00 0.00 | F:mu sigma m M 118.4 100.9 25.0 429.0 | H 1.099 | V -0.002 | pL -0.000 | vL 0.000 | delta 0.000
U 28 | F 057344 | FPS 0029 | D 2155 | rR:mu sigma m M 0.00 0.00 0.00 0.00 | F:mu sigma m M 132.4 116.5 30.0 429.0 | H 1.099 | V -0.001 | pL -0.000 | vL 0.000 | delta 0.000
U 29 | F 059392 | FPS 0032 | D 2219 | rR:mu sigma m M 0.00 0.00 0.00 0.00 | F:mu sigma m M 158.8 123.0 30.0 448.0 | H 1.099 | V 0.003 | pL 0.001 | vL 0.000 | delta 0.002
U 30 | F 061440 | FPS 0031 | D 2284 | rR:mu sigma m M 0.00 0.00 0.00 0.00 | F:mu sigma m M 188.1 187.5 29.0 756.0 | H 1.099 | V -0.000 | pL -0.000 | vL 0.000 | delta 0.000
U 31 | F 063488 | FPS 0029 | D 2354 | rR:mu sigma m M 0.00 0.00 0.00 0.00 | F:mu sigma m M 171.6 146.5 13.0 649.0 | H 1.099 | V -0.000 | pL -0.000 | vL 0.000 | delta 0.000
U 32 | F 065536 | FPS 0027 | D 2430 | rR:mu sigma m M 0.00 0.00 0.00 0.00 | F:mu sigma m M 139.8 107.1 13.0 417.0 | H 1.099 | V -0.000 | pL -0.000 | vL 0.000 | delta 0.000
U 33 | F 067584 | FPS 0029 | D 2501 | rR:mu sigma m M 0.00 0.00 0.00 0.00 | F:mu sigma m M 111.4 59.6 25.0 246.0 | H 1.099 | V -0.000 | pL -0.000 | vL 0.000 | delta 0.000
U 34 | F 069632 | FPS 0029 | D 2572 | rR:mu sigma m M 0.00 0.00 0.00 0.00 | F:mu sigma m M 125.1 144.6 19.0 541.0 | H 1.099 | V -0.000 | pL -0.000 | vL 0.000 | delta 0.000
U 35 | F 071680 | FPS 0028 | D 2645 | rR:mu sigma m M 0.00 0.00 0.00 0.00 | F:mu sigma m M 155.3 145.5 38.0 526.0 | H 1.099 | V -0.000 | pL -0.000 | vL 0.000 | delta 0.000
U 36 | F 073728 | FPS 0026 | D 2722 | rR:mu sigma m M 0.00 0.00 0.00 0.00 | F:mu sigma m M 162.9 137.9 25.0 526.0 | H 1.099 | V -0.000 | pL -0.000 | vL 0.000 | delta 0.000
U 37 | F 075776 | FPS 0026 | D 2800 | rR:mu sigma m M 0.00 0.00 0.00 0.00 | F:mu sigma m M 190.7 143.3 41.0 607.0 | H 1.099 | V 0.000 | pL -0.000 | vL 0.000 | delta 0.000
U 38 | F 077824 | FPS 0028 | D 2874 | rR:mu sigma m M 0.00 0.00 0.00 0.00 | F:mu sigma m M 151.8 89.2 10.0 361.0 | H 1.099 | V 0.000 | pL 0.000 | vL 0.000 | delta 0.000
U 39 | F 079872 | FPS 0027 | D 2949 | rR:mu sigma m M 0.00 0.00 0.00 0.00 | F:mu sigma m M 171.1 85.5 37.0 316.0 | H 1.099 | V 0.000 | pL 0.000 | vL 0.000 | delta 0.000
U 40 | F 081920 | FPS 0031 | D 3016 | rR:mu sigma m M 0.00 0.00 0.00 0.00 | F:mu sigma m M 128.5 102.5 42.0 416.0 | H 1.099 | V -0.000 | pL -0.000 | vL 0.000 | delta 0.000
U 41 | F 083968 | FPS 0027 | D 3092 | rR:mu sigma m M 0.00 0.00 0.00 0.00 | F:mu sigma m M 142.6 79.7 42.0 281.0 | H 1.099 | V 0.000 | pL -0.000 | vL 0.000 | delta 0.000
U 42 | F 086016 | FPS 0029 | D 3162 | rR:mu sigma m M 0.00 0.00 0.00 0.00 | F:mu sigma m M 188.4 210.1 22.0 884.0 | H 1.099 | V 0.000 | pL 0.000 | vL 0.000 | delta 0.000
U 43 | F 088064 | FPS 0027 | D 3238 | rR:mu sigma m M 0.00 0.00 0.00 0.00 | F:mu sigma m M 151.2 112.8 17.0 396.0 | H 1.099 | V 0.000 | pL 0.000 | vL 0.000 | delta 0.000
U 44 | F 090112 | FPS 0029 | D 3307 | rR:mu sigma m M 0.00 0.00 0.00 0.00 | F:mu sigma m M 152.2 88.8 43.0 377.0 | H 1.099 | V 0.000 | pL -0.000 | vL 0.000 | delta 0.000
U 45 | F 092160 | FPS 0028 | D 3381 | rR:mu sigma m M 0.00 0.00 0.00 0.00 | F:mu sigma m M 129.2 85.1 27.0 348.0 | H 1.099 | V -0.000 | pL 0.000 | vL 0.000 | delta 0.000
U 46 | F 094208 | FPS 0028 | D 3454 | rR:mu sigma m M 0.00 0.00 0.00 0.00 | F:mu sigma m M 197.8 206.2 23.0 900.0 | H 1.099 | V 0.000 | pL 0.000 | vL 0.000 | delta 0.000
U 47 | F 096256 | FPS 0028 | D 3526 | rR:mu sigma m M 0.00 0.00 0.00 0.00 | F:mu sigma m M 193.4 201.1 23.0 900.0 | H 1.099 | V -0.000 | pL -0.000 | vL 0.000 | delta 0.000
U 48 | F 098304 | FPS 0029 | D 3598 | rR:mu sigma m M 0.00 0.00 0.00 0.00 | F:mu sigma m M 137.0 76.0 22.0 309.0 | H 1.099 | V 0.000 | pL -0.000 | vL 0.000 | delta 0.000
U 49 | F 100352 | FPS 0033 | D 3659 | rR:mu sigma m M 0.00 0.00 0.00 0.00 | F:mu sigma m M 180.9 158.4 49.0 641.0 | H 1.099 | V 0.000 | pL -0.000 | vL 0.000 | delta 0.000
U 50 | F 102400 | FPS 0027 | D 3735 | rR:mu sigma m M 0.00 0.00 0.00 0.00 | F:mu sigma m M 177.6 224.3 22.0 882.0 | H 1.099 | V 0.000 | pL 0.000 | vL 0.000 | delta 0.000
U 51 | F 104448 | FPS 0026 | D 3815 | rR:mu sigma m M 0.00 0.00 0.00 0.00 | F:mu sigma m M 125.6 108.4 19.0 467.0 | H 1.099 | V -0.000 | pL -0.000 | vL 0.000 | delta 0.000
U 52 | F 106496 | FPS 0029 | D 3886 | rR:mu sigma m M 0.00 0.00 0.00 0.00 | F:mu sigma m M 203.1 180.0 40.0 820.0 | H 1.099 | V 0.000 | pL 0.000 | vL 0.000 | delta 0.000
U 53 | F 108544 | FPS 0026 | D 3966 | rR:mu sigma m M 0.00 0.00 0.00 0.00 | F:mu sigma m M 225.9 205.0 35.0 820.0 | H 1.099 | V 0.000 | pL 0.000 | vL 0.000 | delta 0.000
U 54 | F 110592 | FPS 0031 | D 4033 | rR:mu sigma m M 0.00 0.00 0.00 0.00 | F:mu sigma m M 110.2 64.1 10.0 253.0 | H 1.099 | V 0.000 | pL -0.000 | vL 0.000 | delta 0.000
U 55 | F 112640 | FPS 0029 | D 4104 | rR:mu sigma m M 0.00 0.00 0.00 0.00 | F:mu sigma m M 146.2 144.5 10.0 640.0 | H 1.099 | V 0.000 | pL -0.000 | vL 0.000 | delta 0.000
U 56 | F 114688 | FPS 0029 | D 4175 | rR:mu sigma m M 0.00 0.00 0.00 0.00 | F:mu sigma m M 221.0 176.2 18.0 640.0 | H 1.099 | V 0.000 | pL -0.000 | vL 0.000 | delta 0.000
U 57 | F 116736 | FPS 0026 | D 4254 | rR:mu sigma m M 0.00 0.00 0.00 0.00 | F:mu sigma m M 248.1 164.2 29.0 618.0 | H 1.099 | V 0.000 | pL 0.000 | vL 0.000 | delta 0.000
U 58 | F 118784 | FPS 0030 | D 4322 | rR:mu sigma m M 0.00 0.00 0.00 0.00 | F:mu sigma m M 191.4 114.6 29.0 450.0 | H 1.099 | V 0.000 | pL 0.000 | vL 0.000 | delta 0.000
U 59 | F 120832 | FPS 0029 | D 4392 | rR:mu sigma m M 0.00 0.00 0.00 0.00 | F:mu sigma m M 194.5 164.0 19.0 746.0 | H 1.099 | V 0.000 | pL 0.000 | vL 0.000 | delta 0.000
U 60 | F 122880 | FPS 0028 | D 4465 | rR:mu sigma m M 0.00 0.00 0.00 0.00 | F:mu sigma m M 150.8 106.7 38.0 403.0 | H 1.099 | V 0.000 | pL 0.000 | vL 0.000 | delta 0.000
U 61 | F 124928 | FPS 0026 | D 4543 | rR:mu sigma m M 0.00 0.00 0.00 0.00 | F:mu sigma m M 215.0 203.5 28.0 900.0 | H 1.099 | V 0.000 | pL 0.000 | vL 0.000 | delta 0.000
U 62 | F 126976 | FPS 0026 | D 4621 | rR:mu sigma m M 0.00 0.00 0.00 0.00 | F:mu sigma m M 167.2 117.0 15.0 459.0 | H 1.099 | V 0.000 | pL 0.000 | vL 0.000 | delta 0.000
U 63 | F 129024 | FPS 0028 | D 4694 | rR:mu sigma m M 0.00 0.00 0.00 0.00 | F:mu sigma m M 158.3 121.9 15.0 459.0 | H 1.099 | V 0.000 | pL 0.000 | vL 0.000 | delta 0.000
U 64 | F 131072 | FPS 0029 | D 4766 | rR:mu sigma m M 0.04 0.17 0.00 0.71 | F:mu sigma m M 226.8 157.8 25.0 647.0 | H 1.094 | V 0.004 | pL -0.006 | vL 0.001 | delta 0.053
U 65 | F 133120 | FPS 0032 | D 4830 | rR:mu sigma m M 0.00 0.00 0.00 0.00 | F:mu sigma m M 240.7 155.5 15.0 679.0 | H 1.099 | V -0.005 | pL -0.001 | vL 0.000 | delta 0.001
U 66 | F 135168 | FPS 0028 | D 4904 | rR:mu sigma m M 0.00 0.00 0.00 0.00 | F:mu sigma m M 197.6 157.1 15.0 679.0 | H 1.099 | V -0.004 | pL -0.001 | vL 0.000 | delta 0.001
U 67 | F 137216 | FPS 0028 | D 4978 | rR:mu sigma m M 0.00 0.00 0.00 0.00 | F:mu sigma m M 152.1 175.6 30.0 771.0 | H 1.098 | V -0.003 | pL -0.001 | vL 0.000 | delta 0.001
U 68 | F 139264 | FPS 0032 | D 5041 | rR:mu sigma m M 0.00 0.00 0.00 0.00 | F:mu sigma m M 176.3 183.3 42.0 798.0 | H 1.098 | V -0.002 | pL -0.000 | vL 0.000 | delta 0.001
U 69 | F 141312 | FPS 0031 | D 5107 | rR:mu sigma m M 0.00 0.00 0.00 0.00 | F:mu sigma m M 225.7 207.4 42.0 798.0 | H 1.099 | V -0.001 | pL -0.001 | vL 0.000 | delta 0.000
U 70 | F 143360 | FPS 0028 | D 5181 | rR:mu sigma m M 0.00 0.00 0.00 0.00 | F:mu sigma m M 204.3 205.8 7.0 735.0 | H 1.099 | V -0.001 | pL -0.000 | vL 0.000 | delta 0.000
U 71 | F 145408 | FPS 0029 | D 5252 | rR:mu sigma m M 0.00 0.00 0.00 0.00 | F:mu sigma m M 112.1 59.0 7.0 214.0 | H 1.099 | V -0.000 | pL -0.000 | vL 0.000 | delta 0.000
U 72 | F 147456 | FPS 0025 | D 5334 | rR:mu sigma m M 0.00 0.00 0.00 0.00 | F:mu sigma m M 124.1 64.8 35.0 272.0 | H 1.099 | V -0.000 | pL -0.000 | vL 0.000 | delta 0.000
U 73 | F 149504 | FPS 0028 | D 5407 | rR:mu sigma m M 0.00 0.00 0.00 0.00 | F:mu sigma m M 150.1 119.2 23.0 461.0 | H 1.099 | V -0.000 | pL -0.000 | vL 0.000 | delta 0.000
U 74 | F 151552 | FPS 0030 | D 5474 | rR:mu sigma m M 0.00 0.00 0.00 0.00 | F:mu sigma m M 144.3 127.6 23.0 461.0 | H 1.099 | V -0.000 | pL -0.000 | vL 0.000 | delta 0.000
U 75 | F 153600 | FPS 0026 | D 5553 | rR:mu sigma m M 0.00 0.00 0.00 0.00 | F:mu sigma m M 208.1 137.3 29.0 461.0 | H 1.099 | V 0.000 | pL -0.000 | vL 0.000 | delta 0.000
U 76 | F 155648 | FPS 0027 | D 5629 | rR:mu sigma m M 0.00 0.00 0.00 0.00 | F:mu sigma m M 264.2 200.4 33.0 710.0 | H 1.099 | V 0.000 | pL -0.000 | vL 0.000 | delta 0.000
U 77 | F 157696 | FPS 0026 | D 5708 | rR:mu sigma m M 0.00 0.00 0.00 0.00 | F:mu sigma m M 197.6 164.1 33.0 545.0 | H 1.099 | V 0.000 | pL 0.000 | vL 0.000 | delta 0.000
U 78 | F 159744 | FPS 0030 | D 5776 | rR:mu sigma m M 0.00 0.00 0.00 0.00 | F:mu sigma m M 256.8 222.2 33.0 900.0 | H 1.099 | V 0.000 | pL 0.000 | vL 0.000 | delta 0.000
U 79 | F 161792 | FPS 0030 | D 5845 | rR:mu sigma m M 0.05 0.19 0.00 0.82 | F:mu sigma m M 135.0 118.1 15.0 442.0 | H 1.097 | V 0.005 | pL -0.007 | vL 0.002 | delta 0.026
U 80 | F 163840 | FPS 0030 | D 5913 | rR:mu sigma m M 0.00 0.00 0.00 0.00 | F:mu sigma m M 158.8 106.8 39.0 440.0 | H 1.099 | V 0.006 | pL 0.001 | vL 0.000 | delta 0.003
U 81 | F 165888 | FPS 0027 | D 5991 | rR:mu sigma m M 0.00 0.00 0.00 0.00 | F:mu sigma m M 181.7 131.3 19.0 460.0 | H 1.098 | V 0.005 | pL 0.002 | vL 0.000 | delta 0.002
U 82 | F 167936 | FPS 0033 | D 6052 | rR:mu sigma m M 0.00 0.00 0.00 0.00 | F:mu sigma m M 161.1 120.9 19.0 460.0 | H 1.099 | V 0.004 | pL 0.001 | vL 0.000 | delta 0.000
U 83 | F 169984 | FPS 0029 | D 6122 | rR:mu sigma m M 0.00 0.00 0.00 0.00 | F:mu sigma m M 169.6 140.5 19.0 500.0 | H 1.098 | V 0.004 | pL 0.001 | vL 0.000 | delta 0.001
U 84 | F 172032 | FPS 0029 | D 6194 | rR:mu sigma m M 0.00 0.00 0.00 0.00 | F:mu sigma m M 228.2 162.9 45.0 561.0 | H 1.099 | V 0.002 | pL 0.001 | vL 0.000 | delta 0.000
U 85 | F 174080 | FPS 0030 | D 6261 | rR:mu sigma m M 0.00 0.00 0.00 0.00 | F:mu sigma m M 182.8 136.0 64.0 561.0 | H 1.099 | V 0.001 | pL 0.000 | vL 0.000 | delta 0.000
U 86 | F 176128 | FPS 0028 | D 6334 | rR:mu sigma m M 0.00 0.00 0.00 0.00 | F:mu sigma m M 192.1 176.0 19.0 760.0 | H 1.099 | V 0.001 | pL 0.000 | vL 0.000 | delta 0.000
U 87 | F 178176 | FPS 0024 | D 6418 | rR:mu sigma m M 0.00 0.00 0.00 0.00 | F:mu sigma m M 201.4 193.7 19.0 760.0 | H 1.099 | V 0.001 | pL 0.000 | vL 0.000 | delta 0.000
U 88 | F 180224 | FPS 0027 | D 6493 | rR:mu sigma m M 0.00 0.00 0.00 0.00 | F:mu sigma m M 148.1 99.6 26.0 369.0 | H 1.099 | V 0.001 | pL 0.000 | vL 0.000 | delta 0.000
U 89 | F 182272 | FPS 0027 | D 6568 | rR:mu sigma m M 0.00 0.00 0.00 0.00 | F:mu sigma m M 201.1 183.4 34.0 798.0 | H 1.099 | V 0.001 | pL 0.000 | vL 0.000 | delta 0.000
U 90 | F 184320 | FPS 0026 | D 6646 | rR:mu sigma m M 0.00 0.00 0.00 0.00 | F:mu sigma m M 240.3 264.7 34.0 900.0 | H 1.099 | V 0.001 | pL 0.000 | vL 0.000 | delta 0.000
U 91 | F 186368 | FPS 0026 | D 6724 | rR:mu sigma m M 0.00 0.00 0.00 0.00 | F:mu sigma m M 150.6 117.4 50.0 526.0 | H 1.099 | V 0.001 | pL 0.000 | vL 0.000 | delta 0.000
U 92 | F 188416 | FPS 0029 | D 6795 | rR:mu sigma m M 0.00 0.00 0.00 0.00 | F:mu sigma m M 156.9 126.3 38.0 431.0 | H 1.099 | V 0.000 | pL 0.000 | vL 0.000 | delta 0.000
U 93 | F 190464 | FPS 0027 | D 6872 | rR:mu sigma m M 0.00 0.00 0.00 0.00 | F:mu sigma m M 155.8 126.8 30.0 431.0 | H 1.099 | V 0.000 | pL 0.000 | vL 0.000 | delta 0.000
U 94 | F 192512 | FPS 0026 | D 6950 | rR:mu sigma m M 0.00 0.00 0.00 0.00 | F:mu sigma m M 253.2 176.7 35.0 669.0 | H 1.099 | V 0.000 | pL 0.000 | vL 0.000 | delta 0.000
U 95 | F 194560 | FPS 0028 | D 7024 | rR:mu sigma m M 0.00 0.00 0.00 0.00 | F:mu sigma m M 148.9 121.7 16.0 437.0 | H 1.099 | V 0.000 | pL 0.000 | vL 0.000 | delta 0.000
U 96 | F 196608 | FPS 0029 | D 7095 | rR:mu sigma m M 0.00 0.00 0.00 0.00 | F:mu sigma m M 129.5 88.8 16.0 335.0 | H 1.099 | V 0.000 | pL 0.000 | vL 0.000 | delta 0.000
U 97 | F 198656 | FPS 0029 | D 7166 | rR:mu sigma m M 0.00 0.00 0.00 0.00 | F:mu sigma m M 178.4 127.7 42.0 415.0 | H 1.099 | V 0.000 | pL 0.000 | vL 0.000 | delta 0.000
U 98 | F 200704 | FPS 0024 | D 7250 | rR:mu sigma m M 0.00 0.00 0.00 0.00 | F:mu sigma m M 281.6 187.9 68.0 849.0 | H 1.098 | V 0.002 | pL 0.001 | vL 0.000 | delta 0.002
U 99 | F 202752 | FPS 0033 | D 7312 | rR:mu sigma m M 0.00 0.00 0.00 0.00 | F:mu sigma m M 153.7 143.1 9.0 532.0 | H 1.099 | V 0.000 | pL 0.000 | vL 0.000 | delta 0.000
U 100 | F 204800 | FPS 0028 | D 7385 | rR:mu sigma m M 0.00 0.00 0.00 0.00 | F:mu sigma m M 136.7 115.5 9.0 400.0 | H 1.099 | V 0.000 | pL -0.000 | vL 0.000 | delta 0.000
U 101 | F 206848 | FPS 0024 | D 7470 | rR:mu sigma m M 0.00 0.00 0.00 0.00 | F:mu sigma m M 182.8 132.1 32.0 497.0 | H 1.099 | V 0.000 | pL 0.000 | vL 0.000 | delta 0.000
U 102 | F 208896 | FPS 0030 | D 7539 | rR:mu sigma m M 0.04 0.14 0.00 0.58 | F:mu sigma m M 189.6 164.0 32.0 497.0 | H 1.097 | V 0.004 | pL -0.005 | vL 0.000 | delta 0.003
U 103 | F 210944 | FPS 0029 | D 7609 | rR:mu sigma m M 0.04 0.14 0.00 0.58 | F:mu sigma m M 215.4 133.4 19.0 458.0 | H 1.098 | V 0.001 | pL 0.000 | vL 0.000 | delta 0.000
U 104 | F 212992 | FPS 0027 | D 7683 | rR:mu sigma m M 0.00 0.00 0.00 0.00 | F:mu sigma m M 158.4 97.9 35.0 391.0 | H 1.098 | V 0.001 | pL -0.000 | vL 0.000 | delta 0.001
U 105 | F 215040 | FPS 0031 | D 7749 | rR:mu sigma m M 0.05 0.19 0.00 0.78 | F:mu sigma m M 170.4 93.0 40.0 391.0 | H 1.093 | V 0.004 | pL -0.004 | vL 0.001 | delta 0.017
U 106 | F 217088 | FPS 0026 | D 7827 | rR:mu sigma m M 0.05 0.19 0.00 0.78 | F:mu sigma m M 178.3 137.2 40.0 632.0 | H 1.098 | V 0.012 | pL 0.003 | vL 0.000 | delta 0.003
U 107 | F 219136 | FPS 0025 | D 7908 | rR:mu sigma m M 0.04 0.14 0.00 0.58 | F:mu sigma m M 241.1 142.7 50.0 632.0 | H 1.096 | V 0.011 | pL -0.003 | vL 0.001 | delta 0.023
U 108 | F 221184 | FPS 0029 | D 7979 | rR:mu sigma m M 0.04 0.14 0.00 0.58 | F:mu sigma m M 214.8 155.5 63.0 494.0 | H 1.098 | V -0.002 | pL -0.001 | vL 0.000 | delta 0.001
U 109 | F 223232 | FPS 0026 | D 8059 | rR:mu sigma m M 0.00 0.00 0.00 0.00 | F:mu sigma m M 152.5 91.4 27.0 426.0 | H 1.099 | V -0.001 | pL -0.000 | vL 0.000 | delta 0.001
U 110 | F 225280 | FPS 0029 | D 8131 | rR:mu sigma m M 0.00 0.00 0.00 0.00 | F:mu sigma m M 169.4 204.1 40.0 900.0 | H 1.099 | V -0.000 | pL -0.000 | vL 0.000 | delta 0.001
U 111 | F 227328 | FPS 0026 | D 8209 | rR:mu sigma m M 0.00 0.00 0.00 0.00 | F:mu sigma m M 155.4 83.2 59.0 337.0 | H 1.099 | V -0.000 | pL -0.000 | vL 0.000 | delta 0.000
U 112 | F 229376 | FPS 0027 | D 8285 | rR:mu sigma m M 0.00 0.00 0.00 0.00 | F:mu sigma m M 180.5 134.1 49.0 469.0 | H 1.099 | V -0.000 | pL -0.000 | vL 0.000 | delta 0.000
U 113 | F 231424 | FPS 0029 | D 8356 | rR:mu sigma m M 0.00 0.00 0.00 0.00 | F:mu sigma m M 136.4 89.6 39.0 433.0 | H 1.099 | V -0.000 | pL -0.000 | vL 0.000 | delta 0.000
U 114 | F 233472 | FPS 0026 | D 8436 | rR:mu sigma m M 0.00 0.00 0.00 0.00 | F:mu sigma m M 164.4 121.8 7.0 497.0 | H 1.099 | V -0.000 | pL -0.000 | vL 0.000 | delta 0.000
U 115 | F 235520 | FPS 0025 | D 8518 | rR:mu sigma m M 0.00 0.00 0.00 0.00 | F:mu sigma m M 177.0 146.6 7.0 666.0 | H 1.099 | V 0.002 | pL -0.000 | vL 0.000 | delta 0.001
U 116 | F 237568 | FPS 0028 | D 8591 | rR:mu sigma m M 0.05 0.19 0.00 0.78 | F:mu sigma m M 147.7 87.4 26.0 307.0 | H 1.097 | V 0.003 | pL -0.003 | vL 0.001 | delta 0.007
U 117 | F 239616 | FPS 0030 | D 8658 | rR:mu sigma m M 0.00 0.00 0.00 0.00 | F:mu sigma m M 132.4 95.3 31.0 378.0 | H 1.098 | V 0.001 | pL -0.000 | vL 0.000 | delta 0.001
U 118 | F 241664 | FPS 0027 | D 8733 | rR:mu sigma m M 0.00 0.00 0.00 0.00 | F:mu sigma m M 125.1 117.5 13.0 436.0 | H 1.099 | V 0.001 | pL 0.000 | vL 0.000 | delta 0.000
U 119 | F 243712 | FPS 0028 | D 8806 | rR:mu sigma m M 0.00 0.00 0.00 0.00 | F:mu sigma m M 138.2 116.1 17.0 425.0 | H 1.099 | V 0.000 | pL 0.000 | vL 0.000 | delta 0.000
U 120 | F 245760 | FPS 0026 | D 8885 | rR:mu sigma m M 0.00 0.00 0.00 0.00 | F:mu sigma m M 150.9 116.8 45.0 470.0 | H 1.097 | V 0.010 | pL -0.002 | vL 0.000 | delta 0.008
U 121 | F 247808 | FPS 0027 | D 8962 | rR:mu sigma m M 0.05 0.18 0.00 0.73 | F:mu sigma m M 167.8 133.6 47.0 595.0 | H 1.092 | V 0.012 | pL -0.003 | vL 0.001 | delta 0.013
U 122 | F 249856 | FPS 0028 | D 9034 | rR:mu sigma m M 0.00 0.00 0.00 0.00 | F:mu sigma m M 131.1 79.2 40.0 287.0 | H 1.098 | V 0.000 | pL 0.000 | vL 0.000 | delta 0.000
U 123 | F 251904 | FPS 0025 | D 9116 | rR:mu sigma m M 0.00 0.00 0.00 0.00 | F:mu sigma m M 169.6 132.0 19.0 489.0 | H 1.099 | V -0.000 | pL -0.000 | vL 0.000 | delta 0.000
U 124 | F 253952 | FPS 0029 | D 9186 | rR:mu sigma m M 0.00 0.00 0.00 0.00 | F:mu sigma m M 142.2 128.3 38.0 381.0 | H 1.098 | V 0.001 | pL 0.000 | vL 0.000 | delta 0.002
U 125 | F 256000 | FPS 0029 | D 9256 | rR:mu sigma m M 0.00 0.00 0.00 0.00 | F:mu sigma m M 164.6 106.6 45.0 403.0 | H 1.099 | V 0.001 | pL 0.000 | vL 0.000 | delta 0.000
U 126 | F 258048 | FPS 0028 | D 9328 | rR:mu sigma m M 0.00 0.00 0.00 0.00 | F:mu sigma m M 196.2 188.1 26.0 847.0 | H 1.099 | V 0.001 | pL 0.000 | vL 0.000 | delta 0.000
U 127 | F 260096 | FPS 0024 | D 9413 | rR:mu sigma m M 0.00 0.00 0.00 0.00 | F:mu sigma m M 126.1 90.0 16.0 271.0 | H 1.099 | V 0.001 | pL 0.000 | vL 0.000 | delta 0.000
U 128 | F 262144 | FPS 0028 | D 9485 | rR:mu sigma m M 0.00 0.00 0.00 0.00 | F:mu sigma m M 182.9 105.8 20.0 395.0 | H 1.099 | V 0.001 | pL 0.000 | vL 0.000 | delta 0.000
U 129 | F 264192 | FPS 0028 | D 9557 | rR:mu sigma m M 0.00 0.00 0.00 0.00 | F:mu sigma m M 194.2 107.9 20.0 417.0 | H 1.099 | V 0.001 | pL 0.000 | vL 0.000 | delta 0.000
U 130 | F 266240 | FPS 0026 | D 9636 | rR:mu sigma m M 0.04 0.16 0.00 0.70 | F:mu sigma m M 104.4 91.9 19.0 300.0 | H 1.093 | V 0.010 | pL -0.007 | vL 0.001 | delta 0.012
U 131 | F 268288 | FPS 0031 | D 9702 | rR:mu sigma m M 0.02 0.10 0.00 0.42 | F:mu sigma m M 144.3 148.0 21.0 581.0 | H 1.096 | V 0.001 | pL -0.003 | vL 0.000 | delta 0.010
U 132 | F 270336 | FPS 0030 | D 9770 | rR:mu sigma m M 0.03 0.10 0.00 0.42 | F:mu sigma m M 141.7 133.8 9.0 581.0 | H 1.099 | V -0.009 | pL -0.003 | vL 0.000 | delta 0.001
U 133 | F 272384 | FPS 0027 | D 9845 | rR:mu sigma m M 0.00 0.00 0.00 0.00 | F:mu sigma m M 146.7 128.2 26.0 588.0 | H 1.096 | V -0.001 | pL -0.003 | vL 0.000 | delta 0.005
U 134 | F 274432 | FPS 0034 | D 9906 | rR:mu sigma m M 0.04 0.15 0.00 0.61 | F:mu sigma m M 157.1 127.9 24.0 434.0 | H 1.097 | V -0.002 | pL -0.003 | vL 0.000 | delta 0.007
U 135 | F 276480 | FPS 0027 | D 9981 | rR:mu sigma m M 0.00 0.00 0.00 0.00 | F:mu sigma m M 111.6 65.1 22.0 260.0 | H 1.098 | V -0.006 | pL -0.002 | vL 0.000 | delta 0.001
U 136 | F 278528 | FPS 0028 | D 10054 | rR:mu sigma m M 0.00 0.00 0.00 0.00 | F:mu sigma m M 203.6 147.0 25.0 544.0 | H 1.098 | V -0.004 | pL -0.001 | vL 0.000 | delta 0.001
U 137 | F 280576 | FPS 0029 | D 10125 | rR:mu sigma m M 0.00 0.00 0.00 0.00 | F:mu sigma m M 191.8 147.6 27.0 588.0 | H 1.098 | V -0.003 | pL -0.001 | vL 0.000 | delta 0.000
U 138 | F 282624 | FPS 0029 | D 10196 | rR:mu sigma m M 0.00 0.00 0.00 0.00 | F:mu sigma m M 163.4 80.4 9.0 261.0 | H 1.098 | V -0.002 | pL -0.001 | vL 0.000 | delta 0.000
U 139 | F 284672 | FPS 0028 | D 10270 | rR:mu sigma m M 0.00 0.00 0.00 0.00 | F:mu sigma m M 141.8 67.5 38.0 261.0 | H 1.099 | V -0.001 | pL -0.000 | vL 0.000 | delta 0.000
U 140 | F 286720 | FPS 0029 | D 10340 | rR:mu sigma m M 0.00 0.00 0.00 0.00 | F:mu sigma m M 139.1 83.8 24.0 295.0 | H 1.098 | V -0.001 | pL -0.000 | vL 0.000 | delta 0.000
U 141 | F 288768 | FPS 0029 | D 10410 | rR:mu sigma m M 0.00 0.00 0.00 0.00 | F:mu sigma m M 151.4 168.4 13.0 593.0 | H 1.099 | V -0.001 | pL -0.000 | vL 0.000 | delta 0.000
U 142 | F 290816 | FPS 0024 | D 10494 | rR:mu sigma m M 0.00 0.00 0.00 0.00 | F:mu sigma m M 170.1 169.1 19.0 632.0 | H 1.096 | V 0.006 | pL -0.001 | vL 0.000 | delta 0.006
U 143 | F 292864 | FPS 0031 | D 10561 | rR:mu sigma m M 0.02 0.06 0.00 0.25 | F:mu sigma m M 161.0 172.7 27.0 747.0 | H 1.096 | V 0.003 | pL -0.000 | vL 0.000 | delta 0.007
U 144 | F 294912 | FPS 0031 | D 10626 | rR:mu sigma m M 0.00 0.00 0.00 0.00 | F:mu sigma m M 186.4 197.0 27.0 900.0 | H 1.098 | V 0.010 | pL 0.002 | vL 0.000 | delta 0.003
U 145 | F 296960 | FPS 0026 | D 10704 | rR:mu sigma m M 0.04 0.14 0.00 0.59 | F:mu sigma m M 155.2 94.3 30.0 407.0 | H 1.094 | V 0.013 | pL -0.002 | vL 0.001 | delta 0.014
U 146 | F 299008 | FPS 0027 | D 10781 | rR:mu sigma m M 0.00 0.00 0.00 0.00 | F:mu sigma m M 133.1 111.0 19.0 500.0 | H 1.097 | V 0.002 | pL -0.001 | vL 0.000 | delta 0.002
U 147 | F 301056 | FPS 0028 | D 10856 | rR:mu sigma m M 0.00 0.00 0.00 0.00 | F:mu sigma m M 124.7 109.7 19.0 461.0 | H 1.098 | V 0.003 | pL -0.000 | vL 0.000 | delta 0.001
U 148 | F 303104 | FPS 0028 | D 10928 | rR:mu sigma m M 0.04 0.16 0.00 0.66 | F:mu sigma m M 113.2 94.7 27.0 339.0 | H 1.097 | V 0.012 | pL -0.005 | vL 0.000 | delta 0.010
U 149 | F 305152 | FPS 0023 | D 11017 | rR:mu sigma m M 0.04 0.16 0.00 0.66 | F:mu sigma m M 225.2 215.1 23.0 822.0 | H 1.098 | V 0.006 | pL 0.002 | vL 0.000 | delta 0.005
U 150 | F 307200 | FPS 0028 | D 11090 | rR:mu sigma m M 0.00 0.00 0.00 0.00 | F:mu sigma m M 237.4 213.8 23.0 822.0 | H 1.098 | V 0.006 | pL 0.001 | vL 0.000 | delta 0.001
U 151 | F 309248 | FPS 0029 | D 11160 | rR:mu sigma m M 0.00 0.00 0.00 0.00 | F:mu sigma m M 215.9 130.0 54.0 527.0 | H 1.099 | V 0.004 | pL 0.001 | vL 0.000 | delta 0.001
U 152 | F 311296 | FPS 0027 | D 11236 | rR:mu sigma m M 0.00 0.00 0.00 0.00 | F:mu sigma m M 146.2 90.5 27.0 340.0 | H 1.098 | V 0.014 | pL 0.002 | vL 0.001 | delta 0.013
U 153 | F 313344 | FPS 0026 | D 11314 | rR:mu sigma m M 0.02 0.08 0.00 0.34 | F:mu sigma m M 205.2 178.2 45.0 661.0 | H 1.094 | V 0.007 | pL -0.001 | vL 0.000 | delta 0.005
U 154 | F 315392 | FPS 0026 | D 11393 | rR:mu sigma m M 0.02 0.08 0.00 0.34 | F:mu sigma m M 231.9 179.9 54.0 661.0 | H 1.098 | V 0.003 | pL -0.001 | vL 0.000 | delta 0.005
U 155 | F 317440 | FPS 0030 | D 11462 | rR:mu sigma m M 0.05 0.20 0.00 0.81 | F:mu sigma m M 174.3 131.5 37.0 508.0 | H 1.097 | V 0.005 | pL -0.005 | vL 0.001 | delta 0.012
U 156 | F 319488 | FPS 0028 | D 11536 | rR:mu sigma m M 0.00 0.00 0.00 0.00 | F:mu sigma m M 132.1 113.7 37.0 508.0 | H 1.098 | V -0.003 | pL -0.001 | vL 0.000 | delta 0.003
U 157 | F 321536 | FPS 0034 | D 11597 | rR:mu sigma m M 0.04 0.15 0.00 0.63 | F:mu sigma m M 165.5 95.6 51.0 368.0 | H 1.096 | V 0.003 | pL -0.004 | vL 0.000 | delta 0.012
U 158 | F 323584 | FPS 0031 | D 11663 | rR:mu sigma m M 0.09 0.24 0.00 0.80 | F:mu sigma m M 234.5 125.9 56.0 531.0 | H 1.097 | V 0.002 | pL -0.008 | vL 0.001 | delta 0.033
U 159 | F 325632 | FPS 0028 | D 11735 | rR:mu sigma m M 0.00 0.00 0.00 0.00 | F:mu sigma m M 191.3 210.7 41.0 900.0 | H 1.096 | V -0.008 | pL -0.002 | vL 0.000 | delta 0.011
U 160 | F 327680 | FPS 0032 | D 11798 | rR:mu sigma m M 0.02 0.08 0.00 0.35 | F:mu sigma m M 222.6 236.6 17.0 900.0 | H 1.092 | V -0.003 | pL -0.003 | vL 0.000 | delta 0.011
U 161 | F 329728 | FPS 0036 | D 11856 | rR:mu sigma m M 0.04 0.17 0.00 0.70 | F:mu sigma m M 163.6 118.2 17.0 443.0 | H 1.095 | V 0.001 | pL -0.008 | vL 0.001 | delta 0.026
U 162 | F 331776 | FPS 0029 | D 11927 | rR:mu sigma m M 0.04 0.17 0.00 0.70 | F:mu sigma m M 146.0 97.0 18.0 304.0 | H 1.097 | V 0.006 | pL 0.001 | vL 0.000 | delta 0.016
U 163 | F 333824 | FPS 0032 | D 11991 | rR:mu sigma m M 0.00 0.00 0.00 0.00 | F:mu sigma m M 130.0 89.2 10.0 324.0 | H 1.096 | V 0.007 | pL 0.001 | vL 0.000 | delta 0.006
U 164 | F 335872 | FPS 0033 | D 12053 | rR:mu sigma m M 0.00 0.00 0.00 0.00 | F:mu sigma m M 166.1 131.4 20.0 445.0 | H 1.097 | V 0.004 | pL 0.001 | vL 0.000 | delta 0.004
U 165 | F 337920 | FPS 0029 | D 12123 | rR:mu sigma m M 0.00 0.00 0.00 0.00 | F:mu sigma m M 181.6 141.7 31.0 580.0 | H 1.098 | V 0.002 | pL -0.000 | vL 0.000 | delta 0.004
U 166 | F 339968 | FPS 0031 | D 12189 | rR:mu sigma m M 0.00 0.00 0.00 0.00 | F:mu sigma m M 133.6 93.5 22.0 351.0 | H 1.096 | V 0.004 | pL -0.001 | vL 0.000 | delta 0.011
U 167 | F 342016 | FPS 0030 | D 12258 | rR:mu sigma m M 0.10 0.27 0.00 0.92 | F:mu sigma m M 156.4 151.6 19.0 629.0 | H 1.092 | V 0.010 | pL -0.009 | vL 0.002 | delta 0.026
U 168 | F 344064 | FPS 0026 | D 12337 | rR:mu sigma m M 0.04 0.17 0.00 0.72 | F:mu sigma m M 129.4 96.6 19.0 314.0 | H 1.097 | V -0.009 | pL -0.003 | vL 0.000 | delta 0.003
U 169 | F 346112 | FPS 0032 | D 12402 | rR:mu sigma m M 0.00 0.00 0.00 0.00 | F:mu sigma m M 116.1 97.9 26.0 349.0 | H 1.095 | V -0.002 | pL -0.004 | vL 0.000 | delta 0.008
U 170 | F 348160 | FPS 0032 | D 12465 | rR:mu sigma m M 0.00 0.00 0.00 0.00 | F:mu sigma m M 211.8 182.8 21.0 562.0 | H 1.097 | V -0.003 | pL -0.001 | vL 0.000 | delta 0.002
U 171 | F 350208 | FPS 0033 | D 12528 | rR:mu sigma m M 0.06 0.22 0.00 0.91 | F:mu sigma m M 205.6 158.8 21.0 562.0 | H 1.094 | V 0.009 | pL -0.008 | vL 0.002 | delta 0.025
U 172 | F 352256 | FPS 0030 | D 12596 | rR:mu sigma m M 0.00 0.00 0.00 0.00 | F:mu sigma m M 176.1 127.0 43.0 496.0 | H 1.096 | V 0.016 | pL 0.002 | vL 0.000 | delta 0.009
U 173 | F 354304 | FPS 0029 | D 12668 | rR:mu sigma m M 0.05 0.19 0.00 0.76 | F:mu sigma m M 171.2 105.7 39.0 444.0 | H 1.091 | V 0.016 | pL 0.000 | vL 0.001 | delta 0.010
U 174 | F 356352 | FPS 0026 | D 12747 | rR:mu sigma m M 0.00 0.00 0.00 0.00 | F:mu sigma m M 148.1 129.8 29.0 459.0 | H 1.098 | V 0.001 | pL 0.000 | vL 0.000 | delta 0.002
U 175 | F 358400 | FPS 0033 | D 12809 | rR:mu sigma m M 0.00 0.00 0.00 0.00 | F:mu sigma m M 170.6 126.0 29.0 459.0 | H 1.098 | V 0.001 | pL 0.000 | vL 0.000 | delta 0.001
U 176 | F 360448 | FPS 0034 | D 12869 | rR:mu sigma m M 0.00 0.00 0.00 0.00 | F:mu sigma m M 234.8 197.9 27.0 768.0 | H 1.097 | V 0.004 | pL 0.000 | vL 0.000 | delta 0.003
U 177 | F 362496 | FPS 0032 | D 12932 | rR:mu sigma m M 0.00 0.00 0.00 0.00 | F:mu sigma m M 294.7 220.1 27.0 768.0 | H 1.098 | V 0.002 | pL 0.001 | vL 0.000 | delta 0.002
U 178 | F 364544 | FPS 0027 | D 13008 | rR:mu sigma m M 0.00 0.00 0.00 0.00 | F:mu sigma m M 197.4 188.2 28.0 765.0 | H 1.098 | V 0.001 | pL -0.000 | vL 0.000 | delta 0.001
U 179 | F 366592 | FPS 0028 | D 13081 | rR:mu sigma m M 0.04 0.16 0.00 0.68 | F:mu sigma m M 156.8 120.9 13.0 367.0 | H 1.095 | V 0.006 | pL -0.005 | vL 0.001 | delta 0.014
U 180 | F 368640 | FPS 0033 | D 13142 | rR:mu sigma m M 0.07 0.19 0.00 0.68 | F:mu sigma m M 274.6 214.3 66.0 900.0 | H 1.096 | V 0.020 | pL 0.000 | vL 0.001 | delta 0.011
U 181 | F 370688 | FPS 0031 | D 13209 | rR:mu sigma m M 0.00 0.00 0.00 0.00 | F:mu sigma m M 234.1 217.3 49.0 900.0 | H 1.097 | V 0.007 | pL 0.001 | vL 0.000 | delta 0.003
U 182 | F 372736 | FPS 0026 | D 13287 | rR:mu sigma m M 0.05 0.19 0.00 0.78 | F:mu sigma m M 193.0 142.1 49.0 633.0 | H 1.086 | V 0.022 | pL -0.003 | vL 0.001 | delta 0.013
U 183 | F 374784 | FPS 0030 | D 13355 | rR:mu sigma m M 0.09 0.24 0.00 0.78 | F:mu sigma m M 201.6 144.8 40.0 542.0 | H 1.088 | V 0.011 | pL -0.004 | vL 0.001 | delta 0.019
U 184 | F 376832 | FPS 0035 | D 13414 | rR:mu sigma m M 0.05 0.20 0.00 0.87 | F:mu sigma m M 159.7 127.6 26.0 488.0 | H 1.089 | V 0.007 | pL -0.009 | vL 0.001 | delta 0.034
U 185 | F 378880 | FPS 0032 | D 13477 | rR:mu sigma m M 0.02 0.09 0.00 0.36 | F:mu sigma m M 188.7 143.5 26.0 636.0 | H 1.092 | V 0.001 | pL -0.009 | vL 0.001 | delta 0.012
U 186 | F 380928 | FPS 0035 | D 13536 | rR:mu sigma m M 0.00 0.00 0.00 0.00 | F:mu sigma m M 186.7 147.8 55.0 688.0 | H 1.094 | V 0.018 | pL -0.001 | vL 0.001 | delta 0.019
U 187 | F 382976 | FPS 0031 | D 13602 | rR:mu sigma m M 0.05 0.20 0.00 0.81 | F:mu sigma m M 136.5 80.5 31.0 313.0 | H 1.091 | V 0.041 | pL -0.002 | vL 0.001 | delta 0.022
U 188 | F 385024 | FPS 0031 | D 13667 | rR:mu sigma m M 0.10 0.26 0.00 0.81 | F:mu sigma m M 174.2 148.7 28.0 527.0 | H 1.094 | V 0.029 | pL 0.000 | vL 0.001 | delta 0.008
U 189 | F 387072 | FPS 0032 | D 13731 | rR:mu sigma m M 0.04 0.15 0.00 0.62 | F:mu sigma m M 191.8 143.2 28.0 527.0 | H 1.095 | V 0.020 | pL 0.002 | vL 0.001 | delta 0.009
U 190 | F 389120 | FPS 0027 | D 13806 | rR:mu sigma m M 0.00 0.00 0.00 0.00 | F:mu sigma m M 172.2 137.1 37.0 537.0 | H 1.095 | V 0.015 | pL 0.003 | vL 0.000 | delta 0.004
U 191 | F 391168 | FPS 0029 | D 13876 | rR:mu sigma m M 0.00 0.00 0.00 0.00 | F:mu sigma m M 220.8 199.7 37.0 761.0 | H 1.096 | V 0.017 | pL 0.003 | vL 0.000 | delta 0.009
U 192 | F 393216 | FPS 0031 | D 13943 | rR:mu sigma m M 0.00 0.00 0.00 0.00 | F:mu sigma m M 243.4 193.4 46.0 761.0 | H 1.097 | V 0.012 | pL 0.003 | vL 0.000 | delta 0.003
U 193 | F 395264 | FPS 0031 | D 14010 | rR:mu sigma m M 0.00 0.00 0.00 0.00 | F:mu sigma m M 178.1 110.6 46.0 389.0 | H 1.098 | V 0.007 | pL 0.002 | vL 0.000 | delta 0.002
U 194 | F 397312 | FPS 0029 | D 14081 | rR:mu sigma m M 0.04 0.16 0.00 0.67 | F:mu sigma m M 192.4 138.5 38.0 454.0 | H 1.097 | V 0.009 | pL -0.002 | vL 0.000 | delta 0.007
U 195 | F 399360 | FPS 0026 | D 14160 | rR:mu sigma m M 0.00 0.00 0.00 0.00 | F:mu sigma m M 135.8 103.5 26.0 386.0 | H 1.098 | V 0.005 | pL 0.001 | vL 0.000 | delta 0.002
U 196 | F 401408 | FPS 0035 | D 14218 | rR:mu sigma m M 0.05 0.18 0.00 0.73 | F:mu sigma m M 202.6 154.7 26.0 570.0 | H 1.089 | V 0.014 | pL -0.004 | vL 0.001 | delta 0.009
U 197 | F 403456 | FPS 0032 | D 14282 | rR:mu sigma m M 0.00 0.00 0.00 0.00 | F:mu sigma m M 183.9 211.4 34.0 887.0 | H 1.097 | V 0.002 | pL 0.000 | vL 0.000 | delta 0.002
U 198 | F 405504 | FPS 0027 | D 14357 | rR:mu sigma m M 0.05 0.18 0.00 0.75 | F:mu sigma m M 141.8 141.4 18.0 596.0 | H 1.085 | V 0.013 | pL -0.006 | vL 0.000 | delta 0.008
U 199 | F 407552 | FPS 0033 | D 14419 | rR:mu sigma m M 0.00 0.00 0.00 0.00 | F:mu sigma m M 157.6 132.0 17.0 580.0 | H 1.098 | V 0.003 | pL 0.001 | vL 0.000 | delta 0.003
U 200 | F 409600 | FPS 0031 | D 14484 | rR:mu sigma m M 0.00 0.00 0.00 0.00 | F:mu sigma m M 143.1 96.0 23.0 339.0 | H 1.095 | V 0.003 | pL -0.000 | vL 0.000 | delta 0.003
U 201 | F 411648 | FPS 0030 | D 14553 | rR:mu sigma m M 0.00 0.00 0.00 0.00 | F:mu sigma m M 143.6 86.5 30.0 327.0 | H 1.098 | V 0.005 | pL 0.000 | vL 0.000 | delta 0.001
U 202 | F 413696 | FPS 0028 | D 14626 | rR:mu sigma m M 0.00 0.00 0.00 0.00 | F:mu sigma m M 128.0 104.5 35.0 437.0 | H 1.098 | V 0.003 | pL 0.001 | vL 0.000 | delta 0.001
U 203 | F 415744 | FPS 0030 | D 14695 | rR:mu sigma m M 0.05 0.19 0.00 0.78 | F:mu sigma m M 143.3 110.6 29.0 437.0 | H 1.094 | V 0.015 | pL -0.005 | vL 0.002 | delta 0.016
U 204 | F 417792 | FPS 0029 | D 14765 | rR:mu sigma m M 0.00 0.00 0.00 0.00 | F:mu sigma m M 239.7 189.0 34.0 633.0 | H 1.096 | V 0.002 | pL -0.001 | vL 0.000 | delta 0.004
U 205 | F 419840 | FPS 0028 | D 14839 | rR:mu sigma m M 0.00 0.00 0.00 0.00 | F:mu sigma m M 94.1 71.7 11.0 356.0 | H 1.097 | V 0.005 | pL 0.000 | vL 0.000 | delta 0.003
U 206 | F 421888 | FPS 0032 | D 14904 | rR:mu sigma m M 0.04 0.15 0.00 0.61 | F:mu sigma m M 125.6 96.1 29.0 389.0 | H 1.094 | V 0.005 | pL -0.001 | vL 0.000 | delta 0.010
U 207 | F 423936 | FPS 0033 | D 14966 | rR:mu sigma m M 0.00 0.00 0.00 0.00 | F:mu sigma m M 140.3 79.4 20.0 314.0 | H 1.098 | V 0.001 | pL 0.000 | vL 0.000 | delta 0.001
U 208 | F 425984 | FPS 0027 | D 15043 | rR:mu sigma m M 0.14 0.29 0.00 0.94 | F:mu sigma m M 154.4 103.8 20.0 386.0 | H 1.086 | V 0.017 | pL -0.016 | vL 0.003 | delta 0.025
U 209 | F 428032 | FPS 0039 | D 15096 | rR:mu sigma m M 0.06 0.23 0.00 0.94 | F:mu sigma m M 168.6 168.8 13.0 692.0 | H 1.093 | V 0.028 | pL 0.004 | vL 0.000 | delta 0.009
U 210 | F 430080 | FPS 0032 | D 15161 | rR:mu sigma m M 0.00 0.00 0.00 0.00 | F:mu sigma m M 124.1 102.4 30.0 372.0 | H 1.076 | V 0.030 | pL 0.005 | vL 0.001 | delta 0.016
U 211 | F 432128 | FPS 0029 | D 15230 | rR:mu sigma m M 0.09 0.23 0.00 0.70 | F:mu sigma m M 140.1 107.6 30.0 335.0 | H 1.064 | V 0.045 | pL -0.003 | vL 0.001 | delta 0.020
U 212 | F 434176 | FPS 0025 | D 15312 | rR:mu sigma m M 0.14 0.29 0.00 0.81 | F:mu sigma m M 167.5 100.4 20.0 335.0 | H 1.076 | V 0.034 | pL -0.008 | vL 0.001 | delta 0.024
U 213 | F 436224 | FPS 0033 | D 15373 | rR:mu sigma m M 0.05 0.19 0.00 0.77 | F:mu sigma m M 205.3 179.2 48.0 814.0 | H 1.090 | V 0.021 | pL 0.004 | vL 0.000 | delta 0.009
U 214 | F 438272 | FPS 0027 | D 15448 | rR:mu sigma m M 0.05 0.20 0.00 0.82 | F:mu sigma m M 207.6 175.1 48.0 814.0 | H 1.082 | V 0.026 | pL -0.001 | vL 0.002 | delta 0.023
U 215 | F 440320 | FPS 0033 | D 15510 | rR:mu sigma m M 0.13 0.29 0.00 0.89 | F:mu sigma m M 176.8 116.3 13.0 466.0 | H 1.070 | V 0.036 | pL -0.013 | vL 0.003 | delta 0.033
U 216 | F 442368 | FPS 0036 | D 15567 | rR:mu sigma m M 0.00 0.00 0.00 0.00 | F:mu sigma m M 140.2 100.4 13.0 468.0 | H 1.092 | V 0.017 | pL 0.003 | vL 0.001 | delta 0.012
U 217 | F 444416 | FPS 0033 | D 15630 | rR:mu sigma m M 0.11 0.29 0.00 0.94 | F:mu sigma m M 145.8 82.7 22.0 315.0 | H 1.079 | V 0.032 | pL -0.009 | vL 0.004 | delta 0.037
U 218 | F 446464 | FPS 0033 | D 15691 | rR:mu sigma m M 0.00 0.00 0.00 0.00 | F:mu sigma m M 147.4 81.1 22.0 299.0 | H 1.083 | V 0.017 | pL -0.005 | vL 0.001 | delta 0.015
U 219 | F 448512 | FPS 0029 | D 15763 | rR:mu sigma m M 0.00 0.00 0.00 0.00 | F:mu sigma m M 137.1 95.5 38.0 407.0 | H 1.049 | V 0.052 | pL 0.007 | vL 0.000 | delta 0.022
U 220 | F 450560 | FPS 0027 | D 15839 | rR:mu sigma m M 0.08 0.22 0.00 0.68 | F:mu sigma m M 186.4 137.4 58.0 532.0 | H 1.074 | V 0.039 | pL -0.003 | vL 0.002 | delta 0.035
U 221 | F 452608 | FPS 0033 | D 15900 | rR:mu sigma m M 0.05 0.18 0.00 0.75 | F:mu sigma m M 118.3 74.9 35.0 286.0 | H 1.086 | V 0.019 | pL 0.000 | vL 0.000 | delta 0.011
U 222 | F 454656 | FPS 0037 | D 15956 | rR:mu sigma m M 0.05 0.20 0.00 0.83 | F:mu sigma m M 138.5 84.0 55.0 395.0 | H 1.082 | V 0.030 | pL -0.002 | vL 0.002 | delta 0.021
U 223 | F 456704 | FPS 0035 | D 16015 | rR:mu sigma m M 0.00 0.00 0.00 0.00 | F:mu sigma m M 109.4 89.0 17.0 370.0 | H 1.090 | V 0.022 | pL 0.002 | vL 0.001 | delta 0.010
U 224 | F 458752 | FPS 0034 | D 16075 | rR:mu sigma m M 0.06 0.22 0.00 0.89 | F:mu sigma m M 113.9 69.9 14.0 266.0 | H 1.086 | V 0.024 | pL -0.002 | vL 0.001 | delta 0.022
U 225 | F 460800 | FPS 0031 | D 16141 | rR:mu sigma m M 0.00 0.00 0.00 0.00 | F:mu sigma m M 194.6 209.1 16.0 895.0 | H 1.064 | V 0.029 | pL 0.008 | vL 0.001 | delta 0.017
U 226 | F 462848 | FPS 0031 | D 16207 | rR:mu sigma m M 0.11 0.28 0.00 0.89 | F:mu sigma m M 139.7 98.8 31.0 328.0 | H 1.074 | V 0.045 | pL -0.007 | vL 0.003 | delta 0.036
U 227 | F 464896 | FPS 0029 | D 16278 | rR:mu sigma m M 0.19 0.33 0.00 0.84 | F:mu sigma m M 149.6 100.8 31.0 345.0 | H 1.036 | V 0.085 | pL -0.017 | vL 0.004 | delta 0.050
U 228 | F 466944 | FPS 0031 | D 16343 | rR:mu sigma m M 0.25 0.37 0.00 0.84 | F:mu sigma m M 177.6 123.8 22.0 473.0 | H 0.950 | V 0.134 | pL -0.002 | vL 0.005 | delta 0.050
U 229 | F 468992 | FPS 0033 | D 16405 | rR:mu sigma m M 0.15 0.32 0.00 0.89 | F:mu sigma m M 121.8 111.9 30.0 447.0 | H 0.992 | V 0.124 | pL -0.009 | vL 0.005 | delta 0.058
U 230 | F 471040 | FPS 0037 | D 16460 | rR:mu sigma m M 0.36 0.42 0.00 0.94 | F:mu sigma m M 135.4 110.1 17.0 447.0 | H 0.966 | V 0.131 | pL -0.017 | vL 0.009 | delta 0.084
U 231 | F 473088 | FPS 0038 | D 16514 | rR:mu sigma m M 0.58 0.38 0.00 0.93 | F:mu sigma m M 197.6 167.4 14.0 636.0 | H 0.883 | V 0.193 | pL -0.049 | vL 0.012 | delta 0.074
U 232 | F 475136 | FPS 0044 | D 16561 | rR:mu sigma m M 0.46 0.44 0.00 0.94 | F:mu sigma m M 116.0 40.7 38.0 178.0 | H 0.858 | V 0.237 | pL -0.036 | vL 0.012 | delta 0.082
U 233 | F 477184 | FPS 0040 | D 16612 | rR:mu sigma m M 0.70 0.37 0.00 0.96 | F:mu sigma m M 112.1 82.1 37.0 423.0 | H 0.786 | V 0.324 | pL -0.068 | vL 0.013 | delta 0.085
U 234 | F 479232 | FPS 0049 | D 16654 | rR:mu sigma m M 0.65 0.42 0.00 0.97 | F:mu sigma m M 81.9 49.1 30.0 205.0 | H 0.682 | V 0.385 | pL -0.045 | vL 0.016 | delta 0.073
U 235 | F 481280 | FPS 0047 | D 16697 | rR:mu sigma m M 0.81 0.30 0.00 0.97 | F:mu sigma m M 84.4 58.6 23.0 305.0 | H 0.621 | V 0.472 | pL -0.059 | vL 0.012 | delta 0.078
U 236 | F 483328 | FPS 0053 | D 16736 | rR:mu sigma m M 0.87 0.21 0.00 0.97 | F:mu sigma m M 80.1 43.1 31.0 198.0 | H 0.686 | V 0.506 | pL -0.017 | vL 0.008 | delta 0.084
U 237 | F 485376 | FPS 0062 | D 16769 | rR:mu sigma m M 0.88 0.21 0.00 0.97 | F:mu sigma m M 71.8 43.4 31.0 244.0 | H 0.617 | V 0.575 | pL -0.048 | vL 0.012 | delta 0.107
U 238 | F 487424 | FPS 0061 | D 16802 | rR:mu sigma m M 0.88 0.22 0.00 0.97 | F:mu sigma m M 60.1 49.3 25.0 310.0 | H 0.589 | V 0.622 | pL -0.045 | vL 0.010 | delta 0.094
U 239 | F 489472 | FPS 0070 | D 16831 | rR:mu sigma m M 0.95 0.03 0.82 0.97 | F:mu sigma m M 49.4 29.3 27.0 184.0 | H 0.533 | V 0.683 | pL -0.049 | vL 0.007 | delta 0.079
agent reach optimality, start collecting trajectories
agent successfully collected 10 trajectories
pickling optimal trajectories
Model successfully saved
/home/rdali/.local/easybuild/software/2017/Core/miniconda3/4.3.27/envs/observe/lib/python3.6/site-packages/torch/nn/functional.py:1906: UserWarning: reduction: 'mean' divides the total loss by both the batch size and the support size.'batchmean' divides only by the batch size, and aligns with the KL div math definition.'mean' will be changed to behave the same as 'batchmean' in the next major release.
  warnings.warn("reduction: 'mean' divides the total loss by both the batch size and the support size."
