The following modules were not unloaded:
  (Use "module --force purge" to unload all):

  1) StdEnv/2018.3     4) gcccore/.7.3.0      7) intel/2018.3
  2) nixpkgs/16.09     5) icc/.2018.3.222     8) openmpi/3.1.2
  3) imkl/2018.3.222   6) ifort/.2018.3.222

Due to MODULEPATH changes, the following have been reloaded:
  1) openmpi/3.1.2

Attention: While Conda works well in a desktop environment, it tends to create more problems than it solves on a cluster. Instead, we recommend that users use virtual environments and the binary packages that we provide through Python wheels as documented on the Python page.
/home/rdali/RL/watch_and_learn/dependency/rl-starter-files/scripts/train_agent_multidem.py --env MiniGrid-LavaCrossingAddictO12S15-v0 --algo ppo --nameDemonstrator LavaCrossing1215Addict1,LavaCrossing1215Addict2,LavaCrossing1215Addict4,LavaCrossing1215Addict5,LavaCrossing1215Addict7,LavaCrossing1215Addict8,LavaCrossing1215Addict9,LavaCrossing1215Addict10 --flat-model 0 --KLweight 0.001 --useKL 1 --meanReward 0.80 --rewardLB 0.70 --seed 2462

Namespace(KLweight=0.001, algo='ppo', batch_size=256, clip_eps=0.2, discount=0.99, entropy_coef=0.01, env='MiniGrid-LavaCrossingAddictO12S15-v0', epochs=4, flat_model=0, frames=10000000, frames_per_proc=None, full_obs=0, gae_lambda=0.95, log_interval=1, lr=0.0007, max_grad_norm=0.5, meanReward=0.8, mem=False, model=None, nameDemonstrator='LavaCrossing1215Addict1,LavaCrossing1215Addict2,LavaCrossing1215Addict4,LavaCrossing1215Addict5,LavaCrossing1215Addict7,LavaCrossing1215Addict8,LavaCrossing1215Addict9,LavaCrossing1215Addict10', optim_alpha=0.99, optim_eps=1e-05, procs=16, recurrence=1, rewardLB=0.7, save_interval=0, seed=2462, tb=False, text=False, useKL=1, value_loss_coef=0.5)

Flat model successfully created

ACModel(
  (image_conv): Sequential(
    (0): Conv2d(3, 32, kernel_size=(2, 2), stride=(1, 1))
    (1): ReLU()
    (2): MaxPool2d(kernel_size=(2, 2), stride=(2, 2), padding=0, dilation=1, ceil_mode=False)
    (3): Conv2d(32, 64, kernel_size=(2, 2), stride=(1, 1))
    (4): ReLU()
    (5): Conv2d(64, 64, kernel_size=(2, 2), stride=(1, 1))
    (6): ReLU()
  )
  (actor): Sequential(
    (0): Linear(in_features=1600, out_features=64, bias=True)
    (1): Tanh()
    (2): Linear(in_features=64, out_features=3, bias=True)
  )
  (critic): Sequential(
    (0): Linear(in_features=1600, out_features=64, bias=True)
    (1): Tanh()
    (2): Linear(in_features=64, out_features=1, bias=True)
  )
)

CUDA available: False

1
True
0.001
Using TensorFlow backend.
OMP: Info #212: KMP_AFFINITY: decoding x2APIC ids.
OMP: Info #210: KMP_AFFINITY: Affinity capable, using global cpuid leaf 11 info
OMP: Info #154: KMP_AFFINITY: Initial OS proc set respected: 1-4,6
OMP: Info #156: KMP_AFFINITY: 5 available OS procs
OMP: Info #158: KMP_AFFINITY: Nonuniform topology
OMP: Info #179: KMP_AFFINITY: 2 packages x 3 cores/pkg x 1 threads/core (5 total cores)
OMP: Info #214: KMP_AFFINITY: OS proc to physical thread map:
OMP: Info #171: KMP_AFFINITY: OS proc 4 maps to package 0 core 1 
OMP: Info #171: KMP_AFFINITY: OS proc 6 maps to package 0 core 3 
OMP: Info #171: KMP_AFFINITY: OS proc 2 maps to package 0 core 4 
OMP: Info #171: KMP_AFFINITY: OS proc 1 maps to package 1 core 0 
OMP: Info #171: KMP_AFFINITY: OS proc 3 maps to package 1 core 4 
OMP: Info #250: KMP_AFFINITY: pid 414341 tid 414341 thread 0 bound to OS proc set 4
OMP: Info #250: KMP_AFFINITY: pid 414341 tid 414547 thread 1 bound to OS proc set 1
OMP: Info #250: KMP_AFFINITY: pid 414341 tid 414549 thread 3 bound to OS proc set 3
OMP: Info #250: KMP_AFFINITY: pid 414341 tid 414548 thread 2 bound to OS proc set 6
OMP: Info #250: KMP_AFFINITY: pid 414341 tid 414550 thread 4 bound to OS proc set 2
OMP: Info #250: KMP_AFFINITY: pid 414341 tid 414797 thread 5 bound to OS proc set 4
OMP: Info #250: KMP_AFFINITY: pid 414341 tid 414796 thread 6 bound to OS proc set 1
OMP: Info #250: KMP_AFFINITY: pid 414341 tid 414814 thread 7 bound to OS proc set 6
OMP: Info #250: KMP_AFFINITY: pid 414341 tid 414815 thread 8 bound to OS proc set 3
OMP: Info #250: KMP_AFFINITY: pid 414341 tid 414816 thread 9 bound to OS proc set 2
OMP: Info #250: KMP_AFFINITY: pid 414341 tid 414817 thread 10 bound to OS proc set 4
OMP: Info #250: KMP_AFFINITY: pid 414341 tid 414852 thread 11 bound to OS proc set 1
OMP: Info #250: KMP_AFFINITY: pid 414341 tid 414853 thread 12 bound to OS proc set 6
OMP: Info #250: KMP_AFFINITY: pid 414341 tid 414854 thread 13 bound to OS proc set 3
OMP: Info #250: KMP_AFFINITY: pid 414341 tid 414855 thread 14 bound to OS proc set 2
OMP: Info #250: KMP_AFFINITY: pid 414341 tid 414856 thread 15 bound to OS proc set 4
U 1 | F 002048 | FPS 0022 | D 94 | rR:mu sigma m M 0.00 0.00 0.00 0.00 | F:mu sigma m M 18.4 40.8 0.0 128.0 | H 1.093 | V 0.188 | pL 0.041 | vL 0.001 | delta 0.111
U 2 | F 004096 | FPS 0026 | D 174 | rR:mu sigma m M 0.00 0.00 0.00 0.00 | F:mu sigma m M 136.8 67.1 26.0 252.0 | H 1.089 | V 0.132 | pL 0.038 | vL 0.001 | delta 0.020
U 3 | F 006144 | FPS 0025 | D 256 | rR:mu sigma m M 0.00 0.00 0.00 0.00 | F:mu sigma m M 171.2 86.4 37.0 317.0 | H 1.089 | V 0.102 | pL 0.031 | vL 0.000 | delta 0.020
U 4 | F 008192 | FPS 0027 | D 330 | rR:mu sigma m M 0.00 0.00 0.00 0.00 | F:mu sigma m M 164.4 86.1 37.0 317.0 | H 1.097 | V 0.082 | pL 0.020 | vL 0.000 | delta 0.013
U 5 | F 010240 | FPS 0025 | D 411 | rR:mu sigma m M 0.00 0.00 0.00 0.00 | F:mu sigma m M 188.7 106.2 53.0 434.0 | H 1.085 | V 0.067 | pL 0.021 | vL 0.000 | delta 0.015
U 6 | F 012288 | FPS 0024 | D 497 | rR:mu sigma m M 0.00 0.00 0.00 0.00 | F:mu sigma m M 177.5 116.8 53.0 434.0 | H 1.098 | V 0.049 | pL 0.011 | vL 0.000 | delta 0.006
U 7 | F 014336 | FPS 0027 | D 574 | rR:mu sigma m M 0.00 0.00 0.00 0.00 | F:mu sigma m M 215.6 156.3 49.0 586.0 | H 1.098 | V 0.039 | pL 0.011 | vL 0.000 | delta 0.006
U 8 | F 016384 | FPS 0024 | D 660 | rR:mu sigma m M 0.00 0.00 0.00 0.00 | F:mu sigma m M 192.2 216.5 37.0 900.0 | H 1.098 | V 0.030 | pL 0.011 | vL 0.000 | delta 0.005
U 9 | F 018432 | FPS 0029 | D 731 | rR:mu sigma m M 0.00 0.00 0.00 0.00 | F:mu sigma m M 200.4 146.3 42.0 488.0 | H 1.098 | V 0.025 | pL 0.007 | vL 0.000 | delta 0.003
U 10 | F 020480 | FPS 0028 | D 805 | rR:mu sigma m M 0.00 0.00 0.00 0.00 | F:mu sigma m M 169.5 106.0 53.0 420.0 | H 1.098 | V 0.019 | pL 0.006 | vL 0.000 | delta 0.002
U 11 | F 022528 | FPS 0028 | D 877 | rR:mu sigma m M 0.00 0.00 0.00 0.00 | F:mu sigma m M 140.7 109.4 25.0 420.0 | H 1.098 | V 0.015 | pL 0.004 | vL 0.000 | delta 0.002
U 12 | F 024576 | FPS 0027 | D 954 | rR:mu sigma m M 0.00 0.00 0.00 0.00 | F:mu sigma m M 236.4 157.1 41.0 563.0 | H 1.098 | V 0.011 | pL 0.004 | vL 0.000 | delta 0.001
U 13 | F 026624 | FPS 0025 | D 1034 | rR:mu sigma m M 0.00 0.00 0.00 0.00 | F:mu sigma m M 158.5 153.2 22.0 563.0 | H 1.098 | V 0.010 | pL 0.003 | vL 0.000 | delta 0.001
U 14 | F 028672 | FPS 0027 | D 1110 | rR:mu sigma m M 0.00 0.00 0.00 0.00 | F:mu sigma m M 199.4 135.4 14.0 410.0 | H 1.098 | V 0.007 | pL 0.002 | vL 0.000 | delta 0.001
U 15 | F 030720 | FPS 0029 | D 1181 | rR:mu sigma m M 0.00 0.00 0.00 0.00 | F:mu sigma m M 173.2 91.5 41.0 324.0 | H 1.098 | V 0.006 | pL 0.002 | vL 0.000 | delta 0.001
U 16 | F 032768 | FPS 0029 | D 1252 | rR:mu sigma m M 0.00 0.00 0.00 0.00 | F:mu sigma m M 148.2 150.1 40.0 539.0 | H 1.098 | V 0.005 | pL 0.002 | vL 0.000 | delta 0.001
U 17 | F 034816 | FPS 0027 | D 1327 | rR:mu sigma m M 0.00 0.00 0.00 0.00 | F:mu sigma m M 153.4 174.7 35.0 652.0 | H 1.098 | V 0.004 | pL 0.001 | vL 0.000 | delta 0.001
U 18 | F 036864 | FPS 0027 | D 1402 | rR:mu sigma m M 0.00 0.00 0.00 0.00 | F:mu sigma m M 207.3 164.0 32.0 652.0 | H 1.098 | V 0.003 | pL 0.001 | vL 0.000 | delta 0.001
U 19 | F 038912 | FPS 0027 | D 1478 | rR:mu sigma m M 0.00 0.00 0.00 0.00 | F:mu sigma m M 176.1 107.1 32.0 425.0 | H 1.099 | V 0.002 | pL 0.001 | vL 0.000 | delta 0.000
U 20 | F 040960 | FPS 0031 | D 1545 | rR:mu sigma m M 0.00 0.00 0.00 0.00 | F:mu sigma m M 212.9 146.9 16.0 529.0 | H 1.099 | V 0.002 | pL 0.001 | vL 0.000 | delta 0.001
U 21 | F 043008 | FPS 0028 | D 1618 | rR:mu sigma m M 0.04 0.17 0.00 0.71 | F:mu sigma m M 141.9 120.3 26.0 441.0 | H 1.097 | V 0.006 | pL -0.004 | vL 0.001 | delta 0.012
U 22 | F 045056 | FPS 0025 | D 1699 | rR:mu sigma m M 0.00 0.00 0.00 0.00 | F:mu sigma m M 154.4 121.5 26.0 441.0 | H 1.098 | V 0.002 | pL 0.000 | vL 0.000 | delta 0.002
U 23 | F 047104 | FPS 0028 | D 1771 | rR:mu sigma m M 0.00 0.00 0.00 0.00 | F:mu sigma m M 168.4 167.5 36.0 762.0 | H 1.098 | V 0.004 | pL 0.000 | vL 0.000 | delta 0.003
U 24 | F 049152 | FPS 0029 | D 1840 | rR:mu sigma m M 0.05 0.18 0.00 0.75 | F:mu sigma m M 225.2 190.7 56.0 762.0 | H 1.089 | V 0.008 | pL -0.006 | vL 0.001 | delta 0.015
U 25 | F 051200 | FPS 0030 | D 1909 | rR:mu sigma m M 0.06 0.22 0.00 0.89 | F:mu sigma m M 200.1 188.9 23.0 645.0 | H 1.093 | V 0.011 | pL -0.006 | vL 0.002 | delta 0.033
U 26 | F 053248 | FPS 0036 | D 1966 | rR:mu sigma m M 0.00 0.00 0.00 0.00 | F:mu sigma m M 130.3 126.1 23.0 435.0 | H 1.098 | V -0.002 | pL -0.001 | vL 0.000 | delta 0.006
U 27 | F 055296 | FPS 0029 | D 2038 | rR:mu sigma m M 0.00 0.00 0.00 0.00 | F:mu sigma m M 150.6 150.4 34.0 670.0 | H 1.098 | V -0.004 | pL -0.001 | vL 0.000 | delta 0.003
U 28 | F 057344 | FPS 0028 | D 2111 | rR:mu sigma m M 0.00 0.00 0.00 0.00 | F:mu sigma m M 203.1 206.5 13.0 780.0 | H 1.098 | V -0.003 | pL -0.001 | vL 0.000 | delta 0.002
U 29 | F 059392 | FPS 0027 | D 2187 | rR:mu sigma m M 0.05 0.19 0.00 0.80 | F:mu sigma m M 119.1 81.5 11.0 306.0 | H 1.098 | V -0.001 | pL -0.005 | vL 0.001 | delta 0.016
U 30 | F 061440 | FPS 0027 | D 2262 | rR:mu sigma m M 0.00 0.00 0.00 0.00 | F:mu sigma m M 152.1 105.2 11.0 455.0 | H 1.098 | V -0.000 | pL 0.000 | vL 0.000 | delta 0.003
U 31 | F 063488 | FPS 0027 | D 2337 | rR:mu sigma m M 0.00 0.00 0.00 0.00 | F:mu sigma m M 174.1 136.0 24.0 484.0 | H 1.098 | V -0.001 | pL -0.001 | vL 0.000 | delta 0.001
U 32 | F 065536 | FPS 0027 | D 2413 | rR:mu sigma m M 0.00 0.00 0.00 0.00 | F:mu sigma m M 222.4 140.0 50.0 484.0 | H 1.098 | V 0.000 | pL -0.001 | vL 0.000 | delta 0.002
U 33 | F 067584 | FPS 0029 | D 2485 | rR:mu sigma m M 0.05 0.20 0.00 0.81 | F:mu sigma m M 210.3 161.6 56.0 664.0 | H 1.097 | V 0.013 | pL -0.005 | vL 0.002 | delta 0.017
U 34 | F 069632 | FPS 0029 | D 2555 | rR:mu sigma m M 0.00 0.00 0.00 0.00 | F:mu sigma m M 229.1 174.8 79.0 664.0 | H 1.095 | V 0.017 | pL -0.001 | vL 0.000 | delta 0.029
U 35 | F 071680 | FPS 0029 | D 2627 | rR:mu sigma m M 0.00 0.00 0.00 0.00 | F:mu sigma m M 217.9 132.1 79.0 574.0 | H 1.097 | V 0.021 | pL 0.006 | vL 0.000 | delta 0.014
U 36 | F 073728 | FPS 0027 | D 2702 | rR:mu sigma m M 0.00 0.00 0.00 0.00 | F:mu sigma m M 275.6 124.0 144.0 666.0 | H 1.099 | V 0.007 | pL 0.002 | vL 0.000 | delta 0.002
U 37 | F 075776 | FPS 0026 | D 2779 | rR:mu sigma m M 0.00 0.00 0.00 0.00 | F:mu sigma m M 234.2 172.7 13.0 666.0 | H 1.098 | V 0.007 | pL 0.002 | vL 0.000 | delta 0.001
U 38 | F 077824 | FPS 0026 | D 2857 | rR:mu sigma m M 0.00 0.00 0.00 0.00 | F:mu sigma m M 155.0 110.6 13.0 430.0 | H 1.098 | V 0.005 | pL 0.001 | vL 0.000 | delta 0.001
U 39 | F 079872 | FPS 0032 | D 2921 | rR:mu sigma m M 0.00 0.00 0.00 0.00 | F:mu sigma m M 156.3 121.9 36.0 430.0 | H 1.099 | V 0.004 | pL 0.001 | vL 0.000 | delta 0.000
U 40 | F 081920 | FPS 0028 | D 2995 | rR:mu sigma m M 0.00 0.00 0.00 0.00 | F:mu sigma m M 189.4 157.0 57.0 571.0 | H 1.099 | V 0.003 | pL 0.001 | vL 0.000 | delta 0.001
U 41 | F 083968 | FPS 0029 | D 3067 | rR:mu sigma m M 0.00 0.00 0.00 0.00 | F:mu sigma m M 226.5 184.5 24.0 571.0 | H 1.099 | V 0.002 | pL 0.001 | vL 0.000 | delta 0.000
U 42 | F 086016 | FPS 0028 | D 3139 | rR:mu sigma m M 0.00 0.00 0.00 0.00 | F:mu sigma m M 149.9 98.6 27.0 325.0 | H 1.099 | V 0.002 | pL 0.001 | vL 0.000 | delta 0.000
U 43 | F 088064 | FPS 0026 | D 3217 | rR:mu sigma m M 0.05 0.18 0.00 0.75 | F:mu sigma m M 163.1 92.6 27.0 325.0 | H 1.094 | V 0.007 | pL -0.006 | vL 0.001 | delta 0.015
U 44 | F 090112 | FPS 0030 | D 3285 | rR:mu sigma m M 0.00 0.00 0.00 0.00 | F:mu sigma m M 203.4 135.7 39.0 598.0 | H 1.098 | V 0.001 | pL 0.000 | vL 0.000 | delta 0.004
U 45 | F 092160 | FPS 0027 | D 3360 | rR:mu sigma m M 0.00 0.00 0.00 0.00 | F:mu sigma m M 116.0 107.5 10.0 356.0 | H 1.098 | V 0.001 | pL -0.000 | vL 0.000 | delta 0.001
U 46 | F 094208 | FPS 0028 | D 3434 | rR:mu sigma m M 0.05 0.20 0.00 0.83 | F:mu sigma m M 138.4 80.5 26.0 319.0 | H 1.097 | V 0.009 | pL -0.006 | vL 0.001 | delta 0.016
U 47 | F 096256 | FPS 0032 | D 3497 | rR:mu sigma m M 0.00 0.00 0.00 0.00 | F:mu sigma m M 118.3 95.0 47.0 384.0 | H 1.098 | V 0.007 | pL 0.002 | vL 0.000 | delta 0.003
U 48 | F 098304 | FPS 0029 | D 3568 | rR:mu sigma m M 0.00 0.00 0.00 0.00 | F:mu sigma m M 119.6 102.1 9.0 392.0 | H 1.098 | V 0.005 | pL 0.002 | vL 0.000 | delta 0.002
U 49 | F 100352 | FPS 0028 | D 3641 | rR:mu sigma m M 0.00 0.00 0.00 0.00 | F:mu sigma m M 156.0 110.4 19.0 443.0 | H 1.097 | V 0.012 | pL -0.000 | vL 0.000 | delta 0.008
U 50 | F 102400 | FPS 0030 | D 3709 | rR:mu sigma m M 0.00 0.00 0.00 0.00 | F:mu sigma m M 83.2 36.3 22.0 141.0 | H 1.097 | V 0.007 | pL 0.002 | vL 0.000 | delta 0.004
U 51 | F 104448 | FPS 0028 | D 3784 | rR:mu sigma m M 0.00 0.00 0.00 0.00 | F:mu sigma m M 118.7 97.5 22.0 381.0 | H 1.095 | V 0.009 | pL -0.000 | vL 0.000 | delta 0.003
U 52 | F 106496 | FPS 0033 | D 3846 | rR:mu sigma m M 0.05 0.21 0.00 0.88 | F:mu sigma m M 212.1 176.8 21.0 616.0 | H 1.096 | V 0.012 | pL -0.003 | vL 0.002 | delta 0.024
U 53 | F 108544 | FPS 0027 | D 3923 | rR:mu sigma m M 0.00 0.00 0.00 0.00 | F:mu sigma m M 198.6 143.7 32.0 461.0 | H 1.098 | V 0.001 | pL 0.000 | vL 0.000 | delta 0.001
U 54 | F 110592 | FPS 0027 | D 4000 | rR:mu sigma m M 0.00 0.00 0.00 0.00 | F:mu sigma m M 215.3 191.9 53.0 843.0 | H 1.098 | V 0.001 | pL -0.000 | vL 0.000 | delta 0.001
U 55 | F 112640 | FPS 0031 | D 4066 | rR:mu sigma m M 0.00 0.00 0.00 0.00 | F:mu sigma m M 215.9 118.4 54.0 474.0 | H 1.098 | V 0.002 | pL 0.001 | vL 0.000 | delta 0.003
U 56 | F 114688 | FPS 0029 | D 4138 | rR:mu sigma m M 0.00 0.00 0.00 0.00 | F:mu sigma m M 157.7 121.9 18.0 454.0 | H 1.096 | V 0.002 | pL 0.000 | vL 0.000 | delta 0.004
U 57 | F 116736 | FPS 0032 | D 4201 | rR:mu sigma m M 0.03 0.12 0.00 0.49 | F:mu sigma m M 132.6 117.3 21.0 512.0 | H 1.097 | V 0.003 | pL -0.004 | vL 0.000 | delta 0.010
U 58 | F 118784 | FPS 0026 | D 4280 | rR:mu sigma m M 0.03 0.12 0.00 0.49 | F:mu sigma m M 160.3 120.7 22.0 512.0 | H 1.098 | V -0.002 | pL -0.001 | vL 0.000 | delta 0.001
U 59 | F 120832 | FPS 0030 | D 4349 | rR:mu sigma m M 0.00 0.00 0.00 0.00 | F:mu sigma m M 224.2 146.4 41.0 592.0 | H 1.098 | V 0.000 | pL -0.000 | vL 0.000 | delta 0.003
U 60 | F 122880 | FPS 0029 | D 4420 | rR:mu sigma m M 0.00 0.00 0.00 0.00 | F:mu sigma m M 149.3 164.8 23.0 641.0 | H 1.099 | V 0.001 | pL 0.000 | vL 0.000 | delta 0.001
U 61 | F 124928 | FPS 0027 | D 4496 | rR:mu sigma m M 0.00 0.00 0.00 0.00 | F:mu sigma m M 142.8 93.7 32.0 424.0 | H 1.099 | V 0.000 | pL -0.000 | vL 0.000 | delta 0.000
U 62 | F 126976 | FPS 0030 | D 4565 | rR:mu sigma m M 0.00 0.00 0.00 0.00 | F:mu sigma m M 116.9 70.6 16.0 281.0 | H 1.099 | V 0.001 | pL 0.000 | vL 0.000 | delta 0.002
U 63 | F 129024 | FPS 0026 | D 4643 | rR:mu sigma m M 0.00 0.00 0.00 0.00 | F:mu sigma m M 162.1 105.6 33.0 390.0 | H 1.098 | V -0.000 | pL -0.000 | vL 0.000 | delta 0.001
U 64 | F 131072 | FPS 0030 | D 4711 | rR:mu sigma m M 0.00 0.00 0.00 0.00 | F:mu sigma m M 171.4 100.8 47.0 390.0 | H 1.097 | V 0.002 | pL 0.000 | vL 0.000 | delta 0.007
U 65 | F 133120 | FPS 0033 | D 4773 | rR:mu sigma m M 0.00 0.00 0.00 0.00 | F:mu sigma m M 153.4 94.2 39.0 396.0 | H 1.099 | V 0.002 | pL 0.001 | vL 0.000 | delta 0.000
U 66 | F 135168 | FPS 0026 | D 4852 | rR:mu sigma m M 0.00 0.00 0.00 0.00 | F:mu sigma m M 127.1 63.1 23.0 274.0 | H 1.098 | V 0.003 | pL 0.000 | vL 0.000 | delta 0.001
U 67 | F 137216 | FPS 0028 | D 4924 | rR:mu sigma m M 0.04 0.16 0.00 0.67 | F:mu sigma m M 176.5 103.5 16.0 337.0 | H 1.096 | V 0.008 | pL -0.005 | vL 0.001 | delta 0.016
U 68 | F 139264 | FPS 0028 | D 4996 | rR:mu sigma m M 0.04 0.16 0.00 0.67 | F:mu sigma m M 225.5 132.0 16.0 609.0 | H 1.098 | V 0.004 | pL 0.001 | vL 0.000 | delta 0.007
U 69 | F 141312 | FPS 0029 | D 5065 | rR:mu sigma m M 0.00 0.00 0.00 0.00 | F:mu sigma m M 173.9 104.6 11.0 399.0 | H 1.098 | V 0.007 | pL 0.002 | vL 0.000 | delta 0.002
U 70 | F 143360 | FPS 0028 | D 5140 | rR:mu sigma m M 0.00 0.00 0.00 0.00 | F:mu sigma m M 140.4 105.5 23.0 360.0 | H 1.097 | V 0.007 | pL 0.002 | vL 0.000 | delta 0.001
U 71 | F 145408 | FPS 0026 | D 5217 | rR:mu sigma m M 0.00 0.00 0.00 0.00 | F:mu sigma m M 151.9 128.3 23.0 495.0 | H 1.098 | V 0.007 | pL 0.002 | vL 0.000 | delta 0.001
U 72 | F 147456 | FPS 0026 | D 5297 | rR:mu sigma m M 0.00 0.00 0.00 0.00 | F:mu sigma m M 198.7 116.8 30.0 422.0 | H 1.099 | V 0.004 | pL 0.001 | vL 0.000 | delta 0.001
U 73 | F 149504 | FPS 0029 | D 5368 | rR:mu sigma m M 0.00 0.00 0.00 0.00 | F:mu sigma m M 133.4 101.0 35.0 393.0 | H 1.099 | V 0.003 | pL 0.001 | vL 0.000 | delta 0.002
U 74 | F 151552 | FPS 0027 | D 5444 | rR:mu sigma m M 0.00 0.00 0.00 0.00 | F:mu sigma m M 163.8 112.4 19.0 393.0 | H 1.099 | V 0.004 | pL 0.001 | vL 0.000 | delta 0.001
U 75 | F 153600 | FPS 0028 | D 5518 | rR:mu sigma m M 0.00 0.00 0.00 0.00 | F:mu sigma m M 135.4 95.2 19.0 389.0 | H 1.099 | V 0.003 | pL 0.001 | vL 0.000 | delta 0.000
U 76 | F 155648 | FPS 0033 | D 5581 | rR:mu sigma m M 0.00 0.00 0.00 0.00 | F:mu sigma m M 169.2 111.2 16.0 389.0 | H 1.099 | V 0.002 | pL 0.001 | vL 0.000 | delta 0.000
U 77 | F 157696 | FPS 0025 | D 5662 | rR:mu sigma m M 0.00 0.00 0.00 0.00 | F:mu sigma m M 135.7 142.0 11.0 567.0 | H 1.099 | V 0.002 | pL 0.001 | vL 0.000 | delta 0.000
U 78 | F 159744 | FPS 0026 | D 5740 | rR:mu sigma m M 0.00 0.00 0.00 0.00 | F:mu sigma m M 186.4 207.9 37.0 711.0 | H 1.099 | V 0.002 | pL 0.001 | vL 0.000 | delta 0.001
U 79 | F 161792 | FPS 0029 | D 5809 | rR:mu sigma m M 0.00 0.00 0.00 0.00 | F:mu sigma m M 117.2 116.0 24.0 517.0 | H 1.099 | V 0.001 | pL 0.000 | vL 0.000 | delta 0.000
U 80 | F 163840 | FPS 0028 | D 5883 | rR:mu sigma m M 0.00 0.00 0.00 0.00 | F:mu sigma m M 119.1 105.8 10.0 463.0 | H 1.099 | V 0.001 | pL 0.000 | vL 0.000 | delta 0.000
U 81 | F 165888 | FPS 0028 | D 5957 | rR:mu sigma m M 0.00 0.00 0.00 0.00 | F:mu sigma m M 165.1 114.6 41.0 463.0 | H 1.099 | V 0.001 | pL 0.000 | vL 0.000 | delta 0.000
U 82 | F 167936 | FPS 0030 | D 6025 | rR:mu sigma m M 0.00 0.00 0.00 0.00 | F:mu sigma m M 183.7 143.1 21.0 664.0 | H 1.099 | V 0.000 | pL 0.000 | vL 0.000 | delta 0.000
U 83 | F 169984 | FPS 0029 | D 6095 | rR:mu sigma m M 0.00 0.00 0.00 0.00 | F:mu sigma m M 184.1 163.4 39.0 648.0 | H 1.098 | V 0.004 | pL -0.000 | vL 0.000 | delta 0.002
U 84 | F 172032 | FPS 0031 | D 6160 | rR:mu sigma m M 0.04 0.15 0.00 0.63 | F:mu sigma m M 122.0 83.7 36.0 369.0 | H 1.098 | V 0.003 | pL -0.001 | vL 0.000 | delta 0.004
U 85 | F 174080 | FPS 0027 | D 6237 | rR:mu sigma m M 0.00 0.00 0.00 0.00 | F:mu sigma m M 144.8 132.1 31.0 584.0 | H 1.099 | V -0.000 | pL -0.000 | vL 0.000 | delta 0.001
U 86 | F 176128 | FPS 0032 | D 6302 | rR:mu sigma m M 0.00 0.00 0.00 0.00 | F:mu sigma m M 201.2 151.6 16.0 555.0 | H 1.096 | V 0.006 | pL -0.002 | vL 0.000 | delta 0.006
U 87 | F 178176 | FPS 0026 | D 6379 | rR:mu sigma m M 0.05 0.18 0.00 0.73 | F:mu sigma m M 218.4 156.3 23.0 555.0 | H 1.096 | V 0.011 | pL -0.004 | vL 0.001 | delta 0.008
U 88 | F 180224 | FPS 0029 | D 6449 | rR:mu sigma m M 0.00 0.00 0.00 0.00 | F:mu sigma m M 191.2 115.8 27.0 410.0 | H 1.099 | V 0.003 | pL 0.001 | vL 0.000 | delta 0.001
U 89 | F 182272 | FPS 0027 | D 6525 | rR:mu sigma m M 0.00 0.00 0.00 0.00 | F:mu sigma m M 136.2 86.8 15.0 368.0 | H 1.099 | V 0.003 | pL 0.001 | vL 0.000 | delta 0.001
U 90 | F 184320 | FPS 0032 | D 6590 | rR:mu sigma m M 0.00 0.00 0.00 0.00 | F:mu sigma m M 157.8 123.2 15.0 505.0 | H 1.099 | V 0.003 | pL 0.001 | vL 0.000 | delta 0.001
U 91 | F 186368 | FPS 0027 | D 6666 | rR:mu sigma m M 0.00 0.00 0.00 0.00 | F:mu sigma m M 169.1 120.8 21.0 410.0 | H 1.098 | V 0.007 | pL 0.000 | vL 0.000 | delta 0.002
U 92 | F 188416 | FPS 0028 | D 6739 | rR:mu sigma m M 0.03 0.11 0.00 0.47 | F:mu sigma m M 176.7 144.0 21.0 532.0 | H 1.098 | V 0.006 | pL -0.003 | vL 0.000 | delta 0.007
U 93 | F 190464 | FPS 0031 | D 6806 | rR:mu sigma m M 0.05 0.19 0.00 0.78 | F:mu sigma m M 174.6 140.6 20.0 599.0 | H 1.092 | V 0.009 | pL -0.006 | vL 0.001 | delta 0.028
U 94 | F 192512 | FPS 0033 | D 6868 | rR:mu sigma m M 0.13 0.27 0.00 0.78 | F:mu sigma m M 161.2 107.2 24.0 460.0 | H 1.090 | V 0.014 | pL -0.013 | vL 0.001 | delta 0.028
U 95 | F 194560 | FPS 0029 | D 6938 | rR:mu sigma m M 0.05 0.18 0.00 0.74 | F:mu sigma m M 176.8 146.4 26.0 558.0 | H 1.094 | V 0.001 | pL -0.002 | vL 0.000 | delta 0.010
U 96 | F 196608 | FPS 0031 | D 7004 | rR:mu sigma m M 0.00 0.00 0.00 0.00 | F:mu sigma m M 164.3 103.5 19.0 335.0 | H 1.095 | V 0.001 | pL -0.000 | vL 0.000 | delta 0.003
U 97 | F 198656 | FPS 0032 | D 7068 | rR:mu sigma m M 0.00 0.00 0.00 0.00 | F:mu sigma m M 156.3 82.6 40.0 284.0 | H 1.098 | V 0.002 | pL 0.001 | vL 0.000 | delta 0.001
U 98 | F 200704 | FPS 0031 | D 7134 | rR:mu sigma m M 0.00 0.00 0.00 0.00 | F:mu sigma m M 123.8 80.6 25.0 342.0 | H 1.098 | V 0.001 | pL 0.000 | vL 0.000 | delta 0.001
U 99 | F 202752 | FPS 0028 | D 7208 | rR:mu sigma m M 0.00 0.00 0.00 0.00 | F:mu sigma m M 112.7 101.0 14.0 436.0 | H 1.098 | V 0.001 | pL 0.000 | vL 0.000 | delta 0.000
U 100 | F 204800 | FPS 0029 | D 7278 | rR:mu sigma m M 0.00 0.00 0.00 0.00 | F:mu sigma m M 133.9 118.6 14.0 436.0 | H 1.099 | V 0.001 | pL 0.000 | vL 0.000 | delta 0.000
U 101 | F 206848 | FPS 0026 | D 7358 | rR:mu sigma m M 0.00 0.00 0.00 0.00 | F:mu sigma m M 201.8 153.1 31.0 562.0 | H 1.098 | V 0.004 | pL 0.000 | vL 0.000 | delta 0.002
U 102 | F 208896 | FPS 0029 | D 7429 | rR:mu sigma m M 0.00 0.00 0.00 0.00 | F:mu sigma m M 240.8 160.3 32.0 538.0 | H 1.098 | V 0.002 | pL 0.001 | vL 0.000 | delta 0.001
U 103 | F 210944 | FPS 0029 | D 7499 | rR:mu sigma m M 0.00 0.00 0.00 0.00 | F:mu sigma m M 136.6 133.1 12.0 566.0 | H 1.098 | V 0.002 | pL 0.000 | vL 0.000 | delta 0.000
U 104 | F 212992 | FPS 0031 | D 7566 | rR:mu sigma m M 0.00 0.00 0.00 0.00 | F:mu sigma m M 204.4 133.4 54.0 542.0 | H 1.098 | V 0.002 | pL 0.001 | vL 0.000 | delta 0.001
U 105 | F 215040 | FPS 0028 | D 7640 | rR:mu sigma m M 0.00 0.00 0.00 0.00 | F:mu sigma m M 132.6 104.5 22.0 392.0 | H 1.098 | V 0.002 | pL 0.000 | vL 0.000 | delta 0.000
U 106 | F 217088 | FPS 0026 | D 7720 | rR:mu sigma m M 0.00 0.00 0.00 0.00 | F:mu sigma m M 133.5 78.5 51.0 295.0 | H 1.098 | V 0.002 | pL 0.000 | vL 0.000 | delta 0.001
U 107 | F 219136 | FPS 0028 | D 7794 | rR:mu sigma m M 0.00 0.00 0.00 0.00 | F:mu sigma m M 106.2 61.5 23.0 257.0 | H 1.098 | V 0.002 | pL 0.001 | vL 0.000 | delta 0.001
U 108 | F 221184 | FPS 0029 | D 7864 | rR:mu sigma m M 0.00 0.00 0.00 0.00 | F:mu sigma m M 140.7 102.6 28.0 359.0 | H 1.099 | V 0.001 | pL 0.000 | vL 0.000 | delta 0.000
U 109 | F 223232 | FPS 0030 | D 7932 | rR:mu sigma m M 0.00 0.00 0.00 0.00 | F:mu sigma m M 166.5 96.6 30.0 430.0 | H 1.099 | V 0.001 | pL 0.000 | vL 0.000 | delta 0.000
U 110 | F 225280 | FPS 0026 | D 8010 | rR:mu sigma m M 0.00 0.00 0.00 0.00 | F:mu sigma m M 165.9 143.8 35.0 615.0 | H 1.099 | V 0.001 | pL 0.000 | vL 0.000 | delta 0.000
U 111 | F 227328 | FPS 0029 | D 8081 | rR:mu sigma m M 0.00 0.00 0.00 0.00 | F:mu sigma m M 234.1 224.3 28.0 864.0 | H 1.099 | V 0.000 | pL 0.000 | vL 0.000 | delta 0.000
U 112 | F 229376 | FPS 0031 | D 8148 | rR:mu sigma m M 0.00 0.00 0.00 0.00 | F:mu sigma m M 193.4 157.1 34.0 538.0 | H 1.099 | V 0.000 | pL 0.000 | vL 0.000 | delta 0.000
U 113 | F 231424 | FPS 0027 | D 8223 | rR:mu sigma m M 0.00 0.00 0.00 0.00 | F:mu sigma m M 119.6 115.4 22.0 469.0 | H 1.099 | V 0.000 | pL 0.000 | vL 0.000 | delta 0.000
U 114 | F 233472 | FPS 0028 | D 8297 | rR:mu sigma m M 0.00 0.00 0.00 0.00 | F:mu sigma m M 200.1 158.7 21.0 477.0 | H 1.099 | V 0.000 | pL 0.000 | vL 0.000 | delta 0.000
U 115 | F 235520 | FPS 0027 | D 8373 | rR:mu sigma m M 0.00 0.00 0.00 0.00 | F:mu sigma m M 163.9 137.4 13.0 477.0 | H 1.099 | V 0.000 | pL 0.000 | vL 0.000 | delta 0.000
U 116 | F 237568 | FPS 0027 | D 8448 | rR:mu sigma m M 0.00 0.00 0.00 0.00 | F:mu sigma m M 179.8 102.5 24.0 368.0 | H 1.098 | V 0.001 | pL 0.000 | vL 0.000 | delta 0.001
U 117 | F 239616 | FPS 0029 | D 8519 | rR:mu sigma m M 0.00 0.00 0.00 0.00 | F:mu sigma m M 116.1 100.4 23.0 365.0 | H 1.099 | V 0.001 | pL 0.000 | vL 0.000 | delta 0.000
U 118 | F 241664 | FPS 0028 | D 8593 | rR:mu sigma m M 0.00 0.00 0.00 0.00 | F:mu sigma m M 186.4 229.3 20.0 900.0 | H 1.099 | V 0.001 | pL 0.000 | vL 0.000 | delta 0.000
U 119 | F 243712 | FPS 0033 | D 8655 | rR:mu sigma m M 0.00 0.00 0.00 0.00 | F:mu sigma m M 172.7 226.4 20.0 900.0 | H 1.098 | V 0.002 | pL 0.000 | vL 0.000 | delta 0.001
U 120 | F 245760 | FPS 0028 | D 8729 | rR:mu sigma m M 0.00 0.00 0.00 0.00 | F:mu sigma m M 216.2 156.0 12.0 530.0 | H 1.098 | V 0.001 | pL 0.000 | vL 0.000 | delta 0.000
U 121 | F 247808 | FPS 0027 | D 8805 | rR:mu sigma m M 0.00 0.00 0.00 0.00 | F:mu sigma m M 234.1 173.3 45.0 667.0 | H 1.099 | V 0.001 | pL 0.000 | vL 0.000 | delta 0.000
U 122 | F 249856 | FPS 0031 | D 8872 | rR:mu sigma m M 0.00 0.00 0.00 0.00 | F:mu sigma m M 232.4 176.7 48.0 763.0 | H 1.099 | V 0.001 | pL 0.000 | vL 0.000 | delta 0.000
U 123 | F 251904 | FPS 0026 | D 8950 | rR:mu sigma m M 0.02 0.06 0.00 0.26 | F:mu sigma m M 183.2 189.4 25.0 739.0 | H 1.098 | V 0.005 | pL -0.003 | vL 0.000 | delta 0.003
U 124 | F 253952 | FPS 0029 | D 9019 | rR:mu sigma m M 0.05 0.15 0.00 0.59 | F:mu sigma m M 226.2 197.0 25.0 739.0 | H 1.092 | V 0.008 | pL -0.004 | vL 0.000 | delta 0.010
U 125 | F 256000 | FPS 0030 | D 9087 | rR:mu sigma m M 0.04 0.14 0.00 0.59 | F:mu sigma m M 197.2 130.9 39.0 445.0 | H 1.097 | V 0.008 | pL 0.002 | vL 0.000 | delta 0.003
U 126 | F 258048 | FPS 0027 | D 9162 | rR:mu sigma m M 0.00 0.00 0.00 0.00 | F:mu sigma m M 183.2 122.6 39.0 445.0 | H 1.098 | V 0.006 | pL 0.001 | vL 0.000 | delta 0.002
U 127 | F 260096 | FPS 0028 | D 9234 | rR:mu sigma m M 0.08 0.21 0.00 0.71 | F:mu sigma m M 190.2 123.6 21.0 457.0 | H 1.095 | V 0.019 | pL -0.008 | vL 0.001 | delta 0.020
U 128 | F 262144 | FPS 0028 | D 9308 | rR:mu sigma m M 0.00 0.00 0.00 0.00 | F:mu sigma m M 143.6 134.8 41.0 462.0 | H 1.097 | V 0.009 | pL 0.003 | vL 0.000 | delta 0.009
U 129 | F 264192 | FPS 0032 | D 9371 | rR:mu sigma m M 0.00 0.00 0.00 0.00 | F:mu sigma m M 229.4 245.2 23.0 900.0 | H 1.098 | V 0.003 | pL 0.000 | vL 0.000 | delta 0.002
U 130 | F 266240 | FPS 0028 | D 9444 | rR:mu sigma m M 0.00 0.00 0.00 0.00 | F:mu sigma m M 185.7 168.3 27.0 569.0 | H 1.097 | V 0.005 | pL 0.001 | vL 0.000 | delta 0.005
U 131 | F 268288 | FPS 0028 | D 9516 | rR:mu sigma m M 0.00 0.00 0.00 0.00 | F:mu sigma m M 148.0 77.4 40.0 292.0 | H 1.098 | V 0.003 | pL 0.000 | vL 0.000 | delta 0.001
U 132 | F 270336 | FPS 0030 | D 9584 | rR:mu sigma m M 0.00 0.00 0.00 0.00 | F:mu sigma m M 212.8 146.7 44.0 556.0 | H 1.098 | V 0.004 | pL 0.001 | vL 0.000 | delta 0.002
U 133 | F 272384 | FPS 0032 | D 9649 | rR:mu sigma m M 0.00 0.00 0.00 0.00 | F:mu sigma m M 212.6 157.2 43.0 556.0 | H 1.099 | V 0.002 | pL 0.000 | vL 0.000 | delta 0.000
U 134 | F 274432 | FPS 0027 | D 9725 | rR:mu sigma m M 0.00 0.00 0.00 0.00 | F:mu sigma m M 163.1 117.2 34.0 430.0 | H 1.099 | V 0.001 | pL 0.000 | vL 0.000 | delta 0.000
U 135 | F 276480 | FPS 0027 | D 9801 | rR:mu sigma m M 0.00 0.00 0.00 0.00 | F:mu sigma m M 184.1 171.9 30.0 726.0 | H 1.099 | V 0.001 | pL 0.000 | vL 0.000 | delta 0.000
U 136 | F 278528 | FPS 0029 | D 9870 | rR:mu sigma m M 0.04 0.17 0.00 0.69 | F:mu sigma m M 187.6 176.7 38.0 726.0 | H 1.093 | V 0.007 | pL -0.006 | vL 0.001 | delta 0.009
U 137 | F 280576 | FPS 0029 | D 9942 | rR:mu sigma m M 0.04 0.17 0.00 0.69 | F:mu sigma m M 180.3 100.5 13.0 383.0 | H 1.096 | V 0.012 | pL 0.000 | vL 0.000 | delta 0.005
U 138 | F 282624 | FPS 0025 | D 10023 | rR:mu sigma m M 0.03 0.13 0.00 0.54 | F:mu sigma m M 186.9 134.5 25.0 461.0 | H 1.088 | V 0.017 | pL -0.004 | vL 0.001 | delta 0.014
U 139 | F 284672 | FPS 0024 | D 10107 | rR:mu sigma m M 0.08 0.22 0.00 0.75 | F:mu sigma m M 181.1 119.4 39.0 461.0 | H 1.097 | V 0.001 | pL -0.000 | vL 0.000 | delta 0.002
U 140 | F 286720 | FPS 0029 | D 10178 | rR:mu sigma m M 0.00 0.00 0.00 0.00 | F:mu sigma m M 141.6 79.7 45.0 304.0 | H 1.098 | V 0.001 | pL -0.000 | vL 0.000 | delta 0.001
U 141 | F 288768 | FPS 0032 | D 10242 | rR:mu sigma m M 0.00 0.00 0.00 0.00 | F:mu sigma m M 149.1 147.6 29.0 553.0 | H 1.098 | V 0.001 | pL 0.000 | vL 0.000 | delta 0.001
U 142 | F 290816 | FPS 0029 | D 10313 | rR:mu sigma m M 0.00 0.00 0.00 0.00 | F:mu sigma m M 161.9 150.5 14.0 553.0 | H 1.098 | V 0.001 | pL 0.000 | vL 0.000 | delta 0.001
U 143 | F 292864 | FPS 0026 | D 10393 | rR:mu sigma m M 0.00 0.00 0.00 0.00 | F:mu sigma m M 142.8 71.6 59.0 290.0 | H 1.096 | V 0.005 | pL -0.000 | vL 0.000 | delta 0.003
U 144 | F 294912 | FPS 0028 | D 10467 | rR:mu sigma m M 0.00 0.00 0.00 0.00 | F:mu sigma m M 232.6 199.6 23.0 653.0 | H 1.098 | V 0.003 | pL 0.001 | vL 0.000 | delta 0.003
U 145 | F 296960 | FPS 0029 | D 10538 | rR:mu sigma m M 0.00 0.00 0.00 0.00 | F:mu sigma m M 190.4 175.9 14.0 668.0 | H 1.098 | V 0.001 | pL 0.000 | vL 0.000 | delta 0.001
U 146 | F 299008 | FPS 0030 | D 10607 | rR:mu sigma m M 0.00 0.00 0.00 0.00 | F:mu sigma m M 110.6 63.3 14.0 265.0 | H 1.099 | V 0.001 | pL -0.000 | vL 0.000 | delta 0.001
U 147 | F 301056 | FPS 0030 | D 10676 | rR:mu sigma m M 0.00 0.00 0.00 0.00 | F:mu sigma m M 159.9 91.1 42.0 326.0 | H 1.094 | V 0.002 | pL 0.001 | vL 0.000 | delta 0.004
U 148 | F 303104 | FPS 0030 | D 10744 | rR:mu sigma m M 0.00 0.00 0.00 0.00 | F:mu sigma m M 151.1 79.7 58.0 331.0 | H 1.098 | V 0.003 | pL 0.001 | vL 0.000 | delta 0.001
U 149 | F 305152 | FPS 0028 | D 10817 | rR:mu sigma m M 0.04 0.17 0.00 0.69 | F:mu sigma m M 187.7 104.1 43.0 435.0 | H 1.094 | V 0.008 | pL -0.006 | vL 0.001 | delta 0.010
U 150 | F 307200 | FPS 0030 | D 10884 | rR:mu sigma m M 0.00 0.00 0.00 0.00 | F:mu sigma m M 164.6 141.0 15.0 534.0 | H 1.097 | V 0.003 | pL 0.001 | vL 0.000 | delta 0.002
U 151 | F 309248 | FPS 0033 | D 10947 | rR:mu sigma m M 0.00 0.00 0.00 0.00 | F:mu sigma m M 168.3 128.2 31.0 434.0 | H 1.098 | V 0.002 | pL 0.000 | vL 0.000 | delta 0.003
U 152 | F 311296 | FPS 0026 | D 11024 | rR:mu sigma m M 0.05 0.18 0.00 0.73 | F:mu sigma m M 144.6 93.4 29.0 324.0 | H 1.095 | V 0.009 | pL -0.005 | vL 0.001 | delta 0.010
U 153 | F 313344 | FPS 0031 | D 11091 | rR:mu sigma m M 0.14 0.30 0.00 0.85 | F:mu sigma m M 168.8 119.3 29.0 419.0 | H 1.089 | V 0.035 | pL -0.011 | vL 0.003 | delta 0.028
U 154 | F 315392 | FPS 0033 | D 11152 | rR:mu sigma m M 0.00 0.00 0.00 0.00 | F:mu sigma m M 128.2 106.2 12.0 473.0 | H 1.095 | V 0.009 | pL 0.001 | vL 0.000 | delta 0.006
U 155 | F 317440 | FPS 0026 | D 11231 | rR:mu sigma m M 0.00 0.00 0.00 0.00 | F:mu sigma m M 179.2 132.1 22.0 505.0 | H 1.094 | V 0.006 | pL 0.000 | vL 0.000 | delta 0.004
U 156 | F 319488 | FPS 0031 | D 11298 | rR:mu sigma m M 0.00 0.00 0.00 0.00 | F:mu sigma m M 127.4 85.1 22.0 409.0 | H 1.097 | V 0.005 | pL 0.001 | vL 0.000 | delta 0.002
U 157 | F 321536 | FPS 0030 | D 11365 | rR:mu sigma m M 0.00 0.00 0.00 0.00 | F:mu sigma m M 105.5 45.5 33.0 226.0 | H 1.098 | V 0.006 | pL 0.000 | vL 0.000 | delta 0.001
U 158 | F 323584 | FPS 0029 | D 11437 | rR:mu sigma m M 0.04 0.14 0.00 0.60 | F:mu sigma m M 154.9 138.4 11.0 439.0 | H 1.092 | V 0.011 | pL -0.003 | vL 0.001 | delta 0.011
U 159 | F 325632 | FPS 0030 | D 11505 | rR:mu sigma m M 0.09 0.23 0.00 0.77 | F:mu sigma m M 193.3 122.9 43.0 439.0 | H 1.086 | V 0.024 | pL -0.002 | vL 0.001 | delta 0.012
U 160 | F 327680 | FPS 0030 | D 11573 | rR:mu sigma m M 0.13 0.29 0.00 0.90 | F:mu sigma m M 180.1 166.5 42.0 516.0 | H 1.074 | V 0.042 | pL -0.011 | vL 0.002 | delta 0.026
U 161 | F 329728 | FPS 0028 | D 11645 | rR:mu sigma m M 0.17 0.30 0.00 0.90 | F:mu sigma m M 233.2 158.2 45.0 505.0 | H 1.088 | V 0.052 | pL 0.002 | vL 0.001 | delta 0.032
U 162 | F 331776 | FPS 0032 | D 11709 | rR:mu sigma m M 0.08 0.22 0.00 0.76 | F:mu sigma m M 125.8 99.3 32.0 427.0 | H 1.094 | V 0.028 | pL -0.002 | vL 0.001 | delta 0.008
U 163 | F 333824 | FPS 0030 | D 11777 | rR:mu sigma m M 0.00 0.00 0.00 0.00 | F:mu sigma m M 202.9 160.9 14.0 574.0 | H 1.091 | V 0.032 | pL 0.002 | vL 0.001 | delta 0.013
U 164 | F 335872 | FPS 0031 | D 11842 | rR:mu sigma m M 0.06 0.22 0.00 0.91 | F:mu sigma m M 169.4 118.3 34.0 389.0 | H 1.095 | V 0.017 | pL 0.002 | vL 0.000 | delta 0.005
U 165 | F 337920 | FPS 0024 | D 11927 | rR:mu sigma m M 0.00 0.00 0.00 0.00 | F:mu sigma m M 169.6 131.0 31.0 570.0 | H 1.096 | V 0.013 | pL 0.003 | vL 0.000 | delta 0.003
U 166 | F 339968 | FPS 0027 | D 12003 | rR:mu sigma m M 0.05 0.21 0.00 0.88 | F:mu sigma m M 168.8 142.8 34.0 570.0 | H 1.089 | V 0.024 | pL -0.003 | vL 0.001 | delta 0.020
U 167 | F 342016 | FPS 0025 | D 12085 | rR:mu sigma m M 0.11 0.28 0.00 0.88 | F:mu sigma m M 125.4 43.4 56.0 214.0 | H 1.093 | V 0.020 | pL -0.003 | vL 0.002 | delta 0.021
U 168 | F 344064 | FPS 0030 | D 12153 | rR:mu sigma m M 0.00 0.00 0.00 0.00 | F:mu sigma m M 191.0 112.0 33.0 357.0 | H 1.092 | V 0.021 | pL 0.000 | vL 0.001 | delta 0.010
U 169 | F 346112 | FPS 0030 | D 12222 | rR:mu sigma m M 0.05 0.17 0.00 0.72 | F:mu sigma m M 165.9 101.1 33.0 357.0 | H 1.094 | V 0.023 | pL 0.001 | vL 0.000 | delta 0.008
U 170 | F 348160 | FPS 0027 | D 12298 | rR:mu sigma m M 0.00 0.00 0.00 0.00 | F:mu sigma m M 164.3 116.6 27.0 476.0 | H 1.096 | V 0.009 | pL 0.003 | vL 0.000 | delta 0.002
U 171 | F 350208 | FPS 0029 | D 12367 | rR:mu sigma m M 0.00 0.00 0.00 0.00 | F:mu sigma m M 127.1 89.2 40.0 358.0 | H 1.097 | V 0.005 | pL 0.000 | vL 0.000 | delta 0.001
U 172 | F 352256 | FPS 0032 | D 12431 | rR:mu sigma m M 0.00 0.00 0.00 0.00 | F:mu sigma m M 104.8 82.1 13.0 358.0 | H 1.097 | V 0.007 | pL 0.002 | vL 0.000 | delta 0.002
U 173 | F 354304 | FPS 0029 | D 12502 | rR:mu sigma m M 0.00 0.00 0.00 0.00 | F:mu sigma m M 140.4 115.4 13.0 437.0 | H 1.098 | V 0.004 | pL 0.001 | vL 0.000 | delta 0.001
U 174 | F 356352 | FPS 0029 | D 12574 | rR:mu sigma m M 0.04 0.14 0.00 0.58 | F:mu sigma m M 204.8 223.3 13.0 889.0 | H 1.096 | V 0.011 | pL -0.004 | vL 0.000 | delta 0.006
U 175 | F 358400 | FPS 0029 | D 12646 | rR:mu sigma m M 0.04 0.14 0.00 0.58 | F:mu sigma m M 228.6 242.7 13.0 889.0 | H 1.098 | V 0.006 | pL 0.000 | vL 0.000 | delta 0.001
U 176 | F 360448 | FPS 0030 | D 12713 | rR:mu sigma m M 0.00 0.00 0.00 0.00 | F:mu sigma m M 159.5 116.8 41.0 520.0 | H 1.086 | V 0.020 | pL -0.000 | vL 0.001 | delta 0.013
U 177 | F 362496 | FPS 0029 | D 12783 | rR:mu sigma m M 0.00 0.00 0.00 0.00 | F:mu sigma m M 183.7 93.5 20.0 387.0 | H 1.094 | V 0.018 | pL 0.006 | vL 0.000 | delta 0.005
U 178 | F 364544 | FPS 0030 | D 12852 | rR:mu sigma m M 0.00 0.00 0.00 0.00 | F:mu sigma m M 179.6 158.5 28.0 594.0 | H 1.097 | V 0.017 | pL 0.004 | vL 0.000 | delta 0.005
U 179 | F 366592 | FPS 0028 | D 12925 | rR:mu sigma m M 0.00 0.00 0.00 0.00 | F:mu sigma m M 133.2 75.7 15.0 255.0 | H 1.098 | V 0.012 | pL 0.004 | vL 0.000 | delta 0.002
U 180 | F 368640 | FPS 0030 | D 12994 | rR:mu sigma m M 0.00 0.00 0.00 0.00 | F:mu sigma m M 146.1 127.3 15.0 513.0 | H 1.098 | V 0.009 | pL 0.003 | vL 0.000 | delta 0.001
U 181 | F 370688 | FPS 0027 | D 13069 | rR:mu sigma m M 0.00 0.00 0.00 0.00 | F:mu sigma m M 120.7 70.0 26.0 312.0 | H 1.098 | V 0.008 | pL 0.002 | vL 0.000 | delta 0.001
U 182 | F 372736 | FPS 0028 | D 13143 | rR:mu sigma m M 0.00 0.00 0.00 0.00 | F:mu sigma m M 146.9 97.6 18.0 385.0 | H 1.098 | V 0.006 | pL 0.001 | vL 0.000 | delta 0.000
U 183 | F 374784 | FPS 0027 | D 13218 | rR:mu sigma m M 0.00 0.00 0.00 0.00 | F:mu sigma m M 158.7 126.7 20.0 488.0 | H 1.098 | V 0.005 | pL 0.001 | vL 0.000 | delta 0.000
U 184 | F 376832 | FPS 0028 | D 13291 | rR:mu sigma m M 0.00 0.00 0.00 0.00 | F:mu sigma m M 177.2 135.3 20.0 488.0 | H 1.098 | V 0.005 | pL 0.001 | vL 0.000 | delta 0.001
U 185 | F 378880 | FPS 0028 | D 13365 | rR:mu sigma m M 0.00 0.00 0.00 0.00 | F:mu sigma m M 124.6 96.0 11.0 336.0 | H 1.098 | V 0.005 | pL 0.001 | vL 0.000 | delta 0.001
U 186 | F 380928 | FPS 0029 | D 13435 | rR:mu sigma m M 0.00 0.00 0.00 0.00 | F:mu sigma m M 115.0 101.2 11.0 378.0 | H 1.098 | V 0.004 | pL 0.001 | vL 0.000 | delta 0.001
U 187 | F 382976 | FPS 0028 | D 13509 | rR:mu sigma m M 0.00 0.00 0.00 0.00 | F:mu sigma m M 242.8 228.5 23.0 724.0 | H 1.099 | V 0.003 | pL 0.001 | vL 0.000 | delta 0.000
U 188 | F 385024 | FPS 0027 | D 13584 | rR:mu sigma m M 0.00 0.00 0.00 0.00 | F:mu sigma m M 291.1 215.3 32.0 724.0 | H 1.098 | V 0.003 | pL 0.001 | vL 0.000 | delta 0.001
U 189 | F 387072 | FPS 0031 | D 13649 | rR:mu sigma m M 0.00 0.00 0.00 0.00 | F:mu sigma m M 224.8 210.5 14.0 851.0 | H 1.099 | V 0.002 | pL 0.001 | vL 0.000 | delta 0.000
U 190 | F 389120 | FPS 0028 | D 13723 | rR:mu sigma m M 0.00 0.00 0.00 0.00 | F:mu sigma m M 174.2 183.2 7.0 594.0 | H 1.099 | V 0.002 | pL 0.001 | vL 0.000 | delta 0.000
U 191 | F 391168 | FPS 0029 | D 13794 | rR:mu sigma m M 0.00 0.00 0.00 0.00 | F:mu sigma m M 156.0 137.1 29.0 594.0 | H 1.098 | V 0.002 | pL 0.000 | vL 0.000 | delta 0.000
U 192 | F 393216 | FPS 0028 | D 13867 | rR:mu sigma m M 0.00 0.00 0.00 0.00 | F:mu sigma m M 249.9 224.8 27.0 723.0 | H 1.099 | V 0.001 | pL 0.000 | vL 0.000 | delta 0.000
U 193 | F 395264 | FPS 0031 | D 13934 | rR:mu sigma m M 0.00 0.00 0.00 0.00 | F:mu sigma m M 211.1 191.8 27.0 723.0 | H 1.099 | V 0.001 | pL 0.000 | vL 0.000 | delta 0.000
U 194 | F 397312 | FPS 0027 | D 14009 | rR:mu sigma m M 0.00 0.00 0.00 0.00 | F:mu sigma m M 183.3 112.3 35.0 404.0 | H 1.099 | V 0.001 | pL 0.000 | vL 0.000 | delta 0.000
U 195 | F 399360 | FPS 0028 | D 14082 | rR:mu sigma m M 0.00 0.00 0.00 0.00 | F:mu sigma m M 191.4 123.9 39.0 396.0 | H 1.099 | V 0.001 | pL -0.000 | vL 0.000 | delta 0.000
U 196 | F 401408 | FPS 0032 | D 14146 | rR:mu sigma m M 0.00 0.00 0.00 0.00 | F:mu sigma m M 168.2 139.2 13.0 489.0 | H 1.099 | V 0.001 | pL 0.000 | vL 0.000 | delta 0.000
U 197 | F 403456 | FPS 0026 | D 14225 | rR:mu sigma m M 0.00 0.00 0.00 0.00 | F:mu sigma m M 244.4 202.8 13.0 643.0 | H 1.099 | V 0.001 | pL 0.000 | vL 0.000 | delta 0.000
U 198 | F 405504 | FPS 0027 | D 14300 | rR:mu sigma m M 0.00 0.00 0.00 0.00 | F:mu sigma m M 197.6 181.7 34.0 643.0 | H 1.099 | V 0.000 | pL 0.000 | vL 0.000 | delta 0.000
U 199 | F 407552 | FPS 0028 | D 14372 | rR:mu sigma m M 0.00 0.00 0.00 0.00 | F:mu sigma m M 210.8 212.8 34.0 895.0 | H 1.099 | V 0.000 | pL 0.000 | vL 0.000 | delta 0.000
U 200 | F 409600 | FPS 0029 | D 14442 | rR:mu sigma m M 0.00 0.00 0.00 0.00 | F:mu sigma m M 286.4 245.9 73.0 895.0 | H 1.099 | V 0.000 | pL 0.000 | vL 0.000 | delta 0.000
U 201 | F 411648 | FPS 0032 | D 14506 | rR:mu sigma m M 0.00 0.00 0.00 0.00 | F:mu sigma m M 119.8 77.9 19.0 273.0 | H 1.099 | V 0.000 | pL 0.000 | vL 0.000 | delta 0.000
U 202 | F 413696 | FPS 0026 | D 14584 | rR:mu sigma m M 0.00 0.00 0.00 0.00 | F:mu sigma m M 111.5 67.1 43.0 260.0 | H 1.099 | V 0.000 | pL 0.000 | vL 0.000 | delta 0.000
U 203 | F 415744 | FPS 0030 | D 14651 | rR:mu sigma m M 0.00 0.00 0.00 0.00 | F:mu sigma m M 179.8 143.3 29.0 615.0 | H 1.099 | V -0.000 | pL 0.000 | vL 0.000 | delta 0.000
U 204 | F 417792 | FPS 0028 | D 14725 | rR:mu sigma m M 0.00 0.00 0.00 0.00 | F:mu sigma m M 189.4 173.6 29.0 663.0 | H 1.099 | V -0.000 | pL 0.000 | vL 0.000 | delta 0.000
U 205 | F 419840 | FPS 0030 | D 14794 | rR:mu sigma m M 0.00 0.00 0.00 0.00 | F:mu sigma m M 209.6 199.1 35.0 900.0 | H 1.099 | V 0.000 | pL -0.000 | vL 0.000 | delta 0.000
U 206 | F 421888 | FPS 0030 | D 14862 | rR:mu sigma m M 0.00 0.00 0.00 0.00 | F:mu sigma m M 113.6 160.1 15.0 654.0 | H 1.099 | V -0.000 | pL -0.000 | vL 0.000 | delta 0.000
U 207 | F 423936 | FPS 0029 | D 14933 | rR:mu sigma m M 0.00 0.00 0.00 0.00 | F:mu sigma m M 108.1 85.2 17.0 321.0 | H 1.099 | V 0.000 | pL -0.000 | vL 0.000 | delta 0.000
U 208 | F 425984 | FPS 0029 | D 15003 | rR:mu sigma m M 0.00 0.00 0.00 0.00 | F:mu sigma m M 176.8 119.3 21.0 440.0 | H 1.099 | V 0.000 | pL 0.000 | vL 0.000 | delta 0.000
U 209 | F 428032 | FPS 0031 | D 15069 | rR:mu sigma m M 0.06 0.19 0.00 0.67 | F:mu sigma m M 172.4 143.7 36.0 503.0 | H 1.094 | V 0.012 | pL -0.010 | vL 0.003 | delta 0.009
U 210 | F 430080 | FPS 0030 | D 15136 | rR:mu sigma m M 0.04 0.16 0.00 0.67 | F:mu sigma m M 140.8 126.6 29.0 362.0 | H 1.098 | V 0.010 | pL 0.002 | vL 0.000 | delta 0.002
U 211 | F 432128 | FPS 0028 | D 15210 | rR:mu sigma m M 0.00 0.00 0.00 0.00 | F:mu sigma m M 117.5 94.5 37.0 362.0 | H 1.099 | V 0.006 | pL 0.001 | vL 0.000 | delta 0.001
U 212 | F 434176 | FPS 0030 | D 15279 | rR:mu sigma m M 0.04 0.15 0.00 0.61 | F:mu sigma m M 214.2 201.7 29.0 739.0 | H 1.096 | V 0.015 | pL -0.005 | vL 0.001 | delta 0.009
U 213 | F 436224 | FPS 0031 | D 15345 | rR:mu sigma m M 0.04 0.15 0.00 0.61 | F:mu sigma m M 194.2 136.7 29.0 512.0 | H 1.098 | V 0.006 | pL 0.001 | vL 0.000 | delta 0.003
U 214 | F 438272 | FPS 0027 | D 15421 | rR:mu sigma m M 0.00 0.00 0.00 0.00 | F:mu sigma m M 151.4 136.2 31.0 579.0 | H 1.098 | V 0.005 | pL 0.002 | vL 0.000 | delta 0.001
U 215 | F 440320 | FPS 0024 | D 15506 | rR:mu sigma m M 0.00 0.00 0.00 0.00 | F:mu sigma m M 132.2 104.6 11.0 457.0 | H 1.098 | V 0.005 | pL 0.001 | vL 0.000 | delta 0.000
U 216 | F 442368 | FPS 0030 | D 15575 | rR:mu sigma m M 0.00 0.00 0.00 0.00 | F:mu sigma m M 122.6 83.5 23.0 334.0 | H 1.098 | V 0.004 | pL 0.001 | vL 0.000 | delta 0.000
U 217 | F 444416 | FPS 0029 | D 15646 | rR:mu sigma m M 0.00 0.00 0.00 0.00 | F:mu sigma m M 148.2 127.3 9.0 468.0 | H 1.099 | V 0.003 | pL 0.001 | vL 0.000 | delta 0.000
U 218 | F 446464 | FPS 0026 | D 15725 | rR:mu sigma m M 0.00 0.00 0.00 0.00 | F:mu sigma m M 95.9 77.2 17.0 280.0 | H 1.098 | V 0.002 | pL 0.001 | vL 0.000 | delta 0.000
U 219 | F 448512 | FPS 0030 | D 15793 | rR:mu sigma m M 0.00 0.00 0.00 0.00 | F:mu sigma m M 106.6 59.3 30.0 257.0 | H 1.099 | V 0.002 | pL 0.001 | vL 0.000 | delta 0.000
U 220 | F 450560 | FPS 0028 | D 15867 | rR:mu sigma m M 0.00 0.00 0.00 0.00 | F:mu sigma m M 140.9 212.3 24.0 900.0 | H 1.098 | V 0.002 | pL 0.001 | vL 0.000 | delta 0.001
U 221 | F 452608 | FPS 0029 | D 15937 | rR:mu sigma m M 0.00 0.00 0.00 0.00 | F:mu sigma m M 125.2 95.1 32.0 395.0 | H 1.098 | V 0.002 | pL 0.000 | vL 0.000 | delta 0.000
U 222 | F 454656 | FPS 0028 | D 16011 | rR:mu sigma m M 0.00 0.00 0.00 0.00 | F:mu sigma m M 138.1 102.5 34.0 395.0 | H 1.099 | V 0.001 | pL 0.000 | vL 0.000 | delta 0.000
U 223 | F 456704 | FPS 0031 | D 16077 | rR:mu sigma m M 0.00 0.00 0.00 0.00 | F:mu sigma m M 235.6 161.9 28.0 564.0 | H 1.099 | V 0.001 | pL 0.000 | vL 0.000 | delta 0.000
U 224 | F 458752 | FPS 0029 | D 16148 | rR:mu sigma m M 0.04 0.14 0.00 0.56 | F:mu sigma m M 190.3 103.9 28.0 435.0 | H 1.093 | V 0.005 | pL -0.005 | vL 0.001 | delta 0.013
U 225 | F 460800 | FPS 0030 | D 16215 | rR:mu sigma m M 0.00 0.00 0.00 0.00 | F:mu sigma m M 143.1 99.8 26.0 442.0 | H 1.098 | V 0.006 | pL 0.002 | vL 0.000 | delta 0.002
U 226 | F 462848 | FPS 0028 | D 16287 | rR:mu sigma m M 0.00 0.00 0.00 0.00 | F:mu sigma m M 178.4 135.1 26.0 430.0 | H 1.098 | V 0.004 | pL 0.001 | vL 0.000 | delta 0.001
U 227 | F 464896 | FPS 0033 | D 16350 | rR:mu sigma m M 0.00 0.00 0.00 0.00 | F:mu sigma m M 178.4 128.4 33.0 509.0 | H 1.098 | V 0.003 | pL 0.000 | vL 0.000 | delta 0.001
U 228 | F 466944 | FPS 0031 | D 16416 | rR:mu sigma m M 0.00 0.00 0.00 0.00 | F:mu sigma m M 206.8 153.1 37.0 506.0 | H 1.093 | V 0.011 | pL 0.003 | vL 0.000 | delta 0.008
U 229 | F 468992 | FPS 0030 | D 16484 | rR:mu sigma m M 0.00 0.00 0.00 0.00 | F:mu sigma m M 141.0 92.1 13.0 322.0 | H 1.098 | V 0.003 | pL 0.001 | vL 0.000 | delta 0.000
U 230 | F 471040 | FPS 0030 | D 16552 | rR:mu sigma m M 0.00 0.00 0.00 0.00 | F:mu sigma m M 128.9 118.6 27.0 508.0 | H 1.098 | V 0.002 | pL 0.000 | vL 0.000 | delta 0.000
U 231 | F 473088 | FPS 0029 | D 16622 | rR:mu sigma m M 0.00 0.00 0.00 0.00 | F:mu sigma m M 138.4 118.8 35.0 508.0 | H 1.098 | V 0.002 | pL 0.000 | vL 0.000 | delta 0.000
U 232 | F 475136 | FPS 0027 | D 16698 | rR:mu sigma m M 0.04 0.15 0.00 0.64 | F:mu sigma m M 121.6 96.7 18.0 360.0 | H 1.095 | V 0.006 | pL -0.005 | vL 0.001 | delta 0.012
U 233 | F 477184 | FPS 0030 | D 16765 | rR:mu sigma m M 0.00 0.00 0.00 0.00 | F:mu sigma m M 176.9 168.1 27.0 590.0 | H 1.098 | V 0.003 | pL 0.001 | vL 0.000 | delta 0.003
U 234 | F 479232 | FPS 0029 | D 16835 | rR:mu sigma m M 0.00 0.00 0.00 0.00 | F:mu sigma m M 169.0 141.6 27.0 525.0 | H 1.098 | V 0.003 | pL 0.001 | vL 0.000 | delta 0.002
U 235 | F 481280 | FPS 0024 | D 16920 | rR:mu sigma m M 0.00 0.00 0.00 0.00 | F:mu sigma m M 139.6 97.4 19.0 355.0 | H 1.096 | V 0.010 | pL 0.000 | vL 0.000 | delta 0.009
U 236 | F 483328 | FPS 0027 | D 16995 | rR:mu sigma m M 0.00 0.00 0.00 0.00 | F:mu sigma m M 132.2 76.7 19.0 309.0 | H 1.098 | V 0.010 | pL 0.003 | vL 0.000 | delta 0.005
U 237 | F 485376 | FPS 0024 | D 17079 | rR:mu sigma m M 0.00 0.00 0.00 0.00 | F:mu sigma m M 247.1 195.3 19.0 744.0 | H 1.098 | V 0.007 | pL 0.002 | vL 0.000 | delta 0.001
U 238 | F 487424 | FPS 0034 | D 17138 | rR:mu sigma m M 0.00 0.00 0.00 0.00 | F:mu sigma m M 138.8 81.7 26.0 273.0 | H 1.097 | V 0.006 | pL 0.000 | vL 0.000 | delta 0.002
U 239 | F 489472 | FPS 0030 | D 17207 | rR:mu sigma m M 0.04 0.15 0.00 0.64 | F:mu sigma m M 162.0 107.0 28.0 364.0 | H 1.094 | V 0.009 | pL -0.003 | vL 0.000 | delta 0.010
U 240 | F 491520 | FPS 0030 | D 17275 | rR:mu sigma m M 0.00 0.00 0.00 0.00 | F:mu sigma m M 109.8 68.8 28.0 296.0 | H 1.098 | V -0.002 | pL -0.001 | vL 0.000 | delta 0.001
U 241 | F 493568 | FPS 0024 | D 17360 | rR:mu sigma m M 0.04 0.17 0.00 0.72 | F:mu sigma m M 137.8 91.2 32.0 315.0 | H 1.093 | V 0.016 | pL -0.008 | vL 0.002 | delta 0.013
U 242 | F 495616 | FPS 0027 | D 17436 | rR:mu sigma m M 0.07 0.20 0.00 0.72 | F:mu sigma m M 177.0 155.4 19.0 538.0 | H 1.092 | V 0.007 | pL -0.001 | vL 0.000 | delta 0.007
U 243 | F 497664 | FPS 0027 | D 17512 | rR:mu sigma m M 0.00 0.00 0.00 0.00 | F:mu sigma m M 173.6 157.4 22.0 538.0 | H 1.098 | V -0.000 | pL -0.000 | vL 0.000 | delta 0.001
U 244 | F 499712 | FPS 0026 | D 17590 | rR:mu sigma m M 0.00 0.00 0.00 0.00 | F:mu sigma m M 130.6 102.9 32.0 457.0 | H 1.096 | V 0.004 | pL -0.001 | vL 0.000 | delta 0.002
U 245 | F 501760 | FPS 0027 | D 17666 | rR:mu sigma m M 0.03 0.12 0.00 0.54 | F:mu sigma m M 142.8 127.9 33.0 457.0 | H 1.098 | V 0.004 | pL -0.001 | vL 0.000 | delta 0.005
U 246 | F 503808 | FPS 0032 | D 17730 | rR:mu sigma m M 0.05 0.19 0.00 0.78 | F:mu sigma m M 132.0 90.0 23.0 377.0 | H 1.091 | V 0.016 | pL -0.006 | vL 0.001 | delta 0.013
U 247 | F 505856 | FPS 0031 | D 17796 | rR:mu sigma m M 0.10 0.25 0.00 0.78 | F:mu sigma m M 125.6 55.5 32.0 249.0 | H 1.092 | V 0.018 | pL 0.000 | vL 0.001 | delta 0.015
U 248 | F 507904 | FPS 0029 | D 17867 | rR:mu sigma m M 0.00 0.00 0.00 0.00 | F:mu sigma m M 138.2 105.5 28.0 403.0 | H 1.095 | V 0.007 | pL 0.001 | vL 0.000 | delta 0.004
U 249 | F 509952 | FPS 0029 | D 17937 | rR:mu sigma m M 0.07 0.20 0.00 0.72 | F:mu sigma m M 154.2 130.8 28.0 571.0 | H 1.083 | V 0.028 | pL -0.005 | vL 0.002 | delta 0.021
U 250 | F 512000 | FPS 0034 | D 17997 | rR:mu sigma m M 0.15 0.31 0.00 0.87 | F:mu sigma m M 178.6 150.0 23.0 551.0 | H 1.076 | V 0.032 | pL -0.016 | vL 0.004 | delta 0.020
U 251 | F 514048 | FPS 0031 | D 18062 | rR:mu sigma m M 0.18 0.32 0.00 0.80 | F:mu sigma m M 169.4 111.2 25.0 336.0 | H 1.011 | V 0.066 | pL -0.006 | vL 0.004 | delta 0.031
U 252 | F 516096 | FPS 0026 | D 18141 | rR:mu sigma m M 0.09 0.24 0.00 0.75 | F:mu sigma m M 162.7 95.9 25.0 328.0 | H 1.084 | V 0.012 | pL 0.001 | vL 0.000 | delta 0.009
U 253 | F 518144 | FPS 0033 | D 18203 | rR:mu sigma m M 0.00 0.00 0.00 0.00 | F:mu sigma m M 241.4 133.7 73.0 591.0 | H 1.095 | V 0.005 | pL 0.000 | vL 0.000 | delta 0.004
U 254 | F 520192 | FPS 0028 | D 18277 | rR:mu sigma m M 0.06 0.21 0.00 0.88 | F:mu sigma m M 176.1 109.8 30.0 364.0 | H 1.079 | V 0.023 | pL -0.010 | vL 0.002 | delta 0.017
U 255 | F 522240 | FPS 0033 | D 18339 | rR:mu sigma m M 0.20 0.35 0.00 0.88 | F:mu sigma m M 134.9 67.2 34.0 263.0 | H 1.062 | V 0.035 | pL -0.012 | vL 0.002 | delta 0.019
U 256 | F 524288 | FPS 0035 | D 18397 | rR:mu sigma m M 0.05 0.21 0.00 0.90 | F:mu sigma m M 160.8 87.8 29.0 343.0 | H 1.052 | V 0.041 | pL -0.003 | vL 0.004 | delta 0.024
U 257 | F 526336 | FPS 0035 | D 18455 | rR:mu sigma m M 0.10 0.27 0.00 0.86 | F:mu sigma m M 97.2 64.5 26.0 283.0 | H 1.028 | V 0.074 | pL -0.010 | vL 0.005 | delta 0.030
U 258 | F 528384 | FPS 0036 | D 18513 | rR:mu sigma m M 0.36 0.42 0.00 0.94 | F:mu sigma m M 120.3 81.7 25.0 370.0 | H 0.932 | V 0.125 | pL -0.039 | vL 0.010 | delta 0.048
U 259 | F 530432 | FPS 0039 | D 18566 | rR:mu sigma m M 0.71 0.35 0.00 0.95 | F:mu sigma m M 107.7 53.8 31.0 230.0 | H 0.886 | V 0.217 | pL -0.052 | vL 0.010 | delta 0.060
U 260 | F 532480 | FPS 0044 | D 18612 | rR:mu sigma m M 0.60 0.42 0.00 0.96 | F:mu sigma m M 92.2 48.3 22.0 186.0 | H 0.799 | V 0.309 | pL -0.057 | vL 0.013 | delta 0.075
U 261 | F 534528 | FPS 0047 | D 18656 | rR:mu sigma m M 0.80 0.30 0.00 0.96 | F:mu sigma m M 92.4 68.3 25.0 363.0 | H 0.672 | V 0.409 | pL -0.058 | vL 0.011 | delta 0.092
U 262 | F 536576 | FPS 0056 | D 18693 | rR:mu sigma m M 0.79 0.31 0.00 0.97 | F:mu sigma m M 79.0 46.6 11.0 238.0 | H 0.660 | V 0.475 | pL -0.082 | vL 0.011 | delta 0.096
U 263 | F 538624 | FPS 0056 | D 18729 | rR:mu sigma m M 0.90 0.17 0.00 0.97 | F:mu sigma m M 65.0 20.9 33.0 120.0 | H 0.647 | V 0.561 | pL -0.068 | vL 0.009 | delta 0.078
U 264 | F 540672 | FPS 0063 | D 18762 | rR:mu sigma m M 0.89 0.22 0.00 0.97 | F:mu sigma m M 53.1 21.7 12.0 125.0 | H 0.640 | V 0.603 | pL -0.062 | vL 0.009 | delta 0.070
U 265 | F 542720 | FPS 0065 | D 18793 | rR:mu sigma m M 0.95 0.02 0.88 0.97 | F:mu sigma m M 50.3 19.6 27.0 115.0 | H 0.501 | V 0.685 | pL -0.085 | vL 0.004 | delta 0.062
agent reach optimality, start collecting trajectories
agent successfully collected 10 trajectories
pickling optimal trajectories
Model successfully saved
/home/rdali/.local/easybuild/software/2017/Core/miniconda3/4.3.27/envs/observe/lib/python3.6/site-packages/torch/nn/functional.py:1906: UserWarning: reduction: 'mean' divides the total loss by both the batch size and the support size.'batchmean' divides only by the batch size, and aligns with the KL div math definition.'mean' will be changed to behave the same as 'batchmean' in the next major release.
  warnings.warn("reduction: 'mean' divides the total loss by both the batch size and the support size."
