The following modules were not unloaded:
  (Use "module --force purge" to unload all):

  1) StdEnv/2018.3     4) gcccore/.7.3.0      7) intel/2018.3
  2) nixpkgs/16.09     5) icc/.2018.3.222     8) openmpi/3.1.2
  3) imkl/2018.3.222   6) ifort/.2018.3.222

Due to MODULEPATH changes, the following have been reloaded:
  1) openmpi/3.1.2

Attention: While Conda works well in a desktop environment, it tends to create more problems than it solves on a cluster. Instead, we recommend that users use virtual environments and the binary packages that we provide through Python wheels as documented on the Python page.
/home/rdali/RL/watch_and_learn/dependency/rl-starter-files/scripts/train_agent_multidem.py --env MiniGrid-LavaCrossingAddictO12S15-v0 --algo ppo --nameDemonstrator LavaCrossing1215Addict1,LavaCrossing1215Addict2,LavaCrossing1215Addict4,LavaCrossing1215Addict5,LavaCrossing1215Addict7,LavaCrossing1215Addict8,LavaCrossing1215Addict9,LavaCrossing1215Addict10 --flat-model 0 --KLweight 0.001 --useKL 1 --meanReward 0.80 --rewardLB 0.70 --seed 9423

Namespace(KLweight=0.001, algo='ppo', batch_size=256, clip_eps=0.2, discount=0.99, entropy_coef=0.01, env='MiniGrid-LavaCrossingAddictO12S15-v0', epochs=4, flat_model=0, frames=10000000, frames_per_proc=None, full_obs=0, gae_lambda=0.95, log_interval=1, lr=0.0007, max_grad_norm=0.5, meanReward=0.8, mem=False, model=None, nameDemonstrator='LavaCrossing1215Addict1,LavaCrossing1215Addict2,LavaCrossing1215Addict4,LavaCrossing1215Addict5,LavaCrossing1215Addict7,LavaCrossing1215Addict8,LavaCrossing1215Addict9,LavaCrossing1215Addict10', optim_alpha=0.99, optim_eps=1e-05, procs=16, recurrence=1, rewardLB=0.7, save_interval=0, seed=9423, tb=False, text=False, useKL=1, value_loss_coef=0.5)

Flat model successfully created

ACModel(
  (image_conv): Sequential(
    (0): Conv2d(3, 32, kernel_size=(2, 2), stride=(1, 1))
    (1): ReLU()
    (2): MaxPool2d(kernel_size=(2, 2), stride=(2, 2), padding=0, dilation=1, ceil_mode=False)
    (3): Conv2d(32, 64, kernel_size=(2, 2), stride=(1, 1))
    (4): ReLU()
    (5): Conv2d(64, 64, kernel_size=(2, 2), stride=(1, 1))
    (6): ReLU()
  )
  (actor): Sequential(
    (0): Linear(in_features=1600, out_features=64, bias=True)
    (1): Tanh()
    (2): Linear(in_features=64, out_features=3, bias=True)
  )
  (critic): Sequential(
    (0): Linear(in_features=1600, out_features=64, bias=True)
    (1): Tanh()
    (2): Linear(in_features=64, out_features=1, bias=True)
  )
)

CUDA available: False

1
True
0.001
Using TensorFlow backend.
OMP: Info #212: KMP_AFFINITY: decoding x2APIC ids.
OMP: Info #210: KMP_AFFINITY: Affinity capable, using global cpuid leaf 11 info
OMP: Info #154: KMP_AFFINITY: Initial OS proc set respected: 30,32,34,36,38
OMP: Info #156: KMP_AFFINITY: 5 available OS procs
OMP: Info #157: KMP_AFFINITY: Uniform topology
OMP: Info #179: KMP_AFFINITY: 1 packages x 5 cores/pkg x 1 threads/core (5 total cores)
OMP: Info #214: KMP_AFFINITY: OS proc to physical thread map:
OMP: Info #171: KMP_AFFINITY: OS proc 32 maps to package 0 core 24 
OMP: Info #171: KMP_AFFINITY: OS proc 36 maps to package 0 core 25 
OMP: Info #171: KMP_AFFINITY: OS proc 38 maps to package 0 core 26 
OMP: Info #171: KMP_AFFINITY: OS proc 34 maps to package 0 core 27 
OMP: Info #171: KMP_AFFINITY: OS proc 30 maps to package 0 core 28 
OMP: Info #250: KMP_AFFINITY: pid 256425 tid 256425 thread 0 bound to OS proc set 32
OMP: Info #250: KMP_AFFINITY: pid 256425 tid 256793 thread 1 bound to OS proc set 36
OMP: Info #250: KMP_AFFINITY: pid 256425 tid 256795 thread 3 bound to OS proc set 34
OMP: Info #250: KMP_AFFINITY: pid 256425 tid 256794 thread 2 bound to OS proc set 38
OMP: Info #250: KMP_AFFINITY: pid 256425 tid 256796 thread 4 bound to OS proc set 30
OMP: Info #250: KMP_AFFINITY: pid 256425 tid 256908 thread 5 bound to OS proc set 32
OMP: Info #250: KMP_AFFINITY: pid 256425 tid 256907 thread 6 bound to OS proc set 36
OMP: Info #250: KMP_AFFINITY: pid 256425 tid 256925 thread 7 bound to OS proc set 38
OMP: Info #250: KMP_AFFINITY: pid 256425 tid 256926 thread 8 bound to OS proc set 34
OMP: Info #250: KMP_AFFINITY: pid 256425 tid 256927 thread 9 bound to OS proc set 30
OMP: Info #250: KMP_AFFINITY: pid 256425 tid 256928 thread 10 bound to OS proc set 32
OMP: Info #250: KMP_AFFINITY: pid 256425 tid 256957 thread 11 bound to OS proc set 36
OMP: Info #250: KMP_AFFINITY: pid 256425 tid 256958 thread 12 bound to OS proc set 38
OMP: Info #250: KMP_AFFINITY: pid 256425 tid 256959 thread 13 bound to OS proc set 34
OMP: Info #250: KMP_AFFINITY: pid 256425 tid 256960 thread 14 bound to OS proc set 30
OMP: Info #250: KMP_AFFINITY: pid 256425 tid 256961 thread 15 bound to OS proc set 32
U 1 | F 002048 | FPS 0026 | D 78 | rR:mu sigma m M 0.00 0.00 0.00 0.00 | F:mu sigma m M 46.4 34.4 0.0 126.0 | H 1.094 | V -0.138 | pL -0.041 | vL 0.001 | delta 0.033
U 2 | F 004096 | FPS 0040 | D 130 | rR:mu sigma m M 0.00 0.00 0.00 0.00 | F:mu sigma m M 105.3 69.0 13.0 250.0 | H 1.084 | V -0.106 | pL -0.029 | vL 0.001 | delta 0.019
U 3 | F 006144 | FPS 0031 | D 196 | rR:mu sigma m M 0.00 0.00 0.00 0.00 | F:mu sigma m M 141.7 76.9 21.0 265.0 | H 1.090 | V -0.084 | pL -0.023 | vL 0.000 | delta 0.017
U 4 | F 008192 | FPS 0040 | D 247 | rR:mu sigma m M 0.04 0.17 0.00 0.78 | F:mu sigma m M 172.7 123.3 13.0 374.0 | H 1.068 | V -0.058 | pL -0.031 | vL 0.003 | delta 0.023
U 5 | F 010240 | FPS 0046 | D 291 | rR:mu sigma m M 0.00 0.00 0.00 0.00 | F:mu sigma m M 112.8 62.2 13.0 236.0 | H 1.094 | V -0.046 | pL -0.013 | vL 0.000 | delta 0.008
U 6 | F 012288 | FPS 0040 | D 342 | rR:mu sigma m M 0.00 0.00 0.00 0.00 | F:mu sigma m M 115.4 68.6 31.0 233.0 | H 1.096 | V -0.032 | pL -0.010 | vL 0.000 | delta 0.005
U 7 | F 014336 | FPS 0037 | D 397 | rR:mu sigma m M 0.00 0.00 0.00 0.00 | F:mu sigma m M 115.4 63.0 30.0 257.0 | H 1.095 | V -0.021 | pL -0.006 | vL 0.000 | delta 0.003
U 8 | F 016384 | FPS 0033 | D 459 | rR:mu sigma m M 0.00 0.00 0.00 0.00 | F:mu sigma m M 205.2 192.1 51.0 754.0 | H 1.098 | V -0.017 | pL -0.006 | vL 0.000 | delta 0.002
U 9 | F 018432 | FPS 0038 | D 512 | rR:mu sigma m M 0.00 0.00 0.00 0.00 | F:mu sigma m M 197.1 240.6 45.0 876.0 | H 1.098 | V -0.010 | pL -0.004 | vL 0.000 | delta 0.002
U 10 | F 020480 | FPS 0033 | D 573 | rR:mu sigma m M 0.04 0.15 0.00 0.63 | F:mu sigma m M 175.8 117.2 43.0 426.0 | H 1.098 | V -0.007 | pL -0.005 | vL 0.001 | delta 0.008
U 11 | F 022528 | FPS 0034 | D 634 | rR:mu sigma m M 0.00 0.00 0.00 0.00 | F:mu sigma m M 145.9 103.8 16.0 426.0 | H 1.098 | V -0.007 | pL -0.002 | vL 0.000 | delta 0.003
U 12 | F 024576 | FPS 0034 | D 695 | rR:mu sigma m M 0.00 0.00 0.00 0.00 | F:mu sigma m M 209.8 139.1 25.0 458.0 | H 1.099 | V -0.004 | pL -0.001 | vL 0.000 | delta 0.001
U 13 | F 026624 | FPS 0038 | D 749 | rR:mu sigma m M 0.00 0.00 0.00 0.00 | F:mu sigma m M 179.4 137.7 17.0 458.0 | H 1.098 | V -0.003 | pL -0.001 | vL 0.000 | delta 0.001
U 14 | F 028672 | FPS 0030 | D 818 | rR:mu sigma m M 0.00 0.00 0.00 0.00 | F:mu sigma m M 170.5 181.5 17.0 712.0 | H 1.099 | V -0.002 | pL -0.001 | vL 0.000 | delta 0.001
U 15 | F 030720 | FPS 0033 | D 880 | rR:mu sigma m M 0.00 0.00 0.00 0.00 | F:mu sigma m M 185.1 164.6 20.0 556.0 | H 1.099 | V -0.002 | pL -0.000 | vL 0.000 | delta 0.000
U 16 | F 032768 | FPS 0032 | D 945 | rR:mu sigma m M 0.00 0.00 0.00 0.00 | F:mu sigma m M 116.6 68.0 36.0 283.0 | H 1.099 | V -0.001 | pL -0.000 | vL 0.000 | delta 0.000
U 17 | F 034816 | FPS 0038 | D 998 | rR:mu sigma m M 0.00 0.00 0.00 0.00 | F:mu sigma m M 176.5 130.9 54.0 524.0 | H 1.099 | V -0.001 | pL -0.000 | vL 0.000 | delta 0.000
U 18 | F 036864 | FPS 0035 | D 1057 | rR:mu sigma m M 0.00 0.00 0.00 0.00 | F:mu sigma m M 209.7 140.4 47.0 524.0 | H 1.099 | V -0.000 | pL -0.000 | vL 0.000 | delta 0.001
U 19 | F 038912 | FPS 0032 | D 1121 | rR:mu sigma m M 0.00 0.00 0.00 0.00 | F:mu sigma m M 253.8 141.3 47.0 524.0 | H 1.099 | V -0.001 | pL -0.000 | vL 0.000 | delta 0.000
U 20 | F 040960 | FPS 0036 | D 1177 | rR:mu sigma m M 0.00 0.00 0.00 0.00 | F:mu sigma m M 247.1 121.7 76.0 495.0 | H 1.098 | V -0.000 | pL -0.000 | vL 0.000 | delta 0.002
U 21 | F 043008 | FPS 0034 | D 1238 | rR:mu sigma m M 0.04 0.15 0.00 0.62 | F:mu sigma m M 267.8 157.5 76.0 672.0 | H 1.097 | V 0.008 | pL -0.005 | vL 0.001 | delta 0.012
U 22 | F 045056 | FPS 0040 | D 1289 | rR:mu sigma m M 0.00 0.00 0.00 0.00 | F:mu sigma m M 138.1 76.4 17.0 289.0 | H 1.098 | V 0.001 | pL 0.000 | vL 0.000 | delta 0.004
U 23 | F 047104 | FPS 0041 | D 1340 | rR:mu sigma m M 0.05 0.20 0.00 0.84 | F:mu sigma m M 151.9 116.2 17.0 403.0 | H 1.091 | V 0.006 | pL -0.007 | vL 0.001 | delta 0.015
U 24 | F 049152 | FPS 0031 | D 1406 | rR:mu sigma m M 0.00 0.00 0.00 0.00 | F:mu sigma m M 177.2 149.7 24.0 544.0 | H 1.098 | V -0.001 | pL -0.000 | vL 0.000 | delta 0.001
U 25 | F 051200 | FPS 0040 | D 1457 | rR:mu sigma m M 0.00 0.00 0.00 0.00 | F:mu sigma m M 143.2 106.0 24.0 397.0 | H 1.099 | V -0.001 | pL -0.000 | vL 0.000 | delta 0.001
U 26 | F 053248 | FPS 0035 | D 1516 | rR:mu sigma m M 0.00 0.00 0.00 0.00 | F:mu sigma m M 211.4 152.0 32.0 555.0 | H 1.098 | V 0.002 | pL 0.001 | vL 0.000 | delta 0.002
U 27 | F 055296 | FPS 0033 | D 1578 | rR:mu sigma m M 0.00 0.00 0.00 0.00 | F:mu sigma m M 212.5 171.7 20.0 584.0 | H 1.098 | V 0.000 | pL 0.000 | vL 0.000 | delta 0.000
U 28 | F 057344 | FPS 0037 | D 1633 | rR:mu sigma m M 0.00 0.00 0.00 0.00 | F:mu sigma m M 131.1 86.2 26.0 280.0 | H 1.099 | V 0.001 | pL -0.000 | vL 0.000 | delta 0.000
U 29 | F 059392 | FPS 0033 | D 1696 | rR:mu sigma m M 0.00 0.00 0.00 0.00 | F:mu sigma m M 174.8 120.8 34.0 366.0 | H 1.099 | V 0.001 | pL 0.000 | vL 0.000 | delta 0.001
U 30 | F 061440 | FPS 0033 | D 1757 | rR:mu sigma m M 0.00 0.00 0.00 0.00 | F:mu sigma m M 195.0 119.3 51.0 424.0 | H 1.099 | V -0.000 | pL -0.000 | vL 0.000 | delta 0.000
U 31 | F 063488 | FPS 0033 | D 1819 | rR:mu sigma m M 0.00 0.00 0.00 0.00 | F:mu sigma m M 166.0 97.0 49.0 330.0 | H 1.099 | V 0.001 | pL 0.000 | vL 0.000 | delta 0.000
U 32 | F 065536 | FPS 0036 | D 1876 | rR:mu sigma m M 0.04 0.16 0.00 0.65 | F:mu sigma m M 207.2 163.2 19.0 561.0 | H 1.096 | V 0.007 | pL -0.005 | vL 0.001 | delta 0.014
U 33 | F 067584 | FPS 0035 | D 1934 | rR:mu sigma m M 0.04 0.16 0.00 0.65 | F:mu sigma m M 175.1 146.3 25.0 561.0 | H 1.098 | V 0.001 | pL 0.000 | vL 0.000 | delta 0.001
U 34 | F 069632 | FPS 0032 | D 1998 | rR:mu sigma m M 0.00 0.00 0.00 0.00 | F:mu sigma m M 156.1 109.5 33.0 423.0 | H 1.097 | V 0.006 | pL -0.000 | vL 0.000 | delta 0.002
U 35 | F 071680 | FPS 0035 | D 2056 | rR:mu sigma m M 0.04 0.17 0.00 0.71 | F:mu sigma m M 105.6 78.5 22.0 286.0 | H 1.097 | V 0.004 | pL -0.003 | vL 0.000 | delta 0.025
U 36 | F 073728 | FPS 0037 | D 2111 | rR:mu sigma m M 0.06 0.16 0.00 0.58 | F:mu sigma m M 180.2 178.6 28.0 686.0 | H 1.095 | V 0.018 | pL -0.005 | vL 0.001 | delta 0.014
U 37 | F 075776 | FPS 0034 | D 2171 | rR:mu sigma m M 0.06 0.16 0.00 0.58 | F:mu sigma m M 201.9 165.5 37.0 686.0 | H 1.098 | V 0.003 | pL -0.000 | vL 0.000 | delta 0.007
U 38 | F 077824 | FPS 0039 | D 2225 | rR:mu sigma m M 0.05 0.18 0.00 0.74 | F:mu sigma m M 197.2 212.1 24.0 894.0 | H 1.098 | V 0.003 | pL -0.001 | vL 0.000 | delta 0.021
U 39 | F 079872 | FPS 0033 | D 2286 | rR:mu sigma m M 0.00 0.00 0.00 0.00 | F:mu sigma m M 225.8 225.7 24.0 894.0 | H 1.098 | V 0.005 | pL 0.001 | vL 0.000 | delta 0.006
U 40 | F 081920 | FPS 0036 | D 2344 | rR:mu sigma m M 0.00 0.00 0.00 0.00 | F:mu sigma m M 166.6 142.7 20.0 543.0 | H 1.098 | V 0.007 | pL 0.002 | vL 0.000 | delta 0.002
U 41 | F 083968 | FPS 0036 | D 2401 | rR:mu sigma m M 0.00 0.00 0.00 0.00 | F:mu sigma m M 194.3 149.4 38.0 475.0 | H 1.098 | V 0.007 | pL 0.002 | vL 0.000 | delta 0.002
U 42 | F 086016 | FPS 0034 | D 2461 | rR:mu sigma m M 0.00 0.00 0.00 0.00 | F:mu sigma m M 207.6 120.8 78.0 475.0 | H 1.098 | V 0.004 | pL 0.001 | vL 0.000 | delta 0.001
U 43 | F 088064 | FPS 0032 | D 2525 | rR:mu sigma m M 0.00 0.00 0.00 0.00 | F:mu sigma m M 193.5 138.3 44.0 664.0 | H 1.098 | V 0.003 | pL 0.001 | vL 0.000 | delta 0.001
U 44 | F 090112 | FPS 0039 | D 2578 | rR:mu sigma m M 0.00 0.00 0.00 0.00 | F:mu sigma m M 147.5 150.5 18.0 664.0 | H 1.098 | V 0.003 | pL 0.000 | vL 0.000 | delta 0.001
U 45 | F 092160 | FPS 0035 | D 2636 | rR:mu sigma m M 0.00 0.00 0.00 0.00 | F:mu sigma m M 181.8 174.1 18.0 528.0 | H 1.096 | V 0.009 | pL -0.001 | vL 0.000 | delta 0.008
U 46 | F 094208 | FPS 0032 | D 2699 | rR:mu sigma m M 0.05 0.18 0.00 0.76 | F:mu sigma m M 176.5 152.8 19.0 494.0 | H 1.097 | V -0.000 | pL -0.001 | vL 0.000 | delta 0.007
U 47 | F 096256 | FPS 0035 | D 2758 | rR:mu sigma m M 0.00 0.00 0.00 0.00 | F:mu sigma m M 216.9 195.6 27.0 693.0 | H 1.097 | V 0.001 | pL 0.001 | vL 0.000 | delta 0.003
U 48 | F 098304 | FPS 0040 | D 2809 | rR:mu sigma m M 0.00 0.00 0.00 0.00 | F:mu sigma m M 165.7 129.6 35.0 476.0 | H 1.098 | V -0.001 | pL 0.000 | vL 0.000 | delta 0.002
U 49 | F 100352 | FPS 0033 | D 2871 | rR:mu sigma m M 0.00 0.00 0.00 0.00 | F:mu sigma m M 177.5 120.1 31.0 473.0 | H 1.098 | V 0.000 | pL -0.001 | vL 0.000 | delta 0.001
U 50 | F 102400 | FPS 0032 | D 2935 | rR:mu sigma m M 0.09 0.25 0.00 0.90 | F:mu sigma m M 117.9 91.8 26.0 406.0 | H 1.093 | V 0.010 | pL -0.010 | vL 0.001 | delta 0.024
U 51 | F 104448 | FPS 0035 | D 2993 | rR:mu sigma m M 0.00 0.00 0.00 0.00 | F:mu sigma m M 104.7 51.3 17.0 168.0 | H 1.098 | V 0.010 | pL -0.002 | vL 0.000 | delta 0.005
U 52 | F 106496 | FPS 0034 | D 3054 | rR:mu sigma m M 0.00 0.00 0.00 0.00 | F:mu sigma m M 161.6 93.3 26.0 384.0 | H 1.098 | V 0.007 | pL 0.004 | vL 0.000 | delta 0.003
U 53 | F 108544 | FPS 0035 | D 3112 | rR:mu sigma m M 0.00 0.00 0.00 0.00 | F:mu sigma m M 139.1 107.6 7.0 376.0 | H 1.098 | V 0.005 | pL 0.001 | vL 0.000 | delta 0.001
U 54 | F 110592 | FPS 0030 | D 3181 | rR:mu sigma m M 0.00 0.00 0.00 0.00 | F:mu sigma m M 133.2 101.5 7.0 357.0 | H 1.098 | V 0.004 | pL 0.001 | vL 0.000 | delta 0.001
U 55 | F 112640 | FPS 0033 | D 3243 | rR:mu sigma m M 0.00 0.00 0.00 0.00 | F:mu sigma m M 210.1 157.0 37.0 670.0 | H 1.098 | V 0.005 | pL 0.000 | vL 0.000 | delta 0.001
U 56 | F 114688 | FPS 0035 | D 3303 | rR:mu sigma m M 0.00 0.00 0.00 0.00 | F:mu sigma m M 182.6 221.4 25.0 900.0 | H 1.098 | V 0.005 | pL 0.001 | vL 0.000 | delta 0.002
U 57 | F 116736 | FPS 0033 | D 3365 | rR:mu sigma m M 0.00 0.00 0.00 0.00 | F:mu sigma m M 134.1 84.0 25.0 364.0 | H 1.098 | V 0.008 | pL 0.002 | vL 0.000 | delta 0.002
U 58 | F 118784 | FPS 0032 | D 3428 | rR:mu sigma m M 0.04 0.15 0.00 0.61 | F:mu sigma m M 134.6 98.0 26.0 389.0 | H 1.097 | V 0.004 | pL -0.000 | vL 0.000 | delta 0.003
U 59 | F 120832 | FPS 0035 | D 3486 | rR:mu sigma m M 0.00 0.00 0.00 0.00 | F:mu sigma m M 191.1 156.2 26.0 682.0 | H 1.098 | V 0.002 | pL 0.000 | vL 0.000 | delta 0.001
U 60 | F 122880 | FPS 0032 | D 3550 | rR:mu sigma m M 0.00 0.00 0.00 0.00 | F:mu sigma m M 284.1 246.3 24.0 900.0 | H 1.098 | V 0.002 | pL 0.001 | vL 0.000 | delta 0.001
U 61 | F 124928 | FPS 0041 | D 3600 | rR:mu sigma m M 0.00 0.00 0.00 0.00 | F:mu sigma m M 139.7 85.7 15.0 304.0 | H 1.099 | V 0.002 | pL 0.001 | vL 0.000 | delta 0.001
U 62 | F 126976 | FPS 0035 | D 3659 | rR:mu sigma m M 0.05 0.21 0.00 0.86 | F:mu sigma m M 125.1 78.5 15.0 292.0 | H 1.094 | V 0.009 | pL -0.007 | vL 0.001 | delta 0.016
U 63 | F 129024 | FPS 0037 | D 3714 | rR:mu sigma m M 0.09 0.24 0.00 0.86 | F:mu sigma m M 182.2 125.6 21.0 513.0 | H 1.091 | V 0.019 | pL -0.003 | vL 0.000 | delta 0.012
U 64 | F 131072 | FPS 0039 | D 3767 | rR:mu sigma m M 0.00 0.00 0.00 0.00 | F:mu sigma m M 193.2 192.8 16.0 802.0 | H 1.097 | V 0.007 | pL -0.002 | vL 0.001 | delta 0.017
U 65 | F 133120 | FPS 0036 | D 3824 | rR:mu sigma m M 0.00 0.00 0.00 0.00 | F:mu sigma m M 101.9 83.1 13.0 288.0 | H 1.098 | V 0.010 | pL 0.003 | vL 0.000 | delta 0.003
U 66 | F 135168 | FPS 0039 | D 3877 | rR:mu sigma m M 0.00 0.00 0.00 0.00 | F:mu sigma m M 147.9 86.7 13.0 302.0 | H 1.099 | V 0.008 | pL 0.002 | vL 0.000 | delta 0.001
U 67 | F 137216 | FPS 0029 | D 3948 | rR:mu sigma m M 0.00 0.00 0.00 0.00 | F:mu sigma m M 157.8 93.1 13.0 348.0 | H 1.099 | V 0.007 | pL 0.001 | vL 0.000 | delta 0.001
U 68 | F 139264 | FPS 0035 | D 4006 | rR:mu sigma m M 0.04 0.15 0.00 0.62 | F:mu sigma m M 153.1 102.0 34.0 380.0 | H 1.097 | V 0.012 | pL -0.003 | vL 0.000 | delta 0.007
U 69 | F 141312 | FPS 0037 | D 4061 | rR:mu sigma m M 0.04 0.15 0.00 0.62 | F:mu sigma m M 116.2 95.2 21.0 380.0 | H 1.098 | V 0.006 | pL 0.002 | vL 0.000 | delta 0.001
U 70 | F 143360 | FPS 0032 | D 4125 | rR:mu sigma m M 0.00 0.00 0.00 0.00 | F:mu sigma m M 136.5 97.6 11.0 363.0 | H 1.098 | V 0.004 | pL 0.001 | vL 0.000 | delta 0.002
U 71 | F 145408 | FPS 0031 | D 4191 | rR:mu sigma m M 0.04 0.14 0.00 0.58 | F:mu sigma m M 151.5 139.7 16.0 527.0 | H 1.097 | V 0.009 | pL -0.003 | vL 0.000 | delta 0.006
U 72 | F 147456 | FPS 0027 | D 4266 | rR:mu sigma m M 0.04 0.14 0.00 0.58 | F:mu sigma m M 220.9 171.3 24.0 624.0 | H 1.099 | V 0.002 | pL 0.001 | vL 0.000 | delta 0.001
U 73 | F 149504 | FPS 0031 | D 4332 | rR:mu sigma m M 0.00 0.00 0.00 0.00 | F:mu sigma m M 190.6 136.5 68.0 624.0 | H 1.098 | V 0.002 | pL 0.000 | vL 0.000 | delta 0.000
U 74 | F 151552 | FPS 0040 | D 4383 | rR:mu sigma m M 0.00 0.00 0.00 0.00 | F:mu sigma m M 184.2 176.2 27.0 629.0 | H 1.098 | V 0.002 | pL 0.001 | vL 0.000 | delta 0.001
U 75 | F 153600 | FPS 0038 | D 4438 | rR:mu sigma m M 0.00 0.00 0.00 0.00 | F:mu sigma m M 211.3 188.5 18.0 629.0 | H 1.098 | V 0.006 | pL -0.000 | vL 0.000 | delta 0.002
U 76 | F 155648 | FPS 0038 | D 4492 | rR:mu sigma m M 0.00 0.00 0.00 0.00 | F:mu sigma m M 199.4 178.3 18.0 631.0 | H 1.098 | V 0.004 | pL 0.002 | vL 0.000 | delta 0.002
U 77 | F 157696 | FPS 0035 | D 4550 | rR:mu sigma m M 0.00 0.00 0.00 0.00 | F:mu sigma m M 169.0 127.6 37.0 438.0 | H 1.099 | V 0.000 | pL 0.000 | vL 0.000 | delta 0.001
U 78 | F 159744 | FPS 0030 | D 4619 | rR:mu sigma m M 0.00 0.00 0.00 0.00 | F:mu sigma m M 109.2 84.5 37.0 363.0 | H 1.099 | V 0.000 | pL 0.000 | vL 0.000 | delta 0.000
U 79 | F 161792 | FPS 0035 | D 4678 | rR:mu sigma m M 0.05 0.20 0.00 0.82 | F:mu sigma m M 207.8 157.9 42.0 543.0 | H 1.096 | V 0.006 | pL -0.006 | vL 0.001 | delta 0.012
U 80 | F 163840 | FPS 0038 | D 4732 | rR:mu sigma m M 0.00 0.00 0.00 0.00 | F:mu sigma m M 126.8 109.5 24.0 408.0 | H 1.098 | V 0.008 | pL 0.003 | vL 0.000 | delta 0.006
U 81 | F 165888 | FPS 0034 | D 4793 | rR:mu sigma m M 0.00 0.00 0.00 0.00 | F:mu sigma m M 152.9 113.9 32.0 408.0 | H 1.098 | V 0.006 | pL 0.001 | vL 0.000 | delta 0.002
U 82 | F 167936 | FPS 0032 | D 4856 | rR:mu sigma m M 0.00 0.00 0.00 0.00 | F:mu sigma m M 137.4 90.0 25.0 296.0 | H 1.098 | V 0.005 | pL 0.001 | vL 0.000 | delta 0.000
U 83 | F 169984 | FPS 0033 | D 4918 | rR:mu sigma m M 0.00 0.00 0.00 0.00 | F:mu sigma m M 157.6 105.1 36.0 409.0 | H 1.098 | V 0.006 | pL 0.001 | vL 0.000 | delta 0.002
U 84 | F 172032 | FPS 0035 | D 4976 | rR:mu sigma m M 0.00 0.00 0.00 0.00 | F:mu sigma m M 140.2 108.2 27.0 409.0 | H 1.099 | V 0.002 | pL 0.001 | vL 0.000 | delta 0.001
U 85 | F 174080 | FPS 0037 | D 5031 | rR:mu sigma m M 0.00 0.00 0.00 0.00 | F:mu sigma m M 228.9 208.6 24.0 835.0 | H 1.099 | V 0.001 | pL 0.000 | vL 0.000 | delta 0.000
U 86 | F 176128 | FPS 0035 | D 5089 | rR:mu sigma m M 0.00 0.00 0.00 0.00 | F:mu sigma m M 168.5 159.4 49.0 729.0 | H 1.098 | V 0.003 | pL -0.000 | vL 0.000 | delta 0.001
U 87 | F 178176 | FPS 0037 | D 5144 | rR:mu sigma m M 0.00 0.00 0.00 0.00 | F:mu sigma m M 117.9 60.5 33.0 252.0 | H 1.099 | V 0.001 | pL 0.001 | vL 0.000 | delta 0.001
U 88 | F 180224 | FPS 0031 | D 5211 | rR:mu sigma m M 0.00 0.00 0.00 0.00 | F:mu sigma m M 126.1 81.9 32.0 301.0 | H 1.099 | V 0.002 | pL 0.000 | vL 0.000 | delta 0.000
U 89 | F 182272 | FPS 0036 | D 5268 | rR:mu sigma m M 0.05 0.18 0.00 0.73 | F:mu sigma m M 201.2 154.6 32.0 637.0 | H 1.098 | V 0.006 | pL -0.006 | vL 0.001 | delta 0.018
U 90 | F 184320 | FPS 0034 | D 5328 | rR:mu sigma m M 0.05 0.18 0.00 0.73 | F:mu sigma m M 194.8 143.8 45.0 637.0 | H 1.098 | V 0.015 | pL 0.005 | vL 0.000 | delta 0.005
U 91 | F 186368 | FPS 0035 | D 5387 | rR:mu sigma m M 0.00 0.00 0.00 0.00 | F:mu sigma m M 185.2 177.9 22.0 637.0 | H 1.098 | V 0.011 | pL 0.003 | vL 0.000 | delta 0.001
U 92 | F 188416 | FPS 0032 | D 5451 | rR:mu sigma m M 0.00 0.00 0.00 0.00 | F:mu sigma m M 136.6 124.5 22.0 535.0 | H 1.098 | V 0.011 | pL 0.002 | vL 0.000 | delta 0.001
U 93 | F 190464 | FPS 0033 | D 5513 | rR:mu sigma m M 0.00 0.00 0.00 0.00 | F:mu sigma m M 204.3 145.5 37.0 618.0 | H 1.093 | V 0.019 | pL 0.001 | vL 0.001 | delta 0.009
U 94 | F 192512 | FPS 0038 | D 5567 | rR:mu sigma m M 0.00 0.00 0.00 0.00 | F:mu sigma m M 248.1 180.8 15.0 647.0 | H 1.098 | V 0.011 | pL 0.004 | vL 0.000 | delta 0.004
U 95 | F 194560 | FPS 0035 | D 5626 | rR:mu sigma m M 0.00 0.00 0.00 0.00 | F:mu sigma m M 198.9 159.0 15.0 647.0 | H 1.096 | V 0.016 | pL 0.003 | vL 0.000 | delta 0.004
U 96 | F 196608 | FPS 0031 | D 5692 | rR:mu sigma m M 0.05 0.19 0.00 0.77 | F:mu sigma m M 173.6 111.8 18.0 395.0 | H 1.095 | V 0.017 | pL -0.003 | vL 0.001 | delta 0.018
U 97 | F 198656 | FPS 0030 | D 5760 | rR:mu sigma m M 0.00 0.00 0.00 0.00 | F:mu sigma m M 271.6 265.3 18.0 876.0 | H 1.098 | V 0.015 | pL 0.004 | vL 0.000 | delta 0.004
U 98 | F 200704 | FPS 0031 | D 5825 | rR:mu sigma m M 0.00 0.00 0.00 0.00 | F:mu sigma m M 212.2 193.9 42.0 876.0 | H 1.098 | V 0.013 | pL 0.003 | vL 0.000 | delta 0.003
U 99 | F 202752 | FPS 0035 | D 5884 | rR:mu sigma m M 0.00 0.00 0.00 0.00 | F:mu sigma m M 152.2 124.2 21.0 516.0 | H 1.098 | V 0.010 | pL 0.003 | vL 0.000 | delta 0.005
U 100 | F 204800 | FPS 0031 | D 5949 | rR:mu sigma m M 0.04 0.14 0.00 0.57 | F:mu sigma m M 149.7 93.2 30.0 429.0 | H 1.098 | V 0.012 | pL 0.000 | vL 0.000 | delta 0.007
U 101 | F 206848 | FPS 0033 | D 6012 | rR:mu sigma m M 0.00 0.00 0.00 0.00 | F:mu sigma m M 125.6 54.9 48.0 241.0 | H 1.099 | V 0.005 | pL 0.001 | vL 0.000 | delta 0.002
U 102 | F 208896 | FPS 0030 | D 6080 | rR:mu sigma m M 0.05 0.20 0.00 0.82 | F:mu sigma m M 146.9 101.5 31.0 463.0 | H 1.096 | V 0.017 | pL -0.005 | vL 0.001 | delta 0.026
U 103 | F 210944 | FPS 0031 | D 6146 | rR:mu sigma m M 0.05 0.20 0.00 0.82 | F:mu sigma m M 180.5 115.0 25.0 381.0 | H 1.097 | V 0.007 | pL 0.003 | vL 0.000 | delta 0.003
U 104 | F 212992 | FPS 0034 | D 6206 | rR:mu sigma m M 0.00 0.00 0.00 0.00 | F:mu sigma m M 216.4 174.7 25.0 705.0 | H 1.098 | V 0.002 | pL 0.000 | vL 0.000 | delta 0.004
U 105 | F 215040 | FPS 0035 | D 6264 | rR:mu sigma m M 0.00 0.00 0.00 0.00 | F:mu sigma m M 203.5 184.0 35.0 705.0 | H 1.098 | V 0.002 | pL 0.000 | vL 0.000 | delta 0.001
U 106 | F 217088 | FPS 0032 | D 6327 | rR:mu sigma m M 0.00 0.00 0.00 0.00 | F:mu sigma m M 206.6 198.5 41.0 894.0 | H 1.098 | V 0.003 | pL 0.001 | vL 0.000 | delta 0.002
U 107 | F 219136 | FPS 0035 | D 6386 | rR:mu sigma m M 0.00 0.00 0.00 0.00 | F:mu sigma m M 244.4 284.7 15.0 900.0 | H 1.098 | V 0.003 | pL 0.001 | vL 0.000 | delta 0.002
U 108 | F 221184 | FPS 0035 | D 6443 | rR:mu sigma m M 0.00 0.00 0.00 0.00 | F:mu sigma m M 193.2 214.9 15.0 900.0 | H 1.098 | V 0.002 | pL 0.000 | vL 0.000 | delta 0.003
U 109 | F 223232 | FPS 0038 | D 6497 | rR:mu sigma m M 0.00 0.00 0.00 0.00 | F:mu sigma m M 166.9 121.4 31.0 456.0 | H 1.098 | V 0.001 | pL 0.000 | vL 0.000 | delta 0.000
U 110 | F 225280 | FPS 0036 | D 6554 | rR:mu sigma m M 0.00 0.00 0.00 0.00 | F:mu sigma m M 178.8 128.6 60.0 493.0 | H 1.099 | V 0.000 | pL 0.000 | vL 0.000 | delta 0.000
U 111 | F 227328 | FPS 0035 | D 6612 | rR:mu sigma m M 0.00 0.00 0.00 0.00 | F:mu sigma m M 154.7 81.4 18.0 345.0 | H 1.098 | V 0.001 | pL 0.000 | vL 0.000 | delta 0.000
U 112 | F 229376 | FPS 0034 | D 6673 | rR:mu sigma m M 0.00 0.00 0.00 0.00 | F:mu sigma m M 180.4 161.5 21.0 638.0 | H 1.099 | V 0.000 | pL 0.000 | vL 0.000 | delta 0.000
U 113 | F 231424 | FPS 0035 | D 6733 | rR:mu sigma m M 0.00 0.00 0.00 0.00 | F:mu sigma m M 145.9 72.5 21.0 283.0 | H 1.098 | V 0.001 | pL 0.000 | vL 0.000 | delta 0.000
U 114 | F 233472 | FPS 0035 | D 6791 | rR:mu sigma m M 0.00 0.00 0.00 0.00 | F:mu sigma m M 208.1 143.0 23.0 602.0 | H 1.099 | V 0.001 | pL 0.000 | vL 0.000 | delta 0.000
U 115 | F 235520 | FPS 0035 | D 6850 | rR:mu sigma m M 0.00 0.00 0.00 0.00 | F:mu sigma m M 175.2 140.8 40.0 602.0 | H 1.099 | V 0.000 | pL 0.000 | vL 0.000 | delta 0.000
U 116 | F 237568 | FPS 0035 | D 6908 | rR:mu sigma m M 0.00 0.00 0.00 0.00 | F:mu sigma m M 120.7 92.0 31.0 402.0 | H 1.098 | V 0.001 | pL -0.000 | vL 0.000 | delta 0.002
U 117 | F 239616 | FPS 0028 | D 6982 | rR:mu sigma m M 0.00 0.00 0.00 0.00 | F:mu sigma m M 187.4 155.2 28.0 561.0 | H 1.098 | V 0.006 | pL 0.002 | vL 0.000 | delta 0.007
U 118 | F 241664 | FPS 0036 | D 7039 | rR:mu sigma m M 0.00 0.00 0.00 0.00 | F:mu sigma m M 189.6 155.8 21.0 561.0 | H 1.098 | V -0.001 | pL -0.000 | vL 0.000 | delta 0.001
U 119 | F 243712 | FPS 0035 | D 7098 | rR:mu sigma m M 0.03 0.12 0.00 0.48 | F:mu sigma m M 205.1 183.3 21.0 599.0 | H 1.098 | V 0.006 | pL -0.003 | vL 0.000 | delta 0.006
U 120 | F 245760 | FPS 0035 | D 7157 | rR:mu sigma m M 0.00 0.00 0.00 0.00 | F:mu sigma m M 140.6 137.1 21.0 599.0 | H 1.099 | V -0.002 | pL -0.001 | vL 0.000 | delta 0.000
U 121 | F 247808 | FPS 0033 | D 7219 | rR:mu sigma m M 0.00 0.00 0.00 0.00 | F:mu sigma m M 176.9 89.7 46.0 327.0 | H 1.097 | V 0.003 | pL 0.001 | vL 0.000 | delta 0.003
U 122 | F 249856 | FPS 0036 | D 7276 | rR:mu sigma m M 0.00 0.00 0.00 0.00 | F:mu sigma m M 183.3 117.1 32.0 501.0 | H 1.099 | V -0.001 | pL -0.000 | vL 0.000 | delta 0.000
U 123 | F 251904 | FPS 0031 | D 7342 | rR:mu sigma m M 0.02 0.07 0.00 0.31 | F:mu sigma m M 184.6 178.1 13.0 693.0 | H 1.098 | V 0.006 | pL -0.002 | vL 0.000 | delta 0.003
U 124 | F 253952 | FPS 0031 | D 7408 | rR:mu sigma m M 0.00 0.00 0.00 0.00 | F:mu sigma m M 177.1 137.0 31.0 532.0 | H 1.098 | V 0.001 | pL 0.001 | vL 0.000 | delta 0.001
U 125 | F 256000 | FPS 0031 | D 7473 | rR:mu sigma m M 0.00 0.00 0.00 0.00 | F:mu sigma m M 179.7 125.1 21.0 538.0 | H 1.099 | V 0.000 | pL 0.000 | vL 0.000 | delta 0.000
U 126 | F 258048 | FPS 0030 | D 7542 | rR:mu sigma m M 0.05 0.20 0.00 0.82 | F:mu sigma m M 160.4 118.3 21.0 538.0 | H 1.095 | V 0.008 | pL -0.007 | vL 0.001 | delta 0.017
U 127 | F 260096 | FPS 0034 | D 7603 | rR:mu sigma m M 0.09 0.25 0.00 0.82 | F:mu sigma m M 198.1 140.2 32.0 547.0 | H 1.096 | V 0.028 | pL -0.000 | vL 0.001 | delta 0.025
U 128 | F 262144 | FPS 0035 | D 7662 | rR:mu sigma m M 0.00 0.00 0.00 0.00 | F:mu sigma m M 139.7 107.1 32.0 420.0 | H 1.096 | V 0.015 | pL 0.004 | vL 0.000 | delta 0.006
U 129 | F 264192 | FPS 0036 | D 7719 | rR:mu sigma m M 0.00 0.00 0.00 0.00 | F:mu sigma m M 152.1 115.2 10.0 420.0 | H 1.098 | V 0.006 | pL 0.001 | vL 0.000 | delta 0.003
U 130 | F 266240 | FPS 0032 | D 7784 | rR:mu sigma m M 0.05 0.19 0.00 0.78 | F:mu sigma m M 148.3 95.7 10.0 358.0 | H 1.095 | V 0.017 | pL -0.004 | vL 0.001 | delta 0.017
U 131 | F 268288 | FPS 0032 | D 7847 | rR:mu sigma m M 0.00 0.00 0.00 0.00 | F:mu sigma m M 155.5 143.3 28.0 588.0 | H 1.098 | V 0.002 | pL 0.000 | vL 0.000 | delta 0.005
U 132 | F 270336 | FPS 0033 | D 7909 | rR:mu sigma m M 0.00 0.00 0.00 0.00 | F:mu sigma m M 154.8 146.1 18.0 486.0 | H 1.098 | V -0.001 | pL -0.001 | vL 0.000 | delta 0.001
U 133 | F 272384 | FPS 0038 | D 7963 | rR:mu sigma m M 0.00 0.00 0.00 0.00 | F:mu sigma m M 131.3 108.6 18.0 371.0 | H 1.098 | V -0.000 | pL -0.000 | vL 0.000 | delta 0.001
U 134 | F 274432 | FPS 0041 | D 8012 | rR:mu sigma m M 0.00 0.00 0.00 0.00 | F:mu sigma m M 201.1 183.5 32.0 761.0 | H 1.099 | V 0.000 | pL -0.000 | vL 0.000 | delta 0.001
U 135 | F 276480 | FPS 0036 | D 8069 | rR:mu sigma m M 0.00 0.00 0.00 0.00 | F:mu sigma m M 167.9 178.1 32.0 761.0 | H 1.099 | V 0.001 | pL 0.000 | vL 0.000 | delta 0.000
U 136 | F 278528 | FPS 0037 | D 8125 | rR:mu sigma m M 0.00 0.00 0.00 0.00 | F:mu sigma m M 233.2 186.7 21.0 724.0 | H 1.099 | V 0.001 | pL 0.000 | vL 0.000 | delta 0.000
U 137 | F 280576 | FPS 0037 | D 8180 | rR:mu sigma m M 0.00 0.00 0.00 0.00 | F:mu sigma m M 183.5 145.8 46.0 522.0 | H 1.098 | V 0.001 | pL 0.000 | vL 0.000 | delta 0.001
U 138 | F 282624 | FPS 0045 | D 8225 | rR:mu sigma m M 0.00 0.00 0.00 0.00 | F:mu sigma m M 207.7 213.5 19.0 900.0 | H 1.099 | V 0.000 | pL 0.000 | vL 0.000 | delta 0.000
U 139 | F 284672 | FPS 0040 | D 8277 | rR:mu sigma m M 0.00 0.00 0.00 0.00 | F:mu sigma m M 103.5 68.1 31.0 243.0 | H 1.099 | V -0.000 | pL 0.000 | vL 0.000 | delta 0.000
U 140 | F 286720 | FPS 0039 | D 8329 | rR:mu sigma m M 0.00 0.00 0.00 0.00 | F:mu sigma m M 153.1 107.0 26.0 408.0 | H 1.099 | V 0.000 | pL 0.000 | vL 0.000 | delta 0.000
U 141 | F 288768 | FPS 0045 | D 8375 | rR:mu sigma m M 0.00 0.00 0.00 0.00 | F:mu sigma m M 167.9 120.7 11.0 483.0 | H 1.099 | V 0.001 | pL 0.000 | vL 0.000 | delta 0.000
U 142 | F 290816 | FPS 0047 | D 8418 | rR:mu sigma m M 0.00 0.00 0.00 0.00 | F:mu sigma m M 161.1 131.8 22.0 572.0 | H 1.099 | V 0.000 | pL 0.000 | vL 0.000 | delta 0.000
U 143 | F 292864 | FPS 0039 | D 8471 | rR:mu sigma m M 0.00 0.00 0.00 0.00 | F:mu sigma m M 139.1 113.3 22.0 444.0 | H 1.099 | V 0.000 | pL 0.000 | vL 0.000 | delta 0.000
U 144 | F 294912 | FPS 0036 | D 8527 | rR:mu sigma m M 0.00 0.00 0.00 0.00 | F:mu sigma m M 160.2 83.5 28.0 357.0 | H 1.099 | V 0.001 | pL 0.000 | vL 0.000 | delta 0.000
U 145 | F 296960 | FPS 0038 | D 8581 | rR:mu sigma m M 0.00 0.00 0.00 0.00 | F:mu sigma m M 158.6 115.5 13.0 450.0 | H 1.098 | V 0.003 | pL 0.000 | vL 0.000 | delta 0.001
U 146 | F 299008 | FPS 0040 | D 8632 | rR:mu sigma m M 0.00 0.00 0.00 0.00 | F:mu sigma m M 203.8 181.0 13.0 576.0 | H 1.099 | V 0.001 | pL 0.001 | vL 0.000 | delta 0.001
U 147 | F 301056 | FPS 0038 | D 8686 | rR:mu sigma m M 0.00 0.00 0.00 0.00 | F:mu sigma m M 168.6 131.3 43.0 493.0 | H 1.099 | V 0.001 | pL 0.000 | vL 0.000 | delta 0.000
U 148 | F 303104 | FPS 0038 | D 8740 | rR:mu sigma m M 0.00 0.00 0.00 0.00 | F:mu sigma m M 175.2 172.7 43.0 680.0 | H 1.099 | V 0.001 | pL 0.000 | vL 0.000 | delta 0.000
U 149 | F 305152 | FPS 0040 | D 8791 | rR:mu sigma m M 0.00 0.00 0.00 0.00 | F:mu sigma m M 204.1 158.1 49.0 680.0 | H 1.099 | V 0.002 | pL -0.000 | vL 0.000 | delta 0.001
U 150 | F 307200 | FPS 0041 | D 8842 | rR:mu sigma m M 0.00 0.00 0.00 0.00 | F:mu sigma m M 235.9 135.2 12.0 532.0 | H 1.099 | V 0.001 | pL 0.001 | vL 0.000 | delta 0.001
U 151 | F 309248 | FPS 0041 | D 8892 | rR:mu sigma m M 0.00 0.00 0.00 0.00 | F:mu sigma m M 214.2 139.2 70.0 532.0 | H 1.099 | V 0.000 | pL 0.000 | vL 0.000 | delta 0.001
U 152 | F 311296 | FPS 0043 | D 8940 | rR:mu sigma m M 0.00 0.00 0.00 0.00 | F:mu sigma m M 134.1 125.4 21.0 521.0 | H 1.099 | V -0.000 | pL -0.000 | vL 0.000 | delta 0.001
U 153 | F 313344 | FPS 0042 | D 8989 | rR:mu sigma m M 0.00 0.00 0.00 0.00 | F:mu sigma m M 163.4 198.1 19.0 770.0 | H 1.099 | V -0.000 | pL -0.000 | vL 0.000 | delta 0.001
U 154 | F 315392 | FPS 0042 | D 9037 | rR:mu sigma m M 0.00 0.00 0.00 0.00 | F:mu sigma m M 271.5 213.3 19.0 770.0 | H 1.099 | V 0.000 | pL -0.000 | vL 0.000 | delta 0.001
U 155 | F 317440 | FPS 0045 | D 9082 | rR:mu sigma m M 0.03 0.13 0.00 0.53 | F:mu sigma m M 281.1 175.4 35.0 610.0 | H 1.096 | V 0.006 | pL -0.004 | vL 0.001 | delta 0.009
U 156 | F 319488 | FPS 0040 | D 9133 | rR:mu sigma m M 0.03 0.13 0.00 0.53 | F:mu sigma m M 182.6 109.4 25.0 468.0 | H 1.098 | V -0.003 | pL -0.001 | vL 0.000 | delta 0.001
U 157 | F 321536 | FPS 0039 | D 9185 | rR:mu sigma m M 0.00 0.00 0.00 0.00 | F:mu sigma m M 175.8 100.3 25.0 347.0 | H 1.099 | V -0.002 | pL -0.001 | vL 0.000 | delta 0.001
U 158 | F 323584 | FPS 0043 | D 9233 | rR:mu sigma m M 0.00 0.00 0.00 0.00 | F:mu sigma m M 201.2 133.3 17.0 548.0 | H 1.099 | V -0.002 | pL -0.001 | vL 0.000 | delta 0.000
U 159 | F 325632 | FPS 0044 | D 9280 | rR:mu sigma m M 0.00 0.00 0.00 0.00 | F:mu sigma m M 159.9 134.1 15.0 548.0 | H 1.099 | V -0.001 | pL -0.000 | vL 0.000 | delta 0.001
U 160 | F 327680 | FPS 0039 | D 9333 | rR:mu sigma m M 0.00 0.00 0.00 0.00 | F:mu sigma m M 158.0 159.1 16.0 656.0 | H 1.099 | V -0.001 | pL -0.000 | vL 0.000 | delta 0.000
U 161 | F 329728 | FPS 0044 | D 9379 | rR:mu sigma m M 0.00 0.00 0.00 0.00 | F:mu sigma m M 115.1 84.2 17.0 293.0 | H 1.098 | V 0.004 | pL -0.001 | vL 0.000 | delta 0.002
U 162 | F 331776 | FPS 0041 | D 9429 | rR:mu sigma m M 0.02 0.10 0.00 0.40 | F:mu sigma m M 156.7 139.4 15.0 602.0 | H 1.098 | V 0.003 | pL -0.003 | vL 0.000 | delta 0.004
U 163 | F 333824 | FPS 0045 | D 9475 | rR:mu sigma m M 0.00 0.00 0.00 0.00 | F:mu sigma m M 119.4 71.4 15.0 292.0 | H 1.099 | V 0.000 | pL 0.000 | vL 0.000 | delta 0.002
U 164 | F 335872 | FPS 0042 | D 9524 | rR:mu sigma m M 0.00 0.00 0.00 0.00 | F:mu sigma m M 194.1 199.9 25.0 841.0 | H 1.096 | V 0.007 | pL -0.000 | vL 0.000 | delta 0.006
U 165 | F 337920 | FPS 0046 | D 9568 | rR:mu sigma m M 0.03 0.10 0.00 0.42 | F:mu sigma m M 189.6 207.5 38.0 821.0 | H 1.097 | V 0.006 | pL -0.002 | vL 0.000 | delta 0.005
U 166 | F 339968 | FPS 0048 | D 9611 | rR:mu sigma m M 0.00 0.00 0.00 0.00 | F:mu sigma m M 226.3 265.8 20.0 900.0 | H 1.098 | V 0.004 | pL 0.001 | vL 0.000 | delta 0.003
U 167 | F 342016 | FPS 0041 | D 9660 | rR:mu sigma m M 0.00 0.00 0.00 0.00 | F:mu sigma m M 171.7 123.4 20.0 461.0 | H 1.098 | V 0.004 | pL 0.001 | vL 0.000 | delta 0.002
U 168 | F 344064 | FPS 0048 | D 9703 | rR:mu sigma m M 0.00 0.00 0.00 0.00 | F:mu sigma m M 225.9 195.5 40.0 755.0 | H 1.098 | V 0.004 | pL 0.001 | vL 0.000 | delta 0.002
U 169 | F 346112 | FPS 0042 | D 9752 | rR:mu sigma m M 0.00 0.00 0.00 0.00 | F:mu sigma m M 197.2 138.2 62.0 579.0 | H 1.099 | V 0.003 | pL 0.001 | vL 0.000 | delta 0.000
U 170 | F 348160 | FPS 0039 | D 9804 | rR:mu sigma m M 0.00 0.00 0.00 0.00 | F:mu sigma m M 162.9 131.4 22.0 579.0 | H 1.099 | V 0.002 | pL 0.000 | vL 0.000 | delta 0.000
U 171 | F 350208 | FPS 0040 | D 9856 | rR:mu sigma m M 0.04 0.14 0.00 0.58 | F:mu sigma m M 224.8 225.5 12.0 900.0 | H 1.098 | V 0.008 | pL -0.004 | vL 0.000 | delta 0.006
U 172 | F 352256 | FPS 0051 | D 9896 | rR:mu sigma m M 0.04 0.14 0.00 0.58 | F:mu sigma m M 192.1 157.7 44.0 564.0 | H 1.098 | V 0.006 | pL 0.001 | vL 0.000 | delta 0.001
U 173 | F 354304 | FPS 0044 | D 9943 | rR:mu sigma m M 0.00 0.00 0.00 0.00 | F:mu sigma m M 217.2 146.7 46.0 599.0 | H 1.098 | V 0.006 | pL 0.002 | vL 0.000 | delta 0.001
U 174 | F 356352 | FPS 0042 | D 9992 | rR:mu sigma m M 0.00 0.00 0.00 0.00 | F:mu sigma m M 188.8 103.9 36.0 358.0 | H 1.098 | V 0.004 | pL 0.001 | vL 0.000 | delta 0.001
U 175 | F 358400 | FPS 0041 | D 10042 | rR:mu sigma m M 0.00 0.00 0.00 0.00 | F:mu sigma m M 128.6 94.7 20.0 336.0 | H 1.099 | V 0.003 | pL 0.001 | vL 0.000 | delta 0.001
U 176 | F 360448 | FPS 0042 | D 10091 | rR:mu sigma m M 0.00 0.00 0.00 0.00 | F:mu sigma m M 200.4 190.4 20.0 560.0 | H 1.099 | V 0.003 | pL 0.001 | vL 0.000 | delta 0.001
U 177 | F 362496 | FPS 0040 | D 10142 | rR:mu sigma m M 0.04 0.16 0.00 0.72 | F:mu sigma m M 153.5 175.3 18.0 613.0 | H 1.096 | V 0.006 | pL -0.005 | vL 0.001 | delta 0.015
U 178 | F 364544 | FPS 0034 | D 10202 | rR:mu sigma m M 0.00 0.00 0.00 0.00 | F:mu sigma m M 214.2 236.0 24.0 808.0 | H 1.097 | V 0.005 | pL 0.001 | vL 0.000 | delta 0.006
U 179 | F 366592 | FPS 0041 | D 10252 | rR:mu sigma m M 0.00 0.00 0.00 0.00 | F:mu sigma m M 193.9 177.2 29.0 808.0 | H 1.098 | V 0.006 | pL 0.001 | vL 0.000 | delta 0.001
U 180 | F 368640 | FPS 0037 | D 10307 | rR:mu sigma m M 0.00 0.00 0.00 0.00 | F:mu sigma m M 176.6 136.1 17.0 428.0 | H 1.098 | V 0.006 | pL 0.002 | vL 0.000 | delta 0.002
U 181 | F 370688 | FPS 0041 | D 10357 | rR:mu sigma m M 0.00 0.00 0.00 0.00 | F:mu sigma m M 138.2 110.6 7.0 428.0 | H 1.099 | V 0.003 | pL 0.001 | vL 0.000 | delta 0.001
U 182 | F 372736 | FPS 0040 | D 10408 | rR:mu sigma m M 0.00 0.00 0.00 0.00 | F:mu sigma m M 198.8 204.9 34.0 900.0 | H 1.099 | V 0.003 | pL 0.001 | vL 0.000 | delta 0.000
U 183 | F 374784 | FPS 0043 | D 10456 | rR:mu sigma m M 0.00 0.00 0.00 0.00 | F:mu sigma m M 123.5 86.6 20.0 299.0 | H 1.099 | V 0.002 | pL 0.001 | vL 0.000 | delta 0.000
U 184 | F 376832 | FPS 0041 | D 10505 | rR:mu sigma m M 0.00 0.00 0.00 0.00 | F:mu sigma m M 129.4 133.3 18.0 555.0 | H 1.098 | V 0.002 | pL 0.000 | vL 0.000 | delta 0.001
U 185 | F 378880 | FPS 0040 | D 10557 | rR:mu sigma m M 0.00 0.00 0.00 0.00 | F:mu sigma m M 185.4 148.3 18.0 555.0 | H 1.096 | V 0.006 | pL 0.001 | vL 0.000 | delta 0.003
U 186 | F 380928 | FPS 0044 | D 10603 | rR:mu sigma m M 0.03 0.12 0.00 0.49 | F:mu sigma m M 223.5 159.9 25.0 509.0 | H 1.097 | V 0.006 | pL -0.002 | vL 0.000 | delta 0.007
U 187 | F 382976 | FPS 0042 | D 10652 | rR:mu sigma m M 0.00 0.00 0.00 0.00 | F:mu sigma m M 115.6 86.8 21.0 360.0 | H 1.099 | V -0.000 | pL -0.000 | vL 0.000 | delta 0.001
U 188 | F 385024 | FPS 0044 | D 10698 | rR:mu sigma m M 0.00 0.00 0.00 0.00 | F:mu sigma m M 125.8 96.9 21.0 297.0 | H 1.099 | V -0.000 | pL -0.000 | vL 0.000 | delta 0.001
U 189 | F 387072 | FPS 0039 | D 10751 | rR:mu sigma m M 0.00 0.00 0.00 0.00 | F:mu sigma m M 155.0 107.4 28.0 401.0 | H 1.098 | V 0.001 | pL 0.000 | vL 0.000 | delta 0.002
U 190 | F 389120 | FPS 0041 | D 10801 | rR:mu sigma m M 0.04 0.15 0.00 0.63 | F:mu sigma m M 213.2 127.9 28.0 432.0 | H 1.097 | V 0.007 | pL -0.005 | vL 0.000 | delta 0.018
U 191 | F 391168 | FPS 0040 | D 10853 | rR:mu sigma m M 0.04 0.15 0.00 0.63 | F:mu sigma m M 246.9 125.6 75.0 435.0 | H 1.093 | V 0.011 | pL 0.002 | vL 0.001 | delta 0.017
U 192 | F 393216 | FPS 0044 | D 10900 | rR:mu sigma m M 0.15 0.31 0.00 0.85 | F:mu sigma m M 308.4 173.2 46.0 638.0 | H 1.090 | V 0.022 | pL -0.018 | vL 0.003 | delta 0.030
U 193 | F 395264 | FPS 0044 | D 10947 | rR:mu sigma m M 0.15 0.31 0.00 0.85 | F:mu sigma m M 201.0 143.2 46.0 532.0 | H 1.091 | V 0.031 | pL -0.002 | vL 0.001 | delta 0.016
U 194 | F 397312 | FPS 0045 | D 10992 | rR:mu sigma m M 0.11 0.29 0.00 0.90 | F:mu sigma m M 147.2 93.7 9.0 357.0 | H 1.086 | V 0.039 | pL -0.001 | vL 0.002 | delta 0.022
U 195 | F 399360 | FPS 0041 | D 11041 | rR:mu sigma m M 0.00 0.00 0.00 0.00 | F:mu sigma m M 139.0 76.5 21.0 321.0 | H 1.096 | V 0.028 | pL 0.005 | vL 0.000 | delta 0.010
U 196 | F 401408 | FPS 0045 | D 11086 | rR:mu sigma m M 0.09 0.24 0.00 0.78 | F:mu sigma m M 224.8 196.2 32.0 806.0 | H 1.077 | V 0.056 | pL -0.008 | vL 0.003 | delta 0.028
U 197 | F 403456 | FPS 0042 | D 11135 | rR:mu sigma m M 0.05 0.19 0.00 0.78 | F:mu sigma m M 144.9 108.8 29.0 379.0 | H 1.074 | V 0.034 | pL 0.007 | vL 0.001 | delta 0.014
U 198 | F 405504 | FPS 0046 | D 11180 | rR:mu sigma m M 0.16 0.31 0.00 0.80 | F:mu sigma m M 141.8 84.6 37.0 277.0 | H 1.059 | V 0.061 | pL -0.017 | vL 0.002 | delta 0.027
U 199 | F 407552 | FPS 0047 | D 11223 | rR:mu sigma m M 0.08 0.24 0.00 0.83 | F:mu sigma m M 114.9 61.6 35.0 239.0 | H 1.071 | V 0.060 | pL 0.007 | vL 0.001 | delta 0.015
U 200 | F 409600 | FPS 0052 | D 11263 | rR:mu sigma m M 0.05 0.18 0.00 0.74 | F:mu sigma m M 113.8 70.4 20.0 258.0 | H 1.073 | V 0.045 | pL 0.001 | vL 0.001 | delta 0.016
U 201 | F 411648 | FPS 0045 | D 11309 | rR:mu sigma m M 0.10 0.28 0.00 0.84 | F:mu sigma m M 132.7 91.2 14.0 286.0 | H 1.038 | V 0.077 | pL -0.006 | vL 0.004 | delta 0.031
U 202 | F 413696 | FPS 0049 | D 11351 | rR:mu sigma m M 0.10 0.26 0.00 0.79 | F:mu sigma m M 133.1 94.2 20.0 381.0 | H 1.017 | V 0.075 | pL -0.005 | vL 0.002 | delta 0.026
U 203 | F 415744 | FPS 0053 | D 11389 | rR:mu sigma m M 0.53 0.43 0.00 0.95 | F:mu sigma m M 125.0 64.6 20.0 249.0 | H 0.938 | V 0.155 | pL -0.051 | vL 0.010 | delta 0.054
U 204 | F 417792 | FPS 0056 | D 11426 | rR:mu sigma m M 0.52 0.44 0.00 0.94 | F:mu sigma m M 98.3 44.5 11.0 184.0 | H 0.869 | V 0.235 | pL -0.053 | vL 0.011 | delta 0.064
U 205 | F 419840 | FPS 0069 | D 11455 | rR:mu sigma m M 0.68 0.37 0.00 0.94 | F:mu sigma m M 104.2 53.1 15.0 221.0 | H 0.745 | V 0.330 | pL -0.054 | vL 0.008 | delta 0.066
U 206 | F 421888 | FPS 0070 | D 11485 | rR:mu sigma m M 0.86 0.20 0.00 0.94 | F:mu sigma m M 95.2 37.1 56.0 176.0 | H 0.765 | V 0.364 | pL -0.075 | vL 0.007 | delta 0.074
U 207 | F 423936 | FPS 0070 | D 11514 | rR:mu sigma m M 0.85 0.25 0.00 0.97 | F:mu sigma m M 78.0 28.3 33.0 142.0 | H 0.740 | V 0.450 | pL -0.081 | vL 0.009 | delta 0.054
U 208 | F 425984 | FPS 0080 | D 11540 | rR:mu sigma m M 0.73 0.36 0.00 0.96 | F:mu sigma m M 85.1 72.6 27.0 378.0 | H 0.632 | V 0.528 | pL -0.019 | vL 0.007 | delta 0.065
U 209 | F 428032 | FPS 0081 | D 11565 | rR:mu sigma m M 0.78 0.33 0.00 0.97 | F:mu sigma m M 75.2 31.6 10.0 145.0 | H 0.683 | V 0.529 | pL -0.030 | vL 0.008 | delta 0.070
U 210 | F 430080 | FPS 0091 | D 11587 | rR:mu sigma m M 0.92 0.16 0.00 0.97 | F:mu sigma m M 59.1 50.6 27.0 338.0 | H 0.565 | V 0.665 | pL -0.051 | vL 0.007 | delta 0.066
U 211 | F 432128 | FPS 0100 | D 11608 | rR:mu sigma m M 0.95 0.03 0.77 0.98 | F:mu sigma m M 50.8 32.3 25.0 228.0 | H 0.443 | V 0.727 | pL -0.026 | vL 0.006 | delta 0.075
agent reach optimality, start collecting trajectories
agent successfully collected 10 trajectories
pickling optimal trajectories
Model successfully saved
/home/rdali/.local/easybuild/software/2017/Core/miniconda3/4.3.27/envs/observe/lib/python3.6/site-packages/torch/nn/functional.py:1906: UserWarning: reduction: 'mean' divides the total loss by both the batch size and the support size.'batchmean' divides only by the batch size, and aligns with the KL div math definition.'mean' will be changed to behave the same as 'batchmean' in the next major release.
  warnings.warn("reduction: 'mean' divides the total loss by both the batch size and the support size."
