The following modules were not unloaded:
  (Use "module --force purge" to unload all):

  1) StdEnv/2018.3     4) gcccore/.7.3.0      7) intel/2018.3
  2) nixpkgs/16.09     5) icc/.2018.3.222     8) openmpi/3.1.2
  3) imkl/2018.3.222   6) ifort/.2018.3.222

Due to MODULEPATH changes, the following have been reloaded:
  1) openmpi/3.1.2

Attention: While Conda works well in a desktop environment, it tends to create more problems than it solves on a cluster. Instead, we recommend that users use virtual environments and the binary packages that we provide through Python wheels as documented on the Python page.
/home/rdali/RL/watch_and_learn/dependency/rl-starter-files/scripts/train_agent_multidem.py --env MiniGrid-LavaCrossingAddictO12S15-v0 --algo ppo --nameDemonstrator LavaCrossing1215Addict1,LavaCrossing1215Addict2,LavaCrossing1215Addict4,LavaCrossing1215Addict5,LavaCrossing1215Addict7,LavaCrossing1215Addict8,LavaCrossing1215Addict9,LavaCrossing1215Addict10 --flat-model 0 --KLweight 0.001 --useKL 1 --meanReward 0.80 --rewardLB 0.70 --seed 6865

Namespace(KLweight=0.001, algo='ppo', batch_size=256, clip_eps=0.2, discount=0.99, entropy_coef=0.01, env='MiniGrid-LavaCrossingAddictO12S15-v0', epochs=4, flat_model=0, frames=10000000, frames_per_proc=None, full_obs=0, gae_lambda=0.95, log_interval=1, lr=0.0007, max_grad_norm=0.5, meanReward=0.8, mem=False, model=None, nameDemonstrator='LavaCrossing1215Addict1,LavaCrossing1215Addict2,LavaCrossing1215Addict4,LavaCrossing1215Addict5,LavaCrossing1215Addict7,LavaCrossing1215Addict8,LavaCrossing1215Addict9,LavaCrossing1215Addict10', optim_alpha=0.99, optim_eps=1e-05, procs=16, recurrence=1, rewardLB=0.7, save_interval=0, seed=6865, tb=False, text=False, useKL=1, value_loss_coef=0.5)

Flat model successfully created

ACModel(
  (image_conv): Sequential(
    (0): Conv2d(3, 32, kernel_size=(2, 2), stride=(1, 1))
    (1): ReLU()
    (2): MaxPool2d(kernel_size=(2, 2), stride=(2, 2), padding=0, dilation=1, ceil_mode=False)
    (3): Conv2d(32, 64, kernel_size=(2, 2), stride=(1, 1))
    (4): ReLU()
    (5): Conv2d(64, 64, kernel_size=(2, 2), stride=(1, 1))
    (6): ReLU()
  )
  (actor): Sequential(
    (0): Linear(in_features=1600, out_features=64, bias=True)
    (1): Tanh()
    (2): Linear(in_features=64, out_features=3, bias=True)
  )
  (critic): Sequential(
    (0): Linear(in_features=1600, out_features=64, bias=True)
    (1): Tanh()
    (2): Linear(in_features=64, out_features=1, bias=True)
  )
)

CUDA available: False

1
True
0.001
Using TensorFlow backend.
OMP: Info #212: KMP_AFFINITY: decoding x2APIC ids.
OMP: Info #210: KMP_AFFINITY: Affinity capable, using global cpuid leaf 11 info
OMP: Info #154: KMP_AFFINITY: Initial OS proc set respected: 1,3,5,7,9
OMP: Info #156: KMP_AFFINITY: 5 available OS procs
OMP: Info #157: KMP_AFFINITY: Uniform topology
OMP: Info #179: KMP_AFFINITY: 1 packages x 5 cores/pkg x 1 threads/core (5 total cores)
OMP: Info #214: KMP_AFFINITY: OS proc to physical thread map:
OMP: Info #171: KMP_AFFINITY: OS proc 1 maps to package 1 core 0 
OMP: Info #171: KMP_AFFINITY: OS proc 5 maps to package 1 core 1 
OMP: Info #171: KMP_AFFINITY: OS proc 9 maps to package 1 core 2 
OMP: Info #171: KMP_AFFINITY: OS proc 7 maps to package 1 core 3 
OMP: Info #171: KMP_AFFINITY: OS proc 3 maps to package 1 core 4 
OMP: Info #250: KMP_AFFINITY: pid 60361 tid 60361 thread 0 bound to OS proc set 1
OMP: Info #250: KMP_AFFINITY: pid 60361 tid 60573 thread 1 bound to OS proc set 5
OMP: Info #250: KMP_AFFINITY: pid 60361 tid 60575 thread 2 bound to OS proc set 9
OMP: Info #250: KMP_AFFINITY: pid 60361 tid 60576 thread 3 bound to OS proc set 7
OMP: Info #250: KMP_AFFINITY: pid 60361 tid 60577 thread 4 bound to OS proc set 3
OMP: Info #250: KMP_AFFINITY: pid 60361 tid 60788 thread 5 bound to OS proc set 1
OMP: Info #250: KMP_AFFINITY: pid 60361 tid 60787 thread 6 bound to OS proc set 5
OMP: Info #250: KMP_AFFINITY: pid 60361 tid 60811 thread 7 bound to OS proc set 9
OMP: Info #250: KMP_AFFINITY: pid 60361 tid 60812 thread 8 bound to OS proc set 7
OMP: Info #250: KMP_AFFINITY: pid 60361 tid 60813 thread 9 bound to OS proc set 3
OMP: Info #250: KMP_AFFINITY: pid 60361 tid 60814 thread 10 bound to OS proc set 1
OMP: Info #250: KMP_AFFINITY: pid 60361 tid 60833 thread 11 bound to OS proc set 5
OMP: Info #250: KMP_AFFINITY: pid 60361 tid 60834 thread 12 bound to OS proc set 9
OMP: Info #250: KMP_AFFINITY: pid 60361 tid 60835 thread 13 bound to OS proc set 7
OMP: Info #250: KMP_AFFINITY: pid 60361 tid 60836 thread 14 bound to OS proc set 3
OMP: Info #250: KMP_AFFINITY: pid 60361 tid 60837 thread 15 bound to OS proc set 1
U 1 | F 002048 | FPS 0022 | D 92 | rR:mu sigma m M 0.00 0.00 0.00 0.00 | F:mu sigma m M 41.0 48.9 0.0 126.0 | H 1.098 | V 0.028 | pL 0.008 | vL 0.000 | delta 0.049
U 2 | F 004096 | FPS 0026 | D 171 | rR:mu sigma m M 0.00 0.00 0.00 0.00 | F:mu sigma m M 103.8 44.9 37.0 175.0 | H 1.097 | V 0.041 | pL 0.010 | vL 0.000 | delta 0.006
U 3 | F 006144 | FPS 0024 | D 256 | rR:mu sigma m M 0.00 0.00 0.00 0.00 | F:mu sigma m M 161.0 96.4 41.0 312.0 | H 1.099 | V 0.029 | pL 0.008 | vL 0.000 | delta 0.005
U 4 | F 008192 | FPS 0030 | D 323 | rR:mu sigma m M 0.00 0.00 0.00 0.00 | F:mu sigma m M 162.7 103.7 25.0 347.0 | H 1.098 | V 0.022 | pL 0.006 | vL 0.000 | delta 0.003
U 5 | F 010240 | FPS 0027 | D 400 | rR:mu sigma m M 0.00 0.00 0.00 0.00 | F:mu sigma m M 176.9 149.8 21.0 551.0 | H 1.098 | V 0.018 | pL 0.006 | vL 0.000 | delta 0.003
U 6 | F 012288 | FPS 0023 | D 487 | rR:mu sigma m M 0.00 0.00 0.00 0.00 | F:mu sigma m M 214.4 186.7 21.0 693.0 | H 1.098 | V 0.015 | pL 0.004 | vL 0.000 | delta 0.003
U 7 | F 014336 | FPS 0022 | D 578 | rR:mu sigma m M 0.00 0.00 0.00 0.00 | F:mu sigma m M 227.1 180.0 48.0 693.0 | H 1.098 | V 0.011 | pL 0.003 | vL 0.000 | delta 0.002
U 8 | F 016384 | FPS 0025 | D 661 | rR:mu sigma m M 0.00 0.00 0.00 0.00 | F:mu sigma m M 199.8 125.9 48.0 407.0 | H 1.099 | V 0.008 | pL 0.002 | vL 0.000 | delta 0.001
U 9 | F 018432 | FPS 0026 | D 739 | rR:mu sigma m M 0.00 0.00 0.00 0.00 | F:mu sigma m M 205.0 165.7 35.0 523.0 | H 1.098 | V 0.006 | pL 0.002 | vL 0.000 | delta 0.001
U 10 | F 020480 | FPS 0027 | D 816 | rR:mu sigma m M 0.00 0.00 0.00 0.00 | F:mu sigma m M 192.4 238.0 32.0 900.0 | H 1.099 | V 0.004 | pL 0.001 | vL 0.000 | delta 0.001
U 11 | F 022528 | FPS 0030 | D 884 | rR:mu sigma m M 0.00 0.00 0.00 0.00 | F:mu sigma m M 145.2 108.6 27.0 443.0 | H 1.099 | V 0.003 | pL 0.001 | vL 0.000 | delta 0.001
U 12 | F 024576 | FPS 0026 | D 962 | rR:mu sigma m M 0.08 0.23 0.00 0.81 | F:mu sigma m M 159.9 154.3 24.0 565.0 | H 1.091 | V 0.007 | pL -0.004 | vL 0.001 | delta 0.020
U 13 | F 026624 | FPS 0032 | D 1025 | rR:mu sigma m M 0.00 0.00 0.00 0.00 | F:mu sigma m M 175.7 223.3 24.0 900.0 | H 1.098 | V 0.004 | pL 0.002 | vL 0.000 | delta 0.003
U 14 | F 028672 | FPS 0027 | D 1101 | rR:mu sigma m M 0.00 0.00 0.00 0.00 | F:mu sigma m M 171.9 163.1 24.0 712.0 | H 1.099 | V 0.003 | pL 0.000 | vL 0.000 | delta 0.001
U 15 | F 030720 | FPS 0029 | D 1172 | rR:mu sigma m M 0.00 0.00 0.00 0.00 | F:mu sigma m M 212.6 185.9 27.0 712.0 | H 1.099 | V 0.006 | pL 0.001 | vL 0.000 | delta 0.002
U 16 | F 032768 | FPS 0032 | D 1236 | rR:mu sigma m M 0.05 0.19 0.00 0.79 | F:mu sigma m M 191.7 127.0 27.0 476.0 | H 1.092 | V 0.004 | pL -0.003 | vL 0.001 | delta 0.025
U 17 | F 034816 | FPS 0029 | D 1306 | rR:mu sigma m M 0.00 0.00 0.00 0.00 | F:mu sigma m M 173.6 96.3 16.0 384.0 | H 1.098 | V 0.006 | pL 0.000 | vL 0.000 | delta 0.002
U 18 | F 036864 | FPS 0026 | D 1384 | rR:mu sigma m M 0.00 0.00 0.00 0.00 | F:mu sigma m M 179.0 142.3 25.0 574.0 | H 1.098 | V 0.002 | pL 0.000 | vL 0.000 | delta 0.002
U 19 | F 038912 | FPS 0032 | D 1448 | rR:mu sigma m M 0.00 0.00 0.00 0.00 | F:mu sigma m M 138.4 133.7 17.0 477.0 | H 1.099 | V 0.003 | pL 0.001 | vL 0.000 | delta 0.001
U 20 | F 040960 | FPS 0027 | D 1524 | rR:mu sigma m M 0.00 0.00 0.00 0.00 | F:mu sigma m M 140.2 120.2 27.0 387.0 | H 1.099 | V 0.002 | pL 0.001 | vL 0.000 | delta 0.001
U 21 | F 043008 | FPS 0028 | D 1598 | rR:mu sigma m M 0.00 0.00 0.00 0.00 | F:mu sigma m M 206.1 175.0 26.0 688.0 | H 1.099 | V 0.002 | pL 0.000 | vL 0.000 | delta 0.001
U 22 | F 045056 | FPS 0025 | D 1679 | rR:mu sigma m M 0.00 0.00 0.00 0.00 | F:mu sigma m M 203.1 127.1 54.0 498.0 | H 1.098 | V 0.001 | pL 0.000 | vL 0.000 | delta 0.001
U 23 | F 047104 | FPS 0029 | D 1750 | rR:mu sigma m M 0.00 0.00 0.00 0.00 | F:mu sigma m M 181.0 147.8 51.0 676.0 | H 1.099 | V 0.001 | pL 0.000 | vL 0.000 | delta 0.001
U 24 | F 049152 | FPS 0027 | D 1825 | rR:mu sigma m M 0.00 0.00 0.00 0.00 | F:mu sigma m M 160.0 116.9 27.0 368.0 | H 1.099 | V 0.001 | pL 0.000 | vL 0.000 | delta 0.000
U 25 | F 051200 | FPS 0025 | D 1908 | rR:mu sigma m M 0.00 0.00 0.00 0.00 | F:mu sigma m M 118.4 78.8 15.0 271.0 | H 1.099 | V 0.000 | pL 0.000 | vL 0.000 | delta 0.000
U 26 | F 053248 | FPS 0028 | D 1982 | rR:mu sigma m M 0.00 0.00 0.00 0.00 | F:mu sigma m M 135.9 99.6 15.0 388.0 | H 1.099 | V 0.000 | pL 0.000 | vL 0.000 | delta 0.001
U 27 | F 055296 | FPS 0026 | D 2062 | rR:mu sigma m M 0.00 0.00 0.00 0.00 | F:mu sigma m M 158.7 103.5 28.0 339.0 | H 1.099 | V 0.000 | pL 0.000 | vL 0.000 | delta 0.000
U 28 | F 057344 | FPS 0031 | D 2128 | rR:mu sigma m M 0.00 0.00 0.00 0.00 | F:mu sigma m M 121.2 91.8 37.0 414.0 | H 1.099 | V 0.000 | pL 0.000 | vL 0.000 | delta 0.000
U 29 | F 059392 | FPS 0023 | D 2215 | rR:mu sigma m M 0.00 0.00 0.00 0.00 | F:mu sigma m M 135.9 97.8 37.0 378.0 | H 1.099 | V 0.000 | pL 0.000 | vL 0.000 | delta 0.000
U 30 | F 061440 | FPS 0024 | D 2301 | rR:mu sigma m M 0.00 0.00 0.00 0.00 | F:mu sigma m M 161.2 98.6 41.0 378.0 | H 1.099 | V 0.001 | pL -0.000 | vL 0.000 | delta 0.001
U 31 | F 063488 | FPS 0026 | D 2379 | rR:mu sigma m M 0.00 0.00 0.00 0.00 | F:mu sigma m M 200.9 144.0 64.0 556.0 | H 1.099 | V 0.003 | pL 0.001 | vL 0.000 | delta 0.001
U 32 | F 065536 | FPS 0027 | D 2454 | rR:mu sigma m M 0.02 0.09 0.00 0.37 | F:mu sigma m M 232.5 201.3 48.0 677.0 | H 1.096 | V 0.004 | pL -0.003 | vL 0.000 | delta 0.008
U 33 | F 067584 | FPS 0029 | D 2525 | rR:mu sigma m M 0.00 0.00 0.00 0.00 | F:mu sigma m M 156.6 174.9 27.0 822.0 | H 1.099 | V -0.002 | pL -0.001 | vL 0.000 | delta 0.005
U 34 | F 069632 | FPS 0027 | D 2601 | rR:mu sigma m M 0.00 0.00 0.00 0.00 | F:mu sigma m M 142.1 154.6 52.0 721.0 | H 1.099 | V 0.000 | pL -0.000 | vL 0.000 | delta 0.001
U 35 | F 071680 | FPS 0028 | D 2675 | rR:mu sigma m M 0.00 0.00 0.00 0.00 | F:mu sigma m M 137.8 81.6 14.0 287.0 | H 1.099 | V 0.001 | pL 0.000 | vL 0.000 | delta 0.002
U 36 | F 073728 | FPS 0029 | D 2746 | rR:mu sigma m M 0.00 0.00 0.00 0.00 | F:mu sigma m M 102.1 64.0 20.0 247.0 | H 1.099 | V -0.000 | pL -0.000 | vL 0.000 | delta 0.001
U 37 | F 075776 | FPS 0025 | D 2827 | rR:mu sigma m M 0.04 0.15 0.00 0.63 | F:mu sigma m M 148.8 103.5 23.0 373.0 | H 1.097 | V 0.005 | pL -0.005 | vL 0.001 | delta 0.015
U 38 | F 077824 | FPS 0026 | D 2906 | rR:mu sigma m M 0.04 0.15 0.00 0.63 | F:mu sigma m M 159.2 97.3 23.0 373.0 | H 1.098 | V -0.001 | pL -0.001 | vL 0.000 | delta 0.002
U 39 | F 079872 | FPS 0026 | D 2986 | rR:mu sigma m M 0.00 0.00 0.00 0.00 | F:mu sigma m M 145.6 79.0 36.0 323.0 | H 1.099 | V -0.002 | pL -0.001 | vL 0.000 | delta 0.001
U 40 | F 081920 | FPS 0030 | D 3054 | rR:mu sigma m M 0.00 0.00 0.00 0.00 | F:mu sigma m M 162.2 107.1 32.0 428.0 | H 1.098 | V 0.000 | pL -0.000 | vL 0.000 | delta 0.002
U 41 | F 083968 | FPS 0025 | D 3136 | rR:mu sigma m M 0.00 0.00 0.00 0.00 | F:mu sigma m M 231.1 153.7 35.0 618.0 | H 1.099 | V 0.000 | pL 0.000 | vL 0.000 | delta 0.001
U 42 | F 086016 | FPS 0026 | D 3214 | rR:mu sigma m M 0.00 0.00 0.00 0.00 | F:mu sigma m M 220.4 160.9 19.0 618.0 | H 1.099 | V -0.000 | pL -0.000 | vL 0.000 | delta 0.001
U 43 | F 088064 | FPS 0026 | D 3292 | rR:mu sigma m M 0.00 0.00 0.00 0.00 | F:mu sigma m M 149.8 91.6 27.0 398.0 | H 1.099 | V -0.000 | pL -0.000 | vL 0.000 | delta 0.000
U 44 | F 090112 | FPS 0026 | D 3371 | rR:mu sigma m M 0.00 0.00 0.00 0.00 | F:mu sigma m M 247.9 198.7 44.0 829.0 | H 1.099 | V -0.000 | pL -0.000 | vL 0.000 | delta 0.000
U 45 | F 092160 | FPS 0025 | D 3454 | rR:mu sigma m M 0.00 0.00 0.00 0.00 | F:mu sigma m M 202.4 144.5 45.0 484.0 | H 1.099 | V -0.000 | pL -0.000 | vL 0.000 | delta 0.000
U 46 | F 094208 | FPS 0027 | D 3529 | rR:mu sigma m M 0.00 0.00 0.00 0.00 | F:mu sigma m M 155.1 117.5 22.0 479.0 | H 1.098 | V 0.001 | pL 0.000 | vL 0.000 | delta 0.001
U 47 | F 096256 | FPS 0026 | D 3609 | rR:mu sigma m M 0.00 0.00 0.00 0.00 | F:mu sigma m M 183.8 167.3 29.0 607.0 | H 1.099 | V -0.000 | pL -0.000 | vL 0.000 | delta 0.001
U 48 | F 098304 | FPS 0028 | D 3682 | rR:mu sigma m M 0.00 0.00 0.00 0.00 | F:mu sigma m M 195.4 159.5 51.0 607.0 | H 1.099 | V -0.000 | pL -0.000 | vL 0.000 | delta 0.000
U 49 | F 100352 | FPS 0027 | D 3758 | rR:mu sigma m M 0.00 0.00 0.00 0.00 | F:mu sigma m M 188.2 126.8 19.0 495.0 | H 1.099 | V -0.000 | pL -0.000 | vL 0.000 | delta 0.001
U 50 | F 102400 | FPS 0026 | D 3836 | rR:mu sigma m M 0.00 0.00 0.00 0.00 | F:mu sigma m M 133.4 86.3 19.0 294.0 | H 1.098 | V 0.001 | pL 0.000 | vL 0.000 | delta 0.002
U 51 | F 104448 | FPS 0027 | D 3913 | rR:mu sigma m M 0.00 0.00 0.00 0.00 | F:mu sigma m M 193.6 217.9 15.0 900.0 | H 1.099 | V 0.000 | pL 0.000 | vL 0.000 | delta 0.001
U 52 | F 106496 | FPS 0024 | D 3998 | rR:mu sigma m M 0.00 0.00 0.00 0.00 | F:mu sigma m M 149.1 211.5 15.0 900.0 | H 1.099 | V -0.000 | pL -0.000 | vL 0.000 | delta 0.001
U 53 | F 108544 | FPS 0032 | D 4063 | rR:mu sigma m M 0.00 0.00 0.00 0.00 | F:mu sigma m M 244.5 212.4 34.0 900.0 | H 1.099 | V -0.000 | pL -0.000 | vL 0.000 | delta 0.001
U 54 | F 110592 | FPS 0029 | D 4134 | rR:mu sigma m M 0.05 0.21 0.00 0.86 | F:mu sigma m M 216.6 218.4 47.0 900.0 | H 1.094 | V 0.004 | pL -0.007 | vL 0.001 | delta 0.018
U 55 | F 112640 | FPS 0026 | D 4214 | rR:mu sigma m M 0.05 0.21 0.00 0.86 | F:mu sigma m M 179.8 142.8 33.0 568.0 | H 1.098 | V 0.005 | pL 0.001 | vL 0.000 | delta 0.003
U 56 | F 114688 | FPS 0027 | D 4290 | rR:mu sigma m M 0.00 0.00 0.00 0.00 | F:mu sigma m M 187.2 120.5 16.0 366.0 | H 1.099 | V 0.005 | pL 0.002 | vL 0.000 | delta 0.001
U 57 | F 116736 | FPS 0028 | D 4362 | rR:mu sigma m M 0.00 0.00 0.00 0.00 | F:mu sigma m M 178.1 190.9 30.0 789.0 | H 1.098 | V 0.004 | pL 0.001 | vL 0.000 | delta 0.001
U 58 | F 118784 | FPS 0027 | D 4437 | rR:mu sigma m M 0.00 0.00 0.00 0.00 | F:mu sigma m M 107.9 74.2 15.0 281.0 | H 1.099 | V 0.005 | pL -0.000 | vL 0.000 | delta 0.001
U 59 | F 120832 | FPS 0028 | D 4511 | rR:mu sigma m M 0.04 0.16 0.00 0.67 | F:mu sigma m M 107.2 97.3 11.0 331.0 | H 1.098 | V 0.004 | pL -0.002 | vL 0.001 | delta 0.033
U 60 | F 122880 | FPS 0030 | D 4578 | rR:mu sigma m M 0.05 0.21 0.00 0.86 | F:mu sigma m M 167.9 125.6 17.0 451.0 | H 1.097 | V 0.021 | pL -0.002 | vL 0.002 | delta 0.025
U 61 | F 124928 | FPS 0023 | D 4669 | rR:mu sigma m M 0.05 0.21 0.00 0.86 | F:mu sigma m M 144.7 89.4 17.0 345.0 | H 1.099 | V 0.004 | pL 0.001 | vL 0.000 | delta 0.002
U 62 | F 126976 | FPS 0027 | D 4745 | rR:mu sigma m M 0.00 0.00 0.00 0.00 | F:mu sigma m M 138.1 90.1 20.0 364.0 | H 1.098 | V 0.007 | pL 0.002 | vL 0.000 | delta 0.002
U 63 | F 129024 | FPS 0026 | D 4823 | rR:mu sigma m M 0.00 0.00 0.00 0.00 | F:mu sigma m M 179.3 190.4 20.0 724.0 | H 1.098 | V 0.004 | pL 0.001 | vL 0.000 | delta 0.001
U 64 | F 131072 | FPS 0027 | D 4898 | rR:mu sigma m M 0.00 0.00 0.00 0.00 | F:mu sigma m M 134.1 112.1 12.0 508.0 | H 1.099 | V 0.003 | pL 0.001 | vL 0.000 | delta 0.000
U 65 | F 133120 | FPS 0030 | D 4968 | rR:mu sigma m M 0.05 0.18 0.00 0.74 | F:mu sigma m M 153.3 143.8 12.0 638.0 | H 1.092 | V 0.013 | pL -0.006 | vL 0.001 | delta 0.016
U 66 | F 135168 | FPS 0030 | D 5035 | rR:mu sigma m M 0.04 0.16 0.00 0.65 | F:mu sigma m M 184.3 129.3 27.0 463.0 | H 1.098 | V -0.004 | pL -0.002 | vL 0.000 | delta 0.005
U 67 | F 137216 | FPS 0026 | D 5115 | rR:mu sigma m M 0.04 0.14 0.00 0.60 | F:mu sigma m M 160.3 118.1 31.0 463.0 | H 1.097 | V 0.002 | pL -0.006 | vL 0.000 | delta 0.008
U 68 | F 139264 | FPS 0028 | D 5188 | rR:mu sigma m M 0.04 0.14 0.00 0.60 | F:mu sigma m M 171.5 110.1 33.0 402.0 | H 1.097 | V 0.001 | pL -0.000 | vL 0.000 | delta 0.003
U 69 | F 141312 | FPS 0025 | D 5271 | rR:mu sigma m M 0.00 0.00 0.00 0.00 | F:mu sigma m M 142.0 141.9 16.0 552.0 | H 1.098 | V 0.001 | pL -0.000 | vL 0.000 | delta 0.003
U 70 | F 143360 | FPS 0029 | D 5341 | rR:mu sigma m M 0.04 0.14 0.00 0.57 | F:mu sigma m M 115.8 113.7 16.0 426.0 | H 1.098 | V 0.008 | pL -0.004 | vL 0.000 | delta 0.010
U 71 | F 145408 | FPS 0028 | D 5415 | rR:mu sigma m M 0.04 0.14 0.00 0.57 | F:mu sigma m M 164.0 110.8 27.0 426.0 | H 1.095 | V 0.012 | pL 0.002 | vL 0.000 | delta 0.008
U 72 | F 147456 | FPS 0029 | D 5486 | rR:mu sigma m M 0.05 0.15 0.00 0.55 | F:mu sigma m M 227.4 178.5 21.0 684.0 | H 1.098 | V 0.007 | pL -0.006 | vL 0.000 | delta 0.006
U 73 | F 149504 | FPS 0027 | D 5562 | rR:mu sigma m M 0.03 0.13 0.00 0.55 | F:mu sigma m M 245.7 194.8 49.0 837.0 | H 1.098 | V -0.000 | pL -0.000 | vL 0.000 | delta 0.003
U 74 | F 151552 | FPS 0029 | D 5631 | rR:mu sigma m M 0.00 0.00 0.00 0.00 | F:mu sigma m M 152.6 83.8 49.0 319.0 | H 1.098 | V 0.006 | pL -0.000 | vL 0.000 | delta 0.006
U 75 | F 153600 | FPS 0032 | D 5696 | rR:mu sigma m M 0.00 0.00 0.00 0.00 | F:mu sigma m M 136.5 83.2 40.0 319.0 | H 1.098 | V 0.000 | pL 0.000 | vL 0.000 | delta 0.003
U 76 | F 155648 | FPS 0028 | D 5769 | rR:mu sigma m M 0.04 0.17 0.00 0.69 | F:mu sigma m M 235.2 162.3 53.0 602.0 | H 1.094 | V 0.004 | pL -0.006 | vL 0.001 | delta 0.031
U 77 | F 157696 | FPS 0027 | D 5844 | rR:mu sigma m M 0.04 0.17 0.00 0.69 | F:mu sigma m M 204.6 151.5 23.0 602.0 | H 1.097 | V 0.018 | pL 0.006 | vL 0.000 | delta 0.008
U 78 | F 159744 | FPS 0028 | D 5917 | rR:mu sigma m M 0.00 0.00 0.00 0.00 | F:mu sigma m M 149.5 85.7 30.0 299.0 | H 1.098 | V 0.007 | pL 0.002 | vL 0.000 | delta 0.003
U 79 | F 161792 | FPS 0025 | D 6000 | rR:mu sigma m M 0.00 0.00 0.00 0.00 | F:mu sigma m M 150.5 89.8 22.0 299.0 | H 1.098 | V 0.005 | pL 0.001 | vL 0.000 | delta 0.001
U 80 | F 163840 | FPS 0025 | D 6080 | rR:mu sigma m M 0.05 0.18 0.00 0.73 | F:mu sigma m M 186.8 79.1 16.0 331.0 | H 1.093 | V 0.011 | pL -0.004 | vL 0.001 | delta 0.012
U 81 | F 165888 | FPS 0030 | D 6149 | rR:mu sigma m M 0.00 0.00 0.00 0.00 | F:mu sigma m M 166.9 132.3 16.0 426.0 | H 1.098 | V 0.006 | pL 0.002 | vL 0.000 | delta 0.005
U 82 | F 167936 | FPS 0028 | D 6221 | rR:mu sigma m M 0.00 0.00 0.00 0.00 | F:mu sigma m M 155.4 122.8 13.0 511.0 | H 1.098 | V 0.004 | pL 0.001 | vL 0.000 | delta 0.002
U 83 | F 169984 | FPS 0026 | D 6301 | rR:mu sigma m M 0.00 0.00 0.00 0.00 | F:mu sigma m M 142.2 77.6 13.0 271.0 | H 1.098 | V 0.004 | pL 0.001 | vL 0.000 | delta 0.002
U 84 | F 172032 | FPS 0028 | D 6374 | rR:mu sigma m M 0.00 0.00 0.00 0.00 | F:mu sigma m M 136.5 85.1 28.0 303.0 | H 1.098 | V 0.003 | pL 0.001 | vL 0.000 | delta 0.001
U 85 | F 174080 | FPS 0027 | D 6450 | rR:mu sigma m M 0.00 0.00 0.00 0.00 | F:mu sigma m M 159.1 116.3 45.0 431.0 | H 1.097 | V 0.008 | pL -0.002 | vL 0.000 | delta 0.009
U 86 | F 176128 | FPS 0029 | D 6521 | rR:mu sigma m M 0.05 0.18 0.00 0.75 | F:mu sigma m M 201.4 119.2 26.0 431.0 | H 1.084 | V 0.024 | pL -0.010 | vL 0.002 | delta 0.026
U 87 | F 178176 | FPS 0033 | D 6583 | rR:mu sigma m M 0.14 0.28 0.00 0.83 | F:mu sigma m M 154.5 143.4 25.0 644.0 | H 1.081 | V 0.037 | pL -0.006 | vL 0.002 | delta 0.025
U 88 | F 180224 | FPS 0032 | D 6647 | rR:mu sigma m M 0.05 0.20 0.00 0.82 | F:mu sigma m M 98.3 73.6 15.0 289.0 | H 1.088 | V 0.017 | pL -0.005 | vL 0.002 | delta 0.022
U 89 | F 182272 | FPS 0031 | D 6713 | rR:mu sigma m M 0.00 0.00 0.00 0.00 | F:mu sigma m M 142.6 130.8 25.0 501.0 | H 1.094 | V 0.001 | pL 0.001 | vL 0.000 | delta 0.011
U 90 | F 184320 | FPS 0027 | D 6789 | rR:mu sigma m M 0.00 0.00 0.00 0.00 | F:mu sigma m M 131.4 93.3 19.0 385.0 | H 1.096 | V -0.001 | pL -0.003 | vL 0.000 | delta 0.005
U 91 | F 186368 | FPS 0033 | D 6851 | rR:mu sigma m M 0.00 0.00 0.00 0.00 | F:mu sigma m M 194.4 157.9 31.0 676.0 | H 1.097 | V 0.001 | pL -0.000 | vL 0.000 | delta 0.003
U 92 | F 188416 | FPS 0026 | D 6929 | rR:mu sigma m M 0.04 0.17 0.00 0.69 | F:mu sigma m M 173.8 163.1 32.0 676.0 | H 1.091 | V 0.004 | pL -0.007 | vL 0.001 | delta 0.011
U 93 | F 190464 | FPS 0027 | D 7006 | rR:mu sigma m M 0.04 0.17 0.00 0.69 | F:mu sigma m M 148.4 68.9 34.0 307.0 | H 1.095 | V 0.014 | pL -0.002 | vL 0.001 | delta 0.014
U 94 | F 192512 | FPS 0027 | D 7081 | rR:mu sigma m M 0.05 0.21 0.00 0.88 | F:mu sigma m M 141.6 96.0 24.0 370.0 | H 1.090 | V 0.017 | pL -0.001 | vL 0.001 | delta 0.016
U 95 | F 194560 | FPS 0026 | D 7159 | rR:mu sigma m M 0.00 0.00 0.00 0.00 | F:mu sigma m M 187.4 133.1 46.0 441.0 | H 1.097 | V 0.004 | pL 0.001 | vL 0.000 | delta 0.004
U 96 | F 196608 | FPS 0029 | D 7230 | rR:mu sigma m M 0.00 0.00 0.00 0.00 | F:mu sigma m M 193.2 131.6 28.0 441.0 | H 1.098 | V 0.004 | pL 0.000 | vL 0.000 | delta 0.001
U 97 | F 198656 | FPS 0030 | D 7299 | rR:mu sigma m M 0.00 0.00 0.00 0.00 | F:mu sigma m M 140.9 88.5 37.0 354.0 | H 1.093 | V 0.008 | pL 0.001 | vL 0.001 | delta 0.016
U 98 | F 200704 | FPS 0027 | D 7374 | rR:mu sigma m M 0.00 0.00 0.00 0.00 | F:mu sigma m M 185.0 129.4 60.0 503.0 | H 1.096 | V 0.008 | pL 0.000 | vL 0.000 | delta 0.004
U 99 | F 202752 | FPS 0029 | D 7444 | rR:mu sigma m M 0.00 0.00 0.00 0.00 | F:mu sigma m M 126.2 79.3 21.0 242.0 | H 1.093 | V 0.006 | pL 0.001 | vL 0.000 | delta 0.004
U 100 | F 204800 | FPS 0028 | D 7516 | rR:mu sigma m M 0.00 0.00 0.00 0.00 | F:mu sigma m M 196.7 199.1 29.0 709.0 | H 1.097 | V 0.007 | pL 0.001 | vL 0.000 | delta 0.002
U 101 | F 206848 | FPS 0027 | D 7592 | rR:mu sigma m M 0.04 0.17 0.00 0.69 | F:mu sigma m M 222.3 198.5 29.0 682.0 | H 1.093 | V 0.009 | pL -0.001 | vL 0.000 | delta 0.009
U 102 | F 208896 | FPS 0027 | D 7667 | rR:mu sigma m M 0.04 0.15 0.00 0.61 | F:mu sigma m M 153.5 94.8 31.0 390.0 | H 1.091 | V 0.007 | pL -0.005 | vL 0.001 | delta 0.013
U 103 | F 210944 | FPS 0029 | D 7739 | rR:mu sigma m M 0.00 0.00 0.00 0.00 | F:mu sigma m M 135.7 126.1 18.0 542.0 | H 1.095 | V 0.005 | pL 0.002 | vL 0.000 | delta 0.005
U 104 | F 212992 | FPS 0027 | D 7815 | rR:mu sigma m M 0.00 0.00 0.00 0.00 | F:mu sigma m M 178.6 121.2 18.0 542.0 | H 1.098 | V 0.005 | pL 0.001 | vL 0.000 | delta 0.001
U 105 | F 215040 | FPS 0027 | D 7891 | rR:mu sigma m M 0.00 0.00 0.00 0.00 | F:mu sigma m M 193.4 164.3 30.0 680.0 | H 1.097 | V 0.004 | pL 0.001 | vL 0.000 | delta 0.001
U 106 | F 217088 | FPS 0029 | D 7961 | rR:mu sigma m M 0.00 0.00 0.00 0.00 | F:mu sigma m M 116.2 93.4 28.0 350.0 | H 1.095 | V 0.004 | pL 0.001 | vL 0.000 | delta 0.004
U 107 | F 219136 | FPS 0026 | D 8038 | rR:mu sigma m M 0.05 0.18 0.00 0.76 | F:mu sigma m M 208.6 151.2 19.0 544.0 | H 1.091 | V 0.009 | pL -0.004 | vL 0.001 | delta 0.016
U 108 | F 221184 | FPS 0025 | D 8119 | rR:mu sigma m M 0.05 0.21 0.00 0.87 | F:mu sigma m M 238.0 174.8 11.0 544.0 | H 1.089 | V 0.005 | pL -0.007 | vL 0.001 | delta 0.030
U 109 | F 223232 | FPS 0026 | D 8197 | rR:mu sigma m M 0.04 0.16 0.00 0.64 | F:mu sigma m M 114.3 85.2 16.0 359.0 | H 1.091 | V 0.015 | pL -0.008 | vL 0.002 | delta 0.022
U 110 | F 225280 | FPS 0027 | D 8272 | rR:mu sigma m M 0.10 0.26 0.00 0.81 | F:mu sigma m M 190.1 147.3 35.0 471.0 | H 1.088 | V 0.014 | pL -0.008 | vL 0.001 | delta 0.012
U 111 | F 227328 | FPS 0026 | D 8351 | rR:mu sigma m M 0.05 0.19 0.00 0.79 | F:mu sigma m M 178.9 182.4 35.0 723.0 | H 1.092 | V 0.016 | pL -0.003 | vL 0.001 | delta 0.010
U 112 | F 229376 | FPS 0029 | D 8422 | rR:mu sigma m M 0.05 0.18 0.00 0.74 | F:mu sigma m M 171.5 80.9 32.0 345.0 | H 1.084 | V 0.035 | pL 0.003 | vL 0.002 | delta 0.019
U 113 | F 231424 | FPS 0032 | D 8487 | rR:mu sigma m M 0.00 0.00 0.00 0.00 | F:mu sigma m M 147.6 101.9 25.0 436.0 | H 1.096 | V 0.007 | pL -0.001 | vL 0.000 | delta 0.008
U 114 | F 233472 | FPS 0028 | D 8560 | rR:mu sigma m M 0.04 0.17 0.00 0.69 | F:mu sigma m M 126.4 91.5 22.0 337.0 | H 1.091 | V 0.024 | pL -0.001 | vL 0.002 | delta 0.017
U 115 | F 235520 | FPS 0027 | D 8636 | rR:mu sigma m M 0.00 0.00 0.00 0.00 | F:mu sigma m M 137.4 116.2 11.0 394.0 | H 1.096 | V 0.013 | pL 0.002 | vL 0.000 | delta 0.005
U 116 | F 237568 | FPS 0028 | D 8708 | rR:mu sigma m M 0.00 0.00 0.00 0.00 | F:mu sigma m M 134.4 103.9 11.0 377.0 | H 1.094 | V 0.009 | pL 0.001 | vL 0.000 | delta 0.003
U 117 | F 239616 | FPS 0033 | D 8770 | rR:mu sigma m M 0.00 0.00 0.00 0.00 | F:mu sigma m M 179.9 95.0 55.0 407.0 | H 1.093 | V 0.012 | pL 0.002 | vL 0.000 | delta 0.005
U 118 | F 241664 | FPS 0026 | D 8849 | rR:mu sigma m M 0.00 0.00 0.00 0.00 | F:mu sigma m M 219.0 121.6 33.0 468.0 | H 1.097 | V 0.008 | pL 0.004 | vL 0.000 | delta 0.004
U 119 | F 243712 | FPS 0027 | D 8924 | rR:mu sigma m M 0.05 0.20 0.00 0.85 | F:mu sigma m M 182.5 115.3 33.0 468.0 | H 1.093 | V 0.012 | pL -0.006 | vL 0.001 | delta 0.013
U 120 | F 245760 | FPS 0026 | D 9001 | rR:mu sigma m M 0.00 0.00 0.00 0.00 | F:mu sigma m M 154.2 94.2 20.0 338.0 | H 1.096 | V 0.012 | pL 0.003 | vL 0.000 | delta 0.003
U 121 | F 247808 | FPS 0026 | D 9080 | rR:mu sigma m M 0.00 0.00 0.00 0.00 | F:mu sigma m M 93.1 76.0 15.0 344.0 | H 1.084 | V 0.023 | pL 0.001 | vL 0.000 | delta 0.012
U 122 | F 249856 | FPS 0025 | D 9163 | rR:mu sigma m M 0.05 0.20 0.00 0.82 | F:mu sigma m M 168.5 156.5 15.0 536.0 | H 1.085 | V 0.018 | pL -0.002 | vL 0.001 | delta 0.017
U 123 | F 251904 | FPS 0030 | D 9231 | rR:mu sigma m M 0.00 0.00 0.00 0.00 | F:mu sigma m M 150.6 82.3 36.0 357.0 | H 1.095 | V 0.013 | pL 0.003 | vL 0.000 | delta 0.006
U 124 | F 253952 | FPS 0026 | D 9309 | rR:mu sigma m M 0.00 0.00 0.00 0.00 | F:mu sigma m M 161.3 165.4 27.0 736.0 | H 1.096 | V 0.013 | pL 0.003 | vL 0.000 | delta 0.005
U 125 | F 256000 | FPS 0029 | D 9380 | rR:mu sigma m M 0.00 0.00 0.00 0.00 | F:mu sigma m M 227.6 213.6 32.0 900.0 | H 1.098 | V 0.010 | pL 0.000 | vL 0.000 | delta 0.003
U 126 | F 258048 | FPS 0027 | D 9455 | rR:mu sigma m M 0.04 0.15 0.00 0.61 | F:mu sigma m M 151.0 103.6 22.0 392.0 | H 1.095 | V 0.011 | pL -0.003 | vL 0.000 | delta 0.006
U 127 | F 260096 | FPS 0025 | D 9536 | rR:mu sigma m M 0.04 0.15 0.00 0.61 | F:mu sigma m M 159.9 88.2 55.0 392.0 | H 1.098 | V 0.007 | pL 0.001 | vL 0.000 | delta 0.001
U 128 | F 262144 | FPS 0029 | D 9607 | rR:mu sigma m M 0.04 0.16 0.00 0.66 | F:mu sigma m M 204.4 156.4 71.0 621.0 | H 1.095 | V 0.012 | pL -0.004 | vL 0.001 | delta 0.008
U 129 | F 264192 | FPS 0024 | D 9693 | rR:mu sigma m M 0.04 0.16 0.00 0.66 | F:mu sigma m M 244.8 173.7 21.0 621.0 | H 1.098 | V 0.011 | pL 0.003 | vL 0.000 | delta 0.002
U 130 | F 266240 | FPS 0031 | D 9758 | rR:mu sigma m M 0.00 0.00 0.00 0.00 | F:mu sigma m M 199.4 146.5 31.0 515.0 | H 1.098 | V 0.010 | pL 0.002 | vL 0.000 | delta 0.001
U 131 | F 268288 | FPS 0028 | D 9832 | rR:mu sigma m M 0.00 0.00 0.00 0.00 | F:mu sigma m M 218.2 187.2 51.0 722.0 | H 1.097 | V 0.009 | pL 0.003 | vL 0.000 | delta 0.002
U 132 | F 270336 | FPS 0028 | D 9905 | rR:mu sigma m M 0.00 0.00 0.00 0.00 | F:mu sigma m M 180.2 123.0 33.0 497.0 | H 1.098 | V 0.005 | pL 0.002 | vL 0.000 | delta 0.001
U 133 | F 272384 | FPS 0027 | D 9980 | rR:mu sigma m M 0.00 0.00 0.00 0.00 | F:mu sigma m M 169.8 141.2 31.0 488.0 | H 1.099 | V 0.004 | pL 0.001 | vL 0.000 | delta 0.001
U 134 | F 274432 | FPS 0028 | D 10052 | rR:mu sigma m M 0.00 0.00 0.00 0.00 | F:mu sigma m M 235.6 169.4 17.0 589.0 | H 1.098 | V 0.004 | pL 0.001 | vL 0.000 | delta 0.000
U 135 | F 276480 | FPS 0027 | D 10127 | rR:mu sigma m M 0.00 0.00 0.00 0.00 | F:mu sigma m M 177.2 106.1 19.0 341.0 | H 1.099 | V 0.003 | pL 0.001 | vL 0.000 | delta 0.000
U 136 | F 278528 | FPS 0029 | D 10197 | rR:mu sigma m M 0.00 0.00 0.00 0.00 | F:mu sigma m M 147.5 145.6 12.0 627.0 | H 1.099 | V 0.002 | pL 0.001 | vL 0.000 | delta 0.000
U 137 | F 280576 | FPS 0028 | D 10269 | rR:mu sigma m M 0.00 0.00 0.00 0.00 | F:mu sigma m M 145.1 114.9 29.0 418.0 | H 1.099 | V 0.002 | pL 0.000 | vL 0.000 | delta 0.000
U 138 | F 282624 | FPS 0027 | D 10345 | rR:mu sigma m M 0.00 0.00 0.00 0.00 | F:mu sigma m M 139.6 112.0 13.0 393.0 | H 1.099 | V 0.001 | pL 0.000 | vL 0.000 | delta 0.000
U 139 | F 284672 | FPS 0025 | D 10426 | rR:mu sigma m M 0.00 0.00 0.00 0.00 | F:mu sigma m M 149.6 105.4 14.0 436.0 | H 1.099 | V 0.002 | pL 0.000 | vL 0.000 | delta 0.000
U 140 | F 286720 | FPS 0030 | D 10494 | rR:mu sigma m M 0.00 0.00 0.00 0.00 | F:mu sigma m M 137.2 107.5 14.0 436.0 | H 1.098 | V 0.004 | pL 0.000 | vL 0.000 | delta 0.002
U 141 | F 288768 | FPS 0027 | D 10569 | rR:mu sigma m M 0.04 0.15 0.00 0.63 | F:mu sigma m M 204.0 142.0 53.0 566.0 | H 1.097 | V 0.006 | pL -0.004 | vL 0.000 | delta 0.010
U 142 | F 290816 | FPS 0030 | D 10638 | rR:mu sigma m M 0.04 0.15 0.00 0.63 | F:mu sigma m M 208.3 131.0 14.0 443.0 | H 1.098 | V -0.001 | pL 0.000 | vL 0.000 | delta 0.001
U 143 | F 292864 | FPS 0026 | D 10716 | rR:mu sigma m M 0.00 0.00 0.00 0.00 | F:mu sigma m M 237.2 226.0 14.0 900.0 | H 1.098 | V -0.001 | pL -0.000 | vL 0.000 | delta 0.001
U 144 | F 294912 | FPS 0026 | D 10794 | rR:mu sigma m M 0.00 0.00 0.00 0.00 | F:mu sigma m M 214.0 220.0 28.0 900.0 | H 1.098 | V 0.001 | pL -0.000 | vL 0.000 | delta 0.001
U 145 | F 296960 | FPS 0026 | D 10874 | rR:mu sigma m M 0.00 0.00 0.00 0.00 | F:mu sigma m M 288.7 195.9 34.0 708.0 | H 1.097 | V 0.005 | pL -0.001 | vL 0.000 | delta 0.005
U 146 | F 299008 | FPS 0028 | D 10946 | rR:mu sigma m M 0.04 0.15 0.00 0.61 | F:mu sigma m M 209.1 172.6 19.0 708.0 | H 1.097 | V 0.003 | pL -0.003 | vL 0.000 | delta 0.009
U 147 | F 301056 | FPS 0027 | D 11022 | rR:mu sigma m M 0.08 0.22 0.00 0.71 | F:mu sigma m M 178.5 120.6 12.0 381.0 | H 1.089 | V 0.023 | pL -0.007 | vL 0.002 | delta 0.019
U 148 | F 303104 | FPS 0026 | D 11100 | rR:mu sigma m M 0.04 0.17 0.00 0.71 | F:mu sigma m M 178.2 119.2 12.0 381.0 | H 1.097 | V -0.002 | pL -0.001 | vL 0.000 | delta 0.003
U 149 | F 305152 | FPS 0028 | D 11174 | rR:mu sigma m M 0.04 0.14 0.00 0.58 | F:mu sigma m M 156.0 110.3 32.0 424.0 | H 1.095 | V 0.005 | pL -0.005 | vL 0.000 | delta 0.013
U 150 | F 307200 | FPS 0025 | D 11256 | rR:mu sigma m M 0.04 0.14 0.00 0.58 | F:mu sigma m M 212.2 178.4 30.0 608.0 | H 1.098 | V 0.003 | pL 0.001 | vL 0.000 | delta 0.002
U 151 | F 309248 | FPS 0028 | D 11329 | rR:mu sigma m M 0.00 0.00 0.00 0.00 | F:mu sigma m M 158.4 140.4 19.0 608.0 | H 1.098 | V 0.002 | pL 0.000 | vL 0.000 | delta 0.003
U 152 | F 311296 | FPS 0027 | D 11405 | rR:mu sigma m M 0.00 0.00 0.00 0.00 | F:mu sigma m M 166.8 111.7 19.0 417.0 | H 1.098 | V 0.002 | pL 0.000 | vL 0.000 | delta 0.001
U 153 | F 313344 | FPS 0025 | D 11486 | rR:mu sigma m M 0.00 0.00 0.00 0.00 | F:mu sigma m M 175.4 80.9 62.0 355.0 | H 1.098 | V 0.003 | pL 0.000 | vL 0.000 | delta 0.002
U 154 | F 315392 | FPS 0027 | D 11562 | rR:mu sigma m M 0.00 0.00 0.00 0.00 | F:mu sigma m M 136.8 105.0 33.0 413.0 | H 1.095 | V 0.006 | pL 0.000 | vL 0.000 | delta 0.004
U 155 | F 317440 | FPS 0032 | D 11626 | rR:mu sigma m M 0.00 0.00 0.00 0.00 | F:mu sigma m M 202.5 153.0 10.0 611.0 | H 1.098 | V 0.002 | pL 0.000 | vL 0.000 | delta 0.003
U 156 | F 319488 | FPS 0030 | D 11695 | rR:mu sigma m M 0.00 0.00 0.00 0.00 | F:mu sigma m M 176.4 162.6 34.0 699.0 | H 1.098 | V 0.001 | pL 0.000 | vL 0.000 | delta 0.001
U 157 | F 321536 | FPS 0029 | D 11767 | rR:mu sigma m M 0.00 0.00 0.00 0.00 | F:mu sigma m M 124.9 99.3 16.0 337.0 | H 1.098 | V 0.001 | pL 0.000 | vL 0.000 | delta 0.001
U 158 | F 323584 | FPS 0030 | D 11835 | rR:mu sigma m M 0.00 0.00 0.00 0.00 | F:mu sigma m M 127.6 81.1 16.0 284.0 | H 1.098 | V 0.001 | pL 0.000 | vL 0.000 | delta 0.001
U 159 | F 325632 | FPS 0033 | D 11897 | rR:mu sigma m M 0.00 0.00 0.00 0.00 | F:mu sigma m M 153.3 82.5 36.0 339.0 | H 1.098 | V 0.001 | pL 0.000 | vL 0.000 | delta 0.000
U 160 | F 327680 | FPS 0027 | D 11972 | rR:mu sigma m M 0.00 0.00 0.00 0.00 | F:mu sigma m M 138.9 81.2 25.0 335.0 | H 1.096 | V 0.008 | pL -0.001 | vL 0.000 | delta 0.003
U 161 | F 329728 | FPS 0028 | D 12046 | rR:mu sigma m M 0.00 0.00 0.00 0.00 | F:mu sigma m M 212.2 179.7 25.0 715.0 | H 1.097 | V 0.002 | pL 0.002 | vL 0.000 | delta 0.003
U 162 | F 331776 | FPS 0026 | D 12126 | rR:mu sigma m M 0.00 0.00 0.00 0.00 | F:mu sigma m M 133.1 106.5 27.0 494.0 | H 1.098 | V -0.000 | pL -0.000 | vL 0.000 | delta 0.001
U 163 | F 333824 | FPS 0032 | D 12190 | rR:mu sigma m M 0.00 0.00 0.00 0.00 | F:mu sigma m M 138.4 105.4 27.0 494.0 | H 1.098 | V 0.001 | pL 0.000 | vL 0.000 | delta 0.002
U 164 | F 335872 | FPS 0026 | D 12269 | rR:mu sigma m M 0.05 0.18 0.00 0.76 | F:mu sigma m M 154.8 119.4 15.0 526.0 | H 1.091 | V 0.008 | pL -0.006 | vL 0.001 | delta 0.013
U 165 | F 337920 | FPS 0028 | D 12343 | rR:mu sigma m M 0.09 0.24 0.00 0.79 | F:mu sigma m M 162.9 105.2 35.0 359.0 | H 1.090 | V 0.019 | pL -0.005 | vL 0.001 | delta 0.013
U 166 | F 339968 | FPS 0029 | D 12414 | rR:mu sigma m M 0.00 0.00 0.00 0.00 | F:mu sigma m M 176.8 183.2 27.0 622.0 | H 1.096 | V 0.007 | pL 0.003 | vL 0.000 | delta 0.003
U 167 | F 342016 | FPS 0027 | D 12491 | rR:mu sigma m M 0.00 0.00 0.00 0.00 | F:mu sigma m M 152.5 152.3 43.0 536.0 | H 1.098 | V 0.005 | pL 0.001 | vL 0.000 | delta 0.001
U 168 | F 344064 | FPS 0031 | D 12558 | rR:mu sigma m M 0.00 0.00 0.00 0.00 | F:mu sigma m M 107.5 60.3 35.0 239.0 | H 1.098 | V 0.004 | pL 0.001 | vL 0.000 | delta 0.002
U 169 | F 346112 | FPS 0027 | D 12633 | rR:mu sigma m M 0.00 0.00 0.00 0.00 | F:mu sigma m M 108.4 58.2 39.0 239.0 | H 1.098 | V 0.003 | pL 0.001 | vL 0.000 | delta 0.000
U 170 | F 348160 | FPS 0028 | D 12706 | rR:mu sigma m M 0.00 0.00 0.00 0.00 | F:mu sigma m M 205.1 172.9 39.0 664.0 | H 1.093 | V 0.009 | pL 0.001 | vL 0.000 | delta 0.007
U 171 | F 350208 | FPS 0025 | D 12788 | rR:mu sigma m M 0.04 0.14 0.00 0.60 | F:mu sigma m M 298.6 176.5 91.0 688.0 | H 1.088 | V 0.013 | pL -0.003 | vL 0.001 | delta 0.010
U 172 | F 352256 | FPS 0027 | D 12863 | rR:mu sigma m M 0.04 0.14 0.00 0.60 | F:mu sigma m M 192.5 164.8 16.0 688.0 | H 1.093 | V 0.007 | pL -0.002 | vL 0.000 | delta 0.006
U 173 | F 354304 | FPS 0029 | D 12934 | rR:mu sigma m M 0.06 0.19 0.00 0.79 | F:mu sigma m M 223.1 249.6 16.0 900.0 | H 1.091 | V 0.011 | pL -0.007 | vL 0.001 | delta 0.013
U 174 | F 356352 | FPS 0028 | D 13007 | rR:mu sigma m M 0.05 0.16 0.00 0.67 | F:mu sigma m M 244.2 259.7 33.0 900.0 | H 1.089 | V 0.013 | pL -0.005 | vL 0.000 | delta 0.006
U 175 | F 358400 | FPS 0030 | D 13074 | rR:mu sigma m M 0.04 0.16 0.00 0.67 | F:mu sigma m M 164.1 128.4 13.0 478.0 | H 1.097 | V -0.003 | pL -0.001 | vL 0.000 | delta 0.002
U 176 | F 360448 | FPS 0027 | D 13151 | rR:mu sigma m M 0.05 0.21 0.00 0.86 | F:mu sigma m M 142.2 102.0 13.0 395.0 | H 1.084 | V 0.021 | pL -0.007 | vL 0.002 | delta 0.018
U 177 | F 362496 | FPS 0029 | D 13222 | rR:mu sigma m M 0.09 0.25 0.00 0.91 | F:mu sigma m M 127.4 88.5 17.0 360.0 | H 1.087 | V 0.034 | pL -0.009 | vL 0.003 | delta 0.017
U 178 | F 364544 | FPS 0032 | D 13287 | rR:mu sigma m M 0.06 0.21 0.00 0.89 | F:mu sigma m M 141.1 130.6 43.0 534.0 | H 1.079 | V 0.044 | pL -0.001 | vL 0.003 | delta 0.022
U 179 | F 366592 | FPS 0032 | D 13352 | rR:mu sigma m M 0.06 0.21 0.00 0.89 | F:mu sigma m M 107.8 85.2 29.0 387.0 | H 1.078 | V 0.016 | pL 0.001 | vL 0.000 | delta 0.012
U 180 | F 368640 | FPS 0033 | D 13414 | rR:mu sigma m M 0.04 0.17 0.00 0.69 | F:mu sigma m M 137.5 66.3 45.0 306.0 | H 1.088 | V 0.014 | pL -0.004 | vL 0.001 | delta 0.008
U 181 | F 370688 | FPS 0029 | D 13484 | rR:mu sigma m M 0.05 0.20 0.00 0.82 | F:mu sigma m M 162.3 157.9 11.0 698.0 | H 1.072 | V 0.022 | pL -0.006 | vL 0.001 | delta 0.018
U 182 | F 372736 | FPS 0033 | D 13545 | rR:mu sigma m M 0.03 0.13 0.00 0.55 | F:mu sigma m M 148.1 144.0 25.0 512.0 | H 1.093 | V 0.017 | pL 0.001 | vL 0.000 | delta 0.005
U 183 | F 374784 | FPS 0027 | D 13620 | rR:mu sigma m M 0.10 0.26 0.00 0.86 | F:mu sigma m M 102.5 86.9 14.0 301.0 | H 1.087 | V 0.032 | pL -0.007 | vL 0.003 | delta 0.021
U 184 | F 376832 | FPS 0025 | D 13702 | rR:mu sigma m M 0.05 0.18 0.00 0.73 | F:mu sigma m M 129.1 82.5 14.0 286.0 | H 1.086 | V 0.028 | pL 0.002 | vL 0.000 | delta 0.016
U 185 | F 378880 | FPS 0028 | D 13776 | rR:mu sigma m M 0.03 0.13 0.00 0.52 | F:mu sigma m M 182.0 130.2 41.0 480.0 | H 1.081 | V 0.028 | pL 0.005 | vL 0.000 | delta 0.009
U 186 | F 380928 | FPS 0027 | D 13853 | rR:mu sigma m M 0.09 0.24 0.00 0.74 | F:mu sigma m M 151.1 110.0 17.0 376.0 | H 1.080 | V 0.033 | pL -0.005 | vL 0.001 | delta 0.021
U 187 | F 382976 | FPS 0024 | D 13938 | rR:mu sigma m M 0.24 0.36 0.00 0.85 | F:mu sigma m M 165.6 125.6 33.0 525.0 | H 1.053 | V 0.066 | pL -0.023 | vL 0.004 | delta 0.031
U 188 | F 385024 | FPS 0026 | D 14016 | rR:mu sigma m M 0.05 0.18 0.00 0.75 | F:mu sigma m M 154.2 107.2 33.0 406.0 | H 1.082 | V 0.029 | pL -0.000 | vL 0.001 | delta 0.014
U 189 | F 387072 | FPS 0030 | D 14085 | rR:mu sigma m M 0.35 0.40 0.00 0.90 | F:mu sigma m M 129.8 115.0 21.0 535.0 | H 1.015 | V 0.131 | pL -0.039 | vL 0.005 | delta 0.050
U 190 | F 389120 | FPS 0030 | D 14153 | rR:mu sigma m M 0.21 0.37 0.00 0.87 | F:mu sigma m M 110.4 64.0 40.0 289.0 | H 0.972 | V 0.169 | pL -0.008 | vL 0.005 | delta 0.056
U 191 | F 391168 | FPS 0041 | D 14203 | rR:mu sigma m M 0.49 0.43 0.00 0.94 | F:mu sigma m M 122.4 82.6 28.0 402.0 | H 0.997 | V 0.149 | pL -0.036 | vL 0.005 | delta 0.039
U 192 | F 393216 | FPS 0040 | D 14253 | rR:mu sigma m M 0.33 0.42 0.00 0.94 | F:mu sigma m M 99.9 49.5 23.0 225.0 | H 0.917 | V 0.247 | pL -0.033 | vL 0.009 | delta 0.082
U 193 | F 395264 | FPS 0043 | D 14301 | rR:mu sigma m M 0.53 0.45 0.00 0.96 | F:mu sigma m M 84.3 42.9 16.0 200.0 | H 0.901 | V 0.280 | pL -0.046 | vL 0.008 | delta 0.067
U 194 | F 397312 | FPS 0049 | D 14343 | rR:mu sigma m M 0.70 0.37 0.00 0.96 | F:mu sigma m M 95.3 36.9 31.0 210.0 | H 0.786 | V 0.423 | pL -0.057 | vL 0.012 | delta 0.110
U 195 | F 399360 | FPS 0052 | D 14382 | rR:mu sigma m M 0.93 0.02 0.87 0.96 | F:mu sigma m M 69.7 24.6 36.0 129.0 | H 0.730 | V 0.509 | pL -0.100 | vL 0.007 | delta 0.105
agent reach optimality, start collecting trajectories
agent successfully collected 10 trajectories
pickling optimal trajectories
Model successfully saved
/home/rdali/.local/easybuild/software/2017/Core/miniconda3/4.3.27/envs/observe/lib/python3.6/site-packages/torch/nn/functional.py:1906: UserWarning: reduction: 'mean' divides the total loss by both the batch size and the support size.'batchmean' divides only by the batch size, and aligns with the KL div math definition.'mean' will be changed to behave the same as 'batchmean' in the next major release.
  warnings.warn("reduction: 'mean' divides the total loss by both the batch size and the support size."
