The following modules were not unloaded:
  (Use "module --force purge" to unload all):

  1) StdEnv/2018.3     4) gcccore/.7.3.0      7) intel/2018.3
  2) nixpkgs/16.09     5) icc/.2018.3.222     8) openmpi/3.1.2
  3) imkl/2018.3.222   6) ifort/.2018.3.222

Due to MODULEPATH changes, the following have been reloaded:
  1) openmpi/3.1.2

Attention: While Conda works well in a desktop environment, it tends to create more problems than it solves on a cluster. Instead, we recommend that users use virtual environments and the binary packages that we provide through Python wheels as documented on the Python page.
/home/rdali/RL/watch_and_learn/dependency/rl-starter-files/scripts/train_agent_multidem.py --env MiniGrid-LavaCrossingAddictO12S15-v0 --algo ppo --nameDemonstrator LavaCrossing1215Addict1,LavaCrossing1215Addict2,LavaCrossing1215Addict4,LavaCrossing1215Addict5,LavaCrossing1215Addict7,LavaCrossing1215Addict8,LavaCrossing1215Addict9,LavaCrossing1215Addict10 --flat-model 0 --KLweight 0.001 --useKL 1 --meanReward 0.80 --rewardLB 0.70 --seed 4912

Namespace(KLweight=0.001, algo='ppo', batch_size=256, clip_eps=0.2, discount=0.99, entropy_coef=0.01, env='MiniGrid-LavaCrossingAddictO12S15-v0', epochs=4, flat_model=0, frames=10000000, frames_per_proc=None, full_obs=0, gae_lambda=0.95, log_interval=1, lr=0.0007, max_grad_norm=0.5, meanReward=0.8, mem=False, model=None, nameDemonstrator='LavaCrossing1215Addict1,LavaCrossing1215Addict2,LavaCrossing1215Addict4,LavaCrossing1215Addict5,LavaCrossing1215Addict7,LavaCrossing1215Addict8,LavaCrossing1215Addict9,LavaCrossing1215Addict10', optim_alpha=0.99, optim_eps=1e-05, procs=16, recurrence=1, rewardLB=0.7, save_interval=0, seed=4912, tb=False, text=False, useKL=1, value_loss_coef=0.5)

Flat model successfully created

ACModel(
  (image_conv): Sequential(
    (0): Conv2d(3, 32, kernel_size=(2, 2), stride=(1, 1))
    (1): ReLU()
    (2): MaxPool2d(kernel_size=(2, 2), stride=(2, 2), padding=0, dilation=1, ceil_mode=False)
    (3): Conv2d(32, 64, kernel_size=(2, 2), stride=(1, 1))
    (4): ReLU()
    (5): Conv2d(64, 64, kernel_size=(2, 2), stride=(1, 1))
    (6): ReLU()
  )
  (actor): Sequential(
    (0): Linear(in_features=1600, out_features=64, bias=True)
    (1): Tanh()
    (2): Linear(in_features=64, out_features=3, bias=True)
  )
  (critic): Sequential(
    (0): Linear(in_features=1600, out_features=64, bias=True)
    (1): Tanh()
    (2): Linear(in_features=64, out_features=1, bias=True)
  )
)

CUDA available: False

1
True
0.001
Using TensorFlow backend.
OMP: Info #212: KMP_AFFINITY: decoding x2APIC ids.
OMP: Info #210: KMP_AFFINITY: Affinity capable, using global cpuid leaf 11 info
OMP: Info #154: KMP_AFFINITY: Initial OS proc set respected: 11,13,15,17,19
OMP: Info #156: KMP_AFFINITY: 5 available OS procs
OMP: Info #157: KMP_AFFINITY: Uniform topology
OMP: Info #179: KMP_AFFINITY: 1 packages x 5 cores/pkg x 1 threads/core (5 total cores)
OMP: Info #214: KMP_AFFINITY: OS proc to physical thread map:
OMP: Info #171: KMP_AFFINITY: OS proc 13 maps to package 1 core 8 
OMP: Info #171: KMP_AFFINITY: OS proc 17 maps to package 1 core 9 
OMP: Info #171: KMP_AFFINITY: OS proc 19 maps to package 1 core 10 
OMP: Info #171: KMP_AFFINITY: OS proc 15 maps to package 1 core 11 
OMP: Info #171: KMP_AFFINITY: OS proc 11 maps to package 1 core 12 
OMP: Info #250: KMP_AFFINITY: pid 60359 tid 60359 thread 0 bound to OS proc set 13
OMP: Info #250: KMP_AFFINITY: pid 60359 tid 60571 thread 2 bound to OS proc set 19
OMP: Info #250: KMP_AFFINITY: pid 60359 tid 60570 thread 1 bound to OS proc set 17
OMP: Info #250: KMP_AFFINITY: pid 60359 tid 60572 thread 3 bound to OS proc set 15
OMP: Info #250: KMP_AFFINITY: pid 60359 tid 60574 thread 4 bound to OS proc set 11
OMP: Info #250: KMP_AFFINITY: pid 60359 tid 60681 thread 5 bound to OS proc set 13
OMP: Info #250: KMP_AFFINITY: pid 60359 tid 60682 thread 6 bound to OS proc set 17
OMP: Info #250: KMP_AFFINITY: pid 60359 tid 60701 thread 7 bound to OS proc set 19
OMP: Info #250: KMP_AFFINITY: pid 60359 tid 60702 thread 8 bound to OS proc set 15
OMP: Info #250: KMP_AFFINITY: pid 60359 tid 60703 thread 9 bound to OS proc set 11
OMP: Info #250: KMP_AFFINITY: pid 60359 tid 60704 thread 10 bound to OS proc set 13
OMP: Info #250: KMP_AFFINITY: pid 60359 tid 60766 thread 11 bound to OS proc set 17
OMP: Info #250: KMP_AFFINITY: pid 60359 tid 60768 thread 13 bound to OS proc set 15
OMP: Info #250: KMP_AFFINITY: pid 60359 tid 60767 thread 12 bound to OS proc set 19
OMP: Info #250: KMP_AFFINITY: pid 60359 tid 60769 thread 14 bound to OS proc set 11
OMP: Info #250: KMP_AFFINITY: pid 60359 tid 60770 thread 15 bound to OS proc set 13
U 1 | F 002048 | FPS 0027 | D 74 | rR:mu sigma m M 0.00 0.00 0.00 0.00 | F:mu sigma m M 47.4 22.3 0.0 81.0 | H 1.098 | V 0.013 | pL 0.002 | vL 0.000 | delta 0.073
U 2 | F 004096 | FPS 0031 | D 140 | rR:mu sigma m M 0.00 0.00 0.00 0.00 | F:mu sigma m M 105.6 56.8 25.0 243.0 | H 1.097 | V 0.011 | pL 0.003 | vL 0.000 | delta 0.008
U 3 | F 006144 | FPS 0027 | D 216 | rR:mu sigma m M 0.00 0.00 0.00 0.00 | F:mu sigma m M 102.6 61.1 24.0 243.0 | H 1.098 | V 0.009 | pL 0.002 | vL 0.000 | delta 0.004
U 4 | F 008192 | FPS 0030 | D 285 | rR:mu sigma m M 0.05 0.20 0.00 0.84 | F:mu sigma m M 195.4 134.4 9.0 494.0 | H 1.094 | V 0.012 | pL -0.003 | vL 0.003 | delta 0.019
U 5 | F 010240 | FPS 0031 | D 350 | rR:mu sigma m M 0.00 0.00 0.00 0.00 | F:mu sigma m M 198.2 145.5 9.0 494.0 | H 1.098 | V 0.008 | pL 0.003 | vL 0.000 | delta 0.003
U 6 | F 012288 | FPS 0026 | D 430 | rR:mu sigma m M 0.00 0.00 0.00 0.00 | F:mu sigma m M 173.9 110.5 53.0 405.0 | H 1.099 | V 0.006 | pL 0.002 | vL 0.000 | delta 0.002
U 7 | F 014336 | FPS 0030 | D 498 | rR:mu sigma m M 0.00 0.00 0.00 0.00 | F:mu sigma m M 203.1 180.6 53.0 815.0 | H 1.099 | V 0.004 | pL 0.001 | vL 0.000 | delta 0.001
U 8 | F 016384 | FPS 0027 | D 573 | rR:mu sigma m M 0.00 0.00 0.00 0.00 | F:mu sigma m M 174.6 135.1 22.0 535.0 | H 1.099 | V 0.003 | pL 0.001 | vL 0.000 | delta 0.001
U 9 | F 018432 | FPS 0029 | D 644 | rR:mu sigma m M 0.00 0.00 0.00 0.00 | F:mu sigma m M 200.4 155.0 23.0 535.0 | H 1.099 | V 0.003 | pL 0.001 | vL 0.000 | delta 0.001
U 10 | F 020480 | FPS 0027 | D 719 | rR:mu sigma m M 0.05 0.21 0.00 0.86 | F:mu sigma m M 190.9 134.6 48.0 471.0 | H 1.096 | V 0.008 | pL -0.006 | vL 0.002 | delta 0.021
U 11 | F 022528 | FPS 0032 | D 783 | rR:mu sigma m M 0.05 0.21 0.00 0.86 | F:mu sigma m M 166.2 131.9 30.0 556.0 | H 1.097 | V 0.000 | pL -0.003 | vL 0.000 | delta 0.010
U 12 | F 024576 | FPS 0035 | D 842 | rR:mu sigma m M 0.00 0.00 0.00 0.00 | F:mu sigma m M 118.2 70.4 27.0 232.0 | H 1.097 | V 0.000 | pL 0.001 | vL 0.000 | delta 0.008
U 13 | F 026624 | FPS 0031 | D 909 | rR:mu sigma m M 0.00 0.00 0.00 0.00 | F:mu sigma m M 195.4 184.8 27.0 639.0 | H 1.098 | V 0.004 | pL 0.001 | vL 0.000 | delta 0.004
U 14 | F 028672 | FPS 0032 | D 974 | rR:mu sigma m M 0.04 0.17 0.00 0.70 | F:mu sigma m M 225.8 204.3 22.0 672.0 | H 1.096 | V 0.006 | pL -0.004 | vL 0.001 | delta 0.034
U 15 | F 030720 | FPS 0034 | D 1034 | rR:mu sigma m M 0.00 0.00 0.00 0.00 | F:mu sigma m M 183.6 117.2 31.0 389.0 | H 1.098 | V 0.006 | pL 0.002 | vL 0.000 | delta 0.003
U 16 | F 032768 | FPS 0029 | D 1105 | rR:mu sigma m M 0.00 0.00 0.00 0.00 | F:mu sigma m M 141.1 170.5 14.0 598.0 | H 1.098 | V 0.003 | pL 0.001 | vL 0.000 | delta 0.001
U 17 | F 034816 | FPS 0033 | D 1167 | rR:mu sigma m M 0.00 0.00 0.00 0.00 | F:mu sigma m M 175.2 149.7 18.0 598.0 | H 1.096 | V 0.008 | pL -0.000 | vL 0.000 | delta 0.004
U 18 | F 036864 | FPS 0032 | D 1232 | rR:mu sigma m M 0.00 0.00 0.00 0.00 | F:mu sigma m M 130.7 126.5 18.0 529.0 | H 1.098 | V 0.007 | pL 0.002 | vL 0.000 | delta 0.003
U 19 | F 038912 | FPS 0029 | D 1302 | rR:mu sigma m M 0.00 0.00 0.00 0.00 | F:mu sigma m M 173.5 197.0 20.0 900.0 | H 1.099 | V 0.003 | pL 0.001 | vL 0.000 | delta 0.001
U 20 | F 040960 | FPS 0030 | D 1371 | rR:mu sigma m M 0.02 0.08 0.00 0.34 | F:mu sigma m M 173.1 188.9 15.0 660.0 | H 1.098 | V 0.005 | pL -0.002 | vL 0.000 | delta 0.004
U 21 | F 043008 | FPS 0025 | D 1453 | rR:mu sigma m M 0.02 0.08 0.00 0.34 | F:mu sigma m M 198.1 184.9 15.0 660.0 | H 1.099 | V 0.004 | pL 0.000 | vL 0.000 | delta 0.002
U 22 | F 045056 | FPS 0032 | D 1517 | rR:mu sigma m M 0.02 0.08 0.00 0.34 | F:mu sigma m M 231.5 134.1 64.0 660.0 | H 1.099 | V 0.002 | pL 0.000 | vL 0.000 | delta 0.001
U 23 | F 047104 | FPS 0032 | D 1582 | rR:mu sigma m M 0.00 0.00 0.00 0.00 | F:mu sigma m M 245.2 87.3 116.0 468.0 | H 1.098 | V 0.002 | pL 0.000 | vL 0.000 | delta 0.003
U 24 | F 049152 | FPS 0030 | D 1650 | rR:mu sigma m M 0.03 0.13 0.00 0.53 | F:mu sigma m M 249.3 164.5 40.0 614.0 | H 1.097 | V 0.006 | pL -0.003 | vL 0.000 | delta 0.023
U 25 | F 051200 | FPS 0029 | D 1720 | rR:mu sigma m M 0.00 0.00 0.00 0.00 | F:mu sigma m M 150.0 123.7 25.0 410.0 | H 1.098 | V 0.008 | pL 0.003 | vL 0.000 | delta 0.007
U 26 | F 053248 | FPS 0028 | D 1793 | rR:mu sigma m M 0.00 0.00 0.00 0.00 | F:mu sigma m M 152.5 105.0 26.0 354.0 | H 1.099 | V 0.008 | pL 0.002 | vL 0.000 | delta 0.001
U 27 | F 055296 | FPS 0028 | D 1868 | rR:mu sigma m M 0.00 0.00 0.00 0.00 | F:mu sigma m M 112.6 73.7 33.0 302.0 | H 1.098 | V 0.006 | pL 0.002 | vL 0.000 | delta 0.001
U 28 | F 057344 | FPS 0028 | D 1940 | rR:mu sigma m M 0.00 0.00 0.00 0.00 | F:mu sigma m M 145.0 88.8 48.0 393.0 | H 1.098 | V 0.004 | pL 0.001 | vL 0.000 | delta 0.002
U 29 | F 059392 | FPS 0032 | D 2005 | rR:mu sigma m M 0.00 0.00 0.00 0.00 | F:mu sigma m M 182.6 188.1 39.0 801.0 | H 1.099 | V 0.003 | pL 0.001 | vL 0.000 | delta 0.001
U 30 | F 061440 | FPS 0030 | D 2073 | rR:mu sigma m M 0.00 0.00 0.00 0.00 | F:mu sigma m M 175.0 192.4 39.0 643.0 | H 1.098 | V 0.004 | pL 0.001 | vL 0.000 | delta 0.002
U 31 | F 063488 | FPS 0029 | D 2143 | rR:mu sigma m M 0.03 0.11 0.00 0.44 | F:mu sigma m M 240.4 138.0 42.0 560.0 | H 1.095 | V 0.006 | pL -0.002 | vL 0.000 | delta 0.019
U 32 | F 065536 | FPS 0032 | D 2208 | rR:mu sigma m M 0.05 0.19 0.00 0.80 | F:mu sigma m M 157.4 93.5 34.0 375.0 | H 1.096 | V 0.016 | pL -0.004 | vL 0.000 | delta 0.014
U 33 | F 067584 | FPS 0031 | D 2273 | rR:mu sigma m M 0.05 0.19 0.00 0.80 | F:mu sigma m M 165.9 97.2 23.0 359.0 | H 1.098 | V 0.003 | pL 0.000 | vL 0.000 | delta 0.002
U 34 | F 069632 | FPS 0034 | D 2333 | rR:mu sigma m M 0.05 0.18 0.00 0.75 | F:mu sigma m M 156.2 85.6 59.0 359.0 | H 1.095 | V 0.008 | pL -0.006 | vL 0.001 | delta 0.040
U 35 | F 071680 | FPS 0036 | D 2389 | rR:mu sigma m M 0.00 0.00 0.00 0.00 | F:mu sigma m M 166.5 161.4 23.0 522.0 | H 1.098 | V 0.011 | pL 0.004 | vL 0.000 | delta 0.005
U 36 | F 073728 | FPS 0029 | D 2461 | rR:mu sigma m M 0.00 0.00 0.00 0.00 | F:mu sigma m M 161.6 133.8 21.0 553.0 | H 1.098 | V 0.007 | pL 0.002 | vL 0.000 | delta 0.001
U 37 | F 075776 | FPS 0028 | D 2535 | rR:mu sigma m M 0.00 0.00 0.00 0.00 | F:mu sigma m M 107.1 60.3 16.0 223.0 | H 1.098 | V 0.006 | pL 0.002 | vL 0.000 | delta 0.001
U 38 | F 077824 | FPS 0029 | D 2605 | rR:mu sigma m M 0.00 0.00 0.00 0.00 | F:mu sigma m M 160.7 126.4 16.0 430.0 | H 1.098 | V 0.004 | pL 0.001 | vL 0.000 | delta 0.001
U 39 | F 079872 | FPS 0030 | D 2674 | rR:mu sigma m M 0.00 0.00 0.00 0.00 | F:mu sigma m M 199.3 136.6 16.0 430.0 | H 1.098 | V 0.004 | pL 0.001 | vL 0.000 | delta 0.001
U 40 | F 081920 | FPS 0027 | D 2749 | rR:mu sigma m M 0.00 0.00 0.00 0.00 | F:mu sigma m M 177.9 121.1 25.0 427.0 | H 1.098 | V 0.003 | pL 0.001 | vL 0.000 | delta 0.001
U 41 | F 083968 | FPS 0030 | D 2818 | rR:mu sigma m M 0.00 0.00 0.00 0.00 | F:mu sigma m M 170.8 155.7 25.0 489.0 | H 1.098 | V 0.002 | pL 0.001 | vL 0.000 | delta 0.000
U 42 | F 086016 | FPS 0031 | D 2884 | rR:mu sigma m M 0.00 0.00 0.00 0.00 | F:mu sigma m M 212.7 215.1 18.0 747.0 | H 1.099 | V 0.001 | pL 0.000 | vL 0.000 | delta 0.001
U 43 | F 088064 | FPS 0029 | D 2955 | rR:mu sigma m M 0.00 0.00 0.00 0.00 | F:mu sigma m M 260.2 269.0 18.0 844.0 | H 1.098 | V 0.006 | pL -0.002 | vL 0.000 | delta 0.003
U 44 | F 090112 | FPS 0030 | D 3025 | rR:mu sigma m M 0.00 0.00 0.00 0.00 | F:mu sigma m M 174.8 145.1 11.0 581.0 | H 1.097 | V 0.004 | pL 0.002 | vL 0.000 | delta 0.004
U 45 | F 092160 | FPS 0031 | D 3090 | rR:mu sigma m M 0.00 0.00 0.00 0.00 | F:mu sigma m M 210.2 162.5 15.0 487.0 | H 1.099 | V 0.001 | pL 0.000 | vL 0.000 | delta 0.001
U 46 | F 094208 | FPS 0028 | D 3162 | rR:mu sigma m M 0.00 0.00 0.00 0.00 | F:mu sigma m M 146.4 74.1 25.0 317.0 | H 1.099 | V 0.001 | pL 0.000 | vL 0.000 | delta 0.001
U 47 | F 096256 | FPS 0033 | D 3224 | rR:mu sigma m M 0.04 0.16 0.00 0.66 | F:mu sigma m M 208.1 172.3 68.0 692.0 | H 1.098 | V 0.007 | pL -0.006 | vL 0.000 | delta 0.007
U 48 | F 098304 | FPS 0033 | D 3287 | rR:mu sigma m M 0.04 0.17 0.00 0.71 | F:mu sigma m M 151.8 130.7 25.0 557.0 | H 1.097 | V 0.006 | pL -0.005 | vL 0.001 | delta 0.018
U 49 | F 100352 | FPS 0029 | D 3357 | rR:mu sigma m M 0.00 0.00 0.00 0.00 | F:mu sigma m M 123.9 85.0 23.0 343.0 | H 1.095 | V 0.001 | pL -0.001 | vL 0.000 | delta 0.010
U 50 | F 102400 | FPS 0030 | D 3425 | rR:mu sigma m M 0.00 0.00 0.00 0.00 | F:mu sigma m M 200.4 136.1 26.0 458.0 | H 1.098 | V -0.005 | pL -0.001 | vL 0.000 | delta 0.003
U 51 | F 104448 | FPS 0027 | D 3500 | rR:mu sigma m M 0.00 0.00 0.00 0.00 | F:mu sigma m M 154.9 125.0 13.0 458.0 | H 1.098 | V -0.004 | pL -0.001 | vL 0.000 | delta 0.002
U 52 | F 106496 | FPS 0028 | D 3574 | rR:mu sigma m M 0.00 0.00 0.00 0.00 | F:mu sigma m M 146.1 98.9 22.0 415.0 | H 1.098 | V -0.002 | pL -0.001 | vL 0.000 | delta 0.001
U 53 | F 108544 | FPS 0032 | D 3638 | rR:mu sigma m M 0.00 0.00 0.00 0.00 | F:mu sigma m M 154.1 164.8 21.0 664.0 | H 1.098 | V -0.002 | pL -0.001 | vL 0.000 | delta 0.001
U 54 | F 110592 | FPS 0031 | D 3705 | rR:mu sigma m M 0.00 0.00 0.00 0.00 | F:mu sigma m M 163.9 156.4 21.0 664.0 | H 1.098 | V -0.001 | pL -0.001 | vL 0.000 | delta 0.000
U 55 | F 112640 | FPS 0028 | D 3779 | rR:mu sigma m M 0.00 0.00 0.00 0.00 | F:mu sigma m M 246.8 188.8 32.0 800.0 | H 1.098 | V -0.001 | pL -0.000 | vL 0.000 | delta 0.001
U 56 | F 114688 | FPS 0029 | D 3849 | rR:mu sigma m M 0.00 0.00 0.00 0.00 | F:mu sigma m M 178.0 112.1 32.0 433.0 | H 1.097 | V 0.001 | pL -0.000 | vL 0.000 | delta 0.003
U 57 | F 116736 | FPS 0035 | D 3907 | rR:mu sigma m M 0.02 0.09 0.00 0.35 | F:mu sigma m M 189.4 170.0 17.0 647.0 | H 1.096 | V 0.003 | pL -0.002 | vL 0.000 | delta 0.005
U 58 | F 118784 | FPS 0030 | D 3975 | rR:mu sigma m M 0.00 0.00 0.00 0.00 | F:mu sigma m M 166.5 115.4 16.0 470.0 | H 1.095 | V 0.002 | pL 0.000 | vL 0.000 | delta 0.004
U 59 | F 120832 | FPS 0032 | D 4040 | rR:mu sigma m M 0.00 0.00 0.00 0.00 | F:mu sigma m M 187.4 163.0 16.0 586.0 | H 1.098 | V 0.001 | pL -0.000 | vL 0.000 | delta 0.003
U 60 | F 122880 | FPS 0031 | D 4105 | rR:mu sigma m M 0.00 0.00 0.00 0.00 | F:mu sigma m M 144.2 100.0 21.0 341.0 | H 1.098 | V 0.001 | pL 0.000 | vL 0.000 | delta 0.001
U 61 | F 124928 | FPS 0029 | D 4176 | rR:mu sigma m M 0.00 0.00 0.00 0.00 | F:mu sigma m M 174.4 105.9 28.0 341.0 | H 1.098 | V 0.002 | pL 0.000 | vL 0.000 | delta 0.001
U 62 | F 126976 | FPS 0028 | D 4250 | rR:mu sigma m M 0.00 0.00 0.00 0.00 | F:mu sigma m M 195.0 109.2 25.0 433.0 | H 1.098 | V 0.001 | pL 0.000 | vL 0.000 | delta 0.000
U 63 | F 129024 | FPS 0029 | D 4320 | rR:mu sigma m M 0.00 0.00 0.00 0.00 | F:mu sigma m M 180.1 149.9 25.0 526.0 | H 1.099 | V 0.001 | pL 0.000 | vL 0.000 | delta 0.000
U 64 | F 131072 | FPS 0031 | D 4386 | rR:mu sigma m M 0.00 0.00 0.00 0.00 | F:mu sigma m M 169.1 145.0 15.0 526.0 | H 1.099 | V 0.001 | pL 0.000 | vL 0.000 | delta 0.000
U 65 | F 133120 | FPS 0031 | D 4453 | rR:mu sigma m M 0.00 0.00 0.00 0.00 | F:mu sigma m M 181.8 162.9 15.0 646.0 | H 1.098 | V 0.001 | pL 0.000 | vL 0.000 | delta 0.001
U 66 | F 135168 | FPS 0028 | D 4526 | rR:mu sigma m M 0.00 0.00 0.00 0.00 | F:mu sigma m M 170.4 107.2 26.0 375.0 | H 1.098 | V 0.002 | pL 0.000 | vL 0.000 | delta 0.002
U 67 | F 137216 | FPS 0028 | D 4600 | rR:mu sigma m M 0.00 0.00 0.00 0.00 | F:mu sigma m M 229.5 163.8 25.0 540.0 | H 1.098 | V 0.001 | pL 0.000 | vL 0.000 | delta 0.001
U 68 | F 139264 | FPS 0025 | D 4683 | rR:mu sigma m M 0.02 0.06 0.00 0.27 | F:mu sigma m M 212.4 209.8 25.0 732.0 | H 1.098 | V 0.004 | pL -0.002 | vL 0.000 | delta 0.007
U 69 | F 141312 | FPS 0028 | D 4757 | rR:mu sigma m M 0.02 0.06 0.00 0.27 | F:mu sigma m M 206.2 210.6 36.0 732.0 | H 1.098 | V 0.004 | pL 0.001 | vL 0.000 | delta 0.001
U 70 | F 143360 | FPS 0031 | D 4823 | rR:mu sigma m M 0.00 0.00 0.00 0.00 | F:mu sigma m M 139.9 92.9 43.0 333.0 | H 1.098 | V 0.004 | pL 0.001 | vL 0.000 | delta 0.001
U 71 | F 145408 | FPS 0030 | D 4892 | rR:mu sigma m M 0.00 0.00 0.00 0.00 | F:mu sigma m M 148.4 135.4 52.0 556.0 | H 1.098 | V 0.003 | pL 0.001 | vL 0.000 | delta 0.001
U 72 | F 147456 | FPS 0027 | D 4969 | rR:mu sigma m M 0.00 0.00 0.00 0.00 | F:mu sigma m M 186.8 139.7 19.0 456.0 | H 1.098 | V 0.003 | pL 0.001 | vL 0.000 | delta 0.001
U 73 | F 149504 | FPS 0031 | D 5035 | rR:mu sigma m M 0.00 0.00 0.00 0.00 | F:mu sigma m M 191.2 123.0 19.0 456.0 | H 1.099 | V 0.003 | pL 0.000 | vL 0.000 | delta 0.000
U 74 | F 151552 | FPS 0028 | D 5108 | rR:mu sigma m M 0.00 0.00 0.00 0.00 | F:mu sigma m M 204.2 104.4 29.0 433.0 | H 1.099 | V 0.002 | pL 0.001 | vL 0.000 | delta 0.000
U 75 | F 153600 | FPS 0028 | D 5182 | rR:mu sigma m M 0.00 0.00 0.00 0.00 | F:mu sigma m M 181.7 104.7 29.0 433.0 | H 1.099 | V 0.002 | pL 0.000 | vL 0.000 | delta 0.000
U 76 | F 155648 | FPS 0030 | D 5249 | rR:mu sigma m M 0.00 0.00 0.00 0.00 | F:mu sigma m M 216.9 171.7 27.0 655.0 | H 1.099 | V 0.001 | pL 0.001 | vL 0.000 | delta 0.000
U 77 | F 157696 | FPS 0029 | D 5320 | rR:mu sigma m M 0.00 0.00 0.00 0.00 | F:mu sigma m M 131.7 145.3 14.0 655.0 | H 1.099 | V 0.001 | pL 0.000 | vL 0.000 | delta 0.000
U 78 | F 159744 | FPS 0027 | D 5395 | rR:mu sigma m M 0.00 0.00 0.00 0.00 | F:mu sigma m M 135.8 70.5 24.0 271.0 | H 1.099 | V 0.001 | pL 0.000 | vL 0.000 | delta 0.000
U 79 | F 161792 | FPS 0033 | D 5457 | rR:mu sigma m M 0.00 0.00 0.00 0.00 | F:mu sigma m M 144.6 111.7 32.0 508.0 | H 1.098 | V 0.001 | pL 0.000 | vL 0.000 | delta 0.001
U 80 | F 163840 | FPS 0029 | D 5529 | rR:mu sigma m M 0.00 0.00 0.00 0.00 | F:mu sigma m M 208.2 205.7 58.0 817.0 | H 1.098 | V 0.001 | pL 0.000 | vL 0.000 | delta 0.001
U 81 | F 165888 | FPS 0031 | D 5595 | rR:mu sigma m M 0.05 0.18 0.00 0.73 | F:mu sigma m M 213.3 191.5 59.0 817.0 | H 1.098 | V 0.004 | pL -0.005 | vL 0.001 | delta 0.011
U 82 | F 167936 | FPS 0031 | D 5661 | rR:mu sigma m M 0.00 0.00 0.00 0.00 | F:mu sigma m M 196.6 156.6 31.0 576.0 | H 1.098 | V 0.005 | pL 0.001 | vL 0.000 | delta 0.001
U 83 | F 169984 | FPS 0027 | D 5736 | rR:mu sigma m M 0.00 0.00 0.00 0.00 | F:mu sigma m M 219.8 145.8 31.0 576.0 | H 1.098 | V 0.005 | pL 0.001 | vL 0.000 | delta 0.001
U 84 | F 172032 | FPS 0029 | D 5808 | rR:mu sigma m M 0.05 0.21 0.00 0.87 | F:mu sigma m M 159.1 99.2 21.0 384.0 | H 1.093 | V 0.009 | pL -0.007 | vL 0.002 | delta 0.019
U 85 | F 174080 | FPS 0030 | D 5876 | rR:mu sigma m M 0.10 0.26 0.00 0.87 | F:mu sigma m M 237.6 215.5 18.0 863.0 | H 1.096 | V 0.016 | pL -0.001 | vL 0.000 | delta 0.008
U 86 | F 176128 | FPS 0031 | D 5942 | rR:mu sigma m M 0.04 0.17 0.00 0.69 | F:mu sigma m M 180.6 209.6 18.0 863.0 | H 1.093 | V 0.011 | pL -0.001 | vL 0.000 | delta 0.009
U 87 | F 178176 | FPS 0030 | D 6010 | rR:mu sigma m M 0.00 0.00 0.00 0.00 | F:mu sigma m M 181.7 175.0 24.0 648.0 | H 1.098 | V 0.003 | pL 0.002 | vL 0.000 | delta 0.003
U 88 | F 180224 | FPS 0026 | D 6089 | rR:mu sigma m M 0.00 0.00 0.00 0.00 | F:mu sigma m M 154.2 161.0 24.0 557.0 | H 1.098 | V 0.002 | pL 0.000 | vL 0.000 | delta 0.001
U 89 | F 182272 | FPS 0028 | D 6161 | rR:mu sigma m M 0.00 0.00 0.00 0.00 | F:mu sigma m M 170.6 160.2 25.0 721.0 | H 1.098 | V 0.001 | pL 0.000 | vL 0.000 | delta 0.000
U 90 | F 184320 | FPS 0031 | D 6226 | rR:mu sigma m M 0.00 0.00 0.00 0.00 | F:mu sigma m M 219.8 193.6 30.0 721.0 | H 1.099 | V 0.001 | pL 0.000 | vL 0.000 | delta 0.001
U 91 | F 186368 | FPS 0032 | D 6290 | rR:mu sigma m M 0.00 0.00 0.00 0.00 | F:mu sigma m M 182.9 145.7 30.0 649.0 | H 1.098 | V 0.003 | pL 0.000 | vL 0.000 | delta 0.001
U 92 | F 188416 | FPS 0034 | D 6351 | rR:mu sigma m M 0.00 0.00 0.00 0.00 | F:mu sigma m M 253.9 195.1 17.0 856.0 | H 1.097 | V 0.004 | pL 0.001 | vL 0.000 | delta 0.002
U 93 | F 190464 | FPS 0026 | D 6430 | rR:mu sigma m M 0.01 0.04 0.00 0.18 | F:mu sigma m M 202.5 197.9 17.0 818.0 | H 1.098 | V 0.003 | pL -0.000 | vL 0.000 | delta 0.001
U 94 | F 192512 | FPS 0025 | D 6511 | rR:mu sigma m M 0.04 0.17 0.00 0.69 | F:mu sigma m M 138.1 111.9 11.0 429.0 | H 1.096 | V 0.010 | pL -0.005 | vL 0.000 | delta 0.017
U 95 | F 194560 | FPS 0029 | D 6583 | rR:mu sigma m M 0.00 0.00 0.00 0.00 | F:mu sigma m M 218.6 181.5 44.0 592.0 | H 1.098 | V 0.005 | pL 0.002 | vL 0.000 | delta 0.004
U 96 | F 196608 | FPS 0030 | D 6651 | rR:mu sigma m M 0.00 0.00 0.00 0.00 | F:mu sigma m M 181.2 119.9 52.0 537.0 | H 1.098 | V 0.005 | pL 0.001 | vL 0.000 | delta 0.001
U 97 | F 198656 | FPS 0029 | D 6720 | rR:mu sigma m M 0.05 0.18 0.00 0.75 | F:mu sigma m M 223.6 195.1 21.0 748.0 | H 1.094 | V 0.012 | pL -0.005 | vL 0.001 | delta 0.011
U 98 | F 200704 | FPS 0025 | D 6803 | rR:mu sigma m M 0.05 0.18 0.00 0.75 | F:mu sigma m M 179.8 130.2 21.0 448.0 | H 1.098 | V 0.003 | pL -0.001 | vL 0.000 | delta 0.004
U 99 | F 202752 | FPS 0027 | D 6878 | rR:mu sigma m M 0.00 0.00 0.00 0.00 | F:mu sigma m M 193.6 125.3 23.0 448.0 | H 1.098 | V 0.005 | pL 0.001 | vL 0.000 | delta 0.002
U 100 | F 204800 | FPS 0028 | D 6951 | rR:mu sigma m M 0.00 0.00 0.00 0.00 | F:mu sigma m M 191.6 117.9 31.0 465.0 | H 1.099 | V 0.002 | pL 0.000 | vL 0.000 | delta 0.001
U 101 | F 206848 | FPS 0031 | D 7016 | rR:mu sigma m M 0.00 0.00 0.00 0.00 | F:mu sigma m M 223.2 167.3 63.0 728.0 | H 1.098 | V 0.005 | pL 0.000 | vL 0.000 | delta 0.001
U 102 | F 208896 | FPS 0031 | D 7083 | rR:mu sigma m M 0.00 0.00 0.00 0.00 | F:mu sigma m M 210.1 221.3 26.0 900.0 | H 1.098 | V 0.003 | pL 0.001 | vL 0.000 | delta 0.002
U 103 | F 210944 | FPS 0031 | D 7150 | rR:mu sigma m M 0.00 0.00 0.00 0.00 | F:mu sigma m M 129.3 133.0 20.0 560.0 | H 1.099 | V 0.001 | pL 0.000 | vL 0.000 | delta 0.000
U 104 | F 212992 | FPS 0030 | D 7218 | rR:mu sigma m M 0.00 0.00 0.00 0.00 | F:mu sigma m M 195.7 212.9 19.0 717.0 | H 1.099 | V 0.001 | pL 0.000 | vL 0.000 | delta 0.000
U 105 | F 215040 | FPS 0024 | D 7303 | rR:mu sigma m M 0.00 0.00 0.00 0.00 | F:mu sigma m M 118.7 64.8 31.0 254.0 | H 1.099 | V 0.001 | pL 0.000 | vL 0.000 | delta 0.000
U 106 | F 217088 | FPS 0030 | D 7372 | rR:mu sigma m M 0.00 0.00 0.00 0.00 | F:mu sigma m M 153.6 99.8 61.0 497.0 | H 1.099 | V 0.001 | pL 0.000 | vL 0.000 | delta 0.000
U 107 | F 219136 | FPS 0032 | D 7435 | rR:mu sigma m M 0.00 0.00 0.00 0.00 | F:mu sigma m M 126.6 61.1 27.0 245.0 | H 1.099 | V 0.002 | pL -0.000 | vL 0.000 | delta 0.000
U 108 | F 221184 | FPS 0027 | D 7512 | rR:mu sigma m M 0.05 0.19 0.00 0.80 | F:mu sigma m M 205.0 157.1 34.0 572.0 | H 1.098 | V 0.003 | pL -0.004 | vL 0.001 | delta 0.008
U 109 | F 223232 | FPS 0028 | D 7585 | rR:mu sigma m M 0.00 0.00 0.00 0.00 | F:mu sigma m M 137.5 106.1 33.0 389.0 | H 1.099 | V -0.001 | pL -0.000 | vL 0.000 | delta 0.000
U 110 | F 225280 | FPS 0029 | D 7654 | rR:mu sigma m M 0.00 0.00 0.00 0.00 | F:mu sigma m M 174.6 135.3 31.0 576.0 | H 1.099 | V -0.001 | pL -0.000 | vL 0.000 | delta 0.000
U 111 | F 227328 | FPS 0031 | D 7720 | rR:mu sigma m M 0.00 0.00 0.00 0.00 | F:mu sigma m M 161.5 84.5 31.0 332.0 | H 1.098 | V -0.000 | pL -0.000 | vL 0.000 | delta 0.001
U 112 | F 229376 | FPS 0025 | D 7802 | rR:mu sigma m M 0.00 0.00 0.00 0.00 | F:mu sigma m M 179.4 126.4 12.0 474.0 | H 1.096 | V 0.011 | pL 0.000 | vL 0.000 | delta 0.008
U 113 | F 231424 | FPS 0028 | D 7875 | rR:mu sigma m M 0.05 0.18 0.00 0.72 | F:mu sigma m M 189.6 116.9 35.0 474.0 | H 1.095 | V 0.016 | pL -0.004 | vL 0.001 | delta 0.022
U 114 | F 233472 | FPS 0030 | D 7944 | rR:mu sigma m M 0.00 0.00 0.00 0.00 | F:mu sigma m M 200.1 142.8 35.0 688.0 | H 1.095 | V 0.023 | pL 0.007 | vL 0.000 | delta 0.006
U 115 | F 235520 | FPS 0026 | D 8022 | rR:mu sigma m M 0.00 0.00 0.00 0.00 | F:mu sigma m M 139.4 120.5 13.0 491.0 | H 1.098 | V 0.020 | pL 0.006 | vL 0.000 | delta 0.004
U 116 | F 237568 | FPS 0028 | D 8095 | rR:mu sigma m M 0.00 0.00 0.00 0.00 | F:mu sigma m M 122.7 85.4 14.0 305.0 | H 1.098 | V 0.017 | pL 0.003 | vL 0.000 | delta 0.002
U 117 | F 239616 | FPS 0029 | D 8165 | rR:mu sigma m M 0.00 0.00 0.00 0.00 | F:mu sigma m M 138.4 92.5 9.0 351.0 | H 1.097 | V 0.016 | pL 0.003 | vL 0.000 | delta 0.002
U 118 | F 241664 | FPS 0029 | D 8237 | rR:mu sigma m M 0.07 0.19 0.00 0.68 | F:mu sigma m M 178.8 138.2 42.0 585.0 | H 1.095 | V 0.019 | pL -0.004 | vL 0.001 | delta 0.009
U 119 | F 243712 | FPS 0027 | D 8312 | rR:mu sigma m M 0.03 0.10 0.00 0.41 | F:mu sigma m M 233.9 221.9 36.0 900.0 | H 1.098 | V 0.010 | pL 0.003 | vL 0.000 | delta 0.002
U 120 | F 245760 | FPS 0028 | D 8385 | rR:mu sigma m M 0.00 0.00 0.00 0.00 | F:mu sigma m M 248.6 227.5 21.0 900.0 | H 1.097 | V 0.008 | pL 0.002 | vL 0.000 | delta 0.003
U 121 | F 247808 | FPS 0032 | D 8451 | rR:mu sigma m M 0.00 0.00 0.00 0.00 | F:mu sigma m M 165.2 137.7 41.0 570.0 | H 1.098 | V 0.009 | pL 0.002 | vL 0.000 | delta 0.002
U 122 | F 249856 | FPS 0030 | D 8518 | rR:mu sigma m M 0.00 0.00 0.00 0.00 | F:mu sigma m M 169.1 107.0 49.0 480.0 | H 1.098 | V 0.006 | pL 0.002 | vL 0.000 | delta 0.001
U 123 | F 251904 | FPS 0028 | D 8590 | rR:mu sigma m M 0.00 0.00 0.00 0.00 | F:mu sigma m M 158.9 108.4 49.0 459.0 | H 1.098 | V 0.004 | pL 0.001 | vL 0.000 | delta 0.001
U 124 | F 253952 | FPS 0026 | D 8669 | rR:mu sigma m M 0.00 0.00 0.00 0.00 | F:mu sigma m M 163.6 88.5 47.0 367.0 | H 1.096 | V 0.011 | pL 0.001 | vL 0.000 | delta 0.006
U 125 | F 256000 | FPS 0035 | D 8728 | rR:mu sigma m M 0.05 0.20 0.00 0.82 | F:mu sigma m M 136.2 95.6 21.0 381.0 | H 1.092 | V 0.015 | pL -0.002 | vL 0.002 | delta 0.018
U 126 | F 258048 | FPS 0028 | D 8800 | rR:mu sigma m M 0.05 0.20 0.00 0.82 | F:mu sigma m M 175.8 138.0 21.0 544.0 | H 1.098 | V 0.006 | pL -0.001 | vL 0.000 | delta 0.003
U 127 | F 260096 | FPS 0033 | D 8863 | rR:mu sigma m M 0.00 0.00 0.00 0.00 | F:mu sigma m M 209.7 145.6 15.0 544.0 | H 1.097 | V 0.009 | pL 0.001 | vL 0.000 | delta 0.003
U 128 | F 262144 | FPS 0030 | D 8931 | rR:mu sigma m M 0.00 0.00 0.00 0.00 | F:mu sigma m M 179.6 111.4 16.0 371.0 | H 1.098 | V 0.009 | pL 0.002 | vL 0.000 | delta 0.002
U 129 | F 264192 | FPS 0028 | D 9004 | rR:mu sigma m M 0.00 0.00 0.00 0.00 | F:mu sigma m M 211.8 167.6 25.0 714.0 | H 1.098 | V 0.008 | pL 0.001 | vL 0.000 | delta 0.001
U 130 | F 266240 | FPS 0032 | D 9068 | rR:mu sigma m M 0.00 0.00 0.00 0.00 | F:mu sigma m M 178.6 163.7 29.0 711.0 | H 1.098 | V 0.007 | pL 0.003 | vL 0.000 | delta 0.001
U 131 | F 268288 | FPS 0026 | D 9145 | rR:mu sigma m M 0.00 0.00 0.00 0.00 | F:mu sigma m M 159.6 152.0 14.0 619.0 | H 1.098 | V 0.004 | pL 0.001 | vL 0.000 | delta 0.000
U 132 | F 270336 | FPS 0030 | D 9214 | rR:mu sigma m M 0.00 0.00 0.00 0.00 | F:mu sigma m M 145.2 97.0 14.0 386.0 | H 1.099 | V 0.004 | pL 0.001 | vL 0.000 | delta 0.000
U 133 | F 272384 | FPS 0026 | D 9292 | rR:mu sigma m M 0.00 0.00 0.00 0.00 | F:mu sigma m M 203.2 107.6 27.0 532.0 | H 1.098 | V 0.005 | pL 0.001 | vL 0.000 | delta 0.001
U 134 | F 274432 | FPS 0025 | D 9373 | rR:mu sigma m M 0.00 0.00 0.00 0.00 | F:mu sigma m M 198.8 142.8 33.0 532.0 | H 1.098 | V 0.003 | pL 0.001 | vL 0.000 | delta 0.001
U 135 | F 276480 | FPS 0026 | D 9451 | rR:mu sigma m M 0.00 0.00 0.00 0.00 | F:mu sigma m M 199.8 179.5 45.0 617.0 | H 1.099 | V 0.003 | pL 0.001 | vL 0.000 | delta 0.000
U 136 | F 278528 | FPS 0030 | D 9519 | rR:mu sigma m M 0.04 0.17 0.00 0.70 | F:mu sigma m M 178.4 142.9 50.0 595.0 | H 1.092 | V 0.005 | pL -0.004 | vL 0.001 | delta 0.016
U 137 | F 280576 | FPS 0032 | D 9583 | rR:mu sigma m M 0.04 0.15 0.00 0.63 | F:mu sigma m M 145.9 137.0 10.0 393.0 | H 1.092 | V 0.034 | pL -0.000 | vL 0.001 | delta 0.008
U 138 | F 282624 | FPS 0027 | D 9660 | rR:mu sigma m M 0.11 0.24 0.00 0.65 | F:mu sigma m M 191.2 141.7 14.0 445.0 | H 1.097 | V 0.022 | pL -0.004 | vL 0.000 | delta 0.010
U 139 | F 284672 | FPS 0025 | D 9742 | rR:mu sigma m M 0.04 0.16 0.00 0.65 | F:mu sigma m M 123.8 103.1 28.0 380.0 | H 1.098 | V 0.008 | pL 0.002 | vL 0.000 | delta 0.002
U 140 | F 286720 | FPS 0031 | D 9808 | rR:mu sigma m M 0.00 0.00 0.00 0.00 | F:mu sigma m M 112.2 94.8 14.0 368.0 | H 1.097 | V 0.006 | pL 0.002 | vL 0.000 | delta 0.003
U 141 | F 288768 | FPS 0029 | D 9879 | rR:mu sigma m M 0.00 0.00 0.00 0.00 | F:mu sigma m M 155.2 156.1 8.0 574.0 | H 1.096 | V 0.016 | pL 0.001 | vL 0.000 | delta 0.007
U 142 | F 290816 | FPS 0031 | D 9945 | rR:mu sigma m M 0.02 0.09 0.00 0.36 | F:mu sigma m M 153.8 152.8 8.0 639.0 | H 1.096 | V 0.012 | pL 0.001 | vL 0.000 | delta 0.005
U 143 | F 292864 | FPS 0032 | D 10009 | rR:mu sigma m M 0.00 0.00 0.00 0.00 | F:mu sigma m M 128.8 84.3 26.0 307.0 | H 1.096 | V 0.008 | pL 0.002 | vL 0.000 | delta 0.004
U 144 | F 294912 | FPS 0030 | D 10077 | rR:mu sigma m M 0.00 0.00 0.00 0.00 | F:mu sigma m M 163.1 95.8 26.0 351.0 | H 1.096 | V 0.003 | pL 0.001 | vL 0.000 | delta 0.002
U 145 | F 296960 | FPS 0028 | D 10150 | rR:mu sigma m M 0.00 0.00 0.00 0.00 | F:mu sigma m M 164.1 101.2 32.0 351.0 | H 1.098 | V 0.007 | pL 0.000 | vL 0.000 | delta 0.002
U 146 | F 299008 | FPS 0032 | D 10214 | rR:mu sigma m M 0.03 0.15 0.00 0.72 | F:mu sigma m M 175.0 200.6 18.0 900.0 | H 1.094 | V 0.010 | pL -0.004 | vL 0.001 | delta 0.009
U 147 | F 301056 | FPS 0023 | D 10302 | rR:mu sigma m M 0.04 0.17 0.00 0.72 | F:mu sigma m M 156.7 204.2 18.0 900.0 | H 1.098 | V 0.008 | pL 0.002 | vL 0.000 | delta 0.002
U 148 | F 303104 | FPS 0027 | D 10378 | rR:mu sigma m M 0.04 0.19 0.00 0.89 | F:mu sigma m M 149.2 118.4 10.0 425.0 | H 1.096 | V 0.015 | pL -0.005 | vL 0.001 | delta 0.014
U 149 | F 305152 | FPS 0030 | D 10446 | rR:mu sigma m M 0.00 0.00 0.00 0.00 | F:mu sigma m M 164.4 130.5 25.0 486.0 | H 1.098 | V 0.006 | pL -0.000 | vL 0.000 | delta 0.006
U 150 | F 307200 | FPS 0031 | D 10511 | rR:mu sigma m M 0.00 0.00 0.00 0.00 | F:mu sigma m M 170.5 96.9 29.0 373.0 | H 1.098 | V 0.004 | pL 0.001 | vL 0.000 | delta 0.002
U 151 | F 309248 | FPS 0031 | D 10578 | rR:mu sigma m M 0.00 0.00 0.00 0.00 | F:mu sigma m M 155.5 79.2 45.0 281.0 | H 1.098 | V 0.005 | pL 0.001 | vL 0.000 | delta 0.002
U 152 | F 311296 | FPS 0032 | D 10642 | rR:mu sigma m M 0.00 0.00 0.00 0.00 | F:mu sigma m M 112.6 60.2 11.0 253.0 | H 1.097 | V 0.006 | pL -0.000 | vL 0.000 | delta 0.002
U 153 | F 313344 | FPS 0033 | D 10703 | rR:mu sigma m M 0.04 0.16 0.00 0.65 | F:mu sigma m M 161.1 80.0 60.0 353.0 | H 1.095 | V 0.019 | pL -0.007 | vL 0.001 | delta 0.009
U 154 | F 315392 | FPS 0029 | D 10775 | rR:mu sigma m M 0.09 0.23 0.00 0.73 | F:mu sigma m M 147.4 95.1 16.0 353.0 | H 1.096 | V 0.011 | pL -0.000 | vL 0.000 | delta 0.003
U 155 | F 317440 | FPS 0029 | D 10845 | rR:mu sigma m M 0.00 0.00 0.00 0.00 | F:mu sigma m M 111.8 82.2 16.0 270.0 | H 1.097 | V 0.005 | pL -0.000 | vL 0.000 | delta 0.002
U 156 | F 319488 | FPS 0031 | D 10912 | rR:mu sigma m M 0.00 0.00 0.00 0.00 | F:mu sigma m M 176.1 181.3 27.0 754.0 | H 1.098 | V 0.005 | pL 0.002 | vL 0.000 | delta 0.002
U 157 | F 321536 | FPS 0028 | D 10985 | rR:mu sigma m M 0.00 0.00 0.00 0.00 | F:mu sigma m M 170.5 178.7 61.0 790.0 | H 1.098 | V 0.003 | pL 0.001 | vL 0.000 | delta 0.000
U 158 | F 323584 | FPS 0030 | D 11053 | rR:mu sigma m M 0.00 0.00 0.00 0.00 | F:mu sigma m M 178.3 163.7 27.0 616.0 | H 1.098 | V 0.002 | pL 0.001 | vL 0.000 | delta 0.001
U 159 | F 325632 | FPS 0031 | D 11120 | rR:mu sigma m M 0.00 0.00 0.00 0.00 | F:mu sigma m M 164.2 144.4 19.0 521.0 | H 1.098 | V 0.002 | pL 0.001 | vL 0.000 | delta 0.000
U 160 | F 327680 | FPS 0034 | D 11179 | rR:mu sigma m M 0.00 0.00 0.00 0.00 | F:mu sigma m M 178.1 102.9 34.0 365.0 | H 1.098 | V 0.006 | pL 0.000 | vL 0.000 | delta 0.002
U 161 | F 329728 | FPS 0026 | D 11258 | rR:mu sigma m M 0.03 0.13 0.00 0.54 | F:mu sigma m M 159.2 126.8 43.0 464.0 | H 1.097 | V 0.010 | pL -0.003 | vL 0.000 | delta 0.006
U 162 | F 331776 | FPS 0028 | D 11331 | rR:mu sigma m M 0.04 0.18 0.00 0.78 | F:mu sigma m M 161.4 127.6 27.0 520.0 | H 1.097 | V 0.009 | pL -0.002 | vL 0.001 | delta 0.011
U 163 | F 333824 | FPS 0027 | D 11407 | rR:mu sigma m M 0.00 0.00 0.00 0.00 | F:mu sigma m M 148.8 129.4 12.0 520.0 | H 1.099 | V 0.001 | pL 0.000 | vL 0.000 | delta 0.001
U 164 | F 335872 | FPS 0031 | D 11474 | rR:mu sigma m M 0.00 0.00 0.00 0.00 | F:mu sigma m M 159.0 103.7 12.0 337.0 | H 1.098 | V 0.001 | pL -0.000 | vL 0.000 | delta 0.001
U 165 | F 337920 | FPS 0030 | D 11542 | rR:mu sigma m M 0.05 0.19 0.00 0.78 | F:mu sigma m M 146.2 95.4 15.0 355.0 | H 1.092 | V 0.010 | pL -0.005 | vL 0.001 | delta 0.018
U 166 | F 339968 | FPS 0034 | D 11603 | rR:mu sigma m M 0.00 0.00 0.00 0.00 | F:mu sigma m M 99.1 72.1 13.0 299.0 | H 1.090 | V 0.006 | pL 0.000 | vL 0.001 | delta 0.007
U 167 | F 342016 | FPS 0033 | D 11665 | rR:mu sigma m M 0.05 0.19 0.00 0.79 | F:mu sigma m M 167.9 181.2 11.0 701.0 | H 1.089 | V 0.006 | pL -0.007 | vL 0.001 | delta 0.011
U 168 | F 344064 | FPS 0035 | D 11724 | rR:mu sigma m M 0.00 0.00 0.00 0.00 | F:mu sigma m M 170.0 183.1 23.0 734.0 | H 1.098 | V 0.002 | pL 0.001 | vL 0.000 | delta 0.002
U 169 | F 346112 | FPS 0030 | D 11792 | rR:mu sigma m M 0.00 0.00 0.00 0.00 | F:mu sigma m M 74.6 28.6 28.0 122.0 | H 1.098 | V 0.002 | pL 0.000 | vL 0.000 | delta 0.001
U 170 | F 348160 | FPS 0030 | D 11861 | rR:mu sigma m M 0.00 0.00 0.00 0.00 | F:mu sigma m M 126.3 127.0 24.0 513.0 | H 1.097 | V 0.004 | pL 0.000 | vL 0.000 | delta 0.004
U 171 | F 350208 | FPS 0030 | D 11929 | rR:mu sigma m M 0.04 0.16 0.00 0.66 | F:mu sigma m M 175.8 136.7 24.0 435.0 | H 1.096 | V 0.012 | pL -0.004 | vL 0.000 | delta 0.007
U 172 | F 352256 | FPS 0030 | D 11997 | rR:mu sigma m M 0.04 0.16 0.00 0.66 | F:mu sigma m M 203.6 176.7 51.0 569.0 | H 1.098 | V 0.006 | pL 0.000 | vL 0.000 | delta 0.002
U 173 | F 354304 | FPS 0029 | D 12068 | rR:mu sigma m M 0.00 0.00 0.00 0.00 | F:mu sigma m M 136.4 104.5 43.0 384.0 | H 1.098 | V 0.003 | pL 0.001 | vL 0.000 | delta 0.001
U 174 | F 356352 | FPS 0031 | D 12135 | rR:mu sigma m M 0.04 0.15 0.00 0.61 | F:mu sigma m M 152.3 111.5 43.0 394.0 | H 1.096 | V 0.010 | pL -0.004 | vL 0.000 | delta 0.006
U 175 | F 358400 | FPS 0032 | D 12200 | rR:mu sigma m M 0.04 0.15 0.00 0.61 | F:mu sigma m M 220.2 197.2 48.0 813.0 | H 1.097 | V 0.007 | pL 0.000 | vL 0.000 | delta 0.003
U 176 | F 360448 | FPS 0033 | D 12262 | rR:mu sigma m M 0.00 0.00 0.00 0.00 | F:mu sigma m M 264.1 192.7 50.0 813.0 | H 1.098 | V 0.004 | pL 0.002 | vL 0.000 | delta 0.003
U 177 | F 362496 | FPS 0027 | D 12338 | rR:mu sigma m M 0.00 0.00 0.00 0.00 | F:mu sigma m M 234.5 186.7 22.0 734.0 | H 1.099 | V 0.001 | pL 0.000 | vL 0.000 | delta 0.000
U 178 | F 364544 | FPS 0028 | D 12410 | rR:mu sigma m M 0.00 0.00 0.00 0.00 | F:mu sigma m M 175.2 166.0 22.0 734.0 | H 1.098 | V 0.001 | pL 0.000 | vL 0.000 | delta 0.000
U 179 | F 366592 | FPS 0028 | D 12484 | rR:mu sigma m M 0.00 0.00 0.00 0.00 | F:mu sigma m M 155.2 125.3 9.0 517.0 | H 1.098 | V 0.004 | pL 0.000 | vL 0.000 | delta 0.002
U 180 | F 368640 | FPS 0031 | D 12549 | rR:mu sigma m M 0.00 0.00 0.00 0.00 | F:mu sigma m M 110.9 107.7 14.0 452.0 | H 1.098 | V 0.005 | pL 0.001 | vL 0.000 | delta 0.002
U 181 | F 370688 | FPS 0030 | D 12617 | rR:mu sigma m M 0.09 0.25 0.00 0.75 | F:mu sigma m M 196.9 121.6 14.0 452.0 | H 1.095 | V 0.014 | pL -0.012 | vL 0.002 | delta 0.013
U 182 | F 372736 | FPS 0028 | D 12689 | rR:mu sigma m M 0.09 0.25 0.00 0.75 | F:mu sigma m M 187.9 90.1 48.0 371.0 | H 1.097 | V 0.011 | pL 0.004 | vL 0.000 | delta 0.003
U 183 | F 374784 | FPS 0030 | D 12758 | rR:mu sigma m M 0.00 0.00 0.00 0.00 | F:mu sigma m M 167.7 98.6 34.0 396.0 | H 1.098 | V 0.009 | pL 0.002 | vL 0.000 | delta 0.001
U 184 | F 376832 | FPS 0028 | D 12831 | rR:mu sigma m M 0.00 0.00 0.00 0.00 | F:mu sigma m M 172.4 106.6 51.0 396.0 | H 1.098 | V 0.011 | pL 0.001 | vL 0.000 | delta 0.003
U 185 | F 378880 | FPS 0034 | D 12891 | rR:mu sigma m M 0.04 0.15 0.00 0.70 | F:mu sigma m M 178.0 179.3 18.0 652.0 | H 1.097 | V 0.008 | pL 0.001 | vL 0.000 | delta 0.006
U 186 | F 380928 | FPS 0030 | D 12958 | rR:mu sigma m M 0.00 0.00 0.00 0.00 | F:mu sigma m M 167.9 195.6 18.0 676.0 | H 1.099 | V 0.001 | pL 0.000 | vL 0.000 | delta 0.000
U 187 | F 382976 | FPS 0033 | D 13020 | rR:mu sigma m M 0.00 0.00 0.00 0.00 | F:mu sigma m M 140.0 103.8 22.0 467.0 | H 1.099 | V 0.001 | pL 0.000 | vL 0.000 | delta 0.000
U 188 | F 385024 | FPS 0030 | D 13088 | rR:mu sigma m M 0.00 0.00 0.00 0.00 | F:mu sigma m M 181.0 115.7 36.0 467.0 | H 1.099 | V 0.001 | pL 0.000 | vL 0.000 | delta 0.000
U 189 | F 387072 | FPS 0031 | D 13155 | rR:mu sigma m M 0.00 0.00 0.00 0.00 | F:mu sigma m M 150.8 141.0 37.0 629.0 | H 1.098 | V 0.002 | pL -0.001 | vL 0.000 | delta 0.001
U 190 | F 389120 | FPS 0028 | D 13229 | rR:mu sigma m M 0.00 0.00 0.00 0.00 | F:mu sigma m M 191.7 178.4 33.0 629.0 | H 1.098 | V 0.001 | pL 0.001 | vL 0.000 | delta 0.001
U 191 | F 391168 | FPS 0031 | D 13294 | rR:mu sigma m M 0.00 0.00 0.00 0.00 | F:mu sigma m M 163.3 120.4 18.0 488.0 | H 1.098 | V 0.001 | pL 0.000 | vL 0.000 | delta 0.001
U 192 | F 393216 | FPS 0035 | D 13353 | rR:mu sigma m M 0.00 0.00 0.00 0.00 | F:mu sigma m M 207.9 133.3 18.0 500.0 | H 1.098 | V 0.001 | pL -0.000 | vL 0.000 | delta 0.000
U 193 | F 395264 | FPS 0030 | D 13420 | rR:mu sigma m M 0.05 0.19 0.00 0.78 | F:mu sigma m M 208.1 126.1 53.0 500.0 | H 1.096 | V 0.003 | pL -0.003 | vL 0.001 | delta 0.015
U 194 | F 397312 | FPS 0029 | D 13490 | rR:mu sigma m M 0.04 0.15 0.00 0.66 | F:mu sigma m M 171.0 136.7 39.0 589.0 | H 1.095 | V 0.013 | pL -0.004 | vL 0.000 | delta 0.008
U 195 | F 399360 | FPS 0030 | D 13559 | rR:mu sigma m M 0.04 0.16 0.00 0.65 | F:mu sigma m M 165.5 130.1 11.0 519.0 | H 1.095 | V 0.009 | pL -0.004 | vL 0.000 | delta 0.008
U 196 | F 401408 | FPS 0029 | D 13630 | rR:mu sigma m M 0.00 0.00 0.00 0.00 | F:mu sigma m M 152.7 79.7 15.0 328.0 | H 1.096 | V 0.015 | pL -0.002 | vL 0.000 | delta 0.008
U 197 | F 403456 | FPS 0032 | D 13693 | rR:mu sigma m M 0.00 0.00 0.00 0.00 | F:mu sigma m M 203.4 122.2 43.0 463.0 | H 1.093 | V 0.019 | pL 0.002 | vL 0.000 | delta 0.005
U 198 | F 405504 | FPS 0032 | D 13757 | rR:mu sigma m M 0.00 0.00 0.00 0.00 | F:mu sigma m M 132.5 104.3 19.0 389.0 | H 1.096 | V 0.013 | pL 0.005 | vL 0.000 | delta 0.005
U 199 | F 407552 | FPS 0034 | D 13818 | rR:mu sigma m M 0.00 0.00 0.00 0.00 | F:mu sigma m M 141.8 101.5 31.0 389.0 | H 1.096 | V 0.018 | pL 0.001 | vL 0.000 | delta 0.003
U 200 | F 409600 | FPS 0027 | D 13894 | rR:mu sigma m M 0.05 0.20 0.00 0.81 | F:mu sigma m M 181.4 155.6 43.0 703.0 | H 1.092 | V 0.028 | pL -0.002 | vL 0.001 | delta 0.011
U 201 | F 411648 | FPS 0029 | D 13964 | rR:mu sigma m M 0.09 0.24 0.00 0.81 | F:mu sigma m M 211.6 114.9 43.0 389.0 | H 1.091 | V 0.033 | pL -0.002 | vL 0.001 | delta 0.010
U 202 | F 413696 | FPS 0030 | D 14031 | rR:mu sigma m M 0.05 0.20 0.00 0.82 | F:mu sigma m M 183.8 125.6 28.0 485.0 | H 1.086 | V 0.028 | pL 0.001 | vL 0.002 | delta 0.012
U 203 | F 415744 | FPS 0030 | D 14098 | rR:mu sigma m M 0.09 0.24 0.00 0.85 | F:mu sigma m M 124.7 95.6 16.0 406.0 | H 1.084 | V 0.032 | pL -0.007 | vL 0.001 | delta 0.015
U 204 | F 417792 | FPS 0036 | D 14156 | rR:mu sigma m M 0.18 0.31 0.00 0.85 | F:mu sigma m M 154.6 107.8 22.0 360.0 | H 1.061 | V 0.066 | pL -0.015 | vL 0.002 | delta 0.027
U 205 | F 419840 | FPS 0031 | D 14221 | rR:mu sigma m M 0.14 0.30 0.00 0.82 | F:mu sigma m M 163.5 118.2 43.0 486.0 | H 1.047 | V 0.061 | pL -0.007 | vL 0.002 | delta 0.023
U 206 | F 421888 | FPS 0033 | D 14283 | rR:mu sigma m M 0.14 0.30 0.00 0.85 | F:mu sigma m M 167.1 104.3 51.0 486.0 | H 1.035 | V 0.086 | pL -0.006 | vL 0.002 | delta 0.022
U 207 | F 423936 | FPS 0036 | D 14340 | rR:mu sigma m M 0.17 0.32 0.00 0.87 | F:mu sigma m M 138.4 97.4 27.0 408.0 | H 1.024 | V 0.105 | pL -0.004 | vL 0.002 | delta 0.020
U 208 | F 425984 | FPS 0041 | D 14390 | rR:mu sigma m M 0.41 0.42 0.00 0.90 | F:mu sigma m M 125.4 73.3 24.0 346.0 | H 0.964 | V 0.140 | pL -0.032 | vL 0.004 | delta 0.037
U 209 | F 428032 | FPS 0040 | D 14441 | rR:mu sigma m M 0.67 0.36 0.00 0.93 | F:mu sigma m M 121.7 69.6 32.0 348.0 | H 0.888 | V 0.257 | pL -0.060 | vL 0.007 | delta 0.063
U 210 | F 430080 | FPS 0044 | D 14488 | rR:mu sigma m M 0.62 0.41 0.00 0.95 | F:mu sigma m M 101.8 42.6 32.0 204.0 | H 0.932 | V 0.266 | pL -0.045 | vL 0.005 | delta 0.043
U 211 | F 432128 | FPS 0046 | D 14532 | rR:mu sigma m M 0.77 0.31 0.00 0.96 | F:mu sigma m M 97.4 42.8 41.0 199.0 | H 0.869 | V 0.349 | pL -0.084 | vL 0.007 | delta 0.060
U 212 | F 434176 | FPS 0054 | D 14570 | rR:mu sigma m M 0.89 0.17 0.00 0.96 | F:mu sigma m M 78.4 30.3 33.0 151.0 | H 0.787 | V 0.493 | pL -0.093 | vL 0.008 | delta 0.072
U 213 | F 436224 | FPS 0064 | D 14602 | rR:mu sigma m M 0.89 0.22 0.00 0.97 | F:mu sigma m M 60.4 19.3 27.0 110.0 | H 0.716 | V 0.550 | pL -0.091 | vL 0.005 | delta 0.070
U 214 | F 438272 | FPS 0067 | D 14633 | rR:mu sigma m M 0.95 0.01 0.90 0.97 | F:mu sigma m M 52.7 13.9 33.0 96.0 | H 0.650 | V 0.669 | pL -0.082 | vL 0.004 | delta 0.065
agent reach optimality, start collecting trajectories
agent successfully collected 10 trajectories
pickling optimal trajectories
Model successfully saved
/home/rdali/.local/easybuild/software/2017/Core/miniconda3/4.3.27/envs/observe/lib/python3.6/site-packages/torch/nn/functional.py:1906: UserWarning: reduction: 'mean' divides the total loss by both the batch size and the support size.'batchmean' divides only by the batch size, and aligns with the KL div math definition.'mean' will be changed to behave the same as 'batchmean' in the next major release.
  warnings.warn("reduction: 'mean' divides the total loss by both the batch size and the support size."
