The following modules were not unloaded:
  (Use "module --force purge" to unload all):

  1) StdEnv/2018.3     4) gcccore/.7.3.0      7) intel/2018.3
  2) nixpkgs/16.09     5) icc/.2018.3.222     8) openmpi/3.1.2
  3) imkl/2018.3.222   6) ifort/.2018.3.222

Due to MODULEPATH changes, the following have been reloaded:
  1) openmpi/3.1.2

Attention: While Conda works well in a desktop environment, it tends to create more problems than it solves on a cluster. Instead, we recommend that users use virtual environments and the binary packages that we provide through Python wheels as documented on the Python page.
/home/rdali/RL/watch_and_learn/dependency/rl-starter-files/scripts/train_agent_multidem.py --env MiniGrid-LavaCrossingAddictO12S15-v0 --algo ppo --nameDemonstrator LavaCrossing1215Addict1,LavaCrossing1215Addict2,LavaCrossing1215Addict4,LavaCrossing1215Addict5,LavaCrossing1215Addict7,LavaCrossing1215Addict8,LavaCrossing1215Addict9,LavaCrossing1215Addict10 --flat-model 0 --KLweight 0.01 --useKL 1 --meanReward 0.80 --rewardLB 0.70 --seed 6865

Namespace(KLweight=0.01, algo='ppo', batch_size=256, clip_eps=0.2, discount=0.99, entropy_coef=0.01, env='MiniGrid-LavaCrossingAddictO12S15-v0', epochs=4, flat_model=0, frames=10000000, frames_per_proc=None, full_obs=0, gae_lambda=0.95, log_interval=1, lr=0.0007, max_grad_norm=0.5, meanReward=0.8, mem=False, model=None, nameDemonstrator='LavaCrossing1215Addict1,LavaCrossing1215Addict2,LavaCrossing1215Addict4,LavaCrossing1215Addict5,LavaCrossing1215Addict7,LavaCrossing1215Addict8,LavaCrossing1215Addict9,LavaCrossing1215Addict10', optim_alpha=0.99, optim_eps=1e-05, procs=16, recurrence=1, rewardLB=0.7, save_interval=0, seed=6865, tb=False, text=False, useKL=1, value_loss_coef=0.5)

Flat model successfully created

ACModel(
  (image_conv): Sequential(
    (0): Conv2d(3, 32, kernel_size=(2, 2), stride=(1, 1))
    (1): ReLU()
    (2): MaxPool2d(kernel_size=(2, 2), stride=(2, 2), padding=0, dilation=1, ceil_mode=False)
    (3): Conv2d(32, 64, kernel_size=(2, 2), stride=(1, 1))
    (4): ReLU()
    (5): Conv2d(64, 64, kernel_size=(2, 2), stride=(1, 1))
    (6): ReLU()
  )
  (actor): Sequential(
    (0): Linear(in_features=1600, out_features=64, bias=True)
    (1): Tanh()
    (2): Linear(in_features=64, out_features=3, bias=True)
  )
  (critic): Sequential(
    (0): Linear(in_features=1600, out_features=64, bias=True)
    (1): Tanh()
    (2): Linear(in_features=64, out_features=1, bias=True)
  )
)

CUDA available: False

1
True
0.01
Using TensorFlow backend.
OMP: Info #212: KMP_AFFINITY: decoding x2APIC ids.
OMP: Info #210: KMP_AFFINITY: Affinity capable, using global cpuid leaf 11 info
OMP: Info #154: KMP_AFFINITY: Initial OS proc set respected: 28,32,34,36,38
OMP: Info #156: KMP_AFFINITY: 5 available OS procs
OMP: Info #157: KMP_AFFINITY: Uniform topology
OMP: Info #179: KMP_AFFINITY: 1 packages x 5 cores/pkg x 1 threads/core (5 total cores)
OMP: Info #214: KMP_AFFINITY: OS proc to physical thread map:
OMP: Info #171: KMP_AFFINITY: OS proc 28 maps to package 0 core 18 
OMP: Info #171: KMP_AFFINITY: OS proc 32 maps to package 0 core 24 
OMP: Info #171: KMP_AFFINITY: OS proc 36 maps to package 0 core 25 
OMP: Info #171: KMP_AFFINITY: OS proc 38 maps to package 0 core 26 
OMP: Info #171: KMP_AFFINITY: OS proc 34 maps to package 0 core 27 
OMP: Info #250: KMP_AFFINITY: pid 374880 tid 374880 thread 0 bound to OS proc set 28
OMP: Info #250: KMP_AFFINITY: pid 374880 tid 375059 thread 1 bound to OS proc set 32
OMP: Info #250: KMP_AFFINITY: pid 374880 tid 375060 thread 2 bound to OS proc set 36
OMP: Info #250: KMP_AFFINITY: pid 374880 tid 375061 thread 3 bound to OS proc set 38
OMP: Info #250: KMP_AFFINITY: pid 374880 tid 375063 thread 4 bound to OS proc set 34
OMP: Info #250: KMP_AFFINITY: pid 374880 tid 375305 thread 5 bound to OS proc set 28
OMP: Info #250: KMP_AFFINITY: pid 374880 tid 375304 thread 6 bound to OS proc set 32
OMP: Info #250: KMP_AFFINITY: pid 374880 tid 375323 thread 7 bound to OS proc set 36
OMP: Info #250: KMP_AFFINITY: pid 374880 tid 375324 thread 8 bound to OS proc set 38
OMP: Info #250: KMP_AFFINITY: pid 374880 tid 375325 thread 9 bound to OS proc set 34
OMP: Info #250: KMP_AFFINITY: pid 374880 tid 375326 thread 10 bound to OS proc set 28
OMP: Info #250: KMP_AFFINITY: pid 374880 tid 375384 thread 11 bound to OS proc set 32
OMP: Info #250: KMP_AFFINITY: pid 374880 tid 375385 thread 12 bound to OS proc set 36
OMP: Info #250: KMP_AFFINITY: pid 374880 tid 375386 thread 13 bound to OS proc set 38
OMP: Info #250: KMP_AFFINITY: pid 374880 tid 375387 thread 14 bound to OS proc set 34
OMP: Info #250: KMP_AFFINITY: pid 374880 tid 375388 thread 15 bound to OS proc set 28
U 1 | F 002048 | FPS 0024 | D 86 | rR:mu sigma m M 0.00 0.00 0.00 0.00 | F:mu sigma m M 41.0 48.9 0.0 126.0 | H 1.098 | V 0.028 | pL 0.008 | vL 0.000 | delta 0.049
U 2 | F 004096 | FPS 0028 | D 160 | rR:mu sigma m M 0.00 0.00 0.00 0.00 | F:mu sigma m M 103.8 44.9 37.0 175.0 | H 1.097 | V 0.041 | pL 0.010 | vL 0.000 | delta 0.006
U 3 | F 006144 | FPS 0026 | D 238 | rR:mu sigma m M 0.00 0.00 0.00 0.00 | F:mu sigma m M 161.0 96.4 41.0 312.0 | H 1.099 | V 0.029 | pL 0.008 | vL 0.000 | delta 0.005
U 4 | F 008192 | FPS 0033 | D 301 | rR:mu sigma m M 0.00 0.00 0.00 0.00 | F:mu sigma m M 162.7 103.7 25.0 347.0 | H 1.098 | V 0.022 | pL 0.006 | vL 0.000 | delta 0.003
U 5 | F 010240 | FPS 0029 | D 372 | rR:mu sigma m M 0.00 0.00 0.00 0.00 | F:mu sigma m M 176.9 149.8 21.0 551.0 | H 1.098 | V 0.018 | pL 0.006 | vL 0.000 | delta 0.003
U 6 | F 012288 | FPS 0025 | D 454 | rR:mu sigma m M 0.00 0.00 0.00 0.00 | F:mu sigma m M 214.4 186.7 21.0 693.0 | H 1.098 | V 0.015 | pL 0.004 | vL 0.000 | delta 0.003
U 7 | F 014336 | FPS 0024 | D 539 | rR:mu sigma m M 0.00 0.00 0.00 0.00 | F:mu sigma m M 227.1 180.0 48.0 693.0 | H 1.098 | V 0.011 | pL 0.003 | vL 0.000 | delta 0.002
U 8 | F 016384 | FPS 0026 | D 617 | rR:mu sigma m M 0.00 0.00 0.00 0.00 | F:mu sigma m M 199.8 125.9 48.0 407.0 | H 1.099 | V 0.008 | pL 0.002 | vL 0.000 | delta 0.001
U 9 | F 018432 | FPS 0028 | D 691 | rR:mu sigma m M 0.00 0.00 0.00 0.00 | F:mu sigma m M 205.0 165.7 35.0 523.0 | H 1.098 | V 0.006 | pL 0.002 | vL 0.000 | delta 0.001
U 10 | F 020480 | FPS 0028 | D 763 | rR:mu sigma m M 0.00 0.00 0.00 0.00 | F:mu sigma m M 192.4 238.0 32.0 900.0 | H 1.099 | V 0.004 | pL 0.001 | vL 0.000 | delta 0.001
U 11 | F 022528 | FPS 0033 | D 826 | rR:mu sigma m M 0.00 0.00 0.00 0.00 | F:mu sigma m M 145.2 108.6 27.0 443.0 | H 1.099 | V 0.003 | pL 0.001 | vL 0.000 | delta 0.001
U 12 | F 024576 | FPS 0028 | D 899 | rR:mu sigma m M 0.08 0.22 0.00 0.81 | F:mu sigma m M 166.9 198.8 30.0 799.0 | H 1.080 | V 0.008 | pL -0.006 | vL 0.001 | delta 0.016
U 13 | F 026624 | FPS 0030 | D 967 | rR:mu sigma m M 0.00 0.00 0.00 0.00 | F:mu sigma m M 171.8 168.9 32.0 642.0 | H 1.098 | V 0.003 | pL 0.001 | vL 0.000 | delta 0.002
U 14 | F 028672 | FPS 0028 | D 1041 | rR:mu sigma m M 0.00 0.00 0.00 0.00 | F:mu sigma m M 112.8 61.0 46.0 321.0 | H 1.098 | V 0.002 | pL 0.001 | vL 0.000 | delta 0.003
U 15 | F 030720 | FPS 0030 | D 1110 | rR:mu sigma m M 0.00 0.00 0.00 0.00 | F:mu sigma m M 143.8 160.5 37.0 691.0 | H 1.098 | V 0.002 | pL 0.001 | vL 0.000 | delta 0.001
U 16 | F 032768 | FPS 0025 | D 1192 | rR:mu sigma m M 0.00 0.00 0.00 0.00 | F:mu sigma m M 130.4 107.2 36.0 390.0 | H 1.098 | V 0.002 | pL 0.000 | vL 0.000 | delta 0.006
U 17 | F 034816 | FPS 0032 | D 1255 | rR:mu sigma m M 0.03 0.14 0.00 0.56 | F:mu sigma m M 197.8 137.8 22.0 506.0 | H 1.097 | V 0.006 | pL -0.003 | vL 0.000 | delta 0.053
U 18 | F 036864 | FPS 0028 | D 1329 | rR:mu sigma m M 0.00 0.00 0.00 0.00 | F:mu sigma m M 212.4 149.3 22.0 568.0 | H 1.098 | V 0.013 | pL 0.003 | vL 0.000 | delta 0.005
U 19 | F 038912 | FPS 0028 | D 1403 | rR:mu sigma m M 0.00 0.00 0.00 0.00 | F:mu sigma m M 164.5 106.1 9.0 393.0 | H 1.098 | V 0.010 | pL 0.003 | vL 0.000 | delta 0.002
U 20 | F 040960 | FPS 0029 | D 1473 | rR:mu sigma m M 0.00 0.00 0.00 0.00 | F:mu sigma m M 163.0 105.5 38.0 442.0 | H 1.098 | V 0.009 | pL 0.003 | vL 0.000 | delta 0.003
U 21 | F 043008 | FPS 0029 | D 1544 | rR:mu sigma m M 0.00 0.00 0.00 0.00 | F:mu sigma m M 194.0 209.4 38.0 900.0 | H 1.099 | V 0.005 | pL 0.001 | vL 0.000 | delta 0.001
U 22 | F 045056 | FPS 0028 | D 1617 | rR:mu sigma m M 0.00 0.00 0.00 0.00 | F:mu sigma m M 186.2 199.2 26.0 900.0 | H 1.099 | V 0.005 | pL 0.001 | vL 0.000 | delta 0.001
U 23 | F 047104 | FPS 0031 | D 1682 | rR:mu sigma m M 0.00 0.00 0.00 0.00 | F:mu sigma m M 153.2 112.3 10.0 339.0 | H 1.098 | V 0.005 | pL 0.001 | vL 0.000 | delta 0.000
U 24 | F 049152 | FPS 0030 | D 1751 | rR:mu sigma m M 0.05 0.18 0.00 0.75 | F:mu sigma m M 140.4 114.5 18.0 362.0 | H 1.095 | V 0.011 | pL -0.005 | vL 0.001 | delta 0.016
U 25 | F 051200 | FPS 0034 | D 1811 | rR:mu sigma m M 0.00 0.00 0.00 0.00 | F:mu sigma m M 222.1 190.6 28.0 732.0 | H 1.098 | V -0.000 | pL 0.000 | vL 0.000 | delta 0.005
U 26 | F 053248 | FPS 0029 | D 1881 | rR:mu sigma m M 0.00 0.00 0.00 0.00 | F:mu sigma m M 163.6 133.7 28.0 552.0 | H 1.098 | V 0.001 | pL -0.000 | vL 0.000 | delta 0.001
U 27 | F 055296 | FPS 0030 | D 1950 | rR:mu sigma m M 0.00 0.00 0.00 0.00 | F:mu sigma m M 196.6 169.6 15.0 658.0 | H 1.098 | V 0.002 | pL 0.001 | vL 0.000 | delta 0.001
U 28 | F 057344 | FPS 0029 | D 2020 | rR:mu sigma m M 0.03 0.13 0.00 0.53 | F:mu sigma m M 156.4 120.7 15.0 468.0 | H 1.095 | V 0.007 | pL -0.004 | vL 0.000 | delta 0.018
U 29 | F 059392 | FPS 0031 | D 2085 | rR:mu sigma m M 0.03 0.13 0.00 0.53 | F:mu sigma m M 200.2 115.4 53.0 468.0 | H 1.098 | V 0.003 | pL 0.001 | vL 0.000 | delta 0.003
U 30 | F 061440 | FPS 0026 | D 2163 | rR:mu sigma m M 0.00 0.00 0.00 0.00 | F:mu sigma m M 161.3 110.9 26.0 422.0 | H 1.098 | V 0.003 | pL 0.001 | vL 0.000 | delta 0.001
U 31 | F 063488 | FPS 0029 | D 2233 | rR:mu sigma m M 0.00 0.00 0.00 0.00 | F:mu sigma m M 161.2 136.8 13.0 455.0 | H 1.098 | V 0.006 | pL 0.000 | vL 0.000 | delta 0.002
U 32 | F 065536 | FPS 0026 | D 2310 | rR:mu sigma m M 0.00 0.00 0.00 0.00 | F:mu sigma m M 151.8 87.5 32.0 308.0 | H 1.098 | V 0.004 | pL 0.001 | vL 0.000 | delta 0.001
U 33 | F 067584 | FPS 0028 | D 2383 | rR:mu sigma m M 0.00 0.00 0.00 0.00 | F:mu sigma m M 175.4 146.9 17.0 508.0 | H 1.099 | V 0.003 | pL 0.001 | vL 0.000 | delta 0.001
U 34 | F 069632 | FPS 0029 | D 2454 | rR:mu sigma m M 0.00 0.00 0.00 0.00 | F:mu sigma m M 161.3 127.9 17.0 478.0 | H 1.098 | V 0.002 | pL 0.000 | vL 0.000 | delta 0.001
U 35 | F 071680 | FPS 0029 | D 2525 | rR:mu sigma m M 0.04 0.14 0.00 0.58 | F:mu sigma m M 193.0 116.5 50.0 432.0 | H 1.092 | V 0.006 | pL -0.005 | vL 0.000 | delta 0.015
U 36 | F 073728 | FPS 0030 | D 2593 | rR:mu sigma m M 0.00 0.00 0.00 0.00 | F:mu sigma m M 138.4 143.9 31.0 650.0 | H 1.098 | V 0.000 | pL 0.000 | vL 0.000 | delta 0.001
U 37 | F 075776 | FPS 0028 | D 2666 | rR:mu sigma m M 0.00 0.00 0.00 0.00 | F:mu sigma m M 105.1 73.1 30.0 313.0 | H 1.099 | V -0.001 | pL -0.000 | vL 0.000 | delta 0.001
U 38 | F 077824 | FPS 0026 | D 2744 | rR:mu sigma m M 0.00 0.00 0.00 0.00 | F:mu sigma m M 142.2 137.5 30.0 602.0 | H 1.099 | V -0.001 | pL -0.000 | vL 0.000 | delta 0.001
U 39 | F 079872 | FPS 0031 | D 2810 | rR:mu sigma m M 0.00 0.00 0.00 0.00 | F:mu sigma m M 201.1 144.5 46.0 602.0 | H 1.097 | V 0.004 | pL 0.000 | vL 0.000 | delta 0.003
U 40 | F 081920 | FPS 0034 | D 2869 | rR:mu sigma m M 0.00 0.00 0.00 0.00 | F:mu sigma m M 215.7 176.1 31.0 622.0 | H 1.098 | V 0.002 | pL 0.000 | vL 0.000 | delta 0.002
U 41 | F 083968 | FPS 0029 | D 2941 | rR:mu sigma m M 0.00 0.00 0.00 0.00 | F:mu sigma m M 187.4 152.7 31.0 529.0 | H 1.098 | V 0.004 | pL 0.001 | vL 0.000 | delta 0.002
U 42 | F 086016 | FPS 0033 | D 3003 | rR:mu sigma m M 0.05 0.18 0.00 0.75 | F:mu sigma m M 142.6 96.3 22.0 313.0 | H 1.095 | V 0.006 | pL -0.004 | vL 0.001 | delta 0.026
U 43 | F 088064 | FPS 0026 | D 3080 | rR:mu sigma m M 0.00 0.00 0.00 0.00 | F:mu sigma m M 182.5 233.3 54.0 900.0 | H 1.096 | V 0.024 | pL 0.000 | vL 0.001 | delta 0.016
U 44 | F 090112 | FPS 0028 | D 3153 | rR:mu sigma m M 0.00 0.00 0.00 0.00 | F:mu sigma m M 245.9 223.5 22.0 765.0 | H 1.098 | V 0.017 | pL 0.006 | vL 0.000 | delta 0.006
U 45 | F 092160 | FPS 0029 | D 3224 | rR:mu sigma m M 0.00 0.00 0.00 0.00 | F:mu sigma m M 193.4 133.9 22.0 499.0 | H 1.097 | V 0.014 | pL 0.003 | vL 0.000 | delta 0.003
U 46 | F 094208 | FPS 0025 | D 3305 | rR:mu sigma m M 0.00 0.00 0.00 0.00 | F:mu sigma m M 153.8 91.4 24.0 299.0 | H 1.098 | V 0.008 | pL 0.003 | vL 0.000 | delta 0.002
U 47 | F 096256 | FPS 0028 | D 3378 | rR:mu sigma m M 0.00 0.00 0.00 0.00 | F:mu sigma m M 139.2 97.7 24.0 365.0 | H 1.098 | V 0.008 | pL 0.002 | vL 0.000 | delta 0.002
U 48 | F 098304 | FPS 0030 | D 3445 | rR:mu sigma m M 0.00 0.00 0.00 0.00 | F:mu sigma m M 169.2 150.1 40.0 671.0 | H 1.099 | V 0.006 | pL 0.002 | vL 0.000 | delta 0.001
U 49 | F 100352 | FPS 0031 | D 3512 | rR:mu sigma m M 0.00 0.00 0.00 0.00 | F:mu sigma m M 138.2 131.9 13.0 455.0 | H 1.098 | V 0.005 | pL 0.001 | vL 0.000 | delta 0.001
U 50 | F 102400 | FPS 0027 | D 3587 | rR:mu sigma m M 0.00 0.00 0.00 0.00 | F:mu sigma m M 149.4 114.8 11.0 394.0 | H 1.099 | V 0.003 | pL 0.001 | vL 0.000 | delta 0.000
U 51 | F 104448 | FPS 0031 | D 3653 | rR:mu sigma m M 0.00 0.00 0.00 0.00 | F:mu sigma m M 146.5 115.9 15.0 458.0 | H 1.098 | V 0.004 | pL 0.001 | vL 0.000 | delta 0.001
U 52 | F 106496 | FPS 0030 | D 3722 | rR:mu sigma m M 0.00 0.00 0.00 0.00 | F:mu sigma m M 174.2 156.3 15.0 626.0 | H 1.099 | V 0.002 | pL 0.001 | vL 0.000 | delta 0.001
U 53 | F 108544 | FPS 0032 | D 3785 | rR:mu sigma m M 0.00 0.00 0.00 0.00 | F:mu sigma m M 140.1 116.3 26.0 493.0 | H 1.099 | V 0.001 | pL 0.000 | vL 0.000 | delta 0.000
U 54 | F 110592 | FPS 0029 | D 3857 | rR:mu sigma m M 0.00 0.00 0.00 0.00 | F:mu sigma m M 171.5 117.6 26.0 493.0 | H 1.099 | V 0.001 | pL 0.000 | vL 0.000 | delta 0.000
U 55 | F 112640 | FPS 0026 | D 3936 | rR:mu sigma m M 0.00 0.00 0.00 0.00 | F:mu sigma m M 167.4 100.9 19.0 498.0 | H 1.099 | V 0.000 | pL 0.000 | vL 0.000 | delta 0.000
U 56 | F 114688 | FPS 0027 | D 4012 | rR:mu sigma m M 0.00 0.00 0.00 0.00 | F:mu sigma m M 203.2 165.0 19.0 659.0 | H 1.099 | V 0.000 | pL 0.000 | vL 0.000 | delta 0.000
U 57 | F 116736 | FPS 0029 | D 4082 | rR:mu sigma m M 0.00 0.00 0.00 0.00 | F:mu sigma m M 142.2 92.4 33.0 344.0 | H 1.099 | V 0.001 | pL 0.000 | vL 0.000 | delta 0.000
U 58 | F 118784 | FPS 0029 | D 4152 | rR:mu sigma m M 0.00 0.00 0.00 0.00 | F:mu sigma m M 132.8 106.9 15.0 388.0 | H 1.099 | V 0.000 | pL 0.000 | vL 0.000 | delta 0.000
U 59 | F 120832 | FPS 0027 | D 4229 | rR:mu sigma m M 0.00 0.00 0.00 0.00 | F:mu sigma m M 125.8 82.0 37.0 326.0 | H 1.099 | V 0.000 | pL 0.000 | vL 0.000 | delta 0.000
U 60 | F 122880 | FPS 0030 | D 4297 | rR:mu sigma m M 0.00 0.00 0.00 0.00 | F:mu sigma m M 154.8 114.0 47.0 453.0 | H 1.099 | V 0.000 | pL 0.000 | vL 0.000 | delta 0.000
U 61 | F 124928 | FPS 0030 | D 4366 | rR:mu sigma m M 0.00 0.00 0.00 0.00 | F:mu sigma m M 124.0 116.9 16.0 456.0 | H 1.099 | V 0.000 | pL 0.000 | vL 0.000 | delta 0.000
U 62 | F 126976 | FPS 0027 | D 4441 | rR:mu sigma m M 0.00 0.00 0.00 0.00 | F:mu sigma m M 217.1 160.2 51.0 574.0 | H 1.099 | V 0.000 | pL 0.000 | vL 0.000 | delta 0.000
U 63 | F 129024 | FPS 0028 | D 4514 | rR:mu sigma m M 0.00 0.00 0.00 0.00 | F:mu sigma m M 196.0 119.3 61.0 574.0 | H 1.099 | V 0.000 | pL 0.000 | vL 0.000 | delta 0.000
U 64 | F 131072 | FPS 0029 | D 4583 | rR:mu sigma m M 0.00 0.00 0.00 0.00 | F:mu sigma m M 164.0 124.1 25.0 409.0 | H 1.099 | V 0.000 | pL -0.000 | vL 0.000 | delta 0.000
U 65 | F 133120 | FPS 0035 | D 4642 | rR:mu sigma m M 0.00 0.00 0.00 0.00 | F:mu sigma m M 153.6 153.8 25.0 641.0 | H 1.099 | V 0.000 | pL 0.000 | vL 0.000 | delta 0.000
U 66 | F 135168 | FPS 0029 | D 4713 | rR:mu sigma m M 0.00 0.00 0.00 0.00 | F:mu sigma m M 168.2 110.7 27.0 428.0 | H 1.099 | V 0.000 | pL 0.000 | vL 0.000 | delta 0.000
U 67 | F 137216 | FPS 0027 | D 4790 | rR:mu sigma m M 0.00 0.00 0.00 0.00 | F:mu sigma m M 156.2 109.2 27.0 385.0 | H 1.099 | V 0.000 | pL 0.000 | vL 0.000 | delta 0.000
U 68 | F 139264 | FPS 0025 | D 4872 | rR:mu sigma m M 0.00 0.00 0.00 0.00 | F:mu sigma m M 199.7 180.9 37.0 778.0 | H 1.099 | V 0.000 | pL 0.000 | vL 0.000 | delta 0.000
U 69 | F 141312 | FPS 0027 | D 4949 | rR:mu sigma m M 0.00 0.00 0.00 0.00 | F:mu sigma m M 149.4 132.8 30.0 603.0 | H 1.099 | V 0.000 | pL 0.000 | vL 0.000 | delta 0.000
U 70 | F 143360 | FPS 0025 | D 5030 | rR:mu sigma m M 0.00 0.00 0.00 0.00 | F:mu sigma m M 99.5 64.2 14.0 220.0 | H 1.099 | V 0.000 | pL 0.000 | vL 0.000 | delta 0.000
U 71 | F 145408 | FPS 0029 | D 5101 | rR:mu sigma m M 0.00 0.00 0.00 0.00 | F:mu sigma m M 127.2 95.5 14.0 350.0 | H 1.099 | V 0.000 | pL 0.000 | vL 0.000 | delta 0.000
U 72 | F 147456 | FPS 0031 | D 5167 | rR:mu sigma m M 0.00 0.00 0.00 0.00 | F:mu sigma m M 218.4 232.2 21.0 900.0 | H 1.099 | V 0.000 | pL 0.000 | vL 0.000 | delta 0.001
U 73 | F 149504 | FPS 0028 | D 5240 | rR:mu sigma m M 0.00 0.00 0.00 0.00 | F:mu sigma m M 240.9 213.8 21.0 798.0 | H 1.099 | V 0.000 | pL 0.000 | vL 0.000 | delta 0.000
U 74 | F 151552 | FPS 0030 | D 5308 | rR:mu sigma m M 0.00 0.00 0.00 0.00 | F:mu sigma m M 246.8 220.6 10.0 798.0 | H 1.099 | V 0.000 | pL 0.000 | vL 0.000 | delta 0.000
U 75 | F 153600 | FPS 0032 | D 5371 | rR:mu sigma m M 0.05 0.18 0.00 0.75 | F:mu sigma m M 267.8 198.4 10.0 736.0 | H 1.089 | V 0.005 | pL -0.007 | vL 0.001 | delta 0.017
U 76 | F 155648 | FPS 0029 | D 5442 | rR:mu sigma m M 0.00 0.00 0.00 0.00 | F:mu sigma m M 184.8 199.0 10.0 835.0 | H 1.098 | V 0.005 | pL 0.001 | vL 0.000 | delta 0.001
U 77 | F 157696 | FPS 0029 | D 5513 | rR:mu sigma m M 0.00 0.00 0.00 0.00 | F:mu sigma m M 172.3 155.5 20.0 652.0 | H 1.098 | V 0.005 | pL 0.001 | vL 0.000 | delta 0.001
U 78 | F 159744 | FPS 0031 | D 5580 | rR:mu sigma m M 0.00 0.00 0.00 0.00 | F:mu sigma m M 154.0 73.2 25.0 274.0 | H 1.098 | V 0.004 | pL 0.001 | vL 0.000 | delta 0.002
U 79 | F 161792 | FPS 0025 | D 5663 | rR:mu sigma m M 0.00 0.00 0.00 0.00 | F:mu sigma m M 154.1 106.5 25.0 438.0 | H 1.099 | V 0.002 | pL 0.001 | vL 0.000 | delta 0.000
U 80 | F 163840 | FPS 0024 | D 5747 | rR:mu sigma m M 0.04 0.17 0.00 0.76 | F:mu sigma m M 124.9 107.0 36.0 452.0 | H 1.095 | V 0.007 | pL -0.006 | vL 0.001 | delta 0.019
U 81 | F 165888 | FPS 0030 | D 5815 | rR:mu sigma m M 0.00 0.00 0.00 0.00 | F:mu sigma m M 111.5 101.0 26.0 432.0 | H 1.098 | V -0.001 | pL -0.000 | vL 0.000 | delta 0.002
U 82 | F 167936 | FPS 0033 | D 5878 | rR:mu sigma m M 0.00 0.00 0.00 0.00 | F:mu sigma m M 178.0 160.7 34.0 502.0 | H 1.098 | V 0.000 | pL -0.000 | vL 0.000 | delta 0.002
U 83 | F 169984 | FPS 0028 | D 5950 | rR:mu sigma m M 0.00 0.00 0.00 0.00 | F:mu sigma m M 184.7 126.2 20.0 470.0 | H 1.098 | V 0.006 | pL -0.005 | vL 0.000 | delta 0.011
U 84 | F 172032 | FPS 0027 | D 6027 | rR:mu sigma m M 0.04 0.16 0.00 0.64 | F:mu sigma m M 168.3 128.8 24.0 522.0 | H 1.094 | V 0.019 | pL 0.000 | vL 0.001 | delta 0.014
U 85 | F 174080 | FPS 0033 | D 6089 | rR:mu sigma m M 0.04 0.16 0.00 0.64 | F:mu sigma m M 235.6 146.5 27.0 522.0 | H 1.097 | V -0.004 | pL -0.001 | vL 0.000 | delta 0.003
U 86 | F 176128 | FPS 0027 | D 6164 | rR:mu sigma m M 0.00 0.00 0.00 0.00 | F:mu sigma m M 174.6 116.8 17.0 409.0 | H 1.097 | V -0.002 | pL -0.001 | vL 0.000 | delta 0.002
U 87 | F 178176 | FPS 0031 | D 6229 | rR:mu sigma m M 0.00 0.00 0.00 0.00 | F:mu sigma m M 122.5 87.0 37.0 352.0 | H 1.097 | V 0.001 | pL -0.002 | vL 0.000 | delta 0.003
U 88 | F 180224 | FPS 0031 | D 6296 | rR:mu sigma m M 0.00 0.00 0.00 0.00 | F:mu sigma m M 163.6 115.6 27.0 402.0 | H 1.096 | V 0.004 | pL 0.001 | vL 0.000 | delta 0.003
U 89 | F 182272 | FPS 0029 | D 6367 | rR:mu sigma m M 0.00 0.00 0.00 0.00 | F:mu sigma m M 182.1 122.7 20.0 402.0 | H 1.098 | V -0.000 | pL -0.000 | vL 0.000 | delta 0.000
U 90 | F 184320 | FPS 0029 | D 6439 | rR:mu sigma m M 0.03 0.11 0.00 0.47 | F:mu sigma m M 145.0 130.5 20.0 529.0 | H 1.091 | V 0.007 | pL -0.005 | vL 0.000 | delta 0.005
U 91 | F 186368 | FPS 0033 | D 6501 | rR:mu sigma m M 0.07 0.20 0.00 0.73 | F:mu sigma m M 266.6 226.8 27.0 900.0 | H 1.097 | V 0.004 | pL -0.001 | vL 0.000 | delta 0.009
U 92 | F 188416 | FPS 0029 | D 6571 | rR:mu sigma m M 0.04 0.16 0.00 0.68 | F:mu sigma m M 201.6 134.7 27.0 487.0 | H 1.096 | V 0.011 | pL -0.005 | vL 0.001 | delta 0.012
U 93 | F 190464 | FPS 0029 | D 6641 | rR:mu sigma m M 0.04 0.16 0.00 0.68 | F:mu sigma m M 155.2 107.3 40.0 379.0 | H 1.098 | V 0.010 | pL 0.003 | vL 0.000 | delta 0.003
U 94 | F 192512 | FPS 0030 | D 6710 | rR:mu sigma m M 0.00 0.00 0.00 0.00 | F:mu sigma m M 177.5 112.4 22.0 379.0 | H 1.099 | V 0.005 | pL 0.001 | vL 0.000 | delta 0.001
U 95 | F 194560 | FPS 0030 | D 6777 | rR:mu sigma m M 0.03 0.10 0.00 0.43 | F:mu sigma m M 163.8 128.1 22.0 568.0 | H 1.097 | V 0.010 | pL -0.002 | vL 0.000 | delta 0.005
U 96 | F 196608 | FPS 0031 | D 6843 | rR:mu sigma m M 0.03 0.10 0.00 0.43 | F:mu sigma m M 223.4 191.1 60.0 744.0 | H 1.098 | V 0.004 | pL 0.001 | vL 0.000 | delta 0.001
U 97 | F 198656 | FPS 0026 | D 6923 | rR:mu sigma m M 0.00 0.00 0.00 0.00 | F:mu sigma m M 133.0 119.7 19.0 543.0 | H 1.099 | V 0.002 | pL 0.001 | vL 0.000 | delta 0.000
U 98 | F 200704 | FPS 0030 | D 6991 | rR:mu sigma m M 0.00 0.00 0.00 0.00 | F:mu sigma m M 124.8 123.4 14.0 475.0 | H 1.098 | V 0.004 | pL 0.001 | vL 0.000 | delta 0.002
U 99 | F 202752 | FPS 0029 | D 7062 | rR:mu sigma m M 0.00 0.00 0.00 0.00 | F:mu sigma m M 118.4 65.3 26.0 254.0 | H 1.099 | V 0.001 | pL 0.000 | vL 0.000 | delta 0.000
U 100 | F 204800 | FPS 0030 | D 7129 | rR:mu sigma m M 0.00 0.00 0.00 0.00 | F:mu sigma m M 211.9 202.9 26.0 900.0 | H 1.099 | V 0.001 | pL 0.000 | vL 0.000 | delta 0.000
U 101 | F 206848 | FPS 0033 | D 7191 | rR:mu sigma m M 0.00 0.00 0.00 0.00 | F:mu sigma m M 247.5 225.6 18.0 900.0 | H 1.099 | V 0.001 | pL 0.000 | vL 0.000 | delta 0.000
U 102 | F 208896 | FPS 0028 | D 7265 | rR:mu sigma m M 0.00 0.00 0.00 0.00 | F:mu sigma m M 214.4 132.6 48.0 534.0 | H 1.099 | V 0.001 | pL 0.000 | vL 0.000 | delta 0.000
U 103 | F 210944 | FPS 0029 | D 7336 | rR:mu sigma m M 0.00 0.00 0.00 0.00 | F:mu sigma m M 129.0 80.7 25.0 302.0 | H 1.099 | V 0.001 | pL 0.000 | vL 0.000 | delta 0.000
U 104 | F 212992 | FPS 0027 | D 7411 | rR:mu sigma m M 0.00 0.00 0.00 0.00 | F:mu sigma m M 139.4 120.2 9.0 512.0 | H 1.099 | V 0.001 | pL 0.000 | vL 0.000 | delta 0.000
U 105 | F 215040 | FPS 0028 | D 7484 | rR:mu sigma m M 0.00 0.00 0.00 0.00 | F:mu sigma m M 210.8 163.9 33.0 576.0 | H 1.098 | V 0.001 | pL 0.001 | vL 0.000 | delta 0.001
U 106 | F 217088 | FPS 0026 | D 7561 | rR:mu sigma m M 0.04 0.14 0.00 0.60 | F:mu sigma m M 254.0 181.2 50.0 576.0 | H 1.096 | V 0.007 | pL -0.005 | vL 0.000 | delta 0.007
U 107 | F 219136 | FPS 0034 | D 7621 | rR:mu sigma m M 0.04 0.14 0.00 0.60 | F:mu sigma m M 255.1 161.8 50.0 507.0 | H 1.098 | V 0.001 | pL -0.000 | vL 0.000 | delta 0.000
U 108 | F 221184 | FPS 0026 | D 7700 | rR:mu sigma m M 0.04 0.14 0.00 0.60 | F:mu sigma m M 261.9 191.4 36.0 788.0 | H 1.098 | V 0.001 | pL 0.000 | vL 0.000 | delta 0.001
U 109 | F 223232 | FPS 0028 | D 7773 | rR:mu sigma m M 0.00 0.00 0.00 0.00 | F:mu sigma m M 178.9 191.2 31.0 788.0 | H 1.098 | V 0.001 | pL 0.000 | vL 0.000 | delta 0.001
U 110 | F 225280 | FPS 0028 | D 7846 | rR:mu sigma m M 0.00 0.00 0.00 0.00 | F:mu sigma m M 215.2 171.5 34.0 633.0 | H 1.099 | V 0.000 | pL 0.000 | vL 0.000 | delta 0.000
U 111 | F 227328 | FPS 0028 | D 7918 | rR:mu sigma m M 0.00 0.00 0.00 0.00 | F:mu sigma m M 213.1 223.7 34.0 789.0 | H 1.095 | V 0.005 | pL -0.002 | vL 0.000 | delta 0.007
U 112 | F 229376 | FPS 0034 | D 7978 | rR:mu sigma m M 0.00 0.00 0.00 0.00 | F:mu sigma m M 189.9 162.6 27.0 658.0 | H 1.095 | V 0.008 | pL 0.003 | vL 0.000 | delta 0.005
U 113 | F 231424 | FPS 0030 | D 8047 | rR:mu sigma m M 0.00 0.00 0.00 0.00 | F:mu sigma m M 119.9 101.5 29.0 378.0 | H 1.098 | V 0.005 | pL 0.001 | vL 0.000 | delta 0.001
U 114 | F 233472 | FPS 0029 | D 8118 | rR:mu sigma m M 0.03 0.12 0.00 0.49 | F:mu sigma m M 175.2 140.2 17.0 506.0 | H 1.097 | V 0.009 | pL -0.002 | vL 0.000 | delta 0.009
U 115 | F 235520 | FPS 0027 | D 8195 | rR:mu sigma m M 0.00 0.00 0.00 0.00 | F:mu sigma m M 188.4 129.7 36.0 437.0 | H 1.096 | V 0.005 | pL 0.001 | vL 0.000 | delta 0.005
U 116 | F 237568 | FPS 0030 | D 8264 | rR:mu sigma m M 0.00 0.00 0.00 0.00 | F:mu sigma m M 151.9 118.3 34.0 399.0 | H 1.096 | V 0.004 | pL 0.001 | vL 0.000 | delta 0.003
U 117 | F 239616 | FPS 0033 | D 8327 | rR:mu sigma m M 0.00 0.00 0.00 0.00 | F:mu sigma m M 184.3 148.8 40.0 465.0 | H 1.097 | V 0.007 | pL 0.002 | vL 0.000 | delta 0.004
U 118 | F 241664 | FPS 0031 | D 8394 | rR:mu sigma m M 0.00 0.00 0.00 0.00 | F:mu sigma m M 118.2 91.4 36.0 373.0 | H 1.098 | V 0.004 | pL 0.001 | vL 0.000 | delta 0.002
U 119 | F 243712 | FPS 0026 | D 8472 | rR:mu sigma m M 0.00 0.00 0.00 0.00 | F:mu sigma m M 175.9 123.6 36.0 400.0 | H 1.098 | V 0.002 | pL 0.001 | vL 0.000 | delta 0.000
U 120 | F 245760 | FPS 0031 | D 8539 | rR:mu sigma m M 0.00 0.00 0.00 0.00 | F:mu sigma m M 209.8 166.3 30.0 595.0 | H 1.098 | V 0.004 | pL 0.000 | vL 0.000 | delta 0.001
U 121 | F 247808 | FPS 0030 | D 8606 | rR:mu sigma m M 0.00 0.00 0.00 0.00 | F:mu sigma m M 154.4 201.0 9.0 900.0 | H 1.098 | V 0.008 | pL -0.000 | vL 0.000 | delta 0.001
U 122 | F 249856 | FPS 0028 | D 8678 | rR:mu sigma m M 0.04 0.17 0.00 0.69 | F:mu sigma m M 134.4 120.0 35.0 468.0 | H 1.097 | V 0.005 | pL -0.002 | vL 0.000 | delta 0.011
U 123 | F 251904 | FPS 0030 | D 8747 | rR:mu sigma m M 0.04 0.15 0.00 0.64 | F:mu sigma m M 213.2 105.0 41.0 410.0 | H 1.095 | V 0.015 | pL -0.002 | vL 0.000 | delta 0.012
U 124 | F 253952 | FPS 0028 | D 8819 | rR:mu sigma m M 0.00 0.00 0.00 0.00 | F:mu sigma m M 138.1 98.0 26.0 443.0 | H 1.098 | V 0.004 | pL 0.001 | vL 0.000 | delta 0.001
U 125 | F 256000 | FPS 0029 | D 8889 | rR:mu sigma m M 0.00 0.00 0.00 0.00 | F:mu sigma m M 113.5 84.5 21.0 308.0 | H 1.099 | V 0.004 | pL 0.001 | vL 0.000 | delta 0.001
U 126 | F 258048 | FPS 0030 | D 8958 | rR:mu sigma m M 0.00 0.00 0.00 0.00 | F:mu sigma m M 141.9 106.2 27.0 312.0 | H 1.098 | V 0.006 | pL 0.000 | vL 0.000 | delta 0.002
U 127 | F 260096 | FPS 0028 | D 9030 | rR:mu sigma m M 0.04 0.17 0.00 0.68 | F:mu sigma m M 180.7 120.0 38.0 377.0 | H 1.097 | V 0.013 | pL -0.002 | vL 0.000 | delta 0.007
U 128 | F 262144 | FPS 0032 | D 9095 | rR:mu sigma m M 0.00 0.00 0.00 0.00 | F:mu sigma m M 162.2 120.1 41.0 398.0 | H 1.098 | V 0.006 | pL 0.002 | vL 0.000 | delta 0.002
U 129 | F 264192 | FPS 0028 | D 9168 | rR:mu sigma m M 0.00 0.00 0.00 0.00 | F:mu sigma m M 175.6 149.2 35.0 613.0 | H 1.098 | V 0.007 | pL 0.002 | vL 0.000 | delta 0.003
U 130 | F 266240 | FPS 0028 | D 9242 | rR:mu sigma m M 0.00 0.00 0.00 0.00 | F:mu sigma m M 136.8 96.7 25.0 349.0 | H 1.095 | V 0.016 | pL 0.003 | vL 0.001 | delta 0.015
U 131 | F 268288 | FPS 0029 | D 9312 | rR:mu sigma m M 0.00 0.00 0.00 0.00 | F:mu sigma m M 141.4 95.9 25.0 349.0 | H 1.097 | V 0.005 | pL 0.001 | vL 0.000 | delta 0.003
U 132 | F 270336 | FPS 0033 | D 9375 | rR:mu sigma m M 0.00 0.00 0.00 0.00 | F:mu sigma m M 207.5 160.7 20.0 585.0 | H 1.098 | V 0.004 | pL 0.001 | vL 0.000 | delta 0.003
U 133 | F 272384 | FPS 0033 | D 9437 | rR:mu sigma m M 0.00 0.00 0.00 0.00 | F:mu sigma m M 199.3 169.9 18.0 585.0 | H 1.099 | V -0.000 | pL -0.000 | vL 0.000 | delta 0.001
U 134 | F 274432 | FPS 0030 | D 9504 | rR:mu sigma m M 0.00 0.00 0.00 0.00 | F:mu sigma m M 228.9 224.0 31.0 900.0 | H 1.098 | V 0.001 | pL -0.000 | vL 0.000 | delta 0.001
U 135 | F 276480 | FPS 0032 | D 9567 | rR:mu sigma m M 0.00 0.00 0.00 0.00 | F:mu sigma m M 273.9 261.5 31.0 900.0 | H 1.098 | V 0.000 | pL 0.000 | vL 0.000 | delta 0.001
U 136 | F 278528 | FPS 0030 | D 9635 | rR:mu sigma m M 0.00 0.00 0.00 0.00 | F:mu sigma m M 214.4 194.7 51.0 882.0 | H 1.098 | V 0.001 | pL 0.000 | vL 0.000 | delta 0.001
U 137 | F 280576 | FPS 0026 | D 9713 | rR:mu sigma m M 0.00 0.00 0.00 0.00 | F:mu sigma m M 189.7 168.0 28.0 581.0 | H 1.098 | V 0.000 | pL 0.000 | vL 0.000 | delta 0.001
U 138 | F 282624 | FPS 0032 | D 9777 | rR:mu sigma m M 0.00 0.00 0.00 0.00 | F:mu sigma m M 121.1 112.5 28.0 472.0 | H 1.098 | V 0.003 | pL -0.000 | vL 0.000 | delta 0.002
U 139 | F 284672 | FPS 0028 | D 9851 | rR:mu sigma m M 0.00 0.00 0.00 0.00 | F:mu sigma m M 151.4 91.5 27.0 305.0 | H 1.098 | V 0.001 | pL 0.001 | vL 0.000 | delta 0.001
U 140 | F 286720 | FPS 0028 | D 9924 | rR:mu sigma m M 0.00 0.00 0.00 0.00 | F:mu sigma m M 164.1 92.8 27.0 343.0 | H 1.099 | V 0.001 | pL -0.000 | vL 0.000 | delta 0.001
U 141 | F 288768 | FPS 0030 | D 9992 | rR:mu sigma m M 0.04 0.17 0.00 0.69 | F:mu sigma m M 248.9 207.4 18.0 900.0 | H 1.096 | V 0.005 | pL -0.006 | vL 0.001 | delta 0.012
U 142 | F 290816 | FPS 0025 | D 10073 | rR:mu sigma m M 0.04 0.17 0.00 0.69 | F:mu sigma m M 194.6 116.6 61.0 427.0 | H 1.096 | V 0.012 | pL -0.000 | vL 0.000 | delta 0.007
U 143 | F 292864 | FPS 0029 | D 10143 | rR:mu sigma m M 0.00 0.00 0.00 0.00 | F:mu sigma m M 170.8 112.3 61.0 469.0 | H 1.097 | V 0.011 | pL 0.004 | vL 0.000 | delta 0.003
U 144 | F 294912 | FPS 0026 | D 10223 | rR:mu sigma m M 0.00 0.00 0.00 0.00 | F:mu sigma m M 196.6 182.7 15.0 576.0 | H 1.097 | V 0.008 | pL 0.001 | vL 0.000 | delta 0.002
U 145 | F 296960 | FPS 0030 | D 10291 | rR:mu sigma m M 0.00 0.00 0.00 0.00 | F:mu sigma m M 191.9 179.4 15.0 761.0 | H 1.098 | V 0.005 | pL 0.002 | vL 0.000 | delta 0.002
U 146 | F 299008 | FPS 0027 | D 10366 | rR:mu sigma m M 0.00 0.00 0.00 0.00 | F:mu sigma m M 135.0 104.9 37.0 468.0 | H 1.099 | V 0.004 | pL 0.001 | vL 0.000 | delta 0.001
U 147 | F 301056 | FPS 0027 | D 10441 | rR:mu sigma m M 0.00 0.00 0.00 0.00 | F:mu sigma m M 110.6 86.0 20.0 332.0 | H 1.099 | V 0.003 | pL 0.001 | vL 0.000 | delta 0.001
U 148 | F 303104 | FPS 0028 | D 10514 | rR:mu sigma m M 0.00 0.00 0.00 0.00 | F:mu sigma m M 161.6 85.4 63.0 365.0 | H 1.099 | V 0.003 | pL 0.001 | vL 0.000 | delta 0.000
U 149 | F 305152 | FPS 0030 | D 10583 | rR:mu sigma m M 0.00 0.00 0.00 0.00 | F:mu sigma m M 203.0 166.7 16.0 557.0 | H 1.099 | V 0.003 | pL 0.001 | vL 0.000 | delta 0.001
U 150 | F 307200 | FPS 0030 | D 10652 | rR:mu sigma m M 0.02 0.09 0.00 0.38 | F:mu sigma m M 175.3 167.6 16.0 619.0 | H 1.098 | V 0.006 | pL -0.003 | vL 0.000 | delta 0.004
U 151 | F 309248 | FPS 0030 | D 10721 | rR:mu sigma m M 0.00 0.00 0.00 0.00 | F:mu sigma m M 90.3 62.3 16.0 220.0 | H 1.098 | V 0.000 | pL -0.000 | vL 0.000 | delta 0.001
U 152 | F 311296 | FPS 0025 | D 10802 | rR:mu sigma m M 0.00 0.00 0.00 0.00 | F:mu sigma m M 132.6 105.0 31.0 436.0 | H 1.098 | V 0.001 | pL -0.001 | vL 0.000 | delta 0.002
U 153 | F 313344 | FPS 0030 | D 10871 | rR:mu sigma m M 0.00 0.00 0.00 0.00 | F:mu sigma m M 159.9 134.2 40.0 489.0 | H 1.098 | V 0.002 | pL 0.000 | vL 0.000 | delta 0.001
U 154 | F 315392 | FPS 0030 | D 10938 | rR:mu sigma m M 0.00 0.00 0.00 0.00 | F:mu sigma m M 225.0 149.8 44.0 535.0 | H 1.098 | V 0.003 | pL 0.001 | vL 0.000 | delta 0.001
U 155 | F 317440 | FPS 0032 | D 11002 | rR:mu sigma m M 0.00 0.00 0.00 0.00 | F:mu sigma m M 150.6 127.3 36.0 535.0 | H 1.099 | V 0.002 | pL 0.000 | vL 0.000 | delta 0.001
U 156 | F 319488 | FPS 0032 | D 11066 | rR:mu sigma m M 0.00 0.00 0.00 0.00 | F:mu sigma m M 154.8 89.8 36.0 384.0 | H 1.099 | V 0.001 | pL 0.000 | vL 0.000 | delta 0.000
U 157 | F 321536 | FPS 0032 | D 11130 | rR:mu sigma m M 0.00 0.00 0.00 0.00 | F:mu sigma m M 169.8 137.2 11.0 574.0 | H 1.099 | V 0.001 | pL 0.000 | vL 0.000 | delta 0.000
U 158 | F 323584 | FPS 0025 | D 11211 | rR:mu sigma m M 0.03 0.11 0.00 0.47 | F:mu sigma m M 270.8 204.6 10.0 657.0 | H 1.093 | V 0.005 | pL -0.004 | vL 0.000 | delta 0.006
U 159 | F 325632 | FPS 0030 | D 11280 | rR:mu sigma m M 0.00 0.00 0.00 0.00 | F:mu sigma m M 153.9 120.9 24.0 427.0 | H 1.099 | V 0.002 | pL 0.001 | vL 0.000 | delta 0.001
U 160 | F 327680 | FPS 0031 | D 11345 | rR:mu sigma m M 0.00 0.00 0.00 0.00 | F:mu sigma m M 102.5 59.9 27.0 255.0 | H 1.099 | V 0.001 | pL 0.000 | vL 0.000 | delta 0.001
U 161 | F 329728 | FPS 0027 | D 11421 | rR:mu sigma m M 0.00 0.00 0.00 0.00 | F:mu sigma m M 119.4 115.3 17.0 500.0 | H 1.099 | V 0.001 | pL 0.000 | vL 0.000 | delta 0.000
U 162 | F 331776 | FPS 0027 | D 11495 | rR:mu sigma m M 0.00 0.00 0.00 0.00 | F:mu sigma m M 156.1 130.6 11.0 500.0 | H 1.099 | V 0.001 | pL 0.000 | vL 0.000 | delta 0.000
U 163 | F 333824 | FPS 0031 | D 11561 | rR:mu sigma m M 0.00 0.00 0.00 0.00 | F:mu sigma m M 202.2 161.2 44.0 503.0 | H 1.098 | V 0.002 | pL 0.000 | vL 0.000 | delta 0.001
U 164 | F 335872 | FPS 0029 | D 11631 | rR:mu sigma m M 0.00 0.00 0.00 0.00 | F:mu sigma m M 171.7 147.7 9.0 546.0 | H 1.099 | V 0.001 | pL 0.000 | vL 0.000 | delta 0.000
U 165 | F 337920 | FPS 0033 | D 11693 | rR:mu sigma m M 0.00 0.00 0.00 0.00 | F:mu sigma m M 75.9 52.5 9.0 190.0 | H 1.099 | V 0.001 | pL 0.000 | vL 0.000 | delta 0.000
U 166 | F 339968 | FPS 0028 | D 11766 | rR:mu sigma m M 0.00 0.00 0.00 0.00 | F:mu sigma m M 161.2 127.5 37.0 522.0 | H 1.099 | V 0.001 | pL 0.000 | vL 0.000 | delta 0.000
U 167 | F 342016 | FPS 0032 | D 11831 | rR:mu sigma m M 0.00 0.00 0.00 0.00 | F:mu sigma m M 138.1 124.1 9.0 478.0 | H 1.099 | V 0.001 | pL 0.000 | vL 0.000 | delta 0.000
U 168 | F 344064 | FPS 0028 | D 11905 | rR:mu sigma m M 0.00 0.00 0.00 0.00 | F:mu sigma m M 181.0 150.2 22.0 478.0 | H 1.099 | V 0.001 | pL 0.000 | vL 0.000 | delta 0.001
U 169 | F 346112 | FPS 0031 | D 11971 | rR:mu sigma m M 0.00 0.00 0.00 0.00 | F:mu sigma m M 155.5 141.7 17.0 564.0 | H 1.099 | V 0.001 | pL 0.000 | vL 0.000 | delta 0.001
U 170 | F 348160 | FPS 0032 | D 12035 | rR:mu sigma m M 0.00 0.00 0.00 0.00 | F:mu sigma m M 117.8 65.2 19.0 231.0 | H 1.099 | V 0.000 | pL 0.000 | vL 0.000 | delta 0.000
U 171 | F 350208 | FPS 0030 | D 12104 | rR:mu sigma m M 0.00 0.00 0.00 0.00 | F:mu sigma m M 103.6 51.8 14.0 217.0 | H 1.099 | V 0.000 | pL 0.000 | vL 0.000 | delta 0.000
U 172 | F 352256 | FPS 0031 | D 12169 | rR:mu sigma m M 0.00 0.00 0.00 0.00 | F:mu sigma m M 124.2 66.4 14.0 260.0 | H 1.099 | V 0.000 | pL 0.000 | vL 0.000 | delta 0.000
U 173 | F 354304 | FPS 0028 | D 12242 | rR:mu sigma m M 0.00 0.00 0.00 0.00 | F:mu sigma m M 215.3 157.4 46.0 538.0 | H 1.099 | V 0.000 | pL 0.000 | vL 0.000 | delta 0.000
U 174 | F 356352 | FPS 0029 | D 12314 | rR:mu sigma m M 0.00 0.00 0.00 0.00 | F:mu sigma m M 180.4 131.8 49.0 538.0 | H 1.099 | V -0.000 | pL -0.000 | vL 0.000 | delta 0.000
U 175 | F 358400 | FPS 0029 | D 12384 | rR:mu sigma m M 0.00 0.00 0.00 0.00 | F:mu sigma m M 156.4 81.5 41.0 300.0 | H 1.099 | V -0.000 | pL -0.000 | vL 0.000 | delta 0.000
U 176 | F 360448 | FPS 0030 | D 12452 | rR:mu sigma m M 0.00 0.00 0.00 0.00 | F:mu sigma m M 195.7 105.9 42.0 393.0 | H 1.098 | V 0.001 | pL 0.000 | vL 0.000 | delta 0.002
U 177 | F 362496 | FPS 0026 | D 12530 | rR:mu sigma m M 0.00 0.00 0.00 0.00 | F:mu sigma m M 104.0 69.0 34.0 281.0 | H 1.099 | V 0.001 | pL 0.000 | vL 0.000 | delta 0.000
U 178 | F 364544 | FPS 0030 | D 12599 | rR:mu sigma m M 0.00 0.00 0.00 0.00 | F:mu sigma m M 163.1 163.4 20.0 578.0 | H 1.099 | V 0.001 | pL 0.000 | vL 0.000 | delta 0.000
U 179 | F 366592 | FPS 0027 | D 12674 | rR:mu sigma m M 0.00 0.00 0.00 0.00 | F:mu sigma m M 154.5 86.4 46.0 413.0 | H 1.099 | V 0.000 | pL 0.000 | vL 0.000 | delta 0.000
U 180 | F 368640 | FPS 0028 | D 12747 | rR:mu sigma m M 0.00 0.00 0.00 0.00 | F:mu sigma m M 147.7 128.9 46.0 605.0 | H 1.099 | V 0.000 | pL 0.000 | vL 0.000 | delta 0.000
U 181 | F 370688 | FPS 0027 | D 12824 | rR:mu sigma m M 0.00 0.00 0.00 0.00 | F:mu sigma m M 181.1 147.2 33.0 605.0 | H 1.099 | V 0.001 | pL 0.000 | vL 0.000 | delta 0.000
U 182 | F 372736 | FPS 0030 | D 12891 | rR:mu sigma m M 0.04 0.16 0.00 0.67 | F:mu sigma m M 215.3 142.0 33.0 451.0 | H 1.096 | V 0.004 | pL -0.002 | vL 0.001 | delta 0.013
U 183 | F 374784 | FPS 0028 | D 12966 | rR:mu sigma m M 0.00 0.00 0.00 0.00 | F:mu sigma m M 185.9 137.2 11.0 451.0 | H 1.099 | V -0.004 | pL -0.001 | vL 0.000 | delta 0.000
U 184 | F 376832 | FPS 0031 | D 13031 | rR:mu sigma m M 0.00 0.00 0.00 0.00 | F:mu sigma m M 175.8 185.7 11.0 711.0 | H 1.099 | V -0.003 | pL -0.001 | vL 0.000 | delta 0.000
U 185 | F 378880 | FPS 0031 | D 13097 | rR:mu sigma m M 0.00 0.00 0.00 0.00 | F:mu sigma m M 169.2 161.1 22.0 711.0 | H 1.099 | V -0.002 | pL -0.001 | vL 0.000 | delta 0.000
U 186 | F 380928 | FPS 0027 | D 13173 | rR:mu sigma m M 0.00 0.00 0.00 0.00 | F:mu sigma m M 159.9 90.8 40.0 392.0 | H 1.099 | V -0.002 | pL -0.000 | vL 0.000 | delta 0.000
U 187 | F 382976 | FPS 0028 | D 13247 | rR:mu sigma m M 0.00 0.00 0.00 0.00 | F:mu sigma m M 152.1 116.4 23.0 501.0 | H 1.099 | V -0.001 | pL -0.001 | vL 0.000 | delta 0.000
U 188 | F 385024 | FPS 0028 | D 13320 | rR:mu sigma m M 0.04 0.16 0.00 0.64 | F:mu sigma m M 167.1 99.9 18.0 358.0 | H 1.096 | V 0.005 | pL -0.006 | vL 0.001 | delta 0.010
U 189 | F 387072 | FPS 0028 | D 13393 | rR:mu sigma m M 0.05 0.18 0.00 0.73 | F:mu sigma m M 119.1 78.0 29.0 276.0 | H 1.098 | V 0.014 | pL -0.004 | vL 0.000 | delta 0.009
U 190 | F 389120 | FPS 0027 | D 13470 | rR:mu sigma m M 0.05 0.18 0.00 0.73 | F:mu sigma m M 165.1 121.5 23.0 445.0 | H 1.098 | V -0.001 | pL -0.001 | vL 0.000 | delta 0.002
U 191 | F 391168 | FPS 0031 | D 13535 | rR:mu sigma m M 0.00 0.00 0.00 0.00 | F:mu sigma m M 232.4 209.8 15.0 900.0 | H 1.098 | V 0.007 | pL 0.001 | vL 0.000 | delta 0.003
U 192 | F 393216 | FPS 0030 | D 13605 | rR:mu sigma m M 0.00 0.00 0.00 0.00 | F:mu sigma m M 201.4 154.6 15.0 597.0 | H 1.098 | V 0.001 | pL 0.001 | vL 0.000 | delta 0.002
U 193 | F 395264 | FPS 0024 | D 13691 | rR:mu sigma m M 0.00 0.00 0.00 0.00 | F:mu sigma m M 122.8 102.5 19.0 410.0 | H 1.099 | V -0.001 | pL -0.000 | vL 0.000 | delta 0.000
U 194 | F 397312 | FPS 0030 | D 13760 | rR:mu sigma m M 0.00 0.00 0.00 0.00 | F:mu sigma m M 197.8 126.2 19.0 410.0 | H 1.099 | V -0.001 | pL -0.000 | vL 0.000 | delta 0.001
U 195 | F 399360 | FPS 0031 | D 13827 | rR:mu sigma m M 0.00 0.00 0.00 0.00 | F:mu sigma m M 181.2 89.6 61.0 403.0 | H 1.098 | V -0.000 | pL -0.000 | vL 0.000 | delta 0.000
U 196 | F 401408 | FPS 0027 | D 13902 | rR:mu sigma m M 0.05 0.19 0.00 0.78 | F:mu sigma m M 181.3 162.3 26.0 704.0 | H 1.095 | V 0.010 | pL -0.005 | vL 0.001 | delta 0.007
U 197 | F 403456 | FPS 0028 | D 13975 | rR:mu sigma m M 0.05 0.19 0.00 0.78 | F:mu sigma m M 206.8 157.5 14.0 704.0 | H 1.099 | V -0.000 | pL -0.000 | vL 0.000 | delta 0.000
U 198 | F 405504 | FPS 0026 | D 14055 | rR:mu sigma m M 0.00 0.00 0.00 0.00 | F:mu sigma m M 167.6 164.4 12.0 586.0 | H 1.098 | V 0.001 | pL 0.000 | vL 0.000 | delta 0.001
U 199 | F 407552 | FPS 0029 | D 14124 | rR:mu sigma m M 0.00 0.00 0.00 0.00 | F:mu sigma m M 146.9 117.8 38.0 423.0 | H 1.099 | V -0.000 | pL -0.000 | vL 0.000 | delta 0.000
U 200 | F 409600 | FPS 0029 | D 14196 | rR:mu sigma m M 0.00 0.00 0.00 0.00 | F:mu sigma m M 133.6 96.4 26.0 381.0 | H 1.099 | V -0.000 | pL -0.000 | vL 0.000 | delta 0.000
U 201 | F 411648 | FPS 0028 | D 14269 | rR:mu sigma m M 0.05 0.21 0.00 0.91 | F:mu sigma m M 182.1 108.7 24.0 485.0 | H 1.095 | V 0.009 | pL -0.007 | vL 0.001 | delta 0.007
U 202 | F 413696 | FPS 0033 | D 14330 | rR:mu sigma m M 0.06 0.22 0.00 0.91 | F:mu sigma m M 163.3 116.4 23.0 485.0 | H 1.095 | V 0.007 | pL -0.002 | vL 0.000 | delta 0.003
U 203 | F 415744 | FPS 0032 | D 14395 | rR:mu sigma m M 0.00 0.00 0.00 0.00 | F:mu sigma m M 158.1 103.1 23.0 491.0 | H 1.098 | V 0.012 | pL 0.003 | vL 0.000 | delta 0.004
U 204 | F 417792 | FPS 0025 | D 14476 | rR:mu sigma m M 0.03 0.13 0.00 0.58 | F:mu sigma m M 129.7 107.5 31.0 421.0 | H 1.096 | V 0.010 | pL -0.003 | vL 0.000 | delta 0.006
U 205 | F 419840 | FPS 0025 | D 14556 | rR:mu sigma m M 0.00 0.00 0.00 0.00 | F:mu sigma m M 130.8 121.4 34.0 503.0 | H 1.098 | V 0.002 | pL 0.001 | vL 0.000 | delta 0.002
U 206 | F 421888 | FPS 0027 | D 14632 | rR:mu sigma m M 0.00 0.00 0.00 0.00 | F:mu sigma m M 112.5 110.4 26.0 503.0 | H 1.098 | V 0.004 | pL 0.001 | vL 0.000 | delta 0.001
U 207 | F 423936 | FPS 0028 | D 14704 | rR:mu sigma m M 0.00 0.00 0.00 0.00 | F:mu sigma m M 196.9 131.2 26.0 406.0 | H 1.095 | V 0.006 | pL -0.001 | vL 0.000 | delta 0.004
U 208 | F 425984 | FPS 0029 | D 14774 | rR:mu sigma m M 0.00 0.00 0.00 0.00 | F:mu sigma m M 273.9 143.2 43.0 489.0 | H 1.097 | V 0.005 | pL 0.002 | vL 0.000 | delta 0.002
U 209 | F 428032 | FPS 0027 | D 14850 | rR:mu sigma m M 0.00 0.00 0.00 0.00 | F:mu sigma m M 232.2 155.0 20.0 599.0 | H 1.095 | V 0.006 | pL 0.002 | vL 0.000 | delta 0.007
U 210 | F 430080 | FPS 0028 | D 14924 | rR:mu sigma m M 0.05 0.21 0.00 0.88 | F:mu sigma m M 149.9 116.2 29.0 493.0 | H 1.089 | V 0.014 | pL -0.005 | vL 0.001 | delta 0.018
U 211 | F 432128 | FPS 0026 | D 15003 | rR:mu sigma m M 0.00 0.00 0.00 0.00 | F:mu sigma m M 147.7 106.6 29.0 392.0 | H 1.097 | V 0.007 | pL 0.002 | vL 0.000 | delta 0.005
U 212 | F 434176 | FPS 0027 | D 15079 | rR:mu sigma m M 0.00 0.00 0.00 0.00 | F:mu sigma m M 139.8 122.5 20.0 392.0 | H 1.098 | V 0.003 | pL 0.001 | vL 0.000 | delta 0.002
U 213 | F 436224 | FPS 0025 | D 15162 | rR:mu sigma m M 0.00 0.00 0.00 0.00 | F:mu sigma m M 111.4 81.7 16.0 350.0 | H 1.098 | V 0.004 | pL 0.001 | vL 0.000 | delta 0.001
U 214 | F 438272 | FPS 0029 | D 15233 | rR:mu sigma m M 0.08 0.22 0.00 0.76 | F:mu sigma m M 232.8 233.4 50.0 886.0 | H 1.092 | V 0.020 | pL -0.010 | vL 0.002 | delta 0.021
U 215 | F 440320 | FPS 0030 | D 15301 | rR:mu sigma m M 0.08 0.22 0.00 0.76 | F:mu sigma m M 133.5 96.8 27.0 418.0 | H 1.098 | V -0.000 | pL 0.001 | vL 0.000 | delta 0.005
U 216 | F 442368 | FPS 0027 | D 15376 | rR:mu sigma m M 0.00 0.00 0.00 0.00 | F:mu sigma m M 135.9 119.8 15.0 396.0 | H 1.094 | V 0.004 | pL -0.004 | vL 0.000 | delta 0.006
U 217 | F 444416 | FPS 0032 | D 15439 | rR:mu sigma m M 0.05 0.19 0.00 0.81 | F:mu sigma m M 168.2 123.2 34.0 427.0 | H 1.095 | V 0.002 | pL -0.001 | vL 0.000 | delta 0.005
U 218 | F 446464 | FPS 0030 | D 15507 | rR:mu sigma m M 0.00 0.00 0.00 0.00 | F:mu sigma m M 93.2 55.5 22.0 197.0 | H 1.098 | V 0.000 | pL -0.000 | vL 0.000 | delta 0.005
U 219 | F 448512 | FPS 0031 | D 15574 | rR:mu sigma m M 0.00 0.00 0.00 0.00 | F:mu sigma m M 130.2 111.8 22.0 390.0 | H 1.098 | V 0.004 | pL 0.001 | vL 0.000 | delta 0.003
U 220 | F 450560 | FPS 0028 | D 15646 | rR:mu sigma m M 0.00 0.00 0.00 0.00 | F:mu sigma m M 141.6 113.8 25.0 390.0 | H 1.095 | V 0.007 | pL -0.001 | vL 0.000 | delta 0.007
U 221 | F 452608 | FPS 0028 | D 15719 | rR:mu sigma m M 0.00 0.00 0.00 0.00 | F:mu sigma m M 203.2 127.6 25.0 417.0 | H 1.093 | V 0.008 | pL 0.002 | vL 0.000 | delta 0.005
U 222 | F 454656 | FPS 0030 | D 15788 | rR:mu sigma m M 0.04 0.17 0.00 0.69 | F:mu sigma m M 150.8 124.1 28.0 426.0 | H 1.090 | V 0.013 | pL -0.004 | vL 0.001 | delta 0.015
U 223 | F 456704 | FPS 0030 | D 15855 | rR:mu sigma m M 0.05 0.20 0.00 0.81 | F:mu sigma m M 156.4 171.8 41.0 659.0 | H 1.091 | V 0.010 | pL -0.006 | vL 0.001 | delta 0.016
U 224 | F 458752 | FPS 0030 | D 15924 | rR:mu sigma m M 0.00 0.00 0.00 0.00 | F:mu sigma m M 194.6 173.7 18.0 659.0 | H 1.095 | V 0.009 | pL 0.002 | vL 0.000 | delta 0.006
U 225 | F 460800 | FPS 0029 | D 15994 | rR:mu sigma m M 0.11 0.30 0.00 0.92 | F:mu sigma m M 191.1 180.2 18.0 645.0 | H 1.088 | V 0.025 | pL -0.011 | vL 0.003 | delta 0.027
U 226 | F 462848 | FPS 0029 | D 16063 | rR:mu sigma m M 0.14 0.29 0.00 0.92 | F:mu sigma m M 180.7 110.0 19.0 394.0 | H 1.074 | V 0.062 | pL -0.006 | vL 0.003 | delta 0.024
U 227 | F 464896 | FPS 0033 | D 16126 | rR:mu sigma m M 0.09 0.24 0.00 0.79 | F:mu sigma m M 150.0 109.7 18.0 410.0 | H 1.091 | V 0.031 | pL 0.001 | vL 0.001 | delta 0.011
U 228 | F 466944 | FPS 0032 | D 16190 | rR:mu sigma m M 0.00 0.00 0.00 0.00 | F:mu sigma m M 181.0 147.7 39.0 501.0 | H 1.086 | V 0.038 | pL 0.005 | vL 0.001 | delta 0.011
U 229 | F 468992 | FPS 0029 | D 16260 | rR:mu sigma m M 0.13 0.27 0.00 0.85 | F:mu sigma m M 177.6 117.6 53.0 509.0 | H 1.083 | V 0.057 | pL -0.004 | vL 0.002 | delta 0.017
U 230 | F 471040 | FPS 0030 | D 16329 | rR:mu sigma m M 0.13 0.28 0.00 0.85 | F:mu sigma m M 128.6 111.0 29.0 509.0 | H 1.084 | V 0.032 | pL -0.001 | vL 0.001 | delta 0.011
U 231 | F 473088 | FPS 0030 | D 16396 | rR:mu sigma m M 0.08 0.23 0.00 0.88 | F:mu sigma m M 174.1 133.1 63.0 612.0 | H 1.083 | V 0.050 | pL 0.001 | vL 0.002 | delta 0.017
U 232 | F 475136 | FPS 0029 | D 16468 | rR:mu sigma m M 0.06 0.16 0.00 0.57 | F:mu sigma m M 185.0 150.2 13.0 612.0 | H 1.082 | V 0.052 | pL -0.006 | vL 0.002 | delta 0.020
U 233 | F 477184 | FPS 0025 | D 16550 | rR:mu sigma m M 0.06 0.22 0.00 0.90 | F:mu sigma m M 125.4 64.6 12.0 222.0 | H 1.081 | V 0.058 | pL 0.004 | vL 0.001 | delta 0.022
U 234 | F 479232 | FPS 0027 | D 16627 | rR:mu sigma m M 0.05 0.18 0.00 0.73 | F:mu sigma m M 175.6 175.0 9.0 805.0 | H 1.080 | V 0.042 | pL 0.005 | vL 0.001 | delta 0.015
U 235 | F 481280 | FPS 0031 | D 16694 | rR:mu sigma m M 0.06 0.21 0.00 0.88 | F:mu sigma m M 159.0 179.6 20.0 805.0 | H 1.084 | V 0.033 | pL -0.004 | vL 0.001 | delta 0.017
U 236 | F 483328 | FPS 0032 | D 16758 | rR:mu sigma m M 0.06 0.21 0.00 0.88 | F:mu sigma m M 162.0 119.0 30.0 545.0 | H 1.081 | V 0.050 | pL 0.004 | vL 0.002 | delta 0.021
U 237 | F 485376 | FPS 0029 | D 16830 | rR:mu sigma m M 0.08 0.22 0.00 0.77 | F:mu sigma m M 176.6 147.7 20.0 508.0 | H 1.085 | V 0.050 | pL 0.004 | vL 0.001 | delta 0.014
U 238 | F 487424 | FPS 0033 | D 16892 | rR:mu sigma m M 0.05 0.19 0.00 0.77 | F:mu sigma m M 163.6 113.4 20.0 361.0 | H 1.077 | V 0.042 | pL 0.007 | vL 0.001 | delta 0.009
U 239 | F 489472 | FPS 0030 | D 16961 | rR:mu sigma m M 0.07 0.22 0.00 0.84 | F:mu sigma m M 163.5 105.0 20.0 427.0 | H 1.077 | V 0.046 | pL 0.001 | vL 0.002 | delta 0.018
U 240 | F 491520 | FPS 0032 | D 17025 | rR:mu sigma m M 0.00 0.00 0.00 0.00 | F:mu sigma m M 90.8 64.3 11.0 246.0 | H 1.080 | V 0.031 | pL -0.000 | vL 0.001 | delta 0.013
U 241 | F 493568 | FPS 0026 | D 17103 | rR:mu sigma m M 0.10 0.27 0.00 0.85 | F:mu sigma m M 120.4 85.3 11.0 366.0 | H 1.056 | V 0.052 | pL -0.009 | vL 0.001 | delta 0.016
U 242 | F 495616 | FPS 0026 | D 17180 | rR:mu sigma m M 0.28 0.37 0.00 0.90 | F:mu sigma m M 158.4 111.2 23.0 376.0 | H 1.028 | V 0.123 | pL -0.019 | vL 0.004 | delta 0.045
U 243 | F 497664 | FPS 0035 | D 17239 | rR:mu sigma m M 0.40 0.41 0.00 0.90 | F:mu sigma m M 133.4 90.5 25.0 361.0 | H 0.997 | V 0.147 | pL -0.010 | vL 0.005 | delta 0.051
U 244 | F 499712 | FPS 0041 | D 17288 | rR:mu sigma m M 0.51 0.40 0.00 0.92 | F:mu sigma m M 151.2 98.1 51.0 397.0 | H 0.953 | V 0.188 | pL -0.056 | vL 0.009 | delta 0.049
U 245 | F 501760 | FPS 0041 | D 17339 | rR:mu sigma m M 0.49 0.44 0.00 0.97 | F:mu sigma m M 94.4 63.9 9.0 275.0 | H 0.875 | V 0.226 | pL -0.064 | vL 0.011 | delta 0.061
U 246 | F 503808 | FPS 0052 | D 17378 | rR:mu sigma m M 0.74 0.36 0.00 0.96 | F:mu sigma m M 70.3 34.3 9.0 135.0 | H 0.758 | V 0.350 | pL -0.093 | vL 0.014 | delta 0.127
U 247 | F 505856 | FPS 0057 | D 17414 | rR:mu sigma m M 0.66 0.42 0.00 0.97 | F:mu sigma m M 65.7 34.5 9.0 177.0 | H 0.703 | V 0.452 | pL -0.078 | vL 0.018 | delta 0.078
U 248 | F 507904 | FPS 0064 | D 17446 | rR:mu sigma m M 0.79 0.35 0.00 0.97 | F:mu sigma m M 47.2 22.3 10.0 119.0 | H 0.637 | V 0.512 | pL -0.097 | vL 0.012 | delta 0.083
U 249 | F 509952 | FPS 0071 | D 17475 | rR:mu sigma m M 0.85 0.30 0.00 0.97 | F:mu sigma m M 45.8 18.2 16.0 121.0 | H 0.545 | V 0.633 | pL -0.074 | vL 0.017 | delta 0.094
U 250 | F 512000 | FPS 0076 | D 17502 | rR:mu sigma m M 0.94 0.13 0.00 0.98 | F:mu sigma m M 39.6 11.2 22.0 69.0 | H 0.474 | V 0.708 | pL -0.068 | vL 0.005 | delta 0.080
U 251 | F 514048 | FPS 0077 | D 17528 | rR:mu sigma m M 0.90 0.23 0.00 0.98 | F:mu sigma m M 34.9 16.6 15.0 155.0 | H 0.442 | V 0.766 | pL -0.028 | vL 0.011 | delta 0.058
U 252 | F 516096 | FPS 0080 | D 17554 | rR:mu sigma m M 0.97 0.01 0.94 0.97 | F:mu sigma m M 33.2 7.5 27.0 55.0 | H 0.366 | V 0.808 | pL -0.033 | vL 0.001 | delta 0.038
agent reach optimality, start collecting trajectories
agent successfully collected 10 trajectories
pickling optimal trajectories
Model successfully saved
/home/rdali/.local/easybuild/software/2017/Core/miniconda3/4.3.27/envs/observe/lib/python3.6/site-packages/torch/nn/functional.py:1906: UserWarning: reduction: 'mean' divides the total loss by both the batch size and the support size.'batchmean' divides only by the batch size, and aligns with the KL div math definition.'mean' will be changed to behave the same as 'batchmean' in the next major release.
  warnings.warn("reduction: 'mean' divides the total loss by both the batch size and the support size."
