The following modules were not unloaded:
  (Use "module --force purge" to unload all):

  1) StdEnv/2018.3     4) gcccore/.7.3.0      7) intel/2018.3
  2) nixpkgs/16.09     5) icc/.2018.3.222     8) openmpi/3.1.2
  3) imkl/2018.3.222   6) ifort/.2018.3.222

Due to MODULEPATH changes, the following have been reloaded:
  1) openmpi/3.1.2

Attention: While Conda works well in a desktop environment, it tends to create more problems than it solves on a cluster. Instead, we recommend that users use virtual environments and the binary packages that we provide through Python wheels as documented on the Python page.
/home/rdali/RL/watch_and_learn/dependency/rl-starter-files/scripts/train_agent_multidem.py --env MiniGrid-LavaCrossingAddictO12S15-v0 --algo ppo --nameDemonstrator LavaCrossing1215Addict1,LavaCrossing1215Addict2,LavaCrossing1215Addict4,LavaCrossing1215Addict5,LavaCrossing1215Addict7,LavaCrossing1215Addict8,LavaCrossing1215Addict9,LavaCrossing1215Addict10 --flat-model 0 --KLweight 0.01 --useKL 1 --meanReward 0.80 --rewardLB 0.70 --seed 8746

Namespace(KLweight=0.01, algo='ppo', batch_size=256, clip_eps=0.2, discount=0.99, entropy_coef=0.01, env='MiniGrid-LavaCrossingAddictO12S15-v0', epochs=4, flat_model=0, frames=10000000, frames_per_proc=None, full_obs=0, gae_lambda=0.95, log_interval=1, lr=0.0007, max_grad_norm=0.5, meanReward=0.8, mem=False, model=None, nameDemonstrator='LavaCrossing1215Addict1,LavaCrossing1215Addict2,LavaCrossing1215Addict4,LavaCrossing1215Addict5,LavaCrossing1215Addict7,LavaCrossing1215Addict8,LavaCrossing1215Addict9,LavaCrossing1215Addict10', optim_alpha=0.99, optim_eps=1e-05, procs=16, recurrence=1, rewardLB=0.7, save_interval=0, seed=8746, tb=False, text=False, useKL=1, value_loss_coef=0.5)

Flat model successfully created

ACModel(
  (image_conv): Sequential(
    (0): Conv2d(3, 32, kernel_size=(2, 2), stride=(1, 1))
    (1): ReLU()
    (2): MaxPool2d(kernel_size=(2, 2), stride=(2, 2), padding=0, dilation=1, ceil_mode=False)
    (3): Conv2d(32, 64, kernel_size=(2, 2), stride=(1, 1))
    (4): ReLU()
    (5): Conv2d(64, 64, kernel_size=(2, 2), stride=(1, 1))
    (6): ReLU()
  )
  (actor): Sequential(
    (0): Linear(in_features=1600, out_features=64, bias=True)
    (1): Tanh()
    (2): Linear(in_features=64, out_features=3, bias=True)
  )
  (critic): Sequential(
    (0): Linear(in_features=1600, out_features=64, bias=True)
    (1): Tanh()
    (2): Linear(in_features=64, out_features=1, bias=True)
  )
)

CUDA available: False

1
True
0.01
Using TensorFlow backend.
OMP: Info #212: KMP_AFFINITY: decoding x2APIC ids.
OMP: Info #210: KMP_AFFINITY: Affinity capable, using global cpuid leaf 11 info
OMP: Info #154: KMP_AFFINITY: Initial OS proc set respected: 21,23,30,32,34
OMP: Info #156: KMP_AFFINITY: 5 available OS procs
OMP: Info #158: KMP_AFFINITY: Nonuniform topology
OMP: Info #179: KMP_AFFINITY: 2 packages x 3 cores/pkg x 1 threads/core (5 total cores)
OMP: Info #214: KMP_AFFINITY: OS proc to physical thread map:
OMP: Info #171: KMP_AFFINITY: OS proc 32 maps to package 0 core 24 
OMP: Info #171: KMP_AFFINITY: OS proc 34 maps to package 0 core 27 
OMP: Info #171: KMP_AFFINITY: OS proc 30 maps to package 0 core 28 
OMP: Info #171: KMP_AFFINITY: OS proc 21 maps to package 1 core 16 
OMP: Info #171: KMP_AFFINITY: OS proc 23 maps to package 1 core 20 
OMP: Info #250: KMP_AFFINITY: pid 247048 tid 247048 thread 0 bound to OS proc set 32
OMP: Info #250: KMP_AFFINITY: pid 247048 tid 247272 thread 1 bound to OS proc set 21
OMP: Info #250: KMP_AFFINITY: pid 247048 tid 247273 thread 2 bound to OS proc set 34
OMP: Info #250: KMP_AFFINITY: pid 247048 tid 247274 thread 3 bound to OS proc set 23
OMP: Info #250: KMP_AFFINITY: pid 247048 tid 247275 thread 4 bound to OS proc set 30
OMP: Info #250: KMP_AFFINITY: pid 247048 tid 247525 thread 5 bound to OS proc set 32
OMP: Info #250: KMP_AFFINITY: pid 247048 tid 247524 thread 6 bound to OS proc set 21
OMP: Info #250: KMP_AFFINITY: pid 247048 tid 247542 thread 7 bound to OS proc set 34
OMP: Info #250: KMP_AFFINITY: pid 247048 tid 247544 thread 9 bound to OS proc set 30
OMP: Info #250: KMP_AFFINITY: pid 247048 tid 247543 thread 8 bound to OS proc set 23
OMP: Info #250: KMP_AFFINITY: pid 247048 tid 247545 thread 10 bound to OS proc set 32
OMP: Info #250: KMP_AFFINITY: pid 247048 tid 247663 thread 11 bound to OS proc set 21
OMP: Info #250: KMP_AFFINITY: pid 247048 tid 247664 thread 12 bound to OS proc set 34
OMP: Info #250: KMP_AFFINITY: pid 247048 tid 247665 thread 13 bound to OS proc set 23
OMP: Info #250: KMP_AFFINITY: pid 247048 tid 247667 thread 15 bound to OS proc set 32
OMP: Info #250: KMP_AFFINITY: pid 247048 tid 247666 thread 14 bound to OS proc set 30
U 1 | F 002048 | FPS 0024 | D 84 | rR:mu sigma m M 0.00 0.00 0.00 0.00 | F:mu sigma m M 34.1 34.7 0.0 93.0 | H 1.098 | V -0.016 | pL -0.003 | vL 0.000 | delta 0.047
U 2 | F 004096 | FPS 0025 | D 166 | rR:mu sigma m M 0.05 0.20 0.00 0.82 | F:mu sigma m M 116.5 52.6 45.0 251.0 | H 1.091 | V -0.009 | pL -0.010 | vL 0.002 | delta 0.040
U 3 | F 006144 | FPS 0030 | D 233 | rR:mu sigma m M 0.04 0.17 0.00 0.70 | F:mu sigma m M 156.4 105.7 33.0 375.0 | H 1.092 | V 0.004 | pL -0.005 | vL 0.002 | delta 0.020
U 4 | F 008192 | FPS 0032 | D 296 | rR:mu sigma m M 0.04 0.17 0.00 0.71 | F:mu sigma m M 125.6 107.8 16.0 375.0 | H 1.092 | V 0.014 | pL -0.004 | vL 0.001 | delta 0.046
U 5 | F 010240 | FPS 0031 | D 363 | rR:mu sigma m M 0.04 0.17 0.00 0.71 | F:mu sigma m M 186.4 173.8 32.0 541.0 | H 1.098 | V 0.011 | pL 0.003 | vL 0.000 | delta 0.008
U 6 | F 012288 | FPS 0025 | D 443 | rR:mu sigma m M 0.00 0.00 0.00 0.00 | F:mu sigma m M 123.6 57.2 41.0 252.0 | H 1.098 | V 0.009 | pL 0.002 | vL 0.000 | delta 0.005
U 7 | F 014336 | FPS 0029 | D 515 | rR:mu sigma m M 0.00 0.00 0.00 0.00 | F:mu sigma m M 184.4 133.3 52.0 487.0 | H 1.097 | V 0.008 | pL 0.002 | vL 0.000 | delta 0.013
U 8 | F 016384 | FPS 0028 | D 588 | rR:mu sigma m M 0.00 0.00 0.00 0.00 | F:mu sigma m M 146.5 103.0 28.0 373.0 | H 1.098 | V 0.004 | pL 0.001 | vL 0.000 | delta 0.006
U 9 | F 018432 | FPS 0032 | D 652 | rR:mu sigma m M 0.00 0.00 0.00 0.00 | F:mu sigma m M 175.6 104.8 31.0 441.0 | H 1.098 | V 0.007 | pL -0.000 | vL 0.000 | delta 0.007
U 10 | F 020480 | FPS 0032 | D 717 | rR:mu sigma m M 0.00 0.00 0.00 0.00 | F:mu sigma m M 218.4 194.0 16.0 818.0 | H 1.098 | V 0.006 | pL 0.002 | vL 0.000 | delta 0.006
U 11 | F 022528 | FPS 0031 | D 783 | rR:mu sigma m M 0.00 0.00 0.00 0.00 | F:mu sigma m M 162.1 137.4 12.0 535.0 | H 1.099 | V 0.002 | pL 0.000 | vL 0.000 | delta 0.003
U 12 | F 024576 | FPS 0026 | D 860 | rR:mu sigma m M 0.00 0.00 0.00 0.00 | F:mu sigma m M 135.6 97.7 23.0 332.0 | H 1.098 | V 0.002 | pL -0.000 | vL 0.000 | delta 0.003
U 13 | F 026624 | FPS 0029 | D 932 | rR:mu sigma m M 0.00 0.00 0.00 0.00 | F:mu sigma m M 175.1 142.6 36.0 617.0 | H 1.098 | V 0.002 | pL 0.001 | vL 0.000 | delta 0.002
U 14 | F 028672 | FPS 0031 | D 997 | rR:mu sigma m M 0.00 0.00 0.00 0.00 | F:mu sigma m M 186.6 145.8 36.0 617.0 | H 1.098 | V 0.003 | pL 0.001 | vL 0.000 | delta 0.002
U 15 | F 030720 | FPS 0028 | D 1070 | rR:mu sigma m M 0.00 0.00 0.00 0.00 | F:mu sigma m M 213.8 128.5 46.0 429.0 | H 1.099 | V 0.002 | pL 0.001 | vL 0.000 | delta 0.001
U 16 | F 032768 | FPS 0030 | D 1139 | rR:mu sigma m M 0.00 0.00 0.00 0.00 | F:mu sigma m M 159.2 173.6 13.0 746.0 | H 1.099 | V 0.002 | pL 0.000 | vL 0.000 | delta 0.001
U 17 | F 034816 | FPS 0031 | D 1206 | rR:mu sigma m M 0.00 0.00 0.00 0.00 | F:mu sigma m M 144.9 69.6 42.0 289.0 | H 1.099 | V 0.001 | pL 0.000 | vL 0.000 | delta 0.001
U 18 | F 036864 | FPS 0031 | D 1272 | rR:mu sigma m M 0.00 0.00 0.00 0.00 | F:mu sigma m M 187.4 173.4 20.0 670.0 | H 1.098 | V 0.003 | pL -0.000 | vL 0.000 | delta 0.003
U 19 | F 038912 | FPS 0028 | D 1345 | rR:mu sigma m M 0.00 0.00 0.00 0.00 | F:mu sigma m M 179.0 151.5 33.0 667.0 | H 1.099 | V 0.000 | pL 0.000 | vL 0.000 | delta 0.002
U 20 | F 040960 | FPS 0026 | D 1423 | rR:mu sigma m M 0.00 0.00 0.00 0.00 | F:mu sigma m M 194.4 125.9 33.0 535.0 | H 1.099 | V -0.000 | pL -0.000 | vL 0.000 | delta 0.001
U 21 | F 043008 | FPS 0027 | D 1500 | rR:mu sigma m M 0.00 0.00 0.00 0.00 | F:mu sigma m M 121.9 77.4 33.0 286.0 | H 1.099 | V -0.000 | pL -0.000 | vL 0.000 | delta 0.001
U 22 | F 045056 | FPS 0029 | D 1571 | rR:mu sigma m M 0.00 0.00 0.00 0.00 | F:mu sigma m M 234.7 198.6 32.0 851.0 | H 1.099 | V -0.000 | pL -0.000 | vL 0.000 | delta 0.001
U 23 | F 047104 | FPS 0028 | D 1644 | rR:mu sigma m M 0.00 0.00 0.00 0.00 | F:mu sigma m M 158.5 131.3 24.0 518.0 | H 1.099 | V 0.000 | pL 0.000 | vL 0.000 | delta 0.001
U 24 | F 049152 | FPS 0029 | D 1715 | rR:mu sigma m M 0.00 0.00 0.00 0.00 | F:mu sigma m M 162.8 155.0 14.0 539.0 | H 1.098 | V 0.001 | pL -0.000 | vL 0.000 | delta 0.001
U 25 | F 051200 | FPS 0032 | D 1779 | rR:mu sigma m M 0.00 0.00 0.00 0.00 | F:mu sigma m M 127.3 113.0 22.0 521.0 | H 1.099 | V 0.001 | pL 0.000 | vL 0.000 | delta 0.001
U 26 | F 053248 | FPS 0032 | D 1844 | rR:mu sigma m M 0.00 0.00 0.00 0.00 | F:mu sigma m M 146.8 132.7 45.0 521.0 | H 1.099 | V 0.001 | pL -0.000 | vL 0.000 | delta 0.001
U 27 | F 055296 | FPS 0029 | D 1915 | rR:mu sigma m M 0.00 0.00 0.00 0.00 | F:mu sigma m M 145.4 112.1 45.0 404.0 | H 1.099 | V 0.001 | pL 0.000 | vL 0.000 | delta 0.000
U 28 | F 057344 | FPS 0031 | D 1980 | rR:mu sigma m M 0.00 0.00 0.00 0.00 | F:mu sigma m M 217.1 132.3 45.0 466.0 | H 1.098 | V 0.001 | pL 0.000 | vL 0.000 | delta 0.002
U 29 | F 059392 | FPS 0031 | D 2047 | rR:mu sigma m M 0.00 0.00 0.00 0.00 | F:mu sigma m M 176.9 186.6 18.0 635.0 | H 1.099 | V 0.001 | pL 0.000 | vL 0.000 | delta 0.000
U 30 | F 061440 | FPS 0030 | D 2116 | rR:mu sigma m M 0.04 0.17 0.00 0.71 | F:mu sigma m M 215.9 209.3 35.0 717.0 | H 1.096 | V 0.004 | pL -0.006 | vL 0.001 | delta 0.058
U 31 | F 063488 | FPS 0028 | D 2190 | rR:mu sigma m M 0.04 0.17 0.00 0.71 | F:mu sigma m M 207.6 143.9 36.0 559.0 | H 1.097 | V 0.008 | pL 0.002 | vL 0.000 | delta 0.004
U 32 | F 065536 | FPS 0027 | D 2264 | rR:mu sigma m M 0.00 0.00 0.00 0.00 | F:mu sigma m M 163.8 160.2 8.0 559.0 | H 1.098 | V 0.004 | pL 0.001 | vL 0.000 | delta 0.001
U 33 | F 067584 | FPS 0031 | D 2329 | rR:mu sigma m M 0.06 0.22 0.00 0.91 | F:mu sigma m M 180.2 143.7 33.0 518.0 | H 1.096 | V 0.011 | pL -0.007 | vL 0.002 | delta 0.032
U 34 | F 069632 | FPS 0030 | D 2399 | rR:mu sigma m M 0.06 0.22 0.00 0.91 | F:mu sigma m M 140.9 177.8 11.0 778.0 | H 1.094 | V 0.008 | pL 0.003 | vL 0.000 | delta 0.011
U 35 | F 071680 | FPS 0028 | D 2471 | rR:mu sigma m M 0.00 0.00 0.00 0.00 | F:mu sigma m M 176.2 199.6 14.0 778.0 | H 1.098 | V 0.005 | pL 0.000 | vL 0.000 | delta 0.004
U 36 | F 073728 | FPS 0029 | D 2542 | rR:mu sigma m M 0.00 0.00 0.00 0.00 | F:mu sigma m M 201.0 165.6 31.0 497.0 | H 1.098 | V 0.002 | pL -0.000 | vL 0.000 | delta 0.002
U 37 | F 075776 | FPS 0028 | D 2615 | rR:mu sigma m M 0.00 0.00 0.00 0.00 | F:mu sigma m M 213.3 209.2 33.0 900.0 | H 1.098 | V 0.001 | pL 0.001 | vL 0.000 | delta 0.002
U 38 | F 077824 | FPS 0028 | D 2689 | rR:mu sigma m M 0.00 0.00 0.00 0.00 | F:mu sigma m M 155.2 158.1 26.0 660.0 | H 1.098 | V 0.002 | pL 0.000 | vL 0.000 | delta 0.001
U 39 | F 079872 | FPS 0026 | D 2769 | rR:mu sigma m M 0.00 0.00 0.00 0.00 | F:mu sigma m M 101.4 81.6 26.0 292.0 | H 1.098 | V 0.002 | pL 0.001 | vL 0.000 | delta 0.000
U 40 | F 081920 | FPS 0030 | D 2838 | rR:mu sigma m M 0.05 0.18 0.00 0.73 | F:mu sigma m M 213.9 160.7 25.0 550.0 | H 1.088 | V 0.010 | pL -0.006 | vL 0.001 | delta 0.014
U 41 | F 083968 | FPS 0032 | D 2902 | rR:mu sigma m M 0.03 0.10 0.00 0.42 | F:mu sigma m M 219.2 226.2 35.0 850.0 | H 1.098 | V 0.005 | pL -0.004 | vL 0.000 | delta 0.010
U 42 | F 086016 | FPS 0031 | D 2968 | rR:mu sigma m M 0.06 0.23 0.00 0.93 | F:mu sigma m M 112.8 66.1 18.0 290.0 | H 1.089 | V 0.003 | pL -0.010 | vL 0.002 | delta 0.021
U 43 | F 088064 | FPS 0031 | D 3033 | rR:mu sigma m M 0.00 0.00 0.00 0.00 | F:mu sigma m M 120.2 82.8 18.0 296.0 | H 1.097 | V 0.014 | pL 0.002 | vL 0.000 | delta 0.004
U 44 | F 090112 | FPS 0030 | D 3100 | rR:mu sigma m M 0.00 0.00 0.00 0.00 | F:mu sigma m M 155.2 115.5 48.0 459.0 | H 1.097 | V 0.011 | pL 0.002 | vL 0.000 | delta 0.003
U 45 | F 092160 | FPS 0029 | D 3170 | rR:mu sigma m M 0.00 0.00 0.00 0.00 | F:mu sigma m M 207.8 179.8 48.0 771.0 | H 1.097 | V 0.018 | pL 0.005 | vL 0.000 | delta 0.006
U 46 | F 094208 | FPS 0031 | D 3236 | rR:mu sigma m M 0.00 0.00 0.00 0.00 | F:mu sigma m M 228.5 157.9 44.0 621.0 | H 1.098 | V 0.009 | pL 0.002 | vL 0.000 | delta 0.003
U 47 | F 096256 | FPS 0026 | D 3314 | rR:mu sigma m M 0.05 0.20 0.00 0.82 | F:mu sigma m M 151.4 103.0 41.0 461.0 | H 1.095 | V 0.012 | pL -0.005 | vL 0.001 | delta 0.047
U 48 | F 098304 | FPS 0030 | D 3382 | rR:mu sigma m M 0.05 0.20 0.00 0.82 | F:mu sigma m M 157.1 94.3 30.0 461.0 | H 1.098 | V 0.024 | pL 0.005 | vL 0.000 | delta 0.008
U 49 | F 100352 | FPS 0030 | D 3451 | rR:mu sigma m M 0.00 0.00 0.00 0.00 | F:mu sigma m M 210.3 184.7 37.0 657.0 | H 1.098 | V 0.019 | pL 0.005 | vL 0.000 | delta 0.003
U 50 | F 102400 | FPS 0025 | D 3534 | rR:mu sigma m M 0.00 0.00 0.00 0.00 | F:mu sigma m M 263.2 223.7 37.0 900.0 | H 1.098 | V 0.015 | pL 0.003 | vL 0.000 | delta 0.001
U 51 | F 104448 | FPS 0027 | D 3612 | rR:mu sigma m M 0.00 0.00 0.00 0.00 | F:mu sigma m M 151.2 109.3 23.0 516.0 | H 1.098 | V 0.012 | pL 0.004 | vL 0.000 | delta 0.003
U 52 | F 106496 | FPS 0029 | D 3681 | rR:mu sigma m M 0.00 0.00 0.00 0.00 | F:mu sigma m M 145.6 156.6 23.0 724.0 | H 1.098 | V 0.011 | pL 0.003 | vL 0.000 | delta 0.002
U 53 | F 108544 | FPS 0030 | D 3750 | rR:mu sigma m M 0.00 0.00 0.00 0.00 | F:mu sigma m M 216.8 191.0 27.0 724.0 | H 1.098 | V 0.006 | pL 0.002 | vL 0.000 | delta 0.001
U 54 | F 110592 | FPS 0029 | D 3820 | rR:mu sigma m M 0.00 0.00 0.00 0.00 | F:mu sigma m M 173.4 112.6 27.0 397.0 | H 1.098 | V 0.007 | pL 0.001 | vL 0.000 | delta 0.001
U 55 | F 112640 | FPS 0025 | D 3900 | rR:mu sigma m M 0.00 0.00 0.00 0.00 | F:mu sigma m M 207.4 186.1 22.0 800.0 | H 1.098 | V 0.004 | pL 0.002 | vL 0.000 | delta 0.000
U 56 | F 114688 | FPS 0029 | D 3971 | rR:mu sigma m M 0.00 0.00 0.00 0.00 | F:mu sigma m M 144.9 117.2 21.0 359.0 | H 1.099 | V 0.003 | pL 0.000 | vL 0.000 | delta 0.001
U 57 | F 116736 | FPS 0032 | D 4036 | rR:mu sigma m M 0.00 0.00 0.00 0.00 | F:mu sigma m M 138.2 94.8 25.0 359.0 | H 1.098 | V 0.005 | pL 0.001 | vL 0.000 | delta 0.001
U 58 | F 118784 | FPS 0026 | D 4113 | rR:mu sigma m M 0.00 0.00 0.00 0.00 | F:mu sigma m M 176.3 120.5 25.0 484.0 | H 1.098 | V 0.003 | pL 0.001 | vL 0.000 | delta 0.001
U 59 | F 120832 | FPS 0031 | D 4179 | rR:mu sigma m M 0.00 0.00 0.00 0.00 | F:mu sigma m M 182.9 212.6 13.0 900.0 | H 1.098 | V 0.002 | pL 0.001 | vL 0.000 | delta 0.000
U 60 | F 122880 | FPS 0031 | D 4245 | rR:mu sigma m M 0.00 0.00 0.00 0.00 | F:mu sigma m M 186.8 174.3 13.0 753.0 | H 1.099 | V 0.002 | pL 0.000 | vL 0.000 | delta 0.000
U 61 | F 124928 | FPS 0030 | D 4314 | rR:mu sigma m M 0.00 0.00 0.00 0.00 | F:mu sigma m M 204.2 168.9 23.0 753.0 | H 1.098 | V 0.002 | pL 0.000 | vL 0.000 | delta 0.000
U 62 | F 126976 | FPS 0030 | D 4382 | rR:mu sigma m M 0.08 0.22 0.00 0.69 | F:mu sigma m M 189.2 100.2 23.0 355.0 | H 1.087 | V 0.009 | pL -0.010 | vL 0.001 | delta 0.019
U 63 | F 129024 | FPS 0028 | D 4455 | rR:mu sigma m M 0.00 0.00 0.00 0.00 | F:mu sigma m M 181.6 198.1 25.0 788.0 | H 1.098 | V 0.001 | pL -0.000 | vL 0.000 | delta 0.001
U 64 | F 131072 | FPS 0030 | D 4523 | rR:mu sigma m M 0.05 0.19 0.00 0.80 | F:mu sigma m M 133.8 77.0 49.0 277.0 | H 1.097 | V 0.011 | pL -0.006 | vL 0.001 | delta 0.011
U 65 | F 133120 | FPS 0031 | D 4590 | rR:mu sigma m M 0.00 0.00 0.00 0.00 | F:mu sigma m M 133.9 116.9 15.0 419.0 | H 1.098 | V 0.005 | pL 0.001 | vL 0.000 | delta 0.002
U 66 | F 135168 | FPS 0030 | D 4659 | rR:mu sigma m M 0.00 0.00 0.00 0.00 | F:mu sigma m M 96.8 77.8 22.0 295.0 | H 1.098 | V 0.004 | pL 0.001 | vL 0.000 | delta 0.002
U 67 | F 137216 | FPS 0031 | D 4726 | rR:mu sigma m M 0.00 0.00 0.00 0.00 | F:mu sigma m M 175.0 128.3 22.0 549.0 | H 1.097 | V 0.005 | pL -0.001 | vL 0.000 | delta 0.008
U 68 | F 139264 | FPS 0034 | D 4786 | rR:mu sigma m M 0.00 0.00 0.00 0.00 | F:mu sigma m M 154.5 156.6 17.0 509.0 | H 1.098 | V 0.007 | pL -0.001 | vL 0.000 | delta 0.005
U 69 | F 141312 | FPS 0028 | D 4860 | rR:mu sigma m M 0.05 0.19 0.00 0.78 | F:mu sigma m M 99.1 71.8 17.0 238.0 | H 1.095 | V 0.016 | pL -0.003 | vL 0.002 | delta 0.016
U 70 | F 143360 | FPS 0034 | D 4919 | rR:mu sigma m M 0.00 0.00 0.00 0.00 | F:mu sigma m M 150.6 148.1 26.0 547.0 | H 1.096 | V 0.009 | pL -0.001 | vL 0.000 | delta 0.014
U 71 | F 145408 | FPS 0030 | D 4987 | rR:mu sigma m M 0.00 0.00 0.00 0.00 | F:mu sigma m M 141.9 129.3 29.0 506.0 | H 1.096 | V 0.012 | pL 0.002 | vL 0.000 | delta 0.007
U 72 | F 147456 | FPS 0028 | D 5060 | rR:mu sigma m M 0.00 0.00 0.00 0.00 | F:mu sigma m M 168.1 141.2 29.0 551.0 | H 1.097 | V 0.009 | pL 0.002 | vL 0.000 | delta 0.002
U 73 | F 149504 | FPS 0030 | D 5129 | rR:mu sigma m M 0.00 0.00 0.00 0.00 | F:mu sigma m M 178.6 129.6 44.0 502.0 | H 1.098 | V 0.007 | pL 0.001 | vL 0.000 | delta 0.002
U 74 | F 151552 | FPS 0027 | D 5204 | rR:mu sigma m M 0.00 0.00 0.00 0.00 | F:mu sigma m M 147.2 105.2 47.0 502.0 | H 1.098 | V 0.008 | pL 0.002 | vL 0.000 | delta 0.001
U 75 | F 153600 | FPS 0026 | D 5282 | rR:mu sigma m M 0.00 0.00 0.00 0.00 | F:mu sigma m M 243.0 169.1 13.0 637.0 | H 1.098 | V 0.004 | pL 0.001 | vL 0.000 | delta 0.002
U 76 | F 155648 | FPS 0029 | D 5352 | rR:mu sigma m M 0.00 0.00 0.00 0.00 | F:mu sigma m M 222.0 185.9 27.0 724.0 | H 1.098 | V 0.003 | pL 0.001 | vL 0.000 | delta 0.001
U 77 | F 157696 | FPS 0034 | D 5412 | rR:mu sigma m M 0.00 0.00 0.00 0.00 | F:mu sigma m M 236.8 221.3 33.0 724.0 | H 1.099 | V 0.003 | pL 0.001 | vL 0.000 | delta 0.001
U 78 | F 159744 | FPS 0027 | D 5489 | rR:mu sigma m M 0.00 0.00 0.00 0.00 | F:mu sigma m M 180.9 165.2 24.0 693.0 | H 1.099 | V 0.002 | pL 0.000 | vL 0.000 | delta 0.000
U 79 | F 161792 | FPS 0027 | D 5564 | rR:mu sigma m M 0.00 0.00 0.00 0.00 | F:mu sigma m M 172.8 115.1 42.0 451.0 | H 1.099 | V 0.002 | pL 0.001 | vL 0.000 | delta 0.001
U 80 | F 163840 | FPS 0030 | D 5633 | rR:mu sigma m M 0.00 0.00 0.00 0.00 | F:mu sigma m M 188.9 145.4 43.0 467.0 | H 1.098 | V 0.002 | pL 0.000 | vL 0.000 | delta 0.001
U 81 | F 165888 | FPS 0025 | D 5714 | rR:mu sigma m M 0.00 0.00 0.00 0.00 | F:mu sigma m M 125.1 68.3 38.0 286.0 | H 1.098 | V 0.001 | pL 0.000 | vL 0.000 | delta 0.001
U 82 | F 167936 | FPS 0029 | D 5786 | rR:mu sigma m M 0.00 0.00 0.00 0.00 | F:mu sigma m M 150.6 72.9 38.0 286.0 | H 1.098 | V 0.000 | pL 0.000 | vL 0.000 | delta 0.001
U 83 | F 169984 | FPS 0028 | D 5859 | rR:mu sigma m M 0.00 0.00 0.00 0.00 | F:mu sigma m M 156.3 98.7 66.0 366.0 | H 1.099 | V -0.000 | pL 0.000 | vL 0.000 | delta 0.000
U 84 | F 172032 | FPS 0028 | D 5932 | rR:mu sigma m M 0.00 0.00 0.00 0.00 | F:mu sigma m M 155.6 145.6 32.0 553.0 | H 1.099 | V 0.000 | pL -0.000 | vL 0.000 | delta 0.000
U 85 | F 174080 | FPS 0030 | D 6001 | rR:mu sigma m M 0.00 0.00 0.00 0.00 | F:mu sigma m M 159.0 205.0 28.0 900.0 | H 1.098 | V 0.001 | pL 0.000 | vL 0.000 | delta 0.001
U 86 | F 176128 | FPS 0030 | D 6070 | rR:mu sigma m M 0.00 0.00 0.00 0.00 | F:mu sigma m M 148.1 201.3 24.0 900.0 | H 1.099 | V 0.001 | pL 0.000 | vL 0.000 | delta 0.000
U 87 | F 178176 | FPS 0033 | D 6132 | rR:mu sigma m M 0.00 0.00 0.00 0.00 | F:mu sigma m M 174.1 140.7 30.0 493.0 | H 1.098 | V 0.001 | pL 0.000 | vL 0.000 | delta 0.002
U 88 | F 180224 | FPS 0027 | D 6210 | rR:mu sigma m M 0.00 0.00 0.00 0.00 | F:mu sigma m M 161.9 136.3 35.0 493.0 | H 1.099 | V -0.001 | pL -0.000 | vL 0.000 | delta 0.000
U 89 | F 182272 | FPS 0025 | D 6292 | rR:mu sigma m M 0.00 0.00 0.00 0.00 | F:mu sigma m M 116.8 93.3 33.0 347.0 | H 1.099 | V -0.000 | pL -0.000 | vL 0.000 | delta 0.000
U 90 | F 184320 | FPS 0029 | D 6363 | rR:mu sigma m M 0.00 0.00 0.00 0.00 | F:mu sigma m M 218.6 171.6 29.0 593.0 | H 1.098 | V 0.000 | pL 0.000 | vL 0.000 | delta 0.001
U 91 | F 186368 | FPS 0027 | D 6437 | rR:mu sigma m M 0.00 0.00 0.00 0.00 | F:mu sigma m M 168.2 162.4 29.0 589.0 | H 1.099 | V -0.001 | pL -0.000 | vL 0.000 | delta 0.000
U 92 | F 188416 | FPS 0026 | D 6516 | rR:mu sigma m M 0.00 0.00 0.00 0.00 | F:mu sigma m M 148.7 118.0 40.0 515.0 | H 1.099 | V -0.000 | pL -0.000 | vL 0.000 | delta 0.000
U 93 | F 190464 | FPS 0028 | D 6588 | rR:mu sigma m M 0.00 0.00 0.00 0.00 | F:mu sigma m M 155.1 129.1 21.0 515.0 | H 1.099 | V -0.000 | pL -0.000 | vL 0.000 | delta 0.000
U 94 | F 192512 | FPS 0032 | D 6651 | rR:mu sigma m M 0.00 0.00 0.00 0.00 | F:mu sigma m M 176.8 153.4 30.0 692.0 | H 1.099 | V -0.000 | pL -0.000 | vL 0.000 | delta 0.000
U 95 | F 194560 | FPS 0030 | D 6719 | rR:mu sigma m M 0.00 0.00 0.00 0.00 | F:mu sigma m M 164.1 117.3 23.0 408.0 | H 1.099 | V 0.000 | pL -0.000 | vL 0.000 | delta 0.000
U 96 | F 196608 | FPS 0031 | D 6784 | rR:mu sigma m M 0.03 0.11 0.00 0.47 | F:mu sigma m M 170.4 126.6 20.0 528.0 | H 1.098 | V 0.004 | pL -0.004 | vL 0.000 | delta 0.005
U 97 | F 198656 | FPS 0032 | D 6849 | rR:mu sigma m M 0.00 0.00 0.00 0.00 | F:mu sigma m M 152.5 83.9 20.0 275.0 | H 1.099 | V -0.002 | pL -0.001 | vL 0.000 | delta 0.000
U 98 | F 200704 | FPS 0031 | D 6915 | rR:mu sigma m M 0.00 0.00 0.00 0.00 | F:mu sigma m M 144.8 114.0 38.0 385.0 | H 1.099 | V -0.001 | pL -0.001 | vL 0.000 | delta 0.000
U 99 | F 202752 | FPS 0028 | D 6988 | rR:mu sigma m M 0.00 0.00 0.00 0.00 | F:mu sigma m M 160.6 123.2 23.0 394.0 | H 1.099 | V -0.001 | pL -0.000 | vL 0.000 | delta 0.000
U 100 | F 204800 | FPS 0031 | D 7053 | rR:mu sigma m M 0.00 0.00 0.00 0.00 | F:mu sigma m M 161.8 105.2 23.0 394.0 | H 1.099 | V -0.001 | pL -0.000 | vL 0.000 | delta 0.000
U 101 | F 206848 | FPS 0028 | D 7126 | rR:mu sigma m M 0.00 0.00 0.00 0.00 | F:mu sigma m M 168.2 104.1 10.0 373.0 | H 1.099 | V -0.000 | pL -0.000 | vL 0.000 | delta 0.000
U 102 | F 208896 | FPS 0026 | D 7205 | rR:mu sigma m M 0.00 0.00 0.00 0.00 | F:mu sigma m M 155.2 111.0 20.0 411.0 | H 1.098 | V 0.001 | pL 0.001 | vL 0.000 | delta 0.002
U 103 | F 210944 | FPS 0029 | D 7275 | rR:mu sigma m M 0.00 0.00 0.00 0.00 | F:mu sigma m M 174.9 143.5 30.0 518.0 | H 1.099 | V 0.000 | pL -0.000 | vL 0.000 | delta 0.000
U 104 | F 212992 | FPS 0030 | D 7344 | rR:mu sigma m M 0.03 0.12 0.00 0.51 | F:mu sigma m M 157.7 141.6 37.0 518.0 | H 1.098 | V 0.006 | pL -0.004 | vL 0.000 | delta 0.004
U 105 | F 215040 | FPS 0030 | D 7411 | rR:mu sigma m M 0.00 0.00 0.00 0.00 | F:mu sigma m M 142.4 96.4 37.0 404.0 | H 1.099 | V -0.000 | pL -0.000 | vL 0.000 | delta 0.000
U 106 | F 217088 | FPS 0032 | D 7476 | rR:mu sigma m M 0.00 0.00 0.00 0.00 | F:mu sigma m M 179.5 135.1 32.0 549.0 | H 1.099 | V -0.000 | pL -0.000 | vL 0.000 | delta 0.000
U 107 | F 219136 | FPS 0028 | D 7548 | rR:mu sigma m M 0.00 0.00 0.00 0.00 | F:mu sigma m M 186.2 149.8 38.0 549.0 | H 1.099 | V 0.001 | pL -0.000 | vL 0.000 | delta 0.001
U 108 | F 221184 | FPS 0028 | D 7620 | rR:mu sigma m M 0.07 0.19 0.00 0.70 | F:mu sigma m M 158.9 156.3 28.0 609.0 | H 1.095 | V 0.006 | pL -0.006 | vL 0.001 | delta 0.021
U 109 | F 223232 | FPS 0030 | D 7689 | rR:mu sigma m M 0.00 0.00 0.00 0.00 | F:mu sigma m M 133.5 92.2 30.0 374.0 | H 1.097 | V 0.009 | pL 0.001 | vL 0.000 | delta 0.003
U 110 | F 225280 | FPS 0030 | D 7757 | rR:mu sigma m M 0.00 0.00 0.00 0.00 | F:mu sigma m M 184.8 131.8 34.0 518.0 | H 1.098 | V 0.009 | pL 0.002 | vL 0.000 | delta 0.004
U 111 | F 227328 | FPS 0028 | D 7829 | rR:mu sigma m M 0.00 0.00 0.00 0.00 | F:mu sigma m M 200.2 137.3 26.0 518.0 | H 1.099 | V 0.009 | pL 0.003 | vL 0.000 | delta 0.002
U 112 | F 229376 | FPS 0026 | D 7907 | rR:mu sigma m M 0.00 0.00 0.00 0.00 | F:mu sigma m M 198.2 143.2 26.0 565.0 | H 1.098 | V 0.007 | pL 0.002 | vL 0.000 | delta 0.003
U 113 | F 231424 | FPS 0029 | D 7977 | rR:mu sigma m M 0.00 0.00 0.00 0.00 | F:mu sigma m M 131.3 127.2 13.0 429.0 | H 1.098 | V 0.005 | pL 0.001 | vL 0.000 | delta 0.001
U 114 | F 233472 | FPS 0032 | D 8042 | rR:mu sigma m M 0.00 0.00 0.00 0.00 | F:mu sigma m M 160.9 124.4 13.0 542.0 | H 1.098 | V 0.006 | pL 0.002 | vL 0.000 | delta 0.001
U 115 | F 235520 | FPS 0031 | D 8107 | rR:mu sigma m M 0.00 0.00 0.00 0.00 | F:mu sigma m M 147.1 107.7 35.0 433.0 | H 1.099 | V 0.004 | pL 0.001 | vL 0.000 | delta 0.001
U 116 | F 237568 | FPS 0032 | D 8172 | rR:mu sigma m M 0.00 0.00 0.00 0.00 | F:mu sigma m M 176.2 139.1 29.0 598.0 | H 1.099 | V 0.004 | pL 0.001 | vL 0.000 | delta 0.001
U 117 | F 239616 | FPS 0030 | D 8241 | rR:mu sigma m M 0.00 0.00 0.00 0.00 | F:mu sigma m M 155.4 146.5 27.0 598.0 | H 1.099 | V 0.003 | pL 0.001 | vL 0.000 | delta 0.001
U 118 | F 241664 | FPS 0027 | D 8318 | rR:mu sigma m M 0.00 0.00 0.00 0.00 | F:mu sigma m M 134.8 106.1 35.0 421.0 | H 1.099 | V 0.003 | pL 0.001 | vL 0.000 | delta 0.001
U 119 | F 243712 | FPS 0028 | D 8391 | rR:mu sigma m M 0.05 0.19 0.00 0.78 | F:mu sigma m M 244.0 158.4 38.0 594.0 | H 1.098 | V 0.008 | pL -0.006 | vL 0.001 | delta 0.009
U 120 | F 245760 | FPS 0032 | D 8454 | rR:mu sigma m M 0.00 0.00 0.00 0.00 | F:mu sigma m M 240.1 150.4 26.0 594.0 | H 1.099 | V 0.003 | pL 0.001 | vL 0.000 | delta 0.001
U 121 | F 247808 | FPS 0030 | D 8524 | rR:mu sigma m M 0.00 0.00 0.00 0.00 | F:mu sigma m M 119.0 86.6 25.0 303.0 | H 1.098 | V 0.002 | pL 0.001 | vL 0.000 | delta 0.001
U 122 | F 249856 | FPS 0029 | D 8595 | rR:mu sigma m M 0.05 0.20 0.00 0.81 | F:mu sigma m M 92.6 69.6 24.0 280.0 | H 1.096 | V 0.012 | pL -0.005 | vL 0.001 | delta 0.029
U 123 | F 251904 | FPS 0032 | D 8660 | rR:mu sigma m M 0.00 0.00 0.00 0.00 | F:mu sigma m M 192.1 186.9 35.0 681.0 | H 1.096 | V 0.014 | pL 0.001 | vL 0.000 | delta 0.014
U 124 | F 253952 | FPS 0029 | D 8732 | rR:mu sigma m M 0.02 0.08 0.00 0.31 | F:mu sigma m M 169.3 215.9 14.0 698.0 | H 1.094 | V 0.008 | pL 0.003 | vL 0.000 | delta 0.011
U 125 | F 256000 | FPS 0028 | D 8806 | rR:mu sigma m M 0.05 0.20 0.00 0.84 | F:mu sigma m M 104.3 69.0 14.0 248.0 | H 1.095 | V 0.004 | pL -0.007 | vL 0.001 | delta 0.014
U 126 | F 258048 | FPS 0030 | D 8875 | rR:mu sigma m M 0.00 0.00 0.00 0.00 | F:mu sigma m M 141.6 96.1 29.0 339.0 | H 1.092 | V 0.016 | pL -0.004 | vL 0.001 | delta 0.019
U 127 | F 260096 | FPS 0036 | D 8932 | rR:mu sigma m M 0.03 0.14 0.00 0.68 | F:mu sigma m M 169.4 173.1 21.0 604.0 | H 1.090 | V 0.008 | pL -0.003 | vL 0.001 | delta 0.010
U 128 | F 262144 | FPS 0025 | D 9014 | rR:mu sigma m M 0.00 0.00 0.00 0.00 | F:mu sigma m M 132.6 128.8 39.0 604.0 | H 1.098 | V 0.001 | pL -0.001 | vL 0.000 | delta 0.003
U 129 | F 264192 | FPS 0030 | D 9082 | rR:mu sigma m M 0.00 0.00 0.00 0.00 | F:mu sigma m M 119.1 53.1 42.0 250.0 | H 1.097 | V 0.004 | pL 0.001 | vL 0.000 | delta 0.002
U 130 | F 266240 | FPS 0030 | D 9150 | rR:mu sigma m M 0.00 0.00 0.00 0.00 | F:mu sigma m M 142.8 123.0 19.0 497.0 | H 1.098 | V 0.002 | pL 0.000 | vL 0.000 | delta 0.001
U 131 | F 268288 | FPS 0030 | D 9219 | rR:mu sigma m M 0.00 0.00 0.00 0.00 | F:mu sigma m M 128.1 104.4 40.0 414.0 | H 1.098 | V 0.001 | pL 0.000 | vL 0.000 | delta 0.000
U 132 | F 270336 | FPS 0026 | D 9297 | rR:mu sigma m M 0.00 0.00 0.00 0.00 | F:mu sigma m M 174.0 133.2 54.0 515.0 | H 1.098 | V 0.003 | pL 0.001 | vL 0.000 | delta 0.001
U 133 | F 272384 | FPS 0027 | D 9372 | rR:mu sigma m M 0.00 0.00 0.00 0.00 | F:mu sigma m M 134.4 118.3 11.0 515.0 | H 1.098 | V 0.003 | pL 0.001 | vL 0.000 | delta 0.001
U 134 | F 274432 | FPS 0029 | D 9443 | rR:mu sigma m M 0.00 0.00 0.00 0.00 | F:mu sigma m M 186.1 161.5 15.0 613.0 | H 1.098 | V 0.002 | pL 0.001 | vL 0.000 | delta 0.001
U 135 | F 276480 | FPS 0025 | D 9526 | rR:mu sigma m M 0.00 0.00 0.00 0.00 | F:mu sigma m M 140.1 115.3 49.0 494.0 | H 1.099 | V 0.002 | pL 0.001 | vL 0.000 | delta 0.000
U 136 | F 278528 | FPS 0026 | D 9603 | rR:mu sigma m M 0.05 0.18 0.00 0.75 | F:mu sigma m M 168.2 145.1 39.0 618.0 | H 1.095 | V 0.007 | pL -0.006 | vL 0.001 | delta 0.007
U 137 | F 280576 | FPS 0032 | D 9667 | rR:mu sigma m M 0.05 0.18 0.00 0.75 | F:mu sigma m M 230.1 147.1 48.0 618.0 | H 1.098 | V 0.002 | pL 0.001 | vL 0.000 | delta 0.002
U 138 | F 282624 | FPS 0028 | D 9740 | rR:mu sigma m M 0.00 0.00 0.00 0.00 | F:mu sigma m M 179.9 166.8 38.0 710.0 | H 1.097 | V 0.004 | pL 0.001 | vL 0.000 | delta 0.003
U 139 | F 284672 | FPS 0031 | D 9807 | rR:mu sigma m M 0.00 0.00 0.00 0.00 | F:mu sigma m M 121.9 67.7 32.0 219.0 | H 1.098 | V 0.004 | pL 0.001 | vL 0.000 | delta 0.002
U 140 | F 286720 | FPS 0028 | D 9879 | rR:mu sigma m M 0.00 0.00 0.00 0.00 | F:mu sigma m M 177.5 135.5 26.0 538.0 | H 1.098 | V 0.003 | pL 0.001 | vL 0.000 | delta 0.002
U 141 | F 288768 | FPS 0029 | D 9951 | rR:mu sigma m M 0.00 0.00 0.00 0.00 | F:mu sigma m M 186.2 152.3 24.0 538.0 | H 1.098 | V 0.003 | pL 0.000 | vL 0.000 | delta 0.001
U 142 | F 290816 | FPS 0032 | D 10015 | rR:mu sigma m M 0.05 0.20 0.00 0.83 | F:mu sigma m M 136.2 94.6 24.0 364.0 | H 1.097 | V 0.007 | pL -0.005 | vL 0.001 | delta 0.009
U 143 | F 292864 | FPS 0029 | D 10086 | rR:mu sigma m M 0.00 0.00 0.00 0.00 | F:mu sigma m M 168.3 109.4 25.0 379.0 | H 1.098 | V 0.005 | pL 0.001 | vL 0.000 | delta 0.004
U 144 | F 294912 | FPS 0031 | D 10153 | rR:mu sigma m M 0.04 0.17 0.00 0.70 | F:mu sigma m M 219.3 143.5 37.0 630.0 | H 1.096 | V 0.010 | pL -0.005 | vL 0.001 | delta 0.017
U 145 | F 296960 | FPS 0029 | D 10222 | rR:mu sigma m M 0.00 0.00 0.00 0.00 | F:mu sigma m M 182.8 169.3 8.0 630.0 | H 1.098 | V -0.005 | pL -0.001 | vL 0.000 | delta 0.002
U 146 | F 299008 | FPS 0031 | D 10288 | rR:mu sigma m M 0.00 0.00 0.00 0.00 | F:mu sigma m M 112.5 63.6 31.0 253.0 | H 1.098 | V -0.002 | pL -0.001 | vL 0.000 | delta 0.001
U 147 | F 301056 | FPS 0028 | D 10360 | rR:mu sigma m M 0.00 0.00 0.00 0.00 | F:mu sigma m M 135.1 92.9 24.0 413.0 | H 1.098 | V -0.001 | pL -0.001 | vL 0.000 | delta 0.001
U 148 | F 303104 | FPS 0026 | D 10438 | rR:mu sigma m M 0.00 0.00 0.00 0.00 | F:mu sigma m M 158.6 129.4 24.0 489.0 | H 1.098 | V -0.000 | pL -0.000 | vL 0.000 | delta 0.001
U 149 | F 305152 | FPS 0030 | D 10505 | rR:mu sigma m M 0.00 0.00 0.00 0.00 | F:mu sigma m M 221.3 146.2 37.0 648.0 | H 1.098 | V 0.001 | pL 0.000 | vL 0.000 | delta 0.002
U 150 | F 307200 | FPS 0035 | D 10564 | rR:mu sigma m M 0.00 0.00 0.00 0.00 | F:mu sigma m M 161.6 85.3 46.0 319.0 | H 1.098 | V 0.003 | pL -0.001 | vL 0.000 | delta 0.001
U 151 | F 309248 | FPS 0029 | D 10634 | rR:mu sigma m M 0.05 0.18 0.00 0.76 | F:mu sigma m M 148.8 80.6 50.0 325.0 | H 1.097 | V 0.009 | pL -0.005 | vL 0.001 | delta 0.007
U 152 | F 311296 | FPS 0029 | D 10705 | rR:mu sigma m M 0.00 0.00 0.00 0.00 | F:mu sigma m M 109.9 83.4 24.0 325.0 | H 1.098 | V 0.002 | pL 0.000 | vL 0.000 | delta 0.001
U 153 | F 313344 | FPS 0031 | D 10771 | rR:mu sigma m M 0.00 0.00 0.00 0.00 | F:mu sigma m M 133.7 120.2 24.0 462.0 | H 1.098 | V 0.001 | pL 0.000 | vL 0.000 | delta 0.000
U 154 | F 315392 | FPS 0030 | D 10840 | rR:mu sigma m M 0.04 0.14 0.00 0.60 | F:mu sigma m M 293.6 213.8 76.0 900.0 | H 1.093 | V 0.009 | pL -0.005 | vL 0.000 | delta 0.007
U 155 | F 317440 | FPS 0030 | D 10909 | rR:mu sigma m M 0.04 0.14 0.00 0.60 | F:mu sigma m M 222.9 198.7 33.0 808.0 | H 1.098 | V -0.001 | pL -0.001 | vL 0.000 | delta 0.001
U 156 | F 319488 | FPS 0031 | D 10975 | rR:mu sigma m M 0.00 0.00 0.00 0.00 | F:mu sigma m M 129.2 102.8 38.0 480.0 | H 1.098 | V 0.004 | pL -0.002 | vL 0.000 | delta 0.003
U 157 | F 321536 | FPS 0033 | D 11037 | rR:mu sigma m M 0.04 0.14 0.00 0.61 | F:mu sigma m M 219.9 192.6 22.0 647.0 | H 1.096 | V 0.007 | pL -0.002 | vL 0.000 | delta 0.007
U 158 | F 323584 | FPS 0031 | D 11104 | rR:mu sigma m M 0.00 0.00 0.00 0.00 | F:mu sigma m M 165.8 154.2 22.0 633.0 | H 1.096 | V 0.012 | pL -0.001 | vL 0.000 | delta 0.005
U 159 | F 325632 | FPS 0025 | D 11185 | rR:mu sigma m M 0.00 0.00 0.00 0.00 | F:mu sigma m M 150.9 89.3 46.0 337.0 | H 1.098 | V 0.005 | pL 0.002 | vL 0.000 | delta 0.001
U 160 | F 327680 | FPS 0030 | D 11254 | rR:mu sigma m M 0.00 0.00 0.00 0.00 | F:mu sigma m M 135.8 89.3 47.0 337.0 | H 1.097 | V 0.007 | pL 0.001 | vL 0.000 | delta 0.003
U 161 | F 329728 | FPS 0030 | D 11324 | rR:mu sigma m M 0.00 0.00 0.00 0.00 | F:mu sigma m M 173.1 76.7 66.0 290.0 | H 1.098 | V 0.009 | pL 0.002 | vL 0.000 | delta 0.003
U 162 | F 331776 | FPS 0028 | D 11397 | rR:mu sigma m M 0.00 0.00 0.00 0.00 | F:mu sigma m M 218.3 153.4 53.0 700.0 | H 1.097 | V 0.013 | pL 0.001 | vL 0.000 | delta 0.004
U 163 | F 333824 | FPS 0031 | D 11463 | rR:mu sigma m M 0.00 0.00 0.00 0.00 | F:mu sigma m M 166.6 166.2 11.0 700.0 | H 1.094 | V 0.020 | pL 0.003 | vL 0.000 | delta 0.008
U 164 | F 335872 | FPS 0032 | D 11527 | rR:mu sigma m M 0.00 0.00 0.00 0.00 | F:mu sigma m M 223.1 202.1 32.0 599.0 | H 1.097 | V 0.006 | pL 0.003 | vL 0.000 | delta 0.004
U 165 | F 337920 | FPS 0028 | D 11602 | rR:mu sigma m M 0.00 0.00 0.00 0.00 | F:mu sigma m M 139.9 109.5 7.0 448.0 | H 1.098 | V 0.001 | pL 0.000 | vL 0.000 | delta 0.001
U 166 | F 339968 | FPS 0030 | D 11671 | rR:mu sigma m M 0.00 0.00 0.00 0.00 | F:mu sigma m M 143.8 135.6 7.0 448.0 | H 1.099 | V 0.001 | pL 0.000 | vL 0.000 | delta 0.000
U 167 | F 342016 | FPS 0030 | D 11740 | rR:mu sigma m M 0.00 0.00 0.00 0.00 | F:mu sigma m M 180.4 135.3 19.0 427.0 | H 1.098 | V 0.003 | pL -0.000 | vL 0.000 | delta 0.002
U 168 | F 344064 | FPS 0028 | D 11812 | rR:mu sigma m M 0.00 0.00 0.00 0.00 | F:mu sigma m M 200.0 131.1 42.0 418.0 | H 1.098 | V 0.003 | pL 0.001 | vL 0.000 | delta 0.002
U 169 | F 346112 | FPS 0025 | D 11894 | rR:mu sigma m M 0.03 0.12 0.00 0.51 | F:mu sigma m M 189.6 159.0 13.0 517.0 | H 1.097 | V 0.007 | pL -0.005 | vL 0.000 | delta 0.007
U 170 | F 348160 | FPS 0028 | D 11967 | rR:mu sigma m M 0.05 0.19 0.00 0.78 | F:mu sigma m M 194.7 115.9 34.0 474.0 | H 1.096 | V 0.000 | pL -0.005 | vL 0.000 | delta 0.009
U 171 | F 350208 | FPS 0031 | D 12032 | rR:mu sigma m M 0.00 0.00 0.00 0.00 | F:mu sigma m M 135.2 93.7 34.0 339.0 | H 1.098 | V 0.001 | pL -0.000 | vL 0.000 | delta 0.002
U 172 | F 352256 | FPS 0031 | D 12098 | rR:mu sigma m M 0.00 0.00 0.00 0.00 | F:mu sigma m M 196.9 118.6 47.0 400.0 | H 1.098 | V -0.000 | pL -0.000 | vL 0.000 | delta 0.001
U 173 | F 354304 | FPS 0029 | D 12169 | rR:mu sigma m M 0.00 0.00 0.00 0.00 | F:mu sigma m M 220.2 117.1 38.0 400.0 | H 1.098 | V 0.000 | pL -0.000 | vL 0.000 | delta 0.001
U 174 | F 356352 | FPS 0032 | D 12232 | rR:mu sigma m M 0.00 0.00 0.00 0.00 | F:mu sigma m M 218.6 202.6 38.0 900.0 | H 1.097 | V 0.004 | pL 0.001 | vL 0.000 | delta 0.006
U 175 | F 358400 | FPS 0032 | D 12297 | rR:mu sigma m M 0.04 0.15 0.00 0.64 | F:mu sigma m M 200.2 122.6 25.0 469.0 | H 1.091 | V 0.008 | pL -0.005 | vL 0.000 | delta 0.012
U 176 | F 360448 | FPS 0035 | D 12355 | rR:mu sigma m M 0.00 0.00 0.00 0.00 | F:mu sigma m M 123.4 68.2 24.0 277.0 | H 1.098 | V 0.002 | pL -0.000 | vL 0.000 | delta 0.001
U 177 | F 362496 | FPS 0031 | D 12421 | rR:mu sigma m M 0.00 0.00 0.00 0.00 | F:mu sigma m M 92.8 45.2 19.0 192.0 | H 1.098 | V 0.003 | pL 0.000 | vL 0.000 | delta 0.001
U 178 | F 364544 | FPS 0030 | D 12490 | rR:mu sigma m M 0.05 0.19 0.00 0.78 | F:mu sigma m M 179.8 140.7 24.0 609.0 | H 1.096 | V 0.011 | pL -0.005 | vL 0.001 | delta 0.014
U 179 | F 366592 | FPS 0028 | D 12563 | rR:mu sigma m M 0.05 0.19 0.00 0.78 | F:mu sigma m M 145.4 109.8 31.0 393.0 | H 1.098 | V 0.001 | pL -0.000 | vL 0.000 | delta 0.004
U 180 | F 368640 | FPS 0027 | D 12639 | rR:mu sigma m M 0.05 0.21 0.00 0.87 | F:mu sigma m M 152.5 101.7 31.0 361.0 | H 1.093 | V 0.006 | pL -0.006 | vL 0.001 | delta 0.029
U 181 | F 370688 | FPS 0035 | D 12698 | rR:mu sigma m M 0.04 0.17 0.00 0.69 | F:mu sigma m M 174.7 128.6 29.0 386.0 | H 1.096 | V 0.016 | pL -0.002 | vL 0.001 | delta 0.016
U 182 | F 372736 | FPS 0031 | D 12763 | rR:mu sigma m M 0.00 0.00 0.00 0.00 | F:mu sigma m M 156.2 145.3 29.0 566.0 | H 1.096 | V 0.007 | pL 0.002 | vL 0.000 | delta 0.003
U 183 | F 374784 | FPS 0030 | D 12830 | rR:mu sigma m M 0.04 0.15 0.00 0.69 | F:mu sigma m M 138.5 96.6 26.0 390.0 | H 1.093 | V 0.013 | pL -0.002 | vL 0.001 | delta 0.015
U 184 | F 376832 | FPS 0035 | D 12890 | rR:mu sigma m M 0.11 0.28 0.00 0.87 | F:mu sigma m M 123.7 74.2 25.0 268.0 | H 1.078 | V 0.033 | pL -0.011 | vL 0.002 | delta 0.027
U 185 | F 378880 | FPS 0034 | D 12950 | rR:mu sigma m M 0.11 0.28 0.00 0.85 | F:mu sigma m M 202.9 192.6 45.0 667.0 | H 1.077 | V 0.050 | pL -0.011 | vL 0.002 | delta 0.030
U 186 | F 380928 | FPS 0034 | D 13010 | rR:mu sigma m M 0.15 0.31 0.00 0.87 | F:mu sigma m M 180.4 91.8 47.0 372.0 | H 1.071 | V 0.057 | pL 0.007 | vL 0.002 | delta 0.020
U 187 | F 382976 | FPS 0033 | D 13073 | rR:mu sigma m M 0.00 0.00 0.00 0.00 | F:mu sigma m M 140.6 70.2 43.0 309.0 | H 1.090 | V 0.029 | pL 0.009 | vL 0.000 | delta 0.014
U 188 | F 385024 | FPS 0034 | D 13133 | rR:mu sigma m M 0.04 0.15 0.00 0.61 | F:mu sigma m M 164.8 94.9 31.0 392.0 | H 1.088 | V 0.033 | pL 0.003 | vL 0.001 | delta 0.015
U 189 | F 387072 | FPS 0028 | D 13205 | rR:mu sigma m M 0.11 0.28 0.00 0.89 | F:mu sigma m M 173.9 61.8 50.0 308.0 | H 1.077 | V 0.050 | pL -0.010 | vL 0.002 | delta 0.026
U 190 | F 389120 | FPS 0027 | D 13280 | rR:mu sigma m M 0.16 0.32 0.00 0.87 | F:mu sigma m M 126.2 49.6 59.0 240.0 | H 1.068 | V 0.071 | pL -0.004 | vL 0.002 | delta 0.030
U 191 | F 391168 | FPS 0035 | D 13338 | rR:mu sigma m M 0.13 0.29 0.00 0.83 | F:mu sigma m M 154.2 101.2 43.0 377.0 | H 1.053 | V 0.094 | pL 0.006 | vL 0.004 | delta 0.039
U 192 | F 393216 | FPS 0037 | D 13394 | rR:mu sigma m M 0.37 0.43 0.00 0.96 | F:mu sigma m M 129.3 71.2 40.0 285.0 | H 0.980 | V 0.150 | pL -0.025 | vL 0.009 | delta 0.067
U 193 | F 395264 | FPS 0044 | D 13441 | rR:mu sigma m M 0.64 0.38 0.00 0.95 | F:mu sigma m M 125.9 64.6 27.0 258.0 | H 0.880 | V 0.247 | pL -0.055 | vL 0.012 | delta 0.086
U 194 | F 397312 | FPS 0046 | D 13485 | rR:mu sigma m M 0.78 0.28 0.00 0.94 | F:mu sigma m M 109.4 45.2 32.0 179.0 | H 0.837 | V 0.318 | pL -0.060 | vL 0.007 | delta 0.073
U 195 | F 399360 | FPS 0055 | D 13522 | rR:mu sigma m M 0.72 0.37 0.00 0.96 | F:mu sigma m M 84.9 46.8 35.0 241.0 | H 0.829 | V 0.407 | pL -0.054 | vL 0.011 | delta 0.093
U 196 | F 401408 | FPS 0054 | D 13561 | rR:mu sigma m M 0.81 0.31 0.00 0.97 | F:mu sigma m M 73.5 43.6 11.0 242.0 | H 0.768 | V 0.510 | pL -0.076 | vL 0.011 | delta 0.091
U 197 | F 403456 | FPS 0064 | D 13592 | rR:mu sigma m M 0.91 0.15 0.00 0.97 | F:mu sigma m M 62.8 21.5 27.0 121.0 | H 0.667 | V 0.586 | pL -0.071 | vL 0.009 | delta 0.083
U 198 | F 405504 | FPS 0070 | D 13622 | rR:mu sigma m M 0.93 0.14 0.00 0.97 | F:mu sigma m M 46.0 16.6 18.0 122.0 | H 0.548 | V 0.650 | pL -0.094 | vL 0.006 | delta 0.076
U 199 | F 407552 | FPS 0076 | D 13648 | rR:mu sigma m M 0.94 0.13 0.00 0.98 | F:mu sigma m M 41.2 11.0 21.0 72.0 | H 0.470 | V 0.714 | pL -0.072 | vL 0.004 | delta 0.076
U 200 | F 409600 | FPS 0079 | D 13674 | rR:mu sigma m M 0.96 0.01 0.93 0.98 | F:mu sigma m M 37.2 9.4 25.0 70.0 | H 0.409 | V 0.775 | pL -0.052 | vL 0.002 | delta 0.055
agent reach optimality, start collecting trajectories
agent successfully collected 10 trajectories
pickling optimal trajectories
Model successfully saved
/home/rdali/.local/easybuild/software/2017/Core/miniconda3/4.3.27/envs/observe/lib/python3.6/site-packages/torch/nn/functional.py:1906: UserWarning: reduction: 'mean' divides the total loss by both the batch size and the support size.'batchmean' divides only by the batch size, and aligns with the KL div math definition.'mean' will be changed to behave the same as 'batchmean' in the next major release.
  warnings.warn("reduction: 'mean' divides the total loss by both the batch size and the support size."
