The following modules were not unloaded:
  (Use "module --force purge" to unload all):

  1) StdEnv/2018.3     4) gcccore/.7.3.0      7) intel/2018.3
  2) nixpkgs/16.09     5) icc/.2018.3.222     8) openmpi/3.1.2
  3) imkl/2018.3.222   6) ifort/.2018.3.222

Due to MODULEPATH changes, the following have been reloaded:
  1) openmpi/3.1.2

Attention: While Conda works well in a desktop environment, it tends to create more problems than it solves on a cluster. Instead, we recommend that users use virtual environments and the binary packages that we provide through Python wheels as documented on the Python page.
/home/rdali/RL/watch_and_learn/dependency/rl-starter-files/scripts/train_agent_multidem.py --env MiniGrid-LavaCrossingAddictO12S15-v0 --algo ppo --nameDemonstrator LavaCrossing1215Addict1,LavaCrossing1215Addict2,LavaCrossing1215Addict4,LavaCrossing1215Addict5,LavaCrossing1215Addict7,LavaCrossing1215Addict8,LavaCrossing1215Addict9,LavaCrossing1215Addict10 --flat-model 0 --KLweight 0.1 --useKL 1 --meanReward 0.80 --rewardLB 0.70 --seed 5608

Namespace(KLweight=0.1, algo='ppo', batch_size=256, clip_eps=0.2, discount=0.99, entropy_coef=0.01, env='MiniGrid-LavaCrossingAddictO12S15-v0', epochs=4, flat_model=0, frames=10000000, frames_per_proc=None, full_obs=0, gae_lambda=0.95, log_interval=1, lr=0.0007, max_grad_norm=0.5, meanReward=0.8, mem=False, model=None, nameDemonstrator='LavaCrossing1215Addict1,LavaCrossing1215Addict2,LavaCrossing1215Addict4,LavaCrossing1215Addict5,LavaCrossing1215Addict7,LavaCrossing1215Addict8,LavaCrossing1215Addict9,LavaCrossing1215Addict10', optim_alpha=0.99, optim_eps=1e-05, procs=16, recurrence=1, rewardLB=0.7, save_interval=0, seed=5608, tb=False, text=False, useKL=1, value_loss_coef=0.5)

Flat model successfully created

ACModel(
  (image_conv): Sequential(
    (0): Conv2d(3, 32, kernel_size=(2, 2), stride=(1, 1))
    (1): ReLU()
    (2): MaxPool2d(kernel_size=(2, 2), stride=(2, 2), padding=0, dilation=1, ceil_mode=False)
    (3): Conv2d(32, 64, kernel_size=(2, 2), stride=(1, 1))
    (4): ReLU()
    (5): Conv2d(64, 64, kernel_size=(2, 2), stride=(1, 1))
    (6): ReLU()
  )
  (actor): Sequential(
    (0): Linear(in_features=1600, out_features=64, bias=True)
    (1): Tanh()
    (2): Linear(in_features=64, out_features=3, bias=True)
  )
  (critic): Sequential(
    (0): Linear(in_features=1600, out_features=64, bias=True)
    (1): Tanh()
    (2): Linear(in_features=64, out_features=1, bias=True)
  )
)

CUDA available: False

1
True
0.1
Using TensorFlow backend.
OMP: Info #212: KMP_AFFINITY: decoding x2APIC ids.
OMP: Info #210: KMP_AFFINITY: Affinity capable, using global cpuid leaf 11 info
OMP: Info #154: KMP_AFFINITY: Initial OS proc set respected: 11,13,24,26,28
OMP: Info #156: KMP_AFFINITY: 5 available OS procs
OMP: Info #158: KMP_AFFINITY: Nonuniform topology
OMP: Info #179: KMP_AFFINITY: 2 packages x 3 cores/pkg x 1 threads/core (5 total cores)
OMP: Info #214: KMP_AFFINITY: OS proc to physical thread map:
OMP: Info #171: KMP_AFFINITY: OS proc 24 maps to package 0 core 17 
OMP: Info #171: KMP_AFFINITY: OS proc 28 maps to package 0 core 18 
OMP: Info #171: KMP_AFFINITY: OS proc 26 maps to package 0 core 19 
OMP: Info #171: KMP_AFFINITY: OS proc 13 maps to package 1 core 8 
OMP: Info #171: KMP_AFFINITY: OS proc 11 maps to package 1 core 12 
OMP: Info #250: KMP_AFFINITY: pid 143990 tid 143990 thread 0 bound to OS proc set 24
OMP: Info #250: KMP_AFFINITY: pid 143990 tid 144166 thread 2 bound to OS proc set 28
OMP: Info #250: KMP_AFFINITY: pid 143990 tid 144165 thread 1 bound to OS proc set 13
OMP: Info #250: KMP_AFFINITY: pid 143990 tid 144167 thread 3 bound to OS proc set 11
OMP: Info #250: KMP_AFFINITY: pid 143990 tid 144168 thread 4 bound to OS proc set 26
OMP: Info #250: KMP_AFFINITY: pid 143990 tid 144498 thread 5 bound to OS proc set 24
OMP: Info #250: KMP_AFFINITY: pid 143990 tid 144497 thread 6 bound to OS proc set 13
OMP: Info #250: KMP_AFFINITY: pid 143990 tid 144516 thread 7 bound to OS proc set 28
OMP: Info #250: KMP_AFFINITY: pid 143990 tid 144519 thread 10 bound to OS proc set 24
OMP: Info #250: KMP_AFFINITY: pid 143990 tid 144517 thread 8 bound to OS proc set 11
OMP: Info #250: KMP_AFFINITY: pid 143990 tid 144518 thread 9 bound to OS proc set 26
OMP: Info #250: KMP_AFFINITY: pid 143990 tid 144548 thread 11 bound to OS proc set 13
OMP: Info #250: KMP_AFFINITY: pid 143990 tid 144550 thread 13 bound to OS proc set 11
OMP: Info #250: KMP_AFFINITY: pid 143990 tid 144549 thread 12 bound to OS proc set 28
OMP: Info #250: KMP_AFFINITY: pid 143990 tid 144551 thread 14 bound to OS proc set 26
OMP: Info #250: KMP_AFFINITY: pid 143990 tid 144552 thread 15 bound to OS proc set 24
U 1 | F 002048 | FPS 0026 | D 77 | rR:mu sigma m M 0.00 0.00 0.00 0.00 | F:mu sigma m M 20.6 28.1 0.0 94.0 | H 1.096 | V 0.076 | pL 0.017 | vL 0.000 | delta 0.050
U 2 | F 004096 | FPS 0024 | D 164 | rR:mu sigma m M 0.05 0.20 0.00 0.81 | F:mu sigma m M 116.0 54.3 46.0 212.0 | H 1.095 | V 0.051 | pL 0.008 | vL 0.002 | delta 0.018
U 3 | F 006144 | FPS 0027 | D 240 | rR:mu sigma m M 0.00 0.00 0.00 0.00 | F:mu sigma m M 162.0 105.7 42.0 327.0 | H 1.096 | V 0.034 | pL 0.011 | vL 0.000 | delta 0.007
U 4 | F 008192 | FPS 0025 | D 322 | rR:mu sigma m M 0.05 0.21 0.00 0.88 | F:mu sigma m M 136.8 83.6 11.0 299.0 | H 1.096 | V 0.029 | pL 0.001 | vL 0.002 | delta 0.048
U 5 | F 010240 | FPS 0029 | D 393 | rR:mu sigma m M 0.05 0.21 0.00 0.88 | F:mu sigma m M 114.9 78.6 32.0 349.0 | H 1.097 | V 0.021 | pL 0.004 | vL 0.000 | delta 0.013
U 6 | F 012288 | FPS 0027 | D 469 | rR:mu sigma m M 0.08 0.22 0.00 0.76 | F:mu sigma m M 197.4 113.8 46.0 458.0 | H 1.095 | V 0.030 | pL -0.003 | vL 0.002 | delta 0.025
U 7 | F 014336 | FPS 0028 | D 542 | rR:mu sigma m M 0.10 0.25 0.00 0.77 | F:mu sigma m M 144.6 87.1 46.0 376.0 | H 1.097 | V 0.024 | pL -0.001 | vL 0.000 | delta 0.025
U 8 | F 016384 | FPS 0030 | D 611 | rR:mu sigma m M 0.00 0.00 0.00 0.00 | F:mu sigma m M 164.6 123.7 48.0 450.0 | H 1.096 | V 0.015 | pL 0.005 | vL 0.000 | delta 0.019
U 9 | F 018432 | FPS 0025 | D 694 | rR:mu sigma m M 0.00 0.00 0.00 0.00 | F:mu sigma m M 128.3 85.5 20.0 313.0 | H 1.098 | V 0.006 | pL 0.002 | vL 0.000 | delta 0.004
U 10 | F 020480 | FPS 0027 | D 770 | rR:mu sigma m M 0.05 0.20 0.00 0.82 | F:mu sigma m M 159.1 106.6 14.0 410.0 | H 1.097 | V 0.022 | pL -0.004 | vL 0.000 | delta 0.032
U 11 | F 022528 | FPS 0027 | D 846 | rR:mu sigma m M 0.05 0.20 0.00 0.82 | F:mu sigma m M 148.0 81.1 46.0 327.0 | H 1.098 | V 0.004 | pL 0.002 | vL 0.000 | delta 0.016
U 12 | F 024576 | FPS 0026 | D 925 | rR:mu sigma m M 0.00 0.00 0.00 0.00 | F:mu sigma m M 206.3 141.4 56.0 520.0 | H 1.098 | V 0.004 | pL 0.001 | vL 0.000 | delta 0.001
U 13 | F 026624 | FPS 0029 | D 997 | rR:mu sigma m M 0.00 0.00 0.00 0.00 | F:mu sigma m M 131.0 98.7 18.0 360.0 | H 1.099 | V 0.002 | pL 0.001 | vL 0.000 | delta 0.003
U 14 | F 028672 | FPS 0030 | D 1065 | rR:mu sigma m M 0.00 0.00 0.00 0.00 | F:mu sigma m M 138.7 97.3 27.0 346.0 | H 1.098 | V 0.002 | pL 0.001 | vL 0.000 | delta 0.004
U 15 | F 030720 | FPS 0026 | D 1143 | rR:mu sigma m M 0.00 0.00 0.00 0.00 | F:mu sigma m M 158.1 89.6 27.0 351.0 | H 1.098 | V 0.003 | pL 0.000 | vL 0.000 | delta 0.003
U 16 | F 032768 | FPS 0027 | D 1220 | rR:mu sigma m M 0.00 0.00 0.00 0.00 | F:mu sigma m M 227.1 168.6 23.0 569.0 | H 1.098 | V 0.001 | pL 0.000 | vL 0.000 | delta 0.002
U 17 | F 034816 | FPS 0028 | D 1292 | rR:mu sigma m M 0.00 0.00 0.00 0.00 | F:mu sigma m M 168.2 184.2 16.0 685.0 | H 1.098 | V 0.003 | pL 0.001 | vL 0.000 | delta 0.003
U 18 | F 036864 | FPS 0028 | D 1364 | rR:mu sigma m M 0.00 0.00 0.00 0.00 | F:mu sigma m M 202.3 153.2 38.0 685.0 | H 1.098 | V 0.001 | pL 0.000 | vL 0.000 | delta 0.001
U 19 | F 038912 | FPS 0029 | D 1436 | rR:mu sigma m M 0.00 0.00 0.00 0.00 | F:mu sigma m M 152.2 108.4 57.0 426.0 | H 1.098 | V 0.001 | pL 0.000 | vL 0.000 | delta 0.001
U 20 | F 040960 | FPS 0028 | D 1511 | rR:mu sigma m M 0.00 0.00 0.00 0.00 | F:mu sigma m M 181.1 121.7 36.0 426.0 | H 1.099 | V 0.001 | pL -0.000 | vL 0.000 | delta 0.001
U 21 | F 043008 | FPS 0026 | D 1590 | rR:mu sigma m M 0.00 0.00 0.00 0.00 | F:mu sigma m M 171.8 156.8 36.0 574.0 | H 1.098 | V 0.007 | pL 0.002 | vL 0.000 | delta 0.008
U 22 | F 045056 | FPS 0025 | D 1670 | rR:mu sigma m M 0.00 0.00 0.00 0.00 | F:mu sigma m M 223.9 210.5 24.0 797.0 | H 1.098 | V -0.001 | pL -0.000 | vL 0.000 | delta 0.001
U 23 | F 047104 | FPS 0027 | D 1746 | rR:mu sigma m M 0.00 0.00 0.00 0.00 | F:mu sigma m M 138.4 131.0 26.0 480.0 | H 1.099 | V -0.001 | pL -0.000 | vL 0.000 | delta 0.000
U 24 | F 049152 | FPS 0025 | D 1827 | rR:mu sigma m M 0.00 0.00 0.00 0.00 | F:mu sigma m M 172.8 138.5 36.0 480.0 | H 1.099 | V -0.000 | pL -0.001 | vL 0.000 | delta 0.001
U 25 | F 051200 | FPS 0029 | D 1897 | rR:mu sigma m M 0.00 0.00 0.00 0.00 | F:mu sigma m M 146.4 107.8 33.0 387.0 | H 1.099 | V 0.000 | pL -0.000 | vL 0.000 | delta 0.001
U 26 | F 053248 | FPS 0025 | D 1977 | rR:mu sigma m M 0.00 0.00 0.00 0.00 | F:mu sigma m M 162.2 112.3 33.0 439.0 | H 1.099 | V 0.000 | pL -0.000 | vL 0.000 | delta 0.001
U 27 | F 055296 | FPS 0029 | D 2047 | rR:mu sigma m M 0.00 0.00 0.00 0.00 | F:mu sigma m M 157.9 117.0 41.0 520.0 | H 1.099 | V -0.000 | pL -0.000 | vL 0.000 | delta 0.000
U 28 | F 057344 | FPS 0029 | D 2118 | rR:mu sigma m M 0.00 0.00 0.00 0.00 | F:mu sigma m M 135.6 64.0 41.0 285.0 | H 1.099 | V -0.000 | pL -0.000 | vL 0.000 | delta 0.000
U 29 | F 059392 | FPS 0028 | D 2191 | rR:mu sigma m M 0.00 0.00 0.00 0.00 | F:mu sigma m M 173.0 104.8 56.0 440.0 | H 1.098 | V 0.001 | pL -0.001 | vL 0.000 | delta 0.002
U 30 | F 061440 | FPS 0028 | D 2265 | rR:mu sigma m M 0.00 0.00 0.00 0.00 | F:mu sigma m M 187.5 159.1 29.0 504.0 | H 1.099 | V 0.000 | pL 0.000 | vL 0.000 | delta 0.001
U 31 | F 063488 | FPS 0028 | D 2337 | rR:mu sigma m M 0.00 0.00 0.00 0.00 | F:mu sigma m M 167.7 136.2 28.0 504.0 | H 1.099 | V 0.001 | pL -0.000 | vL 0.000 | delta 0.002
U 32 | F 065536 | FPS 0027 | D 2414 | rR:mu sigma m M 0.00 0.00 0.00 0.00 | F:mu sigma m M 114.8 83.9 28.0 352.0 | H 1.099 | V 0.001 | pL 0.000 | vL 0.000 | delta 0.001
U 33 | F 067584 | FPS 0029 | D 2485 | rR:mu sigma m M 0.00 0.00 0.00 0.00 | F:mu sigma m M 215.4 186.7 11.0 681.0 | H 1.098 | V 0.001 | pL 0.000 | vL 0.000 | delta 0.001
U 34 | F 069632 | FPS 0029 | D 2556 | rR:mu sigma m M 0.00 0.00 0.00 0.00 | F:mu sigma m M 160.5 151.9 13.0 433.0 | H 1.099 | V 0.002 | pL 0.000 | vL 0.000 | delta 0.001
U 35 | F 071680 | FPS 0027 | D 2633 | rR:mu sigma m M 0.00 0.00 0.00 0.00 | F:mu sigma m M 150.8 123.1 21.0 373.0 | H 1.099 | V 0.001 | pL 0.000 | vL 0.000 | delta 0.000
U 36 | F 073728 | FPS 0027 | D 2707 | rR:mu sigma m M 0.00 0.00 0.00 0.00 | F:mu sigma m M 147.4 93.6 21.0 373.0 | H 1.099 | V 0.000 | pL 0.000 | vL 0.000 | delta 0.000
U 37 | F 075776 | FPS 0027 | D 2782 | rR:mu sigma m M 0.00 0.00 0.00 0.00 | F:mu sigma m M 144.6 69.5 28.0 270.0 | H 1.099 | V 0.001 | pL 0.000 | vL 0.000 | delta 0.000
U 38 | F 077824 | FPS 0025 | D 2865 | rR:mu sigma m M 0.00 0.00 0.00 0.00 | F:mu sigma m M 202.3 149.5 21.0 470.0 | H 1.099 | V 0.001 | pL 0.000 | vL 0.000 | delta 0.000
U 39 | F 079872 | FPS 0029 | D 2936 | rR:mu sigma m M 0.00 0.00 0.00 0.00 | F:mu sigma m M 183.3 175.6 41.0 765.0 | H 1.099 | V 0.000 | pL 0.000 | vL 0.000 | delta 0.000
U 40 | F 081920 | FPS 0028 | D 3009 | rR:mu sigma m M 0.00 0.00 0.00 0.00 | F:mu sigma m M 169.1 114.3 41.0 391.0 | H 1.099 | V 0.000 | pL 0.000 | vL 0.000 | delta 0.000
U 41 | F 083968 | FPS 0027 | D 3086 | rR:mu sigma m M 0.00 0.00 0.00 0.00 | F:mu sigma m M 161.6 99.2 31.0 343.0 | H 1.099 | V 0.001 | pL 0.000 | vL 0.000 | delta 0.001
U 42 | F 086016 | FPS 0029 | D 3157 | rR:mu sigma m M 0.00 0.00 0.00 0.00 | F:mu sigma m M 136.2 96.4 30.0 372.0 | H 1.099 | V 0.000 | pL 0.000 | vL 0.000 | delta 0.000
U 43 | F 088064 | FPS 0026 | D 3234 | rR:mu sigma m M 0.00 0.00 0.00 0.00 | F:mu sigma m M 217.9 200.2 30.0 874.0 | H 1.099 | V 0.001 | pL 0.000 | vL 0.000 | delta 0.001
U 44 | F 090112 | FPS 0024 | D 3319 | rR:mu sigma m M 0.00 0.00 0.00 0.00 | F:mu sigma m M 232.1 191.2 59.0 874.0 | H 1.099 | V 0.001 | pL 0.000 | vL 0.000 | delta 0.000
U 45 | F 092160 | FPS 0027 | D 3394 | rR:mu sigma m M 0.00 0.00 0.00 0.00 | F:mu sigma m M 228.6 171.8 40.0 542.0 | H 1.099 | V 0.001 | pL 0.000 | vL 0.000 | delta 0.000
U 46 | F 094208 | FPS 0028 | D 3466 | rR:mu sigma m M 0.00 0.00 0.00 0.00 | F:mu sigma m M 266.2 185.1 40.0 674.0 | H 1.099 | V 0.000 | pL 0.000 | vL 0.000 | delta 0.000
U 47 | F 096256 | FPS 0026 | D 3546 | rR:mu sigma m M 0.05 0.20 0.00 0.83 | F:mu sigma m M 121.2 83.4 23.0 268.0 | H 1.091 | V 0.005 | pL -0.006 | vL 0.002 | delta 0.044
U 48 | F 098304 | FPS 0029 | D 3616 | rR:mu sigma m M 0.00 0.00 0.00 0.00 | F:mu sigma m M 167.9 172.8 17.0 592.0 | H 1.098 | V 0.002 | pL 0.001 | vL 0.000 | delta 0.004
U 49 | F 100352 | FPS 0031 | D 3683 | rR:mu sigma m M 0.00 0.00 0.00 0.00 | F:mu sigma m M 128.1 114.3 17.0 433.0 | H 1.098 | V 0.007 | pL -0.001 | vL 0.000 | delta 0.002
U 50 | F 102400 | FPS 0028 | D 3756 | rR:mu sigma m M 0.00 0.00 0.00 0.00 | F:mu sigma m M 192.1 143.1 53.0 442.0 | H 1.099 | V 0.005 | pL 0.002 | vL 0.000 | delta 0.002
U 51 | F 104448 | FPS 0027 | D 3832 | rR:mu sigma m M 0.00 0.00 0.00 0.00 | F:mu sigma m M 197.2 153.3 53.0 572.0 | H 1.098 | V 0.006 | pL 0.001 | vL 0.000 | delta 0.002
U 52 | F 106496 | FPS 0028 | D 3906 | rR:mu sigma m M 0.02 0.09 0.00 0.36 | F:mu sigma m M 180.6 193.0 25.0 643.0 | H 1.098 | V 0.007 | pL -0.001 | vL 0.000 | delta 0.006
U 53 | F 108544 | FPS 0026 | D 3986 | rR:mu sigma m M 0.00 0.00 0.00 0.00 | F:mu sigma m M 235.6 161.4 27.0 580.0 | H 1.098 | V 0.003 | pL 0.001 | vL 0.000 | delta 0.003
U 54 | F 110592 | FPS 0029 | D 4055 | rR:mu sigma m M 0.00 0.00 0.00 0.00 | F:mu sigma m M 141.9 155.5 23.0 720.0 | H 1.099 | V 0.001 | pL 0.000 | vL 0.000 | delta 0.001
U 55 | F 112640 | FPS 0026 | D 4135 | rR:mu sigma m M 0.00 0.00 0.00 0.00 | F:mu sigma m M 130.6 67.2 49.0 284.0 | H 1.099 | V 0.001 | pL -0.000 | vL 0.000 | delta 0.001
U 56 | F 114688 | FPS 0027 | D 4209 | rR:mu sigma m M 0.04 0.17 0.00 0.72 | F:mu sigma m M 152.4 75.1 40.0 291.0 | H 1.097 | V 0.006 | pL -0.006 | vL 0.001 | delta 0.041
U 57 | F 116736 | FPS 0027 | D 4285 | rR:mu sigma m M 0.00 0.00 0.00 0.00 | F:mu sigma m M 152.2 110.5 9.0 348.0 | H 1.096 | V -0.007 | pL -0.003 | vL 0.000 | delta 0.005
U 58 | F 118784 | FPS 0033 | D 4348 | rR:mu sigma m M 0.00 0.00 0.00 0.00 | F:mu sigma m M 93.2 66.4 27.0 251.0 | H 1.098 | V -0.006 | pL -0.002 | vL 0.000 | delta 0.004
U 59 | F 120832 | FPS 0032 | D 4412 | rR:mu sigma m M 0.00 0.00 0.00 0.00 | F:mu sigma m M 150.7 101.0 35.0 422.0 | H 1.098 | V -0.005 | pL -0.001 | vL 0.000 | delta 0.001
U 60 | F 122880 | FPS 0025 | D 4494 | rR:mu sigma m M 0.04 0.16 0.00 0.67 | F:mu sigma m M 215.8 180.3 28.0 765.0 | H 1.098 | V 0.004 | pL -0.006 | vL 0.000 | delta 0.013
U 61 | F 124928 | FPS 0027 | D 4571 | rR:mu sigma m M 0.04 0.16 0.00 0.67 | F:mu sigma m M 254.9 237.9 45.0 879.0 | H 1.097 | V -0.005 | pL -0.001 | vL 0.000 | delta 0.005
U 62 | F 126976 | FPS 0032 | D 4634 | rR:mu sigma m M 0.00 0.00 0.00 0.00 | F:mu sigma m M 198.6 207.1 53.0 879.0 | H 1.096 | V 0.001 | pL 0.000 | vL 0.000 | delta 0.007
U 63 | F 129024 | FPS 0025 | D 4715 | rR:mu sigma m M 0.05 0.19 0.00 0.77 | F:mu sigma m M 220.4 134.1 25.0 444.0 | H 1.094 | V 0.006 | pL -0.006 | vL 0.001 | delta 0.023
U 64 | F 131072 | FPS 0033 | D 4776 | rR:mu sigma m M 0.00 0.00 0.00 0.00 | F:mu sigma m M 180.7 148.4 15.0 540.0 | H 1.098 | V 0.009 | pL 0.003 | vL 0.000 | delta 0.004
U 65 | F 133120 | FPS 0027 | D 4853 | rR:mu sigma m M 0.05 0.21 0.00 0.86 | F:mu sigma m M 139.4 75.1 17.0 263.0 | H 1.096 | V 0.013 | pL -0.004 | vL 0.001 | delta 0.020
U 66 | F 135168 | FPS 0025 | D 4934 | rR:mu sigma m M 0.00 0.00 0.00 0.00 | F:mu sigma m M 116.9 71.9 21.0 285.0 | H 1.098 | V -0.003 | pL -0.001 | vL 0.000 | delta 0.004
U 67 | F 137216 | FPS 0026 | D 5012 | rR:mu sigma m M 0.00 0.00 0.00 0.00 | F:mu sigma m M 185.1 114.4 68.0 395.0 | H 1.098 | V -0.004 | pL -0.001 | vL 0.000 | delta 0.001
U 68 | F 139264 | FPS 0026 | D 5091 | rR:mu sigma m M 0.00 0.00 0.00 0.00 | F:mu sigma m M 180.0 105.2 49.0 395.0 | H 1.098 | V -0.003 | pL -0.001 | vL 0.000 | delta 0.001
U 69 | F 141312 | FPS 0027 | D 5166 | rR:mu sigma m M 0.00 0.00 0.00 0.00 | F:mu sigma m M 170.8 115.4 47.0 465.0 | H 1.098 | V -0.002 | pL -0.001 | vL 0.000 | delta 0.000
U 70 | F 143360 | FPS 0029 | D 5236 | rR:mu sigma m M 0.00 0.00 0.00 0.00 | F:mu sigma m M 164.1 133.7 24.0 451.0 | H 1.099 | V -0.002 | pL -0.001 | vL 0.000 | delta 0.001
U 71 | F 145408 | FPS 0030 | D 5305 | rR:mu sigma m M 0.00 0.00 0.00 0.00 | F:mu sigma m M 145.5 129.6 24.0 523.0 | H 1.098 | V -0.001 | pL -0.000 | vL 0.000 | delta 0.001
U 72 | F 147456 | FPS 0025 | D 5387 | rR:mu sigma m M 0.00 0.00 0.00 0.00 | F:mu sigma m M 172.8 118.2 53.0 401.0 | H 1.098 | V 0.002 | pL -0.001 | vL 0.000 | delta 0.003
U 73 | F 149504 | FPS 0026 | D 5465 | rR:mu sigma m M 0.05 0.21 0.00 0.86 | F:mu sigma m M 219.5 137.4 57.0 508.0 | H 1.098 | V 0.009 | pL -0.005 | vL 0.001 | delta 0.013
U 74 | F 151552 | FPS 0030 | D 5534 | rR:mu sigma m M 0.00 0.00 0.00 0.00 | F:mu sigma m M 141.6 94.8 9.0 383.0 | H 1.098 | V -0.000 | pL -0.001 | vL 0.000 | delta 0.004
U 75 | F 153600 | FPS 0029 | D 5604 | rR:mu sigma m M 0.00 0.00 0.00 0.00 | F:mu sigma m M 104.0 50.1 23.0 196.0 | H 1.098 | V 0.002 | pL 0.000 | vL 0.000 | delta 0.002
U 76 | F 155648 | FPS 0027 | D 5680 | rR:mu sigma m M 0.00 0.00 0.00 0.00 | F:mu sigma m M 130.1 77.0 34.0 313.0 | H 1.098 | V 0.002 | pL 0.000 | vL 0.000 | delta 0.002
U 77 | F 157696 | FPS 0026 | D 5758 | rR:mu sigma m M 0.00 0.00 0.00 0.00 | F:mu sigma m M 162.1 113.9 23.0 413.0 | H 1.098 | V 0.002 | pL 0.000 | vL 0.000 | delta 0.001
U 78 | F 159744 | FPS 0030 | D 5828 | rR:mu sigma m M 0.00 0.00 0.00 0.00 | F:mu sigma m M 138.7 138.2 11.0 561.0 | H 1.099 | V 0.001 | pL -0.000 | vL 0.000 | delta 0.001
U 79 | F 161792 | FPS 0030 | D 5895 | rR:mu sigma m M 0.00 0.00 0.00 0.00 | F:mu sigma m M 123.5 88.1 16.0 315.0 | H 1.099 | V 0.000 | pL 0.000 | vL 0.000 | delta 0.000
U 80 | F 163840 | FPS 0032 | D 5959 | rR:mu sigma m M 0.00 0.00 0.00 0.00 | F:mu sigma m M 147.5 136.6 9.0 539.0 | H 1.098 | V 0.001 | pL 0.000 | vL 0.000 | delta 0.001
U 81 | F 165888 | FPS 0033 | D 6021 | rR:mu sigma m M 0.00 0.00 0.00 0.00 | F:mu sigma m M 121.7 116.3 46.0 539.0 | H 1.099 | V 0.000 | pL -0.000 | vL 0.000 | delta 0.000
U 82 | F 167936 | FPS 0029 | D 6092 | rR:mu sigma m M 0.00 0.00 0.00 0.00 | F:mu sigma m M 193.4 154.4 27.0 598.0 | H 1.099 | V 0.001 | pL 0.000 | vL 0.000 | delta 0.001
U 83 | F 169984 | FPS 0027 | D 6169 | rR:mu sigma m M 0.00 0.00 0.00 0.00 | F:mu sigma m M 147.4 100.4 27.0 386.0 | H 1.098 | V 0.001 | pL 0.000 | vL 0.000 | delta 0.000
U 84 | F 172032 | FPS 0028 | D 6243 | rR:mu sigma m M 0.00 0.00 0.00 0.00 | F:mu sigma m M 168.8 127.3 18.0 473.0 | H 1.098 | V 0.001 | pL 0.000 | vL 0.000 | delta 0.000
U 85 | F 174080 | FPS 0029 | D 6314 | rR:mu sigma m M 0.04 0.14 0.00 0.58 | F:mu sigma m M 233.2 145.9 33.0 473.0 | H 1.097 | V 0.009 | pL -0.004 | vL 0.000 | delta 0.008
U 86 | F 176128 | FPS 0028 | D 6386 | rR:mu sigma m M 0.00 0.00 0.00 0.00 | F:mu sigma m M 166.1 159.5 31.0 755.0 | H 1.098 | V 0.003 | pL 0.001 | vL 0.000 | delta 0.003
U 87 | F 178176 | FPS 0030 | D 6455 | rR:mu sigma m M 0.00 0.00 0.00 0.00 | F:mu sigma m M 111.9 79.6 31.0 295.0 | H 1.094 | V 0.009 | pL -0.003 | vL 0.000 | delta 0.009
U 88 | F 180224 | FPS 0026 | D 6533 | rR:mu sigma m M 0.05 0.18 0.00 0.74 | F:mu sigma m M 121.6 82.2 14.0 313.0 | H 1.097 | V 0.009 | pL -0.003 | vL 0.000 | delta 0.013
U 89 | F 182272 | FPS 0028 | D 6605 | rR:mu sigma m M 0.05 0.18 0.00 0.74 | F:mu sigma m M 170.1 107.6 14.0 347.0 | H 1.098 | V -0.001 | pL -0.000 | vL 0.000 | delta 0.002
U 90 | F 184320 | FPS 0027 | D 6682 | rR:mu sigma m M 0.00 0.00 0.00 0.00 | F:mu sigma m M 179.6 143.4 15.0 585.0 | H 1.098 | V 0.001 | pL -0.000 | vL 0.000 | delta 0.003
U 91 | F 186368 | FPS 0028 | D 6755 | rR:mu sigma m M 0.00 0.00 0.00 0.00 | F:mu sigma m M 170.2 132.5 27.0 483.0 | H 1.098 | V 0.002 | pL 0.001 | vL 0.000 | delta 0.001
U 92 | F 188416 | FPS 0028 | D 6829 | rR:mu sigma m M 0.00 0.00 0.00 0.00 | F:mu sigma m M 172.1 108.6 48.0 483.0 | H 1.092 | V 0.019 | pL -0.003 | vL 0.001 | delta 0.021
U 93 | F 190464 | FPS 0027 | D 6905 | rR:mu sigma m M 0.00 0.00 0.00 0.00 | F:mu sigma m M 155.4 103.6 34.0 399.0 | H 1.096 | V 0.005 | pL 0.004 | vL 0.000 | delta 0.009
U 94 | F 192512 | FPS 0027 | D 6981 | rR:mu sigma m M 0.00 0.00 0.00 0.00 | F:mu sigma m M 112.5 84.2 34.0 353.0 | H 1.098 | V 0.000 | pL 0.000 | vL 0.000 | delta 0.002
U 95 | F 194560 | FPS 0029 | D 7052 | rR:mu sigma m M 0.00 0.00 0.00 0.00 | F:mu sigma m M 165.4 125.2 16.0 408.0 | H 1.098 | V 0.002 | pL 0.000 | vL 0.000 | delta 0.003
U 96 | F 196608 | FPS 0026 | D 7133 | rR:mu sigma m M 0.00 0.00 0.00 0.00 | F:mu sigma m M 204.1 201.8 16.0 673.0 | H 1.098 | V 0.002 | pL 0.000 | vL 0.000 | delta 0.002
U 97 | F 198656 | FPS 0028 | D 7206 | rR:mu sigma m M 0.00 0.00 0.00 0.00 | F:mu sigma m M 186.9 159.7 27.0 552.0 | H 1.098 | V 0.003 | pL 0.000 | vL 0.000 | delta 0.000
U 98 | F 200704 | FPS 0029 | D 7276 | rR:mu sigma m M 0.00 0.00 0.00 0.00 | F:mu sigma m M 191.4 119.4 27.0 545.0 | H 1.098 | V 0.003 | pL 0.001 | vL 0.000 | delta 0.002
U 99 | F 202752 | FPS 0029 | D 7345 | rR:mu sigma m M 0.00 0.00 0.00 0.00 | F:mu sigma m M 191.8 175.9 14.0 691.0 | H 1.098 | V 0.005 | pL -0.000 | vL 0.000 | delta 0.003
U 100 | F 204800 | FPS 0025 | D 7429 | rR:mu sigma m M 0.00 0.00 0.00 0.00 | F:mu sigma m M 217.5 204.5 55.0 691.0 | H 1.097 | V 0.004 | pL 0.002 | vL 0.000 | delta 0.004
U 101 | F 206848 | FPS 0030 | D 7498 | rR:mu sigma m M 0.02 0.08 0.00 0.34 | F:mu sigma m M 188.3 166.3 24.0 665.0 | H 1.097 | V 0.004 | pL -0.003 | vL 0.000 | delta 0.003
U 102 | F 208896 | FPS 0027 | D 7574 | rR:mu sigma m M 0.00 0.00 0.00 0.00 | F:mu sigma m M 106.0 86.2 19.0 357.0 | H 1.098 | V 0.002 | pL -0.000 | vL 0.000 | delta 0.001
U 103 | F 210944 | FPS 0028 | D 7646 | rR:mu sigma m M 0.00 0.00 0.00 0.00 | F:mu sigma m M 199.6 190.5 37.0 900.0 | H 1.098 | V 0.001 | pL 0.001 | vL 0.000 | delta 0.001
U 104 | F 212992 | FPS 0029 | D 7716 | rR:mu sigma m M 0.00 0.00 0.00 0.00 | F:mu sigma m M 133.6 70.0 44.0 303.0 | H 1.099 | V 0.001 | pL 0.000 | vL 0.000 | delta 0.000
U 105 | F 215040 | FPS 0027 | D 7790 | rR:mu sigma m M 0.00 0.00 0.00 0.00 | F:mu sigma m M 113.7 87.3 13.0 303.0 | H 1.099 | V 0.001 | pL 0.000 | vL 0.000 | delta 0.000
U 106 | F 217088 | FPS 0030 | D 7858 | rR:mu sigma m M 0.00 0.00 0.00 0.00 | F:mu sigma m M 153.8 113.4 36.0 423.0 | H 1.099 | V 0.001 | pL 0.000 | vL 0.000 | delta 0.000
U 107 | F 219136 | FPS 0028 | D 7932 | rR:mu sigma m M 0.00 0.00 0.00 0.00 | F:mu sigma m M 203.1 167.3 31.0 631.0 | H 1.098 | V 0.001 | pL 0.000 | vL 0.000 | delta 0.001
U 108 | F 221184 | FPS 0031 | D 7998 | rR:mu sigma m M 0.05 0.19 0.00 0.80 | F:mu sigma m M 133.6 81.6 18.0 307.0 | H 1.090 | V 0.005 | pL -0.006 | vL 0.001 | delta 0.038
U 109 | F 223232 | FPS 0023 | D 8089 | rR:mu sigma m M 0.00 0.00 0.00 0.00 | F:mu sigma m M 117.1 64.7 31.0 273.0 | H 1.098 | V 0.008 | pL 0.003 | vL 0.000 | delta 0.006
U 110 | F 225280 | FPS 0023 | D 8177 | rR:mu sigma m M 0.00 0.00 0.00 0.00 | F:mu sigma m M 136.8 73.3 41.0 326.0 | H 1.097 | V 0.011 | pL 0.000 | vL 0.000 | delta 0.004
U 111 | F 227328 | FPS 0027 | D 8253 | rR:mu sigma m M 0.04 0.17 0.00 0.70 | F:mu sigma m M 199.8 151.5 36.0 679.0 | H 1.096 | V 0.016 | pL -0.002 | vL 0.001 | delta 0.017
U 112 | F 229376 | FPS 0025 | D 8336 | rR:mu sigma m M 0.00 0.00 0.00 0.00 | F:mu sigma m M 130.8 71.6 37.0 325.0 | H 1.098 | V 0.009 | pL 0.002 | vL 0.000 | delta 0.003
U 113 | F 231424 | FPS 0028 | D 8409 | rR:mu sigma m M 0.00 0.00 0.00 0.00 | F:mu sigma m M 142.4 73.6 37.0 325.0 | H 1.097 | V 0.013 | pL 0.001 | vL 0.000 | delta 0.007
U 114 | F 233472 | FPS 0027 | D 8484 | rR:mu sigma m M 0.00 0.00 0.00 0.00 | F:mu sigma m M 176.9 155.8 18.0 665.0 | H 1.095 | V 0.012 | pL 0.003 | vL 0.000 | delta 0.006
U 115 | F 235520 | FPS 0025 | D 8566 | rR:mu sigma m M 0.00 0.00 0.00 0.00 | F:mu sigma m M 169.6 106.9 18.0 378.0 | H 1.098 | V 0.006 | pL 0.001 | vL 0.000 | delta 0.002
U 116 | F 237568 | FPS 0026 | D 8646 | rR:mu sigma m M 0.00 0.00 0.00 0.00 | F:mu sigma m M 205.0 97.8 72.0 392.0 | H 1.098 | V 0.005 | pL 0.002 | vL 0.000 | delta 0.002
U 117 | F 239616 | FPS 0029 | D 8716 | rR:mu sigma m M 0.00 0.00 0.00 0.00 | F:mu sigma m M 170.3 148.6 13.0 544.0 | H 1.097 | V 0.005 | pL 0.000 | vL 0.000 | delta 0.005
U 118 | F 241664 | FPS 0029 | D 8785 | rR:mu sigma m M 0.00 0.00 0.00 0.00 | F:mu sigma m M 183.8 147.9 33.0 544.0 | H 1.098 | V 0.005 | pL 0.002 | vL 0.000 | delta 0.002
U 119 | F 243712 | FPS 0027 | D 8862 | rR:mu sigma m M 0.00 0.00 0.00 0.00 | F:mu sigma m M 145.6 129.5 42.0 535.0 | H 1.098 | V 0.003 | pL 0.001 | vL 0.000 | delta 0.002
U 120 | F 245760 | FPS 0029 | D 8932 | rR:mu sigma m M 0.00 0.00 0.00 0.00 | F:mu sigma m M 113.4 88.9 19.0 359.0 | H 1.098 | V 0.003 | pL 0.000 | vL 0.000 | delta 0.001
U 121 | F 247808 | FPS 0029 | D 9002 | rR:mu sigma m M 0.00 0.00 0.00 0.00 | F:mu sigma m M 155.6 113.7 36.0 417.0 | H 1.099 | V 0.002 | pL 0.001 | vL 0.000 | delta 0.001
U 122 | F 249856 | FPS 0025 | D 9083 | rR:mu sigma m M 0.00 0.00 0.00 0.00 | F:mu sigma m M 179.1 108.2 36.0 417.0 | H 1.099 | V 0.002 | pL 0.000 | vL 0.000 | delta 0.000
U 123 | F 251904 | FPS 0031 | D 9150 | rR:mu sigma m M 0.00 0.00 0.00 0.00 | F:mu sigma m M 242.3 237.5 34.0 841.0 | H 1.098 | V 0.002 | pL 0.000 | vL 0.000 | delta 0.000
U 124 | F 253952 | FPS 0027 | D 9226 | rR:mu sigma m M 0.00 0.00 0.00 0.00 | F:mu sigma m M 216.6 193.7 34.0 789.0 | H 1.099 | V 0.001 | pL 0.000 | vL 0.000 | delta 0.000
U 125 | F 256000 | FPS 0026 | D 9305 | rR:mu sigma m M 0.00 0.00 0.00 0.00 | F:mu sigma m M 216.6 171.5 56.0 760.0 | H 1.099 | V 0.001 | pL 0.000 | vL 0.000 | delta 0.000
U 126 | F 258048 | FPS 0029 | D 9376 | rR:mu sigma m M 0.00 0.00 0.00 0.00 | F:mu sigma m M 155.9 134.7 20.0 543.0 | H 1.098 | V 0.001 | pL 0.000 | vL 0.000 | delta 0.001
U 127 | F 260096 | FPS 0030 | D 9444 | rR:mu sigma m M 0.00 0.00 0.00 0.00 | F:mu sigma m M 133.2 121.3 16.0 448.0 | H 1.098 | V 0.001 | pL 0.001 | vL 0.000 | delta 0.001
U 128 | F 262144 | FPS 0028 | D 9517 | rR:mu sigma m M 0.00 0.00 0.00 0.00 | F:mu sigma m M 132.6 105.6 16.0 448.0 | H 1.098 | V 0.001 | pL 0.000 | vL 0.000 | delta 0.000
U 129 | F 264192 | FPS 0030 | D 9585 | rR:mu sigma m M 0.00 0.00 0.00 0.00 | F:mu sigma m M 164.0 134.8 18.0 538.0 | H 1.098 | V 0.002 | pL -0.000 | vL 0.000 | delta 0.001
U 130 | F 266240 | FPS 0030 | D 9654 | rR:mu sigma m M 0.03 0.13 0.00 0.55 | F:mu sigma m M 181.8 147.8 22.0 534.0 | H 1.095 | V 0.003 | pL -0.003 | vL 0.001 | delta 0.015
U 131 | F 268288 | FPS 0028 | D 9728 | rR:mu sigma m M 0.00 0.00 0.00 0.00 | F:mu sigma m M 158.8 138.4 16.0 546.0 | H 1.098 | V 0.004 | pL 0.001 | vL 0.000 | delta 0.001
U 132 | F 270336 | FPS 0027 | D 9804 | rR:mu sigma m M 0.05 0.19 0.00 0.77 | F:mu sigma m M 148.1 85.0 16.0 309.0 | H 1.094 | V 0.009 | pL -0.006 | vL 0.001 | delta 0.021
U 133 | F 272384 | FPS 0031 | D 9870 | rR:mu sigma m M 0.00 0.00 0.00 0.00 | F:mu sigma m M 166.1 130.6 19.0 579.0 | H 1.098 | V -0.000 | pL 0.000 | vL 0.000 | delta 0.004
U 134 | F 274432 | FPS 0031 | D 9937 | rR:mu sigma m M 0.00 0.00 0.00 0.00 | F:mu sigma m M 159.8 127.8 31.0 591.0 | H 1.098 | V -0.001 | pL -0.001 | vL 0.000 | delta 0.002
U 135 | F 276480 | FPS 0026 | D 10015 | rR:mu sigma m M 0.00 0.00 0.00 0.00 | F:mu sigma m M 200.3 242.8 37.0 900.0 | H 1.096 | V 0.004 | pL -0.002 | vL 0.000 | delta 0.006
U 136 | F 278528 | FPS 0031 | D 10080 | rR:mu sigma m M 0.00 0.00 0.00 0.00 | F:mu sigma m M 146.6 95.3 36.0 387.0 | H 1.098 | V 0.001 | pL 0.000 | vL 0.000 | delta 0.002
U 137 | F 280576 | FPS 0030 | D 10147 | rR:mu sigma m M 0.00 0.00 0.00 0.00 | F:mu sigma m M 121.1 79.4 30.0 289.0 | H 1.098 | V 0.003 | pL -0.001 | vL 0.000 | delta 0.007
U 138 | F 282624 | FPS 0028 | D 10220 | rR:mu sigma m M 0.00 0.00 0.00 0.00 | F:mu sigma m M 170.1 122.4 30.0 517.0 | H 1.098 | V 0.002 | pL 0.001 | vL 0.000 | delta 0.002
U 139 | F 284672 | FPS 0029 | D 10290 | rR:mu sigma m M 0.05 0.19 0.00 0.78 | F:mu sigma m M 177.8 140.1 23.0 517.0 | H 1.097 | V 0.007 | pL -0.006 | vL 0.001 | delta 0.017
U 140 | F 286720 | FPS 0027 | D 10366 | rR:mu sigma m M 0.05 0.19 0.00 0.78 | F:mu sigma m M 188.4 121.6 28.0 465.0 | H 1.098 | V -0.000 | pL -0.000 | vL 0.000 | delta 0.002
U 141 | F 288768 | FPS 0031 | D 10432 | rR:mu sigma m M 0.00 0.00 0.00 0.00 | F:mu sigma m M 167.6 118.4 20.0 465.0 | H 1.098 | V 0.001 | pL -0.000 | vL 0.000 | delta 0.001
U 142 | F 290816 | FPS 0030 | D 10501 | rR:mu sigma m M 0.00 0.00 0.00 0.00 | F:mu sigma m M 232.2 157.3 49.0 624.0 | H 1.098 | V 0.001 | pL -0.000 | vL 0.000 | delta 0.001
U 143 | F 292864 | FPS 0026 | D 10580 | rR:mu sigma m M 0.00 0.00 0.00 0.00 | F:mu sigma m M 178.1 137.2 22.0 579.0 | H 1.099 | V 0.000 | pL 0.000 | vL 0.000 | delta 0.001
U 144 | F 294912 | FPS 0026 | D 10658 | rR:mu sigma m M 0.00 0.00 0.00 0.00 | F:mu sigma m M 192.3 160.0 28.0 579.0 | H 1.099 | V -0.000 | pL -0.000 | vL 0.000 | delta 0.000
U 145 | F 296960 | FPS 0026 | D 10735 | rR:mu sigma m M 0.00 0.00 0.00 0.00 | F:mu sigma m M 158.1 110.1 43.0 392.0 | H 1.099 | V -0.000 | pL -0.000 | vL 0.000 | delta 0.000
U 146 | F 299008 | FPS 0026 | D 10813 | rR:mu sigma m M 0.00 0.00 0.00 0.00 | F:mu sigma m M 138.5 85.4 48.0 329.0 | H 1.098 | V 0.001 | pL 0.000 | vL 0.000 | delta 0.001
U 147 | F 301056 | FPS 0025 | D 10895 | rR:mu sigma m M 0.00 0.00 0.00 0.00 | F:mu sigma m M 146.9 144.1 36.0 603.0 | H 1.098 | V 0.001 | pL -0.000 | vL 0.000 | delta 0.001
U 148 | F 303104 | FPS 0027 | D 10971 | rR:mu sigma m M 0.00 0.00 0.00 0.00 | F:mu sigma m M 172.8 126.2 48.0 456.0 | H 1.098 | V 0.001 | pL 0.001 | vL 0.000 | delta 0.001
U 149 | F 305152 | FPS 0026 | D 11049 | rR:mu sigma m M 0.00 0.00 0.00 0.00 | F:mu sigma m M 173.1 193.7 40.0 890.0 | H 1.099 | V 0.001 | pL 0.000 | vL 0.000 | delta 0.000
U 150 | F 307200 | FPS 0029 | D 11120 | rR:mu sigma m M 0.00 0.00 0.00 0.00 | F:mu sigma m M 99.8 66.8 31.0 267.0 | H 1.099 | V 0.000 | pL 0.000 | vL 0.000 | delta 0.000
U 151 | F 309248 | FPS 0025 | D 11201 | rR:mu sigma m M 0.00 0.00 0.00 0.00 | F:mu sigma m M 220.2 214.8 31.0 807.0 | H 1.099 | V 0.000 | pL 0.000 | vL 0.000 | delta 0.000
U 152 | F 311296 | FPS 0026 | D 11280 | rR:mu sigma m M 0.00 0.00 0.00 0.00 | F:mu sigma m M 136.1 82.4 52.0 339.0 | H 1.098 | V 0.001 | pL 0.000 | vL 0.000 | delta 0.001
U 153 | F 313344 | FPS 0029 | D 11351 | rR:mu sigma m M 0.04 0.16 0.00 0.67 | F:mu sigma m M 127.4 94.4 20.0 339.0 | H 1.095 | V 0.007 | pL -0.004 | vL 0.000 | delta 0.007
U 154 | F 315392 | FPS 0028 | D 11425 | rR:mu sigma m M 0.00 0.00 0.00 0.00 | F:mu sigma m M 139.8 140.3 11.0 613.0 | H 1.099 | V -0.001 | pL -0.000 | vL 0.000 | delta 0.000
U 155 | F 317440 | FPS 0026 | D 11503 | rR:mu sigma m M 0.00 0.00 0.00 0.00 | F:mu sigma m M 151.4 200.9 27.0 719.0 | H 1.096 | V 0.003 | pL 0.000 | vL 0.000 | delta 0.004
U 156 | F 319488 | FPS 0027 | D 11578 | rR:mu sigma m M 0.00 0.00 0.00 0.00 | F:mu sigma m M 169.9 153.3 46.0 719.0 | H 1.098 | V -0.001 | pL -0.000 | vL 0.000 | delta 0.001
U 157 | F 321536 | FPS 0028 | D 11652 | rR:mu sigma m M 0.00 0.00 0.00 0.00 | F:mu sigma m M 221.6 186.5 11.0 632.0 | H 1.098 | V 0.001 | pL -0.000 | vL 0.000 | delta 0.001
U 158 | F 323584 | FPS 0027 | D 11728 | rR:mu sigma m M 0.00 0.00 0.00 0.00 | F:mu sigma m M 147.2 113.5 18.0 492.0 | H 1.099 | V 0.000 | pL 0.000 | vL 0.000 | delta 0.000
U 159 | F 325632 | FPS 0028 | D 11801 | rR:mu sigma m M 0.00 0.00 0.00 0.00 | F:mu sigma m M 145.1 118.0 29.0 492.0 | H 1.099 | V 0.000 | pL -0.000 | vL 0.000 | delta 0.000
U 160 | F 327680 | FPS 0024 | D 11886 | rR:mu sigma m M 0.00 0.00 0.00 0.00 | F:mu sigma m M 175.2 105.5 37.0 377.0 | H 1.098 | V 0.001 | pL 0.000 | vL 0.000 | delta 0.001
U 161 | F 329728 | FPS 0024 | D 11972 | rR:mu sigma m M 0.00 0.00 0.00 0.00 | F:mu sigma m M 159.2 130.5 30.0 533.0 | H 1.099 | V 0.000 | pL -0.000 | vL 0.000 | delta 0.000
U 162 | F 331776 | FPS 0025 | D 12053 | rR:mu sigma m M 0.00 0.00 0.00 0.00 | F:mu sigma m M 163.7 147.8 13.0 533.0 | H 1.098 | V 0.002 | pL 0.000 | vL 0.000 | delta 0.001
U 163 | F 333824 | FPS 0024 | D 12137 | rR:mu sigma m M 0.05 0.19 0.00 0.79 | F:mu sigma m M 240.7 191.9 33.0 726.0 | H 1.096 | V 0.006 | pL -0.004 | vL 0.001 | delta 0.013
U 164 | F 335872 | FPS 0023 | D 12225 | rR:mu sigma m M 0.00 0.00 0.00 0.00 | F:mu sigma m M 233.8 190.9 41.0 726.0 | H 1.098 | V -0.000 | pL -0.001 | vL 0.000 | delta 0.005
U 165 | F 337920 | FPS 0030 | D 12293 | rR:mu sigma m M 0.00 0.00 0.00 0.00 | F:mu sigma m M 207.1 152.5 30.0 650.0 | H 1.098 | V 0.003 | pL 0.001 | vL 0.000 | delta 0.002
U 166 | F 339968 | FPS 0027 | D 12368 | rR:mu sigma m M 0.00 0.00 0.00 0.00 | F:mu sigma m M 186.6 161.8 24.0 650.0 | H 1.098 | V 0.003 | pL 0.000 | vL 0.000 | delta 0.001
U 167 | F 342016 | FPS 0029 | D 12439 | rR:mu sigma m M 0.00 0.00 0.00 0.00 | F:mu sigma m M 167.1 130.8 11.0 433.0 | H 1.098 | V 0.004 | pL 0.000 | vL 0.000 | delta 0.001
U 168 | F 344064 | FPS 0023 | D 12527 | rR:mu sigma m M 0.00 0.00 0.00 0.00 | F:mu sigma m M 161.8 115.6 11.0 398.0 | H 1.098 | V 0.003 | pL 0.001 | vL 0.000 | delta 0.003
U 169 | F 346112 | FPS 0026 | D 12605 | rR:mu sigma m M 0.00 0.00 0.00 0.00 | F:mu sigma m M 162.9 108.1 11.0 426.0 | H 1.098 | V 0.003 | pL 0.001 | vL 0.000 | delta 0.001
U 170 | F 348160 | FPS 0027 | D 12681 | rR:mu sigma m M 0.00 0.00 0.00 0.00 | F:mu sigma m M 228.4 199.2 32.0 864.0 | H 1.098 | V 0.003 | pL 0.001 | vL 0.000 | delta 0.001
U 171 | F 350208 | FPS 0029 | D 12751 | rR:mu sigma m M 0.05 0.19 0.00 0.80 | F:mu sigma m M 228.8 219.4 27.0 864.0 | H 1.096 | V 0.004 | pL -0.007 | vL 0.002 | delta 0.073
U 172 | F 352256 | FPS 0026 | D 12829 | rR:mu sigma m M 0.05 0.19 0.00 0.80 | F:mu sigma m M 165.4 132.7 29.0 603.0 | H 1.098 | V 0.016 | pL 0.003 | vL 0.000 | delta 0.005
U 173 | F 354304 | FPS 0028 | D 12902 | rR:mu sigma m M 0.00 0.00 0.00 0.00 | F:mu sigma m M 179.2 128.5 13.0 465.0 | H 1.097 | V 0.021 | pL 0.001 | vL 0.000 | delta 0.006
U 174 | F 356352 | FPS 0025 | D 12983 | rR:mu sigma m M 0.05 0.18 0.00 0.73 | F:mu sigma m M 117.1 81.3 28.0 267.0 | H 1.090 | V 0.021 | pL 0.001 | vL 0.001 | delta 0.011
U 175 | F 358400 | FPS 0025 | D 13064 | rR:mu sigma m M 0.09 0.25 0.00 0.77 | F:mu sigma m M 152.2 84.2 14.0 278.0 | H 1.093 | V 0.013 | pL -0.005 | vL 0.001 | delta 0.033
U 176 | F 360448 | FPS 0024 | D 13147 | rR:mu sigma m M 0.05 0.19 0.00 0.77 | F:mu sigma m M 242.5 155.0 14.0 684.0 | H 1.098 | V 0.002 | pL -0.002 | vL 0.000 | delta 0.014
U 177 | F 362496 | FPS 0029 | D 13219 | rR:mu sigma m M 0.00 0.00 0.00 0.00 | F:mu sigma m M 159.8 102.2 15.0 366.0 | H 1.094 | V 0.007 | pL 0.002 | vL 0.000 | delta 0.007
U 178 | F 364544 | FPS 0029 | D 13291 | rR:mu sigma m M 0.00 0.00 0.00 0.00 | F:mu sigma m M 125.4 97.1 15.0 357.0 | H 1.098 | V 0.005 | pL 0.000 | vL 0.000 | delta 0.002
U 179 | F 366592 | FPS 0027 | D 13366 | rR:mu sigma m M 0.00 0.00 0.00 0.00 | F:mu sigma m M 215.6 163.3 39.0 669.0 | H 1.097 | V 0.007 | pL 0.002 | vL 0.000 | delta 0.002
U 180 | F 368640 | FPS 0026 | D 13445 | rR:mu sigma m M 0.00 0.00 0.00 0.00 | F:mu sigma m M 209.4 195.2 26.0 669.0 | H 1.098 | V 0.003 | pL 0.001 | vL 0.000 | delta 0.001
U 181 | F 370688 | FPS 0031 | D 13511 | rR:mu sigma m M 0.00 0.00 0.00 0.00 | F:mu sigma m M 166.5 114.7 13.0 416.0 | H 1.098 | V 0.003 | pL 0.001 | vL 0.000 | delta 0.001
U 182 | F 372736 | FPS 0027 | D 13588 | rR:mu sigma m M 0.04 0.14 0.00 0.58 | F:mu sigma m M 148.4 103.8 13.0 423.0 | H 1.094 | V 0.007 | pL -0.004 | vL 0.000 | delta 0.008
U 183 | F 374784 | FPS 0028 | D 13661 | rR:mu sigma m M 0.04 0.14 0.00 0.58 | F:mu sigma m M 161.8 90.6 71.0 423.0 | H 1.098 | V 0.006 | pL 0.002 | vL 0.000 | delta 0.002
U 184 | F 376832 | FPS 0025 | D 13744 | rR:mu sigma m M 0.00 0.00 0.00 0.00 | F:mu sigma m M 238.1 188.9 35.0 734.0 | H 1.097 | V 0.006 | pL 0.002 | vL 0.000 | delta 0.005
U 185 | F 378880 | FPS 0030 | D 13813 | rR:mu sigma m M 0.00 0.00 0.00 0.00 | F:mu sigma m M 140.4 111.1 23.0 481.0 | H 1.094 | V 0.009 | pL 0.001 | vL 0.000 | delta 0.006
U 186 | F 380928 | FPS 0027 | D 13890 | rR:mu sigma m M 0.04 0.16 0.00 0.67 | F:mu sigma m M 155.3 100.2 19.0 343.0 | H 1.086 | V 0.013 | pL -0.003 | vL 0.001 | delta 0.011
U 187 | F 382976 | FPS 0027 | D 13964 | rR:mu sigma m M 0.05 0.21 0.00 0.87 | F:mu sigma m M 149.8 111.9 19.0 374.0 | H 1.089 | V 0.009 | pL -0.007 | vL 0.001 | delta 0.022
U 188 | F 385024 | FPS 0022 | D 14056 | rR:mu sigma m M 0.11 0.28 0.00 0.87 | F:mu sigma m M 160.2 125.0 19.0 516.0 | H 1.087 | V 0.029 | pL -0.005 | vL 0.001 | delta 0.025
U 189 | F 387072 | FPS 0027 | D 14132 | rR:mu sigma m M 0.15 0.32 0.00 0.87 | F:mu sigma m M 217.4 145.3 19.0 533.0 | H 1.092 | V 0.040 | pL -0.000 | vL 0.001 | delta 0.018
U 190 | F 389120 | FPS 0024 | D 14219 | rR:mu sigma m M 0.08 0.22 0.00 0.71 | F:mu sigma m M 247.3 139.2 18.0 533.0 | H 1.084 | V 0.041 | pL 0.004 | vL 0.002 | delta 0.021
U 191 | F 391168 | FPS 0029 | D 14290 | rR:mu sigma m M 0.04 0.15 0.00 0.61 | F:mu sigma m M 230.5 162.1 40.0 532.0 | H 1.093 | V 0.023 | pL 0.007 | vL 0.000 | delta 0.010
U 192 | F 393216 | FPS 0027 | D 14365 | rR:mu sigma m M 0.00 0.00 0.00 0.00 | F:mu sigma m M 116.8 73.9 32.0 282.0 | H 1.082 | V 0.037 | pL -0.002 | vL 0.001 | delta 0.012
U 193 | F 395264 | FPS 0027 | D 14441 | rR:mu sigma m M 0.05 0.18 0.00 0.76 | F:mu sigma m M 137.9 116.7 18.0 482.0 | H 1.070 | V 0.035 | pL 0.004 | vL 0.001 | delta 0.010
U 194 | F 397312 | FPS 0031 | D 14507 | rR:mu sigma m M 0.00 0.00 0.00 0.00 | F:mu sigma m M 147.8 78.3 34.0 289.0 | H 1.096 | V 0.014 | pL 0.004 | vL 0.000 | delta 0.004
U 195 | F 399360 | FPS 0029 | D 14579 | rR:mu sigma m M 0.06 0.15 0.00 0.51 | F:mu sigma m M 204.1 159.0 45.0 612.0 | H 1.076 | V 0.029 | pL -0.003 | vL 0.001 | delta 0.015
U 196 | F 401408 | FPS 0031 | D 14645 | rR:mu sigma m M 0.12 0.27 0.00 0.81 | F:mu sigma m M 169.2 131.8 19.0 612.0 | H 1.079 | V 0.034 | pL -0.004 | vL 0.001 | delta 0.014
U 197 | F 403456 | FPS 0028 | D 14717 | rR:mu sigma m M 0.10 0.28 0.00 0.88 | F:mu sigma m M 155.7 89.5 19.0 315.0 | H 1.089 | V 0.020 | pL -0.004 | vL 0.001 | delta 0.023
U 198 | F 405504 | FPS 0034 | D 14778 | rR:mu sigma m M 0.04 0.16 0.00 0.67 | F:mu sigma m M 200.6 121.6 35.0 499.0 | H 1.073 | V 0.029 | pL 0.001 | vL 0.001 | delta 0.024
U 199 | F 407552 | FPS 0030 | D 14846 | rR:mu sigma m M 0.06 0.22 0.00 0.90 | F:mu sigma m M 172.9 176.8 28.0 628.0 | H 1.087 | V 0.034 | pL -0.000 | vL 0.002 | delta 0.023
U 200 | F 409600 | FPS 0030 | D 14916 | rR:mu sigma m M 0.13 0.31 0.00 0.94 | F:mu sigma m M 132.6 95.6 17.0 331.0 | H 1.034 | V 0.071 | pL -0.021 | vL 0.005 | delta 0.042
U 201 | F 411648 | FPS 0031 | D 14981 | rR:mu sigma m M 0.17 0.34 0.00 0.93 | F:mu sigma m M 105.5 70.6 22.0 263.0 | H 1.055 | V 0.082 | pL -0.002 | vL 0.002 | delta 0.022
U 202 | F 413696 | FPS 0033 | D 15042 | rR:mu sigma m M 0.15 0.33 0.00 0.92 | F:mu sigma m M 102.9 85.1 29.0 313.0 | H 1.045 | V 0.117 | pL -0.018 | vL 0.009 | delta 0.046
U 203 | F 415744 | FPS 0037 | D 15097 | rR:mu sigma m M 0.38 0.43 0.00 0.95 | F:mu sigma m M 109.8 80.7 13.0 314.0 | H 0.941 | V 0.246 | pL -0.034 | vL 0.009 | delta 0.056
U 204 | F 417792 | FPS 0037 | D 15153 | rR:mu sigma m M 0.35 0.44 0.00 0.96 | F:mu sigma m M 118.2 69.2 28.0 318.0 | H 0.944 | V 0.256 | pL -0.005 | vL 0.013 | delta 0.077
U 205 | F 419840 | FPS 0036 | D 15209 | rR:mu sigma m M 0.54 0.44 0.00 0.94 | F:mu sigma m M 96.9 49.4 15.0 201.0 | H 0.891 | V 0.317 | pL -0.031 | vL 0.012 | delta 0.064
U 206 | F 421888 | FPS 0048 | D 15252 | rR:mu sigma m M 0.71 0.38 0.00 0.97 | F:mu sigma m M 78.8 47.1 24.0 179.0 | H 0.741 | V 0.432 | pL -0.024 | vL 0.011 | delta 0.052
U 207 | F 423936 | FPS 0051 | D 15292 | rR:mu sigma m M 0.68 0.37 0.00 0.96 | F:mu sigma m M 115.6 62.6 32.0 235.0 | H 0.630 | V 0.496 | pL 0.018 | vL 0.012 | delta 0.063
U 208 | F 425984 | FPS 0057 | D 15328 | rR:mu sigma m M 0.50 0.45 0.00 0.97 | F:mu sigma m M 84.1 74.7 7.0 316.0 | H 0.717 | V 0.459 | pL 0.005 | vL 0.020 | delta 0.089
U 209 | F 428032 | FPS 0055 | D 15366 | rR:mu sigma m M 0.60 0.45 0.00 0.96 | F:mu sigma m M 59.1 35.1 21.0 197.0 | H 0.706 | V 0.452 | pL -0.003 | vL 0.018 | delta 0.078
U 210 | F 430080 | FPS 0055 | D 15403 | rR:mu sigma m M 0.84 0.27 0.00 0.97 | F:mu sigma m M 69.6 33.1 16.0 158.0 | H 0.687 | V 0.529 | pL -0.045 | vL 0.013 | delta 0.077
U 211 | F 432128 | FPS 0059 | D 15438 | rR:mu sigma m M 0.84 0.30 0.00 0.97 | F:mu sigma m M 57.2 22.4 25.0 126.0 | H 0.653 | V 0.551 | pL -0.053 | vL 0.016 | delta 0.084
U 212 | F 434176 | FPS 0061 | D 15471 | rR:mu sigma m M 0.93 0.15 0.00 0.97 | F:mu sigma m M 49.5 11.2 29.0 79.0 | H 0.584 | V 0.616 | pL -0.082 | vL 0.006 | delta 0.082
U 213 | F 436224 | FPS 0070 | D 15501 | rR:mu sigma m M 0.91 0.19 0.00 0.97 | F:mu sigma m M 46.8 26.3 16.0 201.0 | H 0.505 | V 0.680 | pL -0.071 | vL 0.007 | delta 0.062
U 214 | F 438272 | FPS 0073 | D 15529 | rR:mu sigma m M 0.96 0.01 0.93 0.97 | F:mu sigma m M 38.1 9.4 26.0 66.0 | H 0.438 | V 0.750 | pL -0.060 | vL 0.004 | delta 0.075
agent reach optimality, start collecting trajectories
agent successfully collected 10 trajectories
pickling optimal trajectories
Model successfully saved
/home/rdali/.local/easybuild/software/2017/Core/miniconda3/4.3.27/envs/observe/lib/python3.6/site-packages/torch/nn/functional.py:1906: UserWarning: reduction: 'mean' divides the total loss by both the batch size and the support size.'batchmean' divides only by the batch size, and aligns with the KL div math definition.'mean' will be changed to behave the same as 'batchmean' in the next major release.
  warnings.warn("reduction: 'mean' divides the total loss by both the batch size and the support size."
