The following modules were not unloaded:
  (Use "module --force purge" to unload all):

  1) StdEnv/2018.3     4) gcccore/.7.3.0      7) intel/2018.3
  2) nixpkgs/16.09     5) icc/.2018.3.222     8) openmpi/3.1.2
  3) imkl/2018.3.222   6) ifort/.2018.3.222

Due to MODULEPATH changes, the following have been reloaded:
  1) openmpi/3.1.2

Attention: While Conda works well in a desktop environment, it tends to create more problems than it solves on a cluster. Instead, we recommend that users use virtual environments and the binary packages that we provide through Python wheels as documented on the Python page.
/home/rdali/RL/watch_and_learn/dependency/rl-starter-files/scripts/train_agent_multidem.py --env MiniGrid-LavaCrossingAddictO12S15-v0 --algo ppo --nameDemonstrator LavaCrossing1215Addict1,LavaCrossing1215Addict2,LavaCrossing1215Addict4,LavaCrossing1215Addict5,LavaCrossing1215Addict7,LavaCrossing1215Addict8,LavaCrossing1215Addict9,LavaCrossing1215Addict10 --flat-model 0 --KLweight 0.01 --useKL 1 --meanReward 0.80 --rewardLB 0.70 --seed 650

Namespace(KLweight=0.01, algo='ppo', batch_size=256, clip_eps=0.2, discount=0.99, entropy_coef=0.01, env='MiniGrid-LavaCrossingAddictO12S15-v0', epochs=4, flat_model=0, frames=10000000, frames_per_proc=None, full_obs=0, gae_lambda=0.95, log_interval=1, lr=0.0007, max_grad_norm=0.5, meanReward=0.8, mem=False, model=None, nameDemonstrator='LavaCrossing1215Addict1,LavaCrossing1215Addict2,LavaCrossing1215Addict4,LavaCrossing1215Addict5,LavaCrossing1215Addict7,LavaCrossing1215Addict8,LavaCrossing1215Addict9,LavaCrossing1215Addict10', optim_alpha=0.99, optim_eps=1e-05, procs=16, recurrence=1, rewardLB=0.7, save_interval=0, seed=650, tb=False, text=False, useKL=1, value_loss_coef=0.5)

Flat model successfully created

ACModel(
  (image_conv): Sequential(
    (0): Conv2d(3, 32, kernel_size=(2, 2), stride=(1, 1))
    (1): ReLU()
    (2): MaxPool2d(kernel_size=(2, 2), stride=(2, 2), padding=0, dilation=1, ceil_mode=False)
    (3): Conv2d(32, 64, kernel_size=(2, 2), stride=(1, 1))
    (4): ReLU()
    (5): Conv2d(64, 64, kernel_size=(2, 2), stride=(1, 1))
    (6): ReLU()
  )
  (actor): Sequential(
    (0): Linear(in_features=1600, out_features=64, bias=True)
    (1): Tanh()
    (2): Linear(in_features=64, out_features=3, bias=True)
  )
  (critic): Sequential(
    (0): Linear(in_features=1600, out_features=64, bias=True)
    (1): Tanh()
    (2): Linear(in_features=64, out_features=1, bias=True)
  )
)

CUDA available: False

1
True
0.01
Using TensorFlow backend.
OMP: Info #212: KMP_AFFINITY: decoding x2APIC ids.
OMP: Info #210: KMP_AFFINITY: Affinity capable, using global cpuid leaf 11 info
OMP: Info #154: KMP_AFFINITY: Initial OS proc set respected: 17,19,24,26,28
OMP: Info #156: KMP_AFFINITY: 5 available OS procs
OMP: Info #158: KMP_AFFINITY: Nonuniform topology
OMP: Info #179: KMP_AFFINITY: 2 packages x 3 cores/pkg x 1 threads/core (5 total cores)
OMP: Info #214: KMP_AFFINITY: OS proc to physical thread map:
OMP: Info #171: KMP_AFFINITY: OS proc 24 maps to package 0 core 17 
OMP: Info #171: KMP_AFFINITY: OS proc 28 maps to package 0 core 18 
OMP: Info #171: KMP_AFFINITY: OS proc 26 maps to package 0 core 19 
OMP: Info #171: KMP_AFFINITY: OS proc 17 maps to package 1 core 9 
OMP: Info #171: KMP_AFFINITY: OS proc 19 maps to package 1 core 10 
OMP: Info #250: KMP_AFFINITY: pid 247043 tid 247043 thread 0 bound to OS proc set 24
OMP: Info #250: KMP_AFFINITY: pid 247043 tid 247268 thread 1 bound to OS proc set 17
OMP: Info #250: KMP_AFFINITY: pid 247043 tid 247269 thread 2 bound to OS proc set 28
OMP: Info #250: KMP_AFFINITY: pid 247043 tid 247270 thread 3 bound to OS proc set 19
OMP: Info #250: KMP_AFFINITY: pid 247043 tid 247271 thread 4 bound to OS proc set 26
OMP: Info #250: KMP_AFFINITY: pid 247043 tid 247693 thread 5 bound to OS proc set 24
OMP: Info #250: KMP_AFFINITY: pid 247043 tid 247692 thread 6 bound to OS proc set 17
OMP: Info #250: KMP_AFFINITY: pid 247043 tid 247711 thread 7 bound to OS proc set 28
OMP: Info #250: KMP_AFFINITY: pid 247043 tid 247714 thread 10 bound to OS proc set 24
OMP: Info #250: KMP_AFFINITY: pid 247043 tid 247712 thread 8 bound to OS proc set 19
OMP: Info #250: KMP_AFFINITY: pid 247043 tid 247713 thread 9 bound to OS proc set 26
OMP: Info #250: KMP_AFFINITY: pid 247043 tid 247731 thread 11 bound to OS proc set 17
OMP: Info #250: KMP_AFFINITY: pid 247043 tid 247732 thread 12 bound to OS proc set 28
OMP: Info #250: KMP_AFFINITY: pid 247043 tid 247733 thread 13 bound to OS proc set 19
OMP: Info #250: KMP_AFFINITY: pid 247043 tid 247735 thread 15 bound to OS proc set 24
OMP: Info #250: KMP_AFFINITY: pid 247043 tid 247734 thread 14 bound to OS proc set 26
U 1 | F 002048 | FPS 0020 | D 102 | rR:mu sigma m M 0.00 0.00 0.00 0.00 | F:mu sigma m M 18.4 34.9 0.0 108.0 | H 1.094 | V 0.099 | pL 0.021 | vL 0.001 | delta 0.060
U 2 | F 004096 | FPS 0025 | D 184 | rR:mu sigma m M 0.00 0.00 0.00 0.00 | F:mu sigma m M 118.6 50.6 53.0 221.0 | H 1.097 | V 0.088 | pL 0.025 | vL 0.000 | delta 0.017
U 3 | F 006144 | FPS 0024 | D 268 | rR:mu sigma m M 0.00 0.00 0.00 0.00 | F:mu sigma m M 175.2 89.0 53.0 334.0 | H 1.098 | V 0.067 | pL 0.019 | vL 0.000 | delta 0.013
U 4 | F 008192 | FPS 0030 | D 336 | rR:mu sigma m M 0.05 0.19 0.00 0.80 | F:mu sigma m M 169.8 105.6 25.0 445.0 | H 1.093 | V 0.053 | pL 0.008 | vL 0.002 | delta 0.016
U 5 | F 010240 | FPS 0033 | D 398 | rR:mu sigma m M 0.00 0.00 0.00 0.00 | F:mu sigma m M 158.9 99.5 56.0 387.0 | H 1.096 | V 0.039 | pL 0.012 | vL 0.000 | delta 0.006
U 6 | F 012288 | FPS 0024 | D 486 | rR:mu sigma m M 0.00 0.00 0.00 0.00 | F:mu sigma m M 140.6 78.6 41.0 318.0 | H 1.098 | V 0.029 | pL 0.009 | vL 0.000 | delta 0.003
U 7 | F 014336 | FPS 0030 | D 554 | rR:mu sigma m M 0.00 0.00 0.00 0.00 | F:mu sigma m M 176.2 168.9 47.0 777.0 | H 1.097 | V 0.024 | pL 0.007 | vL 0.000 | delta 0.004
U 8 | F 016384 | FPS 0024 | D 638 | rR:mu sigma m M 0.00 0.00 0.00 0.00 | F:mu sigma m M 174.0 107.9 72.0 467.0 | H 1.098 | V 0.017 | pL 0.005 | vL 0.000 | delta 0.002
U 9 | F 018432 | FPS 0029 | D 708 | rR:mu sigma m M 0.00 0.00 0.00 0.00 | F:mu sigma m M 160.0 131.7 15.0 450.0 | H 1.098 | V 0.012 | pL 0.004 | vL 0.000 | delta 0.001
U 10 | F 020480 | FPS 0031 | D 774 | rR:mu sigma m M 0.00 0.00 0.00 0.00 | F:mu sigma m M 101.0 70.3 12.0 310.0 | H 1.099 | V 0.010 | pL 0.002 | vL 0.000 | delta 0.001
U 11 | F 022528 | FPS 0028 | D 846 | rR:mu sigma m M 0.00 0.00 0.00 0.00 | F:mu sigma m M 187.4 100.9 47.0 358.0 | H 1.099 | V 0.007 | pL 0.003 | vL 0.000 | delta 0.001
U 12 | F 024576 | FPS 0027 | D 923 | rR:mu sigma m M 0.00 0.00 0.00 0.00 | F:mu sigma m M 149.4 125.3 25.0 504.0 | H 1.099 | V 0.005 | pL 0.002 | vL 0.000 | delta 0.001
U 13 | F 026624 | FPS 0027 | D 998 | rR:mu sigma m M 0.05 0.17 0.00 0.72 | F:mu sigma m M 176.9 152.7 13.0 697.0 | H 1.094 | V 0.013 | pL -0.005 | vL 0.001 | delta 0.016
U 14 | F 028672 | FPS 0033 | D 1060 | rR:mu sigma m M 0.05 0.17 0.00 0.72 | F:mu sigma m M 165.2 138.1 19.0 490.0 | H 1.098 | V -0.000 | pL 0.000 | vL 0.000 | delta 0.003
U 15 | F 030720 | FPS 0027 | D 1136 | rR:mu sigma m M 0.00 0.00 0.00 0.00 | F:mu sigma m M 136.9 99.6 27.0 444.0 | H 1.098 | V 0.004 | pL 0.000 | vL 0.000 | delta 0.002
U 16 | F 032768 | FPS 0028 | D 1209 | rR:mu sigma m M 0.00 0.00 0.00 0.00 | F:mu sigma m M 165.9 114.0 34.0 427.0 | H 1.098 | V 0.007 | pL 0.002 | vL 0.000 | delta 0.003
U 17 | F 034816 | FPS 0032 | D 1274 | rR:mu sigma m M 0.05 0.18 0.00 0.78 | F:mu sigma m M 174.2 145.9 38.0 537.0 | H 1.088 | V 0.005 | pL -0.005 | vL 0.001 | delta 0.028
U 18 | F 036864 | FPS 0030 | D 1341 | rR:mu sigma m M 0.00 0.00 0.00 0.00 | F:mu sigma m M 171.5 148.8 47.0 537.0 | H 1.098 | V 0.003 | pL 0.002 | vL 0.000 | delta 0.002
U 19 | F 038912 | FPS 0026 | D 1421 | rR:mu sigma m M 0.04 0.16 0.00 0.67 | F:mu sigma m M 196.9 111.8 28.0 415.0 | H 1.096 | V 0.009 | pL -0.004 | vL 0.001 | delta 0.013
U 20 | F 040960 | FPS 0030 | D 1490 | rR:mu sigma m M 0.04 0.16 0.00 0.67 | F:mu sigma m M 137.1 102.6 27.0 331.0 | H 1.098 | V 0.008 | pL -0.000 | vL 0.000 | delta 0.004
U 21 | F 043008 | FPS 0031 | D 1557 | rR:mu sigma m M 0.00 0.00 0.00 0.00 | F:mu sigma m M 141.9 118.3 20.0 456.0 | H 1.096 | V 0.002 | pL 0.002 | vL 0.000 | delta 0.003
U 22 | F 045056 | FPS 0026 | D 1636 | rR:mu sigma m M 0.00 0.00 0.00 0.00 | F:mu sigma m M 178.7 122.4 42.0 456.0 | H 1.098 | V -0.002 | pL -0.001 | vL 0.000 | delta 0.000
U 23 | F 047104 | FPS 0030 | D 1705 | rR:mu sigma m M 0.00 0.00 0.00 0.00 | F:mu sigma m M 175.1 169.0 32.0 693.0 | H 1.099 | V -0.002 | pL -0.001 | vL 0.000 | delta 0.000
U 24 | F 049152 | FPS 0028 | D 1777 | rR:mu sigma m M 0.05 0.20 0.00 0.84 | F:mu sigma m M 180.8 126.4 35.0 487.0 | H 1.090 | V 0.007 | pL -0.008 | vL 0.001 | delta 0.018
U 25 | F 051200 | FPS 0031 | D 1843 | rR:mu sigma m M 0.00 0.00 0.00 0.00 | F:mu sigma m M 192.6 215.1 32.0 887.0 | H 1.098 | V -0.007 | pL -0.003 | vL 0.000 | delta 0.003
U 26 | F 053248 | FPS 0026 | D 1921 | rR:mu sigma m M 0.00 0.00 0.00 0.00 | F:mu sigma m M 129.1 106.0 32.0 474.0 | H 1.098 | V -0.003 | pL -0.002 | vL 0.000 | delta 0.003
U 27 | F 055296 | FPS 0028 | D 1995 | rR:mu sigma m M 0.00 0.00 0.00 0.00 | F:mu sigma m M 153.3 90.1 56.0 367.0 | H 1.099 | V -0.002 | pL -0.001 | vL 0.000 | delta 0.001
U 28 | F 057344 | FPS 0029 | D 2066 | rR:mu sigma m M 0.03 0.11 0.00 0.46 | F:mu sigma m M 162.7 135.7 14.0 544.0 | H 1.094 | V 0.001 | pL -0.002 | vL 0.000 | delta 0.006
U 29 | F 059392 | FPS 0034 | D 2127 | rR:mu sigma m M 0.02 0.07 0.00 0.28 | F:mu sigma m M 192.2 186.3 27.0 719.0 | H 1.095 | V 0.000 | pL -0.003 | vL 0.000 | delta 0.006
U 30 | F 061440 | FPS 0033 | D 2188 | rR:mu sigma m M 0.00 0.00 0.00 0.00 | F:mu sigma m M 204.4 134.9 52.0 577.0 | H 1.097 | V -0.002 | pL -0.001 | vL 0.000 | delta 0.002
U 31 | F 063488 | FPS 0027 | D 2265 | rR:mu sigma m M 0.00 0.00 0.00 0.00 | F:mu sigma m M 211.1 155.5 38.0 577.0 | H 1.098 | V -0.003 | pL -0.001 | vL 0.000 | delta 0.001
U 32 | F 065536 | FPS 0030 | D 2333 | rR:mu sigma m M 0.00 0.00 0.00 0.00 | F:mu sigma m M 185.9 124.6 49.0 432.0 | H 1.098 | V -0.003 | pL -0.001 | vL 0.000 | delta 0.000
U 33 | F 067584 | FPS 0028 | D 2407 | rR:mu sigma m M 0.00 0.00 0.00 0.00 | F:mu sigma m M 167.2 121.0 27.0 382.0 | H 1.098 | V -0.001 | pL -0.001 | vL 0.000 | delta 0.001
U 34 | F 069632 | FPS 0032 | D 2472 | rR:mu sigma m M 0.04 0.15 0.00 0.61 | F:mu sigma m M 173.0 133.1 27.0 388.0 | H 1.092 | V 0.010 | pL -0.005 | vL 0.001 | delta 0.009
U 35 | F 071680 | FPS 0027 | D 2548 | rR:mu sigma m M 0.04 0.15 0.00 0.61 | F:mu sigma m M 207.9 167.7 35.0 609.0 | H 1.098 | V 0.004 | pL 0.001 | vL 0.000 | delta 0.004
U 36 | F 073728 | FPS 0029 | D 2619 | rR:mu sigma m M 0.00 0.00 0.00 0.00 | F:mu sigma m M 158.3 168.0 31.0 652.0 | H 1.099 | V -0.000 | pL -0.000 | vL 0.000 | delta 0.000
U 37 | F 075776 | FPS 0027 | D 2694 | rR:mu sigma m M 0.00 0.00 0.00 0.00 | F:mu sigma m M 190.2 219.2 9.0 900.0 | H 1.099 | V -0.000 | pL -0.000 | vL 0.000 | delta 0.000
U 38 | F 077824 | FPS 0029 | D 2765 | rR:mu sigma m M 0.04 0.17 0.00 0.69 | F:mu sigma m M 178.3 144.4 20.0 562.0 | H 1.095 | V 0.007 | pL -0.006 | vL 0.001 | delta 0.012
U 39 | F 079872 | FPS 0029 | D 2835 | rR:mu sigma m M 0.04 0.17 0.00 0.72 | F:mu sigma m M 118.3 71.4 7.0 282.0 | H 1.097 | V 0.000 | pL -0.003 | vL 0.000 | delta 0.018
U 40 | F 081920 | FPS 0032 | D 2900 | rR:mu sigma m M 0.06 0.22 0.00 0.90 | F:mu sigma m M 154.4 117.9 32.0 511.0 | H 1.096 | V 0.003 | pL -0.006 | vL 0.001 | delta 0.012
U 41 | F 083968 | FPS 0031 | D 2966 | rR:mu sigma m M 0.00 0.00 0.00 0.00 | F:mu sigma m M 167.2 110.6 32.0 511.0 | H 1.096 | V 0.002 | pL 0.001 | vL 0.000 | delta 0.007
U 42 | F 086016 | FPS 0032 | D 3029 | rR:mu sigma m M 0.05 0.21 0.00 0.88 | F:mu sigma m M 173.8 94.2 33.0 358.0 | H 1.085 | V 0.012 | pL -0.004 | vL 0.001 | delta 0.038
U 43 | F 088064 | FPS 0038 | D 3083 | rR:mu sigma m M 0.00 0.00 0.00 0.00 | F:mu sigma m M 175.1 172.7 17.0 700.0 | H 1.095 | V 0.008 | pL -0.000 | vL 0.000 | delta 0.004
U 44 | F 090112 | FPS 0032 | D 3146 | rR:mu sigma m M 0.00 0.00 0.00 0.00 | F:mu sigma m M 177.1 155.5 33.0 700.0 | H 1.096 | V 0.008 | pL 0.004 | vL 0.000 | delta 0.003
U 45 | F 092160 | FPS 0033 | D 3207 | rR:mu sigma m M 0.00 0.00 0.00 0.00 | F:mu sigma m M 145.7 126.6 23.0 527.0 | H 1.098 | V 0.005 | pL 0.002 | vL 0.000 | delta 0.002
U 46 | F 094208 | FPS 0029 | D 3279 | rR:mu sigma m M 0.00 0.00 0.00 0.00 | F:mu sigma m M 106.2 52.8 45.0 229.0 | H 1.098 | V 0.006 | pL 0.001 | vL 0.000 | delta 0.002
U 47 | F 096256 | FPS 0027 | D 3354 | rR:mu sigma m M 0.00 0.00 0.00 0.00 | F:mu sigma m M 131.0 73.7 20.0 296.0 | H 1.098 | V 0.005 | pL 0.001 | vL 0.000 | delta 0.001
U 48 | F 098304 | FPS 0031 | D 3420 | rR:mu sigma m M 0.00 0.00 0.00 0.00 | F:mu sigma m M 178.6 192.7 20.0 846.0 | H 1.098 | V 0.005 | pL 0.000 | vL 0.000 | delta 0.001
U 49 | F 100352 | FPS 0027 | D 3495 | rR:mu sigma m M 0.00 0.00 0.00 0.00 | F:mu sigma m M 193.0 189.2 37.0 846.0 | H 1.098 | V 0.004 | pL 0.001 | vL 0.000 | delta 0.001
U 50 | F 102400 | FPS 0028 | D 3569 | rR:mu sigma m M 0.00 0.00 0.00 0.00 | F:mu sigma m M 192.8 150.1 38.0 660.0 | H 1.098 | V 0.003 | pL 0.001 | vL 0.000 | delta 0.001
U 51 | F 104448 | FPS 0030 | D 3637 | rR:mu sigma m M 0.00 0.00 0.00 0.00 | F:mu sigma m M 149.1 143.6 37.0 660.0 | H 1.099 | V 0.002 | pL 0.001 | vL 0.000 | delta 0.000
U 52 | F 106496 | FPS 0029 | D 3707 | rR:mu sigma m M 0.00 0.00 0.00 0.00 | F:mu sigma m M 178.5 150.6 21.0 484.0 | H 1.099 | V 0.002 | pL 0.000 | vL 0.000 | delta 0.001
U 53 | F 108544 | FPS 0028 | D 3781 | rR:mu sigma m M 0.00 0.00 0.00 0.00 | F:mu sigma m M 213.3 112.9 74.0 461.0 | H 1.098 | V 0.001 | pL 0.000 | vL 0.000 | delta 0.001
U 54 | F 110592 | FPS 0031 | D 3847 | rR:mu sigma m M 0.00 0.00 0.00 0.00 | F:mu sigma m M 162.4 90.7 24.0 340.0 | H 1.099 | V 0.001 | pL 0.000 | vL 0.000 | delta 0.000
U 55 | F 112640 | FPS 0030 | D 3916 | rR:mu sigma m M 0.04 0.15 0.00 0.63 | F:mu sigma m M 234.6 104.7 63.0 388.0 | H 1.093 | V 0.006 | pL -0.005 | vL 0.000 | delta 0.006
U 56 | F 114688 | FPS 0023 | D 4004 | rR:mu sigma m M 0.00 0.00 0.00 0.00 | F:mu sigma m M 160.8 112.8 28.0 395.0 | H 1.098 | V 0.002 | pL 0.001 | vL 0.000 | delta 0.000
U 57 | F 116736 | FPS 0029 | D 4075 | rR:mu sigma m M 0.00 0.00 0.00 0.00 | F:mu sigma m M 144.9 97.5 28.0 359.0 | H 1.099 | V 0.001 | pL 0.000 | vL 0.000 | delta 0.000
U 58 | F 118784 | FPS 0028 | D 4149 | rR:mu sigma m M 0.05 0.20 0.00 0.84 | F:mu sigma m M 145.5 78.5 42.0 359.0 | H 1.095 | V 0.007 | pL -0.007 | vL 0.001 | delta 0.009
U 59 | F 120832 | FPS 0034 | D 4210 | rR:mu sigma m M 0.00 0.00 0.00 0.00 | F:mu sigma m M 152.0 127.4 20.0 547.0 | H 1.098 | V 0.004 | pL 0.001 | vL 0.000 | delta 0.003
U 60 | F 122880 | FPS 0026 | D 4288 | rR:mu sigma m M 0.00 0.00 0.00 0.00 | F:mu sigma m M 132.2 68.2 20.0 275.0 | H 1.098 | V 0.005 | pL 0.000 | vL 0.000 | delta 0.001
U 61 | F 124928 | FPS 0031 | D 4353 | rR:mu sigma m M 0.05 0.19 0.00 0.79 | F:mu sigma m M 208.8 174.4 26.0 755.0 | H 1.096 | V 0.007 | pL -0.002 | vL 0.001 | delta 0.012
U 62 | F 126976 | FPS 0031 | D 4419 | rR:mu sigma m M 0.00 0.00 0.00 0.00 | F:mu sigma m M 123.8 91.6 19.0 349.0 | H 1.097 | V 0.018 | pL -0.007 | vL 0.001 | delta 0.014
U 63 | F 129024 | FPS 0028 | D 4492 | rR:mu sigma m M 0.05 0.20 0.00 0.82 | F:mu sigma m M 152.3 155.1 19.0 575.0 | H 1.098 | V 0.012 | pL 0.004 | vL 0.001 | delta 0.009
U 64 | F 131072 | FPS 0031 | D 4559 | rR:mu sigma m M 0.00 0.00 0.00 0.00 | F:mu sigma m M 174.0 117.1 19.0 404.0 | H 1.098 | V -0.000 | pL 0.000 | vL 0.000 | delta 0.001
U 65 | F 133120 | FPS 0029 | D 4629 | rR:mu sigma m M 0.00 0.00 0.00 0.00 | F:mu sigma m M 202.9 94.5 65.0 388.0 | H 1.099 | V -0.002 | pL -0.001 | vL 0.000 | delta 0.000
U 66 | F 135168 | FPS 0032 | D 4692 | rR:mu sigma m M 0.00 0.00 0.00 0.00 | F:mu sigma m M 129.8 113.6 17.0 514.0 | H 1.098 | V -0.001 | pL -0.000 | vL 0.000 | delta 0.000
U 67 | F 137216 | FPS 0028 | D 4765 | rR:mu sigma m M 0.00 0.00 0.00 0.00 | F:mu sigma m M 150.2 132.0 16.0 553.0 | H 1.098 | V 0.002 | pL -0.002 | vL 0.000 | delta 0.002
U 68 | F 139264 | FPS 0031 | D 4830 | rR:mu sigma m M 0.00 0.00 0.00 0.00 | F:mu sigma m M 120.8 71.4 18.0 275.0 | H 1.098 | V -0.000 | pL 0.001 | vL 0.000 | delta 0.001
U 69 | F 141312 | FPS 0030 | D 4898 | rR:mu sigma m M 0.00 0.00 0.00 0.00 | F:mu sigma m M 171.8 91.7 35.0 344.0 | H 1.099 | V 0.001 | pL -0.001 | vL 0.000 | delta 0.001
U 70 | F 143360 | FPS 0029 | D 4968 | rR:mu sigma m M 0.05 0.19 0.00 0.78 | F:mu sigma m M 242.5 146.0 49.0 598.0 | H 1.096 | V 0.008 | pL -0.005 | vL 0.000 | delta 0.009
U 71 | F 145408 | FPS 0028 | D 5041 | rR:mu sigma m M 0.00 0.00 0.00 0.00 | F:mu sigma m M 226.7 144.8 64.0 598.0 | H 1.098 | V -0.001 | pL -0.000 | vL 0.000 | delta 0.001
U 72 | F 147456 | FPS 0032 | D 5106 | rR:mu sigma m M 0.00 0.00 0.00 0.00 | F:mu sigma m M 165.1 109.8 29.0 471.0 | H 1.098 | V -0.001 | pL -0.000 | vL 0.000 | delta 0.001
U 73 | F 149504 | FPS 0029 | D 5176 | rR:mu sigma m M 0.00 0.00 0.00 0.00 | F:mu sigma m M 171.6 131.4 29.0 471.0 | H 1.098 | V -0.000 | pL -0.000 | vL 0.000 | delta 0.000
U 74 | F 151552 | FPS 0030 | D 5244 | rR:mu sigma m M 0.00 0.00 0.00 0.00 | F:mu sigma m M 229.8 196.8 45.0 711.0 | H 1.096 | V 0.004 | pL -0.000 | vL 0.000 | delta 0.005
U 75 | F 153600 | FPS 0032 | D 5308 | rR:mu sigma m M 0.04 0.15 0.00 0.64 | F:mu sigma m M 151.9 105.1 24.0 363.0 | H 1.097 | V 0.004 | pL -0.004 | vL 0.000 | delta 0.007
U 76 | F 155648 | FPS 0030 | D 5378 | rR:mu sigma m M 0.10 0.27 0.00 0.90 | F:mu sigma m M 120.2 71.8 15.0 281.0 | H 1.090 | V 0.029 | pL -0.011 | vL 0.003 | delta 0.031
U 77 | F 157696 | FPS 0031 | D 5445 | rR:mu sigma m M 0.06 0.22 0.00 0.90 | F:mu sigma m M 132.5 107.1 43.0 478.0 | H 1.089 | V 0.011 | pL -0.004 | vL 0.001 | delta 0.011
U 78 | F 159744 | FPS 0032 | D 5509 | rR:mu sigma m M 0.05 0.19 0.00 0.77 | F:mu sigma m M 192.4 144.1 11.0 478.0 | H 1.094 | V 0.005 | pL -0.000 | vL 0.000 | delta 0.004
U 79 | F 161792 | FPS 0031 | D 5576 | rR:mu sigma m M 0.04 0.17 0.00 0.70 | F:mu sigma m M 136.2 114.1 11.0 425.0 | H 1.093 | V 0.013 | pL -0.002 | vL 0.001 | delta 0.008
U 80 | F 163840 | FPS 0030 | D 5645 | rR:mu sigma m M 0.05 0.19 0.00 0.80 | F:mu sigma m M 145.9 118.2 18.0 383.0 | H 1.091 | V 0.016 | pL -0.005 | vL 0.001 | delta 0.013
U 81 | F 165888 | FPS 0028 | D 5718 | rR:mu sigma m M 0.00 0.00 0.00 0.00 | F:mu sigma m M 146.1 165.8 27.0 728.0 | H 1.085 | V 0.028 | pL 0.005 | vL 0.002 | delta 0.022
U 82 | F 167936 | FPS 0033 | D 5779 | rR:mu sigma m M 0.02 0.07 0.00 0.31 | F:mu sigma m M 144.2 162.9 24.0 691.0 | H 1.092 | V 0.012 | pL 0.003 | vL 0.000 | delta 0.016
U 83 | F 169984 | FPS 0028 | D 5852 | rR:mu sigma m M 0.12 0.29 0.00 0.90 | F:mu sigma m M 211.7 250.2 30.0 900.0 | H 1.069 | V 0.033 | pL -0.014 | vL 0.003 | delta 0.032
U 84 | F 172032 | FPS 0034 | D 5913 | rR:mu sigma m M 0.01 0.05 0.00 0.20 | F:mu sigma m M 210.1 251.2 21.0 900.0 | H 1.090 | V -0.002 | pL 0.001 | vL 0.000 | delta 0.006
U 85 | F 174080 | FPS 0031 | D 5979 | rR:mu sigma m M 0.00 0.00 0.00 0.00 | F:mu sigma m M 125.2 64.1 17.0 263.0 | H 1.096 | V -0.001 | pL -0.002 | vL 0.000 | delta 0.002
U 86 | F 176128 | FPS 0027 | D 6055 | rR:mu sigma m M 0.00 0.00 0.00 0.00 | F:mu sigma m M 164.6 103.9 42.0 425.0 | H 1.098 | V 0.004 | pL 0.000 | vL 0.000 | delta 0.002
U 87 | F 178176 | FPS 0027 | D 6132 | rR:mu sigma m M 0.04 0.16 0.00 0.67 | F:mu sigma m M 182.0 149.9 45.0 677.0 | H 1.096 | V 0.012 | pL -0.005 | vL 0.001 | delta 0.008
U 88 | F 180224 | FPS 0030 | D 6200 | rR:mu sigma m M 0.06 0.17 0.00 0.67 | F:mu sigma m M 268.3 264.2 13.0 900.0 | H 1.094 | V 0.008 | pL -0.000 | vL 0.000 | delta 0.006
U 89 | F 182272 | FPS 0033 | D 6263 | rR:mu sigma m M 0.00 0.00 0.00 0.00 | F:mu sigma m M 173.0 149.0 37.0 612.0 | H 1.098 | V 0.007 | pL 0.002 | vL 0.000 | delta 0.002
U 90 | F 184320 | FPS 0032 | D 6327 | rR:mu sigma m M 0.00 0.00 0.00 0.00 | F:mu sigma m M 119.4 101.9 33.0 401.0 | H 1.098 | V 0.007 | pL 0.002 | vL 0.000 | delta 0.001
U 91 | F 186368 | FPS 0029 | D 6399 | rR:mu sigma m M 0.05 0.21 0.00 0.86 | F:mu sigma m M 156.2 124.7 28.0 401.0 | H 1.094 | V 0.016 | pL -0.007 | vL 0.001 | delta 0.012
U 92 | F 188416 | FPS 0029 | D 6468 | rR:mu sigma m M 0.10 0.25 0.00 0.86 | F:mu sigma m M 184.1 181.1 16.0 733.0 | H 1.092 | V 0.019 | pL -0.002 | vL 0.001 | delta 0.010
U 93 | F 190464 | FPS 0031 | D 6534 | rR:mu sigma m M 0.04 0.16 0.00 0.67 | F:mu sigma m M 190.3 124.8 16.0 431.0 | H 1.092 | V 0.019 | pL 0.004 | vL 0.001 | delta 0.009
U 94 | F 192512 | FPS 0029 | D 6605 | rR:mu sigma m M 0.05 0.19 0.00 0.78 | F:mu sigma m M 193.5 147.3 12.0 494.0 | H 1.095 | V 0.011 | pL -0.005 | vL 0.001 | delta 0.009
U 95 | F 194560 | FPS 0027 | D 6681 | rR:mu sigma m M 0.00 0.00 0.00 0.00 | F:mu sigma m M 144.4 110.3 30.0 468.0 | H 1.098 | V 0.004 | pL 0.001 | vL 0.000 | delta 0.001
U 96 | F 196608 | FPS 0031 | D 6747 | rR:mu sigma m M 0.05 0.18 0.00 0.76 | F:mu sigma m M 157.4 113.4 28.0 492.0 | H 1.095 | V 0.013 | pL -0.005 | vL 0.000 | delta 0.014
U 97 | F 198656 | FPS 0030 | D 6815 | rR:mu sigma m M 0.07 0.19 0.00 0.76 | F:mu sigma m M 202.8 183.2 23.0 678.0 | H 1.092 | V 0.031 | pL 0.003 | vL 0.001 | delta 0.016
U 98 | F 200704 | FPS 0032 | D 6879 | rR:mu sigma m M 0.11 0.23 0.00 0.74 | F:mu sigma m M 260.2 204.0 46.0 760.0 | H 1.078 | V 0.047 | pL -0.006 | vL 0.002 | delta 0.023
U 99 | F 202752 | FPS 0034 | D 6939 | rR:mu sigma m M 0.10 0.27 0.00 0.88 | F:mu sigma m M 90.1 64.5 22.0 256.0 | H 1.085 | V 0.034 | pL -0.004 | vL 0.002 | delta 0.026
U 100 | F 204800 | FPS 0036 | D 6996 | rR:mu sigma m M 0.06 0.22 0.00 0.92 | F:mu sigma m M 131.8 88.2 22.0 327.0 | H 1.081 | V 0.036 | pL -0.006 | vL 0.002 | delta 0.025
U 101 | F 206848 | FPS 0034 | D 7056 | rR:mu sigma m M 0.06 0.22 0.00 0.92 | F:mu sigma m M 209.7 206.3 21.0 900.0 | H 1.070 | V 0.026 | pL -0.001 | vL 0.001 | delta 0.017
U 102 | F 208896 | FPS 0032 | D 7120 | rR:mu sigma m M 0.04 0.15 0.00 0.64 | F:mu sigma m M 169.4 130.6 30.0 455.0 | H 1.093 | V 0.016 | pL 0.002 | vL 0.001 | delta 0.012
U 103 | F 210944 | FPS 0030 | D 7189 | rR:mu sigma m M 0.00 0.00 0.00 0.00 | F:mu sigma m M 155.9 127.3 13.0 494.0 | H 1.097 | V 0.007 | pL 0.000 | vL 0.000 | delta 0.002
U 104 | F 212992 | FPS 0030 | D 7258 | rR:mu sigma m M 0.10 0.27 0.00 0.80 | F:mu sigma m M 137.9 61.2 60.0 299.0 | H 1.074 | V 0.049 | pL -0.010 | vL 0.004 | delta 0.036
U 105 | F 215040 | FPS 0035 | D 7317 | rR:mu sigma m M 0.15 0.31 0.00 0.86 | F:mu sigma m M 150.1 92.3 43.0 376.0 | H 1.062 | V 0.045 | pL -0.007 | vL 0.004 | delta 0.032
U 106 | F 217088 | FPS 0036 | D 7374 | rR:mu sigma m M 0.06 0.22 0.00 0.90 | F:mu sigma m M 123.4 81.2 27.0 338.0 | H 1.083 | V 0.025 | pL -0.003 | vL 0.001 | delta 0.016
U 107 | F 219136 | FPS 0038 | D 7428 | rR:mu sigma m M 0.09 0.25 0.00 0.83 | F:mu sigma m M 139.6 96.0 29.0 340.0 | H 1.077 | V 0.042 | pL -0.007 | vL 0.003 | delta 0.030
U 108 | F 221184 | FPS 0033 | D 7489 | rR:mu sigma m M 0.13 0.29 0.00 0.93 | F:mu sigma m M 173.0 159.5 31.0 723.0 | H 1.066 | V 0.039 | pL 0.000 | vL 0.004 | delta 0.029
U 109 | F 223232 | FPS 0035 | D 7547 | rR:mu sigma m M 0.15 0.32 0.00 0.93 | F:mu sigma m M 130.6 95.8 21.0 335.0 | H 1.067 | V 0.051 | pL -0.011 | vL 0.002 | delta 0.029
U 110 | F 225280 | FPS 0036 | D 7604 | rR:mu sigma m M 0.11 0.29 0.00 0.90 | F:mu sigma m M 153.5 88.2 17.0 335.0 | H 1.053 | V 0.076 | pL -0.002 | vL 0.004 | delta 0.037
U 111 | F 227328 | FPS 0038 | D 7658 | rR:mu sigma m M 0.31 0.41 0.00 0.94 | F:mu sigma m M 188.9 203.2 58.0 856.0 | H 1.016 | V 0.086 | pL -0.023 | vL 0.011 | delta 0.063
U 112 | F 229376 | FPS 0040 | D 7709 | rR:mu sigma m M 0.41 0.43 0.00 0.94 | F:mu sigma m M 100.3 60.4 29.0 213.0 | H 0.964 | V 0.145 | pL -0.044 | vL 0.009 | delta 0.056
U 113 | F 231424 | FPS 0047 | D 7752 | rR:mu sigma m M 0.61 0.41 0.00 0.96 | F:mu sigma m M 107.8 70.4 35.0 318.0 | H 0.768 | V 0.288 | pL -0.055 | vL 0.011 | delta 0.068
U 114 | F 233472 | FPS 0045 | D 7797 | rR:mu sigma m M 0.82 0.28 0.00 0.96 | F:mu sigma m M 88.7 37.9 39.0 183.0 | H 0.784 | V 0.378 | pL -0.078 | vL 0.010 | delta 0.083
U 115 | F 235520 | FPS 0048 | D 7840 | rR:mu sigma m M 0.72 0.36 0.00 0.97 | F:mu sigma m M 92.2 48.9 17.0 190.0 | H 0.747 | V 0.485 | pL -0.022 | vL 0.008 | delta 0.065
U 116 | F 237568 | FPS 0051 | D 7880 | rR:mu sigma m M 0.69 0.37 0.00 0.96 | F:mu sigma m M 106.8 74.8 20.0 377.0 | H 0.735 | V 0.548 | pL 0.012 | vL 0.012 | delta 0.113
U 117 | F 239616 | FPS 0059 | D 7915 | rR:mu sigma m M 0.87 0.22 0.00 0.97 | F:mu sigma m M 73.0 33.0 33.0 211.0 | H 0.612 | V 0.592 | pL -0.028 | vL 0.010 | delta 0.057
U 118 | F 241664 | FPS 0060 | D 7949 | rR:mu sigma m M 0.80 0.34 0.00 0.98 | F:mu sigma m M 55.0 21.7 25.0 114.0 | H 0.622 | V 0.585 | pL -0.013 | vL 0.014 | delta 0.058
U 119 | F 243712 | FPS 0062 | D 7982 | rR:mu sigma m M 0.92 0.16 0.00 0.97 | F:mu sigma m M 55.4 22.4 29.0 142.0 | H 0.630 | V 0.613 | pL -0.038 | vL 0.008 | delta 0.073
U 120 | F 245760 | FPS 0067 | D 8012 | rR:mu sigma m M 0.92 0.16 0.00 0.97 | F:mu sigma m M 54.7 25.0 27.0 159.0 | H 0.551 | V 0.688 | pL -0.020 | vL 0.009 | delta 0.121
U 121 | F 247808 | FPS 0073 | D 8040 | rR:mu sigma m M 0.96 0.02 0.89 0.97 | F:mu sigma m M 44.2 16.4 27.0 111.0 | H 0.503 | V 0.722 | pL -0.053 | vL 0.003 | delta 0.070
agent reach optimality, start collecting trajectories
agent successfully collected 10 trajectories
pickling optimal trajectories
Model successfully saved
/home/rdali/.local/easybuild/software/2017/Core/miniconda3/4.3.27/envs/observe/lib/python3.6/site-packages/torch/nn/functional.py:1906: UserWarning: reduction: 'mean' divides the total loss by both the batch size and the support size.'batchmean' divides only by the batch size, and aligns with the KL div math definition.'mean' will be changed to behave the same as 'batchmean' in the next major release.
  warnings.warn("reduction: 'mean' divides the total loss by both the batch size and the support size."
