The following modules were not unloaded:
  (Use "module --force purge" to unload all):

  1) StdEnv/2018.3     4) gcccore/.7.3.0      7) intel/2018.3
  2) nixpkgs/16.09     5) icc/.2018.3.222     8) openmpi/3.1.2
  3) imkl/2018.3.222   6) ifort/.2018.3.222

Due to MODULEPATH changes, the following have been reloaded:
  1) openmpi/3.1.2

Attention: While Conda works well in a desktop environment, it tends to create more problems than it solves on a cluster. Instead, we recommend that users use virtual environments and the binary packages that we provide through Python wheels as documented on the Python page.
/home/rdali/RL/watch_and_learn/dependency/rl-starter-files/scripts/train_agent_multidem.py --env MiniGrid-LavaCrossingAddictO12S15-v0 --algo ppo --nameDemonstrator LavaCrossing1215Addict1,LavaCrossing1215Addict2,LavaCrossing1215Addict4,LavaCrossing1215Addict5,LavaCrossing1215Addict7,LavaCrossing1215Addict8,LavaCrossing1215Addict9,LavaCrossing1215Addict10 --flat-model 0 --KLweight 0.1 --useKL 1 --meanReward 0.80 --rewardLB 0.70 --seed 2462

Namespace(KLweight=0.1, algo='ppo', batch_size=256, clip_eps=0.2, discount=0.99, entropy_coef=0.01, env='MiniGrid-LavaCrossingAddictO12S15-v0', epochs=4, flat_model=0, frames=10000000, frames_per_proc=None, full_obs=0, gae_lambda=0.95, log_interval=1, lr=0.0007, max_grad_norm=0.5, meanReward=0.8, mem=False, model=None, nameDemonstrator='LavaCrossing1215Addict1,LavaCrossing1215Addict2,LavaCrossing1215Addict4,LavaCrossing1215Addict5,LavaCrossing1215Addict7,LavaCrossing1215Addict8,LavaCrossing1215Addict9,LavaCrossing1215Addict10', optim_alpha=0.99, optim_eps=1e-05, procs=16, recurrence=1, rewardLB=0.7, save_interval=0, seed=2462, tb=False, text=False, useKL=1, value_loss_coef=0.5)

Flat model successfully created

ACModel(
  (image_conv): Sequential(
    (0): Conv2d(3, 32, kernel_size=(2, 2), stride=(1, 1))
    (1): ReLU()
    (2): MaxPool2d(kernel_size=(2, 2), stride=(2, 2), padding=0, dilation=1, ceil_mode=False)
    (3): Conv2d(32, 64, kernel_size=(2, 2), stride=(1, 1))
    (4): ReLU()
    (5): Conv2d(64, 64, kernel_size=(2, 2), stride=(1, 1))
    (6): ReLU()
  )
  (actor): Sequential(
    (0): Linear(in_features=1600, out_features=64, bias=True)
    (1): Tanh()
    (2): Linear(in_features=64, out_features=3, bias=True)
  )
  (critic): Sequential(
    (0): Linear(in_features=1600, out_features=64, bias=True)
    (1): Tanh()
    (2): Linear(in_features=64, out_features=1, bias=True)
  )
)

CUDA available: False

1
True
0.1
Using TensorFlow backend.
OMP: Info #212: KMP_AFFINITY: decoding x2APIC ids.
OMP: Info #210: KMP_AFFINITY: Affinity capable, using global cpuid leaf 11 info
OMP: Info #154: KMP_AFFINITY: Initial OS proc set respected: 5,7,14,20,22
OMP: Info #156: KMP_AFFINITY: 5 available OS procs
OMP: Info #158: KMP_AFFINITY: Nonuniform topology
OMP: Info #179: KMP_AFFINITY: 2 packages x 3 cores/pkg x 1 threads/core (5 total cores)
OMP: Info #214: KMP_AFFINITY: OS proc to physical thread map:
OMP: Info #171: KMP_AFFINITY: OS proc 14 maps to package 0 core 11 
OMP: Info #171: KMP_AFFINITY: OS proc 20 maps to package 0 core 16 
OMP: Info #171: KMP_AFFINITY: OS proc 22 maps to package 0 core 20 
OMP: Info #171: KMP_AFFINITY: OS proc 5 maps to package 1 core 1 
OMP: Info #171: KMP_AFFINITY: OS proc 7 maps to package 1 core 3 
OMP: Info #250: KMP_AFFINITY: pid 143997 tid 143997 thread 0 bound to OS proc set 14
OMP: Info #250: KMP_AFFINITY: pid 143997 tid 144157 thread 1 bound to OS proc set 5
OMP: Info #250: KMP_AFFINITY: pid 143997 tid 144158 thread 2 bound to OS proc set 20
OMP: Info #250: KMP_AFFINITY: pid 143997 tid 144159 thread 3 bound to OS proc set 7
OMP: Info #250: KMP_AFFINITY: pid 143997 tid 144160 thread 4 bound to OS proc set 22
OMP: Info #250: KMP_AFFINITY: pid 143997 tid 144568 thread 5 bound to OS proc set 14
OMP: Info #250: KMP_AFFINITY: pid 143997 tid 144567 thread 6 bound to OS proc set 5
OMP: Info #250: KMP_AFFINITY: pid 143997 tid 144585 thread 7 bound to OS proc set 20
OMP: Info #250: KMP_AFFINITY: pid 143997 tid 144586 thread 8 bound to OS proc set 7
OMP: Info #250: KMP_AFFINITY: pid 143997 tid 144587 thread 9 bound to OS proc set 22
OMP: Info #250: KMP_AFFINITY: pid 143997 tid 144588 thread 10 bound to OS proc set 14
OMP: Info #250: KMP_AFFINITY: pid 143997 tid 144607 thread 11 bound to OS proc set 5
OMP: Info #250: KMP_AFFINITY: pid 143997 tid 144608 thread 12 bound to OS proc set 20
OMP: Info #250: KMP_AFFINITY: pid 143997 tid 144611 thread 15 bound to OS proc set 14
OMP: Info #250: KMP_AFFINITY: pid 143997 tid 144609 thread 13 bound to OS proc set 7
OMP: Info #250: KMP_AFFINITY: pid 143997 tid 144610 thread 14 bound to OS proc set 22
U 1 | F 002048 | FPS 0021 | D 98 | rR:mu sigma m M 0.00 0.00 0.00 0.00 | F:mu sigma m M 18.4 40.8 0.0 128.0 | H 1.093 | V 0.188 | pL 0.041 | vL 0.001 | delta 0.111
U 2 | F 004096 | FPS 0025 | D 180 | rR:mu sigma m M 0.00 0.00 0.00 0.00 | F:mu sigma m M 136.8 67.1 26.0 252.0 | H 1.089 | V 0.132 | pL 0.038 | vL 0.001 | delta 0.020
U 3 | F 006144 | FPS 0024 | D 266 | rR:mu sigma m M 0.00 0.00 0.00 0.00 | F:mu sigma m M 171.2 86.4 37.0 317.0 | H 1.090 | V 0.102 | pL 0.031 | vL 0.000 | delta 0.021
U 4 | F 008192 | FPS 0025 | D 346 | rR:mu sigma m M 0.00 0.00 0.00 0.00 | F:mu sigma m M 160.1 84.1 37.0 317.0 | H 1.097 | V 0.083 | pL 0.020 | vL 0.000 | delta 0.011
U 5 | F 010240 | FPS 0027 | D 422 | rR:mu sigma m M 0.00 0.00 0.00 0.00 | F:mu sigma m M 175.9 104.2 27.0 387.0 | H 1.097 | V 0.064 | pL 0.021 | vL 0.000 | delta 0.009
U 6 | F 012288 | FPS 0025 | D 505 | rR:mu sigma m M 0.00 0.00 0.00 0.00 | F:mu sigma m M 196.3 179.7 27.0 654.0 | H 1.095 | V 0.050 | pL 0.015 | vL 0.000 | delta 0.006
U 7 | F 014336 | FPS 0021 | D 602 | rR:mu sigma m M 0.00 0.00 0.00 0.00 | F:mu sigma m M 197.1 211.4 26.0 721.0 | H 1.095 | V 0.034 | pL 0.011 | vL 0.000 | delta 0.005
U 8 | F 016384 | FPS 0025 | D 685 | rR:mu sigma m M 0.00 0.00 0.00 0.00 | F:mu sigma m M 193.3 177.7 38.0 721.0 | H 1.098 | V 0.027 | pL 0.008 | vL 0.000 | delta 0.004
U 9 | F 018432 | FPS 0025 | D 766 | rR:mu sigma m M 0.00 0.00 0.00 0.00 | F:mu sigma m M 163.1 112.6 14.0 409.0 | H 1.098 | V 0.023 | pL 0.006 | vL 0.000 | delta 0.004
U 10 | F 020480 | FPS 0025 | D 849 | rR:mu sigma m M 0.00 0.00 0.00 0.00 | F:mu sigma m M 235.8 218.4 14.0 900.0 | H 1.098 | V 0.018 | pL 0.006 | vL 0.000 | delta 0.003
U 11 | F 022528 | FPS 0023 | D 936 | rR:mu sigma m M 0.00 0.00 0.00 0.00 | F:mu sigma m M 184.4 157.5 11.0 544.0 | H 1.098 | V 0.013 | pL 0.004 | vL 0.000 | delta 0.003
U 12 | F 024576 | FPS 0027 | D 1013 | rR:mu sigma m M 0.00 0.00 0.00 0.00 | F:mu sigma m M 212.5 156.6 11.0 544.0 | H 1.098 | V 0.012 | pL 0.003 | vL 0.000 | delta 0.001
U 13 | F 026624 | FPS 0025 | D 1096 | rR:mu sigma m M 0.06 0.22 0.00 0.90 | F:mu sigma m M 222.8 130.0 17.0 518.0 | H 1.091 | V 0.016 | pL -0.005 | vL 0.003 | delta 0.016
U 14 | F 028672 | FPS 0030 | D 1164 | rR:mu sigma m M 0.06 0.22 0.00 0.90 | F:mu sigma m M 199.1 94.4 53.0 427.0 | H 1.098 | V 0.019 | pL 0.005 | vL 0.000 | delta 0.004
U 15 | F 030720 | FPS 0025 | D 1245 | rR:mu sigma m M 0.00 0.00 0.00 0.00 | F:mu sigma m M 176.2 136.9 36.0 565.0 | H 1.098 | V 0.015 | pL 0.003 | vL 0.000 | delta 0.002
U 16 | F 032768 | FPS 0029 | D 1315 | rR:mu sigma m M 0.04 0.14 0.00 0.59 | F:mu sigma m M 231.9 141.6 36.0 512.0 | H 1.096 | V 0.017 | pL -0.002 | vL 0.001 | delta 0.012
U 17 | F 034816 | FPS 0025 | D 1397 | rR:mu sigma m M 0.04 0.14 0.00 0.59 | F:mu sigma m M 194.3 151.7 22.0 515.0 | H 1.098 | V 0.007 | pL 0.002 | vL 0.000 | delta 0.002
U 18 | F 036864 | FPS 0026 | D 1476 | rR:mu sigma m M 0.00 0.00 0.00 0.00 | F:mu sigma m M 202.8 176.3 22.0 637.0 | H 1.098 | V 0.007 | pL 0.001 | vL 0.000 | delta 0.001
U 19 | F 038912 | FPS 0026 | D 1555 | rR:mu sigma m M 0.00 0.00 0.00 0.00 | F:mu sigma m M 201.1 153.4 41.0 567.0 | H 1.094 | V 0.010 | pL 0.003 | vL 0.000 | delta 0.007
U 20 | F 040960 | FPS 0026 | D 1634 | rR:mu sigma m M 0.04 0.14 0.00 0.59 | F:mu sigma m M 186.6 150.1 40.0 567.0 | H 1.096 | V 0.005 | pL -0.002 | vL 0.000 | delta 0.007
U 21 | F 043008 | FPS 0027 | D 1709 | rR:mu sigma m M 0.00 0.00 0.00 0.00 | F:mu sigma m M 158.6 115.6 43.0 548.0 | H 1.098 | V 0.004 | pL 0.001 | vL 0.000 | delta 0.003
U 22 | F 045056 | FPS 0028 | D 1782 | rR:mu sigma m M 0.04 0.15 0.00 0.64 | F:mu sigma m M 149.6 126.8 23.0 366.0 | H 1.096 | V 0.009 | pL -0.005 | vL 0.001 | delta 0.025
U 23 | F 047104 | FPS 0030 | D 1851 | rR:mu sigma m M 0.04 0.15 0.00 0.64 | F:mu sigma m M 142.2 104.4 29.0 360.0 | H 1.098 | V -0.006 | pL -0.001 | vL 0.000 | delta 0.002
U 24 | F 049152 | FPS 0029 | D 1922 | rR:mu sigma m M 0.00 0.00 0.00 0.00 | F:mu sigma m M 136.9 56.1 67.0 274.0 | H 1.098 | V -0.003 | pL -0.001 | vL 0.000 | delta 0.001
U 25 | F 051200 | FPS 0029 | D 1992 | rR:mu sigma m M 0.00 0.00 0.00 0.00 | F:mu sigma m M 196.9 105.5 44.0 484.0 | H 1.098 | V -0.003 | pL -0.001 | vL 0.000 | delta 0.001
U 26 | F 053248 | FPS 0024 | D 2078 | rR:mu sigma m M 0.00 0.00 0.00 0.00 | F:mu sigma m M 239.5 215.5 44.0 814.0 | H 1.098 | V -0.002 | pL -0.001 | vL 0.000 | delta 0.000
U 27 | F 055296 | FPS 0026 | D 2158 | rR:mu sigma m M 0.00 0.00 0.00 0.00 | F:mu sigma m M 150.1 120.9 16.0 403.0 | H 1.099 | V 0.001 | pL -0.000 | vL 0.000 | delta 0.002
U 28 | F 057344 | FPS 0028 | D 2230 | rR:mu sigma m M 0.00 0.00 0.00 0.00 | F:mu sigma m M 155.5 212.9 22.0 838.0 | H 1.099 | V 0.001 | pL 0.000 | vL 0.000 | delta 0.001
U 29 | F 059392 | FPS 0026 | D 2310 | rR:mu sigma m M 0.00 0.00 0.00 0.00 | F:mu sigma m M 204.9 238.0 28.0 838.0 | H 1.099 | V 0.001 | pL 0.000 | vL 0.000 | delta 0.000
U 30 | F 061440 | FPS 0024 | D 2396 | rR:mu sigma m M 0.00 0.00 0.00 0.00 | F:mu sigma m M 195.0 170.1 28.0 597.0 | H 1.099 | V 0.001 | pL 0.001 | vL 0.000 | delta 0.000
U 31 | F 063488 | FPS 0027 | D 2472 | rR:mu sigma m M 0.00 0.00 0.00 0.00 | F:mu sigma m M 191.1 156.6 9.0 598.0 | H 1.099 | V 0.001 | pL 0.000 | vL 0.000 | delta 0.000
U 32 | F 065536 | FPS 0025 | D 2553 | rR:mu sigma m M 0.00 0.00 0.00 0.00 | F:mu sigma m M 131.9 98.8 9.0 309.0 | H 1.099 | V 0.001 | pL -0.000 | vL 0.000 | delta 0.000
U 33 | F 067584 | FPS 0028 | D 2625 | rR:mu sigma m M 0.03 0.13 0.00 0.56 | F:mu sigma m M 231.1 180.8 37.0 574.0 | H 1.098 | V 0.003 | pL -0.003 | vL 0.000 | delta 0.005
U 34 | F 069632 | FPS 0033 | D 2687 | rR:mu sigma m M 0.00 0.00 0.00 0.00 | F:mu sigma m M 155.7 150.4 46.0 692.0 | H 1.099 | V 0.001 | pL -0.000 | vL 0.000 | delta 0.001
U 35 | F 071680 | FPS 0030 | D 2754 | rR:mu sigma m M 0.00 0.00 0.00 0.00 | F:mu sigma m M 135.3 55.8 46.0 247.0 | H 1.099 | V 0.001 | pL 0.000 | vL 0.000 | delta 0.001
U 36 | F 073728 | FPS 0024 | D 2838 | rR:mu sigma m M 0.00 0.00 0.00 0.00 | F:mu sigma m M 166.8 93.2 16.0 402.0 | H 1.099 | V 0.001 | pL 0.000 | vL 0.000 | delta 0.000
U 37 | F 075776 | FPS 0028 | D 2912 | rR:mu sigma m M 0.05 0.20 0.00 0.81 | F:mu sigma m M 180.2 153.6 21.0 534.0 | H 1.098 | V 0.010 | pL -0.006 | vL 0.001 | delta 0.013
U 38 | F 077824 | FPS 0026 | D 2990 | rR:mu sigma m M 0.05 0.20 0.00 0.81 | F:mu sigma m M 175.1 147.7 21.0 534.0 | H 1.098 | V 0.009 | pL 0.002 | vL 0.000 | delta 0.001
U 39 | F 079872 | FPS 0028 | D 3062 | rR:mu sigma m M 0.00 0.00 0.00 0.00 | F:mu sigma m M 170.0 138.3 26.0 500.0 | H 1.098 | V 0.007 | pL 0.002 | vL 0.000 | delta 0.001
U 40 | F 081920 | FPS 0028 | D 3136 | rR:mu sigma m M 0.03 0.15 0.00 0.65 | F:mu sigma m M 172.7 205.9 24.0 794.0 | H 1.098 | V 0.013 | pL -0.003 | vL 0.000 | delta 0.013
U 41 | F 083968 | FPS 0030 | D 3205 | rR:mu sigma m M 0.06 0.18 0.00 0.65 | F:mu sigma m M 171.8 170.2 28.0 631.0 | H 1.098 | V 0.002 | pL -0.002 | vL 0.000 | delta 0.003
U 42 | F 086016 | FPS 0028 | D 3278 | rR:mu sigma m M 0.00 0.00 0.00 0.00 | F:mu sigma m M 142.6 102.6 33.0 363.0 | H 1.099 | V -0.000 | pL -0.001 | vL 0.000 | delta 0.001
U 43 | F 088064 | FPS 0029 | D 3350 | rR:mu sigma m M 0.00 0.00 0.00 0.00 | F:mu sigma m M 150.1 118.5 12.0 445.0 | H 1.099 | V 0.000 | pL 0.000 | vL 0.000 | delta 0.001
U 44 | F 090112 | FPS 0026 | D 3428 | rR:mu sigma m M 0.00 0.00 0.00 0.00 | F:mu sigma m M 187.8 123.2 12.0 445.0 | H 1.095 | V 0.017 | pL 0.001 | vL 0.000 | delta 0.022
U 45 | F 092160 | FPS 0029 | D 3499 | rR:mu sigma m M 0.00 0.00 0.00 0.00 | F:mu sigma m M 134.1 121.7 23.0 477.0 | H 1.098 | V 0.003 | pL -0.000 | vL 0.000 | delta 0.005
U 46 | F 094208 | FPS 0025 | D 3581 | rR:mu sigma m M 0.00 0.00 0.00 0.00 | F:mu sigma m M 184.1 124.6 32.0 477.0 | H 1.098 | V 0.001 | pL 0.001 | vL 0.000 | delta 0.002
U 47 | F 096256 | FPS 0031 | D 3647 | rR:mu sigma m M 0.00 0.00 0.00 0.00 | F:mu sigma m M 195.8 191.8 17.0 900.0 | H 1.099 | V -0.002 | pL -0.001 | vL 0.000 | delta 0.001
U 48 | F 098304 | FPS 0030 | D 3717 | rR:mu sigma m M 0.00 0.00 0.00 0.00 | F:mu sigma m M 240.9 208.3 37.0 900.0 | H 1.099 | V -0.002 | pL -0.000 | vL 0.000 | delta 0.000
U 49 | F 100352 | FPS 0028 | D 3789 | rR:mu sigma m M 0.00 0.00 0.00 0.00 | F:mu sigma m M 126.2 108.5 21.0 398.0 | H 1.099 | V -0.002 | pL -0.001 | vL 0.000 | delta 0.000
U 50 | F 102400 | FPS 0027 | D 3865 | rR:mu sigma m M 0.00 0.00 0.00 0.00 | F:mu sigma m M 120.9 99.1 24.0 398.0 | H 1.099 | V -0.001 | pL -0.000 | vL 0.000 | delta 0.000
U 51 | F 104448 | FPS 0027 | D 3941 | rR:mu sigma m M 0.00 0.00 0.00 0.00 | F:mu sigma m M 146.9 101.5 33.0 432.0 | H 1.099 | V -0.001 | pL -0.000 | vL 0.000 | delta 0.000
U 52 | F 106496 | FPS 0027 | D 4017 | rR:mu sigma m M 0.00 0.00 0.00 0.00 | F:mu sigma m M 221.8 139.0 41.0 432.0 | H 1.098 | V 0.003 | pL -0.000 | vL 0.000 | delta 0.002
U 53 | F 108544 | FPS 0030 | D 4086 | rR:mu sigma m M 0.00 0.00 0.00 0.00 | F:mu sigma m M 231.9 168.2 26.0 646.0 | H 1.098 | V 0.002 | pL -0.001 | vL 0.000 | delta 0.001
U 54 | F 110592 | FPS 0027 | D 4161 | rR:mu sigma m M 0.00 0.00 0.00 0.00 | F:mu sigma m M 195.8 186.1 9.0 686.0 | H 1.098 | V 0.003 | pL 0.001 | vL 0.000 | delta 0.002
U 55 | F 112640 | FPS 0025 | D 4242 | rR:mu sigma m M 0.00 0.00 0.00 0.00 | F:mu sigma m M 101.7 73.4 9.0 304.0 | H 1.099 | V 0.001 | pL 0.000 | vL 0.000 | delta 0.000
U 56 | F 114688 | FPS 0027 | D 4318 | rR:mu sigma m M 0.00 0.00 0.00 0.00 | F:mu sigma m M 150.8 114.3 22.0 422.0 | H 1.099 | V 0.001 | pL 0.000 | vL 0.000 | delta 0.000
U 57 | F 116736 | FPS 0030 | D 4387 | rR:mu sigma m M 0.00 0.00 0.00 0.00 | F:mu sigma m M 153.9 107.3 15.0 383.0 | H 1.099 | V 0.001 | pL 0.000 | vL 0.000 | delta 0.000
U 58 | F 118784 | FPS 0027 | D 4462 | rR:mu sigma m M 0.00 0.00 0.00 0.00 | F:mu sigma m M 168.8 140.1 15.0 481.0 | H 1.099 | V 0.001 | pL 0.000 | vL 0.000 | delta 0.000
U 59 | F 120832 | FPS 0026 | D 4540 | rR:mu sigma m M 0.00 0.00 0.00 0.00 | F:mu sigma m M 195.6 140.4 31.0 481.0 | H 1.099 | V 0.001 | pL 0.000 | vL 0.000 | delta 0.000
U 60 | F 122880 | FPS 0027 | D 4615 | rR:mu sigma m M 0.00 0.00 0.00 0.00 | F:mu sigma m M 200.8 139.0 17.0 470.0 | H 1.098 | V 0.001 | pL 0.000 | vL 0.000 | delta 0.001
U 61 | F 124928 | FPS 0031 | D 4682 | rR:mu sigma m M 0.00 0.00 0.00 0.00 | F:mu sigma m M 182.9 128.9 21.0 470.0 | H 1.098 | V 0.001 | pL 0.000 | vL 0.000 | delta 0.001
U 62 | F 126976 | FPS 0029 | D 4753 | rR:mu sigma m M 0.04 0.17 0.00 0.71 | F:mu sigma m M 179.9 120.2 21.0 448.0 | H 1.093 | V 0.008 | pL -0.005 | vL 0.001 | delta 0.024
U 63 | F 129024 | FPS 0032 | D 4818 | rR:mu sigma m M 0.05 0.19 0.00 0.79 | F:mu sigma m M 118.4 71.9 24.0 278.0 | H 1.097 | V 0.014 | pL -0.007 | vL 0.001 | delta 0.027
U 64 | F 131072 | FPS 0030 | D 4887 | rR:mu sigma m M 0.05 0.19 0.00 0.79 | F:mu sigma m M 233.2 220.8 24.0 770.0 | H 1.098 | V -0.011 | pL -0.001 | vL 0.000 | delta 0.003
U 65 | F 133120 | FPS 0031 | D 4952 | rR:mu sigma m M 0.00 0.00 0.00 0.00 | F:mu sigma m M 252.0 209.4 31.0 770.0 | H 1.098 | V -0.010 | pL -0.002 | vL 0.000 | delta 0.001
U 66 | F 135168 | FPS 0027 | D 5029 | rR:mu sigma m M 0.00 0.00 0.00 0.00 | F:mu sigma m M 154.6 121.5 31.0 452.0 | H 1.099 | V -0.008 | pL -0.003 | vL 0.000 | delta 0.001
U 67 | F 137216 | FPS 0029 | D 5099 | rR:mu sigma m M 0.00 0.00 0.00 0.00 | F:mu sigma m M 176.3 163.8 27.0 573.0 | H 1.098 | V -0.006 | pL -0.002 | vL 0.000 | delta 0.001
U 68 | F 139264 | FPS 0029 | D 5170 | rR:mu sigma m M 0.00 0.00 0.00 0.00 | F:mu sigma m M 149.6 82.8 54.0 352.0 | H 1.098 | V -0.004 | pL -0.001 | vL 0.000 | delta 0.000
U 69 | F 141312 | FPS 0032 | D 5234 | rR:mu sigma m M 0.00 0.00 0.00 0.00 | F:mu sigma m M 110.4 80.0 35.0 309.0 | H 1.099 | V -0.003 | pL -0.001 | vL 0.000 | delta 0.001
U 70 | F 143360 | FPS 0027 | D 5310 | rR:mu sigma m M 0.00 0.00 0.00 0.00 | F:mu sigma m M 158.5 99.2 35.0 392.0 | H 1.099 | V -0.002 | pL -0.001 | vL 0.000 | delta 0.000
U 71 | F 145408 | FPS 0027 | D 5385 | rR:mu sigma m M 0.03 0.11 0.00 0.49 | F:mu sigma m M 186.2 159.9 19.0 529.0 | H 1.098 | V 0.005 | pL -0.004 | vL 0.000 | delta 0.010
U 72 | F 147456 | FPS 0031 | D 5450 | rR:mu sigma m M 0.03 0.12 0.00 0.49 | F:mu sigma m M 175.2 114.4 26.0 514.0 | H 1.098 | V -0.003 | pL -0.001 | vL 0.000 | delta 0.003
U 73 | F 149504 | FPS 0029 | D 5520 | rR:mu sigma m M 0.00 0.00 0.00 0.00 | F:mu sigma m M 141.0 128.3 16.0 474.0 | H 1.098 | V -0.002 | pL -0.001 | vL 0.000 | delta 0.002
U 74 | F 151552 | FPS 0025 | D 5602 | rR:mu sigma m M 0.00 0.00 0.00 0.00 | F:mu sigma m M 186.9 128.1 20.0 474.0 | H 1.099 | V -0.001 | pL -0.001 | vL 0.000 | delta 0.001
U 75 | F 153600 | FPS 0032 | D 5667 | rR:mu sigma m M 0.00 0.00 0.00 0.00 | F:mu sigma m M 160.9 104.4 20.0 357.0 | H 1.097 | V -0.001 | pL 0.000 | vL 0.000 | delta 0.006
U 76 | F 155648 | FPS 0026 | D 5745 | rR:mu sigma m M 0.00 0.00 0.00 0.00 | F:mu sigma m M 172.6 127.7 37.0 519.0 | H 1.096 | V 0.002 | pL 0.000 | vL 0.000 | delta 0.004
U 77 | F 157696 | FPS 0025 | D 5828 | rR:mu sigma m M 0.00 0.00 0.00 0.00 | F:mu sigma m M 219.7 169.5 51.0 567.0 | H 1.098 | V 0.004 | pL 0.001 | vL 0.000 | delta 0.002
U 78 | F 159744 | FPS 0027 | D 5904 | rR:mu sigma m M 0.00 0.00 0.00 0.00 | F:mu sigma m M 174.1 175.1 28.0 697.0 | H 1.099 | V 0.001 | pL 0.001 | vL 0.000 | delta 0.000
U 79 | F 161792 | FPS 0029 | D 5975 | rR:mu sigma m M 0.00 0.00 0.00 0.00 | F:mu sigma m M 121.0 104.3 28.0 477.0 | H 1.099 | V 0.001 | pL 0.000 | vL 0.000 | delta 0.000
U 80 | F 163840 | FPS 0027 | D 6052 | rR:mu sigma m M 0.00 0.00 0.00 0.00 | F:mu sigma m M 147.7 124.8 42.0 477.0 | H 1.099 | V 0.001 | pL 0.000 | vL 0.000 | delta 0.000
U 81 | F 165888 | FPS 0032 | D 6116 | rR:mu sigma m M 0.00 0.00 0.00 0.00 | F:mu sigma m M 182.4 138.1 42.0 476.0 | H 1.099 | V 0.001 | pL 0.000 | vL 0.000 | delta 0.000
U 82 | F 167936 | FPS 0029 | D 6186 | rR:mu sigma m M 0.00 0.00 0.00 0.00 | F:mu sigma m M 208.8 188.4 14.0 757.0 | H 1.099 | V 0.001 | pL 0.000 | vL 0.000 | delta 0.000
U 83 | F 169984 | FPS 0026 | D 6265 | rR:mu sigma m M 0.00 0.00 0.00 0.00 | F:mu sigma m M 218.6 218.0 14.0 688.0 | H 1.099 | V 0.001 | pL 0.000 | vL 0.000 | delta 0.000
U 84 | F 172032 | FPS 0030 | D 6333 | rR:mu sigma m M 0.00 0.00 0.00 0.00 | F:mu sigma m M 216.5 174.9 37.0 635.0 | H 1.099 | V 0.001 | pL 0.000 | vL 0.000 | delta 0.000
U 85 | F 174080 | FPS 0028 | D 6407 | rR:mu sigma m M 0.00 0.00 0.00 0.00 | F:mu sigma m M 185.6 167.7 50.0 731.0 | H 1.099 | V 0.001 | pL 0.000 | vL 0.000 | delta 0.001
U 86 | F 176128 | FPS 0029 | D 6478 | rR:mu sigma m M 0.00 0.00 0.00 0.00 | F:mu sigma m M 127.4 94.8 42.0 392.0 | H 1.099 | V 0.001 | pL 0.000 | vL 0.000 | delta 0.000
U 87 | F 178176 | FPS 0026 | D 6556 | rR:mu sigma m M 0.00 0.00 0.00 0.00 | F:mu sigma m M 148.6 106.0 24.0 392.0 | H 1.099 | V 0.001 | pL 0.000 | vL 0.000 | delta 0.000
U 88 | F 180224 | FPS 0027 | D 6633 | rR:mu sigma m M 0.00 0.00 0.00 0.00 | F:mu sigma m M 194.6 211.2 30.0 880.0 | H 1.099 | V 0.001 | pL 0.000 | vL 0.000 | delta 0.000
U 89 | F 182272 | FPS 0027 | D 6708 | rR:mu sigma m M 0.00 0.00 0.00 0.00 | F:mu sigma m M 193.4 213.7 31.0 880.0 | H 1.099 | V 0.000 | pL 0.000 | vL 0.000 | delta 0.000
U 90 | F 184320 | FPS 0027 | D 6785 | rR:mu sigma m M 0.00 0.00 0.00 0.00 | F:mu sigma m M 188.2 116.2 32.0 414.0 | H 1.099 | V 0.001 | pL 0.000 | vL 0.000 | delta 0.000
U 91 | F 186368 | FPS 0029 | D 6856 | rR:mu sigma m M 0.00 0.00 0.00 0.00 | F:mu sigma m M 142.8 101.4 37.0 422.0 | H 1.099 | V 0.000 | pL 0.000 | vL 0.000 | delta 0.000
U 92 | F 188416 | FPS 0025 | D 6937 | rR:mu sigma m M 0.00 0.00 0.00 0.00 | F:mu sigma m M 131.7 67.6 50.0 327.0 | H 1.099 | V 0.000 | pL 0.000 | vL 0.000 | delta 0.000
U 93 | F 190464 | FPS 0027 | D 7012 | rR:mu sigma m M 0.00 0.00 0.00 0.00 | F:mu sigma m M 168.2 98.2 65.0 436.0 | H 1.099 | V 0.000 | pL 0.000 | vL 0.000 | delta 0.000
U 94 | F 192512 | FPS 0026 | D 7091 | rR:mu sigma m M 0.00 0.00 0.00 0.00 | F:mu sigma m M 216.4 168.6 46.0 724.0 | H 1.099 | V 0.000 | pL 0.000 | vL 0.000 | delta 0.000
U 95 | F 194560 | FPS 0027 | D 7167 | rR:mu sigma m M 0.00 0.00 0.00 0.00 | F:mu sigma m M 274.6 211.1 33.0 724.0 | H 1.099 | V 0.000 | pL 0.000 | vL 0.000 | delta 0.000
U 96 | F 196608 | FPS 0026 | D 7245 | rR:mu sigma m M 0.00 0.00 0.00 0.00 | F:mu sigma m M 154.2 174.0 33.0 632.0 | H 1.099 | V 0.000 | pL 0.000 | vL 0.000 | delta 0.000
U 97 | F 198656 | FPS 0028 | D 7317 | rR:mu sigma m M 0.00 0.00 0.00 0.00 | F:mu sigma m M 145.3 78.5 57.0 311.0 | H 1.099 | V -0.000 | pL -0.000 | vL 0.000 | delta 0.000
U 98 | F 200704 | FPS 0025 | D 7398 | rR:mu sigma m M 0.00 0.00 0.00 0.00 | F:mu sigma m M 153.8 85.6 50.0 346.0 | H 1.099 | V 0.000 | pL 0.000 | vL 0.000 | delta 0.000
U 99 | F 202752 | FPS 0026 | D 7477 | rR:mu sigma m M 0.00 0.00 0.00 0.00 | F:mu sigma m M 255.6 222.1 20.0 858.0 | H 1.099 | V -0.000 | pL -0.000 | vL 0.000 | delta 0.000
U 100 | F 204800 | FPS 0031 | D 7543 | rR:mu sigma m M 0.00 0.00 0.00 0.00 | F:mu sigma m M 192.2 140.8 12.0 619.0 | H 1.099 | V -0.000 | pL -0.000 | vL 0.000 | delta 0.000
U 101 | F 206848 | FPS 0028 | D 7616 | rR:mu sigma m M 0.00 0.00 0.00 0.00 | F:mu sigma m M 181.5 82.5 42.0 407.0 | H 1.099 | V 0.000 | pL -0.000 | vL 0.000 | delta 0.000
U 102 | F 208896 | FPS 0030 | D 7685 | rR:mu sigma m M 0.05 0.20 0.00 0.81 | F:mu sigma m M 174.9 121.3 34.0 380.0 | H 1.092 | V 0.006 | pL -0.007 | vL 0.001 | delta 0.015
U 103 | F 210944 | FPS 0025 | D 7766 | rR:mu sigma m M 0.05 0.20 0.00 0.81 | F:mu sigma m M 203.8 125.0 34.0 398.0 | H 1.099 | V -0.004 | pL -0.002 | vL 0.000 | delta 0.005
U 104 | F 212992 | FPS 0034 | D 7826 | rR:mu sigma m M 0.00 0.00 0.00 0.00 | F:mu sigma m M 209.4 103.9 50.0 398.0 | H 1.098 | V -0.000 | pL -0.000 | vL 0.000 | delta 0.002
U 105 | F 215040 | FPS 0031 | D 7893 | rR:mu sigma m M 0.00 0.00 0.00 0.00 | F:mu sigma m M 135.8 117.2 15.0 421.0 | H 1.098 | V 0.001 | pL -0.002 | vL 0.000 | delta 0.003
U 106 | F 217088 | FPS 0025 | D 7974 | rR:mu sigma m M 0.00 0.00 0.00 0.00 | F:mu sigma m M 198.1 175.1 48.0 708.0 | H 1.098 | V 0.003 | pL 0.000 | vL 0.000 | delta 0.003
U 107 | F 219136 | FPS 0026 | D 8054 | rR:mu sigma m M 0.05 0.18 0.00 0.75 | F:mu sigma m M 166.8 123.9 22.0 472.0 | H 1.096 | V 0.007 | pL -0.005 | vL 0.001 | delta 0.012
U 108 | F 221184 | FPS 0036 | D 8111 | rR:mu sigma m M 0.00 0.00 0.00 0.00 | F:mu sigma m M 171.1 148.5 27.0 472.0 | H 1.096 | V 0.003 | pL 0.002 | vL 0.000 | delta 0.003
U 109 | F 223232 | FPS 0030 | D 8180 | rR:mu sigma m M 0.00 0.00 0.00 0.00 | F:mu sigma m M 109.6 76.9 27.0 259.0 | H 1.098 | V -0.001 | pL -0.000 | vL 0.000 | delta 0.001
U 110 | F 225280 | FPS 0027 | D 8257 | rR:mu sigma m M 0.00 0.00 0.00 0.00 | F:mu sigma m M 195.8 148.1 33.0 458.0 | H 1.098 | V 0.001 | pL -0.001 | vL 0.000 | delta 0.001
U 111 | F 227328 | FPS 0029 | D 8328 | rR:mu sigma m M 0.00 0.00 0.00 0.00 | F:mu sigma m M 156.8 113.6 32.0 436.0 | H 1.098 | V 0.000 | pL -0.000 | vL 0.000 | delta 0.002
U 112 | F 229376 | FPS 0030 | D 8396 | rR:mu sigma m M 0.00 0.00 0.00 0.00 | F:mu sigma m M 144.6 73.0 33.0 352.0 | H 1.098 | V 0.003 | pL 0.000 | vL 0.000 | delta 0.003
U 113 | F 231424 | FPS 0025 | D 8477 | rR:mu sigma m M 0.04 0.17 0.00 0.71 | F:mu sigma m M 181.6 167.4 39.0 566.0 | H 1.096 | V 0.007 | pL -0.003 | vL 0.001 | delta 0.018
U 114 | F 233472 | FPS 0030 | D 8547 | rR:mu sigma m M 0.00 0.00 0.00 0.00 | F:mu sigma m M 103.5 77.0 25.0 258.0 | H 1.098 | V 0.003 | pL 0.001 | vL 0.000 | delta 0.002
U 115 | F 235520 | FPS 0029 | D 8617 | rR:mu sigma m M 0.00 0.00 0.00 0.00 | F:mu sigma m M 130.7 86.7 25.0 287.0 | H 1.098 | V 0.004 | pL 0.001 | vL 0.000 | delta 0.001
U 116 | F 237568 | FPS 0030 | D 8686 | rR:mu sigma m M 0.00 0.00 0.00 0.00 | F:mu sigma m M 157.8 97.1 18.0 331.0 | H 1.099 | V 0.002 | pL 0.001 | vL 0.000 | delta 0.000
U 117 | F 239616 | FPS 0029 | D 8756 | rR:mu sigma m M 0.03 0.13 0.00 0.52 | F:mu sigma m M 225.5 244.7 18.0 900.0 | H 1.097 | V 0.011 | pL -0.003 | vL 0.000 | delta 0.009
U 118 | F 241664 | FPS 0027 | D 8831 | rR:mu sigma m M 0.00 0.00 0.00 0.00 | F:mu sigma m M 159.0 133.9 32.0 547.0 | H 1.099 | V 0.003 | pL 0.001 | vL 0.000 | delta 0.003
U 119 | F 243712 | FPS 0028 | D 8905 | rR:mu sigma m M 0.00 0.00 0.00 0.00 | F:mu sigma m M 181.7 106.4 62.0 411.0 | H 1.099 | V 0.004 | pL 0.001 | vL 0.000 | delta 0.001
U 120 | F 245760 | FPS 0027 | D 8979 | rR:mu sigma m M 0.00 0.00 0.00 0.00 | F:mu sigma m M 168.1 91.7 58.0 411.0 | H 1.098 | V 0.004 | pL 0.001 | vL 0.000 | delta 0.002
U 121 | F 247808 | FPS 0026 | D 9057 | rR:mu sigma m M 0.00 0.00 0.00 0.00 | F:mu sigma m M 152.2 85.5 32.0 389.0 | H 1.098 | V 0.003 | pL 0.000 | vL 0.000 | delta 0.000
U 122 | F 249856 | FPS 0029 | D 9128 | rR:mu sigma m M 0.10 0.26 0.00 0.81 | F:mu sigma m M 183.8 112.0 7.0 391.0 | H 1.096 | V 0.014 | pL -0.012 | vL 0.002 | delta 0.017
U 123 | F 251904 | FPS 0028 | D 9200 | rR:mu sigma m M 0.10 0.26 0.00 0.81 | F:mu sigma m M 211.1 174.8 21.0 629.0 | H 1.098 | V 0.004 | pL 0.000 | vL 0.000 | delta 0.003
U 124 | F 253952 | FPS 0025 | D 9282 | rR:mu sigma m M 0.00 0.00 0.00 0.00 | F:mu sigma m M 193.8 176.5 21.0 629.0 | H 1.096 | V 0.003 | pL 0.002 | vL 0.000 | delta 0.003
U 125 | F 256000 | FPS 0028 | D 9355 | rR:mu sigma m M 0.00 0.00 0.00 0.00 | F:mu sigma m M 204.1 167.5 11.0 617.0 | H 1.099 | V 0.002 | pL 0.001 | vL 0.000 | delta 0.001
U 126 | F 258048 | FPS 0029 | D 9424 | rR:mu sigma m M 0.00 0.00 0.00 0.00 | F:mu sigma m M 115.8 64.0 41.0 269.0 | H 1.099 | V 0.001 | pL 0.000 | vL 0.000 | delta 0.000
U 127 | F 260096 | FPS 0027 | D 9499 | rR:mu sigma m M 0.00 0.00 0.00 0.00 | F:mu sigma m M 129.5 97.2 19.0 346.0 | H 1.099 | V 0.001 | pL 0.000 | vL 0.000 | delta 0.000
U 128 | F 262144 | FPS 0027 | D 9576 | rR:mu sigma m M 0.00 0.00 0.00 0.00 | F:mu sigma m M 142.8 71.8 42.0 298.0 | H 1.099 | V 0.001 | pL 0.000 | vL 0.000 | delta 0.000
U 129 | F 264192 | FPS 0028 | D 9648 | rR:mu sigma m M 0.00 0.00 0.00 0.00 | F:mu sigma m M 173.8 114.6 14.0 417.0 | H 1.099 | V 0.000 | pL 0.000 | vL 0.000 | delta 0.000
U 130 | F 266240 | FPS 0029 | D 9719 | rR:mu sigma m M 0.00 0.00 0.00 0.00 | F:mu sigma m M 142.5 108.7 14.0 417.0 | H 1.099 | V 0.000 | pL 0.000 | vL 0.000 | delta 0.000
U 131 | F 268288 | FPS 0031 | D 9786 | rR:mu sigma m M 0.00 0.00 0.00 0.00 | F:mu sigma m M 139.2 77.7 30.0 258.0 | H 1.099 | V 0.001 | pL 0.000 | vL 0.000 | delta 0.000
U 132 | F 270336 | FPS 0028 | D 9859 | rR:mu sigma m M 0.00 0.00 0.00 0.00 | F:mu sigma m M 208.8 158.3 8.0 507.0 | H 1.099 | V 0.001 | pL 0.000 | vL 0.000 | delta 0.001
U 133 | F 272384 | FPS 0028 | D 9932 | rR:mu sigma m M 0.00 0.00 0.00 0.00 | F:mu sigma m M 150.4 106.4 15.0 487.0 | H 1.098 | V 0.002 | pL 0.000 | vL 0.000 | delta 0.001
U 134 | F 274432 | FPS 0028 | D 10004 | rR:mu sigma m M 0.00 0.00 0.00 0.00 | F:mu sigma m M 185.3 157.2 41.0 719.0 | H 1.099 | V 0.001 | pL 0.000 | vL 0.000 | delta 0.000
U 135 | F 276480 | FPS 0026 | D 10082 | rR:mu sigma m M 0.00 0.00 0.00 0.00 | F:mu sigma m M 154.6 89.4 21.0 311.0 | H 1.099 | V 0.000 | pL 0.000 | vL 0.000 | delta 0.000
U 136 | F 278528 | FPS 0028 | D 10155 | rR:mu sigma m M 0.00 0.00 0.00 0.00 | F:mu sigma m M 182.6 117.1 50.0 441.0 | H 1.099 | V 0.000 | pL 0.000 | vL 0.000 | delta 0.000
U 137 | F 280576 | FPS 0030 | D 10224 | rR:mu sigma m M 0.00 0.00 0.00 0.00 | F:mu sigma m M 136.6 109.3 39.0 448.0 | H 1.098 | V 0.001 | pL -0.000 | vL 0.000 | delta 0.001
U 138 | F 282624 | FPS 0027 | D 10299 | rR:mu sigma m M 0.00 0.00 0.00 0.00 | F:mu sigma m M 155.0 107.3 39.0 448.0 | H 1.098 | V 0.001 | pL 0.000 | vL 0.000 | delta 0.001
U 139 | F 284672 | FPS 0025 | D 10381 | rR:mu sigma m M 0.00 0.00 0.00 0.00 | F:mu sigma m M 149.0 96.0 12.0 314.0 | H 1.098 | V 0.001 | pL 0.000 | vL 0.000 | delta 0.001
U 140 | F 286720 | FPS 0028 | D 10454 | rR:mu sigma m M 0.00 0.00 0.00 0.00 | F:mu sigma m M 183.3 210.2 12.0 780.0 | H 1.099 | V -0.000 | pL -0.000 | vL 0.000 | delta 0.000
U 141 | F 288768 | FPS 0028 | D 10528 | rR:mu sigma m M 0.00 0.00 0.00 0.00 | F:mu sigma m M 236.8 251.0 42.0 806.0 | H 1.099 | V -0.000 | pL -0.000 | vL 0.000 | delta 0.000
U 142 | F 290816 | FPS 0026 | D 10605 | rR:mu sigma m M 0.00 0.00 0.00 0.00 | F:mu sigma m M 264.8 159.2 40.0 806.0 | H 1.099 | V -0.000 | pL -0.000 | vL 0.000 | delta 0.000
U 143 | F 292864 | FPS 0028 | D 10678 | rR:mu sigma m M 0.00 0.00 0.00 0.00 | F:mu sigma m M 134.6 92.9 38.0 393.0 | H 1.099 | V -0.000 | pL -0.000 | vL 0.000 | delta 0.000
U 144 | F 294912 | FPS 0025 | D 10760 | rR:mu sigma m M 0.04 0.15 0.00 0.60 | F:mu sigma m M 177.5 110.5 38.0 398.0 | H 1.098 | V 0.003 | pL -0.004 | vL 0.000 | delta 0.006
U 145 | F 296960 | FPS 0028 | D 10833 | rR:mu sigma m M 0.00 0.00 0.00 0.00 | F:mu sigma m M 140.2 110.1 19.0 369.0 | H 1.098 | V 0.000 | pL 0.000 | vL 0.000 | delta 0.002
U 146 | F 299008 | FPS 0027 | D 10908 | rR:mu sigma m M 0.00 0.00 0.00 0.00 | F:mu sigma m M 137.4 113.2 32.0 410.0 | H 1.099 | V 0.001 | pL 0.000 | vL 0.000 | delta 0.000
U 147 | F 301056 | FPS 0027 | D 10985 | rR:mu sigma m M 0.00 0.00 0.00 0.00 | F:mu sigma m M 202.1 142.5 37.0 566.0 | H 1.099 | V 0.001 | pL 0.000 | vL 0.000 | delta 0.000
U 148 | F 303104 | FPS 0029 | D 11055 | rR:mu sigma m M 0.00 0.00 0.00 0.00 | F:mu sigma m M 203.6 136.6 15.0 566.0 | H 1.098 | V 0.001 | pL 0.000 | vL 0.000 | delta 0.001
U 149 | F 305152 | FPS 0030 | D 11123 | rR:mu sigma m M 0.00 0.00 0.00 0.00 | F:mu sigma m M 195.4 168.4 64.0 759.0 | H 1.099 | V 0.000 | pL 0.000 | vL 0.000 | delta 0.000
U 150 | F 307200 | FPS 0027 | D 11198 | rR:mu sigma m M 0.00 0.00 0.00 0.00 | F:mu sigma m M 116.6 75.6 33.0 259.0 | H 1.099 | V 0.001 | pL 0.000 | vL 0.000 | delta 0.000
U 151 | F 309248 | FPS 0027 | D 11273 | rR:mu sigma m M 0.00 0.00 0.00 0.00 | F:mu sigma m M 103.6 58.4 33.0 229.0 | H 1.099 | V 0.001 | pL 0.000 | vL 0.000 | delta 0.000
U 152 | F 311296 | FPS 0022 | D 11366 | rR:mu sigma m M 0.03 0.11 0.00 0.44 | F:mu sigma m M 185.2 146.2 25.0 556.0 | H 1.095 | V 0.007 | pL -0.003 | vL 0.000 | delta 0.004
U 153 | F 313344 | FPS 0031 | D 11432 | rR:mu sigma m M 0.03 0.11 0.00 0.44 | F:mu sigma m M 223.0 214.2 20.0 900.0 | H 1.098 | V -0.002 | pL -0.001 | vL 0.000 | delta 0.001
U 154 | F 315392 | FPS 0029 | D 11503 | rR:mu sigma m M 0.00 0.00 0.00 0.00 | F:mu sigma m M 148.4 79.8 23.0 275.0 | H 1.098 | V -0.001 | pL -0.000 | vL 0.000 | delta 0.001
U 155 | F 317440 | FPS 0027 | D 11578 | rR:mu sigma m M 0.00 0.00 0.00 0.00 | F:mu sigma m M 167.6 100.6 48.0 441.0 | H 1.098 | V 0.001 | pL -0.000 | vL 0.000 | delta 0.001
U 156 | F 319488 | FPS 0027 | D 11654 | rR:mu sigma m M 0.00 0.00 0.00 0.00 | F:mu sigma m M 180.6 120.7 23.0 441.0 | H 1.099 | V -0.000 | pL -0.000 | vL 0.000 | delta 0.000
U 157 | F 321536 | FPS 0030 | D 11723 | rR:mu sigma m M 0.00 0.00 0.00 0.00 | F:mu sigma m M 156.6 117.2 22.0 436.0 | H 1.099 | V -0.000 | pL -0.000 | vL 0.000 | delta 0.000
U 158 | F 323584 | FPS 0029 | D 11795 | rR:mu sigma m M 0.00 0.00 0.00 0.00 | F:mu sigma m M 129.2 117.4 23.0 458.0 | H 1.098 | V 0.001 | pL -0.000 | vL 0.000 | delta 0.001
U 159 | F 325632 | FPS 0031 | D 11860 | rR:mu sigma m M 0.00 0.00 0.00 0.00 | F:mu sigma m M 134.4 87.2 22.0 337.0 | H 1.098 | V 0.002 | pL 0.001 | vL 0.000 | delta 0.001
U 160 | F 327680 | FPS 0031 | D 11927 | rR:mu sigma m M 0.02 0.07 0.00 0.28 | F:mu sigma m M 227.1 222.1 34.0 722.0 | H 1.098 | V 0.004 | pL -0.002 | vL 0.000 | delta 0.002
U 161 | F 329728 | FPS 0029 | D 11997 | rR:mu sigma m M 0.02 0.07 0.00 0.28 | F:mu sigma m M 232.7 223.8 34.0 722.0 | H 1.099 | V 0.001 | pL 0.000 | vL 0.000 | delta 0.000
U 162 | F 331776 | FPS 0029 | D 12069 | rR:mu sigma m M 0.00 0.00 0.00 0.00 | F:mu sigma m M 200.4 130.9 30.0 499.0 | H 1.099 | V 0.001 | pL 0.000 | vL 0.000 | delta 0.000
U 163 | F 333824 | FPS 0027 | D 12146 | rR:mu sigma m M 0.04 0.15 0.00 0.69 | F:mu sigma m M 120.6 104.2 9.0 366.0 | H 1.092 | V 0.004 | pL -0.006 | vL 0.001 | delta 0.011
U 164 | F 335872 | FPS 0028 | D 12218 | rR:mu sigma m M 0.09 0.25 0.00 0.80 | F:mu sigma m M 131.0 89.6 24.0 329.0 | H 1.097 | V 0.013 | pL -0.003 | vL 0.000 | delta 0.014
U 165 | F 337920 | FPS 0028 | D 12290 | rR:mu sigma m M 0.00 0.00 0.00 0.00 | F:mu sigma m M 146.1 88.4 32.0 315.0 | H 1.098 | V 0.002 | pL 0.001 | vL 0.000 | delta 0.002
U 166 | F 339968 | FPS 0025 | D 12371 | rR:mu sigma m M 0.00 0.00 0.00 0.00 | F:mu sigma m M 209.8 197.4 44.0 900.0 | H 1.098 | V 0.000 | pL -0.000 | vL 0.000 | delta 0.001
U 167 | F 342016 | FPS 0025 | D 12452 | rR:mu sigma m M 0.00 0.00 0.00 0.00 | F:mu sigma m M 217.4 208.7 52.0 900.0 | H 1.099 | V 0.000 | pL 0.000 | vL 0.000 | delta 0.000
U 168 | F 344064 | FPS 0028 | D 12525 | rR:mu sigma m M 0.00 0.00 0.00 0.00 | F:mu sigma m M 196.3 141.9 33.0 557.0 | H 1.095 | V 0.012 | pL 0.001 | vL 0.001 | delta 0.009
U 169 | F 346112 | FPS 0029 | D 12597 | rR:mu sigma m M 0.00 0.00 0.00 0.00 | F:mu sigma m M 197.2 159.8 47.0 600.0 | H 1.095 | V 0.003 | pL -0.000 | vL 0.000 | delta 0.005
U 170 | F 348160 | FPS 0026 | D 12675 | rR:mu sigma m M 0.00 0.00 0.00 0.00 | F:mu sigma m M 196.0 107.8 25.0 389.0 | H 1.098 | V 0.004 | pL -0.001 | vL 0.000 | delta 0.002
U 171 | F 350208 | FPS 0028 | D 12747 | rR:mu sigma m M 0.05 0.21 0.00 0.88 | F:mu sigma m M 166.0 136.5 16.0 498.0 | H 1.093 | V 0.010 | pL -0.004 | vL 0.001 | delta 0.013
U 172 | F 352256 | FPS 0028 | D 12822 | rR:mu sigma m M 0.00 0.00 0.00 0.00 | F:mu sigma m M 180.2 122.9 30.0 498.0 | H 1.098 | V 0.003 | pL 0.001 | vL 0.000 | delta 0.002
U 173 | F 354304 | FPS 0028 | D 12895 | rR:mu sigma m M 0.05 0.18 0.00 0.73 | F:mu sigma m M 195.3 108.7 30.0 371.0 | H 1.092 | V 0.022 | pL -0.003 | vL 0.001 | delta 0.015
U 174 | F 356352 | FPS 0030 | D 12962 | rR:mu sigma m M 0.04 0.19 0.00 0.86 | F:mu sigma m M 132.5 92.5 41.0 402.0 | H 1.093 | V 0.022 | pL -0.009 | vL 0.002 | delta 0.014
U 175 | F 358400 | FPS 0027 | D 13039 | rR:mu sigma m M 0.05 0.21 0.00 0.86 | F:mu sigma m M 112.8 62.5 41.0 318.0 | H 1.093 | V 0.004 | pL 0.002 | vL 0.000 | delta 0.008
U 176 | F 360448 | FPS 0031 | D 13106 | rR:mu sigma m M 0.00 0.00 0.00 0.00 | F:mu sigma m M 147.1 80.8 32.0 318.0 | H 1.091 | V 0.003 | pL -0.001 | vL 0.000 | delta 0.006
U 177 | F 362496 | FPS 0029 | D 13175 | rR:mu sigma m M 0.06 0.22 0.00 0.90 | F:mu sigma m M 185.1 142.2 17.0 654.0 | H 1.086 | V 0.008 | pL -0.007 | vL 0.002 | delta 0.011
U 178 | F 364544 | FPS 0029 | D 13247 | rR:mu sigma m M 0.00 0.00 0.00 0.00 | F:mu sigma m M 124.8 93.4 17.0 283.0 | H 1.098 | V 0.003 | pL -0.000 | vL 0.000 | delta 0.003
U 179 | F 366592 | FPS 0029 | D 13318 | rR:mu sigma m M 0.00 0.00 0.00 0.00 | F:mu sigma m M 192.8 146.8 30.0 632.0 | H 1.094 | V 0.005 | pL 0.001 | vL 0.000 | delta 0.004
U 180 | F 368640 | FPS 0033 | D 13381 | rR:mu sigma m M 0.00 0.00 0.00 0.00 | F:mu sigma m M 193.1 139.4 26.0 632.0 | H 1.098 | V -0.001 | pL -0.000 | vL 0.000 | delta 0.002
U 181 | F 370688 | FPS 0026 | D 13458 | rR:mu sigma m M 0.00 0.00 0.00 0.00 | F:mu sigma m M 112.1 93.1 27.0 338.0 | H 1.098 | V -0.001 | pL -0.000 | vL 0.000 | delta 0.000
U 182 | F 372736 | FPS 0028 | D 13530 | rR:mu sigma m M 0.00 0.00 0.00 0.00 | F:mu sigma m M 152.9 104.6 38.0 345.0 | H 1.098 | V -0.000 | pL -0.000 | vL 0.000 | delta 0.001
U 183 | F 374784 | FPS 0030 | D 13598 | rR:mu sigma m M 0.00 0.00 0.00 0.00 | F:mu sigma m M 171.9 169.0 21.0 721.0 | H 1.098 | V 0.000 | pL 0.000 | vL 0.000 | delta 0.001
U 184 | F 376832 | FPS 0031 | D 13663 | rR:mu sigma m M 0.00 0.00 0.00 0.00 | F:mu sigma m M 173.6 122.3 16.0 449.0 | H 1.098 | V 0.001 | pL 0.000 | vL 0.000 | delta 0.001
U 185 | F 378880 | FPS 0030 | D 13732 | rR:mu sigma m M 0.00 0.00 0.00 0.00 | F:mu sigma m M 185.4 124.8 40.0 464.0 | H 1.098 | V 0.001 | pL 0.000 | vL 0.000 | delta 0.001
U 186 | F 380928 | FPS 0030 | D 13800 | rR:mu sigma m M 0.00 0.00 0.00 0.00 | F:mu sigma m M 162.1 116.1 31.0 464.0 | H 1.099 | V 0.000 | pL 0.000 | vL 0.000 | delta 0.000
U 187 | F 382976 | FPS 0027 | D 13874 | rR:mu sigma m M 0.00 0.00 0.00 0.00 | F:mu sigma m M 155.2 95.9 24.0 377.0 | H 1.098 | V 0.001 | pL 0.000 | vL 0.000 | delta 0.001
U 188 | F 385024 | FPS 0027 | D 13949 | rR:mu sigma m M 0.00 0.00 0.00 0.00 | F:mu sigma m M 132.8 115.5 20.0 488.0 | H 1.098 | V 0.000 | pL -0.000 | vL 0.000 | delta 0.000
U 189 | F 387072 | FPS 0031 | D 14016 | rR:mu sigma m M 0.00 0.00 0.00 0.00 | F:mu sigma m M 156.6 119.7 47.0 513.0 | H 1.098 | V 0.001 | pL 0.000 | vL 0.000 | delta 0.000
U 190 | F 389120 | FPS 0024 | D 14099 | rR:mu sigma m M 0.00 0.00 0.00 0.00 | F:mu sigma m M 108.1 81.8 19.0 315.0 | H 1.099 | V 0.000 | pL 0.000 | vL 0.000 | delta 0.000
U 191 | F 391168 | FPS 0027 | D 14175 | rR:mu sigma m M 0.00 0.00 0.00 0.00 | F:mu sigma m M 147.8 120.7 21.0 399.0 | H 1.099 | V 0.000 | pL 0.000 | vL 0.000 | delta 0.000
U 192 | F 393216 | FPS 0027 | D 14251 | rR:mu sigma m M 0.04 0.16 0.00 0.65 | F:mu sigma m M 159.2 132.3 33.0 406.0 | H 1.097 | V 0.006 | pL -0.005 | vL 0.001 | delta 0.018
U 193 | F 395264 | FPS 0024 | D 14338 | rR:mu sigma m M 0.00 0.00 0.00 0.00 | F:mu sigma m M 176.8 137.2 29.0 410.0 | H 1.097 | V 0.000 | pL 0.001 | vL 0.000 | delta 0.004
U 194 | F 397312 | FPS 0028 | D 14412 | rR:mu sigma m M 0.00 0.00 0.00 0.00 | F:mu sigma m M 176.9 187.0 11.0 682.0 | H 1.098 | V 0.002 | pL 0.001 | vL 0.000 | delta 0.001
U 195 | F 399360 | FPS 0030 | D 14481 | rR:mu sigma m M 0.00 0.00 0.00 0.00 | F:mu sigma m M 167.5 133.9 31.0 548.0 | H 1.098 | V 0.001 | pL 0.000 | vL 0.000 | delta 0.001
U 196 | F 401408 | FPS 0030 | D 14550 | rR:mu sigma m M 0.00 0.00 0.00 0.00 | F:mu sigma m M 177.9 159.0 31.0 574.0 | H 1.098 | V 0.003 | pL 0.001 | vL 0.000 | delta 0.001
U 197 | F 403456 | FPS 0027 | D 14627 | rR:mu sigma m M 0.00 0.00 0.00 0.00 | F:mu sigma m M 195.5 115.0 25.0 393.0 | H 1.098 | V 0.003 | pL -0.001 | vL 0.000 | delta 0.002
U 198 | F 405504 | FPS 0024 | D 14713 | rR:mu sigma m M 0.00 0.00 0.00 0.00 | F:mu sigma m M 150.2 160.9 22.0 679.0 | H 1.098 | V 0.003 | pL 0.001 | vL 0.000 | delta 0.001
U 199 | F 407552 | FPS 0029 | D 14784 | rR:mu sigma m M 0.00 0.00 0.00 0.00 | F:mu sigma m M 142.7 117.5 36.0 456.0 | H 1.099 | V 0.001 | pL 0.000 | vL 0.000 | delta 0.000
U 200 | F 409600 | FPS 0030 | D 14853 | rR:mu sigma m M 0.00 0.00 0.00 0.00 | F:mu sigma m M 178.1 126.0 28.0 456.0 | H 1.098 | V 0.001 | pL 0.000 | vL 0.000 | delta 0.000
U 201 | F 411648 | FPS 0029 | D 14924 | rR:mu sigma m M 0.00 0.00 0.00 0.00 | F:mu sigma m M 188.8 124.9 16.0 398.0 | H 1.097 | V 0.002 | pL 0.000 | vL 0.000 | delta 0.002
U 202 | F 413696 | FPS 0031 | D 14991 | rR:mu sigma m M 0.10 0.25 0.00 0.85 | F:mu sigma m M 166.1 123.3 16.0 398.0 | H 1.087 | V 0.011 | pL -0.012 | vL 0.002 | delta 0.024
U 203 | F 415744 | FPS 0028 | D 15063 | rR:mu sigma m M 0.04 0.16 0.00 0.68 | F:mu sigma m M 243.9 161.9 63.0 624.0 | H 1.098 | V -0.000 | pL -0.000 | vL 0.000 | delta 0.001
U 204 | F 417792 | FPS 0029 | D 15133 | rR:mu sigma m M 0.00 0.00 0.00 0.00 | F:mu sigma m M 238.8 215.8 23.0 821.0 | H 1.097 | V 0.006 | pL -0.003 | vL 0.000 | delta 0.007
U 205 | F 419840 | FPS 0029 | D 15205 | rR:mu sigma m M 0.00 0.00 0.00 0.00 | F:mu sigma m M 196.3 198.7 38.0 821.0 | H 1.094 | V 0.007 | pL 0.003 | vL 0.000 | delta 0.010
U 206 | F 421888 | FPS 0029 | D 15274 | rR:mu sigma m M 0.00 0.00 0.00 0.00 | F:mu sigma m M 114.0 95.0 15.0 371.0 | H 1.098 | V -0.008 | pL -0.002 | vL 0.000 | delta 0.002
U 207 | F 423936 | FPS 0029 | D 15346 | rR:mu sigma m M 0.00 0.00 0.00 0.00 | F:mu sigma m M 162.1 119.9 30.0 517.0 | H 1.098 | V -0.006 | pL -0.002 | vL 0.000 | delta 0.001
U 208 | F 425984 | FPS 0029 | D 15417 | rR:mu sigma m M 0.08 0.21 0.00 0.79 | F:mu sigma m M 176.4 157.3 29.0 564.0 | H 1.097 | V 0.008 | pL -0.011 | vL 0.001 | delta 0.011
U 209 | F 428032 | FPS 0029 | D 15487 | rR:mu sigma m M 0.00 0.00 0.00 0.00 | F:mu sigma m M 142.9 99.0 23.0 359.0 | H 1.097 | V -0.005 | pL -0.002 | vL 0.000 | delta 0.002
U 210 | F 430080 | FPS 0028 | D 15560 | rR:mu sigma m M 0.00 0.00 0.00 0.00 | F:mu sigma m M 173.1 126.8 14.0 470.0 | H 1.098 | V -0.003 | pL -0.001 | vL 0.000 | delta 0.002
U 211 | F 432128 | FPS 0028 | D 15632 | rR:mu sigma m M 0.00 0.00 0.00 0.00 | F:mu sigma m M 187.9 145.0 39.0 582.0 | H 1.097 | V -0.001 | pL -0.001 | vL 0.000 | delta 0.004
U 212 | F 434176 | FPS 0029 | D 15704 | rR:mu sigma m M 0.00 0.00 0.00 0.00 | F:mu sigma m M 128.6 85.8 42.0 354.0 | H 1.097 | V -0.001 | pL -0.001 | vL 0.000 | delta 0.001
U 213 | F 436224 | FPS 0026 | D 15781 | rR:mu sigma m M 0.08 0.23 0.00 0.80 | F:mu sigma m M 194.5 166.9 32.0 679.0 | H 1.090 | V 0.024 | pL -0.013 | vL 0.002 | delta 0.020
U 214 | F 438272 | FPS 0026 | D 15860 | rR:mu sigma m M 0.09 0.23 0.00 0.82 | F:mu sigma m M 226.8 195.3 33.0 679.0 | H 1.091 | V 0.013 | pL -0.003 | vL 0.001 | delta 0.014
U 215 | F 440320 | FPS 0026 | D 15938 | rR:mu sigma m M 0.00 0.00 0.00 0.00 | F:mu sigma m M 148.6 107.6 33.0 466.0 | H 1.092 | V 0.005 | pL 0.000 | vL 0.000 | delta 0.006
U 216 | F 442368 | FPS 0031 | D 16005 | rR:mu sigma m M 0.04 0.18 0.00 0.79 | F:mu sigma m M 108.3 76.2 15.0 323.0 | H 1.090 | V 0.012 | pL -0.006 | vL 0.001 | delta 0.012
U 217 | F 444416 | FPS 0029 | D 16075 | rR:mu sigma m M 0.00 0.00 0.00 0.00 | F:mu sigma m M 104.5 61.9 15.0 235.0 | H 1.091 | V 0.007 | pL -0.002 | vL 0.000 | delta 0.005
U 218 | F 446464 | FPS 0027 | D 16150 | rR:mu sigma m M 0.00 0.00 0.00 0.00 | F:mu sigma m M 174.7 112.0 17.0 436.0 | H 1.095 | V 0.003 | pL 0.003 | vL 0.000 | delta 0.004
U 219 | F 448512 | FPS 0027 | D 16226 | rR:mu sigma m M 0.00 0.00 0.00 0.00 | F:mu sigma m M 148.5 78.2 41.0 336.0 | H 1.098 | V 0.000 | pL -0.000 | vL 0.000 | delta 0.001
U 220 | F 450560 | FPS 0029 | D 16296 | rR:mu sigma m M 0.00 0.00 0.00 0.00 | F:mu sigma m M 226.4 194.8 37.0 746.0 | H 1.098 | V 0.001 | pL -0.000 | vL 0.000 | delta 0.001
U 221 | F 452608 | FPS 0027 | D 16372 | rR:mu sigma m M 0.00 0.00 0.00 0.00 | F:mu sigma m M 184.6 136.1 28.0 561.0 | H 1.095 | V 0.004 | pL 0.000 | vL 0.000 | delta 0.004
U 222 | F 454656 | FPS 0034 | D 16433 | rR:mu sigma m M 0.00 0.00 0.00 0.00 | F:mu sigma m M 160.9 107.6 40.0 457.0 | H 1.098 | V 0.001 | pL 0.000 | vL 0.000 | delta 0.001
U 223 | F 456704 | FPS 0030 | D 16501 | rR:mu sigma m M 0.10 0.27 0.00 0.89 | F:mu sigma m M 140.0 75.6 31.0 328.0 | H 1.093 | V 0.013 | pL -0.014 | vL 0.002 | delta 0.013
U 224 | F 458752 | FPS 0033 | D 16563 | rR:mu sigma m M 0.06 0.21 0.00 0.89 | F:mu sigma m M 102.9 53.0 29.0 202.0 | H 1.096 | V 0.011 | pL -0.002 | vL 0.000 | delta 0.004
U 225 | F 460800 | FPS 0029 | D 16633 | rR:mu sigma m M 0.16 0.33 0.00 0.88 | F:mu sigma m M 211.5 188.4 30.0 787.0 | H 1.084 | V 0.036 | pL -0.013 | vL 0.002 | delta 0.031
U 226 | F 462848 | FPS 0035 | D 16691 | rR:mu sigma m M 0.00 0.00 0.00 0.00 | F:mu sigma m M 133.5 103.7 20.0 431.0 | H 1.088 | V 0.035 | pL 0.010 | vL 0.001 | delta 0.013
U 227 | F 464896 | FPS 0024 | D 16775 | rR:mu sigma m M 0.00 0.00 0.00 0.00 | F:mu sigma m M 138.4 112.1 36.0 431.0 | H 1.076 | V 0.049 | pL 0.006 | vL 0.001 | delta 0.017
U 228 | F 466944 | FPS 0033 | D 16836 | rR:mu sigma m M 0.05 0.19 0.00 0.77 | F:mu sigma m M 153.6 126.0 17.0 481.0 | H 1.080 | V 0.043 | pL 0.006 | vL 0.001 | delta 0.014
U 229 | F 468992 | FPS 0025 | D 16918 | rR:mu sigma m M 0.05 0.20 0.00 0.84 | F:mu sigma m M 229.4 133.9 17.0 481.0 | H 1.087 | V 0.035 | pL 0.001 | vL 0.001 | delta 0.015
U 230 | F 471040 | FPS 0032 | D 16982 | rR:mu sigma m M 0.03 0.10 0.00 0.41 | F:mu sigma m M 209.0 171.4 18.0 589.0 | H 1.086 | V 0.035 | pL 0.002 | vL 0.001 | delta 0.008
U 231 | F 473088 | FPS 0028 | D 17055 | rR:mu sigma m M 0.03 0.14 0.00 0.56 | F:mu sigma m M 178.8 130.5 18.0 442.0 | H 1.085 | V 0.041 | pL 0.007 | vL 0.001 | delta 0.017
U 232 | F 475136 | FPS 0028 | D 17127 | rR:mu sigma m M 0.04 0.16 0.00 0.66 | F:mu sigma m M 206.2 111.7 33.0 410.0 | H 1.084 | V 0.031 | pL 0.005 | vL 0.001 | delta 0.015
U 233 | F 477184 | FPS 0029 | D 17197 | rR:mu sigma m M 0.09 0.24 0.00 0.71 | F:mu sigma m M 190.4 121.2 33.0 410.0 | H 1.078 | V 0.043 | pL -0.005 | vL 0.002 | delta 0.015
U 234 | F 479232 | FPS 0028 | D 17270 | rR:mu sigma m M 0.20 0.34 0.00 0.85 | F:mu sigma m M 190.5 100.2 48.0 468.0 | H 1.044 | V 0.087 | pL -0.007 | vL 0.006 | delta 0.053
U 235 | F 481280 | FPS 0029 | D 17341 | rR:mu sigma m M 0.09 0.25 0.00 0.85 | F:mu sigma m M 175.8 103.4 30.0 394.0 | H 1.075 | V 0.045 | pL 0.006 | vL 0.001 | delta 0.012
U 236 | F 483328 | FPS 0030 | D 17409 | rR:mu sigma m M 0.15 0.31 0.00 0.85 | F:mu sigma m M 136.2 84.1 12.0 282.0 | H 1.065 | V 0.054 | pL -0.011 | vL 0.002 | delta 0.021
U 237 | F 485376 | FPS 0034 | D 17469 | rR:mu sigma m M 0.36 0.41 0.00 0.95 | F:mu sigma m M 125.8 87.2 12.0 337.0 | H 0.993 | V 0.146 | pL -0.024 | vL 0.007 | delta 0.034
U 238 | F 487424 | FPS 0041 | D 17518 | rR:mu sigma m M 0.24 0.36 0.00 0.86 | F:mu sigma m M 141.9 103.6 17.0 420.0 | H 0.998 | V 0.164 | pL -0.015 | vL 0.005 | delta 0.030
U 239 | F 489472 | FPS 0039 | D 17571 | rR:mu sigma m M 0.42 0.44 0.00 0.93 | F:mu sigma m M 104.8 78.3 20.0 326.0 | H 0.961 | V 0.205 | pL -0.018 | vL 0.006 | delta 0.045
U 240 | F 491520 | FPS 0048 | D 17613 | rR:mu sigma m M 0.58 0.42 0.00 0.96 | F:mu sigma m M 102.8 77.1 23.0 297.0 | H 0.890 | V 0.289 | pL -0.052 | vL 0.011 | delta 0.076
U 241 | F 493568 | FPS 0047 | D 17657 | rR:mu sigma m M 0.64 0.42 0.00 0.96 | F:mu sigma m M 79.5 34.7 15.0 148.0 | H 0.817 | V 0.339 | pL -0.060 | vL 0.014 | delta 0.081
U 242 | F 495616 | FPS 0053 | D 17695 | rR:mu sigma m M 0.84 0.27 0.00 0.96 | F:mu sigma m M 72.3 25.2 34.0 146.0 | H 0.715 | V 0.503 | pL -0.094 | vL 0.009 | delta 0.093
U 243 | F 497664 | FPS 0056 | D 17732 | rR:mu sigma m M 0.85 0.28 0.00 0.97 | F:mu sigma m M 60.3 21.4 33.0 132.0 | H 0.666 | V 0.551 | pL -0.066 | vL 0.009 | delta 0.084
U 244 | F 499712 | FPS 0059 | D 17767 | rR:mu sigma m M 0.94 0.01 0.89 0.96 | F:mu sigma m M 58.0 14.4 35.0 105.0 | H 0.654 | V 0.634 | pL -0.064 | vL 0.003 | delta 0.066
agent reach optimality, start collecting trajectories
agent successfully collected 10 trajectories
pickling optimal trajectories
Model successfully saved
/home/rdali/.local/easybuild/software/2017/Core/miniconda3/4.3.27/envs/observe/lib/python3.6/site-packages/torch/nn/functional.py:1906: UserWarning: reduction: 'mean' divides the total loss by both the batch size and the support size.'batchmean' divides only by the batch size, and aligns with the KL div math definition.'mean' will be changed to behave the same as 'batchmean' in the next major release.
  warnings.warn("reduction: 'mean' divides the total loss by both the batch size and the support size."
