The following modules were not unloaded:
  (Use "module --force purge" to unload all):

  1) StdEnv/2018.3     4) gcccore/.7.3.0      7) intel/2018.3
  2) nixpkgs/16.09     5) icc/.2018.3.222     8) openmpi/3.1.2
  3) imkl/2018.3.222   6) ifort/.2018.3.222

Due to MODULEPATH changes, the following have been reloaded:
  1) openmpi/3.1.2

Attention: While Conda works well in a desktop environment, it tends to create more problems than it solves on a cluster. Instead, we recommend that users use virtual environments and the binary packages that we provide through Python wheels as documented on the Python page.
/home/rdali/RL/watch_and_learn/dependency/rl-starter-files/scripts/train_agent_multidem.py --env MiniGrid-LavaCrossingAddictO12S15-v0 --algo ppo --nameDemonstrator LavaCrossing1215Addict1,LavaCrossing1215Addict2,LavaCrossing1215Addict4,LavaCrossing1215Addict5,LavaCrossing1215Addict7,LavaCrossing1215Addict8,LavaCrossing1215Addict9,LavaCrossing1215Addict10 --flat-model 0 --KLweight 0.1 --useKL 1 --meanReward 0.80 --rewardLB 0.70 --seed 8768

Namespace(KLweight=0.1, algo='ppo', batch_size=256, clip_eps=0.2, discount=0.99, entropy_coef=0.01, env='MiniGrid-LavaCrossingAddictO12S15-v0', epochs=4, flat_model=0, frames=10000000, frames_per_proc=None, full_obs=0, gae_lambda=0.95, log_interval=1, lr=0.0007, max_grad_norm=0.5, meanReward=0.8, mem=False, model=None, nameDemonstrator='LavaCrossing1215Addict1,LavaCrossing1215Addict2,LavaCrossing1215Addict4,LavaCrossing1215Addict5,LavaCrossing1215Addict7,LavaCrossing1215Addict8,LavaCrossing1215Addict9,LavaCrossing1215Addict10', optim_alpha=0.99, optim_eps=1e-05, procs=16, recurrence=1, rewardLB=0.7, save_interval=0, seed=8768, tb=False, text=False, useKL=1, value_loss_coef=0.5)

Flat model successfully created

ACModel(
  (image_conv): Sequential(
    (0): Conv2d(3, 32, kernel_size=(2, 2), stride=(1, 1))
    (1): ReLU()
    (2): MaxPool2d(kernel_size=(2, 2), stride=(2, 2), padding=0, dilation=1, ceil_mode=False)
    (3): Conv2d(32, 64, kernel_size=(2, 2), stride=(1, 1))
    (4): ReLU()
    (5): Conv2d(64, 64, kernel_size=(2, 2), stride=(1, 1))
    (6): ReLU()
  )
  (actor): Sequential(
    (0): Linear(in_features=1600, out_features=64, bias=True)
    (1): Tanh()
    (2): Linear(in_features=64, out_features=3, bias=True)
  )
  (critic): Sequential(
    (0): Linear(in_features=1600, out_features=64, bias=True)
    (1): Tanh()
    (2): Linear(in_features=64, out_features=1, bias=True)
  )
)

CUDA available: False

1
True
0.1
Using TensorFlow backend.
OMP: Info #212: KMP_AFFINITY: decoding x2APIC ids.
OMP: Info #210: KMP_AFFINITY: Affinity capable, using global cpuid leaf 11 info
OMP: Info #154: KMP_AFFINITY: Initial OS proc set respected: 5-8,10
OMP: Info #156: KMP_AFFINITY: 5 available OS procs
OMP: Info #158: KMP_AFFINITY: Nonuniform topology
OMP: Info #179: KMP_AFFINITY: 2 packages x 3 cores/pkg x 1 threads/core (5 total cores)
OMP: Info #214: KMP_AFFINITY: OS proc to physical thread map:
OMP: Info #171: KMP_AFFINITY: OS proc 8 maps to package 0 core 2 
OMP: Info #171: KMP_AFFINITY: OS proc 6 maps to package 0 core 3 
OMP: Info #171: KMP_AFFINITY: OS proc 10 maps to package 0 core 12 
OMP: Info #171: KMP_AFFINITY: OS proc 5 maps to package 1 core 1 
OMP: Info #171: KMP_AFFINITY: OS proc 7 maps to package 1 core 3 
OMP: Info #250: KMP_AFFINITY: pid 317924 tid 317924 thread 0 bound to OS proc set 8
OMP: Info #250: KMP_AFFINITY: pid 317924 tid 318066 thread 1 bound to OS proc set 5
OMP: Info #250: KMP_AFFINITY: pid 317924 tid 318067 thread 2 bound to OS proc set 6
OMP: Info #250: KMP_AFFINITY: pid 317924 tid 318068 thread 3 bound to OS proc set 7
OMP: Info #250: KMP_AFFINITY: pid 317924 tid 318069 thread 4 bound to OS proc set 10
OMP: Info #250: KMP_AFFINITY: pid 317924 tid 319137 thread 5 bound to OS proc set 8
OMP: Info #250: KMP_AFFINITY: pid 317924 tid 319136 thread 6 bound to OS proc set 5
OMP: Info #250: KMP_AFFINITY: pid 317924 tid 319155 thread 7 bound to OS proc set 6
OMP: Info #250: KMP_AFFINITY: pid 317924 tid 319158 thread 10 bound to OS proc set 8
OMP: Info #250: KMP_AFFINITY: pid 317924 tid 319157 thread 9 bound to OS proc set 10
OMP: Info #250: KMP_AFFINITY: pid 317924 tid 319156 thread 8 bound to OS proc set 7
OMP: Info #250: KMP_AFFINITY: pid 317924 tid 319206 thread 11 bound to OS proc set 5
OMP: Info #250: KMP_AFFINITY: pid 317924 tid 319207 thread 12 bound to OS proc set 6
OMP: Info #250: KMP_AFFINITY: pid 317924 tid 319209 thread 14 bound to OS proc set 10
OMP: Info #250: KMP_AFFINITY: pid 317924 tid 319208 thread 13 bound to OS proc set 7
OMP: Info #250: KMP_AFFINITY: pid 317924 tid 319210 thread 15 bound to OS proc set 8
U 1 | F 002048 | FPS 0021 | D 96 | rR:mu sigma m M 0.00 0.00 0.00 0.00 | F:mu sigma m M 44.8 49.7 0.0 128.0 | H 1.095 | V -0.166 | pL -0.041 | vL 0.001 | delta 0.078
U 2 | F 004096 | FPS 0026 | D 175 | rR:mu sigma m M 0.00 0.00 0.00 0.00 | F:mu sigma m M 102.1 58.9 0.0 230.0 | H 1.097 | V -0.121 | pL -0.033 | vL 0.000 | delta 0.030
U 3 | F 006144 | FPS 0028 | D 249 | rR:mu sigma m M 0.00 0.00 0.00 0.00 | F:mu sigma m M 161.0 97.4 23.0 320.0 | H 1.094 | V -0.089 | pL -0.028 | vL 0.000 | delta 0.023
U 4 | F 008192 | FPS 0033 | D 312 | rR:mu sigma m M 0.00 0.00 0.00 0.00 | F:mu sigma m M 128.7 113.3 21.0 424.0 | H 1.093 | V -0.069 | pL -0.027 | vL 0.000 | delta 0.020
U 5 | F 010240 | FPS 0033 | D 374 | rR:mu sigma m M 0.00 0.00 0.00 0.00 | F:mu sigma m M 119.7 74.5 27.0 295.0 | H 1.094 | V -0.052 | pL -0.021 | vL 0.000 | delta 0.014
U 6 | F 012288 | FPS 0032 | D 438 | rR:mu sigma m M 0.00 0.00 0.00 0.00 | F:mu sigma m M 113.2 84.8 19.0 278.0 | H 1.098 | V -0.040 | pL -0.016 | vL 0.000 | delta 0.011
U 7 | F 014336 | FPS 0032 | D 502 | rR:mu sigma m M 0.00 0.00 0.00 0.00 | F:mu sigma m M 113.6 80.3 14.0 325.0 | H 1.096 | V -0.033 | pL -0.010 | vL 0.000 | delta 0.006
U 8 | F 016384 | FPS 0033 | D 565 | rR:mu sigma m M 0.00 0.00 0.00 0.00 | F:mu sigma m M 169.1 109.9 14.0 370.0 | H 1.098 | V -0.027 | pL -0.007 | vL 0.000 | delta 0.005
U 9 | F 018432 | FPS 0029 | D 636 | rR:mu sigma m M 0.00 0.00 0.00 0.00 | F:mu sigma m M 193.5 135.1 33.0 390.0 | H 1.098 | V -0.021 | pL -0.006 | vL 0.000 | delta 0.003
U 10 | F 020480 | FPS 0029 | D 707 | rR:mu sigma m M 0.00 0.00 0.00 0.00 | F:mu sigma m M 197.6 121.0 33.0 402.0 | H 1.098 | V -0.017 | pL -0.005 | vL 0.000 | delta 0.003
U 11 | F 022528 | FPS 0026 | D 785 | rR:mu sigma m M 0.00 0.00 0.00 0.00 | F:mu sigma m M 117.1 81.4 24.0 271.0 | H 1.098 | V -0.012 | pL -0.004 | vL 0.000 | delta 0.002
U 12 | F 024576 | FPS 0029 | D 857 | rR:mu sigma m M 0.00 0.00 0.00 0.00 | F:mu sigma m M 133.2 100.8 28.0 425.0 | H 1.098 | V -0.009 | pL -0.003 | vL 0.000 | delta 0.002
U 13 | F 026624 | FPS 0030 | D 927 | rR:mu sigma m M 0.00 0.00 0.00 0.00 | F:mu sigma m M 139.7 96.0 17.0 305.0 | H 1.098 | V -0.007 | pL -0.002 | vL 0.000 | delta 0.001
U 14 | F 028672 | FPS 0030 | D 995 | rR:mu sigma m M 0.00 0.00 0.00 0.00 | F:mu sigma m M 130.4 103.5 16.0 352.0 | H 1.098 | V -0.006 | pL -0.002 | vL 0.000 | delta 0.001
U 15 | F 030720 | FPS 0031 | D 1060 | rR:mu sigma m M 0.00 0.00 0.00 0.00 | F:mu sigma m M 179.9 124.1 32.0 407.0 | H 1.098 | V -0.005 | pL -0.001 | vL 0.000 | delta 0.001
U 16 | F 032768 | FPS 0029 | D 1131 | rR:mu sigma m M 0.03 0.13 0.00 0.55 | F:mu sigma m M 188.3 141.8 32.0 452.0 | H 1.090 | V 0.000 | pL -0.006 | vL 0.001 | delta 0.010
U 17 | F 034816 | FPS 0035 | D 1190 | rR:mu sigma m M 0.04 0.16 0.00 0.64 | F:mu sigma m M 189.8 163.6 13.0 546.0 | H 1.097 | V 0.011 | pL -0.003 | vL 0.001 | delta 0.023
U 18 | F 036864 | FPS 0032 | D 1254 | rR:mu sigma m M 0.04 0.17 0.00 0.72 | F:mu sigma m M 147.4 163.3 9.0 633.0 | H 1.096 | V 0.014 | pL -0.004 | vL 0.001 | delta 0.017
U 19 | F 038912 | FPS 0030 | D 1322 | rR:mu sigma m M 0.04 0.17 0.00 0.72 | F:mu sigma m M 119.9 102.9 26.0 435.0 | H 1.098 | V 0.012 | pL 0.003 | vL 0.000 | delta 0.002
U 20 | F 040960 | FPS 0026 | D 1400 | rR:mu sigma m M 0.00 0.00 0.00 0.00 | F:mu sigma m M 122.7 102.8 23.0 447.0 | H 1.098 | V 0.010 | pL 0.003 | vL 0.000 | delta 0.003
U 21 | F 043008 | FPS 0029 | D 1471 | rR:mu sigma m M 0.00 0.00 0.00 0.00 | F:mu sigma m M 186.6 171.0 23.0 519.0 | H 1.098 | V 0.009 | pL 0.003 | vL 0.000 | delta 0.006
U 22 | F 045056 | FPS 0030 | D 1539 | rR:mu sigma m M 0.00 0.00 0.00 0.00 | F:mu sigma m M 163.6 165.4 24.0 607.0 | H 1.095 | V 0.013 | pL 0.001 | vL 0.000 | delta 0.010
U 23 | F 047104 | FPS 0031 | D 1606 | rR:mu sigma m M 0.05 0.18 0.00 0.75 | F:mu sigma m M 147.4 95.5 18.0 405.0 | H 1.094 | V 0.014 | pL -0.002 | vL 0.001 | delta 0.013
U 24 | F 049152 | FPS 0035 | D 1665 | rR:mu sigma m M 0.02 0.09 0.00 0.36 | F:mu sigma m M 133.4 141.6 27.0 639.0 | H 1.096 | V 0.017 | pL 0.000 | vL 0.000 | delta 0.010
U 25 | F 051200 | FPS 0031 | D 1731 | rR:mu sigma m M 0.07 0.20 0.00 0.79 | F:mu sigma m M 237.6 213.3 27.0 672.0 | H 1.092 | V 0.014 | pL -0.004 | vL 0.001 | delta 0.021
U 26 | F 053248 | FPS 0033 | D 1793 | rR:mu sigma m M 0.00 0.00 0.00 0.00 | F:mu sigma m M 139.2 74.0 15.0 263.0 | H 1.097 | V 0.012 | pL 0.003 | vL 0.000 | delta 0.005
U 27 | F 055296 | FPS 0027 | D 1869 | rR:mu sigma m M 0.00 0.00 0.00 0.00 | F:mu sigma m M 165.6 166.8 29.0 722.0 | H 1.098 | V 0.004 | pL 0.001 | vL 0.000 | delta 0.002
U 28 | F 057344 | FPS 0030 | D 1938 | rR:mu sigma m M 0.00 0.00 0.00 0.00 | F:mu sigma m M 123.7 64.2 37.0 258.0 | H 1.098 | V 0.004 | pL 0.001 | vL 0.000 | delta 0.002
U 29 | F 059392 | FPS 0028 | D 2011 | rR:mu sigma m M 0.00 0.00 0.00 0.00 | F:mu sigma m M 146.1 104.8 49.0 393.0 | H 1.098 | V 0.002 | pL 0.001 | vL 0.000 | delta 0.001
U 30 | F 061440 | FPS 0029 | D 2082 | rR:mu sigma m M 0.00 0.00 0.00 0.00 | F:mu sigma m M 141.2 67.9 19.0 265.0 | H 1.098 | V 0.002 | pL 0.000 | vL 0.000 | delta 0.000
U 31 | F 063488 | FPS 0031 | D 2148 | rR:mu sigma m M 0.00 0.00 0.00 0.00 | F:mu sigma m M 116.7 70.9 26.0 301.0 | H 1.099 | V 0.002 | pL 0.000 | vL 0.000 | delta 0.001
U 32 | F 065536 | FPS 0030 | D 2217 | rR:mu sigma m M 0.00 0.00 0.00 0.00 | F:mu sigma m M 110.0 56.1 24.0 221.0 | H 1.099 | V 0.001 | pL 0.000 | vL 0.000 | delta 0.001
U 33 | F 067584 | FPS 0029 | D 2287 | rR:mu sigma m M 0.00 0.00 0.00 0.00 | F:mu sigma m M 154.9 86.1 24.0 295.0 | H 1.099 | V 0.001 | pL 0.000 | vL 0.000 | delta 0.000
U 34 | F 069632 | FPS 0029 | D 2358 | rR:mu sigma m M 0.00 0.00 0.00 0.00 | F:mu sigma m M 184.2 130.3 33.0 576.0 | H 1.099 | V 0.001 | pL 0.000 | vL 0.000 | delta 0.000
U 35 | F 071680 | FPS 0028 | D 2433 | rR:mu sigma m M 0.00 0.00 0.00 0.00 | F:mu sigma m M 166.9 182.6 27.0 839.0 | H 1.099 | V 0.000 | pL 0.000 | vL 0.000 | delta 0.000
U 36 | F 073728 | FPS 0027 | D 2510 | rR:mu sigma m M 0.00 0.00 0.00 0.00 | F:mu sigma m M 184.1 178.7 46.0 839.0 | H 1.099 | V 0.000 | pL 0.000 | vL 0.000 | delta 0.000
U 37 | F 075776 | FPS 0026 | D 2588 | rR:mu sigma m M 0.00 0.00 0.00 0.00 | F:mu sigma m M 146.7 88.8 10.0 305.0 | H 1.099 | V 0.000 | pL -0.000 | vL 0.000 | delta 0.000
U 38 | F 077824 | FPS 0027 | D 2665 | rR:mu sigma m M 0.05 0.19 0.00 0.77 | F:mu sigma m M 177.4 152.7 35.0 550.0 | H 1.097 | V 0.006 | pL -0.006 | vL 0.001 | delta 0.028
U 39 | F 079872 | FPS 0029 | D 2736 | rR:mu sigma m M 0.00 0.00 0.00 0.00 | F:mu sigma m M 131.9 95.5 37.0 371.0 | H 1.093 | V 0.017 | pL 0.000 | vL 0.000 | delta 0.019
U 40 | F 081920 | FPS 0030 | D 2805 | rR:mu sigma m M 0.04 0.16 0.00 0.68 | F:mu sigma m M 147.6 130.9 23.0 533.0 | H 1.093 | V 0.020 | pL -0.005 | vL 0.001 | delta 0.034
U 41 | F 083968 | FPS 0032 | D 2869 | rR:mu sigma m M 0.05 0.20 0.00 0.83 | F:mu sigma m M 207.7 129.6 37.0 533.0 | H 1.094 | V 0.002 | pL -0.003 | vL 0.001 | delta 0.030
U 42 | F 086016 | FPS 0029 | D 2940 | rR:mu sigma m M 0.00 0.00 0.00 0.00 | F:mu sigma m M 184.9 166.9 15.0 601.0 | H 1.093 | V 0.001 | pL -0.000 | vL 0.000 | delta 0.007
U 43 | F 088064 | FPS 0030 | D 3009 | rR:mu sigma m M 0.00 0.00 0.00 0.00 | F:mu sigma m M 194.6 183.2 11.0 651.0 | H 1.097 | V 0.001 | pL -0.001 | vL 0.000 | delta 0.004
U 44 | F 090112 | FPS 0029 | D 3079 | rR:mu sigma m M 0.00 0.00 0.00 0.00 | F:mu sigma m M 132.2 92.5 11.0 375.0 | H 1.098 | V -0.001 | pL -0.000 | vL 0.000 | delta 0.002
U 45 | F 092160 | FPS 0030 | D 3148 | rR:mu sigma m M 0.00 0.00 0.00 0.00 | F:mu sigma m M 175.8 128.1 41.0 571.0 | H 1.098 | V 0.001 | pL -0.000 | vL 0.000 | delta 0.001
U 46 | F 094208 | FPS 0027 | D 3225 | rR:mu sigma m M 0.03 0.13 0.00 0.53 | F:mu sigma m M 163.1 127.0 28.0 466.0 | H 1.094 | V 0.007 | pL -0.004 | vL 0.000 | delta 0.009
U 47 | F 096256 | FPS 0027 | D 3302 | rR:mu sigma m M 0.03 0.13 0.00 0.53 | F:mu sigma m M 186.9 110.4 28.0 466.0 | H 1.098 | V 0.002 | pL 0.000 | vL 0.000 | delta 0.001
U 48 | F 098304 | FPS 0027 | D 3377 | rR:mu sigma m M 0.00 0.00 0.00 0.00 | F:mu sigma m M 243.0 214.3 38.0 900.0 | H 1.095 | V 0.006 | pL 0.000 | vL 0.000 | delta 0.007
U 49 | F 100352 | FPS 0030 | D 3444 | rR:mu sigma m M 0.05 0.21 0.00 0.87 | F:mu sigma m M 127.2 87.0 18.0 311.0 | H 1.097 | V 0.009 | pL -0.003 | vL 0.001 | delta 0.009
U 50 | F 102400 | FPS 0027 | D 3520 | rR:mu sigma m M 0.00 0.00 0.00 0.00 | F:mu sigma m M 113.3 84.2 25.0 303.0 | H 1.098 | V 0.005 | pL -0.001 | vL 0.000 | delta 0.004
U 51 | F 104448 | FPS 0030 | D 3589 | rR:mu sigma m M 0.00 0.00 0.00 0.00 | F:mu sigma m M 147.9 127.3 37.0 550.0 | H 1.098 | V 0.001 | pL 0.000 | vL 0.000 | delta 0.001
U 52 | F 106496 | FPS 0027 | D 3665 | rR:mu sigma m M 0.00 0.00 0.00 0.00 | F:mu sigma m M 168.4 132.4 42.0 537.0 | H 1.098 | V 0.000 | pL -0.000 | vL 0.000 | delta 0.001
U 53 | F 108544 | FPS 0028 | D 3738 | rR:mu sigma m M 0.00 0.00 0.00 0.00 | F:mu sigma m M 150.4 102.9 18.0 400.0 | H 1.098 | V 0.003 | pL -0.001 | vL 0.000 | delta 0.001
U 54 | F 110592 | FPS 0029 | D 3807 | rR:mu sigma m M 0.00 0.00 0.00 0.00 | F:mu sigma m M 148.7 112.8 34.0 439.0 | H 1.098 | V 0.004 | pL 0.001 | vL 0.000 | delta 0.002
U 55 | F 112640 | FPS 0031 | D 3874 | rR:mu sigma m M 0.00 0.00 0.00 0.00 | F:mu sigma m M 146.7 109.6 27.0 439.0 | H 1.098 | V 0.003 | pL 0.000 | vL 0.000 | delta 0.001
U 56 | F 114688 | FPS 0027 | D 3950 | rR:mu sigma m M 0.00 0.00 0.00 0.00 | F:mu sigma m M 216.9 199.4 17.0 757.0 | H 1.099 | V 0.001 | pL 0.000 | vL 0.000 | delta 0.000
U 57 | F 116736 | FPS 0029 | D 4022 | rR:mu sigma m M 0.05 0.20 0.00 0.81 | F:mu sigma m M 156.2 170.5 27.0 757.0 | H 1.096 | V 0.009 | pL -0.006 | vL 0.001 | delta 0.013
U 58 | F 118784 | FPS 0026 | D 4100 | rR:mu sigma m M 0.05 0.20 0.00 0.81 | F:mu sigma m M 163.7 163.8 40.0 746.0 | H 1.097 | V 0.005 | pL 0.002 | vL 0.000 | delta 0.007
U 59 | F 120832 | FPS 0027 | D 4177 | rR:mu sigma m M 0.00 0.00 0.00 0.00 | F:mu sigma m M 186.1 181.9 32.0 746.0 | H 1.097 | V 0.007 | pL 0.002 | vL 0.000 | delta 0.014
U 60 | F 122880 | FPS 0026 | D 4256 | rR:mu sigma m M 0.00 0.00 0.00 0.00 | F:mu sigma m M 178.4 114.3 40.0 392.0 | H 1.098 | V 0.007 | pL 0.002 | vL 0.000 | delta 0.003
U 61 | F 124928 | FPS 0029 | D 4327 | rR:mu sigma m M 0.00 0.00 0.00 0.00 | F:mu sigma m M 133.7 88.4 10.0 317.0 | H 1.097 | V 0.006 | pL 0.002 | vL 0.000 | delta 0.005
U 62 | F 126976 | FPS 0030 | D 4395 | rR:mu sigma m M 0.00 0.00 0.00 0.00 | F:mu sigma m M 128.5 88.9 10.0 317.0 | H 1.098 | V 0.006 | pL 0.001 | vL 0.000 | delta 0.002
U 63 | F 129024 | FPS 0028 | D 4468 | rR:mu sigma m M 0.00 0.00 0.00 0.00 | F:mu sigma m M 122.7 89.5 31.0 398.0 | H 1.092 | V 0.012 | pL -0.001 | vL 0.000 | delta 0.012
U 64 | F 131072 | FPS 0030 | D 4536 | rR:mu sigma m M 0.00 0.00 0.00 0.00 | F:mu sigma m M 206.7 202.3 23.0 900.0 | H 1.097 | V 0.003 | pL 0.002 | vL 0.000 | delta 0.005
U 65 | F 133120 | FPS 0027 | D 4611 | rR:mu sigma m M 0.00 0.00 0.00 0.00 | F:mu sigma m M 106.9 115.1 24.0 500.0 | H 1.096 | V 0.004 | pL 0.001 | vL 0.000 | delta 0.005
U 66 | F 135168 | FPS 0028 | D 4683 | rR:mu sigma m M 0.05 0.18 0.00 0.75 | F:mu sigma m M 198.3 182.5 17.0 637.0 | H 1.096 | V 0.009 | pL -0.004 | vL 0.001 | delta 0.019
U 67 | F 137216 | FPS 0030 | D 4751 | rR:mu sigma m M 0.00 0.00 0.00 0.00 | F:mu sigma m M 178.1 114.9 44.0 406.0 | H 1.098 | V 0.002 | pL 0.001 | vL 0.000 | delta 0.004
U 68 | F 139264 | FPS 0030 | D 4819 | rR:mu sigma m M 0.00 0.00 0.00 0.00 | F:mu sigma m M 169.8 122.0 31.0 406.0 | H 1.098 | V 0.003 | pL 0.001 | vL 0.000 | delta 0.004
U 69 | F 141312 | FPS 0027 | D 4896 | rR:mu sigma m M 0.00 0.00 0.00 0.00 | F:mu sigma m M 111.1 59.9 17.0 216.0 | H 1.098 | V 0.001 | pL 0.000 | vL 0.000 | delta 0.002
U 70 | F 143360 | FPS 0026 | D 4975 | rR:mu sigma m M 0.05 0.20 0.00 0.86 | F:mu sigma m M 120.6 90.1 19.0 423.0 | H 1.092 | V 0.014 | pL -0.007 | vL 0.001 | delta 0.040
U 71 | F 145408 | FPS 0035 | D 5033 | rR:mu sigma m M 0.00 0.00 0.00 0.00 | F:mu sigma m M 129.4 104.2 23.0 464.0 | H 1.097 | V 0.003 | pL -0.001 | vL 0.000 | delta 0.005
U 72 | F 147456 | FPS 0030 | D 5101 | rR:mu sigma m M 0.05 0.18 0.00 0.75 | F:mu sigma m M 152.4 122.6 23.0 464.0 | H 1.094 | V 0.002 | pL -0.005 | vL 0.000 | delta 0.016
U 73 | F 149504 | FPS 0029 | D 5172 | rR:mu sigma m M 0.05 0.18 0.00 0.75 | F:mu sigma m M 192.6 147.3 30.0 590.0 | H 1.098 | V -0.006 | pL -0.002 | vL 0.000 | delta 0.002
U 74 | F 151552 | FPS 0030 | D 5241 | rR:mu sigma m M 0.00 0.00 0.00 0.00 | F:mu sigma m M 145.8 156.3 19.0 577.0 | H 1.098 | V -0.003 | pL -0.002 | vL 0.000 | delta 0.001
U 75 | F 153600 | FPS 0033 | D 5304 | rR:mu sigma m M 0.05 0.19 0.00 0.77 | F:mu sigma m M 176.8 157.3 19.0 561.0 | H 1.094 | V 0.021 | pL -0.010 | vL 0.002 | delta 0.022
U 76 | F 155648 | FPS 0035 | D 5362 | rR:mu sigma m M 0.11 0.28 0.00 0.88 | F:mu sigma m M 118.2 70.5 36.0 307.0 | H 1.081 | V 0.018 | pL -0.002 | vL 0.001 | delta 0.028
U 77 | F 157696 | FPS 0032 | D 5426 | rR:mu sigma m M 0.00 0.00 0.00 0.00 | F:mu sigma m M 170.4 96.1 44.0 387.0 | H 1.098 | V -0.006 | pL -0.003 | vL 0.000 | delta 0.003
U 78 | F 159744 | FPS 0029 | D 5496 | rR:mu sigma m M 0.00 0.00 0.00 0.00 | F:mu sigma m M 140.6 163.4 29.0 756.0 | H 1.098 | V -0.005 | pL -0.003 | vL 0.000 | delta 0.002
U 79 | F 161792 | FPS 0033 | D 5558 | rR:mu sigma m M 0.00 0.00 0.00 0.00 | F:mu sigma m M 120.7 50.3 54.0 230.0 | H 1.098 | V -0.002 | pL -0.001 | vL 0.000 | delta 0.001
U 80 | F 163840 | FPS 0035 | D 5617 | rR:mu sigma m M 0.10 0.27 0.00 0.85 | F:mu sigma m M 127.1 59.9 33.0 230.0 | H 1.094 | V 0.011 | pL -0.014 | vL 0.002 | delta 0.014
U 81 | F 165888 | FPS 0029 | D 5688 | rR:mu sigma m M 0.05 0.20 0.00 0.85 | F:mu sigma m M 133.3 82.8 40.0 320.0 | H 1.098 | V -0.002 | pL -0.001 | vL 0.000 | delta 0.002
U 82 | F 167936 | FPS 0029 | D 5759 | rR:mu sigma m M 0.00 0.00 0.00 0.00 | F:mu sigma m M 195.9 131.6 46.0 525.0 | H 1.098 | V -0.001 | pL -0.001 | vL 0.000 | delta 0.001
U 83 | F 169984 | FPS 0030 | D 5827 | rR:mu sigma m M 0.00 0.00 0.00 0.00 | F:mu sigma m M 215.7 136.9 58.0 525.0 | H 1.098 | V -0.001 | pL -0.000 | vL 0.000 | delta 0.001
U 84 | F 172032 | FPS 0029 | D 5898 | rR:mu sigma m M 0.00 0.00 0.00 0.00 | F:mu sigma m M 192.2 149.4 36.0 470.0 | H 1.098 | V -0.001 | pL -0.000 | vL 0.000 | delta 0.001
U 85 | F 174080 | FPS 0033 | D 5961 | rR:mu sigma m M 0.04 0.15 0.00 0.61 | F:mu sigma m M 173.9 154.7 33.0 458.0 | H 1.097 | V 0.007 | pL -0.005 | vL 0.000 | delta 0.010
U 86 | F 176128 | FPS 0033 | D 6024 | rR:mu sigma m M 0.00 0.00 0.00 0.00 | F:mu sigma m M 226.4 210.2 22.0 754.0 | H 1.098 | V -0.003 | pL -0.001 | vL 0.000 | delta 0.001
U 87 | F 178176 | FPS 0035 | D 6083 | rR:mu sigma m M 0.00 0.00 0.00 0.00 | F:mu sigma m M 128.1 62.9 34.0 315.0 | H 1.098 | V -0.001 | pL -0.000 | vL 0.000 | delta 0.001
U 88 | F 180224 | FPS 0027 | D 6158 | rR:mu sigma m M 0.00 0.00 0.00 0.00 | F:mu sigma m M 158.9 155.6 36.0 680.0 | H 1.098 | V 0.002 | pL 0.000 | vL 0.000 | delta 0.004
U 89 | F 182272 | FPS 0031 | D 6224 | rR:mu sigma m M 0.00 0.00 0.00 0.00 | F:mu sigma m M 160.5 132.3 42.0 573.0 | H 1.099 | V 0.001 | pL -0.000 | vL 0.000 | delta 0.001
U 90 | F 184320 | FPS 0028 | D 6296 | rR:mu sigma m M 0.05 0.20 0.00 0.82 | F:mu sigma m M 186.4 150.8 11.0 573.0 | H 1.095 | V 0.006 | pL -0.007 | vL 0.001 | delta 0.020
U 91 | F 186368 | FPS 0031 | D 6363 | rR:mu sigma m M 0.00 0.00 0.00 0.00 | F:mu sigma m M 126.0 71.6 11.0 233.0 | H 1.098 | V 0.004 | pL 0.001 | vL 0.000 | delta 0.004
U 92 | F 188416 | FPS 0027 | D 6439 | rR:mu sigma m M 0.00 0.00 0.00 0.00 | F:mu sigma m M 158.9 164.7 19.0 702.0 | H 1.098 | V 0.003 | pL 0.001 | vL 0.000 | delta 0.002
U 93 | F 190464 | FPS 0029 | D 6509 | rR:mu sigma m M 0.00 0.00 0.00 0.00 | F:mu sigma m M 168.7 164.5 24.0 702.0 | H 1.098 | V 0.003 | pL -0.001 | vL 0.000 | delta 0.004
U 94 | F 192512 | FPS 0032 | D 6574 | rR:mu sigma m M 0.00 0.00 0.00 0.00 | F:mu sigma m M 140.7 77.4 49.0 315.0 | H 1.092 | V 0.017 | pL 0.004 | vL 0.001 | delta 0.018
U 95 | F 194560 | FPS 0029 | D 6645 | rR:mu sigma m M 0.00 0.00 0.00 0.00 | F:mu sigma m M 170.0 150.8 31.0 669.0 | H 1.098 | V 0.002 | pL 0.001 | vL 0.000 | delta 0.003
U 96 | F 196608 | FPS 0034 | D 6705 | rR:mu sigma m M 0.00 0.00 0.00 0.00 | F:mu sigma m M 148.3 121.3 25.0 408.0 | H 1.098 | V 0.000 | pL -0.000 | vL 0.000 | delta 0.001
U 97 | F 198656 | FPS 0030 | D 6772 | rR:mu sigma m M 0.00 0.00 0.00 0.00 | F:mu sigma m M 162.3 205.4 25.0 826.0 | H 1.098 | V -0.000 | pL -0.000 | vL 0.000 | delta 0.001
U 98 | F 200704 | FPS 0028 | D 6844 | rR:mu sigma m M 0.00 0.00 0.00 0.00 | F:mu sigma m M 169.4 129.8 56.0 517.0 | H 1.098 | V -0.000 | pL -0.000 | vL 0.000 | delta 0.000
U 99 | F 202752 | FPS 0028 | D 6918 | rR:mu sigma m M 0.00 0.00 0.00 0.00 | F:mu sigma m M 177.7 187.3 15.0 633.0 | H 1.098 | V 0.002 | pL 0.000 | vL 0.000 | delta 0.004
U 100 | F 204800 | FPS 0028 | D 6990 | rR:mu sigma m M 0.00 0.00 0.00 0.00 | F:mu sigma m M 198.8 190.9 15.0 633.0 | H 1.098 | V 0.004 | pL -0.000 | vL 0.000 | delta 0.002
U 101 | F 206848 | FPS 0027 | D 7067 | rR:mu sigma m M 0.00 0.00 0.00 0.00 | F:mu sigma m M 163.2 110.7 26.0 408.0 | H 1.098 | V 0.003 | pL 0.001 | vL 0.000 | delta 0.002
U 102 | F 208896 | FPS 0029 | D 7138 | rR:mu sigma m M 0.00 0.00 0.00 0.00 | F:mu sigma m M 161.2 117.0 14.0 449.0 | H 1.098 | V 0.002 | pL -0.000 | vL 0.000 | delta 0.001
U 103 | F 210944 | FPS 0027 | D 7214 | rR:mu sigma m M 0.00 0.00 0.00 0.00 | F:mu sigma m M 194.8 134.5 35.0 485.0 | H 1.098 | V 0.001 | pL 0.000 | vL 0.000 | delta 0.001
U 104 | F 212992 | FPS 0029 | D 7284 | rR:mu sigma m M 0.00 0.00 0.00 0.00 | F:mu sigma m M 115.2 114.6 28.0 485.0 | H 1.098 | V 0.001 | pL 0.000 | vL 0.000 | delta 0.001
U 105 | F 215040 | FPS 0027 | D 7361 | rR:mu sigma m M 0.00 0.00 0.00 0.00 | F:mu sigma m M 124.8 104.3 28.0 391.0 | H 1.098 | V 0.002 | pL 0.000 | vL 0.000 | delta 0.001
U 106 | F 217088 | FPS 0030 | D 7429 | rR:mu sigma m M 0.00 0.00 0.00 0.00 | F:mu sigma m M 155.1 93.7 43.0 371.0 | H 1.098 | V 0.002 | pL -0.000 | vL 0.000 | delta 0.002
U 107 | F 219136 | FPS 0028 | D 7503 | rR:mu sigma m M 0.04 0.15 0.00 0.61 | F:mu sigma m M 174.6 102.6 34.0 394.0 | H 1.095 | V 0.009 | pL -0.004 | vL 0.000 | delta 0.012
U 108 | F 221184 | FPS 0028 | D 7576 | rR:mu sigma m M 0.09 0.23 0.00 0.77 | F:mu sigma m M 157.5 100.3 33.0 394.0 | H 1.095 | V 0.007 | pL -0.005 | vL 0.000 | delta 0.010
U 109 | F 223232 | FPS 0032 | D 7640 | rR:mu sigma m M 0.05 0.18 0.00 0.74 | F:mu sigma m M 181.6 191.0 33.0 857.0 | H 1.091 | V 0.007 | pL -0.008 | vL 0.001 | delta 0.013
U 110 | F 225280 | FPS 0032 | D 7703 | rR:mu sigma m M 0.05 0.19 0.00 0.82 | F:mu sigma m M 183.1 200.4 29.0 900.0 | H 1.091 | V 0.009 | pL -0.002 | vL 0.000 | delta 0.012
U 111 | F 227328 | FPS 0028 | D 7776 | rR:mu sigma m M 0.11 0.28 0.00 0.92 | F:mu sigma m M 126.8 112.4 13.0 472.0 | H 1.093 | V 0.014 | pL -0.015 | vL 0.002 | delta 0.022
U 112 | F 229376 | FPS 0027 | D 7852 | rR:mu sigma m M 0.11 0.28 0.00 0.92 | F:mu sigma m M 119.2 74.8 26.0 275.0 | H 1.096 | V 0.003 | pL -0.003 | vL 0.000 | delta 0.008
U 113 | F 231424 | FPS 0030 | D 7921 | rR:mu sigma m M 0.00 0.00 0.00 0.00 | F:mu sigma m M 153.1 100.9 23.0 338.0 | H 1.094 | V 0.016 | pL -0.000 | vL 0.000 | delta 0.009
U 114 | F 233472 | FPS 0033 | D 7983 | rR:mu sigma m M 0.08 0.22 0.00 0.80 | F:mu sigma m M 195.6 151.8 21.0 515.0 | H 1.092 | V 0.035 | pL -0.007 | vL 0.002 | delta 0.019
U 115 | F 235520 | FPS 0035 | D 8042 | rR:mu sigma m M 0.10 0.26 0.00 0.85 | F:mu sigma m M 118.0 69.4 28.0 315.0 | H 1.088 | V 0.047 | pL -0.005 | vL 0.003 | delta 0.042
U 116 | F 237568 | FPS 0035 | D 8100 | rR:mu sigma m M 0.00 0.00 0.00 0.00 | F:mu sigma m M 162.4 150.3 41.0 672.0 | H 1.073 | V 0.056 | pL 0.010 | vL 0.002 | delta 0.028
U 117 | F 239616 | FPS 0036 | D 8156 | rR:mu sigma m M 0.06 0.21 0.00 0.88 | F:mu sigma m M 180.4 159.7 65.0 743.0 | H 1.059 | V 0.048 | pL -0.002 | vL 0.002 | delta 0.019
U 118 | F 241664 | FPS 0034 | D 8216 | rR:mu sigma m M 0.11 0.28 0.00 0.91 | F:mu sigma m M 116.4 81.4 19.0 298.0 | H 1.050 | V 0.066 | pL -0.004 | vL 0.003 | delta 0.033
U 119 | F 243712 | FPS 0033 | D 8278 | rR:mu sigma m M 0.17 0.33 0.00 0.91 | F:mu sigma m M 132.5 106.9 34.0 404.0 | H 1.051 | V 0.068 | pL -0.013 | vL 0.005 | delta 0.026
U 120 | F 245760 | FPS 0038 | D 8331 | rR:mu sigma m M 0.14 0.30 0.00 0.85 | F:mu sigma m M 123.1 86.6 34.0 370.0 | H 1.050 | V 0.062 | pL -0.007 | vL 0.001 | delta 0.025
U 121 | F 247808 | FPS 0042 | D 8380 | rR:mu sigma m M 0.22 0.38 0.00 0.91 | F:mu sigma m M 110.9 65.1 11.0 229.0 | H 1.001 | V 0.102 | pL -0.032 | vL 0.006 | delta 0.056
U 122 | F 249856 | FPS 0041 | D 8430 | rR:mu sigma m M 0.35 0.42 0.00 0.95 | F:mu sigma m M 128.0 85.0 28.0 349.0 | H 0.904 | V 0.182 | pL -0.029 | vL 0.010 | delta 0.069
U 123 | F 251904 | FPS 0046 | D 8474 | rR:mu sigma m M 0.55 0.45 0.00 0.94 | F:mu sigma m M 77.1 30.7 22.0 174.0 | H 0.779 | V 0.238 | pL -0.072 | vL 0.013 | delta 0.092
U 124 | F 253952 | FPS 0050 | D 8516 | rR:mu sigma m M 0.76 0.35 0.00 0.97 | F:mu sigma m M 81.0 37.2 25.0 144.0 | H 0.608 | V 0.417 | pL -0.077 | vL 0.013 | delta 0.100
U 125 | F 256000 | FPS 0058 | D 8551 | rR:mu sigma m M 0.87 0.22 0.00 0.97 | F:mu sigma m M 72.3 39.5 14.0 199.0 | H 0.597 | V 0.553 | pL -0.082 | vL 0.009 | delta 0.086
U 126 | F 258048 | FPS 0064 | D 8583 | rR:mu sigma m M 0.95 0.03 0.79 0.98 | F:mu sigma m M 54.8 31.7 25.0 213.0 | H 0.562 | V 0.609 | pL -0.085 | vL 0.007 | delta 0.083
agent reach optimality, start collecting trajectories
agent successfully collected 10 trajectories
pickling optimal trajectories
Model successfully saved
/home/rdali/.local/easybuild/software/2017/Core/miniconda3/4.3.27/envs/observe/lib/python3.6/site-packages/torch/nn/functional.py:1906: UserWarning: reduction: 'mean' divides the total loss by both the batch size and the support size.'batchmean' divides only by the batch size, and aligns with the KL div math definition.'mean' will be changed to behave the same as 'batchmean' in the next major release.
  warnings.warn("reduction: 'mean' divides the total loss by both the batch size and the support size."
