The following modules were not unloaded:
  (Use "module --force purge" to unload all):

  1) StdEnv/2018.3     4) gcccore/.7.3.0      7) intel/2018.3
  2) nixpkgs/16.09     5) icc/.2018.3.222     8) openmpi/3.1.2
  3) imkl/2018.3.222   6) ifort/.2018.3.222

Due to MODULEPATH changes, the following have been reloaded:
  1) openmpi/3.1.2

Attention: While Conda works well in a desktop environment, it tends to create more problems than it solves on a cluster. Instead, we recommend that users use virtual environments and the binary packages that we provide through Python wheels as documented on the Python page.
/home/rdali/RL/watch_and_learn/dependency/rl-starter-files/scripts/train_agent_multidem.py --env MiniGrid-LavaCrossingAddictO8S15-v0 --algo ppo --nameDemonstrator LavaCrossing1508Addict1,LavaCrossing1508Addict2,LavaCrossing1508Addict3,LavaCrossing1508Addict4,LavaCrossing1508Addict10,LavaCrossing1508Addict11,LavaCrossing1508Addict12,LavaCrossing1508Addict13 --flat-model 0 --useKL 0 --meanReward 0.80 --rewardLB 0.70 --seed 1727

Namespace(KLweight=0.0001, algo='ppo', batch_size=256, clip_eps=0.2, discount=0.99, entropy_coef=0.01, env='MiniGrid-LavaCrossingAddictO8S15-v0', epochs=4, flat_model=0, frames=10000000, frames_per_proc=None, full_obs=0, gae_lambda=0.95, log_interval=1, lr=0.0007, max_grad_norm=0.5, meanReward=0.8, mem=False, model=None, nameDemonstrator='LavaCrossing1508Addict1,LavaCrossing1508Addict2,LavaCrossing1508Addict3,LavaCrossing1508Addict4,LavaCrossing1508Addict10,LavaCrossing1508Addict11,LavaCrossing1508Addict12,LavaCrossing1508Addict13', optim_alpha=0.99, optim_eps=1e-05, procs=16, recurrence=1, rewardLB=0.7, save_interval=0, seed=1727, tb=False, text=False, useKL=0, value_loss_coef=0.5)

Flat model successfully created

ACModel(
  (image_conv): Sequential(
    (0): Conv2d(3, 32, kernel_size=(2, 2), stride=(1, 1))
    (1): ReLU()
    (2): MaxPool2d(kernel_size=(2, 2), stride=(2, 2), padding=0, dilation=1, ceil_mode=False)
    (3): Conv2d(32, 64, kernel_size=(2, 2), stride=(1, 1))
    (4): ReLU()
    (5): Conv2d(64, 64, kernel_size=(2, 2), stride=(1, 1))
    (6): ReLU()
  )
  (actor): Sequential(
    (0): Linear(in_features=1600, out_features=64, bias=True)
    (1): Tanh()
    (2): Linear(in_features=64, out_features=3, bias=True)
  )
  (critic): Sequential(
    (0): Linear(in_features=1600, out_features=64, bias=True)
    (1): Tanh()
    (2): Linear(in_features=64, out_features=1, bias=True)
  )
)

CUDA available: False

0
False
0.0001
Using TensorFlow backend.
OMP: Info #212: KMP_AFFINITY: decoding x2APIC ids.
OMP: Info #210: KMP_AFFINITY: Affinity capable, using global cpuid leaf 11 info
OMP: Info #154: KMP_AFFINITY: Initial OS proc set respected: 13,15,24,26,28
OMP: Info #156: KMP_AFFINITY: 5 available OS procs
OMP: Info #158: KMP_AFFINITY: Nonuniform topology
OMP: Info #179: KMP_AFFINITY: 2 packages x 3 cores/pkg x 1 threads/core (5 total cores)
OMP: Info #214: KMP_AFFINITY: OS proc to physical thread map:
OMP: Info #171: KMP_AFFINITY: OS proc 24 maps to package 0 core 17 
OMP: Info #171: KMP_AFFINITY: OS proc 28 maps to package 0 core 18 
OMP: Info #171: KMP_AFFINITY: OS proc 26 maps to package 0 core 19 
OMP: Info #171: KMP_AFFINITY: OS proc 13 maps to package 1 core 8 
OMP: Info #171: KMP_AFFINITY: OS proc 15 maps to package 1 core 11 
OMP: Info #250: KMP_AFFINITY: pid 185808 tid 185808 thread 0 bound to OS proc set 24
OMP: Info #250: KMP_AFFINITY: pid 185808 tid 186083 thread 1 bound to OS proc set 13
OMP: Info #250: KMP_AFFINITY: pid 185808 tid 186085 thread 2 bound to OS proc set 28
OMP: Info #250: KMP_AFFINITY: pid 185808 tid 186086 thread 3 bound to OS proc set 15
OMP: Info #250: KMP_AFFINITY: pid 185808 tid 186089 thread 4 bound to OS proc set 26
OMP: Info #250: KMP_AFFINITY: pid 185808 tid 186131 thread 5 bound to OS proc set 24
OMP: Info #250: KMP_AFFINITY: pid 185808 tid 186132 thread 6 bound to OS proc set 13
OMP: Info #250: KMP_AFFINITY: pid 185808 tid 186133 thread 7 bound to OS proc set 28
OMP: Info #250: KMP_AFFINITY: pid 185808 tid 186134 thread 8 bound to OS proc set 15
OMP: Info #250: KMP_AFFINITY: pid 185808 tid 186135 thread 9 bound to OS proc set 26
U 1 | F 002048 | FPS 0791 | D 2 | rR:mu sigma m M 0.00 0.00 0.00 0.00 | F:mu sigma m M 38.4 41.5 0.0 113.0 | H 1.099 | V -0.051 | pL -0.012 | vL 0.001 | delta 0.052
U 2 | F 004096 | FPS 0805 | D 5 | rR:mu sigma m M 0.00 0.00 0.00 0.00 | F:mu sigma m M 131.5 72.2 22.0 254.0 | H 1.097 | V -0.028 | pL -0.008 | vL 0.000 | delta 0.005
U 3 | F 006144 | FPS 0841 | D 7 | rR:mu sigma m M 0.00 0.00 0.00 0.00 | F:mu sigma m M 143.0 89.9 37.0 288.0 | H 1.098 | V -0.024 | pL -0.007 | vL 0.000 | delta 0.004
U 4 | F 008192 | FPS 0870 | D 9 | rR:mu sigma m M 0.00 0.00 0.00 0.00 | F:mu sigma m M 158.4 114.4 37.0 396.0 | H 1.099 | V -0.015 | pL -0.005 | vL 0.000 | delta 0.002
U 5 | F 010240 | FPS 0850 | D 12 | rR:mu sigma m M 0.00 0.00 0.00 0.00 | F:mu sigma m M 151.1 108.8 34.0 396.0 | H 1.099 | V -0.013 | pL -0.004 | vL 0.000 | delta 0.002
U 6 | F 012288 | FPS 0905 | D 14 | rR:mu sigma m M 0.00 0.00 0.00 0.00 | F:mu sigma m M 125.9 86.2 26.0 306.0 | H 1.098 | V -0.011 | pL -0.003 | vL 0.000 | delta 0.001
U 7 | F 014336 | FPS 0901 | D 16 | rR:mu sigma m M 0.00 0.00 0.00 0.00 | F:mu sigma m M 141.0 118.5 19.0 435.0 | H 1.098 | V -0.008 | pL -0.003 | vL 0.000 | delta 0.001
U 8 | F 016384 | FPS 0896 | D 19 | rR:mu sigma m M 0.00 0.00 0.00 0.00 | F:mu sigma m M 189.7 188.6 19.0 810.0 | H 1.099 | V -0.007 | pL -0.002 | vL 0.000 | delta 0.001
U 9 | F 018432 | FPS 0807 | D 21 | rR:mu sigma m M 0.00 0.00 0.00 0.00 | F:mu sigma m M 185.8 191.5 31.0 732.0 | H 1.099 | V -0.006 | pL -0.002 | vL 0.000 | delta 0.001
U 10 | F 020480 | FPS 0910 | D 23 | rR:mu sigma m M 0.00 0.00 0.00 0.00 | F:mu sigma m M 183.2 169.3 31.0 732.0 | H 1.099 | V -0.004 | pL -0.001 | vL 0.000 | delta 0.001
U 11 | F 022528 | FPS 0905 | D 26 | rR:mu sigma m M 0.00 0.00 0.00 0.00 | F:mu sigma m M 127.8 89.9 26.0 357.0 | H 1.099 | V -0.003 | pL -0.001 | vL 0.000 | delta 0.000
U 12 | F 024576 | FPS 0909 | D 28 | rR:mu sigma m M 0.00 0.00 0.00 0.00 | F:mu sigma m M 191.0 218.6 26.0 900.0 | H 1.099 | V -0.003 | pL -0.001 | vL 0.000 | delta 0.000
U 13 | F 026624 | FPS 0907 | D 30 | rR:mu sigma m M 0.00 0.00 0.00 0.00 | F:mu sigma m M 179.9 125.8 47.0 435.0 | H 1.099 | V -0.002 | pL -0.000 | vL 0.000 | delta 0.000
U 14 | F 028672 | FPS 0899 | D 33 | rR:mu sigma m M 0.00 0.00 0.00 0.00 | F:mu sigma m M 215.9 162.5 47.0 563.0 | H 1.099 | V -0.002 | pL -0.000 | vL 0.000 | delta 0.000
U 15 | F 030720 | FPS 0827 | D 35 | rR:mu sigma m M 0.00 0.00 0.00 0.00 | F:mu sigma m M 168.8 104.9 45.0 369.0 | H 1.099 | V -0.001 | pL -0.000 | vL 0.000 | delta 0.000
U 16 | F 032768 | FPS 0894 | D 37 | rR:mu sigma m M 0.00 0.00 0.00 0.00 | F:mu sigma m M 116.9 76.9 45.0 336.0 | H 1.099 | V -0.001 | pL -0.000 | vL 0.000 | delta 0.000
U 17 | F 034816 | FPS 0905 | D 40 | rR:mu sigma m M 0.01 0.05 0.00 0.21 | F:mu sigma m M 252.0 270.6 28.0 900.0 | H 1.097 | V 0.001 | pL -0.002 | vL 0.000 | delta 0.005
U 18 | F 036864 | FPS 0904 | D 42 | rR:mu sigma m M 0.00 0.00 0.00 0.00 | F:mu sigma m M 190.2 198.1 27.0 647.0 | H 1.099 | V 0.000 | pL -0.000 | vL 0.000 | delta 0.001
U 19 | F 038912 | FPS 0889 | D 44 | rR:mu sigma m M 0.07 0.19 0.00 0.62 | F:mu sigma m M 254.2 183.4 38.0 647.0 | H 1.095 | V 0.008 | pL -0.009 | vL 0.001 | delta 0.018
U 20 | F 040960 | FPS 0840 | D 47 | rR:mu sigma m M 0.00 0.00 0.00 0.00 | F:mu sigma m M 129.7 92.1 27.0 402.0 | H 1.098 | V -0.003 | pL -0.001 | vL 0.000 | delta 0.007
U 21 | F 043008 | FPS 0811 | D 49 | rR:mu sigma m M 0.00 0.00 0.00 0.00 | F:mu sigma m M 137.4 103.0 27.0 402.0 | H 1.098 | V -0.003 | pL -0.001 | vL 0.000 | delta 0.004
U 22 | F 045056 | FPS 0757 | D 52 | rR:mu sigma m M 0.00 0.00 0.00 0.00 | F:mu sigma m M 166.7 144.4 42.0 500.0 | H 1.098 | V -0.002 | pL -0.001 | vL 0.000 | delta 0.001
U 23 | F 047104 | FPS 0796 | D 54 | rR:mu sigma m M 0.00 0.00 0.00 0.00 | F:mu sigma m M 139.9 111.8 13.0 447.0 | H 1.099 | V -0.002 | pL -0.001 | vL 0.000 | delta 0.001
U 24 | F 049152 | FPS 0780 | D 57 | rR:mu sigma m M 0.00 0.00 0.00 0.00 | F:mu sigma m M 136.1 116.9 13.0 447.0 | H 1.099 | V -0.002 | pL -0.001 | vL 0.000 | delta 0.000
U 25 | F 051200 | FPS 0813 | D 60 | rR:mu sigma m M 0.00 0.00 0.00 0.00 | F:mu sigma m M 166.6 84.4 42.0 312.0 | H 1.099 | V -0.001 | pL -0.000 | vL 0.000 | delta 0.000
U 26 | F 053248 | FPS 0843 | D 62 | rR:mu sigma m M 0.00 0.00 0.00 0.00 | F:mu sigma m M 111.4 78.1 13.0 318.0 | H 1.099 | V -0.001 | pL -0.000 | vL 0.000 | delta 0.000
U 27 | F 055296 | FPS 0824 | D 64 | rR:mu sigma m M 0.00 0.00 0.00 0.00 | F:mu sigma m M 130.8 80.3 13.0 318.0 | H 1.099 | V -0.000 | pL -0.000 | vL 0.000 | delta 0.001
U 28 | F 057344 | FPS 0794 | D 67 | rR:mu sigma m M 0.00 0.00 0.00 0.00 | F:mu sigma m M 219.4 176.2 31.0 712.0 | H 1.099 | V -0.000 | pL -0.000 | vL 0.000 | delta 0.001
U 29 | F 059392 | FPS 0839 | D 69 | rR:mu sigma m M 0.00 0.00 0.00 0.00 | F:mu sigma m M 216.7 195.5 31.0 712.0 | H 1.099 | V -0.000 | pL -0.000 | vL 0.000 | delta 0.000
U 30 | F 061440 | FPS 0847 | D 72 | rR:mu sigma m M 0.00 0.00 0.00 0.00 | F:mu sigma m M 165.4 99.8 35.0 446.0 | H 1.099 | V 0.000 | pL 0.000 | vL 0.000 | delta 0.000
U 31 | F 063488 | FPS 0838 | D 74 | rR:mu sigma m M 0.00 0.00 0.00 0.00 | F:mu sigma m M 178.9 112.3 30.0 400.0 | H 1.099 | V 0.000 | pL 0.000 | vL 0.000 | delta 0.000
U 32 | F 065536 | FPS 0812 | D 77 | rR:mu sigma m M 0.04 0.14 0.00 0.60 | F:mu sigma m M 146.2 101.5 34.0 404.0 | H 1.098 | V 0.009 | pL -0.004 | vL 0.000 | delta 0.007
U 33 | F 067584 | FPS 0836 | D 79 | rR:mu sigma m M 0.00 0.00 0.00 0.00 | F:mu sigma m M 126.7 126.5 17.0 539.0 | H 1.099 | V 0.004 | pL 0.001 | vL 0.000 | delta 0.001
U 34 | F 069632 | FPS 0758 | D 82 | rR:mu sigma m M 0.00 0.00 0.00 0.00 | F:mu sigma m M 169.9 130.2 14.0 433.0 | H 1.099 | V 0.004 | pL 0.001 | vL 0.000 | delta 0.003
U 35 | F 071680 | FPS 0828 | D 84 | rR:mu sigma m M 0.00 0.00 0.00 0.00 | F:mu sigma m M 135.6 110.8 19.0 433.0 | H 1.094 | V 0.009 | pL 0.002 | vL 0.000 | delta 0.008
U 36 | F 073728 | FPS 0804 | D 87 | rR:mu sigma m M 0.03 0.13 0.00 0.56 | F:mu sigma m M 184.4 121.4 32.0 443.0 | H 1.095 | V 0.007 | pL -0.005 | vL 0.000 | delta 0.012
U 37 | F 075776 | FPS 0800 | D 90 | rR:mu sigma m M 0.03 0.13 0.00 0.56 | F:mu sigma m M 168.6 127.5 32.0 443.0 | H 1.098 | V -0.002 | pL -0.002 | vL 0.000 | delta 0.005
U 38 | F 077824 | FPS 0838 | D 92 | rR:mu sigma m M 0.00 0.00 0.00 0.00 | F:mu sigma m M 147.1 125.5 27.0 420.0 | H 1.098 | V -0.003 | pL -0.000 | vL 0.000 | delta 0.002
U 39 | F 079872 | FPS 0757 | D 95 | rR:mu sigma m M 0.00 0.00 0.00 0.00 | F:mu sigma m M 285.1 149.9 38.0 577.0 | H 1.099 | V -0.002 | pL -0.000 | vL 0.000 | delta 0.001
U 40 | F 081920 | FPS 0800 | D 97 | rR:mu sigma m M 0.00 0.00 0.00 0.00 | F:mu sigma m M 273.9 220.6 64.0 900.0 | H 1.099 | V -0.001 | pL -0.000 | vL 0.000 | delta 0.002
U 41 | F 083968 | FPS 0809 | D 100 | rR:mu sigma m M 0.00 0.00 0.00 0.00 | F:mu sigma m M 216.1 214.8 53.0 900.0 | H 1.099 | V 0.000 | pL -0.000 | vL 0.000 | delta 0.001
U 42 | F 086016 | FPS 0832 | D 102 | rR:mu sigma m M 0.00 0.00 0.00 0.00 | F:mu sigma m M 214.7 135.7 53.0 497.0 | H 1.099 | V 0.000 | pL 0.000 | vL 0.000 | delta 0.000
U 43 | F 088064 | FPS 0829 | D 105 | rR:mu sigma m M 0.00 0.00 0.00 0.00 | F:mu sigma m M 212.9 141.0 23.0 497.0 | H 1.099 | V 0.000 | pL 0.000 | vL 0.000 | delta 0.000
U 44 | F 090112 | FPS 0754 | D 107 | rR:mu sigma m M 0.00 0.00 0.00 0.00 | F:mu sigma m M 265.3 229.2 38.0 709.0 | H 1.099 | V 0.000 | pL 0.000 | vL 0.000 | delta 0.000
U 45 | F 092160 | FPS 0766 | D 110 | rR:mu sigma m M 0.00 0.00 0.00 0.00 | F:mu sigma m M 314.8 228.6 29.0 709.0 | H 1.099 | V 0.001 | pL 0.000 | vL 0.000 | delta 0.001
U 46 | F 094208 | FPS 0831 | D 113 | rR:mu sigma m M 0.00 0.00 0.00 0.00 | F:mu sigma m M 187.9 143.9 30.0 526.0 | H 1.099 | V 0.000 | pL 0.000 | vL 0.000 | delta 0.000
U 47 | F 096256 | FPS 0812 | D 115 | rR:mu sigma m M 0.00 0.00 0.00 0.00 | F:mu sigma m M 218.0 168.4 15.0 530.0 | H 1.099 | V 0.000 | pL -0.000 | vL 0.000 | delta 0.000
U 48 | F 098304 | FPS 0834 | D 118 | rR:mu sigma m M 0.05 0.21 0.00 0.88 | F:mu sigma m M 75.4 66.9 8.0 300.0 | H 1.094 | V 0.007 | pL -0.007 | vL 0.002 | delta 0.028
U 49 | F 100352 | FPS 0849 | D 120 | rR:mu sigma m M 0.05 0.21 0.00 0.88 | F:mu sigma m M 173.6 179.7 27.0 564.0 | H 1.098 | V 0.005 | pL 0.001 | vL 0.000 | delta 0.004
U 50 | F 102400 | FPS 0805 | D 123 | rR:mu sigma m M 0.00 0.00 0.00 0.00 | F:mu sigma m M 150.0 128.4 32.0 445.0 | H 1.098 | V 0.003 | pL 0.001 | vL 0.000 | delta 0.002
U 51 | F 104448 | FPS 0785 | D 125 | rR:mu sigma m M 0.00 0.00 0.00 0.00 | F:mu sigma m M 120.1 112.0 13.0 448.0 | H 1.099 | V 0.002 | pL 0.001 | vL 0.000 | delta 0.001
U 52 | F 106496 | FPS 0829 | D 128 | rR:mu sigma m M 0.00 0.00 0.00 0.00 | F:mu sigma m M 109.8 92.9 31.0 448.0 | H 1.099 | V 0.002 | pL 0.001 | vL 0.000 | delta 0.002
U 53 | F 108544 | FPS 0835 | D 130 | rR:mu sigma m M 0.00 0.00 0.00 0.00 | F:mu sigma m M 118.6 43.4 40.0 202.0 | H 1.099 | V 0.001 | pL 0.000 | vL 0.000 | delta 0.001
U 54 | F 110592 | FPS 0789 | D 133 | rR:mu sigma m M 0.00 0.00 0.00 0.00 | F:mu sigma m M 201.2 117.2 79.0 458.0 | H 1.098 | V 0.004 | pL 0.001 | vL 0.000 | delta 0.004
U 55 | F 112640 | FPS 0826 | D 135 | rR:mu sigma m M 0.00 0.00 0.00 0.00 | F:mu sigma m M 293.0 172.0 54.0 626.0 | H 1.097 | V 0.004 | pL 0.001 | vL 0.000 | delta 0.003
U 56 | F 114688 | FPS 0815 | D 138 | rR:mu sigma m M 0.00 0.00 0.00 0.00 | F:mu sigma m M 160.7 101.1 43.0 391.0 | H 1.099 | V 0.003 | pL 0.001 | vL 0.000 | delta 0.001
U 57 | F 116736 | FPS 0756 | D 140 | rR:mu sigma m M 0.00 0.00 0.00 0.00 | F:mu sigma m M 115.1 105.4 37.0 465.0 | H 1.098 | V 0.004 | pL 0.001 | vL 0.000 | delta 0.001
U 58 | F 118784 | FPS 0837 | D 143 | rR:mu sigma m M 0.00 0.00 0.00 0.00 | F:mu sigma m M 110.8 79.3 16.0 343.0 | H 1.099 | V 0.002 | pL 0.001 | vL 0.000 | delta 0.001
U 59 | F 120832 | FPS 0844 | D 145 | rR:mu sigma m M 0.00 0.00 0.00 0.00 | F:mu sigma m M 192.9 142.6 33.0 584.0 | H 1.099 | V 0.002 | pL 0.001 | vL 0.000 | delta 0.000
U 60 | F 122880 | FPS 0822 | D 148 | rR:mu sigma m M 0.03 0.11 0.00 0.47 | F:mu sigma m M 136.6 114.7 29.0 527.0 | H 1.098 | V -0.002 | pL -0.003 | vL 0.001 | delta 0.054
U 61 | F 124928 | FPS 0848 | D 150 | rR:mu sigma m M 0.00 0.00 0.00 0.00 | F:mu sigma m M 184.0 169.8 42.0 638.0 | H 1.098 | V 0.013 | pL 0.004 | vL 0.000 | delta 0.002
U 62 | F 126976 | FPS 0849 | D 153 | rR:mu sigma m M 0.00 0.00 0.00 0.00 | F:mu sigma m M 149.0 115.9 19.0 511.0 | H 1.098 | V 0.009 | pL 0.003 | vL 0.000 | delta 0.001
U 63 | F 129024 | FPS 0782 | D 155 | rR:mu sigma m M 0.00 0.00 0.00 0.00 | F:mu sigma m M 178.9 130.2 19.0 511.0 | H 1.099 | V 0.008 | pL 0.002 | vL 0.000 | delta 0.001
U 64 | F 131072 | FPS 0851 | D 158 | rR:mu sigma m M 0.00 0.00 0.00 0.00 | F:mu sigma m M 171.9 93.4 52.0 366.0 | H 1.098 | V 0.010 | pL 0.002 | vL 0.000 | delta 0.001
U 65 | F 133120 | FPS 0837 | D 160 | rR:mu sigma m M 0.04 0.16 0.00 0.68 | F:mu sigma m M 205.6 140.8 42.0 570.0 | H 1.098 | V 0.005 | pL 0.000 | vL 0.000 | delta 0.005
U 66 | F 135168 | FPS 0833 | D 163 | rR:mu sigma m M 0.00 0.00 0.00 0.00 | F:mu sigma m M 130.9 112.6 32.0 454.0 | H 1.098 | V 0.006 | pL 0.002 | vL 0.000 | delta 0.005
U 67 | F 137216 | FPS 0806 | D 165 | rR:mu sigma m M 0.00 0.00 0.00 0.00 | F:mu sigma m M 132.4 105.2 32.0 454.0 | H 1.099 | V 0.004 | pL -0.000 | vL 0.000 | delta 0.003
U 68 | F 139264 | FPS 0825 | D 168 | rR:mu sigma m M 0.00 0.00 0.00 0.00 | F:mu sigma m M 171.7 132.0 26.0 462.0 | H 1.099 | V 0.001 | pL 0.000 | vL 0.000 | delta 0.002
U 69 | F 141312 | FPS 0765 | D 170 | rR:mu sigma m M 0.00 0.00 0.00 0.00 | F:mu sigma m M 128.1 101.2 31.0 343.0 | H 1.099 | V 0.001 | pL 0.001 | vL 0.000 | delta 0.001
U 70 | F 143360 | FPS 0840 | D 173 | rR:mu sigma m M 0.00 0.00 0.00 0.00 | F:mu sigma m M 160.7 126.1 27.0 529.0 | H 1.099 | V 0.001 | pL 0.000 | vL 0.000 | delta 0.000
U 71 | F 145408 | FPS 0838 | D 175 | rR:mu sigma m M 0.00 0.00 0.00 0.00 | F:mu sigma m M 135.9 91.4 21.0 321.0 | H 1.099 | V 0.001 | pL 0.000 | vL 0.000 | delta 0.000
U 72 | F 147456 | FPS 0826 | D 178 | rR:mu sigma m M 0.00 0.00 0.00 0.00 | F:mu sigma m M 150.9 94.2 18.0 372.0 | H 1.099 | V 0.001 | pL 0.000 | vL 0.000 | delta 0.000
U 73 | F 149504 | FPS 0827 | D 180 | rR:mu sigma m M 0.00 0.00 0.00 0.00 | F:mu sigma m M 176.6 103.2 63.0 367.0 | H 1.099 | V 0.000 | pL 0.000 | vL 0.000 | delta 0.000
U 74 | F 151552 | FPS 0809 | D 183 | rR:mu sigma m M 0.00 0.00 0.00 0.00 | F:mu sigma m M 152.8 143.1 28.0 656.0 | H 1.099 | V 0.000 | pL 0.000 | vL 0.000 | delta 0.000
U 75 | F 153600 | FPS 0722 | D 185 | rR:mu sigma m M 0.00 0.00 0.00 0.00 | F:mu sigma m M 136.3 89.7 15.0 350.0 | H 1.099 | V 0.001 | pL 0.000 | vL 0.000 | delta 0.001
U 76 | F 155648 | FPS 0799 | D 188 | rR:mu sigma m M 0.04 0.17 0.00 0.69 | F:mu sigma m M 165.9 107.9 15.0 370.0 | H 1.093 | V 0.007 | pL -0.006 | vL 0.001 | delta 0.011
U 77 | F 157696 | FPS 0815 | D 191 | rR:mu sigma m M 0.04 0.17 0.00 0.69 | F:mu sigma m M 172.6 102.7 16.0 370.0 | H 1.098 | V 0.002 | pL 0.001 | vL 0.000 | delta 0.001
U 78 | F 159744 | FPS 0812 | D 193 | rR:mu sigma m M 0.00 0.00 0.00 0.00 | F:mu sigma m M 113.9 78.8 16.0 330.0 | H 1.099 | V 0.002 | pL 0.001 | vL 0.000 | delta 0.000
U 79 | F 161792 | FPS 0778 | D 196 | rR:mu sigma m M 0.00 0.00 0.00 0.00 | F:mu sigma m M 180.2 116.3 49.0 419.0 | H 1.098 | V 0.002 | pL 0.000 | vL 0.000 | delta 0.001
U 80 | F 163840 | FPS 0765 | D 198 | rR:mu sigma m M 0.00 0.00 0.00 0.00 | F:mu sigma m M 139.8 101.9 42.0 437.0 | H 1.099 | V 0.001 | pL 0.000 | vL 0.000 | delta 0.000
U 81 | F 165888 | FPS 0734 | D 201 | rR:mu sigma m M 0.05 0.21 0.00 0.86 | F:mu sigma m M 213.8 170.0 52.0 642.0 | H 1.090 | V 0.009 | pL -0.006 | vL 0.001 | delta 0.013
U 82 | F 167936 | FPS 0811 | D 204 | rR:mu sigma m M 0.05 0.21 0.00 0.86 | F:mu sigma m M 187.7 163.6 22.0 642.0 | H 1.098 | V 0.004 | pL 0.001 | vL 0.000 | delta 0.001
U 83 | F 169984 | FPS 0810 | D 206 | rR:mu sigma m M 0.00 0.00 0.00 0.00 | F:mu sigma m M 238.5 141.7 22.0 458.0 | H 1.098 | V 0.004 | pL 0.001 | vL 0.000 | delta 0.001
U 84 | F 172032 | FPS 0805 | D 209 | rR:mu sigma m M 0.00 0.00 0.00 0.00 | F:mu sigma m M 145.4 113.7 17.0 395.0 | H 1.099 | V 0.003 | pL 0.001 | vL 0.000 | delta 0.001
U 85 | F 174080 | FPS 0797 | D 211 | rR:mu sigma m M 0.00 0.00 0.00 0.00 | F:mu sigma m M 165.8 78.3 32.0 328.0 | H 1.099 | V 0.003 | pL 0.001 | vL 0.000 | delta 0.001
U 86 | F 176128 | FPS 0818 | D 214 | rR:mu sigma m M 0.00 0.00 0.00 0.00 | F:mu sigma m M 148.9 113.1 36.0 461.0 | H 1.099 | V 0.002 | pL 0.001 | vL 0.000 | delta 0.001
U 87 | F 178176 | FPS 0758 | D 217 | rR:mu sigma m M 0.00 0.00 0.00 0.00 | F:mu sigma m M 164.1 112.3 26.0 426.0 | H 1.099 | V 0.002 | pL 0.001 | vL 0.000 | delta 0.000
U 88 | F 180224 | FPS 0816 | D 219 | rR:mu sigma m M 0.00 0.00 0.00 0.00 | F:mu sigma m M 164.3 87.4 30.0 348.0 | H 1.099 | V 0.002 | pL 0.000 | vL 0.000 | delta 0.000
U 89 | F 182272 | FPS 0797 | D 222 | rR:mu sigma m M 0.00 0.00 0.00 0.00 | F:mu sigma m M 172.7 116.4 30.0 444.0 | H 1.098 | V 0.008 | pL -0.001 | vL 0.000 | delta 0.004
U 90 | F 184320 | FPS 0791 | D 224 | rR:mu sigma m M 0.05 0.19 0.00 0.77 | F:mu sigma m M 177.4 114.0 41.0 444.0 | H 1.096 | V 0.007 | pL -0.005 | vL 0.001 | delta 0.012
U 91 | F 186368 | FPS 0813 | D 227 | rR:mu sigma m M 0.00 0.00 0.00 0.00 | F:mu sigma m M 186.9 82.8 74.0 312.0 | H 1.099 | V 0.001 | pL 0.000 | vL 0.000 | delta 0.001
U 92 | F 188416 | FPS 0823 | D 229 | rR:mu sigma m M 0.00 0.00 0.00 0.00 | F:mu sigma m M 127.1 87.1 24.0 346.0 | H 1.099 | V 0.001 | pL -0.000 | vL 0.000 | delta 0.004
U 93 | F 190464 | FPS 0765 | D 232 | rR:mu sigma m M 0.00 0.00 0.00 0.00 | F:mu sigma m M 151.1 83.9 31.0 313.0 | H 1.099 | V 0.003 | pL 0.001 | vL 0.000 | delta 0.002
U 94 | F 192512 | FPS 0824 | D 234 | rR:mu sigma m M 0.00 0.00 0.00 0.00 | F:mu sigma m M 152.9 101.2 31.0 417.0 | H 1.098 | V 0.004 | pL 0.001 | vL 0.000 | delta 0.003
U 95 | F 194560 | FPS 0810 | D 237 | rR:mu sigma m M 0.00 0.00 0.00 0.00 | F:mu sigma m M 159.4 135.9 15.0 558.0 | H 1.099 | V 0.001 | pL 0.000 | vL 0.000 | delta 0.000
U 96 | F 196608 | FPS 0812 | D 239 | rR:mu sigma m M 0.00 0.00 0.00 0.00 | F:mu sigma m M 141.4 115.8 19.0 413.0 | H 1.098 | V 0.004 | pL -0.001 | vL 0.000 | delta 0.002
U 97 | F 198656 | FPS 0821 | D 242 | rR:mu sigma m M 0.05 0.18 0.00 0.76 | F:mu sigma m M 154.9 121.2 14.0 425.0 | H 1.097 | V 0.001 | pL -0.003 | vL 0.001 | delta 0.026
U 98 | F 200704 | FPS 0719 | D 245 | rR:mu sigma m M 0.00 0.00 0.00 0.00 | F:mu sigma m M 184.8 169.4 14.0 588.0 | H 1.096 | V 0.010 | pL 0.000 | vL 0.000 | delta 0.011
U 99 | F 202752 | FPS 0812 | D 247 | rR:mu sigma m M 0.00 0.00 0.00 0.00 | F:mu sigma m M 189.5 132.5 38.0 499.0 | H 1.098 | V -0.001 | pL -0.000 | vL 0.000 | delta 0.004
U 100 | F 204800 | FPS 0819 | D 250 | rR:mu sigma m M 0.00 0.00 0.00 0.00 | F:mu sigma m M 233.4 145.6 64.0 587.0 | H 1.094 | V 0.007 | pL -0.000 | vL 0.000 | delta 0.009
U 101 | F 206848 | FPS 0810 | D 252 | rR:mu sigma m M 0.00 0.00 0.00 0.00 | F:mu sigma m M 177.4 129.3 24.0 587.0 | H 1.098 | V 0.001 | pL -0.000 | vL 0.000 | delta 0.004
U 102 | F 208896 | FPS 0822 | D 255 | rR:mu sigma m M 0.00 0.00 0.00 0.00 | F:mu sigma m M 175.8 149.8 24.0 501.0 | H 1.099 | V 0.001 | pL -0.000 | vL 0.000 | delta 0.001
U 103 | F 210944 | FPS 0826 | D 257 | rR:mu sigma m M 0.00 0.00 0.00 0.00 | F:mu sigma m M 173.0 138.2 15.0 479.0 | H 1.098 | V 0.001 | pL 0.001 | vL 0.000 | delta 0.002
U 104 | F 212992 | FPS 0766 | D 260 | rR:mu sigma m M 0.00 0.00 0.00 0.00 | F:mu sigma m M 188.4 135.4 49.0 599.0 | H 1.097 | V 0.001 | pL 0.000 | vL 0.000 | delta 0.001
U 105 | F 215040 | FPS 0818 | D 262 | rR:mu sigma m M 0.00 0.00 0.00 0.00 | F:mu sigma m M 167.6 156.1 40.0 562.0 | H 1.099 | V 0.000 | pL -0.000 | vL 0.000 | delta 0.001
U 106 | F 217088 | FPS 0830 | D 265 | rR:mu sigma m M 0.00 0.00 0.00 0.00 | F:mu sigma m M 175.5 147.2 22.0 562.0 | H 1.099 | V 0.000 | pL -0.000 | vL 0.000 | delta 0.000
U 107 | F 219136 | FPS 0811 | D 267 | rR:mu sigma m M 0.00 0.00 0.00 0.00 | F:mu sigma m M 143.8 131.8 19.0 534.0 | H 1.099 | V 0.000 | pL 0.000 | vL 0.000 | delta 0.000
U 108 | F 221184 | FPS 0818 | D 270 | rR:mu sigma m M 0.05 0.19 0.00 0.80 | F:mu sigma m M 152.5 159.4 17.0 534.0 | H 1.096 | V 0.009 | pL -0.007 | vL 0.001 | delta 0.019
U 109 | F 223232 | FPS 0831 | D 272 | rR:mu sigma m M 0.05 0.19 0.00 0.80 | F:mu sigma m M 177.5 137.2 23.0 516.0 | H 1.098 | V 0.007 | pL 0.001 | vL 0.000 | delta 0.002
U 110 | F 225280 | FPS 0766 | D 275 | rR:mu sigma m M 0.00 0.00 0.00 0.00 | F:mu sigma m M 155.9 145.6 35.0 578.0 | H 1.098 | V 0.006 | pL 0.002 | vL 0.000 | delta 0.002
U 111 | F 227328 | FPS 0804 | D 278 | rR:mu sigma m M 0.00 0.00 0.00 0.00 | F:mu sigma m M 191.6 157.0 35.0 578.0 | H 1.098 | V 0.006 | pL 0.001 | vL 0.000 | delta 0.001
U 112 | F 229376 | FPS 0823 | D 280 | rR:mu sigma m M 0.00 0.00 0.00 0.00 | F:mu sigma m M 165.6 106.1 38.0 450.0 | H 1.099 | V 0.004 | pL 0.001 | vL 0.000 | delta 0.001
U 113 | F 231424 | FPS 0823 | D 283 | rR:mu sigma m M 0.00 0.00 0.00 0.00 | F:mu sigma m M 188.4 136.4 35.0 506.0 | H 1.099 | V 0.003 | pL 0.001 | vL 0.000 | delta 0.001
U 114 | F 233472 | FPS 0820 | D 285 | rR:mu sigma m M 0.00 0.00 0.00 0.00 | F:mu sigma m M 141.3 107.0 40.0 473.0 | H 1.099 | V 0.003 | pL 0.001 | vL 0.000 | delta 0.000
U 115 | F 235520 | FPS 0786 | D 288 | rR:mu sigma m M 0.00 0.00 0.00 0.00 | F:mu sigma m M 179.1 127.9 27.0 473.0 | H 1.099 | V 0.002 | pL 0.001 | vL 0.000 | delta 0.000
U 116 | F 237568 | FPS 0701 | D 291 | rR:mu sigma m M 0.00 0.00 0.00 0.00 | F:mu sigma m M 165.3 162.9 32.0 551.0 | H 1.099 | V 0.002 | pL 0.001 | vL 0.000 | delta 0.000
U 117 | F 239616 | FPS 0713 | D 294 | rR:mu sigma m M 0.00 0.00 0.00 0.00 | F:mu sigma m M 127.9 133.7 24.0 551.0 | H 1.099 | V 0.002 | pL 0.000 | vL 0.000 | delta 0.000
U 118 | F 241664 | FPS 0787 | D 296 | rR:mu sigma m M 0.00 0.00 0.00 0.00 | F:mu sigma m M 250.6 172.7 34.0 608.0 | H 1.099 | V 0.001 | pL 0.000 | vL 0.000 | delta 0.000
U 119 | F 243712 | FPS 0789 | D 299 | rR:mu sigma m M 0.00 0.00 0.00 0.00 | F:mu sigma m M 239.0 187.2 34.0 608.0 | H 1.099 | V 0.001 | pL 0.000 | vL 0.000 | delta 0.000
U 120 | F 245760 | FPS 0779 | D 301 | rR:mu sigma m M 0.00 0.00 0.00 0.00 | F:mu sigma m M 184.6 140.2 45.0 527.0 | H 1.099 | V 0.001 | pL 0.000 | vL 0.000 | delta 0.000
U 121 | F 247808 | FPS 0749 | D 304 | rR:mu sigma m M 0.00 0.00 0.00 0.00 | F:mu sigma m M 173.1 116.5 23.0 402.0 | H 1.099 | V 0.001 | pL 0.000 | vL 0.000 | delta 0.000
U 122 | F 249856 | FPS 0721 | D 307 | rR:mu sigma m M 0.00 0.00 0.00 0.00 | F:mu sigma m M 158.3 158.7 23.0 595.0 | H 1.099 | V 0.001 | pL 0.000 | vL 0.000 | delta 0.000
U 123 | F 251904 | FPS 0790 | D 310 | rR:mu sigma m M 0.00 0.00 0.00 0.00 | F:mu sigma m M 191.8 150.8 48.0 538.0 | H 1.097 | V 0.012 | pL 0.001 | vL 0.000 | delta 0.012
U 124 | F 253952 | FPS 0798 | D 312 | rR:mu sigma m M 0.00 0.00 0.00 0.00 | F:mu sigma m M 151.6 113.5 23.0 465.0 | H 1.098 | V 0.002 | pL 0.001 | vL 0.000 | delta 0.003
U 125 | F 256000 | FPS 0800 | D 315 | rR:mu sigma m M 0.00 0.00 0.00 0.00 | F:mu sigma m M 171.4 138.6 23.0 590.0 | H 1.099 | V 0.004 | pL 0.001 | vL 0.000 | delta 0.001
U 126 | F 258048 | FPS 0801 | D 317 | rR:mu sigma m M 0.00 0.00 0.00 0.00 | F:mu sigma m M 220.4 173.8 25.0 590.0 | H 1.098 | V 0.003 | pL 0.001 | vL 0.000 | delta 0.002
U 127 | F 260096 | FPS 0735 | D 320 | rR:mu sigma m M 0.00 0.00 0.00 0.00 | F:mu sigma m M 178.4 103.8 58.0 367.0 | H 1.099 | V 0.003 | pL 0.001 | vL 0.000 | delta 0.001
U 128 | F 262144 | FPS 0755 | D 323 | rR:mu sigma m M 0.00 0.00 0.00 0.00 | F:mu sigma m M 158.2 104.6 20.0 395.0 | H 1.099 | V 0.003 | pL 0.001 | vL 0.000 | delta 0.001
U 129 | F 264192 | FPS 0785 | D 325 | rR:mu sigma m M 0.00 0.00 0.00 0.00 | F:mu sigma m M 197.0 224.6 16.0 900.0 | H 1.099 | V 0.002 | pL 0.001 | vL 0.000 | delta 0.000
U 130 | F 266240 | FPS 0781 | D 328 | rR:mu sigma m M 0.00 0.00 0.00 0.00 | F:mu sigma m M 173.4 135.6 16.0 579.0 | H 1.098 | V 0.004 | pL 0.001 | vL 0.000 | delta 0.002
U 131 | F 268288 | FPS 0789 | D 331 | rR:mu sigma m M 0.04 0.15 0.00 0.63 | F:mu sigma m M 178.1 90.5 55.0 374.0 | H 1.098 | V 0.007 | pL -0.003 | vL 0.000 | delta 0.006
U 132 | F 270336 | FPS 0799 | D 333 | rR:mu sigma m M 0.00 0.00 0.00 0.00 | F:mu sigma m M 152.0 108.7 15.0 495.0 | H 1.099 | V 0.001 | pL 0.000 | vL 0.000 | delta 0.003
U 133 | F 272384 | FPS 0745 | D 336 | rR:mu sigma m M 0.00 0.00 0.00 0.00 | F:mu sigma m M 222.9 205.4 39.0 900.0 | H 1.099 | V 0.002 | pL 0.001 | vL 0.000 | delta 0.001
U 134 | F 274432 | FPS 0806 | D 338 | rR:mu sigma m M 0.00 0.00 0.00 0.00 | F:mu sigma m M 168.6 196.4 14.0 900.0 | H 1.099 | V 0.001 | pL 0.000 | vL 0.000 | delta 0.001
U 135 | F 276480 | FPS 0782 | D 341 | rR:mu sigma m M 0.00 0.00 0.00 0.00 | F:mu sigma m M 163.0 114.7 21.0 400.0 | H 1.099 | V 0.001 | pL 0.000 | vL 0.000 | delta 0.001
U 136 | F 278528 | FPS 0792 | D 344 | rR:mu sigma m M 0.00 0.00 0.00 0.00 | F:mu sigma m M 142.6 118.3 21.0 428.0 | H 1.099 | V 0.000 | pL 0.000 | vL 0.000 | delta 0.000
U 137 | F 280576 | FPS 0800 | D 346 | rR:mu sigma m M 0.00 0.00 0.00 0.00 | F:mu sigma m M 131.8 108.1 26.0 457.0 | H 1.099 | V 0.000 | pL 0.000 | vL 0.000 | delta 0.000
U 138 | F 282624 | FPS 0792 | D 349 | rR:mu sigma m M 0.00 0.00 0.00 0.00 | F:mu sigma m M 159.7 117.4 32.0 457.0 | H 1.099 | V 0.001 | pL -0.000 | vL 0.000 | delta 0.001
U 139 | F 284672 | FPS 0734 | D 352 | rR:mu sigma m M 0.00 0.00 0.00 0.00 | F:mu sigma m M 209.2 132.7 19.0 465.0 | H 1.098 | V 0.008 | pL 0.003 | vL 0.000 | delta 0.003
U 140 | F 286720 | FPS 0772 | D 354 | rR:mu sigma m M 0.00 0.00 0.00 0.00 | F:mu sigma m M 176.9 134.9 44.0 550.0 | H 1.099 | V 0.002 | pL 0.000 | vL 0.000 | delta 0.000
U 141 | F 288768 | FPS 0798 | D 357 | rR:mu sigma m M 0.00 0.00 0.00 0.00 | F:mu sigma m M 206.8 176.5 24.0 625.0 | H 1.099 | V 0.002 | pL 0.000 | vL 0.000 | delta 0.001
U 142 | F 290816 | FPS 0792 | D 359 | rR:mu sigma m M 0.00 0.00 0.00 0.00 | F:mu sigma m M 204.2 110.2 24.0 413.0 | H 1.099 | V 0.002 | pL 0.000 | vL 0.000 | delta 0.000
U 143 | F 292864 | FPS 0777 | D 362 | rR:mu sigma m M 0.00 0.00 0.00 0.00 | F:mu sigma m M 130.9 81.5 27.0 356.0 | H 1.099 | V 0.001 | pL 0.000 | vL 0.000 | delta 0.000
U 144 | F 294912 | FPS 0700 | D 365 | rR:mu sigma m M 0.00 0.00 0.00 0.00 | F:mu sigma m M 157.3 144.5 17.0 540.0 | H 1.099 | V 0.001 | pL 0.000 | vL 0.000 | delta 0.000
U 145 | F 296960 | FPS 0712 | D 368 | rR:mu sigma m M 0.00 0.00 0.00 0.00 | F:mu sigma m M 231.6 208.9 17.0 751.0 | H 1.099 | V 0.001 | pL 0.000 | vL 0.000 | delta 0.000
U 146 | F 299008 | FPS 0725 | D 371 | rR:mu sigma m M 0.00 0.00 0.00 0.00 | F:mu sigma m M 204.9 227.7 18.0 751.0 | H 1.099 | V 0.001 | pL 0.000 | vL 0.000 | delta 0.000
U 147 | F 301056 | FPS 0762 | D 373 | rR:mu sigma m M 0.00 0.00 0.00 0.00 | F:mu sigma m M 203.0 179.1 42.0 746.0 | H 1.099 | V 0.001 | pL 0.000 | vL 0.000 | delta 0.000
U 148 | F 303104 | FPS 0775 | D 376 | rR:mu sigma m M 0.00 0.00 0.00 0.00 | F:mu sigma m M 205.0 136.8 28.0 560.0 | H 1.099 | V 0.000 | pL 0.000 | vL 0.000 | delta 0.000
U 149 | F 305152 | FPS 0769 | D 379 | rR:mu sigma m M 0.00 0.00 0.00 0.00 | F:mu sigma m M 236.0 185.9 33.0 746.0 | H 1.099 | V 0.000 | pL 0.000 | vL 0.000 | delta 0.000
U 150 | F 307200 | FPS 0716 | D 381 | rR:mu sigma m M 0.00 0.00 0.00 0.00 | F:mu sigma m M 147.8 68.2 51.0 289.0 | H 1.098 | V 0.001 | pL -0.000 | vL 0.000 | delta 0.001
U 151 | F 309248 | FPS 0762 | D 384 | rR:mu sigma m M 0.00 0.00 0.00 0.00 | F:mu sigma m M 122.6 50.8 45.0 220.0 | H 1.098 | V 0.002 | pL 0.001 | vL 0.000 | delta 0.002
U 152 | F 311296 | FPS 0757 | D 387 | rR:mu sigma m M 0.00 0.00 0.00 0.00 | F:mu sigma m M 199.4 149.6 41.0 512.0 | H 1.098 | V 0.002 | pL 0.001 | vL 0.000 | delta 0.001
U 153 | F 313344 | FPS 0769 | D 390 | rR:mu sigma m M 0.00 0.00 0.00 0.00 | F:mu sigma m M 176.9 133.1 41.0 512.0 | H 1.099 | V 0.001 | pL 0.000 | vL 0.000 | delta 0.001
U 154 | F 315392 | FPS 0749 | D 392 | rR:mu sigma m M 0.00 0.00 0.00 0.00 | F:mu sigma m M 151.1 100.5 45.0 441.0 | H 1.099 | V 0.001 | pL 0.000 | vL 0.000 | delta 0.000
U 155 | F 317440 | FPS 0717 | D 395 | rR:mu sigma m M 0.00 0.00 0.00 0.00 | F:mu sigma m M 242.0 192.2 29.0 644.0 | H 1.099 | V 0.001 | pL 0.000 | vL 0.000 | delta 0.001
U 156 | F 319488 | FPS 0776 | D 398 | rR:mu sigma m M 0.00 0.00 0.00 0.00 | F:mu sigma m M 156.0 104.9 38.0 446.0 | H 1.099 | V 0.001 | pL 0.000 | vL 0.000 | delta 0.000
U 157 | F 321536 | FPS 0759 | D 400 | rR:mu sigma m M 0.00 0.00 0.00 0.00 | F:mu sigma m M 107.6 61.6 30.0 237.0 | H 1.099 | V 0.001 | pL 0.000 | vL 0.000 | delta 0.001
U 158 | F 323584 | FPS 0768 | D 403 | rR:mu sigma m M 0.03 0.11 0.00 0.45 | F:mu sigma m M 220.1 174.2 30.0 683.0 | H 1.098 | V 0.004 | pL -0.003 | vL 0.000 | delta 0.010
U 159 | F 325632 | FPS 0716 | D 406 | rR:mu sigma m M 0.03 0.11 0.00 0.45 | F:mu sigma m M 276.9 157.5 118.0 683.0 | H 1.099 | V 0.001 | pL 0.000 | vL 0.000 | delta 0.000
U 160 | F 327680 | FPS 0723 | D 409 | rR:mu sigma m M 0.00 0.00 0.00 0.00 | F:mu sigma m M 250.8 202.5 40.0 900.0 | H 1.099 | V 0.001 | pL 0.000 | vL 0.000 | delta 0.000
U 161 | F 329728 | FPS 0707 | D 412 | rR:mu sigma m M 0.00 0.00 0.00 0.00 | F:mu sigma m M 176.4 109.8 40.0 379.0 | H 1.099 | V 0.001 | pL 0.000 | vL 0.000 | delta 0.000
U 162 | F 331776 | FPS 0778 | D 414 | rR:mu sigma m M 0.00 0.00 0.00 0.00 | F:mu sigma m M 187.6 118.6 42.0 428.0 | H 1.098 | V 0.003 | pL -0.000 | vL 0.000 | delta 0.002
U 163 | F 333824 | FPS 0755 | D 417 | rR:mu sigma m M 0.00 0.00 0.00 0.00 | F:mu sigma m M 229.6 143.1 31.0 432.0 | H 1.098 | V 0.003 | pL 0.002 | vL 0.000 | delta 0.005
U 164 | F 335872 | FPS 0789 | D 420 | rR:mu sigma m M 0.00 0.00 0.00 0.00 | F:mu sigma m M 233.6 146.5 31.0 598.0 | H 1.099 | V -0.002 | pL -0.000 | vL 0.000 | delta 0.001
U 165 | F 337920 | FPS 0739 | D 422 | rR:mu sigma m M 0.00 0.00 0.00 0.00 | F:mu sigma m M 132.1 82.7 22.0 301.0 | H 1.099 | V -0.001 | pL -0.000 | vL 0.000 | delta 0.000
U 166 | F 339968 | FPS 0730 | D 425 | rR:mu sigma m M 0.00 0.00 0.00 0.00 | F:mu sigma m M 177.6 195.5 19.0 847.0 | H 1.099 | V -0.001 | pL -0.000 | vL 0.000 | delta 0.000
U 167 | F 342016 | FPS 0790 | D 428 | rR:mu sigma m M 0.00 0.00 0.00 0.00 | F:mu sigma m M 130.4 95.0 19.0 439.0 | H 1.099 | V -0.001 | pL -0.000 | vL 0.000 | delta 0.000
U 168 | F 344064 | FPS 0779 | D 430 | rR:mu sigma m M 0.00 0.00 0.00 0.00 | F:mu sigma m M 225.1 238.6 27.0 880.0 | H 1.099 | V -0.000 | pL -0.000 | vL 0.000 | delta 0.001
U 169 | F 346112 | FPS 0726 | D 433 | rR:mu sigma m M 0.00 0.00 0.00 0.00 | F:mu sigma m M 173.7 184.0 26.0 660.0 | H 1.097 | V 0.001 | pL 0.000 | vL 0.000 | delta 0.002
U 170 | F 348160 | FPS 0790 | D 436 | rR:mu sigma m M 0.00 0.00 0.00 0.00 | F:mu sigma m M 121.8 80.2 11.0 269.0 | H 1.099 | V -0.000 | pL -0.000 | vL 0.000 | delta 0.000
U 171 | F 350208 | FPS 0802 | D 438 | rR:mu sigma m M 0.00 0.00 0.00 0.00 | F:mu sigma m M 120.1 75.6 30.0 269.0 | H 1.099 | V -0.000 | pL -0.000 | vL 0.000 | delta 0.000
U 172 | F 352256 | FPS 0747 | D 441 | rR:mu sigma m M 0.00 0.00 0.00 0.00 | F:mu sigma m M 174.4 198.1 30.0 900.0 | H 1.099 | V 0.001 | pL 0.000 | vL 0.000 | delta 0.002
U 173 | F 354304 | FPS 0793 | D 444 | rR:mu sigma m M 0.04 0.16 0.00 0.68 | F:mu sigma m M 302.3 212.0 28.0 900.0 | H 1.097 | V 0.007 | pL -0.005 | vL 0.001 | delta 0.008
U 174 | F 356352 | FPS 0787 | D 446 | rR:mu sigma m M 0.04 0.16 0.00 0.68 | F:mu sigma m M 176.1 130.3 28.0 575.0 | H 1.099 | V 0.001 | pL 0.000 | vL 0.000 | delta 0.001
U 175 | F 358400 | FPS 0782 | D 449 | rR:mu sigma m M 0.00 0.00 0.00 0.00 | F:mu sigma m M 108.6 72.3 30.0 261.0 | H 1.099 | V 0.001 | pL 0.000 | vL 0.000 | delta 0.000
U 176 | F 360448 | FPS 0795 | D 452 | rR:mu sigma m M 0.00 0.00 0.00 0.00 | F:mu sigma m M 172.8 116.1 35.0 395.0 | H 1.099 | V 0.001 | pL 0.000 | vL 0.000 | delta 0.000
U 177 | F 362496 | FPS 0795 | D 454 | rR:mu sigma m M 0.00 0.00 0.00 0.00 | F:mu sigma m M 139.9 81.2 51.0 379.0 | H 1.099 | V 0.001 | pL 0.000 | vL 0.000 | delta 0.000
U 178 | F 364544 | FPS 0734 | D 457 | rR:mu sigma m M 0.00 0.00 0.00 0.00 | F:mu sigma m M 183.2 140.5 55.0 613.0 | H 1.099 | V 0.001 | pL -0.000 | vL 0.000 | delta 0.001
U 179 | F 366592 | FPS 0771 | D 460 | rR:mu sigma m M 0.00 0.00 0.00 0.00 | F:mu sigma m M 211.6 252.3 19.0 900.0 | H 1.099 | V 0.000 | pL 0.000 | vL 0.000 | delta 0.001
U 180 | F 368640 | FPS 0762 | D 462 | rR:mu sigma m M 0.00 0.00 0.00 0.00 | F:mu sigma m M 134.4 92.1 19.0 332.0 | H 1.099 | V 0.001 | pL -0.000 | vL 0.000 | delta 0.001
U 181 | F 370688 | FPS 0762 | D 465 | rR:mu sigma m M 0.00 0.00 0.00 0.00 | F:mu sigma m M 154.8 122.0 32.0 514.0 | H 1.098 | V 0.003 | pL 0.001 | vL 0.000 | delta 0.003
U 182 | F 372736 | FPS 0755 | D 468 | rR:mu sigma m M 0.00 0.00 0.00 0.00 | F:mu sigma m M 244.8 196.5 43.0 808.0 | H 1.098 | V 0.002 | pL 0.000 | vL 0.000 | delta 0.003
U 183 | F 374784 | FPS 0709 | D 471 | rR:mu sigma m M 0.00 0.00 0.00 0.00 | F:mu sigma m M 153.5 85.2 50.0 377.0 | H 1.099 | V 0.003 | pL 0.001 | vL 0.000 | delta 0.002
U 184 | F 376832 | FPS 0787 | D 473 | rR:mu sigma m M 0.00 0.00 0.00 0.00 | F:mu sigma m M 180.5 157.2 32.0 613.0 | H 1.099 | V 0.003 | pL 0.001 | vL 0.000 | delta 0.001
U 185 | F 378880 | FPS 0785 | D 476 | rR:mu sigma m M 0.00 0.00 0.00 0.00 | F:mu sigma m M 198.9 144.0 24.0 510.0 | H 1.098 | V 0.003 | pL 0.001 | vL 0.000 | delta 0.001
U 186 | F 380928 | FPS 0788 | D 478 | rR:mu sigma m M 0.00 0.00 0.00 0.00 | F:mu sigma m M 137.9 94.0 24.0 366.0 | H 1.099 | V 0.002 | pL 0.000 | vL 0.000 | delta 0.000
U 187 | F 382976 | FPS 0780 | D 481 | rR:mu sigma m M 0.00 0.00 0.00 0.00 | F:mu sigma m M 105.6 64.7 24.0 258.0 | H 1.099 | V 0.002 | pL 0.000 | vL 0.000 | delta 0.001
U 188 | F 385024 | FPS 0764 | D 484 | rR:mu sigma m M 0.09 0.24 0.00 0.82 | F:mu sigma m M 217.3 142.2 34.0 518.0 | H 1.097 | V 0.013 | pL -0.011 | vL 0.002 | delta 0.029
U 189 | F 387072 | FPS 0742 | D 486 | rR:mu sigma m M 0.00 0.00 0.00 0.00 | F:mu sigma m M 188.1 161.4 14.0 537.0 | H 1.098 | V -0.008 | pL -0.003 | vL 0.000 | delta 0.001
U 190 | F 389120 | FPS 0791 | D 489 | rR:mu sigma m M 0.00 0.00 0.00 0.00 | F:mu sigma m M 144.0 133.2 14.0 537.0 | H 1.099 | V -0.006 | pL -0.001 | vL 0.000 | delta 0.001
U 191 | F 391168 | FPS 0780 | D 492 | rR:mu sigma m M 0.00 0.00 0.00 0.00 | F:mu sigma m M 224.2 136.4 44.0 488.0 | H 1.099 | V -0.005 | pL -0.001 | vL 0.000 | delta 0.001
U 192 | F 393216 | FPS 0781 | D 494 | rR:mu sigma m M 0.00 0.00 0.00 0.00 | F:mu sigma m M 210.8 138.3 50.0 475.0 | H 1.099 | V -0.004 | pL -0.001 | vL 0.000 | delta 0.000
U 193 | F 395264 | FPS 0726 | D 497 | rR:mu sigma m M 0.04 0.17 0.00 0.70 | F:mu sigma m M 183.7 144.7 25.0 505.0 | H 1.096 | V 0.000 | pL -0.006 | vL 0.001 | delta 0.026
U 194 | F 397312 | FPS 0721 | D 500 | rR:mu sigma m M 0.00 0.00 0.00 0.00 | F:mu sigma m M 204.6 186.5 21.0 630.0 | H 1.098 | V 0.007 | pL 0.003 | vL 0.000 | delta 0.003
U 195 | F 399360 | FPS 0759 | D 503 | rR:mu sigma m M 0.00 0.00 0.00 0.00 | F:mu sigma m M 135.1 81.0 21.0 315.0 | H 1.098 | V 0.007 | pL 0.002 | vL 0.000 | delta 0.001
U 196 | F 401408 | FPS 0792 | D 505 | rR:mu sigma m M 0.00 0.00 0.00 0.00 | F:mu sigma m M 113.3 60.7 15.0 244.0 | H 1.099 | V 0.005 | pL 0.001 | vL 0.000 | delta 0.001
U 197 | F 403456 | FPS 0761 | D 508 | rR:mu sigma m M 0.00 0.00 0.00 0.00 | F:mu sigma m M 166.8 123.4 34.0 511.0 | H 1.099 | V 0.004 | pL 0.001 | vL 0.000 | delta 0.000
U 198 | F 405504 | FPS 0790 | D 511 | rR:mu sigma m M 0.00 0.00 0.00 0.00 | F:mu sigma m M 141.3 102.3 21.0 377.0 | H 1.099 | V 0.003 | pL 0.001 | vL 0.000 | delta 0.001
U 199 | F 407552 | FPS 0767 | D 513 | rR:mu sigma m M 0.00 0.00 0.00 0.00 | F:mu sigma m M 146.3 160.1 16.0 700.0 | H 1.099 | V 0.002 | pL 0.001 | vL 0.000 | delta 0.000
U 200 | F 409600 | FPS 0734 | D 516 | rR:mu sigma m M 0.04 0.17 0.00 0.70 | F:mu sigma m M 215.4 219.7 14.0 771.0 | H 1.093 | V 0.010 | pL -0.004 | vL 0.001 | delta 0.011
U 201 | F 411648 | FPS 0804 | D 519 | rR:mu sigma m M 0.00 0.00 0.00 0.00 | F:mu sigma m M 159.6 107.5 22.0 376.0 | H 1.098 | V 0.002 | pL 0.001 | vL 0.000 | delta 0.002
U 202 | F 413696 | FPS 0802 | D 521 | rR:mu sigma m M 0.00 0.00 0.00 0.00 | F:mu sigma m M 113.4 101.2 15.0 436.0 | H 1.099 | V -0.000 | pL -0.000 | vL 0.000 | delta 0.000
U 203 | F 415744 | FPS 0800 | D 524 | rR:mu sigma m M 0.00 0.00 0.00 0.00 | F:mu sigma m M 119.2 72.1 17.0 272.0 | H 1.099 | V -0.000 | pL -0.000 | vL 0.000 | delta 0.000
U 204 | F 417792 | FPS 0787 | D 526 | rR:mu sigma m M 0.00 0.00 0.00 0.00 | F:mu sigma m M 193.1 133.2 43.0 572.0 | H 1.099 | V -0.000 | pL -0.000 | vL 0.000 | delta 0.000
U 205 | F 419840 | FPS 0794 | D 529 | rR:mu sigma m M 0.00 0.00 0.00 0.00 | F:mu sigma m M 116.4 88.4 18.0 387.0 | H 1.099 | V -0.000 | pL -0.000 | vL 0.000 | delta 0.000
U 206 | F 421888 | FPS 0740 | D 532 | rR:mu sigma m M 0.00 0.00 0.00 0.00 | F:mu sigma m M 133.8 59.8 40.0 242.0 | H 1.099 | V -0.000 | pL -0.000 | vL 0.000 | delta 0.000
U 207 | F 423936 | FPS 0768 | D 534 | rR:mu sigma m M 0.00 0.00 0.00 0.00 | F:mu sigma m M 95.2 50.7 16.0 196.0 | H 1.098 | V 0.004 | pL -0.002 | vL 0.000 | delta 0.012
U 208 | F 425984 | FPS 0763 | D 537 | rR:mu sigma m M 0.00 0.00 0.00 0.00 | F:mu sigma m M 156.1 132.0 11.0 476.0 | H 1.098 | V 0.005 | pL 0.002 | vL 0.000 | delta 0.004
U 209 | F 428032 | FPS 0784 | D 540 | rR:mu sigma m M 0.00 0.00 0.00 0.00 | F:mu sigma m M 186.1 173.7 22.0 585.0 | H 1.099 | V 0.003 | pL 0.001 | vL 0.000 | delta 0.000
U 210 | F 430080 | FPS 0781 | D 542 | rR:mu sigma m M 0.00 0.00 0.00 0.00 | F:mu sigma m M 159.4 104.3 17.0 356.0 | H 1.099 | V 0.002 | pL 0.001 | vL 0.000 | delta 0.000
U 211 | F 432128 | FPS 0685 | D 545 | rR:mu sigma m M 0.00 0.00 0.00 0.00 | F:mu sigma m M 185.6 110.2 17.0 408.0 | H 1.099 | V 0.002 | pL 0.000 | vL 0.000 | delta 0.001
U 212 | F 434176 | FPS 0763 | D 548 | rR:mu sigma m M 0.00 0.00 0.00 0.00 | F:mu sigma m M 181.1 155.5 42.0 581.0 | H 1.099 | V 0.002 | pL 0.000 | vL 0.000 | delta 0.001
U 213 | F 436224 | FPS 0779 | D 550 | rR:mu sigma m M 0.00 0.00 0.00 0.00 | F:mu sigma m M 138.4 105.7 38.0 445.0 | H 1.099 | V 0.001 | pL 0.000 | vL 0.000 | delta 0.000
U 214 | F 438272 | FPS 0769 | D 553 | rR:mu sigma m M 0.00 0.00 0.00 0.00 | F:mu sigma m M 191.4 125.9 38.0 474.0 | H 1.099 | V 0.001 | pL 0.000 | vL 0.000 | delta 0.000
U 215 | F 440320 | FPS 0739 | D 556 | rR:mu sigma m M 0.00 0.00 0.00 0.00 | F:mu sigma m M 127.1 89.6 21.0 356.0 | H 1.099 | V 0.001 | pL 0.000 | vL 0.000 | delta 0.000
U 216 | F 442368 | FPS 0756 | D 559 | rR:mu sigma m M 0.05 0.19 0.00 0.79 | F:mu sigma m M 108.4 79.0 24.0 249.0 | H 1.093 | V 0.005 | pL -0.007 | vL 0.002 | delta 0.021
U 217 | F 444416 | FPS 0715 | D 561 | rR:mu sigma m M 0.05 0.19 0.00 0.79 | F:mu sigma m M 207.3 213.5 24.0 870.0 | H 1.096 | V 0.019 | pL 0.005 | vL 0.000 | delta 0.005
U 218 | F 446464 | FPS 0779 | D 564 | rR:mu sigma m M 0.00 0.00 0.00 0.00 | F:mu sigma m M 244.4 202.1 70.0 870.0 | H 1.099 | V 0.016 | pL 0.004 | vL 0.000 | delta 0.002
U 219 | F 448512 | FPS 0771 | D 567 | rR:mu sigma m M 0.00 0.00 0.00 0.00 | F:mu sigma m M 165.8 114.0 62.0 484.0 | H 1.098 | V 0.014 | pL 0.004 | vL 0.000 | delta 0.002
U 220 | F 450560 | FPS 0762 | D 569 | rR:mu sigma m M 0.00 0.00 0.00 0.00 | F:mu sigma m M 227.9 194.1 37.0 744.0 | H 1.099 | V 0.011 | pL 0.003 | vL 0.000 | delta 0.001
U 221 | F 452608 | FPS 0743 | D 572 | rR:mu sigma m M 0.00 0.00 0.00 0.00 | F:mu sigma m M 250.6 237.2 23.0 845.0 | H 1.098 | V 0.010 | pL 0.002 | vL 0.000 | delta 0.001
U 222 | F 454656 | FPS 0708 | D 575 | rR:mu sigma m M 0.00 0.00 0.00 0.00 | F:mu sigma m M 233.3 204.9 22.0 845.0 | H 1.099 | V 0.008 | pL 0.002 | vL 0.000 | delta 0.001
U 223 | F 456704 | FPS 0741 | D 578 | rR:mu sigma m M 0.00 0.00 0.00 0.00 | F:mu sigma m M 177.2 142.1 18.0 472.0 | H 1.099 | V 0.006 | pL 0.002 | vL 0.000 | delta 0.000
U 224 | F 458752 | FPS 0743 | D 581 | rR:mu sigma m M 0.00 0.00 0.00 0.00 | F:mu sigma m M 180.7 180.6 18.0 702.0 | H 1.099 | V 0.005 | pL 0.001 | vL 0.000 | delta 0.000
U 225 | F 460800 | FPS 0773 | D 583 | rR:mu sigma m M 0.04 0.17 0.00 0.70 | F:mu sigma m M 184.0 162.4 20.0 702.0 | H 1.097 | V 0.013 | pL -0.004 | vL 0.000 | delta 0.008
U 226 | F 462848 | FPS 0777 | D 586 | rR:mu sigma m M 0.04 0.17 0.00 0.70 | F:mu sigma m M 160.1 119.2 23.0 383.0 | H 1.099 | V 0.005 | pL 0.002 | vL 0.000 | delta 0.001
U 227 | F 464896 | FPS 0775 | D 589 | rR:mu sigma m M 0.00 0.00 0.00 0.00 | F:mu sigma m M 209.0 201.3 29.0 637.0 | H 1.098 | V 0.004 | pL 0.001 | vL 0.000 | delta 0.001
U 228 | F 466944 | FPS 0704 | D 591 | rR:mu sigma m M 0.05 0.20 0.00 0.84 | F:mu sigma m M 213.9 170.0 48.0 637.0 | H 1.095 | V 0.012 | pL -0.006 | vL 0.000 | delta 0.018
U 229 | F 468992 | FPS 0726 | D 594 | rR:mu sigma m M 0.05 0.20 0.00 0.84 | F:mu sigma m M 140.9 81.7 31.0 334.0 | H 1.098 | V 0.007 | pL 0.002 | vL 0.000 | delta 0.006
U 230 | F 471040 | FPS 0781 | D 597 | rR:mu sigma m M 0.00 0.00 0.00 0.00 | F:mu sigma m M 175.2 99.4 38.0 386.0 | H 1.098 | V 0.006 | pL 0.001 | vL 0.000 | delta 0.002
U 231 | F 473088 | FPS 0796 | D 600 | rR:mu sigma m M 0.04 0.15 0.00 0.63 | F:mu sigma m M 196.6 154.8 29.0 656.0 | H 1.096 | V 0.014 | pL -0.002 | vL 0.000 | delta 0.017
U 232 | F 475136 | FPS 0775 | D 602 | rR:mu sigma m M 0.00 0.00 0.00 0.00 | F:mu sigma m M 137.7 93.6 26.0 326.0 | H 1.097 | V 0.006 | pL 0.003 | vL 0.001 | delta 0.008
U 233 | F 477184 | FPS 0752 | D 605 | rR:mu sigma m M 0.00 0.00 0.00 0.00 | F:mu sigma m M 126.9 85.8 28.0 326.0 | H 1.098 | V -0.001 | pL -0.000 | vL 0.000 | delta 0.003
U 234 | F 479232 | FPS 0810 | D 607 | rR:mu sigma m M 0.05 0.17 0.00 0.72 | F:mu sigma m M 220.6 168.8 21.0 573.0 | H 1.094 | V 0.008 | pL -0.006 | vL 0.000 | delta 0.011
U 235 | F 481280 | FPS 0815 | D 610 | rR:mu sigma m M 0.05 0.17 0.00 0.72 | F:mu sigma m M 195.4 176.3 21.0 573.0 | H 1.098 | V 0.003 | pL 0.001 | vL 0.000 | delta 0.002
U 236 | F 483328 | FPS 0797 | D 612 | rR:mu sigma m M 0.00 0.00 0.00 0.00 | F:mu sigma m M 160.4 113.7 41.0 406.0 | H 1.099 | V 0.002 | pL 0.000 | vL 0.000 | delta 0.001
U 237 | F 485376 | FPS 0784 | D 615 | rR:mu sigma m M 0.00 0.00 0.00 0.00 | F:mu sigma m M 205.4 189.7 42.0 801.0 | H 1.098 | V 0.001 | pL 0.000 | vL 0.000 | delta 0.002
U 238 | F 487424 | FPS 0815 | D 618 | rR:mu sigma m M 0.00 0.00 0.00 0.00 | F:mu sigma m M 167.2 190.6 27.0 801.0 | H 1.098 | V 0.000 | pL -0.000 | vL 0.000 | delta 0.001
U 239 | F 489472 | FPS 0759 | D 620 | rR:mu sigma m M 0.00 0.00 0.00 0.00 | F:mu sigma m M 246.4 224.9 40.0 854.0 | H 1.099 | V -0.001 | pL -0.000 | vL 0.000 | delta 0.001
U 240 | F 491520 | FPS 0792 | D 623 | rR:mu sigma m M 0.00 0.00 0.00 0.00 | F:mu sigma m M 257.0 226.6 16.0 854.0 | H 1.099 | V -0.000 | pL -0.000 | vL 0.000 | delta 0.000
U 241 | F 493568 | FPS 0820 | D 625 | rR:mu sigma m M 0.00 0.00 0.00 0.00 | F:mu sigma m M 169.2 126.9 18.0 491.0 | H 1.099 | V -0.000 | pL -0.000 | vL 0.000 | delta 0.000
U 242 | F 495616 | FPS 0826 | D 628 | rR:mu sigma m M 0.00 0.00 0.00 0.00 | F:mu sigma m M 223.1 195.0 18.0 745.0 | H 1.099 | V -0.000 | pL -0.000 | vL 0.000 | delta 0.000
U 243 | F 497664 | FPS 0769 | D 631 | rR:mu sigma m M 0.00 0.00 0.00 0.00 | F:mu sigma m M 173.0 122.0 26.0 430.0 | H 1.099 | V 0.000 | pL -0.000 | vL 0.000 | delta 0.001
U 244 | F 499712 | FPS 0778 | D 633 | rR:mu sigma m M 0.00 0.00 0.00 0.00 | F:mu sigma m M 171.1 119.9 26.0 430.0 | H 1.098 | V 0.000 | pL 0.000 | vL 0.000 | delta 0.002
U 245 | F 501760 | FPS 0759 | D 636 | rR:mu sigma m M 0.00 0.00 0.00 0.00 | F:mu sigma m M 196.2 139.0 26.0 470.0 | H 1.099 | V -0.000 | pL -0.000 | vL 0.000 | delta 0.000
U 246 | F 503808 | FPS 0810 | D 638 | rR:mu sigma m M 0.00 0.00 0.00 0.00 | F:mu sigma m M 135.7 91.2 16.0 300.0 | H 1.099 | V -0.000 | pL -0.000 | vL 0.000 | delta 0.000
U 247 | F 505856 | FPS 0773 | D 641 | rR:mu sigma m M 0.00 0.00 0.00 0.00 | F:mu sigma m M 175.4 93.0 16.0 376.0 | H 1.099 | V -0.000 | pL -0.000 | vL 0.000 | delta 0.000
U 248 | F 507904 | FPS 0773 | D 644 | rR:mu sigma m M 0.00 0.00 0.00 0.00 | F:mu sigma m M 174.6 182.9 42.0 832.0 | H 1.099 | V -0.000 | pL 0.000 | vL 0.000 | delta 0.001
U 249 | F 509952 | FPS 0810 | D 646 | rR:mu sigma m M 0.00 0.00 0.00 0.00 | F:mu sigma m M 129.1 78.9 42.0 335.0 | H 1.099 | V 0.001 | pL 0.000 | vL 0.000 | delta 0.001
U 250 | F 512000 | FPS 0793 | D 649 | rR:mu sigma m M 0.00 0.00 0.00 0.00 | F:mu sigma m M 163.5 118.2 31.0 409.0 | H 1.099 | V 0.000 | pL 0.000 | vL 0.000 | delta 0.000
U 251 | F 514048 | FPS 0734 | D 652 | rR:mu sigma m M 0.00 0.00 0.00 0.00 | F:mu sigma m M 152.2 96.0 38.0 325.0 | H 1.099 | V 0.000 | pL 0.000 | vL 0.000 | delta 0.001
U 252 | F 516096 | FPS 0777 | D 654 | rR:mu sigma m M 0.00 0.00 0.00 0.00 | F:mu sigma m M 160.6 117.6 38.0 535.0 | H 1.099 | V 0.000 | pL 0.000 | vL 0.000 | delta 0.000
U 253 | F 518144 | FPS 0752 | D 657 | rR:mu sigma m M 0.00 0.00 0.00 0.00 | F:mu sigma m M 193.6 174.3 24.0 685.0 | H 1.099 | V 0.000 | pL 0.000 | vL 0.000 | delta 0.001
U 254 | F 520192 | FPS 0736 | D 660 | rR:mu sigma m M 0.00 0.00 0.00 0.00 | F:mu sigma m M 205.5 187.5 24.0 685.0 | H 1.098 | V 0.001 | pL 0.000 | vL 0.000 | delta 0.004
U 255 | F 522240 | FPS 0751 | D 662 | rR:mu sigma m M 0.04 0.14 0.00 0.60 | F:mu sigma m M 233.6 187.4 24.0 566.0 | H 1.098 | V 0.004 | pL -0.001 | vL 0.000 | delta 0.014
U 256 | F 524288 | FPS 0705 | D 665 | rR:mu sigma m M 0.00 0.00 0.00 0.00 | F:mu sigma m M 196.4 163.8 13.0 564.0 | H 1.099 | V -0.002 | pL -0.000 | vL 0.000 | delta 0.001
U 257 | F 526336 | FPS 0743 | D 668 | rR:mu sigma m M 0.00 0.00 0.00 0.00 | F:mu sigma m M 279.6 244.8 25.0 809.0 | H 1.098 | V -0.001 | pL -0.000 | vL 0.000 | delta 0.002
U 258 | F 528384 | FPS 0735 | D 671 | rR:mu sigma m M 0.00 0.00 0.00 0.00 | F:mu sigma m M 196.1 191.3 25.0 809.0 | H 1.099 | V -0.001 | pL -0.000 | vL 0.000 | delta 0.000
U 259 | F 530432 | FPS 0735 | D 674 | rR:mu sigma m M 0.00 0.00 0.00 0.00 | F:mu sigma m M 125.1 83.4 12.0 263.0 | H 1.098 | V 0.000 | pL -0.001 | vL 0.000 | delta 0.006
U 260 | F 532480 | FPS 0760 | D 676 | rR:mu sigma m M 0.00 0.00 0.00 0.00 | F:mu sigma m M 201.9 133.8 12.0 435.0 | H 1.095 | V 0.015 | pL 0.005 | vL 0.000 | delta 0.008
U 261 | F 534528 | FPS 0758 | D 679 | rR:mu sigma m M 0.00 0.00 0.00 0.00 | F:mu sigma m M 179.2 112.2 61.0 475.0 | H 1.098 | V -0.001 | pL -0.000 | vL 0.000 | delta 0.001
U 262 | F 536576 | FPS 0699 | D 682 | rR:mu sigma m M 0.05 0.18 0.00 0.75 | F:mu sigma m M 152.4 94.8 47.0 366.0 | H 1.097 | V 0.007 | pL -0.006 | vL 0.001 | delta 0.032
U 263 | F 538624 | FPS 0734 | D 685 | rR:mu sigma m M 0.00 0.00 0.00 0.00 | F:mu sigma m M 136.8 111.8 28.0 426.0 | H 1.097 | V 0.011 | pL 0.004 | vL 0.000 | delta 0.001
U 264 | F 540672 | FPS 0764 | D 688 | rR:mu sigma m M 0.00 0.00 0.00 0.00 | F:mu sigma m M 132.8 112.0 19.0 418.0 | H 1.098 | V 0.010 | pL 0.003 | vL 0.000 | delta 0.003
U 265 | F 542720 | FPS 0763 | D 690 | rR:mu sigma m M 0.00 0.00 0.00 0.00 | F:mu sigma m M 141.8 83.5 43.0 359.0 | H 1.098 | V 0.007 | pL 0.002 | vL 0.000 | delta 0.002
U 266 | F 544768 | FPS 0776 | D 693 | rR:mu sigma m M 0.00 0.00 0.00 0.00 | F:mu sigma m M 158.4 106.0 54.0 391.0 | H 1.098 | V 0.006 | pL 0.001 | vL 0.000 | delta 0.001
U 267 | F 546816 | FPS 0732 | D 696 | rR:mu sigma m M 0.10 0.27 0.00 0.84 | F:mu sigma m M 153.7 99.0 28.0 391.0 | H 1.092 | V 0.024 | pL -0.007 | vL 0.001 | delta 0.023
U 268 | F 548864 | FPS 0780 | D 698 | rR:mu sigma m M 0.00 0.00 0.00 0.00 | F:mu sigma m M 155.9 101.4 47.0 407.0 | H 1.098 | V -0.000 | pL 0.000 | vL 0.000 | delta 0.006
U 269 | F 550912 | FPS 0779 | D 701 | rR:mu sigma m M 0.05 0.18 0.00 0.74 | F:mu sigma m M 177.6 87.5 64.0 406.0 | H 1.093 | V 0.011 | pL -0.006 | vL 0.001 | delta 0.027
U 270 | F 552960 | FPS 0782 | D 704 | rR:mu sigma m M 0.05 0.18 0.00 0.74 | F:mu sigma m M 192.1 205.3 40.0 900.0 | H 1.095 | V 0.010 | pL 0.002 | vL 0.000 | delta 0.006
U 271 | F 555008 | FPS 0758 | D 706 | rR:mu sigma m M 0.00 0.00 0.00 0.00 | F:mu sigma m M 176.1 133.0 40.0 528.0 | H 1.094 | V 0.015 | pL 0.004 | vL 0.001 | delta 0.009
U 272 | F 557056 | FPS 0732 | D 709 | rR:mu sigma m M 0.00 0.00 0.00 0.00 | F:mu sigma m M 177.6 85.2 64.0 318.0 | H 1.098 | V 0.007 | pL 0.002 | vL 0.000 | delta 0.001
U 273 | F 559104 | FPS 0725 | D 712 | rR:mu sigma m M 0.00 0.00 0.00 0.00 | F:mu sigma m M 220.2 129.8 62.0 565.0 | H 1.095 | V 0.012 | pL 0.001 | vL 0.000 | delta 0.008
U 274 | F 561152 | FPS 0740 | D 715 | rR:mu sigma m M 0.06 0.22 0.00 0.89 | F:mu sigma m M 184.6 148.9 36.0 565.0 | H 1.096 | V 0.014 | pL -0.005 | vL 0.001 | delta 0.011
U 275 | F 563200 | FPS 0750 | D 717 | rR:mu sigma m M 0.00 0.00 0.00 0.00 | F:mu sigma m M 162.2 147.6 26.0 562.0 | H 1.096 | V 0.005 | pL -0.000 | vL 0.000 | delta 0.006
U 276 | F 565248 | FPS 0777 | D 720 | rR:mu sigma m M 0.06 0.22 0.00 0.93 | F:mu sigma m M 141.7 114.0 22.0 502.0 | H 1.095 | V 0.011 | pL -0.006 | vL 0.001 | delta 0.013
U 277 | F 567296 | FPS 0777 | D 723 | rR:mu sigma m M 0.00 0.00 0.00 0.00 | F:mu sigma m M 204.9 138.8 21.0 502.0 | H 1.097 | V 0.006 | pL 0.001 | vL 0.000 | delta 0.009
U 278 | F 569344 | FPS 0707 | D 726 | rR:mu sigma m M 0.00 0.00 0.00 0.00 | F:mu sigma m M 179.0 122.6 21.0 481.0 | H 1.098 | V 0.005 | pL 0.001 | vL 0.000 | delta 0.006
U 279 | F 571392 | FPS 0752 | D 728 | rR:mu sigma m M 0.00 0.00 0.00 0.00 | F:mu sigma m M 194.7 112.4 8.0 377.0 | H 1.098 | V 0.001 | pL -0.000 | vL 0.000 | delta 0.002
U 280 | F 573440 | FPS 0769 | D 731 | rR:mu sigma m M 0.00 0.00 0.00 0.00 | F:mu sigma m M 211.4 124.9 64.0 489.0 | H 1.098 | V 0.001 | pL 0.001 | vL 0.000 | delta 0.003
U 281 | F 575488 | FPS 0720 | D 734 | rR:mu sigma m M 0.00 0.00 0.00 0.00 | F:mu sigma m M 197.6 160.2 23.0 552.0 | H 1.099 | V -0.000 | pL -0.000 | vL 0.000 | delta 0.001
U 282 | F 577536 | FPS 0742 | D 737 | rR:mu sigma m M 0.00 0.00 0.00 0.00 | F:mu sigma m M 104.4 81.9 17.0 305.0 | H 1.097 | V 0.006 | pL -0.003 | vL 0.000 | delta 0.006
U 283 | F 579584 | FPS 0731 | D 739 | rR:mu sigma m M 0.05 0.21 0.00 0.85 | F:mu sigma m M 144.6 83.6 17.0 360.0 | H 1.097 | V 0.004 | pL -0.004 | vL 0.000 | delta 0.008
U 284 | F 581632 | FPS 0723 | D 742 | rR:mu sigma m M 0.02 0.08 0.00 0.32 | F:mu sigma m M 166.2 163.9 37.0 675.0 | H 1.097 | V 0.004 | pL -0.003 | vL 0.000 | delta 0.007
U 285 | F 583680 | FPS 0745 | D 745 | rR:mu sigma m M 0.00 0.00 0.00 0.00 | F:mu sigma m M 154.6 100.5 37.0 383.0 | H 1.098 | V 0.000 | pL -0.000 | vL 0.000 | delta 0.001
U 286 | F 585728 | FPS 0766 | D 748 | rR:mu sigma m M 0.00 0.00 0.00 0.00 | F:mu sigma m M 161.8 128.9 24.0 587.0 | H 1.098 | V 0.001 | pL 0.000 | vL 0.000 | delta 0.005
U 287 | F 587776 | FPS 0767 | D 750 | rR:mu sigma m M 0.00 0.00 0.00 0.00 | F:mu sigma m M 169.4 89.3 26.0 318.0 | H 1.098 | V 0.000 | pL -0.000 | vL 0.000 | delta 0.001
U 288 | F 589824 | FPS 0767 | D 753 | rR:mu sigma m M 0.00 0.00 0.00 0.00 | F:mu sigma m M 178.5 92.1 46.0 349.0 | H 1.097 | V 0.003 | pL -0.001 | vL 0.000 | delta 0.007
U 289 | F 591872 | FPS 0721 | D 756 | rR:mu sigma m M 0.00 0.00 0.00 0.00 | F:mu sigma m M 141.9 84.5 42.0 349.0 | H 1.095 | V 0.017 | pL 0.001 | vL 0.000 | delta 0.005
U 290 | F 593920 | FPS 0767 | D 758 | rR:mu sigma m M 0.04 0.17 0.00 0.71 | F:mu sigma m M 221.1 151.0 31.0 436.0 | H 1.098 | V 0.007 | pL -0.002 | vL 0.000 | delta 0.014
U 291 | F 595968 | FPS 0766 | D 761 | rR:mu sigma m M 0.00 0.00 0.00 0.00 | F:mu sigma m M 130.9 95.3 13.0 354.0 | H 1.098 | V 0.003 | pL 0.001 | vL 0.000 | delta 0.007
U 292 | F 598016 | FPS 0753 | D 764 | rR:mu sigma m M 0.00 0.00 0.00 0.00 | F:mu sigma m M 170.5 180.3 32.0 644.0 | H 1.097 | V 0.007 | pL 0.001 | vL 0.000 | delta 0.008
U 293 | F 600064 | FPS 0755 | D 767 | rR:mu sigma m M 0.10 0.27 0.00 0.82 | F:mu sigma m M 160.6 156.9 11.0 644.0 | H 1.093 | V 0.036 | pL -0.011 | vL 0.002 | delta 0.023
U 294 | F 602112 | FPS 0768 | D 769 | rR:mu sigma m M 0.00 0.00 0.00 0.00 | F:mu sigma m M 118.3 71.2 20.0 256.0 | H 1.098 | V 0.006 | pL 0.003 | vL 0.000 | delta 0.004
U 295 | F 604160 | FPS 0721 | D 772 | rR:mu sigma m M 0.00 0.00 0.00 0.00 | F:mu sigma m M 172.4 179.9 26.0 631.0 | H 1.098 | V 0.004 | pL 0.001 | vL 0.000 | delta 0.002
U 296 | F 606208 | FPS 0758 | D 775 | rR:mu sigma m M 0.00 0.00 0.00 0.00 | F:mu sigma m M 197.6 141.1 26.0 606.0 | H 1.099 | V 0.004 | pL 0.001 | vL 0.000 | delta 0.001
U 297 | F 608256 | FPS 0768 | D 777 | rR:mu sigma m M 0.00 0.00 0.00 0.00 | F:mu sigma m M 159.6 76.6 33.0 298.0 | H 1.098 | V 0.003 | pL 0.001 | vL 0.000 | delta 0.002
U 298 | F 610304 | FPS 0759 | D 780 | rR:mu sigma m M 0.00 0.00 0.00 0.00 | F:mu sigma m M 188.9 197.1 42.0 900.0 | H 1.098 | V 0.005 | pL -0.000 | vL 0.000 | delta 0.004
U 299 | F 612352 | FPS 0774 | D 783 | rR:mu sigma m M 0.00 0.00 0.00 0.00 | F:mu sigma m M 206.7 216.1 31.0 900.0 | H 1.098 | V 0.006 | pL 0.002 | vL 0.000 | delta 0.004
U 300 | F 614400 | FPS 0724 | D 786 | rR:mu sigma m M 0.00 0.00 0.00 0.00 | F:mu sigma m M 220.0 193.6 19.0 729.0 | H 1.097 | V 0.005 | pL 0.001 | vL 0.000 | delta 0.005
U 301 | F 616448 | FPS 0754 | D 788 | rR:mu sigma m M 0.00 0.00 0.00 0.00 | F:mu sigma m M 201.6 189.9 14.0 729.0 | H 1.098 | V 0.003 | pL -0.000 | vL 0.000 | delta 0.002
U 302 | F 618496 | FPS 0778 | D 791 | rR:mu sigma m M 0.00 0.00 0.00 0.00 | F:mu sigma m M 220.2 176.3 24.0 618.0 | H 1.097 | V 0.004 | pL 0.001 | vL 0.000 | delta 0.006
U 303 | F 620544 | FPS 0781 | D 794 | rR:mu sigma m M 0.03 0.13 0.00 0.53 | F:mu sigma m M 113.6 107.6 19.0 468.0 | H 1.094 | V 0.006 | pL -0.003 | vL 0.000 | delta 0.010
U 304 | F 622592 | FPS 0754 | D 796 | rR:mu sigma m M 0.00 0.00 0.00 0.00 | F:mu sigma m M 176.9 123.4 22.0 438.0 | H 1.098 | V 0.003 | pL 0.001 | vL 0.000 | delta 0.002
U 305 | F 624640 | FPS 0749 | D 799 | rR:mu sigma m M 0.00 0.00 0.00 0.00 | F:mu sigma m M 118.0 69.0 28.0 234.0 | H 1.098 | V 0.003 | pL 0.000 | vL 0.000 | delta 0.003
U 306 | F 626688 | FPS 0722 | D 802 | rR:mu sigma m M 0.00 0.00 0.00 0.00 | F:mu sigma m M 136.6 95.4 40.0 416.0 | H 1.098 | V 0.005 | pL 0.000 | vL 0.000 | delta 0.003
U 307 | F 628736 | FPS 0737 | D 805 | rR:mu sigma m M 0.08 0.21 0.00 0.69 | F:mu sigma m M 143.2 109.6 40.0 431.0 | H 1.096 | V 0.020 | pL -0.006 | vL 0.001 | delta 0.015
U 308 | F 630784 | FPS 0754 | D 807 | rR:mu sigma m M 0.04 0.14 0.00 0.57 | F:mu sigma m M 160.9 127.9 27.0 431.0 | H 1.098 | V 0.002 | pL 0.000 | vL 0.000 | delta 0.001
U 309 | F 632832 | FPS 0743 | D 810 | rR:mu sigma m M 0.00 0.00 0.00 0.00 | F:mu sigma m M 228.4 162.0 36.0 664.0 | H 1.098 | V 0.001 | pL 0.000 | vL 0.000 | delta 0.001
U 310 | F 634880 | FPS 0751 | D 813 | rR:mu sigma m M 0.04 0.15 0.00 0.65 | F:mu sigma m M 122.5 96.4 13.0 348.0 | H 1.096 | V 0.008 | pL -0.005 | vL 0.000 | delta 0.013
U 311 | F 636928 | FPS 0713 | D 816 | rR:mu sigma m M 0.04 0.16 0.00 0.65 | F:mu sigma m M 156.4 120.2 13.0 390.0 | H 1.099 | V -0.002 | pL -0.001 | vL 0.000 | delta 0.002
U 312 | F 638976 | FPS 0760 | D 818 | rR:mu sigma m M 0.00 0.00 0.00 0.00 | F:mu sigma m M 170.0 79.7 79.0 390.0 | H 1.097 | V 0.009 | pL -0.003 | vL 0.000 | delta 0.005
U 313 | F 641024 | FPS 0773 | D 821 | rR:mu sigma m M 0.04 0.16 0.00 0.65 | F:mu sigma m M 177.1 102.8 34.0 360.0 | H 1.097 | V 0.014 | pL -0.002 | vL 0.000 | delta 0.023
U 314 | F 643072 | FPS 0752 | D 824 | rR:mu sigma m M 0.04 0.16 0.00 0.65 | F:mu sigma m M 232.6 158.0 23.0 629.0 | H 1.098 | V 0.005 | pL 0.001 | vL 0.000 | delta 0.007
U 315 | F 645120 | FPS 0741 | D 827 | rR:mu sigma m M 0.00 0.00 0.00 0.00 | F:mu sigma m M 204.5 131.4 55.0 466.0 | H 1.098 | V 0.004 | pL 0.001 | vL 0.000 | delta 0.003
U 316 | F 647168 | FPS 0766 | D 829 | rR:mu sigma m M 0.00 0.00 0.00 0.00 | F:mu sigma m M 145.0 98.4 13.0 360.0 | H 1.099 | V 0.002 | pL 0.001 | vL 0.000 | delta 0.001
U 317 | F 649216 | FPS 0720 | D 832 | rR:mu sigma m M 0.00 0.00 0.00 0.00 | F:mu sigma m M 152.2 97.7 33.0 360.0 | H 1.098 | V 0.006 | pL -0.001 | vL 0.000 | delta 0.006
U 318 | F 651264 | FPS 0769 | D 835 | rR:mu sigma m M 0.00 0.00 0.00 0.00 | F:mu sigma m M 181.4 153.1 31.0 638.0 | H 1.097 | V 0.008 | pL 0.003 | vL 0.000 | delta 0.006
U 319 | F 653312 | FPS 0781 | D 837 | rR:mu sigma m M 0.00 0.00 0.00 0.00 | F:mu sigma m M 168.1 84.2 74.0 361.0 | H 1.099 | V 0.002 | pL 0.001 | vL 0.000 | delta 0.001
U 320 | F 655360 | FPS 0780 | D 840 | rR:mu sigma m M 0.00 0.00 0.00 0.00 | F:mu sigma m M 186.0 75.3 83.0 338.0 | H 1.098 | V 0.002 | pL 0.000 | vL 0.000 | delta 0.002
U 321 | F 657408 | FPS 0777 | D 843 | rR:mu sigma m M 0.05 0.21 0.00 0.85 | F:mu sigma m M 176.3 125.2 25.0 518.0 | H 1.096 | V 0.015 | pL -0.005 | vL 0.001 | delta 0.014
U 322 | F 659456 | FPS 0681 | D 846 | rR:mu sigma m M 0.05 0.21 0.00 0.85 | F:mu sigma m M 168.2 91.0 28.0 394.0 | H 1.098 | V 0.002 | pL 0.001 | vL 0.000 | delta 0.004
U 323 | F 661504 | FPS 0776 | D 848 | rR:mu sigma m M 0.00 0.00 0.00 0.00 | F:mu sigma m M 167.2 148.5 24.0 478.0 | H 1.098 | V -0.000 | pL -0.000 | vL 0.000 | delta 0.002
U 324 | F 663552 | FPS 0781 | D 851 | rR:mu sigma m M 0.00 0.00 0.00 0.00 | F:mu sigma m M 127.8 84.3 32.0 303.0 | H 1.098 | V 0.000 | pL -0.000 | vL 0.000 | delta 0.002
U 325 | F 665600 | FPS 0777 | D 854 | rR:mu sigma m M 0.00 0.00 0.00 0.00 | F:mu sigma m M 161.1 80.9 32.0 303.0 | H 1.099 | V -0.001 | pL -0.000 | vL 0.000 | delta 0.001
U 326 | F 667648 | FPS 0742 | D 856 | rR:mu sigma m M 0.00 0.00 0.00 0.00 | F:mu sigma m M 227.1 159.6 58.0 736.0 | H 1.097 | V 0.004 | pL 0.000 | vL 0.000 | delta 0.005
U 327 | F 669696 | FPS 0761 | D 859 | rR:mu sigma m M 0.05 0.20 0.00 0.83 | F:mu sigma m M 221.9 221.7 40.0 736.0 | H 1.094 | V 0.007 | pL -0.006 | vL 0.001 | delta 0.022
U 328 | F 671744 | FPS 0719 | D 862 | rR:mu sigma m M 0.00 0.00 0.00 0.00 | F:mu sigma m M 207.1 201.4 20.0 658.0 | H 1.098 | V 0.007 | pL 0.002 | vL 0.000 | delta 0.006
U 329 | F 673792 | FPS 0741 | D 865 | rR:mu sigma m M 0.00 0.00 0.00 0.00 | F:mu sigma m M 172.6 140.3 35.0 634.0 | H 1.098 | V 0.006 | pL 0.002 | vL 0.000 | delta 0.001
U 330 | F 675840 | FPS 0765 | D 867 | rR:mu sigma m M 0.00 0.00 0.00 0.00 | F:mu sigma m M 117.9 68.0 45.0 276.0 | H 1.098 | V 0.006 | pL 0.002 | vL 0.000 | delta 0.002
U 331 | F 677888 | FPS 0752 | D 870 | rR:mu sigma m M 0.00 0.00 0.00 0.00 | F:mu sigma m M 159.2 128.8 36.0 446.0 | H 1.099 | V 0.005 | pL 0.002 | vL 0.000 | delta 0.001
U 332 | F 679936 | FPS 0772 | D 873 | rR:mu sigma m M 0.00 0.00 0.00 0.00 | F:mu sigma m M 151.8 149.1 14.0 452.0 | H 1.098 | V 0.005 | pL 0.001 | vL 0.000 | delta 0.001
U 333 | F 681984 | FPS 0696 | D 876 | rR:mu sigma m M 0.00 0.00 0.00 0.00 | F:mu sigma m M 242.3 177.0 36.0 737.0 | H 1.098 | V 0.005 | pL 0.001 | vL 0.000 | delta 0.001
U 334 | F 684032 | FPS 0775 | D 878 | rR:mu sigma m M 0.00 0.00 0.00 0.00 | F:mu sigma m M 199.3 89.0 61.0 407.0 | H 1.098 | V 0.005 | pL 0.002 | vL 0.000 | delta 0.005
U 335 | F 686080 | FPS 0768 | D 881 | rR:mu sigma m M 0.00 0.00 0.00 0.00 | F:mu sigma m M 191.7 147.1 46.0 686.0 | H 1.099 | V 0.000 | pL 0.000 | vL 0.000 | delta 0.001
U 336 | F 688128 | FPS 0762 | D 884 | rR:mu sigma m M 0.00 0.00 0.00 0.00 | F:mu sigma m M 177.7 189.1 19.0 683.0 | H 1.099 | V 0.000 | pL -0.000 | vL 0.000 | delta 0.000
U 337 | F 690176 | FPS 0775 | D 886 | rR:mu sigma m M 0.00 0.00 0.00 0.00 | F:mu sigma m M 174.4 138.2 14.0 409.0 | H 1.099 | V 0.000 | pL 0.000 | vL 0.000 | delta 0.000
U 338 | F 692224 | FPS 0777 | D 889 | rR:mu sigma m M 0.00 0.00 0.00 0.00 | F:mu sigma m M 167.0 125.2 14.0 450.0 | H 1.098 | V 0.002 | pL -0.000 | vL 0.000 | delta 0.003
U 339 | F 694272 | FPS 0678 | D 892 | rR:mu sigma m M 0.00 0.00 0.00 0.00 | F:mu sigma m M 170.7 123.7 18.0 450.0 | H 1.098 | V 0.000 | pL 0.000 | vL 0.000 | delta 0.001
U 340 | F 696320 | FPS 0695 | D 895 | rR:mu sigma m M 0.00 0.00 0.00 0.00 | F:mu sigma m M 212.1 145.8 46.0 513.0 | H 1.098 | V 0.001 | pL 0.000 | vL 0.000 | delta 0.000
U 341 | F 698368 | FPS 0746 | D 898 | rR:mu sigma m M 0.00 0.00 0.00 0.00 | F:mu sigma m M 185.1 153.7 36.0 513.0 | H 1.098 | V 0.001 | pL -0.000 | vL 0.000 | delta 0.000
U 342 | F 700416 | FPS 0762 | D 900 | rR:mu sigma m M 0.00 0.00 0.00 0.00 | F:mu sigma m M 189.3 181.4 39.0 800.0 | H 1.098 | V 0.001 | pL 0.000 | vL 0.000 | delta 0.003
U 343 | F 702464 | FPS 0765 | D 903 | rR:mu sigma m M 0.00 0.00 0.00 0.00 | F:mu sigma m M 200.2 182.5 39.0 800.0 | H 1.099 | V 0.001 | pL 0.000 | vL 0.000 | delta 0.000
U 344 | F 704512 | FPS 0714 | D 906 | rR:mu sigma m M 0.00 0.00 0.00 0.00 | F:mu sigma m M 163.9 205.6 17.0 900.0 | H 1.099 | V 0.001 | pL 0.000 | vL 0.000 | delta 0.000
U 345 | F 706560 | FPS 0761 | D 909 | rR:mu sigma m M 0.00 0.00 0.00 0.00 | F:mu sigma m M 156.0 138.4 44.0 504.0 | H 1.098 | V 0.006 | pL -0.000 | vL 0.000 | delta 0.003
U 346 | F 708608 | FPS 0765 | D 911 | rR:mu sigma m M 0.00 0.00 0.00 0.00 | F:mu sigma m M 163.6 137.4 44.0 522.0 | H 1.099 | V -0.001 | pL -0.000 | vL 0.000 | delta 0.001
U 347 | F 710656 | FPS 0754 | D 914 | rR:mu sigma m M 0.00 0.00 0.00 0.00 | F:mu sigma m M 171.5 134.8 33.0 522.0 | H 1.099 | V -0.001 | pL -0.000 | vL 0.000 | delta 0.000
U 348 | F 712704 | FPS 0750 | D 917 | rR:mu sigma m M 0.00 0.00 0.00 0.00 | F:mu sigma m M 148.1 116.7 38.0 392.0 | H 1.099 | V -0.001 | pL -0.000 | vL 0.000 | delta 0.000
U 349 | F 714752 | FPS 0757 | D 919 | rR:mu sigma m M 0.00 0.00 0.00 0.00 | F:mu sigma m M 186.9 139.3 51.0 458.0 | H 1.099 | V -0.001 | pL -0.000 | vL 0.000 | delta 0.000
U 350 | F 716800 | FPS 0679 | D 922 | rR:mu sigma m M 0.00 0.00 0.00 0.00 | F:mu sigma m M 128.2 102.6 22.0 418.0 | H 1.099 | V -0.000 | pL -0.000 | vL 0.000 | delta 0.000
U 351 | F 718848 | FPS 0760 | D 925 | rR:mu sigma m M 0.00 0.00 0.00 0.00 | F:mu sigma m M 138.8 93.2 22.0 323.0 | H 1.099 | V -0.000 | pL -0.000 | vL 0.000 | delta 0.000
U 352 | F 720896 | FPS 0756 | D 928 | rR:mu sigma m M 0.00 0.00 0.00 0.00 | F:mu sigma m M 116.1 68.0 29.0 277.0 | H 1.099 | V -0.000 | pL -0.000 | vL 0.000 | delta 0.000
U 353 | F 722944 | FPS 0761 | D 930 | rR:mu sigma m M 0.00 0.00 0.00 0.00 | F:mu sigma m M 145.6 119.7 29.0 427.0 | H 1.099 | V -0.000 | pL -0.000 | vL 0.000 | delta 0.000
U 354 | F 724992 | FPS 0756 | D 933 | rR:mu sigma m M 0.00 0.00 0.00 0.00 | F:mu sigma m M 191.6 211.1 40.0 744.0 | H 1.099 | V -0.000 | pL -0.000 | vL 0.000 | delta 0.000
U 355 | F 727040 | FPS 0703 | D 936 | rR:mu sigma m M 0.00 0.00 0.00 0.00 | F:mu sigma m M 194.7 174.2 40.0 695.0 | H 1.098 | V 0.001 | pL -0.000 | vL 0.000 | delta 0.001
U 356 | F 729088 | FPS 0762 | D 939 | rR:mu sigma m M 0.00 0.00 0.00 0.00 | F:mu sigma m M 227.9 203.3 54.0 900.0 | H 1.096 | V 0.005 | pL -0.001 | vL 0.000 | delta 0.003
U 357 | F 731136 | FPS 0755 | D 941 | rR:mu sigma m M 0.03 0.12 0.00 0.49 | F:mu sigma m M 183.8 120.4 54.0 512.0 | H 1.098 | V 0.001 | pL -0.000 | vL 0.000 | delta 0.003
U 358 | F 733184 | FPS 0739 | D 944 | rR:mu sigma m M 0.05 0.21 0.00 0.88 | F:mu sigma m M 189.7 107.4 62.0 423.0 | H 1.094 | V 0.009 | pL -0.007 | vL 0.001 | delta 0.018
U 359 | F 735232 | FPS 0770 | D 947 | rR:mu sigma m M 0.05 0.21 0.00 0.88 | F:mu sigma m M 189.1 133.1 41.0 515.0 | H 1.098 | V -0.001 | pL -0.000 | vL 0.000 | delta 0.004
U 360 | F 737280 | FPS 0720 | D 950 | rR:mu sigma m M 0.00 0.00 0.00 0.00 | F:mu sigma m M 216.6 209.9 17.0 736.0 | H 1.095 | V 0.007 | pL 0.001 | vL 0.001 | delta 0.010
U 361 | F 739328 | FPS 0754 | D 952 | rR:mu sigma m M 0.00 0.00 0.00 0.00 | F:mu sigma m M 177.6 174.0 27.0 736.0 | H 1.095 | V 0.008 | pL -0.001 | vL 0.000 | delta 0.005
U 362 | F 741376 | FPS 0744 | D 955 | rR:mu sigma m M 0.05 0.19 0.00 0.80 | F:mu sigma m M 147.1 130.3 22.0 527.0 | H 1.089 | V 0.022 | pL -0.004 | vL 0.002 | delta 0.014
U 363 | F 743424 | FPS 0751 | D 958 | rR:mu sigma m M 0.03 0.13 0.00 0.52 | F:mu sigma m M 162.8 136.7 24.0 487.0 | H 1.094 | V 0.025 | pL 0.000 | vL 0.001 | delta 0.010
U 364 | F 745472 | FPS 0761 | D 961 | rR:mu sigma m M 0.00 0.00 0.00 0.00 | F:mu sigma m M 163.2 137.0 16.0 564.0 | H 1.097 | V 0.005 | pL 0.002 | vL 0.000 | delta 0.003
U 365 | F 747520 | FPS 0785 | D 963 | rR:mu sigma m M 0.00 0.00 0.00 0.00 | F:mu sigma m M 148.6 74.6 38.0 307.0 | H 1.090 | V 0.007 | pL 0.000 | vL 0.000 | delta 0.004
U 366 | F 749568 | FPS 0737 | D 966 | rR:mu sigma m M 0.08 0.23 0.00 0.75 | F:mu sigma m M 151.7 97.4 20.0 411.0 | H 1.081 | V 0.028 | pL -0.009 | vL 0.001 | delta 0.017
U 367 | F 751616 | FPS 0774 | D 969 | rR:mu sigma m M 0.10 0.26 0.00 0.87 | F:mu sigma m M 113.8 66.2 29.0 276.0 | H 1.087 | V 0.015 | pL -0.003 | vL 0.001 | delta 0.012
U 368 | F 753664 | FPS 0811 | D 971 | rR:mu sigma m M 0.10 0.27 0.00 0.90 | F:mu sigma m M 144.2 81.6 16.0 275.0 | H 1.074 | V 0.028 | pL -0.011 | vL 0.002 | delta 0.027
U 369 | F 755712 | FPS 0804 | D 974 | rR:mu sigma m M 0.05 0.21 0.00 0.87 | F:mu sigma m M 150.6 174.0 13.0 592.0 | H 1.085 | V 0.008 | pL -0.008 | vL 0.001 | delta 0.029
U 370 | F 757760 | FPS 0814 | D 976 | rR:mu sigma m M 0.11 0.30 0.00 0.92 | F:mu sigma m M 108.6 75.5 13.0 287.0 | H 1.060 | V 0.054 | pL -0.010 | vL 0.004 | delta 0.041
U 371 | F 759808 | FPS 0823 | D 979 | rR:mu sigma m M 0.23 0.38 0.00 0.93 | F:mu sigma m M 144.3 100.6 24.0 388.0 | H 1.034 | V 0.076 | pL -0.019 | vL 0.006 | delta 0.046
U 372 | F 761856 | FPS 0768 | D 981 | rR:mu sigma m M 0.05 0.18 0.00 0.74 | F:mu sigma m M 138.8 89.0 50.0 388.0 | H 1.045 | V 0.068 | pL 0.010 | vL 0.002 | delta 0.027
U 373 | F 763904 | FPS 0832 | D 984 | rR:mu sigma m M 0.24 0.36 0.00 0.90 | F:mu sigma m M 162.9 96.8 68.0 372.0 | H 1.034 | V 0.092 | pL -0.014 | vL 0.005 | delta 0.041
U 374 | F 765952 | FPS 0835 | D 986 | rR:mu sigma m M 0.30 0.41 0.00 0.95 | F:mu sigma m M 136.9 105.7 22.0 370.0 | H 0.993 | V 0.160 | pL -0.028 | vL 0.008 | delta 0.052
U 375 | F 768000 | FPS 0837 | D 989 | rR:mu sigma m M 0.34 0.41 0.00 0.94 | F:mu sigma m M 138.4 132.3 12.0 470.0 | H 0.955 | V 0.209 | pL -0.014 | vL 0.007 | delta 0.064
U 376 | F 770048 | FPS 0846 | D 991 | rR:mu sigma m M 0.43 0.45 0.00 0.95 | F:mu sigma m M 89.7 45.3 27.0 184.0 | H 0.883 | V 0.257 | pL -0.036 | vL 0.015 | delta 0.087
U 377 | F 772096 | FPS 0850 | D 994 | rR:mu sigma m M 0.55 0.45 0.00 0.95 | F:mu sigma m M 61.7 45.8 13.0 275.0 | H 0.827 | V 0.312 | pL -0.072 | vL 0.015 | delta 0.118
U 378 | F 774144 | FPS 0777 | D 996 | rR:mu sigma m M 0.78 0.33 0.00 0.97 | F:mu sigma m M 74.3 41.5 7.0 154.0 | H 0.775 | V 0.416 | pL -0.081 | vL 0.014 | delta 0.111
U 379 | F 776192 | FPS 0822 | D 999 | rR:mu sigma m M 0.76 0.36 0.00 0.96 | F:mu sigma m M 60.9 38.8 16.0 260.0 | H 0.697 | V 0.525 | pL -0.081 | vL 0.011 | delta 0.109
U 380 | F 778240 | FPS 0824 | D 1001 | rR:mu sigma m M 0.76 0.38 0.00 0.97 | F:mu sigma m M 45.0 16.4 9.0 86.0 | H 0.655 | V 0.576 | pL -0.055 | vL 0.016 | delta 0.134
U 381 | F 780288 | FPS 0858 | D 1004 | rR:mu sigma m M 0.91 0.19 0.00 0.97 | F:mu sigma m M 45.6 13.9 15.0 98.0 | H 0.575 | V 0.726 | pL -0.052 | vL 0.005 | delta 0.100
U 382 | F 782336 | FPS 0836 | D 1006 | rR:mu sigma m M 0.91 0.19 0.00 0.97 | F:mu sigma m M 43.9 10.3 17.0 78.0 | H 0.580 | V 0.740 | pL -0.017 | vL 0.005 | delta 0.049
U 383 | F 784384 | FPS 0790 | D 1009 | rR:mu sigma m M 0.95 0.01 0.92 0.97 | F:mu sigma m M 45.7 11.3 28.0 80.0 | H 0.587 | V 0.755 | pL -0.011 | vL 0.002 | delta 0.038
agent reach optimality, start collecting trajectories
agent successfully collected 10 trajectories
pickling optimal trajectories
Model successfully saved
