The following modules were not unloaded:
  (Use "module --force purge" to unload all):

  1) StdEnv/2018.3     4) gcccore/.7.3.0      7) intel/2018.3
  2) nixpkgs/16.09     5) icc/.2018.3.222     8) openmpi/3.1.2
  3) imkl/2018.3.222   6) ifort/.2018.3.222

Due to MODULEPATH changes, the following have been reloaded:
  1) openmpi/3.1.2

Attention: While Conda works well in a desktop environment, it tends to create more problems than it solves on a cluster. Instead, we recommend that users use virtual environments and the binary packages that we provide through Python wheels as documented on the Python page.
/home/rdali/RL/watch_and_learn/dependency/rl-starter-files/scripts/train_agent_multidem.py --env MiniGrid-LavaCrossingAddictO8S15-v0 --algo ppo --nameDemonstrator LavaCrossing1508Addict1,LavaCrossing1508Addict2,LavaCrossing1508Addict3,LavaCrossing1508Addict4,LavaCrossing1508Addict10,LavaCrossing1508Addict11,LavaCrossing1508Addict12,LavaCrossing1508Addict13 --flat-model 0 --useKL 0 --meanReward 0.80 --rewardLB 0.70 --seed 555

Namespace(KLweight=0.0001, algo='ppo', batch_size=256, clip_eps=0.2, discount=0.99, entropy_coef=0.01, env='MiniGrid-LavaCrossingAddictO8S15-v0', epochs=4, flat_model=0, frames=10000000, frames_per_proc=None, full_obs=0, gae_lambda=0.95, log_interval=1, lr=0.0007, max_grad_norm=0.5, meanReward=0.8, mem=False, model=None, nameDemonstrator='LavaCrossing1508Addict1,LavaCrossing1508Addict2,LavaCrossing1508Addict3,LavaCrossing1508Addict4,LavaCrossing1508Addict10,LavaCrossing1508Addict11,LavaCrossing1508Addict12,LavaCrossing1508Addict13', optim_alpha=0.99, optim_eps=1e-05, procs=16, recurrence=1, rewardLB=0.7, save_interval=0, seed=555, tb=False, text=False, useKL=0, value_loss_coef=0.5)

Flat model successfully created

ACModel(
  (image_conv): Sequential(
    (0): Conv2d(3, 32, kernel_size=(2, 2), stride=(1, 1))
    (1): ReLU()
    (2): MaxPool2d(kernel_size=(2, 2), stride=(2, 2), padding=0, dilation=1, ceil_mode=False)
    (3): Conv2d(32, 64, kernel_size=(2, 2), stride=(1, 1))
    (4): ReLU()
    (5): Conv2d(64, 64, kernel_size=(2, 2), stride=(1, 1))
    (6): ReLU()
  )
  (actor): Sequential(
    (0): Linear(in_features=1600, out_features=64, bias=True)
    (1): Tanh()
    (2): Linear(in_features=64, out_features=3, bias=True)
  )
  (critic): Sequential(
    (0): Linear(in_features=1600, out_features=64, bias=True)
    (1): Tanh()
    (2): Linear(in_features=64, out_features=1, bias=True)
  )
)

CUDA available: False

0
False
0.0001
Using TensorFlow backend.
OMP: Info #212: KMP_AFFINITY: decoding x2APIC ids.
OMP: Info #210: KMP_AFFINITY: Affinity capable, using global cpuid leaf 11 info
OMP: Info #154: KMP_AFFINITY: Initial OS proc set respected: 9,16,27,33,35
OMP: Info #156: KMP_AFFINITY: 5 available OS procs
OMP: Info #158: KMP_AFFINITY: Nonuniform topology
OMP: Info #179: KMP_AFFINITY: 2 packages x 4 cores/pkg x 1 threads/core (5 total cores)
OMP: Info #214: KMP_AFFINITY: OS proc to physical thread map:
OMP: Info #171: KMP_AFFINITY: OS proc 16 maps to package 0 core 9 
OMP: Info #171: KMP_AFFINITY: OS proc 9 maps to package 1 core 2 
OMP: Info #171: KMP_AFFINITY: OS proc 27 maps to package 1 core 19 
OMP: Info #171: KMP_AFFINITY: OS proc 33 maps to package 1 core 24 
OMP: Info #171: KMP_AFFINITY: OS proc 35 maps to package 1 core 27 
OMP: Info #250: KMP_AFFINITY: pid 423018 tid 423018 thread 0 bound to OS proc set 16
OMP: Info #250: KMP_AFFINITY: pid 423018 tid 423090 thread 4 bound to OS proc set 35
OMP: Info #250: KMP_AFFINITY: pid 423018 tid 423089 thread 3 bound to OS proc set 33
OMP: Info #250: KMP_AFFINITY: pid 423018 tid 423088 thread 2 bound to OS proc set 27
OMP: Info #250: KMP_AFFINITY: pid 423018 tid 423087 thread 1 bound to OS proc set 9
OMP: Info #250: KMP_AFFINITY: pid 423018 tid 423092 thread 5 bound to OS proc set 16
OMP: Info #250: KMP_AFFINITY: pid 423018 tid 423093 thread 6 bound to OS proc set 9
OMP: Info #250: KMP_AFFINITY: pid 423018 tid 423095 thread 8 bound to OS proc set 33
OMP: Info #250: KMP_AFFINITY: pid 423018 tid 423094 thread 7 bound to OS proc set 27
OMP: Info #250: KMP_AFFINITY: pid 423018 tid 423096 thread 9 bound to OS proc set 35
U 1 | F 002048 | FPS 0877 | D 2 | rR:mu sigma m M 0.00 0.00 0.00 0.00 | F:mu sigma m M 59.1 42.7 0.0 128.0 | H 1.096 | V 0.071 | pL 0.023 | vL 0.001 | delta 0.046
U 2 | F 004096 | FPS 1017 | D 4 | rR:mu sigma m M 0.00 0.00 0.00 0.00 | F:mu sigma m M 109.4 57.0 32.0 217.0 | H 1.094 | V 0.073 | pL 0.020 | vL 0.000 | delta 0.008
U 3 | F 006144 | FPS 1019 | D 6 | rR:mu sigma m M 0.00 0.00 0.00 0.00 | F:mu sigma m M 179.9 88.1 36.0 383.0 | H 1.096 | V 0.054 | pL 0.015 | vL 0.000 | delta 0.008
U 4 | F 008192 | FPS 0969 | D 8 | rR:mu sigma m M 0.00 0.00 0.00 0.00 | F:mu sigma m M 153.1 117.0 39.0 383.0 | H 1.097 | V 0.040 | pL 0.013 | vL 0.000 | delta 0.007
U 5 | F 010240 | FPS 0990 | D 10 | rR:mu sigma m M 0.00 0.00 0.00 0.00 | F:mu sigma m M 118.6 87.9 39.0 359.0 | H 1.099 | V 0.037 | pL 0.010 | vL 0.000 | delta 0.004
U 6 | F 012288 | FPS 0980 | D 12 | rR:mu sigma m M 0.00 0.00 0.00 0.00 | F:mu sigma m M 217.6 153.9 64.0 652.0 | H 1.098 | V 0.029 | pL 0.009 | vL 0.000 | delta 0.005
U 7 | F 014336 | FPS 0927 | D 14 | rR:mu sigma m M 0.00 0.00 0.00 0.00 | F:mu sigma m M 172.7 98.7 16.0 342.0 | H 1.097 | V 0.021 | pL 0.006 | vL 0.000 | delta 0.002
U 8 | F 016384 | FPS 0989 | D 16 | rR:mu sigma m M 0.00 0.00 0.00 0.00 | F:mu sigma m M 171.6 150.7 25.0 584.0 | H 1.098 | V 0.015 | pL 0.005 | vL 0.000 | delta 0.002
U 9 | F 018432 | FPS 1002 | D 18 | rR:mu sigma m M 0.00 0.00 0.00 0.00 | F:mu sigma m M 159.3 149.4 15.0 584.0 | H 1.098 | V 0.013 | pL 0.003 | vL 0.000 | delta 0.001
U 10 | F 020480 | FPS 0978 | D 21 | rR:mu sigma m M 0.00 0.00 0.00 0.00 | F:mu sigma m M 146.2 86.8 33.0 294.0 | H 1.098 | V 0.009 | pL 0.004 | vL 0.000 | delta 0.001
U 11 | F 022528 | FPS 0971 | D 23 | rR:mu sigma m M 0.00 0.00 0.00 0.00 | F:mu sigma m M 139.1 83.2 33.0 294.0 | H 1.099 | V 0.007 | pL 0.002 | vL 0.000 | delta 0.001
U 12 | F 024576 | FPS 0964 | D 25 | rR:mu sigma m M 0.00 0.00 0.00 0.00 | F:mu sigma m M 164.7 126.9 39.0 588.0 | H 1.099 | V 0.006 | pL 0.001 | vL 0.000 | delta 0.001
U 13 | F 026624 | FPS 1029 | D 27 | rR:mu sigma m M 0.00 0.00 0.00 0.00 | F:mu sigma m M 207.2 169.2 54.0 588.0 | H 1.099 | V 0.005 | pL 0.001 | vL 0.000 | delta 0.001
U 14 | F 028672 | FPS 0907 | D 29 | rR:mu sigma m M 0.00 0.00 0.00 0.00 | F:mu sigma m M 214.5 152.0 24.0 547.0 | H 1.099 | V 0.004 | pL 0.001 | vL 0.000 | delta 0.001
U 15 | F 030720 | FPS 0934 | D 31 | rR:mu sigma m M 0.00 0.00 0.00 0.00 | F:mu sigma m M 124.4 121.8 20.0 524.0 | H 1.099 | V 0.003 | pL 0.001 | vL 0.000 | delta 0.000
U 16 | F 032768 | FPS 1039 | D 33 | rR:mu sigma m M 0.00 0.00 0.00 0.00 | F:mu sigma m M 190.4 104.5 33.0 434.0 | H 1.099 | V 0.002 | pL 0.001 | vL 0.000 | delta 0.000
U 17 | F 034816 | FPS 1000 | D 35 | rR:mu sigma m M 0.00 0.00 0.00 0.00 | F:mu sigma m M 142.1 84.5 20.0 335.0 | H 1.099 | V 0.002 | pL 0.000 | vL 0.000 | delta 0.000
U 18 | F 036864 | FPS 0982 | D 37 | rR:mu sigma m M 0.05 0.18 0.00 0.74 | F:mu sigma m M 165.4 149.4 31.0 659.0 | H 1.093 | V 0.007 | pL -0.006 | vL 0.001 | delta 0.033
U 19 | F 038912 | FPS 1017 | D 39 | rR:mu sigma m M 0.05 0.18 0.00 0.74 | F:mu sigma m M 121.9 74.9 7.0 314.0 | H 1.098 | V -0.004 | pL -0.001 | vL 0.000 | delta 0.002
U 20 | F 040960 | FPS 0981 | D 41 | rR:mu sigma m M 0.00 0.00 0.00 0.00 | F:mu sigma m M 142.3 123.0 7.0 537.0 | H 1.099 | V -0.003 | pL -0.001 | vL 0.000 | delta 0.001
U 21 | F 043008 | FPS 0880 | D 44 | rR:mu sigma m M 0.00 0.00 0.00 0.00 | F:mu sigma m M 169.0 156.3 15.0 507.0 | H 1.099 | V -0.001 | pL -0.001 | vL 0.000 | delta 0.001
U 22 | F 045056 | FPS 0894 | D 46 | rR:mu sigma m M 0.00 0.00 0.00 0.00 | F:mu sigma m M 190.9 147.2 34.0 538.0 | H 1.098 | V -0.000 | pL -0.000 | vL 0.000 | delta 0.002
U 23 | F 047104 | FPS 0894 | D 48 | rR:mu sigma m M 0.00 0.00 0.00 0.00 | F:mu sigma m M 189.0 134.6 34.0 538.0 | H 1.099 | V 0.000 | pL -0.000 | vL 0.000 | delta 0.000
U 24 | F 049152 | FPS 0898 | D 51 | rR:mu sigma m M 0.00 0.00 0.00 0.00 | F:mu sigma m M 244.3 194.6 47.0 900.0 | H 1.099 | V 0.000 | pL 0.000 | vL 0.000 | delta 0.001
U 25 | F 051200 | FPS 0896 | D 53 | rR:mu sigma m M 0.00 0.00 0.00 0.00 | F:mu sigma m M 192.2 196.4 40.0 900.0 | H 1.099 | V 0.000 | pL 0.000 | vL 0.000 | delta 0.002
U 26 | F 053248 | FPS 0903 | D 55 | rR:mu sigma m M 0.00 0.00 0.00 0.00 | F:mu sigma m M 136.2 67.0 31.0 295.0 | H 1.099 | V 0.001 | pL -0.000 | vL 0.000 | delta 0.001
U 27 | F 055296 | FPS 0969 | D 57 | rR:mu sigma m M 0.00 0.00 0.00 0.00 | F:mu sigma m M 140.3 99.0 24.0 360.0 | H 1.099 | V 0.000 | pL 0.000 | vL 0.000 | delta 0.001
U 28 | F 057344 | FPS 0782 | D 60 | rR:mu sigma m M 0.00 0.00 0.00 0.00 | F:mu sigma m M 190.1 150.5 43.0 588.0 | H 1.099 | V 0.000 | pL 0.000 | vL 0.000 | delta 0.000
U 29 | F 059392 | FPS 0934 | D 62 | rR:mu sigma m M 0.00 0.00 0.00 0.00 | F:mu sigma m M 127.2 117.6 37.0 472.0 | H 1.099 | V -0.000 | pL -0.000 | vL 0.000 | delta 0.000
U 30 | F 061440 | FPS 0947 | D 64 | rR:mu sigma m M 0.00 0.00 0.00 0.00 | F:mu sigma m M 96.5 50.8 38.0 229.0 | H 1.099 | V -0.000 | pL -0.000 | vL 0.000 | delta 0.000
U 31 | F 063488 | FPS 0964 | D 66 | rR:mu sigma m M 0.00 0.00 0.00 0.00 | F:mu sigma m M 135.2 84.9 43.0 356.0 | H 1.099 | V 0.000 | pL -0.000 | vL 0.000 | delta 0.001
U 32 | F 065536 | FPS 0987 | D 69 | rR:mu sigma m M 0.00 0.00 0.00 0.00 | F:mu sigma m M 161.8 91.9 38.0 356.0 | H 1.099 | V 0.000 | pL -0.000 | vL 0.000 | delta 0.000
U 33 | F 067584 | FPS 0987 | D 71 | rR:mu sigma m M 0.00 0.00 0.00 0.00 | F:mu sigma m M 217.4 130.7 38.0 461.0 | H 1.098 | V 0.000 | pL 0.000 | vL 0.000 | delta 0.001
U 34 | F 069632 | FPS 0960 | D 73 | rR:mu sigma m M 0.00 0.00 0.00 0.00 | F:mu sigma m M 252.8 163.8 30.0 618.0 | H 1.099 | V 0.000 | pL -0.000 | vL 0.000 | delta 0.000
U 35 | F 071680 | FPS 0855 | D 75 | rR:mu sigma m M 0.00 0.00 0.00 0.00 | F:mu sigma m M 146.8 89.6 42.0 387.0 | H 1.099 | V -0.000 | pL -0.000 | vL 0.000 | delta 0.000
U 36 | F 073728 | FPS 0938 | D 77 | rR:mu sigma m M 0.00 0.00 0.00 0.00 | F:mu sigma m M 194.3 139.5 21.0 517.0 | H 1.099 | V -0.000 | pL -0.000 | vL 0.000 | delta 0.000
U 37 | F 075776 | FPS 0924 | D 80 | rR:mu sigma m M 0.00 0.00 0.00 0.00 | F:mu sigma m M 197.7 122.5 39.0 517.0 | H 1.099 | V 0.000 | pL -0.000 | vL 0.000 | delta 0.001
U 38 | F 077824 | FPS 0915 | D 82 | rR:mu sigma m M 0.00 0.00 0.00 0.00 | F:mu sigma m M 199.0 112.2 33.0 410.0 | H 1.098 | V 0.001 | pL 0.000 | vL 0.000 | delta 0.001
U 39 | F 079872 | FPS 0900 | D 84 | rR:mu sigma m M 0.00 0.00 0.00 0.00 | F:mu sigma m M 142.1 104.7 18.0 395.0 | H 1.099 | V 0.000 | pL 0.000 | vL 0.000 | delta 0.001
U 40 | F 081920 | FPS 0922 | D 86 | rR:mu sigma m M 0.00 0.00 0.00 0.00 | F:mu sigma m M 152.8 124.8 30.0 474.0 | H 1.099 | V 0.000 | pL -0.000 | vL 0.000 | delta 0.000
U 41 | F 083968 | FPS 0840 | D 89 | rR:mu sigma m M 0.00 0.00 0.00 0.00 | F:mu sigma m M 119.2 99.8 9.0 423.0 | H 1.099 | V 0.000 | pL 0.000 | vL 0.000 | delta 0.000
U 42 | F 086016 | FPS 0910 | D 91 | rR:mu sigma m M 0.00 0.00 0.00 0.00 | F:mu sigma m M 156.8 143.5 17.0 467.0 | H 1.099 | V 0.000 | pL 0.000 | vL 0.000 | delta 0.000
U 43 | F 088064 | FPS 0954 | D 93 | rR:mu sigma m M 0.00 0.00 0.00 0.00 | F:mu sigma m M 103.1 85.6 17.0 384.0 | H 1.099 | V 0.000 | pL 0.000 | vL 0.000 | delta 0.000
U 44 | F 090112 | FPS 0939 | D 95 | rR:mu sigma m M 0.00 0.00 0.00 0.00 | F:mu sigma m M 141.8 160.3 30.0 707.0 | H 1.099 | V 0.000 | pL -0.000 | vL 0.000 | delta 0.000
U 45 | F 092160 | FPS 0937 | D 97 | rR:mu sigma m M 0.00 0.00 0.00 0.00 | F:mu sigma m M 175.6 171.3 30.0 707.0 | H 1.099 | V 0.001 | pL 0.000 | vL 0.000 | delta 0.001
U 46 | F 094208 | FPS 0925 | D 100 | rR:mu sigma m M 0.00 0.00 0.00 0.00 | F:mu sigma m M 253.3 153.0 46.0 520.0 | H 1.099 | V 0.001 | pL 0.000 | vL 0.000 | delta 0.000
U 47 | F 096256 | FPS 0928 | D 102 | rR:mu sigma m M 0.00 0.00 0.00 0.00 | F:mu sigma m M 262.7 156.8 55.0 522.0 | H 1.099 | V 0.001 | pL 0.000 | vL 0.000 | delta 0.000
U 48 | F 098304 | FPS 0823 | D 104 | rR:mu sigma m M 0.00 0.00 0.00 0.00 | F:mu sigma m M 198.6 137.5 11.0 504.0 | H 1.099 | V 0.001 | pL 0.000 | vL 0.000 | delta 0.000
U 49 | F 100352 | FPS 0890 | D 107 | rR:mu sigma m M 0.00 0.00 0.00 0.00 | F:mu sigma m M 166.8 114.1 11.0 337.0 | H 1.099 | V 0.001 | pL 0.000 | vL 0.000 | delta 0.000
U 50 | F 102400 | FPS 0852 | D 109 | rR:mu sigma m M 0.00 0.00 0.00 0.00 | F:mu sigma m M 170.2 127.5 14.0 443.0 | H 1.099 | V 0.000 | pL 0.000 | vL 0.000 | delta 0.000
U 51 | F 104448 | FPS 0923 | D 111 | rR:mu sigma m M 0.00 0.00 0.00 0.00 | F:mu sigma m M 196.7 143.0 25.0 528.0 | H 1.099 | V 0.000 | pL 0.000 | vL 0.000 | delta 0.001
U 52 | F 106496 | FPS 0921 | D 114 | rR:mu sigma m M 0.00 0.00 0.00 0.00 | F:mu sigma m M 150.9 112.3 30.0 496.0 | H 1.099 | V -0.000 | pL -0.000 | vL 0.000 | delta 0.000
U 53 | F 108544 | FPS 0942 | D 116 | rR:mu sigma m M 0.00 0.00 0.00 0.00 | F:mu sigma m M 158.0 119.2 30.0 496.0 | H 1.099 | V 0.000 | pL 0.000 | vL 0.000 | delta 0.000
U 54 | F 110592 | FPS 0885 | D 118 | rR:mu sigma m M 0.00 0.00 0.00 0.00 | F:mu sigma m M 233.2 185.3 31.0 850.0 | H 1.099 | V 0.000 | pL 0.000 | vL 0.000 | delta 0.000
U 55 | F 112640 | FPS 0853 | D 120 | rR:mu sigma m M 0.00 0.00 0.00 0.00 | F:mu sigma m M 180.9 163.8 16.0 629.0 | H 1.099 | V 0.000 | pL -0.000 | vL 0.000 | delta 0.000
U 56 | F 114688 | FPS 0928 | D 123 | rR:mu sigma m M 0.00 0.00 0.00 0.00 | F:mu sigma m M 200.0 193.3 16.0 659.0 | H 1.099 | V 0.000 | pL 0.000 | vL 0.000 | delta 0.000
U 57 | F 116736 | FPS 0925 | D 125 | rR:mu sigma m M 0.00 0.00 0.00 0.00 | F:mu sigma m M 193.6 143.4 55.0 659.0 | H 1.099 | V 0.000 | pL 0.000 | vL 0.000 | delta 0.000
U 58 | F 118784 | FPS 0927 | D 127 | rR:mu sigma m M 0.00 0.00 0.00 0.00 | F:mu sigma m M 247.6 230.7 21.0 900.0 | H 1.099 | V 0.000 | pL 0.000 | vL 0.000 | delta 0.000
U 59 | F 120832 | FPS 0909 | D 129 | rR:mu sigma m M 0.00 0.00 0.00 0.00 | F:mu sigma m M 169.8 111.0 25.0 449.0 | H 1.099 | V 0.000 | pL 0.000 | vL 0.000 | delta 0.000
U 60 | F 122880 | FPS 0913 | D 132 | rR:mu sigma m M 0.00 0.00 0.00 0.00 | F:mu sigma m M 160.4 110.9 19.0 443.0 | H 1.099 | V 0.000 | pL 0.000 | vL 0.000 | delta 0.000
U 61 | F 124928 | FPS 0839 | D 134 | rR:mu sigma m M 0.00 0.00 0.00 0.00 | F:mu sigma m M 123.9 109.2 22.0 383.0 | H 1.099 | V 0.000 | pL 0.000 | vL 0.000 | delta 0.000
U 62 | F 126976 | FPS 0901 | D 136 | rR:mu sigma m M 0.00 0.00 0.00 0.00 | F:mu sigma m M 121.1 97.6 14.0 383.0 | H 1.099 | V 0.000 | pL 0.000 | vL 0.000 | delta 0.000
U 63 | F 129024 | FPS 0899 | D 139 | rR:mu sigma m M 0.00 0.00 0.00 0.00 | F:mu sigma m M 137.4 99.8 14.0 371.0 | H 1.099 | V 0.000 | pL -0.000 | vL 0.000 | delta 0.000
U 64 | F 131072 | FPS 0915 | D 141 | rR:mu sigma m M 0.00 0.00 0.00 0.00 | F:mu sigma m M 140.9 119.4 13.0 499.0 | H 1.099 | V 0.000 | pL 0.000 | vL 0.000 | delta 0.000
U 65 | F 133120 | FPS 0869 | D 143 | rR:mu sigma m M 0.00 0.00 0.00 0.00 | F:mu sigma m M 143.8 124.2 27.0 450.0 | H 1.099 | V 0.000 | pL -0.000 | vL 0.000 | delta 0.000
U 66 | F 135168 | FPS 0921 | D 145 | rR:mu sigma m M 0.00 0.00 0.00 0.00 | F:mu sigma m M 167.2 125.7 27.0 450.0 | H 1.099 | V 0.000 | pL 0.000 | vL 0.000 | delta 0.000
U 67 | F 137216 | FPS 0893 | D 148 | rR:mu sigma m M 0.00 0.00 0.00 0.00 | F:mu sigma m M 173.7 139.2 34.0 587.0 | H 1.099 | V 0.000 | pL 0.000 | vL 0.000 | delta 0.000
U 68 | F 139264 | FPS 0842 | D 150 | rR:mu sigma m M 0.00 0.00 0.00 0.00 | F:mu sigma m M 166.4 134.1 18.0 502.0 | H 1.099 | V -0.000 | pL 0.000 | vL 0.000 | delta 0.000
U 69 | F 141312 | FPS 0950 | D 152 | rR:mu sigma m M 0.00 0.00 0.00 0.00 | F:mu sigma m M 190.1 138.6 39.0 502.0 | H 1.099 | V 0.000 | pL -0.000 | vL 0.000 | delta 0.000
U 70 | F 143360 | FPS 0958 | D 154 | rR:mu sigma m M 0.00 0.00 0.00 0.00 | F:mu sigma m M 187.1 116.1 55.0 436.0 | H 1.099 | V -0.000 | pL -0.000 | vL 0.000 | delta 0.000
U 71 | F 145408 | FPS 0926 | D 157 | rR:mu sigma m M 0.00 0.00 0.00 0.00 | F:mu sigma m M 159.1 95.5 55.0 384.0 | H 1.099 | V -0.000 | pL -0.000 | vL 0.000 | delta 0.000
U 72 | F 147456 | FPS 0905 | D 159 | rR:mu sigma m M 0.00 0.00 0.00 0.00 | F:mu sigma m M 183.2 141.8 11.0 522.0 | H 1.099 | V -0.000 | pL -0.000 | vL 0.000 | delta 0.000
U 73 | F 149504 | FPS 0928 | D 161 | rR:mu sigma m M 0.05 0.18 0.00 0.75 | F:mu sigma m M 151.9 106.9 30.0 431.0 | H 1.094 | V 0.006 | pL -0.006 | vL 0.002 | delta 0.055
U 74 | F 151552 | FPS 0875 | D 163 | rR:mu sigma m M 0.05 0.18 0.00 0.75 | F:mu sigma m M 149.8 99.4 23.0 387.0 | H 1.098 | V 0.005 | pL 0.002 | vL 0.000 | delta 0.006
U 75 | F 153600 | FPS 0954 | D 166 | rR:mu sigma m M 0.00 0.00 0.00 0.00 | F:mu sigma m M 188.6 129.4 32.0 413.0 | H 1.098 | V 0.006 | pL 0.000 | vL 0.000 | delta 0.002
U 76 | F 155648 | FPS 0957 | D 168 | rR:mu sigma m M 0.03 0.12 0.00 0.50 | F:mu sigma m M 181.4 151.0 11.0 496.0 | H 1.098 | V 0.001 | pL -0.000 | vL 0.000 | delta 0.028
U 77 | F 157696 | FPS 0927 | D 170 | rR:mu sigma m M 0.00 0.00 0.00 0.00 | F:mu sigma m M 120.8 103.4 19.0 410.0 | H 1.098 | V 0.007 | pL 0.002 | vL 0.000 | delta 0.001
U 78 | F 159744 | FPS 0945 | D 172 | rR:mu sigma m M 0.00 0.00 0.00 0.00 | F:mu sigma m M 101.6 74.3 25.0 332.0 | H 1.099 | V 0.005 | pL 0.002 | vL 0.000 | delta 0.001
U 79 | F 161792 | FPS 0960 | D 174 | rR:mu sigma m M 0.00 0.00 0.00 0.00 | F:mu sigma m M 115.7 110.7 7.0 440.0 | H 1.098 | V 0.004 | pL 0.001 | vL 0.000 | delta 0.001
U 80 | F 163840 | FPS 0938 | D 176 | rR:mu sigma m M 0.00 0.00 0.00 0.00 | F:mu sigma m M 179.8 149.1 57.0 703.0 | H 1.099 | V 0.003 | pL 0.001 | vL 0.000 | delta 0.000
U 81 | F 165888 | FPS 0862 | D 179 | rR:mu sigma m M 0.00 0.00 0.00 0.00 | F:mu sigma m M 130.6 64.8 18.0 291.0 | H 1.099 | V 0.002 | pL 0.001 | vL 0.000 | delta 0.000
U 82 | F 167936 | FPS 0981 | D 181 | rR:mu sigma m M 0.00 0.00 0.00 0.00 | F:mu sigma m M 143.6 82.7 35.0 323.0 | H 1.099 | V 0.001 | pL 0.000 | vL 0.000 | delta 0.000
U 83 | F 169984 | FPS 0972 | D 183 | rR:mu sigma m M 0.00 0.00 0.00 0.00 | F:mu sigma m M 212.4 242.0 35.0 900.0 | H 1.099 | V 0.001 | pL 0.000 | vL 0.000 | delta 0.000
U 84 | F 172032 | FPS 0975 | D 185 | rR:mu sigma m M 0.00 0.00 0.00 0.00 | F:mu sigma m M 125.4 96.9 10.0 347.0 | H 1.099 | V 0.001 | pL 0.000 | vL 0.000 | delta 0.000
U 85 | F 174080 | FPS 0962 | D 187 | rR:mu sigma m M 0.00 0.00 0.00 0.00 | F:mu sigma m M 154.1 168.6 29.0 772.0 | H 1.099 | V 0.000 | pL 0.000 | vL 0.000 | delta 0.000
U 86 | F 176128 | FPS 0946 | D 189 | rR:mu sigma m M 0.00 0.00 0.00 0.00 | F:mu sigma m M 205.5 221.4 42.0 772.0 | H 1.099 | V 0.000 | pL 0.000 | vL 0.000 | delta 0.000
U 87 | F 178176 | FPS 0942 | D 192 | rR:mu sigma m M 0.00 0.00 0.00 0.00 | F:mu sigma m M 214.3 171.3 42.0 766.0 | H 1.099 | V 0.000 | pL 0.000 | vL 0.000 | delta 0.000
U 88 | F 180224 | FPS 0879 | D 194 | rR:mu sigma m M 0.00 0.00 0.00 0.00 | F:mu sigma m M 153.8 80.7 49.0 327.0 | H 1.099 | V 0.000 | pL 0.000 | vL 0.000 | delta 0.000
U 89 | F 182272 | FPS 0907 | D 196 | rR:mu sigma m M 0.00 0.00 0.00 0.00 | F:mu sigma m M 139.7 88.2 13.0 354.0 | H 1.099 | V 0.000 | pL 0.000 | vL 0.000 | delta 0.000
U 90 | F 184320 | FPS 0941 | D 198 | rR:mu sigma m M 0.00 0.00 0.00 0.00 | F:mu sigma m M 161.3 108.3 31.0 454.0 | H 1.099 | V 0.000 | pL -0.000 | vL 0.000 | delta 0.000
U 91 | F 186368 | FPS 0898 | D 201 | rR:mu sigma m M 0.00 0.00 0.00 0.00 | F:mu sigma m M 168.8 133.1 31.0 454.0 | H 1.099 | V 0.000 | pL -0.000 | vL 0.000 | delta 0.000
U 92 | F 188416 | FPS 0899 | D 203 | rR:mu sigma m M 0.00 0.00 0.00 0.00 | F:mu sigma m M 153.8 90.4 43.0 404.0 | H 1.099 | V 0.000 | pL 0.000 | vL 0.000 | delta 0.000
U 93 | F 190464 | FPS 0855 | D 205 | rR:mu sigma m M 0.00 0.00 0.00 0.00 | F:mu sigma m M 152.1 202.3 13.0 900.0 | H 1.099 | V 0.000 | pL -0.000 | vL 0.000 | delta 0.000
U 94 | F 192512 | FPS 0818 | D 208 | rR:mu sigma m M 0.00 0.00 0.00 0.00 | F:mu sigma m M 152.5 133.1 12.0 487.0 | H 1.099 | V 0.000 | pL 0.000 | vL 0.000 | delta 0.000
U 95 | F 194560 | FPS 0780 | D 210 | rR:mu sigma m M 0.00 0.00 0.00 0.00 | F:mu sigma m M 161.9 90.1 12.0 346.0 | H 1.099 | V 0.000 | pL 0.000 | vL 0.000 | delta 0.000
U 96 | F 196608 | FPS 0836 | D 213 | rR:mu sigma m M 0.00 0.00 0.00 0.00 | F:mu sigma m M 176.1 123.3 41.0 510.0 | H 1.099 | V 0.000 | pL 0.000 | vL 0.000 | delta 0.000
U 97 | F 198656 | FPS 0857 | D 215 | rR:mu sigma m M 0.00 0.00 0.00 0.00 | F:mu sigma m M 132.9 75.2 35.0 277.0 | H 1.099 | V 0.000 | pL 0.000 | vL 0.000 | delta 0.000
U 98 | F 200704 | FPS 0873 | D 218 | rR:mu sigma m M 0.00 0.00 0.00 0.00 | F:mu sigma m M 166.9 129.4 35.0 423.0 | H 1.099 | V 0.000 | pL 0.000 | vL 0.000 | delta 0.000
U 99 | F 202752 | FPS 0855 | D 220 | rR:mu sigma m M 0.00 0.00 0.00 0.00 | F:mu sigma m M 182.2 187.2 27.0 701.0 | H 1.098 | V 0.002 | pL 0.000 | vL 0.000 | delta 0.002
U 100 | F 204800 | FPS 0787 | D 223 | rR:mu sigma m M 0.00 0.00 0.00 0.00 | F:mu sigma m M 212.1 187.4 27.0 724.0 | H 1.099 | V 0.000 | pL 0.000 | vL 0.000 | delta 0.000
U 101 | F 206848 | FPS 0792 | D 225 | rR:mu sigma m M 0.00 0.00 0.00 0.00 | F:mu sigma m M 258.6 203.0 34.0 724.0 | H 1.099 | V 0.000 | pL 0.000 | vL 0.000 | delta 0.000
U 102 | F 208896 | FPS 0856 | D 228 | rR:mu sigma m M 0.00 0.00 0.00 0.00 | F:mu sigma m M 172.5 140.7 13.0 528.0 | H 1.099 | V 0.000 | pL -0.000 | vL 0.000 | delta 0.000
U 103 | F 210944 | FPS 0835 | D 230 | rR:mu sigma m M 0.00 0.00 0.00 0.00 | F:mu sigma m M 176.6 181.8 13.0 723.0 | H 1.099 | V -0.000 | pL 0.000 | vL 0.000 | delta 0.000
U 104 | F 212992 | FPS 0865 | D 232 | rR:mu sigma m M 0.00 0.00 0.00 0.00 | F:mu sigma m M 153.9 140.2 15.0 520.0 | H 1.099 | V -0.000 | pL -0.000 | vL 0.000 | delta 0.000
U 105 | F 215040 | FPS 0859 | D 235 | rR:mu sigma m M 0.00 0.00 0.00 0.00 | F:mu sigma m M 164.8 135.5 14.0 509.0 | H 1.099 | V -0.000 | pL -0.000 | vL 0.000 | delta 0.000
U 106 | F 217088 | FPS 0858 | D 237 | rR:mu sigma m M 0.00 0.00 0.00 0.00 | F:mu sigma m M 131.2 94.3 31.0 408.0 | H 1.099 | V -0.000 | pL -0.000 | vL 0.000 | delta 0.000
U 107 | F 219136 | FPS 0829 | D 240 | rR:mu sigma m M 0.03 0.12 0.00 0.48 | F:mu sigma m M 119.0 114.4 27.0 516.0 | H 1.095 | V 0.005 | pL -0.004 | vL 0.001 | delta 0.013
U 108 | F 221184 | FPS 0909 | D 242 | rR:mu sigma m M 0.00 0.00 0.00 0.00 | F:mu sigma m M 130.1 105.6 18.0 408.0 | H 1.098 | V -0.002 | pL -0.001 | vL 0.000 | delta 0.002
U 109 | F 223232 | FPS 0884 | D 244 | rR:mu sigma m M 0.00 0.00 0.00 0.00 | F:mu sigma m M 133.6 123.6 18.0 501.0 | H 1.099 | V -0.000 | pL -0.000 | vL 0.000 | delta 0.000
U 110 | F 225280 | FPS 0884 | D 247 | rR:mu sigma m M 0.00 0.00 0.00 0.00 | F:mu sigma m M 193.8 213.6 14.0 900.0 | H 1.099 | V -0.000 | pL -0.000 | vL 0.000 | delta 0.000
U 111 | F 227328 | FPS 0825 | D 249 | rR:mu sigma m M 0.00 0.00 0.00 0.00 | F:mu sigma m M 159.7 90.2 39.0 350.0 | H 1.099 | V -0.000 | pL -0.000 | vL 0.000 | delta 0.000
U 112 | F 229376 | FPS 0862 | D 251 | rR:mu sigma m M 0.00 0.00 0.00 0.00 | F:mu sigma m M 144.8 78.7 40.0 319.0 | H 1.099 | V 0.000 | pL 0.000 | vL 0.000 | delta 0.000
U 113 | F 231424 | FPS 0820 | D 254 | rR:mu sigma m M 0.00 0.00 0.00 0.00 | F:mu sigma m M 122.6 72.0 47.0 299.0 | H 1.099 | V -0.000 | pL -0.000 | vL 0.000 | delta 0.000
U 114 | F 233472 | FPS 0853 | D 256 | rR:mu sigma m M 0.00 0.00 0.00 0.00 | F:mu sigma m M 171.9 105.0 47.0 458.0 | H 1.099 | V 0.000 | pL -0.000 | vL 0.000 | delta 0.000
U 115 | F 235520 | FPS 0853 | D 259 | rR:mu sigma m M 0.00 0.00 0.00 0.00 | F:mu sigma m M 201.6 137.6 55.0 458.0 | H 1.099 | V 0.000 | pL 0.000 | vL 0.000 | delta 0.000
U 116 | F 237568 | FPS 0840 | D 261 | rR:mu sigma m M 0.00 0.00 0.00 0.00 | F:mu sigma m M 266.6 198.4 67.0 725.0 | H 1.099 | V -0.000 | pL -0.000 | vL 0.000 | delta 0.000
U 117 | F 239616 | FPS 0869 | D 263 | rR:mu sigma m M 0.00 0.00 0.00 0.00 | F:mu sigma m M 233.4 187.1 55.0 725.0 | H 1.099 | V 0.000 | pL -0.000 | vL 0.000 | delta 0.000
U 118 | F 241664 | FPS 0835 | D 266 | rR:mu sigma m M 0.05 0.19 0.00 0.79 | F:mu sigma m M 163.2 98.2 40.0 410.0 | H 1.097 | V 0.006 | pL -0.006 | vL 0.001 | delta 0.019
U 119 | F 243712 | FPS 0821 | D 268 | rR:mu sigma m M 0.05 0.19 0.00 0.79 | F:mu sigma m M 174.4 140.9 40.0 574.0 | H 1.098 | V 0.002 | pL 0.001 | vL 0.000 | delta 0.003
U 120 | F 245760 | FPS 0895 | D 271 | rR:mu sigma m M 0.00 0.00 0.00 0.00 | F:mu sigma m M 231.9 183.3 51.0 698.0 | H 1.098 | V 0.004 | pL 0.002 | vL 0.000 | delta 0.003
U 121 | F 247808 | FPS 0913 | D 273 | rR:mu sigma m M 0.00 0.00 0.00 0.00 | F:mu sigma m M 134.8 113.6 13.0 419.0 | H 1.099 | V 0.000 | pL 0.000 | vL 0.000 | delta 0.000
U 122 | F 249856 | FPS 0894 | D 275 | rR:mu sigma m M 0.00 0.00 0.00 0.00 | F:mu sigma m M 124.6 96.0 13.0 312.0 | H 1.099 | V 0.000 | pL 0.000 | vL 0.000 | delta 0.000
U 123 | F 251904 | FPS 0882 | D 278 | rR:mu sigma m M 0.00 0.00 0.00 0.00 | F:mu sigma m M 179.6 94.0 33.0 369.0 | H 1.099 | V -0.000 | pL 0.000 | vL 0.000 | delta 0.000
U 124 | F 253952 | FPS 0886 | D 280 | rR:mu sigma m M 0.00 0.00 0.00 0.00 | F:mu sigma m M 164.5 181.9 12.0 819.0 | H 1.099 | V -0.000 | pL 0.000 | vL 0.000 | delta 0.000
U 125 | F 256000 | FPS 0860 | D 282 | rR:mu sigma m M 0.00 0.00 0.00 0.00 | F:mu sigma m M 171.1 179.4 19.0 819.0 | H 1.099 | V 0.000 | pL 0.000 | vL 0.000 | delta 0.001
U 126 | F 258048 | FPS 0821 | D 285 | rR:mu sigma m M 0.00 0.00 0.00 0.00 | F:mu sigma m M 156.4 71.8 19.0 301.0 | H 1.099 | V 0.000 | pL 0.000 | vL 0.000 | delta 0.000
U 127 | F 260096 | FPS 0877 | D 287 | rR:mu sigma m M 0.05 0.21 0.00 0.85 | F:mu sigma m M 176.8 104.8 35.0 374.0 | H 1.093 | V 0.006 | pL -0.007 | vL 0.001 | delta 0.018
U 128 | F 262144 | FPS 0868 | D 289 | rR:mu sigma m M 0.00 0.00 0.00 0.00 | F:mu sigma m M 188.4 136.4 17.0 467.0 | H 1.098 | V 0.002 | pL 0.001 | vL 0.000 | delta 0.001
U 129 | F 264192 | FPS 0895 | D 292 | rR:mu sigma m M 0.00 0.00 0.00 0.00 | F:mu sigma m M 226.4 132.9 74.0 538.0 | H 1.099 | V 0.001 | pL 0.000 | vL 0.000 | delta 0.000
U 130 | F 266240 | FPS 0845 | D 294 | rR:mu sigma m M 0.00 0.00 0.00 0.00 | F:mu sigma m M 196.2 136.1 24.0 538.0 | H 1.099 | V 0.001 | pL 0.000 | vL 0.000 | delta 0.000
U 131 | F 268288 | FPS 0860 | D 297 | rR:mu sigma m M 0.00 0.00 0.00 0.00 | F:mu sigma m M 134.9 88.7 18.0 315.0 | H 1.098 | V 0.002 | pL -0.001 | vL 0.000 | delta 0.002
U 132 | F 270336 | FPS 0833 | D 299 | rR:mu sigma m M 0.04 0.14 0.00 0.59 | F:mu sigma m M 158.5 101.4 32.0 412.0 | H 1.097 | V 0.013 | pL -0.003 | vL 0.001 | delta 0.026
U 133 | F 272384 | FPS 0881 | D 301 | rR:mu sigma m M 0.04 0.14 0.00 0.59 | F:mu sigma m M 134.7 106.9 33.0 412.0 | H 1.098 | V 0.014 | pL 0.004 | vL 0.000 | delta 0.004
U 134 | F 274432 | FPS 0893 | D 304 | rR:mu sigma m M 0.00 0.00 0.00 0.00 | F:mu sigma m M 163.1 106.9 23.0 381.0 | H 1.098 | V 0.012 | pL 0.004 | vL 0.000 | delta 0.002
U 135 | F 276480 | FPS 0883 | D 306 | rR:mu sigma m M 0.00 0.00 0.00 0.00 | F:mu sigma m M 145.5 90.9 54.0 381.0 | H 1.099 | V 0.009 | pL 0.002 | vL 0.000 | delta 0.001
U 136 | F 278528 | FPS 0900 | D 308 | rR:mu sigma m M 0.00 0.00 0.00 0.00 | F:mu sigma m M 165.4 81.2 69.0 299.0 | H 1.096 | V 0.010 | pL 0.001 | vL 0.000 | delta 0.004
U 137 | F 280576 | FPS 0893 | D 311 | rR:mu sigma m M 0.00 0.00 0.00 0.00 | F:mu sigma m M 253.1 186.0 35.0 692.0 | H 1.098 | V 0.008 | pL 0.003 | vL 0.000 | delta 0.002
U 138 | F 282624 | FPS 0886 | D 313 | rR:mu sigma m M 0.00 0.00 0.00 0.00 | F:mu sigma m M 216.4 166.8 49.0 692.0 | H 1.098 | V 0.007 | pL 0.001 | vL 0.000 | delta 0.002
U 139 | F 284672 | FPS 0795 | D 315 | rR:mu sigma m M 0.00 0.00 0.00 0.00 | F:mu sigma m M 170.8 129.8 30.0 495.0 | H 1.098 | V 0.005 | pL 0.001 | vL 0.000 | delta 0.002
U 140 | F 286720 | FPS 0862 | D 318 | rR:mu sigma m M 0.00 0.00 0.00 0.00 | F:mu sigma m M 175.9 112.7 45.0 448.0 | H 1.098 | V 0.004 | pL 0.002 | vL 0.000 | delta 0.001
U 141 | F 288768 | FPS 0878 | D 320 | rR:mu sigma m M 0.00 0.00 0.00 0.00 | F:mu sigma m M 118.9 83.7 32.0 356.0 | H 1.098 | V 0.004 | pL 0.001 | vL 0.000 | delta 0.002
U 142 | F 290816 | FPS 0876 | D 322 | rR:mu sigma m M 0.00 0.00 0.00 0.00 | F:mu sigma m M 142.8 84.5 19.0 356.0 | H 1.099 | V 0.004 | pL 0.001 | vL 0.000 | delta 0.001
U 143 | F 292864 | FPS 0818 | D 325 | rR:mu sigma m M 0.00 0.00 0.00 0.00 | F:mu sigma m M 142.6 77.6 19.0 332.0 | H 1.099 | V 0.002 | pL 0.001 | vL 0.000 | delta 0.002
U 144 | F 294912 | FPS 0876 | D 327 | rR:mu sigma m M 0.00 0.00 0.00 0.00 | F:mu sigma m M 205.4 217.4 36.0 900.0 | H 1.099 | V 0.002 | pL 0.000 | vL 0.000 | delta 0.001
U 145 | F 296960 | FPS 0822 | D 330 | rR:mu sigma m M 0.00 0.00 0.00 0.00 | F:mu sigma m M 204.5 227.5 20.0 900.0 | H 1.099 | V 0.001 | pL 0.000 | vL 0.000 | delta 0.000
U 146 | F 299008 | FPS 0870 | D 332 | rR:mu sigma m M 0.00 0.00 0.00 0.00 | F:mu sigma m M 206.6 136.1 20.0 596.0 | H 1.099 | V 0.001 | pL 0.000 | vL 0.000 | delta 0.001
U 147 | F 301056 | FPS 0864 | D 335 | rR:mu sigma m M 0.00 0.00 0.00 0.00 | F:mu sigma m M 179.6 153.9 23.0 599.0 | H 1.099 | V 0.001 | pL 0.000 | vL 0.000 | delta 0.001
U 148 | F 303104 | FPS 0870 | D 337 | rR:mu sigma m M 0.00 0.00 0.00 0.00 | F:mu sigma m M 226.8 224.1 23.0 806.0 | H 1.099 | V 0.001 | pL 0.000 | vL 0.000 | delta 0.001
U 149 | F 305152 | FPS 0845 | D 339 | rR:mu sigma m M 0.00 0.00 0.00 0.00 | F:mu sigma m M 170.9 132.6 28.0 585.0 | H 1.099 | V 0.000 | pL 0.000 | vL 0.000 | delta 0.001
U 150 | F 307200 | FPS 0864 | D 342 | rR:mu sigma m M 0.00 0.00 0.00 0.00 | F:mu sigma m M 191.2 172.1 28.0 613.0 | H 1.099 | V 0.001 | pL 0.000 | vL 0.000 | delta 0.001
U 151 | F 309248 | FPS 0803 | D 344 | rR:mu sigma m M 0.00 0.00 0.00 0.00 | F:mu sigma m M 160.6 146.0 10.0 613.0 | H 1.099 | V 0.000 | pL 0.000 | vL 0.000 | delta 0.001
U 152 | F 311296 | FPS 0820 | D 347 | rR:mu sigma m M 0.00 0.00 0.00 0.00 | F:mu sigma m M 174.9 136.9 54.0 600.0 | H 1.099 | V 0.000 | pL 0.000 | vL 0.000 | delta 0.001
U 153 | F 313344 | FPS 0846 | D 349 | rR:mu sigma m M 0.00 0.00 0.00 0.00 | F:mu sigma m M 180.9 226.2 30.0 900.0 | H 1.099 | V 0.000 | pL 0.000 | vL 0.000 | delta 0.001
U 154 | F 315392 | FPS 0835 | D 352 | rR:mu sigma m M 0.00 0.00 0.00 0.00 | F:mu sigma m M 183.1 135.4 41.0 523.0 | H 1.099 | V 0.000 | pL 0.000 | vL 0.000 | delta 0.001
U 155 | F 317440 | FPS 0806 | D 354 | rR:mu sigma m M 0.00 0.00 0.00 0.00 | F:mu sigma m M 159.8 107.1 41.0 399.0 | H 1.099 | V 0.000 | pL 0.000 | vL 0.000 | delta 0.000
U 156 | F 319488 | FPS 0820 | D 357 | rR:mu sigma m M 0.00 0.00 0.00 0.00 | F:mu sigma m M 171.7 72.1 65.0 323.0 | H 1.099 | V 0.000 | pL 0.000 | vL 0.000 | delta 0.001
U 157 | F 321536 | FPS 0791 | D 359 | rR:mu sigma m M 0.00 0.00 0.00 0.00 | F:mu sigma m M 169.2 118.7 33.0 504.0 | H 1.099 | V 0.000 | pL -0.000 | vL 0.000 | delta 0.000
U 158 | F 323584 | FPS 0784 | D 362 | rR:mu sigma m M 0.00 0.00 0.00 0.00 | F:mu sigma m M 172.1 117.6 33.0 477.0 | H 1.099 | V 0.000 | pL 0.000 | vL 0.000 | delta 0.000
U 159 | F 325632 | FPS 0838 | D 364 | rR:mu sigma m M 0.00 0.00 0.00 0.00 | F:mu sigma m M 189.6 123.9 36.0 477.0 | H 1.099 | V -0.000 | pL 0.000 | vL 0.000 | delta 0.001
U 160 | F 327680 | FPS 0848 | D 367 | rR:mu sigma m M 0.00 0.00 0.00 0.00 | F:mu sigma m M 193.6 153.2 22.0 530.0 | H 1.099 | V -0.000 | pL -0.000 | vL 0.000 | delta 0.001
U 161 | F 329728 | FPS 0824 | D 369 | rR:mu sigma m M 0.03 0.12 0.00 0.54 | F:mu sigma m M 139.7 105.0 30.0 460.0 | H 1.097 | V 0.002 | pL -0.004 | vL 0.000 | delta 0.008
U 162 | F 331776 | FPS 0830 | D 372 | rR:mu sigma m M 0.00 0.00 0.00 0.00 | F:mu sigma m M 124.1 149.2 35.0 700.0 | H 1.098 | V 0.007 | pL 0.001 | vL 0.000 | delta 0.004
U 163 | F 333824 | FPS 0785 | D 374 | rR:mu sigma m M 0.00 0.00 0.00 0.00 | F:mu sigma m M 135.1 95.3 21.0 355.0 | H 1.098 | V 0.003 | pL 0.000 | vL 0.000 | delta 0.001
U 164 | F 335872 | FPS 0837 | D 377 | rR:mu sigma m M 0.00 0.00 0.00 0.00 | F:mu sigma m M 186.9 109.7 52.0 519.0 | H 1.099 | V 0.001 | pL 0.000 | vL 0.000 | delta 0.000
U 165 | F 337920 | FPS 0844 | D 379 | rR:mu sigma m M 0.00 0.00 0.00 0.00 | F:mu sigma m M 128.0 98.3 26.0 357.0 | H 1.099 | V 0.001 | pL 0.000 | vL 0.000 | delta 0.000
U 166 | F 339968 | FPS 0856 | D 382 | rR:mu sigma m M 0.00 0.00 0.00 0.00 | F:mu sigma m M 166.6 143.7 35.0 501.0 | H 1.099 | V 0.000 | pL 0.000 | vL 0.000 | delta 0.000
U 167 | F 342016 | FPS 0838 | D 384 | rR:mu sigma m M 0.00 0.00 0.00 0.00 | F:mu sigma m M 192.3 129.2 63.0 501.0 | H 1.099 | V 0.000 | pL 0.000 | vL 0.000 | delta 0.000
U 168 | F 344064 | FPS 0861 | D 386 | rR:mu sigma m M 0.00 0.00 0.00 0.00 | F:mu sigma m M 154.8 85.7 28.0 350.0 | H 1.099 | V 0.001 | pL -0.000 | vL 0.000 | delta 0.000
U 169 | F 346112 | FPS 0797 | D 389 | rR:mu sigma m M 0.05 0.19 0.00 0.80 | F:mu sigma m M 202.3 136.3 41.0 446.0 | H 1.097 | V 0.008 | pL -0.006 | vL 0.001 | delta 0.016
U 170 | F 348160 | FPS 0874 | D 391 | rR:mu sigma m M 0.00 0.00 0.00 0.00 | F:mu sigma m M 166.8 134.1 14.0 446.0 | H 1.096 | V -0.007 | pL -0.005 | vL 0.000 | delta 0.009
U 171 | F 350208 | FPS 0862 | D 394 | rR:mu sigma m M 0.00 0.00 0.00 0.00 | F:mu sigma m M 151.2 81.8 11.0 344.0 | H 1.098 | V -0.010 | pL -0.003 | vL 0.000 | delta 0.005
U 172 | F 352256 | FPS 0857 | D 396 | rR:mu sigma m M 0.00 0.00 0.00 0.00 | F:mu sigma m M 141.8 132.8 24.0 500.0 | H 1.099 | V -0.010 | pL -0.003 | vL 0.000 | delta 0.002
U 173 | F 354304 | FPS 0837 | D 398 | rR:mu sigma m M 0.00 0.00 0.00 0.00 | F:mu sigma m M 193.6 172.7 24.0 635.0 | H 1.098 | V -0.009 | pL -0.003 | vL 0.000 | delta 0.002
U 174 | F 356352 | FPS 0867 | D 401 | rR:mu sigma m M 0.00 0.00 0.00 0.00 | F:mu sigma m M 207.1 173.2 19.0 647.0 | H 1.098 | V -0.007 | pL -0.002 | vL 0.000 | delta 0.008
U 175 | F 358400 | FPS 0814 | D 403 | rR:mu sigma m M 0.00 0.00 0.00 0.00 | F:mu sigma m M 143.1 88.8 32.0 374.0 | H 1.098 | V -0.009 | pL -0.003 | vL 0.000 | delta 0.001
U 176 | F 360448 | FPS 0854 | D 406 | rR:mu sigma m M 0.00 0.00 0.00 0.00 | F:mu sigma m M 146.2 65.2 47.0 279.0 | H 1.098 | V -0.006 | pL -0.002 | vL 0.000 | delta 0.005
U 177 | F 362496 | FPS 0788 | D 408 | rR:mu sigma m M 0.00 0.00 0.00 0.00 | F:mu sigma m M 146.4 91.9 32.0 388.0 | H 1.097 | V -0.007 | pL -0.002 | vL 0.000 | delta 0.003
U 178 | F 364544 | FPS 0847 | D 411 | rR:mu sigma m M 0.00 0.00 0.00 0.00 | F:mu sigma m M 162.4 128.3 32.0 515.0 | H 1.098 | V -0.005 | pL -0.002 | vL 0.000 | delta 0.001
U 179 | F 366592 | FPS 0839 | D 413 | rR:mu sigma m M 0.02 0.06 0.00 0.26 | F:mu sigma m M 218.2 219.0 31.0 737.0 | H 1.098 | V -0.004 | pL -0.003 | vL 0.000 | delta 0.003
U 180 | F 368640 | FPS 0867 | D 416 | rR:mu sigma m M 0.00 0.00 0.00 0.00 | F:mu sigma m M 182.7 178.0 31.0 729.0 | H 1.098 | V -0.003 | pL -0.001 | vL 0.000 | delta 0.001
U 181 | F 370688 | FPS 0861 | D 418 | rR:mu sigma m M 0.00 0.00 0.00 0.00 | F:mu sigma m M 162.6 139.5 21.0 529.0 | H 1.099 | V -0.002 | pL -0.001 | vL 0.000 | delta 0.000
U 182 | F 372736 | FPS 0797 | D 421 | rR:mu sigma m M 0.00 0.00 0.00 0.00 | F:mu sigma m M 152.9 110.0 30.0 374.0 | H 1.099 | V -0.002 | pL -0.000 | vL 0.000 | delta 0.000
U 183 | F 374784 | FPS 0846 | D 423 | rR:mu sigma m M 0.00 0.00 0.00 0.00 | F:mu sigma m M 174.6 133.3 30.0 521.0 | H 1.099 | V -0.001 | pL -0.000 | vL 0.000 | delta 0.000
U 184 | F 376832 | FPS 0846 | D 425 | rR:mu sigma m M 0.00 0.00 0.00 0.00 | F:mu sigma m M 216.9 136.5 21.0 521.0 | H 1.099 | V -0.001 | pL -0.000 | vL 0.000 | delta 0.001
U 185 | F 378880 | FPS 0859 | D 428 | rR:mu sigma m M 0.00 0.00 0.00 0.00 | F:mu sigma m M 211.4 175.8 21.0 700.0 | H 1.099 | V -0.001 | pL -0.000 | vL 0.000 | delta 0.000
U 186 | F 380928 | FPS 0852 | D 430 | rR:mu sigma m M 0.00 0.00 0.00 0.00 | F:mu sigma m M 199.8 119.4 40.0 447.0 | H 1.099 | V -0.001 | pL -0.000 | vL 0.000 | delta 0.000
U 187 | F 382976 | FPS 0819 | D 433 | rR:mu sigma m M 0.00 0.00 0.00 0.00 | F:mu sigma m M 230.6 190.3 32.0 763.0 | H 1.099 | V -0.001 | pL -0.000 | vL 0.000 | delta 0.000
U 188 | F 385024 | FPS 0779 | D 435 | rR:mu sigma m M 0.00 0.00 0.00 0.00 | F:mu sigma m M 199.1 178.6 27.0 763.0 | H 1.099 | V -0.000 | pL -0.000 | vL 0.000 | delta 0.000
U 189 | F 387072 | FPS 0845 | D 438 | rR:mu sigma m M 0.00 0.00 0.00 0.00 | F:mu sigma m M 158.3 98.6 27.0 393.0 | H 1.098 | V 0.001 | pL -0.001 | vL 0.000 | delta 0.001
U 190 | F 389120 | FPS 0823 | D 440 | rR:mu sigma m M 0.05 0.21 0.00 0.85 | F:mu sigma m M 175.6 93.3 39.0 393.0 | H 1.097 | V 0.000 | pL -0.003 | vL 0.001 | delta 0.025
U 191 | F 391168 | FPS 0796 | D 443 | rR:mu sigma m M 0.00 0.00 0.00 0.00 | F:mu sigma m M 132.5 97.3 23.0 354.0 | H 1.099 | V 0.001 | pL 0.000 | vL 0.000 | delta 0.004
U 192 | F 393216 | FPS 0852 | D 445 | rR:mu sigma m M 0.00 0.00 0.00 0.00 | F:mu sigma m M 188.9 159.2 25.0 518.0 | H 1.098 | V -0.002 | pL -0.000 | vL 0.000 | delta 0.001
U 193 | F 395264 | FPS 0861 | D 448 | rR:mu sigma m M 0.00 0.00 0.00 0.00 | F:mu sigma m M 208.6 168.5 25.0 518.0 | H 1.099 | V -0.001 | pL -0.000 | vL 0.000 | delta 0.001
U 194 | F 397312 | FPS 0795 | D 450 | rR:mu sigma m M 0.00 0.00 0.00 0.00 | F:mu sigma m M 201.7 187.9 31.0 754.0 | H 1.099 | V -0.000 | pL -0.000 | vL 0.000 | delta 0.001
U 195 | F 399360 | FPS 0846 | D 453 | rR:mu sigma m M 0.00 0.00 0.00 0.00 | F:mu sigma m M 136.6 126.8 17.0 428.0 | H 1.099 | V -0.000 | pL -0.000 | vL 0.000 | delta 0.000
U 196 | F 401408 | FPS 0850 | D 455 | rR:mu sigma m M 0.00 0.00 0.00 0.00 | F:mu sigma m M 143.3 114.1 17.0 428.0 | H 1.099 | V -0.000 | pL -0.000 | vL 0.000 | delta 0.000
U 197 | F 403456 | FPS 0840 | D 457 | rR:mu sigma m M 0.00 0.00 0.00 0.00 | F:mu sigma m M 244.3 173.2 17.0 713.0 | H 1.099 | V -0.000 | pL 0.000 | vL 0.000 | delta 0.000
U 198 | F 405504 | FPS 0830 | D 460 | rR:mu sigma m M 0.00 0.00 0.00 0.00 | F:mu sigma m M 110.7 66.0 16.0 255.0 | H 1.099 | V 0.000 | pL -0.000 | vL 0.000 | delta 0.000
U 199 | F 407552 | FPS 0839 | D 462 | rR:mu sigma m M 0.00 0.00 0.00 0.00 | F:mu sigma m M 108.8 96.7 15.0 368.0 | H 1.099 | V -0.000 | pL 0.000 | vL 0.000 | delta 0.001
U 200 | F 409600 | FPS 0774 | D 465 | rR:mu sigma m M 0.05 0.19 0.00 0.80 | F:mu sigma m M 142.0 113.9 15.0 368.0 | H 1.090 | V 0.011 | pL -0.006 | vL 0.002 | delta 0.018
U 201 | F 411648 | FPS 0830 | D 467 | rR:mu sigma m M 0.05 0.19 0.00 0.80 | F:mu sigma m M 239.2 139.8 64.0 628.0 | H 1.097 | V 0.007 | pL 0.002 | vL 0.000 | delta 0.002
U 202 | F 413696 | FPS 0836 | D 470 | rR:mu sigma m M 0.00 0.00 0.00 0.00 | F:mu sigma m M 157.6 129.0 14.0 474.0 | H 1.098 | V 0.005 | pL 0.002 | vL 0.000 | delta 0.001
U 203 | F 415744 | FPS 0835 | D 472 | rR:mu sigma m M 0.00 0.00 0.00 0.00 | F:mu sigma m M 140.1 104.8 14.0 392.0 | H 1.098 | V 0.007 | pL 0.001 | vL 0.000 | delta 0.003
U 204 | F 417792 | FPS 0848 | D 475 | rR:mu sigma m M 0.00 0.00 0.00 0.00 | F:mu sigma m M 197.1 80.1 37.0 328.0 | H 1.096 | V 0.009 | pL 0.003 | vL 0.000 | delta 0.006
U 205 | F 419840 | FPS 0857 | D 477 | rR:mu sigma m M 0.00 0.00 0.00 0.00 | F:mu sigma m M 164.5 86.8 37.0 325.0 | H 1.098 | V 0.004 | pL 0.001 | vL 0.000 | delta 0.001
U 206 | F 421888 | FPS 0805 | D 480 | rR:mu sigma m M 0.00 0.00 0.00 0.00 | F:mu sigma m M 204.4 155.9 38.0 577.0 | H 1.099 | V 0.003 | pL 0.001 | vL 0.000 | delta 0.001
U 207 | F 423936 | FPS 0868 | D 482 | rR:mu sigma m M 0.00 0.00 0.00 0.00 | F:mu sigma m M 228.8 186.7 10.0 688.0 | H 1.099 | V 0.002 | pL 0.001 | vL 0.000 | delta 0.000
U 208 | F 425984 | FPS 0852 | D 484 | rR:mu sigma m M 0.00 0.00 0.00 0.00 | F:mu sigma m M 114.1 66.9 34.0 225.0 | H 1.098 | V 0.003 | pL 0.001 | vL 0.000 | delta 0.003
U 209 | F 428032 | FPS 0824 | D 487 | rR:mu sigma m M 0.00 0.00 0.00 0.00 | F:mu sigma m M 120.0 78.9 23.0 363.0 | H 1.098 | V 0.006 | pL 0.000 | vL 0.000 | delta 0.002
U 210 | F 430080 | FPS 0852 | D 489 | rR:mu sigma m M 0.00 0.00 0.00 0.00 | F:mu sigma m M 151.3 112.3 21.0 375.0 | H 1.098 | V 0.002 | pL 0.001 | vL 0.000 | delta 0.001
U 211 | F 432128 | FPS 0837 | D 492 | rR:mu sigma m M 0.00 0.00 0.00 0.00 | F:mu sigma m M 184.3 123.6 32.0 432.0 | H 1.099 | V 0.001 | pL 0.000 | vL 0.000 | delta 0.000
U 212 | F 434176 | FPS 0786 | D 494 | rR:mu sigma m M 0.00 0.00 0.00 0.00 | F:mu sigma m M 150.7 80.0 24.0 340.0 | H 1.099 | V 0.001 | pL 0.000 | vL 0.000 | delta 0.000
U 213 | F 436224 | FPS 0823 | D 497 | rR:mu sigma m M 0.00 0.00 0.00 0.00 | F:mu sigma m M 111.8 80.1 17.0 351.0 | H 1.099 | V 0.001 | pL 0.000 | vL 0.000 | delta 0.000
U 214 | F 438272 | FPS 0830 | D 499 | rR:mu sigma m M 0.00 0.00 0.00 0.00 | F:mu sigma m M 168.8 115.4 17.0 404.0 | H 1.099 | V 0.001 | pL 0.000 | vL 0.000 | delta 0.000
U 215 | F 440320 | FPS 0833 | D 502 | rR:mu sigma m M 0.00 0.00 0.00 0.00 | F:mu sigma m M 140.8 93.1 43.0 404.0 | H 1.099 | V 0.001 | pL 0.000 | vL 0.000 | delta 0.000
U 216 | F 442368 | FPS 0845 | D 504 | rR:mu sigma m M 0.00 0.00 0.00 0.00 | F:mu sigma m M 229.2 221.5 41.0 900.0 | H 1.099 | V 0.000 | pL 0.000 | vL 0.000 | delta 0.000
U 217 | F 444416 | FPS 0846 | D 507 | rR:mu sigma m M 0.00 0.00 0.00 0.00 | F:mu sigma m M 233.8 219.9 30.0 900.0 | H 1.099 | V 0.001 | pL 0.000 | vL 0.000 | delta 0.000
U 218 | F 446464 | FPS 0801 | D 509 | rR:mu sigma m M 0.00 0.00 0.00 0.00 | F:mu sigma m M 166.6 148.6 32.0 631.0 | H 1.099 | V 0.000 | pL 0.000 | vL 0.000 | delta 0.001
U 219 | F 448512 | FPS 0858 | D 512 | rR:mu sigma m M 0.05 0.19 0.00 0.78 | F:mu sigma m M 184.7 119.2 37.0 455.0 | H 1.097 | V 0.007 | pL -0.006 | vL 0.001 | delta 0.021
U 220 | F 450560 | FPS 0872 | D 514 | rR:mu sigma m M 0.05 0.19 0.00 0.78 | F:mu sigma m M 148.3 81.8 37.0 323.0 | H 1.099 | V 0.005 | pL 0.001 | vL 0.000 | delta 0.005
U 221 | F 452608 | FPS 0841 | D 516 | rR:mu sigma m M 0.00 0.00 0.00 0.00 | F:mu sigma m M 165.4 86.3 46.0 372.0 | H 1.096 | V 0.010 | pL 0.000 | vL 0.000 | delta 0.010
U 222 | F 454656 | FPS 0839 | D 519 | rR:mu sigma m M 0.00 0.00 0.00 0.00 | F:mu sigma m M 228.9 107.3 46.0 372.0 | H 1.098 | V 0.005 | pL 0.000 | vL 0.000 | delta 0.004
U 223 | F 456704 | FPS 0843 | D 521 | rR:mu sigma m M 0.00 0.00 0.00 0.00 | F:mu sigma m M 221.1 188.3 45.0 826.0 | H 1.097 | V 0.015 | pL 0.003 | vL 0.000 | delta 0.005
U 224 | F 458752 | FPS 0744 | D 524 | rR:mu sigma m M 0.04 0.17 0.00 0.71 | F:mu sigma m M 196.8 195.9 13.0 826.0 | H 1.095 | V 0.008 | pL -0.003 | vL 0.001 | delta 0.022
U 225 | F 460800 | FPS 0894 | D 526 | rR:mu sigma m M 0.00 0.00 0.00 0.00 | F:mu sigma m M 166.8 179.8 48.0 683.0 | H 1.098 | V 0.009 | pL 0.002 | vL 0.000 | delta 0.002
U 226 | F 462848 | FPS 0855 | D 529 | rR:mu sigma m M 0.00 0.00 0.00 0.00 | F:mu sigma m M 226.2 163.1 60.0 683.0 | H 1.098 | V 0.007 | pL 0.002 | vL 0.000 | delta 0.001
U 227 | F 464896 | FPS 0863 | D 531 | rR:mu sigma m M 0.00 0.00 0.00 0.00 | F:mu sigma m M 199.6 115.0 23.0 423.0 | H 1.098 | V 0.006 | pL 0.001 | vL 0.000 | delta 0.001
U 228 | F 466944 | FPS 0884 | D 533 | rR:mu sigma m M 0.00 0.00 0.00 0.00 | F:mu sigma m M 204.1 187.3 21.0 817.0 | H 1.098 | V 0.006 | pL 0.001 | vL 0.000 | delta 0.003
U 229 | F 468992 | FPS 0895 | D 536 | rR:mu sigma m M 0.00 0.00 0.00 0.00 | F:mu sigma m M 239.9 209.5 30.0 865.0 | H 1.098 | V 0.005 | pL 0.001 | vL 0.000 | delta 0.002
U 230 | F 471040 | FPS 0912 | D 538 | rR:mu sigma m M 0.00 0.00 0.00 0.00 | F:mu sigma m M 154.7 130.1 17.0 415.0 | H 1.098 | V 0.008 | pL 0.000 | vL 0.000 | delta 0.005
U 231 | F 473088 | FPS 0828 | D 540 | rR:mu sigma m M 0.00 0.00 0.00 0.00 | F:mu sigma m M 161.3 97.8 17.0 396.0 | H 1.096 | V 0.010 | pL 0.000 | vL 0.000 | delta 0.007
U 232 | F 475136 | FPS 0907 | D 543 | rR:mu sigma m M 0.00 0.00 0.00 0.00 | F:mu sigma m M 235.6 199.3 43.0 861.0 | H 1.098 | V 0.009 | pL 0.003 | vL 0.000 | delta 0.007
U 233 | F 477184 | FPS 0883 | D 545 | rR:mu sigma m M 0.04 0.14 0.00 0.59 | F:mu sigma m M 259.8 201.4 26.0 861.0 | H 1.098 | V 0.004 | pL -0.004 | vL 0.000 | delta 0.007
U 234 | F 479232 | FPS 0901 | D 547 | rR:mu sigma m M 0.00 0.00 0.00 0.00 | F:mu sigma m M 160.8 97.2 29.0 344.0 | H 1.098 | V 0.002 | pL 0.001 | vL 0.000 | delta 0.001
U 235 | F 481280 | FPS 0829 | D 550 | rR:mu sigma m M 0.00 0.00 0.00 0.00 | F:mu sigma m M 157.6 120.7 29.0 363.0 | H 1.099 | V 0.001 | pL 0.000 | vL 0.000 | delta 0.001
U 236 | F 483328 | FPS 0893 | D 552 | rR:mu sigma m M 0.00 0.00 0.00 0.00 | F:mu sigma m M 212.4 162.6 32.0 641.0 | H 1.098 | V 0.001 | pL -0.000 | vL 0.000 | delta 0.001
U 237 | F 485376 | FPS 0841 | D 554 | rR:mu sigma m M 0.00 0.00 0.00 0.00 | F:mu sigma m M 203.6 153.8 21.0 640.0 | H 1.098 | V 0.002 | pL 0.001 | vL 0.000 | delta 0.001
U 238 | F 487424 | FPS 0877 | D 557 | rR:mu sigma m M 0.00 0.00 0.00 0.00 | F:mu sigma m M 200.1 149.5 21.0 640.0 | H 1.098 | V 0.003 | pL 0.001 | vL 0.000 | delta 0.004
U 239 | F 489472 | FPS 0861 | D 559 | rR:mu sigma m M 0.00 0.00 0.00 0.00 | F:mu sigma m M 211.9 137.9 37.0 477.0 | H 1.099 | V -0.000 | pL -0.000 | vL 0.000 | delta 0.002
U 240 | F 491520 | FPS 0917 | D 561 | rR:mu sigma m M 0.00 0.00 0.00 0.00 | F:mu sigma m M 116.6 101.5 35.0 420.0 | H 1.098 | V 0.001 | pL 0.000 | vL 0.000 | delta 0.003
U 241 | F 493568 | FPS 0926 | D 564 | rR:mu sigma m M 0.00 0.00 0.00 0.00 | F:mu sigma m M 125.9 114.9 18.0 508.0 | H 1.098 | V 0.002 | pL 0.000 | vL 0.000 | delta 0.004
U 242 | F 495616 | FPS 0906 | D 566 | rR:mu sigma m M 0.00 0.00 0.00 0.00 | F:mu sigma m M 211.7 144.2 13.0 508.0 | H 1.098 | V 0.004 | pL 0.001 | vL 0.000 | delta 0.001
U 243 | F 497664 | FPS 0861 | D 568 | rR:mu sigma m M 0.00 0.00 0.00 0.00 | F:mu sigma m M 275.5 153.4 13.0 582.0 | H 1.099 | V 0.002 | pL 0.001 | vL 0.000 | delta 0.001
U 244 | F 499712 | FPS 0901 | D 571 | rR:mu sigma m M 0.00 0.00 0.00 0.00 | F:mu sigma m M 192.5 118.6 48.0 366.0 | H 1.098 | V 0.003 | pL 0.001 | vL 0.000 | delta 0.005
U 245 | F 501760 | FPS 0863 | D 573 | rR:mu sigma m M 0.00 0.00 0.00 0.00 | F:mu sigma m M 204.9 149.0 36.0 593.0 | H 1.099 | V -0.001 | pL -0.000 | vL 0.000 | delta 0.001
U 246 | F 503808 | FPS 0852 | D 575 | rR:mu sigma m M 0.00 0.00 0.00 0.00 | F:mu sigma m M 223.5 150.6 36.0 593.0 | H 1.099 | V -0.002 | pL -0.000 | vL 0.000 | delta 0.000
U 247 | F 505856 | FPS 0862 | D 578 | rR:mu sigma m M 0.00 0.00 0.00 0.00 | F:mu sigma m M 202.3 106.6 38.0 408.0 | H 1.099 | V -0.001 | pL -0.000 | vL 0.000 | delta 0.000
U 248 | F 507904 | FPS 0867 | D 580 | rR:mu sigma m M 0.00 0.00 0.00 0.00 | F:mu sigma m M 123.6 118.5 33.0 444.0 | H 1.099 | V -0.001 | pL -0.000 | vL 0.000 | delta 0.000
U 249 | F 509952 | FPS 0864 | D 582 | rR:mu sigma m M 0.05 0.18 0.00 0.74 | F:mu sigma m M 161.6 120.2 31.0 433.0 | H 1.090 | V 0.006 | pL -0.006 | vL 0.001 | delta 0.011
U 250 | F 512000 | FPS 0811 | D 585 | rR:mu sigma m M 0.00 0.00 0.00 0.00 | F:mu sigma m M 160.1 189.2 15.0 796.0 | H 1.098 | V -0.004 | pL -0.002 | vL 0.000 | delta 0.002
U 251 | F 514048 | FPS 0829 | D 587 | rR:mu sigma m M 0.00 0.00 0.00 0.00 | F:mu sigma m M 139.8 144.2 20.0 493.0 | H 1.099 | V -0.004 | pL -0.001 | vL 0.000 | delta 0.001
U 252 | F 516096 | FPS 0847 | D 590 | rR:mu sigma m M 0.00 0.00 0.00 0.00 | F:mu sigma m M 144.1 108.9 20.0 371.0 | H 1.097 | V 0.004 | pL -0.000 | vL 0.000 | delta 0.008
U 253 | F 518144 | FPS 0877 | D 592 | rR:mu sigma m M 0.00 0.00 0.00 0.00 | F:mu sigma m M 200.4 134.2 20.0 444.0 | H 1.098 | V 0.001 | pL 0.001 | vL 0.000 | delta 0.003
U 254 | F 520192 | FPS 0888 | D 594 | rR:mu sigma m M 0.00 0.00 0.00 0.00 | F:mu sigma m M 134.8 75.2 20.0 306.0 | H 1.098 | V 0.000 | pL 0.000 | vL 0.000 | delta 0.001
U 255 | F 522240 | FPS 0859 | D 597 | rR:mu sigma m M 0.00 0.00 0.00 0.00 | F:mu sigma m M 140.2 128.3 37.0 573.0 | H 1.099 | V 0.000 | pL 0.000 | vL 0.000 | delta 0.000
U 256 | F 524288 | FPS 0812 | D 599 | rR:mu sigma m M 0.00 0.00 0.00 0.00 | F:mu sigma m M 119.6 66.7 15.0 274.0 | H 1.099 | V 0.001 | pL 0.000 | vL 0.000 | delta 0.000
U 257 | F 526336 | FPS 0883 | D 602 | rR:mu sigma m M 0.00 0.00 0.00 0.00 | F:mu sigma m M 162.5 141.9 28.0 550.0 | H 1.099 | V 0.000 | pL 0.000 | vL 0.000 | delta 0.000
U 258 | F 528384 | FPS 0858 | D 604 | rR:mu sigma m M 0.00 0.00 0.00 0.00 | F:mu sigma m M 175.1 183.3 12.0 744.0 | H 1.099 | V 0.001 | pL 0.000 | vL 0.000 | delta 0.001
U 259 | F 530432 | FPS 0866 | D 606 | rR:mu sigma m M 0.00 0.00 0.00 0.00 | F:mu sigma m M 166.8 163.8 12.0 744.0 | H 1.099 | V 0.001 | pL 0.000 | vL 0.000 | delta 0.000
U 260 | F 532480 | FPS 0871 | D 609 | rR:mu sigma m M 0.05 0.19 0.00 0.79 | F:mu sigma m M 216.7 133.9 43.0 586.0 | H 1.096 | V 0.007 | pL -0.006 | vL 0.001 | delta 0.021
U 261 | F 534528 | FPS 0868 | D 611 | rR:mu sigma m M 0.00 0.00 0.00 0.00 | F:mu sigma m M 147.4 144.7 33.0 588.0 | H 1.098 | V 0.008 | pL 0.001 | vL 0.000 | delta 0.005
U 262 | F 536576 | FPS 0798 | D 614 | rR:mu sigma m M 0.00 0.00 0.00 0.00 | F:mu sigma m M 148.0 122.6 13.0 460.0 | H 1.098 | V 0.011 | pL 0.004 | vL 0.000 | delta 0.003
U 263 | F 538624 | FPS 0884 | D 616 | rR:mu sigma m M 0.00 0.00 0.00 0.00 | F:mu sigma m M 137.7 125.2 13.0 460.0 | H 1.098 | V 0.009 | pL 0.002 | vL 0.000 | delta 0.003
U 264 | F 540672 | FPS 0826 | D 619 | rR:mu sigma m M 0.00 0.00 0.00 0.00 | F:mu sigma m M 228.5 196.3 22.0 790.0 | H 1.098 | V 0.008 | pL 0.002 | vL 0.000 | delta 0.002
U 265 | F 542720 | FPS 0877 | D 621 | rR:mu sigma m M 0.00 0.00 0.00 0.00 | F:mu sigma m M 189.2 192.4 11.0 790.0 | H 1.098 | V 0.005 | pL 0.002 | vL 0.000 | delta 0.003
U 266 | F 544768 | FPS 0898 | D 623 | rR:mu sigma m M 0.00 0.00 0.00 0.00 | F:mu sigma m M 130.6 98.0 26.0 469.0 | H 1.098 | V 0.005 | pL 0.001 | vL 0.000 | delta 0.006
U 267 | F 546816 | FPS 0895 | D 625 | rR:mu sigma m M 0.00 0.00 0.00 0.00 | F:mu sigma m M 220.3 178.8 49.0 721.0 | H 1.092 | V 0.011 | pL -0.002 | vL 0.001 | delta 0.011
U 268 | F 548864 | FPS 0908 | D 628 | rR:mu sigma m M 0.00 0.00 0.00 0.00 | F:mu sigma m M 147.3 173.3 13.0 804.0 | H 1.096 | V 0.007 | pL 0.003 | vL 0.000 | delta 0.003
U 269 | F 550912 | FPS 0810 | D 630 | rR:mu sigma m M 0.00 0.00 0.00 0.00 | F:mu sigma m M 166.8 171.0 25.0 804.0 | H 1.099 | V 0.005 | pL 0.001 | vL 0.000 | delta 0.001
U 270 | F 552960 | FPS 0875 | D 633 | rR:mu sigma m M 0.00 0.00 0.00 0.00 | F:mu sigma m M 154.1 84.0 29.0 338.0 | H 1.098 | V 0.004 | pL 0.001 | vL 0.000 | delta 0.001
U 271 | F 555008 | FPS 0889 | D 635 | rR:mu sigma m M 0.00 0.00 0.00 0.00 | F:mu sigma m M 141.2 92.4 41.0 409.0 | H 1.098 | V 0.004 | pL 0.001 | vL 0.000 | delta 0.002
U 272 | F 557056 | FPS 0829 | D 637 | rR:mu sigma m M 0.04 0.14 0.00 0.59 | F:mu sigma m M 143.9 107.2 27.0 406.0 | H 1.096 | V 0.010 | pL -0.004 | vL 0.000 | delta 0.006
U 273 | F 559104 | FPS 0866 | D 640 | rR:mu sigma m M 0.00 0.00 0.00 0.00 | F:mu sigma m M 135.4 107.4 26.0 359.0 | H 1.098 | V -0.001 | pL -0.000 | vL 0.000 | delta 0.000
U 274 | F 561152 | FPS 0880 | D 642 | rR:mu sigma m M 0.05 0.20 0.00 0.84 | F:mu sigma m M 163.9 115.1 28.0 359.0 | H 1.094 | V 0.009 | pL -0.006 | vL 0.001 | delta 0.012
U 275 | F 563200 | FPS 0850 | D 644 | rR:mu sigma m M 0.05 0.20 0.00 0.84 | F:mu sigma m M 139.8 111.4 19.0 423.0 | H 1.096 | V 0.002 | pL -0.001 | vL 0.000 | delta 0.009
U 276 | F 565248 | FPS 0835 | D 647 | rR:mu sigma m M 0.00 0.00 0.00 0.00 | F:mu sigma m M 199.9 164.4 24.0 541.0 | H 1.098 | V 0.004 | pL 0.001 | vL 0.000 | delta 0.006
U 277 | F 567296 | FPS 0879 | D 649 | rR:mu sigma m M 0.00 0.00 0.00 0.00 | F:mu sigma m M 175.9 111.1 55.0 416.0 | H 1.098 | V 0.009 | pL 0.000 | vL 0.000 | delta 0.004
U 278 | F 569344 | FPS 0897 | D 652 | rR:mu sigma m M 0.00 0.00 0.00 0.00 | F:mu sigma m M 156.6 108.9 36.0 416.0 | H 1.098 | V 0.009 | pL 0.003 | vL 0.000 | delta 0.010
U 279 | F 571392 | FPS 0883 | D 654 | rR:mu sigma m M 0.00 0.00 0.00 0.00 | F:mu sigma m M 179.7 113.3 36.0 381.0 | H 1.097 | V 0.016 | pL 0.000 | vL 0.000 | delta 0.003
U 280 | F 573440 | FPS 0887 | D 656 | rR:mu sigma m M 0.00 0.00 0.00 0.00 | F:mu sigma m M 188.6 126.5 27.0 396.0 | H 1.097 | V 0.015 | pL 0.004 | vL 0.000 | delta 0.004
U 281 | F 575488 | FPS 0834 | D 659 | rR:mu sigma m M 0.05 0.19 0.00 0.79 | F:mu sigma m M 122.2 75.4 42.0 293.0 | H 1.098 | V 0.007 | pL -0.003 | vL 0.001 | delta 0.007
U 282 | F 577536 | FPS 0821 | D 661 | rR:mu sigma m M 0.00 0.00 0.00 0.00 | F:mu sigma m M 184.7 187.7 18.0 645.0 | H 1.098 | V 0.008 | pL 0.003 | vL 0.000 | delta 0.005
U 283 | F 579584 | FPS 0872 | D 663 | rR:mu sigma m M 0.00 0.00 0.00 0.00 | F:mu sigma m M 211.4 183.8 19.0 639.0 | H 1.098 | V 0.004 | pL 0.001 | vL 0.000 | delta 0.001
U 284 | F 581632 | FPS 0886 | D 666 | rR:mu sigma m M 0.00 0.00 0.00 0.00 | F:mu sigma m M 166.9 123.9 34.0 423.0 | H 1.098 | V 0.003 | pL 0.001 | vL 0.000 | delta 0.003
U 285 | F 583680 | FPS 0884 | D 668 | rR:mu sigma m M 0.00 0.00 0.00 0.00 | F:mu sigma m M 200.1 160.3 20.0 697.0 | H 1.098 | V 0.004 | pL 0.001 | vL 0.000 | delta 0.001
U 286 | F 585728 | FPS 0869 | D 670 | rR:mu sigma m M 0.00 0.00 0.00 0.00 | F:mu sigma m M 160.1 131.7 23.0 494.0 | H 1.099 | V 0.003 | pL 0.001 | vL 0.000 | delta 0.001
U 287 | F 587776 | FPS 0872 | D 673 | rR:mu sigma m M 0.00 0.00 0.00 0.00 | F:mu sigma m M 146.8 115.5 23.0 494.0 | H 1.099 | V 0.002 | pL 0.001 | vL 0.000 | delta 0.000
U 288 | F 589824 | FPS 0764 | D 675 | rR:mu sigma m M 0.00 0.00 0.00 0.00 | F:mu sigma m M 174.4 126.0 27.0 527.0 | H 1.098 | V 0.007 | pL 0.001 | vL 0.000 | delta 0.004
U 289 | F 591872 | FPS 0858 | D 678 | rR:mu sigma m M 0.00 0.00 0.00 0.00 | F:mu sigma m M 210.2 168.0 35.0 527.0 | H 1.097 | V 0.008 | pL 0.001 | vL 0.000 | delta 0.007
U 290 | F 593920 | FPS 0889 | D 680 | rR:mu sigma m M 0.00 0.00 0.00 0.00 | F:mu sigma m M 140.2 119.0 34.0 452.0 | H 1.096 | V 0.013 | pL 0.004 | vL 0.000 | delta 0.005
U 291 | F 595968 | FPS 0897 | D 682 | rR:mu sigma m M 0.03 0.13 0.00 0.52 | F:mu sigma m M 160.1 132.4 21.0 483.0 | H 1.097 | V 0.013 | pL -0.002 | vL 0.000 | delta 0.006
U 292 | F 598016 | FPS 0892 | D 685 | rR:mu sigma m M 0.04 0.16 0.00 0.68 | F:mu sigma m M 150.2 141.3 21.0 613.0 | H 1.094 | V 0.013 | pL -0.003 | vL 0.000 | delta 0.014
U 293 | F 600064 | FPS 0881 | D 687 | rR:mu sigma m M 0.00 0.00 0.00 0.00 | F:mu sigma m M 201.4 210.9 29.0 900.0 | H 1.099 | V 0.003 | pL 0.001 | vL 0.000 | delta 0.003
U 294 | F 602112 | FPS 0820 | D 690 | rR:mu sigma m M 0.00 0.00 0.00 0.00 | F:mu sigma m M 160.4 204.5 22.0 900.0 | H 1.098 | V 0.004 | pL 0.000 | vL 0.000 | delta 0.003
U 295 | F 604160 | FPS 0858 | D 692 | rR:mu sigma m M 0.00 0.00 0.00 0.00 | F:mu sigma m M 164.0 105.2 25.0 447.0 | H 1.096 | V 0.005 | pL 0.002 | vL 0.000 | delta 0.006
U 296 | F 606208 | FPS 0851 | D 694 | rR:mu sigma m M 0.00 0.00 0.00 0.00 | F:mu sigma m M 171.6 115.3 25.0 418.0 | H 1.098 | V 0.001 | pL -0.001 | vL 0.000 | delta 0.003
U 297 | F 608256 | FPS 0856 | D 697 | rR:mu sigma m M 0.04 0.16 0.00 0.65 | F:mu sigma m M 190.6 237.5 14.0 900.0 | H 1.095 | V 0.005 | pL -0.002 | vL 0.000 | delta 0.008
U 298 | F 610304 | FPS 0844 | D 699 | rR:mu sigma m M 0.00 0.00 0.00 0.00 | F:mu sigma m M 173.4 106.5 21.0 354.0 | H 1.098 | V 0.001 | pL 0.000 | vL 0.000 | delta 0.001
U 299 | F 612352 | FPS 0834 | D 702 | rR:mu sigma m M 0.00 0.00 0.00 0.00 | F:mu sigma m M 137.8 94.3 24.0 341.0 | H 1.099 | V 0.001 | pL 0.000 | vL 0.000 | delta 0.000
U 300 | F 614400 | FPS 0795 | D 704 | rR:mu sigma m M 0.00 0.00 0.00 0.00 | F:mu sigma m M 126.1 71.8 31.0 264.0 | H 1.098 | V 0.002 | pL -0.000 | vL 0.000 | delta 0.002
U 301 | F 616448 | FPS 0859 | D 707 | rR:mu sigma m M 0.00 0.00 0.00 0.00 | F:mu sigma m M 161.2 138.3 11.0 415.0 | H 1.097 | V 0.004 | pL 0.002 | vL 0.000 | delta 0.005
U 302 | F 618496 | FPS 0845 | D 709 | rR:mu sigma m M 0.00 0.00 0.00 0.00 | F:mu sigma m M 189.9 138.6 11.0 415.0 | H 1.098 | V 0.003 | pL 0.001 | vL 0.000 | delta 0.002
U 303 | F 620544 | FPS 0899 | D 711 | rR:mu sigma m M 0.05 0.20 0.00 0.81 | F:mu sigma m M 233.0 120.8 53.0 436.0 | H 1.097 | V 0.010 | pL -0.004 | vL 0.000 | delta 0.018
U 304 | F 622592 | FPS 0904 | D 714 | rR:mu sigma m M 0.02 0.06 0.00 0.24 | F:mu sigma m M 233.1 173.3 22.0 757.0 | H 1.098 | V -0.001 | pL -0.002 | vL 0.000 | delta 0.005
U 305 | F 624640 | FPS 0934 | D 716 | rR:mu sigma m M 0.00 0.00 0.00 0.00 | F:mu sigma m M 189.2 127.3 22.0 530.0 | H 1.098 | V 0.000 | pL -0.000 | vL 0.000 | delta 0.004
U 306 | F 626688 | FPS 0932 | D 718 | rR:mu sigma m M 0.00 0.00 0.00 0.00 | F:mu sigma m M 140.0 124.6 29.0 552.0 | H 1.098 | V 0.003 | pL -0.001 | vL 0.000 | delta 0.003
U 307 | F 628736 | FPS 0864 | D 720 | rR:mu sigma m M 0.00 0.00 0.00 0.00 | F:mu sigma m M 152.6 105.6 29.0 431.0 | H 1.097 | V 0.008 | pL 0.003 | vL 0.000 | delta 0.006
U 308 | F 630784 | FPS 0902 | D 723 | rR:mu sigma m M 0.00 0.00 0.00 0.00 | F:mu sigma m M 191.4 109.9 22.0 431.0 | H 1.098 | V -0.001 | pL -0.001 | vL 0.000 | delta 0.002
U 309 | F 632832 | FPS 0890 | D 725 | rR:mu sigma m M 0.00 0.00 0.00 0.00 | F:mu sigma m M 183.9 145.2 31.0 577.0 | H 1.095 | V 0.006 | pL -0.001 | vL 0.000 | delta 0.006
U 310 | F 634880 | FPS 0909 | D 727 | rR:mu sigma m M 0.00 0.00 0.00 0.00 | F:mu sigma m M 178.9 191.8 31.0 763.0 | H 1.094 | V 0.009 | pL 0.001 | vL 0.000 | delta 0.004
U 311 | F 636928 | FPS 0902 | D 729 | rR:mu sigma m M 0.00 0.00 0.00 0.00 | F:mu sigma m M 174.1 148.0 39.0 512.0 | H 1.094 | V 0.012 | pL 0.003 | vL 0.000 | delta 0.006
U 312 | F 638976 | FPS 0888 | D 732 | rR:mu sigma m M 0.00 0.00 0.00 0.00 | F:mu sigma m M 233.9 213.3 19.0 780.0 | H 1.098 | V 0.008 | pL 0.003 | vL 0.000 | delta 0.003
U 313 | F 641024 | FPS 0823 | D 734 | rR:mu sigma m M 0.00 0.00 0.00 0.00 | F:mu sigma m M 133.2 90.8 27.0 345.0 | H 1.098 | V 0.003 | pL 0.000 | vL 0.000 | delta 0.001
U 314 | F 643072 | FPS 0867 | D 737 | rR:mu sigma m M 0.00 0.00 0.00 0.00 | F:mu sigma m M 119.8 70.7 29.0 316.0 | H 1.098 | V 0.005 | pL 0.001 | vL 0.000 | delta 0.002
U 315 | F 645120 | FPS 0917 | D 739 | rR:mu sigma m M 0.05 0.18 0.00 0.74 | F:mu sigma m M 188.9 207.3 38.0 900.0 | H 1.096 | V 0.008 | pL -0.005 | vL 0.001 | delta 0.009
U 316 | F 647168 | FPS 0888 | D 741 | rR:mu sigma m M 0.05 0.18 0.00 0.74 | F:mu sigma m M 218.6 204.2 34.0 900.0 | H 1.097 | V 0.004 | pL 0.001 | vL 0.000 | delta 0.002
U 317 | F 649216 | FPS 0905 | D 743 | rR:mu sigma m M 0.00 0.00 0.00 0.00 | F:mu sigma m M 149.6 117.9 39.0 455.0 | H 1.097 | V 0.004 | pL 0.001 | vL 0.000 | delta 0.002
U 318 | F 651264 | FPS 0926 | D 746 | rR:mu sigma m M 0.00 0.00 0.00 0.00 | F:mu sigma m M 128.5 78.1 11.0 292.0 | H 1.098 | V 0.001 | pL 0.000 | vL 0.000 | delta 0.001
U 319 | F 653312 | FPS 0947 | D 748 | rR:mu sigma m M 0.00 0.00 0.00 0.00 | F:mu sigma m M 171.8 166.8 11.0 586.0 | H 1.099 | V 0.001 | pL 0.000 | vL 0.000 | delta 0.000
U 320 | F 655360 | FPS 0838 | D 750 | rR:mu sigma m M 0.00 0.00 0.00 0.00 | F:mu sigma m M 201.2 127.3 65.0 586.0 | H 1.098 | V 0.001 | pL 0.000 | vL 0.000 | delta 0.000
U 321 | F 657408 | FPS 0885 | D 753 | rR:mu sigma m M 0.00 0.00 0.00 0.00 | F:mu sigma m M 193.2 148.5 7.0 676.0 | H 1.097 | V 0.001 | pL 0.000 | vL 0.000 | delta 0.001
U 322 | F 659456 | FPS 0883 | D 755 | rR:mu sigma m M 0.00 0.00 0.00 0.00 | F:mu sigma m M 155.7 101.8 17.0 409.0 | H 1.098 | V 0.001 | pL 0.000 | vL 0.000 | delta 0.001
U 323 | F 661504 | FPS 0873 | D 757 | rR:mu sigma m M 0.05 0.19 0.00 0.79 | F:mu sigma m M 170.6 104.9 16.0 351.0 | H 1.097 | V 0.008 | pL -0.006 | vL 0.000 | delta 0.012
U 324 | F 663552 | FPS 0878 | D 760 | rR:mu sigma m M 0.00 0.00 0.00 0.00 | F:mu sigma m M 164.9 102.5 39.0 351.0 | H 1.099 | V 0.003 | pL 0.001 | vL 0.000 | delta 0.002
U 325 | F 665600 | FPS 0897 | D 762 | rR:mu sigma m M 0.00 0.00 0.00 0.00 | F:mu sigma m M 184.8 194.3 44.0 900.0 | H 1.099 | V 0.003 | pL 0.001 | vL 0.000 | delta 0.001
U 326 | F 667648 | FPS 0782 | D 764 | rR:mu sigma m M 0.00 0.00 0.00 0.00 | F:mu sigma m M 166.7 122.2 44.0 420.0 | H 1.098 | V 0.002 | pL 0.000 | vL 0.000 | delta 0.002
U 327 | F 669696 | FPS 0876 | D 767 | rR:mu sigma m M 0.05 0.20 0.00 0.84 | F:mu sigma m M 207.4 147.2 24.0 453.0 | H 1.098 | V 0.009 | pL -0.004 | vL 0.001 | delta 0.015
U 328 | F 671744 | FPS 0896 | D 769 | rR:mu sigma m M 0.00 0.00 0.00 0.00 | F:mu sigma m M 198.6 133.8 44.0 551.0 | H 1.097 | V 0.000 | pL -0.001 | vL 0.000 | delta 0.006
U 329 | F 673792 | FPS 0890 | D 771 | rR:mu sigma m M 0.04 0.17 0.00 0.70 | F:mu sigma m M 133.5 92.0 18.0 307.0 | H 1.096 | V 0.013 | pL -0.002 | vL 0.001 | delta 0.010
U 330 | F 675840 | FPS 0902 | D 774 | rR:mu sigma m M 0.04 0.17 0.00 0.70 | F:mu sigma m M 161.4 93.2 18.0 408.0 | H 1.098 | V -0.000 | pL -0.000 | vL 0.000 | delta 0.001
U 331 | F 677888 | FPS 0906 | D 776 | rR:mu sigma m M 0.00 0.00 0.00 0.00 | F:mu sigma m M 178.7 121.8 22.0 456.0 | H 1.098 | V 0.001 | pL 0.000 | vL 0.000 | delta 0.004
U 332 | F 679936 | FPS 0848 | D 778 | rR:mu sigma m M 0.00 0.00 0.00 0.00 | F:mu sigma m M 148.9 96.4 21.0 396.0 | H 1.098 | V 0.000 | pL 0.000 | vL 0.000 | delta 0.001
U 333 | F 681984 | FPS 0872 | D 781 | rR:mu sigma m M 0.00 0.00 0.00 0.00 | F:mu sigma m M 118.6 102.6 34.0 477.0 | H 1.098 | V 0.000 | pL 0.000 | vL 0.000 | delta 0.000
U 334 | F 684032 | FPS 0883 | D 783 | rR:mu sigma m M 0.00 0.00 0.00 0.00 | F:mu sigma m M 115.9 73.1 29.0 271.0 | H 1.098 | V 0.000 | pL 0.000 | vL 0.000 | delta 0.000
U 335 | F 686080 | FPS 0842 | D 785 | rR:mu sigma m M 0.00 0.00 0.00 0.00 | F:mu sigma m M 128.7 97.3 29.0 340.0 | H 1.098 | V 0.000 | pL 0.000 | vL 0.000 | delta 0.000
U 336 | F 688128 | FPS 0889 | D 788 | rR:mu sigma m M 0.00 0.00 0.00 0.00 | F:mu sigma m M 162.1 120.1 37.0 412.0 | H 1.098 | V 0.000 | pL 0.000 | vL 0.000 | delta 0.000
U 337 | F 690176 | FPS 0842 | D 790 | rR:mu sigma m M 0.00 0.00 0.00 0.00 | F:mu sigma m M 194.8 169.8 32.0 518.0 | H 1.099 | V 0.000 | pL 0.000 | vL 0.000 | delta 0.000
U 338 | F 692224 | FPS 0877 | D 792 | rR:mu sigma m M 0.00 0.00 0.00 0.00 | F:mu sigma m M 162.4 150.9 26.0 518.0 | H 1.099 | V 0.000 | pL 0.000 | vL 0.000 | delta 0.000
U 339 | F 694272 | FPS 0792 | D 795 | rR:mu sigma m M 0.00 0.00 0.00 0.00 | F:mu sigma m M 213.1 149.9 26.0 518.0 | H 1.099 | V 0.000 | pL 0.000 | vL 0.000 | delta 0.000
U 340 | F 696320 | FPS 0922 | D 797 | rR:mu sigma m M 0.00 0.00 0.00 0.00 | F:mu sigma m M 256.4 183.5 43.0 739.0 | H 1.097 | V 0.002 | pL -0.001 | vL 0.000 | delta 0.003
U 341 | F 698368 | FPS 0926 | D 799 | rR:mu sigma m M 0.00 0.00 0.00 0.00 | F:mu sigma m M 266.4 202.0 90.0 739.0 | H 1.099 | V 0.000 | pL 0.000 | vL 0.000 | delta 0.001
U 342 | F 700416 | FPS 0920 | D 802 | rR:mu sigma m M 0.00 0.00 0.00 0.00 | F:mu sigma m M 178.8 143.2 38.0 580.0 | H 1.095 | V 0.001 | pL 0.001 | vL 0.000 | delta 0.008
U 343 | F 702464 | FPS 0898 | D 804 | rR:mu sigma m M 0.04 0.14 0.00 0.60 | F:mu sigma m M 163.0 114.8 38.0 403.0 | H 1.096 | V 0.021 | pL -0.002 | vL 0.000 | delta 0.006
U 344 | F 704512 | FPS 0904 | D 806 | rR:mu sigma m M 0.04 0.14 0.00 0.60 | F:mu sigma m M 180.4 209.4 31.0 859.0 | H 1.098 | V -0.003 | pL -0.001 | vL 0.000 | delta 0.002
U 345 | F 706560 | FPS 0832 | D 809 | rR:mu sigma m M 0.00 0.00 0.00 0.00 | F:mu sigma m M 143.4 171.6 18.0 695.0 | H 1.098 | V -0.003 | pL -0.001 | vL 0.000 | delta 0.001
U 346 | F 708608 | FPS 0864 | D 811 | rR:mu sigma m M 0.00 0.00 0.00 0.00 | F:mu sigma m M 162.1 117.0 25.0 442.0 | H 1.099 | V -0.003 | pL -0.001 | vL 0.000 | delta 0.001
U 347 | F 710656 | FPS 0841 | D 814 | rR:mu sigma m M 0.00 0.00 0.00 0.00 | F:mu sigma m M 142.2 100.3 14.0 357.0 | H 1.099 | V -0.002 | pL -0.001 | vL 0.000 | delta 0.000
U 348 | F 712704 | FPS 0873 | D 816 | rR:mu sigma m M 0.00 0.00 0.00 0.00 | F:mu sigma m M 106.7 70.1 14.0 269.0 | H 1.099 | V -0.002 | pL -0.001 | vL 0.000 | delta 0.000
U 349 | F 714752 | FPS 0859 | D 818 | rR:mu sigma m M 0.00 0.00 0.00 0.00 | F:mu sigma m M 138.7 78.4 27.0 281.0 | H 1.098 | V -0.001 | pL -0.001 | vL 0.000 | delta 0.001
U 350 | F 716800 | FPS 0912 | D 821 | rR:mu sigma m M 0.04 0.17 0.00 0.72 | F:mu sigma m M 154.2 172.6 22.0 668.0 | H 1.096 | V 0.009 | pL -0.004 | vL 0.000 | delta 0.008
U 351 | F 718848 | FPS 0733 | D 823 | rR:mu sigma m M 0.06 0.21 0.00 0.88 | F:mu sigma m M 177.3 187.2 21.0 668.0 | H 1.096 | V 0.008 | pL -0.007 | vL 0.001 | delta 0.015
U 352 | F 720896 | FPS 0856 | D 826 | rR:mu sigma m M 0.06 0.21 0.00 0.88 | F:mu sigma m M 142.1 104.7 17.0 378.0 | H 1.093 | V 0.005 | pL -0.001 | vL 0.000 | delta 0.014
U 353 | F 722944 | FPS 0899 | D 828 | rR:mu sigma m M 0.00 0.00 0.00 0.00 | F:mu sigma m M 164.3 122.7 17.0 385.0 | H 1.090 | V 0.019 | pL -0.007 | vL 0.001 | delta 0.013
U 354 | F 724992 | FPS 0904 | D 830 | rR:mu sigma m M 0.09 0.23 0.00 0.80 | F:mu sigma m M 227.1 199.6 12.0 754.0 | H 1.092 | V 0.008 | pL -0.002 | vL 0.000 | delta 0.008
U 355 | F 727040 | FPS 0920 | D 832 | rR:mu sigma m M 0.00 0.00 0.00 0.00 | F:mu sigma m M 170.1 209.6 12.0 754.0 | H 1.096 | V 0.001 | pL -0.000 | vL 0.000 | delta 0.002
U 356 | F 729088 | FPS 0928 | D 835 | rR:mu sigma m M 0.09 0.25 0.00 0.86 | F:mu sigma m M 181.8 105.1 18.0 403.0 | H 1.088 | V 0.021 | pL -0.013 | vL 0.001 | delta 0.020
U 357 | F 731136 | FPS 0921 | D 837 | rR:mu sigma m M 0.20 0.35 0.00 0.88 | F:mu sigma m M 154.2 102.3 18.0 403.0 | H 1.084 | V 0.037 | pL -0.010 | vL 0.001 | delta 0.027
U 358 | F 733184 | FPS 0828 | D 839 | rR:mu sigma m M 0.15 0.31 0.00 0.88 | F:mu sigma m M 229.5 175.4 46.0 685.0 | H 1.085 | V 0.035 | pL -0.003 | vL 0.001 | delta 0.013
U 359 | F 735232 | FPS 0872 | D 842 | rR:mu sigma m M 0.00 0.00 0.00 0.00 | F:mu sigma m M 199.8 112.1 46.0 396.0 | H 1.092 | V 0.010 | pL 0.002 | vL 0.000 | delta 0.004
U 360 | F 737280 | FPS 0939 | D 844 | rR:mu sigma m M 0.11 0.28 0.00 0.88 | F:mu sigma m M 216.2 125.7 56.0 496.0 | H 1.084 | V 0.029 | pL -0.013 | vL 0.002 | delta 0.030
U 361 | F 739328 | FPS 0922 | D 846 | rR:mu sigma m M 0.05 0.21 0.00 0.88 | F:mu sigma m M 145.0 75.6 30.0 274.0 | H 1.088 | V 0.018 | pL 0.005 | vL 0.000 | delta 0.010
U 362 | F 741376 | FPS 0843 | D 849 | rR:mu sigma m M 0.04 0.18 0.00 0.84 | F:mu sigma m M 123.7 96.3 13.0 434.0 | H 1.081 | V 0.027 | pL 0.001 | vL 0.001 | delta 0.012
U 363 | F 743424 | FPS 0933 | D 851 | rR:mu sigma m M 0.00 0.00 0.00 0.00 | F:mu sigma m M 146.4 79.1 30.0 283.0 | H 1.080 | V 0.025 | pL -0.001 | vL 0.000 | delta 0.015
U 364 | F 745472 | FPS 0903 | D 853 | rR:mu sigma m M 0.05 0.20 0.00 0.82 | F:mu sigma m M 153.1 72.3 20.0 283.0 | H 1.081 | V 0.024 | pL -0.005 | vL 0.001 | delta 0.016
U 365 | F 747520 | FPS 0854 | D 855 | rR:mu sigma m M 0.14 0.31 0.00 0.93 | F:mu sigma m M 134.8 91.2 51.0 314.0 | H 1.075 | V 0.026 | pL -0.002 | vL 0.002 | delta 0.023
U 366 | F 749568 | FPS 0912 | D 858 | rR:mu sigma m M 0.07 0.19 0.00 0.69 | F:mu sigma m M 168.3 149.2 23.0 498.0 | H 1.065 | V 0.031 | pL -0.006 | vL 0.002 | delta 0.024
U 367 | F 751616 | FPS 0941 | D 860 | rR:mu sigma m M 0.14 0.31 0.00 0.90 | F:mu sigma m M 128.1 109.2 37.0 438.0 | H 1.036 | V 0.051 | pL -0.017 | vL 0.004 | delta 0.039
U 368 | F 753664 | FPS 0970 | D 862 | rR:mu sigma m M 0.40 0.45 0.00 0.93 | F:mu sigma m M 87.9 36.5 17.0 170.0 | H 0.999 | V 0.104 | pL -0.047 | vL 0.008 | delta 0.091
U 369 | F 755712 | FPS 0971 | D 864 | rR:mu sigma m M 0.30 0.42 0.00 0.94 | F:mu sigma m M 105.0 65.4 32.0 276.0 | H 0.948 | V 0.165 | pL -0.035 | vL 0.012 | delta 0.089
U 370 | F 757760 | FPS 0949 | D 866 | rR:mu sigma m M 0.73 0.36 0.00 0.97 | F:mu sigma m M 82.1 55.0 20.0 324.0 | H 0.795 | V 0.355 | pL -0.108 | vL 0.014 | delta 0.088
U 371 | F 759808 | FPS 0879 | D 869 | rR:mu sigma m M 0.75 0.39 0.00 0.97 | F:mu sigma m M 48.7 23.9 9.0 120.0 | H 0.651 | V 0.507 | pL -0.120 | vL 0.017 | delta 0.111
U 372 | F 761856 | FPS 0936 | D 871 | rR:mu sigma m M 0.92 0.19 0.00 0.97 | F:mu sigma m M 43.5 14.2 9.0 85.0 | H 0.507 | V 0.689 | pL -0.093 | vL 0.011 | delta 0.100
U 373 | F 763904 | FPS 0942 | D 873 | rR:mu sigma m M 0.92 0.18 0.00 0.97 | F:mu sigma m M 38.2 11.9 12.0 82.0 | H 0.492 | V 0.732 | pL -0.060 | vL 0.005 | delta 0.063
U 374 | F 765952 | FPS 0921 | D 875 | rR:mu sigma m M 0.94 0.13 0.00 0.97 | F:mu sigma m M 39.4 10.4 28.0 74.0 | H 0.497 | V 0.783 | pL -0.021 | vL 0.002 | delta 0.038
U 375 | F 768000 | FPS 0935 | D 877 | rR:mu sigma m M 0.96 0.01 0.94 0.97 | F:mu sigma m M 40.3 8.4 28.0 62.0 | H 0.542 | V 0.796 | pL 0.001 | vL 0.001 | delta 0.033
agent reach optimality, start collecting trajectories
agent successfully collected 10 trajectories
pickling optimal trajectories
Model successfully saved
