The following modules were not unloaded:
  (Use "module --force purge" to unload all):

  1) StdEnv/2018.3     4) gcccore/.7.3.0      7) intel/2018.3
  2) nixpkgs/16.09     5) icc/.2018.3.222     8) openmpi/3.1.2
  3) imkl/2018.3.222   6) ifort/.2018.3.222

Due to MODULEPATH changes, the following have been reloaded:
  1) openmpi/3.1.2

Attention: While Conda works well in a desktop environment, it tends to create more problems than it solves on a cluster. Instead, we recommend that users use virtual environments and the binary packages that we provide through Python wheels as documented on the Python page.
/home/rdali/RL/watch_and_learn/dependency/rl-starter-files/scripts/train_agent_multidem.py --env MiniGrid-LavaCrossingAddictO8S15-v0 --algo ppo --nameDemonstrator LavaCrossing1508Addict1,LavaCrossing1508Addict2,LavaCrossing1508Addict3,LavaCrossing1508Addict4,LavaCrossing1508Addict10,LavaCrossing1508Addict11,LavaCrossing1508Addict12,LavaCrossing1508Addict13 --flat-model 0 --useKL 0 --meanReward 0.80 --rewardLB 0.70 --seed 4813

Namespace(KLweight=0.0001, algo='ppo', batch_size=256, clip_eps=0.2, discount=0.99, entropy_coef=0.01, env='MiniGrid-LavaCrossingAddictO8S15-v0', epochs=4, flat_model=0, frames=10000000, frames_per_proc=None, full_obs=0, gae_lambda=0.95, log_interval=1, lr=0.0007, max_grad_norm=0.5, meanReward=0.8, mem=False, model=None, nameDemonstrator='LavaCrossing1508Addict1,LavaCrossing1508Addict2,LavaCrossing1508Addict3,LavaCrossing1508Addict4,LavaCrossing1508Addict10,LavaCrossing1508Addict11,LavaCrossing1508Addict12,LavaCrossing1508Addict13', optim_alpha=0.99, optim_eps=1e-05, procs=16, recurrence=1, rewardLB=0.7, save_interval=0, seed=4813, tb=False, text=False, useKL=0, value_loss_coef=0.5)

Flat model successfully created

ACModel(
  (image_conv): Sequential(
    (0): Conv2d(3, 32, kernel_size=(2, 2), stride=(1, 1))
    (1): ReLU()
    (2): MaxPool2d(kernel_size=(2, 2), stride=(2, 2), padding=0, dilation=1, ceil_mode=False)
    (3): Conv2d(32, 64, kernel_size=(2, 2), stride=(1, 1))
    (4): ReLU()
    (5): Conv2d(64, 64, kernel_size=(2, 2), stride=(1, 1))
    (6): ReLU()
  )
  (actor): Sequential(
    (0): Linear(in_features=1600, out_features=64, bias=True)
    (1): Tanh()
    (2): Linear(in_features=64, out_features=3, bias=True)
  )
  (critic): Sequential(
    (0): Linear(in_features=1600, out_features=64, bias=True)
    (1): Tanh()
    (2): Linear(in_features=64, out_features=1, bias=True)
  )
)

CUDA available: False

0
False
0.0001
Using TensorFlow backend.
OMP: Info #212: KMP_AFFINITY: decoding x2APIC ids.
OMP: Info #210: KMP_AFFINITY: Affinity capable, using global cpuid leaf 11 info
OMP: Info #154: KMP_AFFINITY: Initial OS proc set respected: 12,19,34-36
OMP: Info #156: KMP_AFFINITY: 5 available OS procs
OMP: Info #158: KMP_AFFINITY: Nonuniform topology
OMP: Info #179: KMP_AFFINITY: 2 packages x 3 cores/pkg x 1 threads/core (5 total cores)
OMP: Info #214: KMP_AFFINITY: OS proc to physical thread map:
OMP: Info #171: KMP_AFFINITY: OS proc 12 maps to package 0 core 8 
OMP: Info #171: KMP_AFFINITY: OS proc 36 maps to package 0 core 25 
OMP: Info #171: KMP_AFFINITY: OS proc 34 maps to package 0 core 27 
OMP: Info #171: KMP_AFFINITY: OS proc 19 maps to package 1 core 10 
OMP: Info #171: KMP_AFFINITY: OS proc 35 maps to package 1 core 27 
OMP: Info #250: KMP_AFFINITY: pid 86040 tid 86040 thread 0 bound to OS proc set 12
OMP: Info #250: KMP_AFFINITY: pid 86040 tid 86182 thread 1 bound to OS proc set 19
OMP: Info #250: KMP_AFFINITY: pid 86040 tid 86183 thread 2 bound to OS proc set 36
OMP: Info #250: KMP_AFFINITY: pid 86040 tid 86184 thread 3 bound to OS proc set 35
OMP: Info #250: KMP_AFFINITY: pid 86040 tid 86185 thread 4 bound to OS proc set 34
OMP: Info #250: KMP_AFFINITY: pid 86040 tid 86187 thread 5 bound to OS proc set 12
OMP: Info #250: KMP_AFFINITY: pid 86040 tid 86188 thread 6 bound to OS proc set 19
OMP: Info #250: KMP_AFFINITY: pid 86040 tid 86189 thread 7 bound to OS proc set 36
OMP: Info #250: KMP_AFFINITY: pid 86040 tid 86191 thread 9 bound to OS proc set 34
OMP: Info #250: KMP_AFFINITY: pid 86040 tid 86190 thread 8 bound to OS proc set 35
U 1 | F 002048 | FPS 0797 | D 2 | rR:mu sigma m M 0.00 0.00 0.00 0.00 | F:mu sigma m M 5.2 15.6 0.0 62.0 | H 1.098 | V -0.084 | pL -0.017 | vL 0.000 | delta 0.042
U 2 | F 004096 | FPS 0913 | D 4 | rR:mu sigma m M 0.00 0.00 0.00 0.00 | F:mu sigma m M 95.4 87.2 0.0 251.0 | H 1.094 | V -0.063 | pL -0.018 | vL 0.000 | delta 0.011
U 3 | F 006144 | FPS 0948 | D 6 | rR:mu sigma m M 0.00 0.00 0.00 0.00 | F:mu sigma m M 181.9 117.8 12.0 352.0 | H 1.093 | V -0.051 | pL -0.017 | vL 0.000 | delta 0.006
U 4 | F 008192 | FPS 0962 | D 9 | rR:mu sigma m M 0.03 0.13 0.00 0.55 | F:mu sigma m M 120.6 108.3 14.0 447.0 | H 1.091 | V -0.034 | pL -0.018 | vL 0.001 | delta 0.015
U 5 | F 010240 | FPS 0961 | D 11 | rR:mu sigma m M 0.00 0.00 0.00 0.00 | F:mu sigma m M 105.0 64.6 26.0 243.0 | H 1.098 | V -0.026 | pL -0.009 | vL 0.000 | delta 0.003
U 6 | F 012288 | FPS 0925 | D 13 | rR:mu sigma m M 0.00 0.00 0.00 0.00 | F:mu sigma m M 157.6 115.5 26.0 407.0 | H 1.098 | V -0.020 | pL -0.005 | vL 0.000 | delta 0.002
U 7 | F 014336 | FPS 0882 | D 15 | rR:mu sigma m M 0.00 0.00 0.00 0.00 | F:mu sigma m M 140.3 83.7 39.0 298.0 | H 1.098 | V -0.014 | pL -0.005 | vL 0.000 | delta 0.002
U 8 | F 016384 | FPS 0977 | D 17 | rR:mu sigma m M 0.00 0.00 0.00 0.00 | F:mu sigma m M 149.3 107.1 39.0 384.0 | H 1.099 | V -0.012 | pL -0.003 | vL 0.000 | delta 0.001
U 9 | F 018432 | FPS 0945 | D 20 | rR:mu sigma m M 0.00 0.00 0.00 0.00 | F:mu sigma m M 198.1 132.3 45.0 549.0 | H 1.099 | V -0.008 | pL -0.003 | vL 0.000 | delta 0.001
U 10 | F 020480 | FPS 0964 | D 22 | rR:mu sigma m M 0.00 0.00 0.00 0.00 | F:mu sigma m M 127.3 71.3 16.0 261.0 | H 1.099 | V -0.006 | pL -0.002 | vL 0.000 | delta 0.001
U 11 | F 022528 | FPS 0971 | D 24 | rR:mu sigma m M 0.00 0.00 0.00 0.00 | F:mu sigma m M 162.8 93.8 16.0 323.0 | H 1.099 | V -0.005 | pL -0.001 | vL 0.000 | delta 0.001
U 12 | F 024576 | FPS 0955 | D 26 | rR:mu sigma m M 0.00 0.00 0.00 0.00 | F:mu sigma m M 155.6 108.9 16.0 393.0 | H 1.099 | V -0.004 | pL -0.001 | vL 0.000 | delta 0.000
U 13 | F 026624 | FPS 0888 | D 28 | rR:mu sigma m M 0.00 0.00 0.00 0.00 | F:mu sigma m M 156.1 106.6 17.0 393.0 | H 1.099 | V -0.002 | pL -0.001 | vL 0.000 | delta 0.000
U 14 | F 028672 | FPS 0958 | D 30 | rR:mu sigma m M 0.00 0.00 0.00 0.00 | F:mu sigma m M 203.1 207.0 30.0 860.0 | H 1.099 | V -0.002 | pL -0.001 | vL 0.000 | delta 0.000
U 15 | F 030720 | FPS 0974 | D 32 | rR:mu sigma m M 0.00 0.00 0.00 0.00 | F:mu sigma m M 186.0 202.7 30.0 860.0 | H 1.099 | V -0.001 | pL -0.000 | vL 0.000 | delta 0.000
U 16 | F 032768 | FPS 0950 | D 35 | rR:mu sigma m M 0.00 0.00 0.00 0.00 | F:mu sigma m M 142.6 104.9 19.0 400.0 | H 1.099 | V -0.001 | pL -0.000 | vL 0.000 | delta 0.000
U 17 | F 034816 | FPS 0949 | D 37 | rR:mu sigma m M 0.00 0.00 0.00 0.00 | F:mu sigma m M 129.9 106.2 30.0 453.0 | H 1.099 | V -0.001 | pL -0.000 | vL 0.000 | delta 0.000
U 18 | F 036864 | FPS 0952 | D 39 | rR:mu sigma m M 0.00 0.00 0.00 0.00 | F:mu sigma m M 106.8 69.3 20.0 239.0 | H 1.099 | V -0.000 | pL -0.000 | vL 0.000 | delta 0.000
U 19 | F 038912 | FPS 0936 | D 41 | rR:mu sigma m M 0.00 0.00 0.00 0.00 | F:mu sigma m M 169.2 108.2 26.0 354.0 | H 1.099 | V -0.000 | pL -0.000 | vL 0.000 | delta 0.000
U 20 | F 040960 | FPS 0858 | D 44 | rR:mu sigma m M 0.00 0.00 0.00 0.00 | F:mu sigma m M 184.2 113.6 24.0 402.0 | H 1.099 | V 0.000 | pL 0.000 | vL 0.000 | delta 0.000
U 21 | F 043008 | FPS 0885 | D 46 | rR:mu sigma m M 0.05 0.21 0.00 0.88 | F:mu sigma m M 192.4 195.6 41.0 887.0 | H 1.092 | V 0.002 | pL -0.006 | vL 0.002 | delta 0.023
U 22 | F 045056 | FPS 0852 | D 48 | rR:mu sigma m M 0.04 0.15 0.00 0.62 | F:mu sigma m M 157.3 117.4 30.0 384.0 | H 1.098 | V 0.009 | pL 0.001 | vL 0.000 | delta 0.025
U 23 | F 047104 | FPS 0835 | D 51 | rR:mu sigma m M 0.00 0.00 0.00 0.00 | F:mu sigma m M 148.4 102.3 37.0 420.0 | H 1.098 | V 0.009 | pL 0.003 | vL 0.000 | delta 0.009
U 24 | F 049152 | FPS 0830 | D 53 | rR:mu sigma m M 0.00 0.00 0.00 0.00 | F:mu sigma m M 136.4 115.9 21.0 464.0 | H 1.098 | V 0.007 | pL 0.003 | vL 0.000 | delta 0.002
U 25 | F 051200 | FPS 0833 | D 56 | rR:mu sigma m M 0.00 0.00 0.00 0.00 | F:mu sigma m M 131.8 80.8 24.0 313.0 | H 1.098 | V 0.006 | pL 0.002 | vL 0.000 | delta 0.006
U 26 | F 053248 | FPS 0867 | D 58 | rR:mu sigma m M 0.00 0.00 0.00 0.00 | F:mu sigma m M 135.4 62.3 47.0 284.0 | H 1.098 | V 0.007 | pL 0.002 | vL 0.000 | delta 0.006
U 27 | F 055296 | FPS 0754 | D 61 | rR:mu sigma m M 0.00 0.00 0.00 0.00 | F:mu sigma m M 163.4 164.3 28.0 711.0 | H 1.098 | V 0.005 | pL 0.002 | vL 0.000 | delta 0.004
U 28 | F 057344 | FPS 0876 | D 63 | rR:mu sigma m M 0.00 0.00 0.00 0.00 | F:mu sigma m M 201.4 240.1 38.0 900.0 | H 1.098 | V 0.003 | pL 0.001 | vL 0.000 | delta 0.003
U 29 | F 059392 | FPS 0870 | D 65 | rR:mu sigma m M 0.00 0.00 0.00 0.00 | F:mu sigma m M 172.8 160.4 25.0 573.0 | H 1.098 | V 0.002 | pL 0.001 | vL 0.000 | delta 0.001
U 30 | F 061440 | FPS 0879 | D 68 | rR:mu sigma m M 0.00 0.00 0.00 0.00 | F:mu sigma m M 177.1 153.0 32.0 573.0 | H 1.098 | V 0.002 | pL 0.001 | vL 0.000 | delta 0.002
U 31 | F 063488 | FPS 0869 | D 70 | rR:mu sigma m M 0.00 0.00 0.00 0.00 | F:mu sigma m M 172.0 115.2 29.0 488.0 | H 1.097 | V 0.004 | pL -0.001 | vL 0.000 | delta 0.007
U 32 | F 065536 | FPS 0865 | D 72 | rR:mu sigma m M 0.05 0.18 0.00 0.73 | F:mu sigma m M 186.2 176.1 29.0 784.0 | H 1.096 | V 0.009 | pL -0.002 | vL 0.001 | delta 0.048
U 33 | F 067584 | FPS 0824 | D 75 | rR:mu sigma m M 0.00 0.00 0.00 0.00 | F:mu sigma m M 250.5 214.0 36.0 784.0 | H 1.098 | V 0.009 | pL 0.003 | vL 0.000 | delta 0.005
U 34 | F 069632 | FPS 0908 | D 77 | rR:mu sigma m M 0.00 0.00 0.00 0.00 | F:mu sigma m M 135.3 113.7 12.0 456.0 | H 1.098 | V 0.010 | pL 0.003 | vL 0.000 | delta 0.003
U 35 | F 071680 | FPS 0902 | D 79 | rR:mu sigma m M 0.03 0.13 0.00 0.52 | F:mu sigma m M 191.4 167.8 25.0 694.0 | H 1.097 | V 0.011 | pL -0.002 | vL 0.000 | delta 0.010
U 36 | F 073728 | FPS 0872 | D 82 | rR:mu sigma m M 0.00 0.00 0.00 0.00 | F:mu sigma m M 164.4 93.7 34.0 428.0 | H 1.099 | V 0.009 | pL 0.002 | vL 0.000 | delta 0.002
U 37 | F 075776 | FPS 0880 | D 84 | rR:mu sigma m M 0.00 0.00 0.00 0.00 | F:mu sigma m M 163.6 136.8 14.0 520.0 | H 1.098 | V 0.009 | pL 0.002 | vL 0.000 | delta 0.002
U 38 | F 077824 | FPS 0905 | D 86 | rR:mu sigma m M 0.04 0.16 0.00 0.64 | F:mu sigma m M 189.8 141.0 14.0 476.0 | H 1.098 | V 0.008 | pL -0.003 | vL 0.001 | delta 0.017
U 39 | F 079872 | FPS 0846 | D 89 | rR:mu sigma m M 0.00 0.00 0.00 0.00 | F:mu sigma m M 210.2 130.8 43.0 408.0 | H 1.099 | V 0.010 | pL 0.003 | vL 0.000 | delta 0.002
U 40 | F 081920 | FPS 0908 | D 91 | rR:mu sigma m M 0.00 0.00 0.00 0.00 | F:mu sigma m M 120.7 90.6 27.0 375.0 | H 1.098 | V 0.007 | pL 0.002 | vL 0.000 | delta 0.003
U 41 | F 083968 | FPS 0895 | D 93 | rR:mu sigma m M 0.00 0.00 0.00 0.00 | F:mu sigma m M 119.9 99.3 14.0 353.0 | H 1.098 | V 0.007 | pL 0.001 | vL 0.000 | delta 0.002
U 42 | F 086016 | FPS 0885 | D 96 | rR:mu sigma m M 0.02 0.08 0.00 0.34 | F:mu sigma m M 191.8 170.1 33.0 662.0 | H 1.098 | V 0.006 | pL -0.001 | vL 0.000 | delta 0.016
U 43 | F 088064 | FPS 0874 | D 98 | rR:mu sigma m M 0.00 0.00 0.00 0.00 | F:mu sigma m M 141.3 128.4 10.0 630.0 | H 1.098 | V 0.009 | pL 0.003 | vL 0.000 | delta 0.005
U 44 | F 090112 | FPS 0858 | D 100 | rR:mu sigma m M 0.00 0.00 0.00 0.00 | F:mu sigma m M 133.8 139.4 10.0 630.0 | H 1.097 | V 0.009 | pL 0.002 | vL 0.000 | delta 0.003
U 45 | F 092160 | FPS 0839 | D 103 | rR:mu sigma m M 0.00 0.00 0.00 0.00 | F:mu sigma m M 161.6 187.0 28.0 795.0 | H 1.098 | V 0.006 | pL 0.002 | vL 0.000 | delta 0.001
U 46 | F 094208 | FPS 0821 | D 105 | rR:mu sigma m M 0.00 0.00 0.00 0.00 | F:mu sigma m M 207.2 195.3 28.0 795.0 | H 1.099 | V 0.005 | pL 0.001 | vL 0.000 | delta 0.001
U 47 | F 096256 | FPS 0806 | D 108 | rR:mu sigma m M 0.05 0.18 0.00 0.74 | F:mu sigma m M 194.6 200.2 17.0 633.0 | H 1.098 | V 0.009 | pL -0.005 | vL 0.000 | delta 0.012
U 48 | F 098304 | FPS 0846 | D 110 | rR:mu sigma m M 0.00 0.00 0.00 0.00 | F:mu sigma m M 200.9 175.8 17.0 620.0 | H 1.099 | V 0.005 | pL 0.002 | vL 0.000 | delta 0.001
U 49 | F 100352 | FPS 0834 | D 113 | rR:mu sigma m M 0.00 0.00 0.00 0.00 | F:mu sigma m M 179.6 136.3 24.0 508.0 | H 1.099 | V 0.005 | pL 0.001 | vL 0.000 | delta 0.001
U 50 | F 102400 | FPS 0834 | D 115 | rR:mu sigma m M 0.00 0.00 0.00 0.00 | F:mu sigma m M 195.4 146.8 14.0 508.0 | H 1.099 | V 0.005 | pL 0.001 | vL 0.000 | delta 0.001
U 51 | F 104448 | FPS 0812 | D 118 | rR:mu sigma m M 0.00 0.00 0.00 0.00 | F:mu sigma m M 193.4 149.1 21.0 539.0 | H 1.098 | V 0.003 | pL 0.001 | vL 0.000 | delta 0.001
U 52 | F 106496 | FPS 0784 | D 120 | rR:mu sigma m M 0.00 0.00 0.00 0.00 | F:mu sigma m M 148.2 107.4 15.0 449.0 | H 1.099 | V 0.003 | pL 0.001 | vL 0.000 | delta 0.001
U 53 | F 108544 | FPS 0854 | D 123 | rR:mu sigma m M 0.00 0.00 0.00 0.00 | F:mu sigma m M 172.8 106.3 15.0 408.0 | H 1.099 | V 0.003 | pL 0.000 | vL 0.000 | delta 0.001
U 54 | F 110592 | FPS 0822 | D 125 | rR:mu sigma m M 0.00 0.00 0.00 0.00 | F:mu sigma m M 132.6 98.5 12.0 408.0 | H 1.099 | V 0.002 | pL 0.001 | vL 0.000 | delta 0.001
U 55 | F 112640 | FPS 0819 | D 128 | rR:mu sigma m M 0.00 0.00 0.00 0.00 | F:mu sigma m M 148.8 98.0 36.0 342.0 | H 1.099 | V 0.002 | pL 0.000 | vL 0.000 | delta 0.001
U 56 | F 114688 | FPS 0815 | D 130 | rR:mu sigma m M 0.00 0.00 0.00 0.00 | F:mu sigma m M 160.6 125.6 19.0 463.0 | H 1.099 | V 0.002 | pL 0.000 | vL 0.000 | delta 0.001
U 57 | F 116736 | FPS 0827 | D 133 | rR:mu sigma m M 0.00 0.00 0.00 0.00 | F:mu sigma m M 202.4 156.8 43.0 572.0 | H 1.099 | V 0.002 | pL 0.001 | vL 0.000 | delta 0.000
U 58 | F 118784 | FPS 0785 | D 135 | rR:mu sigma m M 0.00 0.00 0.00 0.00 | F:mu sigma m M 175.0 148.9 45.0 666.0 | H 1.099 | V 0.001 | pL 0.000 | vL 0.000 | delta 0.000
U 59 | F 120832 | FPS 0851 | D 138 | rR:mu sigma m M 0.05 0.19 0.00 0.80 | F:mu sigma m M 218.4 166.5 52.0 693.0 | H 1.097 | V 0.008 | pL -0.006 | vL 0.001 | delta 0.012
U 60 | F 122880 | FPS 0846 | D 140 | rR:mu sigma m M 0.05 0.19 0.00 0.80 | F:mu sigma m M 240.6 204.1 39.0 796.0 | H 1.098 | V 0.003 | pL 0.001 | vL 0.000 | delta 0.003
U 61 | F 124928 | FPS 0865 | D 143 | rR:mu sigma m M 0.00 0.00 0.00 0.00 | F:mu sigma m M 142.6 74.3 59.0 272.0 | H 1.099 | V 0.002 | pL 0.001 | vL 0.000 | delta 0.001
U 62 | F 126976 | FPS 0869 | D 145 | rR:mu sigma m M 0.00 0.00 0.00 0.00 | F:mu sigma m M 189.0 127.4 50.0 544.0 | H 1.099 | V 0.002 | pL 0.000 | vL 0.000 | delta 0.000
U 63 | F 129024 | FPS 0822 | D 147 | rR:mu sigma m M 0.00 0.00 0.00 0.00 | F:mu sigma m M 158.2 126.8 22.0 483.0 | H 1.099 | V 0.001 | pL 0.000 | vL 0.000 | delta 0.000
U 64 | F 131072 | FPS 0785 | D 150 | rR:mu sigma m M 0.00 0.00 0.00 0.00 | F:mu sigma m M 150.6 116.1 28.0 395.0 | H 1.098 | V 0.001 | pL 0.000 | vL 0.000 | delta 0.001
U 65 | F 133120 | FPS 0855 | D 152 | rR:mu sigma m M 0.00 0.00 0.00 0.00 | F:mu sigma m M 108.6 83.3 15.0 291.0 | H 1.099 | V 0.002 | pL 0.001 | vL 0.000 | delta 0.001
U 66 | F 135168 | FPS 0845 | D 155 | rR:mu sigma m M 0.00 0.00 0.00 0.00 | F:mu sigma m M 155.3 114.0 26.0 413.0 | H 1.099 | V 0.001 | pL 0.000 | vL 0.000 | delta 0.001
U 67 | F 137216 | FPS 0850 | D 157 | rR:mu sigma m M 0.00 0.00 0.00 0.00 | F:mu sigma m M 192.1 113.7 65.0 413.0 | H 1.099 | V 0.001 | pL 0.000 | vL 0.000 | delta 0.000
U 68 | F 139264 | FPS 0842 | D 160 | rR:mu sigma m M 0.00 0.00 0.00 0.00 | F:mu sigma m M 192.6 195.3 26.0 900.0 | H 1.099 | V 0.001 | pL 0.000 | vL 0.000 | delta 0.000
U 69 | F 141312 | FPS 0843 | D 162 | rR:mu sigma m M 0.00 0.00 0.00 0.00 | F:mu sigma m M 252.6 229.2 26.0 900.0 | H 1.099 | V 0.001 | pL 0.000 | vL 0.000 | delta 0.001
U 70 | F 143360 | FPS 0770 | D 165 | rR:mu sigma m M 0.00 0.00 0.00 0.00 | F:mu sigma m M 153.9 108.7 13.0 484.0 | H 1.099 | V 0.000 | pL 0.000 | vL 0.000 | delta 0.000
U 71 | F 145408 | FPS 0842 | D 167 | rR:mu sigma m M 0.00 0.00 0.00 0.00 | F:mu sigma m M 277.1 234.9 23.0 782.0 | H 1.099 | V 0.000 | pL 0.000 | vL 0.000 | delta 0.000
U 72 | F 147456 | FPS 0848 | D 170 | rR:mu sigma m M 0.04 0.18 0.00 0.75 | F:mu sigma m M 131.3 113.4 29.0 508.0 | H 1.097 | V 0.004 | pL -0.006 | vL 0.001 | delta 0.031
U 73 | F 149504 | FPS 0857 | D 172 | rR:mu sigma m M 0.00 0.00 0.00 0.00 | F:mu sigma m M 118.4 75.1 27.0 347.0 | H 1.098 | V -0.002 | pL -0.000 | vL 0.000 | delta 0.004
U 74 | F 151552 | FPS 0842 | D 174 | rR:mu sigma m M 0.00 0.00 0.00 0.00 | F:mu sigma m M 142.9 92.0 48.0 347.0 | H 1.098 | V 0.001 | pL 0.000 | vL 0.000 | delta 0.007
U 75 | F 153600 | FPS 0858 | D 177 | rR:mu sigma m M 0.04 0.15 0.00 0.63 | F:mu sigma m M 210.1 161.5 35.0 704.0 | H 1.097 | V 0.007 | pL -0.005 | vL 0.000 | delta 0.021
U 76 | F 155648 | FPS 0818 | D 179 | rR:mu sigma m M 0.04 0.15 0.00 0.63 | F:mu sigma m M 200.6 193.3 24.0 806.0 | H 1.098 | V -0.005 | pL -0.002 | vL 0.000 | delta 0.005
U 77 | F 157696 | FPS 0888 | D 182 | rR:mu sigma m M 0.00 0.00 0.00 0.00 | F:mu sigma m M 141.1 92.7 32.0 402.0 | H 1.098 | V -0.003 | pL -0.001 | vL 0.000 | delta 0.002
U 78 | F 159744 | FPS 0872 | D 184 | rR:mu sigma m M 0.00 0.00 0.00 0.00 | F:mu sigma m M 195.6 166.5 22.0 696.0 | H 1.099 | V -0.001 | pL -0.000 | vL 0.000 | delta 0.001
U 79 | F 161792 | FPS 0877 | D 186 | rR:mu sigma m M 0.00 0.00 0.00 0.00 | F:mu sigma m M 159.6 97.7 45.0 350.0 | H 1.098 | V 0.000 | pL -0.000 | vL 0.000 | delta 0.003
U 80 | F 163840 | FPS 0863 | D 189 | rR:mu sigma m M 0.00 0.00 0.00 0.00 | F:mu sigma m M 150.5 79.8 36.0 301.0 | H 1.098 | V 0.001 | pL -0.000 | vL 0.000 | delta 0.003
U 81 | F 165888 | FPS 0851 | D 191 | rR:mu sigma m M 0.00 0.00 0.00 0.00 | F:mu sigma m M 138.1 130.9 27.0 552.0 | H 1.099 | V -0.001 | pL -0.000 | vL 0.000 | delta 0.000
U 82 | F 167936 | FPS 0815 | D 194 | rR:mu sigma m M 0.00 0.00 0.00 0.00 | F:mu sigma m M 175.1 176.8 27.0 572.0 | H 1.099 | V -0.001 | pL -0.000 | vL 0.000 | delta 0.001
U 83 | F 169984 | FPS 0855 | D 196 | rR:mu sigma m M 0.00 0.00 0.00 0.00 | F:mu sigma m M 241.1 172.8 31.0 572.0 | H 1.098 | V 0.004 | pL 0.000 | vL 0.000 | delta 0.004
U 84 | F 172032 | FPS 0879 | D 198 | rR:mu sigma m M 0.00 0.00 0.00 0.00 | F:mu sigma m M 134.4 96.1 31.0 406.0 | H 1.098 | V 0.003 | pL 0.001 | vL 0.000 | delta 0.003
U 85 | F 174080 | FPS 0886 | D 201 | rR:mu sigma m M 0.00 0.00 0.00 0.00 | F:mu sigma m M 157.9 96.2 54.0 425.0 | H 1.099 | V 0.003 | pL 0.001 | vL 0.000 | delta 0.001
U 86 | F 176128 | FPS 0869 | D 203 | rR:mu sigma m M 0.00 0.00 0.00 0.00 | F:mu sigma m M 221.2 211.2 13.0 900.0 | H 1.099 | V 0.003 | pL 0.001 | vL 0.000 | delta 0.000
U 87 | F 178176 | FPS 0881 | D 205 | rR:mu sigma m M 0.00 0.00 0.00 0.00 | F:mu sigma m M 195.7 167.4 39.0 740.0 | H 1.099 | V 0.002 | pL 0.001 | vL 0.000 | delta 0.000
U 88 | F 180224 | FPS 0880 | D 208 | rR:mu sigma m M 0.00 0.00 0.00 0.00 | F:mu sigma m M 180.2 175.4 25.0 740.0 | H 1.099 | V 0.001 | pL 0.000 | vL 0.000 | delta 0.000
U 89 | F 182272 | FPS 0815 | D 210 | rR:mu sigma m M 0.00 0.00 0.00 0.00 | F:mu sigma m M 136.2 90.1 25.0 373.0 | H 1.099 | V 0.001 | pL 0.000 | vL 0.000 | delta 0.000
U 90 | F 184320 | FPS 0861 | D 213 | rR:mu sigma m M 0.00 0.00 0.00 0.00 | F:mu sigma m M 179.3 114.1 60.0 447.0 | H 1.099 | V 0.001 | pL 0.000 | vL 0.000 | delta 0.000
U 91 | F 186368 | FPS 0867 | D 215 | rR:mu sigma m M 0.00 0.00 0.00 0.00 | F:mu sigma m M 174.4 121.1 58.0 447.0 | H 1.099 | V 0.001 | pL 0.000 | vL 0.000 | delta 0.000
U 92 | F 188416 | FPS 0839 | D 217 | rR:mu sigma m M 0.00 0.00 0.00 0.00 | F:mu sigma m M 236.2 179.9 58.0 680.0 | H 1.099 | V 0.001 | pL 0.000 | vL 0.000 | delta 0.000
U 93 | F 190464 | FPS 0833 | D 220 | rR:mu sigma m M 0.00 0.00 0.00 0.00 | F:mu sigma m M 258.8 212.5 23.0 680.0 | H 1.099 | V 0.000 | pL 0.000 | vL 0.000 | delta 0.000
U 94 | F 192512 | FPS 0740 | D 223 | rR:mu sigma m M 0.00 0.00 0.00 0.00 | F:mu sigma m M 203.7 122.4 23.0 478.0 | H 1.099 | V 0.000 | pL 0.000 | vL 0.000 | delta 0.000
U 95 | F 194560 | FPS 0758 | D 225 | rR:mu sigma m M 0.00 0.00 0.00 0.00 | F:mu sigma m M 222.7 173.5 28.0 686.0 | H 1.099 | V 0.000 | pL 0.000 | vL 0.000 | delta 0.000
U 96 | F 196608 | FPS 0806 | D 228 | rR:mu sigma m M 0.00 0.00 0.00 0.00 | F:mu sigma m M 228.2 161.4 32.0 686.0 | H 1.098 | V 0.001 | pL -0.000 | vL 0.000 | delta 0.001
U 97 | F 198656 | FPS 0808 | D 230 | rR:mu sigma m M 0.00 0.00 0.00 0.00 | F:mu sigma m M 191.6 156.6 9.0 470.0 | H 1.098 | V 0.001 | pL 0.001 | vL 0.000 | delta 0.001
U 98 | F 200704 | FPS 0820 | D 233 | rR:mu sigma m M 0.00 0.00 0.00 0.00 | F:mu sigma m M 121.2 83.9 9.0 274.0 | H 1.099 | V 0.000 | pL 0.000 | vL 0.000 | delta 0.000
U 99 | F 202752 | FPS 0821 | D 235 | rR:mu sigma m M 0.00 0.00 0.00 0.00 | F:mu sigma m M 137.6 102.1 26.0 348.0 | H 1.099 | V 0.000 | pL 0.000 | vL 0.000 | delta 0.000
U 100 | F 204800 | FPS 0825 | D 238 | rR:mu sigma m M 0.00 0.00 0.00 0.00 | F:mu sigma m M 157.5 160.5 28.0 647.0 | H 1.098 | V 0.001 | pL -0.000 | vL 0.000 | delta 0.001
U 101 | F 206848 | FPS 0750 | D 241 | rR:mu sigma m M 0.00 0.00 0.00 0.00 | F:mu sigma m M 167.6 159.7 33.0 677.0 | H 1.098 | V 0.002 | pL 0.001 | vL 0.000 | delta 0.001
U 102 | F 208896 | FPS 0797 | D 243 | rR:mu sigma m M 0.00 0.00 0.00 0.00 | F:mu sigma m M 163.7 123.0 33.0 487.0 | H 1.098 | V 0.001 | pL 0.000 | vL 0.000 | delta 0.001
U 103 | F 210944 | FPS 0830 | D 246 | rR:mu sigma m M 0.00 0.00 0.00 0.00 | F:mu sigma m M 134.7 112.5 36.0 470.0 | H 1.099 | V 0.001 | pL 0.000 | vL 0.000 | delta 0.000
U 104 | F 212992 | FPS 0775 | D 248 | rR:mu sigma m M 0.00 0.00 0.00 0.00 | F:mu sigma m M 110.3 85.1 18.0 319.0 | H 1.099 | V 0.000 | pL 0.000 | vL 0.000 | delta 0.000
U 105 | F 215040 | FPS 0827 | D 251 | rR:mu sigma m M 0.00 0.00 0.00 0.00 | F:mu sigma m M 180.9 207.5 25.0 900.0 | H 1.098 | V 0.001 | pL 0.000 | vL 0.000 | delta 0.002
U 106 | F 217088 | FPS 0782 | D 253 | rR:mu sigma m M 0.00 0.00 0.00 0.00 | F:mu sigma m M 210.4 208.6 32.0 900.0 | H 1.098 | V 0.002 | pL 0.001 | vL 0.000 | delta 0.001
U 107 | F 219136 | FPS 0834 | D 256 | rR:mu sigma m M 0.00 0.00 0.00 0.00 | F:mu sigma m M 250.5 206.5 32.0 900.0 | H 1.098 | V 0.001 | pL -0.000 | vL 0.000 | delta 0.001
U 108 | F 221184 | FPS 0830 | D 258 | rR:mu sigma m M 0.00 0.00 0.00 0.00 | F:mu sigma m M 220.2 120.4 40.0 405.0 | H 1.098 | V 0.001 | pL 0.000 | vL 0.000 | delta 0.002
U 109 | F 223232 | FPS 0827 | D 261 | rR:mu sigma m M 0.00 0.00 0.00 0.00 | F:mu sigma m M 242.5 189.7 40.0 614.0 | H 1.098 | V 0.001 | pL 0.000 | vL 0.000 | delta 0.001
U 110 | F 225280 | FPS 0834 | D 263 | rR:mu sigma m M 0.04 0.17 0.00 0.71 | F:mu sigma m M 141.8 106.8 33.0 410.0 | H 1.097 | V 0.004 | pL -0.004 | vL 0.001 | delta 0.038
U 111 | F 227328 | FPS 0843 | D 266 | rR:mu sigma m M 0.00 0.00 0.00 0.00 | F:mu sigma m M 203.6 187.9 31.0 675.0 | H 1.098 | V -0.002 | pL -0.004 | vL 0.000 | delta 0.006
U 112 | F 229376 | FPS 0841 | D 268 | rR:mu sigma m M 0.00 0.00 0.00 0.00 | F:mu sigma m M 165.5 129.0 37.0 471.0 | H 1.098 | V -0.003 | pL -0.000 | vL 0.000 | delta 0.003
U 113 | F 231424 | FPS 0789 | D 271 | rR:mu sigma m M 0.00 0.00 0.00 0.00 | F:mu sigma m M 189.2 168.1 35.0 647.0 | H 1.099 | V -0.003 | pL -0.001 | vL 0.000 | delta 0.001
U 114 | F 233472 | FPS 0844 | D 273 | rR:mu sigma m M 0.00 0.00 0.00 0.00 | F:mu sigma m M 159.8 128.2 27.0 426.0 | H 1.097 | V -0.001 | pL -0.000 | vL 0.000 | delta 0.006
U 115 | F 235520 | FPS 0848 | D 276 | rR:mu sigma m M 0.00 0.00 0.00 0.00 | F:mu sigma m M 163.8 136.2 49.0 496.0 | H 1.099 | V -0.002 | pL -0.001 | vL 0.000 | delta 0.001
U 116 | F 237568 | FPS 0832 | D 278 | rR:mu sigma m M 0.00 0.00 0.00 0.00 | F:mu sigma m M 163.2 137.8 57.0 617.0 | H 1.098 | V 0.001 | pL -0.001 | vL 0.000 | delta 0.003
U 117 | F 239616 | FPS 0832 | D 280 | rR:mu sigma m M 0.03 0.14 0.00 0.62 | F:mu sigma m M 160.6 128.4 11.0 418.0 | H 1.095 | V 0.003 | pL -0.003 | vL 0.000 | delta 0.017
U 118 | F 241664 | FPS 0850 | D 283 | rR:mu sigma m M 0.00 0.00 0.00 0.00 | F:mu sigma m M 136.2 93.8 41.0 418.0 | H 1.099 | V 0.001 | pL -0.000 | vL 0.000 | delta 0.001
U 119 | F 243712 | FPS 0783 | D 286 | rR:mu sigma m M 0.00 0.00 0.00 0.00 | F:mu sigma m M 148.0 69.3 30.0 280.0 | H 1.099 | V 0.001 | pL 0.000 | vL 0.000 | delta 0.001
U 120 | F 245760 | FPS 0812 | D 288 | rR:mu sigma m M 0.00 0.00 0.00 0.00 | F:mu sigma m M 151.4 115.4 14.0 416.0 | H 1.099 | V 0.001 | pL 0.000 | vL 0.000 | delta 0.001
U 121 | F 247808 | FPS 0832 | D 290 | rR:mu sigma m M 0.00 0.00 0.00 0.00 | F:mu sigma m M 183.3 143.7 14.0 543.0 | H 1.099 | V 0.001 | pL 0.000 | vL 0.000 | delta 0.001
U 122 | F 249856 | FPS 0842 | D 293 | rR:mu sigma m M 0.00 0.00 0.00 0.00 | F:mu sigma m M 197.5 136.2 14.0 543.0 | H 1.099 | V 0.001 | pL 0.000 | vL 0.000 | delta 0.001
U 123 | F 251904 | FPS 0841 | D 295 | rR:mu sigma m M 0.00 0.00 0.00 0.00 | F:mu sigma m M 187.5 126.9 29.0 478.0 | H 1.099 | V 0.000 | pL 0.000 | vL 0.000 | delta 0.001
U 124 | F 253952 | FPS 0840 | D 298 | rR:mu sigma m M 0.00 0.00 0.00 0.00 | F:mu sigma m M 186.1 127.9 62.0 478.0 | H 1.095 | V 0.007 | pL -0.002 | vL 0.000 | delta 0.014
U 125 | F 256000 | FPS 0765 | D 300 | rR:mu sigma m M 0.04 0.16 0.00 0.66 | F:mu sigma m M 193.1 141.2 24.0 630.0 | H 1.096 | V -0.001 | pL -0.002 | vL 0.000 | delta 0.005
U 126 | F 258048 | FPS 0816 | D 303 | rR:mu sigma m M 0.00 0.00 0.00 0.00 | F:mu sigma m M 170.6 134.1 24.0 563.0 | H 1.098 | V -0.006 | pL -0.001 | vL 0.000 | delta 0.002
U 127 | F 260096 | FPS 0825 | D 305 | rR:mu sigma m M 0.00 0.00 0.00 0.00 | F:mu sigma m M 141.8 84.5 26.0 280.0 | H 1.098 | V -0.004 | pL -0.001 | vL 0.000 | delta 0.002
U 128 | F 262144 | FPS 0823 | D 308 | rR:mu sigma m M 0.05 0.19 0.00 0.78 | F:mu sigma m M 220.1 185.3 18.0 781.0 | H 1.096 | V -0.000 | pL -0.006 | vL 0.001 | delta 0.016
U 129 | F 264192 | FPS 0824 | D 310 | rR:mu sigma m M 0.00 0.00 0.00 0.00 | F:mu sigma m M 155.8 114.2 27.0 362.0 | H 1.096 | V 0.012 | pL 0.003 | vL 0.001 | delta 0.010
U 130 | F 266240 | FPS 0789 | D 313 | rR:mu sigma m M 0.00 0.00 0.00 0.00 | F:mu sigma m M 142.8 97.0 27.0 362.0 | H 1.098 | V 0.005 | pL 0.001 | vL 0.000 | delta 0.003
U 131 | F 268288 | FPS 0761 | D 316 | rR:mu sigma m M 0.00 0.00 0.00 0.00 | F:mu sigma m M 221.1 110.0 61.0 445.0 | H 1.098 | V 0.005 | pL 0.001 | vL 0.000 | delta 0.001
U 132 | F 270336 | FPS 0827 | D 318 | rR:mu sigma m M 0.00 0.00 0.00 0.00 | F:mu sigma m M 157.9 106.0 24.0 445.0 | H 1.099 | V 0.004 | pL 0.001 | vL 0.000 | delta 0.001
U 133 | F 272384 | FPS 0818 | D 321 | rR:mu sigma m M 0.00 0.00 0.00 0.00 | F:mu sigma m M 178.6 146.1 19.0 643.0 | H 1.099 | V 0.003 | pL 0.001 | vL 0.000 | delta 0.000
U 134 | F 274432 | FPS 0802 | D 323 | rR:mu sigma m M 0.00 0.00 0.00 0.00 | F:mu sigma m M 248.2 158.6 19.0 643.0 | H 1.099 | V 0.003 | pL 0.001 | vL 0.000 | delta 0.000
U 135 | F 276480 | FPS 0809 | D 326 | rR:mu sigma m M 0.00 0.00 0.00 0.00 | F:mu sigma m M 222.0 122.6 71.0 574.0 | H 1.099 | V 0.002 | pL 0.000 | vL 0.000 | delta 0.000
U 136 | F 278528 | FPS 0752 | D 329 | rR:mu sigma m M 0.00 0.00 0.00 0.00 | F:mu sigma m M 204.8 149.6 33.0 534.0 | H 1.098 | V 0.003 | pL 0.001 | vL 0.000 | delta 0.002
U 137 | F 280576 | FPS 0816 | D 331 | rR:mu sigma m M 0.00 0.00 0.00 0.00 | F:mu sigma m M 211.7 143.6 54.0 467.0 | H 1.099 | V 0.002 | pL 0.000 | vL 0.000 | delta 0.001
U 138 | F 282624 | FPS 0786 | D 334 | rR:mu sigma m M 0.00 0.00 0.00 0.00 | F:mu sigma m M 169.3 121.2 45.0 467.0 | H 1.098 | V 0.003 | pL 0.001 | vL 0.000 | delta 0.001
U 139 | F 284672 | FPS 0806 | D 336 | rR:mu sigma m M 0.00 0.00 0.00 0.00 | F:mu sigma m M 154.5 89.5 23.0 281.0 | H 1.098 | V 0.001 | pL 0.000 | vL 0.000 | delta 0.001
U 140 | F 286720 | FPS 0832 | D 339 | rR:mu sigma m M 0.05 0.20 0.00 0.82 | F:mu sigma m M 269.4 200.2 26.0 764.0 | H 1.097 | V 0.005 | pL -0.006 | vL 0.001 | delta 0.019
U 141 | F 288768 | FPS 0811 | D 341 | rR:mu sigma m M 0.00 0.00 0.00 0.00 | F:mu sigma m M 139.4 116.2 26.0 498.0 | H 1.099 | V 0.008 | pL 0.002 | vL 0.000 | delta 0.001
U 142 | F 290816 | FPS 0778 | D 344 | rR:mu sigma m M 0.00 0.00 0.00 0.00 | F:mu sigma m M 141.1 79.5 40.0 292.0 | H 1.098 | V 0.011 | pL 0.001 | vL 0.000 | delta 0.004
U 143 | F 292864 | FPS 0838 | D 346 | rR:mu sigma m M 0.05 0.18 0.00 0.75 | F:mu sigma m M 140.6 125.4 21.0 457.0 | H 1.098 | V 0.007 | pL -0.001 | vL 0.000 | delta 0.006
U 144 | F 294912 | FPS 0830 | D 349 | rR:mu sigma m M 0.00 0.00 0.00 0.00 | F:mu sigma m M 177.4 146.5 24.0 477.0 | H 1.096 | V 0.012 | pL 0.001 | vL 0.000 | delta 0.009
U 145 | F 296960 | FPS 0817 | D 351 | rR:mu sigma m M 0.00 0.00 0.00 0.00 | F:mu sigma m M 187.1 168.7 22.0 602.0 | H 1.098 | V 0.006 | pL 0.003 | vL 0.000 | delta 0.004
U 146 | F 299008 | FPS 0806 | D 354 | rR:mu sigma m M 0.00 0.00 0.00 0.00 | F:mu sigma m M 195.7 173.9 19.0 600.0 | H 1.098 | V 0.004 | pL 0.001 | vL 0.000 | delta 0.001
U 147 | F 301056 | FPS 0793 | D 356 | rR:mu sigma m M 0.00 0.00 0.00 0.00 | F:mu sigma m M 188.3 162.0 20.0 561.0 | H 1.098 | V 0.002 | pL 0.001 | vL 0.000 | delta 0.001
U 148 | F 303104 | FPS 0761 | D 359 | rR:mu sigma m M 0.00 0.00 0.00 0.00 | F:mu sigma m M 178.1 157.0 16.0 556.0 | H 1.099 | V 0.002 | pL 0.001 | vL 0.000 | delta 0.001
U 149 | F 305152 | FPS 0760 | D 362 | rR:mu sigma m M 0.00 0.00 0.00 0.00 | F:mu sigma m M 93.8 59.0 19.0 247.0 | H 1.099 | V 0.002 | pL 0.001 | vL 0.000 | delta 0.000
U 150 | F 307200 | FPS 0811 | D 364 | rR:mu sigma m M 0.00 0.00 0.00 0.00 | F:mu sigma m M 118.6 101.0 19.0 452.0 | H 1.099 | V 0.001 | pL 0.000 | vL 0.000 | delta 0.000
U 151 | F 309248 | FPS 0815 | D 367 | rR:mu sigma m M 0.00 0.00 0.00 0.00 | F:mu sigma m M 183.5 161.8 22.0 626.0 | H 1.098 | V 0.001 | pL 0.000 | vL 0.000 | delta 0.001
U 152 | F 311296 | FPS 0798 | D 369 | rR:mu sigma m M 0.00 0.00 0.00 0.00 | F:mu sigma m M 241.8 231.5 17.0 892.0 | H 1.099 | V 0.001 | pL 0.000 | vL 0.000 | delta 0.000
U 153 | F 313344 | FPS 0816 | D 372 | rR:mu sigma m M 0.00 0.00 0.00 0.00 | F:mu sigma m M 225.4 212.6 62.0 900.0 | H 1.099 | V 0.001 | pL 0.000 | vL 0.000 | delta 0.000
U 154 | F 315392 | FPS 0751 | D 375 | rR:mu sigma m M 0.00 0.00 0.00 0.00 | F:mu sigma m M 105.4 61.9 40.0 305.0 | H 1.099 | V 0.001 | pL 0.000 | vL 0.000 | delta 0.000
U 155 | F 317440 | FPS 0812 | D 377 | rR:mu sigma m M 0.00 0.00 0.00 0.00 | F:mu sigma m M 137.1 89.1 38.0 407.0 | H 1.099 | V 0.001 | pL 0.000 | vL 0.000 | delta 0.000
U 156 | F 319488 | FPS 0818 | D 380 | rR:mu sigma m M 0.00 0.00 0.00 0.00 | F:mu sigma m M 171.8 130.9 23.0 407.0 | H 1.099 | V 0.001 | pL 0.000 | vL 0.000 | delta 0.001
U 157 | F 321536 | FPS 0816 | D 382 | rR:mu sigma m M 0.00 0.00 0.00 0.00 | F:mu sigma m M 143.8 110.7 21.0 397.0 | H 1.099 | V 0.001 | pL 0.000 | vL 0.000 | delta 0.000
U 158 | F 323584 | FPS 0803 | D 385 | rR:mu sigma m M 0.05 0.20 0.00 0.81 | F:mu sigma m M 179.7 121.6 21.0 453.0 | H 1.092 | V 0.006 | pL -0.007 | vL 0.001 | delta 0.032
U 159 | F 325632 | FPS 0807 | D 387 | rR:mu sigma m M 0.00 0.00 0.00 0.00 | F:mu sigma m M 212.3 152.0 17.0 523.0 | H 1.096 | V 0.015 | pL 0.005 | vL 0.000 | delta 0.005
U 160 | F 327680 | FPS 0761 | D 390 | rR:mu sigma m M 0.00 0.00 0.00 0.00 | F:mu sigma m M 180.2 147.7 32.0 523.0 | H 1.097 | V 0.013 | pL 0.002 | vL 0.000 | delta 0.003
U 161 | F 329728 | FPS 0828 | D 392 | rR:mu sigma m M 0.00 0.00 0.00 0.00 | F:mu sigma m M 238.2 267.3 44.0 900.0 | H 1.097 | V 0.016 | pL 0.004 | vL 0.000 | delta 0.010
U 162 | F 331776 | FPS 0829 | D 395 | rR:mu sigma m M 0.00 0.00 0.00 0.00 | F:mu sigma m M 249.8 271.8 11.0 900.0 | H 1.097 | V 0.016 | pL 0.003 | vL 0.000 | delta 0.004
U 163 | F 333824 | FPS 0830 | D 397 | rR:mu sigma m M 0.04 0.16 0.00 0.66 | F:mu sigma m M 207.8 179.5 11.0 580.0 | H 1.098 | V 0.009 | pL 0.001 | vL 0.000 | delta 0.008
U 164 | F 335872 | FPS 0812 | D 400 | rR:mu sigma m M 0.00 0.00 0.00 0.00 | F:mu sigma m M 138.9 109.0 20.0 423.0 | H 1.098 | V 0.004 | pL 0.002 | vL 0.000 | delta 0.002
U 165 | F 337920 | FPS 0807 | D 402 | rR:mu sigma m M 0.05 0.20 0.00 0.84 | F:mu sigma m M 193.1 191.4 21.0 773.0 | H 1.097 | V 0.015 | pL -0.006 | vL 0.001 | delta 0.021
U 166 | F 339968 | FPS 0769 | D 405 | rR:mu sigma m M 0.00 0.00 0.00 0.00 | F:mu sigma m M 174.9 148.1 21.0 678.0 | H 1.093 | V 0.010 | pL 0.000 | vL 0.000 | delta 0.009
U 167 | F 342016 | FPS 0783 | D 408 | rR:mu sigma m M 0.07 0.21 0.00 0.70 | F:mu sigma m M 129.5 81.0 35.0 304.0 | H 1.094 | V 0.023 | pL -0.007 | vL 0.001 | delta 0.020
U 168 | F 344064 | FPS 0852 | D 410 | rR:mu sigma m M 0.04 0.17 0.00 0.70 | F:mu sigma m M 135.8 77.6 48.0 298.0 | H 1.098 | V 0.007 | pL 0.002 | vL 0.000 | delta 0.002
U 169 | F 346112 | FPS 0847 | D 412 | rR:mu sigma m M 0.00 0.00 0.00 0.00 | F:mu sigma m M 168.1 71.9 48.0 259.0 | H 1.095 | V 0.014 | pL 0.002 | vL 0.000 | delta 0.006
U 170 | F 348160 | FPS 0847 | D 415 | rR:mu sigma m M 0.00 0.00 0.00 0.00 | F:mu sigma m M 162.2 128.5 33.0 494.0 | H 1.096 | V 0.003 | pL 0.001 | vL 0.000 | delta 0.006
U 171 | F 350208 | FPS 0843 | D 417 | rR:mu sigma m M 0.00 0.00 0.00 0.00 | F:mu sigma m M 126.3 110.2 20.0 494.0 | H 1.096 | V 0.001 | pL 0.001 | vL 0.000 | delta 0.002
U 172 | F 352256 | FPS 0785 | D 420 | rR:mu sigma m M 0.00 0.00 0.00 0.00 | F:mu sigma m M 154.6 132.5 15.0 542.0 | H 1.098 | V 0.001 | pL 0.000 | vL 0.000 | delta 0.001
U 173 | F 354304 | FPS 0848 | D 422 | rR:mu sigma m M 0.00 0.00 0.00 0.00 | F:mu sigma m M 130.0 67.7 15.0 299.0 | H 1.098 | V 0.001 | pL 0.000 | vL 0.000 | delta 0.001
U 174 | F 356352 | FPS 0856 | D 425 | rR:mu sigma m M 0.03 0.13 0.00 0.56 | F:mu sigma m M 168.9 111.9 38.0 444.0 | H 1.096 | V 0.005 | pL -0.003 | vL 0.000 | delta 0.009
U 175 | F 358400 | FPS 0855 | D 427 | rR:mu sigma m M 0.00 0.00 0.00 0.00 | F:mu sigma m M 153.1 103.9 28.0 417.0 | H 1.097 | V 0.001 | pL 0.000 | vL 0.000 | delta 0.002
U 176 | F 360448 | FPS 0825 | D 430 | rR:mu sigma m M 0.09 0.24 0.00 0.78 | F:mu sigma m M 178.8 152.7 28.0 544.0 | H 1.081 | V 0.026 | pL -0.010 | vL 0.001 | delta 0.034
U 177 | F 362496 | FPS 0840 | D 432 | rR:mu sigma m M 0.09 0.24 0.00 0.78 | F:mu sigma m M 214.9 158.2 35.0 544.0 | H 1.090 | V -0.001 | pL -0.004 | vL 0.001 | delta 0.013
U 178 | F 364544 | FPS 0801 | D 435 | rR:mu sigma m M 0.04 0.15 0.00 0.63 | F:mu sigma m M 236.2 140.5 42.0 455.0 | H 1.094 | V 0.005 | pL -0.000 | vL 0.000 | delta 0.009
U 179 | F 366592 | FPS 0849 | D 437 | rR:mu sigma m M 0.00 0.00 0.00 0.00 | F:mu sigma m M 114.5 101.4 13.0 452.0 | H 1.098 | V -0.004 | pL -0.001 | vL 0.000 | delta 0.003
U 180 | F 368640 | FPS 0863 | D 439 | rR:mu sigma m M 0.05 0.19 0.00 0.79 | F:mu sigma m M 142.8 99.7 27.0 343.0 | H 1.092 | V 0.005 | pL -0.007 | vL 0.000 | delta 0.015
U 181 | F 370688 | FPS 0854 | D 442 | rR:mu sigma m M 0.05 0.19 0.00 0.79 | F:mu sigma m M 129.8 143.3 22.0 612.0 | H 1.097 | V -0.005 | pL -0.002 | vL 0.000 | delta 0.004
U 182 | F 372736 | FPS 0860 | D 444 | rR:mu sigma m M 0.00 0.00 0.00 0.00 | F:mu sigma m M 119.6 84.5 22.0 304.0 | H 1.097 | V -0.000 | pL 0.001 | vL 0.000 | delta 0.007
U 183 | F 374784 | FPS 0857 | D 447 | rR:mu sigma m M 0.00 0.00 0.00 0.00 | F:mu sigma m M 180.1 146.0 35.0 527.0 | H 1.098 | V -0.001 | pL -0.000 | vL 0.000 | delta 0.002
U 184 | F 376832 | FPS 0781 | D 449 | rR:mu sigma m M 0.05 0.21 0.00 0.85 | F:mu sigma m M 144.9 129.7 35.0 494.0 | H 1.082 | V 0.005 | pL -0.006 | vL 0.001 | delta 0.017
U 185 | F 378880 | FPS 0850 | D 452 | rR:mu sigma m M 0.00 0.00 0.00 0.00 | F:mu sigma m M 152.8 89.4 8.0 352.0 | H 1.096 | V 0.002 | pL -0.000 | vL 0.000 | delta 0.008
U 186 | F 380928 | FPS 0850 | D 454 | rR:mu sigma m M 0.00 0.00 0.00 0.00 | F:mu sigma m M 149.9 111.1 52.0 474.0 | H 1.097 | V 0.005 | pL 0.001 | vL 0.000 | delta 0.004
U 187 | F 382976 | FPS 0818 | D 457 | rR:mu sigma m M 0.00 0.00 0.00 0.00 | F:mu sigma m M 139.0 92.9 17.0 418.0 | H 1.098 | V 0.003 | pL 0.001 | vL 0.000 | delta 0.001
U 188 | F 385024 | FPS 0838 | D 459 | rR:mu sigma m M 0.00 0.00 0.00 0.00 | F:mu sigma m M 136.4 115.4 17.0 408.0 | H 1.098 | V 0.002 | pL 0.001 | vL 0.000 | delta 0.000
U 189 | F 387072 | FPS 0817 | D 461 | rR:mu sigma m M 0.00 0.00 0.00 0.00 | F:mu sigma m M 192.6 183.9 36.0 655.0 | H 1.098 | V 0.002 | pL 0.001 | vL 0.000 | delta 0.000
U 190 | F 389120 | FPS 0768 | D 464 | rR:mu sigma m M 0.00 0.00 0.00 0.00 | F:mu sigma m M 155.8 107.0 26.0 370.0 | H 1.098 | V 0.001 | pL 0.000 | vL 0.000 | delta 0.000
U 191 | F 391168 | FPS 0824 | D 467 | rR:mu sigma m M 0.00 0.00 0.00 0.00 | F:mu sigma m M 203.9 190.8 42.0 791.0 | H 1.099 | V 0.001 | pL 0.000 | vL 0.000 | delta 0.000
U 192 | F 393216 | FPS 0834 | D 469 | rR:mu sigma m M 0.00 0.00 0.00 0.00 | F:mu sigma m M 187.6 130.7 34.0 453.0 | H 1.097 | V 0.004 | pL 0.000 | vL 0.000 | delta 0.004
U 193 | F 395264 | FPS 0824 | D 472 | rR:mu sigma m M 0.05 0.20 0.00 0.82 | F:mu sigma m M 151.2 91.9 31.0 424.0 | H 1.094 | V 0.006 | pL -0.002 | vL 0.000 | delta 0.011
U 194 | F 397312 | FPS 0840 | D 474 | rR:mu sigma m M 0.00 0.00 0.00 0.00 | F:mu sigma m M 133.9 87.6 17.0 357.0 | H 1.098 | V 0.001 | pL 0.001 | vL 0.000 | delta 0.002
U 195 | F 399360 | FPS 0842 | D 476 | rR:mu sigma m M 0.00 0.00 0.00 0.00 | F:mu sigma m M 168.4 125.1 17.0 408.0 | H 1.098 | V 0.000 | pL 0.000 | vL 0.000 | delta 0.001
U 196 | F 401408 | FPS 0775 | D 479 | rR:mu sigma m M 0.00 0.00 0.00 0.00 | F:mu sigma m M 164.3 132.4 17.0 554.0 | H 1.094 | V 0.005 | pL 0.001 | vL 0.000 | delta 0.008
U 197 | F 403456 | FPS 0821 | D 482 | rR:mu sigma m M 0.00 0.00 0.00 0.00 | F:mu sigma m M 122.4 82.8 28.0 355.0 | H 1.098 | V 0.003 | pL 0.001 | vL 0.000 | delta 0.002
U 198 | F 405504 | FPS 0807 | D 484 | rR:mu sigma m M 0.00 0.00 0.00 0.00 | F:mu sigma m M 134.3 64.1 35.0 226.0 | H 1.098 | V 0.003 | pL 0.001 | vL 0.000 | delta 0.001
U 199 | F 407552 | FPS 0817 | D 487 | rR:mu sigma m M 0.00 0.00 0.00 0.00 | F:mu sigma m M 152.0 75.6 54.0 293.0 | H 1.098 | V 0.004 | pL 0.001 | vL 0.000 | delta 0.002
U 200 | F 409600 | FPS 0819 | D 489 | rR:mu sigma m M 0.00 0.00 0.00 0.00 | F:mu sigma m M 146.9 111.8 40.0 467.0 | H 1.096 | V 0.007 | pL -0.002 | vL 0.000 | delta 0.005
U 201 | F 411648 | FPS 0828 | D 492 | rR:mu sigma m M 0.10 0.27 0.00 0.84 | F:mu sigma m M 172.5 117.7 16.0 413.0 | H 1.086 | V 0.027 | pL -0.009 | vL 0.002 | delta 0.023
U 202 | F 413696 | FPS 0776 | D 494 | rR:mu sigma m M 0.15 0.31 0.00 0.84 | F:mu sigma m M 142.4 110.7 26.0 479.0 | H 1.093 | V 0.018 | pL -0.003 | vL 0.000 | delta 0.011
U 203 | F 415744 | FPS 0837 | D 497 | rR:mu sigma m M 0.00 0.00 0.00 0.00 | F:mu sigma m M 134.4 71.4 25.0 257.0 | H 1.097 | V 0.002 | pL -0.000 | vL 0.000 | delta 0.002
U 204 | F 417792 | FPS 0832 | D 499 | rR:mu sigma m M 0.06 0.22 0.00 0.89 | F:mu sigma m M 137.9 126.9 25.0 517.0 | H 1.092 | V 0.007 | pL -0.002 | vL 0.000 | delta 0.010
U 205 | F 419840 | FPS 0809 | D 502 | rR:mu sigma m M 0.05 0.17 0.00 0.72 | F:mu sigma m M 196.3 109.5 29.0 417.0 | H 1.088 | V 0.024 | pL -0.002 | vL 0.003 | delta 0.025
U 206 | F 421888 | FPS 0819 | D 504 | rR:mu sigma m M 0.05 0.17 0.00 0.72 | F:mu sigma m M 178.6 87.1 52.0 318.0 | H 1.096 | V 0.001 | pL 0.000 | vL 0.000 | delta 0.004
U 207 | F 423936 | FPS 0842 | D 507 | rR:mu sigma m M 0.00 0.00 0.00 0.00 | F:mu sigma m M 181.8 101.1 38.0 357.0 | H 1.098 | V 0.001 | pL 0.000 | vL 0.000 | delta 0.001
U 208 | F 425984 | FPS 0784 | D 509 | rR:mu sigma m M 0.05 0.20 0.00 0.82 | F:mu sigma m M 200.2 140.4 38.0 602.0 | H 1.092 | V 0.007 | pL -0.004 | vL 0.001 | delta 0.017
U 209 | F 428032 | FPS 0838 | D 512 | rR:mu sigma m M 0.00 0.00 0.00 0.00 | F:mu sigma m M 157.4 150.4 36.0 646.0 | H 1.095 | V 0.006 | pL 0.002 | vL 0.000 | delta 0.015
U 210 | F 430080 | FPS 0848 | D 514 | rR:mu sigma m M 0.00 0.00 0.00 0.00 | F:mu sigma m M 181.0 149.1 21.0 563.0 | H 1.098 | V 0.001 | pL -0.000 | vL 0.000 | delta 0.003
U 211 | F 432128 | FPS 0842 | D 517 | rR:mu sigma m M 0.00 0.00 0.00 0.00 | F:mu sigma m M 102.6 61.4 19.0 215.0 | H 1.096 | V 0.005 | pL -0.000 | vL 0.000 | delta 0.005
U 212 | F 434176 | FPS 0853 | D 519 | rR:mu sigma m M 0.00 0.00 0.00 0.00 | F:mu sigma m M 191.4 125.4 57.0 552.0 | H 1.094 | V 0.009 | pL 0.003 | vL 0.000 | delta 0.006
U 213 | F 436224 | FPS 0855 | D 521 | rR:mu sigma m M 0.00 0.00 0.00 0.00 | F:mu sigma m M 196.3 134.1 44.0 552.0 | H 1.098 | V 0.003 | pL 0.001 | vL 0.000 | delta 0.002
U 214 | F 438272 | FPS 0743 | D 524 | rR:mu sigma m M 0.00 0.00 0.00 0.00 | F:mu sigma m M 140.4 111.4 23.0 434.0 | H 1.099 | V 0.003 | pL 0.001 | vL 0.000 | delta 0.000
U 215 | F 440320 | FPS 0844 | D 527 | rR:mu sigma m M 0.00 0.00 0.00 0.00 | F:mu sigma m M 164.2 137.0 21.0 538.0 | H 1.099 | V 0.002 | pL 0.001 | vL 0.000 | delta 0.000
U 216 | F 442368 | FPS 0849 | D 529 | rR:mu sigma m M 0.05 0.20 0.00 0.83 | F:mu sigma m M 169.5 120.6 19.0 482.0 | H 1.093 | V 0.008 | pL -0.007 | vL 0.001 | delta 0.012
U 217 | F 444416 | FPS 0854 | D 531 | rR:mu sigma m M 0.00 0.00 0.00 0.00 | F:mu sigma m M 130.9 142.2 17.0 639.0 | H 1.096 | V 0.001 | pL 0.001 | vL 0.000 | delta 0.003
U 218 | F 446464 | FPS 0856 | D 534 | rR:mu sigma m M 0.00 0.00 0.00 0.00 | F:mu sigma m M 137.2 108.2 35.0 443.0 | H 1.098 | V 0.001 | pL 0.000 | vL 0.000 | delta 0.001
U 219 | F 448512 | FPS 0852 | D 536 | rR:mu sigma m M 0.00 0.00 0.00 0.00 | F:mu sigma m M 227.6 199.7 50.0 900.0 | H 1.096 | V 0.003 | pL 0.000 | vL 0.000 | delta 0.004
U 220 | F 450560 | FPS 0771 | D 539 | rR:mu sigma m M 0.04 0.16 0.00 0.67 | F:mu sigma m M 115.4 102.4 19.0 334.0 | H 1.095 | V 0.005 | pL -0.006 | vL 0.001 | delta 0.015
U 221 | F 452608 | FPS 0825 | D 541 | rR:mu sigma m M 0.04 0.16 0.00 0.67 | F:mu sigma m M 155.6 90.2 39.0 334.0 | H 1.098 | V -0.004 | pL -0.001 | vL 0.000 | delta 0.002
U 222 | F 454656 | FPS 0843 | D 544 | rR:mu sigma m M 0.05 0.20 0.00 0.83 | F:mu sigma m M 164.4 159.4 41.0 689.0 | H 1.091 | V 0.007 | pL -0.006 | vL 0.001 | delta 0.045
U 223 | F 456704 | FPS 0824 | D 546 | rR:mu sigma m M 0.00 0.00 0.00 0.00 | F:mu sigma m M 215.4 191.5 32.0 689.0 | H 1.079 | V 0.019 | pL -0.003 | vL 0.000 | delta 0.014
U 224 | F 458752 | FPS 0767 | D 549 | rR:mu sigma m M 0.00 0.00 0.00 0.00 | F:mu sigma m M 168.9 130.0 26.0 532.0 | H 1.084 | V 0.017 | pL -0.002 | vL 0.001 | delta 0.042
U 225 | F 460800 | FPS 0804 | D 551 | rR:mu sigma m M 0.05 0.20 0.00 0.81 | F:mu sigma m M 173.8 92.1 47.0 347.0 | H 1.081 | V 0.025 | pL 0.002 | vL 0.000 | delta 0.014
U 226 | F 462848 | FPS 0767 | D 554 | rR:mu sigma m M 0.00 0.00 0.00 0.00 | F:mu sigma m M 163.9 98.7 42.0 364.0 | H 1.097 | V 0.007 | pL 0.002 | vL 0.000 | delta 0.003
U 227 | F 464896 | FPS 0843 | D 556 | rR:mu sigma m M 0.05 0.19 0.00 0.80 | F:mu sigma m M 194.8 181.0 25.0 673.0 | H 1.080 | V 0.020 | pL -0.006 | vL 0.001 | delta 0.019
U 228 | F 466944 | FPS 0841 | D 559 | rR:mu sigma m M 0.05 0.19 0.00 0.79 | F:mu sigma m M 162.8 140.3 15.0 512.0 | H 1.093 | V 0.010 | pL 0.001 | vL 0.000 | delta 0.010
U 229 | F 468992 | FPS 0843 | D 561 | rR:mu sigma m M 0.00 0.00 0.00 0.00 | F:mu sigma m M 142.9 109.9 15.0 512.0 | H 1.096 | V 0.009 | pL 0.002 | vL 0.000 | delta 0.003
U 230 | F 471040 | FPS 0830 | D 564 | rR:mu sigma m M 0.00 0.00 0.00 0.00 | F:mu sigma m M 173.8 119.9 34.0 417.0 | H 1.096 | V 0.008 | pL 0.002 | vL 0.000 | delta 0.004
U 231 | F 473088 | FPS 0843 | D 566 | rR:mu sigma m M 0.00 0.00 0.00 0.00 | F:mu sigma m M 169.9 109.8 31.0 391.0 | H 1.095 | V 0.010 | pL 0.002 | vL 0.000 | delta 0.006
U 232 | F 475136 | FPS 0781 | D 569 | rR:mu sigma m M 0.00 0.00 0.00 0.00 | F:mu sigma m M 155.1 106.9 31.0 373.0 | H 1.097 | V 0.006 | pL 0.002 | vL 0.000 | delta 0.002
U 233 | F 477184 | FPS 0839 | D 571 | rR:mu sigma m M 0.00 0.00 0.00 0.00 | F:mu sigma m M 217.4 136.1 40.0 380.0 | H 1.098 | V 0.006 | pL 0.002 | vL 0.000 | delta 0.003
U 234 | F 479232 | FPS 0827 | D 574 | rR:mu sigma m M 0.05 0.19 0.00 0.80 | F:mu sigma m M 121.1 90.6 24.0 364.0 | H 1.086 | V 0.028 | pL -0.006 | vL 0.001 | delta 0.022
U 235 | F 481280 | FPS 0826 | D 576 | rR:mu sigma m M 0.20 0.35 0.00 0.94 | F:mu sigma m M 170.6 206.9 24.0 900.0 | H 1.076 | V 0.050 | pL -0.012 | vL 0.004 | delta 0.047
U 236 | F 483328 | FPS 0851 | D 579 | rR:mu sigma m M 0.08 0.22 0.00 0.68 | F:mu sigma m M 206.7 215.5 19.0 900.0 | H 1.068 | V 0.021 | pL -0.002 | vL 0.001 | delta 0.012
U 237 | F 485376 | FPS 0837 | D 581 | rR:mu sigma m M 0.11 0.30 0.00 0.94 | F:mu sigma m M 204.5 170.5 59.0 734.0 | H 1.075 | V 0.030 | pL -0.007 | vL 0.002 | delta 0.029
U 238 | F 487424 | FPS 0779 | D 584 | rR:mu sigma m M 0.21 0.36 0.00 0.90 | F:mu sigma m M 120.4 80.9 12.0 308.0 | H 1.040 | V 0.066 | pL -0.016 | vL 0.006 | delta 0.067
U 239 | F 489472 | FPS 0833 | D 586 | rR:mu sigma m M 0.06 0.23 0.00 0.94 | F:mu sigma m M 148.8 119.4 36.0 521.0 | H 1.057 | V 0.058 | pL 0.001 | vL 0.003 | delta 0.032
U 240 | F 491520 | FPS 0845 | D 589 | rR:mu sigma m M 0.27 0.41 0.00 0.95 | F:mu sigma m M 109.1 63.8 33.0 313.0 | H 0.986 | V 0.124 | pL -0.027 | vL 0.009 | delta 0.062
U 241 | F 493568 | FPS 0847 | D 591 | rR:mu sigma m M 0.45 0.44 0.00 0.95 | F:mu sigma m M 126.3 96.6 19.0 461.0 | H 0.898 | V 0.218 | pL -0.044 | vL 0.011 | delta 0.111
U 242 | F 495616 | FPS 0859 | D 593 | rR:mu sigma m M 0.47 0.44 0.00 0.96 | F:mu sigma m M 84.9 62.9 7.0 283.0 | H 0.867 | V 0.278 | pL -0.061 | vL 0.010 | delta 0.096
U 243 | F 497664 | FPS 0845 | D 596 | rR:mu sigma m M 0.56 0.44 0.00 0.96 | F:mu sigma m M 71.4 38.5 10.0 174.0 | H 0.807 | V 0.307 | pL -0.058 | vL 0.015 | delta 0.118
U 244 | F 499712 | FPS 0812 | D 598 | rR:mu sigma m M 0.66 0.42 0.00 0.96 | F:mu sigma m M 68.4 33.9 10.0 154.0 | H 0.769 | V 0.403 | pL -0.078 | vL 0.014 | delta 0.109
U 245 | F 501760 | FPS 0857 | D 601 | rR:mu sigma m M 0.75 0.38 0.00 0.97 | F:mu sigma m M 52.0 21.0 14.0 115.0 | H 0.672 | V 0.527 | pL -0.073 | vL 0.013 | delta 0.113
U 246 | F 503808 | FPS 0839 | D 603 | rR:mu sigma m M 0.87 0.25 0.00 0.97 | F:mu sigma m M 54.0 17.5 28.0 98.0 | H 0.591 | V 0.635 | pL -0.074 | vL 0.009 | delta 0.087
U 247 | F 505856 | FPS 0843 | D 606 | rR:mu sigma m M 0.87 0.27 0.00 0.97 | F:mu sigma m M 47.2 20.2 11.0 124.0 | H 0.516 | V 0.663 | pL -0.037 | vL 0.011 | delta 0.071
U 248 | F 507904 | FPS 0841 | D 608 | rR:mu sigma m M 0.91 0.22 0.00 0.97 | F:mu sigma m M 37.8 14.4 15.0 98.0 | H 0.422 | V 0.730 | pL -0.051 | vL 0.008 | delta 0.085
U 249 | F 509952 | FPS 0847 | D 611 | rR:mu sigma m M 0.95 0.13 0.00 0.97 | F:mu sigma m M 36.9 10.5 11.0 86.0 | H 0.435 | V 0.774 | pL -0.023 | vL 0.003 | delta 0.072
U 250 | F 512000 | FPS 0830 | D 613 | rR:mu sigma m M 0.96 0.01 0.94 0.97 | F:mu sigma m M 36.1 7.2 26.0 55.0 | H 0.431 | V 0.806 | pL -0.014 | vL 0.001 | delta 0.040
agent reach optimality, start collecting trajectories
agent successfully collected 10 trajectories
pickling optimal trajectories
Model successfully saved
