The following modules were not unloaded:
  (Use "module --force purge" to unload all):

  1) StdEnv/2018.3     4) gcccore/.7.3.0      7) intel/2018.3
  2) nixpkgs/16.09     5) icc/.2018.3.222     8) openmpi/3.1.2
  3) imkl/2018.3.222   6) ifort/.2018.3.222

Due to MODULEPATH changes, the following have been reloaded:
  1) openmpi/3.1.2

Attention: While Conda works well in a desktop environment, it tends to create more problems than it solves on a cluster. Instead, we recommend that users use virtual environments and the binary packages that we provide through Python wheels as documented on the Python page.
/home/rdali/RL/watch_and_learn/dependency/rl-starter-files/scripts/train_agent_multidem.py --env MiniGrid-LavaCrossingAddictO8S15-v0 --algo ppo --nameDemonstrator LavaCrossing1508Addict1,LavaCrossing1508Addict2,LavaCrossing1508Addict3,LavaCrossing1508Addict4,LavaCrossing1508Addict10,LavaCrossing1508Addict11,LavaCrossing1508Addict12,LavaCrossing1508Addict13 --flat-model 0 --useKL 0 --meanReward 0.80 --rewardLB 0.70 --seed 1584

Namespace(KLweight=0.0001, algo='ppo', batch_size=256, clip_eps=0.2, discount=0.99, entropy_coef=0.01, env='MiniGrid-LavaCrossingAddictO8S15-v0', epochs=4, flat_model=0, frames=10000000, frames_per_proc=None, full_obs=0, gae_lambda=0.95, log_interval=1, lr=0.0007, max_grad_norm=0.5, meanReward=0.8, mem=False, model=None, nameDemonstrator='LavaCrossing1508Addict1,LavaCrossing1508Addict2,LavaCrossing1508Addict3,LavaCrossing1508Addict4,LavaCrossing1508Addict10,LavaCrossing1508Addict11,LavaCrossing1508Addict12,LavaCrossing1508Addict13', optim_alpha=0.99, optim_eps=1e-05, procs=16, recurrence=1, rewardLB=0.7, save_interval=0, seed=1584, tb=False, text=False, useKL=0, value_loss_coef=0.5)

Flat model successfully created

ACModel(
  (image_conv): Sequential(
    (0): Conv2d(3, 32, kernel_size=(2, 2), stride=(1, 1))
    (1): ReLU()
    (2): MaxPool2d(kernel_size=(2, 2), stride=(2, 2), padding=0, dilation=1, ceil_mode=False)
    (3): Conv2d(32, 64, kernel_size=(2, 2), stride=(1, 1))
    (4): ReLU()
    (5): Conv2d(64, 64, kernel_size=(2, 2), stride=(1, 1))
    (6): ReLU()
  )
  (actor): Sequential(
    (0): Linear(in_features=1600, out_features=64, bias=True)
    (1): Tanh()
    (2): Linear(in_features=64, out_features=3, bias=True)
  )
  (critic): Sequential(
    (0): Linear(in_features=1600, out_features=64, bias=True)
    (1): Tanh()
    (2): Linear(in_features=64, out_features=1, bias=True)
  )
)

CUDA available: False

0
False
0.0001
Using TensorFlow backend.
OMP: Info #212: KMP_AFFINITY: decoding x2APIC ids.
OMP: Info #210: KMP_AFFINITY: Affinity capable, using global cpuid leaf 11 info
OMP: Info #154: KMP_AFFINITY: Initial OS proc set respected: 17,19,24,26,28
OMP: Info #156: KMP_AFFINITY: 5 available OS procs
OMP: Info #158: KMP_AFFINITY: Nonuniform topology
OMP: Info #179: KMP_AFFINITY: 2 packages x 3 cores/pkg x 1 threads/core (5 total cores)
OMP: Info #214: KMP_AFFINITY: OS proc to physical thread map:
OMP: Info #171: KMP_AFFINITY: OS proc 24 maps to package 0 core 17 
OMP: Info #171: KMP_AFFINITY: OS proc 28 maps to package 0 core 18 
OMP: Info #171: KMP_AFFINITY: OS proc 26 maps to package 0 core 19 
OMP: Info #171: KMP_AFFINITY: OS proc 17 maps to package 1 core 9 
OMP: Info #171: KMP_AFFINITY: OS proc 19 maps to package 1 core 10 
OMP: Info #250: KMP_AFFINITY: pid 348782 tid 348782 thread 0 bound to OS proc set 24
OMP: Info #250: KMP_AFFINITY: pid 348782 tid 349093 thread 3 bound to OS proc set 19
OMP: Info #250: KMP_AFFINITY: pid 348782 tid 349074 thread 1 bound to OS proc set 17
OMP: Info #250: KMP_AFFINITY: pid 348782 tid 349082 thread 2 bound to OS proc set 28
OMP: Info #250: KMP_AFFINITY: pid 348782 tid 349098 thread 4 bound to OS proc set 26
OMP: Info #250: KMP_AFFINITY: pid 348782 tid 349126 thread 5 bound to OS proc set 24
OMP: Info #250: KMP_AFFINITY: pid 348782 tid 349127 thread 6 bound to OS proc set 17
OMP: Info #250: KMP_AFFINITY: pid 348782 tid 349128 thread 7 bound to OS proc set 28
OMP: Info #250: KMP_AFFINITY: pid 348782 tid 349129 thread 8 bound to OS proc set 19
OMP: Info #250: KMP_AFFINITY: pid 348782 tid 349130 thread 9 bound to OS proc set 26
U 1 | F 002048 | FPS 0844 | D 2 | rR:mu sigma m M 0.00 0.00 0.00 0.00 | F:mu sigma m M 37.9 43.5 0.0 123.0 | H 1.095 | V 0.022 | pL 0.011 | vL 0.001 | delta 0.071
U 2 | F 004096 | FPS 0865 | D 4 | rR:mu sigma m M 0.00 0.00 0.00 0.00 | F:mu sigma m M 93.1 45.2 30.0 180.0 | H 1.099 | V 0.040 | pL 0.009 | vL 0.000 | delta 0.007
U 3 | F 006144 | FPS 0857 | D 7 | rR:mu sigma m M 0.04 0.17 0.00 0.69 | F:mu sigma m M 166.0 87.4 48.0 355.0 | H 1.085 | V 0.036 | pL 0.002 | vL 0.001 | delta 0.013
U 4 | F 008192 | FPS 0868 | D 9 | rR:mu sigma m M 0.04 0.17 0.00 0.69 | F:mu sigma m M 231.6 124.4 46.0 465.0 | H 1.098 | V 0.031 | pL 0.008 | vL 0.000 | delta 0.003
U 5 | F 010240 | FPS 0821 | D 12 | rR:mu sigma m M 0.00 0.00 0.00 0.00 | F:mu sigma m M 194.9 135.2 33.0 521.0 | H 1.098 | V 0.023 | pL 0.008 | vL 0.000 | delta 0.004
U 6 | F 012288 | FPS 0883 | D 14 | rR:mu sigma m M 0.00 0.00 0.00 0.00 | F:mu sigma m M 155.4 83.9 33.0 318.0 | H 1.098 | V 0.018 | pL 0.005 | vL 0.000 | delta 0.002
U 7 | F 014336 | FPS 0884 | D 16 | rR:mu sigma m M 0.00 0.00 0.00 0.00 | F:mu sigma m M 166.1 105.5 30.0 384.0 | H 1.098 | V 0.013 | pL 0.004 | vL 0.000 | delta 0.002
U 8 | F 016384 | FPS 0886 | D 19 | rR:mu sigma m M 0.00 0.00 0.00 0.00 | F:mu sigma m M 198.9 175.2 15.0 672.0 | H 1.098 | V 0.013 | pL 0.003 | vL 0.000 | delta 0.003
U 9 | F 018432 | FPS 0869 | D 21 | rR:mu sigma m M 0.04 0.17 0.00 0.68 | F:mu sigma m M 195.3 158.3 37.0 672.0 | H 1.086 | V 0.012 | pL -0.003 | vL 0.001 | delta 0.026
U 10 | F 020480 | FPS 0874 | D 23 | rR:mu sigma m M 0.00 0.00 0.00 0.00 | F:mu sigma m M 207.1 159.7 37.0 582.0 | H 1.098 | V 0.016 | pL 0.003 | vL 0.000 | delta 0.005
U 11 | F 022528 | FPS 0875 | D 26 | rR:mu sigma m M 0.04 0.14 0.00 0.56 | F:mu sigma m M 180.2 158.8 31.0 582.0 | H 1.098 | V 0.014 | pL -0.002 | vL 0.000 | delta 0.013
U 12 | F 024576 | FPS 0821 | D 28 | rR:mu sigma m M 0.05 0.18 0.00 0.77 | F:mu sigma m M 136.7 111.5 22.0 417.0 | H 1.098 | V 0.018 | pL -0.000 | vL 0.000 | delta 0.014
U 13 | F 026624 | FPS 0887 | D 30 | rR:mu sigma m M 0.05 0.19 0.00 0.79 | F:mu sigma m M 147.6 110.3 22.0 417.0 | H 1.096 | V 0.016 | pL -0.005 | vL 0.000 | delta 0.016
U 14 | F 028672 | FPS 0879 | D 33 | rR:mu sigma m M 0.05 0.19 0.00 0.79 | F:mu sigma m M 231.6 127.2 67.0 584.0 | H 1.098 | V 0.007 | pL 0.002 | vL 0.000 | delta 0.003
U 15 | F 030720 | FPS 0871 | D 35 | rR:mu sigma m M 0.00 0.00 0.00 0.00 | F:mu sigma m M 138.4 97.1 44.0 328.0 | H 1.094 | V 0.011 | pL -0.001 | vL 0.000 | delta 0.015
U 16 | F 032768 | FPS 0894 | D 37 | rR:mu sigma m M 0.05 0.18 0.00 0.75 | F:mu sigma m M 176.6 168.8 20.0 763.0 | H 1.097 | V 0.021 | pL 0.000 | vL 0.000 | delta 0.009
U 17 | F 034816 | FPS 0891 | D 40 | rR:mu sigma m M 0.05 0.18 0.00 0.75 | F:mu sigma m M 115.6 69.8 36.0 257.0 | H 1.096 | V 0.007 | pL 0.003 | vL 0.000 | delta 0.006
U 18 | F 036864 | FPS 0823 | D 42 | rR:mu sigma m M 0.05 0.20 0.00 0.85 | F:mu sigma m M 133.9 76.6 45.0 291.0 | H 1.095 | V 0.016 | pL -0.004 | vL 0.000 | delta 0.013
U 19 | F 038912 | FPS 0885 | D 44 | rR:mu sigma m M 0.05 0.20 0.00 0.85 | F:mu sigma m M 145.8 114.2 36.0 464.0 | H 1.092 | V 0.015 | pL 0.000 | vL 0.000 | delta 0.007
U 20 | F 040960 | FPS 0861 | D 47 | rR:mu sigma m M 0.00 0.00 0.00 0.00 | F:mu sigma m M 188.8 160.0 22.0 526.0 | H 1.095 | V 0.005 | pL 0.002 | vL 0.000 | delta 0.004
U 21 | F 043008 | FPS 0860 | D 49 | rR:mu sigma m M 0.00 0.00 0.00 0.00 | F:mu sigma m M 217.8 155.4 25.0 526.0 | H 1.097 | V 0.014 | pL -0.004 | vL 0.000 | delta 0.012
U 22 | F 045056 | FPS 0859 | D 52 | rR:mu sigma m M 0.00 0.00 0.00 0.00 | F:mu sigma m M 174.1 92.3 51.0 335.0 | H 1.094 | V 0.034 | pL 0.006 | vL 0.001 | delta 0.023
U 23 | F 047104 | FPS 0846 | D 54 | rR:mu sigma m M 0.00 0.00 0.00 0.00 | F:mu sigma m M 217.7 172.6 26.0 793.0 | H 1.097 | V 0.017 | pL 0.006 | vL 0.000 | delta 0.008
U 24 | F 049152 | FPS 0789 | D 57 | rR:mu sigma m M 0.00 0.00 0.00 0.00 | F:mu sigma m M 238.3 186.1 14.0 780.0 | H 1.094 | V 0.015 | pL 0.004 | vL 0.000 | delta 0.005
U 25 | F 051200 | FPS 0844 | D 59 | rR:mu sigma m M 0.00 0.00 0.00 0.00 | F:mu sigma m M 171.3 220.4 14.0 900.0 | H 1.098 | V 0.011 | pL 0.003 | vL 0.000 | delta 0.001
U 26 | F 053248 | FPS 0859 | D 61 | rR:mu sigma m M 0.00 0.00 0.00 0.00 | F:mu sigma m M 150.9 87.7 39.0 379.0 | H 1.098 | V 0.008 | pL 0.002 | vL 0.000 | delta 0.001
U 27 | F 055296 | FPS 0856 | D 64 | rR:mu sigma m M 0.00 0.00 0.00 0.00 | F:mu sigma m M 167.2 129.7 36.0 576.0 | H 1.098 | V 0.007 | pL 0.002 | vL 0.000 | delta 0.001
U 28 | F 057344 | FPS 0863 | D 66 | rR:mu sigma m M 0.06 0.21 0.00 0.88 | F:mu sigma m M 181.3 135.6 36.0 576.0 | H 1.097 | V 0.010 | pL -0.004 | vL 0.001 | delta 0.011
U 29 | F 059392 | FPS 0857 | D 69 | rR:mu sigma m M 0.00 0.00 0.00 0.00 | F:mu sigma m M 222.0 119.9 69.0 507.0 | H 1.098 | V 0.008 | pL 0.002 | vL 0.000 | delta 0.003
U 30 | F 061440 | FPS 0791 | D 71 | rR:mu sigma m M 0.00 0.00 0.00 0.00 | F:mu sigma m M 161.6 112.1 38.0 380.0 | H 1.096 | V 0.013 | pL 0.002 | vL 0.000 | delta 0.007
U 31 | F 063488 | FPS 0856 | D 74 | rR:mu sigma m M 0.10 0.27 0.00 0.82 | F:mu sigma m M 206.2 178.9 10.0 737.0 | H 1.091 | V 0.017 | pL -0.011 | vL 0.001 | delta 0.023
U 32 | F 065536 | FPS 0869 | D 76 | rR:mu sigma m M 0.05 0.21 0.00 0.86 | F:mu sigma m M 166.7 132.6 37.0 496.0 | H 1.094 | V 0.013 | pL -0.005 | vL 0.001 | delta 0.012
U 33 | F 067584 | FPS 0866 | D 78 | rR:mu sigma m M 0.00 0.00 0.00 0.00 | F:mu sigma m M 149.0 148.1 29.0 507.0 | H 1.098 | V 0.003 | pL 0.001 | vL 0.000 | delta 0.001
U 34 | F 069632 | FPS 0858 | D 81 | rR:mu sigma m M 0.00 0.00 0.00 0.00 | F:mu sigma m M 125.7 111.7 36.0 507.0 | H 1.097 | V 0.004 | pL 0.001 | vL 0.000 | delta 0.002
U 35 | F 071680 | FPS 0861 | D 83 | rR:mu sigma m M 0.00 0.00 0.00 0.00 | F:mu sigma m M 217.1 160.0 19.0 574.0 | H 1.099 | V 0.002 | pL 0.000 | vL 0.000 | delta 0.000
U 36 | F 073728 | FPS 0820 | D 86 | rR:mu sigma m M 0.00 0.00 0.00 0.00 | F:mu sigma m M 130.6 159.1 25.0 754.0 | H 1.098 | V 0.001 | pL 0.000 | vL 0.000 | delta 0.000
U 37 | F 075776 | FPS 0795 | D 88 | rR:mu sigma m M 0.00 0.00 0.00 0.00 | F:mu sigma m M 84.8 46.2 32.0 215.0 | H 1.097 | V 0.003 | pL 0.000 | vL 0.000 | delta 0.003
U 38 | F 077824 | FPS 0861 | D 90 | rR:mu sigma m M 0.05 0.19 0.00 0.79 | F:mu sigma m M 122.7 132.3 32.0 603.0 | H 1.098 | V 0.010 | pL -0.005 | vL 0.001 | delta 0.011
U 39 | F 079872 | FPS 0852 | D 93 | rR:mu sigma m M 0.05 0.19 0.00 0.79 | F:mu sigma m M 168.8 170.0 34.0 603.0 | H 1.098 | V -0.000 | pL -0.000 | vL 0.000 | delta 0.001
U 40 | F 081920 | FPS 0847 | D 95 | rR:mu sigma m M 0.00 0.00 0.00 0.00 | F:mu sigma m M 194.1 156.0 45.0 594.0 | H 1.098 | V -0.000 | pL -0.001 | vL 0.000 | delta 0.001
U 41 | F 083968 | FPS 0805 | D 98 | rR:mu sigma m M 0.00 0.00 0.00 0.00 | F:mu sigma m M 193.2 191.9 20.0 594.0 | H 1.098 | V 0.003 | pL 0.000 | vL 0.000 | delta 0.002
U 42 | F 086016 | FPS 0805 | D 100 | rR:mu sigma m M 0.00 0.00 0.00 0.00 | F:mu sigma m M 192.5 181.2 20.0 621.0 | H 1.098 | V 0.004 | pL 0.002 | vL 0.000 | delta 0.003
U 43 | F 088064 | FPS 0776 | D 103 | rR:mu sigma m M 0.00 0.00 0.00 0.00 | F:mu sigma m M 155.4 117.0 31.0 453.0 | H 1.099 | V 0.001 | pL 0.000 | vL 0.000 | delta 0.000
U 44 | F 090112 | FPS 0815 | D 106 | rR:mu sigma m M 0.00 0.00 0.00 0.00 | F:mu sigma m M 158.8 142.0 27.0 489.0 | H 1.098 | V 0.002 | pL -0.000 | vL 0.000 | delta 0.001
U 45 | F 092160 | FPS 0756 | D 108 | rR:mu sigma m M 0.00 0.00 0.00 0.00 | F:mu sigma m M 161.8 151.5 11.0 462.0 | H 1.099 | V 0.001 | pL 0.001 | vL 0.000 | delta 0.001
U 46 | F 094208 | FPS 0798 | D 111 | rR:mu sigma m M 0.00 0.00 0.00 0.00 | F:mu sigma m M 145.3 64.3 29.0 266.0 | H 1.099 | V 0.001 | pL 0.000 | vL 0.000 | delta 0.000
U 47 | F 096256 | FPS 0835 | D 113 | rR:mu sigma m M 0.00 0.00 0.00 0.00 | F:mu sigma m M 174.5 135.8 31.0 514.0 | H 1.099 | V 0.000 | pL 0.000 | vL 0.000 | delta 0.000
U 48 | F 098304 | FPS 0778 | D 116 | rR:mu sigma m M 0.05 0.19 0.00 0.76 | F:mu sigma m M 158.3 96.0 52.0 345.0 | H 1.097 | V 0.007 | pL -0.006 | vL 0.001 | delta 0.015
U 49 | F 100352 | FPS 0837 | D 118 | rR:mu sigma m M 0.00 0.00 0.00 0.00 | F:mu sigma m M 165.2 115.8 21.0 510.0 | H 1.098 | V -0.000 | pL -0.000 | vL 0.000 | delta 0.003
U 50 | F 102400 | FPS 0805 | D 121 | rR:mu sigma m M 0.00 0.00 0.00 0.00 | F:mu sigma m M 114.9 85.1 21.0 332.0 | H 1.098 | V 0.000 | pL 0.000 | vL 0.000 | delta 0.002
U 51 | F 104448 | FPS 0815 | D 123 | rR:mu sigma m M 0.00 0.00 0.00 0.00 | F:mu sigma m M 119.6 88.9 8.0 332.0 | H 1.098 | V 0.000 | pL 0.000 | vL 0.000 | delta 0.001
U 52 | F 106496 | FPS 0822 | D 126 | rR:mu sigma m M 0.00 0.00 0.00 0.00 | F:mu sigma m M 160.7 138.8 39.0 536.0 | H 1.098 | V 0.000 | pL 0.000 | vL 0.000 | delta 0.000
U 53 | F 108544 | FPS 0818 | D 128 | rR:mu sigma m M 0.00 0.00 0.00 0.00 | F:mu sigma m M 107.6 64.0 30.0 293.0 | H 1.098 | V 0.000 | pL 0.000 | vL 0.000 | delta 0.000
U 54 | F 110592 | FPS 0717 | D 131 | rR:mu sigma m M 0.00 0.00 0.00 0.00 | F:mu sigma m M 117.9 64.4 20.0 236.0 | H 1.098 | V 0.001 | pL -0.000 | vL 0.000 | delta 0.000
U 55 | F 112640 | FPS 0829 | D 134 | rR:mu sigma m M 0.00 0.00 0.00 0.00 | F:mu sigma m M 185.1 141.8 40.0 599.0 | H 1.099 | V 0.000 | pL 0.000 | vL 0.000 | delta 0.001
U 56 | F 114688 | FPS 0819 | D 136 | rR:mu sigma m M 0.00 0.00 0.00 0.00 | F:mu sigma m M 167.3 108.9 32.0 415.0 | H 1.099 | V -0.000 | pL -0.000 | vL 0.000 | delta 0.001
U 57 | F 116736 | FPS 0805 | D 139 | rR:mu sigma m M 0.00 0.00 0.00 0.00 | F:mu sigma m M 142.1 77.4 31.0 285.0 | H 1.098 | V 0.001 | pL -0.000 | vL 0.000 | delta 0.001
U 58 | F 118784 | FPS 0797 | D 141 | rR:mu sigma m M 0.00 0.00 0.00 0.00 | F:mu sigma m M 114.6 71.6 13.0 249.0 | H 1.093 | V 0.006 | pL 0.000 | vL 0.000 | delta 0.006
U 59 | F 120832 | FPS 0803 | D 144 | rR:mu sigma m M 0.00 0.00 0.00 0.00 | F:mu sigma m M 153.9 93.4 35.0 337.0 | H 1.097 | V 0.010 | pL 0.002 | vL 0.000 | delta 0.004
U 60 | F 122880 | FPS 0759 | D 147 | rR:mu sigma m M 0.00 0.00 0.00 0.00 | F:mu sigma m M 108.2 81.2 29.0 307.0 | H 1.098 | V 0.004 | pL 0.001 | vL 0.000 | delta 0.001
U 61 | F 124928 | FPS 0824 | D 149 | rR:mu sigma m M 0.00 0.00 0.00 0.00 | F:mu sigma m M 179.8 149.1 37.0 636.0 | H 1.099 | V 0.002 | pL 0.001 | vL 0.000 | delta 0.001
U 62 | F 126976 | FPS 0825 | D 152 | rR:mu sigma m M 0.05 0.20 0.00 0.82 | F:mu sigma m M 187.7 213.1 33.0 885.0 | H 1.097 | V 0.007 | pL -0.006 | vL 0.001 | delta 0.010
U 63 | F 129024 | FPS 0821 | D 154 | rR:mu sigma m M 0.00 0.00 0.00 0.00 | F:mu sigma m M 137.4 118.4 21.0 436.0 | H 1.098 | V 0.002 | pL 0.001 | vL 0.000 | delta 0.003
U 64 | F 131072 | FPS 0814 | D 157 | rR:mu sigma m M 0.00 0.00 0.00 0.00 | F:mu sigma m M 154.0 111.6 32.0 440.0 | H 1.099 | V 0.000 | pL 0.000 | vL 0.000 | delta 0.002
U 65 | F 133120 | FPS 0812 | D 159 | rR:mu sigma m M 0.00 0.00 0.00 0.00 | F:mu sigma m M 187.3 163.6 44.0 682.0 | H 1.099 | V 0.001 | pL 0.000 | vL 0.000 | delta 0.000
U 66 | F 135168 | FPS 0759 | D 162 | rR:mu sigma m M 0.00 0.00 0.00 0.00 | F:mu sigma m M 147.8 90.1 38.0 356.0 | H 1.098 | V 0.001 | pL 0.000 | vL 0.000 | delta 0.002
U 67 | F 137216 | FPS 0815 | D 164 | rR:mu sigma m M 0.00 0.00 0.00 0.00 | F:mu sigma m M 181.6 146.8 29.0 567.0 | H 1.099 | V 0.002 | pL 0.001 | vL 0.000 | delta 0.001
U 68 | F 139264 | FPS 0796 | D 167 | rR:mu sigma m M 0.00 0.00 0.00 0.00 | F:mu sigma m M 142.1 128.6 29.0 567.0 | H 1.098 | V 0.002 | pL 0.000 | vL 0.000 | delta 0.001
U 69 | F 141312 | FPS 0779 | D 170 | rR:mu sigma m M 0.00 0.00 0.00 0.00 | F:mu sigma m M 149.1 84.2 58.0 329.0 | H 1.098 | V 0.003 | pL 0.001 | vL 0.000 | delta 0.002
U 70 | F 143360 | FPS 0776 | D 172 | rR:mu sigma m M 0.00 0.00 0.00 0.00 | F:mu sigma m M 194.1 152.9 39.0 573.0 | H 1.099 | V 0.002 | pL 0.000 | vL 0.000 | delta 0.001
U 71 | F 145408 | FPS 0808 | D 175 | rR:mu sigma m M 0.00 0.00 0.00 0.00 | F:mu sigma m M 101.7 82.6 27.0 339.0 | H 1.098 | V 0.005 | pL 0.000 | vL 0.000 | delta 0.004
U 72 | F 147456 | FPS 0761 | D 177 | rR:mu sigma m M 0.00 0.00 0.00 0.00 | F:mu sigma m M 138.2 95.7 34.0 339.0 | H 1.098 | V 0.002 | pL 0.001 | vL 0.000 | delta 0.003
U 73 | F 149504 | FPS 0811 | D 180 | rR:mu sigma m M 0.00 0.00 0.00 0.00 | F:mu sigma m M 174.9 117.0 35.0 507.0 | H 1.099 | V 0.002 | pL 0.001 | vL 0.000 | delta 0.001
U 74 | F 151552 | FPS 0799 | D 182 | rR:mu sigma m M 0.00 0.00 0.00 0.00 | F:mu sigma m M 138.6 103.1 44.0 414.0 | H 1.099 | V 0.002 | pL 0.000 | vL 0.000 | delta 0.000
U 75 | F 153600 | FPS 0781 | D 185 | rR:mu sigma m M 0.00 0.00 0.00 0.00 | F:mu sigma m M 164.4 155.7 35.0 652.0 | H 1.099 | V 0.002 | pL 0.000 | vL 0.000 | delta 0.001
U 76 | F 155648 | FPS 0793 | D 188 | rR:mu sigma m M 0.00 0.00 0.00 0.00 | F:mu sigma m M 190.2 222.1 27.0 806.0 | H 1.099 | V 0.001 | pL 0.000 | vL 0.000 | delta 0.001
U 77 | F 157696 | FPS 0800 | D 190 | rR:mu sigma m M 0.00 0.00 0.00 0.00 | F:mu sigma m M 231.4 208.4 28.0 764.0 | H 1.098 | V 0.002 | pL -0.000 | vL 0.000 | delta 0.001
U 78 | F 159744 | FPS 0745 | D 193 | rR:mu sigma m M 0.04 0.15 0.00 0.60 | F:mu sigma m M 212.0 198.3 10.0 764.0 | H 1.096 | V 0.007 | pL -0.005 | vL 0.000 | delta 0.010
U 79 | F 161792 | FPS 0800 | D 196 | rR:mu sigma m M 0.04 0.15 0.00 0.60 | F:mu sigma m M 216.5 176.1 10.0 753.0 | H 1.096 | V 0.011 | pL 0.004 | vL 0.000 | delta 0.006
U 80 | F 163840 | FPS 0787 | D 198 | rR:mu sigma m M 0.00 0.00 0.00 0.00 | F:mu sigma m M 249.9 182.1 11.0 753.0 | H 1.098 | V 0.005 | pL 0.001 | vL 0.000 | delta 0.002
U 81 | F 165888 | FPS 0762 | D 201 | rR:mu sigma m M 0.05 0.18 0.00 0.73 | F:mu sigma m M 183.3 117.9 41.0 406.0 | H 1.092 | V 0.015 | pL -0.006 | vL 0.001 | delta 0.021
U 82 | F 167936 | FPS 0788 | D 203 | rR:mu sigma m M 0.04 0.14 0.00 0.57 | F:mu sigma m M 182.1 121.8 13.0 427.0 | H 1.094 | V 0.029 | pL -0.002 | vL 0.001 | delta 0.017
U 83 | F 169984 | FPS 0753 | D 206 | rR:mu sigma m M 0.04 0.14 0.00 0.57 | F:mu sigma m M 144.2 107.1 13.0 427.0 | H 1.096 | V 0.008 | pL -0.000 | vL 0.000 | delta 0.006
U 84 | F 172032 | FPS 0815 | D 209 | rR:mu sigma m M 0.04 0.16 0.00 0.68 | F:mu sigma m M 178.0 121.2 20.0 445.0 | H 1.096 | V 0.003 | pL -0.005 | vL 0.000 | delta 0.009
U 85 | F 174080 | FPS 0825 | D 211 | rR:mu sigma m M 0.04 0.16 0.00 0.68 | F:mu sigma m M 193.3 121.7 20.0 445.0 | H 1.098 | V -0.001 | pL -0.000 | vL 0.000 | delta 0.001
U 86 | F 176128 | FPS 0819 | D 214 | rR:mu sigma m M 0.00 0.00 0.00 0.00 | F:mu sigma m M 243.6 188.7 15.0 779.0 | H 1.098 | V -0.001 | pL -0.001 | vL 0.000 | delta 0.000
U 87 | F 178176 | FPS 0822 | D 216 | rR:mu sigma m M 0.00 0.00 0.00 0.00 | F:mu sigma m M 173.9 98.5 15.0 388.0 | H 1.099 | V -0.000 | pL -0.000 | vL 0.000 | delta 0.001
U 88 | F 180224 | FPS 0812 | D 219 | rR:mu sigma m M 0.00 0.00 0.00 0.00 | F:mu sigma m M 190.7 185.3 14.0 781.0 | H 1.099 | V -0.000 | pL -0.000 | vL 0.000 | delta 0.001
U 89 | F 182272 | FPS 0757 | D 221 | rR:mu sigma m M 0.00 0.00 0.00 0.00 | F:mu sigma m M 228.1 184.3 10.0 781.0 | H 1.098 | V 0.000 | pL 0.000 | vL 0.000 | delta 0.001
U 90 | F 184320 | FPS 0819 | D 224 | rR:mu sigma m M 0.00 0.00 0.00 0.00 | F:mu sigma m M 162.9 93.0 10.0 338.0 | H 1.099 | V -0.001 | pL -0.000 | vL 0.000 | delta 0.000
U 91 | F 186368 | FPS 0805 | D 226 | rR:mu sigma m M 0.00 0.00 0.00 0.00 | F:mu sigma m M 177.7 146.3 13.0 574.0 | H 1.099 | V -0.001 | pL -0.000 | vL 0.000 | delta 0.000
U 92 | F 188416 | FPS 0801 | D 229 | rR:mu sigma m M 0.00 0.00 0.00 0.00 | F:mu sigma m M 233.1 131.4 13.0 499.0 | H 1.099 | V -0.001 | pL -0.000 | vL 0.000 | delta 0.000
U 93 | F 190464 | FPS 0819 | D 232 | rR:mu sigma m M 0.00 0.00 0.00 0.00 | F:mu sigma m M 166.1 90.9 66.0 431.0 | H 1.099 | V -0.000 | pL -0.000 | vL 0.000 | delta 0.000
U 94 | F 192512 | FPS 0818 | D 234 | rR:mu sigma m M 0.00 0.00 0.00 0.00 | F:mu sigma m M 163.1 89.0 48.0 332.0 | H 1.099 | V -0.000 | pL -0.000 | vL 0.000 | delta 0.000
U 95 | F 194560 | FPS 0747 | D 237 | rR:mu sigma m M 0.00 0.00 0.00 0.00 | F:mu sigma m M 128.4 85.6 18.0 317.0 | H 1.099 | V -0.000 | pL -0.000 | vL 0.000 | delta 0.000
U 96 | F 196608 | FPS 0796 | D 239 | rR:mu sigma m M 0.00 0.00 0.00 0.00 | F:mu sigma m M 128.4 79.6 20.0 317.0 | H 1.098 | V 0.002 | pL -0.000 | vL 0.000 | delta 0.001
U 97 | F 198656 | FPS 0826 | D 242 | rR:mu sigma m M 0.00 0.00 0.00 0.00 | F:mu sigma m M 217.9 149.7 41.0 528.0 | H 1.098 | V 0.004 | pL -0.001 | vL 0.000 | delta 0.002
U 98 | F 200704 | FPS 0767 | D 244 | rR:mu sigma m M 0.00 0.00 0.00 0.00 | F:mu sigma m M 115.0 49.1 33.0 207.0 | H 1.097 | V 0.004 | pL 0.002 | vL 0.000 | delta 0.005
U 99 | F 202752 | FPS 0820 | D 247 | rR:mu sigma m M 0.00 0.00 0.00 0.00 | F:mu sigma m M 152.9 123.9 42.0 552.0 | H 1.098 | V 0.004 | pL 0.000 | vL 0.000 | delta 0.002
U 100 | F 204800 | FPS 0819 | D 249 | rR:mu sigma m M 0.00 0.00 0.00 0.00 | F:mu sigma m M 174.8 170.6 42.0 712.0 | H 1.098 | V 0.002 | pL 0.001 | vL 0.000 | delta 0.003
U 101 | F 206848 | FPS 0754 | D 252 | rR:mu sigma m M 0.00 0.00 0.00 0.00 | F:mu sigma m M 132.1 78.3 35.0 328.0 | H 1.099 | V 0.001 | pL 0.000 | vL 0.000 | delta 0.001
U 102 | F 208896 | FPS 0788 | D 255 | rR:mu sigma m M 0.00 0.00 0.00 0.00 | F:mu sigma m M 185.8 142.1 16.0 462.0 | H 1.099 | V 0.001 | pL -0.000 | vL 0.000 | delta 0.001
U 103 | F 210944 | FPS 0787 | D 257 | rR:mu sigma m M 0.00 0.00 0.00 0.00 | F:mu sigma m M 135.5 182.6 16.0 820.0 | H 1.098 | V 0.001 | pL 0.001 | vL 0.000 | delta 0.001
U 104 | F 212992 | FPS 0773 | D 260 | rR:mu sigma m M 0.00 0.00 0.00 0.00 | F:mu sigma m M 110.8 56.6 29.0 181.0 | H 1.099 | V 0.001 | pL 0.000 | vL 0.000 | delta 0.000
U 105 | F 215040 | FPS 0769 | D 263 | rR:mu sigma m M 0.00 0.00 0.00 0.00 | F:mu sigma m M 129.7 96.6 29.0 412.0 | H 1.098 | V 0.002 | pL 0.000 | vL 0.000 | delta 0.001
U 106 | F 217088 | FPS 0782 | D 265 | rR:mu sigma m M 0.00 0.00 0.00 0.00 | F:mu sigma m M 226.2 135.7 49.0 447.0 | H 1.098 | V 0.001 | pL 0.000 | vL 0.000 | delta 0.001
U 107 | F 219136 | FPS 0740 | D 268 | rR:mu sigma m M 0.00 0.00 0.00 0.00 | F:mu sigma m M 239.6 258.5 49.0 900.0 | H 1.099 | V 0.000 | pL 0.000 | vL 0.000 | delta 0.000
U 108 | F 221184 | FPS 0790 | D 271 | rR:mu sigma m M 0.00 0.00 0.00 0.00 | F:mu sigma m M 259.2 262.7 18.0 900.0 | H 1.098 | V -0.000 | pL -0.000 | vL 0.000 | delta 0.001
U 109 | F 223232 | FPS 0778 | D 273 | rR:mu sigma m M 0.05 0.21 0.00 0.87 | F:mu sigma m M 149.6 70.7 65.0 326.0 | H 1.097 | V 0.006 | pL -0.007 | vL 0.001 | delta 0.016
U 110 | F 225280 | FPS 0808 | D 276 | rR:mu sigma m M 0.00 0.00 0.00 0.00 | F:mu sigma m M 190.4 161.7 10.0 536.0 | H 1.098 | V 0.002 | pL 0.001 | vL 0.000 | delta 0.002
U 111 | F 227328 | FPS 0804 | D 278 | rR:mu sigma m M 0.00 0.00 0.00 0.00 | F:mu sigma m M 204.9 168.1 34.0 536.0 | H 1.098 | V 0.002 | pL 0.001 | vL 0.000 | delta 0.002
U 112 | F 229376 | FPS 0729 | D 281 | rR:mu sigma m M 0.00 0.00 0.00 0.00 | F:mu sigma m M 176.4 123.4 43.0 459.0 | H 1.099 | V 0.001 | pL 0.000 | vL 0.000 | delta 0.001
U 113 | F 231424 | FPS 0819 | D 284 | rR:mu sigma m M 0.05 0.20 0.00 0.83 | F:mu sigma m M 218.9 132.1 61.0 468.0 | H 1.097 | V 0.008 | pL -0.007 | vL 0.001 | delta 0.011
U 114 | F 233472 | FPS 0829 | D 286 | rR:mu sigma m M 0.05 0.20 0.00 0.83 | F:mu sigma m M 182.1 146.4 44.0 564.0 | H 1.099 | V 0.004 | pL 0.001 | vL 0.000 | delta 0.002
U 115 | F 235520 | FPS 0795 | D 289 | rR:mu sigma m M 0.00 0.00 0.00 0.00 | F:mu sigma m M 172.3 139.7 44.0 564.0 | H 1.098 | V 0.005 | pL 0.001 | vL 0.000 | delta 0.001
U 116 | F 237568 | FPS 0737 | D 292 | rR:mu sigma m M 0.00 0.00 0.00 0.00 | F:mu sigma m M 217.6 163.2 30.0 691.0 | H 1.098 | V 0.004 | pL 0.001 | vL 0.000 | delta 0.002
U 117 | F 239616 | FPS 0746 | D 294 | rR:mu sigma m M 0.00 0.00 0.00 0.00 | F:mu sigma m M 221.0 196.9 30.0 691.0 | H 1.099 | V 0.003 | pL 0.001 | vL 0.000 | delta 0.001
U 118 | F 241664 | FPS 0757 | D 297 | rR:mu sigma m M 0.00 0.00 0.00 0.00 | F:mu sigma m M 189.4 126.7 27.0 485.0 | H 1.098 | V 0.002 | pL 0.001 | vL 0.000 | delta 0.001
U 119 | F 243712 | FPS 0812 | D 300 | rR:mu sigma m M 0.00 0.00 0.00 0.00 | F:mu sigma m M 165.0 113.1 25.0 388.0 | H 1.098 | V 0.003 | pL 0.001 | vL 0.000 | delta 0.002
U 120 | F 245760 | FPS 0791 | D 302 | rR:mu sigma m M 0.00 0.00 0.00 0.00 | F:mu sigma m M 145.6 104.5 36.0 432.0 | H 1.098 | V 0.002 | pL 0.001 | vL 0.000 | delta 0.002
U 121 | F 247808 | FPS 0801 | D 305 | rR:mu sigma m M 0.00 0.00 0.00 0.00 | F:mu sigma m M 175.4 112.1 38.0 459.0 | H 1.099 | V 0.000 | pL 0.000 | vL 0.000 | delta 0.000
U 122 | F 249856 | FPS 0816 | D 307 | rR:mu sigma m M 0.00 0.00 0.00 0.00 | F:mu sigma m M 135.3 61.8 38.0 249.0 | H 1.099 | V 0.001 | pL -0.000 | vL 0.000 | delta 0.002
U 123 | F 251904 | FPS 0815 | D 310 | rR:mu sigma m M 0.00 0.00 0.00 0.00 | F:mu sigma m M 178.1 140.4 35.0 666.0 | H 1.099 | V 0.000 | pL 0.000 | vL 0.000 | delta 0.001
U 124 | F 253952 | FPS 0759 | D 312 | rR:mu sigma m M 0.00 0.00 0.00 0.00 | F:mu sigma m M 200.4 167.2 35.0 666.0 | H 1.099 | V -0.001 | pL -0.000 | vL 0.000 | delta 0.000
U 125 | F 256000 | FPS 0813 | D 315 | rR:mu sigma m M 0.00 0.00 0.00 0.00 | F:mu sigma m M 223.2 138.0 44.0 467.0 | H 1.099 | V -0.001 | pL -0.000 | vL 0.000 | delta 0.000
U 126 | F 258048 | FPS 0802 | D 317 | rR:mu sigma m M 0.00 0.00 0.00 0.00 | F:mu sigma m M 159.8 119.3 28.0 373.0 | H 1.099 | V -0.001 | pL -0.000 | vL 0.000 | delta 0.000
U 127 | F 260096 | FPS 0788 | D 320 | rR:mu sigma m M 0.00 0.00 0.00 0.00 | F:mu sigma m M 194.6 173.9 28.0 609.0 | H 1.099 | V -0.000 | pL -0.000 | vL 0.000 | delta 0.000
U 128 | F 262144 | FPS 0770 | D 323 | rR:mu sigma m M 0.00 0.00 0.00 0.00 | F:mu sigma m M 139.3 94.3 33.0 333.0 | H 1.098 | V 0.001 | pL -0.000 | vL 0.000 | delta 0.001
U 129 | F 264192 | FPS 0795 | D 325 | rR:mu sigma m M 0.00 0.00 0.00 0.00 | F:mu sigma m M 164.9 150.2 22.0 552.0 | H 1.097 | V 0.003 | pL 0.001 | vL 0.000 | delta 0.004
U 130 | F 266240 | FPS 0740 | D 328 | rR:mu sigma m M 0.00 0.00 0.00 0.00 | F:mu sigma m M 144.4 132.7 24.0 591.0 | H 1.099 | V 0.001 | pL 0.000 | vL 0.000 | delta 0.001
U 131 | F 268288 | FPS 0790 | D 331 | rR:mu sigma m M 0.00 0.00 0.00 0.00 | F:mu sigma m M 119.9 91.1 28.0 401.0 | H 1.099 | V 0.001 | pL 0.000 | vL 0.000 | delta 0.000
U 132 | F 270336 | FPS 0759 | D 333 | rR:mu sigma m M 0.00 0.00 0.00 0.00 | F:mu sigma m M 136.6 93.5 32.0 382.0 | H 1.099 | V 0.001 | pL 0.000 | vL 0.000 | delta 0.000
U 133 | F 272384 | FPS 0754 | D 336 | rR:mu sigma m M 0.00 0.00 0.00 0.00 | F:mu sigma m M 166.6 100.0 32.0 382.0 | H 1.098 | V 0.001 | pL 0.000 | vL 0.000 | delta 0.001
U 134 | F 274432 | FPS 0774 | D 339 | rR:mu sigma m M 0.00 0.00 0.00 0.00 | F:mu sigma m M 137.5 81.4 43.0 312.0 | H 1.099 | V 0.001 | pL 0.000 | vL 0.000 | delta 0.001
U 135 | F 276480 | FPS 0721 | D 342 | rR:mu sigma m M 0.00 0.00 0.00 0.00 | F:mu sigma m M 158.8 95.4 15.0 318.0 | H 1.098 | V 0.001 | pL 0.000 | vL 0.000 | delta 0.000
U 136 | F 278528 | FPS 0770 | D 344 | rR:mu sigma m M 0.00 0.00 0.00 0.00 | F:mu sigma m M 173.8 179.9 15.0 672.0 | H 1.098 | V 0.001 | pL -0.001 | vL 0.000 | delta 0.001
U 137 | F 280576 | FPS 0768 | D 347 | rR:mu sigma m M 0.00 0.00 0.00 0.00 | F:mu sigma m M 153.4 109.3 55.0 434.0 | H 1.097 | V 0.005 | pL 0.001 | vL 0.000 | delta 0.002
U 138 | F 282624 | FPS 0778 | D 350 | rR:mu sigma m M 0.05 0.18 0.00 0.73 | F:mu sigma m M 115.7 73.4 19.0 273.0 | H 1.097 | V 0.004 | pL -0.004 | vL 0.001 | delta 0.008
U 139 | F 284672 | FPS 0798 | D 352 | rR:mu sigma m M 0.00 0.00 0.00 0.00 | F:mu sigma m M 160.6 131.0 28.0 522.0 | H 1.098 | V 0.002 | pL 0.000 | vL 0.000 | delta 0.001
U 140 | F 286720 | FPS 0800 | D 355 | rR:mu sigma m M 0.04 0.15 0.00 0.60 | F:mu sigma m M 179.2 128.3 28.0 522.0 | H 1.095 | V 0.008 | pL -0.002 | vL 0.000 | delta 0.008
U 141 | F 288768 | FPS 0724 | D 357 | rR:mu sigma m M 0.00 0.00 0.00 0.00 | F:mu sigma m M 161.1 100.2 77.0 413.0 | H 1.099 | V 0.002 | pL 0.000 | vL 0.000 | delta 0.001
U 142 | F 290816 | FPS 0780 | D 360 | rR:mu sigma m M 0.00 0.00 0.00 0.00 | F:mu sigma m M 110.8 66.4 30.0 250.0 | H 1.099 | V 0.001 | pL 0.000 | vL 0.000 | delta 0.000
U 143 | F 292864 | FPS 0814 | D 363 | rR:mu sigma m M 0.00 0.00 0.00 0.00 | F:mu sigma m M 136.5 107.4 30.0 385.0 | H 1.099 | V 0.000 | pL 0.000 | vL 0.000 | delta 0.000
U 144 | F 294912 | FPS 0784 | D 365 | rR:mu sigma m M 0.00 0.00 0.00 0.00 | F:mu sigma m M 241.1 118.3 12.0 434.0 | H 1.099 | V 0.000 | pL 0.000 | vL 0.000 | delta 0.000
U 145 | F 296960 | FPS 0767 | D 368 | rR:mu sigma m M 0.00 0.00 0.00 0.00 | F:mu sigma m M 172.1 114.6 19.0 434.0 | H 1.097 | V 0.002 | pL -0.002 | vL 0.000 | delta 0.004
U 146 | F 299008 | FPS 0803 | D 370 | rR:mu sigma m M 0.00 0.00 0.00 0.00 | F:mu sigma m M 156.0 94.3 40.0 412.0 | H 1.097 | V 0.000 | pL 0.001 | vL 0.000 | delta 0.004
U 147 | F 301056 | FPS 0725 | D 373 | rR:mu sigma m M 0.00 0.00 0.00 0.00 | F:mu sigma m M 171.8 148.3 33.0 471.0 | H 1.097 | V -0.001 | pL -0.001 | vL 0.000 | delta 0.002
U 148 | F 303104 | FPS 0813 | D 376 | rR:mu sigma m M 0.00 0.00 0.00 0.00 | F:mu sigma m M 209.7 124.2 33.0 471.0 | H 1.096 | V 0.003 | pL 0.002 | vL 0.000 | delta 0.004
U 149 | F 305152 | FPS 0817 | D 378 | rR:mu sigma m M 0.00 0.00 0.00 0.00 | F:mu sigma m M 155.5 80.1 56.0 297.0 | H 1.098 | V -0.001 | pL -0.000 | vL 0.000 | delta 0.000
U 150 | F 307200 | FPS 0816 | D 381 | rR:mu sigma m M 0.00 0.00 0.00 0.00 | F:mu sigma m M 171.7 164.8 16.0 677.0 | H 1.098 | V -0.000 | pL -0.000 | vL 0.000 | delta 0.000
U 151 | F 309248 | FPS 0793 | D 383 | rR:mu sigma m M 0.00 0.00 0.00 0.00 | F:mu sigma m M 120.2 102.0 52.0 481.0 | H 1.098 | V -0.000 | pL -0.000 | vL 0.000 | delta 0.000
U 152 | F 311296 | FPS 0765 | D 386 | rR:mu sigma m M 0.00 0.00 0.00 0.00 | F:mu sigma m M 126.0 47.0 50.0 205.0 | H 1.097 | V 0.002 | pL 0.000 | vL 0.000 | delta 0.003
U 153 | F 313344 | FPS 0813 | D 389 | rR:mu sigma m M 0.00 0.00 0.00 0.00 | F:mu sigma m M 189.6 172.7 48.0 774.0 | H 1.098 | V 0.002 | pL 0.000 | vL 0.000 | delta 0.002
U 154 | F 315392 | FPS 0807 | D 391 | rR:mu sigma m M 0.00 0.00 0.00 0.00 | F:mu sigma m M 198.1 178.6 19.0 774.0 | H 1.098 | V -0.000 | pL -0.000 | vL 0.000 | delta 0.001
U 155 | F 317440 | FPS 0799 | D 394 | rR:mu sigma m M 0.00 0.00 0.00 0.00 | F:mu sigma m M 143.4 82.3 16.0 309.0 | H 1.098 | V 0.000 | pL -0.000 | vL 0.000 | delta 0.001
U 156 | F 319488 | FPS 0784 | D 396 | rR:mu sigma m M 0.00 0.00 0.00 0.00 | F:mu sigma m M 141.4 133.8 16.0 585.0 | H 1.097 | V 0.002 | pL -0.000 | vL 0.000 | delta 0.002
U 157 | F 321536 | FPS 0814 | D 399 | rR:mu sigma m M 0.00 0.00 0.00 0.00 | F:mu sigma m M 234.9 178.3 27.0 750.0 | H 1.098 | V 0.001 | pL 0.000 | vL 0.000 | delta 0.002
U 158 | F 323584 | FPS 0763 | D 402 | rR:mu sigma m M 0.00 0.00 0.00 0.00 | F:mu sigma m M 181.0 168.3 30.0 750.0 | H 1.098 | V 0.001 | pL -0.000 | vL 0.000 | delta 0.000
U 159 | F 325632 | FPS 0809 | D 404 | rR:mu sigma m M 0.00 0.00 0.00 0.00 | F:mu sigma m M 181.9 85.3 46.0 316.0 | H 1.090 | V 0.007 | pL 0.001 | vL 0.000 | delta 0.005
U 160 | F 327680 | FPS 0730 | D 407 | rR:mu sigma m M 0.02 0.09 0.00 0.36 | F:mu sigma m M 192.9 148.4 19.0 639.0 | H 1.094 | V 0.007 | pL -0.002 | vL 0.000 | delta 0.005
U 161 | F 329728 | FPS 0719 | D 410 | rR:mu sigma m M 0.00 0.00 0.00 0.00 | F:mu sigma m M 176.4 139.6 19.0 563.0 | H 1.097 | V 0.001 | pL 0.000 | vL 0.000 | delta 0.003
U 162 | F 331776 | FPS 0789 | D 412 | rR:mu sigma m M 0.00 0.00 0.00 0.00 | F:mu sigma m M 172.1 156.7 27.0 526.0 | H 1.098 | V 0.001 | pL 0.000 | vL 0.000 | delta 0.001
U 163 | F 333824 | FPS 0815 | D 415 | rR:mu sigma m M 0.00 0.00 0.00 0.00 | F:mu sigma m M 120.2 77.6 34.0 283.0 | H 1.097 | V 0.002 | pL 0.000 | vL 0.000 | delta 0.002
U 164 | F 335872 | FPS 0757 | D 418 | rR:mu sigma m M 0.04 0.16 0.00 0.66 | F:mu sigma m M 116.4 116.7 11.0 397.0 | H 1.097 | V 0.004 | pL -0.004 | vL 0.000 | delta 0.019
U 165 | F 337920 | FPS 0809 | D 420 | rR:mu sigma m M 0.00 0.00 0.00 0.00 | F:mu sigma m M 127.9 91.5 11.0 306.0 | H 1.098 | V -0.003 | pL -0.001 | vL 0.000 | delta 0.005
U 166 | F 339968 | FPS 0806 | D 423 | rR:mu sigma m M 0.02 0.08 0.00 0.33 | F:mu sigma m M 203.7 168.8 33.0 666.0 | H 1.096 | V 0.001 | pL -0.003 | vL 0.000 | delta 0.008
U 167 | F 342016 | FPS 0803 | D 425 | rR:mu sigma m M 0.00 0.00 0.00 0.00 | F:mu sigma m M 135.5 87.4 15.0 365.0 | H 1.098 | V -0.000 | pL -0.000 | vL 0.000 | delta 0.001
U 168 | F 344064 | FPS 0803 | D 428 | rR:mu sigma m M 0.05 0.20 0.00 0.84 | F:mu sigma m M 106.2 63.6 15.0 226.0 | H 1.091 | V 0.008 | pL -0.007 | vL 0.001 | delta 0.019
U 169 | F 346112 | FPS 0795 | D 430 | rR:mu sigma m M 0.05 0.20 0.00 0.84 | F:mu sigma m M 186.2 178.9 30.0 821.0 | H 1.098 | V -0.004 | pL -0.002 | vL 0.000 | delta 0.002
U 170 | F 348160 | FPS 0683 | D 433 | rR:mu sigma m M 0.00 0.00 0.00 0.00 | F:mu sigma m M 153.8 92.8 51.0 309.0 | H 1.098 | V -0.003 | pL -0.001 | vL 0.000 | delta 0.001
U 171 | F 350208 | FPS 0776 | D 436 | rR:mu sigma m M 0.05 0.18 0.00 0.76 | F:mu sigma m M 157.1 163.3 26.0 730.0 | H 1.094 | V 0.008 | pL -0.006 | vL 0.000 | delta 0.014
U 172 | F 352256 | FPS 0778 | D 439 | rR:mu sigma m M 0.00 0.00 0.00 0.00 | F:mu sigma m M 138.6 105.0 26.0 350.0 | H 1.096 | V 0.008 | pL 0.002 | vL 0.000 | delta 0.008
U 173 | F 354304 | FPS 0795 | D 441 | rR:mu sigma m M 0.00 0.00 0.00 0.00 | F:mu sigma m M 130.1 75.6 51.0 297.0 | H 1.088 | V 0.007 | pL -0.001 | vL 0.000 | delta 0.010
U 174 | F 356352 | FPS 0803 | D 444 | rR:mu sigma m M 0.03 0.13 0.00 0.54 | F:mu sigma m M 187.5 150.5 19.0 459.0 | H 1.090 | V 0.025 | pL 0.001 | vL 0.001 | delta 0.011
U 175 | F 358400 | FPS 0751 | D 446 | rR:mu sigma m M 0.05 0.20 0.00 0.83 | F:mu sigma m M 136.2 123.7 25.0 568.0 | H 1.091 | V 0.018 | pL -0.005 | vL 0.001 | delta 0.017
U 176 | F 360448 | FPS 0802 | D 449 | rR:mu sigma m M 0.15 0.32 0.00 0.89 | F:mu sigma m M 136.8 60.4 35.0 252.0 | H 1.068 | V 0.075 | pL -0.015 | vL 0.002 | delta 0.051
U 177 | F 362496 | FPS 0792 | D 452 | rR:mu sigma m M 0.27 0.39 0.00 0.93 | F:mu sigma m M 182.1 144.0 25.0 618.0 | H 1.049 | V 0.074 | pL -0.026 | vL 0.005 | delta 0.047
U 178 | F 364544 | FPS 0812 | D 454 | rR:mu sigma m M 0.15 0.32 0.00 0.91 | F:mu sigma m M 101.1 62.2 20.0 247.0 | H 1.046 | V 0.038 | pL -0.014 | vL 0.003 | delta 0.027
U 179 | F 366592 | FPS 0834 | D 457 | rR:mu sigma m M 0.22 0.37 0.00 0.94 | F:mu sigma m M 122.1 81.6 28.0 350.0 | H 1.019 | V 0.082 | pL -0.029 | vL 0.005 | delta 0.044
U 180 | F 368640 | FPS 0836 | D 459 | rR:mu sigma m M 0.21 0.38 0.00 0.93 | F:mu sigma m M 95.0 74.9 14.0 386.0 | H 0.970 | V 0.120 | pL -0.030 | vL 0.008 | delta 0.051
U 181 | F 370688 | FPS 0772 | D 462 | rR:mu sigma m M 0.62 0.42 0.00 0.95 | F:mu sigma m M 88.9 44.8 10.0 188.0 | H 0.886 | V 0.277 | pL -0.078 | vL 0.012 | delta 0.105
U 182 | F 372736 | FPS 0838 | D 464 | rR:mu sigma m M 0.79 0.33 0.00 0.96 | F:mu sigma m M 74.6 31.2 41.0 188.0 | H 0.780 | V 0.389 | pL -0.101 | vL 0.013 | delta 0.077
U 183 | F 374784 | FPS 0823 | D 467 | rR:mu sigma m M 0.87 0.26 0.00 0.97 | F:mu sigma m M 56.2 24.5 30.0 145.0 | H 0.663 | V 0.511 | pL -0.110 | vL 0.013 | delta 0.104
U 184 | F 376832 | FPS 0821 | D 469 | rR:mu sigma m M 0.90 0.20 0.00 0.97 | F:mu sigma m M 51.9 20.6 11.0 111.0 | H 0.571 | V 0.630 | pL -0.092 | vL 0.008 | delta 0.081
U 185 | F 378880 | FPS 0841 | D 472 | rR:mu sigma m M 0.90 0.22 0.00 0.97 | F:mu sigma m M 43.3 12.5 17.0 75.0 | H 0.524 | V 0.697 | pL -0.063 | vL 0.008 | delta 0.053
U 186 | F 380928 | FPS 0829 | D 474 | rR:mu sigma m M 0.96 0.01 0.94 0.97 | F:mu sigma m M 39.7 7.5 28.0 62.0 | H 0.486 | V 0.756 | pL -0.036 | vL 0.002 | delta 0.055
agent reach optimality, start collecting trajectories
agent successfully collected 10 trajectories
pickling optimal trajectories
Model successfully saved
