The following modules were not unloaded:
  (Use "module --force purge" to unload all):

  1) nixpkgs/16.09     4) icc/.2018.3.222     7) openmpi/3.1.2
  2) imkl/2018.3.222   5) ifort/.2018.3.222   8) StdEnv/2018.3
  3) gcccore/.7.3.0    6) intel/2018.3

Due to MODULEPATH changes, the following have been reloaded:
  1) openmpi/3.1.2


Due to MODULEPATH changes, the following have been reloaded:
  1) openmpi/3.1.2

Attention: While Conda works well in a desktop environment, it tends to create more problems than it solves on a cluster. Instead, we recommend that users use virtual environments and the binary packages that we provide through Python wheels as documented on the Python page.
/home/rdali/RL/watch_and_learn/dependency/rl-starter-files/scripts/train_agent_multidem.py --env MiniGrid-LavaCrossingAgent-v0 --algo ppo --nameDemonstrator crossAddict1,crossAddict2,crossAddict3,crossAddict5,crossAddict6,crossAddict7 --flat-model 0 --KLweight 0.01 --useKL 1 --meanReward 0.80 --rewardLB 0.70 --seed 9700

Namespace(KLweight=0.01, algo='ppo', batch_size=256, clip_eps=0.2, discount=0.99, entropy_coef=0.01, env='MiniGrid-LavaCrossingAgent-v0', epochs=4, flat_model=0, frames=10000000, frames_per_proc=None, full_obs=0, gae_lambda=0.95, log_interval=1, lr=0.0007, max_grad_norm=0.5, meanReward=0.8, mem=False, model=None, nameDemonstrator='crossAddict1,crossAddict2,crossAddict3,crossAddict5,crossAddict6,crossAddict7', optim_alpha=0.99, optim_eps=1e-05, procs=16, recurrence=1, rewardLB=0.7, save_interval=0, seed=9700, tb=False, text=False, useKL=1, value_loss_coef=0.5)

Flat model successfully created

ACModel(
  (image_conv): Sequential(
    (0): Conv2d(3, 32, kernel_size=(2, 2), stride=(1, 1))
    (1): ReLU()
    (2): MaxPool2d(kernel_size=(2, 2), stride=(2, 2), padding=0, dilation=1, ceil_mode=False)
    (3): Conv2d(32, 64, kernel_size=(2, 2), stride=(1, 1))
    (4): ReLU()
    (5): Conv2d(64, 64, kernel_size=(2, 2), stride=(1, 1))
    (6): ReLU()
  )
  (actor): Sequential(
    (0): Linear(in_features=256, out_features=64, bias=True)
    (1): Tanh()
    (2): Linear(in_features=64, out_features=3, bias=True)
  )
  (critic): Sequential(
    (0): Linear(in_features=256, out_features=64, bias=True)
    (1): Tanh()
    (2): Linear(in_features=64, out_features=1, bias=True)
  )
)

CUDA available: False

1
True
0.01
Using TensorFlow backend.
OMP: Info #212: KMP_AFFINITY: decoding x2APIC ids.
OMP: Info #210: KMP_AFFINITY: Affinity capable, using global cpuid leaf 11 info
OMP: Info #154: KMP_AFFINITY: Initial OS proc set respected: 14,16,20,22,37
OMP: Info #156: KMP_AFFINITY: 5 available OS procs
OMP: Info #158: KMP_AFFINITY: Nonuniform topology
OMP: Info #179: KMP_AFFINITY: 2 packages x 4 cores/pkg x 1 threads/core (5 total cores)
OMP: Info #214: KMP_AFFINITY: OS proc to physical thread map:
OMP: Info #171: KMP_AFFINITY: OS proc 16 maps to package 0 core 9 
OMP: Info #171: KMP_AFFINITY: OS proc 14 maps to package 0 core 11 
OMP: Info #171: KMP_AFFINITY: OS proc 20 maps to package 0 core 16 
OMP: Info #171: KMP_AFFINITY: OS proc 22 maps to package 0 core 20 
OMP: Info #171: KMP_AFFINITY: OS proc 37 maps to package 1 core 25 
OMP: Info #250: KMP_AFFINITY: pid 354552 tid 354552 thread 0 bound to OS proc set 16
OMP: Info #250: KMP_AFFINITY: pid 354552 tid 354916 thread 1 bound to OS proc set 37
OMP: Info #250: KMP_AFFINITY: pid 354552 tid 354917 thread 2 bound to OS proc set 14
OMP: Info #250: KMP_AFFINITY: pid 354552 tid 354919 thread 4 bound to OS proc set 22
OMP: Info #250: KMP_AFFINITY: pid 354552 tid 354918 thread 3 bound to OS proc set 20
OMP: Info #250: KMP_AFFINITY: pid 354552 tid 355091 thread 5 bound to OS proc set 16
OMP: Info #250: KMP_AFFINITY: pid 354552 tid 355090 thread 6 bound to OS proc set 37
OMP: Info #250: KMP_AFFINITY: pid 354552 tid 355129 thread 9 bound to OS proc set 22
OMP: Info #250: KMP_AFFINITY: pid 354552 tid 355128 thread 8 bound to OS proc set 20
OMP: Info #250: KMP_AFFINITY: pid 354552 tid 355127 thread 7 bound to OS proc set 14
OMP: Info #250: KMP_AFFINITY: pid 354552 tid 355130 thread 10 bound to OS proc set 16
OMP: Info #250: KMP_AFFINITY: pid 354552 tid 355144 thread 11 bound to OS proc set 37
OMP: Info #250: KMP_AFFINITY: pid 354552 tid 355147 thread 14 bound to OS proc set 22
OMP: Info #250: KMP_AFFINITY: pid 354552 tid 355146 thread 13 bound to OS proc set 20
OMP: Info #250: KMP_AFFINITY: pid 354552 tid 355148 thread 15 bound to OS proc set 16
OMP: Info #250: KMP_AFFINITY: pid 354552 tid 355145 thread 12 bound to OS proc set 14
U 1 | F 002048 | FPS 0060 | D 34 | rR:mu sigma m M 0.00 0.00 0.00 0.00 | F:mu sigma m M 42.7 30.8 4.0 115.0 | H 1.083 | V -0.138 | pL -0.049 | vL 0.003 | delta 0.124
U 2 | F 004096 | FPS 0071 | D 63 | rR:mu sigma m M 0.00 0.00 0.00 0.00 | F:mu sigma m M 93.7 70.4 17.0 242.0 | H 1.096 | V -0.098 | pL -0.039 | vL 0.001 | delta 0.029
U 3 | F 006144 | FPS 0080 | D 88 | rR:mu sigma m M 0.00 0.00 0.00 0.00 | F:mu sigma m M 83.8 74.4 4.0 289.0 | H 1.085 | V -0.068 | pL -0.031 | vL 0.001 | delta 0.026
U 4 | F 008192 | FPS 0098 | D 109 | rR:mu sigma m M 0.02 0.13 0.00 0.72 | F:mu sigma m M 69.4 54.0 4.0 212.0 | H 1.089 | V -0.046 | pL -0.029 | vL 0.002 | delta 0.037
U 5 | F 010240 | FPS 0096 | D 130 | rR:mu sigma m M 0.03 0.15 0.00 0.90 | F:mu sigma m M 59.5 58.9 10.0 324.0 | H 1.084 | V -0.021 | pL -0.022 | vL 0.003 | delta 0.039
U 6 | F 012288 | FPS 0113 | D 148 | rR:mu sigma m M 0.00 0.00 0.00 0.00 | F:mu sigma m M 54.8 52.1 4.0 309.0 | H 1.097 | V -0.009 | pL -0.008 | vL 0.000 | delta 0.014
U 7 | F 014336 | FPS 0093 | D 170 | rR:mu sigma m M 0.00 0.00 0.00 0.00 | F:mu sigma m M 51.9 39.1 4.0 177.0 | H 1.098 | V -0.010 | pL -0.005 | vL 0.000 | delta 0.004
U 8 | F 016384 | FPS 0095 | D 192 | rR:mu sigma m M 0.00 0.00 0.00 0.00 | F:mu sigma m M 60.6 48.2 6.0 174.0 | H 1.098 | V -0.006 | pL -0.003 | vL 0.000 | delta 0.007
U 9 | F 018432 | FPS 0099 | D 212 | rR:mu sigma m M 0.00 0.00 0.00 0.00 | F:mu sigma m M 60.0 42.2 4.0 161.0 | H 1.098 | V -0.001 | pL -0.001 | vL 0.000 | delta 0.005
U 10 | F 020480 | FPS 0090 | D 235 | rR:mu sigma m M 0.00 0.00 0.00 0.00 | F:mu sigma m M 88.6 88.0 6.0 324.0 | H 1.098 | V -0.001 | pL -0.000 | vL 0.000 | delta 0.002
U 11 | F 022528 | FPS 0095 | D 257 | rR:mu sigma m M 0.03 0.13 0.00 0.63 | F:mu sigma m M 70.9 66.7 5.0 323.0 | H 1.087 | V 0.007 | pL -0.009 | vL 0.002 | delta 0.041
U 12 | F 024576 | FPS 0099 | D 277 | rR:mu sigma m M 0.02 0.13 0.00 0.77 | F:mu sigma m M 60.9 39.4 6.0 155.0 | H 1.096 | V 0.013 | pL 0.001 | vL 0.001 | delta 0.040
U 13 | F 026624 | FPS 0098 | D 298 | rR:mu sigma m M 0.00 0.00 0.00 0.00 | F:mu sigma m M 47.1 31.2 4.0 149.0 | H 1.098 | V 0.011 | pL 0.005 | vL 0.000 | delta 0.007
U 14 | F 028672 | FPS 0090 | D 321 | rR:mu sigma m M 0.00 0.00 0.00 0.00 | F:mu sigma m M 78.2 65.1 6.0 324.0 | H 1.098 | V 0.006 | pL 0.003 | vL 0.000 | delta 0.003
U 15 | F 030720 | FPS 0098 | D 342 | rR:mu sigma m M 0.03 0.17 0.00 0.89 | F:mu sigma m M 58.7 42.5 7.0 168.0 | H 1.089 | V 0.013 | pL -0.005 | vL 0.003 | delta 0.042
U 16 | F 032768 | FPS 0099 | D 362 | rR:mu sigma m M 0.02 0.13 0.00 0.87 | F:mu sigma m M 57.5 58.1 6.0 228.0 | H 1.087 | V 0.006 | pL -0.005 | vL 0.002 | delta 0.071
U 17 | F 034816 | FPS 0109 | D 381 | rR:mu sigma m M 0.00 0.00 0.00 0.00 | F:mu sigma m M 46.1 39.1 4.0 227.0 | H 1.095 | V 0.027 | pL 0.018 | vL 0.000 | delta 0.014
U 18 | F 036864 | FPS 0089 | D 404 | rR:mu sigma m M 0.00 0.00 0.00 0.00 | F:mu sigma m M 51.7 39.7 4.0 179.0 | H 1.096 | V 0.020 | pL 0.010 | vL 0.000 | delta 0.008
U 19 | F 038912 | FPS 0095 | D 426 | rR:mu sigma m M 0.00 0.00 0.00 0.00 | F:mu sigma m M 50.1 31.5 8.0 153.0 | H 1.098 | V 0.014 | pL 0.006 | vL 0.000 | delta 0.002
U 20 | F 040960 | FPS 0093 | D 448 | rR:mu sigma m M 0.00 0.00 0.00 0.00 | F:mu sigma m M 58.8 60.3 4.0 255.0 | H 1.096 | V 0.012 | pL 0.003 | vL 0.000 | delta 0.005
U 21 | F 043008 | FPS 0086 | D 472 | rR:mu sigma m M 0.04 0.13 0.00 0.45 | F:mu sigma m M 88.2 71.1 9.0 239.0 | H 1.096 | V 0.015 | pL -0.003 | vL 0.000 | delta 0.019
U 22 | F 045056 | FPS 0082 | D 497 | rR:mu sigma m M 0.00 0.00 0.00 0.00 | F:mu sigma m M 62.6 72.9 6.0 324.0 | H 1.098 | V 0.010 | pL 0.005 | vL 0.000 | delta 0.006
U 23 | F 047104 | FPS 0079 | D 522 | rR:mu sigma m M 0.00 0.00 0.00 0.00 | F:mu sigma m M 60.0 52.6 7.0 281.0 | H 1.098 | V 0.008 | pL 0.002 | vL 0.000 | delta 0.004
U 24 | F 049152 | FPS 0084 | D 547 | rR:mu sigma m M 0.00 0.00 0.00 0.00 | F:mu sigma m M 71.9 54.2 9.0 249.0 | H 1.098 | V 0.004 | pL 0.002 | vL 0.000 | delta 0.004
U 25 | F 051200 | FPS 0094 | D 569 | rR:mu sigma m M 0.00 0.00 0.00 0.00 | F:mu sigma m M 63.3 55.1 7.0 275.0 | H 1.097 | V 0.008 | pL 0.000 | vL 0.000 | delta 0.009
U 26 | F 053248 | FPS 0092 | D 591 | rR:mu sigma m M 0.07 0.21 0.00 0.86 | F:mu sigma m M 52.3 35.5 6.0 138.0 | H 1.095 | V 0.017 | pL -0.013 | vL 0.003 | delta 0.067
U 27 | F 055296 | FPS 0089 | D 614 | rR:mu sigma m M 0.00 0.00 0.00 0.00 | F:mu sigma m M 55.2 46.4 4.0 265.0 | H 1.098 | V 0.014 | pL 0.008 | vL 0.000 | delta 0.010
U 28 | F 057344 | FPS 0093 | D 636 | rR:mu sigma m M 0.03 0.15 0.00 0.74 | F:mu sigma m M 69.7 49.9 6.0 225.0 | H 1.097 | V 0.026 | pL 0.000 | vL 0.001 | delta 0.014
U 29 | F 059392 | FPS 0087 | D 660 | rR:mu sigma m M 0.00 0.00 0.00 0.00 | F:mu sigma m M 64.8 58.9 6.0 245.0 | H 1.098 | V 0.009 | pL 0.004 | vL 0.000 | delta 0.004
U 30 | F 061440 | FPS 0095 | D 681 | rR:mu sigma m M 0.00 0.00 0.00 0.00 | F:mu sigma m M 60.3 44.9 7.0 214.0 | H 1.098 | V 0.005 | pL 0.003 | vL 0.000 | delta 0.002
U 31 | F 063488 | FPS 0085 | D 705 | rR:mu sigma m M 0.00 0.00 0.00 0.00 | F:mu sigma m M 70.4 55.2 4.0 207.0 | H 1.096 | V 0.010 | pL -0.000 | vL 0.000 | delta 0.006
U 32 | F 065536 | FPS 0091 | D 728 | rR:mu sigma m M 0.00 0.00 0.00 0.00 | F:mu sigma m M 76.0 58.5 6.0 208.0 | H 1.098 | V 0.008 | pL 0.003 | vL 0.000 | delta 0.003
U 33 | F 067584 | FPS 0091 | D 750 | rR:mu sigma m M 0.00 0.00 0.00 0.00 | F:mu sigma m M 87.1 76.1 12.0 324.0 | H 1.098 | V 0.004 | pL 0.002 | vL 0.000 | delta 0.002
U 34 | F 069632 | FPS 0086 | D 774 | rR:mu sigma m M 0.00 0.00 0.00 0.00 | F:mu sigma m M 55.9 36.6 12.0 167.0 | H 1.099 | V 0.003 | pL 0.001 | vL 0.000 | delta 0.001
U 35 | F 071680 | FPS 0095 | D 796 | rR:mu sigma m M 0.02 0.14 0.00 0.80 | F:mu sigma m M 73.0 62.1 6.0 297.0 | H 1.091 | V 0.008 | pL -0.006 | vL 0.002 | delta 0.020
U 36 | F 073728 | FPS 0084 | D 820 | rR:mu sigma m M 0.00 0.00 0.00 0.00 | F:mu sigma m M 55.5 44.8 8.0 191.0 | H 1.097 | V 0.010 | pL 0.004 | vL 0.000 | delta 0.005
U 37 | F 075776 | FPS 0088 | D 843 | rR:mu sigma m M 0.07 0.21 0.00 0.79 | F:mu sigma m M 60.4 37.2 6.0 150.0 | H 1.097 | V 0.023 | pL -0.013 | vL 0.002 | delta 0.056
U 38 | F 077824 | FPS 0098 | D 864 | rR:mu sigma m M 0.00 0.00 0.00 0.00 | F:mu sigma m M 60.8 50.4 4.0 213.0 | H 1.098 | V 0.011 | pL 0.006 | vL 0.000 | delta 0.011
U 39 | F 079872 | FPS 0092 | D 886 | rR:mu sigma m M 0.00 0.00 0.00 0.00 | F:mu sigma m M 62.9 59.5 6.0 324.0 | H 1.096 | V 0.010 | pL 0.005 | vL 0.000 | delta 0.003
U 40 | F 081920 | FPS 0084 | D 911 | rR:mu sigma m M 0.00 0.00 0.00 0.00 | F:mu sigma m M 63.6 52.1 4.0 223.0 | H 1.098 | V 0.007 | pL 0.003 | vL 0.000 | delta 0.004
U 41 | F 083968 | FPS 0097 | D 932 | rR:mu sigma m M 0.00 0.00 0.00 0.00 | F:mu sigma m M 83.6 56.9 7.0 255.0 | H 1.098 | V 0.006 | pL 0.003 | vL 0.000 | delta 0.002
U 42 | F 086016 | FPS 0090 | D 954 | rR:mu sigma m M 0.00 0.00 0.00 0.00 | F:mu sigma m M 57.7 50.8 4.0 245.0 | H 1.098 | V 0.006 | pL 0.002 | vL 0.000 | delta 0.005
U 43 | F 088064 | FPS 0084 | D 979 | rR:mu sigma m M 0.00 0.00 0.00 0.00 | F:mu sigma m M 73.7 63.2 10.0 259.0 | H 1.099 | V 0.004 | pL 0.002 | vL 0.000 | delta 0.002
U 44 | F 090112 | FPS 0085 | D 1003 | rR:mu sigma m M 0.00 0.00 0.00 0.00 | F:mu sigma m M 58.5 49.7 4.0 199.0 | H 1.099 | V 0.002 | pL 0.001 | vL 0.000 | delta 0.001
U 45 | F 092160 | FPS 0098 | D 1024 | rR:mu sigma m M 0.00 0.00 0.00 0.00 | F:mu sigma m M 64.5 49.8 4.0 227.0 | H 1.098 | V 0.002 | pL 0.001 | vL 0.000 | delta 0.002
U 46 | F 094208 | FPS 0091 | D 1046 | rR:mu sigma m M 0.02 0.13 0.00 0.81 | F:mu sigma m M 65.5 63.8 5.0 324.0 | H 1.098 | V 0.005 | pL -0.006 | vL 0.001 | delta 0.015
U 47 | F 096256 | FPS 0091 | D 1069 | rR:mu sigma m M 0.00 0.00 0.00 0.00 | F:mu sigma m M 60.6 52.2 6.0 190.0 | H 1.098 | V 0.005 | pL 0.002 | vL 0.000 | delta 0.014
U 48 | F 098304 | FPS 0083 | D 1094 | rR:mu sigma m M 0.00 0.00 0.00 0.00 | F:mu sigma m M 68.2 47.4 6.0 170.0 | H 1.098 | V 0.007 | pL 0.001 | vL 0.000 | delta 0.004
U 49 | F 100352 | FPS 0095 | D 1115 | rR:mu sigma m M 0.02 0.13 0.00 0.76 | F:mu sigma m M 81.3 65.7 4.0 324.0 | H 1.096 | V 0.011 | pL -0.000 | vL 0.001 | delta 0.037
U 50 | F 102400 | FPS 0103 | D 1135 | rR:mu sigma m M 0.03 0.14 0.00 0.79 | F:mu sigma m M 52.5 36.5 5.0 183.0 | H 1.097 | V 0.016 | pL -0.007 | vL 0.001 | delta 0.046
U 51 | F 104448 | FPS 0089 | D 1158 | rR:mu sigma m M 0.02 0.12 0.00 0.82 | F:mu sigma m M 53.3 53.5 7.0 286.0 | H 1.097 | V 0.004 | pL -0.002 | vL 0.001 | delta 0.027
U 52 | F 106496 | FPS 0088 | D 1182 | rR:mu sigma m M 0.00 0.00 0.00 0.00 | F:mu sigma m M 58.2 40.9 16.0 160.0 | H 1.098 | V -0.002 | pL -0.001 | vL 0.000 | delta 0.005
U 53 | F 108544 | FPS 0093 | D 1204 | rR:mu sigma m M 0.00 0.00 0.00 0.00 | F:mu sigma m M 61.5 60.0 6.0 217.0 | H 1.098 | V 0.001 | pL -0.003 | vL 0.001 | delta 0.010
U 54 | F 110592 | FPS 0089 | D 1227 | rR:mu sigma m M 0.01 0.08 0.00 0.53 | F:mu sigma m M 56.8 54.5 5.0 247.0 | H 1.098 | V 0.007 | pL -0.002 | vL 0.001 | delta 0.010
U 55 | F 112640 | FPS 0078 | D 1253 | rR:mu sigma m M 0.00 0.00 0.00 0.00 | F:mu sigma m M 51.4 37.8 4.0 142.0 | H 1.097 | V 0.000 | pL -0.001 | vL 0.000 | delta 0.004
U 56 | F 114688 | FPS 0086 | D 1277 | rR:mu sigma m M 0.03 0.15 0.00 0.84 | F:mu sigma m M 76.4 50.9 10.0 233.0 | H 1.097 | V 0.005 | pL -0.007 | vL 0.002 | delta 0.033
U 57 | F 116736 | FPS 0085 | D 1301 | rR:mu sigma m M 0.00 0.00 0.00 0.00 | F:mu sigma m M 64.8 52.4 6.0 203.0 | H 1.098 | V -0.003 | pL -0.003 | vL 0.000 | delta 0.010
U 58 | F 118784 | FPS 0090 | D 1324 | rR:mu sigma m M 0.00 0.00 0.00 0.00 | F:mu sigma m M 55.3 40.3 4.0 174.0 | H 1.095 | V 0.004 | pL 0.001 | vL 0.000 | delta 0.013
U 59 | F 120832 | FPS 0094 | D 1345 | rR:mu sigma m M 0.02 0.13 0.00 0.86 | F:mu sigma m M 44.5 30.3 8.0 126.0 | H 1.094 | V 0.007 | pL -0.003 | vL 0.001 | delta 0.015
U 60 | F 122880 | FPS 0076 | D 1372 | rR:mu sigma m M 0.00 0.00 0.00 0.00 | F:mu sigma m M 46.8 44.2 4.0 210.0 | H 1.098 | V 0.002 | pL -0.001 | vL 0.000 | delta 0.005
U 61 | F 124928 | FPS 0094 | D 1394 | rR:mu sigma m M 0.00 0.00 0.00 0.00 | F:mu sigma m M 48.8 47.0 10.0 234.0 | H 1.097 | V 0.009 | pL -0.001 | vL 0.000 | delta 0.010
U 62 | F 126976 | FPS 0099 | D 1415 | rR:mu sigma m M 0.04 0.18 0.00 0.76 | F:mu sigma m M 70.3 59.3 10.0 284.0 | H 1.093 | V 0.017 | pL -0.009 | vL 0.002 | delta 0.028
U 63 | F 129024 | FPS 0087 | D 1438 | rR:mu sigma m M 0.00 0.00 0.00 0.00 | F:mu sigma m M 53.2 39.3 6.0 183.0 | H 1.094 | V 0.012 | pL -0.007 | vL 0.001 | delta 0.015
U 64 | F 131072 | FPS 0095 | D 1460 | rR:mu sigma m M 0.00 0.00 0.00 0.00 | F:mu sigma m M 47.5 51.4 4.0 316.0 | H 1.098 | V 0.006 | pL 0.002 | vL 0.000 | delta 0.007
U 65 | F 133120 | FPS 0088 | D 1483 | rR:mu sigma m M 0.00 0.00 0.00 0.00 | F:mu sigma m M 48.3 46.7 4.0 215.0 | H 1.098 | V 0.002 | pL 0.000 | vL 0.000 | delta 0.005
U 66 | F 135168 | FPS 0090 | D 1506 | rR:mu sigma m M 0.01 0.06 0.00 0.34 | F:mu sigma m M 70.8 49.5 5.0 237.0 | H 1.097 | V 0.005 | pL -0.002 | vL 0.000 | delta 0.008
U 67 | F 137216 | FPS 0090 | D 1529 | rR:mu sigma m M 0.00 0.00 0.00 0.00 | F:mu sigma m M 52.6 49.0 4.0 252.0 | H 1.098 | V 0.004 | pL 0.002 | vL 0.000 | delta 0.002
U 68 | F 139264 | FPS 0085 | D 1553 | rR:mu sigma m M 0.00 0.00 0.00 0.00 | F:mu sigma m M 60.9 45.7 8.0 176.0 | H 1.098 | V 0.004 | pL 0.001 | vL 0.000 | delta 0.004
U 69 | F 141312 | FPS 0095 | D 1574 | rR:mu sigma m M 0.00 0.00 0.00 0.00 | F:mu sigma m M 58.3 50.6 9.0 219.0 | H 1.094 | V 0.006 | pL 0.002 | vL 0.000 | delta 0.006
U 70 | F 143360 | FPS 0083 | D 1599 | rR:mu sigma m M 0.03 0.15 0.00 0.81 | F:mu sigma m M 73.5 60.9 12.0 316.0 | H 1.097 | V 0.006 | pL -0.006 | vL 0.001 | delta 0.024
U 71 | F 145408 | FPS 0094 | D 1621 | rR:mu sigma m M 0.00 0.00 0.00 0.00 | F:mu sigma m M 54.6 39.2 7.0 160.0 | H 1.097 | V 0.011 | pL 0.004 | vL 0.000 | delta 0.007
U 72 | F 147456 | FPS 0095 | D 1643 | rR:mu sigma m M 0.00 0.00 0.00 0.00 | F:mu sigma m M 48.9 40.3 4.0 167.0 | H 1.098 | V 0.010 | pL 0.002 | vL 0.000 | delta 0.004
U 73 | F 149504 | FPS 0082 | D 1667 | rR:mu sigma m M 0.00 0.03 0.00 0.17 | F:mu sigma m M 67.6 69.9 5.0 299.0 | H 1.098 | V 0.006 | pL 0.001 | vL 0.000 | delta 0.003
U 74 | F 151552 | FPS 0090 | D 1690 | rR:mu sigma m M 0.00 0.00 0.00 0.00 | F:mu sigma m M 48.8 46.0 4.0 208.0 | H 1.098 | V 0.005 | pL 0.002 | vL 0.000 | delta 0.003
U 75 | F 153600 | FPS 0087 | D 1713 | rR:mu sigma m M 0.00 0.00 0.00 0.00 | F:mu sigma m M 66.7 52.6 5.0 219.0 | H 1.098 | V 0.003 | pL -0.000 | vL 0.000 | delta 0.004
U 76 | F 155648 | FPS 0096 | D 1735 | rR:mu sigma m M 0.05 0.16 0.00 0.63 | F:mu sigma m M 68.0 46.1 8.0 166.0 | H 1.097 | V 0.017 | pL -0.008 | vL 0.001 | delta 0.018
U 77 | F 157696 | FPS 0102 | D 1755 | rR:mu sigma m M 0.02 0.09 0.00 0.45 | F:mu sigma m M 83.5 71.1 9.0 265.0 | H 1.096 | V 0.005 | pL -0.001 | vL 0.000 | delta 0.006
U 78 | F 159744 | FPS 0095 | D 1776 | rR:mu sigma m M 0.00 0.00 0.00 0.00 | F:mu sigma m M 50.4 46.6 4.0 206.0 | H 1.098 | V 0.004 | pL 0.002 | vL 0.000 | delta 0.005
U 79 | F 161792 | FPS 0083 | D 1801 | rR:mu sigma m M 0.00 0.00 0.00 0.00 | F:mu sigma m M 58.1 52.7 14.0 225.0 | H 1.098 | V 0.001 | pL 0.001 | vL 0.000 | delta 0.001
U 80 | F 163840 | FPS 0085 | D 1825 | rR:mu sigma m M 0.00 0.00 0.00 0.00 | F:mu sigma m M 67.2 59.2 7.0 288.0 | H 1.098 | V 0.002 | pL 0.001 | vL 0.000 | delta 0.002
U 81 | F 165888 | FPS 0096 | D 1846 | rR:mu sigma m M 0.02 0.09 0.00 0.50 | F:mu sigma m M 67.3 66.0 6.0 324.0 | H 1.095 | V 0.005 | pL -0.004 | vL 0.000 | delta 0.007
U 82 | F 167936 | FPS 0098 | D 1867 | rR:mu sigma m M 0.00 0.00 0.00 0.00 | F:mu sigma m M 61.6 53.5 4.0 222.0 | H 1.098 | V 0.002 | pL 0.001 | vL 0.000 | delta 0.003
U 83 | F 169984 | FPS 0089 | D 1891 | rR:mu sigma m M 0.00 0.00 0.00 0.00 | F:mu sigma m M 53.0 41.4 9.0 158.0 | H 1.098 | V 0.005 | pL 0.000 | vL 0.000 | delta 0.009
U 84 | F 172032 | FPS 0087 | D 1914 | rR:mu sigma m M 0.05 0.20 0.00 0.87 | F:mu sigma m M 72.4 61.6 10.0 256.0 | H 1.092 | V 0.014 | pL -0.009 | vL 0.003 | delta 0.081
U 85 | F 174080 | FPS 0094 | D 1936 | rR:mu sigma m M 0.00 0.00 0.00 0.00 | F:mu sigma m M 56.6 53.5 6.0 206.0 | H 1.097 | V 0.025 | pL 0.009 | vL 0.000 | delta 0.012
U 86 | F 176128 | FPS 0087 | D 1959 | rR:mu sigma m M 0.00 0.00 0.00 0.00 | F:mu sigma m M 70.4 51.7 7.0 189.0 | H 1.096 | V 0.016 | pL 0.006 | vL 0.000 | delta 0.009
U 87 | F 178176 | FPS 0091 | D 1982 | rR:mu sigma m M 0.02 0.10 0.00 0.58 | F:mu sigma m M 55.8 39.6 8.0 151.0 | H 1.095 | V 0.013 | pL 0.005 | vL 0.000 | delta 0.012
U 88 | F 180224 | FPS 0094 | D 2004 | rR:mu sigma m M 0.00 0.00 0.00 0.00 | F:mu sigma m M 60.6 36.9 9.0 144.0 | H 1.096 | V 0.014 | pL 0.007 | vL 0.000 | delta 0.009
U 89 | F 182272 | FPS 0092 | D 2026 | rR:mu sigma m M 0.03 0.14 0.00 0.78 | F:mu sigma m M 77.6 65.8 5.0 298.0 | H 1.092 | V 0.023 | pL -0.007 | vL 0.001 | delta 0.025
U 90 | F 184320 | FPS 0091 | D 2048 | rR:mu sigma m M 0.04 0.16 0.00 0.75 | F:mu sigma m M 57.2 56.8 4.0 213.0 | H 1.094 | V 0.022 | pL -0.003 | vL 0.001 | delta 0.023
U 91 | F 186368 | FPS 0080 | D 2074 | rR:mu sigma m M 0.03 0.15 0.00 0.80 | F:mu sigma m M 79.3 53.5 8.0 199.0 | H 1.091 | V 0.021 | pL -0.004 | vL 0.001 | delta 0.041
U 92 | F 188416 | FPS 0099 | D 2095 | rR:mu sigma m M 0.00 0.00 0.00 0.00 | F:mu sigma m M 50.3 38.5 6.0 163.0 | H 1.093 | V 0.006 | pL 0.005 | vL 0.000 | delta 0.017
U 93 | F 190464 | FPS 0088 | D 2118 | rR:mu sigma m M 0.00 0.00 0.00 0.00 | F:mu sigma m M 55.5 51.8 10.0 203.0 | H 1.098 | V 0.003 | pL 0.002 | vL 0.000 | delta 0.003
U 94 | F 192512 | FPS 0094 | D 2140 | rR:mu sigma m M 0.02 0.12 0.00 0.75 | F:mu sigma m M 42.5 31.5 4.0 117.0 | H 1.092 | V 0.011 | pL -0.004 | vL 0.001 | delta 0.014
U 95 | F 194560 | FPS 0091 | D 2162 | rR:mu sigma m M 0.02 0.11 0.00 0.67 | F:mu sigma m M 59.1 47.5 7.0 220.0 | H 1.096 | V 0.013 | pL -0.004 | vL 0.001 | delta 0.025
U 96 | F 196608 | FPS 0089 | D 2185 | rR:mu sigma m M 0.05 0.19 0.00 0.84 | F:mu sigma m M 59.3 53.7 12.0 248.0 | H 1.078 | V 0.042 | pL -0.012 | vL 0.004 | delta 0.037
U 97 | F 198656 | FPS 0102 | D 2205 | rR:mu sigma m M 0.08 0.24 0.00 0.96 | F:mu sigma m M 50.8 43.4 5.0 231.0 | H 1.056 | V 0.041 | pL -0.015 | vL 0.008 | delta 0.062
U 98 | F 200704 | FPS 0119 | D 2223 | rR:mu sigma m M 0.00 0.00 0.00 0.00 | F:mu sigma m M 41.8 33.9 4.0 157.0 | H 1.079 | V 0.043 | pL 0.025 | vL 0.001 | delta 0.032
U 99 | F 202752 | FPS 0113 | D 2241 | rR:mu sigma m M 0.06 0.23 0.00 0.92 | F:mu sigma m M 43.4 27.1 5.0 130.0 | H 1.079 | V 0.045 | pL -0.005 | vL 0.006 | delta 0.043
U 100 | F 204800 | FPS 0096 | D 2262 | rR:mu sigma m M 0.06 0.21 0.00 0.86 | F:mu sigma m M 54.3 45.3 4.0 179.0 | H 1.078 | V 0.033 | pL -0.003 | vL 0.002 | delta 0.039
U 101 | F 206848 | FPS 0089 | D 2285 | rR:mu sigma m M 0.03 0.17 0.00 0.91 | F:mu sigma m M 53.1 42.1 7.0 210.0 | H 1.081 | V 0.030 | pL 0.002 | vL 0.001 | delta 0.019
U 102 | F 208896 | FPS 0097 | D 2306 | rR:mu sigma m M 0.08 0.23 0.00 0.88 | F:mu sigma m M 64.5 59.5 7.0 242.0 | H 1.064 | V 0.053 | pL -0.001 | vL 0.005 | delta 0.062
U 103 | F 210944 | FPS 0085 | D 2330 | rR:mu sigma m M 0.05 0.20 0.00 0.93 | F:mu sigma m M 76.2 72.9 6.0 286.0 | H 1.078 | V 0.037 | pL -0.001 | vL 0.004 | delta 0.037
U 104 | F 212992 | FPS 0093 | D 2353 | rR:mu sigma m M 0.06 0.22 0.00 0.89 | F:mu sigma m M 56.6 34.3 4.0 139.0 | H 1.069 | V 0.048 | pL -0.016 | vL 0.006 | delta 0.054
U 105 | F 215040 | FPS 0099 | D 2373 | rR:mu sigma m M 0.13 0.30 0.00 0.93 | F:mu sigma m M 56.7 55.1 6.0 303.0 | H 1.047 | V 0.058 | pL -0.005 | vL 0.010 | delta 0.058
U 106 | F 217088 | FPS 0087 | D 2397 | rR:mu sigma m M 0.10 0.27 0.00 0.93 | F:mu sigma m M 69.1 66.8 9.0 324.0 | H 1.064 | V 0.076 | pL -0.001 | vL 0.006 | delta 0.041
U 107 | F 219136 | FPS 0094 | D 2419 | rR:mu sigma m M 0.11 0.26 0.00 0.90 | F:mu sigma m M 70.7 35.7 13.0 146.0 | H 1.068 | V 0.085 | pL 0.003 | vL 0.008 | delta 0.089
U 108 | F 221184 | FPS 0084 | D 2443 | rR:mu sigma m M 0.06 0.20 0.00 0.82 | F:mu sigma m M 77.3 58.8 11.0 255.0 | H 1.071 | V 0.060 | pL 0.007 | vL 0.005 | delta 0.036
U 109 | F 223232 | FPS 0077 | D 2470 | rR:mu sigma m M 0.10 0.26 0.00 0.83 | F:mu sigma m M 86.2 56.2 8.0 249.0 | H 1.067 | V 0.071 | pL 0.001 | vL 0.003 | delta 0.043
U 110 | F 225280 | FPS 0097 | D 2491 | rR:mu sigma m M 0.05 0.18 0.00 0.79 | F:mu sigma m M 78.1 63.9 6.0 278.0 | H 1.072 | V 0.055 | pL 0.008 | vL 0.002 | delta 0.036
U 111 | F 227328 | FPS 0098 | D 2512 | rR:mu sigma m M 0.02 0.12 0.00 0.69 | F:mu sigma m M 71.4 78.2 4.0 324.0 | H 1.080 | V 0.051 | pL 0.007 | vL 0.003 | delta 0.036
U 112 | F 229376 | FPS 0078 | D 2538 | rR:mu sigma m M 0.18 0.34 0.00 0.91 | F:mu sigma m M 59.0 49.0 6.0 173.0 | H 1.057 | V 0.081 | pL -0.001 | vL 0.005 | delta 0.049
U 113 | F 231424 | FPS 0086 | D 2562 | rR:mu sigma m M 0.08 0.23 0.00 0.93 | F:mu sigma m M 82.2 70.5 6.0 250.0 | H 1.014 | V 0.101 | pL -0.003 | vL 0.010 | delta 0.056
U 114 | F 233472 | FPS 0086 | D 2585 | rR:mu sigma m M 0.28 0.39 0.00 0.91 | F:mu sigma m M 76.8 60.4 19.0 306.0 | H 1.018 | V 0.127 | pL -0.027 | vL 0.014 | delta 0.074
U 115 | F 235520 | FPS 0080 | D 2611 | rR:mu sigma m M 0.24 0.38 0.00 0.93 | F:mu sigma m M 68.4 61.4 7.0 318.0 | H 1.008 | V 0.150 | pL -0.023 | vL 0.016 | delta 0.120
U 116 | F 237568 | FPS 0088 | D 2635 | rR:mu sigma m M 0.21 0.36 0.00 0.93 | F:mu sigma m M 73.2 37.8 14.0 172.0 | H 1.018 | V 0.146 | pL 0.012 | vL 0.009 | delta 0.082
U 117 | F 239616 | FPS 0101 | D 2655 | rR:mu sigma m M 0.47 0.40 0.00 0.96 | F:mu sigma m M 55.6 43.4 4.0 205.0 | H 0.909 | V 0.276 | pL -0.081 | vL 0.020 | delta 0.145
U 118 | F 241664 | FPS 0099 | D 2676 | rR:mu sigma m M 0.71 0.34 0.00 0.95 | F:mu sigma m M 51.3 33.9 6.0 177.0 | H 0.809 | V 0.386 | pL -0.081 | vL 0.026 | delta 0.175
U 119 | F 243712 | FPS 0118 | D 2693 | rR:mu sigma m M 0.81 0.24 0.00 0.95 | F:mu sigma m M 44.6 28.1 18.0 177.0 | H 0.713 | V 0.539 | pL -0.131 | vL 0.018 | delta 0.183
U 120 | F 245760 | FPS 0129 | D 2709 | rR:mu sigma m M 0.84 0.24 0.00 0.96 | F:mu sigma m M 34.1 18.0 14.0 115.0 | H 0.681 | V 0.591 | pL -0.090 | vL 0.016 | delta 0.156
U 121 | F 247808 | FPS 0142 | D 2723 | rR:mu sigma m M 0.86 0.24 0.00 0.96 | F:mu sigma m M 30.5 15.4 14.0 101.0 | H 0.592 | V 0.709 | pL -0.059 | vL 0.013 | delta 0.123
U 122 | F 249856 | FPS 0158 | D 2736 | rR:mu sigma m M 0.92 0.11 0.00 0.96 | F:mu sigma m M 25.4 11.4 8.0 85.0 | H 0.501 | V 0.775 | pL -0.047 | vL 0.007 | delta 0.103
U 123 | F 251904 | FPS 0167 | D 2748 | rR:mu sigma m M 0.94 0.02 0.81 0.96 | F:mu sigma m M 22.4 8.8 14.0 67.0 | H 0.461 | V 0.820 | pL -0.024 | vL 0.002 | delta 0.070
agent reach optimality, start collecting trajectories
agent successfully collected 10 trajectories
pickling optimal trajectories
Model successfully saved
/home/rdali/.local/easybuild/software/2017/Core/miniconda3/4.3.27/envs/observe/lib/python3.6/site-packages/torch/nn/functional.py:1906: UserWarning: reduction: 'mean' divides the total loss by both the batch size and the support size.'batchmean' divides only by the batch size, and aligns with the KL div math definition.'mean' will be changed to behave the same as 'batchmean' in the next major release.
  warnings.warn("reduction: 'mean' divides the total loss by both the batch size and the support size."
