The following modules were not unloaded:
  (Use "module --force purge" to unload all):

  1) nixpkgs/16.09     4) icc/.2018.3.222     7) openmpi/3.1.2
  2) imkl/2018.3.222   5) ifort/.2018.3.222   8) StdEnv/2018.3
  3) gcccore/.7.3.0    6) intel/2018.3

Due to MODULEPATH changes, the following have been reloaded:
  1) openmpi/3.1.2


Due to MODULEPATH changes, the following have been reloaded:
  1) openmpi/3.1.2

Attention: While Conda works well in a desktop environment, it tends to create more problems than it solves on a cluster. Instead, we recommend that users use virtual environments and the binary packages that we provide through Python wheels as documented on the Python page.
/home/rdali/RL/watch_and_learn/dependency/rl-starter-files/scripts/train_agent_multidem.py --env MiniGrid-LavaCrossingAgent-v0 --algo ppo --nameDemonstrator crossAddict1,crossAddict2,crossAddict3,crossAddict5,crossAddict6,crossAddict7 --flat-model 0 --KLweight 0.001 --useKL 1 --meanReward 0.80 --rewardLB 0.70 --seed 8324

Namespace(KLweight=0.001, algo='ppo', batch_size=256, clip_eps=0.2, discount=0.99, entropy_coef=0.01, env='MiniGrid-LavaCrossingAgent-v0', epochs=4, flat_model=0, frames=10000000, frames_per_proc=None, full_obs=0, gae_lambda=0.95, log_interval=1, lr=0.0007, max_grad_norm=0.5, meanReward=0.8, mem=False, model=None, nameDemonstrator='crossAddict1,crossAddict2,crossAddict3,crossAddict5,crossAddict6,crossAddict7', optim_alpha=0.99, optim_eps=1e-05, procs=16, recurrence=1, rewardLB=0.7, save_interval=0, seed=8324, tb=False, text=False, useKL=1, value_loss_coef=0.5)

Flat model successfully created

ACModel(
  (image_conv): Sequential(
    (0): Conv2d(3, 32, kernel_size=(2, 2), stride=(1, 1))
    (1): ReLU()
    (2): MaxPool2d(kernel_size=(2, 2), stride=(2, 2), padding=0, dilation=1, ceil_mode=False)
    (3): Conv2d(32, 64, kernel_size=(2, 2), stride=(1, 1))
    (4): ReLU()
    (5): Conv2d(64, 64, kernel_size=(2, 2), stride=(1, 1))
    (6): ReLU()
  )
  (actor): Sequential(
    (0): Linear(in_features=256, out_features=64, bias=True)
    (1): Tanh()
    (2): Linear(in_features=64, out_features=3, bias=True)
  )
  (critic): Sequential(
    (0): Linear(in_features=256, out_features=64, bias=True)
    (1): Tanh()
    (2): Linear(in_features=64, out_features=1, bias=True)
  )
)

CUDA available: False

1
True
0.001
Using TensorFlow backend.
OMP: Info #212: KMP_AFFINITY: decoding x2APIC ids.
OMP: Info #210: KMP_AFFINITY: Affinity capable, using global cpuid leaf 11 info
OMP: Info #154: KMP_AFFINITY: Initial OS proc set respected: 11,13,28,30,38
OMP: Info #156: KMP_AFFINITY: 5 available OS procs
OMP: Info #158: KMP_AFFINITY: Nonuniform topology
OMP: Info #179: KMP_AFFINITY: 2 packages x 3 cores/pkg x 1 threads/core (5 total cores)
OMP: Info #214: KMP_AFFINITY: OS proc to physical thread map:
OMP: Info #171: KMP_AFFINITY: OS proc 28 maps to package 0 core 18 
OMP: Info #171: KMP_AFFINITY: OS proc 38 maps to package 0 core 26 
OMP: Info #171: KMP_AFFINITY: OS proc 30 maps to package 0 core 28 
OMP: Info #171: KMP_AFFINITY: OS proc 13 maps to package 1 core 8 
OMP: Info #171: KMP_AFFINITY: OS proc 11 maps to package 1 core 12 
OMP: Info #250: KMP_AFFINITY: pid 38928 tid 38928 thread 0 bound to OS proc set 28
OMP: Info #250: KMP_AFFINITY: pid 38928 tid 39022 thread 3 bound to OS proc set 11
OMP: Info #250: KMP_AFFINITY: pid 38928 tid 39021 thread 2 bound to OS proc set 38
OMP: Info #250: KMP_AFFINITY: pid 38928 tid 39020 thread 1 bound to OS proc set 13
OMP: Info #250: KMP_AFFINITY: pid 38928 tid 39023 thread 4 bound to OS proc set 30
OMP: Info #250: KMP_AFFINITY: pid 38928 tid 39193 thread 5 bound to OS proc set 28
OMP: Info #250: KMP_AFFINITY: pid 38928 tid 39192 thread 6 bound to OS proc set 13
OMP: Info #250: KMP_AFFINITY: pid 38928 tid 39247 thread 7 bound to OS proc set 38
OMP: Info #250: KMP_AFFINITY: pid 38928 tid 39249 thread 9 bound to OS proc set 30
OMP: Info #250: KMP_AFFINITY: pid 38928 tid 39248 thread 8 bound to OS proc set 11
OMP: Info #250: KMP_AFFINITY: pid 38928 tid 39250 thread 10 bound to OS proc set 28
OMP: Info #250: KMP_AFFINITY: pid 38928 tid 39312 thread 11 bound to OS proc set 13
OMP: Info #250: KMP_AFFINITY: pid 38928 tid 39315 thread 14 bound to OS proc set 30
OMP: Info #250: KMP_AFFINITY: pid 38928 tid 39314 thread 13 bound to OS proc set 11
OMP: Info #250: KMP_AFFINITY: pid 38928 tid 39313 thread 12 bound to OS proc set 38
OMP: Info #250: KMP_AFFINITY: pid 38928 tid 39316 thread 15 bound to OS proc set 28
U 1 | F 002048 | FPS 0063 | D 32 | rR:mu sigma m M 0.00 0.00 0.00 0.00 | F:mu sigma m M 36.6 21.1 9.0 86.0 | H 1.097 | V -0.214 | pL -0.084 | vL 0.006 | delta 0.113
U 2 | F 004096 | FPS 0092 | D 54 | rR:mu sigma m M 0.00 0.00 0.00 0.00 | F:mu sigma m M 60.9 49.0 5.0 183.0 | H 1.089 | V -0.145 | pL -0.089 | vL 0.004 | delta 0.065
U 3 | F 006144 | FPS 0104 | D 74 | rR:mu sigma m M 0.00 0.00 0.00 0.00 | F:mu sigma m M 55.1 57.4 7.0 294.0 | H 1.069 | V -0.098 | pL -0.062 | vL 0.002 | delta 0.028
U 4 | F 008192 | FPS 0100 | D 94 | rR:mu sigma m M 0.02 0.12 0.00 0.74 | F:mu sigma m M 58.3 46.0 4.0 221.0 | H 1.057 | V -0.065 | pL -0.041 | vL 0.001 | delta 0.030
U 5 | F 010240 | FPS 0119 | D 112 | rR:mu sigma m M 0.00 0.00 0.00 0.00 | F:mu sigma m M 38.5 38.6 4.0 179.0 | H 1.088 | V -0.038 | pL -0.030 | vL 0.000 | delta 0.022
U 6 | F 012288 | FPS 0093 | D 134 | rR:mu sigma m M 0.00 0.00 0.00 0.00 | F:mu sigma m M 40.7 35.2 4.0 172.0 | H 1.094 | V -0.027 | pL -0.017 | vL 0.000 | delta 0.010
U 7 | F 014336 | FPS 0092 | D 156 | rR:mu sigma m M 0.00 0.00 0.00 0.00 | F:mu sigma m M 57.2 45.7 8.0 177.0 | H 1.097 | V -0.019 | pL -0.012 | vL 0.000 | delta 0.007
U 8 | F 016384 | FPS 0090 | D 179 | rR:mu sigma m M 0.00 0.00 0.00 0.00 | F:mu sigma m M 62.1 45.1 10.0 170.0 | H 1.095 | V -0.014 | pL -0.007 | vL 0.000 | delta 0.005
U 9 | F 018432 | FPS 0104 | D 199 | rR:mu sigma m M 0.02 0.13 0.00 0.79 | F:mu sigma m M 60.6 45.4 6.0 196.0 | H 1.085 | V -0.004 | pL -0.012 | vL 0.002 | delta 0.020
U 10 | F 020480 | FPS 0102 | D 219 | rR:mu sigma m M 0.02 0.13 0.00 0.91 | F:mu sigma m M 51.8 37.7 7.0 158.0 | H 1.073 | V 0.007 | pL -0.007 | vL 0.003 | delta 0.053
U 11 | F 022528 | FPS 0107 | D 238 | rR:mu sigma m M 0.02 0.13 0.00 0.89 | F:mu sigma m M 45.5 33.9 4.0 140.0 | H 1.091 | V 0.009 | pL -0.003 | vL 0.002 | delta 0.027
U 12 | F 024576 | FPS 0105 | D 257 | rR:mu sigma m M 0.02 0.12 0.00 0.84 | F:mu sigma m M 44.5 35.3 4.0 163.0 | H 1.092 | V 0.002 | pL -0.009 | vL 0.002 | delta 0.047
U 13 | F 026624 | FPS 0103 | D 277 | rR:mu sigma m M 0.00 0.00 0.00 0.00 | F:mu sigma m M 49.9 42.7 4.0 177.0 | H 1.098 | V -0.006 | pL -0.005 | vL 0.000 | delta 0.018
U 14 | F 028672 | FPS 0091 | D 300 | rR:mu sigma m M 0.00 0.00 0.00 0.00 | F:mu sigma m M 42.5 34.6 4.0 139.0 | H 1.098 | V -0.001 | pL -0.002 | vL 0.000 | delta 0.003
U 15 | F 030720 | FPS 0090 | D 322 | rR:mu sigma m M 0.00 0.00 0.00 0.00 | F:mu sigma m M 52.7 38.0 8.0 190.0 | H 1.096 | V 0.002 | pL 0.000 | vL 0.000 | delta 0.005
U 16 | F 032768 | FPS 0087 | D 346 | rR:mu sigma m M 0.00 0.00 0.00 0.00 | F:mu sigma m M 58.9 60.2 4.0 233.0 | H 1.098 | V 0.001 | pL 0.001 | vL 0.000 | delta 0.002
U 17 | F 034816 | FPS 0089 | D 369 | rR:mu sigma m M 0.00 0.00 0.00 0.00 | F:mu sigma m M 52.0 48.4 4.0 254.0 | H 1.098 | V 0.001 | pL 0.000 | vL 0.000 | delta 0.001
U 18 | F 036864 | FPS 0095 | D 390 | rR:mu sigma m M 0.00 0.00 0.00 0.00 | F:mu sigma m M 50.9 34.3 7.0 156.0 | H 1.098 | V 0.001 | pL 0.000 | vL 0.000 | delta 0.001
U 19 | F 038912 | FPS 0091 | D 413 | rR:mu sigma m M 0.00 0.00 0.00 0.00 | F:mu sigma m M 63.7 51.8 4.0 226.0 | H 1.099 | V 0.001 | pL 0.000 | vL 0.000 | delta 0.002
U 20 | F 040960 | FPS 0095 | D 435 | rR:mu sigma m M 0.00 0.00 0.00 0.00 | F:mu sigma m M 56.1 50.0 4.0 212.0 | H 1.098 | V 0.001 | pL -0.001 | vL 0.000 | delta 0.002
U 21 | F 043008 | FPS 0094 | D 456 | rR:mu sigma m M 0.01 0.07 0.00 0.37 | F:mu sigma m M 66.5 66.0 7.0 324.0 | H 1.093 | V 0.004 | pL -0.002 | vL 0.000 | delta 0.009
U 22 | F 045056 | FPS 0092 | D 479 | rR:mu sigma m M 0.00 0.00 0.00 0.00 | F:mu sigma m M 61.5 46.7 12.0 185.0 | H 1.098 | V 0.003 | pL 0.001 | vL 0.000 | delta 0.001
U 23 | F 047104 | FPS 0101 | D 499 | rR:mu sigma m M 0.00 0.00 0.00 0.00 | F:mu sigma m M 52.6 50.6 4.0 250.0 | H 1.098 | V 0.005 | pL 0.001 | vL 0.000 | delta 0.005
U 24 | F 049152 | FPS 0085 | D 523 | rR:mu sigma m M 0.02 0.07 0.00 0.36 | F:mu sigma m M 76.4 74.9 4.0 286.0 | H 1.097 | V 0.008 | pL -0.002 | vL 0.000 | delta 0.012
U 25 | F 051200 | FPS 0077 | D 550 | rR:mu sigma m M 0.00 0.00 0.00 0.00 | F:mu sigma m M 67.6 48.7 7.0 187.0 | H 1.097 | V 0.005 | pL 0.002 | vL 0.000 | delta 0.004
U 26 | F 053248 | FPS 0071 | D 579 | rR:mu sigma m M 0.00 0.00 0.00 0.00 | F:mu sigma m M 82.8 82.1 4.0 324.0 | H 1.098 | V 0.003 | pL 0.001 | vL 0.000 | delta 0.002
U 27 | F 055296 | FPS 0094 | D 600 | rR:mu sigma m M 0.00 0.00 0.00 0.00 | F:mu sigma m M 69.9 54.0 9.0 254.0 | H 1.099 | V 0.002 | pL 0.001 | vL 0.000 | delta 0.001
U 28 | F 057344 | FPS 0091 | D 623 | rR:mu sigma m M 0.00 0.00 0.00 0.00 | F:mu sigma m M 61.8 43.1 8.0 148.0 | H 1.098 | V 0.003 | pL 0.001 | vL 0.000 | delta 0.001
U 29 | F 059392 | FPS 0082 | D 648 | rR:mu sigma m M 0.00 0.00 0.00 0.00 | F:mu sigma m M 66.8 68.1 6.0 324.0 | H 1.099 | V 0.002 | pL 0.001 | vL 0.000 | delta 0.002
U 30 | F 061440 | FPS 0087 | D 672 | rR:mu sigma m M 0.00 0.00 0.00 0.00 | F:mu sigma m M 47.7 40.5 4.0 205.0 | H 1.099 | V 0.001 | pL -0.000 | vL 0.000 | delta 0.001
U 31 | F 063488 | FPS 0085 | D 696 | rR:mu sigma m M 0.00 0.00 0.00 0.00 | F:mu sigma m M 88.5 78.1 18.0 324.0 | H 1.098 | V 0.001 | pL 0.000 | vL 0.000 | delta 0.002
U 32 | F 065536 | FPS 0090 | D 718 | rR:mu sigma m M 0.00 0.00 0.00 0.00 | F:mu sigma m M 54.8 45.9 7.0 216.0 | H 1.098 | V 0.001 | pL 0.000 | vL 0.000 | delta 0.001
U 33 | F 067584 | FPS 0099 | D 739 | rR:mu sigma m M 0.03 0.15 0.00 0.91 | F:mu sigma m M 61.0 43.6 6.0 221.0 | H 1.088 | V 0.011 | pL -0.007 | vL 0.002 | delta 0.034
U 34 | F 069632 | FPS 0092 | D 761 | rR:mu sigma m M 0.00 0.00 0.00 0.00 | F:mu sigma m M 57.7 50.3 4.0 231.0 | H 1.096 | V -0.001 | pL -0.002 | vL 0.000 | delta 0.015
U 35 | F 071680 | FPS 0086 | D 785 | rR:mu sigma m M 0.01 0.09 0.00 0.64 | F:mu sigma m M 47.9 44.2 4.0 191.0 | H 1.093 | V 0.008 | pL -0.005 | vL 0.001 | delta 0.011
U 36 | F 073728 | FPS 0093 | D 807 | rR:mu sigma m M 0.00 0.00 0.00 0.00 | F:mu sigma m M 43.4 40.7 4.0 151.0 | H 1.098 | V 0.001 | pL -0.001 | vL 0.000 | delta 0.004
U 37 | F 075776 | FPS 0083 | D 832 | rR:mu sigma m M 0.02 0.11 0.00 0.62 | F:mu sigma m M 73.1 51.8 5.0 189.0 | H 1.096 | V 0.009 | pL -0.004 | vL 0.001 | delta 0.018
U 38 | F 077824 | FPS 0090 | D 855 | rR:mu sigma m M 0.01 0.10 0.00 0.70 | F:mu sigma m M 51.8 58.8 4.0 304.0 | H 1.095 | V 0.003 | pL -0.003 | vL 0.000 | delta 0.016
U 39 | F 079872 | FPS 0080 | D 881 | rR:mu sigma m M 0.00 0.00 0.00 0.00 | F:mu sigma m M 54.7 41.6 6.0 147.0 | H 1.098 | V 0.003 | pL 0.001 | vL 0.000 | delta 0.011
U 40 | F 081920 | FPS 0088 | D 904 | rR:mu sigma m M 0.00 0.00 0.00 0.00 | F:mu sigma m M 63.7 52.3 8.0 213.0 | H 1.098 | V 0.003 | pL 0.000 | vL 0.000 | delta 0.004
U 41 | F 083968 | FPS 0097 | D 925 | rR:mu sigma m M 0.00 0.00 0.00 0.00 | F:mu sigma m M 70.7 48.2 8.0 175.0 | H 1.098 | V 0.003 | pL -0.000 | vL 0.000 | delta 0.005
U 42 | F 086016 | FPS 0093 | D 947 | rR:mu sigma m M 0.00 0.00 0.00 0.00 | F:mu sigma m M 63.4 51.9 9.0 244.0 | H 1.098 | V -0.001 | pL -0.000 | vL 0.000 | delta 0.002
U 43 | F 088064 | FPS 0085 | D 971 | rR:mu sigma m M 0.00 0.00 0.00 0.00 | F:mu sigma m M 71.8 54.4 17.0 262.0 | H 1.098 | V -0.000 | pL 0.000 | vL 0.000 | delta 0.001
U 44 | F 090112 | FPS 0089 | D 994 | rR:mu sigma m M 0.00 0.00 0.00 0.00 | F:mu sigma m M 54.3 51.7 7.0 267.0 | H 1.098 | V -0.000 | pL 0.000 | vL 0.000 | delta 0.003
U 45 | F 092160 | FPS 0089 | D 1017 | rR:mu sigma m M 0.00 0.00 0.00 0.00 | F:mu sigma m M 65.6 45.3 15.0 198.0 | H 1.098 | V 0.000 | pL -0.000 | vL 0.000 | delta 0.003
U 46 | F 094208 | FPS 0089 | D 1040 | rR:mu sigma m M 0.02 0.13 0.00 0.81 | F:mu sigma m M 58.5 44.2 6.0 204.0 | H 1.097 | V 0.008 | pL -0.007 | vL 0.002 | delta 0.031
U 47 | F 096256 | FPS 0085 | D 1065 | rR:mu sigma m M 0.00 0.00 0.00 0.00 | F:mu sigma m M 46.6 38.3 4.0 167.0 | H 1.097 | V 0.002 | pL 0.001 | vL 0.000 | delta 0.008
U 48 | F 098304 | FPS 0084 | D 1089 | rR:mu sigma m M 0.00 0.00 0.00 0.00 | F:mu sigma m M 80.6 70.4 4.0 324.0 | H 1.098 | V 0.005 | pL 0.002 | vL 0.000 | delta 0.003
U 49 | F 100352 | FPS 0076 | D 1116 | rR:mu sigma m M 0.00 0.00 0.00 0.00 | F:mu sigma m M 61.3 49.1 9.0 185.0 | H 1.098 | V 0.003 | pL 0.001 | vL 0.000 | delta 0.003
U 50 | F 102400 | FPS 0091 | D 1138 | rR:mu sigma m M 0.02 0.13 0.00 0.86 | F:mu sigma m M 50.3 45.2 6.0 234.0 | H 1.095 | V 0.006 | pL -0.006 | vL 0.001 | delta 0.015
U 51 | F 104448 | FPS 0083 | D 1163 | rR:mu sigma m M 0.00 0.00 0.00 0.00 | F:mu sigma m M 55.6 34.1 7.0 159.0 | H 1.098 | V 0.002 | pL 0.001 | vL 0.000 | delta 0.002
U 52 | F 106496 | FPS 0091 | D 1185 | rR:mu sigma m M 0.00 0.00 0.00 0.00 | F:mu sigma m M 66.2 63.8 8.0 269.0 | H 1.096 | V 0.004 | pL 0.001 | vL 0.000 | delta 0.009
U 53 | F 108544 | FPS 0089 | D 1208 | rR:mu sigma m M 0.00 0.00 0.00 0.00 | F:mu sigma m M 54.1 42.5 6.0 218.0 | H 1.099 | V 0.004 | pL 0.002 | vL 0.000 | delta 0.001
U 54 | F 110592 | FPS 0087 | D 1232 | rR:mu sigma m M 0.00 0.00 0.00 0.00 | F:mu sigma m M 51.5 38.3 10.0 161.0 | H 1.099 | V 0.003 | pL 0.001 | vL 0.000 | delta 0.002
U 55 | F 112640 | FPS 0085 | D 1256 | rR:mu sigma m M 0.00 0.00 0.00 0.00 | F:mu sigma m M 78.7 76.4 6.0 324.0 | H 1.099 | V 0.002 | pL 0.001 | vL 0.000 | delta 0.002
U 56 | F 114688 | FPS 0093 | D 1278 | rR:mu sigma m M 0.02 0.12 0.00 0.69 | F:mu sigma m M 68.4 64.8 4.0 292.0 | H 1.093 | V 0.007 | pL -0.006 | vL 0.001 | delta 0.028
U 57 | F 116736 | FPS 0075 | D 1305 | rR:mu sigma m M 0.05 0.16 0.00 0.60 | F:mu sigma m M 68.6 51.3 4.0 202.0 | H 1.098 | V 0.018 | pL -0.013 | vL 0.002 | delta 0.073
U 58 | F 118784 | FPS 0092 | D 1328 | rR:mu sigma m M 0.00 0.00 0.00 0.00 | F:mu sigma m M 52.0 34.6 4.0 135.0 | H 1.098 | V -0.015 | pL -0.008 | vL 0.000 | delta 0.008
U 59 | F 120832 | FPS 0107 | D 1347 | rR:mu sigma m M 0.00 0.00 0.00 0.00 | F:mu sigma m M 65.1 55.5 6.0 272.0 | H 1.097 | V -0.010 | pL -0.005 | vL 0.000 | delta 0.004
U 60 | F 122880 | FPS 0088 | D 1370 | rR:mu sigma m M 0.00 0.00 0.00 0.00 | F:mu sigma m M 52.7 47.3 7.0 204.0 | H 1.098 | V -0.005 | pL -0.003 | vL 0.000 | delta 0.005
U 61 | F 124928 | FPS 0097 | D 1391 | rR:mu sigma m M 0.00 0.00 0.00 0.00 | F:mu sigma m M 63.3 52.0 5.0 197.0 | H 1.098 | V -0.005 | pL -0.002 | vL 0.000 | delta 0.001
U 62 | F 126976 | FPS 0085 | D 1415 | rR:mu sigma m M 0.00 0.00 0.00 0.00 | F:mu sigma m M 66.3 36.7 10.0 151.0 | H 1.098 | V -0.001 | pL -0.001 | vL 0.000 | delta 0.002
U 63 | F 129024 | FPS 0082 | D 1440 | rR:mu sigma m M 0.03 0.15 0.00 0.82 | F:mu sigma m M 65.1 54.6 4.0 234.0 | H 1.096 | V 0.007 | pL -0.007 | vL 0.002 | delta 0.012
U 64 | F 131072 | FPS 0080 | D 1466 | rR:mu sigma m M 0.01 0.07 0.00 0.41 | F:mu sigma m M 64.4 59.8 10.0 225.0 | H 1.095 | V 0.010 | pL -0.001 | vL 0.000 | delta 0.009
U 65 | F 133120 | FPS 0089 | D 1489 | rR:mu sigma m M 0.00 0.00 0.00 0.00 | F:mu sigma m M 62.1 53.1 8.0 233.0 | H 1.098 | V 0.005 | pL 0.000 | vL 0.000 | delta 0.003
U 66 | F 135168 | FPS 0098 | D 1509 | rR:mu sigma m M 0.02 0.10 0.00 0.56 | F:mu sigma m M 63.9 48.7 8.0 195.0 | H 1.097 | V 0.008 | pL -0.004 | vL 0.000 | delta 0.025
U 67 | F 137216 | FPS 0086 | D 1533 | rR:mu sigma m M 0.02 0.14 0.00 0.82 | F:mu sigma m M 70.3 56.3 4.0 247.0 | H 1.097 | V 0.004 | pL -0.010 | vL 0.001 | delta 0.016
U 68 | F 139264 | FPS 0098 | D 1554 | rR:mu sigma m M 0.00 0.00 0.00 0.00 | F:mu sigma m M 56.1 40.5 8.0 185.0 | H 1.097 | V 0.003 | pL 0.001 | vL 0.001 | delta 0.009
U 69 | F 141312 | FPS 0092 | D 1576 | rR:mu sigma m M 0.06 0.20 0.00 0.84 | F:mu sigma m M 58.5 45.9 6.0 202.0 | H 1.090 | V 0.015 | pL -0.013 | vL 0.004 | delta 0.027
U 70 | F 143360 | FPS 0101 | D 1597 | rR:mu sigma m M 0.03 0.16 0.00 0.87 | F:mu sigma m M 57.7 54.0 5.0 245.0 | H 1.092 | V 0.019 | pL -0.008 | vL 0.002 | delta 0.030
U 71 | F 145408 | FPS 0101 | D 1617 | rR:mu sigma m M 0.00 0.00 0.00 0.00 | F:mu sigma m M 47.5 37.3 4.0 175.0 | H 1.096 | V 0.001 | pL -0.003 | vL 0.000 | delta 0.006
U 72 | F 147456 | FPS 0088 | D 1640 | rR:mu sigma m M 0.00 0.00 0.00 0.00 | F:mu sigma m M 50.8 35.5 11.0 180.0 | H 1.098 | V 0.000 | pL -0.000 | vL 0.000 | delta 0.003
U 73 | F 149504 | FPS 0092 | D 1663 | rR:mu sigma m M 0.00 0.00 0.00 0.00 | F:mu sigma m M 58.0 49.2 6.0 215.0 | H 1.090 | V 0.010 | pL -0.004 | vL 0.001 | delta 0.016
U 74 | F 151552 | FPS 0104 | D 1682 | rR:mu sigma m M 0.02 0.13 0.00 0.81 | F:mu sigma m M 53.5 41.4 8.0 168.0 | H 1.097 | V 0.004 | pL -0.001 | vL 0.000 | delta 0.005
U 75 | F 153600 | FPS 0085 | D 1706 | rR:mu sigma m M 0.09 0.25 0.00 0.88 | F:mu sigma m M 52.0 33.1 4.0 124.0 | H 1.087 | V 0.022 | pL -0.018 | vL 0.004 | delta 0.048
U 76 | F 155648 | FPS 0078 | D 1733 | rR:mu sigma m M 0.02 0.09 0.00 0.53 | F:mu sigma m M 80.2 54.5 8.0 219.0 | H 1.095 | V 0.029 | pL 0.010 | vL 0.001 | delta 0.015
U 77 | F 157696 | FPS 0081 | D 1758 | rR:mu sigma m M 0.00 0.00 0.00 0.00 | F:mu sigma m M 60.3 53.1 5.0 249.0 | H 1.097 | V 0.019 | pL 0.008 | vL 0.000 | delta 0.005
U 78 | F 159744 | FPS 0078 | D 1784 | rR:mu sigma m M 0.00 0.00 0.00 0.00 | F:mu sigma m M 87.5 67.7 12.0 223.0 | H 1.098 | V 0.015 | pL 0.007 | vL 0.000 | delta 0.003
U 79 | F 161792 | FPS 0077 | D 1811 | rR:mu sigma m M 0.03 0.16 0.00 0.90 | F:mu sigma m M 53.5 38.3 4.0 157.0 | H 1.097 | V 0.016 | pL -0.003 | vL 0.002 | delta 0.023
U 80 | F 163840 | FPS 0084 | D 1835 | rR:mu sigma m M 0.00 0.00 0.00 0.00 | F:mu sigma m M 64.5 64.3 4.0 295.0 | H 1.098 | V 0.007 | pL 0.002 | vL 0.000 | delta 0.005
U 81 | F 165888 | FPS 0088 | D 1858 | rR:mu sigma m M 0.02 0.13 0.00 0.86 | F:mu sigma m M 47.7 43.2 4.0 206.0 | H 1.097 | V 0.017 | pL -0.001 | vL 0.002 | delta 0.014
U 82 | F 167936 | FPS 0093 | D 1880 | rR:mu sigma m M 0.03 0.13 0.00 0.69 | F:mu sigma m M 71.4 44.2 12.0 209.0 | H 1.097 | V 0.019 | pL -0.003 | vL 0.001 | delta 0.007
U 83 | F 169984 | FPS 0088 | D 1904 | rR:mu sigma m M 0.00 0.00 0.00 0.00 | F:mu sigma m M 62.0 57.7 7.0 226.0 | H 1.097 | V 0.012 | pL 0.006 | vL 0.000 | delta 0.003
U 84 | F 172032 | FPS 0088 | D 1927 | rR:mu sigma m M 0.00 0.00 0.00 0.00 | F:mu sigma m M 80.8 66.7 13.0 290.0 | H 1.097 | V 0.010 | pL 0.004 | vL 0.000 | delta 0.003
U 85 | F 174080 | FPS 0085 | D 1951 | rR:mu sigma m M 0.00 0.00 0.00 0.00 | F:mu sigma m M 63.6 66.2 9.0 294.0 | H 1.098 | V 0.006 | pL 0.003 | vL 0.000 | delta 0.001
U 86 | F 176128 | FPS 0088 | D 1974 | rR:mu sigma m M 0.00 0.00 0.00 0.00 | F:mu sigma m M 67.1 69.3 6.0 324.0 | H 1.098 | V 0.004 | pL 0.002 | vL 0.000 | delta 0.001
U 87 | F 178176 | FPS 0084 | D 1999 | rR:mu sigma m M 0.00 0.00 0.00 0.00 | F:mu sigma m M 68.7 68.2 8.0 324.0 | H 1.098 | V 0.003 | pL 0.001 | vL 0.000 | delta 0.000
U 88 | F 180224 | FPS 0093 | D 2021 | rR:mu sigma m M 0.00 0.00 0.00 0.00 | F:mu sigma m M 69.2 52.0 10.0 202.0 | H 1.098 | V 0.003 | pL 0.001 | vL 0.000 | delta 0.001
U 89 | F 182272 | FPS 0095 | D 2042 | rR:mu sigma m M 0.00 0.00 0.00 0.00 | F:mu sigma m M 60.3 59.9 9.0 258.0 | H 1.098 | V 0.002 | pL 0.001 | vL 0.000 | delta 0.001
U 90 | F 184320 | FPS 0095 | D 2064 | rR:mu sigma m M 0.02 0.13 0.00 0.87 | F:mu sigma m M 48.1 40.4 4.0 214.0 | H 1.095 | V 0.008 | pL -0.006 | vL 0.003 | delta 0.009
U 91 | F 186368 | FPS 0102 | D 2084 | rR:mu sigma m M 0.00 0.00 0.00 0.00 | F:mu sigma m M 45.4 37.7 4.0 193.0 | H 1.098 | V 0.004 | pL 0.001 | vL 0.000 | delta 0.005
U 92 | F 188416 | FPS 0095 | D 2106 | rR:mu sigma m M 0.00 0.00 0.00 0.00 | F:mu sigma m M 67.8 55.4 6.0 248.0 | H 1.098 | V 0.001 | pL -0.000 | vL 0.000 | delta 0.001
U 93 | F 190464 | FPS 0091 | D 2128 | rR:mu sigma m M 0.00 0.00 0.00 0.00 | F:mu sigma m M 71.5 65.3 11.0 277.0 | H 1.098 | V 0.001 | pL 0.000 | vL 0.000 | delta 0.000
U 94 | F 192512 | FPS 0094 | D 2150 | rR:mu sigma m M 0.00 0.00 0.00 0.00 | F:mu sigma m M 60.8 43.7 8.0 186.0 | H 1.098 | V 0.001 | pL 0.000 | vL 0.000 | delta 0.001
U 95 | F 194560 | FPS 0090 | D 2173 | rR:mu sigma m M 0.00 0.00 0.00 0.00 | F:mu sigma m M 66.7 50.4 6.0 218.0 | H 1.098 | V 0.000 | pL -0.000 | vL 0.000 | delta 0.000
U 96 | F 196608 | FPS 0087 | D 2196 | rR:mu sigma m M 0.02 0.13 0.00 0.72 | F:mu sigma m M 74.0 65.9 6.0 324.0 | H 1.096 | V 0.003 | pL -0.006 | vL 0.001 | delta 0.018
U 97 | F 198656 | FPS 0101 | D 2217 | rR:mu sigma m M 0.00 0.00 0.00 0.00 | F:mu sigma m M 49.4 55.1 8.0 309.0 | H 1.098 | V 0.007 | pL -0.000 | vL 0.000 | delta 0.004
U 98 | F 200704 | FPS 0088 | D 2240 | rR:mu sigma m M 0.02 0.13 0.00 0.74 | F:mu sigma m M 64.9 56.5 5.0 209.0 | H 1.096 | V 0.007 | pL -0.002 | vL 0.000 | delta 0.011
U 99 | F 202752 | FPS 0095 | D 2261 | rR:mu sigma m M 0.00 0.00 0.00 0.00 | F:mu sigma m M 62.7 62.8 6.0 270.0 | H 1.098 | V -0.002 | pL -0.001 | vL 0.000 | delta 0.003
U 100 | F 204800 | FPS 0094 | D 2283 | rR:mu sigma m M 0.00 0.00 0.00 0.00 | F:mu sigma m M 55.7 49.4 7.0 195.0 | H 1.098 | V -0.001 | pL -0.000 | vL 0.000 | delta 0.001
U 101 | F 206848 | FPS 0092 | D 2305 | rR:mu sigma m M 0.00 0.00 0.00 0.00 | F:mu sigma m M 64.2 52.2 6.0 199.0 | H 1.093 | V 0.006 | pL 0.001 | vL 0.001 | delta 0.007
U 102 | F 208896 | FPS 0086 | D 2329 | rR:mu sigma m M 0.00 0.00 0.00 0.00 | F:mu sigma m M 62.6 42.5 5.0 197.0 | H 1.098 | V 0.000 | pL -0.000 | vL 0.000 | delta 0.002
U 103 | F 210944 | FPS 0097 | D 2350 | rR:mu sigma m M 0.00 0.00 0.00 0.00 | F:mu sigma m M 58.0 41.7 6.0 187.0 | H 1.098 | V 0.002 | pL 0.000 | vL 0.000 | delta 0.001
U 104 | F 212992 | FPS 0088 | D 2374 | rR:mu sigma m M 0.00 0.00 0.00 0.00 | F:mu sigma m M 62.3 45.1 4.0 199.0 | H 1.098 | V 0.001 | pL 0.000 | vL 0.000 | delta 0.001
U 105 | F 215040 | FPS 0085 | D 2398 | rR:mu sigma m M 0.00 0.00 0.00 0.00 | F:mu sigma m M 66.3 54.6 6.0 203.0 | H 1.099 | V 0.000 | pL 0.000 | vL 0.000 | delta 0.000
U 106 | F 217088 | FPS 0088 | D 2421 | rR:mu sigma m M 0.03 0.15 0.00 0.82 | F:mu sigma m M 52.1 37.8 14.0 144.0 | H 1.094 | V 0.011 | pL -0.008 | vL 0.001 | delta 0.010
U 107 | F 219136 | FPS 0094 | D 2443 | rR:mu sigma m M 0.02 0.14 0.00 0.81 | F:mu sigma m M 63.1 50.6 7.0 223.0 | H 1.097 | V 0.008 | pL 0.003 | vL 0.000 | delta 0.006
U 108 | F 221184 | FPS 0088 | D 2466 | rR:mu sigma m M 0.00 0.00 0.00 0.00 | F:mu sigma m M 58.8 52.5 5.0 244.0 | H 1.098 | V 0.003 | pL 0.002 | vL 0.000 | delta 0.002
U 109 | F 223232 | FPS 0095 | D 2488 | rR:mu sigma m M 0.00 0.00 0.00 0.00 | F:mu sigma m M 53.0 41.3 4.0 164.0 | H 1.098 | V 0.002 | pL 0.001 | vL 0.000 | delta 0.001
U 110 | F 225280 | FPS 0086 | D 2512 | rR:mu sigma m M 0.00 0.00 0.00 0.00 | F:mu sigma m M 63.4 54.4 7.0 182.0 | H 1.099 | V 0.001 | pL 0.001 | vL 0.000 | delta 0.000
U 111 | F 227328 | FPS 0094 | D 2533 | rR:mu sigma m M 0.02 0.11 0.00 0.66 | F:mu sigma m M 64.8 53.2 9.0 221.0 | H 1.096 | V 0.005 | pL -0.005 | vL 0.001 | delta 0.009
U 112 | F 229376 | FPS 0091 | D 2556 | rR:mu sigma m M 0.00 0.00 0.00 0.00 | F:mu sigma m M 58.0 43.1 4.0 180.0 | H 1.098 | V 0.004 | pL 0.002 | vL 0.000 | delta 0.002
U 113 | F 231424 | FPS 0080 | D 2581 | rR:mu sigma m M 0.02 0.15 0.00 0.89 | F:mu sigma m M 55.1 56.2 6.0 324.0 | H 1.095 | V 0.012 | pL -0.005 | vL 0.002 | delta 0.019
U 114 | F 233472 | FPS 0074 | D 2609 | rR:mu sigma m M 0.00 0.00 0.00 0.00 | F:mu sigma m M 78.8 52.8 14.0 245.0 | H 1.097 | V 0.010 | pL 0.002 | vL 0.000 | delta 0.006
U 115 | F 235520 | FPS 0085 | D 2633 | rR:mu sigma m M 0.00 0.00 0.00 0.00 | F:mu sigma m M 72.1 55.0 6.0 212.0 | H 1.098 | V 0.004 | pL 0.002 | vL 0.000 | delta 0.003
U 116 | F 237568 | FPS 0087 | D 2657 | rR:mu sigma m M 0.00 0.00 0.00 0.00 | F:mu sigma m M 55.4 42.8 4.0 168.0 | H 1.095 | V 0.008 | pL 0.002 | vL 0.000 | delta 0.009
U 117 | F 239616 | FPS 0084 | D 2681 | rR:mu sigma m M 0.05 0.19 0.00 0.80 | F:mu sigma m M 57.9 50.6 6.0 185.0 | H 1.097 | V 0.015 | pL -0.013 | vL 0.003 | delta 0.024
U 118 | F 241664 | FPS 0094 | D 2703 | rR:mu sigma m M 0.03 0.15 0.00 0.89 | F:mu sigma m M 59.5 47.5 4.0 196.0 | H 1.095 | V 0.020 | pL -0.002 | vL 0.002 | delta 0.018
U 119 | F 243712 | FPS 0093 | D 2725 | rR:mu sigma m M 0.03 0.16 0.00 0.83 | F:mu sigma m M 51.1 47.5 4.0 265.0 | H 1.095 | V 0.036 | pL -0.002 | vL 0.006 | delta 0.033
U 120 | F 245760 | FPS 0094 | D 2747 | rR:mu sigma m M 0.00 0.00 0.00 0.00 | F:mu sigma m M 40.6 34.6 6.0 164.0 | H 1.097 | V 0.014 | pL 0.002 | vL 0.000 | delta 0.006
U 121 | F 247808 | FPS 0097 | D 2768 | rR:mu sigma m M 0.03 0.12 0.00 0.60 | F:mu sigma m M 92.6 80.7 5.0 324.0 | H 1.097 | V 0.013 | pL -0.002 | vL 0.000 | delta 0.009
U 122 | F 249856 | FPS 0102 | D 2788 | rR:mu sigma m M 0.03 0.15 0.00 0.91 | F:mu sigma m M 66.2 66.1 4.0 251.0 | H 1.095 | V 0.023 | pL -0.003 | vL 0.002 | delta 0.023
U 123 | F 251904 | FPS 0088 | D 2811 | rR:mu sigma m M 0.00 0.00 0.00 0.00 | F:mu sigma m M 51.0 40.9 11.0 180.0 | H 1.096 | V 0.011 | pL 0.006 | vL 0.000 | delta 0.008
U 124 | F 253952 | FPS 0086 | D 2835 | rR:mu sigma m M 0.00 0.00 0.00 0.00 | F:mu sigma m M 58.9 58.4 8.0 225.0 | H 1.097 | V 0.011 | pL 0.004 | vL 0.001 | delta 0.009
U 125 | F 256000 | FPS 0090 | D 2858 | rR:mu sigma m M 0.02 0.11 0.00 0.72 | F:mu sigma m M 59.0 50.8 5.0 252.0 | H 1.095 | V 0.011 | pL -0.004 | vL 0.001 | delta 0.012
U 126 | F 258048 | FPS 0085 | D 2882 | rR:mu sigma m M 0.00 0.00 0.00 0.00 | F:mu sigma m M 50.0 36.5 4.0 133.0 | H 1.097 | V 0.006 | pL 0.003 | vL 0.000 | delta 0.002
U 127 | F 260096 | FPS 0086 | D 2906 | rR:mu sigma m M 0.00 0.00 0.00 0.00 | F:mu sigma m M 62.1 50.9 4.0 284.0 | H 1.098 | V 0.004 | pL 0.002 | vL 0.000 | delta 0.002
U 128 | F 262144 | FPS 0095 | D 2927 | rR:mu sigma m M 0.00 0.00 0.00 0.00 | F:mu sigma m M 66.4 52.3 10.0 195.0 | H 1.098 | V 0.003 | pL 0.002 | vL 0.000 | delta 0.001
U 129 | F 264192 | FPS 0088 | D 2951 | rR:mu sigma m M 0.03 0.15 0.00 0.88 | F:mu sigma m M 57.2 54.8 6.0 234.0 | H 1.091 | V 0.012 | pL -0.003 | vL 0.003 | delta 0.024
U 130 | F 266240 | FPS 0082 | D 2976 | rR:mu sigma m M 0.03 0.14 0.00 0.76 | F:mu sigma m M 72.4 56.9 18.0 228.0 | H 1.090 | V 0.023 | pL 0.002 | vL 0.001 | delta 0.015
U 131 | F 268288 | FPS 0089 | D 2999 | rR:mu sigma m M 0.00 0.00 0.00 0.00 | F:mu sigma m M 76.0 67.5 11.0 324.0 | H 1.093 | V 0.022 | pL 0.010 | vL 0.002 | delta 0.012
U 132 | F 270336 | FPS 0088 | D 3022 | rR:mu sigma m M 0.02 0.08 0.00 0.43 | F:mu sigma m M 70.7 56.7 4.0 207.0 | H 1.094 | V 0.025 | pL 0.001 | vL 0.001 | delta 0.010
U 133 | F 272384 | FPS 0082 | D 3047 | rR:mu sigma m M 0.02 0.14 0.00 0.80 | F:mu sigma m M 70.2 57.7 5.0 263.0 | H 1.090 | V 0.023 | pL 0.001 | vL 0.001 | delta 0.024
U 134 | F 274432 | FPS 0086 | D 3071 | rR:mu sigma m M 0.00 0.00 0.00 0.00 | F:mu sigma m M 50.8 44.0 7.0 245.0 | H 1.098 | V 0.012 | pL 0.005 | vL 0.000 | delta 0.004
U 135 | F 276480 | FPS 0104 | D 3091 | rR:mu sigma m M 0.00 0.00 0.00 0.00 | F:mu sigma m M 73.0 46.6 8.0 175.0 | H 1.097 | V 0.012 | pL 0.005 | vL 0.000 | delta 0.006
U 136 | F 278528 | FPS 0090 | D 3113 | rR:mu sigma m M 0.01 0.06 0.00 0.29 | F:mu sigma m M 84.0 52.1 21.0 254.0 | H 1.096 | V 0.008 | pL -0.000 | vL 0.000 | delta 0.004
U 137 | F 280576 | FPS 0100 | D 3134 | rR:mu sigma m M 0.00 0.00 0.00 0.00 | F:mu sigma m M 70.2 67.8 4.0 296.0 | H 1.098 | V 0.005 | pL 0.002 | vL 0.000 | delta 0.001
U 138 | F 282624 | FPS 0088 | D 3157 | rR:mu sigma m M 0.00 0.00 0.00 0.00 | F:mu sigma m M 55.5 35.8 4.0 135.0 | H 1.098 | V 0.007 | pL 0.001 | vL 0.000 | delta 0.003
U 139 | F 284672 | FPS 0082 | D 3182 | rR:mu sigma m M 0.00 0.00 0.00 0.00 | F:mu sigma m M 58.9 51.5 6.0 198.0 | H 1.097 | V 0.007 | pL 0.000 | vL 0.000 | delta 0.004
U 140 | F 286720 | FPS 0086 | D 3206 | rR:mu sigma m M 0.03 0.14 0.00 0.72 | F:mu sigma m M 76.9 56.0 6.0 236.0 | H 1.089 | V 0.010 | pL -0.003 | vL 0.002 | delta 0.014
U 141 | F 288768 | FPS 0091 | D 3229 | rR:mu sigma m M 0.04 0.18 0.00 0.91 | F:mu sigma m M 73.6 76.2 14.0 324.0 | H 1.089 | V 0.014 | pL -0.011 | vL 0.003 | delta 0.023
U 142 | F 290816 | FPS 0088 | D 3252 | rR:mu sigma m M 0.00 0.00 0.00 0.00 | F:mu sigma m M 47.9 30.7 6.0 121.0 | H 1.098 | V 0.007 | pL 0.002 | vL 0.000 | delta 0.006
U 143 | F 292864 | FPS 0090 | D 3274 | rR:mu sigma m M 0.00 0.00 0.00 0.00 | F:mu sigma m M 73.3 60.6 12.0 243.0 | H 1.097 | V 0.009 | pL 0.003 | vL 0.000 | delta 0.004
U 144 | F 294912 | FPS 0090 | D 3297 | rR:mu sigma m M 0.00 0.00 0.00 0.00 | F:mu sigma m M 69.9 64.7 6.0 247.0 | H 1.098 | V 0.007 | pL 0.003 | vL 0.000 | delta 0.003
U 145 | F 296960 | FPS 0087 | D 3321 | rR:mu sigma m M 0.05 0.19 0.00 0.78 | F:mu sigma m M 64.2 54.7 8.0 252.0 | H 1.090 | V 0.015 | pL -0.009 | vL 0.002 | delta 0.023
U 146 | F 299008 | FPS 0099 | D 3341 | rR:mu sigma m M 0.02 0.14 0.00 0.88 | F:mu sigma m M 60.9 58.4 6.0 285.0 | H 1.077 | V 0.007 | pL -0.007 | vL 0.003 | delta 0.022
U 147 | F 301056 | FPS 0109 | D 3360 | rR:mu sigma m M 0.05 0.20 0.00 0.90 | F:mu sigma m M 46.9 30.8 4.0 137.0 | H 1.090 | V 0.022 | pL -0.007 | vL 0.004 | delta 0.072
U 148 | F 303104 | FPS 0090 | D 3383 | rR:mu sigma m M 0.09 0.26 0.00 0.89 | F:mu sigma m M 56.0 41.9 8.0 159.0 | H 1.076 | V 0.051 | pL -0.011 | vL 0.009 | delta 0.045
U 149 | F 305152 | FPS 0094 | D 3405 | rR:mu sigma m M 0.07 0.22 0.00 0.88 | F:mu sigma m M 64.0 52.3 6.0 212.0 | H 1.055 | V 0.052 | pL -0.003 | vL 0.004 | delta 0.048
U 150 | F 307200 | FPS 0072 | D 3433 | rR:mu sigma m M 0.06 0.22 0.00 0.88 | F:mu sigma m M 62.9 35.2 11.0 160.0 | H 1.065 | V 0.043 | pL -0.013 | vL 0.007 | delta 0.049
U 151 | F 309248 | FPS 0083 | D 3458 | rR:mu sigma m M 0.15 0.31 0.00 0.93 | F:mu sigma m M 79.3 55.8 19.0 220.0 | H 1.061 | V 0.051 | pL -0.012 | vL 0.007 | delta 0.065
U 152 | F 311296 | FPS 0096 | D 3479 | rR:mu sigma m M 0.08 0.24 0.00 0.91 | F:mu sigma m M 54.9 43.9 10.0 207.0 | H 1.047 | V 0.063 | pL -0.012 | vL 0.008 | delta 0.056
U 153 | F 313344 | FPS 0087 | D 3503 | rR:mu sigma m M 0.18 0.34 0.00 0.91 | F:mu sigma m M 58.6 43.5 11.0 250.0 | H 1.009 | V 0.121 | pL -0.022 | vL 0.009 | delta 0.064
U 154 | F 315392 | FPS 0099 | D 3524 | rR:mu sigma m M 0.23 0.38 0.00 0.96 | F:mu sigma m M 47.9 38.3 4.0 177.0 | H 0.986 | V 0.153 | pL -0.025 | vL 0.014 | delta 0.075
U 155 | F 317440 | FPS 0095 | D 3545 | rR:mu sigma m M 0.32 0.41 0.00 0.94 | F:mu sigma m M 49.0 38.8 4.0 192.0 | H 0.946 | V 0.215 | pL -0.043 | vL 0.023 | delta 0.125
U 156 | F 319488 | FPS 0102 | D 3565 | rR:mu sigma m M 0.57 0.41 0.00 0.95 | F:mu sigma m M 44.9 22.0 4.0 97.0 | H 0.809 | V 0.374 | pL -0.089 | vL 0.027 | delta 0.233
U 157 | F 321536 | FPS 0108 | D 3584 | rR:mu sigma m M 0.72 0.32 0.00 0.94 | F:mu sigma m M 47.7 22.4 12.0 110.0 | H 0.815 | V 0.443 | pL -0.079 | vL 0.018 | delta 0.161
U 158 | F 323584 | FPS 0113 | D 3602 | rR:mu sigma m M 0.76 0.32 0.00 0.95 | F:mu sigma m M 38.8 24.1 8.0 160.0 | H 0.707 | V 0.551 | pL -0.083 | vL 0.025 | delta 0.267
U 159 | F 325632 | FPS 0124 | D 3619 | rR:mu sigma m M 0.85 0.23 0.00 0.96 | F:mu sigma m M 34.7 20.1 14.0 139.0 | H 0.655 | V 0.635 | pL -0.075 | vL 0.014 | delta 0.237
U 160 | F 327680 | FPS 0136 | D 3634 | rR:mu sigma m M 0.89 0.16 0.00 0.96 | F:mu sigma m M 29.7 15.2 14.0 111.0 | H 0.596 | V 0.726 | pL -0.063 | vL 0.012 | delta 0.185
U 161 | F 329728 | FPS 0141 | D 3648 | rR:mu sigma m M 0.92 0.02 0.88 0.95 | F:mu sigma m M 27.2 6.9 17.0 44.0 | H 0.516 | V 0.788 | pL -0.040 | vL 0.002 | delta 0.060
agent reach optimality, start collecting trajectories
agent successfully collected 10 trajectories
pickling optimal trajectories
Model successfully saved
/home/rdali/.local/easybuild/software/2017/Core/miniconda3/4.3.27/envs/observe/lib/python3.6/site-packages/torch/nn/functional.py:1906: UserWarning: reduction: 'mean' divides the total loss by both the batch size and the support size.'batchmean' divides only by the batch size, and aligns with the KL div math definition.'mean' will be changed to behave the same as 'batchmean' in the next major release.
  warnings.warn("reduction: 'mean' divides the total loss by both the batch size and the support size."
