The following modules were not unloaded:
  (Use "module --force purge" to unload all):

  1) nixpkgs/16.09     4) icc/.2018.3.222     7) openmpi/3.1.2
  2) imkl/2018.3.222   5) ifort/.2018.3.222   8) StdEnv/2018.3
  3) gcccore/.7.3.0    6) intel/2018.3

Due to MODULEPATH changes, the following have been reloaded:
  1) openmpi/3.1.2


Due to MODULEPATH changes, the following have been reloaded:
  1) openmpi/3.1.2

Attention: While Conda works well in a desktop environment, it tends to create more problems than it solves on a cluster. Instead, we recommend that users use virtual environments and the binary packages that we provide through Python wheels as documented on the Python page.
/home/rdali/RL/watch_and_learn/dependency/rl-starter-files/scripts/train_agent_multidem.py --env MiniGrid-LavaCrossingAgent-v0 --algo ppo --nameDemonstrator crossAddict1,crossAddict2,crossAddict3,crossAddict5,crossAddict6,crossAddict7 --flat-model 0 --KLweight 0.01 --useKL 1 --meanReward 0.80 --rewardLB 0.70 --seed 7863

Namespace(KLweight=0.01, algo='ppo', batch_size=256, clip_eps=0.2, discount=0.99, entropy_coef=0.01, env='MiniGrid-LavaCrossingAgent-v0', epochs=4, flat_model=0, frames=10000000, frames_per_proc=None, full_obs=0, gae_lambda=0.95, log_interval=1, lr=0.0007, max_grad_norm=0.5, meanReward=0.8, mem=False, model=None, nameDemonstrator='crossAddict1,crossAddict2,crossAddict3,crossAddict5,crossAddict6,crossAddict7', optim_alpha=0.99, optim_eps=1e-05, procs=16, recurrence=1, rewardLB=0.7, save_interval=0, seed=7863, tb=False, text=False, useKL=1, value_loss_coef=0.5)

Flat model successfully created

ACModel(
  (image_conv): Sequential(
    (0): Conv2d(3, 32, kernel_size=(2, 2), stride=(1, 1))
    (1): ReLU()
    (2): MaxPool2d(kernel_size=(2, 2), stride=(2, 2), padding=0, dilation=1, ceil_mode=False)
    (3): Conv2d(32, 64, kernel_size=(2, 2), stride=(1, 1))
    (4): ReLU()
    (5): Conv2d(64, 64, kernel_size=(2, 2), stride=(1, 1))
    (6): ReLU()
  )
  (actor): Sequential(
    (0): Linear(in_features=256, out_features=64, bias=True)
    (1): Tanh()
    (2): Linear(in_features=64, out_features=3, bias=True)
  )
  (critic): Sequential(
    (0): Linear(in_features=256, out_features=64, bias=True)
    (1): Tanh()
    (2): Linear(in_features=64, out_features=1, bias=True)
  )
)

CUDA available: False

1
True
0.01
Using TensorFlow backend.
OMP: Info #212: KMP_AFFINITY: decoding x2APIC ids.
OMP: Info #210: KMP_AFFINITY: Affinity capable, using global cpuid leaf 11 info
OMP: Info #154: KMP_AFFINITY: Initial OS proc set respected: 13,14,16,18,21
OMP: Info #156: KMP_AFFINITY: 5 available OS procs
OMP: Info #158: KMP_AFFINITY: Nonuniform topology
OMP: Info #179: KMP_AFFINITY: 2 packages x 3 cores/pkg x 1 threads/core (5 total cores)
OMP: Info #214: KMP_AFFINITY: OS proc to physical thread map:
OMP: Info #171: KMP_AFFINITY: OS proc 16 maps to package 0 core 9 
OMP: Info #171: KMP_AFFINITY: OS proc 18 maps to package 0 core 10 
OMP: Info #171: KMP_AFFINITY: OS proc 14 maps to package 0 core 11 
OMP: Info #171: KMP_AFFINITY: OS proc 13 maps to package 1 core 8 
OMP: Info #171: KMP_AFFINITY: OS proc 21 maps to package 1 core 16 
OMP: Info #250: KMP_AFFINITY: pid 403486 tid 403486 thread 0 bound to OS proc set 16
OMP: Info #250: KMP_AFFINITY: pid 403486 tid 403582 thread 1 bound to OS proc set 13
OMP: Info #250: KMP_AFFINITY: pid 403486 tid 403583 thread 2 bound to OS proc set 18
OMP: Info #250: KMP_AFFINITY: pid 403486 tid 403584 thread 3 bound to OS proc set 21
OMP: Info #250: KMP_AFFINITY: pid 403486 tid 403585 thread 4 bound to OS proc set 14
OMP: Info #250: KMP_AFFINITY: pid 403486 tid 403657 thread 5 bound to OS proc set 16
OMP: Info #250: KMP_AFFINITY: pid 403486 tid 403656 thread 6 bound to OS proc set 13
OMP: Info #250: KMP_AFFINITY: pid 403486 tid 403685 thread 7 bound to OS proc set 18
OMP: Info #250: KMP_AFFINITY: pid 403486 tid 403686 thread 8 bound to OS proc set 21
OMP: Info #250: KMP_AFFINITY: pid 403486 tid 403688 thread 10 bound to OS proc set 16
OMP: Info #250: KMP_AFFINITY: pid 403486 tid 403687 thread 9 bound to OS proc set 14
OMP: Info #250: KMP_AFFINITY: pid 403486 tid 403732 thread 11 bound to OS proc set 13
OMP: Info #250: KMP_AFFINITY: pid 403486 tid 403733 thread 12 bound to OS proc set 18
OMP: Info #250: KMP_AFFINITY: pid 403486 tid 403734 thread 13 bound to OS proc set 21
OMP: Info #250: KMP_AFFINITY: pid 403486 tid 403735 thread 14 bound to OS proc set 14
OMP: Info #250: KMP_AFFINITY: pid 403486 tid 403736 thread 15 bound to OS proc set 16
U 1 | F 002048 | FPS 0081 | D 25 | rR:mu sigma m M 0.03 0.17 0.00 0.91 | F:mu sigma m M 36.1 28.8 4.0 124.0 | H 1.049 | V -0.135 | pL -0.062 | vL 0.007 | delta 0.103
U 2 | F 004096 | FPS 0110 | D 43 | rR:mu sigma m M 0.00 0.00 0.00 0.00 | F:mu sigma m M 53.4 43.9 5.0 181.0 | H 1.057 | V -0.100 | pL -0.053 | vL 0.002 | delta 0.040
U 3 | F 006144 | FPS 0097 | D 64 | rR:mu sigma m M 0.00 0.00 0.00 0.00 | F:mu sigma m M 54.8 53.0 5.0 252.0 | H 1.050 | V -0.061 | pL -0.039 | vL 0.001 | delta 0.032
U 4 | F 008192 | FPS 0113 | D 83 | rR:mu sigma m M 0.00 0.00 0.00 0.00 | F:mu sigma m M 43.0 38.9 4.0 215.0 | H 1.092 | V -0.033 | pL -0.020 | vL 0.000 | delta 0.013
U 5 | F 010240 | FPS 0105 | D 102 | rR:mu sigma m M 0.02 0.13 0.00 0.73 | F:mu sigma m M 52.8 31.6 9.0 136.0 | H 1.084 | V -0.013 | pL -0.016 | vL 0.002 | delta 0.017
U 6 | F 012288 | FPS 0109 | D 121 | rR:mu sigma m M 0.00 0.00 0.00 0.00 | F:mu sigma m M 49.7 55.3 5.0 324.0 | H 1.097 | V -0.007 | pL -0.006 | vL 0.000 | delta 0.016
U 7 | F 014336 | FPS 0095 | D 143 | rR:mu sigma m M 0.00 0.00 0.00 0.00 | F:mu sigma m M 49.8 39.4 6.0 200.0 | H 1.098 | V -0.003 | pL -0.002 | vL 0.000 | delta 0.003
U 8 | F 016384 | FPS 0096 | D 164 | rR:mu sigma m M 0.02 0.10 0.00 0.62 | F:mu sigma m M 54.1 49.6 5.0 253.0 | H 1.094 | V 0.005 | pL -0.007 | vL 0.001 | delta 0.014
U 9 | F 018432 | FPS 0088 | D 187 | rR:mu sigma m M 0.04 0.17 0.00 0.84 | F:mu sigma m M 54.8 44.0 4.0 177.0 | H 1.084 | V 0.013 | pL -0.010 | vL 0.002 | delta 0.046
U 10 | F 020480 | FPS 0096 | D 209 | rR:mu sigma m M 0.00 0.00 0.00 0.00 | F:mu sigma m M 59.9 51.7 4.0 202.0 | H 1.095 | V 0.021 | pL 0.008 | vL 0.000 | delta 0.030
U 11 | F 022528 | FPS 0080 | D 234 | rR:mu sigma m M 0.02 0.13 0.00 0.82 | F:mu sigma m M 49.0 44.1 4.0 246.0 | H 1.092 | V 0.024 | pL 0.001 | vL 0.003 | delta 0.047
U 12 | F 024576 | FPS 0099 | D 255 | rR:mu sigma m M 0.02 0.11 0.00 0.74 | F:mu sigma m M 49.6 43.4 4.0 182.0 | H 1.094 | V 0.031 | pL 0.008 | vL 0.002 | delta 0.033
U 13 | F 026624 | FPS 0087 | D 279 | rR:mu sigma m M 0.02 0.13 0.00 0.81 | F:mu sigma m M 58.4 46.3 4.0 200.0 | H 1.096 | V 0.022 | pL 0.000 | vL 0.001 | delta 0.021
U 14 | F 028672 | FPS 0092 | D 301 | rR:mu sigma m M 0.00 0.00 0.00 0.00 | F:mu sigma m M 49.6 33.2 4.0 183.0 | H 1.097 | V 0.010 | pL 0.003 | vL 0.000 | delta 0.024
U 15 | F 030720 | FPS 0097 | D 322 | rR:mu sigma m M 0.00 0.00 0.00 0.00 | F:mu sigma m M 61.9 50.5 4.0 202.0 | H 1.098 | V 0.008 | pL 0.004 | vL 0.000 | delta 0.008
U 16 | F 032768 | FPS 0082 | D 347 | rR:mu sigma m M 0.00 0.00 0.00 0.00 | F:mu sigma m M 67.6 55.4 12.0 217.0 | H 1.098 | V 0.008 | pL 0.004 | vL 0.000 | delta 0.005
U 17 | F 034816 | FPS 0089 | D 370 | rR:mu sigma m M 0.02 0.14 0.00 0.86 | F:mu sigma m M 54.5 44.1 4.0 241.0 | H 1.094 | V 0.009 | pL -0.005 | vL 0.001 | delta 0.042
U 18 | F 036864 | FPS 0080 | D 395 | rR:mu sigma m M 0.00 0.00 0.00 0.00 | F:mu sigma m M 61.6 54.8 6.0 266.0 | H 1.098 | V 0.005 | pL 0.002 | vL 0.000 | delta 0.003
U 19 | F 038912 | FPS 0089 | D 418 | rR:mu sigma m M 0.00 0.00 0.00 0.00 | F:mu sigma m M 68.9 52.0 5.0 203.0 | H 1.098 | V 0.004 | pL 0.002 | vL 0.000 | delta 0.003
U 20 | F 040960 | FPS 0093 | D 440 | rR:mu sigma m M 0.02 0.09 0.00 0.54 | F:mu sigma m M 67.9 57.9 7.0 270.0 | H 1.096 | V 0.010 | pL -0.003 | vL 0.000 | delta 0.061
U 21 | F 043008 | FPS 0107 | D 459 | rR:mu sigma m M 0.00 0.00 0.00 0.00 | F:mu sigma m M 60.5 44.5 6.0 168.0 | H 1.097 | V 0.006 | pL 0.003 | vL 0.000 | delta 0.024
U 22 | F 045056 | FPS 0097 | D 481 | rR:mu sigma m M 0.00 0.00 0.00 0.00 | F:mu sigma m M 61.4 52.5 4.0 267.0 | H 1.098 | V 0.008 | pL 0.003 | vL 0.000 | delta 0.008
U 23 | F 047104 | FPS 0088 | D 504 | rR:mu sigma m M 0.02 0.13 0.00 0.84 | F:mu sigma m M 53.0 42.3 4.0 196.0 | H 1.093 | V 0.012 | pL -0.006 | vL 0.002 | delta 0.028
U 24 | F 049152 | FPS 0098 | D 525 | rR:mu sigma m M 0.00 0.00 0.00 0.00 | F:mu sigma m M 58.7 43.5 4.0 175.0 | H 1.097 | V 0.004 | pL 0.003 | vL 0.000 | delta 0.007
U 25 | F 051200 | FPS 0097 | D 546 | rR:mu sigma m M 0.02 0.12 0.00 0.69 | F:mu sigma m M 60.9 46.0 4.0 184.0 | H 1.097 | V 0.005 | pL -0.005 | vL 0.002 | delta 0.057
U 26 | F 053248 | FPS 0090 | D 569 | rR:mu sigma m M 0.02 0.13 0.00 0.79 | F:mu sigma m M 61.3 48.0 8.0 175.0 | H 1.095 | V 0.023 | pL 0.003 | vL 0.002 | delta 0.036
U 27 | F 055296 | FPS 0102 | D 589 | rR:mu sigma m M 0.00 0.00 0.00 0.00 | F:mu sigma m M 66.5 58.9 5.0 257.0 | H 1.097 | V 0.021 | pL 0.010 | vL 0.000 | delta 0.016
U 28 | F 057344 | FPS 0092 | D 611 | rR:mu sigma m M 0.03 0.16 0.00 0.86 | F:mu sigma m M 65.3 48.9 7.0 175.0 | H 1.092 | V 0.029 | pL 0.001 | vL 0.002 | delta 0.055
U 29 | F 059392 | FPS 0088 | D 634 | rR:mu sigma m M 0.02 0.15 0.00 0.89 | F:mu sigma m M 62.7 62.6 8.0 288.0 | H 1.090 | V 0.038 | pL -0.001 | vL 0.003 | delta 0.054
U 30 | F 061440 | FPS 0084 | D 659 | rR:mu sigma m M 0.02 0.11 0.00 0.72 | F:mu sigma m M 49.1 45.0 5.0 254.0 | H 1.094 | V 0.026 | pL 0.009 | vL 0.001 | delta 0.036
U 31 | F 063488 | FPS 0095 | D 680 | rR:mu sigma m M 0.00 0.00 0.00 0.00 | F:mu sigma m M 55.9 40.9 12.0 191.0 | H 1.096 | V 0.014 | pL 0.009 | vL 0.000 | delta 0.018
U 32 | F 065536 | FPS 0097 | D 701 | rR:mu sigma m M 0.00 0.00 0.00 0.00 | F:mu sigma m M 49.1 37.3 4.0 167.0 | H 1.097 | V 0.006 | pL 0.003 | vL 0.000 | delta 0.007
U 33 | F 067584 | FPS 0090 | D 724 | rR:mu sigma m M 0.00 0.00 0.00 0.00 | F:mu sigma m M 55.4 34.5 13.0 138.0 | H 1.096 | V 0.006 | pL 0.003 | vL 0.000 | delta 0.009
U 34 | F 069632 | FPS 0088 | D 747 | rR:mu sigma m M 0.01 0.07 0.00 0.38 | F:mu sigma m M 83.9 71.6 9.0 324.0 | H 1.097 | V 0.009 | pL -0.001 | vL 0.000 | delta 0.010
U 35 | F 071680 | FPS 0082 | D 772 | rR:mu sigma m M 0.03 0.15 0.00 0.82 | F:mu sigma m M 67.2 45.4 4.0 164.0 | H 1.092 | V 0.016 | pL -0.004 | vL 0.001 | delta 0.022
U 36 | F 073728 | FPS 0094 | D 794 | rR:mu sigma m M 0.00 0.00 0.00 0.00 | F:mu sigma m M 58.0 48.0 4.0 230.0 | H 1.097 | V 0.001 | pL 0.002 | vL 0.000 | delta 0.005
U 37 | F 075776 | FPS 0087 | D 818 | rR:mu sigma m M 0.02 0.14 0.00 0.88 | F:mu sigma m M 45.8 39.2 6.0 191.0 | H 1.089 | V 0.008 | pL -0.007 | vL 0.002 | delta 0.028
U 38 | F 077824 | FPS 0092 | D 840 | rR:mu sigma m M 0.00 0.00 0.00 0.00 | F:mu sigma m M 54.2 42.9 5.0 162.0 | H 1.096 | V 0.021 | pL 0.007 | vL 0.001 | delta 0.016
U 39 | F 079872 | FPS 0082 | D 865 | rR:mu sigma m M 0.00 0.00 0.00 0.00 | F:mu sigma m M 72.5 66.0 5.0 270.0 | H 1.095 | V 0.012 | pL 0.006 | vL 0.000 | delta 0.007
U 40 | F 081920 | FPS 0084 | D 889 | rR:mu sigma m M 0.03 0.16 0.00 0.86 | F:mu sigma m M 72.9 52.4 6.0 264.0 | H 1.096 | V 0.011 | pL -0.005 | vL 0.001 | delta 0.017
U 41 | F 083968 | FPS 0083 | D 914 | rR:mu sigma m M 0.00 0.00 0.00 0.00 | F:mu sigma m M 58.8 59.0 6.0 190.0 | H 1.096 | V 0.013 | pL 0.004 | vL 0.000 | delta 0.013
U 42 | F 086016 | FPS 0095 | D 935 | rR:mu sigma m M 0.00 0.00 0.00 0.00 | F:mu sigma m M 85.3 69.3 4.0 324.0 | H 1.096 | V 0.014 | pL 0.005 | vL 0.000 | delta 0.005
U 43 | F 088064 | FPS 0091 | D 958 | rR:mu sigma m M 0.00 0.00 0.00 0.00 | F:mu sigma m M 71.7 57.9 8.0 248.0 | H 1.096 | V 0.013 | pL 0.004 | vL 0.000 | delta 0.005
U 44 | F 090112 | FPS 0086 | D 982 | rR:mu sigma m M 0.00 0.00 0.00 0.00 | F:mu sigma m M 49.1 41.7 4.0 195.0 | H 1.097 | V 0.005 | pL 0.003 | vL 0.000 | delta 0.003
U 45 | F 092160 | FPS 0085 | D 1006 | rR:mu sigma m M 0.03 0.15 0.00 0.83 | F:mu sigma m M 75.3 76.8 6.0 324.0 | H 1.096 | V 0.014 | pL -0.005 | vL 0.002 | delta 0.026
U 46 | F 094208 | FPS 0084 | D 1030 | rR:mu sigma m M 0.00 0.00 0.00 0.00 | F:mu sigma m M 64.6 48.7 10.0 207.0 | H 1.098 | V 0.003 | pL 0.001 | vL 0.000 | delta 0.006
U 47 | F 096256 | FPS 0093 | D 1052 | rR:mu sigma m M 0.00 0.00 0.00 0.00 | F:mu sigma m M 65.4 61.1 6.0 304.0 | H 1.098 | V 0.002 | pL 0.000 | vL 0.000 | delta 0.003
U 48 | F 098304 | FPS 0093 | D 1074 | rR:mu sigma m M 0.02 0.13 0.00 0.70 | F:mu sigma m M 54.0 37.4 4.0 148.0 | H 1.095 | V 0.008 | pL -0.004 | vL 0.001 | delta 0.016
U 49 | F 100352 | FPS 0090 | D 1097 | rR:mu sigma m M 0.00 0.02 0.00 0.14 | F:mu sigma m M 67.0 68.3 6.0 311.0 | H 1.094 | V 0.011 | pL 0.002 | vL 0.000 | delta 0.009
U 50 | F 102400 | FPS 0079 | D 1123 | rR:mu sigma m M 0.02 0.11 0.00 0.58 | F:mu sigma m M 56.7 38.2 12.0 152.0 | H 1.098 | V 0.008 | pL -0.004 | vL 0.000 | delta 0.026
U 51 | F 104448 | FPS 0099 | D 1144 | rR:mu sigma m M 0.00 0.00 0.00 0.00 | F:mu sigma m M 59.5 44.7 8.0 193.0 | H 1.096 | V 0.004 | pL -0.002 | vL 0.000 | delta 0.030
U 52 | F 106496 | FPS 0089 | D 1167 | rR:mu sigma m M 0.04 0.18 0.00 0.91 | F:mu sigma m M 58.6 49.9 4.0 223.0 | H 1.094 | V 0.014 | pL -0.005 | vL 0.002 | delta 0.061
U 53 | F 108544 | FPS 0104 | D 1186 | rR:mu sigma m M 0.00 0.00 0.00 0.00 | F:mu sigma m M 43.2 39.8 4.0 172.0 | H 1.092 | V 0.020 | pL -0.003 | vL 0.002 | delta 0.038
U 54 | F 110592 | FPS 0095 | D 1208 | rR:mu sigma m M 0.02 0.11 0.00 0.68 | F:mu sigma m M 61.9 51.9 4.0 212.0 | H 1.093 | V 0.016 | pL 0.005 | vL 0.001 | delta 0.020
U 55 | F 112640 | FPS 0097 | D 1229 | rR:mu sigma m M 0.04 0.15 0.00 0.71 | F:mu sigma m M 56.0 44.0 8.0 194.0 | H 1.088 | V 0.042 | pL -0.004 | vL 0.003 | delta 0.042
U 56 | F 114688 | FPS 0091 | D 1251 | rR:mu sigma m M 0.00 0.00 0.00 0.00 | F:mu sigma m M 51.2 44.9 4.0 202.0 | H 1.093 | V -0.000 | pL 0.000 | vL 0.000 | delta 0.024
U 57 | F 116736 | FPS 0094 | D 1273 | rR:mu sigma m M 0.00 0.00 0.00 0.00 | F:mu sigma m M 61.0 53.2 4.0 245.0 | H 1.091 | V 0.006 | pL 0.001 | vL 0.000 | delta 0.007
U 58 | F 118784 | FPS 0107 | D 1292 | rR:mu sigma m M 0.00 0.00 0.00 0.00 | F:mu sigma m M 61.7 53.2 4.0 218.0 | H 1.098 | V 0.002 | pL 0.001 | vL 0.000 | delta 0.002
U 59 | F 120832 | FPS 0093 | D 1314 | rR:mu sigma m M 0.00 0.00 0.00 0.00 | F:mu sigma m M 66.3 61.2 9.0 324.0 | H 1.098 | V 0.002 | pL 0.001 | vL 0.000 | delta 0.001
U 60 | F 122880 | FPS 0083 | D 1339 | rR:mu sigma m M 0.00 0.00 0.00 0.00 | F:mu sigma m M 72.6 67.3 4.0 324.0 | H 1.098 | V 0.002 | pL 0.000 | vL 0.000 | delta 0.003
U 61 | F 124928 | FPS 0098 | D 1360 | rR:mu sigma m M 0.00 0.00 0.00 0.00 | F:mu sigma m M 78.0 73.5 4.0 324.0 | H 1.096 | V 0.002 | pL 0.001 | vL 0.000 | delta 0.005
U 62 | F 126976 | FPS 0088 | D 1383 | rR:mu sigma m M 0.00 0.00 0.00 0.00 | F:mu sigma m M 68.7 46.6 9.0 199.0 | H 1.098 | V -0.000 | pL 0.000 | vL 0.000 | delta 0.001
U 63 | F 129024 | FPS 0084 | D 1407 | rR:mu sigma m M 0.03 0.15 0.00 0.82 | F:mu sigma m M 58.7 40.4 4.0 177.0 | H 1.094 | V 0.005 | pL -0.006 | vL 0.001 | delta 0.029
U 64 | F 131072 | FPS 0083 | D 1432 | rR:mu sigma m M 0.05 0.17 0.00 0.77 | F:mu sigma m M 77.1 46.7 13.0 160.0 | H 1.085 | V 0.030 | pL -0.006 | vL 0.003 | delta 0.045
U 65 | F 133120 | FPS 0100 | D 1453 | rR:mu sigma m M 0.05 0.19 0.00 0.90 | F:mu sigma m M 41.6 34.0 4.0 135.0 | H 1.077 | V 0.022 | pL -0.024 | vL 0.004 | delta 0.061
U 66 | F 135168 | FPS 0112 | D 1471 | rR:mu sigma m M 0.05 0.20 0.00 0.92 | F:mu sigma m M 39.4 30.8 6.0 165.0 | H 1.057 | V 0.029 | pL -0.024 | vL 0.010 | delta 0.065
U 67 | F 137216 | FPS 0104 | D 1491 | rR:mu sigma m M 0.16 0.33 0.00 0.95 | F:mu sigma m M 48.0 36.5 4.0 184.0 | H 1.036 | V 0.073 | pL -0.043 | vL 0.012 | delta 0.065
U 68 | F 139264 | FPS 0109 | D 1509 | rR:mu sigma m M 0.12 0.29 0.00 0.93 | F:mu sigma m M 40.2 32.6 7.0 153.0 | H 0.995 | V 0.112 | pL -0.003 | vL 0.009 | delta 0.085
U 69 | F 141312 | FPS 0121 | D 1526 | rR:mu sigma m M 0.08 0.25 0.00 0.94 | F:mu sigma m M 40.0 36.0 6.0 164.0 | H 1.044 | V 0.078 | pL -0.008 | vL 0.012 | delta 0.068
U 70 | F 143360 | FPS 0108 | D 1545 | rR:mu sigma m M 0.09 0.27 0.00 0.96 | F:mu sigma m M 42.6 31.9 4.0 134.0 | H 1.040 | V 0.083 | pL -0.009 | vL 0.011 | delta 0.061
U 71 | F 145408 | FPS 0109 | D 1564 | rR:mu sigma m M 0.14 0.32 0.00 0.94 | F:mu sigma m M 50.2 31.3 12.0 121.0 | H 1.017 | V 0.082 | pL -0.020 | vL 0.013 | delta 0.048
U 72 | F 147456 | FPS 0107 | D 1583 | rR:mu sigma m M 0.17 0.34 0.00 0.94 | F:mu sigma m M 50.6 52.7 4.0 324.0 | H 0.990 | V 0.099 | pL -0.028 | vL 0.016 | delta 0.062
U 73 | F 149504 | FPS 0099 | D 1604 | rR:mu sigma m M 0.28 0.42 0.00 0.96 | F:mu sigma m M 37.2 31.5 4.0 150.0 | H 0.972 | V 0.176 | pL -0.023 | vL 0.018 | delta 0.111
U 74 | F 151552 | FPS 0102 | D 1624 | rR:mu sigma m M 0.26 0.41 0.00 0.96 | F:mu sigma m M 46.5 33.7 6.0 150.0 | H 0.960 | V 0.170 | pL -0.017 | vL 0.019 | delta 0.083
U 75 | F 153600 | FPS 0099 | D 1645 | rR:mu sigma m M 0.37 0.44 0.00 0.96 | F:mu sigma m M 51.4 41.5 6.0 238.0 | H 0.944 | V 0.194 | pL -0.026 | vL 0.021 | delta 0.139
U 76 | F 155648 | FPS 0098 | D 1665 | rR:mu sigma m M 0.33 0.42 0.00 0.95 | F:mu sigma m M 53.8 34.1 4.0 150.0 | H 0.943 | V 0.203 | pL -0.022 | vL 0.018 | delta 0.093
U 77 | F 157696 | FPS 0104 | D 1685 | rR:mu sigma m M 0.46 0.44 0.00 0.96 | F:mu sigma m M 47.4 32.2 8.0 128.0 | H 0.849 | V 0.296 | pL -0.055 | vL 0.027 | delta 0.158
U 78 | F 159744 | FPS 0113 | D 1703 | rR:mu sigma m M 0.73 0.34 0.00 0.96 | F:mu sigma m M 48.9 47.6 4.0 301.0 | H 0.665 | V 0.468 | pL -0.077 | vL 0.028 | delta 0.183
U 79 | F 161792 | FPS 0144 | D 1717 | rR:mu sigma m M 0.82 0.29 0.00 0.96 | F:mu sigma m M 29.3 24.8 8.0 189.0 | H 0.448 | V 0.608 | pL -0.071 | vL 0.021 | delta 0.217
U 80 | F 163840 | FPS 0158 | D 1730 | rR:mu sigma m M 0.91 0.13 0.00 0.96 | F:mu sigma m M 27.8 31.8 14.0 275.0 | H 0.360 | V 0.737 | pL -0.079 | vL 0.009 | delta 0.159
U 81 | F 165888 | FPS 0179 | D 1742 | rR:mu sigma m M 0.94 0.10 0.00 0.96 | F:mu sigma m M 19.6 13.4 11.0 118.0 | H 0.352 | V 0.778 | pL -0.027 | vL 0.010 | delta 0.107
U 82 | F 167936 | FPS 0179 | D 1753 | rR:mu sigma m M 0.94 0.13 0.00 0.96 | F:mu sigma m M 17.7 10.5 14.0 92.0 | H 0.209 | V 0.813 | pL -0.005 | vL 0.006 | delta 0.096
U 83 | F 169984 | FPS 0185 | D 1764 | rR:mu sigma m M 0.94 0.09 0.00 0.96 | F:mu sigma m M 17.0 11.4 11.0 136.0 | H 0.197 | V 0.849 | pL 0.003 | vL 0.002 | delta 0.079
U 84 | F 172032 | FPS 0176 | D 1776 | rR:mu sigma m M 0.95 0.06 0.29 0.96 | F:mu sigma m M 19.0 22.6 14.0 257.0 | H 0.253 | V 0.840 | pL 0.004 | vL 0.004 | delta 0.051
U 85 | F 174080 | FPS 0161 | D 1789 | rR:mu sigma m M 0.94 0.09 0.00 0.96 | F:mu sigma m M 18.2 13.0 14.0 148.0 | H 0.300 | V 0.846 | pL 0.000 | vL 0.005 | delta 0.077
U 86 | F 176128 | FPS 0175 | D 1800 | rR:mu sigma m M 0.95 0.03 0.68 0.96 | F:mu sigma m M 18.0 10.3 14.0 115.0 | H 0.369 | V 0.836 | pL 0.006 | vL 0.003 | delta 0.062
U 87 | F 178176 | FPS 0160 | D 1813 | rR:mu sigma m M 0.93 0.10 0.00 0.96 | F:mu sigma m M 21.4 14.1 14.0 91.0 | H 0.457 | V 0.782 | pL 0.026 | vL 0.007 | delta 0.123
U 88 | F 180224 | FPS 0161 | D 1826 | rR:mu sigma m M 0.95 0.03 0.68 0.96 | F:mu sigma m M 19.3 11.0 14.0 117.0 | H 0.344 | V 0.860 | pL -0.013 | vL 0.001 | delta 0.037
U 89 | F 182272 | FPS 0174 | D 1838 | rR:mu sigma m M 0.94 0.09 0.00 0.96 | F:mu sigma m M 17.3 4.5 13.0 49.0 | H 0.318 | V 0.860 | pL -0.006 | vL 0.004 | delta 0.041
U 90 | F 184320 | FPS 0172 | D 1850 | rR:mu sigma m M 0.93 0.13 0.00 0.96 | F:mu sigma m M 18.3 6.7 14.0 54.0 | H 0.323 | V 0.845 | pL 0.014 | vL 0.006 | delta 0.136
U 91 | F 186368 | FPS 0179 | D 1861 | rR:mu sigma m M 0.94 0.09 0.00 0.96 | F:mu sigma m M 17.4 5.1 14.0 42.0 | H 0.280 | V 0.840 | pL -0.011 | vL 0.006 | delta 0.072
U 92 | F 188416 | FPS 0188 | D 1872 | rR:mu sigma m M 0.95 0.08 0.00 0.96 | F:mu sigma m M 16.9 5.9 14.0 62.0 | H 0.236 | V 0.864 | pL -0.026 | vL 0.001 | delta 0.039
U 93 | F 190464 | FPS 0184 | D 1883 | rR:mu sigma m M 0.96 0.01 0.92 0.96 | F:mu sigma m M 16.0 2.4 14.0 28.0 | H 0.255 | V 0.883 | pL -0.013 | vL 0.000 | delta 0.017
agent reach optimality, start collecting trajectories
agent successfully collected 10 trajectories
pickling optimal trajectories
Model successfully saved
/home/rdali/.local/easybuild/software/2017/Core/miniconda3/4.3.27/envs/observe/lib/python3.6/site-packages/torch/nn/functional.py:1906: UserWarning: reduction: 'mean' divides the total loss by both the batch size and the support size.'batchmean' divides only by the batch size, and aligns with the KL div math definition.'mean' will be changed to behave the same as 'batchmean' in the next major release.
  warnings.warn("reduction: 'mean' divides the total loss by both the batch size and the support size."
