The following modules were not unloaded:
  (Use "module --force purge" to unload all):

  1) nixpkgs/16.09     4) icc/.2018.3.222     7) openmpi/3.1.2
  2) imkl/2018.3.222   5) ifort/.2018.3.222   8) StdEnv/2018.3
  3) gcccore/.7.3.0    6) intel/2018.3

Due to MODULEPATH changes, the following have been reloaded:
  1) openmpi/3.1.2


Due to MODULEPATH changes, the following have been reloaded:
  1) openmpi/3.1.2

Attention: While Conda works well in a desktop environment, it tends to create more problems than it solves on a cluster. Instead, we recommend that users use virtual environments and the binary packages that we provide through Python wheels as documented on the Python page.
/home/rdali/RL/watch_and_learn/dependency/rl-starter-files/scripts/train_agent_multidem.py --env MiniGrid-LavaCrossingAgent-v0 --algo ppo --nameDemonstrator crossAddict1,crossAddict2,crossAddict3,crossAddict5,crossAddict6,crossAddict7 --flat-model 0 --KLweight 0.001 --useKL 1 --meanReward 0.80 --rewardLB 0.70 --seed 3081

Namespace(KLweight=0.001, algo='ppo', batch_size=256, clip_eps=0.2, discount=0.99, entropy_coef=0.01, env='MiniGrid-LavaCrossingAgent-v0', epochs=4, flat_model=0, frames=10000000, frames_per_proc=None, full_obs=0, gae_lambda=0.95, log_interval=1, lr=0.0007, max_grad_norm=0.5, meanReward=0.8, mem=False, model=None, nameDemonstrator='crossAddict1,crossAddict2,crossAddict3,crossAddict5,crossAddict6,crossAddict7', optim_alpha=0.99, optim_eps=1e-05, procs=16, recurrence=1, rewardLB=0.7, save_interval=0, seed=3081, tb=False, text=False, useKL=1, value_loss_coef=0.5)

Flat model successfully created

ACModel(
  (image_conv): Sequential(
    (0): Conv2d(3, 32, kernel_size=(2, 2), stride=(1, 1))
    (1): ReLU()
    (2): MaxPool2d(kernel_size=(2, 2), stride=(2, 2), padding=0, dilation=1, ceil_mode=False)
    (3): Conv2d(32, 64, kernel_size=(2, 2), stride=(1, 1))
    (4): ReLU()
    (5): Conv2d(64, 64, kernel_size=(2, 2), stride=(1, 1))
    (6): ReLU()
  )
  (actor): Sequential(
    (0): Linear(in_features=256, out_features=64, bias=True)
    (1): Tanh()
    (2): Linear(in_features=64, out_features=3, bias=True)
  )
  (critic): Sequential(
    (0): Linear(in_features=256, out_features=64, bias=True)
    (1): Tanh()
    (2): Linear(in_features=64, out_features=1, bias=True)
  )
)

CUDA available: False

1
True
0.001
Using TensorFlow backend.
OMP: Info #212: KMP_AFFINITY: decoding x2APIC ids.
OMP: Info #210: KMP_AFFINITY: Affinity capable, using global cpuid leaf 11 info
OMP: Info #154: KMP_AFFINITY: Initial OS proc set respected: 1,13,22,24,30
OMP: Info #156: KMP_AFFINITY: 5 available OS procs
OMP: Info #158: KMP_AFFINITY: Nonuniform topology
OMP: Info #179: KMP_AFFINITY: 2 packages x 3 cores/pkg x 1 threads/core (5 total cores)
OMP: Info #214: KMP_AFFINITY: OS proc to physical thread map:
OMP: Info #171: KMP_AFFINITY: OS proc 24 maps to package 0 core 17 
OMP: Info #171: KMP_AFFINITY: OS proc 22 maps to package 0 core 20 
OMP: Info #171: KMP_AFFINITY: OS proc 30 maps to package 0 core 28 
OMP: Info #171: KMP_AFFINITY: OS proc 1 maps to package 1 core 0 
OMP: Info #171: KMP_AFFINITY: OS proc 13 maps to package 1 core 8 
OMP: Info #250: KMP_AFFINITY: pid 234290 tid 234290 thread 0 bound to OS proc set 24
OMP: Info #250: KMP_AFFINITY: pid 234290 tid 234602 thread 3 bound to OS proc set 13
OMP: Info #250: KMP_AFFINITY: pid 234290 tid 234599 thread 1 bound to OS proc set 1
OMP: Info #250: KMP_AFFINITY: pid 234290 tid 234604 thread 4 bound to OS proc set 30
OMP: Info #250: KMP_AFFINITY: pid 234290 tid 234600 thread 2 bound to OS proc set 22
OMP: Info #250: KMP_AFFINITY: pid 234290 tid 234627 thread 5 bound to OS proc set 24
OMP: Info #250: KMP_AFFINITY: pid 234290 tid 234628 thread 6 bound to OS proc set 1
OMP: Info #250: KMP_AFFINITY: pid 234290 tid 234671 thread 8 bound to OS proc set 13
OMP: Info #250: KMP_AFFINITY: pid 234290 tid 234672 thread 9 bound to OS proc set 30
OMP: Info #250: KMP_AFFINITY: pid 234290 tid 234670 thread 7 bound to OS proc set 22
OMP: Info #250: KMP_AFFINITY: pid 234290 tid 234677 thread 10 bound to OS proc set 24
OMP: Info #250: KMP_AFFINITY: pid 234290 tid 234774 thread 11 bound to OS proc set 1
OMP: Info #250: KMP_AFFINITY: pid 234290 tid 234775 thread 12 bound to OS proc set 22
OMP: Info #250: KMP_AFFINITY: pid 234290 tid 234776 thread 13 bound to OS proc set 13
OMP: Info #250: KMP_AFFINITY: pid 234290 tid 234778 thread 15 bound to OS proc set 24
OMP: Info #250: KMP_AFFINITY: pid 234290 tid 234777 thread 14 bound to OS proc set 30
U 1 | F 002048 | FPS 0094 | D 21 | rR:mu sigma m M 0.00 0.00 0.00 0.00 | F:mu sigma m M 35.7 26.1 4.0 89.0 | H 1.068 | V -0.139 | pL -0.079 | vL 0.004 | delta 0.129
U 2 | F 004096 | FPS 0104 | D 41 | rR:mu sigma m M 0.00 0.00 0.00 0.00 | F:mu sigma m M 45.2 36.1 4.0 198.0 | H 1.075 | V -0.098 | pL -0.058 | vL 0.002 | delta 0.058
U 3 | F 006144 | FPS 0115 | D 59 | rR:mu sigma m M 0.00 0.00 0.00 0.00 | F:mu sigma m M 38.0 29.8 4.0 145.0 | H 1.062 | V -0.055 | pL -0.037 | vL 0.001 | delta 0.027
U 4 | F 008192 | FPS 0121 | D 76 | rR:mu sigma m M 0.05 0.19 0.00 0.83 | F:mu sigma m M 48.1 41.4 6.0 213.0 | H 1.067 | V -0.014 | pL -0.038 | vL 0.005 | delta 0.041
U 5 | F 010240 | FPS 0110 | D 94 | rR:mu sigma m M 0.00 0.00 0.00 0.00 | F:mu sigma m M 40.3 34.8 4.0 161.0 | H 1.090 | V -0.010 | pL -0.009 | vL 0.000 | delta 0.017
U 6 | F 012288 | FPS 0095 | D 116 | rR:mu sigma m M 0.02 0.14 0.00 0.79 | F:mu sigma m M 54.4 42.3 5.0 158.0 | H 1.096 | V 0.001 | pL -0.008 | vL 0.002 | delta 0.056
U 7 | F 014336 | FPS 0098 | D 137 | rR:mu sigma m M 0.01 0.08 0.00 0.52 | F:mu sigma m M 64.5 52.8 4.0 222.0 | H 1.096 | V -0.003 | pL -0.009 | vL 0.001 | delta 0.037
U 8 | F 016384 | FPS 0084 | D 161 | rR:mu sigma m M 0.00 0.00 0.00 0.00 | F:mu sigma m M 54.3 34.1 14.0 144.0 | H 1.097 | V -0.003 | pL -0.005 | vL 0.000 | delta 0.009
U 9 | F 018432 | FPS 0094 | D 183 | rR:mu sigma m M 0.02 0.12 0.00 0.71 | F:mu sigma m M 62.3 47.2 5.0 223.0 | H 1.096 | V 0.002 | pL -0.003 | vL 0.001 | delta 0.111
U 10 | F 020480 | FPS 0089 | D 206 | rR:mu sigma m M 0.02 0.10 0.00 0.72 | F:mu sigma m M 46.6 46.0 6.0 236.0 | H 1.089 | V -0.001 | pL -0.013 | vL 0.001 | delta 0.074
U 11 | F 022528 | FPS 0107 | D 225 | rR:mu sigma m M 0.02 0.13 0.00 0.84 | F:mu sigma m M 51.7 47.9 6.0 274.0 | H 1.095 | V 0.014 | pL -0.003 | vL 0.001 | delta 0.103
U 12 | F 024576 | FPS 0084 | D 250 | rR:mu sigma m M 0.03 0.15 0.00 0.93 | F:mu sigma m M 58.0 44.1 6.0 181.0 | H 1.094 | V 0.016 | pL -0.004 | vL 0.004 | delta 0.062
U 13 | F 026624 | FPS 0088 | D 273 | rR:mu sigma m M 0.06 0.22 0.00 0.89 | F:mu sigma m M 60.4 43.2 8.0 214.0 | H 1.088 | V 0.026 | pL -0.008 | vL 0.003 | delta 0.063
U 14 | F 028672 | FPS 0094 | D 295 | rR:mu sigma m M 0.00 0.00 0.00 0.00 | F:mu sigma m M 62.5 56.8 4.0 237.0 | H 1.097 | V 0.006 | pL 0.004 | vL 0.000 | delta 0.048
U 15 | F 030720 | FPS 0086 | D 319 | rR:mu sigma m M 0.00 0.00 0.00 0.00 | F:mu sigma m M 50.2 37.6 6.0 136.0 | H 1.097 | V 0.006 | pL 0.001 | vL 0.000 | delta 0.050
U 16 | F 032768 | FPS 0090 | D 341 | rR:mu sigma m M 0.03 0.13 0.00 0.61 | F:mu sigma m M 76.9 69.2 10.0 291.0 | H 1.086 | V 0.008 | pL -0.006 | vL 0.001 | delta 0.041
U 17 | F 034816 | FPS 0078 | D 368 | rR:mu sigma m M 0.03 0.13 0.00 0.69 | F:mu sigma m M 84.1 70.3 6.0 258.0 | H 1.093 | V 0.012 | pL -0.004 | vL 0.002 | delta 0.097
U 18 | F 036864 | FPS 0096 | D 389 | rR:mu sigma m M 0.00 0.00 0.00 0.00 | F:mu sigma m M 68.3 63.1 7.0 324.0 | H 1.098 | V -0.002 | pL -0.003 | vL 0.000 | delta 0.017
U 19 | F 038912 | FPS 0091 | D 412 | rR:mu sigma m M 0.02 0.12 0.00 0.70 | F:mu sigma m M 53.9 34.7 6.0 160.0 | H 1.095 | V 0.001 | pL -0.009 | vL 0.001 | delta 0.022
U 20 | F 040960 | FPS 0103 | D 432 | rR:mu sigma m M 0.02 0.13 0.00 0.69 | F:mu sigma m M 61.7 41.8 9.0 151.0 | H 1.093 | V 0.011 | pL -0.004 | vL 0.001 | delta 0.054
U 21 | F 043008 | FPS 0099 | D 452 | rR:mu sigma m M 0.00 0.00 0.00 0.00 | F:mu sigma m M 60.7 51.3 4.0 191.0 | H 1.098 | V -0.001 | pL -0.001 | vL 0.000 | delta 0.013
U 22 | F 045056 | FPS 0079 | D 478 | rR:mu sigma m M 0.00 0.00 0.00 0.00 | F:mu sigma m M 56.9 46.3 9.0 191.0 | H 1.097 | V 0.002 | pL 0.001 | vL 0.000 | delta 0.009
U 23 | F 047104 | FPS 0090 | D 501 | rR:mu sigma m M 0.00 0.00 0.00 0.00 | F:mu sigma m M 60.5 49.3 13.0 206.0 | H 1.098 | V 0.002 | pL 0.000 | vL 0.000 | delta 0.007
U 24 | F 049152 | FPS 0086 | D 525 | rR:mu sigma m M 0.00 0.00 0.00 0.00 | F:mu sigma m M 71.0 59.3 7.0 276.0 | H 1.097 | V 0.003 | pL 0.001 | vL 0.000 | delta 0.020
U 25 | F 051200 | FPS 0079 | D 551 | rR:mu sigma m M 0.00 0.00 0.00 0.00 | F:mu sigma m M 61.3 48.4 4.0 240.0 | H 1.098 | V 0.001 | pL 0.000 | vL 0.000 | delta 0.012
U 26 | F 053248 | FPS 0092 | D 573 | rR:mu sigma m M 0.00 0.00 0.00 0.00 | F:mu sigma m M 56.3 40.9 8.0 172.0 | H 1.097 | V 0.006 | pL 0.002 | vL 0.000 | delta 0.004
U 27 | F 055296 | FPS 0093 | D 595 | rR:mu sigma m M 0.07 0.20 0.00 0.85 | F:mu sigma m M 58.3 39.8 11.0 169.0 | H 1.091 | V 0.025 | pL -0.013 | vL 0.002 | delta 0.065
U 28 | F 057344 | FPS 0091 | D 618 | rR:mu sigma m M 0.02 0.12 0.00 0.78 | F:mu sigma m M 61.1 52.6 8.0 252.0 | H 1.096 | V 0.004 | pL -0.006 | vL 0.001 | delta 0.076
U 29 | F 059392 | FPS 0103 | D 637 | rR:mu sigma m M 0.00 0.00 0.00 0.00 | F:mu sigma m M 50.7 38.1 7.0 205.0 | H 1.097 | V -0.006 | pL -0.005 | vL 0.000 | delta 0.016
U 30 | F 061440 | FPS 0082 | D 663 | rR:mu sigma m M 0.00 0.00 0.00 0.00 | F:mu sigma m M 58.5 44.9 8.0 200.0 | H 1.098 | V -0.002 | pL -0.001 | vL 0.000 | delta 0.005
U 31 | F 063488 | FPS 0095 | D 684 | rR:mu sigma m M 0.04 0.17 0.00 0.79 | F:mu sigma m M 62.9 61.4 9.0 248.0 | H 1.095 | V 0.016 | pL -0.009 | vL 0.002 | delta 0.040
U 32 | F 065536 | FPS 0081 | D 709 | rR:mu sigma m M 0.00 0.00 0.00 0.00 | F:mu sigma m M 66.0 55.7 12.0 249.0 | H 1.098 | V 0.006 | pL 0.005 | vL 0.000 | delta 0.009
U 33 | F 067584 | FPS 0095 | D 731 | rR:mu sigma m M 0.00 0.00 0.00 0.00 | F:mu sigma m M 51.7 34.4 4.0 145.0 | H 1.098 | V 0.003 | pL 0.001 | vL 0.000 | delta 0.005
U 34 | F 069632 | FPS 0088 | D 754 | rR:mu sigma m M 0.00 0.00 0.00 0.00 | F:mu sigma m M 61.1 48.5 9.0 180.0 | H 1.098 | V 0.001 | pL 0.000 | vL 0.000 | delta 0.002
U 35 | F 071680 | FPS 0089 | D 777 | rR:mu sigma m M 0.00 0.00 0.00 0.00 | F:mu sigma m M 68.7 66.1 4.0 296.0 | H 1.093 | V 0.003 | pL 0.002 | vL 0.000 | delta 0.006
U 36 | F 073728 | FPS 0076 | D 805 | rR:mu sigma m M 0.00 0.00 0.00 0.00 | F:mu sigma m M 68.2 43.4 8.0 152.0 | H 1.099 | V 0.001 | pL 0.000 | vL 0.000 | delta 0.001
U 37 | F 075776 | FPS 0081 | D 830 | rR:mu sigma m M 0.00 0.00 0.00 0.00 | F:mu sigma m M 57.9 40.5 6.0 183.0 | H 1.099 | V 0.001 | pL 0.001 | vL 0.000 | delta 0.003
U 38 | F 077824 | FPS 0095 | D 851 | rR:mu sigma m M 0.00 0.00 0.00 0.00 | F:mu sigma m M 52.9 47.7 5.0 244.0 | H 1.098 | V 0.002 | pL 0.000 | vL 0.000 | delta 0.002
U 39 | F 079872 | FPS 0085 | D 875 | rR:mu sigma m M 0.00 0.00 0.00 0.00 | F:mu sigma m M 60.5 38.2 6.0 140.0 | H 1.098 | V 0.002 | pL 0.001 | vL 0.000 | delta 0.003
U 40 | F 081920 | FPS 0080 | D 901 | rR:mu sigma m M 0.00 0.00 0.00 0.00 | F:mu sigma m M 79.2 59.6 11.0 227.0 | H 1.098 | V 0.003 | pL 0.001 | vL 0.000 | delta 0.001
U 41 | F 083968 | FPS 0083 | D 926 | rR:mu sigma m M 0.00 0.00 0.00 0.00 | F:mu sigma m M 56.7 33.2 8.0 113.0 | H 1.097 | V 0.003 | pL 0.001 | vL 0.000 | delta 0.005
U 42 | F 086016 | FPS 0087 | D 949 | rR:mu sigma m M 0.00 0.00 0.00 0.00 | F:mu sigma m M 88.7 66.6 7.0 238.0 | H 1.099 | V 0.001 | pL -0.000 | vL 0.000 | delta 0.003
U 43 | F 088064 | FPS 0084 | D 974 | rR:mu sigma m M 0.00 0.00 0.00 0.00 | F:mu sigma m M 50.7 39.5 6.0 172.0 | H 1.099 | V -0.000 | pL -0.000 | vL 0.000 | delta 0.001
U 44 | F 090112 | FPS 0088 | D 997 | rR:mu sigma m M 0.03 0.14 0.00 0.73 | F:mu sigma m M 72.6 71.7 8.0 324.0 | H 1.088 | V 0.010 | pL -0.008 | vL 0.001 | delta 0.023
U 45 | F 092160 | FPS 0097 | D 1018 | rR:mu sigma m M 0.03 0.14 0.00 0.73 | F:mu sigma m M 76.0 63.1 10.0 245.0 | H 1.087 | V 0.009 | pL -0.005 | vL 0.002 | delta 0.040
U 46 | F 094208 | FPS 0094 | D 1040 | rR:mu sigma m M 0.00 0.00 0.00 0.00 | F:mu sigma m M 49.8 42.1 4.0 160.0 | H 1.095 | V -0.002 | pL -0.001 | vL 0.000 | delta 0.006
U 47 | F 096256 | FPS 0091 | D 1062 | rR:mu sigma m M 0.01 0.07 0.00 0.49 | F:mu sigma m M 55.8 45.5 4.0 184.0 | H 1.096 | V 0.004 | pL -0.004 | vL 0.001 | delta 0.009
U 48 | F 098304 | FPS 0085 | D 1087 | rR:mu sigma m M 0.00 0.00 0.00 0.00 | F:mu sigma m M 48.8 45.3 4.0 209.0 | H 1.098 | V 0.002 | pL 0.000 | vL 0.000 | delta 0.004
U 49 | F 100352 | FPS 0089 | D 1110 | rR:mu sigma m M 0.00 0.00 0.00 0.00 | F:mu sigma m M 55.4 52.5 6.0 215.0 | H 1.099 | V 0.002 | pL 0.000 | vL 0.000 | delta 0.003
U 50 | F 102400 | FPS 0087 | D 1133 | rR:mu sigma m M 0.02 0.12 0.00 0.64 | F:mu sigma m M 80.0 69.5 10.0 324.0 | H 1.097 | V 0.011 | pL -0.004 | vL 0.001 | delta 0.027
U 51 | F 104448 | FPS 0086 | D 1157 | rR:mu sigma m M 0.02 0.13 0.00 0.71 | F:mu sigma m M 77.5 61.9 7.0 248.0 | H 1.095 | V 0.004 | pL -0.008 | vL 0.001 | delta 0.033
U 52 | F 106496 | FPS 0087 | D 1181 | rR:mu sigma m M 0.00 0.00 0.00 0.00 | F:mu sigma m M 56.0 46.9 4.0 245.0 | H 1.095 | V -0.000 | pL -0.001 | vL 0.000 | delta 0.010
U 53 | F 108544 | FPS 0099 | D 1201 | rR:mu sigma m M 0.05 0.18 0.00 0.85 | F:mu sigma m M 56.2 41.0 6.0 160.0 | H 1.087 | V 0.017 | pL -0.011 | vL 0.003 | delta 0.052
U 54 | F 110592 | FPS 0101 | D 1222 | rR:mu sigma m M 0.00 0.00 0.00 0.00 | F:mu sigma m M 50.7 47.2 4.0 210.0 | H 1.093 | V 0.001 | pL -0.000 | vL 0.000 | delta 0.010
U 55 | F 112640 | FPS 0096 | D 1243 | rR:mu sigma m M 0.00 0.00 0.00 0.00 | F:mu sigma m M 57.6 41.7 9.0 188.0 | H 1.098 | V -0.001 | pL -0.001 | vL 0.000 | delta 0.004
U 56 | F 114688 | FPS 0082 | D 1268 | rR:mu sigma m M 0.02 0.10 0.00 0.60 | F:mu sigma m M 72.1 47.5 4.0 185.0 | H 1.096 | V 0.006 | pL -0.005 | vL 0.001 | delta 0.015
U 57 | F 116736 | FPS 0083 | D 1293 | rR:mu sigma m M 0.00 0.00 0.00 0.00 | F:mu sigma m M 51.1 35.6 4.0 132.0 | H 1.098 | V 0.009 | pL 0.005 | vL 0.000 | delta 0.009
U 58 | F 118784 | FPS 0093 | D 1315 | rR:mu sigma m M 0.00 0.00 0.00 0.00 | F:mu sigma m M 55.6 42.3 7.0 170.0 | H 1.097 | V 0.007 | pL 0.003 | vL 0.000 | delta 0.008
U 59 | F 120832 | FPS 0098 | D 1336 | rR:mu sigma m M 0.00 0.00 0.00 0.00 | F:mu sigma m M 61.6 59.4 6.0 257.0 | H 1.098 | V 0.005 | pL 0.001 | vL 0.000 | delta 0.002
U 60 | F 122880 | FPS 0096 | D 1357 | rR:mu sigma m M 0.00 0.00 0.00 0.00 | F:mu sigma m M 57.4 49.4 9.0 183.0 | H 1.098 | V 0.003 | pL 0.002 | vL 0.000 | delta 0.003
U 61 | F 124928 | FPS 0084 | D 1381 | rR:mu sigma m M 0.00 0.00 0.00 0.00 | F:mu sigma m M 61.4 47.7 10.0 196.0 | H 1.098 | V 0.001 | pL 0.000 | vL 0.000 | delta 0.001
U 62 | F 126976 | FPS 0100 | D 1402 | rR:mu sigma m M 0.00 0.00 0.00 0.00 | F:mu sigma m M 70.6 72.7 4.0 282.0 | H 1.098 | V 0.000 | pL 0.000 | vL 0.000 | delta 0.001
U 63 | F 129024 | FPS 0091 | D 1424 | rR:mu sigma m M 0.00 0.00 0.00 0.00 | F:mu sigma m M 63.1 52.4 9.0 189.0 | H 1.098 | V 0.001 | pL 0.000 | vL 0.000 | delta 0.002
U 64 | F 131072 | FPS 0082 | D 1450 | rR:mu sigma m M 0.02 0.11 0.00 0.62 | F:mu sigma m M 70.3 56.6 13.0 234.0 | H 1.096 | V 0.008 | pL -0.004 | vL 0.000 | delta 0.009
U 65 | F 133120 | FPS 0077 | D 1476 | rR:mu sigma m M 0.04 0.18 0.00 0.92 | F:mu sigma m M 67.6 45.0 4.0 171.0 | H 1.096 | V 0.007 | pL -0.006 | vL 0.003 | delta 0.024
U 66 | F 135168 | FPS 0093 | D 1498 | rR:mu sigma m M 0.00 0.00 0.00 0.00 | F:mu sigma m M 64.9 65.7 4.0 281.0 | H 1.092 | V 0.014 | pL 0.004 | vL 0.001 | delta 0.020
U 67 | F 137216 | FPS 0073 | D 1526 | rR:mu sigma m M 0.00 0.00 0.00 0.00 | F:mu sigma m M 70.0 73.1 6.0 305.0 | H 1.098 | V 0.010 | pL 0.006 | vL 0.000 | delta 0.006
U 68 | F 139264 | FPS 0081 | D 1551 | rR:mu sigma m M 0.02 0.12 0.00 0.77 | F:mu sigma m M 62.3 52.6 7.0 256.0 | H 1.095 | V 0.013 | pL -0.002 | vL 0.001 | delta 0.061
U 69 | F 141312 | FPS 0095 | D 1573 | rR:mu sigma m M 0.00 0.00 0.00 0.00 | F:mu sigma m M 61.1 49.5 8.0 209.0 | H 1.096 | V 0.000 | pL -0.003 | vL 0.000 | delta 0.012
U 70 | F 143360 | FPS 0098 | D 1594 | rR:mu sigma m M 0.00 0.00 0.00 0.00 | F:mu sigma m M 43.8 32.9 4.0 129.0 | H 1.097 | V -0.004 | pL -0.003 | vL 0.000 | delta 0.008
U 71 | F 145408 | FPS 0103 | D 1614 | rR:mu sigma m M 0.06 0.21 0.00 0.86 | F:mu sigma m M 70.9 59.6 7.0 324.0 | H 1.080 | V 0.018 | pL -0.018 | vL 0.005 | delta 0.204
U 72 | F 147456 | FPS 0102 | D 1634 | rR:mu sigma m M 0.00 0.00 0.00 0.00 | F:mu sigma m M 53.5 46.6 5.0 196.0 | H 1.097 | V -0.012 | pL -0.006 | vL 0.000 | delta 0.010
U 73 | F 149504 | FPS 0101 | D 1654 | rR:mu sigma m M 0.00 0.00 0.00 0.00 | F:mu sigma m M 51.4 38.1 13.0 151.0 | H 1.097 | V 0.000 | pL -0.003 | vL 0.000 | delta 0.004
U 74 | F 151552 | FPS 0084 | D 1678 | rR:mu sigma m M 0.06 0.22 0.00 0.88 | F:mu sigma m M 49.3 38.3 5.0 171.0 | H 1.090 | V 0.020 | pL -0.022 | vL 0.004 | delta 0.034
U 75 | F 153600 | FPS 0087 | D 1702 | rR:mu sigma m M 0.00 0.00 0.00 0.00 | F:mu sigma m M 64.3 52.3 10.0 206.0 | H 1.090 | V 0.017 | pL -0.002 | vL 0.001 | delta 0.022
U 76 | F 155648 | FPS 0080 | D 1728 | rR:mu sigma m M 0.01 0.09 0.00 0.58 | F:mu sigma m M 57.1 41.0 5.0 181.0 | H 1.098 | V 0.014 | pL 0.000 | vL 0.001 | delta 0.016
U 77 | F 157696 | FPS 0075 | D 1755 | rR:mu sigma m M 0.04 0.16 0.00 0.81 | F:mu sigma m M 62.2 49.6 8.0 177.0 | H 1.090 | V 0.030 | pL -0.011 | vL 0.003 | delta 0.033
U 78 | F 159744 | FPS 0098 | D 1776 | rR:mu sigma m M 0.03 0.15 0.00 0.75 | F:mu sigma m M 53.1 48.7 6.0 255.0 | H 1.095 | V 0.014 | pL -0.007 | vL 0.001 | delta 0.021
U 79 | F 161792 | FPS 0099 | D 1796 | rR:mu sigma m M 0.02 0.14 0.00 0.83 | F:mu sigma m M 59.4 51.7 8.0 265.0 | H 1.090 | V 0.013 | pL 0.001 | vL 0.002 | delta 0.045
U 80 | F 163840 | FPS 0101 | D 1817 | rR:mu sigma m M 0.00 0.00 0.00 0.00 | F:mu sigma m M 50.1 39.0 5.0 213.0 | H 1.095 | V 0.024 | pL 0.009 | vL 0.001 | delta 0.014
U 81 | F 165888 | FPS 0082 | D 1842 | rR:mu sigma m M 0.02 0.13 0.00 0.82 | F:mu sigma m M 39.7 34.5 4.0 168.0 | H 1.086 | V 0.019 | pL 0.004 | vL 0.002 | delta 0.024
U 82 | F 167936 | FPS 0098 | D 1863 | rR:mu sigma m M 0.04 0.18 0.00 0.94 | F:mu sigma m M 49.9 47.8 6.0 224.0 | H 1.088 | V 0.031 | pL -0.007 | vL 0.004 | delta 0.075
U 83 | F 169984 | FPS 0093 | D 1885 | rR:mu sigma m M 0.04 0.18 0.00 0.89 | F:mu sigma m M 53.1 36.8 4.0 140.0 | H 1.084 | V 0.021 | pL -0.006 | vL 0.005 | delta 0.041
U 84 | F 172032 | FPS 0094 | D 1906 | rR:mu sigma m M 0.00 0.00 0.00 0.00 | F:mu sigma m M 53.6 51.2 4.0 263.0 | H 1.087 | V 0.015 | pL 0.002 | vL 0.001 | delta 0.018
U 85 | F 174080 | FPS 0097 | D 1928 | rR:mu sigma m M 0.03 0.16 0.00 0.88 | F:mu sigma m M 51.9 41.8 4.0 159.0 | H 1.088 | V 0.012 | pL -0.002 | vL 0.001 | delta 0.059
U 86 | F 176128 | FPS 0088 | D 1951 | rR:mu sigma m M 0.00 0.00 0.00 0.00 | F:mu sigma m M 62.9 33.1 9.0 195.0 | H 1.082 | V 0.014 | pL -0.002 | vL 0.003 | delta 0.055
U 87 | F 178176 | FPS 0095 | D 1972 | rR:mu sigma m M 0.02 0.13 0.00 0.85 | F:mu sigma m M 54.2 46.7 10.0 218.0 | H 1.095 | V 0.014 | pL 0.007 | vL 0.000 | delta 0.011
U 88 | F 180224 | FPS 0088 | D 1996 | rR:mu sigma m M 0.03 0.14 0.00 0.78 | F:mu sigma m M 70.1 46.8 9.0 187.0 | H 1.090 | V 0.019 | pL -0.001 | vL 0.001 | delta 0.042
U 89 | F 182272 | FPS 0085 | D 2020 | rR:mu sigma m M 0.02 0.15 0.00 0.93 | F:mu sigma m M 55.0 46.9 4.0 217.0 | H 1.093 | V 0.002 | pL -0.006 | vL 0.002 | delta 0.040
U 90 | F 184320 | FPS 0087 | D 2043 | rR:mu sigma m M 0.02 0.13 0.00 0.87 | F:mu sigma m M 48.1 36.4 6.0 177.0 | H 1.091 | V 0.020 | pL -0.003 | vL 0.002 | delta 0.020
U 91 | F 186368 | FPS 0094 | D 2065 | rR:mu sigma m M 0.03 0.16 0.00 0.91 | F:mu sigma m M 47.8 38.2 4.0 169.0 | H 1.091 | V 0.036 | pL 0.007 | vL 0.004 | delta 0.054
U 92 | F 188416 | FPS 0081 | D 2090 | rR:mu sigma m M 0.03 0.16 0.00 0.83 | F:mu sigma m M 66.0 57.1 6.0 251.0 | H 1.087 | V 0.046 | pL 0.007 | vL 0.002 | delta 0.031
U 93 | F 190464 | FPS 0090 | D 2113 | rR:mu sigma m M 0.00 0.00 0.00 0.00 | F:mu sigma m M 60.3 61.7 6.0 278.0 | H 1.088 | V 0.038 | pL 0.011 | vL 0.002 | delta 0.028
U 94 | F 192512 | FPS 0087 | D 2136 | rR:mu sigma m M 0.04 0.16 0.00 0.80 | F:mu sigma m M 69.2 57.3 6.0 207.0 | H 1.083 | V 0.028 | pL -0.003 | vL 0.002 | delta 0.028
U 95 | F 194560 | FPS 0099 | D 2157 | rR:mu sigma m M 0.07 0.23 0.00 0.95 | F:mu sigma m M 53.8 40.2 8.0 149.0 | H 1.074 | V 0.040 | pL -0.014 | vL 0.006 | delta 0.061
U 96 | F 196608 | FPS 0083 | D 2182 | rR:mu sigma m M 0.05 0.21 0.00 0.94 | F:mu sigma m M 41.6 27.9 4.0 128.0 | H 1.077 | V 0.034 | pL -0.011 | vL 0.005 | delta 0.060
U 97 | F 198656 | FPS 0103 | D 2202 | rR:mu sigma m M 0.02 0.11 0.00 0.64 | F:mu sigma m M 48.1 36.3 4.0 130.0 | H 1.081 | V 0.030 | pL 0.009 | vL 0.002 | delta 0.026
U 98 | F 200704 | FPS 0097 | D 2223 | rR:mu sigma m M 0.02 0.08 0.00 0.46 | F:mu sigma m M 82.2 60.7 6.0 225.0 | H 1.081 | V 0.027 | pL 0.006 | vL 0.001 | delta 0.019
U 99 | F 202752 | FPS 0080 | D 2248 | rR:mu sigma m M 0.02 0.10 0.00 0.60 | F:mu sigma m M 60.1 43.3 4.0 192.0 | H 1.078 | V 0.030 | pL 0.005 | vL 0.001 | delta 0.023
U 100 | F 204800 | FPS 0081 | D 2274 | rR:mu sigma m M 0.06 0.19 0.00 0.75 | F:mu sigma m M 66.9 57.5 8.0 232.0 | H 1.080 | V 0.038 | pL -0.004 | vL 0.003 | delta 0.042
U 101 | F 206848 | FPS 0089 | D 2296 | rR:mu sigma m M 0.08 0.24 0.00 0.89 | F:mu sigma m M 62.1 51.5 4.0 212.0 | H 1.071 | V 0.055 | pL -0.010 | vL 0.005 | delta 0.058
U 102 | F 208896 | FPS 0084 | D 2321 | rR:mu sigma m M 0.12 0.28 0.00 0.84 | F:mu sigma m M 63.6 36.8 4.0 134.0 | H 1.079 | V 0.036 | pL -0.025 | vL 0.006 | delta 0.093
U 103 | F 210944 | FPS 0098 | D 2342 | rR:mu sigma m M 0.09 0.25 0.00 0.88 | F:mu sigma m M 67.2 69.3 4.0 283.0 | H 1.056 | V 0.065 | pL 0.001 | vL 0.008 | delta 0.078
U 104 | F 212992 | FPS 0086 | D 2365 | rR:mu sigma m M 0.10 0.29 0.00 0.93 | F:mu sigma m M 49.8 36.9 4.0 148.0 | H 1.061 | V 0.068 | pL -0.009 | vL 0.008 | delta 0.071
U 105 | F 215040 | FPS 0089 | D 2388 | rR:mu sigma m M 0.13 0.30 0.00 0.83 | F:mu sigma m M 61.3 42.4 20.0 201.0 | H 1.050 | V 0.078 | pL -0.024 | vL 0.008 | delta 0.073
U 106 | F 217088 | FPS 0070 | D 2417 | rR:mu sigma m M 0.15 0.30 0.00 0.89 | F:mu sigma m M 86.3 70.2 6.0 297.0 | H 1.036 | V 0.079 | pL -0.012 | vL 0.008 | delta 0.079
U 107 | F 219136 | FPS 0062 | D 2450 | rR:mu sigma m M 0.04 0.14 0.00 0.66 | F:mu sigma m M 87.1 61.7 10.0 258.0 | H 1.049 | V 0.061 | pL 0.016 | vL 0.002 | delta 0.044
U 108 | F 221184 | FPS 0064 | D 2483 | rR:mu sigma m M 0.11 0.29 0.00 0.92 | F:mu sigma m M 80.3 61.5 11.0 302.0 | H 1.033 | V 0.065 | pL -0.009 | vL 0.006 | delta 0.082
U 109 | F 223232 | FPS 0065 | D 2514 | rR:mu sigma m M 0.15 0.32 0.00 0.94 | F:mu sigma m M 85.4 64.1 11.0 264.0 | H 1.017 | V 0.079 | pL -0.019 | vL 0.008 | delta 0.078
U 110 | F 225280 | FPS 0077 | D 2541 | rR:mu sigma m M 0.20 0.30 0.00 0.86 | F:mu sigma m M 83.5 66.0 16.0 277.0 | H 1.002 | V 0.080 | pL -0.016 | vL 0.007 | delta 0.081
U 111 | F 227328 | FPS 0067 | D 2571 | rR:mu sigma m M 0.36 0.36 0.00 0.88 | F:mu sigma m M 104.5 52.6 30.0 198.0 | H 1.009 | V 0.104 | pL -0.034 | vL 0.011 | delta 0.151
U 112 | F 229376 | FPS 0077 | D 2598 | rR:mu sigma m M 0.21 0.35 0.00 0.93 | F:mu sigma m M 106.7 96.1 4.0 324.0 | H 0.971 | V 0.160 | pL 0.003 | vL 0.012 | delta 0.145
U 113 | F 231424 | FPS 0081 | D 2623 | rR:mu sigma m M 0.45 0.41 0.00 0.96 | F:mu sigma m M 70.6 50.8 6.0 199.0 | H 0.913 | V 0.231 | pL -0.026 | vL 0.017 | delta 0.167
U 114 | F 233472 | FPS 0086 | D 2647 | rR:mu sigma m M 0.43 0.41 0.00 0.96 | F:mu sigma m M 65.3 54.6 4.0 249.0 | H 0.879 | V 0.277 | pL -0.034 | vL 0.022 | delta 0.248
U 115 | F 235520 | FPS 0107 | D 2666 | rR:mu sigma m M 0.61 0.38 0.00 0.96 | F:mu sigma m M 50.9 38.2 4.0 166.0 | H 0.766 | V 0.384 | pL -0.087 | vL 0.023 | delta 0.249
U 116 | F 237568 | FPS 0116 | D 2684 | rR:mu sigma m M 0.76 0.32 0.00 0.96 | F:mu sigma m M 38.3 27.6 4.0 147.0 | H 0.657 | V 0.527 | pL -0.099 | vL 0.022 | delta 0.313
U 117 | F 239616 | FPS 0139 | D 2698 | rR:mu sigma m M 0.88 0.16 0.00 0.96 | F:mu sigma m M 34.1 19.7 4.0 107.0 | H 0.543 | V 0.678 | pL -0.093 | vL 0.011 | delta 0.251
U 118 | F 241664 | FPS 0157 | D 2711 | rR:mu sigma m M 0.92 0.10 0.00 0.96 | F:mu sigma m M 23.4 11.1 14.0 75.0 | H 0.422 | V 0.793 | pL -0.055 | vL 0.004 | delta 0.169
U 119 | F 243712 | FPS 0160 | D 2724 | rR:mu sigma m M 0.92 0.13 0.00 0.96 | F:mu sigma m M 20.2 6.5 12.0 48.0 | H 0.369 | V 0.813 | pL -0.036 | vL 0.005 | delta 0.135
U 120 | F 245760 | FPS 0169 | D 2736 | rR:mu sigma m M 0.95 0.02 0.80 0.96 | F:mu sigma m M 19.0 8.4 14.0 71.0 | H 0.310 | V 0.855 | pL -0.009 | vL 0.002 | delta 0.070
agent reach optimality, start collecting trajectories
agent successfully collected 10 trajectories
pickling optimal trajectories
Model successfully saved
/home/rdali/.local/easybuild/software/2017/Core/miniconda3/4.3.27/envs/observe/lib/python3.6/site-packages/torch/nn/functional.py:1906: UserWarning: reduction: 'mean' divides the total loss by both the batch size and the support size.'batchmean' divides only by the batch size, and aligns with the KL div math definition.'mean' will be changed to behave the same as 'batchmean' in the next major release.
  warnings.warn("reduction: 'mean' divides the total loss by both the batch size and the support size."
