The following modules were not unloaded:
  (Use "module --force purge" to unload all):

  1) nixpkgs/16.09     4) icc/.2018.3.222     7) openmpi/3.1.2
  2) imkl/2018.3.222   5) ifort/.2018.3.222   8) StdEnv/2018.3
  3) gcccore/.7.3.0    6) intel/2018.3

Due to MODULEPATH changes, the following have been reloaded:
  1) openmpi/3.1.2


Due to MODULEPATH changes, the following have been reloaded:
  1) openmpi/3.1.2

Attention: While Conda works well in a desktop environment, it tends to create more problems than it solves on a cluster. Instead, we recommend that users use virtual environments and the binary packages that we provide through Python wheels as documented on the Python page.
/home/rdali/RL/watch_and_learn/dependency/rl-starter-files/scripts/train_agent_multidem.py --env MiniGrid-LavaCrossingAgent-v0 --algo ppo --nameDemonstrator crossAddict1,crossAddict2,crossAddict3,crossAddict5,crossAddict6,crossAddict7 --flat-model 0 --KLweight 0.001 --useKL 1 --meanReward 0.80 --rewardLB 0.70 --seed 5962

Namespace(KLweight=0.001, algo='ppo', batch_size=256, clip_eps=0.2, discount=0.99, entropy_coef=0.01, env='MiniGrid-LavaCrossingAgent-v0', epochs=4, flat_model=0, frames=10000000, frames_per_proc=None, full_obs=0, gae_lambda=0.95, log_interval=1, lr=0.0007, max_grad_norm=0.5, meanReward=0.8, mem=False, model=None, nameDemonstrator='crossAddict1,crossAddict2,crossAddict3,crossAddict5,crossAddict6,crossAddict7', optim_alpha=0.99, optim_eps=1e-05, procs=16, recurrence=1, rewardLB=0.7, save_interval=0, seed=5962, tb=False, text=False, useKL=1, value_loss_coef=0.5)

Flat model successfully created

ACModel(
  (image_conv): Sequential(
    (0): Conv2d(3, 32, kernel_size=(2, 2), stride=(1, 1))
    (1): ReLU()
    (2): MaxPool2d(kernel_size=(2, 2), stride=(2, 2), padding=0, dilation=1, ceil_mode=False)
    (3): Conv2d(32, 64, kernel_size=(2, 2), stride=(1, 1))
    (4): ReLU()
    (5): Conv2d(64, 64, kernel_size=(2, 2), stride=(1, 1))
    (6): ReLU()
  )
  (actor): Sequential(
    (0): Linear(in_features=256, out_features=64, bias=True)
    (1): Tanh()
    (2): Linear(in_features=64, out_features=3, bias=True)
  )
  (critic): Sequential(
    (0): Linear(in_features=256, out_features=64, bias=True)
    (1): Tanh()
    (2): Linear(in_features=64, out_features=1, bias=True)
  )
)

CUDA available: False

1
True
0.001
Using TensorFlow backend.
OMP: Info #212: KMP_AFFINITY: decoding x2APIC ids.
OMP: Info #210: KMP_AFFINITY: Affinity capable, using global cpuid leaf 11 info
OMP: Info #154: KMP_AFFINITY: Initial OS proc set respected: 18,20,22,37,39
OMP: Info #156: KMP_AFFINITY: 5 available OS procs
OMP: Info #158: KMP_AFFINITY: Nonuniform topology
OMP: Info #179: KMP_AFFINITY: 2 packages x 3 cores/pkg x 1 threads/core (5 total cores)
OMP: Info #214: KMP_AFFINITY: OS proc to physical thread map:
OMP: Info #171: KMP_AFFINITY: OS proc 18 maps to package 0 core 10 
OMP: Info #171: KMP_AFFINITY: OS proc 20 maps to package 0 core 16 
OMP: Info #171: KMP_AFFINITY: OS proc 22 maps to package 0 core 20 
OMP: Info #171: KMP_AFFINITY: OS proc 37 maps to package 1 core 25 
OMP: Info #171: KMP_AFFINITY: OS proc 39 maps to package 1 core 26 
OMP: Info #250: KMP_AFFINITY: pid 175865 tid 175865 thread 0 bound to OS proc set 18
OMP: Info #250: KMP_AFFINITY: pid 175865 tid 176334 thread 1 bound to OS proc set 37
OMP: Info #250: KMP_AFFINITY: pid 175865 tid 176335 thread 2 bound to OS proc set 20
OMP: Info #250: KMP_AFFINITY: pid 175865 tid 176336 thread 3 bound to OS proc set 39
OMP: Info #250: KMP_AFFINITY: pid 175865 tid 176337 thread 4 bound to OS proc set 22
OMP: Info #250: KMP_AFFINITY: pid 175865 tid 177927 thread 5 bound to OS proc set 18
OMP: Info #250: KMP_AFFINITY: pid 175865 tid 177928 thread 6 bound to OS proc set 37
OMP: Info #250: KMP_AFFINITY: pid 175865 tid 178006 thread 7 bound to OS proc set 20
OMP: Info #250: KMP_AFFINITY: pid 175865 tid 178008 thread 9 bound to OS proc set 22
OMP: Info #250: KMP_AFFINITY: pid 175865 tid 178007 thread 8 bound to OS proc set 39
OMP: Info #250: KMP_AFFINITY: pid 175865 tid 178009 thread 10 bound to OS proc set 18
OMP: Info #250: KMP_AFFINITY: pid 175865 tid 178325 thread 11 bound to OS proc set 37
OMP: Info #250: KMP_AFFINITY: pid 175865 tid 178326 thread 12 bound to OS proc set 20
OMP: Info #250: KMP_AFFINITY: pid 175865 tid 178327 thread 13 bound to OS proc set 39
OMP: Info #250: KMP_AFFINITY: pid 175865 tid 178328 thread 14 bound to OS proc set 22
OMP: Info #250: KMP_AFFINITY: pid 175865 tid 178329 thread 15 bound to OS proc set 18
U 1 | F 002048 | FPS 0079 | D 25 | rR:mu sigma m M 0.00 0.00 0.00 0.00 | F:mu sigma m M 46.3 30.6 4.0 116.0 | H 1.096 | V 0.014 | pL 0.012 | vL 0.001 | delta 0.089
U 2 | F 004096 | FPS 0083 | D 50 | rR:mu sigma m M 0.00 0.00 0.00 0.00 | F:mu sigma m M 72.8 45.9 6.0 171.0 | H 1.094 | V 0.035 | pL 0.014 | vL 0.000 | delta 0.009
U 3 | F 006144 | FPS 0078 | D 76 | rR:mu sigma m M 0.00 0.00 0.00 0.00 | F:mu sigma m M 81.0 56.4 5.0 227.0 | H 1.091 | V 0.027 | pL 0.013 | vL 0.000 | delta 0.010
U 4 | F 008192 | FPS 0084 | D 101 | rR:mu sigma m M 0.00 0.00 0.00 0.00 | F:mu sigma m M 62.9 48.4 4.0 206.0 | H 1.098 | V 0.015 | pL 0.009 | vL 0.000 | delta 0.006
U 5 | F 010240 | FPS 0077 | D 127 | rR:mu sigma m M 0.00 0.00 0.00 0.00 | F:mu sigma m M 49.1 36.4 5.0 166.0 | H 1.096 | V 0.009 | pL 0.006 | vL 0.000 | delta 0.006
U 6 | F 012288 | FPS 0085 | D 151 | rR:mu sigma m M 0.00 0.00 0.00 0.00 | F:mu sigma m M 54.6 34.7 11.0 166.0 | H 1.097 | V 0.007 | pL 0.004 | vL 0.000 | delta 0.002
U 7 | F 014336 | FPS 0082 | D 176 | rR:mu sigma m M 0.00 0.00 0.00 0.00 | F:mu sigma m M 61.2 50.8 12.0 240.0 | H 1.098 | V 0.005 | pL 0.002 | vL 0.000 | delta 0.003
U 8 | F 016384 | FPS 0085 | D 200 | rR:mu sigma m M 0.03 0.14 0.00 0.79 | F:mu sigma m M 51.2 50.0 6.0 281.0 | H 1.090 | V 0.006 | pL -0.001 | vL 0.001 | delta 0.012
U 9 | F 018432 | FPS 0093 | D 222 | rR:mu sigma m M 0.01 0.05 0.00 0.31 | F:mu sigma m M 63.6 51.1 8.0 248.0 | H 1.098 | V 0.005 | pL -0.001 | vL 0.000 | delta 0.010
U 10 | F 020480 | FPS 0091 | D 245 | rR:mu sigma m M 0.00 0.00 0.00 0.00 | F:mu sigma m M 69.3 71.2 4.0 324.0 | H 1.098 | V 0.006 | pL 0.002 | vL 0.000 | delta 0.004
U 11 | F 022528 | FPS 0087 | D 268 | rR:mu sigma m M 0.02 0.11 0.00 0.68 | F:mu sigma m M 68.5 70.7 6.0 324.0 | H 1.093 | V 0.003 | pL -0.002 | vL 0.001 | delta 0.051
U 12 | F 024576 | FPS 0094 | D 290 | rR:mu sigma m M 0.00 0.00 0.00 0.00 | F:mu sigma m M 47.5 36.9 4.0 168.0 | H 1.098 | V 0.012 | pL 0.008 | vL 0.000 | delta 0.009
U 13 | F 026624 | FPS 0087 | D 314 | rR:mu sigma m M 0.00 0.00 0.00 0.00 | F:mu sigma m M 74.8 42.9 8.0 175.0 | H 1.095 | V 0.011 | pL 0.005 | vL 0.000 | delta 0.003
U 14 | F 028672 | FPS 0088 | D 337 | rR:mu sigma m M 0.00 0.00 0.00 0.00 | F:mu sigma m M 63.8 47.0 7.0 178.0 | H 1.098 | V 0.007 | pL 0.003 | vL 0.000 | delta 0.004
U 15 | F 030720 | FPS 0084 | D 361 | rR:mu sigma m M 0.02 0.15 0.00 0.88 | F:mu sigma m M 66.1 50.8 7.0 173.0 | H 1.094 | V 0.009 | pL -0.004 | vL 0.002 | delta 0.062
U 16 | F 032768 | FPS 0101 | D 382 | rR:mu sigma m M 0.00 0.00 0.00 0.00 | F:mu sigma m M 54.9 39.4 5.0 161.0 | H 1.098 | V 0.012 | pL 0.005 | vL 0.000 | delta 0.006
U 17 | F 034816 | FPS 0090 | D 405 | rR:mu sigma m M 0.00 0.00 0.00 0.00 | F:mu sigma m M 68.5 56.4 5.0 318.0 | H 1.097 | V 0.007 | pL 0.003 | vL 0.000 | delta 0.008
U 18 | F 036864 | FPS 0097 | D 426 | rR:mu sigma m M 0.00 0.00 0.00 0.00 | F:mu sigma m M 54.9 53.1 4.0 295.0 | H 1.098 | V 0.003 | pL 0.002 | vL 0.000 | delta 0.005
U 19 | F 038912 | FPS 0084 | D 450 | rR:mu sigma m M 0.00 0.00 0.00 0.00 | F:mu sigma m M 52.9 41.9 9.0 184.0 | H 1.098 | V 0.003 | pL 0.001 | vL 0.000 | delta 0.009
U 20 | F 040960 | FPS 0090 | D 473 | rR:mu sigma m M 0.00 0.00 0.00 0.00 | F:mu sigma m M 58.9 49.1 9.0 205.0 | H 1.098 | V 0.001 | pL -0.001 | vL 0.000 | delta 0.003
U 21 | F 043008 | FPS 0085 | D 497 | rR:mu sigma m M 0.03 0.17 0.00 0.92 | F:mu sigma m M 63.1 54.8 6.0 271.0 | H 1.092 | V 0.004 | pL -0.003 | vL 0.002 | delta 0.019
U 22 | F 045056 | FPS 0100 | D 517 | rR:mu sigma m M 0.02 0.11 0.00 0.72 | F:mu sigma m M 59.9 59.1 8.0 295.0 | H 1.095 | V 0.009 | pL -0.002 | vL 0.001 | delta 0.029
U 23 | F 047104 | FPS 0075 | D 545 | rR:mu sigma m M 0.03 0.14 0.00 0.79 | F:mu sigma m M 66.9 44.5 13.0 204.0 | H 1.095 | V 0.014 | pL -0.002 | vL 0.002 | delta 0.077
U 24 | F 049152 | FPS 0089 | D 568 | rR:mu sigma m M 0.03 0.14 0.00 0.78 | F:mu sigma m M 54.5 43.9 4.0 175.0 | H 1.097 | V 0.018 | pL -0.003 | vL 0.001 | delta 0.062
U 25 | F 051200 | FPS 0102 | D 588 | rR:mu sigma m M 0.03 0.15 0.00 0.86 | F:mu sigma m M 80.6 69.0 6.0 314.0 | H 1.090 | V 0.016 | pL -0.004 | vL 0.003 | delta 0.060
U 26 | F 053248 | FPS 0097 | D 609 | rR:mu sigma m M 0.00 0.00 0.00 0.00 | F:mu sigma m M 50.2 45.9 4.0 228.0 | H 1.098 | V 0.001 | pL 0.000 | vL 0.000 | delta 0.013
U 27 | F 055296 | FPS 0094 | D 631 | rR:mu sigma m M 0.02 0.14 0.00 0.87 | F:mu sigma m M 53.0 40.8 8.0 213.0 | H 1.092 | V 0.011 | pL -0.005 | vL 0.002 | delta 0.036
U 28 | F 057344 | FPS 0098 | D 652 | rR:mu sigma m M 0.00 0.00 0.00 0.00 | F:mu sigma m M 64.6 56.8 6.0 274.0 | H 1.098 | V 0.014 | pL 0.005 | vL 0.001 | delta 0.026
U 29 | F 059392 | FPS 0094 | D 673 | rR:mu sigma m M 0.00 0.00 0.00 0.00 | F:mu sigma m M 62.7 57.0 4.0 252.0 | H 1.098 | V 0.001 | pL -0.001 | vL 0.000 | delta 0.008
U 30 | F 061440 | FPS 0079 | D 699 | rR:mu sigma m M 0.02 0.14 0.00 0.84 | F:mu sigma m M 59.6 46.1 6.0 229.0 | H 1.095 | V 0.011 | pL -0.006 | vL 0.002 | delta 0.035
U 31 | F 063488 | FPS 0099 | D 720 | rR:mu sigma m M 0.00 0.00 0.00 0.00 | F:mu sigma m M 59.7 59.9 4.0 245.0 | H 1.098 | V -0.000 | pL 0.000 | vL 0.000 | delta 0.004
U 32 | F 065536 | FPS 0080 | D 746 | rR:mu sigma m M 0.03 0.14 0.00 0.74 | F:mu sigma m M 59.4 41.3 6.0 192.0 | H 1.095 | V 0.013 | pL -0.005 | vL 0.001 | delta 0.020
U 33 | F 067584 | FPS 0092 | D 768 | rR:mu sigma m M 0.00 0.00 0.00 0.00 | F:mu sigma m M 70.8 56.8 9.0 240.0 | H 1.096 | V 0.009 | pL 0.004 | vL 0.000 | delta 0.010
U 34 | F 069632 | FPS 0097 | D 789 | rR:mu sigma m M 0.00 0.00 0.00 0.00 | F:mu sigma m M 58.8 46.6 6.0 231.0 | H 1.098 | V 0.007 | pL 0.003 | vL 0.000 | delta 0.005
U 35 | F 071680 | FPS 0085 | D 813 | rR:mu sigma m M 0.02 0.13 0.00 0.76 | F:mu sigma m M 68.2 46.0 5.0 172.0 | H 1.094 | V 0.005 | pL -0.003 | vL 0.001 | delta 0.031
U 36 | F 073728 | FPS 0091 | D 836 | rR:mu sigma m M 0.00 0.00 0.00 0.00 | F:mu sigma m M 70.5 54.8 4.0 215.0 | H 1.091 | V 0.014 | pL 0.006 | vL 0.000 | delta 0.011
U 37 | F 075776 | FPS 0073 | D 864 | rR:mu sigma m M 0.00 0.00 0.00 0.00 | F:mu sigma m M 60.6 49.9 6.0 209.0 | H 1.098 | V 0.008 | pL 0.004 | vL 0.000 | delta 0.002
U 38 | F 077824 | FPS 0085 | D 888 | rR:mu sigma m M 0.03 0.14 0.00 0.78 | F:mu sigma m M 78.1 70.3 4.0 288.0 | H 1.093 | V 0.012 | pL -0.004 | vL 0.001 | delta 0.016
U 39 | F 079872 | FPS 0091 | D 910 | rR:mu sigma m M 0.02 0.13 0.00 0.87 | F:mu sigma m M 57.4 59.6 4.0 279.0 | H 1.097 | V 0.015 | pL 0.001 | vL 0.001 | delta 0.028
U 40 | F 081920 | FPS 0088 | D 934 | rR:mu sigma m M 0.00 0.00 0.00 0.00 | F:mu sigma m M 64.4 41.7 9.0 165.0 | H 1.098 | V 0.019 | pL 0.003 | vL 0.001 | delta 0.017
U 41 | F 083968 | FPS 0085 | D 958 | rR:mu sigma m M 0.00 0.00 0.00 0.00 | F:mu sigma m M 39.9 26.7 4.0 113.0 | H 1.097 | V 0.006 | pL 0.004 | vL 0.000 | delta 0.006
U 42 | F 086016 | FPS 0094 | D 980 | rR:mu sigma m M 0.02 0.12 0.00 0.71 | F:mu sigma m M 49.8 28.7 7.0 117.0 | H 1.096 | V 0.012 | pL -0.004 | vL 0.001 | delta 0.018
U 43 | F 088064 | FPS 0097 | D 1001 | rR:mu sigma m M 0.00 0.00 0.00 0.00 | F:mu sigma m M 71.8 50.1 14.0 218.0 | H 1.098 | V 0.002 | pL 0.001 | vL 0.000 | delta 0.006
U 44 | F 090112 | FPS 0091 | D 1023 | rR:mu sigma m M 0.00 0.00 0.00 0.00 | F:mu sigma m M 55.9 44.1 10.0 159.0 | H 1.098 | V 0.003 | pL 0.001 | vL 0.000 | delta 0.003
U 45 | F 092160 | FPS 0087 | D 1047 | rR:mu sigma m M 0.00 0.00 0.00 0.00 | F:mu sigma m M 78.4 65.6 6.0 249.0 | H 1.098 | V 0.001 | pL 0.001 | vL 0.000 | delta 0.001
U 46 | F 094208 | FPS 0093 | D 1069 | rR:mu sigma m M 0.02 0.09 0.00 0.54 | F:mu sigma m M 54.2 45.8 5.0 184.0 | H 1.096 | V 0.006 | pL -0.004 | vL 0.001 | delta 0.014
U 47 | F 096256 | FPS 0089 | D 1092 | rR:mu sigma m M 0.00 0.00 0.00 0.00 | F:mu sigma m M 74.8 59.8 4.0 265.0 | H 1.098 | V 0.004 | pL 0.001 | vL 0.000 | delta 0.004
U 48 | F 098304 | FPS 0079 | D 1118 | rR:mu sigma m M 0.02 0.14 0.00 0.90 | F:mu sigma m M 52.6 38.8 6.0 157.0 | H 1.097 | V 0.005 | pL -0.006 | vL 0.001 | delta 0.027
U 49 | F 100352 | FPS 0098 | D 1139 | rR:mu sigma m M 0.05 0.19 0.00 0.82 | F:mu sigma m M 48.9 38.5 4.0 182.0 | H 1.092 | V 0.016 | pL -0.013 | vL 0.002 | delta 0.046
U 50 | F 102400 | FPS 0085 | D 1163 | rR:mu sigma m M 0.00 0.00 0.00 0.00 | F:mu sigma m M 81.3 56.8 5.0 223.0 | H 1.097 | V 0.022 | pL 0.009 | vL 0.000 | delta 0.008
U 51 | F 104448 | FPS 0092 | D 1185 | rR:mu sigma m M 0.00 0.00 0.00 0.00 | F:mu sigma m M 56.1 55.5 4.0 234.0 | H 1.098 | V 0.012 | pL 0.005 | vL 0.000 | delta 0.006
U 52 | F 106496 | FPS 0088 | D 1208 | rR:mu sigma m M 0.00 0.00 0.00 0.00 | F:mu sigma m M 74.0 45.3 6.0 184.0 | H 1.098 | V 0.006 | pL 0.003 | vL 0.000 | delta 0.004
U 53 | F 108544 | FPS 0088 | D 1232 | rR:mu sigma m M 0.02 0.13 0.00 0.88 | F:mu sigma m M 59.0 46.9 4.0 212.0 | H 1.097 | V 0.009 | pL -0.005 | vL 0.001 | delta 0.037
U 54 | F 110592 | FPS 0087 | D 1255 | rR:mu sigma m M 0.00 0.00 0.00 0.00 | F:mu sigma m M 54.6 47.4 5.0 260.0 | H 1.097 | V 0.001 | pL -0.000 | vL 0.000 | delta 0.005
U 55 | F 112640 | FPS 0093 | D 1277 | rR:mu sigma m M 0.00 0.00 0.00 0.00 | F:mu sigma m M 80.4 63.8 9.0 262.0 | H 1.098 | V 0.001 | pL 0.000 | vL 0.000 | delta 0.003
U 56 | F 114688 | FPS 0099 | D 1298 | rR:mu sigma m M 0.00 0.00 0.00 0.00 | F:mu sigma m M 113.0 88.8 16.0 307.0 | H 1.098 | V 0.001 | pL 0.000 | vL 0.000 | delta 0.002
U 57 | F 116736 | FPS 0084 | D 1322 | rR:mu sigma m M 0.03 0.16 0.00 0.89 | F:mu sigma m M 78.5 65.3 8.0 257.0 | H 1.089 | V 0.009 | pL -0.005 | vL 0.002 | delta 0.024
U 58 | F 118784 | FPS 0105 | D 1342 | rR:mu sigma m M 0.00 0.00 0.00 0.00 | F:mu sigma m M 61.6 45.0 7.0 212.0 | H 1.098 | V 0.001 | pL 0.000 | vL 0.000 | delta 0.002
U 59 | F 120832 | FPS 0091 | D 1364 | rR:mu sigma m M 0.00 0.00 0.00 0.00 | F:mu sigma m M 56.9 47.0 6.0 170.0 | H 1.099 | V 0.000 | pL -0.000 | vL 0.000 | delta 0.001
U 60 | F 122880 | FPS 0087 | D 1388 | rR:mu sigma m M 0.00 0.00 0.00 0.00 | F:mu sigma m M 61.3 48.2 5.0 192.0 | H 1.098 | V 0.001 | pL 0.000 | vL 0.000 | delta 0.002
U 61 | F 124928 | FPS 0082 | D 1413 | rR:mu sigma m M 0.00 0.00 0.00 0.00 | F:mu sigma m M 63.3 50.5 5.0 188.0 | H 1.098 | V 0.004 | pL 0.001 | vL 0.000 | delta 0.005
U 62 | F 126976 | FPS 0095 | D 1435 | rR:mu sigma m M 0.00 0.00 0.00 0.00 | F:mu sigma m M 58.4 43.1 8.0 206.0 | H 1.098 | V 0.003 | pL 0.000 | vL 0.000 | delta 0.003
U 63 | F 129024 | FPS 0087 | D 1458 | rR:mu sigma m M 0.02 0.08 0.00 0.47 | F:mu sigma m M 60.7 50.4 6.0 190.0 | H 1.096 | V 0.007 | pL -0.003 | vL 0.001 | delta 0.007
U 64 | F 131072 | FPS 0093 | D 1480 | rR:mu sigma m M 0.00 0.00 0.00 0.00 | F:mu sigma m M 72.6 67.2 10.0 276.0 | H 1.098 | V 0.000 | pL -0.000 | vL 0.000 | delta 0.002
U 65 | F 133120 | FPS 0081 | D 1505 | rR:mu sigma m M 0.03 0.14 0.00 0.78 | F:mu sigma m M 63.0 42.8 4.0 174.0 | H 1.098 | V 0.007 | pL -0.006 | vL 0.001 | delta 0.033
U 66 | F 135168 | FPS 0095 | D 1527 | rR:mu sigma m M 0.00 0.00 0.00 0.00 | F:mu sigma m M 69.9 55.7 5.0 202.0 | H 1.096 | V -0.004 | pL -0.003 | vL 0.000 | delta 0.010
U 67 | F 137216 | FPS 0095 | D 1548 | rR:mu sigma m M 0.00 0.00 0.00 0.00 | F:mu sigma m M 64.0 50.0 11.0 216.0 | H 1.097 | V -0.001 | pL -0.001 | vL 0.000 | delta 0.004
U 68 | F 139264 | FPS 0093 | D 1571 | rR:mu sigma m M 0.00 0.00 0.00 0.00 | F:mu sigma m M 53.8 38.4 4.0 146.0 | H 1.098 | V -0.002 | pL -0.002 | vL 0.000 | delta 0.001
U 69 | F 141312 | FPS 0093 | D 1593 | rR:mu sigma m M 0.00 0.00 0.00 0.00 | F:mu sigma m M 55.7 38.3 10.0 144.0 | H 1.097 | V 0.000 | pL -0.000 | vL 0.000 | delta 0.004
U 70 | F 143360 | FPS 0093 | D 1615 | rR:mu sigma m M 0.02 0.14 0.00 0.86 | F:mu sigma m M 67.7 53.2 5.0 252.0 | H 1.095 | V 0.005 | pL -0.008 | vL 0.001 | delta 0.017
U 71 | F 145408 | FPS 0098 | D 1635 | rR:mu sigma m M 0.00 0.00 0.00 0.00 | F:mu sigma m M 45.4 33.2 4.0 163.0 | H 1.094 | V -0.002 | pL -0.001 | vL 0.000 | delta 0.009
U 72 | F 147456 | FPS 0098 | D 1656 | rR:mu sigma m M 0.02 0.12 0.00 0.71 | F:mu sigma m M 57.5 42.5 9.0 139.0 | H 1.094 | V 0.007 | pL -0.005 | vL 0.001 | delta 0.016
U 73 | F 149504 | FPS 0089 | D 1679 | rR:mu sigma m M 0.00 0.00 0.00 0.00 | F:mu sigma m M 49.5 36.7 9.0 157.0 | H 1.097 | V 0.003 | pL -0.002 | vL 0.000 | delta 0.005
U 74 | F 151552 | FPS 0091 | D 1702 | rR:mu sigma m M 0.00 0.00 0.00 0.00 | F:mu sigma m M 72.6 64.4 4.0 218.0 | H 1.097 | V 0.002 | pL 0.000 | vL 0.000 | delta 0.006
U 75 | F 153600 | FPS 0093 | D 1724 | rR:mu sigma m M 0.00 0.00 0.00 0.00 | F:mu sigma m M 73.5 59.1 6.0 229.0 | H 1.098 | V 0.000 | pL -0.001 | vL 0.000 | delta 0.002
U 76 | F 155648 | FPS 0100 | D 1744 | rR:mu sigma m M 0.00 0.00 0.00 0.00 | F:mu sigma m M 69.1 48.6 5.0 252.0 | H 1.098 | V 0.000 | pL -0.000 | vL 0.000 | delta 0.001
U 77 | F 157696 | FPS 0088 | D 1767 | rR:mu sigma m M 0.05 0.22 0.00 0.95 | F:mu sigma m M 61.7 55.2 6.0 216.0 | H 1.086 | V 0.010 | pL -0.013 | vL 0.004 | delta 0.020
U 78 | F 159744 | FPS 0107 | D 1787 | rR:mu sigma m M 0.02 0.14 0.00 0.89 | F:mu sigma m M 53.1 37.5 4.0 153.0 | H 1.093 | V 0.011 | pL -0.005 | vL 0.002 | delta 0.055
U 79 | F 161792 | FPS 0092 | D 1809 | rR:mu sigma m M 0.03 0.15 0.00 0.87 | F:mu sigma m M 54.1 41.1 4.0 157.0 | H 1.095 | V 0.011 | pL -0.003 | vL 0.001 | delta 0.029
U 80 | F 163840 | FPS 0101 | D 1829 | rR:mu sigma m M 0.02 0.12 0.00 0.85 | F:mu sigma m M 48.0 45.5 4.0 251.0 | H 1.096 | V 0.019 | pL -0.003 | vL 0.002 | delta 0.036
U 81 | F 165888 | FPS 0084 | D 1853 | rR:mu sigma m M 0.00 0.00 0.00 0.00 | F:mu sigma m M 56.3 45.5 6.0 208.0 | H 1.097 | V 0.013 | pL 0.007 | vL 0.000 | delta 0.006
U 82 | F 167936 | FPS 0089 | D 1877 | rR:mu sigma m M 0.04 0.17 0.00 0.76 | F:mu sigma m M 57.6 43.9 6.0 224.0 | H 1.091 | V 0.033 | pL -0.007 | vL 0.002 | delta 0.044
U 83 | F 169984 | FPS 0109 | D 1895 | rR:mu sigma m M 0.04 0.18 0.00 0.90 | F:mu sigma m M 49.6 35.8 4.0 160.0 | H 1.084 | V 0.022 | pL -0.007 | vL 0.004 | delta 0.045
U 84 | F 172032 | FPS 0089 | D 1918 | rR:mu sigma m M 0.02 0.12 0.00 0.86 | F:mu sigma m M 50.5 45.9 4.0 238.0 | H 1.086 | V 0.016 | pL -0.006 | vL 0.003 | delta 0.026
U 85 | F 174080 | FPS 0091 | D 1941 | rR:mu sigma m M 0.05 0.19 0.00 0.90 | F:mu sigma m M 52.3 39.2 5.0 197.0 | H 1.089 | V 0.017 | pL -0.007 | vL 0.003 | delta 0.032
U 86 | F 176128 | FPS 0084 | D 1965 | rR:mu sigma m M 0.04 0.17 0.00 0.73 | F:mu sigma m M 62.5 51.0 8.0 226.0 | H 1.083 | V 0.036 | pL -0.001 | vL 0.004 | delta 0.049
U 87 | F 178176 | FPS 0079 | D 1991 | rR:mu sigma m M 0.03 0.16 0.00 0.92 | F:mu sigma m M 68.9 63.5 6.0 324.0 | H 1.082 | V 0.024 | pL -0.002 | vL 0.003 | delta 0.032
U 88 | F 180224 | FPS 0081 | D 2017 | rR:mu sigma m M 0.09 0.26 0.00 0.88 | F:mu sigma m M 65.0 52.0 9.0 210.0 | H 1.063 | V 0.044 | pL -0.007 | vL 0.006 | delta 0.059
U 89 | F 182272 | FPS 0082 | D 2042 | rR:mu sigma m M 0.08 0.25 0.00 0.90 | F:mu sigma m M 58.0 43.7 7.0 231.0 | H 1.073 | V 0.051 | pL -0.016 | vL 0.007 | delta 0.047
U 90 | F 184320 | FPS 0088 | D 2065 | rR:mu sigma m M 0.04 0.18 0.00 0.86 | F:mu sigma m M 57.5 42.2 4.0 180.0 | H 1.070 | V 0.039 | pL 0.003 | vL 0.004 | delta 0.038
U 91 | F 186368 | FPS 0097 | D 2086 | rR:mu sigma m M 0.05 0.17 0.00 0.87 | F:mu sigma m M 66.3 62.9 6.0 250.0 | H 1.055 | V 0.066 | pL 0.002 | vL 0.005 | delta 0.043
U 92 | F 188416 | FPS 0101 | D 2106 | rR:mu sigma m M 0.07 0.24 0.00 0.92 | F:mu sigma m M 64.5 56.0 8.0 239.0 | H 1.064 | V 0.052 | pL -0.006 | vL 0.005 | delta 0.048
U 93 | F 190464 | FPS 0096 | D 2128 | rR:mu sigma m M 0.05 0.20 0.00 0.86 | F:mu sigma m M 74.0 57.6 12.0 218.0 | H 1.079 | V 0.036 | pL 0.005 | vL 0.002 | delta 0.019
U 94 | F 192512 | FPS 0092 | D 2150 | rR:mu sigma m M 0.08 0.22 0.00 0.89 | F:mu sigma m M 57.9 49.8 6.0 190.0 | H 1.068 | V 0.052 | pL 0.001 | vL 0.003 | delta 0.031
U 95 | F 194560 | FPS 0092 | D 2172 | rR:mu sigma m M 0.13 0.28 0.00 0.82 | F:mu sigma m M 68.9 49.0 8.0 205.0 | H 1.069 | V 0.064 | pL -0.016 | vL 0.006 | delta 0.037
U 96 | F 196608 | FPS 0094 | D 2194 | rR:mu sigma m M 0.09 0.26 0.00 0.91 | F:mu sigma m M 63.2 53.8 13.0 287.0 | H 1.074 | V 0.055 | pL -0.006 | vL 0.005 | delta 0.034
U 97 | F 198656 | FPS 0097 | D 2215 | rR:mu sigma m M 0.13 0.32 0.00 0.94 | F:mu sigma m M 54.0 54.1 4.0 290.0 | H 1.040 | V 0.097 | pL -0.008 | vL 0.012 | delta 0.075
U 98 | F 200704 | FPS 0091 | D 2238 | rR:mu sigma m M 0.15 0.32 0.00 0.96 | F:mu sigma m M 58.3 59.2 6.0 277.0 | H 1.038 | V 0.089 | pL -0.012 | vL 0.011 | delta 0.063
U 99 | F 202752 | FPS 0101 | D 2258 | rR:mu sigma m M 0.15 0.34 0.00 0.95 | F:mu sigma m M 45.1 40.0 4.0 213.0 | H 0.999 | V 0.116 | pL -0.021 | vL 0.016 | delta 0.103
U 100 | F 204800 | FPS 0107 | D 2277 | rR:mu sigma m M 0.34 0.43 0.00 0.96 | F:mu sigma m M 41.4 30.0 5.0 135.0 | H 0.908 | V 0.227 | pL -0.068 | vL 0.028 | delta 0.130
U 101 | F 206848 | FPS 0118 | D 2294 | rR:mu sigma m M 0.47 0.44 0.00 0.96 | F:mu sigma m M 38.6 24.7 4.0 114.0 | H 0.815 | V 0.317 | pL -0.077 | vL 0.032 | delta 0.192
U 102 | F 208896 | FPS 0132 | D 2310 | rR:mu sigma m M 0.62 0.42 0.00 0.96 | F:mu sigma m M 30.6 17.2 4.0 101.0 | H 0.720 | V 0.474 | pL -0.102 | vL 0.041 | delta 0.221
U 103 | F 210944 | FPS 0147 | D 2324 | rR:mu sigma m M 0.80 0.32 0.00 0.96 | F:mu sigma m M 26.6 14.0 6.0 73.0 | H 0.531 | V 0.665 | pL -0.106 | vL 0.023 | delta 0.203
U 104 | F 212992 | FPS 0173 | D 2336 | rR:mu sigma m M 0.91 0.18 0.00 0.96 | F:mu sigma m M 20.5 7.6 10.0 56.0 | H 0.360 | V 0.802 | pL -0.068 | vL 0.011 | delta 0.152
U 105 | F 215040 | FPS 0173 | D 2348 | rR:mu sigma m M 0.93 0.15 0.00 0.96 | F:mu sigma m M 17.6 4.3 6.0 30.0 | H 0.267 | V 0.836 | pL -0.045 | vL 0.007 | delta 0.092
U 106 | F 217088 | FPS 0181 | D 2359 | rR:mu sigma m M 0.95 0.09 0.00 0.96 | F:mu sigma m M 16.1 4.5 14.0 43.0 | H 0.199 | V 0.870 | pL -0.027 | vL 0.001 | delta 0.043
U 107 | F 219136 | FPS 0188 | D 2370 | rR:mu sigma m M 0.96 0.01 0.90 0.96 | F:mu sigma m M 15.5 3.0 14.0 35.0 | H 0.213 | V 0.884 | pL -0.015 | vL 0.001 | delta 0.028
agent reach optimality, start collecting trajectories
agent successfully collected 10 trajectories
pickling optimal trajectories
Model successfully saved
/home/rdali/.local/easybuild/software/2017/Core/miniconda3/4.3.27/envs/observe/lib/python3.6/site-packages/torch/nn/functional.py:1906: UserWarning: reduction: 'mean' divides the total loss by both the batch size and the support size.'batchmean' divides only by the batch size, and aligns with the KL div math definition.'mean' will be changed to behave the same as 'batchmean' in the next major release.
  warnings.warn("reduction: 'mean' divides the total loss by both the batch size and the support size."
