The following modules were not unloaded:
  (Use "module --force purge" to unload all):

  1) nixpkgs/16.09     4) icc/.2018.3.222     7) openmpi/3.1.2
  2) imkl/2018.3.222   5) ifort/.2018.3.222   8) StdEnv/2018.3
  3) gcccore/.7.3.0    6) intel/2018.3

Due to MODULEPATH changes, the following have been reloaded:
  1) openmpi/3.1.2


Due to MODULEPATH changes, the following have been reloaded:
  1) openmpi/3.1.2

Attention: While Conda works well in a desktop environment, it tends to create more problems than it solves on a cluster. Instead, we recommend that users use virtual environments and the binary packages that we provide through Python wheels as documented on the Python page.
/home/rdali/RL/watch_and_learn/dependency/rl-starter-files/scripts/train_agent_multidem.py --env MiniGrid-LavaCrossingAgent-v0 --algo ppo --nameDemonstrator crossAddict1,crossAddict2,crossAddict3,crossAddict5,crossAddict6,crossAddict7 --flat-model 0 --KLweight 0.01 --useKL 1 --meanReward 0.80 --rewardLB 0.70 --seed 1308

Namespace(KLweight=0.01, algo='ppo', batch_size=256, clip_eps=0.2, discount=0.99, entropy_coef=0.01, env='MiniGrid-LavaCrossingAgent-v0', epochs=4, flat_model=0, frames=10000000, frames_per_proc=None, full_obs=0, gae_lambda=0.95, log_interval=1, lr=0.0007, max_grad_norm=0.5, meanReward=0.8, mem=False, model=None, nameDemonstrator='crossAddict1,crossAddict2,crossAddict3,crossAddict5,crossAddict6,crossAddict7', optim_alpha=0.99, optim_eps=1e-05, procs=16, recurrence=1, rewardLB=0.7, save_interval=0, seed=1308, tb=False, text=False, useKL=1, value_loss_coef=0.5)

Flat model successfully created

ACModel(
  (image_conv): Sequential(
    (0): Conv2d(3, 32, kernel_size=(2, 2), stride=(1, 1))
    (1): ReLU()
    (2): MaxPool2d(kernel_size=(2, 2), stride=(2, 2), padding=0, dilation=1, ceil_mode=False)
    (3): Conv2d(32, 64, kernel_size=(2, 2), stride=(1, 1))
    (4): ReLU()
    (5): Conv2d(64, 64, kernel_size=(2, 2), stride=(1, 1))
    (6): ReLU()
  )
  (actor): Sequential(
    (0): Linear(in_features=256, out_features=64, bias=True)
    (1): Tanh()
    (2): Linear(in_features=64, out_features=3, bias=True)
  )
  (critic): Sequential(
    (0): Linear(in_features=256, out_features=64, bias=True)
    (1): Tanh()
    (2): Linear(in_features=64, out_features=1, bias=True)
  )
)

CUDA available: False

1
True
0.01
Using TensorFlow backend.
OMP: Info #212: KMP_AFFINITY: decoding x2APIC ids.
OMP: Info #210: KMP_AFFINITY: Affinity capable, using global cpuid leaf 11 info
OMP: Info #154: KMP_AFFINITY: Initial OS proc set respected: 14,18,20,27,31
OMP: Info #156: KMP_AFFINITY: 5 available OS procs
OMP: Info #158: KMP_AFFINITY: Nonuniform topology
OMP: Info #179: KMP_AFFINITY: 2 packages x 3 cores/pkg x 1 threads/core (5 total cores)
OMP: Info #214: KMP_AFFINITY: OS proc to physical thread map:
OMP: Info #171: KMP_AFFINITY: OS proc 18 maps to package 0 core 10 
OMP: Info #171: KMP_AFFINITY: OS proc 14 maps to package 0 core 11 
OMP: Info #171: KMP_AFFINITY: OS proc 20 maps to package 0 core 16 
OMP: Info #171: KMP_AFFINITY: OS proc 27 maps to package 1 core 19 
OMP: Info #171: KMP_AFFINITY: OS proc 31 maps to package 1 core 28 
OMP: Info #250: KMP_AFFINITY: pid 256149 tid 256149 thread 0 bound to OS proc set 18
OMP: Info #250: KMP_AFFINITY: pid 256149 tid 256356 thread 1 bound to OS proc set 27
OMP: Info #250: KMP_AFFINITY: pid 256149 tid 256357 thread 2 bound to OS proc set 14
OMP: Info #250: KMP_AFFINITY: pid 256149 tid 256358 thread 3 bound to OS proc set 31
OMP: Info #250: KMP_AFFINITY: pid 256149 tid 256359 thread 4 bound to OS proc set 20
OMP: Info #250: KMP_AFFINITY: pid 256149 tid 256530 thread 5 bound to OS proc set 18
OMP: Info #250: KMP_AFFINITY: pid 256149 tid 256529 thread 6 bound to OS proc set 27
OMP: Info #250: KMP_AFFINITY: pid 256149 tid 256549 thread 8 bound to OS proc set 31
OMP: Info #250: KMP_AFFINITY: pid 256149 tid 256550 thread 9 bound to OS proc set 20
OMP: Info #250: KMP_AFFINITY: pid 256149 tid 256548 thread 7 bound to OS proc set 14
OMP: Info #250: KMP_AFFINITY: pid 256149 tid 256551 thread 10 bound to OS proc set 18
OMP: Info #250: KMP_AFFINITY: pid 256149 tid 256563 thread 11 bound to OS proc set 27
OMP: Info #250: KMP_AFFINITY: pid 256149 tid 256564 thread 12 bound to OS proc set 14
OMP: Info #250: KMP_AFFINITY: pid 256149 tid 256565 thread 13 bound to OS proc set 31
OMP: Info #250: KMP_AFFINITY: pid 256149 tid 256566 thread 14 bound to OS proc set 20
OMP: Info #250: KMP_AFFINITY: pid 256149 tid 256567 thread 15 bound to OS proc set 18
U 1 | F 002048 | FPS 0062 | D 33 | rR:mu sigma m M 0.00 0.00 0.00 0.00 | F:mu sigma m M 51.2 30.8 9.0 122.0 | H 1.049 | V 0.179 | pL 0.080 | vL 0.004 | delta 0.117
U 2 | F 004096 | FPS 0058 | D 68 | rR:mu sigma m M 0.00 0.00 0.00 0.00 | F:mu sigma m M 71.9 47.3 18.0 158.0 | H 1.050 | V 0.118 | pL 0.036 | vL 0.001 | delta 0.039
U 3 | F 006144 | FPS 0053 | D 107 | rR:mu sigma m M 0.00 0.00 0.00 0.00 | F:mu sigma m M 131.7 86.5 10.0 266.0 | H 1.090 | V 0.096 | pL 0.034 | vL 0.001 | delta 0.033
U 4 | F 008192 | FPS 0071 | D 136 | rR:mu sigma m M 0.00 0.00 0.00 0.00 | F:mu sigma m M 102.2 82.8 14.0 324.0 | H 1.095 | V 0.073 | pL 0.026 | vL 0.000 | delta 0.013
U 5 | F 010240 | FPS 0070 | D 165 | rR:mu sigma m M 0.05 0.19 0.00 0.86 | F:mu sigma m M 87.4 71.5 15.0 322.0 | H 1.086 | V 0.058 | pL 0.013 | vL 0.002 | delta 0.064
U 6 | F 012288 | FPS 0068 | D 195 | rR:mu sigma m M 0.02 0.12 0.00 0.62 | F:mu sigma m M 77.4 57.1 15.0 263.0 | H 1.097 | V 0.052 | pL 0.021 | vL 0.001 | delta 0.033
U 7 | F 014336 | FPS 0076 | D 222 | rR:mu sigma m M 0.00 0.00 0.00 0.00 | F:mu sigma m M 58.6 47.2 8.0 179.0 | H 1.094 | V 0.034 | pL 0.015 | vL 0.000 | delta 0.019
U 8 | F 016384 | FPS 0077 | D 249 | rR:mu sigma m M 0.00 0.00 0.00 0.00 | F:mu sigma m M 87.2 68.3 7.0 323.0 | H 1.096 | V 0.026 | pL 0.009 | vL 0.000 | delta 0.010
U 9 | F 018432 | FPS 0074 | D 277 | rR:mu sigma m M 0.00 0.00 0.00 0.00 | F:mu sigma m M 74.5 65.2 6.0 293.0 | H 1.098 | V 0.020 | pL 0.007 | vL 0.000 | delta 0.013
U 10 | F 020480 | FPS 0092 | D 299 | rR:mu sigma m M 0.00 0.00 0.00 0.00 | F:mu sigma m M 56.6 48.9 4.0 226.0 | H 1.098 | V 0.012 | pL 0.008 | vL 0.000 | delta 0.009
U 11 | F 022528 | FPS 0080 | D 324 | rR:mu sigma m M 0.00 0.00 0.00 0.00 | F:mu sigma m M 49.1 35.1 5.0 154.0 | H 1.098 | V 0.011 | pL 0.004 | vL 0.000 | delta 0.006
U 12 | F 024576 | FPS 0074 | D 352 | rR:mu sigma m M 0.00 0.00 0.00 0.00 | F:mu sigma m M 77.5 58.7 6.0 241.0 | H 1.098 | V 0.009 | pL 0.004 | vL 0.000 | delta 0.004
U 13 | F 026624 | FPS 0087 | D 375 | rR:mu sigma m M 0.00 0.00 0.00 0.00 | F:mu sigma m M 82.1 73.0 14.0 324.0 | H 1.098 | V 0.005 | pL 0.003 | vL 0.000 | delta 0.003
U 14 | F 028672 | FPS 0082 | D 400 | rR:mu sigma m M 0.00 0.00 0.00 0.00 | F:mu sigma m M 60.7 41.2 9.0 140.0 | H 1.099 | V 0.003 | pL 0.002 | vL 0.000 | delta 0.003
U 15 | F 030720 | FPS 0077 | D 427 | rR:mu sigma m M 0.02 0.12 0.00 0.66 | F:mu sigma m M 55.8 47.9 6.0 220.0 | H 1.095 | V 0.008 | pL -0.004 | vL 0.001 | delta 0.018
U 16 | F 032768 | FPS 0075 | D 454 | rR:mu sigma m M 0.00 0.00 0.00 0.00 | F:mu sigma m M 66.6 55.1 4.0 238.0 | H 1.098 | V 0.000 | pL -0.004 | vL 0.000 | delta 0.016
U 17 | F 034816 | FPS 0090 | D 477 | rR:mu sigma m M 0.03 0.14 0.00 0.79 | F:mu sigma m M 67.3 64.0 6.0 314.0 | H 1.090 | V 0.008 | pL -0.009 | vL 0.001 | delta 0.063
U 18 | F 036864 | FPS 0096 | D 498 | rR:mu sigma m M 0.04 0.18 0.00 0.91 | F:mu sigma m M 66.8 44.5 12.0 168.0 | H 1.096 | V 0.013 | pL -0.017 | vL 0.004 | delta 0.077
U 19 | F 038912 | FPS 0086 | D 522 | rR:mu sigma m M 0.00 0.00 0.00 0.00 | F:mu sigma m M 43.1 51.3 4.0 324.0 | H 1.089 | V 0.005 | pL 0.004 | vL 0.000 | delta 0.011
U 20 | F 040960 | FPS 0084 | D 547 | rR:mu sigma m M 0.00 0.00 0.00 0.00 | F:mu sigma m M 62.7 45.7 5.0 153.0 | H 1.098 | V 0.000 | pL -0.001 | vL 0.000 | delta 0.005
U 21 | F 043008 | FPS 0077 | D 573 | rR:mu sigma m M 0.00 0.00 0.00 0.00 | F:mu sigma m M 82.2 78.2 7.0 294.0 | H 1.098 | V -0.001 | pL -0.001 | vL 0.000 | delta 0.003
U 22 | F 045056 | FPS 0075 | D 601 | rR:mu sigma m M 0.00 0.00 0.00 0.00 | F:mu sigma m M 71.5 61.9 4.0 269.0 | H 1.097 | V 0.003 | pL 0.001 | vL 0.000 | delta 0.005
U 23 | F 047104 | FPS 0078 | D 627 | rR:mu sigma m M 0.00 0.00 0.00 0.00 | F:mu sigma m M 43.5 31.9 9.0 140.0 | H 1.098 | V 0.001 | pL 0.000 | vL 0.000 | delta 0.001
U 24 | F 049152 | FPS 0080 | D 652 | rR:mu sigma m M 0.00 0.00 0.00 0.00 | F:mu sigma m M 54.9 45.8 4.0 213.0 | H 1.098 | V 0.001 | pL 0.000 | vL 0.000 | delta 0.002
U 25 | F 051200 | FPS 0085 | D 677 | rR:mu sigma m M 0.00 0.00 0.00 0.00 | F:mu sigma m M 54.1 42.2 4.0 170.0 | H 1.098 | V 0.002 | pL -0.000 | vL 0.000 | delta 0.002
U 26 | F 053248 | FPS 0075 | D 704 | rR:mu sigma m M 0.00 0.00 0.00 0.00 | F:mu sigma m M 59.9 49.7 8.0 236.0 | H 1.098 | V 0.002 | pL 0.000 | vL 0.000 | delta 0.003
U 27 | F 055296 | FPS 0075 | D 731 | rR:mu sigma m M 0.02 0.12 0.00 0.69 | F:mu sigma m M 59.4 40.8 6.0 144.0 | H 1.097 | V 0.004 | pL -0.004 | vL 0.001 | delta 0.015
U 28 | F 057344 | FPS 0075 | D 759 | rR:mu sigma m M 0.00 0.00 0.00 0.00 | F:mu sigma m M 53.6 51.8 7.0 252.0 | H 1.093 | V 0.013 | pL 0.000 | vL 0.000 | delta 0.019
U 29 | F 059392 | FPS 0094 | D 780 | rR:mu sigma m M 0.03 0.15 0.00 0.84 | F:mu sigma m M 52.0 36.1 4.0 164.0 | H 1.096 | V 0.008 | pL 0.002 | vL 0.001 | delta 0.013
U 30 | F 061440 | FPS 0082 | D 805 | rR:mu sigma m M 0.00 0.00 0.00 0.00 | F:mu sigma m M 74.4 66.4 6.0 324.0 | H 1.098 | V 0.006 | pL 0.003 | vL 0.000 | delta 0.007
U 31 | F 063488 | FPS 0089 | D 828 | rR:mu sigma m M 0.00 0.00 0.00 0.00 | F:mu sigma m M 63.9 53.3 4.0 243.0 | H 1.097 | V 0.008 | pL 0.003 | vL 0.000 | delta 0.007
U 32 | F 065536 | FPS 0070 | D 857 | rR:mu sigma m M 0.00 0.00 0.00 0.00 | F:mu sigma m M 62.3 43.8 4.0 163.0 | H 1.097 | V 0.006 | pL 0.002 | vL 0.000 | delta 0.002
U 33 | F 067584 | FPS 0090 | D 880 | rR:mu sigma m M 0.00 0.00 0.00 0.00 | F:mu sigma m M 80.3 72.6 6.0 311.0 | H 1.098 | V 0.005 | pL 0.001 | vL 0.000 | delta 0.003
U 34 | F 069632 | FPS 0069 | D 910 | rR:mu sigma m M 0.00 0.00 0.00 0.00 | F:mu sigma m M 51.5 35.8 6.0 139.0 | H 1.098 | V 0.003 | pL 0.002 | vL 0.000 | delta 0.004
U 35 | F 071680 | FPS 0096 | D 931 | rR:mu sigma m M 0.00 0.00 0.00 0.00 | F:mu sigma m M 62.4 61.9 6.0 324.0 | H 1.098 | V 0.001 | pL 0.001 | vL 0.000 | delta 0.001
U 36 | F 073728 | FPS 0075 | D 958 | rR:mu sigma m M 0.00 0.00 0.00 0.00 | F:mu sigma m M 55.2 48.9 4.0 183.0 | H 1.098 | V 0.001 | pL 0.000 | vL 0.000 | delta 0.001
U 37 | F 075776 | FPS 0085 | D 983 | rR:mu sigma m M 0.00 0.00 0.00 0.00 | F:mu sigma m M 55.8 36.8 11.0 170.0 | H 1.098 | V 0.001 | pL 0.000 | vL 0.000 | delta 0.001
U 38 | F 077824 | FPS 0080 | D 1008 | rR:mu sigma m M 0.02 0.09 0.00 0.47 | F:mu sigma m M 77.3 78.8 6.0 324.0 | H 1.095 | V 0.005 | pL -0.003 | vL 0.000 | delta 0.014
U 39 | F 079872 | FPS 0071 | D 1037 | rR:mu sigma m M 0.00 0.00 0.00 0.00 | F:mu sigma m M 58.3 50.6 4.0 191.0 | H 1.098 | V -0.001 | pL -0.001 | vL 0.000 | delta 0.004
U 40 | F 081920 | FPS 0079 | D 1063 | rR:mu sigma m M 0.00 0.00 0.00 0.00 | F:mu sigma m M 67.9 59.2 10.0 303.0 | H 1.098 | V 0.003 | pL 0.000 | vL 0.000 | delta 0.004
U 41 | F 083968 | FPS 0083 | D 1088 | rR:mu sigma m M 0.00 0.00 0.00 0.00 | F:mu sigma m M 66.0 51.4 7.0 233.0 | H 1.098 | V 0.002 | pL 0.000 | vL 0.000 | delta 0.006
U 42 | F 086016 | FPS 0088 | D 1111 | rR:mu sigma m M 0.00 0.00 0.00 0.00 | F:mu sigma m M 89.6 56.5 11.0 236.0 | H 1.098 | V 0.000 | pL 0.000 | vL 0.000 | delta 0.003
U 43 | F 088064 | FPS 0076 | D 1138 | rR:mu sigma m M 0.00 0.00 0.00 0.00 | F:mu sigma m M 55.7 64.2 4.0 291.0 | H 1.098 | V -0.001 | pL -0.001 | vL 0.000 | delta 0.001
U 44 | F 090112 | FPS 0085 | D 1162 | rR:mu sigma m M 0.00 0.00 0.00 0.00 | F:mu sigma m M 79.5 60.5 14.0 291.0 | H 1.098 | V -0.000 | pL -0.000 | vL 0.000 | delta 0.001
U 45 | F 092160 | FPS 0075 | D 1189 | rR:mu sigma m M 0.08 0.23 0.00 0.86 | F:mu sigma m M 67.2 55.6 6.0 257.0 | H 1.088 | V 0.014 | pL -0.015 | vL 0.004 | delta 0.034
U 46 | F 094208 | FPS 0084 | D 1214 | rR:mu sigma m M 0.02 0.13 0.00 0.77 | F:mu sigma m M 64.5 52.5 4.0 184.0 | H 1.097 | V 0.026 | pL 0.001 | vL 0.002 | delta 0.016
U 47 | F 096256 | FPS 0075 | D 1241 | rR:mu sigma m M 0.00 0.00 0.00 0.00 | F:mu sigma m M 62.5 48.9 4.0 181.0 | H 1.098 | V 0.005 | pL 0.002 | vL 0.000 | delta 0.007
U 48 | F 098304 | FPS 0087 | D 1265 | rR:mu sigma m M 0.00 0.00 0.00 0.00 | F:mu sigma m M 78.6 68.1 6.0 244.0 | H 1.099 | V 0.005 | pL 0.002 | vL 0.000 | delta 0.002
U 49 | F 100352 | FPS 0082 | D 1289 | rR:mu sigma m M 0.00 0.00 0.00 0.00 | F:mu sigma m M 53.6 34.0 4.0 123.0 | H 1.099 | V 0.003 | pL 0.001 | vL 0.000 | delta 0.002
U 50 | F 102400 | FPS 0078 | D 1316 | rR:mu sigma m M 0.00 0.02 0.00 0.15 | F:mu sigma m M 60.0 72.3 4.0 324.0 | H 1.098 | V 0.004 | pL 0.000 | vL 0.000 | delta 0.002
U 51 | F 104448 | FPS 0085 | D 1340 | rR:mu sigma m M 0.04 0.16 0.00 0.70 | F:mu sigma m M 61.9 45.8 5.0 198.0 | H 1.092 | V 0.016 | pL -0.010 | vL 0.002 | delta 0.031
U 52 | F 106496 | FPS 0088 | D 1363 | rR:mu sigma m M 0.00 0.00 0.00 0.00 | F:mu sigma m M 54.2 42.7 4.0 175.0 | H 1.098 | V 0.003 | pL 0.000 | vL 0.000 | delta 0.005
U 53 | F 108544 | FPS 0083 | D 1388 | rR:mu sigma m M 0.00 0.00 0.00 0.00 | F:mu sigma m M 56.2 49.7 7.0 232.0 | H 1.098 | V 0.003 | pL 0.002 | vL 0.000 | delta 0.003
U 54 | F 110592 | FPS 0082 | D 1413 | rR:mu sigma m M 0.00 0.00 0.00 0.00 | F:mu sigma m M 63.2 49.9 6.0 198.0 | H 1.099 | V 0.001 | pL 0.001 | vL 0.000 | delta 0.001
U 55 | F 112640 | FPS 0083 | D 1437 | rR:mu sigma m M 0.00 0.00 0.00 0.00 | F:mu sigma m M 57.6 57.8 6.0 324.0 | H 1.098 | V 0.001 | pL 0.000 | vL 0.000 | delta 0.001
U 56 | F 114688 | FPS 0081 | D 1463 | rR:mu sigma m M 0.00 0.00 0.00 0.00 | F:mu sigma m M 56.2 41.1 4.0 141.0 | H 1.099 | V 0.000 | pL 0.000 | vL 0.000 | delta 0.000
U 57 | F 116736 | FPS 0087 | D 1486 | rR:mu sigma m M 0.00 0.00 0.00 0.00 | F:mu sigma m M 65.8 49.8 12.0 247.0 | H 1.099 | V 0.001 | pL 0.000 | vL 0.000 | delta 0.001
U 58 | F 118784 | FPS 0071 | D 1515 | rR:mu sigma m M 0.00 0.00 0.00 0.00 | F:mu sigma m M 62.5 47.1 4.0 201.0 | H 1.098 | V 0.001 | pL 0.000 | vL 0.000 | delta 0.002
U 59 | F 120832 | FPS 0077 | D 1542 | rR:mu sigma m M 0.00 0.00 0.00 0.00 | F:mu sigma m M 53.0 41.3 6.0 172.0 | H 1.098 | V 0.001 | pL -0.001 | vL 0.000 | delta 0.002
U 60 | F 122880 | FPS 0080 | D 1567 | rR:mu sigma m M 0.01 0.07 0.00 0.38 | F:mu sigma m M 64.8 53.5 4.0 224.0 | H 1.095 | V 0.006 | pL -0.004 | vL 0.000 | delta 0.009
U 61 | F 124928 | FPS 0080 | D 1593 | rR:mu sigma m M 0.06 0.19 0.00 0.81 | F:mu sigma m M 64.2 48.6 7.0 232.0 | H 1.096 | V 0.022 | pL -0.007 | vL 0.002 | delta 0.028
U 62 | F 126976 | FPS 0075 | D 1620 | rR:mu sigma m M 0.00 0.00 0.00 0.00 | F:mu sigma m M 60.1 44.6 4.0 169.0 | H 1.097 | V 0.011 | pL 0.006 | vL 0.000 | delta 0.004
U 63 | F 129024 | FPS 0074 | D 1648 | rR:mu sigma m M 0.03 0.15 0.00 0.91 | F:mu sigma m M 57.4 49.4 5.0 218.0 | H 1.097 | V 0.009 | pL -0.004 | vL 0.002 | delta 0.038
U 64 | F 131072 | FPS 0089 | D 1671 | rR:mu sigma m M 0.00 0.00 0.00 0.00 | F:mu sigma m M 45.8 30.7 4.0 124.0 | H 1.098 | V 0.011 | pL 0.005 | vL 0.000 | delta 0.010
U 65 | F 133120 | FPS 0089 | D 1694 | rR:mu sigma m M 0.00 0.00 0.00 0.00 | F:mu sigma m M 52.9 45.7 6.0 182.0 | H 1.098 | V 0.006 | pL 0.001 | vL 0.000 | delta 0.003
U 66 | F 135168 | FPS 0088 | D 1717 | rR:mu sigma m M 0.00 0.00 0.00 0.00 | F:mu sigma m M 79.3 73.8 4.0 256.0 | H 1.099 | V 0.005 | pL 0.002 | vL 0.000 | delta 0.002
U 67 | F 137216 | FPS 0087 | D 1741 | rR:mu sigma m M 0.00 0.00 0.00 0.00 | F:mu sigma m M 56.1 36.2 6.0 153.0 | H 1.099 | V 0.004 | pL 0.001 | vL 0.000 | delta 0.001
U 68 | F 139264 | FPS 0093 | D 1763 | rR:mu sigma m M 0.00 0.00 0.00 0.00 | F:mu sigma m M 71.5 52.8 9.0 241.0 | H 1.099 | V 0.002 | pL 0.001 | vL 0.000 | delta 0.001
U 69 | F 141312 | FPS 0087 | D 1786 | rR:mu sigma m M 0.00 0.00 0.00 0.00 | F:mu sigma m M 52.9 32.0 4.0 120.0 | H 1.099 | V 0.002 | pL 0.001 | vL 0.000 | delta 0.000
U 70 | F 143360 | FPS 0086 | D 1810 | rR:mu sigma m M 0.00 0.00 0.00 0.00 | F:mu sigma m M 47.9 38.1 4.0 159.0 | H 1.099 | V 0.001 | pL 0.000 | vL 0.000 | delta 0.000
U 71 | F 145408 | FPS 0076 | D 1837 | rR:mu sigma m M 0.00 0.00 0.00 0.00 | F:mu sigma m M 75.1 65.9 7.0 324.0 | H 1.099 | V 0.001 | pL 0.000 | vL 0.000 | delta 0.000
U 72 | F 147456 | FPS 0077 | D 1864 | rR:mu sigma m M 0.02 0.10 0.00 0.59 | F:mu sigma m M 62.6 55.3 4.0 221.0 | H 1.096 | V 0.006 | pL -0.005 | vL 0.001 | delta 0.006
U 73 | F 149504 | FPS 0080 | D 1889 | rR:mu sigma m M 0.05 0.17 0.00 0.71 | F:mu sigma m M 86.2 56.9 11.0 219.0 | H 1.097 | V 0.010 | pL -0.004 | vL 0.000 | delta 0.011
U 74 | F 151552 | FPS 0089 | D 1912 | rR:mu sigma m M 0.00 0.00 0.00 0.00 | F:mu sigma m M 50.9 56.4 6.0 265.0 | H 1.099 | V 0.002 | pL 0.001 | vL 0.000 | delta 0.002
U 75 | F 153600 | FPS 0078 | D 1938 | rR:mu sigma m M 0.00 0.00 0.00 0.00 | F:mu sigma m M 54.8 46.0 7.0 181.0 | H 1.097 | V 0.004 | pL 0.002 | vL 0.000 | delta 0.005
U 76 | F 155648 | FPS 0074 | D 1966 | rR:mu sigma m M 0.00 0.00 0.00 0.00 | F:mu sigma m M 65.1 58.1 4.0 260.0 | H 1.098 | V 0.000 | pL 0.000 | vL 0.000 | delta 0.002
U 77 | F 157696 | FPS 0075 | D 1993 | rR:mu sigma m M 0.02 0.10 0.00 0.58 | F:mu sigma m M 59.2 41.6 7.0 189.0 | H 1.098 | V 0.006 | pL -0.005 | vL 0.000 | delta 0.013
U 78 | F 159744 | FPS 0087 | D 2017 | rR:mu sigma m M 0.01 0.04 0.00 0.24 | F:mu sigma m M 62.5 57.5 6.0 273.0 | H 1.097 | V 0.007 | pL -0.001 | vL 0.000 | delta 0.007
U 79 | F 161792 | FPS 0089 | D 2040 | rR:mu sigma m M 0.00 0.00 0.00 0.00 | F:mu sigma m M 44.4 43.1 4.0 246.0 | H 1.098 | V 0.002 | pL 0.001 | vL 0.000 | delta 0.001
U 80 | F 163840 | FPS 0090 | D 2063 | rR:mu sigma m M 0.00 0.00 0.00 0.00 | F:mu sigma m M 51.3 38.7 4.0 151.0 | H 1.098 | V 0.001 | pL 0.001 | vL 0.000 | delta 0.001
U 81 | F 165888 | FPS 0072 | D 2091 | rR:mu sigma m M 0.00 0.00 0.00 0.00 | F:mu sigma m M 57.8 65.3 4.0 274.0 | H 1.098 | V 0.001 | pL 0.001 | vL 0.000 | delta 0.002
U 82 | F 167936 | FPS 0091 | D 2114 | rR:mu sigma m M 0.00 0.00 0.00 0.00 | F:mu sigma m M 57.3 38.8 4.0 145.0 | H 1.098 | V 0.001 | pL -0.000 | vL 0.000 | delta 0.004
U 83 | F 169984 | FPS 0085 | D 2138 | rR:mu sigma m M 0.00 0.00 0.00 0.00 | F:mu sigma m M 67.2 46.1 9.0 196.0 | H 1.098 | V 0.002 | pL 0.001 | vL 0.000 | delta 0.003
U 84 | F 172032 | FPS 0082 | D 2163 | rR:mu sigma m M 0.00 0.00 0.00 0.00 | F:mu sigma m M 46.6 39.7 9.0 171.0 | H 1.098 | V 0.000 | pL -0.000 | vL 0.000 | delta 0.002
U 85 | F 174080 | FPS 0087 | D 2187 | rR:mu sigma m M 0.02 0.14 0.00 0.83 | F:mu sigma m M 59.6 60.3 6.0 255.0 | H 1.089 | V 0.005 | pL -0.006 | vL 0.002 | delta 0.028
U 86 | F 176128 | FPS 0097 | D 2208 | rR:mu sigma m M 0.00 0.00 0.00 0.00 | F:mu sigma m M 57.6 51.6 5.0 213.0 | H 1.097 | V 0.016 | pL 0.008 | vL 0.000 | delta 0.004
U 87 | F 178176 | FPS 0078 | D 2234 | rR:mu sigma m M 0.00 0.00 0.00 0.00 | F:mu sigma m M 77.9 46.0 12.0 167.0 | H 1.098 | V 0.013 | pL 0.005 | vL 0.000 | delta 0.002
U 88 | F 180224 | FPS 0075 | D 2261 | rR:mu sigma m M 0.00 0.00 0.00 0.00 | F:mu sigma m M 59.3 50.4 6.0 218.0 | H 1.098 | V 0.009 | pL 0.004 | vL 0.000 | delta 0.001
U 89 | F 182272 | FPS 0082 | D 2286 | rR:mu sigma m M 0.00 0.00 0.00 0.00 | F:mu sigma m M 65.7 45.6 6.0 168.0 | H 1.098 | V 0.007 | pL 0.003 | vL 0.000 | delta 0.001
U 90 | F 184320 | FPS 0083 | D 2311 | rR:mu sigma m M 0.00 0.00 0.00 0.00 | F:mu sigma m M 63.0 60.4 5.0 288.0 | H 1.099 | V 0.004 | pL 0.002 | vL 0.000 | delta 0.002
U 91 | F 186368 | FPS 0082 | D 2336 | rR:mu sigma m M 0.00 0.00 0.00 0.00 | F:mu sigma m M 51.9 38.1 4.0 148.0 | H 1.098 | V 0.002 | pL 0.001 | vL 0.000 | delta 0.001
U 92 | F 188416 | FPS 0086 | D 2360 | rR:mu sigma m M 0.03 0.15 0.00 0.77 | F:mu sigma m M 54.5 40.9 14.0 200.0 | H 1.088 | V 0.008 | pL -0.006 | vL 0.002 | delta 0.014
U 93 | F 190464 | FPS 0094 | D 2382 | rR:mu sigma m M 0.03 0.15 0.00 0.83 | F:mu sigma m M 74.7 73.7 7.0 295.0 | H 1.081 | V 0.018 | pL -0.003 | vL 0.002 | delta 0.016
U 94 | F 192512 | FPS 0081 | D 2407 | rR:mu sigma m M 0.03 0.14 0.00 0.89 | F:mu sigma m M 60.1 57.0 4.0 272.0 | H 1.096 | V 0.016 | pL -0.001 | vL 0.002 | delta 0.026
U 95 | F 194560 | FPS 0080 | D 2433 | rR:mu sigma m M 0.00 0.00 0.00 0.00 | F:mu sigma m M 59.4 47.2 4.0 198.0 | H 1.098 | V 0.010 | pL 0.001 | vL 0.000 | delta 0.006
U 96 | F 196608 | FPS 0083 | D 2457 | rR:mu sigma m M 0.00 0.00 0.00 0.00 | F:mu sigma m M 57.0 42.1 4.0 167.0 | H 1.098 | V 0.014 | pL 0.003 | vL 0.000 | delta 0.006
U 97 | F 198656 | FPS 0080 | D 2483 | rR:mu sigma m M 0.01 0.07 0.00 0.39 | F:mu sigma m M 81.8 75.7 4.0 290.0 | H 1.098 | V 0.015 | pL 0.002 | vL 0.000 | delta 0.006
U 98 | F 200704 | FPS 0084 | D 2508 | rR:mu sigma m M 0.00 0.00 0.00 0.00 | F:mu sigma m M 62.4 48.0 10.0 217.0 | H 1.098 | V 0.010 | pL 0.004 | vL 0.000 | delta 0.003
U 99 | F 202752 | FPS 0082 | D 2532 | rR:mu sigma m M 0.05 0.19 0.00 0.89 | F:mu sigma m M 56.4 57.4 8.0 284.0 | H 1.091 | V 0.017 | pL -0.008 | vL 0.003 | delta 0.040
U 100 | F 204800 | FPS 0087 | D 2556 | rR:mu sigma m M 0.00 0.00 0.00 0.00 | F:mu sigma m M 61.5 57.9 6.0 255.0 | H 1.098 | V 0.001 | pL -0.001 | vL 0.000 | delta 0.002
U 101 | F 206848 | FPS 0085 | D 2580 | rR:mu sigma m M 0.01 0.10 0.00 0.63 | F:mu sigma m M 43.2 33.6 4.0 146.0 | H 1.097 | V 0.008 | pL -0.005 | vL 0.000 | delta 0.021
U 102 | F 208896 | FPS 0069 | D 2610 | rR:mu sigma m M 0.00 0.00 0.00 0.00 | F:mu sigma m M 62.1 43.3 7.0 160.0 | H 1.097 | V 0.006 | pL 0.001 | vL 0.000 | delta 0.008
U 103 | F 210944 | FPS 0088 | D 2633 | rR:mu sigma m M 0.00 0.00 0.00 0.00 | F:mu sigma m M 60.5 41.8 5.0 171.0 | H 1.098 | V 0.001 | pL 0.001 | vL 0.000 | delta 0.003
U 104 | F 212992 | FPS 0082 | D 2658 | rR:mu sigma m M 0.00 0.00 0.00 0.00 | F:mu sigma m M 72.3 61.5 7.0 241.0 | H 1.098 | V 0.001 | pL 0.000 | vL 0.000 | delta 0.004
U 105 | F 215040 | FPS 0094 | D 2680 | rR:mu sigma m M 0.00 0.00 0.00 0.00 | F:mu sigma m M 66.0 53.3 6.0 190.0 | H 1.099 | V 0.000 | pL 0.000 | vL 0.000 | delta 0.001
U 106 | F 217088 | FPS 0086 | D 2704 | rR:mu sigma m M 0.00 0.00 0.00 0.00 | F:mu sigma m M 56.3 42.3 4.0 201.0 | H 1.099 | V -0.000 | pL -0.000 | vL 0.000 | delta 0.000
U 107 | F 219136 | FPS 0081 | D 2729 | rR:mu sigma m M 0.00 0.00 0.00 0.00 | F:mu sigma m M 61.8 43.3 4.0 174.0 | H 1.098 | V 0.000 | pL -0.000 | vL 0.000 | delta 0.001
U 108 | F 221184 | FPS 0071 | D 2758 | rR:mu sigma m M 0.00 0.00 0.00 0.00 | F:mu sigma m M 49.8 38.8 4.0 175.0 | H 1.098 | V 0.000 | pL 0.000 | vL 0.000 | delta 0.001
U 109 | F 223232 | FPS 0094 | D 2780 | rR:mu sigma m M 0.00 0.00 0.00 0.00 | F:mu sigma m M 70.5 50.0 7.0 243.0 | H 1.098 | V 0.001 | pL -0.000 | vL 0.000 | delta 0.002
U 110 | F 225280 | FPS 0082 | D 2805 | rR:mu sigma m M 0.02 0.13 0.00 0.71 | F:mu sigma m M 62.9 36.1 13.0 144.0 | H 1.097 | V 0.005 | pL -0.005 | vL 0.002 | delta 0.020
U 111 | F 227328 | FPS 0085 | D 2829 | rR:mu sigma m M 0.00 0.00 0.00 0.00 | F:mu sigma m M 61.2 44.2 5.0 164.0 | H 1.098 | V 0.005 | pL 0.004 | vL 0.000 | delta 0.004
U 112 | F 229376 | FPS 0082 | D 2854 | rR:mu sigma m M 0.00 0.00 0.00 0.00 | F:mu sigma m M 52.5 46.5 4.0 185.0 | H 1.098 | V 0.003 | pL 0.002 | vL 0.000 | delta 0.001
U 113 | F 231424 | FPS 0078 | D 2880 | rR:mu sigma m M 0.00 0.00 0.00 0.00 | F:mu sigma m M 60.7 46.0 6.0 192.0 | H 1.097 | V 0.004 | pL 0.001 | vL 0.000 | delta 0.002
U 114 | F 233472 | FPS 0072 | D 2908 | rR:mu sigma m M 0.04 0.14 0.00 0.66 | F:mu sigma m M 57.7 48.2 4.0 200.0 | H 1.098 | V 0.009 | pL -0.009 | vL 0.001 | delta 0.011
U 115 | F 235520 | FPS 0086 | D 2932 | rR:mu sigma m M 0.03 0.16 0.00 0.83 | F:mu sigma m M 69.9 66.9 10.0 288.0 | H 1.093 | V 0.011 | pL -0.004 | vL 0.001 | delta 0.048
U 116 | F 237568 | FPS 0086 | D 2956 | rR:mu sigma m M 0.00 0.00 0.00 0.00 | F:mu sigma m M 67.5 63.9 4.0 279.0 | H 1.098 | V 0.000 | pL 0.000 | vL 0.000 | delta 0.006
U 117 | F 239616 | FPS 0081 | D 2981 | rR:mu sigma m M 0.00 0.00 0.00 0.00 | F:mu sigma m M 68.6 44.8 8.0 180.0 | H 1.098 | V 0.006 | pL 0.002 | vL 0.000 | delta 0.006
U 118 | F 241664 | FPS 0083 | D 3006 | rR:mu sigma m M 0.00 0.00 0.00 0.00 | F:mu sigma m M 61.4 51.0 4.0 242.0 | H 1.098 | V 0.007 | pL 0.003 | vL 0.000 | delta 0.010
U 119 | F 243712 | FPS 0081 | D 3031 | rR:mu sigma m M 0.02 0.14 0.00 0.81 | F:mu sigma m M 50.5 31.9 4.0 136.0 | H 1.089 | V 0.014 | pL -0.003 | vL 0.001 | delta 0.018
U 120 | F 245760 | FPS 0078 | D 3057 | rR:mu sigma m M 0.00 0.00 0.00 0.00 | F:mu sigma m M 52.4 37.5 7.0 137.0 | H 1.098 | V 0.013 | pL 0.002 | vL 0.000 | delta 0.012
U 121 | F 247808 | FPS 0083 | D 3082 | rR:mu sigma m M 0.02 0.08 0.00 0.49 | F:mu sigma m M 80.5 64.0 13.0 219.0 | H 1.095 | V 0.014 | pL 0.002 | vL 0.000 | delta 0.017
U 122 | F 249856 | FPS 0087 | D 3106 | rR:mu sigma m M 0.03 0.13 0.00 0.69 | F:mu sigma m M 73.8 57.1 12.0 262.0 | H 1.091 | V 0.022 | pL -0.001 | vL 0.002 | delta 0.049
U 123 | F 251904 | FPS 0093 | D 3128 | rR:mu sigma m M 0.00 0.00 0.00 0.00 | F:mu sigma m M 65.4 57.7 7.0 296.0 | H 1.092 | V 0.022 | pL 0.008 | vL 0.000 | delta 0.013
U 124 | F 253952 | FPS 0083 | D 3153 | rR:mu sigma m M 0.02 0.10 0.00 0.59 | F:mu sigma m M 65.1 60.2 4.0 211.0 | H 1.094 | V 0.017 | pL 0.002 | vL 0.001 | delta 0.017
U 125 | F 256000 | FPS 0070 | D 3182 | rR:mu sigma m M 0.03 0.14 0.00 0.75 | F:mu sigma m M 70.2 47.4 8.0 194.0 | H 1.088 | V 0.026 | pL 0.000 | vL 0.002 | delta 0.026
U 126 | F 258048 | FPS 0073 | D 3210 | rR:mu sigma m M 0.02 0.13 0.00 0.79 | F:mu sigma m M 52.4 41.3 4.0 156.0 | H 1.082 | V 0.017 | pL -0.007 | vL 0.002 | delta 0.024
U 127 | F 260096 | FPS 0088 | D 3233 | rR:mu sigma m M 0.04 0.17 0.00 0.88 | F:mu sigma m M 59.3 54.6 6.0 258.0 | H 1.087 | V 0.029 | pL -0.001 | vL 0.002 | delta 0.028
U 128 | F 262144 | FPS 0093 | D 3255 | rR:mu sigma m M 0.00 0.00 0.00 0.00 | F:mu sigma m M 67.7 57.6 9.0 209.0 | H 1.097 | V 0.015 | pL 0.008 | vL 0.000 | delta 0.014
U 129 | F 264192 | FPS 0083 | D 3280 | rR:mu sigma m M 0.07 0.23 0.00 0.86 | F:mu sigma m M 54.7 39.5 7.0 173.0 | H 1.086 | V 0.034 | pL -0.015 | vL 0.004 | delta 0.026
U 130 | F 266240 | FPS 0091 | D 3302 | rR:mu sigma m M 0.00 0.00 0.00 0.00 | F:mu sigma m M 65.9 57.2 4.0 281.0 | H 1.098 | V 0.013 | pL 0.000 | vL 0.000 | delta 0.018
U 131 | F 268288 | FPS 0084 | D 3327 | rR:mu sigma m M 0.02 0.12 0.00 0.74 | F:mu sigma m M 64.2 59.1 4.0 249.0 | H 1.088 | V 0.012 | pL 0.003 | vL 0.001 | delta 0.018
U 132 | F 270336 | FPS 0093 | D 3349 | rR:mu sigma m M 0.00 0.00 0.00 0.00 | F:mu sigma m M 51.8 39.6 4.0 173.0 | H 1.093 | V 0.009 | pL 0.006 | vL 0.001 | delta 0.015
U 133 | F 272384 | FPS 0088 | D 3372 | rR:mu sigma m M 0.00 0.00 0.00 0.00 | F:mu sigma m M 52.6 44.6 7.0 164.0 | H 1.094 | V 0.010 | pL 0.005 | vL 0.000 | delta 0.003
U 134 | F 274432 | FPS 0084 | D 3396 | rR:mu sigma m M 0.02 0.15 0.00 0.89 | F:mu sigma m M 61.8 60.4 6.0 244.0 | H 1.091 | V 0.012 | pL -0.003 | vL 0.002 | delta 0.017
U 135 | F 276480 | FPS 0090 | D 3419 | rR:mu sigma m M 0.00 0.00 0.00 0.00 | F:mu sigma m M 51.5 47.3 4.0 211.0 | H 1.096 | V 0.004 | pL 0.000 | vL 0.000 | delta 0.007
U 136 | F 278528 | FPS 0082 | D 3444 | rR:mu sigma m M 0.05 0.19 0.00 0.88 | F:mu sigma m M 60.7 43.7 4.0 188.0 | H 1.071 | V 0.019 | pL -0.015 | vL 0.003 | delta 0.040
U 137 | F 280576 | FPS 0086 | D 3468 | rR:mu sigma m M 0.07 0.23 0.00 0.82 | F:mu sigma m M 58.3 39.5 4.0 154.0 | H 1.067 | V 0.021 | pL -0.003 | vL 0.001 | delta 0.018
U 138 | F 282624 | FPS 0098 | D 3489 | rR:mu sigma m M 0.00 0.00 0.00 0.00 | F:mu sigma m M 63.1 41.0 6.0 182.0 | H 1.084 | V 0.018 | pL 0.001 | vL 0.002 | delta 0.022
U 139 | F 284672 | FPS 0090 | D 3512 | rR:mu sigma m M 0.00 0.00 0.00 0.00 | F:mu sigma m M 71.3 65.3 4.0 324.0 | H 1.091 | V 0.011 | pL 0.001 | vL 0.000 | delta 0.007
U 140 | F 286720 | FPS 0083 | D 3536 | rR:mu sigma m M 0.07 0.21 0.00 0.84 | F:mu sigma m M 59.5 50.4 8.0 226.0 | H 1.071 | V 0.025 | pL -0.007 | vL 0.003 | delta 0.027
U 141 | F 288768 | FPS 0077 | D 3563 | rR:mu sigma m M 0.05 0.20 0.00 0.81 | F:mu sigma m M 65.6 42.6 6.0 181.0 | H 1.076 | V 0.019 | pL -0.010 | vL 0.002 | delta 0.014
U 142 | F 290816 | FPS 0081 | D 3588 | rR:mu sigma m M 0.12 0.27 0.00 0.83 | F:mu sigma m M 82.4 59.4 12.0 229.0 | H 1.055 | V 0.039 | pL -0.017 | vL 0.004 | delta 0.046
U 143 | F 292864 | FPS 0080 | D 3614 | rR:mu sigma m M 0.03 0.15 0.00 0.89 | F:mu sigma m M 68.3 55.5 4.0 271.0 | H 1.072 | V 0.026 | pL -0.003 | vL 0.002 | delta 0.030
U 144 | F 294912 | FPS 0084 | D 3638 | rR:mu sigma m M 0.02 0.10 0.00 0.66 | F:mu sigma m M 52.3 44.4 6.0 160.0 | H 1.065 | V 0.047 | pL 0.011 | vL 0.002 | delta 0.040
U 145 | F 296960 | FPS 0085 | D 3662 | rR:mu sigma m M 0.10 0.27 0.00 0.87 | F:mu sigma m M 72.6 50.4 8.0 201.0 | H 1.064 | V 0.062 | pL -0.002 | vL 0.004 | delta 0.033
U 146 | F 299008 | FPS 0087 | D 3686 | rR:mu sigma m M 0.13 0.30 0.00 0.95 | F:mu sigma m M 55.6 53.1 4.0 248.0 | H 1.051 | V 0.073 | pL -0.012 | vL 0.008 | delta 0.044
U 147 | F 301056 | FPS 0081 | D 3711 | rR:mu sigma m M 0.15 0.33 0.00 0.94 | F:mu sigma m M 60.6 47.4 12.0 213.0 | H 1.046 | V 0.103 | pL -0.013 | vL 0.012 | delta 0.051
U 148 | F 303104 | FPS 0082 | D 3736 | rR:mu sigma m M 0.11 0.28 0.00 0.94 | F:mu sigma m M 73.8 65.3 6.0 309.0 | H 1.052 | V 0.073 | pL 0.004 | vL 0.007 | delta 0.054
U 149 | F 305152 | FPS 0089 | D 3759 | rR:mu sigma m M 0.14 0.31 0.00 0.95 | F:mu sigma m M 56.4 28.5 15.0 130.0 | H 1.043 | V 0.075 | pL -0.004 | vL 0.007 | delta 0.057
U 150 | F 307200 | FPS 0096 | D 3780 | rR:mu sigma m M 0.13 0.30 0.00 0.96 | F:mu sigma m M 60.2 48.7 4.0 180.0 | H 1.024 | V 0.080 | pL -0.004 | vL 0.011 | delta 0.050
U 151 | F 309248 | FPS 0095 | D 3802 | rR:mu sigma m M 0.01 0.08 0.00 0.52 | F:mu sigma m M 53.2 40.4 6.0 173.0 | H 1.063 | V 0.032 | pL 0.007 | vL 0.003 | delta 0.036
U 152 | F 311296 | FPS 0095 | D 3823 | rR:mu sigma m M 0.19 0.36 0.00 0.92 | F:mu sigma m M 55.4 39.0 6.0 153.0 | H 1.036 | V 0.076 | pL -0.034 | vL 0.012 | delta 0.061
U 153 | F 313344 | FPS 0086 | D 3847 | rR:mu sigma m M 0.14 0.31 0.00 0.91 | F:mu sigma m M 54.1 40.6 4.0 172.0 | H 1.005 | V 0.091 | pL -0.029 | vL 0.014 | delta 0.060
U 154 | F 315392 | FPS 0083 | D 3872 | rR:mu sigma m M 0.26 0.40 0.00 0.96 | F:mu sigma m M 41.9 34.5 4.0 160.0 | H 0.952 | V 0.185 | pL -0.023 | vL 0.022 | delta 0.086
U 155 | F 317440 | FPS 0092 | D 3894 | rR:mu sigma m M 0.32 0.42 0.00 0.96 | F:mu sigma m M 57.6 48.3 12.0 201.0 | H 0.973 | V 0.144 | pL -0.031 | vL 0.017 | delta 0.089
U 156 | F 319488 | FPS 0098 | D 3915 | rR:mu sigma m M 0.39 0.45 0.00 0.96 | F:mu sigma m M 40.3 32.8 4.0 212.0 | H 0.861 | V 0.266 | pL -0.041 | vL 0.030 | delta 0.175
U 157 | F 321536 | FPS 0117 | D 3932 | rR:mu sigma m M 0.74 0.34 0.00 0.96 | F:mu sigma m M 40.2 36.9 4.0 196.0 | H 0.672 | V 0.454 | pL -0.106 | vL 0.033 | delta 0.275
U 158 | F 323584 | FPS 0119 | D 3950 | rR:mu sigma m M 0.87 0.20 0.00 0.96 | F:mu sigma m M 31.6 22.1 13.0 115.0 | H 0.568 | V 0.626 | pL -0.110 | vL 0.016 | delta 0.202
U 159 | F 325632 | FPS 0151 | D 3963 | rR:mu sigma m M 0.93 0.10 0.00 0.96 | F:mu sigma m M 22.8 12.4 14.0 88.0 | H 0.387 | V 0.758 | pL -0.100 | vL 0.007 | delta 0.136
U 160 | F 327680 | FPS 0173 | D 3975 | rR:mu sigma m M 0.94 0.09 0.00 0.96 | F:mu sigma m M 18.2 6.8 6.0 70.0 | H 0.235 | V 0.842 | pL -0.060 | vL 0.003 | delta 0.092
U 161 | F 329728 | FPS 0164 | D 3987 | rR:mu sigma m M 0.95 0.09 0.00 0.96 | F:mu sigma m M 16.4 4.9 12.0 55.0 | H 0.190 | V 0.860 | pL -0.020 | vL 0.003 | delta 0.065
U 162 | F 331776 | FPS 0180 | D 3999 | rR:mu sigma m M 0.96 0.02 0.78 0.96 | F:mu sigma m M 16.2 8.1 14.0 80.0 | H 0.166 | V 0.873 | pL -0.011 | vL 0.001 | delta 0.039
agent reach optimality, start collecting trajectories
agent successfully collected 10 trajectories
pickling optimal trajectories
Model successfully saved
/home/rdali/.local/easybuild/software/2017/Core/miniconda3/4.3.27/envs/observe/lib/python3.6/site-packages/torch/nn/functional.py:1906: UserWarning: reduction: 'mean' divides the total loss by both the batch size and the support size.'batchmean' divides only by the batch size, and aligns with the KL div math definition.'mean' will be changed to behave the same as 'batchmean' in the next major release.
  warnings.warn("reduction: 'mean' divides the total loss by both the batch size and the support size."
