The following modules were not unloaded:
  (Use "module --force purge" to unload all):

  1) nixpkgs/16.09     4) icc/.2018.3.222     7) openmpi/3.1.2
  2) imkl/2018.3.222   5) ifort/.2018.3.222   8) StdEnv/2018.3
  3) gcccore/.7.3.0    6) intel/2018.3

Due to MODULEPATH changes, the following have been reloaded:
  1) openmpi/3.1.2


Due to MODULEPATH changes, the following have been reloaded:
  1) openmpi/3.1.2

Attention: While Conda works well in a desktop environment, it tends to create more problems than it solves on a cluster. Instead, we recommend that users use virtual environments and the binary packages that we provide through Python wheels as documented on the Python page.
/home/rdali/RL/watch_and_learn/dependency/rl-starter-files/scripts/train_agent_multidem.py --env MiniGrid-LavaCrossingAgent-v0 --algo ppo --nameDemonstrator crossAddict1,crossAddict2,crossAddict3,crossAddict5,crossAddict6,crossAddict7 --flat-model 0 --KLweight 0.1 --useKL 1 --meanReward 0.80 --rewardLB 0.70 --seed 5250

Namespace(KLweight=0.1, algo='ppo', batch_size=256, clip_eps=0.2, discount=0.99, entropy_coef=0.01, env='MiniGrid-LavaCrossingAgent-v0', epochs=4, flat_model=0, frames=10000000, frames_per_proc=None, full_obs=0, gae_lambda=0.95, log_interval=1, lr=0.0007, max_grad_norm=0.5, meanReward=0.8, mem=False, model=None, nameDemonstrator='crossAddict1,crossAddict2,crossAddict3,crossAddict5,crossAddict6,crossAddict7', optim_alpha=0.99, optim_eps=1e-05, procs=16, recurrence=1, rewardLB=0.7, save_interval=0, seed=5250, tb=False, text=False, useKL=1, value_loss_coef=0.5)

Flat model successfully created

ACModel(
  (image_conv): Sequential(
    (0): Conv2d(3, 32, kernel_size=(2, 2), stride=(1, 1))
    (1): ReLU()
    (2): MaxPool2d(kernel_size=(2, 2), stride=(2, 2), padding=0, dilation=1, ceil_mode=False)
    (3): Conv2d(32, 64, kernel_size=(2, 2), stride=(1, 1))
    (4): ReLU()
    (5): Conv2d(64, 64, kernel_size=(2, 2), stride=(1, 1))
    (6): ReLU()
  )
  (actor): Sequential(
    (0): Linear(in_features=256, out_features=64, bias=True)
    (1): Tanh()
    (2): Linear(in_features=64, out_features=3, bias=True)
  )
  (critic): Sequential(
    (0): Linear(in_features=256, out_features=64, bias=True)
    (1): Tanh()
    (2): Linear(in_features=64, out_features=1, bias=True)
  )
)

CUDA available: False

1
True
0.1
Using TensorFlow backend.
OMP: Info #212: KMP_AFFINITY: decoding x2APIC ids.
OMP: Info #210: KMP_AFFINITY: Affinity capable, using global cpuid leaf 11 info
OMP: Info #154: KMP_AFFINITY: Initial OS proc set respected: 4-7,10
OMP: Info #156: KMP_AFFINITY: 5 available OS procs
OMP: Info #158: KMP_AFFINITY: Nonuniform topology
OMP: Info #179: KMP_AFFINITY: 2 packages x 3 cores/pkg x 1 threads/core (5 total cores)
OMP: Info #214: KMP_AFFINITY: OS proc to physical thread map:
OMP: Info #171: KMP_AFFINITY: OS proc 4 maps to package 0 core 1 
OMP: Info #171: KMP_AFFINITY: OS proc 6 maps to package 0 core 3 
OMP: Info #171: KMP_AFFINITY: OS proc 10 maps to package 0 core 12 
OMP: Info #171: KMP_AFFINITY: OS proc 5 maps to package 1 core 1 
OMP: Info #171: KMP_AFFINITY: OS proc 7 maps to package 1 core 3 
OMP: Info #250: KMP_AFFINITY: pid 432540 tid 432540 thread 0 bound to OS proc set 4
OMP: Info #250: KMP_AFFINITY: pid 432540 tid 432718 thread 2 bound to OS proc set 6
OMP: Info #250: KMP_AFFINITY: pid 432540 tid 432719 thread 3 bound to OS proc set 7
OMP: Info #250: KMP_AFFINITY: pid 432540 tid 432720 thread 4 bound to OS proc set 10
OMP: Info #250: KMP_AFFINITY: pid 432540 tid 432717 thread 1 bound to OS proc set 5
OMP: Info #250: KMP_AFFINITY: pid 432540 tid 432739 thread 5 bound to OS proc set 4
OMP: Info #250: KMP_AFFINITY: pid 432540 tid 432740 thread 6 bound to OS proc set 5
OMP: Info #250: KMP_AFFINITY: pid 432540 tid 432758 thread 7 bound to OS proc set 6
OMP: Info #250: KMP_AFFINITY: pid 432540 tid 432759 thread 8 bound to OS proc set 7
OMP: Info #250: KMP_AFFINITY: pid 432540 tid 432760 thread 9 bound to OS proc set 10
OMP: Info #250: KMP_AFFINITY: pid 432540 tid 432761 thread 10 bound to OS proc set 4
OMP: Info #250: KMP_AFFINITY: pid 432540 tid 432773 thread 11 bound to OS proc set 5
OMP: Info #250: KMP_AFFINITY: pid 432540 tid 432774 thread 12 bound to OS proc set 6
OMP: Info #250: KMP_AFFINITY: pid 432540 tid 432775 thread 13 bound to OS proc set 7
OMP: Info #250: KMP_AFFINITY: pid 432540 tid 432776 thread 14 bound to OS proc set 10
OMP: Info #250: KMP_AFFINITY: pid 432540 tid 432777 thread 15 bound to OS proc set 4
U 1 | F 002048 | FPS 0098 | D 20 | rR:mu sigma m M 0.00 0.00 0.00 0.00 | F:mu sigma m M 30.1 24.5 4.0 124.0 | H 1.027 | V 0.456 | pL 0.266 | vL 0.039 | delta 0.267
U 2 | F 004096 | FPS 0109 | D 39 | rR:mu sigma m M 0.00 0.00 0.00 0.00 | F:mu sigma m M 43.1 33.0 6.0 157.0 | H 1.094 | V 0.270 | pL 0.159 | vL 0.014 | delta 0.156
U 3 | F 006144 | FPS 0083 | D 64 | rR:mu sigma m M 0.00 0.00 0.00 0.00 | F:mu sigma m M 62.2 38.0 14.0 150.0 | H 1.088 | V 0.195 | pL 0.099 | vL 0.004 | delta 0.045
U 4 | F 008192 | FPS 0072 | D 92 | rR:mu sigma m M 0.00 0.00 0.00 0.00 | F:mu sigma m M 64.0 49.8 6.0 206.0 | H 1.076 | V 0.140 | pL 0.065 | vL 0.002 | delta 0.033
U 5 | F 010240 | FPS 0058 | D 128 | rR:mu sigma m M 0.00 0.00 0.00 0.00 | F:mu sigma m M 77.0 56.5 5.0 280.0 | H 1.077 | V 0.098 | pL 0.045 | vL 0.001 | delta 0.023
U 6 | F 012288 | FPS 0065 | D 159 | rR:mu sigma m M 0.00 0.00 0.00 0.00 | F:mu sigma m M 69.3 61.9 11.0 237.0 | H 1.074 | V 0.073 | pL 0.030 | vL 0.001 | delta 0.011
U 7 | F 014336 | FPS 0074 | D 187 | rR:mu sigma m M 0.00 0.00 0.00 0.00 | F:mu sigma m M 98.1 81.6 6.0 286.0 | H 1.079 | V 0.056 | pL 0.022 | vL 0.000 | delta 0.010
U 8 | F 016384 | FPS 0067 | D 217 | rR:mu sigma m M 0.00 0.00 0.00 0.00 | F:mu sigma m M 83.4 84.9 8.0 286.0 | H 1.082 | V 0.043 | pL 0.019 | vL 0.000 | delta 0.010
U 9 | F 018432 | FPS 0068 | D 247 | rR:mu sigma m M 0.00 0.00 0.00 0.00 | F:mu sigma m M 113.9 83.6 20.0 324.0 | H 1.091 | V 0.034 | pL 0.012 | vL 0.000 | delta 0.004
U 10 | F 020480 | FPS 0076 | D 274 | rR:mu sigma m M 0.00 0.00 0.00 0.00 | F:mu sigma m M 90.2 67.8 12.0 324.0 | H 1.096 | V 0.022 | pL 0.011 | vL 0.000 | delta 0.005
U 11 | F 022528 | FPS 0076 | D 301 | rR:mu sigma m M 0.00 0.00 0.00 0.00 | F:mu sigma m M 72.6 71.3 5.0 324.0 | H 1.097 | V 0.016 | pL 0.008 | vL 0.000 | delta 0.003
U 12 | F 024576 | FPS 0076 | D 328 | rR:mu sigma m M 0.00 0.00 0.00 0.00 | F:mu sigma m M 70.8 65.2 7.0 324.0 | H 1.097 | V 0.011 | pL 0.006 | vL 0.000 | delta 0.003
U 13 | F 026624 | FPS 0088 | D 351 | rR:mu sigma m M 0.00 0.00 0.00 0.00 | F:mu sigma m M 85.3 75.0 13.0 307.0 | H 1.098 | V 0.008 | pL 0.004 | vL 0.000 | delta 0.002
U 14 | F 028672 | FPS 0092 | D 373 | rR:mu sigma m M 0.03 0.15 0.00 0.88 | F:mu sigma m M 59.0 63.4 4.0 260.0 | H 1.098 | V 0.014 | pL -0.004 | vL 0.003 | delta 0.015
U 15 | F 030720 | FPS 0076 | D 400 | rR:mu sigma m M 0.01 0.07 0.00 0.42 | F:mu sigma m M 66.1 64.5 10.0 274.0 | H 1.098 | V 0.007 | pL -0.002 | vL 0.001 | delta 0.011
U 16 | F 032768 | FPS 0085 | D 424 | rR:mu sigma m M 0.00 0.00 0.00 0.00 | F:mu sigma m M 58.8 54.9 7.0 324.0 | H 1.098 | V 0.001 | pL 0.000 | vL 0.000 | delta 0.001
U 17 | F 034816 | FPS 0094 | D 446 | rR:mu sigma m M 0.00 0.00 0.00 0.00 | F:mu sigma m M 63.5 48.4 5.0 178.0 | H 1.099 | V 0.001 | pL -0.000 | vL 0.000 | delta 0.001
U 18 | F 036864 | FPS 0095 | D 467 | rR:mu sigma m M 0.02 0.12 0.00 0.70 | F:mu sigma m M 58.3 51.2 7.0 184.0 | H 1.095 | V 0.006 | pL -0.005 | vL 0.002 | delta 0.025
U 19 | F 038912 | FPS 0095 | D 489 | rR:mu sigma m M 0.00 0.00 0.00 0.00 | F:mu sigma m M 64.9 62.2 4.0 317.0 | H 1.097 | V -0.003 | pL -0.001 | vL 0.000 | delta 0.001
U 20 | F 040960 | FPS 0090 | D 512 | rR:mu sigma m M 0.00 0.00 0.00 0.00 | F:mu sigma m M 51.6 37.7 8.0 162.0 | H 1.098 | V -0.001 | pL -0.001 | vL 0.000 | delta 0.002
U 21 | F 043008 | FPS 0103 | D 532 | rR:mu sigma m M 0.00 0.00 0.00 0.00 | F:mu sigma m M 40.9 27.0 4.0 111.0 | H 1.098 | V -0.001 | pL -0.001 | vL 0.000 | delta 0.000
U 22 | F 045056 | FPS 0097 | D 553 | rR:mu sigma m M 0.00 0.00 0.00 0.00 | F:mu sigma m M 67.3 49.9 4.0 195.0 | H 1.098 | V -0.001 | pL -0.000 | vL 0.000 | delta 0.000
U 23 | F 047104 | FPS 0091 | D 575 | rR:mu sigma m M 0.00 0.00 0.00 0.00 | F:mu sigma m M 44.8 32.6 7.0 117.0 | H 1.098 | V -0.000 | pL -0.000 | vL 0.000 | delta 0.001
U 24 | F 049152 | FPS 0091 | D 598 | rR:mu sigma m M 0.00 0.00 0.00 0.00 | F:mu sigma m M 62.3 45.9 8.0 180.0 | H 1.099 | V 0.000 | pL 0.000 | vL 0.000 | delta 0.000
U 25 | F 051200 | FPS 0089 | D 621 | rR:mu sigma m M 0.00 0.00 0.00 0.00 | F:mu sigma m M 47.1 39.9 7.0 174.0 | H 1.099 | V 0.000 | pL 0.000 | vL 0.000 | delta 0.001
U 26 | F 053248 | FPS 0085 | D 645 | rR:mu sigma m M 0.03 0.11 0.00 0.57 | F:mu sigma m M 63.7 67.3 4.0 299.0 | H 1.092 | V 0.007 | pL -0.006 | vL 0.001 | delta 0.024
U 27 | F 055296 | FPS 0100 | D 665 | rR:mu sigma m M 0.00 0.00 0.00 0.00 | F:mu sigma m M 66.6 53.6 12.0 212.0 | H 1.098 | V 0.001 | pL 0.000 | vL 0.000 | delta 0.008
U 28 | F 057344 | FPS 0094 | D 687 | rR:mu sigma m M 0.00 0.00 0.00 0.00 | F:mu sigma m M 66.8 69.4 6.0 324.0 | H 1.099 | V 0.001 | pL 0.001 | vL 0.000 | delta 0.002
U 29 | F 059392 | FPS 0083 | D 712 | rR:mu sigma m M 0.00 0.00 0.00 0.00 | F:mu sigma m M 60.1 38.3 6.0 139.0 | H 1.099 | V 0.000 | pL 0.000 | vL 0.000 | delta 0.001
U 30 | F 061440 | FPS 0084 | D 736 | rR:mu sigma m M 0.00 0.00 0.00 0.00 | F:mu sigma m M 61.3 53.2 4.0 200.0 | H 1.099 | V 0.000 | pL 0.000 | vL 0.000 | delta 0.002
U 31 | F 063488 | FPS 0089 | D 759 | rR:mu sigma m M 0.03 0.15 0.00 0.75 | F:mu sigma m M 64.6 51.6 13.0 191.0 | H 1.097 | V 0.007 | pL -0.006 | vL 0.001 | delta 0.028
U 32 | F 065536 | FPS 0083 | D 784 | rR:mu sigma m M 0.00 0.00 0.00 0.00 | F:mu sigma m M 72.7 61.7 6.0 232.0 | H 1.098 | V 0.009 | pL 0.002 | vL 0.000 | delta 0.003
U 33 | F 067584 | FPS 0083 | D 808 | rR:mu sigma m M 0.00 0.00 0.00 0.00 | F:mu sigma m M 74.6 69.1 8.0 324.0 | H 1.098 | V 0.006 | pL 0.002 | vL 0.000 | delta 0.003
U 34 | F 069632 | FPS 0081 | D 834 | rR:mu sigma m M 0.00 0.00 0.00 0.00 | F:mu sigma m M 74.4 43.5 9.0 165.0 | H 1.099 | V 0.004 | pL 0.001 | vL 0.000 | delta 0.001
U 35 | F 071680 | FPS 0088 | D 857 | rR:mu sigma m M 0.00 0.00 0.00 0.00 | F:mu sigma m M 81.1 54.8 16.0 272.0 | H 1.099 | V 0.003 | pL 0.001 | vL 0.000 | delta 0.001
U 36 | F 073728 | FPS 0093 | D 879 | rR:mu sigma m M 0.00 0.00 0.00 0.00 | F:mu sigma m M 63.1 63.2 9.0 321.0 | H 1.099 | V 0.002 | pL 0.001 | vL 0.000 | delta 0.001
U 37 | F 075776 | FPS 0079 | D 905 | rR:mu sigma m M 0.00 0.00 0.00 0.00 | F:mu sigma m M 55.7 49.1 13.0 248.0 | H 1.099 | V 0.001 | pL 0.000 | vL 0.000 | delta 0.001
U 38 | F 077824 | FPS 0090 | D 928 | rR:mu sigma m M 0.00 0.00 0.00 0.00 | F:mu sigma m M 75.3 64.5 4.0 280.0 | H 1.098 | V 0.001 | pL 0.000 | vL 0.000 | delta 0.002
U 39 | F 079872 | FPS 0079 | D 954 | rR:mu sigma m M 0.00 0.00 0.00 0.00 | F:mu sigma m M 49.7 44.2 4.0 225.0 | H 1.098 | V -0.000 | pL -0.000 | vL 0.000 | delta 0.000
U 40 | F 081920 | FPS 0093 | D 976 | rR:mu sigma m M 0.00 0.00 0.00 0.00 | F:mu sigma m M 60.9 50.3 4.0 234.0 | H 1.099 | V -0.001 | pL -0.000 | vL 0.000 | delta 0.000
U 41 | F 083968 | FPS 0086 | D 1000 | rR:mu sigma m M 0.00 0.00 0.00 0.00 | F:mu sigma m M 62.3 46.2 6.0 161.0 | H 1.099 | V -0.000 | pL -0.000 | vL 0.000 | delta 0.001
U 42 | F 086016 | FPS 0089 | D 1023 | rR:mu sigma m M 0.01 0.07 0.00 0.43 | F:mu sigma m M 61.9 63.3 4.0 232.0 | H 1.098 | V 0.004 | pL -0.003 | vL 0.001 | delta 0.008
U 43 | F 088064 | FPS 0093 | D 1045 | rR:mu sigma m M 0.00 0.00 0.00 0.00 | F:mu sigma m M 58.8 45.0 8.0 188.0 | H 1.098 | V 0.002 | pL 0.001 | vL 0.000 | delta 0.002
U 44 | F 090112 | FPS 0083 | D 1069 | rR:mu sigma m M 0.00 0.00 0.00 0.00 | F:mu sigma m M 60.9 54.0 4.0 234.0 | H 1.099 | V -0.000 | pL -0.000 | vL 0.000 | delta 0.001
U 45 | F 092160 | FPS 0082 | D 1095 | rR:mu sigma m M 0.02 0.15 0.00 0.91 | F:mu sigma m M 47.3 37.4 6.0 138.0 | H 1.097 | V 0.009 | pL -0.007 | vL 0.002 | delta 0.041
U 46 | F 094208 | FPS 0089 | D 1118 | rR:mu sigma m M 0.00 0.00 0.00 0.00 | F:mu sigma m M 67.1 64.2 8.0 324.0 | H 1.098 | V 0.007 | pL 0.003 | vL 0.000 | delta 0.005
U 47 | F 096256 | FPS 0100 | D 1138 | rR:mu sigma m M 0.00 0.00 0.00 0.00 | F:mu sigma m M 67.3 59.6 4.0 212.0 | H 1.098 | V 0.004 | pL 0.002 | vL 0.000 | delta 0.001
U 48 | F 098304 | FPS 0091 | D 1160 | rR:mu sigma m M 0.00 0.00 0.00 0.00 | F:mu sigma m M 48.8 39.5 5.0 200.0 | H 1.099 | V 0.003 | pL 0.001 | vL 0.000 | delta 0.001
U 49 | F 100352 | FPS 0075 | D 1188 | rR:mu sigma m M 0.00 0.00 0.00 0.00 | F:mu sigma m M 49.2 44.6 4.0 200.0 | H 1.099 | V 0.003 | pL 0.001 | vL 0.000 | delta 0.001
U 50 | F 102400 | FPS 0091 | D 1211 | rR:mu sigma m M 0.00 0.00 0.00 0.00 | F:mu sigma m M 57.2 47.4 6.0 251.0 | H 1.099 | V 0.003 | pL 0.001 | vL 0.000 | delta 0.001
U 51 | F 104448 | FPS 0096 | D 1232 | rR:mu sigma m M 0.00 0.00 0.00 0.00 | F:mu sigma m M 95.8 55.9 7.0 217.0 | H 1.099 | V 0.002 | pL 0.001 | vL 0.000 | delta 0.001
U 52 | F 106496 | FPS 0085 | D 1256 | rR:mu sigma m M 0.00 0.00 0.00 0.00 | F:mu sigma m M 80.8 75.3 8.0 297.0 | H 1.099 | V 0.001 | pL 0.000 | vL 0.000 | delta 0.001
U 53 | F 108544 | FPS 0096 | D 1277 | rR:mu sigma m M 0.00 0.00 0.00 0.00 | F:mu sigma m M 65.1 65.0 4.0 279.0 | H 1.098 | V 0.002 | pL -0.000 | vL 0.000 | delta 0.001
U 54 | F 110592 | FPS 0090 | D 1300 | rR:mu sigma m M 0.00 0.00 0.00 0.00 | F:mu sigma m M 63.1 56.7 12.0 259.0 | H 1.099 | V 0.001 | pL 0.001 | vL 0.000 | delta 0.001
U 55 | F 112640 | FPS 0095 | D 1321 | rR:mu sigma m M 0.00 0.00 0.00 0.00 | F:mu sigma m M 64.7 56.5 4.0 180.0 | H 1.099 | V 0.001 | pL 0.000 | vL 0.000 | delta 0.002
U 56 | F 114688 | FPS 0087 | D 1345 | rR:mu sigma m M 0.00 0.00 0.00 0.00 | F:mu sigma m M 60.2 44.7 9.0 190.0 | H 1.099 | V 0.001 | pL 0.000 | vL 0.000 | delta 0.001
U 57 | F 116736 | FPS 0093 | D 1367 | rR:mu sigma m M 0.00 0.00 0.00 0.00 | F:mu sigma m M 61.8 53.6 4.0 272.0 | H 1.099 | V 0.000 | pL 0.000 | vL 0.000 | delta 0.000
U 58 | F 118784 | FPS 0089 | D 1390 | rR:mu sigma m M 0.03 0.13 0.00 0.61 | F:mu sigma m M 70.3 44.0 20.0 142.0 | H 1.095 | V 0.006 | pL -0.005 | vL 0.001 | delta 0.008
U 59 | F 120832 | FPS 0096 | D 1411 | rR:mu sigma m M 0.00 0.00 0.00 0.00 | F:mu sigma m M 60.4 61.0 4.0 316.0 | H 1.098 | V 0.003 | pL 0.001 | vL 0.000 | delta 0.002
U 60 | F 122880 | FPS 0082 | D 1436 | rR:mu sigma m M 0.00 0.00 0.00 0.00 | F:mu sigma m M 63.1 51.6 4.0 241.0 | H 1.098 | V 0.001 | pL 0.000 | vL 0.000 | delta 0.000
U 61 | F 124928 | FPS 0085 | D 1460 | rR:mu sigma m M 0.00 0.00 0.00 0.00 | F:mu sigma m M 63.9 49.9 6.0 260.0 | H 1.099 | V 0.001 | pL 0.000 | vL 0.000 | delta 0.000
U 62 | F 126976 | FPS 0088 | D 1484 | rR:mu sigma m M 0.00 0.00 0.00 0.00 | F:mu sigma m M 49.6 42.3 5.0 186.0 | H 1.098 | V 0.006 | pL -0.001 | vL 0.000 | delta 0.004
U 63 | F 129024 | FPS 0088 | D 1507 | rR:mu sigma m M 0.03 0.15 0.00 0.80 | F:mu sigma m M 65.3 44.3 6.0 179.0 | H 1.094 | V 0.010 | pL -0.005 | vL 0.002 | delta 0.037
U 64 | F 131072 | FPS 0094 | D 1529 | rR:mu sigma m M 0.00 0.00 0.00 0.00 | F:mu sigma m M 64.6 65.8 6.0 300.0 | H 1.098 | V 0.005 | pL -0.000 | vL 0.000 | delta 0.017
U 65 | F 133120 | FPS 0092 | D 1551 | rR:mu sigma m M 0.01 0.06 0.00 0.36 | F:mu sigma m M 61.1 43.5 9.0 231.0 | H 1.094 | V 0.010 | pL -0.001 | vL 0.000 | delta 0.015
U 66 | F 135168 | FPS 0101 | D 1571 | rR:mu sigma m M 0.03 0.15 0.00 0.89 | F:mu sigma m M 46.9 42.0 7.0 192.0 | H 1.094 | V 0.018 | pL -0.004 | vL 0.002 | delta 0.027
U 67 | F 137216 | FPS 0087 | D 1595 | rR:mu sigma m M 0.00 0.00 0.00 0.00 | F:mu sigma m M 56.5 44.5 4.0 207.0 | H 1.096 | V 0.006 | pL 0.001 | vL 0.000 | delta 0.007
U 68 | F 139264 | FPS 0094 | D 1617 | rR:mu sigma m M 0.00 0.00 0.00 0.00 | F:mu sigma m M 56.6 45.7 4.0 168.0 | H 1.097 | V 0.005 | pL 0.003 | vL 0.000 | delta 0.004
U 69 | F 141312 | FPS 0082 | D 1642 | rR:mu sigma m M 0.00 0.00 0.00 0.00 | F:mu sigma m M 59.8 53.1 9.0 272.0 | H 1.098 | V 0.004 | pL 0.002 | vL 0.000 | delta 0.003
U 70 | F 143360 | FPS 0089 | D 1665 | rR:mu sigma m M 0.00 0.00 0.00 0.00 | F:mu sigma m M 47.7 31.3 6.0 121.0 | H 1.095 | V 0.005 | pL 0.002 | vL 0.000 | delta 0.009
U 71 | F 145408 | FPS 0100 | D 1685 | rR:mu sigma m M 0.00 0.00 0.00 0.00 | F:mu sigma m M 52.4 41.5 4.0 203.0 | H 1.098 | V 0.000 | pL -0.001 | vL 0.000 | delta 0.003
U 72 | F 147456 | FPS 0080 | D 1711 | rR:mu sigma m M 0.00 0.00 0.00 0.00 | F:mu sigma m M 60.4 55.5 8.0 255.0 | H 1.098 | V 0.000 | pL -0.001 | vL 0.000 | delta 0.002
U 73 | F 149504 | FPS 0094 | D 1733 | rR:mu sigma m M 0.00 0.00 0.00 0.00 | F:mu sigma m M 50.8 34.5 6.0 135.0 | H 1.098 | V 0.001 | pL -0.001 | vL 0.000 | delta 0.002
U 74 | F 151552 | FPS 0095 | D 1754 | rR:mu sigma m M 0.02 0.12 0.00 0.68 | F:mu sigma m M 62.9 45.5 16.0 221.0 | H 1.095 | V 0.001 | pL -0.002 | vL 0.001 | delta 0.010
U 75 | F 153600 | FPS 0091 | D 1777 | rR:mu sigma m M 0.02 0.12 0.00 0.85 | F:mu sigma m M 47.6 37.3 4.0 176.0 | H 1.097 | V 0.010 | pL -0.005 | vL 0.001 | delta 0.022
U 76 | F 155648 | FPS 0092 | D 1799 | rR:mu sigma m M 0.00 0.00 0.00 0.00 | F:mu sigma m M 47.4 36.4 4.0 203.0 | H 1.098 | V -0.000 | pL -0.001 | vL 0.000 | delta 0.005
U 77 | F 157696 | FPS 0093 | D 1821 | rR:mu sigma m M 0.00 0.00 0.00 0.00 | F:mu sigma m M 62.5 49.4 6.0 215.0 | H 1.098 | V -0.001 | pL -0.001 | vL 0.000 | delta 0.002
U 78 | F 159744 | FPS 0098 | D 1842 | rR:mu sigma m M 0.00 0.00 0.00 0.00 | F:mu sigma m M 63.0 65.3 5.0 324.0 | H 1.098 | V -0.001 | pL -0.001 | vL 0.000 | delta 0.001
U 79 | F 161792 | FPS 0086 | D 1866 | rR:mu sigma m M 0.00 0.00 0.00 0.00 | F:mu sigma m M 70.2 72.2 4.0 324.0 | H 1.098 | V -0.001 | pL -0.001 | vL 0.000 | delta 0.002
U 80 | F 163840 | FPS 0089 | D 1889 | rR:mu sigma m M 0.00 0.00 0.00 0.00 | F:mu sigma m M 47.5 30.8 4.0 124.0 | H 1.097 | V 0.001 | pL 0.001 | vL 0.000 | delta 0.003
U 81 | F 165888 | FPS 0098 | D 1909 | rR:mu sigma m M 0.02 0.13 0.00 0.84 | F:mu sigma m M 64.8 56.6 6.0 206.0 | H 1.093 | V 0.006 | pL -0.007 | vL 0.001 | delta 0.034
U 82 | F 167936 | FPS 0076 | D 1936 | rR:mu sigma m M 0.00 0.00 0.00 0.00 | F:mu sigma m M 56.6 35.4 6.0 126.0 | H 1.098 | V -0.010 | pL -0.004 | vL 0.000 | delta 0.004
U 83 | F 169984 | FPS 0087 | D 1960 | rR:mu sigma m M 0.03 0.16 0.00 0.90 | F:mu sigma m M 64.3 58.2 8.0 249.0 | H 1.086 | V 0.004 | pL -0.009 | vL 0.002 | delta 0.029
U 84 | F 172032 | FPS 0093 | D 1982 | rR:mu sigma m M 0.00 0.00 0.00 0.00 | F:mu sigma m M 66.0 53.6 4.0 199.0 | H 1.097 | V -0.002 | pL -0.000 | vL 0.000 | delta 0.009
U 85 | F 174080 | FPS 0084 | D 2006 | rR:mu sigma m M 0.02 0.11 0.00 0.67 | F:mu sigma m M 68.0 57.1 4.0 272.0 | H 1.097 | V 0.006 | pL -0.006 | vL 0.001 | delta 0.020
U 86 | F 176128 | FPS 0089 | D 2029 | rR:mu sigma m M 0.00 0.00 0.00 0.00 | F:mu sigma m M 58.6 47.2 4.0 177.0 | H 1.097 | V -0.007 | pL -0.003 | vL 0.000 | delta 0.003
U 87 | F 178176 | FPS 0114 | D 2047 | rR:mu sigma m M 0.00 0.00 0.00 0.00 | F:mu sigma m M 53.2 39.6 7.0 137.0 | H 1.098 | V -0.003 | pL -0.002 | vL 0.000 | delta 0.003
U 88 | F 180224 | FPS 0099 | D 2068 | rR:mu sigma m M 0.02 0.12 0.00 0.66 | F:mu sigma m M 74.8 62.4 6.0 237.0 | H 1.097 | V 0.003 | pL -0.007 | vL 0.001 | delta 0.010
U 89 | F 182272 | FPS 0088 | D 2091 | rR:mu sigma m M 0.00 0.00 0.00 0.00 | F:mu sigma m M 65.6 63.3 8.0 324.0 | H 1.098 | V 0.008 | pL 0.002 | vL 0.000 | delta 0.011
U 90 | F 184320 | FPS 0087 | D 2115 | rR:mu sigma m M 0.00 0.00 0.00 0.00 | F:mu sigma m M 63.5 47.5 8.0 209.0 | H 1.099 | V 0.003 | pL 0.001 | vL 0.000 | delta 0.002
U 91 | F 186368 | FPS 0095 | D 2136 | rR:mu sigma m M 0.00 0.00 0.00 0.00 | F:mu sigma m M 56.8 36.1 4.0 154.0 | H 1.098 | V 0.001 | pL 0.001 | vL 0.000 | delta 0.001
U 92 | F 188416 | FPS 0078 | D 2162 | rR:mu sigma m M 0.00 0.00 0.00 0.00 | F:mu sigma m M 65.5 51.5 6.0 172.0 | H 1.099 | V 0.001 | pL 0.000 | vL 0.000 | delta 0.001
U 93 | F 190464 | FPS 0078 | D 2189 | rR:mu sigma m M 0.02 0.13 0.00 0.78 | F:mu sigma m M 63.4 55.7 4.0 248.0 | H 1.097 | V 0.008 | pL -0.005 | vL 0.001 | delta 0.009
U 94 | F 192512 | FPS 0098 | D 2210 | rR:mu sigma m M 0.00 0.00 0.00 0.00 | F:mu sigma m M 48.5 45.4 4.0 211.0 | H 1.098 | V 0.006 | pL 0.003 | vL 0.000 | delta 0.005
U 95 | F 194560 | FPS 0081 | D 2235 | rR:mu sigma m M 0.00 0.00 0.00 0.00 | F:mu sigma m M 70.0 51.0 8.0 183.0 | H 1.098 | V 0.009 | pL -0.002 | vL 0.000 | delta 0.005
U 96 | F 196608 | FPS 0086 | D 2259 | rR:mu sigma m M 0.03 0.14 0.00 0.78 | F:mu sigma m M 65.8 56.0 8.0 225.0 | H 1.095 | V 0.021 | pL 0.002 | vL 0.002 | delta 0.026
U 97 | F 198656 | FPS 0083 | D 2283 | rR:mu sigma m M 0.06 0.19 0.00 0.78 | F:mu sigma m M 92.3 74.3 16.0 324.0 | H 1.096 | V 0.025 | pL -0.005 | vL 0.002 | delta 0.023
U 98 | F 200704 | FPS 0081 | D 2309 | rR:mu sigma m M 0.00 0.00 0.00 0.00 | F:mu sigma m M 68.7 61.8 4.0 242.0 | H 1.098 | V 0.014 | pL 0.004 | vL 0.000 | delta 0.006
U 99 | F 202752 | FPS 0088 | D 2332 | rR:mu sigma m M 0.00 0.00 0.00 0.00 | F:mu sigma m M 54.2 45.7 4.0 196.0 | H 1.097 | V 0.007 | pL 0.005 | vL 0.000 | delta 0.003
U 100 | F 204800 | FPS 0082 | D 2357 | rR:mu sigma m M 0.00 0.00 0.00 0.00 | F:mu sigma m M 69.9 53.8 4.0 228.0 | H 1.098 | V 0.005 | pL 0.002 | vL 0.000 | delta 0.005
U 101 | F 206848 | FPS 0088 | D 2380 | rR:mu sigma m M 0.00 0.00 0.00 0.00 | F:mu sigma m M 78.8 50.0 15.0 193.0 | H 1.098 | V 0.006 | pL 0.002 | vL 0.000 | delta 0.003
U 102 | F 208896 | FPS 0078 | D 2406 | rR:mu sigma m M 0.00 0.00 0.00 0.00 | F:mu sigma m M 64.3 52.9 6.0 202.0 | H 1.098 | V 0.004 | pL 0.002 | vL 0.000 | delta 0.001
U 103 | F 210944 | FPS 0090 | D 2429 | rR:mu sigma m M 0.00 0.00 0.00 0.00 | F:mu sigma m M 68.6 51.9 4.0 187.0 | H 1.098 | V 0.002 | pL 0.001 | vL 0.000 | delta 0.001
U 104 | F 212992 | FPS 0104 | D 2449 | rR:mu sigma m M 0.00 0.00 0.00 0.00 | F:mu sigma m M 51.8 37.0 7.0 136.0 | H 1.099 | V 0.002 | pL 0.001 | vL 0.000 | delta 0.000
U 105 | F 215040 | FPS 0098 | D 2470 | rR:mu sigma m M 0.02 0.12 0.00 0.69 | F:mu sigma m M 61.8 52.1 4.0 279.0 | H 1.098 | V 0.007 | pL -0.005 | vL 0.000 | delta 0.009
U 106 | F 217088 | FPS 0087 | D 2493 | rR:mu sigma m M 0.02 0.14 0.00 0.87 | F:mu sigma m M 66.0 52.4 6.0 269.0 | H 1.096 | V 0.009 | pL -0.002 | vL 0.001 | delta 0.032
U 107 | F 219136 | FPS 0091 | D 2516 | rR:mu sigma m M 0.00 0.00 0.00 0.00 | F:mu sigma m M 52.7 36.5 9.0 130.0 | H 1.095 | V 0.018 | pL -0.001 | vL 0.002 | delta 0.031
U 108 | F 221184 | FPS 0097 | D 2537 | rR:mu sigma m M 0.04 0.18 0.00 0.88 | F:mu sigma m M 51.9 52.2 4.0 260.0 | H 1.092 | V 0.021 | pL -0.008 | vL 0.003 | delta 0.018
U 109 | F 223232 | FPS 0094 | D 2559 | rR:mu sigma m M 0.02 0.14 0.00 0.88 | F:mu sigma m M 43.1 27.5 4.0 124.0 | H 1.091 | V 0.022 | pL 0.006 | vL 0.003 | delta 0.020
U 110 | F 225280 | FPS 0102 | D 2579 | rR:mu sigma m M 0.00 0.00 0.00 0.00 | F:mu sigma m M 65.8 56.0 6.0 268.0 | H 1.097 | V 0.008 | pL 0.004 | vL 0.000 | delta 0.005
U 111 | F 227328 | FPS 0081 | D 2604 | rR:mu sigma m M 0.01 0.07 0.00 0.40 | F:mu sigma m M 64.1 47.6 11.0 217.0 | H 1.098 | V 0.009 | pL -0.001 | vL 0.000 | delta 0.010
U 112 | F 229376 | FPS 0089 | D 2627 | rR:mu sigma m M 0.00 0.00 0.00 0.00 | F:mu sigma m M 62.4 59.9 5.0 246.0 | H 1.097 | V 0.015 | pL 0.005 | vL 0.000 | delta 0.010
U 113 | F 231424 | FPS 0088 | D 2650 | rR:mu sigma m M 0.00 0.00 0.00 0.00 | F:mu sigma m M 58.4 39.3 8.0 204.0 | H 1.098 | V 0.006 | pL 0.003 | vL 0.000 | delta 0.002
U 114 | F 233472 | FPS 0093 | D 2672 | rR:mu sigma m M 0.00 0.00 0.00 0.00 | F:mu sigma m M 83.3 68.1 10.0 324.0 | H 1.098 | V 0.004 | pL 0.001 | vL 0.000 | delta 0.002
U 115 | F 235520 | FPS 0095 | D 2694 | rR:mu sigma m M 0.00 0.00 0.00 0.00 | F:mu sigma m M 53.2 33.0 13.0 147.0 | H 1.098 | V 0.004 | pL 0.001 | vL 0.000 | delta 0.003
U 116 | F 237568 | FPS 0094 | D 2716 | rR:mu sigma m M 0.00 0.00 0.00 0.00 | F:mu sigma m M 76.4 54.3 8.0 219.0 | H 1.098 | V 0.002 | pL 0.001 | vL 0.000 | delta 0.001
U 117 | F 239616 | FPS 0083 | D 2740 | rR:mu sigma m M 0.02 0.11 0.00 0.65 | F:mu sigma m M 54.6 38.4 7.0 134.0 | H 1.097 | V 0.006 | pL -0.005 | vL 0.001 | delta 0.015
U 118 | F 241664 | FPS 0083 | D 2765 | rR:mu sigma m M 0.00 0.00 0.00 0.00 | F:mu sigma m M 56.7 44.6 6.0 162.0 | H 1.098 | V 0.002 | pL 0.000 | vL 0.000 | delta 0.002
U 119 | F 243712 | FPS 0089 | D 2788 | rR:mu sigma m M 0.03 0.15 0.00 0.93 | F:mu sigma m M 63.4 46.7 11.0 189.0 | H 1.094 | V 0.008 | pL -0.006 | vL 0.002 | delta 0.026
U 120 | F 245760 | FPS 0091 | D 2810 | rR:mu sigma m M 0.00 0.00 0.00 0.00 | F:mu sigma m M 51.1 48.1 7.0 197.0 | H 1.096 | V 0.008 | pL 0.004 | vL 0.000 | delta 0.008
U 121 | F 247808 | FPS 0091 | D 2833 | rR:mu sigma m M 0.00 0.00 0.00 0.00 | F:mu sigma m M 67.5 42.2 6.0 189.0 | H 1.097 | V 0.008 | pL 0.000 | vL 0.000 | delta 0.005
U 122 | F 249856 | FPS 0086 | D 2857 | rR:mu sigma m M 0.00 0.00 0.00 0.00 | F:mu sigma m M 92.0 84.2 11.0 324.0 | H 1.097 | V 0.006 | pL 0.003 | vL 0.000 | delta 0.002
U 123 | F 251904 | FPS 0092 | D 2879 | rR:mu sigma m M 0.03 0.15 0.00 0.88 | F:mu sigma m M 72.5 52.5 7.0 231.0 | H 1.095 | V 0.011 | pL -0.006 | vL 0.003 | delta 0.025
U 124 | F 253952 | FPS 0087 | D 2903 | rR:mu sigma m M 0.01 0.06 0.00 0.32 | F:mu sigma m M 60.7 44.5 7.0 243.0 | H 1.096 | V 0.020 | pL 0.007 | vL 0.000 | delta 0.004
U 125 | F 256000 | FPS 0088 | D 2926 | rR:mu sigma m M 0.01 0.05 0.00 0.28 | F:mu sigma m M 70.1 64.7 4.0 259.0 | H 1.097 | V 0.019 | pL 0.004 | vL 0.000 | delta 0.008
U 126 | F 258048 | FPS 0088 | D 2949 | rR:mu sigma m M 0.00 0.00 0.00 0.00 | F:mu sigma m M 56.1 46.2 4.0 189.0 | H 1.098 | V 0.014 | pL 0.006 | vL 0.000 | delta 0.003
U 127 | F 260096 | FPS 0087 | D 2973 | rR:mu sigma m M 0.00 0.00 0.00 0.00 | F:mu sigma m M 57.3 42.0 4.0 236.0 | H 1.098 | V 0.008 | pL 0.004 | vL 0.000 | delta 0.003
U 128 | F 262144 | FPS 0080 | D 2998 | rR:mu sigma m M 0.00 0.00 0.00 0.00 | F:mu sigma m M 50.4 46.1 5.0 217.0 | H 1.098 | V 0.004 | pL 0.002 | vL 0.000 | delta 0.002
U 129 | F 264192 | FPS 0087 | D 3022 | rR:mu sigma m M 0.00 0.00 0.00 0.00 | F:mu sigma m M 61.4 51.1 8.0 189.0 | H 1.098 | V 0.002 | pL 0.001 | vL 0.000 | delta 0.001
U 130 | F 266240 | FPS 0089 | D 3045 | rR:mu sigma m M 0.00 0.00 0.00 0.00 | F:mu sigma m M 62.0 73.3 8.0 324.0 | H 1.098 | V 0.002 | pL 0.001 | vL 0.000 | delta 0.001
U 131 | F 268288 | FPS 0082 | D 3070 | rR:mu sigma m M 0.00 0.00 0.00 0.00 | F:mu sigma m M 70.4 52.3 8.0 200.0 | H 1.098 | V 0.001 | pL 0.001 | vL 0.000 | delta 0.001
U 132 | F 270336 | FPS 0093 | D 3092 | rR:mu sigma m M 0.00 0.00 0.00 0.00 | F:mu sigma m M 80.8 63.2 8.0 239.0 | H 1.098 | V 0.001 | pL 0.001 | vL 0.000 | delta 0.001
U 133 | F 272384 | FPS 0089 | D 3115 | rR:mu sigma m M 0.03 0.15 0.00 0.84 | F:mu sigma m M 62.6 38.8 12.0 146.0 | H 1.097 | V 0.005 | pL -0.006 | vL 0.002 | delta 0.023
U 134 | F 274432 | FPS 0077 | D 3141 | rR:mu sigma m M 0.04 0.16 0.00 0.81 | F:mu sigma m M 73.0 60.8 6.0 307.0 | H 1.096 | V 0.015 | pL -0.011 | vL 0.002 | delta 0.037
U 135 | F 276480 | FPS 0084 | D 3166 | rR:mu sigma m M 0.00 0.00 0.00 0.00 | F:mu sigma m M 46.8 37.0 5.0 190.0 | H 1.098 | V -0.004 | pL -0.003 | vL 0.000 | delta 0.007
U 136 | F 278528 | FPS 0084 | D 3190 | rR:mu sigma m M 0.02 0.12 0.00 0.80 | F:mu sigma m M 48.4 44.9 4.0 245.0 | H 1.095 | V 0.008 | pL -0.005 | vL 0.001 | delta 0.020
U 137 | F 280576 | FPS 0083 | D 3215 | rR:mu sigma m M 0.07 0.23 0.00 0.87 | F:mu sigma m M 69.9 57.9 8.0 237.0 | H 1.090 | V 0.028 | pL -0.017 | vL 0.005 | delta 0.065
U 138 | F 282624 | FPS 0097 | D 3236 | rR:mu sigma m M 0.02 0.14 0.00 0.89 | F:mu sigma m M 41.2 27.1 5.0 122.0 | H 1.093 | V 0.019 | pL 0.001 | vL 0.003 | delta 0.030
U 139 | F 284672 | FPS 0092 | D 3258 | rR:mu sigma m M 0.03 0.15 0.00 0.85 | F:mu sigma m M 55.5 46.2 6.0 216.0 | H 1.079 | V 0.025 | pL 0.003 | vL 0.002 | delta 0.021
U 140 | F 286720 | FPS 0098 | D 3279 | rR:mu sigma m M 0.02 0.13 0.00 0.77 | F:mu sigma m M 68.9 68.7 6.0 324.0 | H 1.092 | V 0.036 | pL 0.006 | vL 0.003 | delta 0.032
U 141 | F 288768 | FPS 0103 | D 3299 | rR:mu sigma m M 0.04 0.18 0.00 0.84 | F:mu sigma m M 50.7 33.3 4.0 172.0 | H 1.091 | V 0.038 | pL 0.004 | vL 0.004 | delta 0.054
U 142 | F 290816 | FPS 0087 | D 3323 | rR:mu sigma m M 0.09 0.25 0.00 0.85 | F:mu sigma m M 55.8 38.4 6.0 140.0 | H 1.082 | V 0.037 | pL -0.008 | vL 0.004 | delta 0.043
U 143 | F 292864 | FPS 0087 | D 3346 | rR:mu sigma m M 0.02 0.09 0.00 0.48 | F:mu sigma m M 88.3 64.6 6.0 198.0 | H 1.095 | V 0.003 | pL -0.006 | vL 0.000 | delta 0.013
U 144 | F 294912 | FPS 0098 | D 3367 | rR:mu sigma m M 0.02 0.08 0.00 0.44 | F:mu sigma m M 74.4 64.4 5.0 272.0 | H 1.089 | V 0.009 | pL -0.007 | vL 0.001 | delta 0.014
U 145 | F 296960 | FPS 0097 | D 3388 | rR:mu sigma m M 0.11 0.29 0.00 0.92 | F:mu sigma m M 73.7 48.7 15.0 196.0 | H 1.071 | V 0.033 | pL -0.026 | vL 0.005 | delta 0.059
U 146 | F 299008 | FPS 0111 | D 3407 | rR:mu sigma m M 0.05 0.19 0.00 0.94 | F:mu sigma m M 47.9 37.4 5.0 146.0 | H 1.057 | V 0.017 | pL -0.013 | vL 0.003 | delta 0.044
U 147 | F 301056 | FPS 0107 | D 3426 | rR:mu sigma m M 0.08 0.25 0.00 0.96 | F:mu sigma m M 34.5 35.0 4.0 142.0 | H 1.009 | V 0.079 | pL -0.036 | vL 0.013 | delta 0.083
U 148 | F 303104 | FPS 0124 | D 3442 | rR:mu sigma m M 0.13 0.31 0.00 0.94 | F:mu sigma m M 34.3 27.5 4.0 119.0 | H 1.002 | V 0.100 | pL -0.021 | vL 0.015 | delta 0.098
U 149 | F 305152 | FPS 0117 | D 3460 | rR:mu sigma m M 0.11 0.30 0.00 0.94 | F:mu sigma m M 41.6 37.0 4.0 164.0 | H 1.040 | V 0.085 | pL 0.018 | vL 0.006 | delta 0.090
U 150 | F 307200 | FPS 0116 | D 3477 | rR:mu sigma m M 0.19 0.36 0.00 0.95 | F:mu sigma m M 39.3 37.9 4.0 180.0 | H 0.973 | V 0.135 | pL -0.038 | vL 0.019 | delta 0.098
U 151 | F 309248 | FPS 0113 | D 3496 | rR:mu sigma m M 0.16 0.34 0.00 0.96 | F:mu sigma m M 39.8 31.8 4.0 173.0 | H 0.977 | V 0.121 | pL -0.001 | vL 0.015 | delta 0.094
U 152 | F 311296 | FPS 0123 | D 3512 | rR:mu sigma m M 0.28 0.40 0.00 0.93 | F:mu sigma m M 44.0 37.7 4.0 190.0 | H 0.931 | V 0.206 | pL -0.021 | vL 0.021 | delta 0.126
U 153 | F 313344 | FPS 0118 | D 3530 | rR:mu sigma m M 0.54 0.43 0.00 0.96 | F:mu sigma m M 44.7 39.3 8.0 234.0 | H 0.769 | V 0.340 | pL -0.114 | vL 0.030 | delta 0.267
U 154 | F 315392 | FPS 0145 | D 3544 | rR:mu sigma m M 0.88 0.18 0.00 0.96 | F:mu sigma m M 29.8 18.2 12.0 99.0 | H 0.479 | V 0.619 | pL -0.191 | vL 0.022 | delta 0.188
U 155 | F 317440 | FPS 0172 | D 3556 | rR:mu sigma m M 0.92 0.16 0.00 0.96 | F:mu sigma m M 19.4 8.6 11.0 69.0 | H 0.296 | V 0.760 | pL -0.150 | vL 0.011 | delta 0.151
U 156 | F 319488 | FPS 0174 | D 3567 | rR:mu sigma m M 0.94 0.09 0.00 0.96 | F:mu sigma m M 18.1 7.3 14.0 56.0 | H 0.255 | V 0.844 | pL -0.042 | vL 0.004 | delta 0.081
U 157 | F 321536 | FPS 0184 | D 3579 | rR:mu sigma m M 0.96 0.01 0.92 0.96 | F:mu sigma m M 15.7 3.2 14.0 29.0 | H 0.167 | V 0.882 | pL -0.017 | vL 0.000 | delta 0.022
agent reach optimality, start collecting trajectories
agent successfully collected 10 trajectories
pickling optimal trajectories
Model successfully saved
/home/rdali/.local/easybuild/software/2017/Core/miniconda3/4.3.27/envs/observe/lib/python3.6/site-packages/torch/nn/functional.py:1906: UserWarning: reduction: 'mean' divides the total loss by both the batch size and the support size.'batchmean' divides only by the batch size, and aligns with the KL div math definition.'mean' will be changed to behave the same as 'batchmean' in the next major release.
  warnings.warn("reduction: 'mean' divides the total loss by both the batch size and the support size."
