The following modules were not unloaded:
  (Use "module --force purge" to unload all):

  1) nixpkgs/16.09     4) icc/.2018.3.222     7) openmpi/3.1.2
  2) imkl/2018.3.222   5) ifort/.2018.3.222   8) StdEnv/2018.3
  3) gcccore/.7.3.0    6) intel/2018.3

Due to MODULEPATH changes, the following have been reloaded:
  1) openmpi/3.1.2


Due to MODULEPATH changes, the following have been reloaded:
  1) openmpi/3.1.2

Attention: While Conda works well in a desktop environment, it tends to create more problems than it solves on a cluster. Instead, we recommend that users use virtual environments and the binary packages that we provide through Python wheels as documented on the Python page.
/home/rdali/RL/watch_and_learn/dependency/rl-starter-files/scripts/train_agent_multidem.py --env MiniGrid-LavaCrossingAgent-v0 --algo ppo --nameDemonstrator crossAddict1,crossAddict2,crossAddict3,crossAddict5,crossAddict6,crossAddict7 --flat-model 0 --KLweight 0.1 --useKL 1 --meanReward 0.80 --rewardLB 0.70 --seed 8253

Namespace(KLweight=0.1, algo='ppo', batch_size=256, clip_eps=0.2, discount=0.99, entropy_coef=0.01, env='MiniGrid-LavaCrossingAgent-v0', epochs=4, flat_model=0, frames=10000000, frames_per_proc=None, full_obs=0, gae_lambda=0.95, log_interval=1, lr=0.0007, max_grad_norm=0.5, meanReward=0.8, mem=False, model=None, nameDemonstrator='crossAddict1,crossAddict2,crossAddict3,crossAddict5,crossAddict6,crossAddict7', optim_alpha=0.99, optim_eps=1e-05, procs=16, recurrence=1, rewardLB=0.7, save_interval=0, seed=8253, tb=False, text=False, useKL=1, value_loss_coef=0.5)

Flat model successfully created

ACModel(
  (image_conv): Sequential(
    (0): Conv2d(3, 32, kernel_size=(2, 2), stride=(1, 1))
    (1): ReLU()
    (2): MaxPool2d(kernel_size=(2, 2), stride=(2, 2), padding=0, dilation=1, ceil_mode=False)
    (3): Conv2d(32, 64, kernel_size=(2, 2), stride=(1, 1))
    (4): ReLU()
    (5): Conv2d(64, 64, kernel_size=(2, 2), stride=(1, 1))
    (6): ReLU()
  )
  (actor): Sequential(
    (0): Linear(in_features=256, out_features=64, bias=True)
    (1): Tanh()
    (2): Linear(in_features=64, out_features=3, bias=True)
  )
  (critic): Sequential(
    (0): Linear(in_features=256, out_features=64, bias=True)
    (1): Tanh()
    (2): Linear(in_features=64, out_features=1, bias=True)
  )
)

CUDA available: False

1
True
0.1
Using TensorFlow backend.
OMP: Info #212: KMP_AFFINITY: decoding x2APIC ids.
OMP: Info #210: KMP_AFFINITY: Affinity capable, using global cpuid leaf 11 info
OMP: Info #154: KMP_AFFINITY: Initial OS proc set respected: 18,22,24,26,37
OMP: Info #156: KMP_AFFINITY: 5 available OS procs
OMP: Info #158: KMP_AFFINITY: Nonuniform topology
OMP: Info #179: KMP_AFFINITY: 2 packages x 4 cores/pkg x 1 threads/core (5 total cores)
OMP: Info #214: KMP_AFFINITY: OS proc to physical thread map:
OMP: Info #171: KMP_AFFINITY: OS proc 18 maps to package 0 core 10 
OMP: Info #171: KMP_AFFINITY: OS proc 24 maps to package 0 core 17 
OMP: Info #171: KMP_AFFINITY: OS proc 26 maps to package 0 core 19 
OMP: Info #171: KMP_AFFINITY: OS proc 22 maps to package 0 core 20 
OMP: Info #171: KMP_AFFINITY: OS proc 37 maps to package 1 core 25 
OMP: Info #250: KMP_AFFINITY: pid 280006 tid 280006 thread 0 bound to OS proc set 18
OMP: Info #250: KMP_AFFINITY: pid 280006 tid 280304 thread 1 bound to OS proc set 37
OMP: Info #250: KMP_AFFINITY: pid 280006 tid 280306 thread 3 bound to OS proc set 26
OMP: Info #250: KMP_AFFINITY: pid 280006 tid 280305 thread 2 bound to OS proc set 24
OMP: Info #250: KMP_AFFINITY: pid 280006 tid 280307 thread 4 bound to OS proc set 22
OMP: Info #250: KMP_AFFINITY: pid 280006 tid 280368 thread 5 bound to OS proc set 18
OMP: Info #250: KMP_AFFINITY: pid 280006 tid 280369 thread 6 bound to OS proc set 37
OMP: Info #250: KMP_AFFINITY: pid 280006 tid 280411 thread 7 bound to OS proc set 24
OMP: Info #250: KMP_AFFINITY: pid 280006 tid 280412 thread 8 bound to OS proc set 26
OMP: Info #250: KMP_AFFINITY: pid 280006 tid 280413 thread 9 bound to OS proc set 22
OMP: Info #250: KMP_AFFINITY: pid 280006 tid 280414 thread 10 bound to OS proc set 18
OMP: Info #250: KMP_AFFINITY: pid 280006 tid 280441 thread 11 bound to OS proc set 37
OMP: Info #250: KMP_AFFINITY: pid 280006 tid 280442 thread 12 bound to OS proc set 24
OMP: Info #250: KMP_AFFINITY: pid 280006 tid 280443 thread 13 bound to OS proc set 26
OMP: Info #250: KMP_AFFINITY: pid 280006 tid 280444 thread 14 bound to OS proc set 22
OMP: Info #250: KMP_AFFINITY: pid 280006 tid 280445 thread 15 bound to OS proc set 18
U 1 | F 002048 | FPS 0081 | D 25 | rR:mu sigma m M 0.00 0.00 0.00 0.00 | F:mu sigma m M 40.8 21.9 9.0 82.0 | H 1.093 | V 0.097 | pL 0.038 | vL 0.001 | delta 0.071
U 2 | F 004096 | FPS 0081 | D 50 | rR:mu sigma m M 0.00 0.00 0.00 0.00 | F:mu sigma m M 69.0 55.9 4.0 200.0 | H 1.076 | V 0.055 | pL 0.025 | vL 0.000 | delta 0.009
U 3 | F 006144 | FPS 0077 | D 77 | rR:mu sigma m M 0.00 0.00 0.00 0.00 | F:mu sigma m M 78.8 51.9 6.0 199.0 | H 1.088 | V 0.041 | pL 0.017 | vL 0.000 | delta 0.011
U 4 | F 008192 | FPS 0073 | D 105 | rR:mu sigma m M 0.00 0.00 0.00 0.00 | F:mu sigma m M 102.1 73.7 12.0 319.0 | H 1.094 | V 0.036 | pL 0.011 | vL 0.000 | delta 0.009
U 5 | F 010240 | FPS 0080 | D 130 | rR:mu sigma m M 0.00 0.00 0.00 0.00 | F:mu sigma m M 78.3 68.0 8.0 244.0 | H 1.095 | V 0.024 | pL 0.012 | vL 0.000 | delta 0.006
U 6 | F 012288 | FPS 0079 | D 156 | rR:mu sigma m M 0.02 0.14 0.00 0.84 | F:mu sigma m M 62.3 60.9 15.0 324.0 | H 1.089 | V 0.023 | pL 0.002 | vL 0.002 | delta 0.029
U 7 | F 014336 | FPS 0082 | D 181 | rR:mu sigma m M 0.02 0.13 0.00 0.74 | F:mu sigma m M 60.5 60.3 11.0 287.0 | H 1.098 | V 0.012 | pL 0.005 | vL 0.000 | delta 0.011
U 8 | F 016384 | FPS 0089 | D 204 | rR:mu sigma m M 0.00 0.00 0.00 0.00 | F:mu sigma m M 59.5 59.4 4.0 292.0 | H 1.098 | V 0.007 | pL 0.004 | vL 0.000 | delta 0.002
U 9 | F 018432 | FPS 0086 | D 228 | rR:mu sigma m M 0.00 0.00 0.00 0.00 | F:mu sigma m M 51.6 36.2 6.0 150.0 | H 1.098 | V 0.005 | pL 0.002 | vL 0.000 | delta 0.002
U 10 | F 020480 | FPS 0090 | D 250 | rR:mu sigma m M 0.00 0.00 0.00 0.00 | F:mu sigma m M 83.4 53.8 14.0 235.0 | H 1.098 | V 0.005 | pL 0.002 | vL 0.000 | delta 0.002
U 11 | F 022528 | FPS 0093 | D 273 | rR:mu sigma m M 0.00 0.00 0.00 0.00 | F:mu sigma m M 76.8 69.6 11.0 318.0 | H 1.098 | V 0.003 | pL 0.001 | vL 0.000 | delta 0.001
U 12 | F 024576 | FPS 0091 | D 295 | rR:mu sigma m M 0.02 0.09 0.00 0.52 | F:mu sigma m M 64.4 58.9 8.0 257.0 | H 1.096 | V 0.007 | pL -0.003 | vL 0.001 | delta 0.010
U 13 | F 026624 | FPS 0086 | D 319 | rR:mu sigma m M 0.00 0.00 0.00 0.00 | F:mu sigma m M 56.0 42.4 4.0 159.0 | H 1.098 | V 0.002 | pL 0.001 | vL 0.000 | delta 0.002
U 14 | F 028672 | FPS 0094 | D 341 | rR:mu sigma m M 0.00 0.00 0.00 0.00 | F:mu sigma m M 76.8 63.4 15.0 257.0 | H 1.098 | V 0.002 | pL 0.001 | vL 0.000 | delta 0.002
U 15 | F 030720 | FPS 0071 | D 369 | rR:mu sigma m M 0.03 0.15 0.00 0.87 | F:mu sigma m M 71.8 61.5 7.0 309.0 | H 1.096 | V 0.008 | pL -0.007 | vL 0.001 | delta 0.053
U 16 | F 032768 | FPS 0096 | D 391 | rR:mu sigma m M 0.00 0.00 0.00 0.00 | F:mu sigma m M 60.1 50.6 8.0 250.0 | H 1.096 | V -0.002 | pL -0.001 | vL 0.000 | delta 0.007
U 17 | F 034816 | FPS 0101 | D 411 | rR:mu sigma m M 0.00 0.00 0.00 0.00 | F:mu sigma m M 56.2 47.2 4.0 214.0 | H 1.098 | V -0.002 | pL -0.001 | vL 0.000 | delta 0.002
U 18 | F 036864 | FPS 0088 | D 434 | rR:mu sigma m M 0.00 0.00 0.00 0.00 | F:mu sigma m M 53.5 45.3 5.0 221.0 | H 1.098 | V -0.002 | pL -0.001 | vL 0.000 | delta 0.001
U 19 | F 038912 | FPS 0093 | D 456 | rR:mu sigma m M 0.00 0.00 0.00 0.00 | F:mu sigma m M 51.0 44.9 4.0 206.0 | H 1.098 | V -0.001 | pL -0.001 | vL 0.000 | delta 0.001
U 20 | F 040960 | FPS 0083 | D 481 | rR:mu sigma m M 0.00 0.00 0.00 0.00 | F:mu sigma m M 55.0 41.5 6.0 149.0 | H 1.099 | V -0.001 | pL -0.000 | vL 0.000 | delta 0.001
U 21 | F 043008 | FPS 0088 | D 504 | rR:mu sigma m M 0.00 0.00 0.00 0.00 | F:mu sigma m M 69.5 58.3 7.0 248.0 | H 1.098 | V -0.000 | pL -0.000 | vL 0.000 | delta 0.001
U 22 | F 045056 | FPS 0092 | D 526 | rR:mu sigma m M 0.00 0.00 0.00 0.00 | F:mu sigma m M 62.9 54.9 7.0 267.0 | H 1.098 | V -0.000 | pL -0.000 | vL 0.000 | delta 0.001
U 23 | F 047104 | FPS 0082 | D 551 | rR:mu sigma m M 0.00 0.00 0.00 0.00 | F:mu sigma m M 74.4 75.6 6.0 324.0 | H 1.099 | V 0.000 | pL 0.000 | vL 0.000 | delta 0.001
U 24 | F 049152 | FPS 0092 | D 574 | rR:mu sigma m M 0.00 0.00 0.00 0.00 | F:mu sigma m M 61.9 46.6 4.0 178.0 | H 1.099 | V 0.000 | pL 0.000 | vL 0.000 | delta 0.000
U 25 | F 051200 | FPS 0086 | D 597 | rR:mu sigma m M 0.00 0.00 0.00 0.00 | F:mu sigma m M 55.6 43.0 4.0 189.0 | H 1.099 | V 0.000 | pL 0.000 | vL 0.000 | delta 0.000
U 26 | F 053248 | FPS 0093 | D 619 | rR:mu sigma m M 0.00 0.00 0.00 0.00 | F:mu sigma m M 66.5 65.2 4.0 324.0 | H 1.099 | V -0.000 | pL -0.000 | vL 0.000 | delta 0.001
U 27 | F 055296 | FPS 0083 | D 644 | rR:mu sigma m M 0.00 0.00 0.00 0.00 | F:mu sigma m M 45.9 30.7 10.0 122.0 | H 1.099 | V -0.000 | pL -0.000 | vL 0.000 | delta 0.000
U 28 | F 057344 | FPS 0088 | D 667 | rR:mu sigma m M 0.02 0.11 0.00 0.64 | F:mu sigma m M 54.3 38.2 4.0 201.0 | H 1.098 | V 0.007 | pL -0.005 | vL 0.001 | delta 0.027
U 29 | F 059392 | FPS 0097 | D 689 | rR:mu sigma m M 0.02 0.12 0.00 0.76 | F:mu sigma m M 51.9 47.8 4.0 252.0 | H 1.093 | V 0.011 | pL -0.002 | vL 0.002 | delta 0.040
U 30 | F 061440 | FPS 0102 | D 709 | rR:mu sigma m M 0.00 0.00 0.00 0.00 | F:mu sigma m M 47.5 37.5 4.0 158.0 | H 1.098 | V -0.002 | pL -0.002 | vL 0.000 | delta 0.005
U 31 | F 063488 | FPS 0095 | D 730 | rR:mu sigma m M 0.00 0.00 0.00 0.00 | F:mu sigma m M 55.3 45.4 6.0 239.0 | H 1.098 | V -0.001 | pL -0.001 | vL 0.000 | delta 0.002
U 32 | F 065536 | FPS 0089 | D 753 | rR:mu sigma m M 0.02 0.10 0.00 0.64 | F:mu sigma m M 50.7 42.8 9.0 211.0 | H 1.097 | V 0.005 | pL -0.004 | vL 0.001 | delta 0.016
U 33 | F 067584 | FPS 0087 | D 777 | rR:mu sigma m M 0.00 0.00 0.00 0.00 | F:mu sigma m M 44.2 48.3 6.0 315.0 | H 1.098 | V 0.004 | pL 0.003 | vL 0.000 | delta 0.004
U 34 | F 069632 | FPS 0077 | D 803 | rR:mu sigma m M 0.00 0.00 0.00 0.00 | F:mu sigma m M 49.4 41.0 6.0 185.0 | H 1.098 | V 0.002 | pL 0.001 | vL 0.000 | delta 0.002
U 35 | F 071680 | FPS 0089 | D 827 | rR:mu sigma m M 0.00 0.00 0.00 0.00 | F:mu sigma m M 70.4 62.8 6.0 270.0 | H 1.098 | V 0.003 | pL 0.002 | vL 0.000 | delta 0.008
U 36 | F 073728 | FPS 0087 | D 850 | rR:mu sigma m M 0.00 0.00 0.00 0.00 | F:mu sigma m M 54.5 56.1 9.0 324.0 | H 1.098 | V 0.004 | pL 0.002 | vL 0.000 | delta 0.004
U 37 | F 075776 | FPS 0085 | D 874 | rR:mu sigma m M 0.00 0.00 0.00 0.00 | F:mu sigma m M 60.1 53.9 4.0 240.0 | H 1.098 | V 0.003 | pL 0.001 | vL 0.000 | delta 0.004
U 38 | F 077824 | FPS 0097 | D 895 | rR:mu sigma m M 0.00 0.00 0.00 0.00 | F:mu sigma m M 85.9 74.2 4.0 324.0 | H 1.098 | V 0.004 | pL 0.001 | vL 0.000 | delta 0.002
U 39 | F 079872 | FPS 0085 | D 919 | rR:mu sigma m M 0.06 0.22 0.00 0.94 | F:mu sigma m M 66.8 49.4 6.0 192.0 | H 1.094 | V 0.008 | pL -0.008 | vL 0.004 | delta 0.070
U 40 | F 081920 | FPS 0102 | D 939 | rR:mu sigma m M 0.02 0.11 0.00 0.73 | F:mu sigma m M 50.7 45.9 7.0 218.0 | H 1.097 | V 0.033 | pL 0.005 | vL 0.002 | delta 0.033
U 41 | F 083968 | FPS 0095 | D 961 | rR:mu sigma m M 0.00 0.00 0.00 0.00 | F:mu sigma m M 50.6 50.8 6.0 296.0 | H 1.097 | V 0.008 | pL 0.003 | vL 0.000 | delta 0.009
U 42 | F 086016 | FPS 0091 | D 983 | rR:mu sigma m M 0.00 0.00 0.00 0.00 | F:mu sigma m M 64.4 56.1 4.0 253.0 | H 1.098 | V 0.008 | pL 0.003 | vL 0.000 | delta 0.004
U 43 | F 088064 | FPS 0088 | D 1007 | rR:mu sigma m M 0.00 0.00 0.00 0.00 | F:mu sigma m M 51.5 33.6 4.0 148.0 | H 1.098 | V 0.005 | pL 0.003 | vL 0.000 | delta 0.002
U 44 | F 090112 | FPS 0087 | D 1030 | rR:mu sigma m M 0.00 0.00 0.00 0.00 | F:mu sigma m M 57.8 49.8 4.0 202.0 | H 1.098 | V 0.003 | pL 0.001 | vL 0.000 | delta 0.002
U 45 | F 092160 | FPS 0078 | D 1056 | rR:mu sigma m M 0.02 0.14 0.00 0.89 | F:mu sigma m M 63.8 52.7 4.0 205.0 | H 1.088 | V 0.010 | pL -0.007 | vL 0.003 | delta 0.017
U 46 | F 094208 | FPS 0084 | D 1081 | rR:mu sigma m M 0.02 0.12 0.00 0.66 | F:mu sigma m M 64.8 54.0 6.0 261.0 | H 1.096 | V 0.017 | pL 0.003 | vL 0.001 | delta 0.015
U 47 | F 096256 | FPS 0081 | D 1106 | rR:mu sigma m M 0.02 0.12 0.00 0.68 | F:mu sigma m M 71.7 56.3 6.0 209.0 | H 1.097 | V 0.016 | pL 0.000 | vL 0.001 | delta 0.026
U 48 | F 098304 | FPS 0098 | D 1127 | rR:mu sigma m M 0.00 0.00 0.00 0.00 | F:mu sigma m M 57.4 59.7 6.0 213.0 | H 1.098 | V 0.005 | pL 0.003 | vL 0.000 | delta 0.005
U 49 | F 100352 | FPS 0088 | D 1150 | rR:mu sigma m M 0.00 0.00 0.00 0.00 | F:mu sigma m M 82.3 66.2 17.0 254.0 | H 1.098 | V 0.004 | pL 0.002 | vL 0.000 | delta 0.002
U 50 | F 102400 | FPS 0087 | D 1174 | rR:mu sigma m M 0.04 0.18 0.00 0.89 | F:mu sigma m M 59.0 47.9 6.0 180.0 | H 1.092 | V 0.015 | pL -0.012 | vL 0.003 | delta 0.045
U 51 | F 104448 | FPS 0105 | D 1193 | rR:mu sigma m M 0.02 0.12 0.00 0.71 | F:mu sigma m M 60.4 44.2 12.0 196.0 | H 1.096 | V 0.024 | pL 0.007 | vL 0.001 | delta 0.044
U 52 | F 106496 | FPS 0087 | D 1217 | rR:mu sigma m M 0.03 0.15 0.00 0.85 | F:mu sigma m M 46.9 27.8 4.0 97.0 | H 1.096 | V 0.007 | pL -0.006 | vL 0.002 | delta 0.043
U 53 | F 108544 | FPS 0091 | D 1239 | rR:mu sigma m M 0.00 0.00 0.00 0.00 | F:mu sigma m M 80.2 61.7 6.0 251.0 | H 1.097 | V 0.018 | pL 0.006 | vL 0.001 | delta 0.015
U 54 | F 110592 | FPS 0084 | D 1263 | rR:mu sigma m M 0.00 0.00 0.00 0.00 | F:mu sigma m M 72.5 65.8 4.0 247.0 | H 1.096 | V 0.022 | pL 0.009 | vL 0.000 | delta 0.013
U 55 | F 112640 | FPS 0090 | D 1286 | rR:mu sigma m M 0.00 0.00 0.00 0.00 | F:mu sigma m M 76.2 55.7 21.0 259.0 | H 1.098 | V 0.010 | pL 0.004 | vL 0.000 | delta 0.002
U 56 | F 114688 | FPS 0090 | D 1309 | rR:mu sigma m M 0.00 0.00 0.00 0.00 | F:mu sigma m M 62.5 66.9 8.0 324.0 | H 1.098 | V 0.008 | pL 0.003 | vL 0.000 | delta 0.002
U 57 | F 116736 | FPS 0093 | D 1331 | rR:mu sigma m M 0.01 0.09 0.00 0.60 | F:mu sigma m M 53.7 51.7 4.0 251.0 | H 1.098 | V 0.007 | pL -0.000 | vL 0.000 | delta 0.014
U 58 | F 118784 | FPS 0089 | D 1354 | rR:mu sigma m M 0.00 0.00 0.00 0.00 | F:mu sigma m M 51.8 57.9 4.0 282.0 | H 1.095 | V 0.013 | pL 0.001 | vL 0.000 | delta 0.014
U 59 | F 120832 | FPS 0077 | D 1380 | rR:mu sigma m M 0.00 0.00 0.00 0.00 | F:mu sigma m M 68.3 56.3 10.0 266.0 | H 1.092 | V 0.009 | pL 0.006 | vL 0.000 | delta 0.007
U 60 | F 122880 | FPS 0089 | D 1403 | rR:mu sigma m M 0.02 0.14 0.00 0.78 | F:mu sigma m M 60.8 45.4 4.0 168.0 | H 1.095 | V 0.016 | pL -0.004 | vL 0.001 | delta 0.045
U 61 | F 124928 | FPS 0097 | D 1424 | rR:mu sigma m M 0.00 0.00 0.00 0.00 | F:mu sigma m M 49.9 37.6 5.0 187.0 | H 1.096 | V -0.001 | pL -0.001 | vL 0.000 | delta 0.007
U 62 | F 126976 | FPS 0097 | D 1446 | rR:mu sigma m M 0.00 0.00 0.00 0.00 | F:mu sigma m M 56.6 41.1 4.0 163.0 | H 1.098 | V -0.001 | pL -0.001 | vL 0.000 | delta 0.002
U 63 | F 129024 | FPS 0094 | D 1467 | rR:mu sigma m M 0.00 0.00 0.00 0.00 | F:mu sigma m M 54.0 39.3 4.0 155.0 | H 1.098 | V 0.000 | pL -0.001 | vL 0.000 | delta 0.002
U 64 | F 131072 | FPS 0096 | D 1489 | rR:mu sigma m M 0.02 0.11 0.00 0.67 | F:mu sigma m M 52.9 45.4 8.0 194.0 | H 1.096 | V 0.007 | pL -0.005 | vL 0.001 | delta 0.018
U 65 | F 133120 | FPS 0084 | D 1513 | rR:mu sigma m M 0.00 0.00 0.00 0.00 | F:mu sigma m M 49.8 40.7 4.0 228.0 | H 1.096 | V 0.001 | pL -0.000 | vL 0.000 | delta 0.005
U 66 | F 135168 | FPS 0091 | D 1535 | rR:mu sigma m M 0.00 0.00 0.00 0.00 | F:mu sigma m M 66.0 49.2 4.0 228.0 | H 1.098 | V 0.002 | pL 0.001 | vL 0.000 | delta 0.003
U 67 | F 137216 | FPS 0083 | D 1560 | rR:mu sigma m M 0.00 0.00 0.00 0.00 | F:mu sigma m M 63.8 57.8 4.0 231.0 | H 1.098 | V 0.003 | pL 0.001 | vL 0.000 | delta 0.002
U 68 | F 139264 | FPS 0099 | D 1581 | rR:mu sigma m M 0.00 0.00 0.00 0.00 | F:mu sigma m M 52.6 51.2 6.0 221.0 | H 1.098 | V 0.002 | pL 0.001 | vL 0.000 | delta 0.002
U 69 | F 141312 | FPS 0094 | D 1602 | rR:mu sigma m M 0.00 0.00 0.00 0.00 | F:mu sigma m M 50.4 46.9 6.0 234.0 | H 1.098 | V 0.001 | pL 0.000 | vL 0.000 | delta 0.001
U 70 | F 143360 | FPS 0087 | D 1626 | rR:mu sigma m M 0.00 0.00 0.00 0.00 | F:mu sigma m M 77.1 45.5 14.0 194.0 | H 1.098 | V 0.001 | pL 0.000 | vL 0.000 | delta 0.001
U 71 | F 145408 | FPS 0088 | D 1649 | rR:mu sigma m M 0.02 0.12 0.00 0.67 | F:mu sigma m M 80.9 63.7 17.0 324.0 | H 1.096 | V 0.004 | pL -0.005 | vL 0.001 | delta 0.015
U 72 | F 147456 | FPS 0085 | D 1673 | rR:mu sigma m M 0.02 0.12 0.00 0.70 | F:mu sigma m M 68.7 52.0 9.0 206.0 | H 1.097 | V 0.004 | pL -0.002 | vL 0.001 | delta 0.015
U 73 | F 149504 | FPS 0082 | D 1698 | rR:mu sigma m M 0.00 0.00 0.00 0.00 | F:mu sigma m M 65.8 46.5 6.0 178.0 | H 1.097 | V 0.001 | pL 0.001 | vL 0.000 | delta 0.004
U 74 | F 151552 | FPS 0082 | D 1723 | rR:mu sigma m M 0.00 0.00 0.00 0.00 | F:mu sigma m M 55.3 50.7 5.0 300.0 | H 1.098 | V -0.000 | pL -0.000 | vL 0.000 | delta 0.002
U 75 | F 153600 | FPS 0090 | D 1746 | rR:mu sigma m M 0.00 0.00 0.00 0.00 | F:mu sigma m M 52.2 39.2 8.0 202.0 | H 1.098 | V -0.000 | pL -0.000 | vL 0.000 | delta 0.001
U 76 | F 155648 | FPS 0087 | D 1769 | rR:mu sigma m M 0.00 0.00 0.00 0.00 | F:mu sigma m M 70.0 78.6 6.0 324.0 | H 1.098 | V 0.000 | pL 0.000 | vL 0.000 | delta 0.002
U 77 | F 157696 | FPS 0095 | D 1791 | rR:mu sigma m M 0.00 0.00 0.00 0.00 | F:mu sigma m M 77.7 57.0 9.0 220.0 | H 1.099 | V -0.000 | pL -0.000 | vL 0.000 | delta 0.001
U 78 | F 159744 | FPS 0093 | D 1813 | rR:mu sigma m M 0.00 0.00 0.00 0.00 | F:mu sigma m M 82.3 66.2 14.0 324.0 | H 1.096 | V 0.007 | pL 0.002 | vL 0.000 | delta 0.009
U 79 | F 161792 | FPS 0091 | D 1836 | rR:mu sigma m M 0.02 0.12 0.00 0.78 | F:mu sigma m M 46.9 42.3 4.0 222.0 | H 1.092 | V 0.005 | pL -0.004 | vL 0.001 | delta 0.028
U 80 | F 163840 | FPS 0096 | D 1857 | rR:mu sigma m M 0.00 0.00 0.00 0.00 | F:mu sigma m M 60.5 63.4 7.0 324.0 | H 1.097 | V 0.009 | pL 0.004 | vL 0.000 | delta 0.016
U 81 | F 165888 | FPS 0086 | D 1881 | rR:mu sigma m M 0.00 0.00 0.00 0.00 | F:mu sigma m M 61.1 56.2 8.0 260.0 | H 1.098 | V 0.002 | pL 0.000 | vL 0.000 | delta 0.004
U 82 | F 167936 | FPS 0090 | D 1903 | rR:mu sigma m M 0.00 0.00 0.00 0.00 | F:mu sigma m M 54.7 41.6 7.0 195.0 | H 1.097 | V 0.004 | pL 0.001 | vL 0.000 | delta 0.005
U 83 | F 169984 | FPS 0088 | D 1927 | rR:mu sigma m M 0.00 0.00 0.00 0.00 | F:mu sigma m M 59.3 46.6 4.0 166.0 | H 1.098 | V 0.005 | pL 0.002 | vL 0.000 | delta 0.005
U 84 | F 172032 | FPS 0092 | D 1949 | rR:mu sigma m M 0.00 0.00 0.00 0.00 | F:mu sigma m M 58.4 50.0 8.0 253.0 | H 1.098 | V 0.000 | pL 0.000 | vL 0.000 | delta 0.001
U 85 | F 174080 | FPS 0090 | D 1971 | rR:mu sigma m M 0.00 0.00 0.00 0.00 | F:mu sigma m M 72.4 68.3 5.0 314.0 | H 1.099 | V 0.000 | pL 0.000 | vL 0.000 | delta 0.001
U 86 | F 176128 | FPS 0095 | D 1993 | rR:mu sigma m M 0.00 0.00 0.00 0.00 | F:mu sigma m M 76.1 69.5 4.0 324.0 | H 1.099 | V 0.000 | pL 0.000 | vL 0.000 | delta 0.000
U 87 | F 178176 | FPS 0088 | D 2016 | rR:mu sigma m M 0.01 0.07 0.00 0.48 | F:mu sigma m M 54.0 45.1 6.0 196.0 | H 1.097 | V 0.003 | pL -0.003 | vL 0.000 | delta 0.009
U 88 | F 180224 | FPS 0100 | D 2037 | rR:mu sigma m M 0.00 0.00 0.00 0.00 | F:mu sigma m M 68.8 52.6 8.0 233.0 | H 1.098 | V 0.000 | pL 0.000 | vL 0.000 | delta 0.003
U 89 | F 182272 | FPS 0091 | D 2059 | rR:mu sigma m M 0.00 0.00 0.00 0.00 | F:mu sigma m M 43.4 34.0 5.0 163.0 | H 1.098 | V -0.000 | pL 0.000 | vL 0.000 | delta 0.003
U 90 | F 184320 | FPS 0085 | D 2083 | rR:mu sigma m M 0.02 0.14 0.00 0.88 | F:mu sigma m M 50.9 35.9 6.0 165.0 | H 1.096 | V 0.008 | pL -0.006 | vL 0.001 | delta 0.034
U 91 | F 186368 | FPS 0090 | D 2106 | rR:mu sigma m M 0.02 0.13 0.00 0.77 | F:mu sigma m M 52.2 45.2 8.0 238.0 | H 1.093 | V 0.015 | pL -0.004 | vL 0.001 | delta 0.033
U 92 | F 188416 | FPS 0081 | D 2131 | rR:mu sigma m M 0.00 0.00 0.00 0.00 | F:mu sigma m M 51.0 42.3 4.0 160.0 | H 1.096 | V 0.016 | pL 0.009 | vL 0.000 | delta 0.011
U 93 | F 190464 | FPS 0082 | D 2156 | rR:mu sigma m M 0.00 0.00 0.00 0.00 | F:mu sigma m M 58.6 37.6 4.0 178.0 | H 1.098 | V 0.009 | pL 0.005 | vL 0.000 | delta 0.004
U 94 | F 192512 | FPS 0093 | D 2178 | rR:mu sigma m M 0.00 0.00 0.00 0.00 | F:mu sigma m M 53.7 41.5 6.0 156.0 | H 1.098 | V 0.006 | pL 0.003 | vL 0.000 | delta 0.002
U 95 | F 194560 | FPS 0087 | D 2202 | rR:mu sigma m M 0.00 0.00 0.00 0.00 | F:mu sigma m M 79.4 54.1 6.0 188.0 | H 1.098 | V 0.006 | pL 0.001 | vL 0.000 | delta 0.002
U 96 | F 196608 | FPS 0096 | D 2223 | rR:mu sigma m M 0.03 0.16 0.00 0.86 | F:mu sigma m M 66.7 54.5 7.0 208.0 | H 1.096 | V 0.006 | pL 0.000 | vL 0.001 | delta 0.006
U 97 | F 198656 | FPS 0082 | D 2248 | rR:mu sigma m M 0.00 0.00 0.00 0.00 | F:mu sigma m M 57.0 47.0 4.0 196.0 | H 1.098 | V 0.002 | pL 0.001 | vL 0.000 | delta 0.002
U 98 | F 200704 | FPS 0086 | D 2272 | rR:mu sigma m M 0.00 0.00 0.00 0.00 | F:mu sigma m M 79.6 68.8 4.0 315.0 | H 1.098 | V 0.001 | pL 0.000 | vL 0.000 | delta 0.001
U 99 | F 202752 | FPS 0079 | D 2297 | rR:mu sigma m M 0.00 0.00 0.00 0.00 | F:mu sigma m M 57.8 39.6 8.0 182.0 | H 1.098 | V 0.001 | pL 0.000 | vL 0.000 | delta 0.001
U 100 | F 204800 | FPS 0096 | D 2319 | rR:mu sigma m M 0.02 0.12 0.00 0.68 | F:mu sigma m M 57.4 43.3 4.0 168.0 | H 1.096 | V 0.005 | pL -0.006 | vL 0.001 | delta 0.012
U 101 | F 206848 | FPS 0092 | D 2341 | rR:mu sigma m M 0.00 0.00 0.00 0.00 | F:mu sigma m M 59.2 59.5 4.0 298.0 | H 1.098 | V 0.000 | pL -0.000 | vL 0.000 | delta 0.004
U 102 | F 208896 | FPS 0089 | D 2364 | rR:mu sigma m M 0.00 0.00 0.00 0.00 | F:mu sigma m M 51.1 45.9 5.0 255.0 | H 1.099 | V 0.000 | pL 0.000 | vL 0.000 | delta 0.001
U 103 | F 210944 | FPS 0086 | D 2388 | rR:mu sigma m M 0.00 0.00 0.00 0.00 | F:mu sigma m M 62.6 55.5 5.0 239.0 | H 1.098 | V 0.003 | pL -0.000 | vL 0.000 | delta 0.005
U 104 | F 212992 | FPS 0082 | D 2413 | rR:mu sigma m M 0.05 0.20 0.00 0.92 | F:mu sigma m M 53.3 38.4 6.0 137.0 | H 1.089 | V 0.009 | pL -0.010 | vL 0.003 | delta 0.061
U 105 | F 215040 | FPS 0105 | D 2433 | rR:mu sigma m M 0.00 0.00 0.00 0.00 | F:mu sigma m M 64.9 52.2 6.0 185.0 | H 1.098 | V 0.007 | pL 0.003 | vL 0.000 | delta 0.009
U 106 | F 217088 | FPS 0105 | D 2452 | rR:mu sigma m M 0.00 0.00 0.00 0.00 | F:mu sigma m M 47.6 37.0 4.0 134.0 | H 1.097 | V 0.006 | pL 0.003 | vL 0.000 | delta 0.005
U 107 | F 219136 | FPS 0086 | D 2476 | rR:mu sigma m M 0.00 0.00 0.00 0.00 | F:mu sigma m M 47.6 38.9 7.0 171.0 | H 1.097 | V 0.005 | pL 0.002 | vL 0.000 | delta 0.004
U 108 | F 221184 | FPS 0083 | D 2500 | rR:mu sigma m M 0.00 0.00 0.00 0.00 | F:mu sigma m M 76.1 69.3 4.0 309.0 | H 1.098 | V 0.004 | pL 0.001 | vL 0.000 | delta 0.002
U 109 | F 223232 | FPS 0084 | D 2525 | rR:mu sigma m M 0.02 0.11 0.00 0.58 | F:mu sigma m M 68.7 56.5 6.0 198.0 | H 1.093 | V 0.005 | pL -0.003 | vL 0.001 | delta 0.027
U 110 | F 225280 | FPS 0092 | D 2547 | rR:mu sigma m M 0.00 0.00 0.00 0.00 | F:mu sigma m M 74.9 55.7 11.0 269.0 | H 1.098 | V 0.004 | pL 0.001 | vL 0.000 | delta 0.005
U 111 | F 227328 | FPS 0094 | D 2569 | rR:mu sigma m M 0.03 0.15 0.00 0.74 | F:mu sigma m M 75.0 39.3 12.0 183.0 | H 1.098 | V 0.017 | pL -0.003 | vL 0.002 | delta 0.017
U 112 | F 229376 | FPS 0087 | D 2593 | rR:mu sigma m M 0.02 0.12 0.00 0.66 | F:mu sigma m M 76.9 55.6 6.0 240.0 | H 1.097 | V 0.001 | pL -0.006 | vL 0.001 | delta 0.022
U 113 | F 231424 | FPS 0081 | D 2618 | rR:mu sigma m M 0.00 0.00 0.00 0.00 | F:mu sigma m M 71.2 47.6 12.0 195.0 | H 1.092 | V -0.004 | pL -0.003 | vL 0.000 | delta 0.012
U 114 | F 233472 | FPS 0102 | D 2638 | rR:mu sigma m M 0.00 0.00 0.00 0.00 | F:mu sigma m M 62.9 49.8 7.0 199.0 | H 1.098 | V -0.003 | pL -0.002 | vL 0.000 | delta 0.006
U 115 | F 235520 | FPS 0083 | D 2663 | rR:mu sigma m M 0.00 0.00 0.00 0.00 | F:mu sigma m M 57.6 50.6 11.0 234.0 | H 1.097 | V 0.003 | pL -0.004 | vL 0.000 | delta 0.006
U 116 | F 237568 | FPS 0090 | D 2685 | rR:mu sigma m M 0.00 0.00 0.00 0.00 | F:mu sigma m M 49.4 38.5 4.0 150.0 | H 1.097 | V -0.001 | pL 0.000 | vL 0.000 | delta 0.004
U 117 | F 239616 | FPS 0090 | D 2708 | rR:mu sigma m M 0.00 0.00 0.00 0.00 | F:mu sigma m M 59.8 47.6 4.0 213.0 | H 1.098 | V -0.001 | pL -0.001 | vL 0.000 | delta 0.001
U 118 | F 241664 | FPS 0086 | D 2732 | rR:mu sigma m M 0.00 0.00 0.00 0.00 | F:mu sigma m M 54.7 43.9 7.0 211.0 | H 1.096 | V 0.002 | pL -0.002 | vL 0.000 | delta 0.005
U 119 | F 243712 | FPS 0121 | D 2749 | rR:mu sigma m M 0.02 0.11 0.00 0.63 | F:mu sigma m M 73.5 64.6 5.0 278.0 | H 1.098 | V 0.001 | pL -0.000 | vL 0.000 | delta 0.005
U 120 | F 245760 | FPS 0089 | D 2772 | rR:mu sigma m M 0.01 0.07 0.00 0.42 | F:mu sigma m M 69.4 62.8 4.0 210.0 | H 1.096 | V 0.004 | pL -0.004 | vL 0.000 | delta 0.018
U 121 | F 247808 | FPS 0094 | D 2794 | rR:mu sigma m M 0.00 0.00 0.00 0.00 | F:mu sigma m M 51.4 40.8 5.0 150.0 | H 1.097 | V 0.006 | pL 0.004 | vL 0.000 | delta 0.005
U 122 | F 249856 | FPS 0079 | D 2820 | rR:mu sigma m M 0.00 0.00 0.00 0.00 | F:mu sigma m M 56.4 53.5 8.0 267.0 | H 1.097 | V 0.005 | pL 0.001 | vL 0.000 | delta 0.006
U 123 | F 251904 | FPS 0089 | D 2843 | rR:mu sigma m M 0.00 0.00 0.00 0.00 | F:mu sigma m M 62.5 61.4 10.0 271.0 | H 1.095 | V 0.006 | pL 0.002 | vL 0.000 | delta 0.005
U 124 | F 253952 | FPS 0086 | D 2867 | rR:mu sigma m M 0.00 0.00 0.00 0.00 | F:mu sigma m M 62.1 59.9 4.0 306.0 | H 1.097 | V 0.002 | pL 0.000 | vL 0.000 | delta 0.003
U 125 | F 256000 | FPS 0087 | D 2890 | rR:mu sigma m M 0.00 0.00 0.00 0.00 | F:mu sigma m M 55.7 48.0 4.0 163.0 | H 1.097 | V 0.002 | pL 0.001 | vL 0.000 | delta 0.004
U 126 | F 258048 | FPS 0093 | D 2912 | rR:mu sigma m M 0.00 0.00 0.00 0.00 | F:mu sigma m M 55.1 33.4 11.0 123.0 | H 1.098 | V 0.001 | pL 0.001 | vL 0.000 | delta 0.001
U 127 | F 260096 | FPS 0080 | D 2938 | rR:mu sigma m M 0.00 0.00 0.00 0.00 | F:mu sigma m M 59.8 40.7 6.0 167.0 | H 1.098 | V 0.001 | pL 0.000 | vL 0.000 | delta 0.001
U 128 | F 262144 | FPS 0082 | D 2963 | rR:mu sigma m M 0.03 0.15 0.00 0.85 | F:mu sigma m M 57.3 41.6 7.0 184.0 | H 1.093 | V 0.007 | pL -0.007 | vL 0.002 | delta 0.021
U 129 | F 264192 | FPS 0084 | D 2987 | rR:mu sigma m M 0.00 0.00 0.00 0.00 | F:mu sigma m M 57.9 52.8 6.0 264.0 | H 1.097 | V 0.012 | pL 0.005 | vL 0.000 | delta 0.006
U 130 | F 266240 | FPS 0083 | D 3012 | rR:mu sigma m M 0.02 0.09 0.00 0.57 | F:mu sigma m M 43.5 31.7 6.0 153.0 | H 1.094 | V 0.014 | pL -0.001 | vL 0.000 | delta 0.011
U 131 | F 268288 | FPS 0074 | D 3040 | rR:mu sigma m M 0.00 0.00 0.00 0.00 | F:mu sigma m M 66.9 65.6 6.0 324.0 | H 1.098 | V 0.004 | pL 0.001 | vL 0.000 | delta 0.003
U 132 | F 270336 | FPS 0101 | D 3060 | rR:mu sigma m M 0.00 0.00 0.00 0.00 | F:mu sigma m M 57.6 49.8 4.0 219.0 | H 1.097 | V 0.004 | pL -0.000 | vL 0.000 | delta 0.003
U 133 | F 272384 | FPS 0094 | D 3082 | rR:mu sigma m M 0.01 0.08 0.00 0.58 | F:mu sigma m M 59.2 67.0 6.0 324.0 | H 1.096 | V 0.010 | pL -0.002 | vL 0.001 | delta 0.023
U 134 | F 274432 | FPS 0091 | D 3104 | rR:mu sigma m M 0.03 0.15 0.00 0.77 | F:mu sigma m M 60.0 41.2 10.0 178.0 | H 1.093 | V 0.018 | pL -0.004 | vL 0.002 | delta 0.026
U 135 | F 276480 | FPS 0089 | D 3127 | rR:mu sigma m M 0.00 0.00 0.00 0.00 | F:mu sigma m M 66.4 65.6 4.0 270.0 | H 1.096 | V 0.008 | pL 0.002 | vL 0.000 | delta 0.018
U 136 | F 278528 | FPS 0083 | D 3152 | rR:mu sigma m M 0.07 0.23 0.00 0.86 | F:mu sigma m M 49.8 42.8 6.0 180.0 | H 1.094 | V 0.027 | pL -0.013 | vL 0.003 | delta 0.048
U 137 | F 280576 | FPS 0091 | D 3174 | rR:mu sigma m M 0.00 0.00 0.00 0.00 | F:mu sigma m M 56.0 52.0 8.0 264.0 | H 1.096 | V 0.010 | pL 0.000 | vL 0.001 | delta 0.011
U 138 | F 282624 | FPS 0086 | D 3198 | rR:mu sigma m M 0.06 0.22 0.00 0.94 | F:mu sigma m M 51.7 42.2 4.0 200.0 | H 1.090 | V 0.028 | pL -0.008 | vL 0.004 | delta 0.029
U 139 | F 284672 | FPS 0098 | D 3219 | rR:mu sigma m M 0.00 0.00 0.00 0.00 | F:mu sigma m M 55.1 40.9 6.0 155.0 | H 1.097 | V 0.012 | pL 0.005 | vL 0.000 | delta 0.013
U 140 | F 286720 | FPS 0093 | D 3241 | rR:mu sigma m M 0.00 0.00 0.00 0.00 | F:mu sigma m M 57.9 35.4 15.0 138.0 | H 1.091 | V 0.029 | pL 0.001 | vL 0.002 | delta 0.044
U 141 | F 288768 | FPS 0101 | D 3261 | rR:mu sigma m M 0.02 0.09 0.00 0.58 | F:mu sigma m M 57.0 59.3 4.0 311.0 | H 1.088 | V 0.016 | pL -0.001 | vL 0.002 | delta 0.041
U 142 | F 290816 | FPS 0093 | D 3283 | rR:mu sigma m M 0.08 0.24 0.00 0.92 | F:mu sigma m M 68.1 45.0 7.0 147.0 | H 1.082 | V 0.010 | pL -0.014 | vL 0.003 | delta 0.027
U 143 | F 292864 | FPS 0090 | D 3306 | rR:mu sigma m M 0.05 0.21 0.00 0.87 | F:mu sigma m M 86.5 79.5 5.0 318.0 | H 1.084 | V 0.025 | pL -0.008 | vL 0.003 | delta 0.051
U 144 | F 294912 | FPS 0083 | D 3331 | rR:mu sigma m M 0.00 0.00 0.00 0.00 | F:mu sigma m M 62.6 42.5 6.0 191.0 | H 1.085 | V 0.030 | pL -0.002 | vL 0.002 | delta 0.028
U 145 | F 296960 | FPS 0086 | D 3355 | rR:mu sigma m M 0.10 0.26 0.00 0.85 | F:mu sigma m M 71.6 62.5 6.0 320.0 | H 1.063 | V 0.068 | pL -0.003 | vL 0.010 | delta 0.072
U 146 | F 299008 | FPS 0088 | D 3378 | rR:mu sigma m M 0.03 0.15 0.00 0.90 | F:mu sigma m M 48.8 32.7 10.0 167.0 | H 1.074 | V 0.045 | pL 0.006 | vL 0.004 | delta 0.038
U 147 | F 301056 | FPS 0092 | D 3400 | rR:mu sigma m M 0.09 0.27 0.00 0.91 | F:mu sigma m M 54.2 36.3 4.0 126.0 | H 1.068 | V 0.058 | pL -0.009 | vL 0.008 | delta 0.042
U 148 | F 303104 | FPS 0095 | D 3422 | rR:mu sigma m M 0.12 0.29 0.00 0.92 | F:mu sigma m M 69.5 46.0 8.0 205.0 | H 1.064 | V 0.059 | pL -0.008 | vL 0.008 | delta 0.054
U 149 | F 305152 | FPS 0097 | D 3443 | rR:mu sigma m M 0.06 0.20 0.00 0.83 | F:mu sigma m M 50.1 39.6 6.0 199.0 | H 1.073 | V 0.061 | pL -0.006 | vL 0.004 | delta 0.049
U 150 | F 307200 | FPS 0098 | D 3464 | rR:mu sigma m M 0.15 0.32 0.00 0.92 | F:mu sigma m M 50.9 38.6 4.0 182.0 | H 1.040 | V 0.104 | pL -0.026 | vL 0.010 | delta 0.068
U 151 | F 309248 | FPS 0098 | D 3485 | rR:mu sigma m M 0.14 0.31 0.00 0.94 | F:mu sigma m M 45.9 42.8 4.0 251.0 | H 1.039 | V 0.081 | pL -0.014 | vL 0.009 | delta 0.059
U 152 | F 311296 | FPS 0103 | D 3505 | rR:mu sigma m M 0.18 0.35 0.00 0.92 | F:mu sigma m M 40.0 29.1 4.0 148.0 | H 1.015 | V 0.169 | pL -0.044 | vL 0.019 | delta 0.096
U 153 | F 313344 | FPS 0113 | D 3523 | rR:mu sigma m M 0.19 0.35 0.00 0.95 | F:mu sigma m M 40.5 30.3 9.0 158.0 | H 0.996 | V 0.156 | pL 0.005 | vL 0.019 | delta 0.139
U 154 | F 315392 | FPS 0124 | D 3539 | rR:mu sigma m M 0.35 0.43 0.00 0.96 | F:mu sigma m M 43.9 35.7 8.0 171.0 | H 0.930 | V 0.250 | pL -0.035 | vL 0.025 | delta 0.156
U 155 | F 317440 | FPS 0123 | D 3556 | rR:mu sigma m M 0.37 0.43 0.00 0.96 | F:mu sigma m M 41.1 24.8 4.0 107.0 | H 0.805 | V 0.301 | pL -0.031 | vL 0.033 | delta 0.158
U 156 | F 319488 | FPS 0131 | D 3572 | rR:mu sigma m M 0.61 0.43 0.00 0.96 | F:mu sigma m M 31.5 17.6 4.0 97.0 | H 0.677 | V 0.472 | pL -0.102 | vL 0.040 | delta 0.173
U 157 | F 321536 | FPS 0134 | D 3587 | rR:mu sigma m M 0.80 0.30 0.00 0.96 | F:mu sigma m M 32.6 15.8 6.0 81.0 | H 0.633 | V 0.587 | pL -0.115 | vL 0.022 | delta 0.224
U 158 | F 323584 | FPS 0155 | D 3600 | rR:mu sigma m M 0.83 0.28 0.00 0.96 | F:mu sigma m M 26.7 12.0 8.0 73.0 | H 0.559 | V 0.664 | pL -0.090 | vL 0.020 | delta 0.126
U 159 | F 325632 | FPS 0162 | D 3613 | rR:mu sigma m M 0.94 0.02 0.83 0.96 | F:mu sigma m M 22.4 8.8 14.0 60.0 | H 0.401 | V 0.790 | pL -0.084 | vL 0.005 | delta 0.123
agent reach optimality, start collecting trajectories
agent successfully collected 10 trajectories
pickling optimal trajectories
Model successfully saved
/home/rdali/.local/easybuild/software/2017/Core/miniconda3/4.3.27/envs/observe/lib/python3.6/site-packages/torch/nn/functional.py:1906: UserWarning: reduction: 'mean' divides the total loss by both the batch size and the support size.'batchmean' divides only by the batch size, and aligns with the KL div math definition.'mean' will be changed to behave the same as 'batchmean' in the next major release.
  warnings.warn("reduction: 'mean' divides the total loss by both the batch size and the support size."
