The following modules were not unloaded:
  (Use "module --force purge" to unload all):

  1) nixpkgs/16.09     4) icc/.2018.3.222     7) openmpi/3.1.2
  2) imkl/2018.3.222   5) ifort/.2018.3.222   8) StdEnv/2018.3
  3) gcccore/.7.3.0    6) intel/2018.3

Due to MODULEPATH changes, the following have been reloaded:
  1) openmpi/3.1.2


Due to MODULEPATH changes, the following have been reloaded:
  1) openmpi/3.1.2

Attention: While Conda works well in a desktop environment, it tends to create more problems than it solves on a cluster. Instead, we recommend that users use virtual environments and the binary packages that we provide through Python wheels as documented on the Python page.
/home/rdali/RL/watch_and_learn/dependency/rl-starter-files/scripts/train_agent_multidem.py --env MiniGrid-LavaCrossingAgent-v0 --algo ppo --nameDemonstrator crossAddict1,crossAddict2,crossAddict3,crossAddict5,crossAddict6,crossAddict7 --flat-model 0 --KLweight 0.1 --useKL 1 --meanReward 0.80 --rewardLB 0.70 --seed 8324

Namespace(KLweight=0.1, algo='ppo', batch_size=256, clip_eps=0.2, discount=0.99, entropy_coef=0.01, env='MiniGrid-LavaCrossingAgent-v0', epochs=4, flat_model=0, frames=10000000, frames_per_proc=None, full_obs=0, gae_lambda=0.95, log_interval=1, lr=0.0007, max_grad_norm=0.5, meanReward=0.8, mem=False, model=None, nameDemonstrator='crossAddict1,crossAddict2,crossAddict3,crossAddict5,crossAddict6,crossAddict7', optim_alpha=0.99, optim_eps=1e-05, procs=16, recurrence=1, rewardLB=0.7, save_interval=0, seed=8324, tb=False, text=False, useKL=1, value_loss_coef=0.5)

Flat model successfully created

ACModel(
  (image_conv): Sequential(
    (0): Conv2d(3, 32, kernel_size=(2, 2), stride=(1, 1))
    (1): ReLU()
    (2): MaxPool2d(kernel_size=(2, 2), stride=(2, 2), padding=0, dilation=1, ceil_mode=False)
    (3): Conv2d(32, 64, kernel_size=(2, 2), stride=(1, 1))
    (4): ReLU()
    (5): Conv2d(64, 64, kernel_size=(2, 2), stride=(1, 1))
    (6): ReLU()
  )
  (actor): Sequential(
    (0): Linear(in_features=256, out_features=64, bias=True)
    (1): Tanh()
    (2): Linear(in_features=64, out_features=3, bias=True)
  )
  (critic): Sequential(
    (0): Linear(in_features=256, out_features=64, bias=True)
    (1): Tanh()
    (2): Linear(in_features=64, out_features=1, bias=True)
  )
)

CUDA available: False

1
True
0.1
Using TensorFlow backend.
OMP: Info #212: KMP_AFFINITY: decoding x2APIC ids.
OMP: Info #210: KMP_AFFINITY: Affinity capable, using global cpuid leaf 11 info
OMP: Info #154: KMP_AFFINITY: Initial OS proc set respected: 1,3,8,10,12
OMP: Info #156: KMP_AFFINITY: 5 available OS procs
OMP: Info #158: KMP_AFFINITY: Nonuniform topology
OMP: Info #179: KMP_AFFINITY: 2 packages x 3 cores/pkg x 1 threads/core (5 total cores)
OMP: Info #214: KMP_AFFINITY: OS proc to physical thread map:
OMP: Info #171: KMP_AFFINITY: OS proc 8 maps to package 0 core 2 
OMP: Info #171: KMP_AFFINITY: OS proc 12 maps to package 0 core 8 
OMP: Info #171: KMP_AFFINITY: OS proc 10 maps to package 0 core 12 
OMP: Info #171: KMP_AFFINITY: OS proc 1 maps to package 1 core 0 
OMP: Info #171: KMP_AFFINITY: OS proc 3 maps to package 1 core 4 
OMP: Info #250: KMP_AFFINITY: pid 38913 tid 38913 thread 0 bound to OS proc set 8
OMP: Info #250: KMP_AFFINITY: pid 38913 tid 38991 thread 1 bound to OS proc set 1
OMP: Info #250: KMP_AFFINITY: pid 38913 tid 38992 thread 2 bound to OS proc set 12
OMP: Info #250: KMP_AFFINITY: pid 38913 tid 38993 thread 3 bound to OS proc set 3
OMP: Info #250: KMP_AFFINITY: pid 38913 tid 38994 thread 4 bound to OS proc set 10
OMP: Info #250: KMP_AFFINITY: pid 38913 tid 39166 thread 5 bound to OS proc set 8
OMP: Info #250: KMP_AFFINITY: pid 38913 tid 39167 thread 6 bound to OS proc set 1
OMP: Info #250: KMP_AFFINITY: pid 38913 tid 39229 thread 7 bound to OS proc set 12
OMP: Info #250: KMP_AFFINITY: pid 38913 tid 39231 thread 9 bound to OS proc set 10
OMP: Info #250: KMP_AFFINITY: pid 38913 tid 39230 thread 8 bound to OS proc set 3
OMP: Info #250: KMP_AFFINITY: pid 38913 tid 39232 thread 10 bound to OS proc set 8
OMP: Info #250: KMP_AFFINITY: pid 38913 tid 39300 thread 11 bound to OS proc set 1
OMP: Info #250: KMP_AFFINITY: pid 38913 tid 39302 thread 13 bound to OS proc set 3
OMP: Info #250: KMP_AFFINITY: pid 38913 tid 39301 thread 12 bound to OS proc set 12
OMP: Info #250: KMP_AFFINITY: pid 38913 tid 39303 thread 14 bound to OS proc set 10
OMP: Info #250: KMP_AFFINITY: pid 38913 tid 39304 thread 15 bound to OS proc set 8
U 1 | F 002048 | FPS 0063 | D 32 | rR:mu sigma m M 0.00 0.00 0.00 0.00 | F:mu sigma m M 36.6 21.1 9.0 86.0 | H 1.097 | V -0.214 | pL -0.084 | vL 0.006 | delta 0.113
U 2 | F 004096 | FPS 0092 | D 54 | rR:mu sigma m M 0.00 0.00 0.00 0.00 | F:mu sigma m M 60.9 49.0 5.0 183.0 | H 1.089 | V -0.145 | pL -0.089 | vL 0.004 | delta 0.066
U 3 | F 006144 | FPS 0100 | D 75 | rR:mu sigma m M 0.00 0.00 0.00 0.00 | F:mu sigma m M 52.0 57.0 4.0 294.0 | H 1.070 | V -0.097 | pL -0.063 | vL 0.002 | delta 0.030
U 4 | F 008192 | FPS 0099 | D 95 | rR:mu sigma m M 0.01 0.10 0.00 0.67 | F:mu sigma m M 48.0 40.0 7.0 212.0 | H 1.077 | V -0.055 | pL -0.050 | vL 0.002 | delta 0.039
U 5 | F 010240 | FPS 0105 | D 115 | rR:mu sigma m M 0.00 0.00 0.00 0.00 | F:mu sigma m M 40.1 34.2 6.0 177.0 | H 1.096 | V -0.036 | pL -0.024 | vL 0.000 | delta 0.016
U 6 | F 012288 | FPS 0089 | D 138 | rR:mu sigma m M 0.06 0.22 0.00 0.91 | F:mu sigma m M 54.3 43.2 6.0 159.0 | H 1.086 | V -0.016 | pL -0.025 | vL 0.004 | delta 0.049
U 7 | F 014336 | FPS 0105 | D 157 | rR:mu sigma m M 0.03 0.13 0.00 0.79 | F:mu sigma m M 56.2 54.5 4.0 280.0 | H 1.076 | V -0.014 | pL -0.021 | vL 0.001 | delta 0.041
U 8 | F 016384 | FPS 0110 | D 176 | rR:mu sigma m M 0.04 0.17 0.00 0.84 | F:mu sigma m M 46.1 35.4 8.0 160.0 | H 1.078 | V 0.019 | pL -0.021 | vL 0.004 | delta 0.093
U 9 | F 018432 | FPS 0105 | D 196 | rR:mu sigma m M 0.00 0.00 0.00 0.00 | F:mu sigma m M 41.4 29.0 4.0 124.0 | H 1.097 | V 0.011 | pL 0.005 | vL 0.001 | delta 0.018
U 10 | F 020480 | FPS 0092 | D 218 | rR:mu sigma m M 0.00 0.00 0.00 0.00 | F:mu sigma m M 55.6 43.7 7.0 173.0 | H 1.098 | V 0.006 | pL 0.002 | vL 0.000 | delta 0.005
U 11 | F 022528 | FPS 0085 | D 242 | rR:mu sigma m M 0.00 0.00 0.00 0.00 | F:mu sigma m M 57.8 49.5 4.0 197.0 | H 1.098 | V 0.004 | pL 0.002 | vL 0.000 | delta 0.003
U 12 | F 024576 | FPS 0087 | D 266 | rR:mu sigma m M 0.00 0.00 0.00 0.00 | F:mu sigma m M 73.4 60.9 9.0 190.0 | H 1.098 | V 0.002 | pL 0.001 | vL 0.000 | delta 0.003
U 13 | F 026624 | FPS 0084 | D 290 | rR:mu sigma m M 0.00 0.00 0.00 0.00 | F:mu sigma m M 59.0 45.4 4.0 182.0 | H 1.097 | V 0.005 | pL 0.001 | vL 0.000 | delta 0.006
U 14 | F 028672 | FPS 0087 | D 313 | rR:mu sigma m M 0.00 0.00 0.00 0.00 | F:mu sigma m M 85.0 81.9 6.0 324.0 | H 1.097 | V 0.005 | pL 0.002 | vL 0.000 | delta 0.003
U 15 | F 030720 | FPS 0101 | D 334 | rR:mu sigma m M 0.00 0.00 0.00 0.00 | F:mu sigma m M 68.2 55.8 10.0 229.0 | H 1.098 | V 0.003 | pL 0.001 | vL 0.000 | delta 0.002
U 16 | F 032768 | FPS 0083 | D 358 | rR:mu sigma m M 0.03 0.14 0.00 0.77 | F:mu sigma m M 59.1 54.5 5.0 263.0 | H 1.092 | V 0.009 | pL -0.006 | vL 0.002 | delta 0.014
U 17 | F 034816 | FPS 0106 | D 377 | rR:mu sigma m M 0.00 0.00 0.00 0.00 | F:mu sigma m M 56.2 51.9 4.0 219.0 | H 1.097 | V 0.003 | pL 0.000 | vL 0.000 | delta 0.010
U 18 | F 036864 | FPS 0089 | D 401 | rR:mu sigma m M 0.00 0.00 0.00 0.00 | F:mu sigma m M 73.8 46.1 20.0 203.0 | H 1.098 | V 0.001 | pL 0.000 | vL 0.000 | delta 0.003
U 19 | F 038912 | FPS 0091 | D 423 | rR:mu sigma m M 0.03 0.16 0.00 0.83 | F:mu sigma m M 70.1 50.0 4.0 219.0 | H 1.089 | V 0.006 | pL -0.007 | vL 0.001 | delta 0.037
U 20 | F 040960 | FPS 0095 | D 445 | rR:mu sigma m M 0.02 0.13 0.00 0.88 | F:mu sigma m M 53.1 52.7 4.0 261.0 | H 1.082 | V 0.002 | pL -0.008 | vL 0.002 | delta 0.095
U 21 | F 043008 | FPS 0102 | D 465 | rR:mu sigma m M 0.00 0.00 0.00 0.00 | F:mu sigma m M 55.3 39.3 7.0 148.0 | H 1.090 | V 0.008 | pL -0.005 | vL 0.002 | delta 0.041
U 22 | F 045056 | FPS 0092 | D 487 | rR:mu sigma m M 0.00 0.00 0.00 0.00 | F:mu sigma m M 41.5 32.3 5.0 128.0 | H 1.096 | V 0.006 | pL -0.001 | vL 0.001 | delta 0.032
U 23 | F 047104 | FPS 0098 | D 508 | rR:mu sigma m M 0.02 0.11 0.00 0.63 | F:mu sigma m M 56.9 46.4 6.0 188.0 | H 1.093 | V 0.018 | pL 0.004 | vL 0.001 | delta 0.053
U 24 | F 049152 | FPS 0097 | D 529 | rR:mu sigma m M 0.02 0.12 0.00 0.82 | F:mu sigma m M 53.2 52.7 4.0 278.0 | H 1.093 | V 0.040 | pL 0.009 | vL 0.002 | delta 0.027
U 25 | F 051200 | FPS 0081 | D 554 | rR:mu sigma m M 0.00 0.00 0.00 0.00 | F:mu sigma m M 43.5 31.6 4.0 131.0 | H 1.098 | V 0.016 | pL 0.009 | vL 0.000 | delta 0.015
U 26 | F 053248 | FPS 0080 | D 580 | rR:mu sigma m M 0.00 0.00 0.00 0.00 | F:mu sigma m M 63.8 48.0 10.0 218.0 | H 1.096 | V 0.013 | pL 0.006 | vL 0.000 | delta 0.008
U 27 | F 055296 | FPS 0079 | D 606 | rR:mu sigma m M 0.00 0.00 0.00 0.00 | F:mu sigma m M 60.4 44.2 11.0 151.0 | H 1.098 | V 0.008 | pL 0.004 | vL 0.000 | delta 0.004
U 28 | F 057344 | FPS 0085 | D 630 | rR:mu sigma m M 0.00 0.00 0.00 0.00 | F:mu sigma m M 64.7 39.9 12.0 189.0 | H 1.098 | V 0.006 | pL 0.003 | vL 0.000 | delta 0.005
U 29 | F 059392 | FPS 0079 | D 656 | rR:mu sigma m M 0.00 0.00 0.00 0.00 | F:mu sigma m M 69.3 44.9 7.0 193.0 | H 1.098 | V 0.004 | pL 0.002 | vL 0.000 | delta 0.006
U 30 | F 061440 | FPS 0082 | D 681 | rR:mu sigma m M 0.00 0.00 0.00 0.00 | F:mu sigma m M 72.4 63.5 5.0 288.0 | H 1.098 | V 0.002 | pL 0.001 | vL 0.000 | delta 0.001
U 31 | F 063488 | FPS 0089 | D 704 | rR:mu sigma m M 0.00 0.00 0.00 0.00 | F:mu sigma m M 66.8 62.9 7.0 318.0 | H 1.098 | V 0.002 | pL 0.001 | vL 0.000 | delta 0.002
U 32 | F 065536 | FPS 0092 | D 726 | rR:mu sigma m M 0.01 0.08 0.00 0.43 | F:mu sigma m M 71.1 63.3 10.0 324.0 | H 1.094 | V 0.006 | pL -0.003 | vL 0.000 | delta 0.012
U 33 | F 067584 | FPS 0096 | D 747 | rR:mu sigma m M 0.02 0.10 0.00 0.65 | F:mu sigma m M 54.9 36.3 4.0 142.0 | H 1.091 | V 0.008 | pL -0.003 | vL 0.001 | delta 0.036
U 34 | F 069632 | FPS 0097 | D 768 | rR:mu sigma m M 0.00 0.00 0.00 0.00 | F:mu sigma m M 56.1 43.0 6.0 179.0 | H 1.098 | V 0.012 | pL 0.004 | vL 0.000 | delta 0.021
U 35 | F 071680 | FPS 0088 | D 792 | rR:mu sigma m M 0.00 0.00 0.00 0.00 | F:mu sigma m M 65.5 38.4 12.0 137.0 | H 1.098 | V 0.007 | pL 0.002 | vL 0.000 | delta 0.007
U 36 | F 073728 | FPS 0085 | D 816 | rR:mu sigma m M 0.03 0.14 0.00 0.80 | F:mu sigma m M 66.9 50.2 11.0 199.0 | H 1.096 | V 0.013 | pL -0.002 | vL 0.001 | delta 0.027
U 37 | F 075776 | FPS 0087 | D 839 | rR:mu sigma m M 0.00 0.00 0.00 0.00 | F:mu sigma m M 65.2 54.6 6.0 224.0 | H 1.094 | V 0.013 | pL -0.002 | vL 0.000 | delta 0.018
U 38 | F 077824 | FPS 0087 | D 863 | rR:mu sigma m M 0.04 0.16 0.00 0.70 | F:mu sigma m M 65.2 42.7 8.0 183.0 | H 1.092 | V 0.028 | pL -0.002 | vL 0.002 | delta 0.028
U 39 | F 079872 | FPS 0090 | D 886 | rR:mu sigma m M 0.04 0.17 0.00 0.84 | F:mu sigma m M 53.7 46.7 4.0 190.0 | H 1.096 | V 0.028 | pL 0.001 | vL 0.002 | delta 0.024
U 40 | F 081920 | FPS 0084 | D 910 | rR:mu sigma m M 0.00 0.00 0.00 0.00 | F:mu sigma m M 52.7 44.0 8.0 220.0 | H 1.098 | V 0.007 | pL 0.003 | vL 0.000 | delta 0.017
U 41 | F 083968 | FPS 0085 | D 934 | rR:mu sigma m M 0.00 0.00 0.00 0.00 | F:mu sigma m M 56.7 51.5 14.0 251.0 | H 1.098 | V 0.005 | pL 0.002 | vL 0.000 | delta 0.008
U 42 | F 086016 | FPS 0080 | D 960 | rR:mu sigma m M 0.00 0.00 0.00 0.00 | F:mu sigma m M 60.7 44.0 6.0 227.0 | H 1.097 | V 0.005 | pL 0.002 | vL 0.000 | delta 0.002
U 43 | F 088064 | FPS 0080 | D 985 | rR:mu sigma m M 0.00 0.00 0.00 0.00 | F:mu sigma m M 54.2 27.5 20.0 119.0 | H 1.096 | V 0.007 | pL -0.002 | vL 0.000 | delta 0.016
U 44 | F 090112 | FPS 0085 | D 1010 | rR:mu sigma m M 0.02 0.14 0.00 0.86 | F:mu sigma m M 70.5 58.1 4.0 197.0 | H 1.097 | V 0.006 | pL -0.001 | vL 0.000 | delta 0.024
U 45 | F 092160 | FPS 0088 | D 1033 | rR:mu sigma m M 0.00 0.00 0.00 0.00 | F:mu sigma m M 58.4 34.2 12.0 180.0 | H 1.098 | V -0.005 | pL -0.003 | vL 0.000 | delta 0.009
U 46 | F 094208 | FPS 0092 | D 1055 | rR:mu sigma m M 0.00 0.00 0.00 0.00 | F:mu sigma m M 56.0 52.4 6.0 258.0 | H 1.089 | V -0.001 | pL -0.001 | vL 0.000 | delta 0.009
U 47 | F 096256 | FPS 0101 | D 1075 | rR:mu sigma m M 0.00 0.00 0.00 0.00 | F:mu sigma m M 48.5 35.1 6.0 138.0 | H 1.098 | V -0.001 | pL -0.001 | vL 0.000 | delta 0.004
U 48 | F 098304 | FPS 0087 | D 1099 | rR:mu sigma m M 0.00 0.00 0.00 0.00 | F:mu sigma m M 60.0 49.6 9.0 242.0 | H 1.097 | V 0.000 | pL -0.001 | vL 0.000 | delta 0.003
U 49 | F 100352 | FPS 0092 | D 1121 | rR:mu sigma m M 0.00 0.00 0.00 0.00 | F:mu sigma m M 52.4 34.7 10.0 155.0 | H 1.098 | V 0.000 | pL -0.000 | vL 0.000 | delta 0.003
U 50 | F 102400 | FPS 0095 | D 1143 | rR:mu sigma m M 0.00 0.00 0.00 0.00 | F:mu sigma m M 63.3 60.1 7.0 324.0 | H 1.097 | V -0.001 | pL -0.000 | vL 0.000 | delta 0.003
U 51 | F 104448 | FPS 0085 | D 1167 | rR:mu sigma m M 0.00 0.00 0.00 0.00 | F:mu sigma m M 64.0 45.2 6.0 221.0 | H 1.098 | V -0.000 | pL -0.000 | vL 0.000 | delta 0.002
U 52 | F 106496 | FPS 0093 | D 1189 | rR:mu sigma m M 0.04 0.17 0.00 0.81 | F:mu sigma m M 50.9 38.6 4.0 138.0 | H 1.092 | V 0.010 | pL -0.012 | vL 0.002 | delta 0.031
U 53 | F 108544 | FPS 0090 | D 1211 | rR:mu sigma m M 0.03 0.14 0.00 0.75 | F:mu sigma m M 48.5 35.2 6.0 126.0 | H 1.096 | V 0.016 | pL -0.002 | vL 0.001 | delta 0.035
U 54 | F 110592 | FPS 0101 | D 1232 | rR:mu sigma m M 0.00 0.00 0.00 0.00 | F:mu sigma m M 69.6 58.2 8.0 231.0 | H 1.098 | V 0.014 | pL 0.006 | vL 0.000 | delta 0.006
U 55 | F 112640 | FPS 0080 | D 1257 | rR:mu sigma m M 0.00 0.00 0.00 0.00 | F:mu sigma m M 70.9 59.8 12.0 320.0 | H 1.098 | V 0.007 | pL 0.004 | vL 0.000 | delta 0.003
U 56 | F 114688 | FPS 0097 | D 1278 | rR:mu sigma m M 0.00 0.00 0.00 0.00 | F:mu sigma m M 66.3 37.9 6.0 161.0 | H 1.098 | V 0.005 | pL 0.002 | vL 0.000 | delta 0.002
U 57 | F 116736 | FPS 0094 | D 1300 | rR:mu sigma m M 0.01 0.05 0.00 0.30 | F:mu sigma m M 58.7 57.6 7.0 253.0 | H 1.095 | V 0.009 | pL 0.000 | vL 0.001 | delta 0.021
U 58 | F 118784 | FPS 0083 | D 1325 | rR:mu sigma m M 0.00 0.00 0.00 0.00 | F:mu sigma m M 63.6 38.7 15.0 148.0 | H 1.097 | V 0.010 | pL 0.004 | vL 0.000 | delta 0.005
U 59 | F 120832 | FPS 0091 | D 1348 | rR:mu sigma m M 0.00 0.00 0.00 0.00 | F:mu sigma m M 61.4 52.5 12.0 239.0 | H 1.098 | V 0.007 | pL 0.003 | vL 0.000 | delta 0.002
U 60 | F 122880 | FPS 0087 | D 1371 | rR:mu sigma m M 0.03 0.16 0.00 0.86 | F:mu sigma m M 63.8 55.6 8.0 200.0 | H 1.094 | V 0.011 | pL -0.004 | vL 0.001 | delta 0.040
U 61 | F 124928 | FPS 0089 | D 1394 | rR:mu sigma m M 0.00 0.00 0.00 0.00 | F:mu sigma m M 68.5 61.0 4.0 324.0 | H 1.097 | V 0.001 | pL -0.001 | vL 0.000 | delta 0.013
U 62 | F 126976 | FPS 0086 | D 1418 | rR:mu sigma m M 0.05 0.20 0.00 0.80 | F:mu sigma m M 76.2 65.4 4.0 267.0 | H 1.083 | V 0.009 | pL -0.009 | vL 0.002 | delta 0.047
U 63 | F 129024 | FPS 0099 | D 1438 | rR:mu sigma m M 0.01 0.06 0.00 0.40 | F:mu sigma m M 61.8 49.2 4.0 216.0 | H 1.097 | V 0.006 | pL -0.003 | vL 0.001 | delta 0.011
U 64 | F 131072 | FPS 0092 | D 1461 | rR:mu sigma m M 0.02 0.13 0.00 0.78 | F:mu sigma m M 56.4 37.7 4.0 164.0 | H 1.087 | V 0.019 | pL -0.004 | vL 0.001 | delta 0.025
U 65 | F 133120 | FPS 0103 | D 1481 | rR:mu sigma m M 0.02 0.12 0.00 0.84 | F:mu sigma m M 40.8 34.8 4.0 172.0 | H 1.080 | V 0.014 | pL -0.008 | vL 0.003 | delta 0.043
U 66 | F 135168 | FPS 0107 | D 1500 | rR:mu sigma m M 0.07 0.24 0.00 0.94 | F:mu sigma m M 39.1 38.8 4.0 233.0 | H 1.021 | V 0.020 | pL -0.024 | vL 0.007 | delta 0.086
U 67 | F 137216 | FPS 0125 | D 1516 | rR:mu sigma m M 0.04 0.17 0.00 0.94 | F:mu sigma m M 46.2 42.4 4.0 197.0 | H 1.071 | V 0.001 | pL -0.022 | vL 0.002 | delta 0.046
U 68 | F 139264 | FPS 0110 | D 1535 | rR:mu sigma m M 0.00 0.00 0.00 0.00 | F:mu sigma m M 47.2 45.3 4.0 229.0 | H 1.061 | V -0.009 | pL -0.008 | vL 0.001 | delta 0.033
U 69 | F 141312 | FPS 0117 | D 1552 | rR:mu sigma m M 0.08 0.25 0.00 0.91 | F:mu sigma m M 47.6 39.3 4.0 227.0 | H 1.039 | V 0.013 | pL -0.030 | vL 0.006 | delta 0.056
U 70 | F 143360 | FPS 0111 | D 1571 | rR:mu sigma m M 0.01 0.09 0.00 0.65 | F:mu sigma m M 41.9 26.3 6.0 125.0 | H 1.075 | V -0.001 | pL -0.012 | vL 0.002 | delta 0.026
U 71 | F 145408 | FPS 0106 | D 1590 | rR:mu sigma m M 0.02 0.13 0.00 0.87 | F:mu sigma m M 38.6 29.0 6.0 151.0 | H 1.081 | V 0.018 | pL -0.007 | vL 0.003 | delta 0.029
U 72 | F 147456 | FPS 0094 | D 1612 | rR:mu sigma m M 0.02 0.13 0.00 0.90 | F:mu sigma m M 46.4 29.0 10.0 121.0 | H 1.084 | V 0.021 | pL 0.001 | vL 0.002 | delta 0.022
U 73 | F 149504 | FPS 0098 | D 1633 | rR:mu sigma m M 0.01 0.09 0.00 0.63 | F:mu sigma m M 46.1 27.5 4.0 133.0 | H 1.086 | V 0.016 | pL 0.001 | vL 0.001 | delta 0.016
U 74 | F 151552 | FPS 0096 | D 1654 | rR:mu sigma m M 0.09 0.26 0.00 0.92 | F:mu sigma m M 42.8 34.5 4.0 134.0 | H 1.045 | V 0.069 | pL -0.025 | vL 0.008 | delta 0.083
U 75 | F 153600 | FPS 0100 | D 1675 | rR:mu sigma m M 0.03 0.14 0.00 0.81 | F:mu sigma m M 51.7 42.4 4.0 177.0 | H 1.083 | V 0.044 | pL 0.013 | vL 0.003 | delta 0.025
U 76 | F 155648 | FPS 0096 | D 1696 | rR:mu sigma m M 0.09 0.27 0.00 0.93 | F:mu sigma m M 54.5 37.8 12.0 176.0 | H 1.062 | V 0.066 | pL -0.010 | vL 0.010 | delta 0.051
U 77 | F 157696 | FPS 0103 | D 1716 | rR:mu sigma m M 0.07 0.22 0.00 0.94 | F:mu sigma m M 44.5 43.6 4.0 249.0 | H 1.056 | V 0.049 | pL -0.002 | vL 0.005 | delta 0.038
U 78 | F 159744 | FPS 0109 | D 1735 | rR:mu sigma m M 0.09 0.26 0.00 0.94 | F:mu sigma m M 52.5 43.8 6.0 196.0 | H 1.049 | V 0.072 | pL -0.012 | vL 0.010 | delta 0.088
U 79 | F 161792 | FPS 0111 | D 1753 | rR:mu sigma m M 0.17 0.34 0.00 0.94 | F:mu sigma m M 42.3 36.8 4.0 201.0 | H 1.016 | V 0.135 | pL -0.019 | vL 0.015 | delta 0.099
U 80 | F 163840 | FPS 0093 | D 1775 | rR:mu sigma m M 0.16 0.34 0.00 0.94 | F:mu sigma m M 48.7 45.3 4.0 187.0 | H 1.021 | V 0.135 | pL -0.001 | vL 0.014 | delta 0.074
U 81 | F 165888 | FPS 0099 | D 1796 | rR:mu sigma m M 0.20 0.37 0.00 0.95 | F:mu sigma m M 61.9 47.5 7.0 193.0 | H 1.000 | V 0.141 | pL -0.001 | vL 0.014 | delta 0.075
U 82 | F 167936 | FPS 0092 | D 1818 | rR:mu sigma m M 0.22 0.36 0.00 0.94 | F:mu sigma m M 59.0 48.3 8.0 206.0 | H 0.940 | V 0.162 | pL -0.008 | vL 0.019 | delta 0.152
U 83 | F 169984 | FPS 0107 | D 1837 | rR:mu sigma m M 0.42 0.43 0.00 0.95 | F:mu sigma m M 56.0 42.3 4.0 181.0 | H 0.891 | V 0.202 | pL -0.063 | vL 0.020 | delta 0.105
U 84 | F 172032 | FPS 0105 | D 1857 | rR:mu sigma m M 0.68 0.34 0.00 0.96 | F:mu sigma m M 58.1 36.8 4.0 169.0 | H 0.819 | V 0.325 | pL -0.097 | vL 0.019 | delta 0.123
U 85 | F 174080 | FPS 0127 | D 1873 | rR:mu sigma m M 0.80 0.26 0.00 0.96 | F:mu sigma m M 42.7 26.0 12.0 139.0 | H 0.622 | V 0.555 | pL -0.114 | vL 0.022 | delta 0.157
U 86 | F 176128 | FPS 0145 | D 1887 | rR:mu sigma m M 0.87 0.23 0.00 0.96 | F:mu sigma m M 26.7 13.1 12.0 81.0 | H 0.487 | V 0.680 | pL -0.110 | vL 0.020 | delta 0.198
U 87 | F 178176 | FPS 0166 | D 1899 | rR:mu sigma m M 0.94 0.03 0.71 0.96 | F:mu sigma m M 22.9 11.1 14.0 103.0 | H 0.341 | V 0.791 | pL -0.097 | vL 0.005 | delta 0.136
agent reach optimality, start collecting trajectories
agent successfully collected 10 trajectories
pickling optimal trajectories
Model successfully saved
/home/rdali/.local/easybuild/software/2017/Core/miniconda3/4.3.27/envs/observe/lib/python3.6/site-packages/torch/nn/functional.py:1906: UserWarning: reduction: 'mean' divides the total loss by both the batch size and the support size.'batchmean' divides only by the batch size, and aligns with the KL div math definition.'mean' will be changed to behave the same as 'batchmean' in the next major release.
  warnings.warn("reduction: 'mean' divides the total loss by both the batch size and the support size."
