The following modules were not unloaded:
  (Use "module --force purge" to unload all):

  1) nixpkgs/16.09     4) icc/.2018.3.222     7) openmpi/3.1.2
  2) imkl/2018.3.222   5) ifort/.2018.3.222   8) StdEnv/2018.3
  3) gcccore/.7.3.0    6) intel/2018.3

Due to MODULEPATH changes, the following have been reloaded:
  1) openmpi/3.1.2


Due to MODULEPATH changes, the following have been reloaded:
  1) openmpi/3.1.2

Attention: While Conda works well in a desktop environment, it tends to create more problems than it solves on a cluster. Instead, we recommend that users use virtual environments and the binary packages that we provide through Python wheels as documented on the Python page.
/home/rdali/RL/watch_and_learn/dependency/rl-starter-files/scripts/train_agent_multidem.py --env MiniGrid-LavaCrossingAgent-v0 --algo ppo --nameDemonstrator crossAddict1,crossAddict2,crossAddict3,crossAddict5,crossAddict6,crossAddict7 --flat-model 0 --KLweight 0.001 --useKL 1 --meanReward 0.80 --rewardLB 0.70 --seed 8253

Namespace(KLweight=0.001, algo='ppo', batch_size=256, clip_eps=0.2, discount=0.99, entropy_coef=0.01, env='MiniGrid-LavaCrossingAgent-v0', epochs=4, flat_model=0, frames=10000000, frames_per_proc=None, full_obs=0, gae_lambda=0.95, log_interval=1, lr=0.0007, max_grad_norm=0.5, meanReward=0.8, mem=False, model=None, nameDemonstrator='crossAddict1,crossAddict2,crossAddict3,crossAddict5,crossAddict6,crossAddict7', optim_alpha=0.99, optim_eps=1e-05, procs=16, recurrence=1, rewardLB=0.7, save_interval=0, seed=8253, tb=False, text=False, useKL=1, value_loss_coef=0.5)

Flat model successfully created

ACModel(
  (image_conv): Sequential(
    (0): Conv2d(3, 32, kernel_size=(2, 2), stride=(1, 1))
    (1): ReLU()
    (2): MaxPool2d(kernel_size=(2, 2), stride=(2, 2), padding=0, dilation=1, ceil_mode=False)
    (3): Conv2d(32, 64, kernel_size=(2, 2), stride=(1, 1))
    (4): ReLU()
    (5): Conv2d(64, 64, kernel_size=(2, 2), stride=(1, 1))
    (6): ReLU()
  )
  (actor): Sequential(
    (0): Linear(in_features=256, out_features=64, bias=True)
    (1): Tanh()
    (2): Linear(in_features=64, out_features=3, bias=True)
  )
  (critic): Sequential(
    (0): Linear(in_features=256, out_features=64, bias=True)
    (1): Tanh()
    (2): Linear(in_features=64, out_features=1, bias=True)
  )
)

CUDA available: False

1
True
0.001
Using TensorFlow backend.
OMP: Info #212: KMP_AFFINITY: decoding x2APIC ids.
OMP: Info #210: KMP_AFFINITY: Affinity capable, using global cpuid leaf 11 info
OMP: Info #154: KMP_AFFINITY: Initial OS proc set respected: 11,13,15,16,20
OMP: Info #156: KMP_AFFINITY: 5 available OS procs
OMP: Info #158: KMP_AFFINITY: Nonuniform topology
OMP: Info #179: KMP_AFFINITY: 2 packages x 3 cores/pkg x 1 threads/core (5 total cores)
OMP: Info #214: KMP_AFFINITY: OS proc to physical thread map:
OMP: Info #171: KMP_AFFINITY: OS proc 16 maps to package 0 core 9 
OMP: Info #171: KMP_AFFINITY: OS proc 20 maps to package 0 core 16 
OMP: Info #171: KMP_AFFINITY: OS proc 13 maps to package 1 core 8 
OMP: Info #171: KMP_AFFINITY: OS proc 15 maps to package 1 core 11 
OMP: Info #171: KMP_AFFINITY: OS proc 11 maps to package 1 core 12 
OMP: Info #250: KMP_AFFINITY: pid 258749 tid 258749 thread 0 bound to OS proc set 16
OMP: Info #250: KMP_AFFINITY: pid 258749 tid 258813 thread 2 bound to OS proc set 20
OMP: Info #250: KMP_AFFINITY: pid 258749 tid 258814 thread 3 bound to OS proc set 15
OMP: Info #250: KMP_AFFINITY: pid 258749 tid 258812 thread 1 bound to OS proc set 13
OMP: Info #250: KMP_AFFINITY: pid 258749 tid 258815 thread 4 bound to OS proc set 11
OMP: Info #250: KMP_AFFINITY: pid 258749 tid 258880 thread 5 bound to OS proc set 16
OMP: Info #250: KMP_AFFINITY: pid 258749 tid 258879 thread 6 bound to OS proc set 13
OMP: Info #250: KMP_AFFINITY: pid 258749 tid 258899 thread 7 bound to OS proc set 20
OMP: Info #250: KMP_AFFINITY: pid 258749 tid 258900 thread 8 bound to OS proc set 15
OMP: Info #250: KMP_AFFINITY: pid 258749 tid 258901 thread 9 bound to OS proc set 11
OMP: Info #250: KMP_AFFINITY: pid 258749 tid 258902 thread 10 bound to OS proc set 16
OMP: Info #250: KMP_AFFINITY: pid 258749 tid 258921 thread 11 bound to OS proc set 13
OMP: Info #250: KMP_AFFINITY: pid 258749 tid 258922 thread 12 bound to OS proc set 20
OMP: Info #250: KMP_AFFINITY: pid 258749 tid 258923 thread 13 bound to OS proc set 15
OMP: Info #250: KMP_AFFINITY: pid 258749 tid 258925 thread 15 bound to OS proc set 16
OMP: Info #250: KMP_AFFINITY: pid 258749 tid 258924 thread 14 bound to OS proc set 11
U 1 | F 002048 | FPS 0084 | D 24 | rR:mu sigma m M 0.00 0.00 0.00 0.00 | F:mu sigma m M 40.8 21.9 9.0 82.0 | H 1.093 | V 0.097 | pL 0.038 | vL 0.001 | delta 0.071
U 2 | F 004096 | FPS 0082 | D 49 | rR:mu sigma m M 0.00 0.00 0.00 0.00 | F:mu sigma m M 69.0 55.9 4.0 200.0 | H 1.076 | V 0.055 | pL 0.025 | vL 0.000 | delta 0.009
U 3 | F 006144 | FPS 0075 | D 76 | rR:mu sigma m M 0.00 0.00 0.00 0.00 | F:mu sigma m M 78.8 51.9 6.0 199.0 | H 1.089 | V 0.041 | pL 0.017 | vL 0.000 | delta 0.011
U 4 | F 008192 | FPS 0071 | D 105 | rR:mu sigma m M 0.00 0.00 0.00 0.00 | F:mu sigma m M 75.1 60.1 6.0 238.0 | H 1.094 | V 0.032 | pL 0.013 | vL 0.000 | delta 0.009
U 5 | F 010240 | FPS 0082 | D 130 | rR:mu sigma m M 0.00 0.00 0.00 0.00 | F:mu sigma m M 82.8 55.0 9.0 239.0 | H 1.096 | V 0.023 | pL 0.011 | vL 0.000 | delta 0.007
U 6 | F 012288 | FPS 0088 | D 153 | rR:mu sigma m M 0.00 0.00 0.00 0.00 | F:mu sigma m M 60.4 63.2 4.0 324.0 | H 1.094 | V 0.017 | pL 0.009 | vL 0.000 | delta 0.004
U 7 | F 014336 | FPS 0082 | D 178 | rR:mu sigma m M 0.00 0.00 0.00 0.00 | F:mu sigma m M 69.7 47.1 6.0 178.0 | H 1.098 | V 0.012 | pL 0.006 | vL 0.000 | delta 0.004
U 8 | F 016384 | FPS 0102 | D 198 | rR:mu sigma m M 0.02 0.10 0.00 0.57 | F:mu sigma m M 64.7 52.8 4.0 182.0 | H 1.096 | V 0.012 | pL -0.001 | vL 0.001 | delta 0.013
U 9 | F 018432 | FPS 0082 | D 223 | rR:mu sigma m M 0.00 0.00 0.00 0.00 | F:mu sigma m M 52.4 50.5 4.0 272.0 | H 1.098 | V 0.002 | pL 0.001 | vL 0.000 | delta 0.003
U 10 | F 020480 | FPS 0089 | D 246 | rR:mu sigma m M 0.00 0.00 0.00 0.00 | F:mu sigma m M 60.8 42.8 8.0 188.0 | H 1.098 | V -0.000 | pL 0.000 | vL 0.000 | delta 0.001
U 11 | F 022528 | FPS 0083 | D 271 | rR:mu sigma m M 0.00 0.00 0.00 0.00 | F:mu sigma m M 79.6 51.7 16.0 188.0 | H 1.098 | V 0.000 | pL -0.000 | vL 0.000 | delta 0.001
U 12 | F 024576 | FPS 0096 | D 292 | rR:mu sigma m M 0.00 0.00 0.00 0.00 | F:mu sigma m M 66.7 45.4 8.0 172.0 | H 1.098 | V 0.001 | pL 0.000 | vL 0.000 | delta 0.001
U 13 | F 026624 | FPS 0107 | D 311 | rR:mu sigma m M 0.04 0.18 0.00 0.85 | F:mu sigma m M 61.2 59.3 4.0 324.0 | H 1.071 | V 0.017 | pL -0.013 | vL 0.004 | delta 0.089
U 14 | F 028672 | FPS 0111 | D 330 | rR:mu sigma m M 0.05 0.19 0.00 0.84 | F:mu sigma m M 66.9 55.8 7.0 221.0 | H 1.076 | V 0.018 | pL -0.008 | vL 0.002 | delta 0.093
U 15 | F 030720 | FPS 0095 | D 351 | rR:mu sigma m M 0.03 0.16 0.00 0.87 | F:mu sigma m M 43.7 31.1 7.0 128.0 | H 1.074 | V 0.002 | pL -0.022 | vL 0.004 | delta 0.061
U 16 | F 032768 | FPS 0105 | D 371 | rR:mu sigma m M 0.00 0.00 0.00 0.00 | F:mu sigma m M 42.1 24.3 4.0 107.0 | H 1.089 | V 0.010 | pL 0.000 | vL 0.001 | delta 0.022
U 17 | F 034816 | FPS 0092 | D 393 | rR:mu sigma m M 0.00 0.00 0.00 0.00 | F:mu sigma m M 49.3 48.9 6.0 247.0 | H 1.094 | V 0.007 | pL -0.002 | vL 0.001 | delta 0.012
U 18 | F 036864 | FPS 0116 | D 411 | rR:mu sigma m M 0.03 0.11 0.00 0.52 | F:mu sigma m M 66.3 47.4 6.0 215.0 | H 1.095 | V 0.011 | pL -0.004 | vL 0.001 | delta 0.025
U 19 | F 038912 | FPS 0090 | D 433 | rR:mu sigma m M 0.00 0.00 0.00 0.00 | F:mu sigma m M 48.3 40.1 6.0 183.0 | H 1.097 | V -0.002 | pL -0.002 | vL 0.000 | delta 0.008
U 20 | F 040960 | FPS 0093 | D 455 | rR:mu sigma m M 0.02 0.14 0.00 0.88 | F:mu sigma m M 62.5 55.2 6.0 239.0 | H 1.091 | V 0.005 | pL -0.008 | vL 0.002 | delta 0.046
U 21 | F 043008 | FPS 0098 | D 476 | rR:mu sigma m M 0.00 0.00 0.00 0.00 | F:mu sigma m M 47.6 40.0 5.0 175.0 | H 1.097 | V -0.003 | pL -0.004 | vL 0.000 | delta 0.008
U 22 | F 045056 | FPS 0091 | D 499 | rR:mu sigma m M 0.03 0.15 0.00 0.84 | F:mu sigma m M 57.8 32.0 17.0 122.0 | H 1.096 | V 0.006 | pL -0.007 | vL 0.002 | delta 0.028
U 23 | F 047104 | FPS 0087 | D 522 | rR:mu sigma m M 0.00 0.00 0.00 0.00 | F:mu sigma m M 47.8 35.0 6.0 156.0 | H 1.097 | V 0.007 | pL 0.003 | vL 0.000 | delta 0.007
U 24 | F 049152 | FPS 0085 | D 546 | rR:mu sigma m M 0.00 0.00 0.00 0.00 | F:mu sigma m M 81.3 58.5 14.0 227.0 | H 1.098 | V 0.009 | pL 0.002 | vL 0.000 | delta 0.003
U 25 | F 051200 | FPS 0098 | D 567 | rR:mu sigma m M 0.01 0.08 0.00 0.50 | F:mu sigma m M 71.8 67.9 4.0 288.0 | H 1.097 | V 0.012 | pL -0.001 | vL 0.001 | delta 0.016
U 26 | F 053248 | FPS 0087 | D 591 | rR:mu sigma m M 0.00 0.00 0.00 0.00 | F:mu sigma m M 66.8 58.6 4.0 324.0 | H 1.098 | V 0.005 | pL 0.001 | vL 0.000 | delta 0.004
U 27 | F 055296 | FPS 0093 | D 613 | rR:mu sigma m M 0.03 0.15 0.00 0.89 | F:mu sigma m M 58.7 58.0 6.0 183.0 | H 1.097 | V 0.012 | pL -0.005 | vL 0.003 | delta 0.027
U 28 | F 057344 | FPS 0103 | D 633 | rR:mu sigma m M 0.02 0.12 0.00 0.74 | F:mu sigma m M 56.6 41.8 5.0 193.0 | H 1.092 | V 0.013 | pL 0.001 | vL 0.001 | delta 0.021
U 29 | F 059392 | FPS 0099 | D 653 | rR:mu sigma m M 0.03 0.14 0.00 0.82 | F:mu sigma m M 64.9 45.3 8.0 195.0 | H 1.095 | V 0.003 | pL -0.001 | vL 0.000 | delta 0.014
U 30 | F 061440 | FPS 0095 | D 675 | rR:mu sigma m M 0.03 0.14 0.00 0.85 | F:mu sigma m M 62.6 63.7 4.0 314.0 | H 1.091 | V 0.014 | pL -0.005 | vL 0.002 | delta 0.058
U 31 | F 063488 | FPS 0086 | D 699 | rR:mu sigma m M 0.00 0.00 0.00 0.00 | F:mu sigma m M 72.1 49.6 4.0 209.0 | H 1.096 | V -0.007 | pL -0.004 | vL 0.000 | delta 0.007
U 32 | F 065536 | FPS 0090 | D 721 | rR:mu sigma m M 0.00 0.00 0.00 0.00 | F:mu sigma m M 62.9 62.2 5.0 248.0 | H 1.098 | V -0.003 | pL -0.002 | vL 0.000 | delta 0.009
U 33 | F 067584 | FPS 0088 | D 745 | rR:mu sigma m M 0.00 0.00 0.00 0.00 | F:mu sigma m M 55.4 54.5 6.0 246.0 | H 1.098 | V -0.001 | pL -0.002 | vL 0.000 | delta 0.002
U 34 | F 069632 | FPS 0087 | D 768 | rR:mu sigma m M 0.02 0.13 0.00 0.77 | F:mu sigma m M 57.2 38.8 4.0 173.0 | H 1.097 | V 0.004 | pL -0.006 | vL 0.001 | delta 0.017
U 35 | F 071680 | FPS 0082 | D 793 | rR:mu sigma m M 0.00 0.00 0.00 0.00 | F:mu sigma m M 55.6 51.9 8.0 283.0 | H 1.094 | V -0.003 | pL -0.002 | vL 0.000 | delta 0.013
U 36 | F 073728 | FPS 0091 | D 816 | rR:mu sigma m M 0.03 0.13 0.00 0.78 | F:mu sigma m M 65.6 72.8 6.0 324.0 | H 1.094 | V 0.015 | pL -0.009 | vL 0.002 | delta 0.027
U 37 | F 075776 | FPS 0091 | D 838 | rR:mu sigma m M 0.03 0.13 0.00 0.68 | F:mu sigma m M 68.3 54.1 7.0 240.0 | H 1.093 | V 0.001 | pL -0.004 | vL 0.001 | delta 0.025
U 38 | F 077824 | FPS 0094 | D 860 | rR:mu sigma m M 0.00 0.00 0.00 0.00 | F:mu sigma m M 67.9 62.8 4.0 322.0 | H 1.097 | V 0.003 | pL -0.000 | vL 0.000 | delta 0.008
U 39 | F 079872 | FPS 0089 | D 883 | rR:mu sigma m M 0.02 0.13 0.00 0.71 | F:mu sigma m M 63.7 57.6 4.0 231.0 | H 1.094 | V 0.006 | pL -0.005 | vL 0.001 | delta 0.030
U 40 | F 081920 | FPS 0088 | D 906 | rR:mu sigma m M 0.00 0.00 0.00 0.00 | F:mu sigma m M 64.7 50.1 6.0 189.0 | H 1.087 | V 0.004 | pL 0.000 | vL 0.000 | delta 0.012
U 41 | F 083968 | FPS 0098 | D 927 | rR:mu sigma m M 0.02 0.13 0.00 0.82 | F:mu sigma m M 57.2 52.4 6.0 248.0 | H 1.091 | V 0.008 | pL -0.005 | vL 0.001 | delta 0.020
U 42 | F 086016 | FPS 0091 | D 950 | rR:mu sigma m M 0.03 0.15 0.00 0.91 | F:mu sigma m M 50.0 38.6 5.0 191.0 | H 1.091 | V 0.012 | pL -0.004 | vL 0.002 | delta 0.027
U 43 | F 088064 | FPS 0095 | D 971 | rR:mu sigma m M 0.02 0.13 0.00 0.90 | F:mu sigma m M 55.6 52.9 4.0 233.0 | H 1.095 | V 0.009 | pL 0.001 | vL 0.000 | delta 0.010
U 44 | F 090112 | FPS 0098 | D 992 | rR:mu sigma m M 0.00 0.00 0.00 0.00 | F:mu sigma m M 52.8 40.6 10.0 183.0 | H 1.096 | V 0.010 | pL 0.002 | vL 0.001 | delta 0.025
U 45 | F 092160 | FPS 0102 | D 1013 | rR:mu sigma m M 0.00 0.00 0.00 0.00 | F:mu sigma m M 58.2 44.0 4.0 167.0 | H 1.091 | V 0.008 | pL 0.002 | vL 0.000 | delta 0.009
U 46 | F 094208 | FPS 0093 | D 1035 | rR:mu sigma m M 0.00 0.00 0.00 0.00 | F:mu sigma m M 74.6 62.5 7.0 250.0 | H 1.090 | V 0.010 | pL 0.002 | vL 0.000 | delta 0.010
U 47 | F 096256 | FPS 0086 | D 1058 | rR:mu sigma m M 0.05 0.20 0.00 0.93 | F:mu sigma m M 57.3 53.0 6.0 256.0 | H 1.086 | V 0.015 | pL -0.005 | vL 0.003 | delta 0.031
U 48 | F 098304 | FPS 0112 | D 1077 | rR:mu sigma m M 0.04 0.17 0.00 0.88 | F:mu sigma m M 54.0 40.2 6.0 199.0 | H 1.080 | V 0.032 | pL 0.000 | vL 0.002 | delta 0.053
U 49 | F 100352 | FPS 0094 | D 1099 | rR:mu sigma m M 0.04 0.18 0.00 0.86 | F:mu sigma m M 45.6 39.1 4.0 227.0 | H 1.062 | V 0.055 | pL 0.009 | vL 0.004 | delta 0.077
U 50 | F 102400 | FPS 0087 | D 1122 | rR:mu sigma m M 0.04 0.17 0.00 0.86 | F:mu sigma m M 52.6 35.3 5.0 157.0 | H 1.067 | V 0.053 | pL -0.001 | vL 0.007 | delta 0.041
U 51 | F 104448 | FPS 0104 | D 1142 | rR:mu sigma m M 0.09 0.27 0.00 0.91 | F:mu sigma m M 46.8 33.6 7.0 127.0 | H 1.049 | V 0.072 | pL -0.001 | vL 0.006 | delta 0.057
U 52 | F 106496 | FPS 0102 | D 1162 | rR:mu sigma m M 0.10 0.27 0.00 0.93 | F:mu sigma m M 58.9 47.1 5.0 173.0 | H 1.011 | V 0.073 | pL -0.010 | vL 0.006 | delta 0.050
U 53 | F 108544 | FPS 0106 | D 1181 | rR:mu sigma m M 0.08 0.25 0.00 0.88 | F:mu sigma m M 50.4 37.5 6.0 169.0 | H 1.055 | V 0.055 | pL -0.002 | vL 0.009 | delta 0.066
U 54 | F 110592 | FPS 0107 | D 1200 | rR:mu sigma m M 0.08 0.24 0.00 0.94 | F:mu sigma m M 48.8 42.9 4.0 188.0 | H 1.056 | V 0.090 | pL 0.009 | vL 0.008 | delta 0.060
U 55 | F 112640 | FPS 0094 | D 1222 | rR:mu sigma m M 0.08 0.24 0.00 0.93 | F:mu sigma m M 49.6 41.3 6.0 211.0 | H 1.074 | V 0.080 | pL 0.013 | vL 0.006 | delta 0.037
U 56 | F 114688 | FPS 0097 | D 1243 | rR:mu sigma m M 0.14 0.32 0.00 0.96 | F:mu sigma m M 68.9 35.4 6.0 162.0 | H 1.046 | V 0.102 | pL -0.005 | vL 0.012 | delta 0.054
U 57 | F 116736 | FPS 0096 | D 1264 | rR:mu sigma m M 0.16 0.33 0.00 0.93 | F:mu sigma m M 55.6 44.3 11.0 177.0 | H 1.037 | V 0.098 | pL -0.018 | vL 0.012 | delta 0.061
U 58 | F 118784 | FPS 0105 | D 1284 | rR:mu sigma m M 0.12 0.27 0.00 0.94 | F:mu sigma m M 57.8 41.9 4.0 165.0 | H 1.022 | V 0.094 | pL -0.006 | vL 0.009 | delta 0.055
U 59 | F 120832 | FPS 0096 | D 1305 | rR:mu sigma m M 0.10 0.27 0.00 0.85 | F:mu sigma m M 60.9 44.6 8.0 150.0 | H 1.044 | V 0.073 | pL 0.009 | vL 0.006 | delta 0.034
U 60 | F 122880 | FPS 0116 | D 1323 | rR:mu sigma m M 0.20 0.37 0.00 0.95 | F:mu sigma m M 62.1 53.4 8.0 218.0 | H 1.008 | V 0.110 | pL -0.020 | vL 0.013 | delta 0.066
U 61 | F 124928 | FPS 0103 | D 1343 | rR:mu sigma m M 0.27 0.40 0.00 0.96 | F:mu sigma m M 54.6 44.8 4.0 271.0 | H 0.950 | V 0.158 | pL -0.030 | vL 0.020 | delta 0.091
U 62 | F 126976 | FPS 0096 | D 1364 | rR:mu sigma m M 0.36 0.41 0.00 0.94 | F:mu sigma m M 62.1 46.1 8.0 208.0 | H 0.947 | V 0.214 | pL -0.025 | vL 0.018 | delta 0.118
U 63 | F 129024 | FPS 0103 | D 1384 | rR:mu sigma m M 0.42 0.43 0.00 0.95 | F:mu sigma m M 51.7 41.7 10.0 231.0 | H 0.897 | V 0.243 | pL -0.043 | vL 0.020 | delta 0.110
U 64 | F 131072 | FPS 0101 | D 1404 | rR:mu sigma m M 0.51 0.41 0.00 0.96 | F:mu sigma m M 61.0 50.4 12.0 217.0 | H 0.849 | V 0.308 | pL -0.050 | vL 0.026 | delta 0.149
U 65 | F 133120 | FPS 0102 | D 1424 | rR:mu sigma m M 0.70 0.37 0.00 0.96 | F:mu sigma m M 39.8 24.3 14.0 123.0 | H 0.747 | V 0.426 | pL -0.074 | vL 0.028 | delta 0.197
U 66 | F 135168 | FPS 0140 | D 1439 | rR:mu sigma m M 0.84 0.25 0.00 0.96 | F:mu sigma m M 36.2 25.8 11.0 168.0 | H 0.616 | V 0.621 | pL -0.095 | vL 0.023 | delta 0.199
U 67 | F 137216 | FPS 0155 | D 1452 | rR:mu sigma m M 0.90 0.18 0.00 0.96 | F:mu sigma m M 24.1 11.6 9.0 71.0 | H 0.447 | V 0.718 | pL -0.108 | vL 0.016 | delta 0.203
U 68 | F 139264 | FPS 0174 | D 1464 | rR:mu sigma m M 0.93 0.13 0.00 0.96 | F:mu sigma m M 19.9 7.8 11.0 67.0 | H 0.320 | V 0.822 | pL -0.040 | vL 0.005 | delta 0.102
U 69 | F 141312 | FPS 0187 | D 1475 | rR:mu sigma m M 0.95 0.02 0.86 0.96 | F:mu sigma m M 17.6 6.3 14.0 49.0 | H 0.231 | V 0.865 | pL -0.022 | vL 0.002 | delta 0.048
agent reach optimality, start collecting trajectories
agent successfully collected 10 trajectories
pickling optimal trajectories
Model successfully saved
/home/rdali/.local/easybuild/software/2017/Core/miniconda3/4.3.27/envs/observe/lib/python3.6/site-packages/torch/nn/functional.py:1906: UserWarning: reduction: 'mean' divides the total loss by both the batch size and the support size.'batchmean' divides only by the batch size, and aligns with the KL div math definition.'mean' will be changed to behave the same as 'batchmean' in the next major release.
  warnings.warn("reduction: 'mean' divides the total loss by both the batch size and the support size."
