The following modules were not unloaded:
  (Use "module --force purge" to unload all):

  1) nixpkgs/16.09     4) icc/.2018.3.222     7) openmpi/3.1.2
  2) imkl/2018.3.222   5) ifort/.2018.3.222   8) StdEnv/2018.3
  3) gcccore/.7.3.0    6) intel/2018.3

Due to MODULEPATH changes, the following have been reloaded:
  1) openmpi/3.1.2


Due to MODULEPATH changes, the following have been reloaded:
  1) openmpi/3.1.2

Attention: While Conda works well in a desktop environment, it tends to create more problems than it solves on a cluster. Instead, we recommend that users use virtual environments and the binary packages that we provide through Python wheels as documented on the Python page.
/home/rdali/RL/watch_and_learn/dependency/rl-starter-files/scripts/train_agent_multidem.py --env MiniGrid-LavaCrossingAgent-v0 --algo ppo --nameDemonstrator crossAddict1,crossAddict2,crossAddict3,crossAddict5,crossAddict6,crossAddict7 --flat-model 0 --KLweight 0.1 --useKL 1 --meanReward 0.80 --rewardLB 0.70 --seed 5962

Namespace(KLweight=0.1, algo='ppo', batch_size=256, clip_eps=0.2, discount=0.99, entropy_coef=0.01, env='MiniGrid-LavaCrossingAgent-v0', epochs=4, flat_model=0, frames=10000000, frames_per_proc=None, full_obs=0, gae_lambda=0.95, log_interval=1, lr=0.0007, max_grad_norm=0.5, meanReward=0.8, mem=False, model=None, nameDemonstrator='crossAddict1,crossAddict2,crossAddict3,crossAddict5,crossAddict6,crossAddict7', optim_alpha=0.99, optim_eps=1e-05, procs=16, recurrence=1, rewardLB=0.7, save_interval=0, seed=5962, tb=False, text=False, useKL=1, value_loss_coef=0.5)

Flat model successfully created

ACModel(
  (image_conv): Sequential(
    (0): Conv2d(3, 32, kernel_size=(2, 2), stride=(1, 1))
    (1): ReLU()
    (2): MaxPool2d(kernel_size=(2, 2), stride=(2, 2), padding=0, dilation=1, ceil_mode=False)
    (3): Conv2d(32, 64, kernel_size=(2, 2), stride=(1, 1))
    (4): ReLU()
    (5): Conv2d(64, 64, kernel_size=(2, 2), stride=(1, 1))
    (6): ReLU()
  )
  (actor): Sequential(
    (0): Linear(in_features=256, out_features=64, bias=True)
    (1): Tanh()
    (2): Linear(in_features=64, out_features=3, bias=True)
  )
  (critic): Sequential(
    (0): Linear(in_features=256, out_features=64, bias=True)
    (1): Tanh()
    (2): Linear(in_features=64, out_features=1, bias=True)
  )
)

CUDA available: False

1
True
0.1
Using TensorFlow backend.
OMP: Info #212: KMP_AFFINITY: decoding x2APIC ids.
OMP: Info #210: KMP_AFFINITY: Affinity capable, using global cpuid leaf 11 info
OMP: Info #154: KMP_AFFINITY: Initial OS proc set respected: 9,12,16,18,33
OMP: Info #156: KMP_AFFINITY: 5 available OS procs
OMP: Info #158: KMP_AFFINITY: Nonuniform topology
OMP: Info #179: KMP_AFFINITY: 2 packages x 3 cores/pkg x 1 threads/core (5 total cores)
OMP: Info #214: KMP_AFFINITY: OS proc to physical thread map:
OMP: Info #171: KMP_AFFINITY: OS proc 12 maps to package 0 core 8 
OMP: Info #171: KMP_AFFINITY: OS proc 16 maps to package 0 core 9 
OMP: Info #171: KMP_AFFINITY: OS proc 18 maps to package 0 core 10 
OMP: Info #171: KMP_AFFINITY: OS proc 9 maps to package 1 core 2 
OMP: Info #171: KMP_AFFINITY: OS proc 33 maps to package 1 core 24 
OMP: Info #250: KMP_AFFINITY: pid 434819 tid 434819 thread 0 bound to OS proc set 12
OMP: Info #250: KMP_AFFINITY: pid 434819 tid 434895 thread 1 bound to OS proc set 9
OMP: Info #250: KMP_AFFINITY: pid 434819 tid 434897 thread 3 bound to OS proc set 33
OMP: Info #250: KMP_AFFINITY: pid 434819 tid 434898 thread 4 bound to OS proc set 18
OMP: Info #250: KMP_AFFINITY: pid 434819 tid 434896 thread 2 bound to OS proc set 16
OMP: Info #250: KMP_AFFINITY: pid 434819 tid 434952 thread 5 bound to OS proc set 12
OMP: Info #250: KMP_AFFINITY: pid 434819 tid 434951 thread 6 bound to OS proc set 9
OMP: Info #250: KMP_AFFINITY: pid 434819 tid 434969 thread 7 bound to OS proc set 16
OMP: Info #250: KMP_AFFINITY: pid 434819 tid 434971 thread 9 bound to OS proc set 18
OMP: Info #250: KMP_AFFINITY: pid 434819 tid 434970 thread 8 bound to OS proc set 33
OMP: Info #250: KMP_AFFINITY: pid 434819 tid 434972 thread 10 bound to OS proc set 12
OMP: Info #250: KMP_AFFINITY: pid 434819 tid 435001 thread 11 bound to OS proc set 9
OMP: Info #250: KMP_AFFINITY: pid 434819 tid 435002 thread 12 bound to OS proc set 16
OMP: Info #250: KMP_AFFINITY: pid 434819 tid 435003 thread 13 bound to OS proc set 33
OMP: Info #250: KMP_AFFINITY: pid 434819 tid 435004 thread 14 bound to OS proc set 18
OMP: Info #250: KMP_AFFINITY: pid 434819 tid 435005 thread 15 bound to OS proc set 12
U 1 | F 002048 | FPS 0080 | D 25 | rR:mu sigma m M 0.00 0.00 0.00 0.00 | F:mu sigma m M 46.3 30.6 4.0 116.0 | H 1.096 | V 0.014 | pL 0.012 | vL 0.001 | delta 0.089
U 2 | F 004096 | FPS 0082 | D 50 | rR:mu sigma m M 0.00 0.00 0.00 0.00 | F:mu sigma m M 72.8 45.9 6.0 171.0 | H 1.094 | V 0.035 | pL 0.014 | vL 0.000 | delta 0.009
U 3 | F 006144 | FPS 0077 | D 77 | rR:mu sigma m M 0.00 0.00 0.00 0.00 | F:mu sigma m M 81.0 56.4 5.0 227.0 | H 1.091 | V 0.027 | pL 0.013 | vL 0.000 | delta 0.010
U 4 | F 008192 | FPS 0078 | D 103 | rR:mu sigma m M 0.00 0.00 0.00 0.00 | F:mu sigma m M 62.9 48.4 4.0 206.0 | H 1.098 | V 0.015 | pL 0.009 | vL 0.000 | delta 0.006
U 5 | F 010240 | FPS 0076 | D 130 | rR:mu sigma m M 0.00 0.00 0.00 0.00 | F:mu sigma m M 54.7 39.2 11.0 184.0 | H 1.098 | V 0.010 | pL 0.006 | vL 0.000 | delta 0.004
U 6 | F 012288 | FPS 0084 | D 154 | rR:mu sigma m M 0.03 0.15 0.00 0.88 | F:mu sigma m M 63.6 49.9 10.0 231.0 | H 1.093 | V 0.013 | pL -0.003 | vL 0.002 | delta 0.024
U 7 | F 014336 | FPS 0091 | D 177 | rR:mu sigma m M 0.00 0.00 0.00 0.00 | F:mu sigma m M 55.7 40.2 8.0 190.0 | H 1.098 | V 0.004 | pL 0.003 | vL 0.000 | delta 0.006
U 8 | F 016384 | FPS 0087 | D 200 | rR:mu sigma m M 0.00 0.00 0.00 0.00 | F:mu sigma m M 59.8 44.6 10.0 172.0 | H 1.098 | V 0.004 | pL 0.002 | vL 0.000 | delta 0.003
U 9 | F 018432 | FPS 0088 | D 223 | rR:mu sigma m M 0.00 0.00 0.00 0.00 | F:mu sigma m M 72.9 60.6 7.0 257.0 | H 1.097 | V 0.002 | pL 0.001 | vL 0.000 | delta 0.004
U 10 | F 020480 | FPS 0080 | D 249 | rR:mu sigma m M 0.02 0.11 0.00 0.61 | F:mu sigma m M 65.6 49.0 9.0 165.0 | H 1.090 | V 0.007 | pL -0.003 | vL 0.001 | delta 0.024
U 11 | F 022528 | FPS 0085 | D 273 | rR:mu sigma m M 0.00 0.00 0.00 0.00 | F:mu sigma m M 62.7 43.0 13.0 169.0 | H 1.098 | V 0.004 | pL 0.001 | vL 0.000 | delta 0.005
U 12 | F 024576 | FPS 0087 | D 297 | rR:mu sigma m M 0.00 0.00 0.00 0.00 | F:mu sigma m M 87.1 82.0 5.0 318.0 | H 1.098 | V 0.001 | pL 0.001 | vL 0.000 | delta 0.001
U 13 | F 026624 | FPS 0094 | D 318 | rR:mu sigma m M 0.00 0.00 0.00 0.00 | F:mu sigma m M 59.3 52.8 4.0 239.0 | H 1.096 | V 0.002 | pL 0.001 | vL 0.000 | delta 0.006
U 14 | F 028672 | FPS 0098 | D 339 | rR:mu sigma m M 0.01 0.09 0.00 0.52 | F:mu sigma m M 59.1 58.8 7.0 226.0 | H 1.093 | V 0.007 | pL -0.003 | vL 0.000 | delta 0.017
U 15 | F 030720 | FPS 0082 | D 364 | rR:mu sigma m M 0.00 0.00 0.00 0.00 | F:mu sigma m M 67.5 50.3 10.0 207.0 | H 1.096 | V 0.007 | pL -0.001 | vL 0.000 | delta 0.014
U 16 | F 032768 | FPS 0094 | D 386 | rR:mu sigma m M 0.03 0.13 0.00 0.70 | F:mu sigma m M 74.0 73.6 13.0 311.0 | H 1.094 | V 0.012 | pL -0.008 | vL 0.001 | delta 0.046
U 17 | F 034816 | FPS 0107 | D 405 | rR:mu sigma m M 0.00 0.00 0.00 0.00 | F:mu sigma m M 39.7 32.6 4.0 166.0 | H 1.098 | V 0.001 | pL -0.000 | vL 0.000 | delta 0.005
U 18 | F 036864 | FPS 0100 | D 425 | rR:mu sigma m M 0.00 0.00 0.00 0.00 | F:mu sigma m M 46.9 41.7 4.0 212.0 | H 1.098 | V 0.001 | pL 0.000 | vL 0.000 | delta 0.004
U 19 | F 038912 | FPS 0092 | D 448 | rR:mu sigma m M 0.00 0.00 0.00 0.00 | F:mu sigma m M 58.5 50.5 4.0 235.0 | H 1.098 | V 0.001 | pL -0.000 | vL 0.000 | delta 0.003
U 20 | F 040960 | FPS 0093 | D 470 | rR:mu sigma m M 0.00 0.00 0.00 0.00 | F:mu sigma m M 54.1 44.7 8.0 200.0 | H 1.098 | V 0.004 | pL 0.000 | vL 0.000 | delta 0.004
U 21 | F 043008 | FPS 0093 | D 492 | rR:mu sigma m M 0.00 0.00 0.00 0.00 | F:mu sigma m M 55.7 60.9 5.0 277.0 | H 1.098 | V 0.000 | pL 0.000 | vL 0.000 | delta 0.002
U 22 | F 045056 | FPS 0090 | D 515 | rR:mu sigma m M 0.00 0.00 0.00 0.00 | F:mu sigma m M 78.8 65.4 4.0 324.0 | H 1.098 | V 0.000 | pL 0.000 | vL 0.000 | delta 0.000
U 23 | F 047104 | FPS 0082 | D 540 | rR:mu sigma m M 0.02 0.14 0.00 0.85 | F:mu sigma m M 59.0 54.6 10.0 263.0 | H 1.087 | V 0.005 | pL -0.006 | vL 0.002 | delta 0.015
U 24 | F 049152 | FPS 0095 | D 561 | rR:mu sigma m M 0.01 0.08 0.00 0.61 | F:mu sigma m M 41.3 37.5 4.0 157.0 | H 1.098 | V 0.013 | pL -0.000 | vL 0.001 | delta 0.015
U 25 | F 051200 | FPS 0085 | D 585 | rR:mu sigma m M 0.00 0.00 0.00 0.00 | F:mu sigma m M 46.0 43.4 4.0 190.0 | H 1.098 | V 0.010 | pL 0.003 | vL 0.000 | delta 0.005
U 26 | F 053248 | FPS 0079 | D 611 | rR:mu sigma m M 0.00 0.00 0.00 0.00 | F:mu sigma m M 69.2 46.5 10.0 201.0 | H 1.098 | V 0.007 | pL 0.003 | vL 0.000 | delta 0.002
U 27 | F 055296 | FPS 0089 | D 634 | rR:mu sigma m M 0.00 0.00 0.00 0.00 | F:mu sigma m M 67.1 46.2 8.0 186.0 | H 1.099 | V 0.004 | pL 0.002 | vL 0.000 | delta 0.001
U 28 | F 057344 | FPS 0084 | D 658 | rR:mu sigma m M 0.00 0.00 0.00 0.00 | F:mu sigma m M 64.8 40.4 15.0 169.0 | H 1.099 | V 0.003 | pL 0.001 | vL 0.000 | delta 0.002
U 29 | F 059392 | FPS 0082 | D 683 | rR:mu sigma m M 0.00 0.00 0.00 0.00 | F:mu sigma m M 66.2 58.2 5.0 231.0 | H 1.099 | V 0.001 | pL 0.001 | vL 0.000 | delta 0.001
U 30 | F 061440 | FPS 0095 | D 705 | rR:mu sigma m M 0.00 0.00 0.00 0.00 | F:mu sigma m M 56.9 59.1 6.0 262.0 | H 1.098 | V 0.001 | pL -0.000 | vL 0.000 | delta 0.003
U 31 | F 063488 | FPS 0077 | D 732 | rR:mu sigma m M 0.00 0.00 0.00 0.00 | F:mu sigma m M 49.8 37.6 8.0 169.0 | H 1.099 | V 0.002 | pL 0.001 | vL 0.000 | delta 0.002
U 32 | F 065536 | FPS 0090 | D 754 | rR:mu sigma m M 0.00 0.00 0.00 0.00 | F:mu sigma m M 54.8 44.5 5.0 199.0 | H 1.099 | V 0.001 | pL 0.000 | vL 0.000 | delta 0.001
U 33 | F 067584 | FPS 0089 | D 777 | rR:mu sigma m M 0.00 0.00 0.00 0.00 | F:mu sigma m M 66.8 45.9 4.0 168.0 | H 1.099 | V 0.000 | pL 0.000 | vL 0.000 | delta 0.001
U 34 | F 069632 | FPS 0088 | D 801 | rR:mu sigma m M 0.01 0.06 0.00 0.39 | F:mu sigma m M 59.4 63.6 4.0 301.0 | H 1.097 | V 0.004 | pL -0.003 | vL 0.000 | delta 0.009
U 35 | F 071680 | FPS 0091 | D 823 | rR:mu sigma m M 0.00 0.00 0.00 0.00 | F:mu sigma m M 55.5 47.5 4.0 181.0 | H 1.098 | V -0.001 | pL -0.001 | vL 0.000 | delta 0.003
U 36 | F 073728 | FPS 0086 | D 847 | rR:mu sigma m M 0.00 0.00 0.00 0.00 | F:mu sigma m M 63.4 63.6 4.0 296.0 | H 1.098 | V 0.001 | pL -0.000 | vL 0.000 | delta 0.004
U 37 | F 075776 | FPS 0085 | D 871 | rR:mu sigma m M 0.00 0.00 0.00 0.00 | F:mu sigma m M 55.4 47.9 8.0 221.0 | H 1.098 | V -0.000 | pL 0.000 | vL 0.000 | delta 0.001
U 38 | F 077824 | FPS 0093 | D 893 | rR:mu sigma m M 0.02 0.14 0.00 0.88 | F:mu sigma m M 52.0 42.7 7.0 193.0 | H 1.094 | V 0.006 | pL -0.007 | vL 0.002 | delta 0.038
U 39 | F 079872 | FPS 0086 | D 917 | rR:mu sigma m M 0.02 0.14 0.00 0.85 | F:mu sigma m M 56.3 52.5 4.0 251.0 | H 1.087 | V 0.009 | pL -0.002 | vL 0.003 | delta 0.050
U 40 | F 081920 | FPS 0100 | D 937 | rR:mu sigma m M 0.00 0.00 0.00 0.00 | F:mu sigma m M 40.0 33.4 4.0 150.0 | H 1.098 | V 0.006 | pL 0.003 | vL 0.000 | delta 0.005
U 41 | F 083968 | FPS 0096 | D 959 | rR:mu sigma m M 0.00 0.00 0.00 0.00 | F:mu sigma m M 50.9 38.9 11.0 175.0 | H 1.098 | V 0.007 | pL 0.003 | vL 0.000 | delta 0.002
U 42 | F 086016 | FPS 0090 | D 981 | rR:mu sigma m M 0.00 0.00 0.00 0.00 | F:mu sigma m M 57.9 37.9 6.0 148.0 | H 1.098 | V 0.004 | pL 0.002 | vL 0.000 | delta 0.001
U 43 | F 088064 | FPS 0079 | D 1007 | rR:mu sigma m M 0.00 0.00 0.00 0.00 | F:mu sigma m M 52.9 44.2 4.0 200.0 | H 1.098 | V 0.002 | pL 0.001 | vL 0.000 | delta 0.001
U 44 | F 090112 | FPS 0083 | D 1032 | rR:mu sigma m M 0.00 0.00 0.00 0.00 | F:mu sigma m M 73.9 59.8 4.0 247.0 | H 1.099 | V 0.001 | pL 0.000 | vL 0.000 | delta 0.000
U 45 | F 092160 | FPS 0090 | D 1055 | rR:mu sigma m M 0.00 0.00 0.00 0.00 | F:mu sigma m M 65.8 53.1 4.0 221.0 | H 1.099 | V 0.001 | pL 0.000 | vL 0.000 | delta 0.000
U 46 | F 094208 | FPS 0084 | D 1079 | rR:mu sigma m M 0.00 0.03 0.00 0.14 | F:mu sigma m M 69.6 58.1 7.0 308.0 | H 1.098 | V 0.002 | pL -0.001 | vL 0.000 | delta 0.002
U 47 | F 096256 | FPS 0083 | D 1104 | rR:mu sigma m M 0.00 0.00 0.00 0.00 | F:mu sigma m M 65.6 47.8 4.0 250.0 | H 1.098 | V 0.002 | pL 0.001 | vL 0.000 | delta 0.002
U 48 | F 098304 | FPS 0099 | D 1124 | rR:mu sigma m M 0.05 0.20 0.00 0.90 | F:mu sigma m M 63.9 47.1 8.0 196.0 | H 1.089 | V 0.010 | pL -0.012 | vL 0.003 | delta 0.034
U 49 | F 100352 | FPS 0095 | D 1146 | rR:mu sigma m M 0.02 0.14 0.00 0.87 | F:mu sigma m M 46.2 35.2 5.0 183.0 | H 1.094 | V 0.010 | pL -0.009 | vL 0.003 | delta 0.038
U 50 | F 102400 | FPS 0106 | D 1165 | rR:mu sigma m M 0.00 0.00 0.00 0.00 | F:mu sigma m M 64.9 55.0 4.0 286.0 | H 1.093 | V -0.016 | pL -0.007 | vL 0.000 | delta 0.012
U 51 | F 104448 | FPS 0104 | D 1185 | rR:mu sigma m M 0.00 0.00 0.00 0.00 | F:mu sigma m M 47.0 48.4 4.0 200.0 | H 1.098 | V -0.007 | pL -0.005 | vL 0.000 | delta 0.005
U 52 | F 106496 | FPS 0084 | D 1209 | rR:mu sigma m M 0.00 0.00 0.00 0.00 | F:mu sigma m M 71.4 57.5 8.0 310.0 | H 1.098 | V -0.003 | pL -0.002 | vL 0.000 | delta 0.002
U 53 | F 108544 | FPS 0090 | D 1232 | rR:mu sigma m M 0.02 0.11 0.00 0.71 | F:mu sigma m M 57.8 58.2 4.0 321.0 | H 1.097 | V 0.002 | pL -0.008 | vL 0.001 | delta 0.013
U 54 | F 110592 | FPS 0092 | D 1254 | rR:mu sigma m M 0.00 0.00 0.00 0.00 | F:mu sigma m M 50.3 39.8 4.0 177.0 | H 1.098 | V 0.001 | pL 0.001 | vL 0.000 | delta 0.005
U 55 | F 112640 | FPS 0092 | D 1276 | rR:mu sigma m M 0.00 0.00 0.00 0.00 | F:mu sigma m M 61.1 53.0 4.0 204.0 | H 1.098 | V 0.005 | pL -0.001 | vL 0.000 | delta 0.005
U 56 | F 114688 | FPS 0092 | D 1299 | rR:mu sigma m M 0.04 0.15 0.00 0.75 | F:mu sigma m M 60.3 56.3 10.0 271.0 | H 1.095 | V 0.011 | pL -0.008 | vL 0.001 | delta 0.048
U 57 | F 116736 | FPS 0097 | D 1320 | rR:mu sigma m M 0.00 0.00 0.00 0.00 | F:mu sigma m M 57.6 45.2 8.0 184.0 | H 1.098 | V 0.001 | pL 0.000 | vL 0.000 | delta 0.003
U 58 | F 118784 | FPS 0088 | D 1343 | rR:mu sigma m M 0.00 0.00 0.00 0.00 | F:mu sigma m M 46.0 43.4 4.0 263.0 | H 1.096 | V 0.003 | pL -0.000 | vL 0.000 | delta 0.006
U 59 | F 120832 | FPS 0103 | D 1363 | rR:mu sigma m M 0.00 0.00 0.00 0.00 | F:mu sigma m M 44.1 40.3 4.0 181.0 | H 1.098 | V 0.000 | pL -0.000 | vL 0.000 | delta 0.003
U 60 | F 122880 | FPS 0084 | D 1387 | rR:mu sigma m M 0.00 0.00 0.00 0.00 | F:mu sigma m M 75.2 54.2 10.0 218.0 | H 1.098 | V 0.003 | pL -0.001 | vL 0.000 | delta 0.003
U 61 | F 124928 | FPS 0089 | D 1410 | rR:mu sigma m M 0.00 0.00 0.00 0.00 | F:mu sigma m M 71.1 53.2 4.0 228.0 | H 1.098 | V 0.001 | pL 0.001 | vL 0.000 | delta 0.003
U 62 | F 126976 | FPS 0079 | D 1436 | rR:mu sigma m M 0.03 0.15 0.00 0.86 | F:mu sigma m M 58.3 43.9 8.0 218.0 | H 1.094 | V 0.008 | pL -0.006 | vL 0.002 | delta 0.038
U 63 | F 129024 | FPS 0090 | D 1459 | rR:mu sigma m M 0.00 0.00 0.00 0.00 | F:mu sigma m M 58.7 55.6 8.0 228.0 | H 1.096 | V 0.010 | pL 0.005 | vL 0.000 | delta 0.010
U 64 | F 131072 | FPS 0085 | D 1483 | rR:mu sigma m M 0.00 0.00 0.00 0.00 | F:mu sigma m M 66.8 49.6 4.0 207.0 | H 1.097 | V 0.009 | pL 0.003 | vL 0.000 | delta 0.007
U 65 | F 133120 | FPS 0094 | D 1505 | rR:mu sigma m M 0.00 0.00 0.00 0.00 | F:mu sigma m M 82.0 70.0 10.0 324.0 | H 1.098 | V 0.008 | pL 0.004 | vL 0.000 | delta 0.004
U 66 | F 135168 | FPS 0088 | D 1528 | rR:mu sigma m M 0.00 0.00 0.00 0.00 | F:mu sigma m M 66.8 57.4 6.0 235.0 | H 1.098 | V 0.006 | pL 0.002 | vL 0.000 | delta 0.002
U 67 | F 137216 | FPS 0083 | D 1553 | rR:mu sigma m M 0.05 0.18 0.00 0.76 | F:mu sigma m M 79.1 55.3 4.0 230.0 | H 1.095 | V 0.015 | pL -0.008 | vL 0.002 | delta 0.022
U 68 | F 139264 | FPS 0093 | D 1575 | rR:mu sigma m M 0.02 0.13 0.00 0.69 | F:mu sigma m M 63.3 43.0 8.0 158.0 | H 1.095 | V 0.011 | pL -0.005 | vL 0.001 | delta 0.030
U 69 | F 141312 | FPS 0075 | D 1602 | rR:mu sigma m M 0.02 0.12 0.00 0.70 | F:mu sigma m M 71.9 64.8 8.0 263.0 | H 1.096 | V 0.024 | pL 0.003 | vL 0.000 | delta 0.019
U 70 | F 143360 | FPS 0088 | D 1625 | rR:mu sigma m M 0.03 0.16 0.00 0.87 | F:mu sigma m M 63.9 57.2 4.0 264.0 | H 1.096 | V 0.019 | pL -0.001 | vL 0.002 | delta 0.023
U 71 | F 145408 | FPS 0092 | D 1647 | rR:mu sigma m M 0.00 0.00 0.00 0.00 | F:mu sigma m M 67.1 60.4 9.0 324.0 | H 1.095 | V 0.011 | pL 0.004 | vL 0.000 | delta 0.011
U 72 | F 147456 | FPS 0082 | D 1672 | rR:mu sigma m M 0.00 0.00 0.00 0.00 | F:mu sigma m M 63.0 40.2 9.0 162.0 | H 1.097 | V 0.010 | pL 0.005 | vL 0.000 | delta 0.006
U 73 | F 149504 | FPS 0083 | D 1697 | rR:mu sigma m M 0.00 0.00 0.00 0.00 | F:mu sigma m M 57.4 40.3 4.0 155.0 | H 1.097 | V 0.009 | pL 0.003 | vL 0.000 | delta 0.005
U 74 | F 151552 | FPS 0084 | D 1721 | rR:mu sigma m M 0.00 0.00 0.00 0.00 | F:mu sigma m M 64.0 64.8 4.0 324.0 | H 1.098 | V 0.004 | pL 0.002 | vL 0.000 | delta 0.003
U 75 | F 153600 | FPS 0090 | D 1744 | rR:mu sigma m M 0.00 0.00 0.00 0.00 | F:mu sigma m M 52.8 45.7 4.0 238.0 | H 1.098 | V 0.002 | pL 0.001 | vL 0.000 | delta 0.001
U 76 | F 155648 | FPS 0094 | D 1766 | rR:mu sigma m M 0.00 0.00 0.00 0.00 | F:mu sigma m M 67.8 48.1 7.0 243.0 | H 1.098 | V 0.001 | pL 0.000 | vL 0.000 | delta 0.001
U 77 | F 157696 | FPS 0090 | D 1788 | rR:mu sigma m M 0.00 0.00 0.00 0.00 | F:mu sigma m M 59.9 40.5 7.0 128.0 | H 1.097 | V 0.003 | pL 0.001 | vL 0.000 | delta 0.004
U 78 | F 159744 | FPS 0099 | D 1809 | rR:mu sigma m M 0.00 0.00 0.00 0.00 | F:mu sigma m M 54.1 49.1 4.0 205.0 | H 1.098 | V 0.002 | pL 0.001 | vL 0.000 | delta 0.002
U 79 | F 161792 | FPS 0093 | D 1831 | rR:mu sigma m M 0.00 0.00 0.00 0.00 | F:mu sigma m M 68.4 72.1 10.0 306.0 | H 1.098 | V 0.004 | pL 0.002 | vL 0.000 | delta 0.003
U 80 | F 163840 | FPS 0083 | D 1856 | rR:mu sigma m M 0.00 0.00 0.00 0.00 | F:mu sigma m M 64.8 55.9 11.0 242.0 | H 1.099 | V 0.001 | pL 0.001 | vL 0.000 | delta 0.001
U 81 | F 165888 | FPS 0085 | D 1880 | rR:mu sigma m M 0.00 0.00 0.00 0.00 | F:mu sigma m M 81.9 79.3 7.0 324.0 | H 1.098 | V 0.001 | pL 0.000 | vL 0.000 | delta 0.001
U 82 | F 167936 | FPS 0086 | D 1904 | rR:mu sigma m M 0.00 0.00 0.00 0.00 | F:mu sigma m M 60.3 43.2 6.0 181.0 | H 1.099 | V 0.000 | pL 0.000 | vL 0.000 | delta 0.000
U 83 | F 169984 | FPS 0088 | D 1927 | rR:mu sigma m M 0.00 0.00 0.00 0.00 | F:mu sigma m M 60.2 41.6 7.0 166.0 | H 1.099 | V -0.000 | pL 0.000 | vL 0.000 | delta 0.000
U 84 | F 172032 | FPS 0083 | D 1952 | rR:mu sigma m M 0.00 0.00 0.00 0.00 | F:mu sigma m M 64.6 44.4 6.0 146.0 | H 1.098 | V 0.000 | pL 0.000 | vL 0.000 | delta 0.001
U 85 | F 174080 | FPS 0088 | D 1975 | rR:mu sigma m M 0.02 0.13 0.00 0.87 | F:mu sigma m M 52.6 48.6 4.0 287.0 | H 1.093 | V 0.006 | pL -0.007 | vL 0.002 | delta 0.019
U 86 | F 176128 | FPS 0100 | D 1996 | rR:mu sigma m M 0.00 0.00 0.00 0.00 | F:mu sigma m M 54.7 38.9 7.0 136.0 | H 1.098 | V 0.003 | pL 0.001 | vL 0.000 | delta 0.012
U 87 | F 178176 | FPS 0092 | D 2018 | rR:mu sigma m M 0.02 0.13 0.00 0.81 | F:mu sigma m M 69.3 64.2 4.0 277.0 | H 1.095 | V 0.011 | pL -0.002 | vL 0.002 | delta 0.035
U 88 | F 180224 | FPS 0100 | D 2039 | rR:mu sigma m M 0.00 0.00 0.00 0.00 | F:mu sigma m M 47.3 41.0 6.0 214.0 | H 1.097 | V 0.004 | pL 0.002 | vL 0.000 | delta 0.006
U 89 | F 182272 | FPS 0086 | D 2062 | rR:mu sigma m M 0.00 0.00 0.00 0.00 | F:mu sigma m M 53.2 54.2 4.0 259.0 | H 1.098 | V 0.004 | pL 0.003 | vL 0.000 | delta 0.003
U 90 | F 184320 | FPS 0088 | D 2086 | rR:mu sigma m M 0.00 0.00 0.00 0.00 | F:mu sigma m M 54.0 42.1 7.0 197.0 | H 1.098 | V 0.005 | pL 0.002 | vL 0.000 | delta 0.004
U 91 | F 186368 | FPS 0089 | D 2109 | rR:mu sigma m M 0.00 0.00 0.00 0.00 | F:mu sigma m M 80.2 77.5 4.0 324.0 | H 1.098 | V 0.003 | pL 0.001 | vL 0.000 | delta 0.001
U 92 | F 188416 | FPS 0083 | D 2133 | rR:mu sigma m M 0.00 0.00 0.00 0.00 | F:mu sigma m M 62.6 46.6 4.0 162.0 | H 1.098 | V 0.002 | pL 0.001 | vL 0.000 | delta 0.001
U 93 | F 190464 | FPS 0084 | D 2158 | rR:mu sigma m M 0.00 0.00 0.00 0.00 | F:mu sigma m M 69.5 62.4 6.0 279.0 | H 1.098 | V 0.002 | pL 0.001 | vL 0.000 | delta 0.002
U 94 | F 192512 | FPS 0095 | D 2179 | rR:mu sigma m M 0.00 0.00 0.00 0.00 | F:mu sigma m M 65.4 56.0 4.0 231.0 | H 1.098 | V 0.001 | pL 0.001 | vL 0.000 | delta 0.001
U 95 | F 194560 | FPS 0089 | D 2202 | rR:mu sigma m M 0.00 0.00 0.00 0.00 | F:mu sigma m M 60.3 57.2 4.0 260.0 | H 1.098 | V 0.001 | pL 0.001 | vL 0.000 | delta 0.001
U 96 | F 196608 | FPS 0082 | D 2227 | rR:mu sigma m M 0.02 0.12 0.00 0.70 | F:mu sigma m M 51.7 50.1 4.0 211.0 | H 1.097 | V 0.003 | pL -0.003 | vL 0.001 | delta 0.012
U 97 | F 198656 | FPS 0086 | D 2251 | rR:mu sigma m M 0.03 0.13 0.00 0.71 | F:mu sigma m M 84.1 76.8 4.0 324.0 | H 1.095 | V 0.011 | pL -0.005 | vL 0.001 | delta 0.011
U 98 | F 200704 | FPS 0083 | D 2276 | rR:mu sigma m M 0.04 0.15 0.00 0.68 | F:mu sigma m M 67.6 74.3 6.0 324.0 | H 1.097 | V 0.019 | pL -0.007 | vL 0.002 | delta 0.025
U 99 | F 202752 | FPS 0084 | D 2300 | rR:mu sigma m M 0.03 0.15 0.00 0.86 | F:mu sigma m M 61.6 48.0 9.0 187.0 | H 1.090 | V 0.015 | pL -0.005 | vL 0.003 | delta 0.043
U 100 | F 204800 | FPS 0094 | D 2322 | rR:mu sigma m M 0.00 0.00 0.00 0.00 | F:mu sigma m M 66.2 44.3 4.0 177.0 | H 1.093 | V 0.018 | pL 0.009 | vL 0.000 | delta 0.008
U 101 | F 206848 | FPS 0088 | D 2345 | rR:mu sigma m M 0.02 0.14 0.00 0.91 | F:mu sigma m M 45.5 38.2 4.0 189.0 | H 1.093 | V 0.016 | pL 0.004 | vL 0.001 | delta 0.010
U 102 | F 208896 | FPS 0074 | D 2373 | rR:mu sigma m M 0.00 0.00 0.00 0.00 | F:mu sigma m M 64.5 56.3 14.0 245.0 | H 1.097 | V 0.010 | pL 0.006 | vL 0.000 | delta 0.004
U 103 | F 210944 | FPS 0083 | D 2397 | rR:mu sigma m M 0.00 0.00 0.00 0.00 | F:mu sigma m M 44.4 28.8 8.0 116.0 | H 1.098 | V 0.006 | pL 0.003 | vL 0.000 | delta 0.002
U 104 | F 212992 | FPS 0099 | D 2418 | rR:mu sigma m M 0.00 0.00 0.00 0.00 | F:mu sigma m M 52.1 44.6 6.0 193.0 | H 1.095 | V 0.006 | pL 0.004 | vL 0.000 | delta 0.008
U 105 | F 215040 | FPS 0097 | D 2439 | rR:mu sigma m M 0.00 0.00 0.00 0.00 | F:mu sigma m M 62.2 47.3 7.0 223.0 | H 1.098 | V 0.002 | pL 0.001 | vL 0.000 | delta 0.001
U 106 | F 217088 | FPS 0092 | D 2462 | rR:mu sigma m M 0.03 0.16 0.00 0.86 | F:mu sigma m M 65.2 51.7 4.0 198.0 | H 1.093 | V 0.010 | pL -0.006 | vL 0.002 | delta 0.017
U 107 | F 219136 | FPS 0079 | D 2487 | rR:mu sigma m M 0.03 0.13 0.00 0.66 | F:mu sigma m M 73.8 80.5 5.0 315.0 | H 1.093 | V 0.017 | pL -0.004 | vL 0.002 | delta 0.012
U 108 | F 221184 | FPS 0091 | D 2510 | rR:mu sigma m M 0.00 0.00 0.00 0.00 | F:mu sigma m M 91.9 71.5 5.0 324.0 | H 1.095 | V 0.007 | pL 0.004 | vL 0.000 | delta 0.007
U 109 | F 223232 | FPS 0085 | D 2534 | rR:mu sigma m M 0.00 0.00 0.00 0.00 | F:mu sigma m M 70.5 35.2 12.0 165.0 | H 1.097 | V 0.005 | pL 0.002 | vL 0.000 | delta 0.003
U 110 | F 225280 | FPS 0093 | D 2556 | rR:mu sigma m M 0.03 0.15 0.00 0.85 | F:mu sigma m M 53.9 34.5 6.0 150.0 | H 1.098 | V 0.008 | pL -0.005 | vL 0.001 | delta 0.046
U 111 | F 227328 | FPS 0093 | D 2578 | rR:mu sigma m M 0.00 0.00 0.00 0.00 | F:mu sigma m M 68.7 55.1 14.0 227.0 | H 1.098 | V -0.008 | pL -0.004 | vL 0.000 | delta 0.003
U 112 | F 229376 | FPS 0078 | D 2604 | rR:mu sigma m M 0.00 0.00 0.00 0.00 | F:mu sigma m M 59.6 44.8 12.0 197.0 | H 1.097 | V -0.004 | pL -0.003 | vL 0.000 | delta 0.004
U 113 | F 231424 | FPS 0094 | D 2626 | rR:mu sigma m M 0.02 0.10 0.00 0.66 | F:mu sigma m M 54.2 40.9 4.0 213.0 | H 1.092 | V 0.010 | pL -0.005 | vL 0.001 | delta 0.013
U 114 | F 233472 | FPS 0097 | D 2647 | rR:mu sigma m M 0.00 0.00 0.00 0.00 | F:mu sigma m M 52.1 40.8 4.0 170.0 | H 1.095 | V 0.004 | pL 0.001 | vL 0.000 | delta 0.007
U 115 | F 235520 | FPS 0097 | D 2668 | rR:mu sigma m M 0.02 0.12 0.00 0.84 | F:mu sigma m M 45.8 39.2 7.0 189.0 | H 1.093 | V 0.008 | pL -0.005 | vL 0.002 | delta 0.024
U 116 | F 237568 | FPS 0084 | D 2693 | rR:mu sigma m M 0.00 0.00 0.00 0.00 | F:mu sigma m M 59.0 52.3 4.0 249.0 | H 1.093 | V 0.012 | pL 0.007 | vL 0.000 | delta 0.008
U 117 | F 239616 | FPS 0086 | D 2717 | rR:mu sigma m M 0.00 0.00 0.00 0.00 | F:mu sigma m M 46.7 33.3 4.0 118.0 | H 1.097 | V 0.008 | pL 0.000 | vL 0.000 | delta 0.006
U 118 | F 241664 | FPS 0089 | D 2740 | rR:mu sigma m M 0.05 0.18 0.00 0.83 | F:mu sigma m M 58.9 39.8 8.0 133.0 | H 1.089 | V 0.026 | pL -0.010 | vL 0.002 | delta 0.033
U 119 | F 243712 | FPS 0086 | D 2763 | rR:mu sigma m M 0.07 0.22 0.00 0.93 | F:mu sigma m M 50.6 50.2 4.0 262.0 | H 1.090 | V 0.025 | pL -0.011 | vL 0.004 | delta 0.061
U 120 | F 245760 | FPS 0090 | D 2786 | rR:mu sigma m M 0.01 0.05 0.00 0.27 | F:mu sigma m M 80.8 84.6 5.0 324.0 | H 1.095 | V 0.006 | pL -0.001 | vL 0.001 | delta 0.016
U 121 | F 247808 | FPS 0096 | D 2808 | rR:mu sigma m M 0.02 0.14 0.00 0.87 | F:mu sigma m M 52.2 43.2 6.0 200.0 | H 1.084 | V 0.007 | pL -0.010 | vL 0.001 | delta 0.034
U 122 | F 249856 | FPS 0091 | D 2830 | rR:mu sigma m M 0.05 0.19 0.00 0.83 | F:mu sigma m M 60.6 57.3 7.0 324.0 | H 1.079 | V 0.020 | pL -0.012 | vL 0.003 | delta 0.040
U 123 | F 251904 | FPS 0106 | D 2849 | rR:mu sigma m M 0.10 0.27 0.00 0.93 | F:mu sigma m M 49.1 46.5 6.0 185.0 | H 1.069 | V 0.048 | pL -0.034 | vL 0.009 | delta 0.064
U 124 | F 253952 | FPS 0097 | D 2870 | rR:mu sigma m M 0.18 0.35 0.00 0.93 | F:mu sigma m M 53.3 47.7 4.0 282.0 | H 1.046 | V 0.090 | pL -0.026 | vL 0.012 | delta 0.105
U 125 | F 256000 | FPS 0082 | D 2895 | rR:mu sigma m M 0.12 0.30 0.00 0.91 | F:mu sigma m M 65.5 53.7 7.0 251.0 | H 1.051 | V 0.063 | pL -0.009 | vL 0.007 | delta 0.059
U 126 | F 258048 | FPS 0085 | D 2919 | rR:mu sigma m M 0.25 0.38 0.00 0.95 | F:mu sigma m M 76.1 50.4 18.0 180.0 | H 1.002 | V 0.125 | pL -0.037 | vL 0.017 | delta 0.123
U 127 | F 260096 | FPS 0079 | D 2945 | rR:mu sigma m M 0.33 0.39 0.00 0.94 | F:mu sigma m M 68.3 56.1 12.0 241.0 | H 0.968 | V 0.177 | pL -0.045 | vL 0.018 | delta 0.129
U 128 | F 262144 | FPS 0093 | D 2967 | rR:mu sigma m M 0.59 0.39 0.00 0.93 | F:mu sigma m M 54.4 26.5 17.0 125.0 | H 0.901 | V 0.233 | pL -0.068 | vL 0.016 | delta 0.117
U 129 | F 264192 | FPS 0089 | D 2990 | rR:mu sigma m M 0.57 0.38 0.00 0.93 | F:mu sigma m M 71.3 54.3 6.0 253.0 | H 0.820 | V 0.342 | pL -0.077 | vL 0.023 | delta 0.181
U 130 | F 266240 | FPS 0109 | D 3009 | rR:mu sigma m M 0.84 0.18 0.00 0.94 | F:mu sigma m M 42.7 17.5 20.0 90.0 | H 0.731 | V 0.503 | pL -0.144 | vL 0.020 | delta 0.219
U 131 | F 268288 | FPS 0138 | D 3024 | rR:mu sigma m M 0.88 0.18 0.00 0.96 | F:mu sigma m M 30.3 15.5 14.0 107.0 | H 0.581 | V 0.689 | pL -0.134 | vL 0.009 | delta 0.199
U 132 | F 270336 | FPS 0145 | D 3038 | rR:mu sigma m M 0.88 0.21 0.00 0.96 | F:mu sigma m M 26.6 11.2 10.0 75.0 | H 0.579 | V 0.732 | pL -0.057 | vL 0.012 | delta 0.142
U 133 | F 272384 | FPS 0153 | D 3051 | rR:mu sigma m M 0.93 0.03 0.77 0.96 | F:mu sigma m M 24.7 9.3 14.0 81.0 | H 0.511 | V 0.798 | pL -0.045 | vL 0.003 | delta 0.133
agent reach optimality, start collecting trajectories
agent successfully collected 10 trajectories
pickling optimal trajectories
Model successfully saved
/home/rdali/.local/easybuild/software/2017/Core/miniconda3/4.3.27/envs/observe/lib/python3.6/site-packages/torch/nn/functional.py:1906: UserWarning: reduction: 'mean' divides the total loss by both the batch size and the support size.'batchmean' divides only by the batch size, and aligns with the KL div math definition.'mean' will be changed to behave the same as 'batchmean' in the next major release.
  warnings.warn("reduction: 'mean' divides the total loss by both the batch size and the support size."
