The following modules were not unloaded:
  (Use "module --force purge" to unload all):

  1) nixpkgs/16.09     4) icc/.2018.3.222     7) openmpi/3.1.2
  2) imkl/2018.3.222   5) ifort/.2018.3.222   8) StdEnv/2018.3
  3) gcccore/.7.3.0    6) intel/2018.3

Due to MODULEPATH changes, the following have been reloaded:
  1) openmpi/3.1.2


Due to MODULEPATH changes, the following have been reloaded:
  1) openmpi/3.1.2

Attention: While Conda works well in a desktop environment, it tends to create more problems than it solves on a cluster. Instead, we recommend that users use virtual environments and the binary packages that we provide through Python wheels as documented on the Python page.
/home/rdali/RL/watch_and_learn/dependency/rl-starter-files/scripts/train_agent_multidem.py --env MiniGrid-LavaCrossingAgent-v0 --algo ppo --nameDemonstrator crossAddict1,crossAddict2,crossAddict3,crossAddict5,crossAddict6,crossAddict7 --flat-model 0 --KLweight 0.001 --useKL 1 --meanReward 0.80 --rewardLB 0.70 --seed 6799

Namespace(KLweight=0.001, algo='ppo', batch_size=256, clip_eps=0.2, discount=0.99, entropy_coef=0.01, env='MiniGrid-LavaCrossingAgent-v0', epochs=4, flat_model=0, frames=10000000, frames_per_proc=None, full_obs=0, gae_lambda=0.95, log_interval=1, lr=0.0007, max_grad_norm=0.5, meanReward=0.8, mem=False, model=None, nameDemonstrator='crossAddict1,crossAddict2,crossAddict3,crossAddict5,crossAddict6,crossAddict7', optim_alpha=0.99, optim_eps=1e-05, procs=16, recurrence=1, rewardLB=0.7, save_interval=0, seed=6799, tb=False, text=False, useKL=1, value_loss_coef=0.5)

Flat model successfully created

ACModel(
  (image_conv): Sequential(
    (0): Conv2d(3, 32, kernel_size=(2, 2), stride=(1, 1))
    (1): ReLU()
    (2): MaxPool2d(kernel_size=(2, 2), stride=(2, 2), padding=0, dilation=1, ceil_mode=False)
    (3): Conv2d(32, 64, kernel_size=(2, 2), stride=(1, 1))
    (4): ReLU()
    (5): Conv2d(64, 64, kernel_size=(2, 2), stride=(1, 1))
    (6): ReLU()
  )
  (actor): Sequential(
    (0): Linear(in_features=256, out_features=64, bias=True)
    (1): Tanh()
    (2): Linear(in_features=64, out_features=3, bias=True)
  )
  (critic): Sequential(
    (0): Linear(in_features=256, out_features=64, bias=True)
    (1): Tanh()
    (2): Linear(in_features=64, out_features=1, bias=True)
  )
)

CUDA available: False

1
True
0.001
Using TensorFlow backend.
OMP: Info #212: KMP_AFFINITY: decoding x2APIC ids.
OMP: Info #210: KMP_AFFINITY: Affinity capable, using global cpuid leaf 11 info
OMP: Info #154: KMP_AFFINITY: Initial OS proc set respected: 32-36
OMP: Info #156: KMP_AFFINITY: 5 available OS procs
OMP: Info #158: KMP_AFFINITY: Nonuniform topology
OMP: Info #179: KMP_AFFINITY: 2 packages x 3 cores/pkg x 1 threads/core (5 total cores)
OMP: Info #214: KMP_AFFINITY: OS proc to physical thread map:
OMP: Info #171: KMP_AFFINITY: OS proc 32 maps to package 0 core 24 
OMP: Info #171: KMP_AFFINITY: OS proc 36 maps to package 0 core 25 
OMP: Info #171: KMP_AFFINITY: OS proc 34 maps to package 0 core 27 
OMP: Info #171: KMP_AFFINITY: OS proc 33 maps to package 1 core 24 
OMP: Info #171: KMP_AFFINITY: OS proc 35 maps to package 1 core 27 
OMP: Info #250: KMP_AFFINITY: pid 119278 tid 119278 thread 0 bound to OS proc set 32
OMP: Info #250: KMP_AFFINITY: pid 119278 tid 119564 thread 2 bound to OS proc set 36
OMP: Info #250: KMP_AFFINITY: pid 119278 tid 119563 thread 1 bound to OS proc set 33
OMP: Info #250: KMP_AFFINITY: pid 119278 tid 119565 thread 3 bound to OS proc set 35
OMP: Info #250: KMP_AFFINITY: pid 119278 tid 119566 thread 4 bound to OS proc set 34
OMP: Info #250: KMP_AFFINITY: pid 119278 tid 119591 thread 5 bound to OS proc set 32
OMP: Info #250: KMP_AFFINITY: pid 119278 tid 119592 thread 6 bound to OS proc set 33
OMP: Info #250: KMP_AFFINITY: pid 119278 tid 119610 thread 7 bound to OS proc set 36
OMP: Info #250: KMP_AFFINITY: pid 119278 tid 119611 thread 8 bound to OS proc set 35
OMP: Info #250: KMP_AFFINITY: pid 119278 tid 119612 thread 9 bound to OS proc set 34
OMP: Info #250: KMP_AFFINITY: pid 119278 tid 119613 thread 10 bound to OS proc set 32
OMP: Info #250: KMP_AFFINITY: pid 119278 tid 119625 thread 11 bound to OS proc set 33
OMP: Info #250: KMP_AFFINITY: pid 119278 tid 119626 thread 12 bound to OS proc set 36
OMP: Info #250: KMP_AFFINITY: pid 119278 tid 119627 thread 13 bound to OS proc set 35
OMP: Info #250: KMP_AFFINITY: pid 119278 tid 119628 thread 14 bound to OS proc set 34
OMP: Info #250: KMP_AFFINITY: pid 119278 tid 119629 thread 15 bound to OS proc set 32
U 1 | F 002048 | FPS 0082 | D 25 | rR:mu sigma m M 0.00 0.00 0.00 0.00 | F:mu sigma m M 47.7 28.8 7.0 105.0 | H 1.094 | V -0.476 | pL -0.199 | vL 0.026 | delta 0.213
U 2 | F 004096 | FPS 0092 | D 47 | rR:mu sigma m M 0.00 0.00 0.00 0.00 | F:mu sigma m M 52.0 34.1 11.0 132.0 | H 1.054 | V -0.306 | pL -0.158 | vL 0.014 | delta 0.116
U 3 | F 006144 | FPS 0100 | D 67 | rR:mu sigma m M 0.00 0.00 0.00 0.00 | F:mu sigma m M 58.2 57.9 5.0 324.0 | H 1.051 | V -0.184 | pL -0.108 | vL 0.006 | delta 0.079
U 4 | F 008192 | FPS 0114 | D 85 | rR:mu sigma m M 0.00 0.00 0.00 0.00 | F:mu sigma m M 43.2 43.6 4.0 245.0 | H 1.016 | V -0.129 | pL -0.076 | vL 0.003 | delta 0.051
U 5 | F 010240 | FPS 0114 | D 103 | rR:mu sigma m M 0.00 0.00 0.00 0.00 | F:mu sigma m M 39.8 39.2 4.0 189.0 | H 1.066 | V -0.080 | pL -0.061 | vL 0.001 | delta 0.033
U 6 | F 012288 | FPS 0108 | D 122 | rR:mu sigma m M 0.02 0.12 0.00 0.86 | F:mu sigma m M 35.7 27.4 4.0 114.0 | H 1.057 | V -0.039 | pL -0.033 | vL 0.003 | delta 0.029
U 7 | F 014336 | FPS 0116 | D 140 | rR:mu sigma m M 0.01 0.11 0.00 0.82 | F:mu sigma m M 40.9 40.6 4.0 239.0 | H 1.059 | V -0.009 | pL -0.018 | vL 0.003 | delta 0.029
U 8 | F 016384 | FPS 0110 | D 159 | rR:mu sigma m M 0.00 0.00 0.00 0.00 | F:mu sigma m M 37.2 37.9 4.0 220.0 | H 1.092 | V -0.003 | pL -0.003 | vL 0.000 | delta 0.005
U 9 | F 018432 | FPS 0109 | D 177 | rR:mu sigma m M 0.00 0.00 0.00 0.00 | F:mu sigma m M 41.8 30.9 5.0 124.0 | H 1.098 | V -0.002 | pL -0.001 | vL 0.000 | delta 0.002
U 10 | F 020480 | FPS 0083 | D 202 | rR:mu sigma m M 0.00 0.00 0.00 0.00 | F:mu sigma m M 58.8 61.1 5.0 280.0 | H 1.098 | V 0.001 | pL -0.001 | vL 0.000 | delta 0.002
U 11 | F 022528 | FPS 0089 | D 225 | rR:mu sigma m M 0.00 0.00 0.00 0.00 | F:mu sigma m M 53.6 34.9 7.0 143.0 | H 1.098 | V -0.000 | pL -0.000 | vL 0.000 | delta 0.001
U 12 | F 024576 | FPS 0096 | D 246 | rR:mu sigma m M 0.00 0.00 0.00 0.00 | F:mu sigma m M 62.0 52.0 9.0 196.0 | H 1.098 | V -0.000 | pL -0.000 | vL 0.000 | delta 0.001
U 13 | F 026624 | FPS 0089 | D 269 | rR:mu sigma m M 0.00 0.00 0.00 0.00 | F:mu sigma m M 57.1 39.9 7.0 169.0 | H 1.098 | V -0.000 | pL 0.000 | vL 0.000 | delta 0.001
U 14 | F 028672 | FPS 0102 | D 289 | rR:mu sigma m M 0.00 0.00 0.00 0.00 | F:mu sigma m M 68.0 52.0 8.0 196.0 | H 1.098 | V 0.000 | pL 0.000 | vL 0.000 | delta 0.001
U 15 | F 030720 | FPS 0085 | D 313 | rR:mu sigma m M 0.04 0.17 0.00 0.89 | F:mu sigma m M 52.2 41.2 6.0 174.0 | H 1.084 | V 0.012 | pL -0.013 | vL 0.004 | delta 0.034
U 16 | F 032768 | FPS 0088 | D 336 | rR:mu sigma m M 0.00 0.00 0.00 0.00 | F:mu sigma m M 41.6 26.9 7.0 128.0 | H 1.095 | V 0.009 | pL 0.002 | vL 0.000 | delta 0.006
U 17 | F 034816 | FPS 0095 | D 358 | rR:mu sigma m M 0.03 0.15 0.00 0.82 | F:mu sigma m M 71.3 69.3 7.0 308.0 | H 1.098 | V 0.011 | pL -0.000 | vL 0.002 | delta 0.029
U 18 | F 036864 | FPS 0081 | D 384 | rR:mu sigma m M 0.00 0.00 0.00 0.00 | F:mu sigma m M 58.8 58.0 4.0 227.0 | H 1.098 | V 0.032 | pL 0.003 | vL 0.001 | delta 0.035
U 19 | F 038912 | FPS 0095 | D 405 | rR:mu sigma m M 0.00 0.00 0.00 0.00 | F:mu sigma m M 70.1 71.3 4.0 259.0 | H 1.096 | V 0.013 | pL 0.005 | vL 0.000 | delta 0.006
U 20 | F 040960 | FPS 0089 | D 428 | rR:mu sigma m M 0.02 0.13 0.00 0.83 | F:mu sigma m M 66.0 67.0 4.0 297.0 | H 1.092 | V 0.020 | pL -0.002 | vL 0.002 | delta 0.020
U 21 | F 043008 | FPS 0070 | D 457 | rR:mu sigma m M 0.00 0.00 0.00 0.00 | F:mu sigma m M 47.1 26.5 4.0 112.0 | H 1.098 | V 0.000 | pL 0.000 | vL 0.000 | delta 0.004
U 22 | F 045056 | FPS 0084 | D 481 | rR:mu sigma m M 0.00 0.00 0.00 0.00 | F:mu sigma m M 71.8 73.0 5.0 310.0 | H 1.098 | V 0.001 | pL 0.000 | vL 0.000 | delta 0.005
U 23 | F 047104 | FPS 0079 | D 507 | rR:mu sigma m M 0.00 0.00 0.00 0.00 | F:mu sigma m M 76.5 76.4 8.0 324.0 | H 1.098 | V -0.000 | pL -0.000 | vL 0.000 | delta 0.002
U 24 | F 049152 | FPS 0081 | D 532 | rR:mu sigma m M 0.03 0.16 0.00 0.88 | F:mu sigma m M 51.4 38.4 4.0 176.0 | H 1.096 | V 0.007 | pL -0.007 | vL 0.002 | delta 0.032
U 25 | F 051200 | FPS 0084 | D 557 | rR:mu sigma m M 0.02 0.09 0.00 0.50 | F:mu sigma m M 68.0 57.6 4.0 181.0 | H 1.097 | V 0.021 | pL -0.003 | vL 0.001 | delta 0.029
U 26 | F 053248 | FPS 0093 | D 579 | rR:mu sigma m M 0.02 0.14 0.00 0.87 | F:mu sigma m M 69.1 60.8 6.0 253.0 | H 1.089 | V 0.005 | pL -0.004 | vL 0.002 | delta 0.038
U 27 | F 055296 | FPS 0101 | D 599 | rR:mu sigma m M 0.03 0.14 0.00 0.82 | F:mu sigma m M 53.4 41.6 7.0 188.0 | H 1.085 | V 0.023 | pL -0.000 | vL 0.002 | delta 0.038
U 28 | F 057344 | FPS 0104 | D 619 | rR:mu sigma m M 0.01 0.10 0.00 0.64 | F:mu sigma m M 50.4 43.8 4.0 168.0 | H 1.096 | V 0.023 | pL 0.006 | vL 0.001 | delta 0.057
U 29 | F 059392 | FPS 0090 | D 642 | rR:mu sigma m M 0.00 0.00 0.00 0.00 | F:mu sigma m M 64.4 48.8 4.0 225.0 | H 1.096 | V 0.013 | pL 0.006 | vL 0.000 | delta 0.018
U 30 | F 061440 | FPS 0092 | D 664 | rR:mu sigma m M 0.02 0.12 0.00 0.68 | F:mu sigma m M 60.8 45.2 9.0 179.0 | H 1.098 | V 0.015 | pL 0.001 | vL 0.001 | delta 0.022
U 31 | F 063488 | FPS 0082 | D 689 | rR:mu sigma m M 0.00 0.00 0.00 0.00 | F:mu sigma m M 57.4 48.3 7.0 224.0 | H 1.098 | V 0.008 | pL 0.004 | vL 0.000 | delta 0.010
U 32 | F 065536 | FPS 0083 | D 714 | rR:mu sigma m M 0.00 0.00 0.00 0.00 | F:mu sigma m M 53.2 45.0 6.0 176.0 | H 1.097 | V 0.004 | pL -0.000 | vL 0.000 | delta 0.006
U 33 | F 067584 | FPS 0092 | D 736 | rR:mu sigma m M 0.00 0.00 0.00 0.00 | F:mu sigma m M 77.3 52.9 5.0 162.0 | H 1.097 | V 0.005 | pL 0.003 | vL 0.000 | delta 0.008
U 34 | F 069632 | FPS 0075 | D 763 | rR:mu sigma m M 0.00 0.00 0.00 0.00 | F:mu sigma m M 85.1 65.0 4.0 254.0 | H 1.098 | V 0.001 | pL 0.000 | vL 0.000 | delta 0.002
U 35 | F 071680 | FPS 0087 | D 787 | rR:mu sigma m M 0.00 0.00 0.00 0.00 | F:mu sigma m M 45.4 34.8 6.0 192.0 | H 1.098 | V -0.000 | pL -0.000 | vL 0.000 | delta 0.001
U 36 | F 073728 | FPS 0094 | D 808 | rR:mu sigma m M 0.00 0.00 0.00 0.00 | F:mu sigma m M 52.4 45.1 6.0 226.0 | H 1.098 | V 0.001 | pL 0.000 | vL 0.000 | delta 0.002
U 37 | F 075776 | FPS 0083 | D 833 | rR:mu sigma m M 0.00 0.00 0.00 0.00 | F:mu sigma m M 52.6 49.0 4.0 247.0 | H 1.098 | V 0.001 | pL -0.000 | vL 0.000 | delta 0.002
U 38 | F 077824 | FPS 0084 | D 857 | rR:mu sigma m M 0.00 0.00 0.00 0.00 | F:mu sigma m M 63.5 70.7 4.0 324.0 | H 1.098 | V 0.001 | pL 0.000 | vL 0.000 | delta 0.004
U 39 | F 079872 | FPS 0079 | D 883 | rR:mu sigma m M 0.00 0.00 0.00 0.00 | F:mu sigma m M 51.7 31.7 7.0 129.0 | H 1.098 | V 0.004 | pL 0.002 | vL 0.000 | delta 0.005
U 40 | F 081920 | FPS 0089 | D 906 | rR:mu sigma m M 0.00 0.00 0.00 0.00 | F:mu sigma m M 55.2 42.3 5.0 155.0 | H 1.098 | V 0.000 | pL 0.000 | vL 0.000 | delta 0.002
U 41 | F 083968 | FPS 0090 | D 929 | rR:mu sigma m M 0.00 0.00 0.00 0.00 | F:mu sigma m M 50.6 32.3 9.0 114.0 | H 1.098 | V 0.000 | pL 0.000 | vL 0.000 | delta 0.001
U 42 | F 086016 | FPS 0086 | D 953 | rR:mu sigma m M 0.00 0.00 0.00 0.00 | F:mu sigma m M 75.6 68.2 8.0 262.0 | H 1.098 | V 0.001 | pL 0.000 | vL 0.000 | delta 0.002
U 43 | F 088064 | FPS 0092 | D 975 | rR:mu sigma m M 0.00 0.00 0.00 0.00 | F:mu sigma m M 62.5 50.2 4.0 240.0 | H 1.098 | V 0.000 | pL 0.000 | vL 0.000 | delta 0.001
U 44 | F 090112 | FPS 0088 | D 999 | rR:mu sigma m M 0.00 0.00 0.00 0.00 | F:mu sigma m M 53.6 50.0 4.0 274.0 | H 1.098 | V 0.001 | pL 0.001 | vL 0.000 | delta 0.002
U 45 | F 092160 | FPS 0083 | D 1023 | rR:mu sigma m M 0.00 0.00 0.00 0.00 | F:mu sigma m M 54.8 55.2 5.0 263.0 | H 1.098 | V 0.001 | pL 0.000 | vL 0.000 | delta 0.002
U 46 | F 094208 | FPS 0084 | D 1047 | rR:mu sigma m M 0.00 0.00 0.00 0.00 | F:mu sigma m M 72.8 52.0 9.0 224.0 | H 1.099 | V 0.001 | pL 0.000 | vL 0.000 | delta 0.001
U 47 | F 096256 | FPS 0086 | D 1071 | rR:mu sigma m M 0.00 0.00 0.00 0.00 | F:mu sigma m M 58.6 58.3 4.0 280.0 | H 1.099 | V 0.001 | pL 0.000 | vL 0.000 | delta 0.000
U 48 | F 098304 | FPS 0092 | D 1093 | rR:mu sigma m M 0.04 0.18 0.00 0.88 | F:mu sigma m M 63.6 55.7 6.0 226.0 | H 1.097 | V 0.009 | pL -0.012 | vL 0.002 | delta 0.025
U 49 | F 100352 | FPS 0086 | D 1117 | rR:mu sigma m M 0.00 0.00 0.00 0.00 | F:mu sigma m M 53.3 47.8 6.0 184.0 | H 1.098 | V 0.009 | pL 0.005 | vL 0.000 | delta 0.008
U 50 | F 102400 | FPS 0083 | D 1142 | rR:mu sigma m M 0.03 0.14 0.00 0.76 | F:mu sigma m M 58.4 38.0 4.0 165.0 | H 1.093 | V 0.011 | pL -0.005 | vL 0.002 | delta 0.055
U 51 | F 104448 | FPS 0100 | D 1163 | rR:mu sigma m M 0.02 0.12 0.00 0.71 | F:mu sigma m M 67.4 54.4 4.0 219.0 | H 1.085 | V 0.022 | pL 0.002 | vL 0.001 | delta 0.037
U 52 | F 106496 | FPS 0095 | D 1184 | rR:mu sigma m M 0.00 0.00 0.00 0.00 | F:mu sigma m M 53.6 49.6 4.0 204.0 | H 1.098 | V 0.016 | pL 0.008 | vL 0.000 | delta 0.009
U 53 | F 108544 | FPS 0078 | D 1210 | rR:mu sigma m M 0.00 0.00 0.00 0.00 | F:mu sigma m M 58.6 49.8 6.0 245.0 | H 1.096 | V 0.019 | pL 0.002 | vL 0.000 | delta 0.017
U 54 | F 110592 | FPS 0089 | D 1233 | rR:mu sigma m M 0.00 0.00 0.00 0.00 | F:mu sigma m M 70.9 61.8 11.0 304.0 | H 1.098 | V 0.012 | pL 0.005 | vL 0.000 | delta 0.005
U 55 | F 112640 | FPS 0097 | D 1255 | rR:mu sigma m M 0.01 0.05 0.00 0.28 | F:mu sigma m M 57.3 59.5 4.0 259.0 | H 1.097 | V 0.009 | pL 0.001 | vL 0.000 | delta 0.005
U 56 | F 114688 | FPS 0094 | D 1276 | rR:mu sigma m M 0.02 0.13 0.00 0.74 | F:mu sigma m M 69.0 56.6 8.0 278.0 | H 1.095 | V 0.010 | pL -0.004 | vL 0.001 | delta 0.027
U 57 | F 116736 | FPS 0082 | D 1301 | rR:mu sigma m M 0.02 0.10 0.00 0.54 | F:mu sigma m M 70.5 67.1 4.0 324.0 | H 1.097 | V 0.024 | pL 0.003 | vL 0.001 | delta 0.011
U 58 | F 118784 | FPS 0084 | D 1326 | rR:mu sigma m M 0.00 0.00 0.00 0.00 | F:mu sigma m M 49.1 42.6 4.0 206.0 | H 1.093 | V 0.014 | pL 0.005 | vL 0.000 | delta 0.008
U 59 | F 120832 | FPS 0080 | D 1352 | rR:mu sigma m M 0.02 0.10 0.00 0.54 | F:mu sigma m M 75.9 77.8 5.0 324.0 | H 1.097 | V 0.013 | pL -0.000 | vL 0.000 | delta 0.010
U 60 | F 122880 | FPS 0087 | D 1375 | rR:mu sigma m M 0.00 0.00 0.00 0.00 | F:mu sigma m M 59.3 45.1 4.0 190.0 | H 1.096 | V 0.011 | pL 0.006 | vL 0.000 | delta 0.006
U 61 | F 124928 | FPS 0089 | D 1398 | rR:mu sigma m M 0.00 0.00 0.00 0.00 | F:mu sigma m M 58.1 39.0 4.0 188.0 | H 1.098 | V 0.006 | pL 0.003 | vL 0.000 | delta 0.003
U 62 | F 126976 | FPS 0082 | D 1423 | rR:mu sigma m M 0.00 0.00 0.00 0.00 | F:mu sigma m M 55.7 37.1 6.0 181.0 | H 1.098 | V 0.003 | pL 0.001 | vL 0.000 | delta 0.001
U 63 | F 129024 | FPS 0087 | D 1447 | rR:mu sigma m M 0.00 0.00 0.00 0.00 | F:mu sigma m M 66.9 52.0 6.0 239.0 | H 1.098 | V 0.002 | pL 0.001 | vL 0.000 | delta 0.001
U 64 | F 131072 | FPS 0090 | D 1469 | rR:mu sigma m M 0.00 0.00 0.00 0.00 | F:mu sigma m M 68.4 58.6 7.0 215.0 | H 1.098 | V 0.004 | pL 0.001 | vL 0.000 | delta 0.004
U 65 | F 133120 | FPS 0093 | D 1491 | rR:mu sigma m M 0.00 0.00 0.00 0.00 | F:mu sigma m M 52.6 54.6 4.0 252.0 | H 1.098 | V 0.002 | pL 0.000 | vL 0.000 | delta 0.001
U 66 | F 135168 | FPS 0092 | D 1514 | rR:mu sigma m M 0.02 0.12 0.00 0.73 | F:mu sigma m M 63.3 50.5 4.0 224.0 | H 1.089 | V 0.009 | pL -0.005 | vL 0.001 | delta 0.019
U 67 | F 137216 | FPS 0095 | D 1535 | rR:mu sigma m M 0.03 0.15 0.00 0.89 | F:mu sigma m M 60.2 55.0 5.0 246.0 | H 1.089 | V 0.006 | pL -0.006 | vL 0.001 | delta 0.030
U 68 | F 139264 | FPS 0096 | D 1557 | rR:mu sigma m M 0.02 0.10 0.00 0.60 | F:mu sigma m M 66.1 50.6 6.0 207.0 | H 1.094 | V 0.004 | pL -0.007 | vL 0.001 | delta 0.042
U 69 | F 141312 | FPS 0091 | D 1579 | rR:mu sigma m M 0.00 0.00 0.00 0.00 | F:mu sigma m M 50.0 45.0 4.0 226.0 | H 1.087 | V 0.000 | pL -0.002 | vL 0.001 | delta 0.013
U 70 | F 143360 | FPS 0101 | D 1600 | rR:mu sigma m M 0.02 0.14 0.00 0.80 | F:mu sigma m M 56.5 47.6 5.0 202.0 | H 1.098 | V 0.011 | pL -0.006 | vL 0.002 | delta 0.017
U 71 | F 145408 | FPS 0095 | D 1621 | rR:mu sigma m M 0.00 0.00 0.00 0.00 | F:mu sigma m M 54.2 52.9 10.0 230.0 | H 1.096 | V 0.002 | pL -0.003 | vL 0.000 | delta 0.005
U 72 | F 147456 | FPS 0086 | D 1645 | rR:mu sigma m M 0.02 0.14 0.00 0.83 | F:mu sigma m M 65.7 53.1 4.0 229.0 | H 1.097 | V 0.012 | pL -0.001 | vL 0.001 | delta 0.030
U 73 | F 149504 | FPS 0085 | D 1669 | rR:mu sigma m M 0.03 0.15 0.00 0.79 | F:mu sigma m M 67.2 47.6 12.0 203.0 | H 1.095 | V 0.014 | pL -0.004 | vL 0.003 | delta 0.024
U 74 | F 151552 | FPS 0104 | D 1689 | rR:mu sigma m M 0.02 0.11 0.00 0.72 | F:mu sigma m M 56.1 39.9 4.0 160.0 | H 1.097 | V 0.010 | pL -0.003 | vL 0.001 | delta 0.045
U 75 | F 153600 | FPS 0084 | D 1713 | rR:mu sigma m M 0.00 0.00 0.00 0.00 | F:mu sigma m M 65.9 52.7 7.0 286.0 | H 1.098 | V 0.010 | pL 0.003 | vL 0.000 | delta 0.010
U 76 | F 155648 | FPS 0087 | D 1737 | rR:mu sigma m M 0.00 0.00 0.00 0.00 | F:mu sigma m M 59.2 48.3 6.0 164.0 | H 1.098 | V 0.012 | pL 0.002 | vL 0.000 | delta 0.009
U 77 | F 157696 | FPS 0080 | D 1762 | rR:mu sigma m M 0.03 0.13 0.00 0.64 | F:mu sigma m M 69.2 56.1 4.0 267.0 | H 1.093 | V 0.013 | pL -0.004 | vL 0.001 | delta 0.018
U 78 | F 159744 | FPS 0081 | D 1788 | rR:mu sigma m M 0.00 0.00 0.00 0.00 | F:mu sigma m M 89.1 68.8 6.0 296.0 | H 1.096 | V 0.006 | pL 0.004 | vL 0.000 | delta 0.007
U 79 | F 161792 | FPS 0087 | D 1811 | rR:mu sigma m M 0.02 0.13 0.00 0.85 | F:mu sigma m M 45.7 36.3 6.0 168.0 | H 1.092 | V 0.012 | pL -0.006 | vL 0.002 | delta 0.032
U 80 | F 163840 | FPS 0098 | D 1832 | rR:mu sigma m M 0.04 0.16 0.00 0.77 | F:mu sigma m M 58.9 46.8 4.0 199.0 | H 1.093 | V 0.011 | pL -0.016 | vL 0.003 | delta 0.031
U 81 | F 165888 | FPS 0093 | D 1854 | rR:mu sigma m M 0.03 0.16 0.00 0.86 | F:mu sigma m M 54.9 36.5 12.0 172.0 | H 1.094 | V 0.010 | pL -0.005 | vL 0.001 | delta 0.027
U 82 | F 167936 | FPS 0077 | D 1881 | rR:mu sigma m M 0.06 0.19 0.00 0.87 | F:mu sigma m M 77.1 61.8 4.0 268.0 | H 1.092 | V 0.023 | pL -0.014 | vL 0.003 | delta 0.050
U 83 | F 169984 | FPS 0089 | D 1904 | rR:mu sigma m M 0.00 0.00 0.00 0.00 | F:mu sigma m M 55.6 44.5 6.0 167.0 | H 1.097 | V -0.008 | pL -0.005 | vL 0.000 | delta 0.006
U 84 | F 172032 | FPS 0097 | D 1925 | rR:mu sigma m M 0.00 0.00 0.00 0.00 | F:mu sigma m M 65.1 69.3 9.0 311.0 | H 1.096 | V -0.002 | pL -0.002 | vL 0.000 | delta 0.012
U 85 | F 174080 | FPS 0088 | D 1948 | rR:mu sigma m M 0.03 0.15 0.00 0.83 | F:mu sigma m M 76.7 73.7 12.0 305.0 | H 1.091 | V 0.007 | pL -0.007 | vL 0.002 | delta 0.029
U 86 | F 176128 | FPS 0091 | D 1971 | rR:mu sigma m M 0.03 0.14 0.00 0.83 | F:mu sigma m M 66.1 62.5 10.0 272.0 | H 1.087 | V -0.003 | pL -0.007 | vL 0.001 | delta 0.026
U 87 | F 178176 | FPS 0091 | D 1993 | rR:mu sigma m M 0.02 0.12 0.00 0.86 | F:mu sigma m M 46.4 46.9 6.0 269.0 | H 1.083 | V 0.018 | pL -0.002 | vL 0.004 | delta 0.040
U 88 | F 180224 | FPS 0099 | D 2014 | rR:mu sigma m M 0.02 0.12 0.00 0.88 | F:mu sigma m M 45.4 38.7 6.0 209.0 | H 1.084 | V 0.020 | pL -0.001 | vL 0.002 | delta 0.033
U 89 | F 182272 | FPS 0095 | D 2035 | rR:mu sigma m M 0.04 0.16 0.00 0.86 | F:mu sigma m M 46.9 38.2 6.0 152.0 | H 1.085 | V 0.026 | pL -0.004 | vL 0.003 | delta 0.031
U 90 | F 184320 | FPS 0096 | D 2057 | rR:mu sigma m M 0.09 0.26 0.00 0.88 | F:mu sigma m M 55.2 43.3 4.0 210.0 | H 1.077 | V 0.040 | pL -0.013 | vL 0.009 | delta 0.078
U 91 | F 186368 | FPS 0091 | D 2079 | rR:mu sigma m M 0.03 0.16 0.00 0.83 | F:mu sigma m M 70.1 63.9 6.0 248.0 | H 1.077 | V 0.023 | pL -0.001 | vL 0.003 | delta 0.032
U 92 | F 188416 | FPS 0085 | D 2103 | rR:mu sigma m M 0.07 0.23 0.00 0.87 | F:mu sigma m M 71.6 54.1 9.0 193.0 | H 1.076 | V 0.043 | pL -0.004 | vL 0.007 | delta 0.060
U 93 | F 190464 | FPS 0084 | D 2128 | rR:mu sigma m M 0.00 0.00 0.00 0.00 | F:mu sigma m M 64.0 49.7 4.0 204.0 | H 1.091 | V 0.016 | pL 0.006 | vL 0.001 | delta 0.021
U 94 | F 192512 | FPS 0081 | D 2153 | rR:mu sigma m M 0.00 0.00 0.00 0.00 | F:mu sigma m M 77.1 59.7 4.0 231.0 | H 1.095 | V 0.009 | pL 0.004 | vL 0.000 | delta 0.011
U 95 | F 194560 | FPS 0091 | D 2175 | rR:mu sigma m M 0.08 0.25 0.00 0.89 | F:mu sigma m M 54.3 41.1 6.0 190.0 | H 1.079 | V 0.032 | pL -0.023 | vL 0.007 | delta 0.068
U 96 | F 196608 | FPS 0083 | D 2200 | rR:mu sigma m M 0.03 0.16 0.00 0.87 | F:mu sigma m M 65.6 47.3 7.0 221.0 | H 1.087 | V 0.032 | pL 0.001 | vL 0.002 | delta 0.027
U 97 | F 198656 | FPS 0093 | D 2222 | rR:mu sigma m M 0.05 0.18 0.00 0.74 | F:mu sigma m M 75.3 62.7 11.0 281.0 | H 1.088 | V 0.036 | pL -0.002 | vL 0.003 | delta 0.035
U 98 | F 200704 | FPS 0089 | D 2245 | rR:mu sigma m M 0.08 0.23 0.00 0.92 | F:mu sigma m M 49.9 40.8 12.0 198.0 | H 1.073 | V 0.047 | pL -0.016 | vL 0.005 | delta 0.049
U 99 | F 202752 | FPS 0098 | D 2266 | rR:mu sigma m M 0.08 0.26 0.00 0.94 | F:mu sigma m M 44.0 31.9 4.0 136.0 | H 1.069 | V 0.055 | pL -0.014 | vL 0.008 | delta 0.063
U 100 | F 204800 | FPS 0078 | D 2292 | rR:mu sigma m M 0.03 0.15 0.00 0.77 | F:mu sigma m M 60.3 48.2 4.0 245.0 | H 1.070 | V 0.048 | pL 0.006 | vL 0.002 | delta 0.040
U 101 | F 206848 | FPS 0081 | D 2317 | rR:mu sigma m M 0.13 0.30 0.00 0.93 | F:mu sigma m M 69.8 68.1 6.0 324.0 | H 1.061 | V 0.057 | pL -0.012 | vL 0.007 | delta 0.065
U 102 | F 208896 | FPS 0093 | D 2340 | rR:mu sigma m M 0.09 0.23 0.00 0.79 | F:mu sigma m M 57.9 60.3 5.0 324.0 | H 1.016 | V 0.122 | pL -0.028 | vL 0.014 | delta 0.126
U 103 | F 210944 | FPS 0095 | D 2361 | rR:mu sigma m M 0.10 0.28 0.00 0.93 | F:mu sigma m M 48.8 45.2 4.0 246.0 | H 1.066 | V 0.079 | pL 0.022 | vL 0.004 | delta 0.044
U 104 | F 212992 | FPS 0087 | D 2385 | rR:mu sigma m M 0.07 0.23 0.00 0.94 | F:mu sigma m M 56.1 40.3 4.0 181.0 | H 1.043 | V 0.071 | pL 0.010 | vL 0.008 | delta 0.065
U 105 | F 215040 | FPS 0109 | D 2404 | rR:mu sigma m M 0.09 0.27 0.00 0.91 | F:mu sigma m M 44.0 39.1 4.0 202.0 | H 1.037 | V 0.081 | pL -0.004 | vL 0.008 | delta 0.061
U 106 | F 217088 | FPS 0101 | D 2424 | rR:mu sigma m M 0.17 0.34 0.00 0.94 | F:mu sigma m M 59.2 44.1 8.0 192.0 | H 1.023 | V 0.100 | pL -0.007 | vL 0.009 | delta 0.074
U 107 | F 219136 | FPS 0091 | D 2447 | rR:mu sigma m M 0.19 0.37 0.00 0.94 | F:mu sigma m M 58.1 46.4 15.0 229.0 | H 1.005 | V 0.114 | pL -0.011 | vL 0.010 | delta 0.064
U 108 | F 221184 | FPS 0101 | D 2467 | rR:mu sigma m M 0.18 0.35 0.00 0.94 | F:mu sigma m M 76.0 67.9 9.0 315.0 | H 1.000 | V 0.161 | pL -0.007 | vL 0.016 | delta 0.103
U 109 | F 223232 | FPS 0095 | D 2488 | rR:mu sigma m M 0.26 0.39 0.00 0.94 | F:mu sigma m M 57.2 52.2 6.0 236.0 | H 0.958 | V 0.177 | pL -0.027 | vL 0.020 | delta 0.103
U 110 | F 225280 | FPS 0111 | D 2507 | rR:mu sigma m M 0.54 0.44 0.00 0.96 | F:mu sigma m M 40.9 28.1 4.0 167.0 | H 0.783 | V 0.343 | pL -0.091 | vL 0.028 | delta 0.174
U 111 | F 227328 | FPS 0117 | D 2524 | rR:mu sigma m M 0.54 0.43 0.00 0.96 | F:mu sigma m M 41.2 34.1 4.0 159.0 | H 0.764 | V 0.429 | pL -0.047 | vL 0.025 | delta 0.170
U 112 | F 229376 | FPS 0122 | D 2541 | rR:mu sigma m M 0.81 0.26 0.00 0.96 | F:mu sigma m M 37.7 21.9 10.0 135.0 | H 0.653 | V 0.576 | pL -0.100 | vL 0.019 | delta 0.280
U 113 | F 231424 | FPS 0129 | D 2557 | rR:mu sigma m M 0.82 0.29 0.00 0.96 | F:mu sigma m M 28.7 15.6 4.0 76.0 | H 0.615 | V 0.627 | pL -0.072 | vL 0.022 | delta 0.201
U 114 | F 233472 | FPS 0143 | D 2571 | rR:mu sigma m M 0.89 0.18 0.00 0.96 | F:mu sigma m M 27.5 14.1 11.0 78.0 | H 0.495 | V 0.720 | pL -0.075 | vL 0.016 | delta 0.192
U 115 | F 235520 | FPS 0157 | D 2584 | rR:mu sigma m M 0.89 0.21 0.00 0.96 | F:mu sigma m M 22.6 10.3 11.0 65.0 | H 0.404 | V 0.789 | pL -0.021 | vL 0.015 | delta 0.151
U 116 | F 237568 | FPS 0164 | D 2597 | rR:mu sigma m M 0.95 0.02 0.87 0.96 | F:mu sigma m M 19.5 5.8 14.0 46.0 | H 0.327 | V 0.840 | pL -0.038 | vL 0.002 | delta 0.076
agent reach optimality, start collecting trajectories
agent successfully collected 10 trajectories
pickling optimal trajectories
Model successfully saved
/home/rdali/.local/easybuild/software/2017/Core/miniconda3/4.3.27/envs/observe/lib/python3.6/site-packages/torch/nn/functional.py:1906: UserWarning: reduction: 'mean' divides the total loss by both the batch size and the support size.'batchmean' divides only by the batch size, and aligns with the KL div math definition.'mean' will be changed to behave the same as 'batchmean' in the next major release.
  warnings.warn("reduction: 'mean' divides the total loss by both the batch size and the support size."
