The following modules were not unloaded:
  (Use "module --force purge" to unload all):

  1) StdEnv/2018.3     4) gcccore/.7.3.0      7) intel/2018.3
  2) nixpkgs/16.09     5) icc/.2018.3.222     8) openmpi/3.1.2
  3) imkl/2018.3.222   6) ifort/.2018.3.222

Due to MODULEPATH changes, the following have been reloaded:
  1) openmpi/3.1.2

Attention: While Conda works well in a desktop environment, it tends to create more problems than it solves on a cluster. Instead, we recommend that users use virtual environments and the binary packages that we provide through Python wheels as documented on the Python page.
/home/rdali/RL/watch_and_learn/dependency/rl-starter-files/scripts/train_agent_multidem.py --env MiniGrid-LavaCrossingAddictO12S15-v0 --algo ppo --nameDemonstrator LavaCrossing1215Addict1,LavaCrossing1215Addict2,LavaCrossing1215Addict4,LavaCrossing1215Addict5,LavaCrossing1215Addict7,LavaCrossing1215Addict8,LavaCrossing1215Addict9,LavaCrossing1215Addict10 --flat-model 0 --useKL 0 --meanReward 0.80 --rewardLB 0.70 --seed 7771

Namespace(KLweight=0.0001, algo='ppo', batch_size=256, clip_eps=0.2, discount=0.99, entropy_coef=0.01, env='MiniGrid-LavaCrossingAddictO12S15-v0', epochs=4, flat_model=0, frames=10000000, frames_per_proc=None, full_obs=0, gae_lambda=0.95, log_interval=1, lr=0.0007, max_grad_norm=0.5, meanReward=0.8, mem=False, model=None, nameDemonstrator='LavaCrossing1215Addict1,LavaCrossing1215Addict2,LavaCrossing1215Addict4,LavaCrossing1215Addict5,LavaCrossing1215Addict7,LavaCrossing1215Addict8,LavaCrossing1215Addict9,LavaCrossing1215Addict10', optim_alpha=0.99, optim_eps=1e-05, procs=16, recurrence=1, rewardLB=0.7, save_interval=0, seed=7771, tb=False, text=False, useKL=0, value_loss_coef=0.5)

Flat model successfully created

ACModel(
  (image_conv): Sequential(
    (0): Conv2d(3, 32, kernel_size=(2, 2), stride=(1, 1))
    (1): ReLU()
    (2): MaxPool2d(kernel_size=(2, 2), stride=(2, 2), padding=0, dilation=1, ceil_mode=False)
    (3): Conv2d(32, 64, kernel_size=(2, 2), stride=(1, 1))
    (4): ReLU()
    (5): Conv2d(64, 64, kernel_size=(2, 2), stride=(1, 1))
    (6): ReLU()
  )
  (actor): Sequential(
    (0): Linear(in_features=1600, out_features=64, bias=True)
    (1): Tanh()
    (2): Linear(in_features=64, out_features=3, bias=True)
  )
  (critic): Sequential(
    (0): Linear(in_features=1600, out_features=64, bias=True)
    (1): Tanh()
    (2): Linear(in_features=64, out_features=1, bias=True)
  )
)

CUDA available: False

0
False
0.0001
Using TensorFlow backend.
OMP: Info #212: KMP_AFFINITY: decoding x2APIC ids.
OMP: Info #210: KMP_AFFINITY: Affinity capable, using global cpuid leaf 11 info
OMP: Info #154: KMP_AFFINITY: Initial OS proc set respected: 11,13,15,17,19
OMP: Info #156: KMP_AFFINITY: 5 available OS procs
OMP: Info #157: KMP_AFFINITY: Uniform topology
OMP: Info #179: KMP_AFFINITY: 1 packages x 5 cores/pkg x 1 threads/core (5 total cores)
OMP: Info #214: KMP_AFFINITY: OS proc to physical thread map:
OMP: Info #171: KMP_AFFINITY: OS proc 13 maps to package 1 core 8 
OMP: Info #171: KMP_AFFINITY: OS proc 17 maps to package 1 core 9 
OMP: Info #171: KMP_AFFINITY: OS proc 19 maps to package 1 core 10 
OMP: Info #171: KMP_AFFINITY: OS proc 15 maps to package 1 core 11 
OMP: Info #171: KMP_AFFINITY: OS proc 11 maps to package 1 core 12 
OMP: Info #250: KMP_AFFINITY: pid 297769 tid 297769 thread 0 bound to OS proc set 13
OMP: Info #250: KMP_AFFINITY: pid 297769 tid 297973 thread 1 bound to OS proc set 17
OMP: Info #250: KMP_AFFINITY: pid 297769 tid 297974 thread 2 bound to OS proc set 19
OMP: Info #250: KMP_AFFINITY: pid 297769 tid 297975 thread 3 bound to OS proc set 15
OMP: Info #250: KMP_AFFINITY: pid 297769 tid 297976 thread 4 bound to OS proc set 11
OMP: Info #250: KMP_AFFINITY: pid 297769 tid 297978 thread 5 bound to OS proc set 13
OMP: Info #250: KMP_AFFINITY: pid 297769 tid 297982 thread 9 bound to OS proc set 11
OMP: Info #250: KMP_AFFINITY: pid 297769 tid 297980 thread 7 bound to OS proc set 19
OMP: Info #250: KMP_AFFINITY: pid 297769 tid 297981 thread 8 bound to OS proc set 15
OMP: Info #250: KMP_AFFINITY: pid 297769 tid 297979 thread 6 bound to OS proc set 17
U 1 | F 002048 | FPS 0904 | D 2 | rR:mu sigma m M 0.00 0.00 0.00 0.00 | F:mu sigma m M 22.8 38.1 0.0 128.0 | H 1.095 | V -0.087 | pL -0.020 | vL 0.000 | delta 0.068
U 2 | F 004096 | FPS 1001 | D 4 | rR:mu sigma m M 0.00 0.00 0.00 0.00 | F:mu sigma m M 120.5 58.9 32.0 223.0 | H 1.087 | V -0.074 | pL -0.019 | vL 0.000 | delta 0.013
U 3 | F 006144 | FPS 1008 | D 6 | rR:mu sigma m M 0.00 0.00 0.00 0.00 | F:mu sigma m M 151.2 100.6 14.0 359.0 | H 1.092 | V -0.058 | pL -0.020 | vL 0.000 | delta 0.013
U 4 | F 008192 | FPS 0995 | D 8 | rR:mu sigma m M 0.00 0.00 0.00 0.00 | F:mu sigma m M 136.2 137.5 23.0 500.0 | H 1.092 | V -0.042 | pL -0.017 | vL 0.000 | delta 0.016
U 5 | F 010240 | FPS 0932 | D 10 | rR:mu sigma m M 0.00 0.00 0.00 0.00 | F:mu sigma m M 138.3 131.9 16.0 500.0 | H 1.098 | V -0.030 | pL -0.009 | vL 0.000 | delta 0.007
U 6 | F 012288 | FPS 1014 | D 12 | rR:mu sigma m M 0.00 0.00 0.00 0.00 | F:mu sigma m M 149.9 93.4 35.0 405.0 | H 1.098 | V -0.024 | pL -0.007 | vL 0.000 | delta 0.004
U 7 | F 014336 | FPS 1007 | D 14 | rR:mu sigma m M 0.00 0.00 0.00 0.00 | F:mu sigma m M 171.2 123.7 29.0 521.0 | H 1.098 | V -0.018 | pL -0.006 | vL 0.000 | delta 0.004
U 8 | F 016384 | FPS 1005 | D 16 | rR:mu sigma m M 0.00 0.00 0.00 0.00 | F:mu sigma m M 159.4 118.5 30.0 472.0 | H 1.098 | V -0.011 | pL -0.004 | vL 0.000 | delta 0.003
U 9 | F 018432 | FPS 0991 | D 18 | rR:mu sigma m M 0.00 0.00 0.00 0.00 | F:mu sigma m M 184.4 123.0 17.0 472.0 | H 1.098 | V -0.008 | pL -0.002 | vL 0.000 | delta 0.002
U 10 | F 020480 | FPS 1002 | D 20 | rR:mu sigma m M 0.00 0.00 0.00 0.00 | F:mu sigma m M 143.6 93.5 17.0 304.0 | H 1.098 | V -0.006 | pL -0.002 | vL 0.000 | delta 0.001
U 11 | F 022528 | FPS 0994 | D 22 | rR:mu sigma m M 0.03 0.13 0.00 0.55 | F:mu sigma m M 205.9 163.2 37.0 607.0 | H 1.086 | V -0.000 | pL -0.006 | vL 0.001 | delta 0.018
U 12 | F 024576 | FPS 0918 | D 25 | rR:mu sigma m M 0.00 0.00 0.00 0.00 | F:mu sigma m M 182.2 144.1 22.0 607.0 | H 1.098 | V -0.005 | pL -0.001 | vL 0.000 | delta 0.004
U 13 | F 026624 | FPS 0997 | D 27 | rR:mu sigma m M 0.00 0.00 0.00 0.00 | F:mu sigma m M 196.8 150.8 44.0 613.0 | H 1.098 | V -0.001 | pL -0.000 | vL 0.000 | delta 0.003
U 14 | F 028672 | FPS 0992 | D 29 | rR:mu sigma m M 0.00 0.00 0.00 0.00 | F:mu sigma m M 251.1 203.9 45.0 691.0 | H 1.098 | V 0.003 | pL 0.000 | vL 0.000 | delta 0.004
U 15 | F 030720 | FPS 0999 | D 31 | rR:mu sigma m M 0.05 0.18 0.00 0.78 | F:mu sigma m M 115.9 84.3 33.0 320.0 | H 1.098 | V 0.003 | pL -0.005 | vL 0.001 | delta 0.017
U 16 | F 032768 | FPS 1000 | D 33 | rR:mu sigma m M 0.00 0.00 0.00 0.00 | F:mu sigma m M 182.8 210.7 37.0 900.0 | H 1.099 | V -0.001 | pL -0.000 | vL 0.000 | delta 0.004
U 17 | F 034816 | FPS 0999 | D 35 | rR:mu sigma m M 0.00 0.00 0.00 0.00 | F:mu sigma m M 154.4 104.3 34.0 424.0 | H 1.097 | V 0.002 | pL 0.000 | vL 0.000 | delta 0.004
U 18 | F 036864 | FPS 0912 | D 37 | rR:mu sigma m M 0.00 0.00 0.00 0.00 | F:mu sigma m M 152.8 125.4 16.0 373.0 | H 1.096 | V 0.010 | pL 0.002 | vL 0.000 | delta 0.007
U 19 | F 038912 | FPS 0994 | D 39 | rR:mu sigma m M 0.03 0.11 0.00 0.43 | F:mu sigma m M 214.7 159.4 48.0 566.0 | H 1.095 | V 0.004 | pL -0.003 | vL 0.000 | delta 0.013
U 20 | F 040960 | FPS 0914 | D 41 | rR:mu sigma m M 0.00 0.00 0.00 0.00 | F:mu sigma m M 136.4 66.7 45.0 245.0 | H 1.098 | V 0.006 | pL 0.002 | vL 0.000 | delta 0.008
U 21 | F 043008 | FPS 0985 | D 44 | rR:mu sigma m M 0.00 0.00 0.00 0.00 | F:mu sigma m M 155.2 78.9 14.0 299.0 | H 1.098 | V 0.004 | pL -0.001 | vL 0.000 | delta 0.004
U 22 | F 045056 | FPS 0985 | D 46 | rR:mu sigma m M 0.00 0.00 0.00 0.00 | F:mu sigma m M 210.8 162.7 14.0 535.0 | H 1.099 | V -0.002 | pL -0.000 | vL 0.000 | delta 0.003
U 23 | F 047104 | FPS 0988 | D 48 | rR:mu sigma m M 0.00 0.00 0.00 0.00 | F:mu sigma m M 130.1 74.5 36.0 242.0 | H 1.099 | V -0.001 | pL -0.000 | vL 0.000 | delta 0.001
U 24 | F 049152 | FPS 0987 | D 50 | rR:mu sigma m M 0.00 0.00 0.00 0.00 | F:mu sigma m M 145.8 82.4 35.0 343.0 | H 1.099 | V -0.000 | pL -0.000 | vL 0.000 | delta 0.000
U 25 | F 051200 | FPS 0980 | D 52 | rR:mu sigma m M 0.00 0.00 0.00 0.00 | F:mu sigma m M 164.0 152.1 52.0 696.0 | H 1.099 | V 0.001 | pL -0.000 | vL 0.000 | delta 0.000
U 26 | F 053248 | FPS 0985 | D 54 | rR:mu sigma m M 0.06 0.21 0.00 0.88 | F:mu sigma m M 126.8 71.9 33.0 320.0 | H 1.097 | V 0.005 | pL -0.007 | vL 0.002 | delta 0.049
U 27 | F 055296 | FPS 0907 | D 56 | rR:mu sigma m M 0.00 0.00 0.00 0.00 | F:mu sigma m M 116.6 52.3 22.0 212.0 | H 1.098 | V 0.016 | pL 0.004 | vL 0.000 | delta 0.009
U 28 | F 057344 | FPS 0987 | D 58 | rR:mu sigma m M 0.00 0.00 0.00 0.00 | F:mu sigma m M 185.8 182.9 22.0 747.0 | H 1.099 | V 0.011 | pL 0.003 | vL 0.000 | delta 0.003
U 29 | F 059392 | FPS 0985 | D 60 | rR:mu sigma m M 0.00 0.00 0.00 0.00 | F:mu sigma m M 321.2 223.9 27.0 755.0 | H 1.099 | V 0.008 | pL 0.002 | vL 0.000 | delta 0.001
U 30 | F 061440 | FPS 0975 | D 62 | rR:mu sigma m M 0.00 0.00 0.00 0.00 | F:mu sigma m M 121.9 98.9 7.0 327.0 | H 1.098 | V 0.007 | pL 0.002 | vL 0.000 | delta 0.001
U 31 | F 063488 | FPS 0977 | D 65 | rR:mu sigma m M 0.00 0.00 0.00 0.00 | F:mu sigma m M 171.8 126.5 9.0 481.0 | H 1.098 | V 0.008 | pL 0.001 | vL 0.000 | delta 0.002
U 32 | F 065536 | FPS 0978 | D 67 | rR:mu sigma m M 0.00 0.00 0.00 0.00 | F:mu sigma m M 198.1 149.2 30.0 540.0 | H 1.097 | V 0.008 | pL 0.002 | vL 0.000 | delta 0.003
U 33 | F 067584 | FPS 0976 | D 69 | rR:mu sigma m M 0.00 0.00 0.00 0.00 | F:mu sigma m M 206.4 146.3 38.0 540.0 | H 1.098 | V 0.004 | pL 0.001 | vL 0.000 | delta 0.001
U 34 | F 069632 | FPS 0889 | D 71 | rR:mu sigma m M 0.05 0.18 0.00 0.72 | F:mu sigma m M 200.1 119.7 42.0 460.0 | H 1.097 | V 0.012 | pL -0.005 | vL 0.002 | delta 0.018
U 35 | F 071680 | FPS 0954 | D 73 | rR:mu sigma m M 0.09 0.25 0.00 0.80 | F:mu sigma m M 166.4 92.4 42.0 344.0 | H 1.094 | V 0.017 | pL -0.004 | vL 0.001 | delta 0.045
U 36 | F 073728 | FPS 0946 | D 75 | rR:mu sigma m M 0.00 0.00 0.00 0.00 | F:mu sigma m M 211.6 190.1 44.0 850.0 | H 1.096 | V -0.001 | pL -0.000 | vL 0.000 | delta 0.011
U 37 | F 075776 | FPS 0945 | D 78 | rR:mu sigma m M 0.04 0.17 0.00 0.69 | F:mu sigma m M 140.0 117.6 39.0 488.0 | H 1.094 | V 0.002 | pL -0.007 | vL 0.000 | delta 0.016
U 38 | F 077824 | FPS 0949 | D 80 | rR:mu sigma m M 0.08 0.21 0.00 0.69 | F:mu sigma m M 131.1 101.0 28.0 396.0 | H 1.090 | V 0.004 | pL -0.005 | vL 0.001 | delta 0.017
U 39 | F 079872 | FPS 0949 | D 82 | rR:mu sigma m M 0.04 0.15 0.00 0.60 | F:mu sigma m M 174.1 126.7 28.0 396.0 | H 1.090 | V 0.008 | pL -0.001 | vL 0.000 | delta 0.014
U 40 | F 081920 | FPS 0946 | D 84 | rR:mu sigma m M 0.00 0.00 0.00 0.00 | F:mu sigma m M 209.7 158.4 10.0 577.0 | H 1.086 | V 0.015 | pL 0.005 | vL 0.001 | delta 0.015
U 41 | F 083968 | FPS 0874 | D 86 | rR:mu sigma m M 0.00 0.00 0.00 0.00 | F:mu sigma m M 159.6 143.8 17.0 577.0 | H 1.097 | V 0.013 | pL 0.003 | vL 0.000 | delta 0.003
U 42 | F 086016 | FPS 0939 | D 89 | rR:mu sigma m M 0.04 0.15 0.00 0.60 | F:mu sigma m M 209.1 171.2 58.0 688.0 | H 1.095 | V 0.016 | pL -0.002 | vL 0.000 | delta 0.010
U 43 | F 088064 | FPS 0951 | D 91 | rR:mu sigma m M 0.00 0.00 0.00 0.00 | F:mu sigma m M 177.2 126.6 55.0 507.0 | H 1.097 | V 0.016 | pL 0.004 | vL 0.000 | delta 0.007
U 44 | F 090112 | FPS 0946 | D 93 | rR:mu sigma m M 0.00 0.00 0.00 0.00 | F:mu sigma m M 160.1 84.3 55.0 420.0 | H 1.098 | V 0.007 | pL 0.001 | vL 0.000 | delta 0.002
U 45 | F 092160 | FPS 0923 | D 95 | rR:mu sigma m M 0.00 0.00 0.00 0.00 | F:mu sigma m M 150.3 146.3 15.0 520.0 | H 1.098 | V 0.005 | pL 0.001 | vL 0.000 | delta 0.002
U 46 | F 094208 | FPS 0875 | D 97 | rR:mu sigma m M 0.04 0.16 0.00 0.66 | F:mu sigma m M 179.6 149.8 16.0 595.0 | H 1.095 | V 0.013 | pL -0.004 | vL 0.000 | delta 0.010
U 47 | F 096256 | FPS 0829 | D 100 | rR:mu sigma m M 0.04 0.16 0.00 0.66 | F:mu sigma m M 161.9 103.0 16.0 355.0 | H 1.098 | V 0.001 | pL -0.000 | vL 0.000 | delta 0.005
U 48 | F 098304 | FPS 0882 | D 102 | rR:mu sigma m M 0.05 0.19 0.00 0.79 | F:mu sigma m M 211.0 107.2 74.0 493.0 | H 1.090 | V 0.013 | pL -0.006 | vL 0.001 | delta 0.021
U 49 | F 100352 | FPS 0891 | D 104 | rR:mu sigma m M 0.09 0.25 0.00 0.79 | F:mu sigma m M 187.4 174.6 73.0 781.0 | H 1.090 | V 0.019 | pL -0.003 | vL 0.001 | delta 0.024
U 50 | F 102400 | FPS 0907 | D 107 | rR:mu sigma m M 0.00 0.00 0.00 0.00 | F:mu sigma m M 147.7 143.3 32.0 627.0 | H 1.093 | V 0.014 | pL 0.005 | vL 0.000 | delta 0.012
U 51 | F 104448 | FPS 0901 | D 109 | rR:mu sigma m M 0.00 0.00 0.00 0.00 | F:mu sigma m M 187.3 125.8 32.0 470.0 | H 1.097 | V 0.004 | pL 0.000 | vL 0.000 | delta 0.003
U 52 | F 106496 | FPS 0910 | D 111 | rR:mu sigma m M 0.05 0.18 0.00 0.74 | F:mu sigma m M 122.8 67.0 26.0 262.0 | H 1.088 | V 0.013 | pL -0.005 | vL 0.001 | delta 0.021
U 53 | F 108544 | FPS 0927 | D 113 | rR:mu sigma m M 0.05 0.21 0.00 0.87 | F:mu sigma m M 169.9 131.5 37.0 529.0 | H 1.083 | V 0.033 | pL -0.010 | vL 0.001 | delta 0.022
U 54 | F 110592 | FPS 0853 | D 116 | rR:mu sigma m M 0.10 0.27 0.00 0.87 | F:mu sigma m M 144.2 93.3 35.0 389.0 | H 1.053 | V 0.045 | pL -0.005 | vL 0.004 | delta 0.040
U 55 | F 112640 | FPS 0931 | D 118 | rR:mu sigma m M 0.13 0.28 0.00 0.83 | F:mu sigma m M 130.2 99.6 35.0 396.0 | H 1.051 | V 0.079 | pL -0.008 | vL 0.002 | delta 0.038
U 56 | F 114688 | FPS 0935 | D 120 | rR:mu sigma m M 0.04 0.15 0.00 0.67 | F:mu sigma m M 182.7 166.3 38.0 711.0 | H 1.084 | V 0.039 | pL 0.000 | vL 0.001 | delta 0.014
U 57 | F 116736 | FPS 0917 | D 123 | rR:mu sigma m M 0.08 0.23 0.00 0.82 | F:mu sigma m M 145.1 111.8 12.0 479.0 | H 1.060 | V 0.073 | pL 0.006 | vL 0.001 | delta 0.034
U 58 | F 118784 | FPS 0922 | D 125 | rR:mu sigma m M 0.00 0.00 0.00 0.00 | F:mu sigma m M 154.7 86.3 51.0 283.0 | H 1.086 | V 0.015 | pL 0.003 | vL 0.000 | delta 0.010
U 59 | F 120832 | FPS 0932 | D 127 | rR:mu sigma m M 0.00 0.00 0.00 0.00 | F:mu sigma m M 179.3 163.7 51.0 722.0 | H 1.092 | V 0.015 | pL 0.003 | vL 0.000 | delta 0.008
U 60 | F 122880 | FPS 0929 | D 129 | rR:mu sigma m M 0.00 0.00 0.00 0.00 | F:mu sigma m M 119.4 78.3 21.0 312.0 | H 1.097 | V 0.012 | pL 0.002 | vL 0.000 | delta 0.003
U 61 | F 124928 | FPS 0866 | D 132 | rR:mu sigma m M 0.05 0.20 0.00 0.84 | F:mu sigma m M 160.7 145.5 13.0 462.0 | H 1.092 | V 0.019 | pL -0.004 | vL 0.001 | delta 0.010
U 62 | F 126976 | FPS 0935 | D 134 | rR:mu sigma m M 0.05 0.19 0.00 0.80 | F:mu sigma m M 154.3 109.9 30.0 463.0 | H 1.085 | V 0.022 | pL -0.003 | vL 0.001 | delta 0.019
U 63 | F 129024 | FPS 0936 | D 136 | rR:mu sigma m M 0.11 0.28 0.00 0.89 | F:mu sigma m M 131.8 46.6 46.0 198.0 | H 1.096 | V 0.012 | pL 0.001 | vL 0.000 | delta 0.009
U 64 | F 131072 | FPS 0937 | D 138 | rR:mu sigma m M 0.06 0.23 0.00 0.94 | F:mu sigma m M 172.6 96.3 65.0 470.0 | H 1.081 | V 0.017 | pL -0.006 | vL 0.002 | delta 0.023
U 65 | F 133120 | FPS 0944 | D 140 | rR:mu sigma m M 0.11 0.30 0.00 0.94 | F:mu sigma m M 164.2 105.0 39.0 388.0 | H 1.084 | V 0.023 | pL -0.001 | vL 0.002 | delta 0.020
U 66 | F 135168 | FPS 0946 | D 142 | rR:mu sigma m M 0.00 0.00 0.00 0.00 | F:mu sigma m M 177.9 138.8 17.0 495.0 | H 1.092 | V 0.024 | pL 0.001 | vL 0.001 | delta 0.010
U 67 | F 137216 | FPS 0873 | D 145 | rR:mu sigma m M 0.05 0.19 0.00 0.79 | F:mu sigma m M 165.4 156.6 30.0 701.0 | H 1.087 | V 0.025 | pL 0.001 | vL 0.001 | delta 0.023
U 68 | F 139264 | FPS 0928 | D 147 | rR:mu sigma m M 0.05 0.19 0.00 0.79 | F:mu sigma m M 155.2 74.0 26.0 289.0 | H 1.094 | V 0.011 | pL 0.003 | vL 0.000 | delta 0.005
U 69 | F 141312 | FPS 0932 | D 149 | rR:mu sigma m M 0.13 0.27 0.00 0.82 | F:mu sigma m M 166.9 112.6 16.0 448.0 | H 1.068 | V 0.030 | pL -0.014 | vL 0.003 | delta 0.034
U 70 | F 143360 | FPS 0945 | D 151 | rR:mu sigma m M 0.14 0.30 0.00 0.94 | F:mu sigma m M 120.5 115.5 16.0 497.0 | H 1.062 | V 0.057 | pL -0.009 | vL 0.003 | delta 0.028
U 71 | F 145408 | FPS 0936 | D 154 | rR:mu sigma m M 0.35 0.36 0.00 0.90 | F:mu sigma m M 212.3 133.8 31.0 497.0 | H 0.995 | V 0.114 | pL -0.030 | vL 0.004 | delta 0.040
U 72 | F 147456 | FPS 0949 | D 156 | rR:mu sigma m M 0.40 0.41 0.00 0.90 | F:mu sigma m M 140.7 76.7 27.0 300.0 | H 0.978 | V 0.137 | pL -0.034 | vL 0.005 | delta 0.063
U 73 | F 149504 | FPS 0941 | D 158 | rR:mu sigma m M 0.35 0.43 0.00 0.93 | F:mu sigma m M 94.6 55.7 21.0 201.0 | H 0.913 | V 0.152 | pL -0.038 | vL 0.007 | delta 0.049
U 74 | F 151552 | FPS 0862 | D 160 | rR:mu sigma m M 0.66 0.38 0.00 0.96 | F:mu sigma m M 125.6 55.6 37.0 257.0 | H 0.842 | V 0.262 | pL -0.052 | vL 0.008 | delta 0.096
U 75 | F 153600 | FPS 0935 | D 162 | rR:mu sigma m M 0.80 0.30 0.00 0.96 | F:mu sigma m M 89.0 71.4 27.0 454.0 | H 0.732 | V 0.398 | pL -0.116 | vL 0.015 | delta 0.144
U 76 | F 155648 | FPS 0940 | D 165 | rR:mu sigma m M 0.78 0.34 0.00 0.96 | F:mu sigma m M 62.7 26.7 24.0 179.0 | H 0.666 | V 0.473 | pL -0.085 | vL 0.013 | delta 0.109
U 77 | F 157696 | FPS 0948 | D 167 | rR:mu sigma m M 0.89 0.21 0.00 0.97 | F:mu sigma m M 56.0 22.3 16.0 102.0 | H 0.609 | V 0.579 | pL -0.081 | vL 0.010 | delta 0.123
U 78 | F 159744 | FPS 0915 | D 169 | rR:mu sigma m M 0.92 0.20 0.00 0.97 | F:mu sigma m M 44.6 20.3 27.0 151.0 | H 0.530 | V 0.668 | pL -0.085 | vL 0.005 | delta 0.088
U 79 | F 161792 | FPS 0946 | D 171 | rR:mu sigma m M 0.96 0.01 0.92 0.98 | F:mu sigma m M 40.0 11.3 25.0 84.0 | H 0.461 | V 0.747 | pL -0.058 | vL 0.003 | delta 0.057
agent reach optimality, start collecting trajectories
agent successfully collected 10 trajectories
pickling optimal trajectories
Model successfully saved
