The following modules were not unloaded:
  (Use "module --force purge" to unload all):

  1) StdEnv/2018.3     4) gcccore/.7.3.0      7) intel/2018.3
  2) nixpkgs/16.09     5) icc/.2018.3.222     8) openmpi/3.1.2
  3) imkl/2018.3.222   6) ifort/.2018.3.222

Due to MODULEPATH changes, the following have been reloaded:
  1) openmpi/3.1.2

Attention: While Conda works well in a desktop environment, it tends to create more problems than it solves on a cluster. Instead, we recommend that users use virtual environments and the binary packages that we provide through Python wheels as documented on the Python page.
/home/rdali/RL/watch_and_learn/dependency/rl-starter-files/scripts/train_agent_multidem.py --env MiniGrid-LavaCrossingAddictO12S15-v0 --algo ppo --nameDemonstrator LavaCrossing1215Addict1,LavaCrossing1215Addict2,LavaCrossing1215Addict4,LavaCrossing1215Addict5,LavaCrossing1215Addict7,LavaCrossing1215Addict8,LavaCrossing1215Addict9,LavaCrossing1215Addict10 --flat-model 0 --useKL 0 --meanReward 0.80 --rewardLB 0.70 --seed 2843

Namespace(KLweight=0.0001, algo='ppo', batch_size=256, clip_eps=0.2, discount=0.99, entropy_coef=0.01, env='MiniGrid-LavaCrossingAddictO12S15-v0', epochs=4, flat_model=0, frames=10000000, frames_per_proc=None, full_obs=0, gae_lambda=0.95, log_interval=1, lr=0.0007, max_grad_norm=0.5, meanReward=0.8, mem=False, model=None, nameDemonstrator='LavaCrossing1215Addict1,LavaCrossing1215Addict2,LavaCrossing1215Addict4,LavaCrossing1215Addict5,LavaCrossing1215Addict7,LavaCrossing1215Addict8,LavaCrossing1215Addict9,LavaCrossing1215Addict10', optim_alpha=0.99, optim_eps=1e-05, procs=16, recurrence=1, rewardLB=0.7, save_interval=0, seed=2843, tb=False, text=False, useKL=0, value_loss_coef=0.5)

Flat model successfully created

ACModel(
  (image_conv): Sequential(
    (0): Conv2d(3, 32, kernel_size=(2, 2), stride=(1, 1))
    (1): ReLU()
    (2): MaxPool2d(kernel_size=(2, 2), stride=(2, 2), padding=0, dilation=1, ceil_mode=False)
    (3): Conv2d(32, 64, kernel_size=(2, 2), stride=(1, 1))
    (4): ReLU()
    (5): Conv2d(64, 64, kernel_size=(2, 2), stride=(1, 1))
    (6): ReLU()
  )
  (actor): Sequential(
    (0): Linear(in_features=1600, out_features=64, bias=True)
    (1): Tanh()
    (2): Linear(in_features=64, out_features=3, bias=True)
  )
  (critic): Sequential(
    (0): Linear(in_features=1600, out_features=64, bias=True)
    (1): Tanh()
    (2): Linear(in_features=64, out_features=1, bias=True)
  )
)

CUDA available: False

0
False
0.0001
Using TensorFlow backend.
OMP: Info #212: KMP_AFFINITY: decoding x2APIC ids.
OMP: Info #210: KMP_AFFINITY: Affinity capable, using global cpuid leaf 11 info
OMP: Info #154: KMP_AFFINITY: Initial OS proc set respected: 25-28,30
OMP: Info #156: KMP_AFFINITY: 5 available OS procs
OMP: Info #158: KMP_AFFINITY: Nonuniform topology
OMP: Info #179: KMP_AFFINITY: 2 packages x 3 cores/pkg x 1 threads/core (5 total cores)
OMP: Info #214: KMP_AFFINITY: OS proc to physical thread map:
OMP: Info #171: KMP_AFFINITY: OS proc 28 maps to package 0 core 18 
OMP: Info #171: KMP_AFFINITY: OS proc 26 maps to package 0 core 19 
OMP: Info #171: KMP_AFFINITY: OS proc 30 maps to package 0 core 28 
OMP: Info #171: KMP_AFFINITY: OS proc 25 maps to package 1 core 17 
OMP: Info #171: KMP_AFFINITY: OS proc 27 maps to package 1 core 19 
OMP: Info #250: KMP_AFFINITY: pid 202924 tid 202924 thread 0 bound to OS proc set 28
OMP: Info #250: KMP_AFFINITY: pid 202924 tid 203467 thread 3 bound to OS proc set 27
OMP: Info #250: KMP_AFFINITY: pid 202924 tid 203465 thread 2 bound to OS proc set 26
OMP: Info #250: KMP_AFFINITY: pid 202924 tid 203464 thread 1 bound to OS proc set 25
OMP: Info #250: KMP_AFFINITY: pid 202924 tid 203471 thread 4 bound to OS proc set 30
OMP: Info #250: KMP_AFFINITY: pid 202924 tid 203474 thread 5 bound to OS proc set 28
OMP: Info #250: KMP_AFFINITY: pid 202924 tid 203475 thread 6 bound to OS proc set 25
OMP: Info #250: KMP_AFFINITY: pid 202924 tid 203477 thread 8 bound to OS proc set 27
OMP: Info #250: KMP_AFFINITY: pid 202924 tid 203476 thread 7 bound to OS proc set 26
OMP: Info #250: KMP_AFFINITY: pid 202924 tid 203478 thread 9 bound to OS proc set 30
U 1 | F 002048 | FPS 0891 | D 2 | rR:mu sigma m M 0.00 0.00 0.00 0.00 | F:mu sigma m M 57.1 42.2 0.0 128.0 | H 1.092 | V 0.253 | pL 0.077 | vL 0.003 | delta 0.076
U 2 | F 004096 | FPS 0866 | D 4 | rR:mu sigma m M 0.00 0.00 0.00 0.00 | F:mu sigma m M 94.2 42.4 28.0 169.0 | H 1.087 | V 0.208 | pL 0.054 | vL 0.001 | delta 0.059
U 3 | F 006144 | FPS 0870 | D 7 | rR:mu sigma m M 0.00 0.00 0.00 0.00 | F:mu sigma m M 145.4 87.3 28.0 384.0 | H 1.096 | V 0.176 | pL 0.037 | vL 0.001 | delta 0.028
U 4 | F 008192 | FPS 0886 | D 9 | rR:mu sigma m M 0.00 0.00 0.00 0.00 | F:mu sigma m M 219.6 109.8 61.0 392.0 | H 1.083 | V 0.135 | pL 0.040 | vL 0.001 | delta 0.038
U 5 | F 010240 | FPS 0799 | D 11 | rR:mu sigma m M 0.00 0.00 0.00 0.00 | F:mu sigma m M 202.9 153.8 61.0 542.0 | H 1.093 | V 0.110 | pL 0.030 | vL 0.000 | delta 0.018
U 6 | F 012288 | FPS 0858 | D 14 | rR:mu sigma m M 0.05 0.18 0.00 0.75 | F:mu sigma m M 130.4 117.0 30.0 470.0 | H 1.073 | V 0.080 | pL 0.022 | vL 0.001 | delta 0.030
U 7 | F 014336 | FPS 0862 | D 16 | rR:mu sigma m M 0.00 0.00 0.00 0.00 | F:mu sigma m M 135.2 167.1 30.0 588.0 | H 1.097 | V 0.071 | pL 0.016 | vL 0.000 | delta 0.012
U 8 | F 016384 | FPS 0881 | D 19 | rR:mu sigma m M 0.00 0.00 0.00 0.00 | F:mu sigma m M 177.3 158.3 40.0 588.0 | H 1.095 | V 0.057 | pL 0.014 | vL 0.000 | delta 0.010
U 9 | F 018432 | FPS 0873 | D 21 | rR:mu sigma m M 0.00 0.00 0.00 0.00 | F:mu sigma m M 180.8 127.1 40.0 448.0 | H 1.096 | V 0.046 | pL 0.010 | vL 0.000 | delta 0.008
U 10 | F 020480 | FPS 0859 | D 23 | rR:mu sigma m M 0.03 0.12 0.00 0.48 | F:mu sigma m M 251.8 219.9 26.0 900.0 | H 1.098 | V 0.036 | pL 0.007 | vL 0.001 | delta 0.007
U 11 | F 022528 | FPS 0782 | D 26 | rR:mu sigma m M 0.00 0.00 0.00 0.00 | F:mu sigma m M 151.4 122.7 30.0 482.0 | H 1.097 | V 0.028 | pL 0.008 | vL 0.000 | delta 0.005
U 12 | F 024576 | FPS 0855 | D 28 | rR:mu sigma m M 0.05 0.19 0.00 0.77 | F:mu sigma m M 228.1 233.6 24.0 900.0 | H 1.084 | V 0.031 | pL 0.001 | vL 0.001 | delta 0.029
U 13 | F 026624 | FPS 0903 | D 31 | rR:mu sigma m M 0.00 0.00 0.00 0.00 | F:mu sigma m M 117.4 93.5 13.0 383.0 | H 1.093 | V 0.020 | pL 0.006 | vL 0.000 | delta 0.006
U 14 | F 028672 | FPS 0909 | D 33 | rR:mu sigma m M 0.00 0.00 0.00 0.00 | F:mu sigma m M 115.9 100.7 13.0 383.0 | H 1.098 | V 0.012 | pL 0.003 | vL 0.000 | delta 0.003
U 15 | F 030720 | FPS 0924 | D 35 | rR:mu sigma m M 0.00 0.00 0.00 0.00 | F:mu sigma m M 178.1 199.8 15.0 891.0 | H 1.098 | V 0.009 | pL 0.002 | vL 0.000 | delta 0.002
U 16 | F 032768 | FPS 0811 | D 38 | rR:mu sigma m M 0.00 0.00 0.00 0.00 | F:mu sigma m M 132.2 100.6 9.0 337.0 | H 1.098 | V 0.009 | pL 0.001 | vL 0.000 | delta 0.002
U 17 | F 034816 | FPS 0899 | D 40 | rR:mu sigma m M 0.05 0.20 0.00 0.84 | F:mu sigma m M 157.6 111.6 26.0 449.0 | H 1.095 | V 0.013 | pL -0.005 | vL 0.001 | delta 0.009
U 18 | F 036864 | FPS 0838 | D 42 | rR:mu sigma m M 0.00 0.00 0.00 0.00 | F:mu sigma m M 116.8 69.3 15.0 274.0 | H 1.098 | V 0.005 | pL 0.002 | vL 0.000 | delta 0.008
U 19 | F 038912 | FPS 0898 | D 45 | rR:mu sigma m M 0.00 0.00 0.00 0.00 | F:mu sigma m M 167.6 202.8 15.0 900.0 | H 1.098 | V 0.007 | pL 0.001 | vL 0.000 | delta 0.003
U 20 | F 040960 | FPS 0861 | D 47 | rR:mu sigma m M 0.00 0.00 0.00 0.00 | F:mu sigma m M 222.5 212.3 21.0 900.0 | H 1.098 | V 0.004 | pL 0.001 | vL 0.000 | delta 0.001
U 21 | F 043008 | FPS 0841 | D 49 | rR:mu sigma m M 0.00 0.00 0.00 0.00 | F:mu sigma m M 268.2 147.5 37.0 518.0 | H 1.098 | V 0.004 | pL 0.001 | vL 0.000 | delta 0.002
U 22 | F 045056 | FPS 0831 | D 52 | rR:mu sigma m M 0.04 0.17 0.00 0.70 | F:mu sigma m M 203.1 169.7 12.0 545.0 | H 1.091 | V 0.012 | pL -0.004 | vL 0.001 | delta 0.021
U 23 | F 047104 | FPS 0825 | D 54 | rR:mu sigma m M 0.00 0.00 0.00 0.00 | F:mu sigma m M 165.1 136.9 16.0 497.0 | H 1.098 | V -0.003 | pL -0.001 | vL 0.000 | delta 0.005
U 24 | F 049152 | FPS 0815 | D 57 | rR:mu sigma m M 0.00 0.00 0.00 0.00 | F:mu sigma m M 143.0 80.2 33.0 295.0 | H 1.098 | V -0.002 | pL -0.001 | vL 0.000 | delta 0.002
U 25 | F 051200 | FPS 0889 | D 59 | rR:mu sigma m M 0.00 0.00 0.00 0.00 | F:mu sigma m M 166.0 140.4 26.0 626.0 | H 1.099 | V -0.002 | pL -0.000 | vL 0.000 | delta 0.000
U 26 | F 053248 | FPS 0873 | D 61 | rR:mu sigma m M 0.00 0.00 0.00 0.00 | F:mu sigma m M 174.2 107.8 10.0 453.0 | H 1.099 | V -0.001 | pL -0.001 | vL 0.000 | delta 0.000
U 27 | F 055296 | FPS 0865 | D 64 | rR:mu sigma m M 0.00 0.00 0.00 0.00 | F:mu sigma m M 151.8 101.0 10.0 453.0 | H 1.098 | V 0.000 | pL 0.000 | vL 0.000 | delta 0.002
U 28 | F 057344 | FPS 0884 | D 66 | rR:mu sigma m M 0.00 0.00 0.00 0.00 | F:mu sigma m M 204.6 209.2 23.0 900.0 | H 1.099 | V 0.000 | pL 0.000 | vL 0.000 | delta 0.001
U 29 | F 059392 | FPS 0883 | D 68 | rR:mu sigma m M 0.00 0.00 0.00 0.00 | F:mu sigma m M 238.9 192.8 32.0 686.0 | H 1.099 | V 0.000 | pL 0.000 | vL 0.000 | delta 0.001
U 30 | F 061440 | FPS 0798 | D 71 | rR:mu sigma m M 0.00 0.00 0.00 0.00 | F:mu sigma m M 176.9 106.3 9.0 345.0 | H 1.099 | V -0.000 | pL -0.000 | vL 0.000 | delta 0.000
U 31 | F 063488 | FPS 0816 | D 74 | rR:mu sigma m M 0.00 0.00 0.00 0.00 | F:mu sigma m M 158.4 95.6 19.0 378.0 | H 1.099 | V -0.000 | pL -0.000 | vL 0.000 | delta 0.001
U 32 | F 065536 | FPS 0789 | D 76 | rR:mu sigma m M 0.00 0.00 0.00 0.00 | F:mu sigma m M 113.1 104.7 19.0 394.0 | H 1.099 | V 0.000 | pL -0.000 | vL 0.000 | delta 0.000
U 33 | F 067584 | FPS 0851 | D 79 | rR:mu sigma m M 0.02 0.09 0.00 0.38 | F:mu sigma m M 197.9 159.3 14.0 615.0 | H 1.097 | V 0.005 | pL -0.003 | vL 0.000 | delta 0.007
U 34 | F 069632 | FPS 0880 | D 81 | rR:mu sigma m M 0.00 0.00 0.00 0.00 | F:mu sigma m M 134.4 92.8 14.0 333.0 | H 1.099 | V -0.001 | pL -0.000 | vL 0.000 | delta 0.001
U 35 | F 071680 | FPS 0853 | D 83 | rR:mu sigma m M 0.00 0.00 0.00 0.00 | F:mu sigma m M 136.4 78.0 16.0 333.0 | H 1.098 | V 0.004 | pL -0.001 | vL 0.000 | delta 0.004
U 36 | F 073728 | FPS 0801 | D 86 | rR:mu sigma m M 0.04 0.14 0.00 0.59 | F:mu sigma m M 212.0 146.2 39.0 618.0 | H 1.093 | V 0.011 | pL -0.003 | vL 0.001 | delta 0.014
U 37 | F 075776 | FPS 0871 | D 88 | rR:mu sigma m M 0.00 0.00 0.00 0.00 | F:mu sigma m M 199.9 209.8 17.0 717.0 | H 1.098 | V -0.003 | pL -0.001 | vL 0.000 | delta 0.003
U 38 | F 077824 | FPS 0869 | D 91 | rR:mu sigma m M 0.00 0.00 0.00 0.00 | F:mu sigma m M 91.5 49.1 40.0 209.0 | H 1.098 | V -0.002 | pL -0.001 | vL 0.000 | delta 0.002
U 39 | F 079872 | FPS 0868 | D 93 | rR:mu sigma m M 0.00 0.00 0.00 0.00 | F:mu sigma m M 128.1 71.8 40.0 263.0 | H 1.098 | V -0.000 | pL -0.001 | vL 0.000 | delta 0.001
U 40 | F 081920 | FPS 0849 | D 95 | rR:mu sigma m M 0.00 0.00 0.00 0.00 | F:mu sigma m M 153.9 125.5 36.0 547.0 | H 1.099 | V -0.000 | pL -0.000 | vL 0.000 | delta 0.001
U 41 | F 083968 | FPS 0818 | D 98 | rR:mu sigma m M 0.09 0.24 0.00 0.84 | F:mu sigma m M 249.2 221.3 38.0 826.0 | H 1.093 | V 0.011 | pL -0.011 | vL 0.001 | delta 0.023
U 42 | F 086016 | FPS 0860 | D 100 | rR:mu sigma m M 0.00 0.00 0.00 0.00 | F:mu sigma m M 183.2 176.3 45.0 826.0 | H 1.098 | V -0.005 | pL -0.001 | vL 0.000 | delta 0.003
U 43 | F 088064 | FPS 0783 | D 103 | rR:mu sigma m M 0.00 0.00 0.00 0.00 | F:mu sigma m M 95.6 63.8 16.0 206.0 | H 1.098 | V -0.002 | pL -0.001 | vL 0.000 | delta 0.001
U 44 | F 090112 | FPS 0786 | D 105 | rR:mu sigma m M 0.00 0.00 0.00 0.00 | F:mu sigma m M 116.6 79.6 18.0 295.0 | H 1.098 | V -0.000 | pL -0.000 | vL 0.000 | delta 0.001
U 45 | F 092160 | FPS 0834 | D 108 | rR:mu sigma m M 0.05 0.21 0.00 0.88 | F:mu sigma m M 113.0 111.6 13.0 451.0 | H 1.096 | V 0.007 | pL -0.007 | vL 0.001 | delta 0.009
U 46 | F 094208 | FPS 0783 | D 111 | rR:mu sigma m M 0.02 0.10 0.00 0.40 | F:mu sigma m M 222.4 196.3 13.0 604.0 | H 1.096 | V 0.004 | pL -0.003 | vL 0.000 | delta 0.010
U 47 | F 096256 | FPS 0828 | D 113 | rR:mu sigma m M 0.00 0.00 0.00 0.00 | F:mu sigma m M 188.2 175.2 19.0 597.0 | H 1.095 | V -0.001 | pL 0.000 | vL 0.000 | delta 0.008
U 48 | F 098304 | FPS 0775 | D 116 | rR:mu sigma m M 0.00 0.00 0.00 0.00 | F:mu sigma m M 188.8 139.1 50.0 597.0 | H 1.098 | V -0.003 | pL -0.001 | vL 0.000 | delta 0.005
U 49 | F 100352 | FPS 0821 | D 118 | rR:mu sigma m M 0.00 0.00 0.00 0.00 | F:mu sigma m M 160.8 82.5 36.0 314.0 | H 1.098 | V -0.001 | pL -0.000 | vL 0.000 | delta 0.002
U 50 | F 102400 | FPS 0830 | D 121 | rR:mu sigma m M 0.00 0.00 0.00 0.00 | F:mu sigma m M 180.0 92.3 36.0 372.0 | H 1.096 | V 0.000 | pL 0.000 | vL 0.000 | delta 0.003
U 51 | F 104448 | FPS 0853 | D 123 | rR:mu sigma m M 0.05 0.19 0.00 0.77 | F:mu sigma m M 183.7 96.1 13.0 372.0 | H 1.095 | V 0.005 | pL -0.005 | vL 0.001 | delta 0.022
U 52 | F 106496 | FPS 0856 | D 125 | rR:mu sigma m M 0.00 0.00 0.00 0.00 | F:mu sigma m M 187.6 152.8 12.0 576.0 | H 1.098 | V 0.011 | pL 0.002 | vL 0.000 | delta 0.004
U 53 | F 108544 | FPS 0814 | D 128 | rR:mu sigma m M 0.00 0.00 0.00 0.00 | F:mu sigma m M 203.5 152.6 12.0 576.0 | H 1.098 | V 0.018 | pL 0.004 | vL 0.001 | delta 0.008
U 54 | F 110592 | FPS 0815 | D 130 | rR:mu sigma m M 0.00 0.00 0.00 0.00 | F:mu sigma m M 174.1 124.9 29.0 508.0 | H 1.098 | V 0.016 | pL 0.002 | vL 0.000 | delta 0.003
U 55 | F 112640 | FPS 0774 | D 133 | rR:mu sigma m M 0.03 0.13 0.00 0.53 | F:mu sigma m M 242.4 208.8 29.0 811.0 | H 1.098 | V 0.018 | pL -0.001 | vL 0.000 | delta 0.005
U 56 | F 114688 | FPS 0856 | D 135 | rR:mu sigma m M 0.04 0.16 0.00 0.64 | F:mu sigma m M 251.8 204.3 31.0 811.0 | H 1.094 | V 0.016 | pL -0.002 | vL 0.000 | delta 0.010
U 57 | F 116736 | FPS 0818 | D 138 | rR:mu sigma m M 0.00 0.00 0.00 0.00 | F:mu sigma m M 180.8 202.5 32.0 900.0 | H 1.098 | V 0.002 | pL -0.000 | vL 0.000 | delta 0.002
U 58 | F 118784 | FPS 0842 | D 140 | rR:mu sigma m M 0.00 0.00 0.00 0.00 | F:mu sigma m M 178.9 153.4 32.0 625.0 | H 1.098 | V 0.002 | pL 0.001 | vL 0.000 | delta 0.001
U 59 | F 120832 | FPS 0817 | D 143 | rR:mu sigma m M 0.00 0.00 0.00 0.00 | F:mu sigma m M 162.0 104.6 28.0 431.0 | H 1.098 | V 0.001 | pL 0.000 | vL 0.000 | delta 0.000
U 60 | F 122880 | FPS 0761 | D 146 | rR:mu sigma m M 0.00 0.00 0.00 0.00 | F:mu sigma m M 132.5 108.6 22.0 393.0 | H 1.099 | V 0.000 | pL -0.000 | vL 0.000 | delta 0.000
U 61 | F 124928 | FPS 0825 | D 148 | rR:mu sigma m M 0.00 0.00 0.00 0.00 | F:mu sigma m M 184.1 149.2 38.0 563.0 | H 1.098 | V 0.000 | pL 0.000 | vL 0.000 | delta 0.000
U 62 | F 126976 | FPS 0813 | D 151 | rR:mu sigma m M 0.00 0.00 0.00 0.00 | F:mu sigma m M 172.8 135.9 38.0 563.0 | H 1.099 | V 0.001 | pL 0.000 | vL 0.000 | delta 0.000
U 63 | F 129024 | FPS 0828 | D 153 | rR:mu sigma m M 0.00 0.00 0.00 0.00 | F:mu sigma m M 204.3 127.0 23.0 563.0 | H 1.099 | V 0.001 | pL -0.000 | vL 0.000 | delta 0.000
U 64 | F 131072 | FPS 0823 | D 156 | rR:mu sigma m M 0.00 0.00 0.00 0.00 | F:mu sigma m M 144.3 111.0 18.0 411.0 | H 1.099 | V 0.000 | pL 0.000 | vL 0.000 | delta 0.000
U 65 | F 133120 | FPS 0828 | D 158 | rR:mu sigma m M 0.00 0.00 0.00 0.00 | F:mu sigma m M 116.8 75.4 18.0 318.0 | H 1.099 | V 0.001 | pL -0.000 | vL 0.000 | delta 0.000
U 66 | F 135168 | FPS 0792 | D 161 | rR:mu sigma m M 0.00 0.00 0.00 0.00 | F:mu sigma m M 219.8 209.6 33.0 803.0 | H 1.099 | V 0.001 | pL 0.000 | vL 0.000 | delta 0.000
U 67 | F 137216 | FPS 0834 | D 163 | rR:mu sigma m M 0.00 0.00 0.00 0.00 | F:mu sigma m M 214.4 195.4 53.0 887.0 | H 1.099 | V 0.000 | pL 0.000 | vL 0.000 | delta 0.000
U 68 | F 139264 | FPS 0844 | D 166 | rR:mu sigma m M 0.00 0.00 0.00 0.00 | F:mu sigma m M 235.4 193.8 36.0 887.0 | H 1.098 | V 0.002 | pL -0.001 | vL 0.000 | delta 0.002
U 69 | F 141312 | FPS 0841 | D 168 | rR:mu sigma m M 0.04 0.15 0.00 0.62 | F:mu sigma m M 142.8 98.7 33.0 383.0 | H 1.098 | V 0.001 | pL -0.001 | vL 0.000 | delta 0.003
U 70 | F 143360 | FPS 0822 | D 170 | rR:mu sigma m M 0.00 0.00 0.00 0.00 | F:mu sigma m M 140.8 122.9 10.0 472.0 | H 1.098 | V 0.005 | pL 0.001 | vL 0.000 | delta 0.004
U 71 | F 145408 | FPS 0827 | D 173 | rR:mu sigma m M 0.00 0.00 0.00 0.00 | F:mu sigma m M 113.5 75.1 17.0 322.0 | H 1.099 | V 0.002 | pL 0.000 | vL 0.000 | delta 0.001
U 72 | F 147456 | FPS 0739 | D 176 | rR:mu sigma m M 0.00 0.00 0.00 0.00 | F:mu sigma m M 139.3 101.4 16.0 359.0 | H 1.099 | V 0.001 | pL 0.000 | vL 0.000 | delta 0.001
U 73 | F 149504 | FPS 0804 | D 178 | rR:mu sigma m M 0.00 0.00 0.00 0.00 | F:mu sigma m M 125.4 99.2 16.0 314.0 | H 1.099 | V 0.001 | pL 0.000 | vL 0.000 | delta 0.000
U 74 | F 151552 | FPS 0785 | D 181 | rR:mu sigma m M 0.00 0.00 0.00 0.00 | F:mu sigma m M 197.4 202.0 16.0 843.0 | H 1.099 | V 0.001 | pL 0.000 | vL 0.000 | delta 0.000
U 75 | F 153600 | FPS 0768 | D 184 | rR:mu sigma m M 0.00 0.00 0.00 0.00 | F:mu sigma m M 177.1 152.8 18.0 659.0 | H 1.099 | V 0.000 | pL 0.000 | vL 0.000 | delta 0.000
U 76 | F 155648 | FPS 0789 | D 186 | rR:mu sigma m M 0.00 0.00 0.00 0.00 | F:mu sigma m M 119.1 58.6 40.0 243.0 | H 1.099 | V 0.001 | pL 0.000 | vL 0.000 | delta 0.000
U 77 | F 157696 | FPS 0787 | D 189 | rR:mu sigma m M 0.00 0.00 0.00 0.00 | F:mu sigma m M 151.6 98.5 40.0 447.0 | H 1.099 | V 0.001 | pL -0.000 | vL 0.000 | delta 0.000
U 78 | F 159744 | FPS 0723 | D 192 | rR:mu sigma m M 0.00 0.00 0.00 0.00 | F:mu sigma m M 133.9 78.7 47.0 292.0 | H 1.099 | V 0.001 | pL -0.000 | vL 0.000 | delta 0.000
U 79 | F 161792 | FPS 0791 | D 194 | rR:mu sigma m M 0.05 0.21 0.00 0.86 | F:mu sigma m M 150.9 122.9 28.0 537.0 | H 1.097 | V 0.006 | pL -0.005 | vL 0.001 | delta 0.026
U 80 | F 163840 | FPS 0824 | D 197 | rR:mu sigma m M 0.05 0.21 0.00 0.86 | F:mu sigma m M 149.6 126.0 19.0 537.0 | H 1.092 | V 0.015 | pL -0.006 | vL 0.002 | delta 0.033
U 81 | F 165888 | FPS 0832 | D 199 | rR:mu sigma m M 0.04 0.17 0.00 0.72 | F:mu sigma m M 181.6 138.5 19.0 539.0 | H 1.095 | V 0.026 | pL 0.000 | vL 0.001 | delta 0.015
U 82 | F 167936 | FPS 0846 | D 202 | rR:mu sigma m M 0.03 0.12 0.00 0.48 | F:mu sigma m M 187.1 155.8 21.0 524.0 | H 1.096 | V 0.027 | pL 0.008 | vL 0.001 | delta 0.008
U 83 | F 169984 | FPS 0839 | D 204 | rR:mu sigma m M 0.00 0.00 0.00 0.00 | F:mu sigma m M 181.5 202.1 48.0 887.0 | H 1.098 | V 0.011 | pL 0.002 | vL 0.000 | delta 0.002
U 84 | F 172032 | FPS 0790 | D 207 | rR:mu sigma m M 0.04 0.17 0.00 0.71 | F:mu sigma m M 180.5 141.9 33.0 609.0 | H 1.096 | V 0.017 | pL -0.002 | vL 0.000 | delta 0.009
U 85 | F 174080 | FPS 0828 | D 209 | rR:mu sigma m M 0.00 0.00 0.00 0.00 | F:mu sigma m M 117.1 101.2 32.0 384.0 | H 1.098 | V 0.008 | pL 0.002 | vL 0.000 | delta 0.002
U 86 | F 176128 | FPS 0808 | D 212 | rR:mu sigma m M 0.00 0.00 0.00 0.00 | F:mu sigma m M 122.8 108.7 12.0 374.0 | H 1.097 | V 0.011 | pL 0.003 | vL 0.000 | delta 0.003
U 87 | F 178176 | FPS 0840 | D 214 | rR:mu sigma m M 0.00 0.00 0.00 0.00 | F:mu sigma m M 144.4 120.0 12.0 382.0 | H 1.097 | V 0.013 | pL -0.000 | vL 0.000 | delta 0.008
U 88 | F 180224 | FPS 0833 | D 216 | rR:mu sigma m M 0.00 0.00 0.00 0.00 | F:mu sigma m M 179.6 130.8 23.0 501.0 | H 1.095 | V 0.013 | pL 0.002 | vL 0.000 | delta 0.010
U 89 | F 182272 | FPS 0819 | D 219 | rR:mu sigma m M 0.05 0.19 0.00 0.76 | F:mu sigma m M 146.1 127.6 36.0 505.0 | H 1.097 | V 0.007 | pL -0.002 | vL 0.000 | delta 0.011
U 90 | F 184320 | FPS 0795 | D 222 | rR:mu sigma m M 0.00 0.00 0.00 0.00 | F:mu sigma m M 155.9 137.3 43.0 562.0 | H 1.095 | V 0.010 | pL 0.003 | vL 0.000 | delta 0.010
U 91 | F 186368 | FPS 0846 | D 224 | rR:mu sigma m M 0.00 0.00 0.00 0.00 | F:mu sigma m M 143.1 93.4 22.0 399.0 | H 1.096 | V 0.017 | pL 0.003 | vL 0.000 | delta 0.008
U 92 | F 188416 | FPS 0862 | D 226 | rR:mu sigma m M 0.00 0.00 0.00 0.00 | F:mu sigma m M 148.2 131.3 17.0 505.0 | H 1.095 | V 0.017 | pL 0.001 | vL 0.000 | delta 0.004
U 93 | F 190464 | FPS 0878 | D 229 | rR:mu sigma m M 0.05 0.20 0.00 0.86 | F:mu sigma m M 141.2 134.6 20.0 507.0 | H 1.096 | V 0.023 | pL 0.002 | vL 0.001 | delta 0.011
U 94 | F 192512 | FPS 0852 | D 231 | rR:mu sigma m M 0.09 0.25 0.00 0.84 | F:mu sigma m M 161.9 157.5 25.0 563.0 | H 1.096 | V 0.024 | pL -0.005 | vL 0.001 | delta 0.012
U 95 | F 194560 | FPS 0878 | D 233 | rR:mu sigma m M 0.00 0.00 0.00 0.00 | F:mu sigma m M 150.8 119.5 35.0 513.0 | H 1.096 | V 0.013 | pL 0.004 | vL 0.000 | delta 0.003
U 96 | F 196608 | FPS 0804 | D 236 | rR:mu sigma m M 0.00 0.00 0.00 0.00 | F:mu sigma m M 161.9 137.4 22.0 463.0 | H 1.098 | V 0.010 | pL 0.001 | vL 0.000 | delta 0.004
U 97 | F 198656 | FPS 0867 | D 238 | rR:mu sigma m M 0.00 0.00 0.00 0.00 | F:mu sigma m M 165.9 132.7 22.0 481.0 | H 1.097 | V 0.006 | pL 0.003 | vL 0.000 | delta 0.005
U 98 | F 200704 | FPS 0864 | D 241 | rR:mu sigma m M 0.00 0.00 0.00 0.00 | F:mu sigma m M 169.2 93.8 28.0 408.0 | H 1.098 | V 0.008 | pL 0.001 | vL 0.000 | delta 0.003
U 99 | F 202752 | FPS 0865 | D 243 | rR:mu sigma m M 0.00 0.00 0.00 0.00 | F:mu sigma m M 182.8 92.4 42.0 412.0 | H 1.098 | V 0.008 | pL 0.001 | vL 0.000 | delta 0.002
U 100 | F 204800 | FPS 0859 | D 245 | rR:mu sigma m M 0.00 0.00 0.00 0.00 | F:mu sigma m M 192.2 107.5 37.0 412.0 | H 1.096 | V 0.007 | pL 0.002 | vL 0.000 | delta 0.004
U 101 | F 206848 | FPS 0806 | D 248 | rR:mu sigma m M 0.00 0.00 0.00 0.00 | F:mu sigma m M 195.4 116.8 26.0 464.0 | H 1.098 | V 0.003 | pL -0.000 | vL 0.000 | delta 0.001
U 102 | F 208896 | FPS 0852 | D 250 | rR:mu sigma m M 0.00 0.00 0.00 0.00 | F:mu sigma m M 157.4 94.4 45.0 464.0 | H 1.097 | V 0.008 | pL 0.002 | vL 0.000 | delta 0.006
U 103 | F 210944 | FPS 0779 | D 253 | rR:mu sigma m M 0.00 0.00 0.00 0.00 | F:mu sigma m M 160.1 75.1 45.0 298.0 | H 1.097 | V 0.003 | pL -0.001 | vL 0.000 | delta 0.002
U 104 | F 212992 | FPS 0852 | D 255 | rR:mu sigma m M 0.00 0.00 0.00 0.00 | F:mu sigma m M 210.2 181.6 39.0 738.0 | H 1.097 | V 0.002 | pL 0.001 | vL 0.000 | delta 0.002
U 105 | F 215040 | FPS 0856 | D 258 | rR:mu sigma m M 0.00 0.00 0.00 0.00 | F:mu sigma m M 139.2 96.0 41.0 388.0 | H 1.096 | V 0.003 | pL 0.001 | vL 0.000 | delta 0.002
U 106 | F 217088 | FPS 0849 | D 260 | rR:mu sigma m M 0.05 0.20 0.00 0.83 | F:mu sigma m M 176.8 118.9 34.0 517.0 | H 1.097 | V 0.010 | pL -0.007 | vL 0.001 | delta 0.009
U 107 | F 219136 | FPS 0851 | D 263 | rR:mu sigma m M 0.10 0.26 0.00 0.83 | F:mu sigma m M 133.2 73.9 29.0 282.0 | H 1.097 | V 0.013 | pL -0.004 | vL 0.000 | delta 0.009
U 108 | F 221184 | FPS 0855 | D 265 | rR:mu sigma m M 0.00 0.00 0.00 0.00 | F:mu sigma m M 180.9 145.0 36.0 681.0 | H 1.098 | V 0.005 | pL 0.001 | vL 0.000 | delta 0.001
U 109 | F 223232 | FPS 0791 | D 268 | rR:mu sigma m M 0.00 0.00 0.00 0.00 | F:mu sigma m M 175.4 150.9 35.0 681.0 | H 1.098 | V 0.004 | pL 0.001 | vL 0.000 | delta 0.001
U 110 | F 225280 | FPS 0856 | D 270 | rR:mu sigma m M 0.04 0.17 0.00 0.70 | F:mu sigma m M 149.8 119.2 43.0 511.0 | H 1.097 | V 0.014 | pL -0.004 | vL 0.000 | delta 0.006
U 111 | F 227328 | FPS 0855 | D 272 | rR:mu sigma m M 0.04 0.17 0.00 0.70 | F:mu sigma m M 232.9 259.2 7.0 900.0 | H 1.098 | V 0.005 | pL 0.001 | vL 0.000 | delta 0.001
U 112 | F 229376 | FPS 0825 | D 275 | rR:mu sigma m M 0.00 0.00 0.00 0.00 | F:mu sigma m M 195.1 170.6 18.0 664.0 | H 1.098 | V 0.004 | pL 0.001 | vL 0.000 | delta 0.001
U 113 | F 231424 | FPS 0830 | D 277 | rR:mu sigma m M 0.00 0.00 0.00 0.00 | F:mu sigma m M 126.8 91.9 23.0 405.0 | H 1.097 | V 0.012 | pL -0.004 | vL 0.001 | delta 0.020
U 114 | F 233472 | FPS 0840 | D 280 | rR:mu sigma m M 0.05 0.19 0.00 0.78 | F:mu sigma m M 202.4 136.8 26.0 566.0 | H 1.088 | V 0.016 | pL -0.002 | vL 0.001 | delta 0.035
U 115 | F 235520 | FPS 0798 | D 282 | rR:mu sigma m M 0.00 0.00 0.00 0.00 | F:mu sigma m M 205.8 128.7 23.0 566.0 | H 1.092 | V -0.009 | pL -0.004 | vL 0.000 | delta 0.006
U 116 | F 237568 | FPS 0846 | D 285 | rR:mu sigma m M 0.00 0.00 0.00 0.00 | F:mu sigma m M 190.3 114.8 37.0 436.0 | H 1.097 | V -0.007 | pL -0.003 | vL 0.000 | delta 0.002
U 117 | F 239616 | FPS 0852 | D 287 | rR:mu sigma m M 0.00 0.00 0.00 0.00 | F:mu sigma m M 190.4 123.5 23.0 426.0 | H 1.098 | V -0.004 | pL -0.002 | vL 0.000 | delta 0.002
U 118 | F 241664 | FPS 0831 | D 290 | rR:mu sigma m M 0.00 0.00 0.00 0.00 | F:mu sigma m M 113.1 87.5 16.0 366.0 | H 1.098 | V -0.004 | pL -0.002 | vL 0.000 | delta 0.001
U 119 | F 243712 | FPS 0843 | D 292 | rR:mu sigma m M 0.00 0.00 0.00 0.00 | F:mu sigma m M 130.5 140.5 16.0 577.0 | H 1.097 | V 0.002 | pL -0.000 | vL 0.000 | delta 0.005
U 120 | F 245760 | FPS 0848 | D 295 | rR:mu sigma m M 0.00 0.00 0.00 0.00 | F:mu sigma m M 197.4 163.5 23.0 577.0 | H 1.098 | V -0.001 | pL -0.000 | vL 0.000 | delta 0.001
U 121 | F 247808 | FPS 0792 | D 297 | rR:mu sigma m M 0.00 0.00 0.00 0.00 | F:mu sigma m M 160.1 128.4 18.0 535.0 | H 1.098 | V -0.001 | pL -0.000 | vL 0.000 | delta 0.001
U 122 | F 249856 | FPS 0846 | D 300 | rR:mu sigma m M 0.00 0.00 0.00 0.00 | F:mu sigma m M 222.2 227.2 23.0 742.0 | H 1.098 | V -0.001 | pL -0.000 | vL 0.000 | delta 0.001
U 123 | F 251904 | FPS 0805 | D 302 | rR:mu sigma m M 0.00 0.00 0.00 0.00 | F:mu sigma m M 134.7 103.1 23.0 367.0 | H 1.098 | V -0.000 | pL -0.000 | vL 0.000 | delta 0.000
U 124 | F 253952 | FPS 0824 | D 305 | rR:mu sigma m M 0.00 0.00 0.00 0.00 | F:mu sigma m M 217.3 170.4 40.0 644.0 | H 1.098 | V 0.000 | pL -0.000 | vL 0.000 | delta 0.001
U 125 | F 256000 | FPS 0838 | D 307 | rR:mu sigma m M 0.00 0.00 0.00 0.00 | F:mu sigma m M 196.8 173.9 40.0 644.0 | H 1.098 | V 0.000 | pL -0.000 | vL 0.000 | delta 0.000
U 126 | F 258048 | FPS 0830 | D 309 | rR:mu sigma m M 0.00 0.00 0.00 0.00 | F:mu sigma m M 185.1 147.6 38.0 498.0 | H 1.098 | V 0.002 | pL 0.000 | vL 0.000 | delta 0.002
U 127 | F 260096 | FPS 0752 | D 312 | rR:mu sigma m M 0.00 0.00 0.00 0.00 | F:mu sigma m M 189.8 182.0 11.0 652.0 | H 1.099 | V 0.001 | pL 0.000 | vL 0.000 | delta 0.001
U 128 | F 262144 | FPS 0821 | D 315 | rR:mu sigma m M 0.00 0.00 0.00 0.00 | F:mu sigma m M 215.8 198.1 11.0 652.0 | H 1.099 | V 0.001 | pL 0.000 | vL 0.000 | delta 0.000
U 129 | F 264192 | FPS 0832 | D 317 | rR:mu sigma m M 0.00 0.00 0.00 0.00 | F:mu sigma m M 179.7 196.8 18.0 863.0 | H 1.099 | V 0.001 | pL 0.000 | vL 0.000 | delta 0.000
U 130 | F 266240 | FPS 0834 | D 320 | rR:mu sigma m M 0.00 0.00 0.00 0.00 | F:mu sigma m M 139.2 95.5 32.0 309.0 | H 1.099 | V 0.001 | pL 0.000 | vL 0.000 | delta 0.000
U 131 | F 268288 | FPS 0823 | D 322 | rR:mu sigma m M 0.00 0.00 0.00 0.00 | F:mu sigma m M 144.7 96.2 16.0 376.0 | H 1.099 | V 0.001 | pL 0.000 | vL 0.000 | delta 0.000
U 132 | F 270336 | FPS 0819 | D 325 | rR:mu sigma m M 0.00 0.00 0.00 0.00 | F:mu sigma m M 184.6 114.1 49.0 470.0 | H 1.098 | V 0.002 | pL 0.001 | vL 0.000 | delta 0.001
U 133 | F 272384 | FPS 0750 | D 327 | rR:mu sigma m M 0.00 0.00 0.00 0.00 | F:mu sigma m M 149.7 118.6 22.0 470.0 | H 1.099 | V 0.001 | pL 0.000 | vL 0.000 | delta 0.001
U 134 | F 274432 | FPS 0791 | D 330 | rR:mu sigma m M 0.00 0.00 0.00 0.00 | F:mu sigma m M 172.4 148.8 21.0 462.0 | H 1.099 | V 0.001 | pL 0.000 | vL 0.000 | delta 0.000
U 135 | F 276480 | FPS 0788 | D 333 | rR:mu sigma m M 0.05 0.18 0.00 0.73 | F:mu sigma m M 235.1 176.1 37.0 587.0 | H 1.096 | V 0.007 | pL -0.006 | vL 0.001 | delta 0.011
U 136 | F 278528 | FPS 0800 | D 335 | rR:mu sigma m M 0.05 0.18 0.00 0.73 | F:mu sigma m M 216.1 163.1 42.0 587.0 | H 1.098 | V 0.004 | pL 0.002 | vL 0.000 | delta 0.002
U 137 | F 280576 | FPS 0754 | D 338 | rR:mu sigma m M 0.00 0.00 0.00 0.00 | F:mu sigma m M 179.7 132.2 34.0 508.0 | H 1.098 | V 0.005 | pL -0.001 | vL 0.000 | delta 0.002
U 138 | F 282624 | FPS 0818 | D 340 | rR:mu sigma m M 0.04 0.14 0.00 0.60 | F:mu sigma m M 185.4 130.8 34.0 435.0 | H 1.098 | V 0.003 | pL -0.001 | vL 0.000 | delta 0.011
U 139 | F 284672 | FPS 0766 | D 343 | rR:mu sigma m M 0.00 0.00 0.00 0.00 | F:mu sigma m M 143.3 106.9 54.0 452.0 | H 1.098 | V 0.002 | pL -0.000 | vL 0.000 | delta 0.002
U 140 | F 286720 | FPS 0832 | D 345 | rR:mu sigma m M 0.03 0.11 0.00 0.47 | F:mu sigma m M 218.2 159.0 42.0 580.0 | H 1.094 | V 0.014 | pL -0.002 | vL 0.000 | delta 0.013
U 141 | F 288768 | FPS 0806 | D 348 | rR:mu sigma m M 0.00 0.00 0.00 0.00 | F:mu sigma m M 154.4 120.9 42.0 497.0 | H 1.099 | V -0.002 | pL -0.001 | vL 0.000 | delta 0.002
U 142 | F 290816 | FPS 0826 | D 350 | rR:mu sigma m M 0.00 0.00 0.00 0.00 | F:mu sigma m M 190.2 184.3 34.0 720.0 | H 1.098 | V -0.000 | pL -0.001 | vL 0.000 | delta 0.003
U 143 | F 292864 | FPS 0838 | D 353 | rR:mu sigma m M 0.00 0.00 0.00 0.00 | F:mu sigma m M 211.4 154.7 34.0 720.0 | H 1.098 | V 0.001 | pL 0.000 | vL 0.000 | delta 0.002
U 144 | F 294912 | FPS 0839 | D 355 | rR:mu sigma m M 0.00 0.00 0.00 0.00 | F:mu sigma m M 158.6 82.1 19.0 304.0 | H 1.096 | V 0.002 | pL 0.001 | vL 0.000 | delta 0.005
U 145 | F 296960 | FPS 0774 | D 358 | rR:mu sigma m M 0.00 0.00 0.00 0.00 | F:mu sigma m M 128.8 119.6 25.0 485.0 | H 1.098 | V -0.002 | pL -0.001 | vL 0.000 | delta 0.001
U 146 | F 299008 | FPS 0827 | D 360 | rR:mu sigma m M 0.00 0.00 0.00 0.00 | F:mu sigma m M 175.8 147.0 25.0 677.0 | H 1.099 | V -0.002 | pL -0.000 | vL 0.000 | delta 0.000
U 147 | F 301056 | FPS 0803 | D 363 | rR:mu sigma m M 0.00 0.00 0.00 0.00 | F:mu sigma m M 177.4 182.7 70.0 847.0 | H 1.099 | V -0.002 | pL -0.000 | vL 0.000 | delta 0.000
U 148 | F 303104 | FPS 0790 | D 366 | rR:mu sigma m M 0.00 0.00 0.00 0.00 | F:mu sigma m M 135.7 134.6 9.0 506.0 | H 1.098 | V -0.001 | pL -0.000 | vL 0.000 | delta 0.001
U 149 | F 305152 | FPS 0792 | D 368 | rR:mu sigma m M 0.00 0.00 0.00 0.00 | F:mu sigma m M 159.1 154.2 33.0 523.0 | H 1.099 | V -0.001 | pL -0.000 | vL 0.000 | delta 0.000
U 150 | F 307200 | FPS 0742 | D 371 | rR:mu sigma m M 0.00 0.00 0.00 0.00 | F:mu sigma m M 159.4 154.9 21.0 495.0 | H 1.099 | V -0.001 | pL -0.000 | vL 0.000 | delta 0.000
U 151 | F 309248 | FPS 0806 | D 373 | rR:mu sigma m M 0.00 0.00 0.00 0.00 | F:mu sigma m M 196.6 197.5 21.0 788.0 | H 1.099 | V -0.000 | pL -0.000 | vL 0.000 | delta 0.000
U 152 | F 311296 | FPS 0809 | D 376 | rR:mu sigma m M 0.00 0.00 0.00 0.00 | F:mu sigma m M 141.2 86.0 36.0 334.0 | H 1.099 | V -0.000 | pL -0.000 | vL 0.000 | delta 0.000
U 153 | F 313344 | FPS 0775 | D 379 | rR:mu sigma m M 0.00 0.00 0.00 0.00 | F:mu sigma m M 195.8 124.5 51.0 436.0 | H 1.099 | V -0.000 | pL -0.000 | vL 0.000 | delta 0.000
U 154 | F 315392 | FPS 0789 | D 381 | rR:mu sigma m M 0.06 0.21 0.00 0.89 | F:mu sigma m M 143.9 109.4 15.0 431.0 | H 1.097 | V 0.007 | pL -0.007 | vL 0.001 | delta 0.015
U 155 | F 317440 | FPS 0802 | D 384 | rR:mu sigma m M 0.00 0.00 0.00 0.00 | F:mu sigma m M 169.7 113.5 32.0 431.0 | H 1.098 | V -0.003 | pL -0.003 | vL 0.000 | delta 0.006
U 156 | F 319488 | FPS 0756 | D 387 | rR:mu sigma m M 0.00 0.00 0.00 0.00 | F:mu sigma m M 165.6 106.3 33.0 357.0 | H 1.098 | V -0.004 | pL -0.001 | vL 0.000 | delta 0.002
U 157 | F 321536 | FPS 0782 | D 389 | rR:mu sigma m M 0.00 0.00 0.00 0.00 | F:mu sigma m M 195.6 113.6 33.0 439.0 | H 1.099 | V -0.003 | pL -0.001 | vL 0.000 | delta 0.000
U 158 | F 323584 | FPS 0744 | D 392 | rR:mu sigma m M 0.00 0.00 0.00 0.00 | F:mu sigma m M 211.2 151.4 43.0 511.0 | H 1.098 | V -0.000 | pL -0.001 | vL 0.000 | delta 0.001
U 159 | F 325632 | FPS 0779 | D 395 | rR:mu sigma m M 0.08 0.21 0.00 0.64 | F:mu sigma m M 219.6 171.9 35.0 669.0 | H 1.096 | V 0.010 | pL -0.010 | vL 0.001 | delta 0.013
U 160 | F 327680 | FPS 0753 | D 397 | rR:mu sigma m M 0.08 0.21 0.00 0.64 | F:mu sigma m M 239.4 181.4 35.0 669.0 | H 1.098 | V -0.001 | pL -0.003 | vL 0.000 | delta 0.003
U 161 | F 329728 | FPS 0756 | D 400 | rR:mu sigma m M 0.00 0.00 0.00 0.00 | F:mu sigma m M 199.8 150.4 26.0 529.0 | H 1.097 | V 0.003 | pL -0.001 | vL 0.000 | delta 0.004
U 162 | F 331776 | FPS 0714 | D 403 | rR:mu sigma m M 0.00 0.00 0.00 0.00 | F:mu sigma m M 188.4 124.6 49.0 494.0 | H 1.095 | V 0.005 | pL 0.002 | vL 0.000 | delta 0.003
U 163 | F 333824 | FPS 0791 | D 405 | rR:mu sigma m M 0.04 0.18 0.00 0.79 | F:mu sigma m M 138.8 136.8 24.0 626.0 | H 1.097 | V 0.012 | pL -0.005 | vL 0.001 | delta 0.010
U 164 | F 335872 | FPS 0798 | D 408 | rR:mu sigma m M 0.00 0.00 0.00 0.00 | F:mu sigma m M 99.5 59.8 19.0 227.0 | H 1.098 | V 0.005 | pL 0.001 | vL 0.000 | delta 0.002
U 165 | F 337920 | FPS 0756 | D 411 | rR:mu sigma m M 0.00 0.00 0.00 0.00 | F:mu sigma m M 161.4 142.9 43.0 676.0 | H 1.098 | V 0.003 | pL 0.001 | vL 0.000 | delta 0.001
U 166 | F 339968 | FPS 0801 | D 413 | rR:mu sigma m M 0.00 0.00 0.00 0.00 | F:mu sigma m M 203.2 206.3 25.0 900.0 | H 1.098 | V 0.003 | pL 0.001 | vL 0.000 | delta 0.001
U 167 | F 342016 | FPS 0771 | D 416 | rR:mu sigma m M 0.00 0.00 0.00 0.00 | F:mu sigma m M 174.6 103.1 32.0 413.0 | H 1.098 | V 0.002 | pL 0.001 | vL 0.000 | delta 0.001
U 168 | F 344064 | FPS 0819 | D 418 | rR:mu sigma m M 0.00 0.00 0.00 0.00 | F:mu sigma m M 193.4 103.9 19.0 339.0 | H 1.099 | V 0.001 | pL 0.000 | vL 0.000 | delta 0.000
U 169 | F 346112 | FPS 0808 | D 421 | rR:mu sigma m M 0.00 0.00 0.00 0.00 | F:mu sigma m M 181.2 158.2 19.0 700.0 | H 1.099 | V 0.001 | pL 0.000 | vL 0.000 | delta 0.000
U 170 | F 348160 | FPS 0814 | D 423 | rR:mu sigma m M 0.00 0.00 0.00 0.00 | F:mu sigma m M 184.9 179.5 13.0 689.0 | H 1.098 | V 0.001 | pL 0.000 | vL 0.000 | delta 0.000
U 171 | F 350208 | FPS 0816 | D 426 | rR:mu sigma m M 0.00 0.00 0.00 0.00 | F:mu sigma m M 148.4 125.3 14.0 479.0 | H 1.099 | V 0.001 | pL 0.000 | vL 0.000 | delta 0.000
U 172 | F 352256 | FPS 0796 | D 429 | rR:mu sigma m M 0.05 0.20 0.00 0.83 | F:mu sigma m M 139.8 104.2 14.0 407.0 | H 1.096 | V 0.006 | pL -0.007 | vL 0.001 | delta 0.029
U 173 | F 354304 | FPS 0754 | D 431 | rR:mu sigma m M 0.05 0.20 0.00 0.83 | F:mu sigma m M 182.4 158.4 22.0 655.0 | H 1.098 | V 0.022 | pL 0.006 | vL 0.000 | delta 0.010
U 174 | F 356352 | FPS 0807 | D 434 | rR:mu sigma m M 0.00 0.00 0.00 0.00 | F:mu sigma m M 224.6 162.6 49.0 553.0 | H 1.096 | V 0.025 | pL 0.004 | vL 0.000 | delta 0.008
U 175 | F 358400 | FPS 0797 | D 436 | rR:mu sigma m M 0.03 0.13 0.00 0.54 | F:mu sigma m M 262.5 163.1 27.0 553.0 | H 1.094 | V 0.031 | pL 0.004 | vL 0.001 | delta 0.019
U 176 | F 360448 | FPS 0774 | D 439 | rR:mu sigma m M 0.03 0.13 0.00 0.54 | F:mu sigma m M 191.9 132.0 27.0 461.0 | H 1.098 | V 0.012 | pL 0.003 | vL 0.000 | delta 0.010
U 177 | F 362496 | FPS 0779 | D 442 | rR:mu sigma m M 0.00 0.00 0.00 0.00 | F:mu sigma m M 166.1 138.2 31.0 451.0 | H 1.098 | V 0.014 | pL 0.003 | vL 0.000 | delta 0.002
U 178 | F 364544 | FPS 0801 | D 444 | rR:mu sigma m M 0.00 0.00 0.00 0.00 | F:mu sigma m M 225.6 173.5 31.0 653.0 | H 1.098 | V 0.010 | pL 0.003 | vL 0.000 | delta 0.002
U 179 | F 366592 | FPS 0755 | D 447 | rR:mu sigma m M 0.00 0.00 0.00 0.00 | F:mu sigma m M 159.6 145.3 16.0 473.0 | H 1.098 | V 0.009 | pL 0.002 | vL 0.000 | delta 0.001
U 180 | F 368640 | FPS 0795 | D 450 | rR:mu sigma m M 0.00 0.00 0.00 0.00 | F:mu sigma m M 170.6 162.5 20.0 509.0 | H 1.098 | V 0.006 | pL 0.002 | vL 0.000 | delta 0.001
U 181 | F 370688 | FPS 0779 | D 452 | rR:mu sigma m M 0.00 0.00 0.00 0.00 | F:mu sigma m M 152.1 138.4 22.0 509.0 | H 1.099 | V 0.005 | pL 0.001 | vL 0.000 | delta 0.000
U 182 | F 372736 | FPS 0798 | D 455 | rR:mu sigma m M 0.00 0.00 0.00 0.00 | F:mu sigma m M 200.1 159.0 37.0 527.0 | H 1.098 | V 0.004 | pL 0.001 | vL 0.000 | delta 0.001
U 183 | F 374784 | FPS 0785 | D 457 | rR:mu sigma m M 0.00 0.00 0.00 0.00 | F:mu sigma m M 190.6 162.6 37.0 527.0 | H 1.099 | V 0.004 | pL 0.001 | vL 0.000 | delta 0.001
U 184 | F 376832 | FPS 0799 | D 460 | rR:mu sigma m M 0.00 0.00 0.00 0.00 | F:mu sigma m M 205.3 157.4 43.0 539.0 | H 1.099 | V 0.004 | pL 0.001 | vL 0.000 | delta 0.001
U 185 | F 378880 | FPS 0747 | D 463 | rR:mu sigma m M 0.04 0.17 0.00 0.70 | F:mu sigma m M 254.0 148.0 51.0 590.0 | H 1.096 | V 0.011 | pL -0.004 | vL 0.001 | delta 0.013
U 186 | F 380928 | FPS 0796 | D 465 | rR:mu sigma m M 0.00 0.00 0.00 0.00 | F:mu sigma m M 200.9 173.8 44.0 675.0 | H 1.097 | V 0.007 | pL 0.003 | vL 0.000 | delta 0.007
U 187 | F 382976 | FPS 0804 | D 468 | rR:mu sigma m M 0.05 0.18 0.00 0.75 | F:mu sigma m M 153.4 152.2 36.0 675.0 | H 1.094 | V 0.014 | pL -0.005 | vL 0.001 | delta 0.019
U 188 | F 385024 | FPS 0810 | D 470 | rR:mu sigma m M 0.00 0.00 0.00 0.00 | F:mu sigma m M 130.0 146.4 29.0 652.0 | H 1.092 | V 0.017 | pL -0.001 | vL 0.000 | delta 0.013
U 189 | F 387072 | FPS 0814 | D 473 | rR:mu sigma m M 0.05 0.18 0.00 0.73 | F:mu sigma m M 208.8 195.8 40.0 897.0 | H 1.093 | V 0.029 | pL -0.001 | vL 0.001 | delta 0.021
U 190 | F 389120 | FPS 0717 | D 476 | rR:mu sigma m M 0.05 0.20 0.00 0.82 | F:mu sigma m M 205.2 236.5 11.0 897.0 | H 1.096 | V 0.009 | pL 0.002 | vL 0.000 | delta 0.004
U 191 | F 391168 | FPS 0801 | D 478 | rR:mu sigma m M 0.00 0.00 0.00 0.00 | F:mu sigma m M 146.6 161.3 11.0 707.0 | H 1.098 | V 0.008 | pL 0.001 | vL 0.000 | delta 0.002
U 192 | F 393216 | FPS 0781 | D 481 | rR:mu sigma m M 0.05 0.19 0.00 0.77 | F:mu sigma m M 175.9 125.1 25.0 471.0 | H 1.084 | V 0.022 | pL -0.000 | vL 0.001 | delta 0.026
U 193 | F 395264 | FPS 0805 | D 483 | rR:mu sigma m M 0.06 0.21 0.00 0.88 | F:mu sigma m M 144.5 124.5 25.0 498.0 | H 1.093 | V 0.019 | pL -0.003 | vL 0.001 | delta 0.017
U 194 | F 397312 | FPS 0808 | D 486 | rR:mu sigma m M 0.02 0.06 0.00 0.27 | F:mu sigma m M 244.2 195.3 44.0 732.0 | H 1.096 | V 0.011 | pL 0.000 | vL 0.000 | delta 0.007
U 195 | F 399360 | FPS 0804 | D 488 | rR:mu sigma m M 0.02 0.06 0.00 0.27 | F:mu sigma m M 234.0 182.5 44.0 732.0 | H 1.095 | V 0.018 | pL -0.003 | vL 0.000 | delta 0.006
U 196 | F 401408 | FPS 0763 | D 491 | rR:mu sigma m M 0.06 0.22 0.00 0.91 | F:mu sigma m M 199.0 110.8 61.0 503.0 | H 1.091 | V 0.022 | pL -0.001 | vL 0.002 | delta 0.016
U 197 | F 403456 | FPS 0817 | D 494 | rR:mu sigma m M 0.06 0.22 0.00 0.91 | F:mu sigma m M 225.9 197.7 15.0 697.0 | H 1.098 | V 0.007 | pL 0.002 | vL 0.000 | delta 0.003
U 198 | F 405504 | FPS 0826 | D 496 | rR:mu sigma m M 0.05 0.19 0.00 0.77 | F:mu sigma m M 171.9 171.9 15.0 697.0 | H 1.095 | V 0.016 | pL -0.006 | vL 0.000 | delta 0.014
U 199 | F 407552 | FPS 0815 | D 499 | rR:mu sigma m M 0.05 0.19 0.00 0.77 | F:mu sigma m M 152.3 85.8 21.0 293.0 | H 1.097 | V 0.006 | pL 0.001 | vL 0.000 | delta 0.007
U 200 | F 409600 | FPS 0820 | D 501 | rR:mu sigma m M 0.00 0.00 0.00 0.00 | F:mu sigma m M 202.3 165.6 20.0 648.0 | H 1.096 | V 0.006 | pL -0.001 | vL 0.000 | delta 0.003
U 201 | F 411648 | FPS 0827 | D 504 | rR:mu sigma m M 0.05 0.20 0.00 0.82 | F:mu sigma m M 240.8 175.0 25.0 648.0 | H 1.090 | V 0.016 | pL -0.004 | vL 0.002 | delta 0.032
U 202 | F 413696 | FPS 0763 | D 506 | rR:mu sigma m M 0.04 0.14 0.00 0.61 | F:mu sigma m M 149.5 114.9 14.0 390.0 | H 1.091 | V 0.025 | pL -0.003 | vL 0.001 | delta 0.019
U 203 | F 415744 | FPS 0790 | D 509 | rR:mu sigma m M 0.09 0.24 0.00 0.83 | F:mu sigma m M 165.9 96.3 44.0 415.0 | H 1.082 | V 0.049 | pL 0.002 | vL 0.002 | delta 0.014
U 204 | F 417792 | FPS 0818 | D 511 | rR:mu sigma m M 0.00 0.00 0.00 0.00 | F:mu sigma m M 135.1 77.7 41.0 380.0 | H 1.089 | V 0.027 | pL 0.011 | vL 0.001 | delta 0.007
U 205 | F 419840 | FPS 0819 | D 514 | rR:mu sigma m M 0.00 0.00 0.00 0.00 | F:mu sigma m M 129.1 58.6 42.0 261.0 | H 1.097 | V 0.022 | pL 0.004 | vL 0.000 | delta 0.002
U 206 | F 421888 | FPS 0821 | D 516 | rR:mu sigma m M 0.07 0.20 0.00 0.69 | F:mu sigma m M 165.9 122.2 28.0 495.0 | H 1.091 | V 0.025 | pL -0.005 | vL 0.001 | delta 0.010
U 207 | F 423936 | FPS 0829 | D 519 | rR:mu sigma m M 0.04 0.17 0.00 0.69 | F:mu sigma m M 245.1 175.4 28.0 588.0 | H 1.092 | V 0.016 | pL 0.002 | vL 0.000 | delta 0.007
U 208 | F 425984 | FPS 0773 | D 522 | rR:mu sigma m M 0.05 0.20 0.00 0.81 | F:mu sigma m M 146.2 76.7 18.0 307.0 | H 1.078 | V 0.028 | pL -0.002 | vL 0.001 | delta 0.012
U 209 | F 428032 | FPS 0804 | D 524 | rR:mu sigma m M 0.09 0.24 0.00 0.81 | F:mu sigma m M 176.9 133.2 18.0 479.0 | H 1.093 | V 0.014 | pL -0.002 | vL 0.001 | delta 0.013
U 210 | F 430080 | FPS 0822 | D 527 | rR:mu sigma m M 0.05 0.21 0.00 0.88 | F:mu sigma m M 153.2 101.0 31.0 387.0 | H 1.086 | V 0.028 | pL -0.001 | vL 0.002 | delta 0.020
U 211 | F 432128 | FPS 0823 | D 529 | rR:mu sigma m M 0.19 0.34 0.00 0.85 | F:mu sigma m M 143.2 86.8 14.0 259.0 | H 1.076 | V 0.042 | pL -0.016 | vL 0.003 | delta 0.032
U 212 | F 434176 | FPS 0826 | D 532 | rR:mu sigma m M 0.23 0.34 0.00 0.86 | F:mu sigma m M 171.4 104.6 14.0 379.0 | H 1.050 | V 0.067 | pL -0.011 | vL 0.002 | delta 0.026
U 213 | F 436224 | FPS 0796 | D 534 | rR:mu sigma m M 0.05 0.21 0.00 0.88 | F:mu sigma m M 127.5 93.7 26.0 430.0 | H 1.088 | V 0.031 | pL -0.003 | vL 0.002 | delta 0.046
U 214 | F 438272 | FPS 0754 | D 537 | rR:mu sigma m M 0.14 0.31 0.00 0.88 | F:mu sigma m M 118.6 103.8 17.0 415.0 | H 1.042 | V 0.089 | pL -0.019 | vL 0.006 | delta 0.041
U 215 | F 440320 | FPS 0801 | D 539 | rR:mu sigma m M 0.23 0.35 0.00 0.91 | F:mu sigma m M 147.0 117.0 17.0 408.0 | H 0.994 | V 0.140 | pL -0.012 | vL 0.006 | delta 0.052
U 216 | F 442368 | FPS 0832 | D 542 | rR:mu sigma m M 0.23 0.35 0.00 0.81 | F:mu sigma m M 158.1 93.0 20.0 287.0 | H 0.975 | V 0.188 | pL -0.013 | vL 0.007 | delta 0.058
U 217 | F 444416 | FPS 0826 | D 544 | rR:mu sigma m M 0.51 0.42 0.00 0.94 | F:mu sigma m M 108.1 62.5 21.0 243.0 | H 0.919 | V 0.205 | pL -0.035 | vL 0.007 | delta 0.037
U 218 | F 446464 | FPS 0834 | D 547 | rR:mu sigma m M 0.69 0.35 0.00 0.94 | F:mu sigma m M 125.5 59.8 49.0 330.0 | H 0.901 | V 0.314 | pL -0.062 | vL 0.009 | delta 0.074
U 219 | F 448512 | FPS 0772 | D 549 | rR:mu sigma m M 0.67 0.39 0.00 0.96 | F:mu sigma m M 85.2 53.3 15.0 232.0 | H 0.805 | V 0.407 | pL -0.056 | vL 0.009 | delta 0.076
U 220 | F 450560 | FPS 0776 | D 552 | rR:mu sigma m M 0.79 0.32 0.00 0.97 | F:mu sigma m M 80.0 40.4 16.0 203.0 | H 0.722 | V 0.487 | pL -0.035 | vL 0.007 | delta 0.061
U 221 | F 452608 | FPS 0842 | D 555 | rR:mu sigma m M 0.88 0.19 0.00 0.96 | F:mu sigma m M 88.5 59.9 37.0 284.0 | H 0.627 | V 0.560 | pL -0.034 | vL 0.009 | delta 0.049
U 222 | F 454656 | FPS 0818 | D 557 | rR:mu sigma m M 0.84 0.29 0.00 0.97 | F:mu sigma m M 64.1 30.7 32.0 168.0 | H 0.588 | V 0.574 | pL -0.051 | vL 0.012 | delta 0.092
U 223 | F 456704 | FPS 0819 | D 560 | rR:mu sigma m M 0.94 0.04 0.72 0.97 | F:mu sigma m M 60.0 39.7 33.0 280.0 | H 0.609 | V 0.654 | pL -0.061 | vL 0.003 | delta 0.050
agent reach optimality, start collecting trajectories
agent successfully collected 10 trajectories
pickling optimal trajectories
Model successfully saved
