The following modules were not unloaded:
  (Use "module --force purge" to unload all):

  1) StdEnv/2018.3     4) gcccore/.7.3.0      7) intel/2018.3
  2) nixpkgs/16.09     5) icc/.2018.3.222     8) openmpi/3.1.2
  3) imkl/2018.3.222   6) ifort/.2018.3.222

Due to MODULEPATH changes, the following have been reloaded:
  1) openmpi/3.1.2

Attention: While Conda works well in a desktop environment, it tends to create more problems than it solves on a cluster. Instead, we recommend that users use virtual environments and the binary packages that we provide through Python wheels as documented on the Python page.
/home/rdali/RL/watch_and_learn/dependency/rl-starter-files/scripts/train_agent_multidem.py --env MiniGrid-LavaCrossingAddictO12S15-v0 --algo ppo --nameDemonstrator LavaCrossing1215Addict1,LavaCrossing1215Addict2,LavaCrossing1215Addict4,LavaCrossing1215Addict5,LavaCrossing1215Addict7,LavaCrossing1215Addict8,LavaCrossing1215Addict9,LavaCrossing1215Addict10 --flat-model 0 --useKL 0 --meanReward 0.80 --rewardLB 0.70 --seed 7556

Namespace(KLweight=0.0001, algo='ppo', batch_size=256, clip_eps=0.2, discount=0.99, entropy_coef=0.01, env='MiniGrid-LavaCrossingAddictO12S15-v0', epochs=4, flat_model=0, frames=10000000, frames_per_proc=None, full_obs=0, gae_lambda=0.95, log_interval=1, lr=0.0007, max_grad_norm=0.5, meanReward=0.8, mem=False, model=None, nameDemonstrator='LavaCrossing1215Addict1,LavaCrossing1215Addict2,LavaCrossing1215Addict4,LavaCrossing1215Addict5,LavaCrossing1215Addict7,LavaCrossing1215Addict8,LavaCrossing1215Addict9,LavaCrossing1215Addict10', optim_alpha=0.99, optim_eps=1e-05, procs=16, recurrence=1, rewardLB=0.7, save_interval=0, seed=7556, tb=False, text=False, useKL=0, value_loss_coef=0.5)

Flat model successfully created

ACModel(
  (image_conv): Sequential(
    (0): Conv2d(3, 32, kernel_size=(2, 2), stride=(1, 1))
    (1): ReLU()
    (2): MaxPool2d(kernel_size=(2, 2), stride=(2, 2), padding=0, dilation=1, ceil_mode=False)
    (3): Conv2d(32, 64, kernel_size=(2, 2), stride=(1, 1))
    (4): ReLU()
    (5): Conv2d(64, 64, kernel_size=(2, 2), stride=(1, 1))
    (6): ReLU()
  )
  (actor): Sequential(
    (0): Linear(in_features=1600, out_features=64, bias=True)
    (1): Tanh()
    (2): Linear(in_features=64, out_features=3, bias=True)
  )
  (critic): Sequential(
    (0): Linear(in_features=1600, out_features=64, bias=True)
    (1): Tanh()
    (2): Linear(in_features=64, out_features=1, bias=True)
  )
)

CUDA available: False

0
False
0.0001
Using TensorFlow backend.
OMP: Info #212: KMP_AFFINITY: decoding x2APIC ids.
OMP: Info #210: KMP_AFFINITY: Affinity capable, using global cpuid leaf 11 info
OMP: Info #154: KMP_AFFINITY: Initial OS proc set respected: 30,32,34,36,38
OMP: Info #156: KMP_AFFINITY: 5 available OS procs
OMP: Info #157: KMP_AFFINITY: Uniform topology
OMP: Info #179: KMP_AFFINITY: 1 packages x 5 cores/pkg x 1 threads/core (5 total cores)
OMP: Info #214: KMP_AFFINITY: OS proc to physical thread map:
OMP: Info #171: KMP_AFFINITY: OS proc 32 maps to package 0 core 24 
OMP: Info #171: KMP_AFFINITY: OS proc 36 maps to package 0 core 25 
OMP: Info #171: KMP_AFFINITY: OS proc 38 maps to package 0 core 26 
OMP: Info #171: KMP_AFFINITY: OS proc 34 maps to package 0 core 27 
OMP: Info #171: KMP_AFFINITY: OS proc 30 maps to package 0 core 28 
OMP: Info #250: KMP_AFFINITY: pid 17989 tid 17989 thread 0 bound to OS proc set 32
OMP: Info #250: KMP_AFFINITY: pid 17989 tid 18226 thread 1 bound to OS proc set 36
OMP: Info #250: KMP_AFFINITY: pid 17989 tid 18230 thread 3 bound to OS proc set 34
OMP: Info #250: KMP_AFFINITY: pid 17989 tid 18229 thread 2 bound to OS proc set 38
OMP: Info #250: KMP_AFFINITY: pid 17989 tid 18232 thread 4 bound to OS proc set 30
OMP: Info #250: KMP_AFFINITY: pid 17989 tid 18235 thread 5 bound to OS proc set 32
OMP: Info #250: KMP_AFFINITY: pid 17989 tid 18237 thread 6 bound to OS proc set 36
OMP: Info #250: KMP_AFFINITY: pid 17989 tid 18239 thread 7 bound to OS proc set 38
OMP: Info #250: KMP_AFFINITY: pid 17989 tid 18240 thread 8 bound to OS proc set 34
OMP: Info #250: KMP_AFFINITY: pid 17989 tid 18242 thread 9 bound to OS proc set 30
U 1 | F 002048 | FPS 0788 | D 2 | rR:mu sigma m M 0.00 0.00 0.00 0.00 | F:mu sigma m M 39.9 30.7 0.0 96.0 | H 1.092 | V -0.153 | pL -0.048 | vL 0.001 | delta 0.048
U 2 | F 004096 | FPS 0963 | D 4 | rR:mu sigma m M 0.05 0.19 0.00 0.84 | F:mu sigma m M 104.3 57.2 23.0 222.0 | H 1.064 | V -0.116 | pL -0.049 | vL 0.005 | delta 0.040
U 3 | F 006144 | FPS 0985 | D 6 | rR:mu sigma m M 0.03 0.14 0.00 0.68 | F:mu sigma m M 113.2 91.9 11.0 317.0 | H 1.066 | V -0.089 | pL -0.046 | vL 0.003 | delta 0.018
U 4 | F 008192 | FPS 0965 | D 8 | rR:mu sigma m M 0.00 0.00 0.00 0.00 | F:mu sigma m M 94.8 40.4 39.0 173.0 | H 1.083 | V -0.065 | pL -0.023 | vL 0.000 | delta 0.011
U 5 | F 010240 | FPS 0991 | D 11 | rR:mu sigma m M 0.00 0.00 0.00 0.00 | F:mu sigma m M 121.6 72.2 43.0 339.0 | H 1.095 | V -0.044 | pL -0.014 | vL 0.000 | delta 0.010
U 6 | F 012288 | FPS 0905 | D 13 | rR:mu sigma m M 0.00 0.00 0.00 0.00 | F:mu sigma m M 174.6 123.6 35.0 434.0 | H 1.096 | V -0.034 | pL -0.011 | vL 0.000 | delta 0.005
U 7 | F 014336 | FPS 0983 | D 15 | rR:mu sigma m M 0.00 0.00 0.00 0.00 | F:mu sigma m M 182.5 120.2 30.0 434.0 | H 1.097 | V -0.028 | pL -0.008 | vL 0.000 | delta 0.003
U 8 | F 016384 | FPS 0992 | D 17 | rR:mu sigma m M 0.00 0.00 0.00 0.00 | F:mu sigma m M 180.2 138.7 19.0 533.0 | H 1.098 | V -0.020 | pL -0.006 | vL 0.000 | delta 0.002
U 9 | F 018432 | FPS 0981 | D 19 | rR:mu sigma m M 0.00 0.00 0.00 0.00 | F:mu sigma m M 164.2 111.7 30.0 381.0 | H 1.098 | V -0.017 | pL -0.005 | vL 0.000 | delta 0.002
U 10 | F 020480 | FPS 0995 | D 21 | rR:mu sigma m M 0.00 0.00 0.00 0.00 | F:mu sigma m M 154.2 96.6 32.0 365.0 | H 1.098 | V -0.012 | pL -0.004 | vL 0.000 | delta 0.002
U 11 | F 022528 | FPS 1007 | D 23 | rR:mu sigma m M 0.00 0.00 0.00 0.00 | F:mu sigma m M 122.6 136.4 27.0 604.0 | H 1.098 | V -0.009 | pL -0.003 | vL 0.000 | delta 0.001
U 12 | F 024576 | FPS 0999 | D 25 | rR:mu sigma m M 0.00 0.00 0.00 0.00 | F:mu sigma m M 201.7 128.9 24.0 418.0 | H 1.098 | V -0.006 | pL -0.003 | vL 0.000 | delta 0.001
U 13 | F 026624 | FPS 0924 | D 27 | rR:mu sigma m M 0.00 0.00 0.00 0.00 | F:mu sigma m M 142.8 92.3 24.0 339.0 | H 1.098 | V -0.005 | pL -0.002 | vL 0.000 | delta 0.001
U 14 | F 028672 | FPS 1006 | D 29 | rR:mu sigma m M 0.00 0.00 0.00 0.00 | F:mu sigma m M 149.8 93.1 48.0 419.0 | H 1.099 | V -0.004 | pL -0.002 | vL 0.000 | delta 0.001
U 15 | F 030720 | FPS 0991 | D 31 | rR:mu sigma m M 0.00 0.00 0.00 0.00 | F:mu sigma m M 127.5 98.6 41.0 361.0 | H 1.099 | V -0.003 | pL -0.001 | vL 0.000 | delta 0.000
U 16 | F 032768 | FPS 0996 | D 34 | rR:mu sigma m M 0.05 0.18 0.00 0.76 | F:mu sigma m M 114.7 78.5 17.0 300.0 | H 1.094 | V 0.003 | pL -0.007 | vL 0.001 | delta 0.019
U 17 | F 034816 | FPS 0993 | D 36 | rR:mu sigma m M 0.00 0.00 0.00 0.00 | F:mu sigma m M 141.6 131.0 13.0 428.0 | H 1.098 | V 0.006 | pL 0.002 | vL 0.000 | delta 0.002
U 18 | F 036864 | FPS 0905 | D 38 | rR:mu sigma m M 0.00 0.00 0.00 0.00 | F:mu sigma m M 142.2 110.7 13.0 390.0 | H 1.099 | V 0.005 | pL 0.001 | vL 0.000 | delta 0.002
U 19 | F 038912 | FPS 0978 | D 40 | rR:mu sigma m M 0.00 0.00 0.00 0.00 | F:mu sigma m M 162.4 181.4 22.0 807.0 | H 1.098 | V 0.004 | pL 0.001 | vL 0.000 | delta 0.001
U 20 | F 040960 | FPS 0892 | D 42 | rR:mu sigma m M 0.03 0.11 0.00 0.45 | F:mu sigma m M 242.2 207.3 34.0 807.0 | H 1.098 | V 0.015 | pL -0.002 | vL 0.000 | delta 0.009
U 21 | F 043008 | FPS 0934 | D 44 | rR:mu sigma m M 0.03 0.11 0.00 0.45 | F:mu sigma m M 229.1 175.3 34.0 597.0 | H 1.098 | V 0.001 | pL 0.000 | vL 0.000 | delta 0.002
U 22 | F 045056 | FPS 0929 | D 47 | rR:mu sigma m M 0.00 0.00 0.00 0.00 | F:mu sigma m M 228.4 155.2 30.0 597.0 | H 1.099 | V 0.001 | pL -0.000 | vL 0.000 | delta 0.001
U 23 | F 047104 | FPS 0910 | D 49 | rR:mu sigma m M 0.05 0.18 0.00 0.73 | F:mu sigma m M 156.9 140.1 8.0 569.0 | H 1.085 | V 0.009 | pL -0.006 | vL 0.001 | delta 0.043
U 24 | F 049152 | FPS 0918 | D 51 | rR:mu sigma m M 0.00 0.00 0.00 0.00 | F:mu sigma m M 131.9 128.0 8.0 485.0 | H 1.098 | V -0.014 | pL -0.005 | vL 0.000 | delta 0.003
U 25 | F 051200 | FPS 0897 | D 53 | rR:mu sigma m M 0.00 0.00 0.00 0.00 | F:mu sigma m M 155.2 158.7 21.0 580.0 | H 1.098 | V -0.010 | pL -0.003 | vL 0.000 | delta 0.002
U 26 | F 053248 | FPS 0939 | D 56 | rR:mu sigma m M 0.00 0.00 0.00 0.00 | F:mu sigma m M 182.8 143.3 24.0 530.0 | H 1.098 | V -0.008 | pL -0.003 | vL 0.000 | delta 0.001
U 27 | F 055296 | FPS 0869 | D 58 | rR:mu sigma m M 0.00 0.00 0.00 0.00 | F:mu sigma m M 222.5 144.3 29.0 591.0 | H 1.098 | V -0.006 | pL -0.002 | vL 0.000 | delta 0.001
U 28 | F 057344 | FPS 0946 | D 60 | rR:mu sigma m M 0.00 0.00 0.00 0.00 | F:mu sigma m M 174.8 140.9 54.0 591.0 | H 1.099 | V -0.005 | pL -0.001 | vL 0.000 | delta 0.000
U 29 | F 059392 | FPS 0945 | D 62 | rR:mu sigma m M 0.00 0.00 0.00 0.00 | F:mu sigma m M 181.4 149.0 41.0 480.0 | H 1.099 | V -0.004 | pL -0.001 | vL 0.000 | delta 0.000
U 30 | F 061440 | FPS 0935 | D 65 | rR:mu sigma m M 0.00 0.00 0.00 0.00 | F:mu sigma m M 112.4 119.3 18.0 382.0 | H 1.099 | V -0.003 | pL -0.001 | vL 0.000 | delta 0.000
U 31 | F 063488 | FPS 0936 | D 67 | rR:mu sigma m M 0.00 0.00 0.00 0.00 | F:mu sigma m M 104.0 86.7 19.0 354.0 | H 1.099 | V -0.002 | pL -0.001 | vL 0.000 | delta 0.000
U 32 | F 065536 | FPS 0937 | D 69 | rR:mu sigma m M 0.00 0.00 0.00 0.00 | F:mu sigma m M 209.6 176.4 31.0 666.0 | H 1.099 | V -0.001 | pL -0.000 | vL 0.000 | delta 0.000
U 33 | F 067584 | FPS 0933 | D 71 | rR:mu sigma m M 0.00 0.00 0.00 0.00 | F:mu sigma m M 233.3 203.2 20.0 666.0 | H 1.098 | V 0.001 | pL 0.000 | vL 0.000 | delta 0.002
U 34 | F 069632 | FPS 0869 | D 73 | rR:mu sigma m M 0.00 0.00 0.00 0.00 | F:mu sigma m M 212.6 177.7 20.0 619.0 | H 1.098 | V 0.001 | pL 0.000 | vL 0.000 | delta 0.001
U 35 | F 071680 | FPS 0932 | D 76 | rR:mu sigma m M 0.00 0.00 0.00 0.00 | F:mu sigma m M 233.1 199.3 20.0 766.0 | H 1.099 | V 0.000 | pL 0.000 | vL 0.000 | delta 0.000
U 36 | F 073728 | FPS 0924 | D 78 | rR:mu sigma m M 0.00 0.00 0.00 0.00 | F:mu sigma m M 177.5 208.1 25.0 900.0 | H 1.099 | V -0.000 | pL -0.000 | vL 0.000 | delta 0.000
U 37 | F 075776 | FPS 0914 | D 80 | rR:mu sigma m M 0.00 0.00 0.00 0.00 | F:mu sigma m M 159.8 201.5 25.0 900.0 | H 1.099 | V 0.000 | pL -0.000 | vL 0.000 | delta 0.000
U 38 | F 077824 | FPS 0910 | D 82 | rR:mu sigma m M 0.00 0.00 0.00 0.00 | F:mu sigma m M 192.9 133.1 35.0 546.0 | H 1.099 | V 0.001 | pL 0.000 | vL 0.000 | delta 0.001
U 39 | F 079872 | FPS 0904 | D 85 | rR:mu sigma m M 0.04 0.14 0.00 0.60 | F:mu sigma m M 177.3 143.3 47.0 503.0 | H 1.096 | V 0.006 | pL -0.005 | vL 0.001 | delta 0.009
U 40 | F 081920 | FPS 0907 | D 87 | rR:mu sigma m M 0.00 0.00 0.00 0.00 | F:mu sigma m M 117.2 73.9 29.0 294.0 | H 1.098 | V 0.004 | pL 0.002 | vL 0.000 | delta 0.006
U 41 | F 083968 | FPS 0837 | D 89 | rR:mu sigma m M 0.00 0.00 0.00 0.00 | F:mu sigma m M 152.4 107.8 36.0 396.0 | H 1.096 | V 0.009 | pL 0.002 | vL 0.000 | delta 0.007
U 42 | F 086016 | FPS 0911 | D 92 | rR:mu sigma m M 0.00 0.00 0.00 0.00 | F:mu sigma m M 164.6 91.2 76.0 396.0 | H 1.098 | V 0.002 | pL -0.000 | vL 0.000 | delta 0.002
U 43 | F 088064 | FPS 0904 | D 94 | rR:mu sigma m M 0.00 0.00 0.00 0.00 | F:mu sigma m M 182.1 108.2 47.0 407.0 | H 1.098 | V 0.002 | pL 0.001 | vL 0.000 | delta 0.001
U 44 | F 090112 | FPS 0893 | D 96 | rR:mu sigma m M 0.00 0.00 0.00 0.00 | F:mu sigma m M 110.1 79.4 32.0 286.0 | H 1.098 | V 0.003 | pL 0.001 | vL 0.000 | delta 0.002
U 45 | F 092160 | FPS 0891 | D 98 | rR:mu sigma m M 0.00 0.00 0.00 0.00 | F:mu sigma m M 177.8 144.3 32.0 605.0 | H 1.099 | V 0.001 | pL 0.000 | vL 0.000 | delta 0.000
U 46 | F 094208 | FPS 0869 | D 101 | rR:mu sigma m M 0.03 0.13 0.00 0.53 | F:mu sigma m M 203.9 180.0 25.0 605.0 | H 1.098 | V 0.005 | pL -0.004 | vL 0.000 | delta 0.011
U 47 | F 096256 | FPS 0455 | D 105 | rR:mu sigma m M 0.03 0.13 0.00 0.53 | F:mu sigma m M 166.6 151.7 18.0 538.0 | H 1.098 | V 0.000 | pL -0.002 | vL 0.000 | delta 0.010
U 48 | F 098304 | FPS 0896 | D 108 | rR:mu sigma m M 0.00 0.00 0.00 0.00 | F:mu sigma m M 203.9 188.7 33.0 753.0 | H 1.098 | V 0.000 | pL 0.001 | vL 0.000 | delta 0.003
U 49 | F 100352 | FPS 0910 | D 110 | rR:mu sigma m M 0.00 0.00 0.00 0.00 | F:mu sigma m M 150.1 136.7 24.0 561.0 | H 1.099 | V -0.001 | pL -0.000 | vL 0.000 | delta 0.001
U 50 | F 102400 | FPS 0828 | D 112 | rR:mu sigma m M 0.00 0.00 0.00 0.00 | F:mu sigma m M 142.1 116.7 26.0 449.0 | H 1.099 | V -0.000 | pL -0.000 | vL 0.000 | delta 0.001
U 51 | F 104448 | FPS 0686 | D 115 | rR:mu sigma m M 0.00 0.00 0.00 0.00 | F:mu sigma m M 157.5 103.6 26.0 449.0 | H 1.099 | V -0.000 | pL -0.000 | vL 0.000 | delta 0.001
U 52 | F 106496 | FPS 0826 | D 118 | rR:mu sigma m M 0.00 0.00 0.00 0.00 | F:mu sigma m M 168.1 104.1 36.0 386.0 | H 1.099 | V -0.000 | pL -0.000 | vL 0.000 | delta 0.001
U 53 | F 108544 | FPS 0897 | D 120 | rR:mu sigma m M 0.00 0.00 0.00 0.00 | F:mu sigma m M 176.2 131.7 29.0 388.0 | H 1.098 | V 0.001 | pL 0.001 | vL 0.000 | delta 0.003
U 54 | F 110592 | FPS 0736 | D 123 | rR:mu sigma m M 0.00 0.00 0.00 0.00 | F:mu sigma m M 238.4 162.0 29.0 576.0 | H 1.099 | V 0.000 | pL -0.000 | vL 0.000 | delta 0.001
U 55 | F 112640 | FPS 0618 | D 126 | rR:mu sigma m M 0.00 0.00 0.00 0.00 | F:mu sigma m M 172.7 166.0 28.0 522.0 | H 1.099 | V 0.001 | pL -0.001 | vL 0.000 | delta 0.001
U 56 | F 114688 | FPS 0881 | D 128 | rR:mu sigma m M 0.05 0.18 0.00 0.75 | F:mu sigma m M 181.7 143.2 27.0 497.0 | H 1.095 | V 0.005 | pL -0.006 | vL 0.001 | delta 0.013
U 57 | F 116736 | FPS 0899 | D 131 | rR:mu sigma m M 0.00 0.00 0.00 0.00 | F:mu sigma m M 154.2 109.0 10.0 431.0 | H 1.099 | V 0.001 | pL 0.000 | vL 0.000 | delta 0.001
U 58 | F 118784 | FPS 0775 | D 133 | rR:mu sigma m M 0.00 0.00 0.00 0.00 | F:mu sigma m M 187.9 138.4 42.0 496.0 | H 1.099 | V 0.001 | pL 0.000 | vL 0.000 | delta 0.001
U 59 | F 120832 | FPS 0882 | D 136 | rR:mu sigma m M 0.00 0.00 0.00 0.00 | F:mu sigma m M 150.6 166.8 32.0 715.0 | H 1.098 | V 0.002 | pL -0.000 | vL 0.000 | delta 0.003
U 60 | F 122880 | FPS 0904 | D 138 | rR:mu sigma m M 0.00 0.00 0.00 0.00 | F:mu sigma m M 188.6 174.1 44.0 686.0 | H 1.096 | V 0.006 | pL 0.001 | vL 0.000 | delta 0.004
U 61 | F 124928 | FPS 0896 | D 140 | rR:mu sigma m M 0.00 0.00 0.00 0.00 | F:mu sigma m M 183.2 150.0 47.0 492.0 | H 1.099 | V 0.002 | pL 0.001 | vL 0.000 | delta 0.002
U 62 | F 126976 | FPS 0900 | D 143 | rR:mu sigma m M 0.00 0.00 0.00 0.00 | F:mu sigma m M 134.6 71.8 33.0 277.0 | H 1.099 | V 0.001 | pL 0.000 | vL 0.000 | delta 0.001
U 63 | F 129024 | FPS 0900 | D 145 | rR:mu sigma m M 0.00 0.00 0.00 0.00 | F:mu sigma m M 126.2 79.2 18.0 331.0 | H 1.099 | V 0.001 | pL 0.000 | vL 0.000 | delta 0.000
U 64 | F 131072 | FPS 0841 | D 147 | rR:mu sigma m M 0.00 0.00 0.00 0.00 | F:mu sigma m M 117.3 73.6 28.0 303.0 | H 1.099 | V 0.001 | pL 0.000 | vL 0.000 | delta 0.000
U 65 | F 133120 | FPS 0897 | D 150 | rR:mu sigma m M 0.04 0.16 0.00 0.70 | F:mu sigma m M 135.6 98.1 18.0 328.0 | H 1.097 | V 0.006 | pL -0.006 | vL 0.001 | delta 0.016
U 66 | F 135168 | FPS 0904 | D 152 | rR:mu sigma m M 0.04 0.17 0.00 0.70 | F:mu sigma m M 166.5 133.1 18.0 532.0 | H 1.098 | V 0.002 | pL 0.000 | vL 0.000 | delta 0.012
U 67 | F 137216 | FPS 0905 | D 154 | rR:mu sigma m M 0.00 0.00 0.00 0.00 | F:mu sigma m M 154.2 129.9 25.0 549.0 | H 1.098 | V 0.015 | pL 0.002 | vL 0.000 | delta 0.004
U 68 | F 139264 | FPS 0893 | D 156 | rR:mu sigma m M 0.00 0.00 0.00 0.00 | F:mu sigma m M 125.6 103.3 24.0 408.0 | H 1.099 | V 0.011 | pL 0.003 | vL 0.000 | delta 0.002
U 69 | F 141312 | FPS 0908 | D 159 | rR:mu sigma m M 0.00 0.00 0.00 0.00 | F:mu sigma m M 112.4 100.1 13.0 408.0 | H 1.098 | V 0.010 | pL 0.002 | vL 0.000 | delta 0.001
U 70 | F 143360 | FPS 0922 | D 161 | rR:mu sigma m M 0.00 0.00 0.00 0.00 | F:mu sigma m M 155.0 107.8 47.0 407.0 | H 1.099 | V 0.007 | pL 0.002 | vL 0.000 | delta 0.001
U 71 | F 145408 | FPS 0849 | D 163 | rR:mu sigma m M 0.03 0.11 0.00 0.46 | F:mu sigma m M 182.9 165.9 20.0 544.0 | H 1.098 | V 0.009 | pL -0.002 | vL 0.000 | delta 0.009
U 72 | F 147456 | FPS 0913 | D 165 | rR:mu sigma m M 0.00 0.00 0.00 0.00 | F:mu sigma m M 170.4 208.8 23.0 890.0 | H 1.099 | V 0.006 | pL 0.002 | vL 0.000 | delta 0.001
U 73 | F 149504 | FPS 0918 | D 168 | rR:mu sigma m M 0.00 0.00 0.00 0.00 | F:mu sigma m M 149.3 83.5 53.0 309.0 | H 1.098 | V 0.006 | pL 0.002 | vL 0.000 | delta 0.003
U 74 | F 151552 | FPS 0900 | D 170 | rR:mu sigma m M 0.00 0.00 0.00 0.00 | F:mu sigma m M 160.1 100.1 27.0 324.0 | H 1.098 | V 0.007 | pL 0.001 | vL 0.000 | delta 0.001
U 75 | F 153600 | FPS 0916 | D 172 | rR:mu sigma m M 0.06 0.22 0.00 0.91 | F:mu sigma m M 142.1 153.1 15.0 638.0 | H 1.097 | V 0.014 | pL -0.006 | vL 0.002 | delta 0.018
U 76 | F 155648 | FPS 0846 | D 175 | rR:mu sigma m M 0.04 0.16 0.00 0.69 | F:mu sigma m M 127.8 93.5 40.0 338.0 | H 1.096 | V 0.012 | pL -0.004 | vL 0.000 | delta 0.014
U 77 | F 157696 | FPS 0916 | D 177 | rR:mu sigma m M 0.04 0.17 0.00 0.69 | F:mu sigma m M 128.8 102.1 36.0 338.0 | H 1.098 | V 0.007 | pL 0.001 | vL 0.000 | delta 0.002
U 78 | F 159744 | FPS 0847 | D 179 | rR:mu sigma m M 0.00 0.00 0.00 0.00 | F:mu sigma m M 185.9 159.6 28.0 639.0 | H 1.098 | V 0.008 | pL 0.001 | vL 0.000 | delta 0.004
U 79 | F 161792 | FPS 0910 | D 182 | rR:mu sigma m M 0.00 0.00 0.00 0.00 | F:mu sigma m M 194.2 118.7 26.0 440.0 | H 1.098 | V 0.007 | pL 0.002 | vL 0.000 | delta 0.003
U 80 | F 163840 | FPS 0897 | D 184 | rR:mu sigma m M 0.00 0.00 0.00 0.00 | F:mu sigma m M 231.9 149.4 25.0 535.0 | H 1.099 | V 0.006 | pL 0.001 | vL 0.000 | delta 0.001
U 81 | F 165888 | FPS 0891 | D 186 | rR:mu sigma m M 0.00 0.00 0.00 0.00 | F:mu sigma m M 200.1 155.2 52.0 546.0 | H 1.099 | V 0.005 | pL 0.001 | vL 0.000 | delta 0.001
U 82 | F 167936 | FPS 0895 | D 188 | rR:mu sigma m M 0.00 0.00 0.00 0.00 | F:mu sigma m M 91.5 60.0 22.0 226.0 | H 1.099 | V 0.003 | pL 0.001 | vL 0.000 | delta 0.001
U 83 | F 169984 | FPS 0895 | D 191 | rR:mu sigma m M 0.00 0.00 0.00 0.00 | F:mu sigma m M 124.9 100.3 22.0 335.0 | H 1.099 | V 0.002 | pL 0.000 | vL 0.000 | delta 0.000
U 84 | F 172032 | FPS 0832 | D 193 | rR:mu sigma m M 0.00 0.00 0.00 0.00 | F:mu sigma m M 177.2 140.0 41.0 612.0 | H 1.099 | V 0.001 | pL 0.000 | vL 0.000 | delta 0.000
U 85 | F 174080 | FPS 0889 | D 195 | rR:mu sigma m M 0.00 0.00 0.00 0.00 | F:mu sigma m M 216.9 187.7 60.0 732.0 | H 1.099 | V 0.001 | pL 0.000 | vL 0.000 | delta 0.000
U 86 | F 176128 | FPS 0876 | D 198 | rR:mu sigma m M 0.00 0.00 0.00 0.00 | F:mu sigma m M 189.6 181.8 38.0 732.0 | H 1.099 | V 0.002 | pL 0.001 | vL 0.000 | delta 0.000
U 87 | F 178176 | FPS 0882 | D 200 | rR:mu sigma m M 0.00 0.00 0.00 0.00 | F:mu sigma m M 215.8 180.8 12.0 594.0 | H 1.099 | V 0.001 | pL 0.000 | vL 0.000 | delta 0.000
U 88 | F 180224 | FPS 0879 | D 202 | rR:mu sigma m M 0.00 0.00 0.00 0.00 | F:mu sigma m M 132.2 68.1 50.0 315.0 | H 1.099 | V 0.001 | pL 0.000 | vL 0.000 | delta 0.000
U 89 | F 182272 | FPS 0886 | D 205 | rR:mu sigma m M 0.00 0.00 0.00 0.00 | F:mu sigma m M 171.7 157.7 24.0 669.0 | H 1.099 | V 0.001 | pL 0.000 | vL 0.000 | delta 0.000
U 90 | F 184320 | FPS 0820 | D 207 | rR:mu sigma m M 0.05 0.19 0.00 0.79 | F:mu sigma m M 156.4 85.6 35.0 327.0 | H 1.089 | V 0.005 | pL -0.006 | vL 0.001 | delta 0.019
U 91 | F 186368 | FPS 0875 | D 210 | rR:mu sigma m M 0.00 0.00 0.00 0.00 | F:mu sigma m M 113.8 57.4 28.0 203.0 | H 1.096 | V 0.000 | pL -0.001 | vL 0.000 | delta 0.006
U 92 | F 188416 | FPS 0890 | D 212 | rR:mu sigma m M 0.04 0.17 0.00 0.70 | F:mu sigma m M 207.5 129.1 31.0 470.0 | H 1.097 | V 0.009 | pL -0.005 | vL 0.001 | delta 0.024
U 93 | F 190464 | FPS 0884 | D 214 | rR:mu sigma m M 0.00 0.00 0.00 0.00 | F:mu sigma m M 159.9 170.8 10.0 687.0 | H 1.098 | V 0.006 | pL 0.001 | vL 0.000 | delta 0.003
U 94 | F 192512 | FPS 0869 | D 217 | rR:mu sigma m M 0.00 0.00 0.00 0.00 | F:mu sigma m M 172.1 147.8 21.0 687.0 | H 1.098 | V 0.005 | pL 0.001 | vL 0.000 | delta 0.001
U 95 | F 194560 | FPS 0864 | D 219 | rR:mu sigma m M 0.00 0.00 0.00 0.00 | F:mu sigma m M 163.9 71.9 62.0 351.0 | H 1.099 | V 0.003 | pL 0.001 | vL 0.000 | delta 0.001
U 96 | F 196608 | FPS 0855 | D 221 | rR:mu sigma m M 0.00 0.00 0.00 0.00 | F:mu sigma m M 274.3 207.0 40.0 900.0 | H 1.098 | V 0.003 | pL 0.000 | vL 0.000 | delta 0.001
U 97 | F 198656 | FPS 0780 | D 224 | rR:mu sigma m M 0.00 0.00 0.00 0.00 | F:mu sigma m M 272.6 223.7 29.0 900.0 | H 1.098 | V 0.004 | pL 0.001 | vL 0.000 | delta 0.002
U 98 | F 200704 | FPS 0843 | D 226 | rR:mu sigma m M 0.05 0.18 0.00 0.72 | F:mu sigma m M 189.1 128.9 19.0 576.0 | H 1.097 | V 0.012 | pL -0.004 | vL 0.001 | delta 0.012
U 99 | F 202752 | FPS 0844 | D 229 | rR:mu sigma m M 0.05 0.18 0.00 0.72 | F:mu sigma m M 199.4 120.5 30.0 447.0 | H 1.099 | V 0.003 | pL 0.001 | vL 0.000 | delta 0.002
U 100 | F 204800 | FPS 0847 | D 231 | rR:mu sigma m M 0.00 0.00 0.00 0.00 | F:mu sigma m M 191.1 148.3 29.0 447.0 | H 1.096 | V 0.003 | pL 0.001 | vL 0.000 | delta 0.005
U 101 | F 206848 | FPS 0867 | D 234 | rR:mu sigma m M 0.00 0.00 0.00 0.00 | F:mu sigma m M 196.0 142.8 33.0 446.0 | H 1.099 | V 0.001 | pL 0.000 | vL 0.000 | delta 0.002
U 102 | F 208896 | FPS 0875 | D 236 | rR:mu sigma m M 0.00 0.00 0.00 0.00 | F:mu sigma m M 178.5 106.2 56.0 386.0 | H 1.099 | V 0.000 | pL -0.000 | vL 0.000 | delta 0.000
U 103 | F 210944 | FPS 0820 | D 238 | rR:mu sigma m M 0.00 0.00 0.00 0.00 | F:mu sigma m M 171.9 117.4 30.0 401.0 | H 1.099 | V 0.000 | pL 0.000 | vL 0.000 | delta 0.001
U 104 | F 212992 | FPS 0887 | D 241 | rR:mu sigma m M 0.00 0.00 0.00 0.00 | F:mu sigma m M 207.4 201.6 30.0 683.0 | H 1.099 | V 0.000 | pL 0.000 | vL 0.000 | delta 0.001
U 105 | F 215040 | FPS 0888 | D 243 | rR:mu sigma m M 0.00 0.00 0.00 0.00 | F:mu sigma m M 231.2 235.9 19.0 864.0 | H 1.099 | V -0.000 | pL -0.000 | vL 0.000 | delta 0.000
U 106 | F 217088 | FPS 0889 | D 245 | rR:mu sigma m M 0.00 0.00 0.00 0.00 | F:mu sigma m M 133.4 116.9 14.0 481.0 | H 1.099 | V -0.000 | pL -0.000 | vL 0.000 | delta 0.000
U 107 | F 219136 | FPS 0883 | D 248 | rR:mu sigma m M 0.00 0.00 0.00 0.00 | F:mu sigma m M 150.2 82.2 14.0 317.0 | H 1.099 | V 0.001 | pL 0.000 | vL 0.000 | delta 0.001
U 108 | F 221184 | FPS 0870 | D 250 | rR:mu sigma m M 0.04 0.17 0.00 0.69 | F:mu sigma m M 182.9 167.4 33.0 763.0 | H 1.098 | V 0.008 | pL -0.006 | vL 0.001 | delta 0.018
U 109 | F 223232 | FPS 0815 | D 253 | rR:mu sigma m M 0.04 0.17 0.00 0.69 | F:mu sigma m M 174.6 80.2 30.0 308.0 | H 1.098 | V -0.006 | pL -0.002 | vL 0.000 | delta 0.003
U 110 | F 225280 | FPS 0876 | D 255 | rR:mu sigma m M 0.00 0.00 0.00 0.00 | F:mu sigma m M 148.8 80.6 29.0 316.0 | H 1.098 | V -0.002 | pL -0.001 | vL 0.000 | delta 0.002
U 111 | F 227328 | FPS 0866 | D 257 | rR:mu sigma m M 0.01 0.05 0.00 0.20 | F:mu sigma m M 150.4 185.9 19.0 798.0 | H 1.098 | V 0.001 | pL -0.002 | vL 0.000 | delta 0.002
U 112 | F 229376 | FPS 0869 | D 260 | rR:mu sigma m M 0.00 0.00 0.00 0.00 | F:mu sigma m M 164.3 189.5 11.0 709.0 | H 1.099 | V 0.002 | pL -0.000 | vL 0.000 | delta 0.001
U 113 | F 231424 | FPS 0867 | D 262 | rR:mu sigma m M 0.00 0.00 0.00 0.00 | F:mu sigma m M 181.1 143.4 11.0 499.0 | H 1.099 | V 0.002 | pL -0.000 | vL 0.000 | delta 0.001
U 114 | F 233472 | FPS 0812 | D 265 | rR:mu sigma m M 0.05 0.20 0.00 0.83 | F:mu sigma m M 162.7 113.4 22.0 463.0 | H 1.098 | V 0.012 | pL -0.005 | vL 0.001 | delta 0.011
U 115 | F 235520 | FPS 0864 | D 267 | rR:mu sigma m M 0.00 0.00 0.00 0.00 | F:mu sigma m M 207.9 162.5 22.0 605.0 | H 1.097 | V 0.001 | pL -0.000 | vL 0.000 | delta 0.006
U 116 | F 237568 | FPS 0803 | D 269 | rR:mu sigma m M 0.00 0.00 0.00 0.00 | F:mu sigma m M 170.1 169.3 27.0 614.0 | H 1.099 | V -0.001 | pL -0.000 | vL 0.000 | delta 0.002
U 117 | F 239616 | FPS 0858 | D 272 | rR:mu sigma m M 0.00 0.00 0.00 0.00 | F:mu sigma m M 151.7 153.3 27.0 614.0 | H 1.098 | V 0.000 | pL -0.000 | vL 0.000 | delta 0.001
U 118 | F 241664 | FPS 0861 | D 274 | rR:mu sigma m M 0.00 0.00 0.00 0.00 | F:mu sigma m M 230.1 213.5 14.0 900.0 | H 1.099 | V -0.000 | pL -0.000 | vL 0.000 | delta 0.000
U 119 | F 243712 | FPS 0843 | D 277 | rR:mu sigma m M 0.00 0.00 0.00 0.00 | F:mu sigma m M 212.2 209.3 60.0 900.0 | H 1.099 | V 0.001 | pL -0.000 | vL 0.000 | delta 0.003
U 120 | F 245760 | FPS 0841 | D 279 | rR:mu sigma m M 0.00 0.00 0.00 0.00 | F:mu sigma m M 172.1 113.0 26.0 349.0 | H 1.099 | V -0.002 | pL -0.000 | vL 0.000 | delta 0.001
U 121 | F 247808 | FPS 0848 | D 282 | rR:mu sigma m M 0.00 0.00 0.00 0.00 | F:mu sigma m M 143.0 104.0 41.0 407.0 | H 1.099 | V -0.001 | pL -0.000 | vL 0.000 | delta 0.000
U 122 | F 249856 | FPS 0794 | D 284 | rR:mu sigma m M 0.00 0.00 0.00 0.00 | F:mu sigma m M 180.1 122.8 19.0 407.0 | H 1.099 | V -0.001 | pL -0.000 | vL 0.000 | delta 0.000
U 123 | F 251904 | FPS 0853 | D 286 | rR:mu sigma m M 0.00 0.00 0.00 0.00 | F:mu sigma m M 191.6 143.3 64.0 565.0 | H 1.099 | V -0.000 | pL -0.000 | vL 0.000 | delta 0.000
U 124 | F 253952 | FPS 0861 | D 289 | rR:mu sigma m M 0.00 0.00 0.00 0.00 | F:mu sigma m M 132.1 114.6 36.0 482.0 | H 1.099 | V 0.000 | pL 0.000 | vL 0.000 | delta 0.002
U 125 | F 256000 | FPS 0860 | D 291 | rR:mu sigma m M 0.00 0.00 0.00 0.00 | F:mu sigma m M 138.7 98.3 35.0 397.0 | H 1.099 | V -0.001 | pL -0.000 | vL 0.000 | delta 0.000
U 126 | F 258048 | FPS 0862 | D 294 | rR:mu sigma m M 0.03 0.13 0.00 0.55 | F:mu sigma m M 183.1 182.7 13.0 670.0 | H 1.097 | V 0.005 | pL -0.005 | vL 0.000 | delta 0.007
U 127 | F 260096 | FPS 0853 | D 296 | rR:mu sigma m M 0.03 0.13 0.00 0.55 | F:mu sigma m M 190.9 183.7 13.0 670.0 | H 1.098 | V -0.000 | pL -0.000 | vL 0.000 | delta 0.001
U 128 | F 262144 | FPS 0774 | D 299 | rR:mu sigma m M 0.00 0.00 0.00 0.00 | F:mu sigma m M 230.1 181.7 41.0 670.0 | H 1.099 | V -0.000 | pL -0.000 | vL 0.000 | delta 0.000
U 129 | F 264192 | FPS 0840 | D 301 | rR:mu sigma m M 0.03 0.12 0.00 0.51 | F:mu sigma m M 228.6 175.1 14.0 537.0 | H 1.098 | V 0.007 | pL -0.004 | vL 0.000 | delta 0.017
U 130 | F 266240 | FPS 0846 | D 304 | rR:mu sigma m M 0.03 0.12 0.00 0.51 | F:mu sigma m M 123.3 111.3 14.0 491.0 | H 1.099 | V -0.002 | pL -0.001 | vL 0.000 | delta 0.003
U 131 | F 268288 | FPS 0845 | D 306 | rR:mu sigma m M 0.00 0.00 0.00 0.00 | F:mu sigma m M 187.1 112.5 36.0 485.0 | H 1.099 | V -0.004 | pL -0.002 | vL 0.000 | delta 0.001
U 132 | F 270336 | FPS 0846 | D 308 | rR:mu sigma m M 0.00 0.00 0.00 0.00 | F:mu sigma m M 138.6 100.5 26.0 456.0 | H 1.099 | V -0.002 | pL -0.001 | vL 0.000 | delta 0.001
U 133 | F 272384 | FPS 0833 | D 311 | rR:mu sigma m M 0.05 0.18 0.00 0.75 | F:mu sigma m M 153.5 95.7 26.0 456.0 | H 1.097 | V 0.008 | pL -0.006 | vL 0.001 | delta 0.009
U 134 | F 274432 | FPS 0783 | D 313 | rR:mu sigma m M 0.05 0.18 0.00 0.75 | F:mu sigma m M 162.6 103.3 21.0 389.0 | H 1.098 | V -0.000 | pL -0.000 | vL 0.000 | delta 0.002
U 135 | F 276480 | FPS 0840 | D 316 | rR:mu sigma m M 0.00 0.00 0.00 0.00 | F:mu sigma m M 215.5 128.9 21.0 480.0 | H 1.098 | V 0.007 | pL -0.001 | vL 0.000 | delta 0.003
U 136 | F 278528 | FPS 0845 | D 318 | rR:mu sigma m M 0.01 0.03 0.00 0.11 | F:mu sigma m M 198.2 217.8 20.0 889.0 | H 1.098 | V 0.010 | pL 0.002 | vL 0.000 | delta 0.003
U 137 | F 280576 | FPS 0846 | D 321 | rR:mu sigma m M 0.00 0.00 0.00 0.00 | F:mu sigma m M 196.2 152.5 41.0 567.0 | H 1.099 | V -0.001 | pL 0.000 | vL 0.000 | delta 0.001
U 138 | F 282624 | FPS 0845 | D 323 | rR:mu sigma m M 0.00 0.00 0.00 0.00 | F:mu sigma m M 150.2 111.6 13.0 416.0 | H 1.099 | V 0.000 | pL -0.000 | vL 0.000 | delta 0.001
U 139 | F 284672 | FPS 0836 | D 326 | rR:mu sigma m M 0.00 0.00 0.00 0.00 | F:mu sigma m M 124.7 101.6 27.0 311.0 | H 1.099 | V 0.000 | pL -0.000 | vL 0.000 | delta 0.000
U 140 | F 286720 | FPS 0789 | D 328 | rR:mu sigma m M 0.00 0.00 0.00 0.00 | F:mu sigma m M 97.8 65.0 16.0 262.0 | H 1.099 | V 0.000 | pL 0.000 | vL 0.000 | delta 0.001
U 141 | F 288768 | FPS 0843 | D 331 | rR:mu sigma m M 0.00 0.00 0.00 0.00 | F:mu sigma m M 140.5 174.1 22.0 677.0 | H 1.099 | V -0.000 | pL -0.000 | vL 0.000 | delta 0.000
U 142 | F 290816 | FPS 0839 | D 333 | rR:mu sigma m M 0.00 0.00 0.00 0.00 | F:mu sigma m M 191.2 173.9 22.0 643.0 | H 1.099 | V 0.001 | pL 0.000 | vL 0.000 | delta 0.000
U 143 | F 292864 | FPS 0847 | D 336 | rR:mu sigma m M 0.00 0.00 0.00 0.00 | F:mu sigma m M 235.1 150.8 56.0 643.0 | H 1.099 | V 0.000 | pL 0.000 | vL 0.000 | delta 0.000
U 144 | F 294912 | FPS 0777 | D 338 | rR:mu sigma m M 0.00 0.00 0.00 0.00 | F:mu sigma m M 235.2 133.4 72.0 517.0 | H 1.099 | V 0.000 | pL 0.000 | vL 0.000 | delta 0.000
U 145 | F 296960 | FPS 0829 | D 341 | rR:mu sigma m M 0.00 0.00 0.00 0.00 | F:mu sigma m M 177.8 127.8 18.0 445.0 | H 1.099 | V 0.000 | pL 0.000 | vL 0.000 | delta 0.001
U 146 | F 299008 | FPS 0775 | D 343 | rR:mu sigma m M 0.00 0.00 0.00 0.00 | F:mu sigma m M 157.1 156.3 15.0 574.0 | H 1.099 | V 0.001 | pL 0.000 | vL 0.000 | delta 0.000
U 147 | F 301056 | FPS 0842 | D 346 | rR:mu sigma m M 0.00 0.00 0.00 0.00 | F:mu sigma m M 127.8 99.7 21.0 388.0 | H 1.099 | V 0.000 | pL -0.000 | vL 0.000 | delta 0.000
U 148 | F 303104 | FPS 0845 | D 348 | rR:mu sigma m M 0.00 0.00 0.00 0.00 | F:mu sigma m M 156.7 118.3 21.0 441.0 | H 1.099 | V 0.001 | pL 0.000 | vL 0.000 | delta 0.000
U 149 | F 305152 | FPS 0843 | D 351 | rR:mu sigma m M 0.00 0.00 0.00 0.00 | F:mu sigma m M 205.0 161.8 33.0 733.0 | H 1.099 | V 0.000 | pL 0.000 | vL 0.000 | delta 0.000
U 150 | F 307200 | FPS 0837 | D 353 | rR:mu sigma m M 0.00 0.00 0.00 0.00 | F:mu sigma m M 177.9 101.3 25.0 327.0 | H 1.099 | V 0.001 | pL -0.000 | vL 0.000 | delta 0.000
U 151 | F 309248 | FPS 0834 | D 355 | rR:mu sigma m M 0.00 0.00 0.00 0.00 | F:mu sigma m M 206.7 185.1 25.0 835.0 | H 1.099 | V 0.001 | pL 0.000 | vL 0.000 | delta 0.001
U 152 | F 311296 | FPS 0777 | D 358 | rR:mu sigma m M 0.05 0.18 0.00 0.74 | F:mu sigma m M 226.3 177.2 25.0 835.0 | H 1.096 | V 0.005 | pL -0.006 | vL 0.001 | delta 0.006
U 153 | F 313344 | FPS 0831 | D 361 | rR:mu sigma m M 0.05 0.18 0.00 0.74 | F:mu sigma m M 218.9 169.8 54.0 760.0 | H 1.098 | V -0.001 | pL -0.001 | vL 0.000 | delta 0.003
U 154 | F 315392 | FPS 0830 | D 363 | rR:mu sigma m M 0.02 0.10 0.00 0.45 | F:mu sigma m M 197.3 158.0 29.0 550.0 | H 1.097 | V 0.002 | pL -0.004 | vL 0.000 | delta 0.007
U 155 | F 317440 | FPS 0821 | D 366 | rR:mu sigma m M 0.00 0.00 0.00 0.00 | F:mu sigma m M 114.8 58.5 45.0 233.0 | H 1.098 | V 0.001 | pL -0.001 | vL 0.000 | delta 0.004
U 156 | F 319488 | FPS 0818 | D 368 | rR:mu sigma m M 0.00 0.00 0.00 0.00 | F:mu sigma m M 194.9 181.2 31.0 660.0 | H 1.096 | V 0.002 | pL 0.001 | vL 0.000 | delta 0.005
U 157 | F 321536 | FPS 0835 | D 370 | rR:mu sigma m M 0.06 0.21 0.00 0.88 | F:mu sigma m M 188.3 145.5 50.0 641.0 | H 1.098 | V 0.012 | pL -0.005 | vL 0.001 | delta 0.020
U 158 | F 323584 | FPS 0772 | D 373 | rR:mu sigma m M 0.00 0.00 0.00 0.00 | F:mu sigma m M 167.4 113.4 25.0 357.0 | H 1.098 | V -0.002 | pL -0.000 | vL 0.000 | delta 0.003
U 159 | F 325632 | FPS 0839 | D 376 | rR:mu sigma m M 0.00 0.00 0.00 0.00 | F:mu sigma m M 158.9 120.6 18.0 357.0 | H 1.099 | V -0.005 | pL -0.002 | vL 0.000 | delta 0.001
U 160 | F 327680 | FPS 0846 | D 378 | rR:mu sigma m M 0.00 0.00 0.00 0.00 | F:mu sigma m M 170.2 110.0 31.0 348.0 | H 1.095 | V 0.006 | pL 0.001 | vL 0.000 | delta 0.007
U 161 | F 329728 | FPS 0853 | D 380 | rR:mu sigma m M 0.04 0.17 0.00 0.72 | F:mu sigma m M 137.1 113.8 12.0 346.0 | H 1.097 | V 0.005 | pL -0.007 | vL 0.000 | delta 0.014
U 162 | F 331776 | FPS 0854 | D 383 | rR:mu sigma m M 0.04 0.17 0.00 0.72 | F:mu sigma m M 185.6 119.0 18.0 464.0 | H 1.098 | V 0.004 | pL 0.001 | vL 0.000 | delta 0.005
U 163 | F 333824 | FPS 0858 | D 385 | rR:mu sigma m M 0.00 0.00 0.00 0.00 | F:mu sigma m M 187.8 157.6 10.0 532.0 | H 1.098 | V 0.010 | pL 0.001 | vL 0.000 | delta 0.003
U 164 | F 335872 | FPS 0797 | D 388 | rR:mu sigma m M 0.00 0.00 0.00 0.00 | F:mu sigma m M 155.1 126.6 10.0 478.0 | H 1.098 | V 0.006 | pL 0.002 | vL 0.000 | delta 0.003
U 165 | F 337920 | FPS 0855 | D 390 | rR:mu sigma m M 0.00 0.00 0.00 0.00 | F:mu sigma m M 165.9 146.8 27.0 555.0 | H 1.099 | V 0.004 | pL 0.001 | vL 0.000 | delta 0.003
U 166 | F 339968 | FPS 0863 | D 393 | rR:mu sigma m M 0.00 0.00 0.00 0.00 | F:mu sigma m M 130.4 153.4 14.0 678.0 | H 1.099 | V 0.004 | pL 0.001 | vL 0.000 | delta 0.002
U 167 | F 342016 | FPS 0857 | D 395 | rR:mu sigma m M 0.00 0.00 0.00 0.00 | F:mu sigma m M 145.5 143.1 14.0 602.0 | H 1.099 | V 0.005 | pL 0.001 | vL 0.000 | delta 0.001
U 168 | F 344064 | FPS 0852 | D 397 | rR:mu sigma m M 0.00 0.00 0.00 0.00 | F:mu sigma m M 113.2 89.0 20.0 386.0 | H 1.099 | V 0.005 | pL 0.002 | vL 0.000 | delta 0.003
U 169 | F 346112 | FPS 0857 | D 400 | rR:mu sigma m M 0.00 0.00 0.00 0.00 | F:mu sigma m M 136.0 91.6 27.0 382.0 | H 1.099 | V 0.004 | pL 0.001 | vL 0.000 | delta 0.001
U 170 | F 348160 | FPS 0735 | D 402 | rR:mu sigma m M 0.00 0.00 0.00 0.00 | F:mu sigma m M 215.2 198.2 54.0 827.0 | H 1.099 | V 0.003 | pL 0.001 | vL 0.000 | delta 0.001
U 171 | F 350208 | FPS 0854 | D 405 | rR:mu sigma m M 0.00 0.00 0.00 0.00 | F:mu sigma m M 177.3 117.9 68.0 511.0 | H 1.099 | V 0.003 | pL 0.000 | vL 0.000 | delta 0.000
U 172 | F 352256 | FPS 0845 | D 407 | rR:mu sigma m M 0.00 0.00 0.00 0.00 | F:mu sigma m M 161.5 94.1 62.0 418.0 | H 1.099 | V 0.003 | pL 0.001 | vL 0.000 | delta 0.000
U 173 | F 354304 | FPS 0842 | D 410 | rR:mu sigma m M 0.00 0.00 0.00 0.00 | F:mu sigma m M 210.1 146.2 58.0 678.0 | H 1.099 | V 0.002 | pL 0.001 | vL 0.000 | delta 0.001
U 174 | F 356352 | FPS 0842 | D 412 | rR:mu sigma m M 0.00 0.00 0.00 0.00 | F:mu sigma m M 168.2 117.7 34.0 490.0 | H 1.099 | V 0.001 | pL 0.000 | vL 0.000 | delta 0.000
U 175 | F 358400 | FPS 0840 | D 415 | rR:mu sigma m M 0.00 0.00 0.00 0.00 | F:mu sigma m M 160.8 66.8 59.0 293.0 | H 1.099 | V 0.001 | pL 0.000 | vL 0.000 | delta 0.000
U 176 | F 360448 | FPS 0782 | D 417 | rR:mu sigma m M 0.00 0.00 0.00 0.00 | F:mu sigma m M 192.6 160.1 38.0 621.0 | H 1.099 | V 0.001 | pL 0.000 | vL 0.000 | delta 0.000
U 177 | F 362496 | FPS 0827 | D 420 | rR:mu sigma m M 0.00 0.00 0.00 0.00 | F:mu sigma m M 216.6 149.0 38.0 621.0 | H 1.099 | V 0.001 | pL 0.000 | vL 0.000 | delta 0.001
U 178 | F 364544 | FPS 0829 | D 422 | rR:mu sigma m M 0.00 0.00 0.00 0.00 | F:mu sigma m M 162.3 149.5 15.0 681.0 | H 1.099 | V 0.000 | pL 0.000 | vL 0.000 | delta 0.001
U 179 | F 366592 | FPS 0830 | D 425 | rR:mu sigma m M 0.00 0.00 0.00 0.00 | F:mu sigma m M 99.3 48.5 41.0 207.0 | H 1.099 | V 0.001 | pL 0.000 | vL 0.000 | delta 0.000
U 180 | F 368640 | FPS 0823 | D 427 | rR:mu sigma m M 0.00 0.00 0.00 0.00 | F:mu sigma m M 145.9 135.6 23.0 575.0 | H 1.099 | V 0.000 | pL 0.000 | vL 0.000 | delta 0.000
U 181 | F 370688 | FPS 0822 | D 430 | rR:mu sigma m M 0.00 0.00 0.00 0.00 | F:mu sigma m M 147.2 129.7 24.0 561.0 | H 1.099 | V 0.001 | pL 0.000 | vL 0.000 | delta 0.000
U 182 | F 372736 | FPS 0757 | D 432 | rR:mu sigma m M 0.00 0.00 0.00 0.00 | F:mu sigma m M 203.4 136.5 31.0 561.0 | H 1.099 | V 0.000 | pL 0.000 | vL 0.000 | delta 0.000
U 183 | F 374784 | FPS 0812 | D 435 | rR:mu sigma m M 0.00 0.00 0.00 0.00 | F:mu sigma m M 166.1 103.2 41.0 397.0 | H 1.099 | V 0.000 | pL 0.000 | vL 0.000 | delta 0.000
U 184 | F 376832 | FPS 0811 | D 437 | rR:mu sigma m M 0.00 0.00 0.00 0.00 | F:mu sigma m M 265.5 245.7 41.0 899.0 | H 1.099 | V 0.001 | pL 0.000 | vL 0.000 | delta 0.001
U 185 | F 378880 | FPS 0801 | D 440 | rR:mu sigma m M 0.00 0.00 0.00 0.00 | F:mu sigma m M 177.9 169.3 11.0 613.0 | H 1.099 | V 0.000 | pL 0.000 | vL 0.000 | delta 0.000
U 186 | F 380928 | FPS 0803 | D 442 | rR:mu sigma m M 0.00 0.00 0.00 0.00 | F:mu sigma m M 149.2 151.6 14.0 654.0 | H 1.099 | V 0.000 | pL 0.000 | vL 0.000 | delta 0.001
U 187 | F 382976 | FPS 0804 | D 445 | rR:mu sigma m M 0.00 0.00 0.00 0.00 | F:mu sigma m M 124.0 131.0 25.0 548.0 | H 1.099 | V -0.000 | pL -0.000 | vL 0.000 | delta 0.001
U 188 | F 385024 | FPS 0749 | D 448 | rR:mu sigma m M 0.05 0.20 0.00 0.81 | F:mu sigma m M 198.0 135.2 35.0 446.0 | H 1.085 | V 0.004 | pL -0.007 | vL 0.001 | delta 0.017
U 189 | F 387072 | FPS 0805 | D 450 | rR:mu sigma m M 0.00 0.00 0.00 0.00 | F:mu sigma m M 173.4 183.2 23.0 652.0 | H 1.099 | V 0.006 | pL 0.001 | vL 0.000 | delta 0.002
U 190 | F 389120 | FPS 0817 | D 453 | rR:mu sigma m M 0.00 0.00 0.00 0.00 | F:mu sigma m M 193.5 185.2 23.0 652.0 | H 1.099 | V 0.004 | pL 0.001 | vL 0.000 | delta 0.001
U 191 | F 391168 | FPS 0829 | D 455 | rR:mu sigma m M 0.00 0.00 0.00 0.00 | F:mu sigma m M 205.1 106.7 41.0 377.0 | H 1.099 | V 0.002 | pL 0.001 | vL 0.000 | delta 0.000
U 192 | F 393216 | FPS 0835 | D 458 | rR:mu sigma m M 0.00 0.00 0.00 0.00 | F:mu sigma m M 173.8 139.0 27.0 600.0 | H 1.099 | V 0.002 | pL 0.001 | vL 0.000 | delta 0.000
U 193 | F 395264 | FPS 0839 | D 460 | rR:mu sigma m M 0.00 0.00 0.00 0.00 | F:mu sigma m M 158.6 125.3 27.0 521.0 | H 1.099 | V 0.001 | pL 0.000 | vL 0.000 | delta 0.000
U 194 | F 397312 | FPS 0770 | D 463 | rR:mu sigma m M 0.00 0.00 0.00 0.00 | F:mu sigma m M 152.8 125.1 29.0 521.0 | H 1.099 | V 0.001 | pL 0.000 | vL 0.000 | delta 0.000
U 195 | F 399360 | FPS 0825 | D 465 | rR:mu sigma m M 0.00 0.00 0.00 0.00 | F:mu sigma m M 163.2 112.0 24.0 354.0 | H 1.099 | V 0.000 | pL 0.000 | vL 0.000 | delta 0.000
U 196 | F 401408 | FPS 0831 | D 468 | rR:mu sigma m M 0.00 0.00 0.00 0.00 | F:mu sigma m M 179.4 122.1 24.0 372.0 | H 1.098 | V 0.002 | pL 0.000 | vL 0.000 | delta 0.001
U 197 | F 403456 | FPS 0827 | D 470 | rR:mu sigma m M 0.04 0.16 0.00 0.65 | F:mu sigma m M 238.6 169.8 42.0 604.0 | H 1.095 | V 0.009 | pL -0.005 | vL 0.001 | delta 0.045
U 198 | F 405504 | FPS 0841 | D 473 | rR:mu sigma m M 0.09 0.23 0.00 0.75 | F:mu sigma m M 226.9 208.0 47.0 829.0 | H 1.097 | V 0.002 | pL -0.009 | vL 0.000 | delta 0.022
U 199 | F 407552 | FPS 0847 | D 475 | rR:mu sigma m M 0.00 0.00 0.00 0.00 | F:mu sigma m M 231.1 253.0 18.0 900.0 | H 1.096 | V 0.004 | pL -0.000 | vL 0.000 | delta 0.006
U 200 | F 409600 | FPS 0741 | D 478 | rR:mu sigma m M 0.00 0.00 0.00 0.00 | F:mu sigma m M 162.7 213.3 16.0 900.0 | H 1.098 | V 0.010 | pL 0.001 | vL 0.000 | delta 0.005
U 201 | F 411648 | FPS 0852 | D 480 | rR:mu sigma m M 0.04 0.15 0.00 0.62 | F:mu sigma m M 192.0 171.9 35.0 687.0 | H 1.097 | V 0.013 | pL -0.002 | vL 0.000 | delta 0.010
U 202 | F 413696 | FPS 0858 | D 483 | rR:mu sigma m M 0.00 0.00 0.00 0.00 | F:mu sigma m M 178.9 125.8 35.0 489.0 | H 1.098 | V 0.009 | pL 0.002 | vL 0.000 | delta 0.001
U 203 | F 415744 | FPS 0859 | D 485 | rR:mu sigma m M 0.00 0.00 0.00 0.00 | F:mu sigma m M 197.6 110.8 35.0 421.0 | H 1.099 | V 0.007 | pL 0.002 | vL 0.000 | delta 0.001
U 204 | F 417792 | FPS 0858 | D 487 | rR:mu sigma m M 0.00 0.00 0.00 0.00 | F:mu sigma m M 198.9 124.4 35.0 446.0 | H 1.099 | V 0.006 | pL 0.002 | vL 0.000 | delta 0.001
U 205 | F 419840 | FPS 0861 | D 490 | rR:mu sigma m M 0.00 0.00 0.00 0.00 | F:mu sigma m M 179.1 145.4 23.0 494.0 | H 1.098 | V 0.006 | pL 0.001 | vL 0.000 | delta 0.004
U 206 | F 421888 | FPS 0797 | D 492 | rR:mu sigma m M 0.00 0.00 0.00 0.00 | F:mu sigma m M 160.8 96.6 43.0 360.0 | H 1.097 | V 0.006 | pL 0.001 | vL 0.000 | delta 0.004
U 207 | F 423936 | FPS 0857 | D 495 | rR:mu sigma m M 0.03 0.10 0.00 0.40 | F:mu sigma m M 182.1 140.5 30.0 596.0 | H 1.097 | V 0.007 | pL -0.003 | vL 0.000 | delta 0.008
U 208 | F 425984 | FPS 0854 | D 497 | rR:mu sigma m M 0.03 0.10 0.00 0.40 | F:mu sigma m M 164.9 137.3 45.0 596.0 | H 1.098 | V 0.005 | pL 0.001 | vL 0.000 | delta 0.001
U 209 | F 428032 | FPS 0859 | D 500 | rR:mu sigma m M 0.00 0.00 0.00 0.00 | F:mu sigma m M 240.8 225.2 22.0 798.0 | H 1.098 | V 0.004 | pL 0.001 | vL 0.000 | delta 0.001
U 210 | F 430080 | FPS 0858 | D 502 | rR:mu sigma m M 0.04 0.15 0.00 0.61 | F:mu sigma m M 217.1 176.6 37.0 724.0 | H 1.098 | V 0.005 | pL -0.002 | vL 0.000 | delta 0.009
U 211 | F 432128 | FPS 0865 | D 504 | rR:mu sigma m M 0.00 0.00 0.00 0.00 | F:mu sigma m M 177.7 102.5 34.0 401.0 | H 1.098 | V 0.007 | pL 0.001 | vL 0.000 | delta 0.005
U 212 | F 434176 | FPS 0868 | D 507 | rR:mu sigma m M 0.00 0.00 0.00 0.00 | F:mu sigma m M 202.9 105.3 64.0 401.0 | H 1.098 | V 0.001 | pL 0.000 | vL 0.000 | delta 0.001
U 213 | F 436224 | FPS 0803 | D 509 | rR:mu sigma m M 0.00 0.00 0.00 0.00 | F:mu sigma m M 131.7 80.8 36.0 284.0 | H 1.098 | V 0.002 | pL -0.000 | vL 0.000 | delta 0.002
U 214 | F 438272 | FPS 0872 | D 512 | rR:mu sigma m M 0.00 0.00 0.00 0.00 | F:mu sigma m M 163.9 145.0 8.0 624.0 | H 1.098 | V 0.001 | pL 0.000 | vL 0.000 | delta 0.002
U 215 | F 440320 | FPS 0867 | D 514 | rR:mu sigma m M 0.00 0.00 0.00 0.00 | F:mu sigma m M 138.6 91.1 32.0 388.0 | H 1.099 | V 0.000 | pL 0.000 | vL 0.000 | delta 0.000
U 216 | F 442368 | FPS 0854 | D 516 | rR:mu sigma m M 0.00 0.00 0.00 0.00 | F:mu sigma m M 161.9 114.3 32.0 455.0 | H 1.098 | V 0.002 | pL 0.000 | vL 0.000 | delta 0.003
U 217 | F 444416 | FPS 0842 | D 519 | rR:mu sigma m M 0.05 0.20 0.00 0.83 | F:mu sigma m M 218.9 160.8 31.0 598.0 | H 1.097 | V 0.007 | pL -0.007 | vL 0.001 | delta 0.009
U 218 | F 446464 | FPS 0824 | D 521 | rR:mu sigma m M 0.05 0.20 0.00 0.83 | F:mu sigma m M 200.1 131.4 31.0 598.0 | H 1.098 | V -0.001 | pL -0.000 | vL 0.000 | delta 0.002
U 219 | F 448512 | FPS 0788 | D 524 | rR:mu sigma m M 0.03 0.12 0.00 0.49 | F:mu sigma m M 186.8 138.0 37.0 515.0 | H 1.097 | V 0.005 | pL -0.004 | vL 0.000 | delta 0.010
U 220 | F 450560 | FPS 0845 | D 526 | rR:mu sigma m M 0.00 0.00 0.00 0.00 | F:mu sigma m M 162.1 163.4 18.0 668.0 | H 1.098 | V 0.004 | pL 0.001 | vL 0.000 | delta 0.001
U 221 | F 452608 | FPS 0837 | D 529 | rR:mu sigma m M 0.03 0.12 0.00 0.50 | F:mu sigma m M 149.3 157.7 20.0 568.0 | H 1.096 | V 0.010 | pL -0.003 | vL 0.000 | delta 0.020
U 222 | F 454656 | FPS 0860 | D 531 | rR:mu sigma m M 0.00 0.00 0.00 0.00 | F:mu sigma m M 210.3 219.8 24.0 882.0 | H 1.098 | V 0.005 | pL 0.001 | vL 0.000 | delta 0.003
U 223 | F 456704 | FPS 0870 | D 533 | rR:mu sigma m M 0.00 0.00 0.00 0.00 | F:mu sigma m M 212.3 228.3 29.0 882.0 | H 1.098 | V 0.009 | pL 0.003 | vL 0.000 | delta 0.004
U 224 | F 458752 | FPS 0870 | D 536 | rR:mu sigma m M 0.00 0.00 0.00 0.00 | F:mu sigma m M 164.7 138.9 29.0 486.0 | H 1.097 | V 0.007 | pL 0.001 | vL 0.000 | delta 0.003
U 225 | F 460800 | FPS 0808 | D 538 | rR:mu sigma m M 0.00 0.00 0.00 0.00 | F:mu sigma m M 234.6 176.0 29.0 555.0 | H 1.098 | V 0.005 | pL 0.002 | vL 0.000 | delta 0.001
U 226 | F 462848 | FPS 0869 | D 541 | rR:mu sigma m M 0.00 0.00 0.00 0.00 | F:mu sigma m M 208.6 154.4 16.0 514.0 | H 1.098 | V 0.004 | pL 0.001 | vL 0.000 | delta 0.001
U 227 | F 464896 | FPS 0866 | D 543 | rR:mu sigma m M 0.00 0.00 0.00 0.00 | F:mu sigma m M 141.1 100.4 16.0 373.0 | H 1.098 | V 0.006 | pL 0.001 | vL 0.000 | delta 0.003
U 228 | F 466944 | FPS 0862 | D 545 | rR:mu sigma m M 0.00 0.00 0.00 0.00 | F:mu sigma m M 175.7 145.4 20.0 475.0 | H 1.098 | V 0.004 | pL 0.001 | vL 0.000 | delta 0.001
U 229 | F 468992 | FPS 0862 | D 548 | rR:mu sigma m M 0.00 0.00 0.00 0.00 | F:mu sigma m M 157.1 111.4 20.0 456.0 | H 1.098 | V 0.003 | pL -0.000 | vL 0.000 | delta 0.002
U 230 | F 471040 | FPS 0867 | D 550 | rR:mu sigma m M 0.04 0.14 0.00 0.58 | F:mu sigma m M 193.0 151.5 33.0 508.0 | H 1.098 | V 0.006 | pL -0.002 | vL 0.000 | delta 0.006
U 231 | F 473088 | FPS 0803 | D 553 | rR:mu sigma m M 0.00 0.00 0.00 0.00 | F:mu sigma m M 145.4 98.0 33.0 352.0 | H 1.098 | V 0.005 | pL 0.001 | vL 0.000 | delta 0.002
U 232 | F 475136 | FPS 0874 | D 555 | rR:mu sigma m M 0.00 0.00 0.00 0.00 | F:mu sigma m M 141.8 91.8 13.0 352.0 | H 1.095 | V 0.011 | pL 0.002 | vL 0.000 | delta 0.005
U 233 | F 477184 | FPS 0875 | D 557 | rR:mu sigma m M 0.00 0.00 0.00 0.00 | F:mu sigma m M 136.2 149.1 21.0 691.0 | H 1.098 | V 0.002 | pL 0.001 | vL 0.000 | delta 0.002
U 234 | F 479232 | FPS 0870 | D 560 | rR:mu sigma m M 0.00 0.00 0.00 0.00 | F:mu sigma m M 173.8 155.6 40.0 691.0 | H 1.098 | V 0.002 | pL -0.000 | vL 0.000 | delta 0.001
U 235 | F 481280 | FPS 0869 | D 562 | rR:mu sigma m M 0.05 0.19 0.00 0.79 | F:mu sigma m M 143.8 119.0 32.0 519.0 | H 1.095 | V 0.011 | pL -0.004 | vL 0.001 | delta 0.023
U 236 | F 483328 | FPS 0793 | D 565 | rR:mu sigma m M 0.02 0.09 0.00 0.36 | F:mu sigma m M 164.0 150.4 32.0 638.0 | H 1.097 | V 0.021 | pL 0.001 | vL 0.000 | delta 0.013
U 237 | F 485376 | FPS 0799 | D 567 | rR:mu sigma m M 0.07 0.19 0.00 0.71 | F:mu sigma m M 161.9 150.8 32.0 638.0 | H 1.094 | V 0.029 | pL 0.001 | vL 0.001 | delta 0.009
U 238 | F 487424 | FPS 0857 | D 570 | rR:mu sigma m M 0.04 0.17 0.00 0.71 | F:mu sigma m M 184.4 166.6 20.0 637.0 | H 1.098 | V 0.015 | pL 0.004 | vL 0.000 | delta 0.002
U 239 | F 489472 | FPS 0854 | D 572 | rR:mu sigma m M 0.00 0.00 0.00 0.00 | F:mu sigma m M 235.6 174.9 20.0 552.0 | H 1.098 | V 0.013 | pL 0.004 | vL 0.000 | delta 0.003
U 240 | F 491520 | FPS 0849 | D 575 | rR:mu sigma m M 0.00 0.00 0.00 0.00 | F:mu sigma m M 197.7 158.0 15.0 552.0 | H 1.098 | V 0.013 | pL 0.001 | vL 0.000 | delta 0.003
U 241 | F 493568 | FPS 0851 | D 577 | rR:mu sigma m M 0.04 0.14 0.00 0.57 | F:mu sigma m M 185.7 140.3 15.0 487.0 | H 1.098 | V 0.009 | pL 0.002 | vL 0.000 | delta 0.004
U 242 | F 495616 | FPS 0851 | D 579 | rR:mu sigma m M 0.03 0.13 0.00 0.54 | F:mu sigma m M 184.4 137.4 41.0 464.0 | H 1.095 | V 0.016 | pL -0.001 | vL 0.001 | delta 0.018
U 243 | F 497664 | FPS 0869 | D 582 | rR:mu sigma m M 0.00 0.00 0.00 0.00 | F:mu sigma m M 118.8 82.0 17.0 278.0 | H 1.098 | V -0.002 | pL -0.001 | vL 0.000 | delta 0.003
U 244 | F 499712 | FPS 0809 | D 584 | rR:mu sigma m M 0.00 0.00 0.00 0.00 | F:mu sigma m M 154.2 134.2 17.0 619.0 | H 1.099 | V -0.003 | pL -0.001 | vL 0.000 | delta 0.001
U 245 | F 501760 | FPS 0872 | D 587 | rR:mu sigma m M 0.00 0.00 0.00 0.00 | F:mu sigma m M 192.8 147.0 51.0 619.0 | H 1.099 | V -0.002 | pL -0.001 | vL 0.000 | delta 0.001
U 246 | F 503808 | FPS 0871 | D 589 | rR:mu sigma m M 0.00 0.00 0.00 0.00 | F:mu sigma m M 147.6 157.3 12.0 703.0 | H 1.098 | V -0.002 | pL -0.000 | vL 0.000 | delta 0.001
U 247 | F 505856 | FPS 0884 | D 591 | rR:mu sigma m M 0.00 0.00 0.00 0.00 | F:mu sigma m M 116.3 67.6 12.0 270.0 | H 1.099 | V -0.002 | pL -0.000 | vL 0.000 | delta 0.000
U 248 | F 507904 | FPS 0885 | D 594 | rR:mu sigma m M 0.00 0.00 0.00 0.00 | F:mu sigma m M 123.9 55.6 28.0 229.0 | H 1.098 | V -0.001 | pL -0.000 | vL 0.000 | delta 0.000
U 249 | F 509952 | FPS 0884 | D 596 | rR:mu sigma m M 0.00 0.00 0.00 0.00 | F:mu sigma m M 262.0 263.1 44.0 900.0 | H 1.098 | V -0.001 | pL -0.000 | vL 0.000 | delta 0.002
U 250 | F 512000 | FPS 0819 | D 598 | rR:mu sigma m M 0.00 0.00 0.00 0.00 | F:mu sigma m M 251.0 229.5 43.0 825.0 | H 1.098 | V -0.001 | pL -0.000 | vL 0.000 | delta 0.002
U 251 | F 514048 | FPS 0876 | D 601 | rR:mu sigma m M 0.00 0.00 0.00 0.00 | F:mu sigma m M 207.9 177.3 36.0 629.0 | H 1.099 | V -0.001 | pL -0.000 | vL 0.000 | delta 0.000
U 252 | F 516096 | FPS 0872 | D 603 | rR:mu sigma m M 0.00 0.00 0.00 0.00 | F:mu sigma m M 171.2 132.7 15.0 457.0 | H 1.099 | V -0.000 | pL -0.001 | vL 0.000 | delta 0.001
U 253 | F 518144 | FPS 0866 | D 605 | rR:mu sigma m M 0.05 0.21 0.00 0.88 | F:mu sigma m M 186.6 124.0 42.0 436.0 | H 1.095 | V 0.008 | pL -0.007 | vL 0.001 | delta 0.017
U 254 | F 520192 | FPS 0874 | D 608 | rR:mu sigma m M 0.03 0.10 0.00 0.41 | F:mu sigma m M 184.8 126.6 56.0 585.0 | H 1.092 | V 0.014 | pL 0.001 | vL 0.001 | delta 0.009
U 255 | F 522240 | FPS 0871 | D 610 | rR:mu sigma m M 0.00 0.00 0.00 0.00 | F:mu sigma m M 160.5 67.5 63.0 299.0 | H 1.095 | V 0.007 | pL 0.001 | vL 0.000 | delta 0.009
U 256 | F 524288 | FPS 0811 | D 613 | rR:mu sigma m M 0.09 0.23 0.00 0.71 | F:mu sigma m M 196.4 206.9 24.0 866.0 | H 1.082 | V 0.022 | pL -0.007 | vL 0.002 | delta 0.018
U 257 | F 526336 | FPS 0868 | D 615 | rR:mu sigma m M 0.04 0.17 0.00 0.70 | F:mu sigma m M 142.1 107.4 17.0 398.0 | H 1.090 | V 0.011 | pL 0.003 | vL 0.000 | delta 0.006
U 258 | F 528384 | FPS 0869 | D 617 | rR:mu sigma m M 0.00 0.00 0.00 0.00 | F:mu sigma m M 174.5 112.2 9.0 398.0 | H 1.097 | V 0.011 | pL 0.003 | vL 0.000 | delta 0.003
U 259 | F 530432 | FPS 0868 | D 620 | rR:mu sigma m M 0.00 0.00 0.00 0.00 | F:mu sigma m M 144.5 149.1 26.0 646.0 | H 1.097 | V 0.010 | pL 0.002 | vL 0.000 | delta 0.003
U 260 | F 532480 | FPS 0867 | D 622 | rR:mu sigma m M 0.07 0.19 0.00 0.58 | F:mu sigma m M 175.9 145.9 26.0 489.0 | H 1.091 | V 0.015 | pL -0.007 | vL 0.001 | delta 0.013
U 261 | F 534528 | FPS 0869 | D 624 | rR:mu sigma m M 0.00 0.00 0.00 0.00 | F:mu sigma m M 139.1 90.5 26.0 388.0 | H 1.096 | V 0.012 | pL 0.002 | vL 0.000 | delta 0.003
U 262 | F 536576 | FPS 0869 | D 627 | rR:mu sigma m M 0.00 0.00 0.00 0.00 | F:mu sigma m M 108.3 76.0 25.0 293.0 | H 1.097 | V 0.007 | pL 0.002 | vL 0.000 | delta 0.002
U 263 | F 538624 | FPS 0808 | D 629 | rR:mu sigma m M 0.06 0.22 0.00 0.91 | F:mu sigma m M 115.1 78.5 32.0 308.0 | H 1.091 | V 0.013 | pL -0.006 | vL 0.002 | delta 0.025
U 264 | F 540672 | FPS 0878 | D 632 | rR:mu sigma m M 0.09 0.25 0.00 0.86 | F:mu sigma m M 232.6 203.8 35.0 900.0 | H 1.074 | V 0.036 | pL -0.013 | vL 0.004 | delta 0.035
U 265 | F 542720 | FPS 0875 | D 634 | rR:mu sigma m M 0.11 0.28 0.00 0.87 | F:mu sigma m M 129.6 63.4 45.0 258.0 | H 1.075 | V 0.034 | pL -0.001 | vL 0.002 | delta 0.016
U 266 | F 544768 | FPS 0827 | D 636 | rR:mu sigma m M 0.05 0.19 0.00 0.77 | F:mu sigma m M 147.9 97.5 13.0 388.0 | H 1.080 | V 0.034 | pL -0.003 | vL 0.002 | delta 0.023
U 267 | F 546816 | FPS 0902 | D 639 | rR:mu sigma m M 0.14 0.31 0.00 0.90 | F:mu sigma m M 166.6 131.8 18.0 528.0 | H 1.014 | V 0.082 | pL -0.015 | vL 0.005 | delta 0.038
U 268 | F 548864 | FPS 0910 | D 641 | rR:mu sigma m M 0.24 0.38 0.00 0.96 | F:mu sigma m M 124.0 91.3 28.0 329.0 | H 1.007 | V 0.099 | pL -0.018 | vL 0.006 | delta 0.040
U 269 | F 550912 | FPS 0859 | D 643 | rR:mu sigma m M 0.25 0.37 0.00 0.90 | F:mu sigma m M 136.1 82.5 22.0 340.0 | H 1.017 | V 0.112 | pL -0.006 | vL 0.003 | delta 0.028
U 270 | F 552960 | FPS 0919 | D 646 | rR:mu sigma m M 0.21 0.36 0.00 0.90 | F:mu sigma m M 109.2 64.3 24.0 286.0 | H 0.959 | V 0.156 | pL -0.017 | vL 0.006 | delta 0.048
U 271 | F 555008 | FPS 0937 | D 648 | rR:mu sigma m M 0.33 0.42 0.00 0.94 | F:mu sigma m M 123.7 78.0 22.0 330.0 | H 0.949 | V 0.173 | pL -0.015 | vL 0.005 | delta 0.040
U 272 | F 557056 | FPS 0935 | D 650 | rR:mu sigma m M 0.28 0.41 0.00 0.95 | F:mu sigma m M 78.9 50.1 11.0 221.0 | H 0.902 | V 0.209 | pL -0.023 | vL 0.009 | delta 0.051
U 273 | F 559104 | FPS 0939 | D 652 | rR:mu sigma m M 0.64 0.40 0.00 0.95 | F:mu sigma m M 105.4 46.3 30.0 229.0 | H 0.713 | V 0.339 | pL -0.041 | vL 0.010 | delta 0.063
U 274 | F 561152 | FPS 0946 | D 654 | rR:mu sigma m M 0.82 0.26 0.00 0.96 | F:mu sigma m M 99.0 40.2 42.0 215.0 | H 0.727 | V 0.446 | pL -0.070 | vL 0.010 | delta 0.073
U 275 | F 563200 | FPS 0935 | D 657 | rR:mu sigma m M 0.80 0.33 0.00 0.97 | F:mu sigma m M 63.1 23.7 31.0 108.0 | H 0.621 | V 0.504 | pL -0.072 | vL 0.013 | delta 0.079
U 276 | F 565248 | FPS 0860 | D 659 | rR:mu sigma m M 0.87 0.24 0.00 0.97 | F:mu sigma m M 65.9 32.2 13.0 132.0 | H 0.594 | V 0.596 | pL -0.041 | vL 0.007 | delta 0.059
U 277 | F 567296 | FPS 0951 | D 661 | rR:mu sigma m M 0.90 0.21 0.00 0.97 | F:mu sigma m M 54.4 19.0 10.0 101.0 | H 0.549 | V 0.640 | pL -0.052 | vL 0.006 | delta 0.077
U 278 | F 569344 | FPS 0954 | D 663 | rR:mu sigma m M 0.93 0.14 0.00 0.97 | F:mu sigma m M 48.1 26.4 27.0 205.0 | H 0.532 | V 0.701 | pL -0.048 | vL 0.006 | delta 0.058
U 279 | F 571392 | FPS 0944 | D 665 | rR:mu sigma m M 0.96 0.01 0.92 0.97 | F:mu sigma m M 41.2 12.5 27.0 81.0 | H 0.492 | V 0.756 | pL -0.038 | vL 0.003 | delta 0.042
agent reach optimality, start collecting trajectories
agent successfully collected 10 trajectories
pickling optimal trajectories
Model successfully saved
