The following modules were not unloaded:
  (Use "module --force purge" to unload all):

  1) StdEnv/2018.3     4) gcccore/.7.3.0      7) intel/2018.3
  2) nixpkgs/16.09     5) icc/.2018.3.222     8) openmpi/3.1.2
  3) imkl/2018.3.222   6) ifort/.2018.3.222

Due to MODULEPATH changes, the following have been reloaded:
  1) openmpi/3.1.2

Attention: While Conda works well in a desktop environment, it tends to create more problems than it solves on a cluster. Instead, we recommend that users use virtual environments and the binary packages that we provide through Python wheels as documented on the Python page.
/home/rdali/RL/watch_and_learn/dependency/rl-starter-files/scripts/train_agent_multidem.py --env MiniGrid-LavaCrossingAddictO12S15-v0 --algo ppo --nameDemonstrator LavaCrossing1215Addict1,LavaCrossing1215Addict2,LavaCrossing1215Addict4,LavaCrossing1215Addict5,LavaCrossing1215Addict7,LavaCrossing1215Addict8,LavaCrossing1215Addict9,LavaCrossing1215Addict10 --flat-model 0 --useKL 0 --meanReward 0.80 --rewardLB 0.70 --seed 7093

Namespace(KLweight=0.0001, algo='ppo', batch_size=256, clip_eps=0.2, discount=0.99, entropy_coef=0.01, env='MiniGrid-LavaCrossingAddictO12S15-v0', epochs=4, flat_model=0, frames=10000000, frames_per_proc=None, full_obs=0, gae_lambda=0.95, log_interval=1, lr=0.0007, max_grad_norm=0.5, meanReward=0.8, mem=False, model=None, nameDemonstrator='LavaCrossing1215Addict1,LavaCrossing1215Addict2,LavaCrossing1215Addict4,LavaCrossing1215Addict5,LavaCrossing1215Addict7,LavaCrossing1215Addict8,LavaCrossing1215Addict9,LavaCrossing1215Addict10', optim_alpha=0.99, optim_eps=1e-05, procs=16, recurrence=1, rewardLB=0.7, save_interval=0, seed=7093, tb=False, text=False, useKL=0, value_loss_coef=0.5)

Flat model successfully created

ACModel(
  (image_conv): Sequential(
    (0): Conv2d(3, 32, kernel_size=(2, 2), stride=(1, 1))
    (1): ReLU()
    (2): MaxPool2d(kernel_size=(2, 2), stride=(2, 2), padding=0, dilation=1, ceil_mode=False)
    (3): Conv2d(32, 64, kernel_size=(2, 2), stride=(1, 1))
    (4): ReLU()
    (5): Conv2d(64, 64, kernel_size=(2, 2), stride=(1, 1))
    (6): ReLU()
  )
  (actor): Sequential(
    (0): Linear(in_features=1600, out_features=64, bias=True)
    (1): Tanh()
    (2): Linear(in_features=64, out_features=3, bias=True)
  )
  (critic): Sequential(
    (0): Linear(in_features=1600, out_features=64, bias=True)
    (1): Tanh()
    (2): Linear(in_features=64, out_features=1, bias=True)
  )
)

CUDA available: False

0
False
0.0001
Using TensorFlow backend.
OMP: Info #212: KMP_AFFINITY: decoding x2APIC ids.
OMP: Info #210: KMP_AFFINITY: Affinity capable, using global cpuid leaf 11 info
OMP: Info #154: KMP_AFFINITY: Initial OS proc set respected: 20-24
OMP: Info #156: KMP_AFFINITY: 5 available OS procs
OMP: Info #158: KMP_AFFINITY: Nonuniform topology
OMP: Info #179: KMP_AFFINITY: 2 packages x 3 cores/pkg x 1 threads/core (5 total cores)
OMP: Info #214: KMP_AFFINITY: OS proc to physical thread map:
OMP: Info #171: KMP_AFFINITY: OS proc 20 maps to package 0 core 16 
OMP: Info #171: KMP_AFFINITY: OS proc 24 maps to package 0 core 17 
OMP: Info #171: KMP_AFFINITY: OS proc 22 maps to package 0 core 20 
OMP: Info #171: KMP_AFFINITY: OS proc 21 maps to package 1 core 16 
OMP: Info #171: KMP_AFFINITY: OS proc 23 maps to package 1 core 20 
OMP: Info #250: KMP_AFFINITY: pid 202927 tid 202927 thread 0 bound to OS proc set 20
OMP: Info #250: KMP_AFFINITY: pid 202927 tid 203462 thread 2 bound to OS proc set 24
OMP: Info #250: KMP_AFFINITY: pid 202927 tid 203461 thread 1 bound to OS proc set 21
OMP: Info #250: KMP_AFFINITY: pid 202927 tid 203468 thread 4 bound to OS proc set 22
OMP: Info #250: KMP_AFFINITY: pid 202927 tid 203463 thread 3 bound to OS proc set 23
OMP: Info #250: KMP_AFFINITY: pid 202927 tid 203484 thread 5 bound to OS proc set 20
OMP: Info #250: KMP_AFFINITY: pid 202927 tid 203485 thread 6 bound to OS proc set 21
OMP: Info #250: KMP_AFFINITY: pid 202927 tid 203487 thread 8 bound to OS proc set 23
OMP: Info #250: KMP_AFFINITY: pid 202927 tid 203488 thread 9 bound to OS proc set 22
OMP: Info #250: KMP_AFFINITY: pid 202927 tid 203486 thread 7 bound to OS proc set 24
U 1 | F 002048 | FPS 0788 | D 2 | rR:mu sigma m M 0.00 0.00 0.00 0.00 | F:mu sigma m M 29.9 38.0 0.0 114.0 | H 1.094 | V -0.119 | pL -0.033 | vL 0.001 | delta 0.050
U 2 | F 004096 | FPS 0856 | D 5 | rR:mu sigma m M 0.00 0.00 0.00 0.00 | F:mu sigma m M 103.6 58.8 12.0 188.0 | H 1.080 | V -0.102 | pL -0.036 | vL 0.001 | delta 0.021
U 3 | F 006144 | FPS 0858 | D 7 | rR:mu sigma m M 0.00 0.00 0.00 0.00 | F:mu sigma m M 133.1 93.1 26.0 361.0 | H 1.089 | V -0.079 | pL -0.027 | vL 0.000 | delta 0.015
U 4 | F 008192 | FPS 0878 | D 9 | rR:mu sigma m M 0.00 0.00 0.00 0.00 | F:mu sigma m M 173.4 137.3 40.0 500.0 | H 1.091 | V -0.067 | pL -0.017 | vL 0.000 | delta 0.007
U 5 | F 010240 | FPS 0823 | D 12 | rR:mu sigma m M 0.04 0.16 0.00 0.67 | F:mu sigma m M 154.6 118.0 53.0 500.0 | H 1.083 | V -0.045 | pL -0.022 | vL 0.002 | delta 0.016
U 6 | F 012288 | FPS 0917 | D 14 | rR:mu sigma m M 0.08 0.20 0.00 0.67 | F:mu sigma m M 182.2 155.0 27.0 460.0 | H 1.084 | V -0.036 | pL -0.016 | vL 0.001 | delta 0.011
U 7 | F 014336 | FPS 0927 | D 16 | rR:mu sigma m M 0.04 0.15 0.00 0.63 | F:mu sigma m M 165.8 151.1 22.0 610.0 | H 1.098 | V -0.022 | pL -0.014 | vL 0.000 | delta 0.015
U 8 | F 016384 | FPS 0908 | D 18 | rR:mu sigma m M 0.00 0.00 0.00 0.00 | F:mu sigma m M 149.2 141.1 22.0 610.0 | H 1.098 | V -0.016 | pL -0.004 | vL 0.000 | delta 0.003
U 9 | F 018432 | FPS 0887 | D 21 | rR:mu sigma m M 0.00 0.00 0.00 0.00 | F:mu sigma m M 209.1 135.1 22.0 564.0 | H 1.098 | V -0.008 | pL -0.004 | vL 0.000 | delta 0.003
U 10 | F 020480 | FPS 0887 | D 23 | rR:mu sigma m M 0.05 0.17 0.00 0.72 | F:mu sigma m M 204.4 152.4 15.0 564.0 | H 1.096 | V -0.002 | pL -0.008 | vL 0.001 | delta 0.009
U 11 | F 022528 | FPS 0899 | D 25 | rR:mu sigma m M 0.04 0.14 0.00 0.58 | F:mu sigma m M 194.3 130.0 22.0 420.0 | H 1.098 | V -0.001 | pL -0.004 | vL 0.000 | delta 0.006
U 12 | F 024576 | FPS 0860 | D 28 | rR:mu sigma m M 0.00 0.00 0.00 0.00 | F:mu sigma m M 125.2 92.4 22.0 339.0 | H 1.098 | V -0.001 | pL -0.002 | vL 0.000 | delta 0.004
U 13 | F 026624 | FPS 0905 | D 30 | rR:mu sigma m M 0.00 0.00 0.00 0.00 | F:mu sigma m M 120.4 102.6 14.0 420.0 | H 1.098 | V -0.001 | pL -0.001 | vL 0.000 | delta 0.001
U 14 | F 028672 | FPS 0906 | D 32 | rR:mu sigma m M 0.00 0.00 0.00 0.00 | F:mu sigma m M 153.1 111.6 14.0 444.0 | H 1.098 | V 0.005 | pL -0.001 | vL 0.000 | delta 0.004
U 15 | F 030720 | FPS 0911 | D 35 | rR:mu sigma m M 0.04 0.15 0.00 0.64 | F:mu sigma m M 231.6 124.5 42.0 444.0 | H 1.098 | V 0.001 | pL -0.001 | vL 0.000 | delta 0.006
U 16 | F 032768 | FPS 0848 | D 37 | rR:mu sigma m M 0.00 0.00 0.00 0.00 | F:mu sigma m M 222.9 154.0 42.0 668.0 | H 1.098 | V -0.001 | pL -0.000 | vL 0.000 | delta 0.002
U 17 | F 034816 | FPS 0841 | D 39 | rR:mu sigma m M 0.00 0.00 0.00 0.00 | F:mu sigma m M 182.8 125.5 37.0 438.0 | H 1.098 | V -0.000 | pL -0.000 | vL 0.000 | delta 0.001
U 18 | F 036864 | FPS 0838 | D 42 | rR:mu sigma m M 0.00 0.00 0.00 0.00 | F:mu sigma m M 173.1 113.9 46.0 438.0 | H 1.099 | V -0.000 | pL -0.000 | vL 0.000 | delta 0.001
U 19 | F 038912 | FPS 0880 | D 44 | rR:mu sigma m M 0.00 0.00 0.00 0.00 | F:mu sigma m M 148.4 106.3 26.0 392.0 | H 1.098 | V 0.001 | pL -0.000 | vL 0.000 | delta 0.001
U 20 | F 040960 | FPS 0899 | D 46 | rR:mu sigma m M 0.00 0.00 0.00 0.00 | F:mu sigma m M 192.0 117.9 13.0 396.0 | H 1.098 | V 0.001 | pL 0.000 | vL 0.000 | delta 0.001
U 21 | F 043008 | FPS 0893 | D 49 | rR:mu sigma m M 0.00 0.00 0.00 0.00 | F:mu sigma m M 185.0 124.8 13.0 405.0 | H 1.099 | V 0.001 | pL 0.000 | vL 0.000 | delta 0.001
U 22 | F 045056 | FPS 0892 | D 51 | rR:mu sigma m M 0.00 0.00 0.00 0.00 | F:mu sigma m M 190.9 121.4 28.0 405.0 | H 1.094 | V 0.006 | pL 0.001 | vL 0.000 | delta 0.010
U 23 | F 047104 | FPS 0876 | D 53 | rR:mu sigma m M 0.00 0.00 0.00 0.00 | F:mu sigma m M 191.5 124.6 23.0 543.0 | H 1.098 | V 0.004 | pL 0.001 | vL 0.000 | delta 0.002
U 24 | F 049152 | FPS 0786 | D 56 | rR:mu sigma m M 0.02 0.08 0.00 0.32 | F:mu sigma m M 202.6 160.1 36.0 676.0 | H 1.098 | V 0.009 | pL -0.002 | vL 0.000 | delta 0.006
U 25 | F 051200 | FPS 0866 | D 58 | rR:mu sigma m M 0.02 0.08 0.00 0.32 | F:mu sigma m M 188.3 150.5 30.0 676.0 | H 1.098 | V 0.006 | pL 0.002 | vL 0.000 | delta 0.002
U 26 | F 053248 | FPS 0875 | D 61 | rR:mu sigma m M 0.00 0.00 0.00 0.00 | F:mu sigma m M 138.8 87.3 42.0 394.0 | H 1.099 | V 0.004 | pL 0.001 | vL 0.000 | delta 0.001
U 27 | F 055296 | FPS 0859 | D 63 | rR:mu sigma m M 0.05 0.21 0.00 0.87 | F:mu sigma m M 212.7 176.1 23.0 710.0 | H 1.090 | V 0.006 | pL -0.004 | vL 0.001 | delta 0.013
U 28 | F 057344 | FPS 0871 | D 65 | rR:mu sigma m M 0.00 0.00 0.00 0.00 | F:mu sigma m M 172.9 156.7 24.0 710.0 | H 1.091 | V 0.006 | pL 0.001 | vL 0.000 | delta 0.009
U 29 | F 059392 | FPS 0880 | D 68 | rR:mu sigma m M 0.06 0.22 0.00 0.90 | F:mu sigma m M 151.9 110.8 29.0 413.0 | H 1.097 | V 0.002 | pL -0.006 | vL 0.001 | delta 0.021
U 30 | F 061440 | FPS 0870 | D 70 | rR:mu sigma m M 0.00 0.00 0.00 0.00 | F:mu sigma m M 119.4 75.8 18.0 275.0 | H 1.098 | V 0.004 | pL 0.001 | vL 0.000 | delta 0.003
U 31 | F 063488 | FPS 0788 | D 73 | rR:mu sigma m M 0.00 0.00 0.00 0.00 | F:mu sigma m M 143.3 142.3 21.0 573.0 | H 1.098 | V 0.004 | pL 0.001 | vL 0.000 | delta 0.002
U 32 | F 065536 | FPS 0812 | D 75 | rR:mu sigma m M 0.00 0.00 0.00 0.00 | F:mu sigma m M 144.3 108.7 40.0 348.0 | H 1.098 | V 0.004 | pL 0.001 | vL 0.000 | delta 0.001
U 33 | F 067584 | FPS 0849 | D 78 | rR:mu sigma m M 0.00 0.00 0.00 0.00 | F:mu sigma m M 121.2 71.2 18.0 317.0 | H 1.098 | V 0.007 | pL -0.003 | vL 0.000 | delta 0.014
U 34 | F 069632 | FPS 0880 | D 80 | rR:mu sigma m M 0.00 0.00 0.00 0.00 | F:mu sigma m M 100.9 87.3 19.0 375.0 | H 1.095 | V 0.005 | pL 0.004 | vL 0.000 | delta 0.005
U 35 | F 071680 | FPS 0882 | D 82 | rR:mu sigma m M 0.00 0.00 0.00 0.00 | F:mu sigma m M 147.5 109.9 26.0 499.0 | H 1.098 | V 0.006 | pL 0.001 | vL 0.000 | delta 0.003
U 36 | F 073728 | FPS 0887 | D 85 | rR:mu sigma m M 0.00 0.00 0.00 0.00 | F:mu sigma m M 129.9 74.6 24.0 313.0 | H 1.098 | V 0.009 | pL 0.003 | vL 0.000 | delta 0.002
U 37 | F 075776 | FPS 0823 | D 87 | rR:mu sigma m M 0.05 0.21 0.00 0.88 | F:mu sigma m M 114.0 69.8 22.0 244.0 | H 1.096 | V 0.008 | pL -0.003 | vL 0.002 | delta 0.011
U 38 | F 077824 | FPS 0905 | D 89 | rR:mu sigma m M 0.00 0.00 0.00 0.00 | F:mu sigma m M 161.0 198.4 42.0 841.0 | H 1.097 | V 0.006 | pL 0.001 | vL 0.000 | delta 0.001
U 39 | F 079872 | FPS 0888 | D 92 | rR:mu sigma m M 0.00 0.00 0.00 0.00 | F:mu sigma m M 167.9 150.3 37.0 480.0 | H 1.098 | V 0.005 | pL 0.001 | vL 0.000 | delta 0.001
U 40 | F 081920 | FPS 0897 | D 94 | rR:mu sigma m M 0.00 0.00 0.00 0.00 | F:mu sigma m M 168.7 117.6 42.0 480.0 | H 1.098 | V 0.004 | pL 0.001 | vL 0.000 | delta 0.001
U 41 | F 083968 | FPS 0866 | D 96 | rR:mu sigma m M 0.00 0.00 0.00 0.00 | F:mu sigma m M 216.3 139.9 45.0 596.0 | H 1.098 | V 0.004 | pL 0.001 | vL 0.000 | delta 0.001
U 42 | F 086016 | FPS 0874 | D 99 | rR:mu sigma m M 0.05 0.19 0.00 0.78 | F:mu sigma m M 149.1 131.2 22.0 596.0 | H 1.097 | V 0.008 | pL -0.005 | vL 0.001 | delta 0.016
U 43 | F 088064 | FPS 0812 | D 101 | rR:mu sigma m M 0.00 0.00 0.00 0.00 | F:mu sigma m M 171.4 130.2 16.0 491.0 | H 1.098 | V 0.008 | pL 0.003 | vL 0.000 | delta 0.009
U 44 | F 090112 | FPS 0879 | D 103 | rR:mu sigma m M 0.00 0.00 0.00 0.00 | F:mu sigma m M 205.4 153.6 53.0 606.0 | H 1.098 | V 0.007 | pL 0.002 | vL 0.000 | delta 0.004
U 45 | F 092160 | FPS 0888 | D 106 | rR:mu sigma m M 0.00 0.00 0.00 0.00 | F:mu sigma m M 195.2 110.9 74.0 482.0 | H 1.098 | V 0.004 | pL 0.001 | vL 0.000 | delta 0.001
U 46 | F 094208 | FPS 0873 | D 108 | rR:mu sigma m M 0.00 0.00 0.00 0.00 | F:mu sigma m M 217.6 186.3 25.0 786.0 | H 1.098 | V 0.002 | pL 0.001 | vL 0.000 | delta 0.000
U 47 | F 096256 | FPS 0800 | D 111 | rR:mu sigma m M 0.00 0.00 0.00 0.00 | F:mu sigma m M 176.9 134.8 11.0 443.0 | H 1.098 | V 0.002 | pL 0.000 | vL 0.000 | delta 0.000
U 48 | F 098304 | FPS 0846 | D 113 | rR:mu sigma m M 0.00 0.00 0.00 0.00 | F:mu sigma m M 146.2 137.8 16.0 590.0 | H 1.098 | V 0.002 | pL 0.000 | vL 0.000 | delta 0.000
U 49 | F 100352 | FPS 0777 | D 116 | rR:mu sigma m M 0.00 0.00 0.00 0.00 | F:mu sigma m M 225.9 167.2 16.0 590.0 | H 1.098 | V 0.002 | pL 0.001 | vL 0.000 | delta 0.000
U 50 | F 102400 | FPS 0831 | D 118 | rR:mu sigma m M 0.00 0.00 0.00 0.00 | F:mu sigma m M 145.8 127.8 16.0 480.0 | H 1.099 | V 0.001 | pL 0.000 | vL 0.000 | delta 0.000
U 51 | F 104448 | FPS 0811 | D 121 | rR:mu sigma m M 0.00 0.00 0.00 0.00 | F:mu sigma m M 97.8 84.9 24.0 369.0 | H 1.099 | V 0.001 | pL 0.000 | vL 0.000 | delta 0.000
U 52 | F 106496 | FPS 0811 | D 123 | rR:mu sigma m M 0.00 0.00 0.00 0.00 | F:mu sigma m M 187.6 189.5 24.0 823.0 | H 1.098 | V 0.002 | pL 0.000 | vL 0.000 | delta 0.001
U 53 | F 108544 | FPS 0814 | D 126 | rR:mu sigma m M 0.04 0.18 0.00 0.75 | F:mu sigma m M 173.3 140.7 16.0 457.0 | H 1.096 | V 0.009 | pL -0.006 | vL 0.001 | delta 0.015
U 54 | F 110592 | FPS 0839 | D 128 | rR:mu sigma m M 0.05 0.19 0.00 0.80 | F:mu sigma m M 118.4 105.5 39.0 413.0 | H 1.097 | V 0.002 | pL -0.008 | vL 0.002 | delta 0.024
U 55 | F 112640 | FPS 0775 | D 131 | rR:mu sigma m M 0.09 0.24 0.00 0.80 | F:mu sigma m M 147.8 98.8 47.0 364.0 | H 1.092 | V 0.011 | pL -0.005 | vL 0.000 | delta 0.008
U 56 | F 114688 | FPS 0827 | D 133 | rR:mu sigma m M 0.04 0.16 0.00 0.67 | F:mu sigma m M 167.5 129.6 26.0 435.0 | H 1.096 | V 0.006 | pL -0.000 | vL 0.000 | delta 0.006
U 57 | F 116736 | FPS 0837 | D 136 | rR:mu sigma m M 0.05 0.21 0.00 0.85 | F:mu sigma m M 166.3 135.0 26.0 540.0 | H 1.095 | V 0.009 | pL -0.005 | vL 0.001 | delta 0.013
U 58 | F 118784 | FPS 0851 | D 138 | rR:mu sigma m M 0.00 0.00 0.00 0.00 | F:mu sigma m M 137.0 107.6 16.0 440.0 | H 1.098 | V -0.003 | pL -0.002 | vL 0.000 | delta 0.002
U 59 | F 120832 | FPS 0848 | D 141 | rR:mu sigma m M 0.00 0.00 0.00 0.00 | F:mu sigma m M 126.2 79.9 33.0 399.0 | H 1.092 | V 0.008 | pL -0.006 | vL 0.001 | delta 0.025
U 60 | F 122880 | FPS 0871 | D 143 | rR:mu sigma m M 0.00 0.00 0.00 0.00 | F:mu sigma m M 165.0 133.7 16.0 431.0 | H 1.088 | V 0.016 | pL 0.006 | vL 0.002 | delta 0.024
U 61 | F 124928 | FPS 0883 | D 145 | rR:mu sigma m M 0.04 0.16 0.00 0.68 | F:mu sigma m M 153.2 129.7 28.0 411.0 | H 1.092 | V 0.020 | pL -0.004 | vL 0.001 | delta 0.013
U 62 | F 126976 | FPS 0813 | D 148 | rR:mu sigma m M 0.00 0.00 0.00 0.00 | F:mu sigma m M 129.4 98.2 7.0 312.0 | H 1.091 | V 0.022 | pL 0.004 | vL 0.001 | delta 0.012
U 63 | F 129024 | FPS 0827 | D 150 | rR:mu sigma m M 0.00 0.00 0.00 0.00 | F:mu sigma m M 141.2 101.6 18.0 382.0 | H 1.092 | V 0.014 | pL 0.003 | vL 0.000 | delta 0.006
U 64 | F 131072 | FPS 0821 | D 153 | rR:mu sigma m M 0.05 0.20 0.00 0.83 | F:mu sigma m M 162.5 93.7 23.0 321.0 | H 1.083 | V 0.028 | pL -0.004 | vL 0.002 | delta 0.018
U 65 | F 133120 | FPS 0836 | D 155 | rR:mu sigma m M 0.06 0.19 0.00 0.80 | F:mu sigma m M 162.3 178.8 22.0 714.0 | H 1.091 | V 0.022 | pL -0.005 | vL 0.001 | delta 0.016
U 66 | F 135168 | FPS 0854 | D 158 | rR:mu sigma m M 0.00 0.00 0.00 0.00 | F:mu sigma m M 110.8 97.8 14.0 426.0 | H 1.088 | V 0.025 | pL -0.003 | vL 0.001 | delta 0.016
U 67 | F 137216 | FPS 0872 | D 160 | rR:mu sigma m M 0.08 0.22 0.00 0.76 | F:mu sigma m M 126.9 118.4 14.0 484.0 | H 1.071 | V 0.029 | pL -0.005 | vL 0.001 | delta 0.025
U 68 | F 139264 | FPS 0816 | D 162 | rR:mu sigma m M 0.07 0.19 0.00 0.64 | F:mu sigma m M 140.4 151.1 27.0 535.0 | H 1.081 | V 0.029 | pL -0.004 | vL 0.001 | delta 0.012
U 69 | F 141312 | FPS 0864 | D 165 | rR:mu sigma m M 0.04 0.15 0.00 0.64 | F:mu sigma m M 130.7 94.9 25.0 360.0 | H 1.092 | V 0.017 | pL -0.004 | vL 0.001 | delta 0.019
U 70 | F 143360 | FPS 0881 | D 167 | rR:mu sigma m M 0.05 0.20 0.00 0.83 | F:mu sigma m M 129.2 105.3 8.0 474.0 | H 1.085 | V 0.033 | pL -0.000 | vL 0.002 | delta 0.023
U 71 | F 145408 | FPS 0876 | D 170 | rR:mu sigma m M 0.00 0.00 0.00 0.00 | F:mu sigma m M 137.9 103.7 8.0 351.0 | H 1.093 | V 0.010 | pL 0.003 | vL 0.000 | delta 0.006
U 72 | F 147456 | FPS 0853 | D 172 | rR:mu sigma m M 0.00 0.00 0.00 0.00 | F:mu sigma m M 155.3 138.9 32.0 591.0 | H 1.096 | V 0.013 | pL 0.001 | vL 0.000 | delta 0.003
U 73 | F 149504 | FPS 0867 | D 174 | rR:mu sigma m M 0.05 0.21 0.00 0.85 | F:mu sigma m M 225.4 165.2 26.0 591.0 | H 1.089 | V 0.021 | pL -0.008 | vL 0.001 | delta 0.019
U 74 | F 151552 | FPS 0786 | D 177 | rR:mu sigma m M 0.04 0.15 0.00 0.62 | F:mu sigma m M 180.8 114.5 37.0 379.0 | H 1.094 | V 0.014 | pL 0.000 | vL 0.000 | delta 0.006
U 75 | F 153600 | FPS 0854 | D 179 | rR:mu sigma m M 0.00 0.00 0.00 0.00 | F:mu sigma m M 172.5 95.7 38.0 377.0 | H 1.092 | V 0.016 | pL 0.002 | vL 0.000 | delta 0.009
U 76 | F 155648 | FPS 0849 | D 182 | rR:mu sigma m M 0.05 0.20 0.00 0.81 | F:mu sigma m M 175.2 102.8 26.0 377.0 | H 1.093 | V 0.015 | pL -0.004 | vL 0.001 | delta 0.010
U 77 | F 157696 | FPS 0855 | D 184 | rR:mu sigma m M 0.05 0.21 0.00 0.88 | F:mu sigma m M 168.7 131.7 25.0 482.0 | H 1.085 | V 0.024 | pL -0.002 | vL 0.001 | delta 0.013
U 78 | F 159744 | FPS 0853 | D 187 | rR:mu sigma m M 0.05 0.21 0.00 0.88 | F:mu sigma m M 166.8 135.2 22.0 562.0 | H 1.076 | V 0.029 | pL 0.002 | vL 0.001 | delta 0.017
U 79 | F 161792 | FPS 0870 | D 189 | rR:mu sigma m M 0.00 0.00 0.00 0.00 | F:mu sigma m M 151.8 154.1 43.0 671.0 | H 1.089 | V 0.031 | pL 0.004 | vL 0.000 | delta 0.007
U 80 | F 163840 | FPS 0798 | D 191 | rR:mu sigma m M 0.04 0.16 0.00 0.68 | F:mu sigma m M 179.2 171.8 17.0 671.0 | H 1.092 | V 0.025 | pL 0.002 | vL 0.000 | delta 0.007
U 81 | F 165888 | FPS 0844 | D 194 | rR:mu sigma m M 0.13 0.29 0.00 0.84 | F:mu sigma m M 205.4 152.4 36.0 511.0 | H 1.088 | V 0.025 | pL -0.010 | vL 0.002 | delta 0.019
U 82 | F 167936 | FPS 0855 | D 196 | rR:mu sigma m M 0.06 0.22 0.00 0.90 | F:mu sigma m M 153.1 138.9 40.0 605.0 | H 1.089 | V 0.018 | pL -0.003 | vL 0.002 | delta 0.016
U 83 | F 169984 | FPS 0860 | D 199 | rR:mu sigma m M 0.09 0.27 0.00 0.93 | F:mu sigma m M 129.8 98.6 32.0 421.0 | H 1.055 | V 0.058 | pL -0.012 | vL 0.005 | delta 0.028
U 84 | F 172032 | FPS 0864 | D 201 | rR:mu sigma m M 0.05 0.20 0.00 0.84 | F:mu sigma m M 113.2 98.3 17.0 437.0 | H 1.064 | V 0.061 | pL 0.003 | vL 0.002 | delta 0.034
U 85 | F 174080 | FPS 0838 | D 203 | rR:mu sigma m M 0.31 0.42 0.00 0.94 | F:mu sigma m M 115.4 89.0 24.0 434.0 | H 1.051 | V 0.103 | pL -0.022 | vL 0.005 | delta 0.040
U 86 | F 176128 | FPS 0803 | D 206 | rR:mu sigma m M 0.33 0.40 0.00 0.92 | F:mu sigma m M 135.0 89.1 34.0 347.0 | H 0.978 | V 0.170 | pL -0.037 | vL 0.009 | delta 0.051
U 87 | F 178176 | FPS 0887 | D 208 | rR:mu sigma m M 0.43 0.46 0.00 0.95 | F:mu sigma m M 75.2 43.9 20.0 168.0 | H 0.909 | V 0.196 | pL -0.043 | vL 0.011 | delta 0.067
U 88 | F 180224 | FPS 0890 | D 211 | rR:mu sigma m M 0.57 0.43 0.00 0.97 | F:mu sigma m M 98.9 56.5 24.0 211.0 | H 0.756 | V 0.337 | pL -0.054 | vL 0.015 | delta 0.088
U 89 | F 182272 | FPS 0880 | D 213 | rR:mu sigma m M 0.82 0.30 0.00 0.96 | F:mu sigma m M 66.6 34.7 8.0 168.0 | H 0.651 | V 0.410 | pL -0.104 | vL 0.013 | delta 0.072
U 90 | F 184320 | FPS 0884 | D 215 | rR:mu sigma m M 0.83 0.30 0.00 0.97 | F:mu sigma m M 60.7 58.3 20.0 369.0 | H 0.542 | V 0.545 | pL -0.107 | vL 0.014 | delta 0.121
U 91 | F 186368 | FPS 0896 | D 218 | rR:mu sigma m M 0.91 0.20 0.00 0.97 | F:mu sigma m M 46.9 16.6 22.0 86.0 | H 0.496 | V 0.635 | pL -0.089 | vL 0.010 | delta 0.096
U 92 | F 188416 | FPS 0870 | D 220 | rR:mu sigma m M 0.94 0.13 0.00 0.97 | F:mu sigma m M 40.2 12.8 27.0 79.0 | H 0.440 | V 0.704 | pL -0.089 | vL 0.008 | delta 0.137
U 93 | F 190464 | FPS 0803 | D 222 | rR:mu sigma m M 0.95 0.12 0.00 0.98 | F:mu sigma m M 36.0 12.1 14.0 80.0 | H 0.350 | V 0.741 | pL -0.067 | vL 0.003 | delta 0.060
U 94 | F 192512 | FPS 0891 | D 225 | rR:mu sigma m M 0.97 0.01 0.95 0.98 | F:mu sigma m M 31.8 5.1 25.0 49.0 | H 0.316 | V 0.800 | pL -0.045 | vL 0.001 | delta 0.041
agent reach optimality, start collecting trajectories
agent successfully collected 10 trajectories
pickling optimal trajectories
Model successfully saved
