The following modules were not unloaded:
  (Use "module --force purge" to unload all):

  1) StdEnv/2018.3     4) gcccore/.7.3.0      7) intel/2018.3
  2) nixpkgs/16.09     5) icc/.2018.3.222     8) openmpi/3.1.2
  3) imkl/2018.3.222   6) ifort/.2018.3.222

Due to MODULEPATH changes, the following have been reloaded:
  1) openmpi/3.1.2

Attention: While Conda works well in a desktop environment, it tends to create more problems than it solves on a cluster. Instead, we recommend that users use virtual environments and the binary packages that we provide through Python wheels as documented on the Python page.
/home/rdali/RL/watch_and_learn/dependency/rl-starter-files/scripts/train_agent_multidem.py --env MiniGrid-LavaCrossingAddictO12S15-v0 --algo ppo --nameDemonstrator LavaCrossing1215Addict1,LavaCrossing1215Addict2,LavaCrossing1215Addict4,LavaCrossing1215Addict5,LavaCrossing1215Addict7,LavaCrossing1215Addict8,LavaCrossing1215Addict9,LavaCrossing1215Addict10 --flat-model 0 --useKL 0 --meanReward 0.80 --rewardLB 0.70 --seed 6249

Namespace(KLweight=0.0001, algo='ppo', batch_size=256, clip_eps=0.2, discount=0.99, entropy_coef=0.01, env='MiniGrid-LavaCrossingAddictO12S15-v0', epochs=4, flat_model=0, frames=10000000, frames_per_proc=None, full_obs=0, gae_lambda=0.95, log_interval=1, lr=0.0007, max_grad_norm=0.5, meanReward=0.8, mem=False, model=None, nameDemonstrator='LavaCrossing1215Addict1,LavaCrossing1215Addict2,LavaCrossing1215Addict4,LavaCrossing1215Addict5,LavaCrossing1215Addict7,LavaCrossing1215Addict8,LavaCrossing1215Addict9,LavaCrossing1215Addict10', optim_alpha=0.99, optim_eps=1e-05, procs=16, recurrence=1, rewardLB=0.7, save_interval=0, seed=6249, tb=False, text=False, useKL=0, value_loss_coef=0.5)

Flat model successfully created

ACModel(
  (image_conv): Sequential(
    (0): Conv2d(3, 32, kernel_size=(2, 2), stride=(1, 1))
    (1): ReLU()
    (2): MaxPool2d(kernel_size=(2, 2), stride=(2, 2), padding=0, dilation=1, ceil_mode=False)
    (3): Conv2d(32, 64, kernel_size=(2, 2), stride=(1, 1))
    (4): ReLU()
    (5): Conv2d(64, 64, kernel_size=(2, 2), stride=(1, 1))
    (6): ReLU()
  )
  (actor): Sequential(
    (0): Linear(in_features=1600, out_features=64, bias=True)
    (1): Tanh()
    (2): Linear(in_features=64, out_features=3, bias=True)
  )
  (critic): Sequential(
    (0): Linear(in_features=1600, out_features=64, bias=True)
    (1): Tanh()
    (2): Linear(in_features=64, out_features=1, bias=True)
  )
)

CUDA available: False

0
False
0.0001
Using TensorFlow backend.
OMP: Info #212: KMP_AFFINITY: decoding x2APIC ids.
OMP: Info #210: KMP_AFFINITY: Affinity capable, using global cpuid leaf 11 info
OMP: Info #154: KMP_AFFINITY: Initial OS proc set respected: 1,3,5,7,9
OMP: Info #156: KMP_AFFINITY: 5 available OS procs
OMP: Info #157: KMP_AFFINITY: Uniform topology
OMP: Info #179: KMP_AFFINITY: 1 packages x 5 cores/pkg x 1 threads/core (5 total cores)
OMP: Info #214: KMP_AFFINITY: OS proc to physical thread map:
OMP: Info #171: KMP_AFFINITY: OS proc 1 maps to package 1 core 0 
OMP: Info #171: KMP_AFFINITY: OS proc 5 maps to package 1 core 1 
OMP: Info #171: KMP_AFFINITY: OS proc 9 maps to package 1 core 2 
OMP: Info #171: KMP_AFFINITY: OS proc 7 maps to package 1 core 3 
OMP: Info #171: KMP_AFFINITY: OS proc 3 maps to package 1 core 4 
OMP: Info #250: KMP_AFFINITY: pid 152926 tid 152926 thread 0 bound to OS proc set 1
OMP: Info #250: KMP_AFFINITY: pid 152926 tid 153056 thread 1 bound to OS proc set 5
OMP: Info #250: KMP_AFFINITY: pid 152926 tid 153057 thread 2 bound to OS proc set 9
OMP: Info #250: KMP_AFFINITY: pid 152926 tid 153059 thread 4 bound to OS proc set 3
OMP: Info #250: KMP_AFFINITY: pid 152926 tid 153058 thread 3 bound to OS proc set 7
OMP: Info #250: KMP_AFFINITY: pid 152926 tid 153062 thread 5 bound to OS proc set 1
OMP: Info #250: KMP_AFFINITY: pid 152926 tid 153063 thread 6 bound to OS proc set 5
OMP: Info #250: KMP_AFFINITY: pid 152926 tid 153065 thread 8 bound to OS proc set 7
OMP: Info #250: KMP_AFFINITY: pid 152926 tid 153064 thread 7 bound to OS proc set 9
OMP: Info #250: KMP_AFFINITY: pid 152926 tid 153066 thread 9 bound to OS proc set 3
U 1 | F 002048 | FPS 0743 | D 2 | rR:mu sigma m M 0.00 0.00 0.00 0.00 | F:mu sigma m M 31.2 33.1 0.0 108.0 | H 1.097 | V -0.017 | pL -0.003 | vL 0.000 | delta 0.086
U 2 | F 004096 | FPS 0976 | D 4 | rR:mu sigma m M 0.00 0.00 0.00 0.00 | F:mu sigma m M 121.9 57.7 16.0 195.0 | H 1.097 | V -0.011 | pL -0.003 | vL 0.000 | delta 0.009
U 3 | F 006144 | FPS 0982 | D 7 | rR:mu sigma m M 0.00 0.00 0.00 0.00 | F:mu sigma m M 125.0 95.0 28.0 311.0 | H 1.097 | V -0.009 | pL -0.004 | vL 0.000 | delta 0.006
U 4 | F 008192 | FPS 0910 | D 9 | rR:mu sigma m M 0.00 0.00 0.00 0.00 | F:mu sigma m M 102.2 111.1 24.0 482.0 | H 1.098 | V -0.007 | pL -0.002 | vL 0.000 | delta 0.004
U 5 | F 010240 | FPS 0926 | D 11 | rR:mu sigma m M 0.04 0.17 0.00 0.71 | F:mu sigma m M 131.5 94.0 16.0 357.0 | H 1.095 | V 0.003 | pL -0.007 | vL 0.001 | delta 0.069
U 6 | F 012288 | FPS 0996 | D 13 | rR:mu sigma m M 0.00 0.00 0.00 0.00 | F:mu sigma m M 129.0 93.4 26.0 429.0 | H 1.098 | V -0.003 | pL -0.000 | vL 0.000 | delta 0.020
U 7 | F 014336 | FPS 1004 | D 15 | rR:mu sigma m M 0.00 0.00 0.00 0.00 | F:mu sigma m M 127.2 102.4 29.0 429.0 | H 1.098 | V -0.006 | pL -0.002 | vL 0.000 | delta 0.003
U 8 | F 016384 | FPS 0998 | D 17 | rR:mu sigma m M 0.00 0.00 0.00 0.00 | F:mu sigma m M 123.5 97.0 23.0 353.0 | H 1.098 | V -0.005 | pL -0.002 | vL 0.000 | delta 0.001
U 9 | F 018432 | FPS 0981 | D 19 | rR:mu sigma m M 0.00 0.00 0.00 0.00 | F:mu sigma m M 116.7 120.4 22.0 442.0 | H 1.098 | V -0.004 | pL -0.001 | vL 0.000 | delta 0.002
U 10 | F 020480 | FPS 0980 | D 21 | rR:mu sigma m M 0.00 0.00 0.00 0.00 | F:mu sigma m M 167.8 120.4 31.0 442.0 | H 1.094 | V 0.003 | pL -0.003 | vL 0.000 | delta 0.017
U 11 | F 022528 | FPS 0982 | D 23 | rR:mu sigma m M 0.00 0.00 0.00 0.00 | F:mu sigma m M 175.8 137.5 31.0 520.0 | H 1.098 | V 0.000 | pL 0.000 | vL 0.000 | delta 0.004
U 12 | F 024576 | FPS 0986 | D 25 | rR:mu sigma m M 0.00 0.00 0.00 0.00 | F:mu sigma m M 158.4 132.6 31.0 520.0 | H 1.098 | V 0.002 | pL 0.000 | vL 0.000 | delta 0.007
U 13 | F 026624 | FPS 0910 | D 28 | rR:mu sigma m M 0.00 0.00 0.00 0.00 | F:mu sigma m M 216.6 149.3 53.0 545.0 | H 1.098 | V 0.002 | pL -0.000 | vL 0.000 | delta 0.002
U 14 | F 028672 | FPS 0986 | D 30 | rR:mu sigma m M 0.04 0.16 0.00 0.66 | F:mu sigma m M 232.1 193.3 29.0 816.0 | H 1.094 | V 0.007 | pL -0.005 | vL 0.001 | delta 0.041
U 15 | F 030720 | FPS 0983 | D 32 | rR:mu sigma m M 0.00 0.00 0.00 0.00 | F:mu sigma m M 166.1 117.2 22.0 452.0 | H 1.098 | V 0.006 | pL 0.002 | vL 0.000 | delta 0.005
U 16 | F 032768 | FPS 0995 | D 34 | rR:mu sigma m M 0.00 0.00 0.00 0.00 | F:mu sigma m M 164.4 112.4 35.0 452.0 | H 1.099 | V 0.007 | pL 0.002 | vL 0.000 | delta 0.002
U 17 | F 034816 | FPS 0993 | D 36 | rR:mu sigma m M 0.00 0.00 0.00 0.00 | F:mu sigma m M 192.8 138.7 30.0 480.0 | H 1.098 | V 0.005 | pL 0.002 | vL 0.000 | delta 0.002
U 18 | F 036864 | FPS 0982 | D 38 | rR:mu sigma m M 0.00 0.00 0.00 0.00 | F:mu sigma m M 143.9 88.2 31.0 354.0 | H 1.099 | V 0.004 | pL 0.002 | vL 0.000 | delta 0.002
U 19 | F 038912 | FPS 0984 | D 40 | rR:mu sigma m M 0.00 0.00 0.00 0.00 | F:mu sigma m M 146.3 105.5 16.0 378.0 | H 1.099 | V 0.003 | pL 0.001 | vL 0.000 | delta 0.001
U 20 | F 040960 | FPS 0898 | D 42 | rR:mu sigma m M 0.00 0.00 0.00 0.00 | F:mu sigma m M 158.9 117.2 21.0 462.0 | H 1.099 | V 0.003 | pL 0.001 | vL 0.000 | delta 0.001
U 21 | F 043008 | FPS 0979 | D 45 | rR:mu sigma m M 0.00 0.00 0.00 0.00 | F:mu sigma m M 142.1 97.8 15.0 324.0 | H 1.099 | V 0.002 | pL 0.000 | vL 0.000 | delta 0.001
U 22 | F 045056 | FPS 0974 | D 47 | rR:mu sigma m M 0.00 0.00 0.00 0.00 | F:mu sigma m M 142.3 133.7 22.0 561.0 | H 1.099 | V 0.001 | pL 0.000 | vL 0.000 | delta 0.001
U 23 | F 047104 | FPS 0976 | D 49 | rR:mu sigma m M 0.00 0.00 0.00 0.00 | F:mu sigma m M 146.2 124.6 26.0 445.0 | H 1.098 | V 0.002 | pL 0.000 | vL 0.000 | delta 0.001
U 24 | F 049152 | FPS 0891 | D 51 | rR:mu sigma m M 0.05 0.19 0.00 0.78 | F:mu sigma m M 171.0 113.4 37.0 392.0 | H 1.096 | V 0.007 | pL -0.006 | vL 0.001 | delta 0.034
U 25 | F 051200 | FPS 0963 | D 53 | rR:mu sigma m M 0.00 0.00 0.00 0.00 | F:mu sigma m M 155.4 126.4 21.0 461.0 | H 1.098 | V 0.013 | pL 0.005 | vL 0.000 | delta 0.005
U 26 | F 053248 | FPS 0972 | D 55 | rR:mu sigma m M 0.00 0.00 0.00 0.00 | F:mu sigma m M 113.0 85.4 23.0 310.0 | H 1.098 | V 0.008 | pL 0.003 | vL 0.000 | delta 0.001
U 27 | F 055296 | FPS 0891 | D 58 | rR:mu sigma m M 0.00 0.00 0.00 0.00 | F:mu sigma m M 144.6 97.5 21.0 353.0 | H 1.099 | V 0.007 | pL 0.002 | vL 0.000 | delta 0.002
U 28 | F 057344 | FPS 0966 | D 60 | rR:mu sigma m M 0.00 0.00 0.00 0.00 | F:mu sigma m M 189.9 106.1 21.0 362.0 | H 1.098 | V 0.006 | pL 0.002 | vL 0.000 | delta 0.002
U 29 | F 059392 | FPS 0965 | D 62 | rR:mu sigma m M 0.00 0.00 0.00 0.00 | F:mu sigma m M 199.7 120.9 37.0 396.0 | H 1.098 | V 0.006 | pL 0.001 | vL 0.000 | delta 0.003
U 30 | F 061440 | FPS 0967 | D 64 | rR:mu sigma m M 0.00 0.00 0.00 0.00 | F:mu sigma m M 141.5 109.2 36.0 396.0 | H 1.098 | V 0.004 | pL 0.001 | vL 0.000 | delta 0.003
U 31 | F 063488 | FPS 0965 | D 66 | rR:mu sigma m M 0.05 0.18 0.00 0.76 | F:mu sigma m M 129.2 94.1 19.0 336.0 | H 1.098 | V 0.012 | pL -0.003 | vL 0.000 | delta 0.015
U 32 | F 065536 | FPS 0960 | D 68 | rR:mu sigma m M 0.05 0.18 0.00 0.76 | F:mu sigma m M 175.3 142.1 19.0 606.0 | H 1.099 | V 0.005 | pL 0.002 | vL 0.000 | delta 0.004
U 33 | F 067584 | FPS 0947 | D 70 | rR:mu sigma m M 0.00 0.00 0.00 0.00 | F:mu sigma m M 175.7 136.2 37.0 606.0 | H 1.099 | V 0.005 | pL 0.001 | vL 0.000 | delta 0.002
U 34 | F 069632 | FPS 0872 | D 73 | rR:mu sigma m M 0.00 0.00 0.00 0.00 | F:mu sigma m M 228.8 221.0 24.0 807.0 | H 1.098 | V 0.005 | pL 0.001 | vL 0.000 | delta 0.002
U 35 | F 071680 | FPS 0948 | D 75 | rR:mu sigma m M 0.00 0.00 0.00 0.00 | F:mu sigma m M 246.7 229.2 32.0 866.0 | H 1.098 | V 0.004 | pL 0.001 | vL 0.000 | delta 0.002
U 36 | F 073728 | FPS 0948 | D 77 | rR:mu sigma m M 0.00 0.00 0.00 0.00 | F:mu sigma m M 198.8 240.4 28.0 866.0 | H 1.099 | V 0.002 | pL 0.001 | vL 0.000 | delta 0.001
U 37 | F 075776 | FPS 0948 | D 79 | rR:mu sigma m M 0.00 0.00 0.00 0.00 | F:mu sigma m M 124.8 68.7 26.0 267.0 | H 1.099 | V 0.002 | pL 0.001 | vL 0.000 | delta 0.001
U 38 | F 077824 | FPS 0877 | D 82 | rR:mu sigma m M 0.00 0.00 0.00 0.00 | F:mu sigma m M 133.9 194.1 20.0 892.0 | H 1.099 | V 0.001 | pL 0.000 | vL 0.000 | delta 0.001
U 39 | F 079872 | FPS 0955 | D 84 | rR:mu sigma m M 0.00 0.00 0.00 0.00 | F:mu sigma m M 154.7 154.4 36.0 588.0 | H 1.099 | V 0.000 | pL 0.000 | vL 0.000 | delta 0.000
U 40 | F 081920 | FPS 0882 | D 86 | rR:mu sigma m M 0.00 0.00 0.00 0.00 | F:mu sigma m M 225.1 191.4 36.0 695.0 | H 1.098 | V 0.001 | pL 0.000 | vL 0.000 | delta 0.001
U 41 | F 083968 | FPS 0945 | D 88 | rR:mu sigma m M 0.06 0.17 0.00 0.59 | F:mu sigma m M 153.9 146.4 27.0 594.0 | H 1.095 | V 0.008 | pL -0.008 | vL 0.001 | delta 0.011
U 42 | F 086016 | FPS 0947 | D 90 | rR:mu sigma m M 0.00 0.00 0.00 0.00 | F:mu sigma m M 107.6 88.6 24.0 312.0 | H 1.099 | V -0.002 | pL -0.001 | vL 0.000 | delta 0.001
U 43 | F 088064 | FPS 0937 | D 93 | rR:mu sigma m M 0.00 0.00 0.00 0.00 | F:mu sigma m M 105.5 51.2 33.0 209.0 | H 1.098 | V -0.001 | pL -0.001 | vL 0.000 | delta 0.000
U 44 | F 090112 | FPS 0910 | D 95 | rR:mu sigma m M 0.00 0.00 0.00 0.00 | F:mu sigma m M 190.2 163.5 41.0 744.0 | H 1.098 | V 0.001 | pL 0.000 | vL 0.000 | delta 0.003
U 45 | F 092160 | FPS 0890 | D 97 | rR:mu sigma m M 0.00 0.00 0.00 0.00 | F:mu sigma m M 213.9 217.1 29.0 771.0 | H 1.099 | V 0.001 | pL 0.001 | vL 0.000 | delta 0.002
U 46 | F 094208 | FPS 0885 | D 99 | rR:mu sigma m M 0.00 0.00 0.00 0.00 | F:mu sigma m M 142.9 95.7 29.0 372.0 | H 1.099 | V 0.001 | pL 0.000 | vL 0.000 | delta 0.000
U 47 | F 096256 | FPS 0799 | D 102 | rR:mu sigma m M 0.00 0.00 0.00 0.00 | F:mu sigma m M 155.6 86.4 33.0 369.0 | H 1.099 | V 0.001 | pL 0.000 | vL 0.000 | delta 0.000
U 48 | F 098304 | FPS 0872 | D 104 | rR:mu sigma m M 0.00 0.00 0.00 0.00 | F:mu sigma m M 196.2 123.5 44.0 446.0 | H 1.099 | V 0.001 | pL 0.000 | vL 0.000 | delta 0.000
U 49 | F 100352 | FPS 0870 | D 107 | rR:mu sigma m M 0.00 0.00 0.00 0.00 | F:mu sigma m M 193.2 120.1 51.0 446.0 | H 1.099 | V 0.001 | pL 0.000 | vL 0.000 | delta 0.000
U 50 | F 102400 | FPS 0873 | D 109 | rR:mu sigma m M 0.00 0.00 0.00 0.00 | F:mu sigma m M 205.2 106.9 23.0 396.0 | H 1.099 | V 0.001 | pL 0.000 | vL 0.000 | delta 0.000
U 51 | F 104448 | FPS 0869 | D 111 | rR:mu sigma m M 0.00 0.00 0.00 0.00 | F:mu sigma m M 270.8 169.8 23.0 658.0 | H 1.099 | V 0.002 | pL -0.001 | vL 0.000 | delta 0.001
U 52 | F 106496 | FPS 0868 | D 114 | rR:mu sigma m M 0.03 0.10 0.00 0.41 | F:mu sigma m M 298.9 179.1 63.0 658.0 | H 1.097 | V 0.004 | pL -0.002 | vL 0.000 | delta 0.011
U 53 | F 108544 | FPS 0806 | D 116 | rR:mu sigma m M 0.03 0.10 0.00 0.41 | F:mu sigma m M 215.0 165.7 11.0 594.0 | H 1.099 | V 0.003 | pL 0.001 | vL 0.000 | delta 0.002
U 54 | F 110592 | FPS 0866 | D 119 | rR:mu sigma m M 0.00 0.00 0.00 0.00 | F:mu sigma m M 155.2 127.4 12.0 447.0 | H 1.098 | V 0.005 | pL 0.001 | vL 0.000 | delta 0.001
U 55 | F 112640 | FPS 0862 | D 121 | rR:mu sigma m M 0.00 0.00 0.00 0.00 | F:mu sigma m M 194.5 134.6 52.0 437.0 | H 1.098 | V 0.003 | pL 0.001 | vL 0.000 | delta 0.001
U 56 | F 114688 | FPS 0863 | D 123 | rR:mu sigma m M 0.00 0.00 0.00 0.00 | F:mu sigma m M 190.4 160.9 28.0 682.0 | H 1.099 | V 0.001 | pL 0.000 | vL 0.000 | delta 0.000
U 57 | F 116736 | FPS 0861 | D 126 | rR:mu sigma m M 0.00 0.00 0.00 0.00 | F:mu sigma m M 198.2 148.0 53.0 682.0 | H 1.099 | V 0.001 | pL 0.000 | vL 0.000 | delta 0.000
U 58 | F 118784 | FPS 0856 | D 128 | rR:mu sigma m M 0.00 0.00 0.00 0.00 | F:mu sigma m M 171.8 110.6 33.0 464.0 | H 1.099 | V 0.001 | pL 0.000 | vL 0.000 | delta 0.000
U 59 | F 120832 | FPS 0854 | D 131 | rR:mu sigma m M 0.00 0.00 0.00 0.00 | F:mu sigma m M 165.3 127.1 28.0 474.0 | H 1.099 | V 0.001 | pL 0.000 | vL 0.000 | delta 0.000
U 60 | F 122880 | FPS 0786 | D 133 | rR:mu sigma m M 0.00 0.00 0.00 0.00 | F:mu sigma m M 119.7 105.4 24.0 427.0 | H 1.098 | V 0.002 | pL 0.000 | vL 0.000 | delta 0.001
U 61 | F 124928 | FPS 0845 | D 136 | rR:mu sigma m M 0.04 0.16 0.00 0.68 | F:mu sigma m M 205.6 171.9 16.0 611.0 | H 1.095 | V 0.006 | pL -0.005 | vL 0.001 | delta 0.014
U 62 | F 126976 | FPS 0853 | D 138 | rR:mu sigma m M 0.00 0.00 0.00 0.00 | F:mu sigma m M 130.0 107.0 24.0 358.0 | H 1.099 | V 0.008 | pL 0.002 | vL 0.000 | delta 0.002
U 63 | F 129024 | FPS 0855 | D 140 | rR:mu sigma m M 0.00 0.00 0.00 0.00 | F:mu sigma m M 124.9 109.5 13.0 427.0 | H 1.098 | V 0.007 | pL 0.002 | vL 0.000 | delta 0.001
U 64 | F 131072 | FPS 0759 | D 143 | rR:mu sigma m M 0.00 0.00 0.00 0.00 | F:mu sigma m M 176.3 100.0 29.0 396.0 | H 1.098 | V 0.005 | pL 0.002 | vL 0.000 | delta 0.001
U 65 | F 133120 | FPS 0850 | D 145 | rR:mu sigma m M 0.00 0.00 0.00 0.00 | F:mu sigma m M 147.0 71.9 38.0 314.0 | H 1.099 | V 0.004 | pL 0.001 | vL 0.000 | delta 0.000
U 66 | F 135168 | FPS 0790 | D 148 | rR:mu sigma m M 0.00 0.00 0.00 0.00 | F:mu sigma m M 201.2 134.4 58.0 597.0 | H 1.099 | V 0.003 | pL 0.001 | vL 0.000 | delta 0.000
U 67 | F 137216 | FPS 0844 | D 151 | rR:mu sigma m M 0.00 0.00 0.00 0.00 | F:mu sigma m M 239.4 137.5 58.0 597.0 | H 1.099 | V 0.002 | pL 0.001 | vL 0.000 | delta 0.000
U 68 | F 139264 | FPS 0856 | D 153 | rR:mu sigma m M 0.00 0.00 0.00 0.00 | F:mu sigma m M 135.2 98.1 28.0 406.0 | H 1.099 | V 0.002 | pL 0.001 | vL 0.000 | delta 0.000
U 69 | F 141312 | FPS 0857 | D 155 | rR:mu sigma m M 0.00 0.00 0.00 0.00 | F:mu sigma m M 166.2 123.7 28.0 450.0 | H 1.099 | V 0.002 | pL 0.000 | vL 0.000 | delta 0.000
U 70 | F 143360 | FPS 0853 | D 158 | rR:mu sigma m M 0.00 0.00 0.00 0.00 | F:mu sigma m M 200.4 123.2 47.0 450.0 | H 1.099 | V 0.001 | pL 0.000 | vL 0.000 | delta 0.000
U 71 | F 145408 | FPS 0849 | D 160 | rR:mu sigma m M 0.00 0.00 0.00 0.00 | F:mu sigma m M 161.4 126.9 35.0 437.0 | H 1.099 | V 0.001 | pL 0.000 | vL 0.000 | delta 0.000
U 72 | F 147456 | FPS 0773 | D 163 | rR:mu sigma m M 0.03 0.10 0.00 0.41 | F:mu sigma m M 243.2 210.9 34.0 685.0 | H 1.091 | V 0.013 | pL -0.000 | vL 0.001 | delta 0.013
U 73 | F 149504 | FPS 0847 | D 165 | rR:mu sigma m M 0.03 0.10 0.00 0.41 | F:mu sigma m M 227.9 174.2 49.0 590.0 | H 1.098 | V 0.003 | pL 0.001 | vL 0.000 | delta 0.002
U 74 | F 151552 | FPS 0849 | D 168 | rR:mu sigma m M 0.00 0.00 0.00 0.00 | F:mu sigma m M 143.7 128.7 15.0 488.0 | H 1.099 | V 0.001 | pL 0.000 | vL 0.000 | delta 0.000
U 75 | F 153600 | FPS 0850 | D 170 | rR:mu sigma m M 0.00 0.00 0.00 0.00 | F:mu sigma m M 129.8 90.1 15.0 359.0 | H 1.099 | V 0.002 | pL 0.000 | vL 0.000 | delta 0.000
U 76 | F 155648 | FPS 0854 | D 172 | rR:mu sigma m M 0.00 0.00 0.00 0.00 | F:mu sigma m M 197.0 121.4 43.0 454.0 | H 1.098 | V 0.005 | pL -0.000 | vL 0.000 | delta 0.002
U 77 | F 157696 | FPS 0856 | D 175 | rR:mu sigma m M 0.00 0.00 0.00 0.00 | F:mu sigma m M 233.2 128.8 41.0 454.0 | H 1.099 | V 0.001 | pL 0.001 | vL 0.000 | delta 0.001
U 78 | F 159744 | FPS 0782 | D 177 | rR:mu sigma m M 0.00 0.00 0.00 0.00 | F:mu sigma m M 190.1 112.5 17.0 433.0 | H 1.099 | V -0.000 | pL -0.000 | vL 0.000 | delta 0.000
U 79 | F 161792 | FPS 0837 | D 180 | rR:mu sigma m M 0.00 0.00 0.00 0.00 | F:mu sigma m M 160.6 146.2 17.0 519.0 | H 1.099 | V -0.000 | pL -0.000 | vL 0.000 | delta 0.000
U 80 | F 163840 | FPS 0833 | D 182 | rR:mu sigma m M 0.00 0.00 0.00 0.00 | F:mu sigma m M 178.4 224.2 20.0 833.0 | H 1.099 | V -0.000 | pL -0.000 | vL 0.000 | delta 0.000
U 81 | F 165888 | FPS 0826 | D 185 | rR:mu sigma m M 0.00 0.00 0.00 0.00 | F:mu sigma m M 154.4 143.5 49.0 664.0 | H 1.099 | V -0.000 | pL -0.000 | vL 0.000 | delta 0.000
U 82 | F 167936 | FPS 0822 | D 187 | rR:mu sigma m M 0.00 0.00 0.00 0.00 | F:mu sigma m M 175.3 129.1 41.0 505.0 | H 1.099 | V -0.000 | pL 0.000 | vL 0.000 | delta 0.000
U 83 | F 169984 | FPS 0813 | D 190 | rR:mu sigma m M 0.00 0.00 0.00 0.00 | F:mu sigma m M 151.2 107.2 41.0 436.0 | H 1.099 | V 0.000 | pL -0.000 | vL 0.000 | delta 0.000
U 84 | F 172032 | FPS 0763 | D 192 | rR:mu sigma m M 0.00 0.00 0.00 0.00 | F:mu sigma m M 167.6 115.7 43.0 422.0 | H 1.099 | V 0.000 | pL 0.000 | vL 0.000 | delta 0.000
U 85 | F 174080 | FPS 0829 | D 195 | rR:mu sigma m M 0.00 0.00 0.00 0.00 | F:mu sigma m M 152.9 109.6 43.0 422.0 | H 1.099 | V 0.000 | pL 0.000 | vL 0.000 | delta 0.000
U 86 | F 176128 | FPS 0838 | D 197 | rR:mu sigma m M 0.00 0.00 0.00 0.00 | F:mu sigma m M 183.0 141.6 29.0 533.0 | H 1.099 | V 0.000 | pL 0.000 | vL 0.000 | delta 0.000
U 87 | F 178176 | FPS 0839 | D 200 | rR:mu sigma m M 0.00 0.00 0.00 0.00 | F:mu sigma m M 237.2 177.9 54.0 602.0 | H 1.099 | V 0.001 | pL -0.000 | vL 0.000 | delta 0.000
U 88 | F 180224 | FPS 0835 | D 202 | rR:mu sigma m M 0.00 0.00 0.00 0.00 | F:mu sigma m M 197.9 175.8 22.0 554.0 | H 1.099 | V 0.001 | pL 0.000 | vL 0.000 | delta 0.000
U 89 | F 182272 | FPS 0839 | D 205 | rR:mu sigma m M 0.00 0.00 0.00 0.00 | F:mu sigma m M 179.4 203.3 59.0 900.0 | H 1.099 | V 0.001 | pL 0.000 | vL 0.000 | delta 0.000
U 90 | F 184320 | FPS 0769 | D 207 | rR:mu sigma m M 0.00 0.00 0.00 0.00 | F:mu sigma m M 154.5 98.4 22.0 347.0 | H 1.099 | V 0.001 | pL 0.000 | vL 0.000 | delta 0.000
U 91 | F 186368 | FPS 0819 | D 210 | rR:mu sigma m M 0.00 0.00 0.00 0.00 | F:mu sigma m M 191.2 201.5 22.0 900.0 | H 1.099 | V 0.001 | pL 0.000 | vL 0.000 | delta 0.000
U 92 | F 188416 | FPS 0740 | D 213 | rR:mu sigma m M 0.00 0.00 0.00 0.00 | F:mu sigma m M 218.2 204.1 30.0 900.0 | H 1.099 | V 0.001 | pL 0.000 | vL 0.000 | delta 0.000
U 93 | F 190464 | FPS 0777 | D 215 | rR:mu sigma m M 0.00 0.00 0.00 0.00 | F:mu sigma m M 211.3 179.0 17.0 722.0 | H 1.099 | V 0.000 | pL 0.000 | vL 0.000 | delta 0.000
U 94 | F 192512 | FPS 0780 | D 218 | rR:mu sigma m M 0.03 0.14 0.00 0.64 | F:mu sigma m M 157.6 129.8 25.0 425.0 | H 1.095 | V 0.004 | pL -0.004 | vL 0.001 | delta 0.008
U 95 | F 194560 | FPS 0791 | D 221 | rR:mu sigma m M 0.00 0.00 0.00 0.00 | F:mu sigma m M 109.3 116.2 12.0 540.0 | H 1.098 | V -0.003 | pL -0.001 | vL 0.000 | delta 0.003
U 96 | F 196608 | FPS 0745 | D 223 | rR:mu sigma m M 0.04 0.17 0.00 0.70 | F:mu sigma m M 138.6 104.5 15.0 350.0 | H 1.096 | V 0.008 | pL -0.006 | vL 0.001 | delta 0.026
U 97 | F 198656 | FPS 0812 | D 226 | rR:mu sigma m M 0.00 0.00 0.00 0.00 | F:mu sigma m M 167.2 107.6 27.0 350.0 | H 1.098 | V -0.002 | pL -0.001 | vL 0.000 | delta 0.002
U 98 | F 200704 | FPS 0827 | D 228 | rR:mu sigma m M 0.00 0.00 0.00 0.00 | F:mu sigma m M 135.6 99.3 29.0 364.0 | H 1.097 | V 0.000 | pL -0.004 | vL 0.000 | delta 0.005
U 99 | F 202752 | FPS 0834 | D 231 | rR:mu sigma m M 0.00 0.00 0.00 0.00 | F:mu sigma m M 138.2 106.6 32.0 365.0 | H 1.094 | V 0.006 | pL 0.002 | vL 0.000 | delta 0.004
U 100 | F 204800 | FPS 0836 | D 233 | rR:mu sigma m M 0.00 0.00 0.00 0.00 | F:mu sigma m M 186.1 123.0 26.0 435.0 | H 1.098 | V 0.003 | pL 0.001 | vL 0.000 | delta 0.001
U 101 | F 206848 | FPS 0837 | D 236 | rR:mu sigma m M 0.00 0.00 0.00 0.00 | F:mu sigma m M 144.9 79.4 59.0 340.0 | H 1.099 | V 0.002 | pL 0.000 | vL 0.000 | delta 0.001
U 102 | F 208896 | FPS 0779 | D 238 | rR:mu sigma m M 0.00 0.00 0.00 0.00 | F:mu sigma m M 116.6 104.8 28.0 459.0 | H 1.099 | V 0.001 | pL -0.000 | vL 0.000 | delta 0.001
U 103 | F 210944 | FPS 0840 | D 241 | rR:mu sigma m M 0.00 0.00 0.00 0.00 | F:mu sigma m M 107.6 77.7 14.0 300.0 | H 1.098 | V 0.002 | pL 0.000 | vL 0.000 | delta 0.001
U 104 | F 212992 | FPS 0780 | D 243 | rR:mu sigma m M 0.00 0.00 0.00 0.00 | F:mu sigma m M 147.9 120.0 25.0 462.0 | H 1.099 | V 0.001 | pL 0.000 | vL 0.000 | delta 0.000
U 105 | F 215040 | FPS 0839 | D 246 | rR:mu sigma m M 0.00 0.00 0.00 0.00 | F:mu sigma m M 146.9 143.0 35.0 576.0 | H 1.099 | V 0.001 | pL 0.000 | vL 0.000 | delta 0.000
U 106 | F 217088 | FPS 0844 | D 248 | rR:mu sigma m M 0.00 0.00 0.00 0.00 | F:mu sigma m M 146.7 81.9 23.0 303.0 | H 1.099 | V 0.001 | pL 0.000 | vL 0.000 | delta 0.000
U 107 | F 219136 | FPS 0842 | D 251 | rR:mu sigma m M 0.00 0.00 0.00 0.00 | F:mu sigma m M 199.6 157.8 23.0 639.0 | H 1.099 | V 0.001 | pL 0.000 | vL 0.000 | delta 0.000
U 108 | F 221184 | FPS 0744 | D 253 | rR:mu sigma m M 0.00 0.00 0.00 0.00 | F:mu sigma m M 128.8 74.7 37.0 268.0 | H 1.099 | V 0.001 | pL 0.000 | vL 0.000 | delta 0.000
U 109 | F 223232 | FPS 0831 | D 256 | rR:mu sigma m M 0.00 0.00 0.00 0.00 | F:mu sigma m M 159.6 133.4 36.0 577.0 | H 1.099 | V 0.001 | pL 0.000 | vL 0.000 | delta 0.000
U 110 | F 225280 | FPS 0837 | D 258 | rR:mu sigma m M 0.00 0.00 0.00 0.00 | F:mu sigma m M 204.1 188.1 34.0 577.0 | H 1.099 | V 0.000 | pL 0.000 | vL 0.000 | delta 0.000
U 111 | F 227328 | FPS 0841 | D 261 | rR:mu sigma m M 0.09 0.23 0.00 0.81 | F:mu sigma m M 148.3 109.4 39.0 417.0 | H 1.093 | V 0.010 | pL -0.012 | vL 0.003 | delta 0.029
U 112 | F 229376 | FPS 0839 | D 263 | rR:mu sigma m M 0.00 0.00 0.00 0.00 | F:mu sigma m M 147.4 118.0 11.0 391.0 | H 1.097 | V 0.005 | pL 0.002 | vL 0.000 | delta 0.004
U 113 | F 231424 | FPS 0839 | D 266 | rR:mu sigma m M 0.00 0.00 0.00 0.00 | F:mu sigma m M 156.6 132.7 11.0 455.0 | H 1.098 | V 0.004 | pL 0.001 | vL 0.000 | delta 0.001
U 114 | F 233472 | FPS 0763 | D 268 | rR:mu sigma m M 0.00 0.00 0.00 0.00 | F:mu sigma m M 131.6 91.9 39.0 416.0 | H 1.098 | V 0.004 | pL 0.001 | vL 0.000 | delta 0.002
U 115 | F 235520 | FPS 0827 | D 271 | rR:mu sigma m M 0.00 0.00 0.00 0.00 | F:mu sigma m M 176.6 120.3 39.0 501.0 | H 1.099 | V 0.003 | pL 0.000 | vL 0.000 | delta 0.001
U 116 | F 237568 | FPS 0753 | D 273 | rR:mu sigma m M 0.00 0.00 0.00 0.00 | F:mu sigma m M 184.2 116.0 39.0 501.0 | H 1.097 | V 0.007 | pL 0.001 | vL 0.000 | delta 0.005
U 117 | F 239616 | FPS 0821 | D 276 | rR:mu sigma m M 0.00 0.00 0.00 0.00 | F:mu sigma m M 308.1 193.7 71.0 685.0 | H 1.097 | V 0.010 | pL -0.001 | vL 0.000 | delta 0.008
U 118 | F 241664 | FPS 0823 | D 278 | rR:mu sigma m M 0.03 0.10 0.00 0.43 | F:mu sigma m M 251.6 180.9 37.0 685.0 | H 1.098 | V 0.011 | pL 0.002 | vL 0.000 | delta 0.001
U 119 | F 243712 | FPS 0766 | D 281 | rR:mu sigma m M 0.00 0.00 0.00 0.00 | F:mu sigma m M 131.9 76.6 37.0 240.0 | H 1.098 | V 0.006 | pL 0.002 | vL 0.000 | delta 0.001
U 120 | F 245760 | FPS 0836 | D 284 | rR:mu sigma m M 0.00 0.00 0.00 0.00 | F:mu sigma m M 174.8 129.6 40.0 495.0 | H 1.098 | V 0.004 | pL 0.001 | vL 0.000 | delta 0.001
U 121 | F 247808 | FPS 0837 | D 286 | rR:mu sigma m M 0.00 0.00 0.00 0.00 | F:mu sigma m M 220.8 154.3 9.0 510.0 | H 1.099 | V 0.004 | pL 0.001 | vL 0.000 | delta 0.001
U 122 | F 249856 | FPS 0836 | D 288 | rR:mu sigma m M 0.00 0.00 0.00 0.00 | F:mu sigma m M 206.6 193.5 9.0 602.0 | H 1.098 | V 0.003 | pL 0.001 | vL 0.000 | delta 0.001
U 123 | F 251904 | FPS 0825 | D 291 | rR:mu sigma m M 0.03 0.11 0.00 0.45 | F:mu sigma m M 272.5 181.2 48.0 601.0 | H 1.095 | V 0.008 | pL -0.003 | vL 0.000 | delta 0.008
U 124 | F 253952 | FPS 0835 | D 293 | rR:mu sigma m M 0.03 0.11 0.00 0.45 | F:mu sigma m M 218.4 166.7 35.0 562.0 | H 1.098 | V 0.013 | pL 0.000 | vL 0.000 | delta 0.004
U 125 | F 256000 | FPS 0765 | D 296 | rR:mu sigma m M 0.04 0.15 0.00 0.61 | F:mu sigma m M 206.5 110.6 35.0 386.0 | H 1.097 | V 0.016 | pL -0.000 | vL 0.000 | delta 0.011
U 126 | F 258048 | FPS 0839 | D 299 | rR:mu sigma m M 0.00 0.00 0.00 0.00 | F:mu sigma m M 151.7 81.0 36.0 312.0 | H 1.098 | V 0.002 | pL -0.000 | vL 0.000 | delta 0.002
U 127 | F 260096 | FPS 0833 | D 301 | rR:mu sigma m M 0.00 0.00 0.00 0.00 | F:mu sigma m M 164.3 137.3 22.0 601.0 | H 1.098 | V 0.002 | pL 0.001 | vL 0.000 | delta 0.001
U 128 | F 262144 | FPS 0836 | D 303 | rR:mu sigma m M 0.00 0.00 0.00 0.00 | F:mu sigma m M 168.2 111.9 35.0 428.0 | H 1.098 | V 0.002 | pL 0.000 | vL 0.000 | delta 0.000
U 129 | F 264192 | FPS 0835 | D 306 | rR:mu sigma m M 0.05 0.19 0.00 0.78 | F:mu sigma m M 161.5 162.6 22.0 713.0 | H 1.097 | V 0.009 | pL -0.006 | vL 0.001 | delta 0.026
U 130 | F 266240 | FPS 0838 | D 308 | rR:mu sigma m M 0.06 0.23 0.00 0.94 | F:mu sigma m M 151.9 160.0 20.0 541.0 | H 1.089 | V 0.000 | pL -0.011 | vL 0.002 | delta 0.032
U 131 | F 268288 | FPS 0770 | D 311 | rR:mu sigma m M 0.06 0.23 0.00 0.94 | F:mu sigma m M 173.6 154.5 15.0 564.0 | H 1.097 | V -0.007 | pL -0.002 | vL 0.000 | delta 0.004
U 132 | F 270336 | FPS 0774 | D 314 | rR:mu sigma m M 0.00 0.00 0.00 0.00 | F:mu sigma m M 156.9 156.4 15.0 564.0 | H 1.098 | V -0.001 | pL -0.001 | vL 0.000 | delta 0.003
U 133 | F 272384 | FPS 0840 | D 316 | rR:mu sigma m M 0.04 0.14 0.00 0.56 | F:mu sigma m M 182.4 163.4 27.0 560.0 | H 1.095 | V 0.000 | pL -0.004 | vL 0.000 | delta 0.018
U 134 | F 274432 | FPS 0852 | D 319 | rR:mu sigma m M 0.00 0.00 0.00 0.00 | F:mu sigma m M 247.4 145.4 45.0 614.0 | H 1.094 | V 0.017 | pL -0.004 | vL 0.001 | delta 0.023
U 135 | F 276480 | FPS 0859 | D 321 | rR:mu sigma m M 0.00 0.00 0.00 0.00 | F:mu sigma m M 151.3 113.2 34.0 396.0 | H 1.096 | V 0.018 | pL 0.007 | vL 0.001 | delta 0.013
U 136 | F 278528 | FPS 0863 | D 323 | rR:mu sigma m M 0.00 0.00 0.00 0.00 | F:mu sigma m M 129.6 121.9 17.0 480.0 | H 1.097 | V 0.010 | pL 0.002 | vL 0.000 | delta 0.003
U 137 | F 280576 | FPS 0861 | D 326 | rR:mu sigma m M 0.00 0.00 0.00 0.00 | F:mu sigma m M 134.6 86.0 29.0 367.0 | H 1.097 | V 0.013 | pL 0.002 | vL 0.000 | delta 0.004
U 138 | F 282624 | FPS 0798 | D 328 | rR:mu sigma m M 0.05 0.21 0.00 0.88 | F:mu sigma m M 138.4 84.9 29.0 367.0 | H 1.095 | V 0.017 | pL -0.002 | vL 0.001 | delta 0.007
U 139 | F 284672 | FPS 0861 | D 331 | rR:mu sigma m M 0.09 0.25 0.00 0.88 | F:mu sigma m M 199.4 124.8 33.0 467.0 | H 1.094 | V 0.022 | pL 0.002 | vL 0.000 | delta 0.005
U 140 | F 286720 | FPS 0856 | D 333 | rR:mu sigma m M 0.00 0.00 0.00 0.00 | F:mu sigma m M 193.3 166.3 34.0 564.0 | H 1.096 | V 0.011 | pL 0.004 | vL 0.000 | delta 0.003
U 141 | F 288768 | FPS 0872 | D 335 | rR:mu sigma m M 0.00 0.00 0.00 0.00 | F:mu sigma m M 172.8 153.5 41.0 524.0 | H 1.098 | V 0.009 | pL 0.002 | vL 0.000 | delta 0.001
U 142 | F 290816 | FPS 0878 | D 338 | rR:mu sigma m M 0.00 0.00 0.00 0.00 | F:mu sigma m M 151.0 128.9 41.0 471.0 | H 1.098 | V 0.009 | pL 0.002 | vL 0.000 | delta 0.001
U 143 | F 292864 | FPS 0872 | D 340 | rR:mu sigma m M 0.00 0.00 0.00 0.00 | F:mu sigma m M 181.6 143.8 63.0 672.0 | H 1.098 | V 0.009 | pL 0.002 | vL 0.000 | delta 0.001
U 144 | F 294912 | FPS 0806 | D 343 | rR:mu sigma m M 0.00 0.00 0.00 0.00 | F:mu sigma m M 204.8 146.4 14.0 475.0 | H 1.098 | V 0.006 | pL 0.002 | vL 0.000 | delta 0.000
U 145 | F 296960 | FPS 0872 | D 345 | rR:mu sigma m M 0.05 0.18 0.00 0.74 | F:mu sigma m M 166.9 169.7 14.0 634.0 | H 1.096 | V 0.013 | pL -0.005 | vL 0.001 | delta 0.007
U 146 | F 299008 | FPS 0872 | D 347 | rR:mu sigma m M 0.00 0.00 0.00 0.00 | F:mu sigma m M 250.0 217.9 37.0 755.0 | H 1.098 | V 0.003 | pL 0.001 | vL 0.000 | delta 0.003
U 147 | F 301056 | FPS 0877 | D 350 | rR:mu sigma m M 0.00 0.00 0.00 0.00 | F:mu sigma m M 104.2 62.6 24.0 296.0 | H 1.098 | V 0.005 | pL 0.001 | vL 0.000 | delta 0.001
U 148 | F 303104 | FPS 0804 | D 352 | rR:mu sigma m M 0.00 0.00 0.00 0.00 | F:mu sigma m M 104.8 78.0 27.0 331.0 | H 1.098 | V 0.004 | pL 0.001 | vL 0.000 | delta 0.001
U 149 | F 305152 | FPS 0872 | D 354 | rR:mu sigma m M 0.00 0.00 0.00 0.00 | F:mu sigma m M 170.6 189.2 19.0 790.0 | H 1.096 | V 0.010 | pL -0.000 | vL 0.000 | delta 0.009
U 150 | F 307200 | FPS 0807 | D 357 | rR:mu sigma m M 0.00 0.00 0.00 0.00 | F:mu sigma m M 124.8 65.9 47.0 275.0 | H 1.098 | V 0.009 | pL 0.003 | vL 0.000 | delta 0.003
U 151 | F 309248 | FPS 0869 | D 359 | rR:mu sigma m M 0.00 0.00 0.00 0.00 | F:mu sigma m M 179.6 179.4 32.0 651.0 | H 1.098 | V 0.002 | pL 0.001 | vL 0.000 | delta 0.001
U 152 | F 311296 | FPS 0854 | D 362 | rR:mu sigma m M 0.00 0.00 0.00 0.00 | F:mu sigma m M 184.0 202.0 18.0 900.0 | H 1.099 | V 0.001 | pL 0.000 | vL 0.000 | delta 0.000
U 153 | F 313344 | FPS 0850 | D 364 | rR:mu sigma m M 0.00 0.00 0.00 0.00 | F:mu sigma m M 116.9 84.1 17.0 323.0 | H 1.099 | V 0.001 | pL 0.000 | vL 0.000 | delta 0.000
U 154 | F 315392 | FPS 0843 | D 367 | rR:mu sigma m M 0.05 0.19 0.00 0.79 | F:mu sigma m M 149.6 117.5 52.0 536.0 | H 1.093 | V 0.006 | pL -0.007 | vL 0.001 | delta 0.025
U 155 | F 317440 | FPS 0842 | D 369 | rR:mu sigma m M 0.04 0.16 0.00 0.67 | F:mu sigma m M 133.5 112.0 14.0 429.0 | H 1.093 | V 0.006 | pL -0.005 | vL 0.000 | delta 0.013
U 156 | F 319488 | FPS 0779 | D 372 | rR:mu sigma m M 0.00 0.00 0.00 0.00 | F:mu sigma m M 152.9 134.9 59.0 600.0 | H 1.097 | V 0.005 | pL 0.002 | vL 0.000 | delta 0.005
U 157 | F 321536 | FPS 0833 | D 374 | rR:mu sigma m M 0.00 0.00 0.00 0.00 | F:mu sigma m M 151.8 129.5 10.0 470.0 | H 1.098 | V 0.006 | pL 0.000 | vL 0.000 | delta 0.005
U 158 | F 323584 | FPS 0822 | D 377 | rR:mu sigma m M 0.00 0.00 0.00 0.00 | F:mu sigma m M 162.8 123.4 19.0 470.0 | H 1.096 | V 0.010 | pL 0.003 | vL 0.000 | delta 0.003
U 159 | F 325632 | FPS 0818 | D 379 | rR:mu sigma m M 0.00 0.00 0.00 0.00 | F:mu sigma m M 186.1 134.1 34.0 626.0 | H 1.098 | V 0.005 | pL 0.001 | vL 0.000 | delta 0.002
U 160 | F 327680 | FPS 0819 | D 382 | rR:mu sigma m M 0.00 0.00 0.00 0.00 | F:mu sigma m M 203.2 172.8 21.0 626.0 | H 1.098 | V 0.006 | pL 0.000 | vL 0.000 | delta 0.002
U 161 | F 329728 | FPS 0824 | D 384 | rR:mu sigma m M 0.05 0.19 0.00 0.77 | F:mu sigma m M 182.6 155.2 21.0 678.0 | H 1.096 | V 0.009 | pL -0.004 | vL 0.001 | delta 0.011
U 162 | F 331776 | FPS 0762 | D 387 | rR:mu sigma m M 0.00 0.00 0.00 0.00 | F:mu sigma m M 221.4 196.0 20.0 676.0 | H 1.098 | V 0.001 | pL -0.000 | vL 0.000 | delta 0.001
U 163 | F 333824 | FPS 0826 | D 389 | rR:mu sigma m M 0.00 0.00 0.00 0.00 | F:mu sigma m M 141.1 105.9 20.0 416.0 | H 1.098 | V 0.000 | pL 0.000 | vL 0.000 | delta 0.001
U 164 | F 335872 | FPS 0823 | D 392 | rR:mu sigma m M 0.00 0.00 0.00 0.00 | F:mu sigma m M 160.8 101.7 36.0 419.0 | H 1.094 | V 0.006 | pL 0.001 | vL 0.000 | delta 0.006
U 165 | F 337920 | FPS 0817 | D 394 | rR:mu sigma m M 0.00 0.00 0.00 0.00 | F:mu sigma m M 141.5 104.4 9.0 419.0 | H 1.097 | V 0.004 | pL -0.000 | vL 0.000 | delta 0.002
U 166 | F 339968 | FPS 0815 | D 397 | rR:mu sigma m M 0.00 0.00 0.00 0.00 | F:mu sigma m M 116.3 66.3 15.0 281.0 | H 1.098 | V 0.004 | pL 0.002 | vL 0.000 | delta 0.002
U 167 | F 342016 | FPS 0818 | D 399 | rR:mu sigma m M 0.00 0.00 0.00 0.00 | F:mu sigma m M 155.1 131.3 15.0 484.0 | H 1.099 | V 0.002 | pL 0.000 | vL 0.000 | delta 0.000
U 168 | F 344064 | FPS 0756 | D 402 | rR:mu sigma m M 0.00 0.00 0.00 0.00 | F:mu sigma m M 137.9 117.0 35.0 435.0 | H 1.098 | V 0.002 | pL 0.001 | vL 0.000 | delta 0.000
U 169 | F 346112 | FPS 0811 | D 405 | rR:mu sigma m M 0.00 0.00 0.00 0.00 | F:mu sigma m M 190.1 157.8 16.0 620.0 | H 1.098 | V 0.002 | pL 0.001 | vL 0.000 | delta 0.001
U 170 | F 348160 | FPS 0816 | D 407 | rR:mu sigma m M 0.00 0.00 0.00 0.00 | F:mu sigma m M 216.4 207.8 43.0 779.0 | H 1.098 | V 0.002 | pL 0.001 | vL 0.000 | delta 0.001
U 171 | F 350208 | FPS 0814 | D 410 | rR:mu sigma m M 0.00 0.00 0.00 0.00 | F:mu sigma m M 143.0 102.7 28.0 359.0 | H 1.098 | V 0.001 | pL 0.000 | vL 0.000 | delta 0.000
U 172 | F 352256 | FPS 0816 | D 412 | rR:mu sigma m M 0.00 0.00 0.00 0.00 | F:mu sigma m M 211.0 216.0 32.0 850.0 | H 1.098 | V 0.001 | pL 0.000 | vL 0.000 | delta 0.000
U 173 | F 354304 | FPS 0816 | D 415 | rR:mu sigma m M 0.00 0.00 0.00 0.00 | F:mu sigma m M 176.9 138.2 34.0 614.0 | H 1.099 | V 0.001 | pL 0.000 | vL 0.000 | delta 0.000
U 174 | F 356352 | FPS 0751 | D 417 | rR:mu sigma m M 0.00 0.00 0.00 0.00 | F:mu sigma m M 121.4 90.8 27.0 416.0 | H 1.098 | V 0.001 | pL 0.000 | vL 0.000 | delta 0.000
U 175 | F 358400 | FPS 0800 | D 420 | rR:mu sigma m M 0.00 0.00 0.00 0.00 | F:mu sigma m M 115.6 80.5 27.0 319.0 | H 1.098 | V 0.002 | pL -0.000 | vL 0.000 | delta 0.001
U 176 | F 360448 | FPS 0775 | D 423 | rR:mu sigma m M 0.00 0.00 0.00 0.00 | F:mu sigma m M 186.4 120.3 27.0 430.0 | H 1.098 | V 0.002 | pL 0.000 | vL 0.000 | delta 0.001
U 177 | F 362496 | FPS 0789 | D 425 | rR:mu sigma m M 0.00 0.00 0.00 0.00 | F:mu sigma m M 177.5 118.2 16.0 482.0 | H 1.099 | V 0.001 | pL 0.000 | vL 0.000 | delta 0.000
U 178 | F 364544 | FPS 0789 | D 428 | rR:mu sigma m M 0.00 0.00 0.00 0.00 | F:mu sigma m M 134.8 105.5 13.0 421.0 | H 1.099 | V 0.000 | pL 0.000 | vL 0.000 | delta 0.000
U 179 | F 366592 | FPS 0785 | D 430 | rR:mu sigma m M 0.00 0.00 0.00 0.00 | F:mu sigma m M 143.2 123.3 13.0 539.0 | H 1.099 | V 0.000 | pL 0.000 | vL 0.000 | delta 0.000
U 180 | F 368640 | FPS 0725 | D 433 | rR:mu sigma m M 0.00 0.00 0.00 0.00 | F:mu sigma m M 153.4 90.3 18.0 422.0 | H 1.099 | V 0.000 | pL 0.000 | vL 0.000 | delta 0.000
U 181 | F 370688 | FPS 0781 | D 436 | rR:mu sigma m M 0.00 0.00 0.00 0.00 | F:mu sigma m M 152.8 124.9 25.0 527.0 | H 1.099 | V 0.000 | pL -0.000 | vL 0.000 | delta 0.000
U 182 | F 372736 | FPS 0779 | D 438 | rR:mu sigma m M 0.00 0.00 0.00 0.00 | F:mu sigma m M 151.5 116.7 39.0 487.0 | H 1.099 | V 0.000 | pL 0.000 | vL 0.000 | delta 0.000
U 183 | F 374784 | FPS 0774 | D 441 | rR:mu sigma m M 0.00 0.00 0.00 0.00 | F:mu sigma m M 146.5 105.1 19.0 374.0 | H 1.099 | V 0.000 | pL 0.000 | vL 0.000 | delta 0.000
U 184 | F 376832 | FPS 0721 | D 444 | rR:mu sigma m M 0.04 0.16 0.00 0.66 | F:mu sigma m M 116.9 93.5 23.0 344.0 | H 1.097 | V 0.006 | pL -0.005 | vL 0.000 | delta 0.008
U 185 | F 378880 | FPS 0725 | D 447 | rR:mu sigma m M 0.04 0.16 0.00 0.66 | F:mu sigma m M 169.9 184.9 20.0 714.0 | H 1.099 | V 0.000 | pL 0.000 | vL 0.000 | delta 0.000
U 186 | F 380928 | FPS 0782 | D 449 | rR:mu sigma m M 0.00 0.00 0.00 0.00 | F:mu sigma m M 184.1 130.2 25.0 507.0 | H 1.098 | V 0.001 | pL -0.000 | vL 0.000 | delta 0.001
U 187 | F 382976 | FPS 0787 | D 452 | rR:mu sigma m M 0.00 0.00 0.00 0.00 | F:mu sigma m M 128.2 120.8 24.0 504.0 | H 1.098 | V 0.002 | pL 0.002 | vL 0.000 | delta 0.003
U 188 | F 385024 | FPS 0790 | D 455 | rR:mu sigma m M 0.00 0.00 0.00 0.00 | F:mu sigma m M 121.1 97.3 23.0 357.0 | H 1.099 | V 0.000 | pL 0.000 | vL 0.000 | delta 0.000
U 189 | F 387072 | FPS 0795 | D 457 | rR:mu sigma m M 0.04 0.16 0.00 0.65 | F:mu sigma m M 161.4 105.9 29.0 357.0 | H 1.092 | V 0.004 | pL -0.005 | vL 0.001 | delta 0.014
U 190 | F 389120 | FPS 0800 | D 460 | rR:mu sigma m M 0.00 0.00 0.00 0.00 | F:mu sigma m M 172.8 118.9 34.0 442.0 | H 1.098 | V 0.007 | pL 0.002 | vL 0.000 | delta 0.003
U 191 | F 391168 | FPS 0743 | D 462 | rR:mu sigma m M 0.00 0.00 0.00 0.00 | F:mu sigma m M 141.4 114.2 17.0 468.0 | H 1.099 | V 0.007 | pL 0.001 | vL 0.000 | delta 0.001
U 192 | F 393216 | FPS 0803 | D 465 | rR:mu sigma m M 0.00 0.00 0.00 0.00 | F:mu sigma m M 182.6 169.6 24.0 685.0 | H 1.098 | V 0.008 | pL 0.002 | vL 0.000 | delta 0.002
U 193 | F 395264 | FPS 0800 | D 468 | rR:mu sigma m M 0.00 0.00 0.00 0.00 | F:mu sigma m M 210.8 161.4 24.0 685.0 | H 1.096 | V 0.009 | pL 0.003 | vL 0.000 | delta 0.002
U 194 | F 397312 | FPS 0802 | D 470 | rR:mu sigma m M 0.00 0.00 0.00 0.00 | F:mu sigma m M 194.1 122.9 34.0 421.0 | H 1.098 | V 0.007 | pL 0.001 | vL 0.000 | delta 0.001
U 195 | F 399360 | FPS 0802 | D 473 | rR:mu sigma m M 0.05 0.18 0.00 0.74 | F:mu sigma m M 169.0 125.3 31.0 421.0 | H 1.092 | V 0.018 | pL -0.005 | vL 0.002 | delta 0.010
U 196 | F 401408 | FPS 0815 | D 475 | rR:mu sigma m M 0.08 0.22 0.00 0.74 | F:mu sigma m M 166.0 101.6 31.0 402.0 | H 1.095 | V 0.008 | pL -0.006 | vL 0.001 | delta 0.018
U 197 | F 403456 | FPS 0752 | D 478 | rR:mu sigma m M 0.00 0.00 0.00 0.00 | F:mu sigma m M 141.6 139.7 31.0 604.0 | H 1.098 | V 0.012 | pL 0.003 | vL 0.000 | delta 0.005
U 198 | F 405504 | FPS 0764 | D 481 | rR:mu sigma m M 0.04 0.16 0.00 0.65 | F:mu sigma m M 201.4 163.8 49.0 604.0 | H 1.087 | V 0.049 | pL -0.006 | vL 0.001 | delta 0.021
U 199 | F 407552 | FPS 0827 | D 483 | rR:mu sigma m M 0.03 0.12 0.00 0.49 | F:mu sigma m M 228.2 183.6 29.0 730.0 | H 1.095 | V 0.041 | pL 0.012 | vL 0.001 | delta 0.012
U 200 | F 409600 | FPS 0833 | D 486 | rR:mu sigma m M 0.00 0.00 0.00 0.00 | F:mu sigma m M 125.3 102.8 19.0 389.0 | H 1.092 | V 0.026 | pL 0.009 | vL 0.000 | delta 0.006
U 201 | F 411648 | FPS 0834 | D 488 | rR:mu sigma m M 0.00 0.00 0.00 0.00 | F:mu sigma m M 148.6 107.0 24.0 389.0 | H 1.098 | V 0.016 | pL 0.003 | vL 0.000 | delta 0.002
U 202 | F 413696 | FPS 0831 | D 490 | rR:mu sigma m M 0.00 0.00 0.00 0.00 | F:mu sigma m M 136.6 73.2 24.0 300.0 | H 1.098 | V 0.014 | pL 0.004 | vL 0.000 | delta 0.002
U 203 | F 415744 | FPS 0770 | D 493 | rR:mu sigma m M 0.00 0.00 0.00 0.00 | F:mu sigma m M 151.9 112.1 24.0 380.0 | H 1.097 | V 0.014 | pL 0.003 | vL 0.000 | delta 0.002
U 204 | F 417792 | FPS 0830 | D 496 | rR:mu sigma m M 0.00 0.00 0.00 0.00 | F:mu sigma m M 182.0 145.6 31.0 501.0 | H 1.098 | V 0.009 | pL 0.003 | vL 0.000 | delta 0.001
U 205 | F 419840 | FPS 0834 | D 498 | rR:mu sigma m M 0.00 0.00 0.00 0.00 | F:mu sigma m M 188.8 127.4 20.0 535.0 | H 1.098 | V 0.008 | pL 0.002 | vL 0.000 | delta 0.001
U 206 | F 421888 | FPS 0839 | D 500 | rR:mu sigma m M 0.00 0.00 0.00 0.00 | F:mu sigma m M 201.4 136.1 20.0 535.0 | H 1.098 | V 0.007 | pL 0.002 | vL 0.000 | delta 0.001
U 207 | F 423936 | FPS 0832 | D 503 | rR:mu sigma m M 0.00 0.00 0.00 0.00 | F:mu sigma m M 128.0 89.2 16.0 386.0 | H 1.098 | V 0.005 | pL 0.002 | vL 0.000 | delta 0.000
U 208 | F 425984 | FPS 0832 | D 505 | rR:mu sigma m M 0.00 0.00 0.00 0.00 | F:mu sigma m M 137.7 101.8 24.0 419.0 | H 1.098 | V 0.004 | pL 0.001 | vL 0.000 | delta 0.001
U 209 | F 428032 | FPS 0767 | D 508 | rR:mu sigma m M 0.00 0.00 0.00 0.00 | F:mu sigma m M 166.9 102.6 45.0 419.0 | H 1.098 | V 0.004 | pL 0.001 | vL 0.000 | delta 0.001
U 210 | F 430080 | FPS 0829 | D 511 | rR:mu sigma m M 0.06 0.22 0.00 0.89 | F:mu sigma m M 123.0 68.0 15.0 320.0 | H 1.096 | V 0.008 | pL -0.007 | vL 0.002 | delta 0.007
U 211 | F 432128 | FPS 0779 | D 513 | rR:mu sigma m M 0.00 0.00 0.00 0.00 | F:mu sigma m M 134.6 111.7 32.0 399.0 | H 1.097 | V 0.011 | pL 0.002 | vL 0.000 | delta 0.007
U 212 | F 434176 | FPS 0838 | D 516 | rR:mu sigma m M 0.00 0.00 0.00 0.00 | F:mu sigma m M 176.0 163.2 40.0 632.0 | H 1.098 | V 0.009 | pL 0.002 | vL 0.000 | delta 0.004
U 213 | F 436224 | FPS 0839 | D 518 | rR:mu sigma m M 0.05 0.19 0.00 0.77 | F:mu sigma m M 221.9 124.9 61.0 524.0 | H 1.093 | V 0.015 | pL -0.004 | vL 0.001 | delta 0.011
U 214 | F 438272 | FPS 0842 | D 520 | rR:mu sigma m M 0.00 0.00 0.00 0.00 | F:mu sigma m M 169.6 113.6 40.0 457.0 | H 1.097 | V 0.010 | pL 0.002 | vL 0.000 | delta 0.002
U 215 | F 440320 | FPS 0783 | D 523 | rR:mu sigma m M 0.05 0.20 0.00 0.83 | F:mu sigma m M 199.2 129.5 34.0 476.0 | H 1.094 | V 0.015 | pL -0.004 | vL 0.001 | delta 0.016
U 216 | F 442368 | FPS 0840 | D 526 | rR:mu sigma m M 0.09 0.25 0.00 0.83 | F:mu sigma m M 224.5 135.5 34.0 476.0 | H 1.090 | V 0.023 | pL -0.002 | vL 0.001 | delta 0.011
U 217 | F 444416 | FPS 0840 | D 528 | rR:mu sigma m M 0.04 0.16 0.00 0.65 | F:mu sigma m M 211.3 106.2 49.0 379.0 | H 1.096 | V 0.014 | pL 0.003 | vL 0.000 | delta 0.006
U 218 | F 446464 | FPS 0835 | D 530 | rR:mu sigma m M 0.04 0.17 0.00 0.74 | F:mu sigma m M 147.3 113.2 30.0 379.0 | H 1.094 | V 0.011 | pL -0.002 | vL 0.001 | delta 0.008
U 219 | F 448512 | FPS 0831 | D 533 | rR:mu sigma m M 0.05 0.20 0.00 0.84 | F:mu sigma m M 105.2 62.2 22.0 236.0 | H 1.096 | V 0.011 | pL -0.005 | vL 0.001 | delta 0.010
U 220 | F 450560 | FPS 0832 | D 535 | rR:mu sigma m M 0.00 0.00 0.00 0.00 | F:mu sigma m M 170.8 158.7 22.0 630.0 | H 1.097 | V 0.005 | pL 0.001 | vL 0.000 | delta 0.002
U 221 | F 452608 | FPS 0764 | D 538 | rR:mu sigma m M 0.05 0.18 0.00 0.75 | F:mu sigma m M 124.7 79.6 20.0 278.0 | H 1.092 | V 0.014 | pL -0.004 | vL 0.002 | delta 0.013
U 222 | F 454656 | FPS 0831 | D 541 | rR:mu sigma m M 0.04 0.14 0.00 0.58 | F:mu sigma m M 168.8 137.5 55.0 468.0 | H 1.093 | V 0.013 | pL 0.003 | vL 0.000 | delta 0.007
U 223 | F 456704 | FPS 0836 | D 543 | rR:mu sigma m M 0.00 0.00 0.00 0.00 | F:mu sigma m M 151.5 113.8 26.0 468.0 | H 1.097 | V 0.012 | pL 0.003 | vL 0.000 | delta 0.003
U 224 | F 458752 | FPS 0836 | D 545 | rR:mu sigma m M 0.00 0.00 0.00 0.00 | F:mu sigma m M 137.8 112.3 51.0 528.0 | H 1.098 | V 0.008 | pL 0.002 | vL 0.000 | delta 0.001
U 225 | F 460800 | FPS 0833 | D 548 | rR:mu sigma m M 0.00 0.00 0.00 0.00 | F:mu sigma m M 134.5 71.0 44.0 324.0 | H 1.098 | V 0.007 | pL 0.002 | vL 0.000 | delta 0.001
U 226 | F 462848 | FPS 0836 | D 550 | rR:mu sigma m M 0.00 0.00 0.00 0.00 | F:mu sigma m M 191.4 161.9 44.0 739.0 | H 1.092 | V 0.013 | pL -0.004 | vL 0.001 | delta 0.008
U 227 | F 464896 | FPS 0772 | D 553 | rR:mu sigma m M 0.08 0.19 0.00 0.67 | F:mu sigma m M 191.3 180.2 27.0 584.0 | H 1.094 | V 0.016 | pL -0.000 | vL 0.000 | delta 0.009
U 228 | F 466944 | FPS 0831 | D 555 | rR:mu sigma m M 0.00 0.00 0.00 0.00 | F:mu sigma m M 152.7 159.9 25.0 589.0 | H 1.091 | V 0.015 | pL 0.002 | vL 0.000 | delta 0.007
U 229 | F 468992 | FPS 0806 | D 558 | rR:mu sigma m M 0.00 0.00 0.00 0.00 | F:mu sigma m M 135.6 136.3 21.0 479.0 | H 1.095 | V 0.013 | pL 0.003 | vL 0.000 | delta 0.004
U 230 | F 471040 | FPS 0828 | D 560 | rR:mu sigma m M 0.02 0.09 0.00 0.38 | F:mu sigma m M 173.7 148.4 21.0 623.0 | H 1.091 | V 0.013 | pL 0.001 | vL 0.000 | delta 0.008
U 231 | F 473088 | FPS 0837 | D 563 | rR:mu sigma m M 0.00 0.00 0.00 0.00 | F:mu sigma m M 170.8 127.4 31.0 557.0 | H 1.095 | V 0.012 | pL 0.002 | vL 0.000 | delta 0.003
U 232 | F 475136 | FPS 0823 | D 565 | rR:mu sigma m M 0.00 0.00 0.00 0.00 | F:mu sigma m M 135.8 87.0 18.0 313.0 | H 1.096 | V 0.011 | pL 0.004 | vL 0.000 | delta 0.003
U 233 | F 477184 | FPS 0766 | D 568 | rR:mu sigma m M 0.03 0.11 0.00 0.45 | F:mu sigma m M 160.1 167.7 26.0 594.0 | H 1.090 | V 0.011 | pL -0.002 | vL 0.000 | delta 0.007
U 234 | F 479232 | FPS 0824 | D 571 | rR:mu sigma m M 0.00 0.00 0.00 0.00 | F:mu sigma m M 172.8 147.5 25.0 594.0 | H 1.097 | V 0.000 | pL 0.000 | vL 0.000 | delta 0.002
U 235 | F 481280 | FPS 0811 | D 573 | rR:mu sigma m M 0.00 0.00 0.00 0.00 | F:mu sigma m M 134.6 85.6 25.0 304.0 | H 1.098 | V 0.001 | pL 0.000 | vL 0.000 | delta 0.001
U 236 | F 483328 | FPS 0804 | D 576 | rR:mu sigma m M 0.06 0.21 0.00 0.89 | F:mu sigma m M 153.5 91.4 25.0 380.0 | H 1.083 | V 0.014 | pL -0.006 | vL 0.001 | delta 0.025
U 237 | F 485376 | FPS 0818 | D 578 | rR:mu sigma m M 0.06 0.21 0.00 0.89 | F:mu sigma m M 188.9 101.2 25.0 380.0 | H 1.097 | V 0.014 | pL 0.001 | vL 0.000 | delta 0.008
U 238 | F 487424 | FPS 0816 | D 581 | rR:mu sigma m M 0.00 0.00 0.00 0.00 | F:mu sigma m M 161.8 151.3 16.0 661.0 | H 1.098 | V 0.005 | pL 0.001 | vL 0.000 | delta 0.004
U 239 | F 489472 | FPS 0765 | D 583 | rR:mu sigma m M 0.10 0.26 0.00 0.80 | F:mu sigma m M 148.1 169.9 33.0 775.0 | H 1.072 | V 0.032 | pL -0.013 | vL 0.003 | delta 0.023
U 240 | F 491520 | FPS 0820 | D 586 | rR:mu sigma m M 0.15 0.32 0.00 0.91 | F:mu sigma m M 163.4 158.6 22.0 633.0 | H 1.086 | V 0.017 | pL -0.005 | vL 0.002 | delta 0.014
U 241 | F 493568 | FPS 0822 | D 588 | rR:mu sigma m M 0.09 0.24 0.00 0.77 | F:mu sigma m M 191.2 118.6 32.0 516.0 | H 1.076 | V 0.024 | pL -0.006 | vL 0.001 | delta 0.022
U 242 | F 495616 | FPS 0833 | D 591 | rR:mu sigma m M 0.39 0.41 0.00 0.93 | F:mu sigma m M 151.7 129.3 22.0 564.0 | H 1.021 | V 0.107 | pL -0.033 | vL 0.007 | delta 0.037
U 243 | F 497664 | FPS 0842 | D 593 | rR:mu sigma m M 0.30 0.39 0.00 0.93 | F:mu sigma m M 165.6 100.0 53.0 380.0 | H 1.015 | V 0.110 | pL -0.012 | vL 0.005 | delta 0.034
U 244 | F 499712 | FPS 0864 | D 596 | rR:mu sigma m M 0.57 0.40 0.00 0.93 | F:mu sigma m M 129.4 72.2 24.0 316.0 | H 0.924 | V 0.173 | pL -0.039 | vL 0.007 | delta 0.045
U 245 | F 501760 | FPS 0808 | D 598 | rR:mu sigma m M 0.29 0.42 0.00 0.93 | F:mu sigma m M 101.4 61.6 9.0 256.0 | H 0.934 | V 0.153 | pL -0.026 | vL 0.011 | delta 0.065
U 246 | F 503808 | FPS 0919 | D 600 | rR:mu sigma m M 0.65 0.39 0.00 0.94 | F:mu sigma m M 113.7 89.6 21.0 406.0 | H 0.928 | V 0.220 | pL -0.045 | vL 0.008 | delta 0.049
U 247 | F 505856 | FPS 0921 | D 603 | rR:mu sigma m M 0.50 0.43 0.00 0.95 | F:mu sigma m M 105.7 84.0 7.0 388.0 | H 0.830 | V 0.289 | pL -0.042 | vL 0.008 | delta 0.064
U 248 | F 507904 | FPS 0924 | D 605 | rR:mu sigma m M 0.52 0.43 0.00 0.93 | F:mu sigma m M 109.2 52.5 16.0 216.0 | H 0.826 | V 0.311 | pL -0.013 | vL 0.007 | delta 0.078
U 249 | F 509952 | FPS 0923 | D 607 | rR:mu sigma m M 0.78 0.31 0.00 0.96 | F:mu sigma m M 90.3 42.9 21.0 182.0 | H 0.718 | V 0.446 | pL -0.060 | vL 0.008 | delta 0.066
U 250 | F 512000 | FPS 0924 | D 609 | rR:mu sigma m M 0.77 0.34 0.00 0.97 | F:mu sigma m M 68.9 32.5 10.0 151.0 | H 0.592 | V 0.566 | pL -0.034 | vL 0.012 | delta 0.081
U 251 | F 514048 | FPS 0864 | D 612 | rR:mu sigma m M 0.86 0.25 0.00 0.97 | F:mu sigma m M 65.4 25.9 18.0 131.0 | H 0.577 | V 0.590 | pL -0.018 | vL 0.008 | delta 0.076
U 252 | F 516096 | FPS 0931 | D 614 | rR:mu sigma m M 0.94 0.02 0.88 0.97 | F:mu sigma m M 57.1 18.8 29.0 116.0 | H 0.514 | V 0.629 | pL -0.042 | vL 0.005 | delta 0.079
agent reach optimality, start collecting trajectories
agent successfully collected 10 trajectories
pickling optimal trajectories
Model successfully saved
